#
# A fatal error has been detected by the Java Runtime Environment:
#
#  EXCEPTION_ACCESS_VIOLATION (0xc0000005) at pc=0x00007ff980284110, pid=6484, tid=7636
#
# JRE version: Java(TM) SE Runtime Environment (8.0_25-b18) (build 1.8.0_25-b18)
# Java VM: Java HotSpot(TM) 64-Bit Server VM (25.25-b02 mixed mode windows-amd64 compressed oops)
# Problematic frame:
# C  [KinectPV2.dll+0x4110]
#
# Failed to write core dump. Minidumps are not enabled by default on client versions of Windows
#
# If you would like to submit a bug report, please visit:
#   http://bugreport.sun.com/bugreport/crash.jsp
# The crash happened outside the Java Virtual Machine in native code.
# See problematic frame for where to report the bug.
#

---------------  T H R E A D  ---------------

Current thread (0x0000000019e05800):  JavaThread "Animation Thread" [_thread_in_native, id=7636, stack(0x000000001ce80000,0x000000001cf80000)]

siginfo: ExceptionCode=0xc0000005, reading address 0xffffffffffffffff

Registers:
RAX=0x0000000000000001, RBX=0x000000002eb8b040, RCX=0xffffffffffffffff, RDX=0x0000000000000000
RSP=0x000000001cf7e7c0, RBP=0x0000000000000006, RSI=0x0000000000000000, RDI=0x000000001fa8bc48
R8 =0x000000001cf7e488, R9 =0x0000000000008000, R10=0x0000000000000000, R11=0x000000001cf7e6c0
R12=0x0000000000000000, R13=0x000000002025e1a8, R14=0x0000000000000000, R15=0x0000000019e05800
RIP=0x00007ff980284110, EFLAGS=0x0000000000010286

Top of Stack: (sp=0x000000001cf7e7c0)
0x000000001cf7e7c0:   000000001fa8bc18 000000001fa8e098
0x000000001cf7e7d0:   000000001fa8bc18 0000000000000000
0x000000001cf7e7e0:   000000001cf7e8b0 00007ff980281fba
0x000000001cf7e7f0:   000000001cf7e8b0 000000001cf7e890
0x000000001cf7e800:   0000000019e059e8 0000000019dc5c00
0x000000001cf7e810:   00000000a3b04100 0000000002e45b74
0x000000001cf7e820:   000000002025e1a8 0000000000000021
0x000000001cf7e830:   0000000000000021 0000000019e05800
0x000000001cf7e840:   000000001cf7e908 0000000002e458a2
0x000000001cf7e850:   000000001cf7e850 000000002025e1a8
0x000000001cf7e860:   000000001cf7e8b0 000000002025f138
0x000000001cf7e870:   0000000000000000 000000002025e1a8
0x000000001cf7e880:   0000000000000000 000000001cf7e8b0
0x000000001cf7e890:   000000001cf7e8f8 0000000002e37a2d
0x000000001cf7e8a0:   0000000000000000 0000000002e3f6b8
0x000000001cf7e8b0:   00000000a3843f78 000000001cf7e8b8 

Instructions: (pc=0x00007ff980284110)
0x00007ff9802840f0:   89 77 d0 48 8b 0f 48 85 c9 74 09 48 8b 01 ff 50
0x00007ff980284100:   10 4c 89 37 48 8b 8f 90 00 00 00 48 85 c9 74 0d
0x00007ff980284110:   48 8b 01 ff 50 10 4c 89 b7 90 00 00 00 48 8b 4f
0x00007ff980284120:   30 48 85 c9 74 0a 48 8b 01 ff 50 10 4c 89 77 30 


Register to memory mapping:

RAX=0x0000000000000001 is an unknown value
RBX=0x000000002eb8b040 is an unknown value
RCX=0xffffffffffffffff is an unknown value
RDX=0x0000000000000000 is an unknown value
RSP=0x000000001cf7e7c0 is pointing into the stack for thread: 0x0000000019e05800
RBP=0x0000000000000006 is an unknown value
RSI=0x0000000000000000 is an unknown value
RDI=0x000000001fa8bc48 is an unknown value
R8 =0x000000001cf7e488 is pointing into the stack for thread: 0x0000000019e05800
R9 =0x0000000000008000 is an unknown value
R10=0x0000000000000000 is an unknown value
R11=0x000000001cf7e6c0 is pointing into the stack for thread: 0x0000000019e05800
R12=0x0000000000000000 is an unknown value
R13={method} {0x000000002025e1b0} 'jniStopDevice' '()V' in 'KinectPV2/Device'
R14=0x0000000000000000 is an unknown value
R15=0x0000000019e05800 is a thread


Stack: [0x000000001ce80000,0x000000001cf80000],  sp=0x000000001cf7e7c0,  free space=1017k
Native frames: (J=compiled Java code, j=interpreted, Vv=VM code, C=native code)
C  [KinectPV2.dll+0x4110]
C  [KinectPV2.dll+0x1fba]
C  0x0000000002e45b74

Java frames: (J=compiled Java code, j=interpreted, Vv=VM code)
j  KinectPV2.Device.jniStopDevice()V+0
j  KinectPV2.Device.stopDevice()V+41
j  KinectPV2.KinectPV2.dispose()V+14
v  ~StubRoutines::call_stub
j  sun.reflect.NativeMethodAccessorImpl.invoke0(Ljava/lang/reflect/Method;Ljava/lang/Object;[Ljava/lang/Object;)Ljava/lang/Object;+0
j  sun.reflect.NativeMethodAccessorImpl.invoke(Ljava/lang/Object;[Ljava/lang/Object;)Ljava/lang/Object;+100
j  sun.reflect.DelegatingMethodAccessorImpl.invoke(Ljava/lang/Object;[Ljava/lang/Object;)Ljava/lang/Object;+6
j  java.lang.reflect.Method.invoke(Ljava/lang/Object;[Ljava/lang/Object;)Ljava/lang/Object;+56
j  processing.core.PApplet$RegisteredMethods.handle([Ljava/lang/Object;)V+18
j  processing.core.PApplet$RegisteredMethods.handle()V+5
j  processing.core.PApplet.handleMethods(Ljava/lang/String;)V+17
j  processing.core.PApplet.dispose()V+35
j  processing.core.PApplet.run()V+283
j  java.lang.Thread.run()V+11
v  ~StubRoutines::call_stub

---------------  P R O C E S S  ---------------

Java Threads: ( => current thread )
  0x000000001a0e2000 JavaThread "Animation Thread-SharedResourceRunner" daemon [_thread_blocked, id=4324, stack(0x000000001f150000,0x000000001f250000)]
  0x0000000002c2e800 JavaThread "DestroyJavaVM" [_thread_blocked, id=7196, stack(0x0000000002c30000,0x0000000002d30000)]
  0x0000000019dfe000 JavaThread "D3D Screen Updater" daemon [_thread_blocked, id=1168, stack(0x000000001d180000,0x000000001d280000)]
=>0x0000000019e05800 JavaThread "Animation Thread" [_thread_in_native, id=7636, stack(0x000000001ce80000,0x000000001cf80000)]
  0x0000000019dce800 JavaThread "Image Fetcher 0" daemon [_thread_blocked, id=7292, stack(0x000000001cd80000,0x000000001ce80000)]
  0x0000000019d69800 JavaThread "AWT-EventQueue-0" [_thread_blocked, id=2968, stack(0x000000001cc80000,0x000000001cd80000)]
  0x0000000019d34000 JavaThread "AWT-Windows" daemon [_thread_in_native, id=936, stack(0x000000001a640000,0x000000001a740000)]
  0x0000000019d33800 JavaThread "AWT-Shutdown" [_thread_blocked, id=4552, stack(0x000000001a540000,0x000000001a640000)]
  0x0000000019d30800 JavaThread "Java2D Disposer" daemon [_thread_blocked, id=6384, stack(0x000000001a440000,0x000000001a540000)]
  0x0000000018c20000 JavaThread "Service Thread" daemon [_thread_blocked, id=4652, stack(0x0000000019560000,0x0000000019660000)]
  0x0000000018ba2800 JavaThread "C1 CompilerThread3" daemon [_thread_blocked, id=5236, stack(0x0000000019460000,0x0000000019560000)]
  0x0000000018b99800 JavaThread "C2 CompilerThread2" daemon [_thread_blocked, id=8876, stack(0x0000000019360000,0x0000000019460000)]
  0x0000000018b8d000 JavaThread "C2 CompilerThread1" daemon [_thread_blocked, id=8240, stack(0x0000000019260000,0x0000000019360000)]
  0x0000000018b8b000 JavaThread "C2 CompilerThread0" daemon [_thread_blocked, id=7036, stack(0x0000000019160000,0x0000000019260000)]
  0x0000000018b88800 JavaThread "Attach Listener" daemon [_thread_blocked, id=7924, stack(0x0000000019060000,0x0000000019160000)]
  0x0000000018b87800 JavaThread "Signal Dispatcher" daemon [_thread_blocked, id=124, stack(0x0000000018f60000,0x0000000019060000)]
  0x0000000002e2a800 JavaThread "Finalizer" daemon [_thread_blocked, id=6232, stack(0x0000000018a60000,0x0000000018b60000)]
  0x0000000002e21000 JavaThread "Reference Handler" daemon [_thread_blocked, id=7748, stack(0x0000000018960000,0x0000000018a60000)]

Other Threads:
  0x0000000016b79000 VMThread [stack: 0x0000000018860000,0x0000000018960000] [id=4332]
  0x0000000018c22000 WatcherThread [stack: 0x0000000019660000,0x0000000019760000] [id=832]

VM state:not at safepoint (normal execution)

VM Mutex/Monitor currently owned by a thread: None

Heap:
 PSYoungGen      total 284672K, used 82507K [0x00000000e0400000, 0x00000000f7e80000, 0x0000000100000000)
  eden space 225792K, 32% used [0x00000000e0400000,0x00000000e4badcd8,0x00000000ee080000)
  from space 58880K, 15% used [0x00000000ee080000,0x00000000ee965020,0x00000000f1a00000)
  to   space 57344K, 0% used [0x00000000f4680000,0x00000000f4680000,0x00000000f7e80000)
 ParOldGen       total 224256K, used 145889K [0x00000000a0c00000, 0x00000000ae700000, 0x00000000e0400000)
  object space 224256K, 65% used [0x00000000a0c00000,0x00000000a9a786c0,0x00000000ae700000)
 Metaspace       used 17547K, capacity 17761K, committed 18048K, reserved 1064960K
  class space    used 1735K, capacity 1793K, committed 1920K, reserved 1048576K

Card table byte_map: [0x00000000121f0000,0x00000000124f0000] byte_map_base: 0x0000000011cea000

Marking Bits: (ParMarkBitMap*) 0x00000000772bd490
 Begin Bits: [0x0000000012ef0000, 0x00000000146c0000)
 End Bits:   [0x00000000146c0000, 0x0000000015e90000)

Polling page: 0x0000000001390000

CodeCache: size=245760Kb used=6625Kb max_used=6634Kb free=239134Kb
 bounds [0x0000000002e30000, 0x00000000034c0000, 0x0000000011e30000]
 total_blobs=2515 nmethods=1644 adapters=785
 compilation: enabled

Compilation events (10 events):
Event: 4.890 Thread 0x0000000018b8d000 1658       4       processing.opengl.PGraphicsOpenGL$Tessellator::setStrokeCap (6 bytes)
Event: 4.890 Thread 0x0000000018b99800 nmethod 1657 0x00000000034ae810 code [0x00000000034ae940, 0x00000000034ae998]
Event: 4.890 Thread 0x0000000018b8d000 nmethod 1658 0x00000000034ae610 code [0x00000000034ae740, 0x00000000034ae798]
Event: 4.890 Thread 0x0000000018b8b000 nmethod 1656 0x00000000034ae3d0 code [0x00000000034ae500, 0x00000000034ae5b8]
Event: 4.905 Thread 0x0000000018ba2800 1659       3       java.security.AccessControlContext::calculateFields (89 bytes)
Event: 4.905 Thread 0x0000000018ba2800 nmethod 1659 0x00000000034add50 code [0x00000000034adee0, 0x00000000034ae298]
Event: 4.905 Thread 0x0000000018ba2800 1660       3       java.nio.DirectByteBuffer::getInt (15 bytes)
Event: 4.906 Thread 0x0000000018ba2800 nmethod 1660 0x00000000034ad610 code [0x00000000034ad7a0, 0x00000000034adb98]
Event: 4.906 Thread 0x0000000018ba2800 1661       3       java.nio.DirectByteBuffer::getInt (39 bytes)
Event: 4.906 Thread 0x0000000018ba2800 nmethod 1661 0x00000000034abfd0 code [0x00000000034ac140, 0x00000000034ac3f0]

GC Heap History (10 events):
Event: 3.638 GC heap before
{Heap before GC invocations=12 (full 2):
 PSYoungGen      total 193536K, used 163789K [0x00000000e0400000, 0x00000000f2a80000, 0x0000000100000000)
  eden space 134656K, 94% used [0x00000000e0400000,0x00000000e80ea9f8,0x00000000e8780000)
  from space 58880K, 60% used [0x00000000e8780000,0x00000000eaa88ca8,0x00000000ec100000)
  to   space 58880K, 0% used [0x00000000ef100000,0x00000000ef100000,0x00000000f2a80000)
 ParOldGen       total 148992K, used 111409K [0x00000000a0c00000, 0x00000000a9d80000, 0x00000000e0400000)
  object space 148992K, 74% used [0x00000000a0c00000,0x00000000a78cc7f8,0x00000000a9d80000)
 Metaspace       used 17385K, capacity 17569K, committed 17792K, reserved 1064960K
  class space    used 1723K, capacity 1793K, committed 1920K, reserved 1048576K
Event: 3.657 GC heap after
Heap after GC invocations=12 (full 2):
 PSYoungGen      total 240640K, used 160K [0x00000000e0400000, 0x00000000f2c80000, 0x0000000100000000)
  eden space 181760K, 0% used [0x00000000e0400000,0x00000000e0400000,0x00000000eb580000)
  from space 58880K, 0% used [0x00000000ef100000,0x00000000ef128000,0x00000000f2a80000)
  to   space 60928K, 0% used [0x00000000eb580000,0x00000000eb580000,0x00000000ef100000)
 ParOldGen       total 148992K, used 147284K [0x00000000a0c00000, 0x00000000a9d80000, 0x00000000e0400000)
  object space 148992K, 98% used [0x00000000a0c00000,0x00000000a9bd51b0,0x00000000a9d80000)
 Metaspace       used 17385K, capacity 17569K, committed 17792K, reserved 1064960K
  class space    used 1723K, capacity 1793K, committed 1920K, reserved 1048576K
}
Event: 3.657 GC heap before
{Heap before GC invocations=13 (full 3):
 PSYoungGen      total 240640K, used 160K [0x00000000e0400000, 0x00000000f2c80000, 0x0000000100000000)
  eden space 181760K, 0% used [0x00000000e0400000,0x00000000e0400000,0x00000000eb580000)
  from space 58880K, 0% used [0x00000000ef100000,0x00000000ef128000,0x00000000f2a80000)
  to   space 60928K, 0% used [0x00000000eb580000,0x00000000eb580000,0x00000000ef100000)
 ParOldGen       total 148992K, used 147284K [0x00000000a0c00000, 0x00000000a9d80000, 0x00000000e0400000)
  object space 148992K, 98% used [0x00000000a0c00000,0x00000000a9bd51b0,0x00000000a9d80000)
 Metaspace       used 17385K, capacity 17569K, committed 17792K, reserved 1064960K
  class space    used 1723K, capacity 1793K, committed 1920K, reserved 1048576K
Event: 3.964 GC heap after
Heap after GC invocations=13 (full 3):
 PSYoungGen      total 240640K, used 0K [0x00000000e0400000, 0x00000000f2c80000, 0x0000000100000000)
  eden space 181760K, 0% used [0x00000000e0400000,0x00000000e0400000,0x00000000eb580000)
  from space 58880K, 0% used [0x00000000ef100000,0x00000000ef100000,0x00000000f2a80000)
  to   space 60928K, 0% used [0x00000000eb580000,0x00000000eb580000,0x00000000ef100000)
 ParOldGen       total 224256K, used 145865K [0x00000000a0c00000, 0x00000000ae700000, 0x00000000e0400000)
  object space 224256K, 65% used [0x00000000a0c00000,0x00000000a9a726c0,0x00000000ae700000)
 Metaspace       used 17385K, capacity 17569K, committed 17792K, reserved 1064960K
  class space    used 1723K, capacity 1793K, committed 1920K, reserved 1048576K
}
Event: 4.226 GC heap before
{Heap before GC invocations=14 (full 3):
 PSYoungGen      total 240640K, used 181760K [0x00000000e0400000, 0x00000000f2c80000, 0x0000000100000000)
  eden space 181760K, 100% used [0x00000000e0400000,0x00000000eb580000,0x00000000eb580000)
  from space 58880K, 0% used [0x00000000ef100000,0x00000000ef100000,0x00000000f2a80000)
  to   space 60928K, 0% used [0x00000000eb580000,0x00000000eb580000,0x00000000ef100000)
 ParOldGen       total 224256K, used 145865K [0x00000000a0c00000, 0x00000000ae700000, 0x00000000e0400000)
  object space 224256K, 65% used [0x00000000a0c00000,0x00000000a9a726c0,0x00000000ae700000)
 Metaspace       used 17460K, capacity 17697K, committed 18048K, reserved 1064960K
  class space    used 1723K, capacity 1793K, committed 1920K, reserved 1048576K
Event: 4.231 GC heap after
Heap after GC invocations=14 (full 3):
 PSYoungGen      total 242688K, used 9172K [0x00000000e0400000, 0x00000000f5b80000, 0x0000000100000000)
  eden space 181760K, 0% used [0x00000000e0400000,0x00000000e0400000,0x00000000eb580000)
  from space 60928K, 15% used [0x00000000eb580000,0x00000000ebe75020,0x00000000ef100000)
  to   space 59904K, 0% used [0x00000000f2100000,0x00000000f2100000,0x00000000f5b80000)
 ParOldGen       total 224256K, used 145873K [0x00000000a0c00000, 0x00000000ae700000, 0x00000000e0400000)
  object space 224256K, 65% used [0x00000000a0c00000,0x00000000a9a746c0,0x00000000ae700000)
 Metaspace       used 17460K, capacity 17697K, committed 18048K, reserved 1064960K
  class space    used 1723K, capacity 1793K, committed 1920K, reserved 1048576K
}
Event: 4.491 GC heap before
{Heap before GC invocations=15 (full 3):
 PSYoungGen      total 242688K, used 190932K [0x00000000e0400000, 0x00000000f5b80000, 0x0000000100000000)
  eden space 181760K, 100% used [0x00000000e0400000,0x00000000eb580000,0x00000000eb580000)
  from space 60928K, 15% used [0x00000000eb580000,0x00000000ebe75020,0x00000000ef100000)
  to   space 59904K, 0% used [0x00000000f2100000,0x00000000f2100000,0x00000000f5b80000)
 ParOldGen       total 224256K, used 145873K [0x00000000a0c00000, 0x00000000ae700000, 0x00000000e0400000)
  object space 224256K, 65% used [0x00000000a0c00000,0x00000000a9a746c0,0x00000000ae700000)
 Metaspace       used 17478K, capacity 17697K, committed 18048K, reserved 1064960K
  class space    used 1723K, capacity 1793K, committed 1920K, reserved 1048576K
Event: 4.496 GC heap after
Heap after GC invocations=15 (full 3):
 PSYoungGen      total 277504K, used 9076K [0x00000000e0400000, 0x00000000f5380000, 0x0000000100000000)
  eden space 225792K, 0% used [0x00000000e0400000,0x00000000e0400000,0x00000000ee080000)
  from space 51712K, 17% used [0x00000000f2100000,0x00000000f29dd020,0x00000000f5380000)
  to   space 58880K, 0% used [0x00000000ee080000,0x00000000ee080000,0x00000000f1a00000)
 ParOldGen       total 224256K, used 145881K [0x00000000a0c00000, 0x00000000ae700000, 0x00000000e0400000)
  object space 224256K, 65% used [0x00000000a0c00000,0x00000000a9a766c0,0x00000000ae700000)
 Metaspace       used 17478K, capacity 17697K, committed 18048K, reserved 1064960K
  class space    used 1723K, capacity 1793K, committed 1920K, reserved 1048576K
}
Event: 4.823 GC heap before
{Heap before GC invocations=16 (full 3):
 PSYoungGen      total 277504K, used 234868K [0x00000000e0400000, 0x00000000f5380000, 0x0000000100000000)
  eden space 225792K, 100% used [0x00000000e0400000,0x00000000ee080000,0x00000000ee080000)
  from space 51712K, 17% used [0x00000000f2100000,0x00000000f29dd020,0x00000000f5380000)
  to   space 58880K, 0% used [0x00000000ee080000,0x00000000ee080000,0x00000000f1a00000)
 ParOldGen       total 224256K, used 145881K [0x00000000a0c00000, 0x00000000ae700000, 0x00000000e0400000)
  object space 224256K, 65% used [0x00000000a0c00000,0x00000000a9a766c0,0x00000000ae700000)
 Metaspace       used 17507K, capacity 17761K, committed 18048K, reserved 1064960K
  class space    used 1723K, capacity 1793K, committed 1920K, reserved 1048576K
Event: 4.826 GC heap after
Heap after GC invocations=16 (full 3):
 PSYoungGen      total 284672K, used 9108K [0x00000000e0400000, 0x00000000f7e80000, 0x0000000100000000)
  eden space 225792K, 0% used [0x00000000e0400000,0x00000000e0400000,0x00000000ee080000)
  from space 58880K, 15% used [0x00000000ee080000,0x00000000ee965020,0x00000000f1a00000)
  to   space 57344K, 0% used [0x00000000f4680000,0x00000000f4680000,0x00000000f7e80000)
 ParOldGen       total 224256K, used 145889K [0x00000000a0c00000, 0x00000000ae700000, 0x00000000e0400000)
  object space 224256K, 65% used [0x00000000a0c00000,0x00000000a9a786c0,0x00000000ae700000)
 Metaspace       used 17507K, capacity 17761K, committed 18048K, reserved 1064960K
  class space    used 1723K, capacity 1793K, committed 1920K, reserved 1048576K
}

Deoptimization events (10 events):
Event: 2.636 Thread 0x0000000019d69800 Uncommon trap: reason=class_check action=maybe_recompile pc=0x00000000031417c4 method=com.jogamp.common.nio.Buffers.getDirectBufferByteOffset(Ljava/lang/Object;)I @ 7
Event: 2.637 Thread 0x0000000019d69800 Uncommon trap: reason=predicate action=maybe_recompile pc=0x0000000003229e44 method=java.util.ArrayList.indexOf(Ljava/lang/Object;)I @ 44
Event: 2.671 Thread 0x0000000019d69800 Uncommon trap: reason=class_check action=maybe_recompile pc=0x00000000031425c0 method=com.jogamp.common.nio.Buffers.isDirect(Ljava/lang/Object;)Z @ 13
Event: 2.671 Thread 0x0000000019d69800 Uncommon trap: reason=class_check action=maybe_recompile pc=0x00000000031417c4 method=com.jogamp.common.nio.Buffers.getDirectBufferByteOffset(Ljava/lang/Object;)I @ 7
Event: 2.689 Thread 0x0000000019d69800 Uncommon trap: reason=class_check action=maybe_recompile pc=0x00000000032d7d9c method=zzavatar.ZZector.rotateAround(Lprocessing/core/PVector;FFF)V @ 2
Event: 2.689 Thread 0x0000000019d69800 Uncommon trap: reason=class_check action=maybe_recompile pc=0x00000000032d7d9c method=zzavatar.ZZector.rotateAround(Lprocessing/core/PVector;FFF)V @ 2
Event: 2.689 Thread 0x0000000019d69800 Uncommon trap: reason=class_check action=maybe_recompile pc=0x00000000032d7d9c method=zzavatar.ZZector.rotateAround(Lprocessing/core/PVector;FFF)V @ 2
Event: 2.689 Thread 0x0000000019d69800 Uncommon trap: reason=class_check action=maybe_recompile pc=0x00000000032d7d9c method=zzavatar.ZZector.rotateAround(Lprocessing/core/PVector;FFF)V @ 2
Event: 3.142 Thread 0x0000000019d69800 Uncommon trap: reason=unreached action=reinterpret pc=0x0000000003237b40 method=processing.opengl.PGraphicsOpenGL$InGeometry.addVertex(FFFIFFFFFIFIIIFIZ)I @ 218
Event: 3.588 Thread 0x0000000019d69800 Uncommon trap: reason=unreached action=reinterpret pc=0x00000000030f7b30 method=java.lang.reflect.AccessibleObject.setAccessible0(Ljava/lang/reflect/AccessibleObject;Z)V @ 4

Internal exceptions (10 events):
Event: 3.006 Thread 0x0000000019d69800 Exception <a 'java/security/PrivilegedActionException'> (0x00000000e23ff818) thrown at [D:\re\workspace\8-2-build-windows-amd64-cygwin\jdk8u25\1677\hotspot\src\share\vm\prims\jvm.cpp, line 1312]
Event: 3.006 Thread 0x0000000019d69800 Exception <a 'java/security/PrivilegedActionException'> (0x00000000e24036d8) thrown at [D:\re\workspace\8-2-build-windows-amd64-cygwin\jdk8u25\1677\hotspot\src\share\vm\prims\jvm.cpp, line 1312]
Event: 3.006 Thread 0x0000000019d69800 Exception <a 'java/security/PrivilegedActionException'> (0x00000000e2407ae0) thrown at [D:\re\workspace\8-2-build-windows-amd64-cygwin\jdk8u25\1677\hotspot\src\share\vm\prims\jvm.cpp, line 1312]
Event: 3.006 Thread 0x0000000019d69800 Exception <a 'java/security/PrivilegedActionException'> (0x00000000e240bec8) thrown at [D:\re\workspace\8-2-build-windows-amd64-cygwin\jdk8u25\1677\hotspot\src\share\vm\prims\jvm.cpp, line 1312]
Event: 3.006 Thread 0x0000000019d69800 Exception <a 'java/security/PrivilegedActionException'> (0x00000000e240fa20) thrown at [D:\re\workspace\8-2-build-windows-amd64-cygwin\jdk8u25\1677\hotspot\src\share\vm\prims\jvm.cpp, line 1312]
Event: 3.007 Thread 0x0000000019d69800 Exception <a 'java/security/PrivilegedActionException'> (0x00000000e2414220) thrown at [D:\re\workspace\8-2-build-windows-amd64-cygwin\jdk8u25\1677\hotspot\src\share\vm\prims\jvm.cpp, line 1312]
Event: 3.007 Thread 0x0000000019d69800 Exception <a 'java/security/PrivilegedActionException'> (0x00000000e2417958) thrown at [D:\re\workspace\8-2-build-windows-amd64-cygwin\jdk8u25\1677\hotspot\src\share\vm\prims\jvm.cpp, line 1312]
Event: 3.007 Thread 0x0000000019d69800 Exception <a 'java/security/PrivilegedActionException'> (0x00000000e241b8a0) thrown at [D:\re\workspace\8-2-build-windows-amd64-cygwin\jdk8u25\1677\hotspot\src\share\vm\prims\jvm.cpp, line 1312]
Event: 3.008 Thread 0x0000000019d69800 Exception <a 'java/security/PrivilegedActionException'> (0x00000000e24217b0) thrown at [D:\re\workspace\8-2-build-windows-amd64-cygwin\jdk8u25\1677\hotspot\src\share\vm\prims\jvm.cpp, line 1312]
Event: 3.020 Thread 0x0000000019d69800 Exception <a 'java/security/PrivilegedActionException'> (0x00000000e24fcdc0) thrown at [D:\re\workspace\8-2-build-windows-amd64-cygwin\jdk8u25\1677\hotspot\src\share\vm\prims\jvm.cpp, line 1312]

Events (10 events):
Event: 4.888 loading class javax/swing/JComponent$IntVector done
Event: 4.888 loading class javax/swing/KeyboardManager
Event: 4.888 loading class javax/swing/KeyboardManager done
Event: 4.888 loading class javax/swing/Popup$HeavyWeightWindow
Event: 4.888 loading class sun/awt/ModalExclude
Event: 4.888 loading class sun/awt/ModalExclude done
Event: 4.888 loading class javax/swing/JWindow
Event: 4.889 loading class javax/swing/JWindow done
Event: 4.889 loading class javax/swing/Popup$HeavyWeightWindow done
Event: 4.923 Thread 0x000000001a372000 Thread exited: 0x000000001a372000


Dynamic libraries:
0x00007ff669010000 - 0x00007ff669044000 	C:\Program Files\Java\jre1.8.0_25\bin\javaw.exe
0x00007ff98c320000 - 0x00007ff98c4cc000 	C:\WINDOWS\SYSTEM32\ntdll.dll
0x00007ff989d20000 - 0x00007ff989e5e000 	C:\WINDOWS\system32\KERNEL32.DLL
0x00007ff9897d0000 - 0x00007ff9898e5000 	C:\WINDOWS\system32\KERNELBASE.dll
0x00007ff987ff0000 - 0x00007ff98807e000 	C:\WINDOWS\system32\apphelp.dll
0x00007ff973750000 - 0x00007ff9737a3000 	C:\WINDOWS\AppPatch\AppPatch64\AcGenral.DLL
0x00007ff98a220000 - 0x00007ff98a2ca000 	C:\WINDOWS\system32\msvcrt.dll
0x00007ff9892a0000 - 0x00007ff9892ce000 	C:\WINDOWS\SYSTEM32\SspiCli.dll
0x00007ff98b980000 - 0x00007ff98b9d4000 	C:\WINDOWS\system32\SHLWAPI.dll
0x00007ff989f00000 - 0x00007ff98a077000 	C:\WINDOWS\system32\USER32.dll
0x00007ff98bb50000 - 0x00007ff98bce4000 	C:\WINDOWS\system32\ole32.dll
0x00007ff98a390000 - 0x00007ff98b8a8000 	C:\WINDOWS\system32\SHELL32.dll
0x00007ff988a10000 - 0x00007ff988a31000 	C:\WINDOWS\SYSTEM32\USERENV.dll
0x00007ff989c10000 - 0x00007ff989cba000 	C:\WINDOWS\system32\ADVAPI32.dll
0x00007ff97c880000 - 0x00007ff97c89e000 	C:\WINDOWS\SYSTEM32\MPR.dll
0x00007ff98b9e0000 - 0x00007ff98bb21000 	C:\WINDOWS\system32\RPCRT4.dll
0x00007ff9899a0000 - 0x00007ff9899f9000 	C:\WINDOWS\SYSTEM32\sechost.dll
0x00007ff98bed0000 - 0x00007ff98c0e1000 	C:\WINDOWS\SYSTEM32\combase.dll
0x00007ff98a0c0000 - 0x00007ff98a211000 	C:\WINDOWS\system32\GDI32.dll
0x00007ff989470000 - 0x00007ff989485000 	C:\WINDOWS\SYSTEM32\profapi.dll
0x00007ff987810000 - 0x00007ff9878c2000 	C:\WINDOWS\SYSTEM32\SHCORE.dll
0x00007ff98a080000 - 0x00007ff98a0b6000 	C:\WINDOWS\system32\IMM32.DLL
0x00007ff98c1c0000 - 0x00007ff98c312000 	C:\WINDOWS\system32\MSCTF.dll
0x00007ff986b90000 - 0x00007ff986e0b000 	C:\WINDOWS\WinSxS\amd64_microsoft.windows.common-controls_6595b64144ccf1df_6.0.9600.17415_none_6240486fecbd8abb\COMCTL32.dll
0x0000000075f50000 - 0x0000000076022000 	C:\Program Files\Java\jre1.8.0_25\bin\msvcr100.dll
0x0000000076ae0000 - 0x000000007733a000 	C:\Program Files\Java\jre1.8.0_25\bin\server\jvm.dll
0x00007ff9707d0000 - 0x00007ff9707d9000 	C:\WINDOWS\SYSTEM32\WSOCK32.dll
0x00007ff97ca00000 - 0x00007ff97ca22000 	C:\WINDOWS\SYSTEM32\WINMM.dll
0x00007ff989e80000 - 0x00007ff989e87000 	C:\WINDOWS\system32\PSAPI.DLL
0x00007ff989a00000 - 0x00007ff989a5a000 	C:\WINDOWS\system32\WS2_32.dll
0x00007ff97c8d0000 - 0x00007ff97c8fa000 	C:\WINDOWS\SYSTEM32\WINMMBASE.dll
0x00007ff98bb30000 - 0x00007ff98bb39000 	C:\WINDOWS\system32\NSI.dll
0x00007ff989950000 - 0x00007ff98999f000 	C:\WINDOWS\SYSTEM32\cfgmgr32.dll
0x00007ff988260000 - 0x00007ff988288000 	C:\WINDOWS\SYSTEM32\DEVOBJ.dll
0x0000000076ad0000 - 0x0000000076adf000 	C:\Program Files\Java\jre1.8.0_25\bin\verify.dll
0x0000000076aa0000 - 0x0000000076ac8000 	C:\Program Files\Java\jre1.8.0_25\bin\java.dll
0x0000000076a80000 - 0x0000000076a96000 	C:\Program Files\Java\jre1.8.0_25\bin\zip.dll
0x0000000075db0000 - 0x0000000075f48000 	C:\Program Files\Java\jre1.8.0_25\bin\awt.dll
0x00007ff98c0f0000 - 0x00007ff98c1b1000 	C:\WINDOWS\system32\OLEAUT32.dll
0x00007ff987610000 - 0x00007ff987631000 	C:\WINDOWS\system32\DWMAPI.DLL
0x00007ff988130000 - 0x00007ff988259000 	C:\WINDOWS\system32\uxtheme.dll
0x00007ff9882b0000 - 0x00007ff9882bb000 	C:\WINDOWS\SYSTEM32\kernel.appcore.dll
0x00007ff989340000 - 0x00007ff98934b000 	C:\WINDOWS\SYSTEM32\CRYPTBASE.dll
0x00007ff9892d0000 - 0x00007ff989333000 	C:\WINDOWS\SYSTEM32\bcryptPrimitives.dll
0x00007ff97e8c0000 - 0x00007ff97eae1000 	C:\WINDOWS\system32\d3d9.dll
0x00007ff987180000 - 0x00007ff98718a000 	C:\WINDOWS\SYSTEM32\VERSION.dll
0x00007ff986970000 - 0x00007ff986abb000 	C:\WINDOWS\SYSTEM32\aticfx64.dll
0x00007ff965270000 - 0x00007ff965291000 	C:\WINDOWS\SYSTEM32\atiu9p64.dll
0x00007ff964a80000 - 0x00007ff965265000 	C:\WINDOWS\SYSTEM32\atiumd64.dll
0x0000000076110000 - 0x00000000768c7000 	C:\WINDOWS\SYSTEM32\atiumd6a.dll
0x00000000769f0000 - 0x0000000076a37000 	C:\Program Files\Java\jre1.8.0_25\bin\fontmanager.dll
0x00007ff988ce0000 - 0x00007ff988d00000 	C:\WINDOWS\SYSTEM32\CRYPTSP.dll
0x00007ff988900000 - 0x00007ff988936000 	C:\WINDOWS\system32\rsaenh.dll
0x00007ff988f90000 - 0x00007ff988fb6000 	C:\WINDOWS\SYSTEM32\bcrypt.dll
0x0000000076a60000 - 0x0000000076a7a000 	C:\Program Files\Java\jre1.8.0_25\bin\net.dll
0x00007ff988c80000 - 0x00007ff988cd9000 	C:\WINDOWS\system32\mswsock.dll
0x00007ff9860b0000 - 0x00007ff9860da000 	C:\WINDOWS\SYSTEM32\IPHLPAPI.DLL
0x00007ff986050000 - 0x00007ff98605a000 	C:\WINDOWS\SYSTEM32\WINNSI.DLL
0x00007ff9841e0000 - 0x00007ff9841f6000 	C:\WINDOWS\SYSTEM32\dhcpcsvc6.DLL
0x00007ff984380000 - 0x00007ff98439a000 	C:\WINDOWS\SYSTEM32\dhcpcsvc.DLL
0x0000000076a40000 - 0x0000000076a51000 	C:\Program Files\Java\jre1.8.0_25\bin\nio.dll
0x00000000637c0000 - 0x00000000637cd000 	S:\Users\Ben\AppData\Local\Temp\jogamp_0000\file_cache\jln8193646658611270996\jln6093517650183996523\gluegen-rt.dll
0x00000000769e0000 - 0x00000000769e7000 	C:\Program Files\Java\jre1.8.0_25\bin\jawt.dll
0x000000006a440000 - 0x000000006a44d000 	S:\Users\Ben\AppData\Local\Temp\jogamp_0000\file_cache\jln8193646658611270996\jln6093517650183996523\nativewindow_awt.dll
0x000000006c100000 - 0x000000006c10f000 	S:\Users\Ben\AppData\Local\Temp\jogamp_0000\file_cache\jln8193646658611270996\jln6093517650183996523\nativewindow_win32.dll
0x00007ff960620000 - 0x00007ff96074b000 	C:\WINDOWS\SYSTEM32\OpenGL32.dll
0x00007ff97d7c0000 - 0x00007ff97d7ee000 	C:\WINDOWS\SYSTEM32\GLU32.dll
0x00007ff966bf0000 - 0x00007ff966ce8000 	C:\WINDOWS\SYSTEM32\DDRAW.dll
0x00007ff980290000 - 0x00007ff980299000 	C:\WINDOWS\SYSTEM32\DCIMAN32.dll
0x0000000064500000 - 0x00000000645a2000 	S:\Users\Ben\AppData\Local\Temp\jogamp_0000\file_cache\jln8193646658611270996\jln6093517650183996523\jogl_desktop.dll
0x00007ff97d720000 - 0x00007ff97d738000 	C:\WINDOWS\SYSTEM32\atig6pxx.dll
0x0000000074200000 - 0x0000000075daf000 	C:\WINDOWS\SYSTEM32\atio6axx.dll
0x00007ff98bcf0000 - 0x00007ff98beca000 	C:\WINDOWS\system32\SETUPAPI.dll
0x00007ff986120000 - 0x00007ff986257000 	C:\WINDOWS\SYSTEM32\atiadlxx.dll
0x00007ff986710000 - 0x00007ff98688f000 	C:\WINDOWS\SYSTEM32\PROPSYS.dll
0x00007ff988080000 - 0x00007ff988092000 	C:\WINDOWS\SYSTEM32\WTSAPI32.dll
0x00007ff9898f0000 - 0x00007ff989941000 	C:\WINDOWS\system32\WINTRUST.dll
0x00007ff989540000 - 0x00007ff98971f000 	C:\WINDOWS\system32\CRYPT32.dll
0x00007ff989520000 - 0x00007ff989531000 	C:\WINDOWS\system32\MSASN1.dll
0x00007ff973720000 - 0x00007ff973749000 	C:\WINDOWS\SYSTEM32\atig6txx.dll
0x00007ff95c1a0000 - 0x00007ff95c33c000 	O:\OneDrive\Workspace\ZZavatar\lib\user\KinectPV2\Kinect20.Face.dll
0x00007ff97c900000 - 0x00007ff97c9a7000 	C:\WINDOWS\SYSTEM32\MSVCP110.dll
0x00007ff981bc0000 - 0x00007ff981c8e000 	C:\WINDOWS\SYSTEM32\MSVCR110.dll
0x00007ff980280000 - 0x00007ff980290000 	O:\OneDrive\Workspace\ZZavatar\lib\user\KinectPV2\KinectPV2.dll
0x00007ff960560000 - 0x00007ff96061a000 	C:\WINDOWS\SYSTEM32\Kinect20.dll
0x00007ff97ca30000 - 0x00007ff97cb1b000 	C:\WINDOWS\SYSTEM32\MFPlat.DLL
0x00007ff97c8a0000 - 0x00007ff97c8c7000 	C:\WINDOWS\SYSTEM32\RTWorkQ.DLL
0x00007ff987050000 - 0x00007ff98705c000 	C:\WINDOWS\SYSTEM32\AVRT.dll
0x00007ff963e10000 - 0x00007ff963f9a000 	C:\WINDOWS\SYSTEM32\dbghelp.dll

VM Arguments:
jvm_args: -Djava.library.path=O:\OneDrive\Workspace\ZZavatar\lib\base\video;O:\OneDrive\Workspace\ZZavatar\lib\base\video;O:\OneDrive\Workspace\ZZavatar\lib\base\video;O:\OneDrive\Workspace\ZZavatar\lib\base\core;O:\OneDrive\Workspace\ZZavatar\lib\base\core;O:\OneDrive\Workspace\ZZavatar\lib\base\core;O:\OneDrive\Workspace\ZZavatar\lib\base\core;O:\OneDrive\Workspace\ZZavatar\lib\base\core;O:\OneDrive\Workspace\ZZavatar\lib\base\core;O:\OneDrive\Workspace\ZZavatar\lib\base\core;O:\OneDrive\Workspace\ZZavatar\lib\base\core;O:\OneDrive\Workspace\ZZavatar\lib\base\core;O:\OneDrive\Workspace\ZZavatar\lib\base\core;O:\OneDrive\Workspace\ZZavatar\lib\base\core;O:\OneDrive\Workspace\ZZavatar\lib\base\core;O:\OneDrive\Workspace\ZZavatar\lib\base\core;O:\OneDrive\Workspace\ZZavatar\lib\base\core;O:\OneDrive\Workspace\ZZavatar\lib\base\core;O:\OneDrive\Workspace\ZZavatar\lib\user\Kinect4WinSDK;O:\OneDrive\Workspace\ZZavatar\lib\user\KinectPV2;O:\OneDrive\Workspace\ZZavatar\lib\user\SimpleOpenNI -Dfile.encoding=Cp1252 
java_command: zzavatar.ZZavatar
java_class_path (initial): O:\OneDrive\Workspace\ZZavatar\lib\base\video\gstreamer-java.jar;O:\OneDrive\Workspace\ZZavatar\lib\base\video\jna.jar;O:\OneDrive\Workspace\ZZavatar\lib\base\video\video.jar;O:\OneDrive\Workspace\ZZavatar\lib\base\core\core.jar;O:\OneDrive\Workspace\ZZavatar\lib\base\core\gluegen-rt-natives-linux-amd64.jar;O:\OneDrive\Workspace\ZZavatar\lib\base\core\gluegen-rt-natives-linux-armv6hf.jar;O:\OneDrive\Workspace\ZZavatar\lib\base\core\gluegen-rt-natives-linux-i586.jar;O:\OneDrive\Workspace\ZZavatar\lib\base\core\gluegen-rt-natives-macosx-universal.jar;O:\OneDrive\Workspace\ZZavatar\lib\base\core\gluegen-rt-natives-windows-amd64.jar;O:\OneDrive\Workspace\ZZavatar\lib\base\core\gluegen-rt-natives-windows-i586.jar;O:\OneDrive\Workspace\ZZavatar\lib\base\core\gluegen-rt.jar;O:\OneDrive\Workspace\ZZavatar\lib\base\core\jogl-all-natives-linux-amd64.jar;O:\OneDrive\Workspace\ZZavatar\lib\base\core\jogl-all-natives-linux-armv6hf.jar;O:\OneDrive\Workspace\ZZavatar\lib\base\core\jogl-all-natives-linux-i586.jar;O:\OneDrive\Workspace\ZZavatar\lib\base\core\jogl-all-natives-macosx-universal.jar;O:\OneDrive\Workspace\ZZavatar\lib\base\core\jogl-all-natives-windows-amd64.jar;O:\OneDrive\Workspace\ZZavatar\lib\base\core\jogl-all-natives-windows-i586.jar;O:\OneDrive\Workspace\ZZavatar\lib\base\core\jogl-all.jar;O:\OneDrive\Workspace\ZZavatar\lib\user\Kinect4WinSDK\Kinect4WinSDK.jar;O:\OneDrive\Workspace\ZZavatar\lib\user\KinectPV2\KinectPV2.jar;O:\OneDrive\Workspace\ZZavatar\lib\user\SimpleOpenNI\SimpleOpenNI.jar;O:\OneDrive\Workspace\ZZavatar\bin
Launcher Type: SUN_STANDARD

Environment Variables:
JAVA_HOME=C:\Program Files\Java\jdk1.8.0_25
PATH=C:/Program Files/Java/jre1.8.0_25/bin/server;C:/Program Files/Java/jre1.8.0_25/bin;C:/Program Files/Java/jre1.8.0_25/lib/amd64;C:\Program Files (x86)\NVIDIA Corporation\PhysX\Common;C:\ProgramData\Oracle\Java\javapath;C:\Program Files (x86)\Common Files\Intel\Shared Libraries\redist\intel64\compiler;C:\Program Files (x86)\Common Files\Intel\Shared Libraries\redist\ia32\compiler;C:\Program Files (x86)\Intel\iCLS Client\;C:\Program Files\Intel\iCLS Client\;C:\Program Files (x86)\AMD APP\bin\x86_64;C:\Program Files (x86)\AMD APP\bin\x86;C:\WINDOWS\system32;C:\WINDOWS;C:\WINDOWS\System32\Wbem;C:\WINDOWS\System32\WindowsPowerShell\v1.0\;C:\Program Files (x86)\ATI Technologies\ATI.ACE\Core-Static;C:\Program Files\Intel\Intel(R) Management Engine Components\DAL;C:\Program Files\Intel\Intel(R) Management Engine Components\IPT;C:\Program Files (x86)\Intel\Intel(R) Management Engine Components\DAL;C:\Program Files (x86)\Intel\Intel(R) Management Engine Components\IPT;C:\Program Files\Sony\VAIO Improvement\;C:\Program Files (x86)\Sony\VAIO Startup Setting Tool;C:\Program Files (x86)\Windows Kits\8.1\Windows Performance Toolkit\;C:\Program Files\Microsoft SQL Server\110\Tools\Binn\;C:\Program Files (x86)\Microsoft SDKs\TypeScript\1.0\;C:\Program Files\Microsoft\Web Platform Installer\;C:\Program Files (x86)\Java\jre1.8.0_25\bin;P:\Programs\Python27\Scripts;P:\Programs\Python27;C:\Program Files\Common Files\Autodesk Shared\;P:\Program Files\Programs;P:\Program Files\Games;P:\Programs\Eclipse;
USERNAME=Benoît
OS=Windows_NT
PROCESSOR_IDENTIFIER=Intel64 Family 6 Model 58 Stepping 9, GenuineIntel



---------------  S Y S T E M  ---------------

OS: Windows 8.1 , 64 bit Build 9600 

CPU:total 8 (4 cores per cpu, 2 threads per core) family 6 model 58 stepping 9, cmov, cx8, fxsr, mmx, sse, sse2, sse3, ssse3, sse4.1, sse4.2, popcnt, avx, aes, clmul, erms, ht, tsc, tscinvbit, tscinv

Memory: 4k page, physical 6237468k(2243168k free), swap 10431772k(4372924k free)

vm_info: Java HotSpot(TM) 64-Bit Server VM (25.25-b02) for windows-amd64 JRE (1.8.0_25-b18), built on Oct  7 2014 14:25:37 by "java_re" with MS VC++ 10.0 (VS2010)

time: Fri Apr 24 19:26:56 2015
elapsed time: 4 seconds (0d 0h 0m 4s)

