#
# A fatal error has been detected by the Java Runtime Environment:
#
#  EXCEPTION_ACCESS_VIOLATION (0xc0000005) at pc=0x00007ffee0cb4110, pid=7924, tid=9416
#
# JRE version: Java(TM) SE Runtime Environment (8.0_25-b18) (build 1.8.0_25-b18)
# Java VM: Java HotSpot(TM) 64-Bit Server VM (25.25-b02 mixed mode windows-amd64 compressed oops)
# Problematic frame:
# C  [KinectPV2.dll+0x4110]
#
# Failed to write core dump. Minidumps are not enabled by default on client versions of Windows
#
# If you would like to submit a bug report, please visit:
#   http://bugreport.sun.com/bugreport/crash.jsp
# The crash happened outside the Java Virtual Machine in native code.
# See problematic frame for where to report the bug.
#

---------------  T H R E A D  ---------------

Current thread (0x00000000194ac800):  JavaThread "Animation Thread" [_thread_in_native, id=9416, stack(0x000000001c590000,0x000000001c690000)]

siginfo: ExceptionCode=0xc0000005, reading address 0x0000000000000010

Registers:
RAX=0x0000000000000001, RBX=0x000000002dc1d040, RCX=0x0000000000000010, RDX=0x0000000000000000
RSP=0x000000001c68e8a0, RBP=0x0000000000000006, RSI=0x0000000000000000, RDI=0x000000001eb7c858
R8 =0x000000001c68e568, R9 =0x0000000000008000, R10=0x0000000000000000, R11=0x000000001c68e7a0
R12=0x0000000000000000, R13=0x000000001f11ccb8, R14=0x0000000000000000, R15=0x00000000194ac800
RIP=0x00007ffee0cb4110, EFLAGS=0x0000000000010202

Top of Stack: (sp=0x000000001c68e8a0)
0x000000001c68e8a0:   000000001eb7c828 000000001d29ba58
0x000000001c68e8b0:   000000001eb7c828 0000000000000000
0x000000001c68e8c0:   000000001c68e990 00007ffee0cb1fba
0x000000001c68e8d0:   000000001c68e990 000000001c68e970
0x000000001c68e8e0:   00000000194ac9e8 00000000194521b0
0x000000001c68e8f0:   00000000a3ae10d8 00000000024f5b74
0x000000001c68e900:   000000001f11ccb8 0000000000000021
0x000000001c68e910:   0000000000000021 00000000194ac800
0x000000001c68e920:   000000001c68e9e8 00000000024f58a2
0x000000001c68e930:   000000001c68e930 000000001f11ccb8
0x000000001c68e940:   000000001c68e990 000000001f11dc48
0x000000001c68e950:   0000000000000000 000000001f11ccb8
0x000000001c68e960:   0000000000000000 000000001c68e990
0x000000001c68e970:   000000001c68e9d8 00000000024e7a2d
0x000000001c68e980:   0000000000000000 00000000024ef6b8
0x000000001c68e990:   00000000a3857bf8 000000001c68e998 

Instructions: (pc=0x00007ffee0cb4110)
0x00007ffee0cb40f0:   89 77 d0 48 8b 0f 48 85 c9 74 09 48 8b 01 ff 50
0x00007ffee0cb4100:   10 4c 89 37 48 8b 8f 90 00 00 00 48 85 c9 74 0d
0x00007ffee0cb4110:   48 8b 01 ff 50 10 4c 89 b7 90 00 00 00 48 8b 4f
0x00007ffee0cb4120:   30 48 85 c9 74 0a 48 8b 01 ff 50 10 4c 89 77 30 


Register to memory mapping:

RAX=0x0000000000000001 is an unknown value
RBX=0x000000002dc1d040 is an unknown value
RCX=0x0000000000000010 is an unknown value
RDX=0x0000000000000000 is an unknown value
RSP=0x000000001c68e8a0 is pointing into the stack for thread: 0x00000000194ac800
RBP=0x0000000000000006 is an unknown value
RSI=0x0000000000000000 is an unknown value
RDI=0x000000001eb7c858 is an unknown value
R8 =0x000000001c68e568 is pointing into the stack for thread: 0x00000000194ac800
R9 =0x0000000000008000 is an unknown value
R10=0x0000000000000000 is an unknown value
R11=0x000000001c68e7a0 is pointing into the stack for thread: 0x00000000194ac800
R12=0x0000000000000000 is an unknown value
R13={method} {0x000000001f11ccc0} 'jniStopDevice' '()V' in 'KinectPV2/Device'
R14=0x0000000000000000 is an unknown value
R15=0x00000000194ac800 is a thread


Stack: [0x000000001c590000,0x000000001c690000],  sp=0x000000001c68e8a0,  free space=1018k
Native frames: (J=compiled Java code, j=interpreted, Vv=VM code, C=native code)
C  [KinectPV2.dll+0x4110]
C  [KinectPV2.dll+0x1fba]
C  0x00000000024f5b74

Java frames: (J=compiled Java code, j=interpreted, Vv=VM code)
j  KinectPV2.Device.jniStopDevice()V+0
j  KinectPV2.Device.stopDevice()V+41
j  KinectPV2.KinectPV2.dispose()V+14
v  ~StubRoutines::call_stub
j  sun.reflect.NativeMethodAccessorImpl.invoke0(Ljava/lang/reflect/Method;Ljava/lang/Object;[Ljava/lang/Object;)Ljava/lang/Object;+0
j  sun.reflect.NativeMethodAccessorImpl.invoke(Ljava/lang/Object;[Ljava/lang/Object;)Ljava/lang/Object;+100
j  sun.reflect.DelegatingMethodAccessorImpl.invoke(Ljava/lang/Object;[Ljava/lang/Object;)Ljava/lang/Object;+6
j  java.lang.reflect.Method.invoke(Ljava/lang/Object;[Ljava/lang/Object;)Ljava/lang/Object;+56
j  processing.core.PApplet$RegisteredMethods.handle([Ljava/lang/Object;)V+18
J 1623 C1 processing.core.PApplet.handleMethods(Ljava/lang/String;)V (21 bytes) @ 0x0000000002afc11c [0x0000000002afbe60+0x2bc]
j  processing.core.PApplet.dispose()V+35
j  processing.core.PApplet.run()V+283
j  java.lang.Thread.run()V+11
v  ~StubRoutines::call_stub

---------------  P R O C E S S  ---------------

Java Threads: ( => current thread )
  0x000000001997e800 JavaThread "Animation Thread-SharedResourceRunner" daemon [_thread_blocked, id=10188, stack(0x000000001bfa0000,0x000000001c0a0000)]
  0x000000000222e800 JavaThread "DestroyJavaVM" [_thread_blocked, id=3960, stack(0x00000000022e0000,0x00000000023e0000)]
  0x0000000019495800 JavaThread "D3D Screen Updater" daemon [_thread_blocked, id=8080, stack(0x000000001c890000,0x000000001c990000)]
=>0x00000000194ac800 JavaThread "Animation Thread" [_thread_in_native, id=9416, stack(0x000000001c590000,0x000000001c690000)]
  0x000000001945b000 JavaThread "Image Fetcher 0" daemon [_thread_blocked, id=9620, stack(0x000000001c490000,0x000000001c590000)]
  0x00000000193ff000 JavaThread "AWT-EventQueue-0" [_thread_blocked, id=8132, stack(0x000000001c390000,0x000000001c490000)]
  0x00000000193cc800 JavaThread "AWT-Windows" daemon [_thread_in_native, id=7284, stack(0x0000000019ce0000,0x0000000019de0000)]
  0x00000000193cc000 JavaThread "AWT-Shutdown" [_thread_blocked, id=5316, stack(0x0000000019be0000,0x0000000019ce0000)]
  0x00000000193cb000 JavaThread "Java2D Disposer" daemon [_thread_blocked, id=9996, stack(0x0000000019ae0000,0x0000000019be0000)]
  0x00000000182b3000 JavaThread "Service Thread" daemon [_thread_blocked, id=780, stack(0x0000000018c00000,0x0000000018d00000)]
  0x0000000018238000 JavaThread "C1 CompilerThread3" daemon [_thread_blocked, id=7188, stack(0x0000000018b00000,0x0000000018c00000)]
  0x0000000018237800 JavaThread "C2 CompilerThread2" daemon [_thread_blocked, id=8772, stack(0x0000000018a00000,0x0000000018b00000)]
  0x000000001822e000 JavaThread "C2 CompilerThread1" daemon [_thread_blocked, id=9184, stack(0x0000000018900000,0x0000000018a00000)]
  0x000000001822c000 JavaThread "C2 CompilerThread0" daemon [_thread_blocked, id=9052, stack(0x0000000018800000,0x0000000018900000)]
  0x0000000018226000 JavaThread "Attach Listener" daemon [_thread_blocked, id=7992, stack(0x0000000018700000,0x0000000018800000)]
  0x0000000018225000 JavaThread "Signal Dispatcher" daemon [_thread_blocked, id=7932, stack(0x0000000018600000,0x0000000018700000)]
  0x00000000024d9000 JavaThread "Finalizer" daemon [_thread_blocked, id=5152, stack(0x0000000018100000,0x0000000018200000)]
  0x00000000024d0000 JavaThread "Reference Handler" daemon [_thread_blocked, id=9120, stack(0x0000000018000000,0x0000000018100000)]

Other Threads:
  0x0000000016229000 VMThread [stack: 0x0000000017f00000,0x0000000018000000] [id=9072]
  0x00000000182bc800 WatcherThread [stack: 0x0000000018d00000,0x0000000018e00000] [id=8200]

VM state:not at safepoint (normal execution)

VM Mutex/Monitor currently owned by a thread: None

Heap:
 PSYoungGen      total 253952K, used 118700K [0x00000000e0400000, 0x00000000f3400000, 0x0000000100000000)
  eden space 208896K, 52% used [0x00000000e0400000,0x00000000e6f061e0,0x00000000ed000000)
  from space 45056K, 20% used [0x00000000f0800000,0x00000000f10e5020,0x00000000f3400000)
  to   space 51200K, 0% used [0x00000000ed000000,0x00000000ed000000,0x00000000f0200000)
 ParOldGen       total 228864K, used 145897K [0x00000000a0c00000, 0x00000000aeb80000, 0x00000000e0400000)
  object space 228864K, 63% used [0x00000000a0c00000,0x00000000a9a7a500,0x00000000aeb80000)
 Metaspace       used 17600K, capacity 17825K, committed 18048K, reserved 1064960K
  class space    used 1734K, capacity 1793K, committed 1920K, reserved 1048576K

Card table byte_map: [0x00000000118a0000,0x0000000011ba0000] byte_map_base: 0x000000001139a000

Marking Bits: (ParMarkBitMap*) 0x000000006ab8d490
 Begin Bits: [0x00000000125a0000, 0x0000000013d70000)
 End Bits:   [0x0000000013d70000, 0x0000000015540000)

Polling page: 0x00000000021d0000

CodeCache: size=245760Kb used=6443Kb max_used=6453Kb free=239316Kb
 bounds [0x00000000024e0000, 0x0000000002b40000, 0x00000000114e0000]
 total_blobs=2602 nmethods=1732 adapters=784
 compilation: enabled

Compilation events (10 events):
Event: 6.334 Thread 0x0000000018238000 1729       3       java.security.ProtectionDomain$1::doIntersectionPrivilege (32 bytes)
Event: 6.335 Thread 0x0000000018238000 nmethod 1729 0x0000000002b2ddd0 code [0x0000000002b2df60, 0x0000000002b2e448]
Event: 6.335 Thread 0x0000000018238000 1730       3       java.security.AccessControlContext::<init> (30 bytes)
Event: 6.335 Thread 0x0000000018238000 nmethod 1730 0x0000000002b2d9d0 code [0x0000000002b2db20, 0x0000000002b2dd10]
Event: 6.400 Thread 0x000000001822e000 1732       4       java.lang.StringBuilder::toString (17 bytes)
Event: 6.400 Thread 0x0000000018238000 1731       3       java.lang.Integer::formatUnsignedInt (48 bytes)
Event: 6.401 Thread 0x0000000018238000 nmethod 1731 0x0000000002b2ff50 code [0x0000000002b300c0, 0x0000000002b30330]
Event: 6.404 Thread 0x000000001822e000 nmethod 1732 0x0000000002b2f910 code [0x0000000002b2fa60, 0x0000000002b2fd58]
Event: 6.434 Thread 0x0000000018238000 1733       3       java.awt.Component::isVisible (5 bytes)
Event: 6.435 Thread 0x0000000018238000 nmethod 1733 0x0000000002b2d610 code [0x0000000002b2d760, 0x0000000002b2d950]

GC Heap History (10 events):
Event: 3.790 GC heap before
{Heap before GC invocations=13 (full 3):
 PSYoungGen      total 197632K, used 19660K [0x00000000e0400000, 0x00000000f0000000, 0x0000000100000000)
  eden space 145408K, 0% used [0x00000000e0400000,0x00000000e0400000,0x00000000e9200000)
  from space 52224K, 37% used [0x00000000ecd00000,0x00000000ee033100,0x00000000f0000000)
  to   space 56320K, 0% used [0x00000000e9200000,0x00000000e9200000,0x00000000ec900000)
 ParOldGen       total 153600K, used 136210K [0x00000000a0c00000, 0x00000000aa200000, 0x00000000e0400000)
  object space 153600K, 88% used [0x00000000a0c00000,0x00000000a91049a8,0x00000000aa200000)
 Metaspace       used 17435K, capacity 17633K, committed 17792K, reserved 1064960K
  class space    used 1723K, capacity 1793K, committed 1920K, reserved 1048576K
Event: 3.892 GC heap after
Heap after GC invocations=13 (full 3):
 PSYoungGen      total 197632K, used 0K [0x00000000e0400000, 0x00000000f0000000, 0x0000000100000000)
  eden space 145408K, 0% used [0x00000000e0400000,0x00000000e0400000,0x00000000e9200000)
  from space 52224K, 0% used [0x00000000ecd00000,0x00000000ecd00000,0x00000000f0000000)
  to   space 56320K, 0% used [0x00000000e9200000,0x00000000e9200000,0x00000000ec900000)
 ParOldGen       total 228864K, used 145865K [0x00000000a0c00000, 0x00000000aeb80000, 0x00000000e0400000)
  object space 228864K, 63% used [0x00000000a0c00000,0x00000000a9a72500,0x00000000aeb80000)
 Metaspace       used 17435K, capacity 17633K, committed 17792K, reserved 1064960K
  class space    used 1723K, capacity 1793K, committed 1920K, reserved 1048576K
}
Event: 4.361 GC heap before
{Heap before GC invocations=14 (full 3):
 PSYoungGen      total 197632K, used 145050K [0x00000000e0400000, 0x00000000f0000000, 0x0000000100000000)
  eden space 145408K, 99% used [0x00000000e0400000,0x00000000e91a6ac0,0x00000000e9200000)
  from space 52224K, 0% used [0x00000000ecd00000,0x00000000ecd00000,0x00000000f0000000)
  to   space 56320K, 0% used [0x00000000e9200000,0x00000000e9200000,0x00000000ec900000)
 ParOldGen       total 228864K, used 145865K [0x00000000a0c00000, 0x00000000aeb80000, 0x00000000e0400000)
  object space 228864K, 63% used [0x00000000a0c00000,0x00000000a9a72500,0x00000000aeb80000)
 Metaspace       used 17477K, capacity 17697K, committed 18048K, reserved 1064960K
  class space    used 1723K, capacity 1793K, committed 1920K, reserved 1048576K
Event: 4.365 GC heap after
Heap after GC invocations=14 (full 3):
 PSYoungGen      total 201728K, used 17272K [0x00000000e0400000, 0x00000000f2180000, 0x0000000100000000)
  eden space 145408K, 0% used [0x00000000e0400000,0x00000000e0400000,0x00000000e9200000)
  from space 56320K, 30% used [0x00000000e9200000,0x00000000ea2de030,0x00000000ec900000)
  to   space 53760K, 0% used [0x00000000eed00000,0x00000000eed00000,0x00000000f2180000)
 ParOldGen       total 228864K, used 145873K [0x00000000a0c00000, 0x00000000aeb80000, 0x00000000e0400000)
  object space 228864K, 63% used [0x00000000a0c00000,0x00000000a9a74500,0x00000000aeb80000)
 Metaspace       used 17477K, capacity 17697K, committed 18048K, reserved 1064960K
  class space    used 1723K, capacity 1793K, committed 1920K, reserved 1048576K
}
Event: 4.891 GC heap before
{Heap before GC invocations=15 (full 3):
 PSYoungGen      total 201728K, used 154753K [0x00000000e0400000, 0x00000000f2180000, 0x0000000100000000)
  eden space 145408K, 94% used [0x00000000e0400000,0x00000000e8a42738,0x00000000e9200000)
  from space 56320K, 30% used [0x00000000e9200000,0x00000000ea2de030,0x00000000ec900000)
  to   space 53760K, 0% used [0x00000000eed00000,0x00000000eed00000,0x00000000f2180000)
 ParOldGen       total 228864K, used 145873K [0x00000000a0c00000, 0x00000000aeb80000, 0x00000000e0400000)
  object space 228864K, 63% used [0x00000000a0c00000,0x00000000a9a74500,0x00000000aeb80000)
 Metaspace       used 17518K, capacity 17761K, committed 18048K, reserved 1064960K
  class space    used 1723K, capacity 1793K, committed 1920K, reserved 1048576K
Event: 4.896 GC heap after
Heap after GC invocations=15 (full 3):
 PSYoungGen      total 226304K, used 9076K [0x00000000e0400000, 0x00000000f1b00000, 0x0000000100000000)
  eden space 179200K, 0% used [0x00000000e0400000,0x00000000e0400000,0x00000000eb300000)
  from space 47104K, 19% used [0x00000000eed00000,0x00000000ef5dd020,0x00000000f1b00000)
  to   space 53248K, 0% used [0x00000000eb300000,0x00000000eb300000,0x00000000ee700000)
 ParOldGen       total 228864K, used 145881K [0x00000000a0c00000, 0x00000000aeb80000, 0x00000000e0400000)
  object space 228864K, 63% used [0x00000000a0c00000,0x00000000a9a76500,0x00000000aeb80000)
 Metaspace       used 17518K, capacity 17761K, committed 18048K, reserved 1064960K
  class space    used 1723K, capacity 1793K, committed 1920K, reserved 1048576K
}
Event: 5.524 GC heap before
{Heap before GC invocations=16 (full 3):
 PSYoungGen      total 226304K, used 181183K [0x00000000e0400000, 0x00000000f1b00000, 0x0000000100000000)
  eden space 179200K, 96% used [0x00000000e0400000,0x00000000eac12eb0,0x00000000eb300000)
  from space 47104K, 19% used [0x00000000eed00000,0x00000000ef5dd020,0x00000000f1b00000)
  to   space 53248K, 0% used [0x00000000eb300000,0x00000000eb300000,0x00000000ee700000)
 ParOldGen       total 228864K, used 145881K [0x00000000a0c00000, 0x00000000aeb80000, 0x00000000e0400000)
  object space 228864K, 63% used [0x00000000a0c00000,0x00000000a9a76500,0x00000000aeb80000)
 Metaspace       used 17534K, capacity 17761K, committed 18048K, reserved 1064960K
  class space    used 1723K, capacity 1793K, committed 1920K, reserved 1048576K
Event: 5.526 GC heap after
Heap after GC invocations=16 (full 3):
 PSYoungGen      total 232448K, used 9140K [0x00000000e0400000, 0x00000000f3b00000, 0x0000000100000000)
  eden space 179200K, 0% used [0x00000000e0400000,0x00000000e0400000,0x00000000eb300000)
  from space 53248K, 17% used [0x00000000eb300000,0x00000000ebbed020,0x00000000ee700000)
  to   space 52224K, 0% used [0x00000000f0800000,0x00000000f0800000,0x00000000f3b00000)
 ParOldGen       total 228864K, used 145889K [0x00000000a0c00000, 0x00000000aeb80000, 0x00000000e0400000)
  object space 228864K, 63% used [0x00000000a0c00000,0x00000000a9a78500,0x00000000aeb80000)
 Metaspace       used 17534K, capacity 17761K, committed 18048K, reserved 1064960K
  class space    used 1723K, capacity 1793K, committed 1920K, reserved 1048576K
}
Event: 6.160 GC heap before
{Heap before GC invocations=17 (full 3):
 PSYoungGen      total 232448K, used 180389K [0x00000000e0400000, 0x00000000f3b00000, 0x0000000100000000)
  eden space 179200K, 95% used [0x00000000e0400000,0x00000000eab3c458,0x00000000eb300000)
  from space 53248K, 17% used [0x00000000eb300000,0x00000000ebbed020,0x00000000ee700000)
  to   space 52224K, 0% used [0x00000000f0800000,0x00000000f0800000,0x00000000f3b00000)
 ParOldGen       total 228864K, used 145889K [0x00000000a0c00000, 0x00000000aeb80000, 0x00000000e0400000)
  object space 228864K, 63% used [0x00000000a0c00000,0x00000000a9a78500,0x00000000aeb80000)
 Metaspace       used 17562K, capacity 17825K, committed 18048K, reserved 1064960K
  class space    used 1723K, capacity 1793K, committed 1920K, reserved 1048576K
Event: 6.165 GC heap after
Heap after GC invocations=17 (full 3):
 PSYoungGen      total 253952K, used 9108K [0x00000000e0400000, 0x00000000f3400000, 0x0000000100000000)
  eden space 208896K, 0% used [0x00000000e0400000,0x00000000e0400000,0x00000000ed000000)
  from space 45056K, 20% used [0x00000000f0800000,0x00000000f10e5020,0x00000000f3400000)
  to   space 51200K, 0% used [0x00000000ed000000,0x00000000ed000000,0x00000000f0200000)
 ParOldGen       total 228864K, used 145897K [0x00000000a0c00000, 0x00000000aeb80000, 0x00000000e0400000)
  object space 228864K, 63% used [0x00000000a0c00000,0x00000000a9a7a500,0x00000000aeb80000)
 Metaspace       used 17562K, capacity 17825K, committed 18048K, reserved 1064960K
  class space    used 1723K, capacity 1793K, committed 1920K, reserved 1048576K
}

Deoptimization events (10 events):
Event: 2.823 Thread 0x00000000193ff000 Uncommon trap: reason=class_check action=maybe_recompile pc=0x00000000027ef004 method=com.jogamp.common.nio.Buffers.getDirectBufferByteOffset(Ljava/lang/Object;)I @ 7
Event: 2.823 Thread 0x00000000193ff000 Uncommon trap: reason=class_check action=maybe_recompile pc=0x00000000027f1940 method=com.jogamp.common.nio.Buffers.isDirect(Ljava/lang/Object;)Z @ 13
Event: 2.823 Thread 0x00000000193ff000 Uncommon trap: reason=class_check action=maybe_recompile pc=0x00000000027ef004 method=com.jogamp.common.nio.Buffers.getDirectBufferByteOffset(Ljava/lang/Object;)I @ 7
Event: 2.823 Thread 0x00000000193ff000 Uncommon trap: reason=class_check action=maybe_recompile pc=0x00000000027f1940 method=com.jogamp.common.nio.Buffers.isDirect(Ljava/lang/Object;)Z @ 13
Event: 2.823 Thread 0x00000000193ff000 Uncommon trap: reason=class_check action=maybe_recompile pc=0x00000000027ef004 method=com.jogamp.common.nio.Buffers.getDirectBufferByteOffset(Ljava/lang/Object;)I @ 7
Event: 2.824 Thread 0x00000000193ff000 Uncommon trap: reason=predicate action=maybe_recompile pc=0x00000000028d81c4 method=java.util.ArrayList.indexOf(Ljava/lang/Object;)I @ 44
Event: 2.834 Thread 0x00000000193ff000 Uncommon trap: reason=class_check action=maybe_recompile pc=0x00000000027f1940 method=com.jogamp.common.nio.Buffers.isDirect(Ljava/lang/Object;)Z @ 13
Event: 2.834 Thread 0x00000000193ff000 Uncommon trap: reason=class_check action=maybe_recompile pc=0x00000000027ef004 method=com.jogamp.common.nio.Buffers.getDirectBufferByteOffset(Ljava/lang/Object;)I @ 7
Event: 3.319 Thread 0x00000000193ff000 Uncommon trap: reason=unreached action=reinterpret pc=0x00000000028e4640 method=processing.opengl.PGraphicsOpenGL$InGeometry.addVertex(FFFIFFFFFIFIIIFIZ)I @ 218
Event: 3.585 Thread 0x00000000193ff000 Uncommon trap: reason=unreached action=reinterpret pc=0x00000000027a5730 method=java.lang.reflect.AccessibleObject.setAccessible0(Ljava/lang/reflect/AccessibleObject;Z)V @ 4

Internal exceptions (10 events):
Event: 3.155 Thread 0x00000000193ff000 Exception <a 'java/security/PrivilegedActionException'> (0x00000000e3c46808) thrown at [D:\re\workspace\8-2-build-windows-amd64-cygwin\jdk8u25\1677\hotspot\src\share\vm\prims\jvm.cpp, line 1312]
Event: 3.155 Thread 0x00000000193ff000 Exception <a 'java/security/PrivilegedActionException'> (0x00000000e3c4a6c8) thrown at [D:\re\workspace\8-2-build-windows-amd64-cygwin\jdk8u25\1677\hotspot\src\share\vm\prims\jvm.cpp, line 1312]
Event: 3.155 Thread 0x00000000193ff000 Exception <a 'java/security/PrivilegedActionException'> (0x00000000e3c4ead0) thrown at [D:\re\workspace\8-2-build-windows-amd64-cygwin\jdk8u25\1677\hotspot\src\share\vm\prims\jvm.cpp, line 1312]
Event: 3.155 Thread 0x00000000193ff000 Exception <a 'java/security/PrivilegedActionException'> (0x00000000e3c52eb8) thrown at [D:\re\workspace\8-2-build-windows-amd64-cygwin\jdk8u25\1677\hotspot\src\share\vm\prims\jvm.cpp, line 1312]
Event: 3.156 Thread 0x00000000193ff000 Exception <a 'java/security/PrivilegedActionException'> (0x00000000e3c56a10) thrown at [D:\re\workspace\8-2-build-windows-amd64-cygwin\jdk8u25\1677\hotspot\src\share\vm\prims\jvm.cpp, line 1312]
Event: 3.156 Thread 0x00000000193ff000 Exception <a 'java/security/PrivilegedActionException'> (0x00000000e3c5b210) thrown at [D:\re\workspace\8-2-build-windows-amd64-cygwin\jdk8u25\1677\hotspot\src\share\vm\prims\jvm.cpp, line 1312]
Event: 3.156 Thread 0x00000000193ff000 Exception <a 'java/security/PrivilegedActionException'> (0x00000000e3c5e948) thrown at [D:\re\workspace\8-2-build-windows-amd64-cygwin\jdk8u25\1677\hotspot\src\share\vm\prims\jvm.cpp, line 1312]
Event: 3.156 Thread 0x00000000193ff000 Exception <a 'java/security/PrivilegedActionException'> (0x00000000e3c62890) thrown at [D:\re\workspace\8-2-build-windows-amd64-cygwin\jdk8u25\1677\hotspot\src\share\vm\prims\jvm.cpp, line 1312]
Event: 3.157 Thread 0x00000000193ff000 Exception <a 'java/security/PrivilegedActionException'> (0x00000000e3c687a0) thrown at [D:\re\workspace\8-2-build-windows-amd64-cygwin\jdk8u25\1677\hotspot\src\share\vm\prims\jvm.cpp, line 1312]
Event: 3.170 Thread 0x00000000193ff000 Exception <a 'java/security/PrivilegedActionException'> (0x00000000e3d40330) thrown at [D:\re\workspace\8-2-build-windows-amd64-cygwin\jdk8u25\1677\hotspot\src\share\vm\prims\jvm.cpp, line 1312]

Events (10 events):
Event: 6.501 loading class javax/swing/JComponent$IntVector done
Event: 6.501 loading class javax/swing/KeyboardManager
Event: 6.501 loading class javax/swing/KeyboardManager done
Event: 6.501 loading class javax/swing/Popup$HeavyWeightWindow
Event: 6.501 loading class sun/awt/ModalExclude
Event: 6.501 loading class sun/awt/ModalExclude done
Event: 6.501 loading class javax/swing/JWindow
Event: 6.501 loading class javax/swing/JWindow done
Event: 6.501 loading class javax/swing/Popup$HeavyWeightWindow done
Event: 6.538 Thread 0x000000001948b800 Thread exited: 0x000000001948b800


Dynamic libraries:
0x00007ff745f80000 - 0x00007ff745fb4000 	C:\Program Files\Java\jre1.8.0_25\bin\javaw.exe
0x00007ffee8210000 - 0x00007ffee83bc000 	C:\WINDOWS\SYSTEM32\ntdll.dll
0x00007ffee60e0000 - 0x00007ffee621e000 	C:\WINDOWS\system32\KERNEL32.DLL
0x00007ffee54e0000 - 0x00007ffee55f5000 	C:\WINDOWS\system32\KERNELBASE.dll
0x00007ffee3ee0000 - 0x00007ffee3f6e000 	C:\WINDOWS\system32\apphelp.dll
0x00007ffecebf0000 - 0x00007ffecec43000 	C:\WINDOWS\AppPatch\AppPatch64\AcGenral.DLL
0x00007ffee6010000 - 0x00007ffee60ba000 	C:\WINDOWS\system32\msvcrt.dll
0x00007ffee5190000 - 0x00007ffee51be000 	C:\WINDOWS\SYSTEM32\SspiCli.dll
0x00007ffee5fb0000 - 0x00007ffee6004000 	C:\WINDOWS\system32\SHLWAPI.dll
0x00007ffee7fd0000 - 0x00007ffee8147000 	C:\WINDOWS\system32\USER32.dll
0x00007ffee5bc0000 - 0x00007ffee5d54000 	C:\WINDOWS\system32\ole32.dll
0x00007ffee66a0000 - 0x00007ffee7bb8000 	C:\WINDOWS\system32\SHELL32.dll
0x00007ffee48f0000 - 0x00007ffee4911000 	C:\WINDOWS\SYSTEM32\USERENV.dll
0x00007ffee5e20000 - 0x00007ffee5eca000 	C:\WINDOWS\system32\ADVAPI32.dll
0x00007ffed7630000 - 0x00007ffed764e000 	C:\WINDOWS\SYSTEM32\MPR.dll
0x00007ffee63f0000 - 0x00007ffee6531000 	C:\WINDOWS\system32\RPCRT4.dll
0x00007ffee5ed0000 - 0x00007ffee5f29000 	C:\WINDOWS\SYSTEM32\sechost.dll
0x00007ffee7db0000 - 0x00007ffee7fc1000 	C:\WINDOWS\SYSTEM32\combase.dll
0x00007ffee6540000 - 0x00007ffee6691000 	C:\WINDOWS\system32\GDI32.dll
0x00007ffee5360000 - 0x00007ffee5375000 	C:\WINDOWS\SYSTEM32\profapi.dll
0x00007ffee3700000 - 0x00007ffee37b2000 	C:\WINDOWS\SYSTEM32\SHCORE.dll
0x00007ffee5a40000 - 0x00007ffee5a76000 	C:\WINDOWS\system32\IMM32.DLL
0x00007ffee6220000 - 0x00007ffee6372000 	C:\WINDOWS\system32\MSCTF.dll
0x00007ffee2a70000 - 0x00007ffee2ceb000 	C:\WINDOWS\WinSxS\amd64_microsoft.windows.common-controls_6595b64144ccf1df_6.0.9600.17415_none_6240486fecbd8abb\COMCTL32.dll
0x00000000696c0000 - 0x0000000069792000 	C:\Program Files\Java\jre1.8.0_25\bin\msvcr100.dll
0x000000006a3b0000 - 0x000000006ac0a000 	C:\Program Files\Java\jre1.8.0_25\bin\server\jvm.dll
0x00007ffecd2f0000 - 0x00007ffecd2f9000 	C:\WINDOWS\SYSTEM32\WSOCK32.dll
0x00007ffed77f0000 - 0x00007ffed7812000 	C:\WINDOWS\SYSTEM32\WINMM.dll
0x00007ffee7da0000 - 0x00007ffee7da7000 	C:\WINDOWS\system32\PSAPI.DLL
0x00007ffee5a80000 - 0x00007ffee5ada000 	C:\WINDOWS\system32\WS2_32.dll
0x00007ffed75d0000 - 0x00007ffed75fa000 	C:\WINDOWS\SYSTEM32\WINMMBASE.dll
0x00007ffee60d0000 - 0x00007ffee60d9000 	C:\WINDOWS\system32\NSI.dll
0x00007ffee5840000 - 0x00007ffee588f000 	C:\WINDOWS\SYSTEM32\cfgmgr32.dll
0x00007ffee4150000 - 0x00007ffee4178000 	C:\WINDOWS\SYSTEM32\DEVOBJ.dll
0x000000006b5e0000 - 0x000000006b5ef000 	C:\Program Files\Java\jre1.8.0_25\bin\verify.dll
0x000000006b5b0000 - 0x000000006b5d8000 	C:\Program Files\Java\jre1.8.0_25\bin\java.dll
0x000000006b590000 - 0x000000006b5a6000 	C:\Program Files\Java\jre1.8.0_25\bin\zip.dll
0x0000000069520000 - 0x00000000696b8000 	C:\Program Files\Java\jre1.8.0_25\bin\awt.dll
0x00007ffee5ae0000 - 0x00007ffee5ba1000 	C:\WINDOWS\system32\OLEAUT32.dll
0x00007ffee3500000 - 0x00007ffee3521000 	C:\WINDOWS\system32\DWMAPI.DLL
0x00007ffee3fd0000 - 0x00007ffee40f9000 	C:\WINDOWS\system32\uxtheme.dll
0x00007ffee41a0000 - 0x00007ffee41ab000 	C:\WINDOWS\SYSTEM32\kernel.appcore.dll
0x00007ffee5230000 - 0x00007ffee523b000 	C:\WINDOWS\SYSTEM32\CRYPTBASE.dll
0x00007ffee51c0000 - 0x00007ffee5223000 	C:\WINDOWS\SYSTEM32\bcryptPrimitives.dll
0x00007ffedaca0000 - 0x00007ffedaec1000 	C:\WINDOWS\system32\d3d9.dll
0x00007ffee3010000 - 0x00007ffee301a000 	C:\WINDOWS\SYSTEM32\VERSION.dll
0x00007ffee2870000 - 0x00007ffee29bb000 	C:\WINDOWS\SYSTEM32\aticfx64.dll
0x00007ffec0180000 - 0x00007ffec01a1000 	C:\WINDOWS\SYSTEM32\atiu9p64.dll
0x00007ffebed60000 - 0x00007ffebf545000 	C:\WINDOWS\SYSTEM32\atiumd64.dll
0x000000006acf0000 - 0x000000006b4a7000 	C:\WINDOWS\SYSTEM32\atiumd6a.dll
0x00000000694d0000 - 0x0000000069517000 	C:\Program Files\Java\jre1.8.0_25\bin\fontmanager.dll
0x00007ffee4d60000 - 0x00007ffee4d80000 	C:\WINDOWS\SYSTEM32\CRYPTSP.dll
0x00007ffee47e0000 - 0x00007ffee4816000 	C:\WINDOWS\system32\rsaenh.dll
0x00007ffee4e80000 - 0x00007ffee4ea6000 	C:\WINDOWS\SYSTEM32\bcrypt.dll
0x000000006b570000 - 0x000000006b58a000 	C:\Program Files\Java\jre1.8.0_25\bin\net.dll
0x00007ffee4b20000 - 0x00007ffee4b79000 	C:\WINDOWS\system32\mswsock.dll
0x00007ffee1080000 - 0x00007ffee10aa000 	C:\WINDOWS\SYSTEM32\IPHLPAPI.DLL
0x00007ffee2670000 - 0x00007ffee267a000 	C:\WINDOWS\SYSTEM32\WINNSI.DLL
0x00007ffee0160000 - 0x00007ffee0176000 	C:\WINDOWS\SYSTEM32\dhcpcsvc6.DLL
0x00007ffee02b0000 - 0x00007ffee02ca000 	C:\WINDOWS\SYSTEM32\dhcpcsvc.DLL
0x000000006a390000 - 0x000000006a3a1000 	C:\Program Files\Java\jre1.8.0_25\bin\nio.dll
0x00000000637c0000 - 0x00000000637cd000 	S:\Users\Ben\AppData\Local\Temp\jogamp_0000\file_cache\jln6996505932856846480\jln1348969079260892997\gluegen-rt.dll
0x00000000694c0000 - 0x00000000694c7000 	C:\Program Files\Java\jre1.8.0_25\bin\jawt.dll
0x0000000019f90000 - 0x0000000019f9d000 	S:\Users\Ben\AppData\Local\Temp\jogamp_0000\file_cache\jln6996505932856846480\jln1348969079260892997\nativewindow_awt.dll
0x000000006c100000 - 0x000000006c10f000 	S:\Users\Ben\AppData\Local\Temp\jogamp_0000\file_cache\jln6996505932856846480\jln1348969079260892997\nativewindow_win32.dll
0x00007ffecea70000 - 0x00007ffeceb9b000 	C:\WINDOWS\SYSTEM32\OpenGL32.dll
0x00007ffedc620000 - 0x00007ffedc64e000 	C:\WINDOWS\SYSTEM32\GLU32.dll
0x00007ffedc2f0000 - 0x00007ffedc3e8000 	C:\WINDOWS\SYSTEM32\DDRAW.dll
0x00007ffee0d60000 - 0x00007ffee0d69000 	C:\WINDOWS\SYSTEM32\DCIMAN32.dll
0x0000000064500000 - 0x00000000645a2000 	S:\Users\Ben\AppData\Local\Temp\jogamp_0000\file_cache\jln6996505932856846480\jln1348969079260892997\jogl_desktop.dll
0x00007ffedc600000 - 0x00007ffedc618000 	C:\WINDOWS\SYSTEM32\atig6pxx.dll
0x0000000067910000 - 0x00000000694bf000 	C:\WINDOWS\SYSTEM32\atio6axx.dll
0x00007ffee7bc0000 - 0x00007ffee7d9a000 	C:\WINDOWS\system32\SETUPAPI.dll
0x00007ffee10e0000 - 0x00007ffee1217000 	C:\WINDOWS\SYSTEM32\atiadlxx.dll
0x00007ffee16b0000 - 0x00007ffee182f000 	C:\WINDOWS\SYSTEM32\PROPSYS.dll
0x00007ffee3f70000 - 0x00007ffee3f82000 	C:\WINDOWS\SYSTEM32\WTSAPI32.dll
0x00007ffee57e0000 - 0x00007ffee5831000 	C:\WINDOWS\system32\WINTRUST.dll
0x00007ffee5600000 - 0x00007ffee57df000 	C:\WINDOWS\system32\CRYPT32.dll
0x00007ffee5410000 - 0x00007ffee5421000 	C:\WINDOWS\system32\MSASN1.dll
0x00007ffedc550000 - 0x00007ffedc579000 	C:\WINDOWS\SYSTEM32\atig6txx.dll
0x00007ffece8d0000 - 0x00007ffecea6c000 	O:\OneDrive\Workspace\ZZavatar\lib\user\KinectPV2\Kinect20.Face.dll
0x00007ffed76f0000 - 0x00007ffed7797000 	C:\WINDOWS\SYSTEM32\MSVCP110.dll
0x00007ffeddd70000 - 0x00007ffedde3e000 	C:\WINDOWS\SYSTEM32\MSVCR110.dll
0x00007ffee0cb0000 - 0x00007ffee0cc0000 	O:\OneDrive\Workspace\ZZavatar\lib\user\KinectPV2\KinectPV2.dll
0x00007ffeda070000 - 0x00007ffeda12a000 	C:\WINDOWS\SYSTEM32\Kinect20.dll
0x00007ffed7820000 - 0x00007ffed790b000 	C:\WINDOWS\SYSTEM32\MFPlat.DLL
0x00007ffed7650000 - 0x00007ffed7677000 	C:\WINDOWS\SYSTEM32\RTWorkQ.DLL
0x00007ffee3130000 - 0x00007ffee313c000 	C:\WINDOWS\SYSTEM32\AVRT.dll
0x00007ffebeae0000 - 0x00007ffebec6a000 	C:\WINDOWS\SYSTEM32\dbghelp.dll

VM Arguments:
jvm_args: -Djava.library.path=O:\OneDrive\Workspace\ZZavatar\lib\base\video;O:\OneDrive\Workspace\ZZavatar\lib\base\video;O:\OneDrive\Workspace\ZZavatar\lib\base\video;O:\OneDrive\Workspace\ZZavatar\lib\base\core;O:\OneDrive\Workspace\ZZavatar\lib\base\core;O:\OneDrive\Workspace\ZZavatar\lib\base\core;O:\OneDrive\Workspace\ZZavatar\lib\base\core;O:\OneDrive\Workspace\ZZavatar\lib\base\core;O:\OneDrive\Workspace\ZZavatar\lib\base\core;O:\OneDrive\Workspace\ZZavatar\lib\base\core;O:\OneDrive\Workspace\ZZavatar\lib\base\core;O:\OneDrive\Workspace\ZZavatar\lib\base\core;O:\OneDrive\Workspace\ZZavatar\lib\base\core;O:\OneDrive\Workspace\ZZavatar\lib\base\core;O:\OneDrive\Workspace\ZZavatar\lib\base\core;O:\OneDrive\Workspace\ZZavatar\lib\base\core;O:\OneDrive\Workspace\ZZavatar\lib\base\core;O:\OneDrive\Workspace\ZZavatar\lib\base\core;O:\OneDrive\Workspace\ZZavatar\lib\user\Kinect4WinSDK;O:\OneDrive\Workspace\ZZavatar\lib\user\KinectPV2;O:\OneDrive\Workspace\ZZavatar\lib\user\SimpleOpenNI -Dfile.encoding=Cp1252 
java_command: zzavatar.ZZavatar
java_class_path (initial): O:\OneDrive\Workspace\ZZavatar\lib\base\video\gstreamer-java.jar;O:\OneDrive\Workspace\ZZavatar\lib\base\video\jna.jar;O:\OneDrive\Workspace\ZZavatar\lib\base\video\video.jar;O:\OneDrive\Workspace\ZZavatar\lib\base\core\core.jar;O:\OneDrive\Workspace\ZZavatar\lib\base\core\gluegen-rt-natives-linux-amd64.jar;O:\OneDrive\Workspace\ZZavatar\lib\base\core\gluegen-rt-natives-linux-armv6hf.jar;O:\OneDrive\Workspace\ZZavatar\lib\base\core\gluegen-rt-natives-linux-i586.jar;O:\OneDrive\Workspace\ZZavatar\lib\base\core\gluegen-rt-natives-macosx-universal.jar;O:\OneDrive\Workspace\ZZavatar\lib\base\core\gluegen-rt-natives-windows-amd64.jar;O:\OneDrive\Workspace\ZZavatar\lib\base\core\gluegen-rt-natives-windows-i586.jar;O:\OneDrive\Workspace\ZZavatar\lib\base\core\gluegen-rt.jar;O:\OneDrive\Workspace\ZZavatar\lib\base\core\jogl-all-natives-linux-amd64.jar;O:\OneDrive\Workspace\ZZavatar\lib\base\core\jogl-all-natives-linux-armv6hf.jar;O:\OneDrive\Workspace\ZZavatar\lib\base\core\jogl-all-natives-linux-i586.jar;O:\OneDrive\Workspace\ZZavatar\lib\base\core\jogl-all-natives-macosx-universal.jar;O:\OneDrive\Workspace\ZZavatar\lib\base\core\jogl-all-natives-windows-amd64.jar;O:\OneDrive\Workspace\ZZavatar\lib\base\core\jogl-all-natives-windows-i586.jar;O:\OneDrive\Workspace\ZZavatar\lib\base\core\jogl-all.jar;O:\OneDrive\Workspace\ZZavatar\lib\user\Kinect4WinSDK\Kinect4WinSDK.jar;O:\OneDrive\Workspace\ZZavatar\lib\user\KinectPV2\KinectPV2.jar;O:\OneDrive\Workspace\ZZavatar\lib\user\SimpleOpenNI\SimpleOpenNI.jar;O:\OneDrive\Workspace\ZZavatar\bin
Launcher Type: SUN_STANDARD

Environment Variables:
JAVA_HOME=C:\Program Files\Java\jdk1.8.0_25
PATH=C:/Program Files/Java/jre1.8.0_25/bin/server;C:/Program Files/Java/jre1.8.0_25/bin;C:/Program Files/Java/jre1.8.0_25/lib/amd64;C:\Program Files (x86)\NVIDIA Corporation\PhysX\Common;C:\ProgramData\Oracle\Java\javapath;C:\Program Files (x86)\Common Files\Intel\Shared Libraries\redist\intel64\compiler;C:\Program Files (x86)\Common Files\Intel\Shared Libraries\redist\ia32\compiler;C:\Program Files (x86)\Intel\iCLS Client\;C:\Program Files\Intel\iCLS Client\;C:\Program Files (x86)\AMD APP\bin\x86_64;C:\Program Files (x86)\AMD APP\bin\x86;C:\WINDOWS\system32;C:\WINDOWS;C:\WINDOWS\System32\Wbem;C:\WINDOWS\System32\WindowsPowerShell\v1.0\;C:\Program Files (x86)\ATI Technologies\ATI.ACE\Core-Static;C:\Program Files\Intel\Intel(R) Management Engine Components\DAL;C:\Program Files\Intel\Intel(R) Management Engine Components\IPT;C:\Program Files (x86)\Intel\Intel(R) Management Engine Components\DAL;C:\Program Files (x86)\Intel\Intel(R) Management Engine Components\IPT;C:\Program Files\Sony\VAIO Improvement\;C:\Program Files (x86)\Sony\VAIO Startup Setting Tool;C:\Program Files (x86)\Windows Kits\8.1\Windows Performance Toolkit\;C:\Program Files\Microsoft SQL Server\110\Tools\Binn\;C:\Program Files (x86)\Microsoft SDKs\TypeScript\1.0\;C:\Program Files\Microsoft\Web Platform Installer\;C:\Program Files (x86)\Java\jre1.8.0_25\bin;P:\Programs\Python27\Scripts;P:\Programs\Python27;C:\Program Files\Common Files\Autodesk Shared\;P:\Program Files\Programs;P:\Program Files\Games;P:\Programs\Eclipse;
USERNAME=Benoît
OS=Windows_NT
PROCESSOR_IDENTIFIER=Intel64 Family 6 Model 58 Stepping 9, GenuineIntel



---------------  S Y S T E M  ---------------

OS: Windows 8.1 , 64 bit Build 9600 

CPU:total 8 (4 cores per cpu, 2 threads per core) family 6 model 58 stepping 9, cmov, cx8, fxsr, mmx, sse, sse2, sse3, ssse3, sse4.1, sse4.2, popcnt, avx, aes, clmul, erms, ht, tsc, tscinvbit, tscinv

Memory: 4k page, physical 6237468k(1921604k free), swap 10431772k(3865664k free)

vm_info: Java HotSpot(TM) 64-Bit Server VM (25.25-b02) for windows-amd64 JRE (1.8.0_25-b18), built on Oct  7 2014 14:25:37 by "java_re" with MS VC++ 10.0 (VS2010)

time: Thu Apr 23 16:58:27 2015
elapsed time: 6 seconds (0d 0h 0m 6s)

