#
# A fatal error has been detected by the Java Runtime Environment:
#
#  EXCEPTION_ACCESS_VIOLATION (0xc0000005) at pc=0x00007ff980284110, pid=4320, tid=7540
#
# JRE version: Java(TM) SE Runtime Environment (8.0_25-b18) (build 1.8.0_25-b18)
# Java VM: Java HotSpot(TM) 64-Bit Server VM (25.25-b02 mixed mode windows-amd64 compressed oops)
# Problematic frame:
# C  [KinectPV2.dll+0x4110]
#
# Failed to write core dump. Minidumps are not enabled by default on client versions of Windows
#
# If you would like to submit a bug report, please visit:
#   http://bugreport.sun.com/bugreport/crash.jsp
# The crash happened outside the Java Virtual Machine in native code.
# See problematic frame for where to report the bug.
#

---------------  T H R E A D  ---------------

Current thread (0x00000000190ea000):  JavaThread "Animation Thread" [_thread_in_native, id=7540, stack(0x000000001c120000,0x000000001c220000)]

siginfo: ExceptionCode=0xc0000005, reading address 0xffffffffffffffff

Registers:
RAX=0x0000000000000001, RBX=0x000000002ded7040, RCX=0x004d4b960a00000a, RDX=0x0000000000000000
RSP=0x000000001c21e7d0, RBP=0x0000000000000006, RSI=0x0000000000000000, RDI=0x000000001efb4c68
R8 =0x000000001c21e498, R9 =0x0000000000008000, R10=0x0000000000000000, R11=0x000000001c21e6d0
R12=0x0000000000000000, R13=0x000000001f44d198, R14=0x0000000000000000, R15=0x00000000190ea000
RIP=0x00007ff980284110, EFLAGS=0x0000000000010206

Top of Stack: (sp=0x000000001c21e7d0)
0x000000001c21e7d0:   000000001efb4c38 000000001f7c5dd8
0x000000001c21e7e0:   000000001efb4c38 0000000000000000
0x000000001c21e7f0:   000000001c21e8c0 00007ff980281fba
0x000000001c21e800:   000000001c21e8c0 000000001c21e8a0
0x000000001c21e810:   00000000190ea1e8 00000000190e33c0
0x000000001c21e820:   00000000a3b2db58 0000000002115b74
0x000000001c21e830:   000000001f44d198 00000000a3b2db38
0x000000001c21e840:   00000000a3b2db38 00000000190ea000
0x000000001c21e850:   000000001c21e918 00000000021158a2
0x000000001c21e860:   000000001c21e860 000000001f44d198
0x000000001c21e870:   000000001c21e8c0 000000001f44e128
0x000000001c21e880:   0000000000000000 000000001f44d198
0x000000001c21e890:   0000000000000000 000000001c21e8c0
0x000000001c21e8a0:   000000001c21e908 0000000002107a2d
0x000000001c21e8b0:   0000000000000000 000000000210f6b8
0x000000001c21e8c0:   00000000a38822f0 000000001c21e8c8 

Instructions: (pc=0x00007ff980284110)
0x00007ff9802840f0:   89 77 d0 48 8b 0f 48 85 c9 74 09 48 8b 01 ff 50
0x00007ff980284100:   10 4c 89 37 48 8b 8f 90 00 00 00 48 85 c9 74 0d
0x00007ff980284110:   48 8b 01 ff 50 10 4c 89 b7 90 00 00 00 48 8b 4f
0x00007ff980284120:   30 48 85 c9 74 0a 48 8b 01 ff 50 10 4c 89 77 30 


Register to memory mapping:

RAX=0x0000000000000001 is an unknown value
RBX=0x000000002ded7040 is an unknown value
RCX=0x004d4b960a00000a is an unknown value
RDX=0x0000000000000000 is an unknown value
RSP=0x000000001c21e7d0 is pointing into the stack for thread: 0x00000000190ea000
RBP=0x0000000000000006 is an unknown value
RSI=0x0000000000000000 is an unknown value
RDI=0x000000001efb4c68 is an unknown value
R8 =0x000000001c21e498 is pointing into the stack for thread: 0x00000000190ea000
R9 =0x0000000000008000 is an unknown value
R10=0x0000000000000000 is an unknown value
R11=0x000000001c21e6d0 is pointing into the stack for thread: 0x00000000190ea000
R12=0x0000000000000000 is an unknown value
R13={method} {0x000000001f44d1a0} 'jniStopDevice' '()V' in 'KinectPV2/Device'
R14=0x0000000000000000 is an unknown value
R15=0x00000000190ea000 is a thread


Stack: [0x000000001c120000,0x000000001c220000],  sp=0x000000001c21e7d0,  free space=1017k
Native frames: (J=compiled Java code, j=interpreted, Vv=VM code, C=native code)
C  [KinectPV2.dll+0x4110]
C  [KinectPV2.dll+0x1fba]
C  0x0000000002115b74

Java frames: (J=compiled Java code, j=interpreted, Vv=VM code)
j  KinectPV2.Device.jniStopDevice()V+0
j  KinectPV2.Device.stopDevice()V+41
j  KinectPV2.KinectPV2.dispose()V+14
v  ~StubRoutines::call_stub
j  sun.reflect.NativeMethodAccessorImpl.invoke0(Ljava/lang/reflect/Method;Ljava/lang/Object;[Ljava/lang/Object;)Ljava/lang/Object;+0
j  sun.reflect.NativeMethodAccessorImpl.invoke(Ljava/lang/Object;[Ljava/lang/Object;)Ljava/lang/Object;+100
J 2176 C1 sun.reflect.DelegatingMethodAccessorImpl.invoke(Ljava/lang/Object;[Ljava/lang/Object;)Ljava/lang/Object; (10 bytes) @ 0x00000000028b3044 [0x00000000028b2f40+0x104]
J 2175 C1 java.lang.reflect.Method.invoke(Ljava/lang/Object;[Ljava/lang/Object;)Ljava/lang/Object; (62 bytes) @ 0x00000000028b2a64 [0x00000000028b2680+0x3e4]
j  processing.core.PApplet$RegisteredMethods.handle([Ljava/lang/Object;)V+18
J 1944 C1 processing.core.PApplet.handleMethods(Ljava/lang/String;)V (21 bytes) @ 0x00000000027ed75c [0x00000000027ed4a0+0x2bc]
j  processing.core.PApplet.dispose()V+35
j  processing.core.PApplet.run()V+283
j  java.lang.Thread.run()V+11
v  ~StubRoutines::call_stub

---------------  P R O C E S S  ---------------

Java Threads: ( => current thread )
  0x000000001965a800 JavaThread "Thread-4" [_thread_in_native, id=7640, stack(0x000000002e630000,0x000000002e730000)]
  0x00000000194b6000 JavaThread "Animation Thread-SharedResourceRunner" daemon [_thread_blocked, id=7124, stack(0x000000001e3f0000,0x000000001e4f0000)]
  0x000000000069e800 JavaThread "DestroyJavaVM" [_thread_blocked, id=5312, stack(0x0000000001e20000,0x0000000001f20000)]
  0x000000001917e800 JavaThread "D3D Screen Updater" daemon [_thread_blocked, id=3056, stack(0x000000001c420000,0x000000001c520000)]
=>0x00000000190ea000 JavaThread "Animation Thread" [_thread_in_native, id=7540, stack(0x000000001c120000,0x000000001c220000)]
  0x00000000190d3000 JavaThread "AWT-EventQueue-0" [_thread_blocked, id=1656, stack(0x000000001bf20000,0x000000001c020000)]
  0x000000001821e000 JavaThread "AWT-Windows" daemon [_thread_in_native, id=5404, stack(0x00000000199b0000,0x0000000019ab0000)]
  0x000000001821d800 JavaThread "AWT-Shutdown" [_thread_blocked, id=3980, stack(0x00000000198b0000,0x00000000199b0000)]
  0x0000000019088000 JavaThread "Java2D Disposer" daemon [_thread_blocked, id=888, stack(0x00000000197b0000,0x00000000198b0000)]
  0x0000000017ed8800 JavaThread "Service Thread" daemon [_thread_blocked, id=7772, stack(0x0000000018820000,0x0000000018920000)]
  0x0000000017e59000 JavaThread "C1 CompilerThread3" daemon [_thread_blocked, id=7348, stack(0x0000000018720000,0x0000000018820000)]
  0x0000000017e58800 JavaThread "C2 CompilerThread2" daemon [_thread_blocked, id=4116, stack(0x0000000018620000,0x0000000018720000)]
  0x0000000017e52800 JavaThread "C2 CompilerThread1" daemon [_thread_blocked, id=5228, stack(0x0000000018520000,0x0000000018620000)]
  0x0000000017e4d000 JavaThread "C2 CompilerThread0" daemon [_thread_blocked, id=2620, stack(0x0000000018420000,0x0000000018520000)]
  0x0000000017e47000 JavaThread "Attach Listener" daemon [_thread_blocked, id=7724, stack(0x0000000018320000,0x0000000018420000)]
  0x0000000017e45800 JavaThread "Signal Dispatcher" daemon [_thread_blocked, id=7008, stack(0x0000000018220000,0x0000000018320000)]
  0x00000000020fa000 JavaThread "Finalizer" daemon [_thread_blocked, id=6856, stack(0x0000000017d20000,0x0000000017e20000)]
  0x00000000020f1000 JavaThread "Reference Handler" daemon [_thread_blocked, id=6232, stack(0x0000000017c20000,0x0000000017d20000)]

Other Threads:
  0x0000000015e49000 VMThread [stack: 0x0000000017b20000,0x0000000017c20000] [id=7612]
  0x0000000017edc800 WatcherThread [stack: 0x0000000018920000,0x0000000018a20000] [id=860]

VM state:not at safepoint (normal execution)

VM Mutex/Monitor currently owned by a thread: None

Heap:
 PSYoungGen      total 333824K, used 239455K [0x00000000e0400000, 0x00000000f5d00000, 0x0000000100000000)
  eden space 319488K, 72% used [0x00000000e0400000,0x00000000ee4f2f18,0x00000000f3c00000)
  from space 14336K, 63% used [0x00000000f3c00000,0x00000000f44e5020,0x00000000f4a00000)
  to   space 15872K, 0% used [0x00000000f4d80000,0x00000000f4d80000,0x00000000f5d00000)
 ParOldGen       total 227840K, used 155983K [0x00000000a0c00000, 0x00000000aea80000, 0x00000000e0400000)
  object space 227840K, 68% used [0x00000000a0c00000,0x00000000aa453e98,0x00000000aea80000)
 Metaspace       used 18512K, capacity 18761K, committed 19072K, reserved 1067008K
  class space    used 1773K, capacity 1825K, committed 1920K, reserved 1048576K

Card table byte_map: [0x00000000114c0000,0x00000000117c0000] byte_map_base: 0x0000000010fba000

Marking Bits: (ParMarkBitMap*) 0x00000000772bd490
 Begin Bits: [0x00000000121c0000, 0x0000000013990000)
 End Bits:   [0x0000000013990000, 0x0000000015160000)

Polling page: 0x0000000000660000

CodeCache: size=245760Kb used=8693Kb max_used=9575Kb free=237066Kb
 bounds [0x0000000002100000, 0x0000000002a70000, 0x0000000011100000]
 total_blobs=3291 nmethods=2408 adapters=797
 compilation: enabled

Compilation events (10 events):
Event: 21.893 Thread 0x0000000017e52800 2654       4       java.awt.Font::hashCode (76 bytes)
Event: 21.894 Thread 0x0000000017e52800 nmethod 2654 0x0000000002200c50 code [0x0000000002200da0, 0x0000000002200eb8]
Event: 22.178 Thread 0x0000000017e4d000 2655       4       java.nio.DirectIntBufferU::put (18 bytes)
Event: 22.179 Thread 0x0000000017e4d000 nmethod 2655 0x00000000023ab050 code [0x00000000023ab180, 0x00000000023ab218]
Event: 22.244 Thread 0x0000000017e58800 2656       4       processing.opengl.PGraphicsOpenGL::textCharImpl (198 bytes)
Event: 22.266 Thread 0x0000000017e58800 nmethod 2656 0x00000000023b3bd0 code [0x00000000023b3e00, 0x00000000023b4dc8]
Event: 22.479 Thread 0x0000000017e52800 2657       4       processing.opengl.PGraphicsOpenGL::textWidthImpl (51 bytes)
Event: 22.504 Thread 0x0000000017e52800 nmethod 2657 0x00000000025b2f90 code [0x00000000025b3240, 0x00000000025b4610]
Event: 22.877 Thread 0x0000000017e4d000 2658       4       sun.awt.AppContext::getAppContext (51 bytes)
Event: 22.879 Thread 0x0000000017e4d000 nmethod 2658 0x00000000022fec10 code [0x00000000022fed60, 0x00000000022fee28]

GC Heap History (10 events):
Event: 20.179 GC heap before
{Heap before GC invocations=48 (full 3):
 PSYoungGen      total 333824K, used 314419K [0x00000000e0400000, 0x00000000f5d00000, 0x0000000100000000)
  eden space 316416K, 99% used [0x00000000e0400000,0x00000000f36e4fc0,0x00000000f3900000)
  from space 17408K, 0% used [0x00000000f4c00000,0x00000000f4c28000,0x00000000f5d00000)
  to   space 18432K, 0% used [0x00000000f3900000,0x00000000f3900000,0x00000000f4b00000)
 ParOldGen       total 227840K, used 155927K [0x00000000a0c00000, 0x00000000aea80000, 0x00000000e0400000)
  object space 227840K, 68% used [0x00000000a0c00000,0x00000000aa445e98,0x00000000aea80000)
 Metaspace       used 18500K, capacity 18697K, committed 18816K, reserved 1067008K
  class space    used 1773K, capacity 1825K, committed 1920K, reserved 1048576K
Event: 20.181 GC heap after
Heap after GC invocations=48 (full 3):
 PSYoungGen      total 334848K, used 160K [0x00000000e0400000, 0x00000000f5c80000, 0x0000000100000000)
  eden space 316416K, 0% used [0x00000000e0400000,0x00000000e0400000,0x00000000f3900000)
  from space 18432K, 0% used [0x00000000f3900000,0x00000000f3928000,0x00000000f4b00000)
  to   space 17408K, 0% used [0x00000000f4b80000,0x00000000f4b80000,0x00000000f5c80000)
 ParOldGen       total 227840K, used 155927K [0x00000000a0c00000, 0x00000000aea80000, 0x00000000e0400000)
  object space 227840K, 68% used [0x00000000a0c00000,0x00000000aa445e98,0x00000000aea80000)
 Metaspace       used 18500K, capacity 18697K, committed 18816K, reserved 1067008K
  class space    used 1773K, capacity 1825K, committed 1920K, reserved 1048576K
}
Event: 20.680 GC heap before
{Heap before GC invocations=49 (full 3):
 PSYoungGen      total 334848K, used 314456K [0x00000000e0400000, 0x00000000f5c80000, 0x0000000100000000)
  eden space 316416K, 99% used [0x00000000e0400000,0x00000000f36ee328,0x00000000f3900000)
  from space 18432K, 0% used [0x00000000f3900000,0x00000000f3928000,0x00000000f4b00000)
  to   space 17408K, 0% used [0x00000000f4b80000,0x00000000f4b80000,0x00000000f5c80000)
 ParOldGen       total 227840K, used 155927K [0x00000000a0c00000, 0x00000000aea80000, 0x00000000e0400000)
  object space 227840K, 68% used [0x00000000a0c00000,0x00000000aa445e98,0x00000000aea80000)
 Metaspace       used 18500K, capacity 18697K, committed 18816K, reserved 1067008K
  class space    used 1773K, capacity 1825K, committed 1920K, reserved 1048576K
Event: 20.681 GC heap after
Heap after GC invocations=49 (full 3):
 PSYoungGen      total 333312K, used 160K [0x00000000e0400000, 0x00000000f5a80000, 0x0000000100000000)
  eden space 317952K, 0% used [0x00000000e0400000,0x00000000e0400000,0x00000000f3a80000)
  from space 15360K, 1% used [0x00000000f4b80000,0x00000000f4ba8000,0x00000000f5a80000)
  to   space 16384K, 0% used [0x00000000f3a80000,0x00000000f3a80000,0x00000000f4a80000)
 ParOldGen       total 227840K, used 155967K [0x00000000a0c00000, 0x00000000aea80000, 0x00000000e0400000)
  object space 227840K, 68% used [0x00000000a0c00000,0x00000000aa44fe98,0x00000000aea80000)
 Metaspace       used 18500K, capacity 18697K, committed 18816K, reserved 1067008K
  class space    used 1773K, capacity 1825K, committed 1920K, reserved 1048576K
}
Event: 21.181 GC heap before
{Heap before GC invocations=50 (full 3):
 PSYoungGen      total 333312K, used 314511K [0x00000000e0400000, 0x00000000f5a80000, 0x0000000100000000)
  eden space 317952K, 98% used [0x00000000e0400000,0x00000000f36fbf30,0x00000000f3a80000)
  from space 15360K, 1% used [0x00000000f4b80000,0x00000000f4ba8000,0x00000000f5a80000)
  to   space 16384K, 0% used [0x00000000f3a80000,0x00000000f3a80000,0x00000000f4a80000)
 ParOldGen       total 227840K, used 155967K [0x00000000a0c00000, 0x00000000aea80000, 0x00000000e0400000)
  object space 227840K, 68% used [0x00000000a0c00000,0x00000000aa44fe98,0x00000000aea80000)
 Metaspace       used 18500K, capacity 18697K, committed 18816K, reserved 1067008K
  class space    used 1773K, capacity 1825K, committed 1920K, reserved 1048576K
Event: 21.183 GC heap after
Heap after GC invocations=50 (full 3):
 PSYoungGen      total 334336K, used 160K [0x00000000e0400000, 0x00000000f5a00000, 0x0000000100000000)
  eden space 317952K, 0% used [0x00000000e0400000,0x00000000e0400000,0x00000000f3a80000)
  from space 16384K, 0% used [0x00000000f3a80000,0x00000000f3aa8000,0x00000000f4a80000)
  to   space 15360K, 0% used [0x00000000f4b00000,0x00000000f4b00000,0x00000000f5a00000)
 ParOldGen       total 227840K, used 155967K [0x00000000a0c00000, 0x00000000aea80000, 0x00000000e0400000)
  object space 227840K, 68% used [0x00000000a0c00000,0x00000000aa44fe98,0x00000000aea80000)
 Metaspace       used 18500K, capacity 18697K, committed 18816K, reserved 1067008K
  class space    used 1773K, capacity 1825K, committed 1920K, reserved 1048576K
}
Event: 21.684 GC heap before
{Heap before GC invocations=51 (full 3):
 PSYoungGen      total 334336K, used 314024K [0x00000000e0400000, 0x00000000f5a00000, 0x0000000100000000)
  eden space 317952K, 98% used [0x00000000e0400000,0x00000000f3682338,0x00000000f3a80000)
  from space 16384K, 0% used [0x00000000f3a80000,0x00000000f3aa8000,0x00000000f4a80000)
  to   space 15360K, 0% used [0x00000000f4b00000,0x00000000f4b00000,0x00000000f5a00000)
 ParOldGen       total 227840K, used 155967K [0x00000000a0c00000, 0x00000000aea80000, 0x00000000e0400000)
  object space 227840K, 68% used [0x00000000a0c00000,0x00000000aa44fe98,0x00000000aea80000)
 Metaspace       used 18511K, capacity 18761K, committed 19072K, reserved 1067008K
  class space    used 1773K, capacity 1825K, committed 1920K, reserved 1048576K
Event: 21.686 GC heap after
Heap after GC invocations=51 (full 3):
 PSYoungGen      total 332800K, used 224K [0x00000000e0400000, 0x00000000f5800000, 0x0000000100000000)
  eden space 319488K, 0% used [0x00000000e0400000,0x00000000e0400000,0x00000000f3c00000)
  from space 13312K, 1% used [0x00000000f4b00000,0x00000000f4b38000,0x00000000f5800000)
  to   space 14336K, 0% used [0x00000000f3c00000,0x00000000f3c00000,0x00000000f4a00000)
 ParOldGen       total 227840K, used 155983K [0x00000000a0c00000, 0x00000000aea80000, 0x00000000e0400000)
  object space 227840K, 68% used [0x00000000a0c00000,0x00000000aa453e98,0x00000000aea80000)
 Metaspace       used 18511K, capacity 18761K, committed 19072K, reserved 1067008K
  class space    used 1773K, capacity 1825K, committed 1920K, reserved 1048576K
}
Event: 22.250 GC heap before
{Heap before GC invocations=52 (full 3):
 PSYoungGen      total 332800K, used 319677K [0x00000000e0400000, 0x00000000f5800000, 0x0000000100000000)
  eden space 319488K, 99% used [0x00000000e0400000,0x00000000f3bf75f8,0x00000000f3c00000)
  from space 13312K, 1% used [0x00000000f4b00000,0x00000000f4b38000,0x00000000f5800000)
  to   space 14336K, 0% used [0x00000000f3c00000,0x00000000f3c00000,0x00000000f4a00000)
 ParOldGen       total 227840K, used 155983K [0x00000000a0c00000, 0x00000000aea80000, 0x00000000e0400000)
  object space 227840K, 68% used [0x00000000a0c00000,0x00000000aa453e98,0x00000000aea80000)
 Metaspace       used 18511K, capacity 18761K, committed 19072K, reserved 1067008K
  class space    used 1773K, capacity 1825K, committed 1920K, reserved 1048576K
Event: 22.253 GC heap after
Heap after GC invocations=52 (full 3):
 PSYoungGen      total 333824K, used 9108K [0x00000000e0400000, 0x00000000f5d00000, 0x0000000100000000)
  eden space 319488K, 0% used [0x00000000e0400000,0x00000000e0400000,0x00000000f3c00000)
  from space 14336K, 63% used [0x00000000f3c00000,0x00000000f44e5020,0x00000000f4a00000)
  to   space 15872K, 0% used [0x00000000f4d80000,0x00000000f4d80000,0x00000000f5d00000)
 ParOldGen       total 227840K, used 155983K [0x00000000a0c00000, 0x00000000aea80000, 0x00000000e0400000)
  object space 227840K, 68% used [0x00000000a0c00000,0x00000000aa453e98,0x00000000aea80000)
 Metaspace       used 18511K, capacity 18761K, committed 19072K, reserved 1067008K
  class space    used 1773K, capacity 1825K, committed 1920K, reserved 1048576K
}

Deoptimization events (10 events):
Event: 12.293 Thread 0x00000000190d3000 Uncommon trap: reason=speculate_class_check action=maybe_recompile pc=0x00000000029bc3e4 method=com.jogamp.common.nio.Buffers.getDirectBufferByteOffset(Ljava/lang/Object;)I @ 42
Event: 12.293 Thread 0x00000000190d3000 Uncommon trap: reason=speculate_class_check action=maybe_recompile pc=0x00000000029bc3e4 method=com.jogamp.common.nio.Buffers.getDirectBufferByteOffset(Ljava/lang/Object;)I @ 42
Event: 12.493 Thread 0x00000000190d3000 Uncommon trap: reason=speculate_class_check action=maybe_recompile pc=0x00000000029cadfc method=com.jogamp.common.nio.Buffers.getDirectBufferByteOffset(Ljava/lang/Object;)I @ 53
Event: 12.493 Thread 0x00000000190d3000 Uncommon trap: reason=speculate_class_check action=maybe_recompile pc=0x00000000029cadfc method=com.jogamp.common.nio.Buffers.getDirectBufferByteOffset(Ljava/lang/Object;)I @ 53
Event: 13.261 Thread 0x00000000190d3000 Uncommon trap: reason=speculate_class_check action=maybe_recompile pc=0x0000000002a125fc method=com.jogamp.common.nio.Buffers.getDirectBufferByteOffset(Ljava/lang/Object;)I @ 22
Event: 13.261 Thread 0x00000000190d3000 Uncommon trap: reason=speculate_class_check action=maybe_recompile pc=0x0000000002a125fc method=com.jogamp.common.nio.Buffers.getDirectBufferByteOffset(Ljava/lang/Object;)I @ 22
Event: 13.461 Thread 0x00000000190d3000 Uncommon trap: reason=speculate_class_check action=maybe_recompile pc=0x0000000002a1a2e0 method=com.jogamp.common.nio.Buffers.getDirectBufferByteOffset(Ljava/lang/Object;)I @ 31
Event: 13.461 Thread 0x00000000190d3000 Uncommon trap: reason=speculate_class_check action=maybe_recompile pc=0x0000000002a1a2e0 method=com.jogamp.common.nio.Buffers.getDirectBufferByteOffset(Ljava/lang/Object;)I @ 31
Event: 13.660 Thread 0x00000000190d3000 Uncommon trap: reason=speculate_class_check action=maybe_recompile pc=0x0000000002a1cfc0 method=com.jogamp.common.nio.Buffers.getDirectBufferByteOffset(Ljava/lang/Object;)I @ 42
Event: 13.660 Thread 0x00000000190d3000 Uncommon trap: reason=speculate_class_check action=maybe_recompile pc=0x0000000002a1cfc0 method=com.jogamp.common.nio.Buffers.getDirectBufferByteOffset(Ljava/lang/Object;)I @ 42

Internal exceptions (10 events):
Event: 2.945 Thread 0x00000000190d3000 Exception <a 'java/security/PrivilegedActionException'> (0x00000000e4718be8) thrown at [D:\re\workspace\8-2-build-windows-amd64-cygwin\jdk8u25\1677\hotspot\src\share\vm\prims\jvm.cpp, line 1312]
Event: 2.945 Thread 0x00000000190d3000 Exception <a 'java/security/PrivilegedActionException'> (0x00000000e471c740) thrown at [D:\re\workspace\8-2-build-windows-amd64-cygwin\jdk8u25\1677\hotspot\src\share\vm\prims\jvm.cpp, line 1312]
Event: 2.946 Thread 0x00000000190d3000 Exception <a 'java/security/PrivilegedActionException'> (0x00000000e4720f40) thrown at [D:\re\workspace\8-2-build-windows-amd64-cygwin\jdk8u25\1677\hotspot\src\share\vm\prims\jvm.cpp, line 1312]
Event: 2.946 Thread 0x00000000190d3000 Exception <a 'java/security/PrivilegedActionException'> (0x00000000e4724678) thrown at [D:\re\workspace\8-2-build-windows-amd64-cygwin\jdk8u25\1677\hotspot\src\share\vm\prims\jvm.cpp, line 1312]
Event: 2.946 Thread 0x00000000190d3000 Exception <a 'java/security/PrivilegedActionException'> (0x00000000e47285c0) thrown at [D:\re\workspace\8-2-build-windows-amd64-cygwin\jdk8u25\1677\hotspot\src\share\vm\prims\jvm.cpp, line 1312]
Event: 2.947 Thread 0x00000000190d3000 Exception <a 'java/security/PrivilegedActionException'> (0x00000000e472e4d0) thrown at [D:\re\workspace\8-2-build-windows-amd64-cygwin\jdk8u25\1677\hotspot\src\share\vm\prims\jvm.cpp, line 1312]
Event: 2.960 Thread 0x00000000190d3000 Exception <a 'java/security/PrivilegedActionException'> (0x00000000e51ebf38) thrown at [D:\re\workspace\8-2-build-windows-amd64-cygwin\jdk8u25\1677\hotspot\src\share\vm\prims\jvm.cpp, line 1312]
Event: 4.301 Thread 0x00000000190d3000 Exception <a 'java/security/PrivilegedActionException'> (0x00000000e879f678) thrown at [D:\re\workspace\8-2-build-windows-amd64-cygwin\jdk8u25\1677\hotspot\src\share\vm\prims\jvm.cpp, line 1312]
Event: 4.308 Thread 0x00000000190d3000 Exception <a 'java/security/PrivilegedActionException'> (0x00000000e87ac1d0) thrown at [D:\re\workspace\8-2-build-windows-amd64-cygwin\jdk8u25\1677\hotspot\src\share\vm\prims\jvm.cpp, line 1312]
Event: 4.339 Thread 0x00000000190d3000 Exception <a 'java/security/PrivilegedActionException'> (0x00000000e87b5290) thrown at [D:\re\workspace\8-2-build-windows-amd64-cygwin\jdk8u25\1677\hotspot\src\share\vm\prims\jvm.cpp, line 1312]

Events (10 events):
Event: 21.131 Thread 0x0000000017e4d000 flushing nmethod 0x0000000002674110
Event: 21.131 Thread 0x0000000017e4d000 flushing nmethod 0x0000000002678d90
Event: 21.131 Thread 0x0000000017e4d000 flushing nmethod 0x0000000002679210
Event: 21.131 Thread 0x0000000017e4d000 flushing nmethod 0x0000000002693650
Event: 21.181 Executing VM operation: ParallelGCFailedAllocation
Event: 21.183 Executing VM operation: ParallelGCFailedAllocation done
Event: 21.684 Executing VM operation: ParallelGCFailedAllocation
Event: 21.686 Executing VM operation: ParallelGCFailedAllocation done
Event: 22.250 Executing VM operation: ParallelGCFailedAllocation
Event: 22.253 Executing VM operation: ParallelGCFailedAllocation done


Dynamic libraries:
0x00007ff669010000 - 0x00007ff669044000 	C:\Program Files\Java\jre1.8.0_25\bin\javaw.exe
0x00007ff98c320000 - 0x00007ff98c4cc000 	C:\WINDOWS\SYSTEM32\ntdll.dll
0x00007ff989d20000 - 0x00007ff989e5e000 	C:\WINDOWS\system32\KERNEL32.DLL
0x00007ff9897d0000 - 0x00007ff9898e5000 	C:\WINDOWS\system32\KERNELBASE.dll
0x00007ff987ff0000 - 0x00007ff98807e000 	C:\WINDOWS\system32\apphelp.dll
0x00007ff973750000 - 0x00007ff9737a3000 	C:\WINDOWS\AppPatch\AppPatch64\AcGenral.DLL
0x00007ff98a220000 - 0x00007ff98a2ca000 	C:\WINDOWS\system32\msvcrt.dll
0x00007ff9892a0000 - 0x00007ff9892ce000 	C:\WINDOWS\SYSTEM32\SspiCli.dll
0x00007ff98b980000 - 0x00007ff98b9d4000 	C:\WINDOWS\system32\SHLWAPI.dll
0x00007ff989f00000 - 0x00007ff98a077000 	C:\WINDOWS\system32\USER32.dll
0x00007ff98bb50000 - 0x00007ff98bce4000 	C:\WINDOWS\system32\ole32.dll
0x00007ff98a390000 - 0x00007ff98b8a8000 	C:\WINDOWS\system32\SHELL32.dll
0x00007ff988a10000 - 0x00007ff988a31000 	C:\WINDOWS\SYSTEM32\USERENV.dll
0x00007ff989c10000 - 0x00007ff989cba000 	C:\WINDOWS\system32\ADVAPI32.dll
0x00007ff97c880000 - 0x00007ff97c89e000 	C:\WINDOWS\SYSTEM32\MPR.dll
0x00007ff98b9e0000 - 0x00007ff98bb21000 	C:\WINDOWS\system32\RPCRT4.dll
0x00007ff9899a0000 - 0x00007ff9899f9000 	C:\WINDOWS\SYSTEM32\sechost.dll
0x00007ff98bed0000 - 0x00007ff98c0e1000 	C:\WINDOWS\SYSTEM32\combase.dll
0x00007ff98a0c0000 - 0x00007ff98a211000 	C:\WINDOWS\system32\GDI32.dll
0x00007ff989470000 - 0x00007ff989485000 	C:\WINDOWS\SYSTEM32\profapi.dll
0x00007ff987810000 - 0x00007ff9878c2000 	C:\WINDOWS\SYSTEM32\SHCORE.dll
0x00007ff98a080000 - 0x00007ff98a0b6000 	C:\WINDOWS\system32\IMM32.DLL
0x00007ff98c1c0000 - 0x00007ff98c312000 	C:\WINDOWS\system32\MSCTF.dll
0x00007ff986b90000 - 0x00007ff986e0b000 	C:\WINDOWS\WinSxS\amd64_microsoft.windows.common-controls_6595b64144ccf1df_6.0.9600.17415_none_6240486fecbd8abb\COMCTL32.dll
0x0000000075f50000 - 0x0000000076022000 	C:\Program Files\Java\jre1.8.0_25\bin\msvcr100.dll
0x0000000076ae0000 - 0x000000007733a000 	C:\Program Files\Java\jre1.8.0_25\bin\server\jvm.dll
0x00007ff9707d0000 - 0x00007ff9707d9000 	C:\WINDOWS\SYSTEM32\WSOCK32.dll
0x00007ff97ca00000 - 0x00007ff97ca22000 	C:\WINDOWS\SYSTEM32\WINMM.dll
0x00007ff989e80000 - 0x00007ff989e87000 	C:\WINDOWS\system32\PSAPI.DLL
0x00007ff989a00000 - 0x00007ff989a5a000 	C:\WINDOWS\system32\WS2_32.dll
0x00007ff97c8d0000 - 0x00007ff97c8fa000 	C:\WINDOWS\SYSTEM32\WINMMBASE.dll
0x00007ff98bb30000 - 0x00007ff98bb39000 	C:\WINDOWS\system32\NSI.dll
0x00007ff989950000 - 0x00007ff98999f000 	C:\WINDOWS\SYSTEM32\cfgmgr32.dll
0x00007ff988260000 - 0x00007ff988288000 	C:\WINDOWS\SYSTEM32\DEVOBJ.dll
0x0000000076ad0000 - 0x0000000076adf000 	C:\Program Files\Java\jre1.8.0_25\bin\verify.dll
0x0000000076aa0000 - 0x0000000076ac8000 	C:\Program Files\Java\jre1.8.0_25\bin\java.dll
0x0000000076a80000 - 0x0000000076a96000 	C:\Program Files\Java\jre1.8.0_25\bin\zip.dll
0x0000000075db0000 - 0x0000000075f48000 	C:\Program Files\Java\jre1.8.0_25\bin\awt.dll
0x00007ff98c0f0000 - 0x00007ff98c1b1000 	C:\WINDOWS\system32\OLEAUT32.dll
0x00007ff987610000 - 0x00007ff987631000 	C:\WINDOWS\system32\DWMAPI.DLL
0x00007ff988130000 - 0x00007ff988259000 	C:\WINDOWS\system32\uxtheme.dll
0x00007ff9882b0000 - 0x00007ff9882bb000 	C:\WINDOWS\SYSTEM32\kernel.appcore.dll
0x00007ff989340000 - 0x00007ff98934b000 	C:\WINDOWS\SYSTEM32\CRYPTBASE.dll
0x00007ff9892d0000 - 0x00007ff989333000 	C:\WINDOWS\SYSTEM32\bcryptPrimitives.dll
0x00007ff97e8c0000 - 0x00007ff97eae1000 	C:\WINDOWS\system32\d3d9.dll
0x00007ff987180000 - 0x00007ff98718a000 	C:\WINDOWS\SYSTEM32\VERSION.dll
0x00007ff986970000 - 0x00007ff986abb000 	C:\WINDOWS\SYSTEM32\aticfx64.dll
0x00007ff965270000 - 0x00007ff965291000 	C:\WINDOWS\SYSTEM32\atiu9p64.dll
0x00007ff964a80000 - 0x00007ff965265000 	C:\WINDOWS\SYSTEM32\atiumd64.dll
0x0000000076110000 - 0x00000000768c7000 	C:\WINDOWS\SYSTEM32\atiumd6a.dll
0x00000000769f0000 - 0x0000000076a37000 	C:\Program Files\Java\jre1.8.0_25\bin\fontmanager.dll
0x00007ff988ce0000 - 0x00007ff988d00000 	C:\WINDOWS\SYSTEM32\CRYPTSP.dll
0x00007ff988900000 - 0x00007ff988936000 	C:\WINDOWS\system32\rsaenh.dll
0x00007ff988f90000 - 0x00007ff988fb6000 	C:\WINDOWS\SYSTEM32\bcrypt.dll
0x0000000076a60000 - 0x0000000076a7a000 	C:\Program Files\Java\jre1.8.0_25\bin\net.dll
0x00007ff988c80000 - 0x00007ff988cd9000 	C:\WINDOWS\system32\mswsock.dll
0x00007ff9860b0000 - 0x00007ff9860da000 	C:\WINDOWS\SYSTEM32\IPHLPAPI.DLL
0x00007ff986050000 - 0x00007ff98605a000 	C:\WINDOWS\SYSTEM32\WINNSI.DLL
0x00007ff9841e0000 - 0x00007ff9841f6000 	C:\WINDOWS\SYSTEM32\dhcpcsvc6.DLL
0x00007ff984380000 - 0x00007ff98439a000 	C:\WINDOWS\SYSTEM32\dhcpcsvc.DLL
0x0000000076a40000 - 0x0000000076a51000 	C:\Program Files\Java\jre1.8.0_25\bin\nio.dll
0x00000000637c0000 - 0x00000000637cd000 	S:\Users\Ben\AppData\Local\Temp\jogamp_0000\file_cache\jln7358401581348774888\jln2247135129741497635\gluegen-rt.dll
0x00000000769e0000 - 0x00000000769e7000 	C:\Program Files\Java\jre1.8.0_25\bin\jawt.dll
0x000000006a440000 - 0x000000006a44d000 	S:\Users\Ben\AppData\Local\Temp\jogamp_0000\file_cache\jln7358401581348774888\jln2247135129741497635\nativewindow_awt.dll
0x000000006c100000 - 0x000000006c10f000 	S:\Users\Ben\AppData\Local\Temp\jogamp_0000\file_cache\jln7358401581348774888\jln2247135129741497635\nativewindow_win32.dll
0x00007ff960620000 - 0x00007ff96074b000 	C:\WINDOWS\SYSTEM32\OpenGL32.dll
0x00007ff97d7c0000 - 0x00007ff97d7ee000 	C:\WINDOWS\SYSTEM32\GLU32.dll
0x00007ff966bf0000 - 0x00007ff966ce8000 	C:\WINDOWS\SYSTEM32\DDRAW.dll
0x00007ff980290000 - 0x00007ff980299000 	C:\WINDOWS\SYSTEM32\DCIMAN32.dll
0x0000000064500000 - 0x00000000645a2000 	S:\Users\Ben\AppData\Local\Temp\jogamp_0000\file_cache\jln7358401581348774888\jln2247135129741497635\jogl_desktop.dll
0x00007ff97d720000 - 0x00007ff97d738000 	C:\WINDOWS\SYSTEM32\atig6pxx.dll
0x0000000074200000 - 0x0000000075daf000 	C:\WINDOWS\SYSTEM32\atio6axx.dll
0x00007ff98bcf0000 - 0x00007ff98beca000 	C:\WINDOWS\system32\SETUPAPI.dll
0x00007ff986120000 - 0x00007ff986257000 	C:\WINDOWS\SYSTEM32\atiadlxx.dll
0x00007ff986710000 - 0x00007ff98688f000 	C:\WINDOWS\SYSTEM32\PROPSYS.dll
0x00007ff988080000 - 0x00007ff988092000 	C:\WINDOWS\SYSTEM32\WTSAPI32.dll
0x00007ff9898f0000 - 0x00007ff989941000 	C:\WINDOWS\system32\WINTRUST.dll
0x00007ff989540000 - 0x00007ff98971f000 	C:\WINDOWS\system32\CRYPT32.dll
0x00007ff989520000 - 0x00007ff989531000 	C:\WINDOWS\system32\MSASN1.dll
0x00007ff973720000 - 0x00007ff973749000 	C:\WINDOWS\SYSTEM32\atig6txx.dll
0x00007ff95c1a0000 - 0x00007ff95c33c000 	O:\OneDrive\Workspace\ZZavatar\lib\user\KinectPV2\Kinect20.Face.dll
0x00007ff97c900000 - 0x00007ff97c9a7000 	C:\WINDOWS\SYSTEM32\MSVCP110.dll
0x00007ff981bc0000 - 0x00007ff981c8e000 	C:\WINDOWS\SYSTEM32\MSVCR110.dll
0x00007ff980280000 - 0x00007ff980290000 	O:\OneDrive\Workspace\ZZavatar\lib\user\KinectPV2\KinectPV2.dll
0x00007ff960560000 - 0x00007ff96061a000 	C:\WINDOWS\SYSTEM32\Kinect20.dll
0x00007ff97ca30000 - 0x00007ff97cb1b000 	C:\WINDOWS\SYSTEM32\MFPlat.DLL
0x00007ff97c8a0000 - 0x00007ff97c8c7000 	C:\WINDOWS\SYSTEM32\RTWorkQ.DLL
0x00007ff987050000 - 0x00007ff98705c000 	C:\WINDOWS\SYSTEM32\AVRT.dll
0x00000000741b0000 - 0x00000000741f1000 	C:\Program Files\Java\jre1.8.0_25\bin\t2k.dll
0x00007ff963e10000 - 0x00007ff963f9a000 	C:\WINDOWS\SYSTEM32\dbghelp.dll

VM Arguments:
jvm_args: -Djava.library.path=O:\OneDrive\Workspace\ZZavatar\lib\base\video;O:\OneDrive\Workspace\ZZavatar\lib\base\video;O:\OneDrive\Workspace\ZZavatar\lib\base\video;O:\OneDrive\Workspace\ZZavatar\lib\base\core;O:\OneDrive\Workspace\ZZavatar\lib\base\core;O:\OneDrive\Workspace\ZZavatar\lib\base\core;O:\OneDrive\Workspace\ZZavatar\lib\base\core;O:\OneDrive\Workspace\ZZavatar\lib\base\core;O:\OneDrive\Workspace\ZZavatar\lib\base\core;O:\OneDrive\Workspace\ZZavatar\lib\base\core;O:\OneDrive\Workspace\ZZavatar\lib\base\core;O:\OneDrive\Workspace\ZZavatar\lib\base\core;O:\OneDrive\Workspace\ZZavatar\lib\base\core;O:\OneDrive\Workspace\ZZavatar\lib\base\core;O:\OneDrive\Workspace\ZZavatar\lib\base\core;O:\OneDrive\Workspace\ZZavatar\lib\base\core;O:\OneDrive\Workspace\ZZavatar\lib\base\core;O:\OneDrive\Workspace\ZZavatar\lib\base\core;O:\OneDrive\Workspace\ZZavatar\lib\user\Kinect4WinSDK;O:\OneDrive\Workspace\ZZavatar\lib\user\KinectPV2;O:\OneDrive\Workspace\ZZavatar\lib\user\SimpleOpenNI -Dfile.encoding=Cp1252 
java_command: zzavatar.ZZavatar
java_class_path (initial): O:\OneDrive\Workspace\ZZavatar\lib\base\video\gstreamer-java.jar;O:\OneDrive\Workspace\ZZavatar\lib\base\video\jna.jar;O:\OneDrive\Workspace\ZZavatar\lib\base\video\video.jar;O:\OneDrive\Workspace\ZZavatar\lib\base\core\core.jar;O:\OneDrive\Workspace\ZZavatar\lib\base\core\gluegen-rt-natives-linux-amd64.jar;O:\OneDrive\Workspace\ZZavatar\lib\base\core\gluegen-rt-natives-linux-armv6hf.jar;O:\OneDrive\Workspace\ZZavatar\lib\base\core\gluegen-rt-natives-linux-i586.jar;O:\OneDrive\Workspace\ZZavatar\lib\base\core\gluegen-rt-natives-macosx-universal.jar;O:\OneDrive\Workspace\ZZavatar\lib\base\core\gluegen-rt-natives-windows-amd64.jar;O:\OneDrive\Workspace\ZZavatar\lib\base\core\gluegen-rt-natives-windows-i586.jar;O:\OneDrive\Workspace\ZZavatar\lib\base\core\gluegen-rt.jar;O:\OneDrive\Workspace\ZZavatar\lib\base\core\jogl-all-natives-linux-amd64.jar;O:\OneDrive\Workspace\ZZavatar\lib\base\core\jogl-all-natives-linux-armv6hf.jar;O:\OneDrive\Workspace\ZZavatar\lib\base\core\jogl-all-natives-linux-i586.jar;O:\OneDrive\Workspace\ZZavatar\lib\base\core\jogl-all-natives-macosx-universal.jar;O:\OneDrive\Workspace\ZZavatar\lib\base\core\jogl-all-natives-windows-amd64.jar;O:\OneDrive\Workspace\ZZavatar\lib\base\core\jogl-all-natives-windows-i586.jar;O:\OneDrive\Workspace\ZZavatar\lib\base\core\jogl-all.jar;O:\OneDrive\Workspace\ZZavatar\lib\user\Kinect4WinSDK\Kinect4WinSDK.jar;O:\OneDrive\Workspace\ZZavatar\lib\user\KinectPV2\KinectPV2.jar;O:\OneDrive\Workspace\ZZavatar\lib\user\SimpleOpenNI\SimpleOpenNI.jar;O:\OneDrive\Workspace\ZZavatar\bin
Launcher Type: SUN_STANDARD

Environment Variables:
JAVA_HOME=C:\Program Files\Java\jdk1.8.0_25
PATH=C:/Program Files/Java/jre1.8.0_25/bin/server;C:/Program Files/Java/jre1.8.0_25/bin;C:/Program Files/Java/jre1.8.0_25/lib/amd64;C:\Program Files (x86)\NVIDIA Corporation\PhysX\Common;C:\ProgramData\Oracle\Java\javapath;C:\Program Files (x86)\Common Files\Intel\Shared Libraries\redist\intel64\compiler;C:\Program Files (x86)\Common Files\Intel\Shared Libraries\redist\ia32\compiler;C:\Program Files (x86)\Intel\iCLS Client\;C:\Program Files\Intel\iCLS Client\;C:\Program Files (x86)\AMD APP\bin\x86_64;C:\Program Files (x86)\AMD APP\bin\x86;C:\WINDOWS\system32;C:\WINDOWS;C:\WINDOWS\System32\Wbem;C:\WINDOWS\System32\WindowsPowerShell\v1.0\;C:\Program Files (x86)\ATI Technologies\ATI.ACE\Core-Static;C:\Program Files\Intel\Intel(R) Management Engine Components\DAL;C:\Program Files\Intel\Intel(R) Management Engine Components\IPT;C:\Program Files (x86)\Intel\Intel(R) Management Engine Components\DAL;C:\Program Files (x86)\Intel\Intel(R) Management Engine Components\IPT;C:\Program Files\Sony\VAIO Improvement\;C:\Program Files (x86)\Sony\VAIO Startup Setting Tool;C:\Program Files (x86)\Windows Kits\8.1\Windows Performance Toolkit\;C:\Program Files\Microsoft SQL Server\110\Tools\Binn\;C:\Program Files (x86)\Microsoft SDKs\TypeScript\1.0\;C:\Program Files\Microsoft\Web Platform Installer\;C:\Program Files (x86)\Java\jre1.8.0_25\bin;P:\Programs\Python27\Scripts;P:\Programs\Python27;C:\Program Files\Common Files\Autodesk Shared\;P:\Program Files\Programs;P:\Program Files\Games;P:\Programs\Eclipse;
USERNAME=Benoît
OS=Windows_NT
PROCESSOR_IDENTIFIER=Intel64 Family 6 Model 58 Stepping 9, GenuineIntel



---------------  S Y S T E M  ---------------

OS: Windows 8.1 , 64 bit Build 9600 

CPU:total 8 (4 cores per cpu, 2 threads per core) family 6 model 58 stepping 9, cmov, cx8, fxsr, mmx, sse, sse2, sse3, ssse3, sse4.1, sse4.2, popcnt, avx, aes, clmul, erms, ht, tsc, tscinvbit, tscinv

Memory: 4k page, physical 6237468k(1731008k free), swap 10431772k(4737784k free)

vm_info: Java HotSpot(TM) 64-Bit Server VM (25.25-b02) for windows-amd64 JRE (1.8.0_25-b18), built on Oct  7 2014 14:25:37 by "java_re" with MS VC++ 10.0 (VS2010)

time: Fri Apr 24 12:05:56 2015
elapsed time: 23 seconds (0d 0h 0m 23s)

