#
# A fatal error has been detected by the Java Runtime Environment:
#
#  EXCEPTION_ACCESS_VIOLATION (0xc0000005) at pc=0x00000000750d8af4, pid=8996, tid=6312
#
# JRE version: Java(TM) SE Runtime Environment (8.0_25-b18) (build 1.8.0_25-b18)
# Java VM: Java HotSpot(TM) 64-Bit Server VM (25.25-b02 mixed mode windows-amd64 compressed oops)
# Problematic frame:
# C  [atio6axx.dll+0xed8af4]
#
# Failed to write core dump. Minidumps are not enabled by default on client versions of Windows
#
# If you would like to submit a bug report, please visit:
#   http://bugreport.sun.com/bugreport/crash.jsp
# The crash happened outside the Java Virtual Machine in native code.
# See problematic frame for where to report the bug.
#

---------------  T H R E A D  ---------------

Current thread (0x0000000019518800):  JavaThread "Animation Thread" [_thread_in_native, id=6312, stack(0x000000001c5d0000,0x000000001c6d0000)]

siginfo: ExceptionCode=0xc0000005, reading address 0x0000000000000010

Registers:
RAX=0x0000000075979618, RBX=0x000000002dab0040, RCX=0x000000001fbc2650, RDX=0x0000000000000000
RSP=0x000000001c6ce710, RBP=0x0000000000000006, RSI=0x0000000000000000, RDI=0x000000001f467958
R8 =0x000000001c6ce4a8, R9 =0x0000000000008000, R10=0x0000000000000000, R11=0x000000001c6ce7d8
R12=0x0000000000000000, R13=0x000000001f91e1a8, R14=0x000000001c6ce8d0, R15=0x0000000019518800
RIP=0x00000000750d8af4, EFLAGS=0x0000000000010202

Top of Stack: (sp=0x000000001c6ce710)
0x000000001c6ce710:   0000000000820000 000000002dab0040
0x000000001c6ce720:   0000000000000000 0000000000000002
0x000000001c6ce730:   0000000019518800 000000001fc95778
0x000000001c6ce740:   0000000000000006 00007ff960573252
0x000000001c6ce750:   0000000000000000 00007ff9605920b0
0x000000001c6ce760:   0000000019518800 000000001fc95778
0x000000001c6ce770:   0000000019518800 00007ff96056d83c
0x000000001c6ce780:   0000000000000000 000000001f4677b0
0x000000001c6ce790:   0000000000000000 0000000000000006
0x000000001c6ce7a0:   000000002dab0040 00007ff981c26388
0x000000001c6ce7b0:   0000000000000000 0000000000000000
0x000000001c6ce7c0:   000000001f91e1a8 000000001f467958
0x000000001c6ce7d0:   0000000000000006 00007ff980284116
0x000000001c6ce7e0:   000000001fbc2650 000000001fc95748
0x000000001c6ce7f0:   000000001c6ce4a8 0000000000008000
0x000000001c6ce800:   000000001c6ce8d0 00007ff980281fba 

Instructions: (pc=0x00000000750d8af4)
0x00000000750d8ad4:   89 4b 20 4d 89 43 18 49 89 4b 08 55 57 41 55 41
0x00000000750d8ae4:   56 48 81 ec a8 00 00 00 4c 8b b4 24 f0 00 00 00
0x00000000750d8af4:   48 8b 7a 10 45 8b d1 4d 8b c8 4c 8b ea 4c 8b c1
0x00000000750d8b04:   4d 85 f6 0f 84 62 02 00 00 8b ac 24 f8 00 00 00 


Register to memory mapping:

RAX=0x0000000075979618 is an unknown value
RBX=0x000000002dab0040 is an unknown value
RCX=0x000000001fbc2650 is an unknown value
RDX=0x0000000000000000 is an unknown value
RSP=0x000000001c6ce710 is pointing into the stack for thread: 0x0000000019518800
RBP=0x0000000000000006 is an unknown value
RSI=0x0000000000000000 is an unknown value
RDI=0x000000001f467958 is an unknown value
R8 =0x000000001c6ce4a8 is pointing into the stack for thread: 0x0000000019518800
R9 =0x0000000000008000 is an unknown value
R10=0x0000000000000000 is an unknown value
R11=0x000000001c6ce7d8 is pointing into the stack for thread: 0x0000000019518800
R12=0x0000000000000000 is an unknown value
R13={method} {0x000000001f91e1b0} 'jniStopDevice' '()V' in 'KinectPV2/Device'
R14=0x000000001c6ce8d0 is pointing into the stack for thread: 0x0000000019518800
R15=0x0000000019518800 is a thread


Stack: [0x000000001c5d0000,0x000000001c6d0000],  sp=0x000000001c6ce710,  free space=1017k
Native frames: (J=compiled Java code, j=interpreted, Vv=VM code, C=native code)
C  [atio6axx.dll+0xed8af4]
C  [KinectPV2.dll+0x4116]
C  [KinectPV2.dll+0x1fba]
C  0x00000000024c5b74

Java frames: (J=compiled Java code, j=interpreted, Vv=VM code)
j  KinectPV2.Device.jniStopDevice()V+0
j  KinectPV2.Device.stopDevice()V+41
j  KinectPV2.KinectPV2.dispose()V+14
v  ~StubRoutines::call_stub
j  sun.reflect.NativeMethodAccessorImpl.invoke0(Ljava/lang/reflect/Method;Ljava/lang/Object;[Ljava/lang/Object;)Ljava/lang/Object;+0
j  sun.reflect.NativeMethodAccessorImpl.invoke(Ljava/lang/Object;[Ljava/lang/Object;)Ljava/lang/Object;+100
J 2004 C1 sun.reflect.DelegatingMethodAccessorImpl.invoke(Ljava/lang/Object;[Ljava/lang/Object;)Ljava/lang/Object; (10 bytes) @ 0x0000000002be6544 [0x0000000002be6440+0x104]
J 2003 C1 java.lang.reflect.Method.invoke(Ljava/lang/Object;[Ljava/lang/Object;)Ljava/lang/Object; (62 bytes) @ 0x0000000002bd29a4 [0x0000000002bd25c0+0x3e4]
j  processing.core.PApplet$RegisteredMethods.handle([Ljava/lang/Object;)V+18
J 1673 C1 processing.core.PApplet.handleMethods(Ljava/lang/String;)V (21 bytes) @ 0x0000000002aebb1c [0x0000000002aeb860+0x2bc]
j  processing.core.PApplet.dispose()V+35
j  processing.core.PApplet.run()V+283
j  java.lang.Thread.run()V+11
v  ~StubRoutines::call_stub

---------------  P R O C E S S  ---------------

Java Threads: ( => current thread )
  0x000000001d8e0800 JavaThread "Animation Thread-SharedResourceRunner" daemon [_thread_blocked, id=7328, stack(0x000000001e8a0000,0x000000001e9a0000)]
  0x000000000226e800 JavaThread "DestroyJavaVM" [_thread_blocked, id=8284, stack(0x00000000022b0000,0x00000000023b0000)]
  0x0000000019512000 JavaThread "D3D Screen Updater" daemon [_thread_blocked, id=6972, stack(0x000000001c8d0000,0x000000001c9d0000)]
=>0x0000000019518800 JavaThread "Animation Thread" [_thread_in_native, id=6312, stack(0x000000001c5d0000,0x000000001c6d0000)]
  0x0000000019477000 JavaThread "AWT-EventQueue-0" [_thread_blocked, id=8956, stack(0x000000001c3d0000,0x000000001c4d0000)]
  0x0000000019446800 JavaThread "AWT-Windows" daemon [_thread_in_native, id=32, stack(0x0000000019d60000,0x0000000019e60000)]
  0x0000000019445800 JavaThread "AWT-Shutdown" [_thread_blocked, id=7476, stack(0x0000000019c60000,0x0000000019d60000)]
  0x0000000019443000 JavaThread "Java2D Disposer" daemon [_thread_blocked, id=8412, stack(0x0000000019b60000,0x0000000019c60000)]
  0x000000001829a000 JavaThread "Service Thread" daemon [_thread_blocked, id=8632, stack(0x0000000018be0000,0x0000000018ce0000)]
  0x0000000018219800 JavaThread "C1 CompilerThread3" daemon [_thread_blocked, id=1920, stack(0x0000000018ae0000,0x0000000018be0000)]
  0x0000000018217000 JavaThread "C2 CompilerThread2" daemon [_thread_blocked, id=8936, stack(0x00000000189e0000,0x0000000018ae0000)]
  0x000000001820e800 JavaThread "C2 CompilerThread1" daemon [_thread_blocked, id=4008, stack(0x00000000188e0000,0x00000000189e0000)]
  0x0000000018209800 JavaThread "C2 CompilerThread0" daemon [_thread_blocked, id=5228, stack(0x00000000187e0000,0x00000000188e0000)]
  0x0000000018207000 JavaThread "Attach Listener" daemon [_thread_blocked, id=7972, stack(0x00000000186e0000,0x00000000187e0000)]
  0x0000000018206000 JavaThread "Signal Dispatcher" daemon [_thread_blocked, id=6764, stack(0x00000000185e0000,0x00000000186e0000)]
  0x00000000024a8800 JavaThread "Finalizer" daemon [_thread_blocked, id=3548, stack(0x00000000180e0000,0x00000000181e0000)]
  0x00000000161fc800 JavaThread "Reference Handler" daemon [_thread_blocked, id=6788, stack(0x0000000017fe0000,0x00000000180e0000)]

Other Threads:
  0x00000000161f8800 VMThread [stack: 0x0000000017ee0000,0x0000000017fe0000] [id=7456]
  0x000000001829c000 WatcherThread [stack: 0x0000000018ce0000,0x0000000018de0000] [id=4864]

VM state:not at safepoint (normal execution)

VM Mutex/Monitor currently owned by a thread: None

Heap:
 PSYoungGen      total 455680K, used 305567K [0x00000000e0400000, 0x00000000fce80000, 0x0000000100000000)
  eden space 441856K, 69% used [0x00000000e0400000,0x00000000f2e2fe80,0x00000000fb380000)
  from space 13824K, 1% used [0x00000000fb380000,0x00000000fb3b8000,0x00000000fc100000)
  to   space 12800K, 0% used [0x00000000fc200000,0x00000000fc200000,0x00000000fce80000)
 ParOldGen       total 222720K, used 155620K [0x00000000a0c00000, 0x00000000ae580000, 0x00000000e0400000)
  object space 222720K, 69% used [0x00000000a0c00000,0x00000000aa3f9110,0x00000000ae580000)
 Metaspace       used 18025K, capacity 18249K, committed 18432K, reserved 1067008K
  class space    used 1723K, capacity 1761K, committed 1792K, reserved 1048576K

Card table byte_map: [0x0000000011870000,0x0000000011b70000] byte_map_base: 0x000000001136a000

Marking Bits: (ParMarkBitMap*) 0x00000000772bd490
 Begin Bits: [0x0000000012570000, 0x0000000013d40000)
 End Bits:   [0x0000000013d40000, 0x0000000015510000)

Polling page: 0x00000000009b0000

CodeCache: size=245760Kb used=8044Kb max_used=9031Kb free=237715Kb
 bounds [0x00000000024b0000, 0x0000000002d90000, 0x00000000114b0000]
 total_blobs=3114 nmethods=2243 adapters=785
 compilation: enabled

Compilation events (10 events):
Event: 41.972 Thread 0x0000000018209800 2485       4       processing.opengl.PGraphicsOpenGL$InGeometry::calcTriangleNormal (353 bytes)
Event: 41.976 Thread 0x0000000018209800 nmethod 2485 0x0000000002813790 code [0x00000000028138e0, 0x0000000002813d58]
Event: 42.905 Thread 0x000000001820e800 2486       4       com.jogamp.common.nio.StructAccessor::getIntAt (98 bytes)
Event: 42.906 Thread 0x000000001820e800 nmethod 2486 0x00000000026b37d0 code [0x00000000026b3920, 0x00000000026b3a58]
Event: 43.114 Thread 0x0000000018217000 2487  s    4       java.io.BufferedOutputStream::flush (12 bytes)
Event: 43.117 Thread 0x0000000018217000 nmethod 2487 0x000000000264d6d0 code [0x000000000264d820, 0x000000000264dba8]
Event: 44.056 Thread 0x0000000018219800 2488       1       com.jogamp.nativewindow.awt.JAWTWindow::surfaceSwap (2 bytes)
Event: 44.056 Thread 0x0000000018219800 nmethod 2488 0x0000000002769210 code [0x0000000002769360, 0x0000000002769470]
Event: 45.173 Thread 0x0000000018219800 2489       1       java.awt.event.InputEvent::isConsumed (5 bytes)
Event: 45.173 Thread 0x0000000018219800 nmethod 2489 0x00000000027c8650 code [0x00000000027c87a0, 0x00000000027c88b0]

GC Heap History (10 events):
Event: 41.988 GC heap before
{Heap before GC invocations=78 (full 3):
 PSYoungGen      total 449024K, used 437920K [0x00000000e0400000, 0x00000000fc780000, 0x0000000100000000)
  eden space 437760K, 100% used [0x00000000e0400000,0x00000000faf80000,0x00000000faf80000)
  from space 11264K, 1% used [0x00000000fbc80000,0x00000000fbca8000,0x00000000fc780000)
  to   space 12288K, 0% used [0x00000000faf80000,0x00000000faf80000,0x00000000fbb80000)
 ParOldGen       total 222720K, used 155620K [0x00000000a0c00000, 0x00000000ae580000, 0x00000000e0400000)
  object space 222720K, 69% used [0x00000000a0c00000,0x00000000aa3f9110,0x00000000ae580000)
 Metaspace       used 17990K, capacity 18185K, committed 18432K, reserved 1067008K
  class space    used 1711K, capacity 1761K, committed 1792K, reserved 1048576K
Event: 41.990 GC heap after
Heap after GC invocations=78 (full 3):
 PSYoungGen      total 450048K, used 8324K [0x00000000e0400000, 0x00000000fcc80000, 0x0000000100000000)
  eden space 437760K, 0% used [0x00000000e0400000,0x00000000e0400000,0x00000000faf80000)
  from space 12288K, 67% used [0x00000000faf80000,0x00000000fb7a1010,0x00000000fbb80000)
  to   space 13824K, 0% used [0x00000000fbf00000,0x00000000fbf00000,0x00000000fcc80000)
 ParOldGen       total 222720K, used 155620K [0x00000000a0c00000, 0x00000000ae580000, 0x00000000e0400000)
  object space 222720K, 69% used [0x00000000a0c00000,0x00000000aa3f9110,0x00000000ae580000)
 Metaspace       used 17990K, capacity 18185K, committed 18432K, reserved 1067008K
  class space    used 1711K, capacity 1761K, committed 1792K, reserved 1048576K
}
Event: 42.682 GC heap before
{Heap before GC invocations=79 (full 3):
 PSYoungGen      total 450048K, used 440212K [0x00000000e0400000, 0x00000000fcc80000, 0x0000000100000000)
  eden space 437760K, 98% used [0x00000000e0400000,0x00000000fa9c4140,0x00000000faf80000)
  from space 12288K, 67% used [0x00000000faf80000,0x00000000fb7a1010,0x00000000fbb80000)
  to   space 13824K, 0% used [0x00000000fbf00000,0x00000000fbf00000,0x00000000fcc80000)
 ParOldGen       total 222720K, used 155620K [0x00000000a0c00000, 0x00000000ae580000, 0x00000000e0400000)
  object space 222720K, 69% used [0x00000000a0c00000,0x00000000aa3f9110,0x00000000ae580000)
 Metaspace       used 17990K, capacity 18185K, committed 18432K, reserved 1067008K
  class space    used 1711K, capacity 1761K, committed 1792K, reserved 1048576K
Event: 42.684 GC heap after
Heap after GC invocations=79 (full 3):
 PSYoungGen      total 452608K, used 160K [0x00000000e0400000, 0x00000000fcb80000, 0x0000000100000000)
  eden space 439808K, 0% used [0x00000000e0400000,0x00000000e0400000,0x00000000fb180000)
  from space 12800K, 1% used [0x00000000fbf00000,0x00000000fbf28000,0x00000000fcb80000)
  to   space 13312K, 0% used [0x00000000fb180000,0x00000000fb180000,0x00000000fbe80000)
 ParOldGen       total 222720K, used 155620K [0x00000000a0c00000, 0x00000000ae580000, 0x00000000e0400000)
  object space 222720K, 69% used [0x00000000a0c00000,0x00000000aa3f9110,0x00000000ae580000)
 Metaspace       used 17990K, capacity 18185K, committed 18432K, reserved 1067008K
  class space    used 1711K, capacity 1761K, committed 1792K, reserved 1048576K
}
Event: 43.354 GC heap before
{Heap before GC invocations=80 (full 3):
 PSYoungGen      total 452608K, used 439968K [0x00000000e0400000, 0x00000000fcb80000, 0x0000000100000000)
  eden space 439808K, 100% used [0x00000000e0400000,0x00000000fb180000,0x00000000fb180000)
  from space 12800K, 1% used [0x00000000fbf00000,0x00000000fbf28000,0x00000000fcb80000)
  to   space 13312K, 0% used [0x00000000fb180000,0x00000000fb180000,0x00000000fbe80000)
 ParOldGen       total 222720K, used 155620K [0x00000000a0c00000, 0x00000000ae580000, 0x00000000e0400000)
  object space 222720K, 69% used [0x00000000a0c00000,0x00000000aa3f9110,0x00000000ae580000)
 Metaspace       used 17990K, capacity 18185K, committed 18432K, reserved 1067008K
  class space    used 1711K, capacity 1761K, committed 1792K, reserved 1048576K
Event: 43.356 GC heap after
Heap after GC invocations=80 (full 3):
 PSYoungGen      total 453120K, used 8164K [0x00000000e0400000, 0x00000000fcf80000, 0x0000000100000000)
  eden space 439808K, 0% used [0x00000000e0400000,0x00000000e0400000,0x00000000fb180000)
  from space 13312K, 61% used [0x00000000fb180000,0x00000000fb979010,0x00000000fbe80000)
  to   space 14336K, 0% used [0x00000000fc180000,0x00000000fc180000,0x00000000fcf80000)
 ParOldGen       total 222720K, used 155620K [0x00000000a0c00000, 0x00000000ae580000, 0x00000000e0400000)
  object space 222720K, 69% used [0x00000000a0c00000,0x00000000aa3f9110,0x00000000ae580000)
 Metaspace       used 17990K, capacity 18185K, committed 18432K, reserved 1067008K
  class space    used 1711K, capacity 1761K, committed 1792K, reserved 1048576K
}
Event: 44.048 GC heap before
{Heap before GC invocations=81 (full 3):
 PSYoungGen      total 453120K, used 447972K [0x00000000e0400000, 0x00000000fcf80000, 0x0000000100000000)
  eden space 439808K, 100% used [0x00000000e0400000,0x00000000fb180000,0x00000000fb180000)
  from space 13312K, 61% used [0x00000000fb180000,0x00000000fb979010,0x00000000fbe80000)
  to   space 14336K, 0% used [0x00000000fc180000,0x00000000fc180000,0x00000000fcf80000)
 ParOldGen       total 222720K, used 155620K [0x00000000a0c00000, 0x00000000ae580000, 0x00000000e0400000)
  object space 222720K, 69% used [0x00000000a0c00000,0x00000000aa3f9110,0x00000000ae580000)
 Metaspace       used 17990K, capacity 18185K, committed 18432K, reserved 1067008K
  class space    used 1711K, capacity 1761K, committed 1792K, reserved 1048576K
Event: 44.050 GC heap after
Heap after GC invocations=81 (full 3):
 PSYoungGen      total 455168K, used 160K [0x00000000e0400000, 0x00000000fce80000, 0x0000000100000000)
  eden space 441856K, 0% used [0x00000000e0400000,0x00000000e0400000,0x00000000fb380000)
  from space 13312K, 1% used [0x00000000fc180000,0x00000000fc1a8000,0x00000000fce80000)
  to   space 13824K, 0% used [0x00000000fb380000,0x00000000fb380000,0x00000000fc100000)
 ParOldGen       total 222720K, used 155620K [0x00000000a0c00000, 0x00000000ae580000, 0x00000000e0400000)
  object space 222720K, 69% used [0x00000000a0c00000,0x00000000aa3f9110,0x00000000ae580000)
 Metaspace       used 17990K, capacity 18185K, committed 18432K, reserved 1067008K
  class space    used 1711K, capacity 1761K, committed 1792K, reserved 1048576K
}
Event: 44.748 GC heap before
{Heap before GC invocations=82 (full 3):
 PSYoungGen      total 455168K, used 442016K [0x00000000e0400000, 0x00000000fce80000, 0x0000000100000000)
  eden space 441856K, 100% used [0x00000000e0400000,0x00000000fb380000,0x00000000fb380000)
  from space 13312K, 1% used [0x00000000fc180000,0x00000000fc1a8000,0x00000000fce80000)
  to   space 13824K, 0% used [0x00000000fb380000,0x00000000fb380000,0x00000000fc100000)
 ParOldGen       total 222720K, used 155620K [0x00000000a0c00000, 0x00000000ae580000, 0x00000000e0400000)
  object space 222720K, 69% used [0x00000000a0c00000,0x00000000aa3f9110,0x00000000ae580000)
 Metaspace       used 17990K, capacity 18185K, committed 18432K, reserved 1067008K
  class space    used 1711K, capacity 1761K, committed 1792K, reserved 1048576K
Event: 44.749 GC heap after
Heap after GC invocations=82 (full 3):
 PSYoungGen      total 455680K, used 224K [0x00000000e0400000, 0x00000000fce80000, 0x0000000100000000)
  eden space 441856K, 0% used [0x00000000e0400000,0x00000000e0400000,0x00000000fb380000)
  from space 13824K, 1% used [0x00000000fb380000,0x00000000fb3b8000,0x00000000fc100000)
  to   space 12800K, 0% used [0x00000000fc200000,0x00000000fc200000,0x00000000fce80000)
 ParOldGen       total 222720K, used 155620K [0x00000000a0c00000, 0x00000000ae580000, 0x00000000e0400000)
  object space 222720K, 69% used [0x00000000a0c00000,0x00000000aa3f9110,0x00000000ae580000)
 Metaspace       used 17990K, capacity 18185K, committed 18432K, reserved 1067008K
  class space    used 1711K, capacity 1761K, committed 1792K, reserved 1048576K
}

Deoptimization events (10 events):
Event: 15.639 Thread 0x0000000019477000 Uncommon trap: reason=speculate_class_check action=maybe_recompile pc=0x0000000002d12fa4 method=com.jogamp.common.nio.Buffers.getDirectBufferByteOffset(Ljava/lang/Object;)I @ 42
Event: 15.647 Thread 0x0000000019477000 Uncommon trap: reason=speculate_class_check action=maybe_recompile pc=0x0000000002d12fa4 method=com.jogamp.common.nio.Buffers.getDirectBufferByteOffset(Ljava/lang/Object;)I @ 42
Event: 15.865 Thread 0x0000000019477000 Uncommon trap: reason=speculate_class_check action=maybe_recompile pc=0x0000000002d128fc method=com.jogamp.common.nio.Buffers.getDirectBufferByteOffset(Ljava/lang/Object;)I @ 53
Event: 15.872 Thread 0x0000000019477000 Uncommon trap: reason=speculate_class_check action=maybe_recompile pc=0x0000000002d128fc method=com.jogamp.common.nio.Buffers.getDirectBufferByteOffset(Ljava/lang/Object;)I @ 53
Event: 16.677 Thread 0x0000000019477000 Uncommon trap: reason=speculate_class_check action=maybe_recompile pc=0x0000000002d26a8c method=com.jogamp.common.nio.Buffers.getDirectBufferByteOffset(Ljava/lang/Object;)I @ 22
Event: 16.678 Thread 0x0000000019477000 Uncommon trap: reason=speculate_class_check action=maybe_recompile pc=0x0000000002d26a8c method=com.jogamp.common.nio.Buffers.getDirectBufferByteOffset(Ljava/lang/Object;)I @ 22
Event: 16.915 Thread 0x0000000019477000 Uncommon trap: reason=speculate_class_check action=maybe_recompile pc=0x0000000002d295f8 method=com.jogamp.common.nio.Buffers.getDirectBufferByteOffset(Ljava/lang/Object;)I @ 31
Event: 16.915 Thread 0x0000000019477000 Uncommon trap: reason=speculate_class_check action=maybe_recompile pc=0x0000000002d295f8 method=com.jogamp.common.nio.Buffers.getDirectBufferByteOffset(Ljava/lang/Object;)I @ 31
Event: 17.140 Thread 0x0000000019477000 Uncommon trap: reason=speculate_class_check action=maybe_recompile pc=0x0000000002d2eac8 method=com.jogamp.common.nio.Buffers.getDirectBufferByteOffset(Ljava/lang/Object;)I @ 42
Event: 17.146 Thread 0x0000000019477000 Uncommon trap: reason=speculate_class_check action=maybe_recompile pc=0x0000000002d2eac8 method=com.jogamp.common.nio.Buffers.getDirectBufferByteOffset(Ljava/lang/Object;)I @ 42

Internal exceptions (10 events):
Event: 3.107 Thread 0x0000000019477000 Exception <a 'java/security/PrivilegedActionException'> (0x00000000e2c27f50) thrown at [D:\re\workspace\8-2-build-windows-amd64-cygwin\jdk8u25\1677\hotspot\src\share\vm\prims\jvm.cpp, line 1312]
Event: 3.107 Thread 0x0000000019477000 Exception <a 'java/security/PrivilegedActionException'> (0x00000000e2c2be10) thrown at [D:\re\workspace\8-2-build-windows-amd64-cygwin\jdk8u25\1677\hotspot\src\share\vm\prims\jvm.cpp, line 1312]
Event: 3.107 Thread 0x0000000019477000 Exception <a 'java/security/PrivilegedActionException'> (0x00000000e2c30218) thrown at [D:\re\workspace\8-2-build-windows-amd64-cygwin\jdk8u25\1677\hotspot\src\share\vm\prims\jvm.cpp, line 1312]
Event: 3.107 Thread 0x0000000019477000 Exception <a 'java/security/PrivilegedActionException'> (0x00000000e2c34600) thrown at [D:\re\workspace\8-2-build-windows-amd64-cygwin\jdk8u25\1677\hotspot\src\share\vm\prims\jvm.cpp, line 1312]
Event: 3.107 Thread 0x0000000019477000 Exception <a 'java/security/PrivilegedActionException'> (0x00000000e2c38158) thrown at [D:\re\workspace\8-2-build-windows-amd64-cygwin\jdk8u25\1677\hotspot\src\share\vm\prims\jvm.cpp, line 1312]
Event: 3.108 Thread 0x0000000019477000 Exception <a 'java/security/PrivilegedActionException'> (0x00000000e2c3c958) thrown at [D:\re\workspace\8-2-build-windows-amd64-cygwin\jdk8u25\1677\hotspot\src\share\vm\prims\jvm.cpp, line 1312]
Event: 3.108 Thread 0x0000000019477000 Exception <a 'java/security/PrivilegedActionException'> (0x00000000e521dcb0) thrown at [D:\re\workspace\8-2-build-windows-amd64-cygwin\jdk8u25\1677\hotspot\src\share\vm\prims\jvm.cpp, line 1312]
Event: 3.108 Thread 0x0000000019477000 Exception <a 'java/security/PrivilegedActionException'> (0x00000000e5221bf8) thrown at [D:\re\workspace\8-2-build-windows-amd64-cygwin\jdk8u25\1677\hotspot\src\share\vm\prims\jvm.cpp, line 1312]
Event: 3.109 Thread 0x0000000019477000 Exception <a 'java/security/PrivilegedActionException'> (0x00000000e5227b08) thrown at [D:\re\workspace\8-2-build-windows-amd64-cygwin\jdk8u25\1677\hotspot\src\share\vm\prims\jvm.cpp, line 1312]
Event: 3.121 Thread 0x0000000019477000 Exception <a 'java/security/PrivilegedActionException'> (0x00000000e5303118) thrown at [D:\re\workspace\8-2-build-windows-amd64-cygwin\jdk8u25\1677\hotspot\src\share\vm\prims\jvm.cpp, line 1312]

Events (10 events):
Event: 45.172 loading class javax/swing/JComponent$IntVector done
Event: 45.172 loading class javax/swing/KeyboardManager
Event: 45.172 loading class javax/swing/KeyboardManager done
Event: 45.172 loading class javax/swing/Popup$HeavyWeightWindow
Event: 45.172 loading class sun/awt/ModalExclude
Event: 45.172 loading class sun/awt/ModalExclude done
Event: 45.172 loading class javax/swing/JWindow
Event: 45.173 loading class javax/swing/JWindow done
Event: 45.173 loading class javax/swing/Popup$HeavyWeightWindow done
Event: 45.222 Thread 0x0000000019696000 Thread exited: 0x0000000019696000


Dynamic libraries:
0x00007ff669010000 - 0x00007ff669044000 	C:\Program Files\Java\jre1.8.0_25\bin\javaw.exe
0x00007ff98c320000 - 0x00007ff98c4cc000 	C:\WINDOWS\SYSTEM32\ntdll.dll
0x00007ff989d20000 - 0x00007ff989e5e000 	C:\WINDOWS\system32\KERNEL32.DLL
0x00007ff9897d0000 - 0x00007ff9898e5000 	C:\WINDOWS\system32\KERNELBASE.dll
0x00007ff987ff0000 - 0x00007ff98807e000 	C:\WINDOWS\system32\apphelp.dll
0x00007ff973750000 - 0x00007ff9737a3000 	C:\WINDOWS\AppPatch\AppPatch64\AcGenral.DLL
0x00007ff98a220000 - 0x00007ff98a2ca000 	C:\WINDOWS\system32\msvcrt.dll
0x00007ff9892a0000 - 0x00007ff9892ce000 	C:\WINDOWS\SYSTEM32\SspiCli.dll
0x00007ff98b980000 - 0x00007ff98b9d4000 	C:\WINDOWS\system32\SHLWAPI.dll
0x00007ff989f00000 - 0x00007ff98a077000 	C:\WINDOWS\system32\USER32.dll
0x00007ff98bb50000 - 0x00007ff98bce4000 	C:\WINDOWS\system32\ole32.dll
0x00007ff98a390000 - 0x00007ff98b8a8000 	C:\WINDOWS\system32\SHELL32.dll
0x00007ff988a10000 - 0x00007ff988a31000 	C:\WINDOWS\SYSTEM32\USERENV.dll
0x00007ff989c10000 - 0x00007ff989cba000 	C:\WINDOWS\system32\ADVAPI32.dll
0x00007ff97c880000 - 0x00007ff97c89e000 	C:\WINDOWS\SYSTEM32\MPR.dll
0x00007ff98b9e0000 - 0x00007ff98bb21000 	C:\WINDOWS\system32\RPCRT4.dll
0x00007ff9899a0000 - 0x00007ff9899f9000 	C:\WINDOWS\SYSTEM32\sechost.dll
0x00007ff98bed0000 - 0x00007ff98c0e1000 	C:\WINDOWS\SYSTEM32\combase.dll
0x00007ff98a0c0000 - 0x00007ff98a211000 	C:\WINDOWS\system32\GDI32.dll
0x00007ff989470000 - 0x00007ff989485000 	C:\WINDOWS\SYSTEM32\profapi.dll
0x00007ff987810000 - 0x00007ff9878c2000 	C:\WINDOWS\SYSTEM32\SHCORE.dll
0x00007ff98a080000 - 0x00007ff98a0b6000 	C:\WINDOWS\system32\IMM32.DLL
0x00007ff98c1c0000 - 0x00007ff98c312000 	C:\WINDOWS\system32\MSCTF.dll
0x00007ff986b90000 - 0x00007ff986e0b000 	C:\WINDOWS\WinSxS\amd64_microsoft.windows.common-controls_6595b64144ccf1df_6.0.9600.17415_none_6240486fecbd8abb\COMCTL32.dll
0x0000000075f50000 - 0x0000000076022000 	C:\Program Files\Java\jre1.8.0_25\bin\msvcr100.dll
0x0000000076ae0000 - 0x000000007733a000 	C:\Program Files\Java\jre1.8.0_25\bin\server\jvm.dll
0x00007ff9707d0000 - 0x00007ff9707d9000 	C:\WINDOWS\SYSTEM32\WSOCK32.dll
0x00007ff97ca00000 - 0x00007ff97ca22000 	C:\WINDOWS\SYSTEM32\WINMM.dll
0x00007ff989e80000 - 0x00007ff989e87000 	C:\WINDOWS\system32\PSAPI.DLL
0x00007ff989a00000 - 0x00007ff989a5a000 	C:\WINDOWS\system32\WS2_32.dll
0x00007ff97c8d0000 - 0x00007ff97c8fa000 	C:\WINDOWS\SYSTEM32\WINMMBASE.dll
0x00007ff98bb30000 - 0x00007ff98bb39000 	C:\WINDOWS\system32\NSI.dll
0x00007ff989950000 - 0x00007ff98999f000 	C:\WINDOWS\SYSTEM32\cfgmgr32.dll
0x00007ff988260000 - 0x00007ff988288000 	C:\WINDOWS\SYSTEM32\DEVOBJ.dll
0x0000000076ad0000 - 0x0000000076adf000 	C:\Program Files\Java\jre1.8.0_25\bin\verify.dll
0x0000000076aa0000 - 0x0000000076ac8000 	C:\Program Files\Java\jre1.8.0_25\bin\java.dll
0x0000000076a80000 - 0x0000000076a96000 	C:\Program Files\Java\jre1.8.0_25\bin\zip.dll
0x0000000075db0000 - 0x0000000075f48000 	C:\Program Files\Java\jre1.8.0_25\bin\awt.dll
0x00007ff98c0f0000 - 0x00007ff98c1b1000 	C:\WINDOWS\system32\OLEAUT32.dll
0x00007ff987610000 - 0x00007ff987631000 	C:\WINDOWS\system32\DWMAPI.DLL
0x00007ff988130000 - 0x00007ff988259000 	C:\WINDOWS\system32\uxtheme.dll
0x00007ff9882b0000 - 0x00007ff9882bb000 	C:\WINDOWS\SYSTEM32\kernel.appcore.dll
0x00007ff989340000 - 0x00007ff98934b000 	C:\WINDOWS\SYSTEM32\CRYPTBASE.dll
0x00007ff9892d0000 - 0x00007ff989333000 	C:\WINDOWS\SYSTEM32\bcryptPrimitives.dll
0x00007ff97e8c0000 - 0x00007ff97eae1000 	C:\WINDOWS\system32\d3d9.dll
0x00007ff987180000 - 0x00007ff98718a000 	C:\WINDOWS\SYSTEM32\VERSION.dll
0x00007ff986970000 - 0x00007ff986abb000 	C:\WINDOWS\SYSTEM32\aticfx64.dll
0x00007ff965270000 - 0x00007ff965291000 	C:\WINDOWS\SYSTEM32\atiu9p64.dll
0x00007ff964a80000 - 0x00007ff965265000 	C:\WINDOWS\SYSTEM32\atiumd64.dll
0x0000000076110000 - 0x00000000768c7000 	C:\WINDOWS\SYSTEM32\atiumd6a.dll
0x00000000769f0000 - 0x0000000076a37000 	C:\Program Files\Java\jre1.8.0_25\bin\fontmanager.dll
0x00007ff988ce0000 - 0x00007ff988d00000 	C:\WINDOWS\SYSTEM32\CRYPTSP.dll
0x00007ff988900000 - 0x00007ff988936000 	C:\WINDOWS\system32\rsaenh.dll
0x00007ff988f90000 - 0x00007ff988fb6000 	C:\WINDOWS\SYSTEM32\bcrypt.dll
0x0000000076a60000 - 0x0000000076a7a000 	C:\Program Files\Java\jre1.8.0_25\bin\net.dll
0x00007ff988c80000 - 0x00007ff988cd9000 	C:\WINDOWS\system32\mswsock.dll
0x00007ff9860b0000 - 0x00007ff9860da000 	C:\WINDOWS\SYSTEM32\IPHLPAPI.DLL
0x00007ff986050000 - 0x00007ff98605a000 	C:\WINDOWS\SYSTEM32\WINNSI.DLL
0x00007ff9841e0000 - 0x00007ff9841f6000 	C:\WINDOWS\SYSTEM32\dhcpcsvc6.DLL
0x00007ff984380000 - 0x00007ff98439a000 	C:\WINDOWS\SYSTEM32\dhcpcsvc.DLL
0x0000000076a40000 - 0x0000000076a51000 	C:\Program Files\Java\jre1.8.0_25\bin\nio.dll
0x00000000637c0000 - 0x00000000637cd000 	S:\Users\Ben\AppData\Local\Temp\jogamp_0000\file_cache\jln1271396610017720976\jln3800034300337485226\gluegen-rt.dll
0x00000000769e0000 - 0x00000000769e7000 	C:\Program Files\Java\jre1.8.0_25\bin\jawt.dll
0x000000006a440000 - 0x000000006a44d000 	S:\Users\Ben\AppData\Local\Temp\jogamp_0000\file_cache\jln1271396610017720976\jln3800034300337485226\nativewindow_awt.dll
0x000000006c100000 - 0x000000006c10f000 	S:\Users\Ben\AppData\Local\Temp\jogamp_0000\file_cache\jln1271396610017720976\jln3800034300337485226\nativewindow_win32.dll
0x00007ff960620000 - 0x00007ff96074b000 	C:\WINDOWS\SYSTEM32\OpenGL32.dll
0x00007ff97d7c0000 - 0x00007ff97d7ee000 	C:\WINDOWS\SYSTEM32\GLU32.dll
0x00007ff966bf0000 - 0x00007ff966ce8000 	C:\WINDOWS\SYSTEM32\DDRAW.dll
0x00007ff980290000 - 0x00007ff980299000 	C:\WINDOWS\SYSTEM32\DCIMAN32.dll
0x0000000064500000 - 0x00000000645a2000 	S:\Users\Ben\AppData\Local\Temp\jogamp_0000\file_cache\jln1271396610017720976\jln3800034300337485226\jogl_desktop.dll
0x00007ff97d720000 - 0x00007ff97d738000 	C:\WINDOWS\SYSTEM32\atig6pxx.dll
0x0000000074200000 - 0x0000000075daf000 	C:\WINDOWS\SYSTEM32\atio6axx.dll
0x00007ff98bcf0000 - 0x00007ff98beca000 	C:\WINDOWS\system32\SETUPAPI.dll
0x00007ff986120000 - 0x00007ff986257000 	C:\WINDOWS\SYSTEM32\atiadlxx.dll
0x00007ff986710000 - 0x00007ff98688f000 	C:\WINDOWS\SYSTEM32\PROPSYS.dll
0x00007ff988080000 - 0x00007ff988092000 	C:\WINDOWS\SYSTEM32\WTSAPI32.dll
0x00007ff9898f0000 - 0x00007ff989941000 	C:\WINDOWS\system32\WINTRUST.dll
0x00007ff989540000 - 0x00007ff98971f000 	C:\WINDOWS\system32\CRYPT32.dll
0x00007ff989520000 - 0x00007ff989531000 	C:\WINDOWS\system32\MSASN1.dll
0x00007ff973720000 - 0x00007ff973749000 	C:\WINDOWS\SYSTEM32\atig6txx.dll
0x00007ff95c1a0000 - 0x00007ff95c33c000 	O:\OneDrive\Workspace\ZZavatar\lib\user\KinectPV2\Kinect20.Face.dll
0x00007ff97c900000 - 0x00007ff97c9a7000 	C:\WINDOWS\SYSTEM32\MSVCP110.dll
0x00007ff981bc0000 - 0x00007ff981c8e000 	C:\WINDOWS\SYSTEM32\MSVCR110.dll
0x00007ff980280000 - 0x00007ff980290000 	O:\OneDrive\Workspace\ZZavatar\lib\user\KinectPV2\KinectPV2.dll
0x00007ff960560000 - 0x00007ff96061a000 	C:\WINDOWS\SYSTEM32\Kinect20.dll
0x00007ff97ca30000 - 0x00007ff97cb1b000 	C:\WINDOWS\SYSTEM32\MFPlat.DLL
0x00007ff97c8a0000 - 0x00007ff97c8c7000 	C:\WINDOWS\SYSTEM32\RTWorkQ.DLL
0x00007ff987050000 - 0x00007ff98705c000 	C:\WINDOWS\SYSTEM32\AVRT.dll
0x00007ff963e10000 - 0x00007ff963f9a000 	C:\WINDOWS\SYSTEM32\dbghelp.dll

VM Arguments:
jvm_args: -Djava.library.path=O:\OneDrive\Workspace\ZZavatar\lib\base\video;O:\OneDrive\Workspace\ZZavatar\lib\base\video;O:\OneDrive\Workspace\ZZavatar\lib\base\video;O:\OneDrive\Workspace\ZZavatar\lib\base\core;O:\OneDrive\Workspace\ZZavatar\lib\base\core;O:\OneDrive\Workspace\ZZavatar\lib\base\core;O:\OneDrive\Workspace\ZZavatar\lib\base\core;O:\OneDrive\Workspace\ZZavatar\lib\base\core;O:\OneDrive\Workspace\ZZavatar\lib\base\core;O:\OneDrive\Workspace\ZZavatar\lib\base\core;O:\OneDrive\Workspace\ZZavatar\lib\base\core;O:\OneDrive\Workspace\ZZavatar\lib\base\core;O:\OneDrive\Workspace\ZZavatar\lib\base\core;O:\OneDrive\Workspace\ZZavatar\lib\base\core;O:\OneDrive\Workspace\ZZavatar\lib\base\core;O:\OneDrive\Workspace\ZZavatar\lib\base\core;O:\OneDrive\Workspace\ZZavatar\lib\base\core;O:\OneDrive\Workspace\ZZavatar\lib\base\core;O:\OneDrive\Workspace\ZZavatar\lib\user\Kinect4WinSDK;O:\OneDrive\Workspace\ZZavatar\lib\user\KinectPV2;O:\OneDrive\Workspace\ZZavatar\lib\user\SimpleOpenNI -Dfile.encoding=Cp1252 
java_command: zzavatar.ZZavatar
java_class_path (initial): O:\OneDrive\Workspace\ZZavatar\lib\base\video\gstreamer-java.jar;O:\OneDrive\Workspace\ZZavatar\lib\base\video\jna.jar;O:\OneDrive\Workspace\ZZavatar\lib\base\video\video.jar;O:\OneDrive\Workspace\ZZavatar\lib\base\core\core.jar;O:\OneDrive\Workspace\ZZavatar\lib\base\core\gluegen-rt-natives-linux-amd64.jar;O:\OneDrive\Workspace\ZZavatar\lib\base\core\gluegen-rt-natives-linux-armv6hf.jar;O:\OneDrive\Workspace\ZZavatar\lib\base\core\gluegen-rt-natives-linux-i586.jar;O:\OneDrive\Workspace\ZZavatar\lib\base\core\gluegen-rt-natives-macosx-universal.jar;O:\OneDrive\Workspace\ZZavatar\lib\base\core\gluegen-rt-natives-windows-amd64.jar;O:\OneDrive\Workspace\ZZavatar\lib\base\core\gluegen-rt-natives-windows-i586.jar;O:\OneDrive\Workspace\ZZavatar\lib\base\core\gluegen-rt.jar;O:\OneDrive\Workspace\ZZavatar\lib\base\core\jogl-all-natives-linux-amd64.jar;O:\OneDrive\Workspace\ZZavatar\lib\base\core\jogl-all-natives-linux-armv6hf.jar;O:\OneDrive\Workspace\ZZavatar\lib\base\core\jogl-all-natives-linux-i586.jar;O:\OneDrive\Workspace\ZZavatar\lib\base\core\jogl-all-natives-macosx-universal.jar;O:\OneDrive\Workspace\ZZavatar\lib\base\core\jogl-all-natives-windows-amd64.jar;O:\OneDrive\Workspace\ZZavatar\lib\base\core\jogl-all-natives-windows-i586.jar;O:\OneDrive\Workspace\ZZavatar\lib\base\core\jogl-all.jar;O:\OneDrive\Workspace\ZZavatar\lib\user\Kinect4WinSDK\Kinect4WinSDK.jar;O:\OneDrive\Workspace\ZZavatar\lib\user\KinectPV2\KinectPV2.jar;O:\OneDrive\Workspace\ZZavatar\lib\user\SimpleOpenNI\SimpleOpenNI.jar;O:\OneDrive\Workspace\ZZavatar\bin
Launcher Type: SUN_STANDARD

Environment Variables:
JAVA_HOME=C:\Program Files\Java\jdk1.8.0_25
PATH=C:/Program Files/Java/jre1.8.0_25/bin/server;C:/Program Files/Java/jre1.8.0_25/bin;C:/Program Files/Java/jre1.8.0_25/lib/amd64;C:\Program Files (x86)\NVIDIA Corporation\PhysX\Common;C:\ProgramData\Oracle\Java\javapath;C:\Program Files (x86)\Common Files\Intel\Shared Libraries\redist\intel64\compiler;C:\Program Files (x86)\Common Files\Intel\Shared Libraries\redist\ia32\compiler;C:\Program Files (x86)\Intel\iCLS Client\;C:\Program Files\Intel\iCLS Client\;C:\Program Files (x86)\AMD APP\bin\x86_64;C:\Program Files (x86)\AMD APP\bin\x86;C:\WINDOWS\system32;C:\WINDOWS;C:\WINDOWS\System32\Wbem;C:\WINDOWS\System32\WindowsPowerShell\v1.0\;C:\Program Files (x86)\ATI Technologies\ATI.ACE\Core-Static;C:\Program Files\Intel\Intel(R) Management Engine Components\DAL;C:\Program Files\Intel\Intel(R) Management Engine Components\IPT;C:\Program Files (x86)\Intel\Intel(R) Management Engine Components\DAL;C:\Program Files (x86)\Intel\Intel(R) Management Engine Components\IPT;C:\Program Files\Sony\VAIO Improvement\;C:\Program Files (x86)\Sony\VAIO Startup Setting Tool;C:\Program Files (x86)\Windows Kits\8.1\Windows Performance Toolkit\;C:\Program Files\Microsoft SQL Server\110\Tools\Binn\;C:\Program Files (x86)\Microsoft SDKs\TypeScript\1.0\;C:\Program Files\Microsoft\Web Platform Installer\;C:\Program Files (x86)\Java\jre1.8.0_25\bin;P:\Programs\Python27\Scripts;P:\Programs\Python27;C:\Program Files\Common Files\Autodesk Shared\;P:\Program Files\Programs;P:\Program Files\Games;P:\Programs\Eclipse;
USERNAME=Benoît
OS=Windows_NT
PROCESSOR_IDENTIFIER=Intel64 Family 6 Model 58 Stepping 9, GenuineIntel



---------------  S Y S T E M  ---------------

OS: Windows 8.1 , 64 bit Build 9600 

CPU:total 8 (4 cores per cpu, 2 threads per core) family 6 model 58 stepping 9, cmov, cx8, fxsr, mmx, sse, sse2, sse3, ssse3, sse4.1, sse4.2, popcnt, avx, aes, clmul, erms, ht, tsc, tscinvbit, tscinv

Memory: 4k page, physical 6237468k(1346548k free), swap 10431772k(4286536k free)

vm_info: Java HotSpot(TM) 64-Bit Server VM (25.25-b02) for windows-amd64 JRE (1.8.0_25-b18), built on Oct  7 2014 14:25:37 by "java_re" with MS VC++ 10.0 (VS2010)

time: Fri Apr 24 18:14:08 2015
elapsed time: 45 seconds (0d 0h 0m 45s)

