#
# A fatal error has been detected by the Java Runtime Environment:
#
#  EXCEPTION_ACCESS_VIOLATION (0xc0000005) at pc=0x00007ff97ff74110, pid=8008, tid=6712
#
# JRE version: Java(TM) SE Runtime Environment (8.0_25-b18) (build 1.8.0_25-b18)
# Java VM: Java HotSpot(TM) 64-Bit Server VM (25.25-b02 mixed mode windows-amd64 compressed oops)
# Problematic frame:
# C  [KinectPV2.dll+0x4110]
#
# Failed to write core dump. Minidumps are not enabled by default on client versions of Windows
#
# If you would like to submit a bug report, please visit:
#   http://bugreport.sun.com/bugreport/crash.jsp
# The crash happened outside the Java Virtual Machine in native code.
# See problematic frame for where to report the bug.
#

---------------  T H R E A D  ---------------

Current thread (0x0000000018f95800):  JavaThread "Animation Thread" [_thread_in_native, id=6712, stack(0x000000001c000000,0x000000001c100000)]

siginfo: ExceptionCode=0xc0000005, reading address 0xffffffffffffffff

Registers:
RAX=0x0000000000000001, RBX=0x000000002d685040, RCX=0x004d51e60a00000a, RDX=0x0000000000000000
RSP=0x000000001c0fe620, RBP=0x0000000000000006, RSI=0x0000000000000000, RDI=0x000000001ee97d08
R8 =0x000000001c0fe2e8, R9 =0x0000000000008000, R10=0x0000000000000000, R11=0x000000001c0fe520
R12=0x0000000000000000, R13=0x000000001f39d198, R14=0x0000000000000000, R15=0x0000000018f95800
RIP=0x00007ff97ff74110, EFLAGS=0x0000000000010206

Top of Stack: (sp=0x000000001c0fe620)
0x000000001c0fe620:   000000001ee97cd8 000000001f0a53b8
0x000000001c0fe630:   000000001ee97cd8 0000000000000000
0x000000001c0fe640:   000000001c0fe710 00007ff97ff71fba
0x000000001c0fe650:   000000001c0fe710 000000001c0fe6f0
0x000000001c0fe660:   0000000018f959e8 0000000018f599d0
0x000000001c0fe670:   00000000a3b1ff90 0000000001f35b74
0x000000001c0fe680:   000000001f39d198 0000000000000021
0x000000001c0fe690:   0000000000000021 0000000018f95800
0x000000001c0fe6a0:   000000001c0fe768 0000000001f358a2
0x000000001c0fe6b0:   000000001c0fe6b0 000000001f39d198
0x000000001c0fe6c0:   000000001c0fe710 000000001f39e128
0x000000001c0fe6d0:   0000000000000000 000000001f39d198
0x000000001c0fe6e0:   0000000000000000 000000001c0fe710
0x000000001c0fe6f0:   000000001c0fe758 0000000001f27a2d
0x000000001c0fe700:   0000000000000000 0000000001f2f6b8
0x000000001c0fe710:   00000000a389ff70 000000001c0fe718 

Instructions: (pc=0x00007ff97ff74110)
0x00007ff97ff740f0:   89 77 d0 48 8b 0f 48 85 c9 74 09 48 8b 01 ff 50
0x00007ff97ff74100:   10 4c 89 37 48 8b 8f 90 00 00 00 48 85 c9 74 0d
0x00007ff97ff74110:   48 8b 01 ff 50 10 4c 89 b7 90 00 00 00 48 8b 4f
0x00007ff97ff74120:   30 48 85 c9 74 0a 48 8b 01 ff 50 10 4c 89 77 30 


Register to memory mapping:

RAX=0x0000000000000001 is an unknown value
RBX=0x000000002d685040 is an unknown value
RCX=0x004d51e60a00000a is an unknown value
RDX=0x0000000000000000 is an unknown value
RSP=0x000000001c0fe620 is pointing into the stack for thread: 0x0000000018f95800
RBP=0x0000000000000006 is an unknown value
RSI=0x0000000000000000 is an unknown value
RDI=0x000000001ee97d08 is an unknown value
R8 =0x000000001c0fe2e8 is pointing into the stack for thread: 0x0000000018f95800
R9 =0x0000000000008000 is an unknown value
R10=0x0000000000000000 is an unknown value
R11=0x000000001c0fe520 is pointing into the stack for thread: 0x0000000018f95800
R12=0x0000000000000000 is an unknown value
R13={method} {0x000000001f39d1a0} 'jniStopDevice' '()V' in 'KinectPV2/Device'
R14=0x0000000000000000 is an unknown value
R15=0x0000000018f95800 is a thread


Stack: [0x000000001c000000,0x000000001c100000],  sp=0x000000001c0fe620,  free space=1017k
Native frames: (J=compiled Java code, j=interpreted, Vv=VM code, C=native code)
C  [KinectPV2.dll+0x4110]
C  [KinectPV2.dll+0x1fba]
C  0x0000000001f35b74

Java frames: (J=compiled Java code, j=interpreted, Vv=VM code)
j  KinectPV2.Device.jniStopDevice()V+0
j  KinectPV2.Device.stopDevice()V+41
j  KinectPV2.KinectPV2.dispose()V+14
v  ~StubRoutines::call_stub
j  sun.reflect.NativeMethodAccessorImpl.invoke0(Ljava/lang/reflect/Method;Ljava/lang/Object;[Ljava/lang/Object;)Ljava/lang/Object;+0
j  sun.reflect.NativeMethodAccessorImpl.invoke(Ljava/lang/Object;[Ljava/lang/Object;)Ljava/lang/Object;+100
J 1777 C1 sun.reflect.DelegatingMethodAccessorImpl.invoke(Ljava/lang/Object;[Ljava/lang/Object;)Ljava/lang/Object; (10 bytes) @ 0x00000000025aca44 [0x00000000025ac940+0x104]
J 1776 C1 java.lang.reflect.Method.invoke(Ljava/lang/Object;[Ljava/lang/Object;)Ljava/lang/Object; (62 bytes) @ 0x00000000025a4824 [0x00000000025a4440+0x3e4]
j  processing.core.PApplet$RegisteredMethods.handle([Ljava/lang/Object;)V+18
J 1647 C1 processing.core.PApplet.handleMethods(Ljava/lang/String;)V (21 bytes) @ 0x0000000002568a5c [0x00000000025687a0+0x2bc]
j  processing.core.PApplet.dispose()V+35
j  processing.core.PApplet.run()V+283
j  java.lang.Thread.run()V+11
v  ~StubRoutines::call_stub

---------------  P R O C E S S  ---------------

Java Threads: ( => current thread )
  0x00000000191ee800 JavaThread "Animation Thread-SharedResourceRunner" daemon [_thread_blocked, id=3932, stack(0x000000001e2d0000,0x000000001e3d0000)]
  0x0000000001e1e800 JavaThread "DestroyJavaVM" [_thread_blocked, id=7140, stack(0x0000000001cc0000,0x0000000001dc0000)]
  0x0000000018f88800 JavaThread "D3D Screen Updater" daemon [_thread_blocked, id=5636, stack(0x000000001c300000,0x000000001c400000)]
=>0x0000000018f95800 JavaThread "Animation Thread" [_thread_in_native, id=6712, stack(0x000000001c000000,0x000000001c100000)]
  0x0000000018f06000 JavaThread "AWT-EventQueue-0" [_thread_blocked, id=7584, stack(0x000000001be00000,0x000000001bf00000)]
  0x0000000018ec3800 JavaThread "AWT-Windows" daemon [_thread_in_native, id=7932, stack(0x00000000197d0000,0x00000000198d0000)]
  0x000000001806e000 JavaThread "AWT-Shutdown" [_thread_blocked, id=7036, stack(0x00000000196d0000,0x00000000197d0000)]
  0x0000000018ea8000 JavaThread "Java2D Disposer" daemon [_thread_blocked, id=4844, stack(0x00000000195d0000,0x00000000196d0000)]
  0x0000000017d1e000 JavaThread "Service Thread" daemon [_thread_blocked, id=2484, stack(0x0000000018670000,0x0000000018770000)]
  0x0000000017cb1000 JavaThread "C1 CompilerThread3" daemon [_thread_blocked, id=7520, stack(0x0000000018570000,0x0000000018670000)]
  0x0000000017caa000 JavaThread "C2 CompilerThread2" daemon [_thread_blocked, id=5888, stack(0x0000000018470000,0x0000000018570000)]
  0x0000000017c9b000 JavaThread "C2 CompilerThread1" daemon [_thread_blocked, id=4524, stack(0x0000000018370000,0x0000000018470000)]
  0x0000000017c99000 JavaThread "C2 CompilerThread0" daemon [_thread_blocked, id=1640, stack(0x0000000018270000,0x0000000018370000)]
  0x0000000017c96800 JavaThread "Attach Listener" daemon [_thread_blocked, id=1840, stack(0x0000000018170000,0x0000000018270000)]
  0x0000000017c95800 JavaThread "Signal Dispatcher" daemon [_thread_blocked, id=6348, stack(0x0000000018070000,0x0000000018170000)]
  0x0000000001f19800 JavaThread "Finalizer" daemon [_thread_blocked, id=5836, stack(0x0000000017b70000,0x0000000017c70000)]
  0x0000000015c6c800 JavaThread "Reference Handler" daemon [_thread_blocked, id=2148, stack(0x0000000017a70000,0x0000000017b70000)]

Other Threads:
  0x0000000015c68000 VMThread [stack: 0x0000000017970000,0x0000000017a70000] [id=1784]
  0x0000000017d28000 WatcherThread [stack: 0x0000000018770000,0x0000000018870000] [id=7696]

VM state:not at safepoint (normal execution)

VM Mutex/Monitor currently owned by a thread: None

Heap:
 PSYoungGen      total 339456K, used 260699K [0x00000000e0400000, 0x00000000f5d00000, 0x0000000100000000)
  eden space 326656K, 79% used [0x00000000e0400000,0x00000000f0276fe8,0x00000000f4300000)
  from space 12800K, 1% used [0x00000000f5080000,0x00000000f50a0000,0x00000000f5d00000)
  to   space 13312K, 0% used [0x00000000f4300000,0x00000000f4300000,0x00000000f5000000)
 ParOldGen       total 227328K, used 155515K [0x00000000a0c00000, 0x00000000aea00000, 0x00000000e0400000)
  object space 227328K, 68% used [0x00000000a0c00000,0x00000000aa3def20,0x00000000aea00000)
 Metaspace       used 17957K, capacity 18217K, committed 18560K, reserved 1067008K
  class space    used 1735K, capacity 1793K, committed 1920K, reserved 1048576K

Card table byte_map: [0x00000000112e0000,0x00000000115e0000] byte_map_base: 0x0000000010dda000

Marking Bits: (ParMarkBitMap*) 0x00000000772bd490
 Begin Bits: [0x0000000011fe0000, 0x00000000137b0000)
 End Bits:   [0x00000000137b0000, 0x0000000014f80000)

Polling page: 0x00000000003a0000

CodeCache: size=245760Kb used=7832Kb max_used=8697Kb free=237927Kb
 bounds [0x0000000001f20000, 0x00000000027b0000, 0x0000000010f20000]
 total_blobs=2991 nmethods=2120 adapters=785
 compilation: enabled

Compilation events (10 events):
Event: 32.284 Thread 0x0000000017cb1000 2316       3       sun.awt.AWTAutoShutdown::notifyToolkitThreadFree (8 bytes)
Event: 32.285 Thread 0x0000000017cb1000 nmethod 2316 0x00000000020d1c90 code [0x00000000020d1e00, 0x00000000020d1fc8]
Event: 32.931 Thread 0x0000000017c99000 2317       4       java.security.AccessControlContext::optimize (318 bytes)
Event: 32.945 Thread 0x0000000017c99000 nmethod 2317 0x00000000020b9dd0 code [0x00000000020b9f60, 0x00000000020bab98]
Event: 33.001 Thread 0x0000000017caa000 2318       4       KinectPV2.Skeleton::createSkeleton3D (284 bytes)
Event: 33.004 Thread 0x0000000017caa000 nmethod 2318 0x0000000002020310 code [0x0000000002020480, 0x0000000002020718]
Event: 33.830 Thread 0x0000000017c9b000 2319   !   4       sun.awt.PostEventQueue::flush (168 bytes)
Event: 33.832 Thread 0x0000000017c9b000 nmethod 2319 0x00000000022677d0 code [0x0000000002267920, 0x0000000002267bb8]
Event: 33.923 Thread 0x0000000017c99000 2320       4       sun.java2d.d3d.D3DSurfaceData$D3DWindowSurfaceData::isDirty (18 bytes)
Event: 33.923 Thread 0x0000000017c99000 nmethod 2320 0x00000000020af090 code [0x00000000020af1e0, 0x00000000020af298]

GC Heap History (10 events):
Event: 30.796 GC heap before
{Heap before GC invocations=69 (full 3):
 PSYoungGen      total 332800K, used 316700K [0x00000000e0400000, 0x00000000f5600000, 0x0000000100000000)
  eden space 320512K, 98% used [0x00000000e0400000,0x00000000f39272e8,0x00000000f3d00000)
  from space 12288K, 1% used [0x00000000f3d00000,0x00000000f3d20000,0x00000000f4900000)
  to   space 11776K, 0% used [0x00000000f4a80000,0x00000000f4a80000,0x00000000f5600000)
 ParOldGen       total 227328K, used 155451K [0x00000000a0c00000, 0x00000000aea00000, 0x00000000e0400000)
  object space 227328K, 68% used [0x00000000a0c00000,0x00000000aa3cef20,0x00000000aea00000)
 Metaspace       used 17921K, capacity 18217K, committed 18560K, reserved 1067008K
  class space    used 1723K, capacity 1793K, committed 1920K, reserved 1048576K
Event: 30.797 GC heap after
Heap after GC invocations=69 (full 3):
 PSYoungGen      total 333312K, used 128K [0x00000000e0400000, 0x00000000f5500000, 0x0000000100000000)
  eden space 322560K, 0% used [0x00000000e0400000,0x00000000e0400000,0x00000000f3f00000)
  from space 10752K, 1% used [0x00000000f4a80000,0x00000000f4aa0000,0x00000000f5500000)
  to   space 11264K, 0% used [0x00000000f3f00000,0x00000000f3f00000,0x00000000f4a00000)
 ParOldGen       total 227328K, used 155451K [0x00000000a0c00000, 0x00000000aea00000, 0x00000000e0400000)
  object space 227328K, 68% used [0x00000000a0c00000,0x00000000aa3cef20,0x00000000aea00000)
 Metaspace       used 17921K, capacity 18217K, committed 18560K, reserved 1067008K
  class space    used 1723K, capacity 1793K, committed 1920K, reserved 1048576K
}
Event: 31.169 GC heap before
{Heap before GC invocations=70 (full 3):
 PSYoungGen      total 333312K, used 322688K [0x00000000e0400000, 0x00000000f5500000, 0x0000000100000000)
  eden space 322560K, 100% used [0x00000000e0400000,0x00000000f3f00000,0x00000000f3f00000)
  from space 10752K, 1% used [0x00000000f4a80000,0x00000000f4aa0000,0x00000000f5500000)
  to   space 11264K, 0% used [0x00000000f3f00000,0x00000000f3f00000,0x00000000f4a00000)
 ParOldGen       total 227328K, used 155451K [0x00000000a0c00000, 0x00000000aea00000, 0x00000000e0400000)
  object space 227328K, 68% used [0x00000000a0c00000,0x00000000aa3cef20,0x00000000aea00000)
 Metaspace       used 17921K, capacity 18217K, committed 18560K, reserved 1067008K
  class space    used 1723K, capacity 1793K, committed 1920K, reserved 1048576K
Event: 31.171 GC heap after
Heap after GC invocations=70 (full 3):
 PSYoungGen      total 333824K, used 9076K [0x00000000e0400000, 0x00000000f5a80000, 0x0000000100000000)
  eden space 322560K, 0% used [0x00000000e0400000,0x00000000e0400000,0x00000000f3f00000)
  from space 11264K, 80% used [0x00000000f3f00000,0x00000000f47dd020,0x00000000f4a00000)
  to   space 12800K, 0% used [0x00000000f4e00000,0x00000000f4e00000,0x00000000f5a80000)
 ParOldGen       total 227328K, used 155451K [0x00000000a0c00000, 0x00000000aea00000, 0x00000000e0400000)
  object space 227328K, 68% used [0x00000000a0c00000,0x00000000aa3cef20,0x00000000aea00000)
 Metaspace       used 17921K, capacity 18217K, committed 18560K, reserved 1067008K
  class space    used 1723K, capacity 1793K, committed 1920K, reserved 1048576K
}
Event: 31.532 GC heap before
{Heap before GC invocations=71 (full 3):
 PSYoungGen      total 333824K, used 331636K [0x00000000e0400000, 0x00000000f5a80000, 0x0000000100000000)
  eden space 322560K, 100% used [0x00000000e0400000,0x00000000f3f00000,0x00000000f3f00000)
  from space 11264K, 80% used [0x00000000f3f00000,0x00000000f47dd020,0x00000000f4a00000)
  to   space 12800K, 0% used [0x00000000f4e00000,0x00000000f4e00000,0x00000000f5a80000)
 ParOldGen       total 227328K, used 155451K [0x00000000a0c00000, 0x00000000aea00000, 0x00000000e0400000)
  object space 227328K, 68% used [0x00000000a0c00000,0x00000000aa3cef20,0x00000000aea00000)
 Metaspace       used 17921K, capacity 18217K, committed 18560K, reserved 1067008K
  class space    used 1723K, capacity 1793K, committed 1920K, reserved 1048576K
Event: 31.533 GC heap after
Heap after GC invocations=71 (full 3):
 PSYoungGen      total 335872K, used 128K [0x00000000e0400000, 0x00000000f5900000, 0x0000000100000000)
  eden space 324608K, 0% used [0x00000000e0400000,0x00000000e0400000,0x00000000f4100000)
  from space 11264K, 1% used [0x00000000f4e00000,0x00000000f4e20000,0x00000000f5900000)
  to   space 12288K, 0% used [0x00000000f4100000,0x00000000f4100000,0x00000000f4d00000)
 ParOldGen       total 227328K, used 155451K [0x00000000a0c00000, 0x00000000aea00000, 0x00000000e0400000)
  object space 227328K, 68% used [0x00000000a0c00000,0x00000000aa3cef20,0x00000000aea00000)
 Metaspace       used 17921K, capacity 18217K, committed 18560K, reserved 1067008K
  class space    used 1723K, capacity 1793K, committed 1920K, reserved 1048576K
}
Event: 32.367 GC heap before
{Heap before GC invocations=72 (full 3):
 PSYoungGen      total 335872K, used 324243K [0x00000000e0400000, 0x00000000f5900000, 0x0000000100000000)
  eden space 324608K, 99% used [0x00000000e0400000,0x00000000f4084f50,0x00000000f4100000)
  from space 11264K, 1% used [0x00000000f4e00000,0x00000000f4e20000,0x00000000f5900000)
  to   space 12288K, 0% used [0x00000000f4100000,0x00000000f4100000,0x00000000f4d00000)
 ParOldGen       total 227328K, used 155451K [0x00000000a0c00000, 0x00000000aea00000, 0x00000000e0400000)
  object space 227328K, 68% used [0x00000000a0c00000,0x00000000aa3cef20,0x00000000aea00000)
 Metaspace       used 17922K, capacity 18217K, committed 18560K, reserved 1067008K
  class space    used 1723K, capacity 1793K, committed 1920K, reserved 1048576K
Event: 32.370 GC heap after
Heap after GC invocations=72 (full 3):
 PSYoungGen      total 336896K, used 9076K [0x00000000e0400000, 0x00000000f5e00000, 0x0000000100000000)
  eden space 324608K, 0% used [0x00000000e0400000,0x00000000e0400000,0x00000000f4100000)
  from space 12288K, 73% used [0x00000000f4100000,0x00000000f49dd020,0x00000000f4d00000)
  to   space 13824K, 0% used [0x00000000f5080000,0x00000000f5080000,0x00000000f5e00000)
 ParOldGen       total 227328K, used 155483K [0x00000000a0c00000, 0x00000000aea00000, 0x00000000e0400000)
  object space 227328K, 68% used [0x00000000a0c00000,0x00000000aa3d6f20,0x00000000aea00000)
 Metaspace       used 17922K, capacity 18217K, committed 18560K, reserved 1067008K
  class space    used 1723K, capacity 1793K, committed 1920K, reserved 1048576K
}
Event: 33.462 GC heap before
{Heap before GC invocations=73 (full 3):
 PSYoungGen      total 336896K, used 327350K [0x00000000e0400000, 0x00000000f5e00000, 0x0000000100000000)
  eden space 324608K, 98% used [0x00000000e0400000,0x00000000f3ad0b00,0x00000000f4100000)
  from space 12288K, 73% used [0x00000000f4100000,0x00000000f49dd020,0x00000000f4d00000)
  to   space 13824K, 0% used [0x00000000f5080000,0x00000000f5080000,0x00000000f5e00000)
 ParOldGen       total 227328K, used 155483K [0x00000000a0c00000, 0x00000000aea00000, 0x00000000e0400000)
  object space 227328K, 68% used [0x00000000a0c00000,0x00000000aa3d6f20,0x00000000aea00000)
 Metaspace       used 17922K, capacity 18217K, committed 18560K, reserved 1067008K
  class space    used 1723K, capacity 1793K, committed 1920K, reserved 1048576K
Event: 33.463 GC heap after
Heap after GC invocations=73 (full 3):
 PSYoungGen      total 339456K, used 128K [0x00000000e0400000, 0x00000000f5d00000, 0x0000000100000000)
  eden space 326656K, 0% used [0x00000000e0400000,0x00000000e0400000,0x00000000f4300000)
  from space 12800K, 1% used [0x00000000f5080000,0x00000000f50a0000,0x00000000f5d00000)
  to   space 13312K, 0% used [0x00000000f4300000,0x00000000f4300000,0x00000000f5000000)
 ParOldGen       total 227328K, used 155515K [0x00000000a0c00000, 0x00000000aea00000, 0x00000000e0400000)
  object space 227328K, 68% used [0x00000000a0c00000,0x00000000aa3def20,0x00000000aea00000)
 Metaspace       used 17922K, capacity 18217K, committed 18560K, reserved 1067008K
  class space    used 1723K, capacity 1793K, committed 1920K, reserved 1048576K
}

Deoptimization events (10 events):
Event: 21.128 Thread 0x0000000018f06000 Uncommon trap: reason=speculate_class_check action=maybe_recompile pc=0x0000000002790a64 method=com.jogamp.common.nio.Buffers.getDirectBufferByteOffset(Ljava/lang/Object;)I @ 22
Event: 21.132 Thread 0x0000000018f06000 Uncommon trap: reason=speculate_class_check action=maybe_recompile pc=0x0000000002790a64 method=com.jogamp.common.nio.Buffers.getDirectBufferByteOffset(Ljava/lang/Object;)I @ 22
Event: 21.315 Thread 0x0000000018f06000 Uncommon trap: reason=speculate_class_check action=maybe_recompile pc=0x0000000002795e08 method=com.jogamp.common.nio.Buffers.getDirectBufferByteOffset(Ljava/lang/Object;)I @ 31
Event: 21.315 Thread 0x0000000018f06000 Uncommon trap: reason=speculate_class_check action=maybe_recompile pc=0x0000000002795e08 method=com.jogamp.common.nio.Buffers.getDirectBufferByteOffset(Ljava/lang/Object;)I @ 31
Event: 21.495 Thread 0x0000000018f06000 Uncommon trap: reason=speculate_class_check action=maybe_recompile pc=0x000000000279b228 method=com.jogamp.common.nio.Buffers.getDirectBufferByteOffset(Ljava/lang/Object;)I @ 42
Event: 21.500 Thread 0x0000000018f06000 Uncommon trap: reason=speculate_class_check action=maybe_recompile pc=0x000000000279b228 method=com.jogamp.common.nio.Buffers.getDirectBufferByteOffset(Ljava/lang/Object;)I @ 42
Event: 34.280 Thread 0x0000000018f06000 Uncommon trap: reason=unreached action=reinterpret pc=0x0000000002267b50 method=sun.awt.PostEventQueue.flush()V @ 37
Event: 34.280 Thread 0x0000000018f06000 Uncommon trap: reason=unreached action=reinterpret pc=0x00000000020bab2c method=java.security.AccessControlContext.combine([Ljava/security/ProtectionDomain;[Ljava/security/ProtectionDomain;)[Ljava/security/ProtectionDomain; @ 45
Event: 34.282 Thread 0x0000000018f06000 Uncommon trap: reason=unreached action=reinterpret pc=0x0000000002798230 method=java.security.AccessControlContext.combine([Ljava/security/ProtectionDomain;[Ljava/security/ProtectionDomain;)[Ljava/security/ProtectionDomain; @ 45
Event: 34.314 Thread 0x0000000018f95800 Uncommon trap: reason=unreached action=reinterpret pc=0x00000000025e28ec method=java.util.HashMap.keySet()Ljava/util/Set; @ 6

Internal exceptions (10 events):
Event: 2.946 Thread 0x0000000018f06000 Exception <a 'java/security/PrivilegedActionException'> (0x00000000e3d639b0) thrown at [D:\re\workspace\8-2-build-windows-amd64-cygwin\jdk8u25\1677\hotspot\src\share\vm\prims\jvm.cpp, line 1312]
Event: 2.946 Thread 0x0000000018f06000 Exception <a 'java/security/PrivilegedActionException'> (0x00000000e3d67508) thrown at [D:\re\workspace\8-2-build-windows-amd64-cygwin\jdk8u25\1677\hotspot\src\share\vm\prims\jvm.cpp, line 1312]
Event: 2.947 Thread 0x0000000018f06000 Exception <a 'java/security/PrivilegedActionException'> (0x00000000e3d6bd08) thrown at [D:\re\workspace\8-2-build-windows-amd64-cygwin\jdk8u25\1677\hotspot\src\share\vm\prims\jvm.cpp, line 1312]
Event: 2.947 Thread 0x0000000018f06000 Exception <a 'java/security/PrivilegedActionException'> (0x00000000e3d6f440) thrown at [D:\re\workspace\8-2-build-windows-amd64-cygwin\jdk8u25\1677\hotspot\src\share\vm\prims\jvm.cpp, line 1312]
Event: 2.947 Thread 0x0000000018f06000 Exception <a 'java/security/PrivilegedActionException'> (0x00000000e3d73388) thrown at [D:\re\workspace\8-2-build-windows-amd64-cygwin\jdk8u25\1677\hotspot\src\share\vm\prims\jvm.cpp, line 1312]
Event: 2.948 Thread 0x0000000018f06000 Exception <a 'java/security/PrivilegedActionException'> (0x00000000e3d79298) thrown at [D:\re\workspace\8-2-build-windows-amd64-cygwin\jdk8u25\1677\hotspot\src\share\vm\prims\jvm.cpp, line 1312]
Event: 2.962 Thread 0x0000000018f06000 Exception <a 'java/security/PrivilegedActionException'> (0x00000000e3e548a8) thrown at [D:\re\workspace\8-2-build-windows-amd64-cygwin\jdk8u25\1677\hotspot\src\share\vm\prims\jvm.cpp, line 1312]
Event: 34.280 Thread 0x0000000018f06000 Implicit null exception at 0x00000000020ba0f8 to 0x00000000020baafd
Event: 34.282 Thread 0x0000000018f06000 Implicit null exception at 0x0000000002797d9f to 0x0000000002798209
Event: 34.314 Thread 0x0000000018f95800 Implicit null exception at 0x00000000025e2627 to 0x00000000025e28dd

Events (10 events):
Event: 34.281 loading class javax/swing/JWindow
Event: 34.282 loading class javax/swing/JWindow done
Event: 34.282 loading class javax/swing/Popup$HeavyWeightWindow done
Event: 34.282 Thread 0x0000000018f06000 Uncommon trap: trap_request=0xffffffad fr.pc=0x0000000002798230
Event: 34.282 Thread 0x0000000018f06000 DEOPT PACKING pc=0x0000000002798230 sp=0x000000001befdd50
Event: 34.282 Thread 0x0000000018f06000 DEOPT UNPACKING pc=0x0000000001f6556a sp=0x000000001befdd08 mode 2
Event: 34.314 Thread 0x0000000018f95800 Uncommon trap: trap_request=0xffffffad fr.pc=0x00000000025e28ec
Event: 34.314 Thread 0x0000000018f95800 DEOPT PACKING pc=0x00000000025e28ec sp=0x000000001c0fef80
Event: 34.314 Thread 0x0000000018f95800 DEOPT UNPACKING pc=0x0000000001f6556a sp=0x000000001c0feed8 mode 2
Event: 34.318 Thread 0x0000000019108000 Thread exited: 0x0000000019108000


Dynamic libraries:
0x00007ff669010000 - 0x00007ff669044000 	C:\Program Files\Java\jre1.8.0_25\bin\javaw.exe
0x00007ff98c320000 - 0x00007ff98c4cc000 	C:\WINDOWS\SYSTEM32\ntdll.dll
0x00007ff989d20000 - 0x00007ff989e5e000 	C:\WINDOWS\system32\KERNEL32.DLL
0x00007ff9897d0000 - 0x00007ff9898e5000 	C:\WINDOWS\system32\KERNELBASE.dll
0x00007ff987ff0000 - 0x00007ff98807e000 	C:\WINDOWS\system32\apphelp.dll
0x00007ff973750000 - 0x00007ff9737a3000 	C:\WINDOWS\AppPatch\AppPatch64\AcGenral.DLL
0x00007ff98a220000 - 0x00007ff98a2ca000 	C:\WINDOWS\system32\msvcrt.dll
0x00007ff9892a0000 - 0x00007ff9892ce000 	C:\WINDOWS\SYSTEM32\SspiCli.dll
0x00007ff98b980000 - 0x00007ff98b9d4000 	C:\WINDOWS\system32\SHLWAPI.dll
0x00007ff989f00000 - 0x00007ff98a077000 	C:\WINDOWS\system32\USER32.dll
0x00007ff98bb50000 - 0x00007ff98bce4000 	C:\WINDOWS\system32\ole32.dll
0x00007ff98a390000 - 0x00007ff98b8a8000 	C:\WINDOWS\system32\SHELL32.dll
0x00007ff988a10000 - 0x00007ff988a31000 	C:\WINDOWS\SYSTEM32\USERENV.dll
0x00007ff989c10000 - 0x00007ff989cba000 	C:\WINDOWS\system32\ADVAPI32.dll
0x00007ff97c880000 - 0x00007ff97c89e000 	C:\WINDOWS\SYSTEM32\MPR.dll
0x00007ff98b9e0000 - 0x00007ff98bb21000 	C:\WINDOWS\system32\RPCRT4.dll
0x00007ff9899a0000 - 0x00007ff9899f9000 	C:\WINDOWS\SYSTEM32\sechost.dll
0x00007ff98bed0000 - 0x00007ff98c0e1000 	C:\WINDOWS\SYSTEM32\combase.dll
0x00007ff98a0c0000 - 0x00007ff98a211000 	C:\WINDOWS\system32\GDI32.dll
0x00007ff989470000 - 0x00007ff989485000 	C:\WINDOWS\SYSTEM32\profapi.dll
0x00007ff987810000 - 0x00007ff9878c2000 	C:\WINDOWS\SYSTEM32\SHCORE.dll
0x00007ff98a080000 - 0x00007ff98a0b6000 	C:\WINDOWS\system32\IMM32.DLL
0x00007ff98c1c0000 - 0x00007ff98c312000 	C:\WINDOWS\system32\MSCTF.dll
0x00007ff986b90000 - 0x00007ff986e0b000 	C:\WINDOWS\WinSxS\amd64_microsoft.windows.common-controls_6595b64144ccf1df_6.0.9600.17415_none_6240486fecbd8abb\COMCTL32.dll
0x0000000075f50000 - 0x0000000076022000 	C:\Program Files\Java\jre1.8.0_25\bin\msvcr100.dll
0x0000000076ae0000 - 0x000000007733a000 	C:\Program Files\Java\jre1.8.0_25\bin\server\jvm.dll
0x00007ff9707d0000 - 0x00007ff9707d9000 	C:\WINDOWS\SYSTEM32\WSOCK32.dll
0x00007ff97ca00000 - 0x00007ff97ca22000 	C:\WINDOWS\SYSTEM32\WINMM.dll
0x00007ff989e80000 - 0x00007ff989e87000 	C:\WINDOWS\system32\PSAPI.DLL
0x00007ff989a00000 - 0x00007ff989a5a000 	C:\WINDOWS\system32\WS2_32.dll
0x00007ff97c8d0000 - 0x00007ff97c8fa000 	C:\WINDOWS\SYSTEM32\WINMMBASE.dll
0x00007ff98bb30000 - 0x00007ff98bb39000 	C:\WINDOWS\system32\NSI.dll
0x00007ff989950000 - 0x00007ff98999f000 	C:\WINDOWS\SYSTEM32\cfgmgr32.dll
0x00007ff988260000 - 0x00007ff988288000 	C:\WINDOWS\SYSTEM32\DEVOBJ.dll
0x0000000076ad0000 - 0x0000000076adf000 	C:\Program Files\Java\jre1.8.0_25\bin\verify.dll
0x0000000076aa0000 - 0x0000000076ac8000 	C:\Program Files\Java\jre1.8.0_25\bin\java.dll
0x0000000076a80000 - 0x0000000076a96000 	C:\Program Files\Java\jre1.8.0_25\bin\zip.dll
0x0000000075db0000 - 0x0000000075f48000 	C:\Program Files\Java\jre1.8.0_25\bin\awt.dll
0x00007ff98c0f0000 - 0x00007ff98c1b1000 	C:\WINDOWS\system32\OLEAUT32.dll
0x00007ff987610000 - 0x00007ff987631000 	C:\WINDOWS\system32\DWMAPI.DLL
0x00007ff988130000 - 0x00007ff988259000 	C:\WINDOWS\system32\uxtheme.dll
0x00007ff9882b0000 - 0x00007ff9882bb000 	C:\WINDOWS\SYSTEM32\kernel.appcore.dll
0x00007ff989340000 - 0x00007ff98934b000 	C:\WINDOWS\SYSTEM32\CRYPTBASE.dll
0x00007ff9892d0000 - 0x00007ff989333000 	C:\WINDOWS\SYSTEM32\bcryptPrimitives.dll
0x00007ff97e8c0000 - 0x00007ff97eae1000 	C:\WINDOWS\system32\d3d9.dll
0x00007ff987180000 - 0x00007ff98718a000 	C:\WINDOWS\SYSTEM32\VERSION.dll
0x00007ff986970000 - 0x00007ff986abb000 	C:\WINDOWS\SYSTEM32\aticfx64.dll
0x00007ff965270000 - 0x00007ff965291000 	C:\WINDOWS\SYSTEM32\atiu9p64.dll
0x00007ff964a80000 - 0x00007ff965265000 	C:\WINDOWS\SYSTEM32\atiumd64.dll
0x0000000076110000 - 0x00000000768c7000 	C:\WINDOWS\SYSTEM32\atiumd6a.dll
0x00000000769f0000 - 0x0000000076a37000 	C:\Program Files\Java\jre1.8.0_25\bin\fontmanager.dll
0x00007ff988ce0000 - 0x00007ff988d00000 	C:\WINDOWS\SYSTEM32\CRYPTSP.dll
0x00007ff988900000 - 0x00007ff988936000 	C:\WINDOWS\system32\rsaenh.dll
0x00007ff988f90000 - 0x00007ff988fb6000 	C:\WINDOWS\SYSTEM32\bcrypt.dll
0x0000000076a60000 - 0x0000000076a7a000 	C:\Program Files\Java\jre1.8.0_25\bin\net.dll
0x00007ff988c80000 - 0x00007ff988cd9000 	C:\WINDOWS\system32\mswsock.dll
0x00007ff9860b0000 - 0x00007ff9860da000 	C:\WINDOWS\SYSTEM32\IPHLPAPI.DLL
0x00007ff986050000 - 0x00007ff98605a000 	C:\WINDOWS\SYSTEM32\WINNSI.DLL
0x00007ff9841e0000 - 0x00007ff9841f6000 	C:\WINDOWS\SYSTEM32\dhcpcsvc6.DLL
0x00007ff984380000 - 0x00007ff98439a000 	C:\WINDOWS\SYSTEM32\dhcpcsvc.DLL
0x0000000076a40000 - 0x0000000076a51000 	C:\Program Files\Java\jre1.8.0_25\bin\nio.dll
0x00000000637c0000 - 0x00000000637cd000 	S:\Users\Ben\AppData\Local\Temp\jogamp_0000\file_cache\jln4682447859079220802\jln3784002417716252054\gluegen-rt.dll
0x00000000769e0000 - 0x00000000769e7000 	C:\Program Files\Java\jre1.8.0_25\bin\jawt.dll
0x000000006a440000 - 0x000000006a44d000 	S:\Users\Ben\AppData\Local\Temp\jogamp_0000\file_cache\jln4682447859079220802\jln3784002417716252054\nativewindow_awt.dll
0x000000006c100000 - 0x000000006c10f000 	S:\Users\Ben\AppData\Local\Temp\jogamp_0000\file_cache\jln4682447859079220802\jln3784002417716252054\nativewindow_win32.dll
0x00007ff960620000 - 0x00007ff96074b000 	C:\WINDOWS\SYSTEM32\OpenGL32.dll
0x00007ff973720000 - 0x00007ff97374e000 	C:\WINDOWS\SYSTEM32\GLU32.dll
0x00007ff960520000 - 0x00007ff960618000 	C:\WINDOWS\SYSTEM32\DDRAW.dll
0x00007ff980260000 - 0x00007ff980269000 	C:\WINDOWS\SYSTEM32\DCIMAN32.dll
0x0000000064500000 - 0x00000000645a2000 	S:\Users\Ben\AppData\Local\Temp\jogamp_0000\file_cache\jln4682447859079220802\jln3784002417716252054\jogl_desktop.dll
0x00007ff973700000 - 0x00007ff973718000 	C:\WINDOWS\SYSTEM32\atig6pxx.dll
0x0000000074200000 - 0x0000000075daf000 	C:\WINDOWS\SYSTEM32\atio6axx.dll
0x00007ff98bcf0000 - 0x00007ff98beca000 	C:\WINDOWS\system32\SETUPAPI.dll
0x00007ff986120000 - 0x00007ff986257000 	C:\WINDOWS\SYSTEM32\atiadlxx.dll
0x00007ff986710000 - 0x00007ff98688f000 	C:\WINDOWS\SYSTEM32\PROPSYS.dll
0x00007ff988080000 - 0x00007ff988092000 	C:\WINDOWS\SYSTEM32\WTSAPI32.dll
0x00007ff9898f0000 - 0x00007ff989941000 	C:\WINDOWS\system32\WINTRUST.dll
0x00007ff989540000 - 0x00007ff98971f000 	C:\WINDOWS\system32\CRYPT32.dll
0x00007ff989520000 - 0x00007ff989531000 	C:\WINDOWS\system32\MSASN1.dll
0x00007ff970d50000 - 0x00007ff970d79000 	C:\WINDOWS\SYSTEM32\atig6txx.dll
0x00007ff95b6a0000 - 0x00007ff95b83c000 	O:\OneDrive\Workspace\ZZavatar\lib\user\KinectPV2\Kinect20.Face.dll
0x00007ff97c900000 - 0x00007ff97c9a7000 	C:\WINDOWS\SYSTEM32\MSVCP110.dll
0x00007ff981bc0000 - 0x00007ff981c8e000 	C:\WINDOWS\SYSTEM32\MSVCR110.dll
0x00007ff97ff70000 - 0x00007ff97ff80000 	O:\OneDrive\Workspace\ZZavatar\lib\user\KinectPV2\KinectPV2.dll
0x00007ff95c1d0000 - 0x00007ff95c28a000 	C:\WINDOWS\SYSTEM32\Kinect20.dll
0x00007ff97ca30000 - 0x00007ff97cb1b000 	C:\WINDOWS\SYSTEM32\MFPlat.DLL
0x00007ff97c8a0000 - 0x00007ff97c8c7000 	C:\WINDOWS\SYSTEM32\RTWorkQ.DLL
0x00007ff987050000 - 0x00007ff98705c000 	C:\WINDOWS\SYSTEM32\AVRT.dll
0x00007ff963e10000 - 0x00007ff963f9a000 	C:\WINDOWS\SYSTEM32\dbghelp.dll

VM Arguments:
jvm_args: -Djava.library.path=O:\OneDrive\Workspace\ZZavatar\lib\base\video;O:\OneDrive\Workspace\ZZavatar\lib\base\video;O:\OneDrive\Workspace\ZZavatar\lib\base\video;O:\OneDrive\Workspace\ZZavatar\lib\base\core;O:\OneDrive\Workspace\ZZavatar\lib\base\core;O:\OneDrive\Workspace\ZZavatar\lib\base\core;O:\OneDrive\Workspace\ZZavatar\lib\base\core;O:\OneDrive\Workspace\ZZavatar\lib\base\core;O:\OneDrive\Workspace\ZZavatar\lib\base\core;O:\OneDrive\Workspace\ZZavatar\lib\base\core;O:\OneDrive\Workspace\ZZavatar\lib\base\core;O:\OneDrive\Workspace\ZZavatar\lib\base\core;O:\OneDrive\Workspace\ZZavatar\lib\base\core;O:\OneDrive\Workspace\ZZavatar\lib\base\core;O:\OneDrive\Workspace\ZZavatar\lib\base\core;O:\OneDrive\Workspace\ZZavatar\lib\base\core;O:\OneDrive\Workspace\ZZavatar\lib\base\core;O:\OneDrive\Workspace\ZZavatar\lib\base\core;O:\OneDrive\Workspace\ZZavatar\lib\user\Kinect4WinSDK;O:\OneDrive\Workspace\ZZavatar\lib\user\KinectPV2;O:\OneDrive\Workspace\ZZavatar\lib\user\SimpleOpenNI -Dfile.encoding=Cp1252 
java_command: zzavatar.ZZavatar
java_class_path (initial): O:\OneDrive\Workspace\ZZavatar\lib\base\video\gstreamer-java.jar;O:\OneDrive\Workspace\ZZavatar\lib\base\video\jna.jar;O:\OneDrive\Workspace\ZZavatar\lib\base\video\video.jar;O:\OneDrive\Workspace\ZZavatar\lib\base\core\core.jar;O:\OneDrive\Workspace\ZZavatar\lib\base\core\gluegen-rt-natives-linux-amd64.jar;O:\OneDrive\Workspace\ZZavatar\lib\base\core\gluegen-rt-natives-linux-armv6hf.jar;O:\OneDrive\Workspace\ZZavatar\lib\base\core\gluegen-rt-natives-linux-i586.jar;O:\OneDrive\Workspace\ZZavatar\lib\base\core\gluegen-rt-natives-macosx-universal.jar;O:\OneDrive\Workspace\ZZavatar\lib\base\core\gluegen-rt-natives-windows-amd64.jar;O:\OneDrive\Workspace\ZZavatar\lib\base\core\gluegen-rt-natives-windows-i586.jar;O:\OneDrive\Workspace\ZZavatar\lib\base\core\gluegen-rt.jar;O:\OneDrive\Workspace\ZZavatar\lib\base\core\jogl-all-natives-linux-amd64.jar;O:\OneDrive\Workspace\ZZavatar\lib\base\core\jogl-all-natives-linux-armv6hf.jar;O:\OneDrive\Workspace\ZZavatar\lib\base\core\jogl-all-natives-linux-i586.jar;O:\OneDrive\Workspace\ZZavatar\lib\base\core\jogl-all-natives-macosx-universal.jar;O:\OneDrive\Workspace\ZZavatar\lib\base\core\jogl-all-natives-windows-amd64.jar;O:\OneDrive\Workspace\ZZavatar\lib\base\core\jogl-all-natives-windows-i586.jar;O:\OneDrive\Workspace\ZZavatar\lib\base\core\jogl-all.jar;O:\OneDrive\Workspace\ZZavatar\lib\user\Kinect4WinSDK\Kinect4WinSDK.jar;O:\OneDrive\Workspace\ZZavatar\lib\user\KinectPV2\KinectPV2.jar;O:\OneDrive\Workspace\ZZavatar\lib\user\SimpleOpenNI\SimpleOpenNI.jar;O:\OneDrive\Workspace\ZZavatar\bin
Launcher Type: SUN_STANDARD

Environment Variables:
JAVA_HOME=C:\Program Files\Java\jdk1.8.0_25
PATH=C:/Program Files/Java/jre1.8.0_25/bin/server;C:/Program Files/Java/jre1.8.0_25/bin;C:/Program Files/Java/jre1.8.0_25/lib/amd64;C:\Program Files (x86)\NVIDIA Corporation\PhysX\Common;C:\ProgramData\Oracle\Java\javapath;C:\Program Files (x86)\Common Files\Intel\Shared Libraries\redist\intel64\compiler;C:\Program Files (x86)\Common Files\Intel\Shared Libraries\redist\ia32\compiler;C:\Program Files (x86)\Intel\iCLS Client\;C:\Program Files\Intel\iCLS Client\;C:\Program Files (x86)\AMD APP\bin\x86_64;C:\Program Files (x86)\AMD APP\bin\x86;C:\WINDOWS\system32;C:\WINDOWS;C:\WINDOWS\System32\Wbem;C:\WINDOWS\System32\WindowsPowerShell\v1.0\;C:\Program Files (x86)\ATI Technologies\ATI.ACE\Core-Static;C:\Program Files\Intel\Intel(R) Management Engine Components\DAL;C:\Program Files\Intel\Intel(R) Management Engine Components\IPT;C:\Program Files (x86)\Intel\Intel(R) Management Engine Components\DAL;C:\Program Files (x86)\Intel\Intel(R) Management Engine Components\IPT;C:\Program Files\Sony\VAIO Improvement\;C:\Program Files (x86)\Sony\VAIO Startup Setting Tool;C:\Program Files (x86)\Windows Kits\8.1\Windows Performance Toolkit\;C:\Program Files\Microsoft SQL Server\110\Tools\Binn\;C:\Program Files (x86)\Microsoft SDKs\TypeScript\1.0\;C:\Program Files\Microsoft\Web Platform Installer\;C:\Program Files (x86)\Java\jre1.8.0_25\bin;P:\Programs\Python27\Scripts;P:\Programs\Python27;C:\Program Files\Common Files\Autodesk Shared\;P:\Program Files\Programs;P:\Program Files\Games;P:\Programs\Eclipse;
USERNAME=Benoît
OS=Windows_NT
PROCESSOR_IDENTIFIER=Intel64 Family 6 Model 58 Stepping 9, GenuineIntel



---------------  S Y S T E M  ---------------

OS: Windows 8.1 , 64 bit Build 9600 

CPU:total 8 (4 cores per cpu, 2 threads per core) family 6 model 58 stepping 9, cmov, cx8, fxsr, mmx, sse, sse2, sse3, ssse3, sse4.1, sse4.2, popcnt, avx, aes, clmul, erms, ht, tsc, tscinvbit, tscinv

Memory: 4k page, physical 6237468k(2532628k free), swap 10431772k(5844516k free)

vm_info: Java HotSpot(TM) 64-Bit Server VM (25.25-b02) for windows-amd64 JRE (1.8.0_25-b18), built on Oct  7 2014 14:25:37 by "java_re" with MS VC++ 10.0 (VS2010)

time: Fri Apr 24 11:59:42 2015
elapsed time: 34 seconds (0d 0h 0m 34s)

