#
# A fatal error has been detected by the Java Runtime Environment:
#
#  EXCEPTION_ACCESS_VIOLATION (0xc0000005) at pc=0x00007ff980284139, pid=5340, tid=3012
#
# JRE version: Java(TM) SE Runtime Environment (8.0_25-b18) (build 1.8.0_25-b18)
# Java VM: Java HotSpot(TM) 64-Bit Server VM (25.25-b02 mixed mode windows-amd64 compressed oops)
# Problematic frame:
# C  [KinectPV2.dll+0x4139]
#
# Failed to write core dump. Minidumps are not enabled by default on client versions of Windows
#
# If you would like to submit a bug report, please visit:
#   http://bugreport.sun.com/bugreport/crash.jsp
# The crash happened outside the Java Virtual Machine in native code.
# See problematic frame for where to report the bug.
#

---------------  T H R E A D  ---------------

Current thread (0x0000000019404800):  JavaThread "Animation Thread" [_thread_in_native, id=3012, stack(0x000000001c410000,0x000000001c510000)]

siginfo: ExceptionCode=0xc0000005, reading address 0x0000000000000001

Registers:
RAX=0x0000000000000001, RBX=0x000000002e1ff040, RCX=0x0000000000000001, RDX=0x0000000000000000
RSP=0x000000001c50e4a0, RBP=0x0000000000000004, RSI=0x0000000000000000, RDI=0x000000001f25da48
R8 =0x000000001c50e168, R9 =0x0000000000008000, R10=0x0000000000000000, R11=0x000000001c50e3a0
R12=0x0000000000000000, R13=0x000000001f88e1a8, R14=0x0000000000000000, R15=0x0000000019404800
RIP=0x00007ff980284139, EFLAGS=0x0000000000010202

Top of Stack: (sp=0x000000001c50e4a0)
0x000000001c50e4a0:   000000001f25da08 000000001f2307b8
0x000000001c50e4b0:   000000001f25da08 0000000000000000
0x000000001c50e4c0:   000000001c50e590 00007ff980281fba
0x000000001c50e4d0:   000000001c50e590 000000001c50e570
0x000000001c50e4e0:   00000000194049e8 00000000193879b0
0x000000001c50e4f0:   00000000a3af0e68 00000000023c5b74
0x000000001c50e500:   000000001f88e1a8 00000000a3af0e48
0x000000001c50e510:   00000000a3af0e48 0000000019404800
0x000000001c50e520:   000000001c50e5e8 00000000023c58a2
0x000000001c50e530:   000000001c50e530 000000001f88e1a8
0x000000001c50e540:   000000001c50e590 000000001f88f138
0x000000001c50e550:   0000000000000000 000000001f88e1a8
0x000000001c50e560:   0000000000000000 000000001c50e590
0x000000001c50e570:   000000001c50e5d8 00000000023b7a2d
0x000000001c50e580:   0000000000000000 00000000023bf6b8
0x000000001c50e590:   00000000a388b9a0 000000001c50e598 

Instructions: (pc=0x00007ff980284139)
0x00007ff980284119:   90 00 00 00 48 8b 4f 30 48 85 c9 74 0a 48 8b 01
0x00007ff980284129:   ff 50 10 4c 89 77 30 48 8b 4f 60 48 85 c9 74 0a
0x00007ff980284139:   48 8b 01 ff 50 10 4c 89 77 60 48 83 c7 08 48 ff
0x00007ff980284149:   cd 75 94 48 8b 5c 24 30 48 8b 6c 24 38 48 8b 74 


Register to memory mapping:

RAX=0x0000000000000001 is an unknown value
RBX=0x000000002e1ff040 is an unknown value
RCX=0x0000000000000001 is an unknown value
RDX=0x0000000000000000 is an unknown value
RSP=0x000000001c50e4a0 is pointing into the stack for thread: 0x0000000019404800
RBP=0x0000000000000004 is an unknown value
RSI=0x0000000000000000 is an unknown value
RDI=0x000000001f25da48 is an unknown value
R8 =0x000000001c50e168 is pointing into the stack for thread: 0x0000000019404800
R9 =0x0000000000008000 is an unknown value
R10=0x0000000000000000 is an unknown value
R11=0x000000001c50e3a0 is pointing into the stack for thread: 0x0000000019404800
R12=0x0000000000000000 is an unknown value
R13={method} {0x000000001f88e1b0} 'jniStopDevice' '()V' in 'KinectPV2/Device'
R14=0x0000000000000000 is an unknown value
R15=0x0000000019404800 is a thread


Stack: [0x000000001c410000,0x000000001c510000],  sp=0x000000001c50e4a0,  free space=1017k
Native frames: (J=compiled Java code, j=interpreted, Vv=VM code, C=native code)
C  [KinectPV2.dll+0x4139]
C  [KinectPV2.dll+0x1fba]
C  0x00000000023c5b74

Java frames: (J=compiled Java code, j=interpreted, Vv=VM code)
j  KinectPV2.Device.jniStopDevice()V+0
j  KinectPV2.Device.stopDevice()V+41
j  KinectPV2.KinectPV2.dispose()V+14
v  ~StubRoutines::call_stub
j  sun.reflect.NativeMethodAccessorImpl.invoke0(Ljava/lang/reflect/Method;Ljava/lang/Object;[Ljava/lang/Object;)Ljava/lang/Object;+0
j  sun.reflect.NativeMethodAccessorImpl.invoke(Ljava/lang/Object;[Ljava/lang/Object;)Ljava/lang/Object;+100
J 2097 C1 sun.reflect.DelegatingMethodAccessorImpl.invoke(Ljava/lang/Object;[Ljava/lang/Object;)Ljava/lang/Object; (10 bytes) @ 0x0000000002b55ec4 [0x0000000002b55dc0+0x104]
J 2096 C1 java.lang.reflect.Method.invoke(Ljava/lang/Object;[Ljava/lang/Object;)Ljava/lang/Object; (62 bytes) @ 0x0000000002b54524 [0x0000000002b54140+0x3e4]
j  processing.core.PApplet$RegisteredMethods.handle([Ljava/lang/Object;)V+18
J 1894 C1 processing.core.PApplet.handleMethods(Ljava/lang/String;)V (21 bytes) @ 0x0000000002ab6d1c [0x0000000002ab6a60+0x2bc]
j  processing.core.PApplet.dispose()V+35
j  processing.core.PApplet.run()V+283
j  java.lang.Thread.run()V+11
v  ~StubRoutines::call_stub

---------------  P R O C E S S  ---------------

Java Threads: ( => current thread )
  0x0000000019666800 JavaThread "Animation Thread-SharedResourceRunner" daemon [_thread_blocked, id=3140, stack(0x000000001e6e0000,0x000000001e7e0000)]
  0x00000000022ae800 JavaThread "DestroyJavaVM" [_thread_blocked, id=4552, stack(0x0000000002190000,0x0000000002290000)]
  0x00000000193fb800 JavaThread "D3D Screen Updater" daemon [_thread_blocked, id=4256, stack(0x000000001c710000,0x000000001c810000)]
=>0x0000000019404800 JavaThread "Animation Thread" [_thread_in_native, id=3012, stack(0x000000001c410000,0x000000001c510000)]
  0x0000000019366800 JavaThread "AWT-EventQueue-0" [_thread_blocked, id=9140, stack(0x000000001c210000,0x000000001c310000)]
  0x0000000019331000 JavaThread "AWT-Windows" daemon [_thread_in_native, id=8144, stack(0x0000000019c40000,0x0000000019d40000)]
  0x00000000184fe800 JavaThread "AWT-Shutdown" [_thread_blocked, id=7044, stack(0x0000000019b40000,0x0000000019c40000)]
  0x0000000019330000 JavaThread "Java2D Disposer" daemon [_thread_blocked, id=8296, stack(0x0000000019a40000,0x0000000019b40000)]
  0x00000000181bf800 JavaThread "Service Thread" daemon [_thread_blocked, id=520, stack(0x0000000018b00000,0x0000000018c00000)]
  0x0000000018134800 JavaThread "C1 CompilerThread3" daemon [_thread_blocked, id=8052, stack(0x0000000018a00000,0x0000000018b00000)]
  0x0000000018131800 JavaThread "C2 CompilerThread2" daemon [_thread_blocked, id=8400, stack(0x0000000018900000,0x0000000018a00000)]
  0x000000001812b800 JavaThread "C2 CompilerThread1" daemon [_thread_blocked, id=6964, stack(0x0000000018800000,0x0000000018900000)]
  0x0000000018129800 JavaThread "C2 CompilerThread0" daemon [_thread_blocked, id=6160, stack(0x0000000018700000,0x0000000018800000)]
  0x0000000018127000 JavaThread "Attach Listener" daemon [_thread_blocked, id=3132, stack(0x0000000018600000,0x0000000018700000)]
  0x0000000018126000 JavaThread "Signal Dispatcher" daemon [_thread_blocked, id=8944, stack(0x0000000018500000,0x0000000018600000)]
  0x00000000023a8800 JavaThread "Finalizer" daemon [_thread_blocked, id=8480, stack(0x0000000018000000,0x0000000018100000)]
  0x000000001611c800 JavaThread "Reference Handler" daemon [_thread_blocked, id=9176, stack(0x0000000017f00000,0x0000000018000000)]

Other Threads:
  0x0000000016118800 VMThread [stack: 0x0000000017e00000,0x0000000017f00000] [id=9096]
  0x00000000181c1800 WatcherThread [stack: 0x0000000018c00000,0x0000000018d00000] [id=7596]

VM state:not at safepoint (normal execution)

VM Mutex/Monitor currently owned by a thread: None

Heap:
 PSYoungGen      total 380416K, used 346367K [0x00000000e0400000, 0x00000000f9480000, 0x0000000100000000)
  eden space 349696K, 99% used [0x00000000e0400000,0x00000000f5617cb0,0x00000000f5980000)
  from space 30720K, 0% used [0x00000000f5980000,0x00000000f59a8000,0x00000000f7780000)
  to   space 28672K, 0% used [0x00000000f7880000,0x00000000f7880000,0x00000000f9480000)
 ParOldGen       total 223232K, used 155207K [0x00000000a0c00000, 0x00000000ae600000, 0x00000000e0400000)
  object space 223232K, 69% used [0x00000000a0c00000,0x00000000aa391d00,0x00000000ae600000)
 Metaspace       used 17871K, capacity 18057K, committed 18176K, reserved 1064960K
  class space    used 1723K, capacity 1761K, committed 1792K, reserved 1048576K

Card table byte_map: [0x0000000011770000,0x0000000011a70000] byte_map_base: 0x000000001126a000

Marking Bits: (ParMarkBitMap*) 0x00000000772bd490
 Begin Bits: [0x0000000012470000, 0x0000000013c40000)
 End Bits:   [0x0000000013c40000, 0x0000000015410000)

Polling page: 0x0000000000a00000

CodeCache: size=245760Kb used=8321Kb max_used=8336Kb free=237438Kb
 bounds [0x00000000023b0000, 0x0000000002be0000, 0x00000000113b0000]
 total_blobs=3105 nmethods=2234 adapters=785
 compilation: enabled

Compilation events (10 events):
Event: 12.284 Thread 0x0000000018129800 2245       4       processing.opengl.PGraphicsOpenGL$IndexCache::addNew (81 bytes)
Event: 12.287 Thread 0x0000000018129800 nmethod 2245 0x0000000002bcd6d0 code [0x0000000002bcd860, 0x0000000002bcdb70]
Event: 12.301 Thread 0x0000000018131800 2246       4       zzavatar.ZZkinect::drawBone (98 bytes)
Event: 12.318 Thread 0x0000000018131800 nmethod 2246 0x0000000002bd56d0 code [0x0000000002bd5960, 0x0000000002bd66e0]
Event: 12.368 Thread 0x0000000018134800 2247   !   3       java.awt.EventQueue::postEventPrivate (104 bytes)
Event: 12.368 Thread 0x0000000018134800 nmethod 2247 0x0000000002bcc8d0 code [0x0000000002bccae0, 0x0000000002bcd388]
Event: 12.378 Thread 0x000000001812b800 2248       4       jogamp.opengl.gl4.GL4bcImpl::glBufferData (71 bytes)
Event: 12.378 Thread 0x0000000018129800 2249  s    4       jogamp.opengl.GLBufferObjectTracker::createBufferStorage (459 bytes)
Event: 12.381 Thread 0x000000001812b800 nmethod 2248 0x0000000002bd7b50 code [0x0000000002bd7ce0, 0x0000000002bd7f88]
Event: 12.397 Thread 0x0000000018129800 nmethod 2249 0x0000000002bdaad0 code [0x0000000002bdad40, 0x0000000002bdbe88]

GC Heap History (10 events):
Event: 9.985 GC heap before
{Heap before GC invocations=28 (full 3):
 PSYoungGen      total 378368K, used 342720K [0x00000000e0400000, 0x00000000f9e80000, 0x0000000100000000)
  eden space 342528K, 100% used [0x00000000e0400000,0x00000000f5280000,0x00000000f5280000)
  from space 35840K, 0% used [0x00000000f7b80000,0x00000000f7bb0000,0x00000000f9e80000)
  to   space 38912K, 0% used [0x00000000f5280000,0x00000000f5280000,0x00000000f7880000)
 ParOldGen       total 223232K, used 155119K [0x00000000a0c00000, 0x00000000ae600000, 0x00000000e0400000)
  object space 223232K, 69% used [0x00000000a0c00000,0x00000000aa37bd00,0x00000000ae600000)
 Metaspace       used 17717K, capacity 17921K, committed 18176K, reserved 1064960K
  class space    used 1711K, capacity 1761K, committed 1792K, reserved 1048576K
Event: 9.986 GC heap after
Heap after GC invocations=28 (full 3):
 PSYoungGen      total 381440K, used 224K [0x00000000e0400000, 0x00000000f9e80000, 0x0000000100000000)
  eden space 342528K, 0% used [0x00000000e0400000,0x00000000e0400000,0x00000000f5280000)
  from space 38912K, 0% used [0x00000000f5280000,0x00000000f52b8000,0x00000000f7880000)
  to   space 36864K, 0% used [0x00000000f7a80000,0x00000000f7a80000,0x00000000f9e80000)
 ParOldGen       total 223232K, used 155127K [0x00000000a0c00000, 0x00000000ae600000, 0x00000000e0400000)
  object space 223232K, 69% used [0x00000000a0c00000,0x00000000aa37dd00,0x00000000ae600000)
 Metaspace       used 17717K, capacity 17921K, committed 18176K, reserved 1064960K
  class space    used 1711K, capacity 1761K, committed 1792K, reserved 1048576K
}
Event: 10.450 GC heap before
{Heap before GC invocations=29 (full 3):
 PSYoungGen      total 381440K, used 342752K [0x00000000e0400000, 0x00000000f9e80000, 0x0000000100000000)
  eden space 342528K, 100% used [0x00000000e0400000,0x00000000f5280000,0x00000000f5280000)
  from space 38912K, 0% used [0x00000000f5280000,0x00000000f52b8000,0x00000000f7880000)
  to   space 36864K, 0% used [0x00000000f7a80000,0x00000000f7a80000,0x00000000f9e80000)
 ParOldGen       total 223232K, used 155127K [0x00000000a0c00000, 0x00000000ae600000, 0x00000000e0400000)
  object space 223232K, 69% used [0x00000000a0c00000,0x00000000aa37dd00,0x00000000ae600000)
 Metaspace       used 17727K, capacity 17929K, committed 18176K, reserved 1064960K
  class space    used 1711K, capacity 1761K, committed 1792K, reserved 1048576K
Event: 10.451 GC heap after
Heap after GC invocations=29 (full 3):
 PSYoungGen      total 379392K, used 192K [0x00000000e0400000, 0x00000000f9a80000, 0x0000000100000000)
  eden space 346624K, 0% used [0x00000000e0400000,0x00000000e0400000,0x00000000f5680000)
  from space 32768K, 0% used [0x00000000f7a80000,0x00000000f7ab0000,0x00000000f9a80000)
  to   space 34816K, 0% used [0x00000000f5680000,0x00000000f5680000,0x00000000f7880000)
 ParOldGen       total 223232K, used 155127K [0x00000000a0c00000, 0x00000000ae600000, 0x00000000e0400000)
  object space 223232K, 69% used [0x00000000a0c00000,0x00000000aa37dd00,0x00000000ae600000)
 Metaspace       used 17727K, capacity 17929K, committed 18176K, reserved 1064960K
  class space    used 1711K, capacity 1761K, committed 1792K, reserved 1048576K
}
Event: 10.916 GC heap before
{Heap before GC invocations=30 (full 3):
 PSYoungGen      total 379392K, used 343037K [0x00000000e0400000, 0x00000000f9a80000, 0x0000000100000000)
  eden space 346624K, 98% used [0x00000000e0400000,0x00000000f52cf4f8,0x00000000f5680000)
  from space 32768K, 0% used [0x00000000f7a80000,0x00000000f7ab0000,0x00000000f9a80000)
  to   space 34816K, 0% used [0x00000000f5680000,0x00000000f5680000,0x00000000f7880000)
 ParOldGen       total 223232K, used 155127K [0x00000000a0c00000, 0x00000000ae600000, 0x00000000e0400000)
  object space 223232K, 69% used [0x00000000a0c00000,0x00000000aa37dd00,0x00000000ae600000)
 Metaspace       used 17775K, capacity 17993K, committed 18176K, reserved 1064960K
  class space    used 1711K, capacity 1761K, committed 1792K, reserved 1048576K
Event: 10.917 GC heap after
Heap after GC invocations=30 (full 3):
 PSYoungGen      total 381440K, used 192K [0x00000000e0400000, 0x00000000f9a00000, 0x0000000100000000)
  eden space 346624K, 0% used [0x00000000e0400000,0x00000000e0400000,0x00000000f5680000)
  from space 34816K, 0% used [0x00000000f5680000,0x00000000f56b0000,0x00000000f7880000)
  to   space 32768K, 0% used [0x00000000f7a00000,0x00000000f7a00000,0x00000000f9a00000)
 ParOldGen       total 223232K, used 155151K [0x00000000a0c00000, 0x00000000ae600000, 0x00000000e0400000)
  object space 223232K, 69% used [0x00000000a0c00000,0x00000000aa383d00,0x00000000ae600000)
 Metaspace       used 17775K, capacity 17993K, committed 18176K, reserved 1064960K
  class space    used 1711K, capacity 1761K, committed 1792K, reserved 1048576K
}
Event: 11.449 GC heap before
{Heap before GC invocations=31 (full 3):
 PSYoungGen      total 381440K, used 346816K [0x00000000e0400000, 0x00000000f9a00000, 0x0000000100000000)
  eden space 346624K, 100% used [0x00000000e0400000,0x00000000f5680000,0x00000000f5680000)
  from space 34816K, 0% used [0x00000000f5680000,0x00000000f56b0000,0x00000000f7880000)
  to   space 32768K, 0% used [0x00000000f7a00000,0x00000000f7a00000,0x00000000f9a00000)
 ParOldGen       total 223232K, used 155151K [0x00000000a0c00000, 0x00000000ae600000, 0x00000000e0400000)
  object space 223232K, 69% used [0x00000000a0c00000,0x00000000aa383d00,0x00000000ae600000)
 Metaspace       used 17831K, capacity 18057K, committed 18176K, reserved 1064960K
  class space    used 1711K, capacity 1761K, committed 1792K, reserved 1048576K
Event: 11.451 GC heap after
Heap after GC invocations=31 (full 3):
 PSYoungGen      total 377856K, used 224K [0x00000000e0400000, 0x00000000f9580000, 0x0000000100000000)
  eden space 349696K, 0% used [0x00000000e0400000,0x00000000e0400000,0x00000000f5980000)
  from space 28160K, 0% used [0x00000000f7a00000,0x00000000f7a38000,0x00000000f9580000)
  to   space 30720K, 0% used [0x00000000f5980000,0x00000000f5980000,0x00000000f7780000)
 ParOldGen       total 223232K, used 155175K [0x00000000a0c00000, 0x00000000ae600000, 0x00000000e0400000)
  object space 223232K, 69% used [0x00000000a0c00000,0x00000000aa389d00,0x00000000ae600000)
 Metaspace       used 17831K, capacity 18057K, committed 18176K, reserved 1064960K
  class space    used 1711K, capacity 1761K, committed 1792K, reserved 1048576K
}
Event: 11.917 GC heap before
{Heap before GC invocations=32 (full 3):
 PSYoungGen      total 377856K, used 349092K [0x00000000e0400000, 0x00000000f9580000, 0x0000000100000000)
  eden space 349696K, 99% used [0x00000000e0400000,0x00000000f58b11e0,0x00000000f5980000)
  from space 28160K, 0% used [0x00000000f7a00000,0x00000000f7a38000,0x00000000f9580000)
  to   space 30720K, 0% used [0x00000000f5980000,0x00000000f5980000,0x00000000f7780000)
 ParOldGen       total 223232K, used 155175K [0x00000000a0c00000, 0x00000000ae600000, 0x00000000e0400000)
  object space 223232K, 69% used [0x00000000a0c00000,0x00000000aa389d00,0x00000000ae600000)
 Metaspace       used 17835K, capacity 18057K, committed 18176K, reserved 1064960K
  class space    used 1711K, capacity 1761K, committed 1792K, reserved 1048576K
Event: 11.919 GC heap after
Heap after GC invocations=32 (full 3):
 PSYoungGen      total 380416K, used 160K [0x00000000e0400000, 0x00000000f9480000, 0x0000000100000000)
  eden space 349696K, 0% used [0x00000000e0400000,0x00000000e0400000,0x00000000f5980000)
  from space 30720K, 0% used [0x00000000f5980000,0x00000000f59a8000,0x00000000f7780000)
  to   space 28672K, 0% used [0x00000000f7880000,0x00000000f7880000,0x00000000f9480000)
 ParOldGen       total 223232K, used 155207K [0x00000000a0c00000, 0x00000000ae600000, 0x00000000e0400000)
  object space 223232K, 69% used [0x00000000a0c00000,0x00000000aa391d00,0x00000000ae600000)
 Metaspace       used 17835K, capacity 18057K, committed 18176K, reserved 1064960K
  class space    used 1711K, capacity 1761K, committed 1792K, reserved 1048576K
}

Deoptimization events (10 events):
Event: 2.545 Thread 0x0000000019366800 Uncommon trap: reason=class_check action=maybe_recompile pc=0x00000000026bd104 method=com.jogamp.common.nio.Buffers.getDirectBufferByteOffset(Ljava/lang/Object;)I @ 7
Event: 2.546 Thread 0x0000000019366800 Uncommon trap: reason=predicate action=maybe_recompile pc=0x00000000027a4c44 method=java.util.ArrayList.indexOf(Ljava/lang/Object;)I @ 44
Event: 2.569 Thread 0x0000000019366800 Uncommon trap: reason=class_check action=maybe_recompile pc=0x00000000026bfa40 method=com.jogamp.common.nio.Buffers.isDirect(Ljava/lang/Object;)Z @ 13
Event: 2.569 Thread 0x0000000019366800 Uncommon trap: reason=class_check action=maybe_recompile pc=0x00000000026bd104 method=com.jogamp.common.nio.Buffers.getDirectBufferByteOffset(Ljava/lang/Object;)I @ 7
Event: 3.070 Thread 0x0000000019366800 Uncommon trap: reason=unreached action=reinterpret pc=0x00000000027aec40 method=processing.opengl.PGraphicsOpenGL$InGeometry.addVertex(FFFIFFFFFIFIIIFIZ)I @ 218
Event: 3.769 Thread 0x0000000019366800 Uncommon trap: reason=unreached action=reinterpret pc=0x0000000002673470 method=java.lang.reflect.AccessibleObject.setAccessible0(Ljava/lang/reflect/AccessibleObject;Z)V @ 4
Event: 12.400 Thread 0x0000000019366800 Uncommon trap: reason=speculate_class_check action=maybe_recompile pc=0x0000000002bdbb64 method=com.jogamp.common.nio.Buffers.getDirectBufferByteOffset(Ljava/lang/Object;)I @ 22
Event: 12.400 Thread 0x0000000019366800 Uncommon trap: reason=speculate_class_check action=maybe_recompile pc=0x0000000002bdbb64 method=com.jogamp.common.nio.Buffers.getDirectBufferByteOffset(Ljava/lang/Object;)I @ 22
Event: 12.400 Thread 0x0000000019366800 Uncommon trap: reason=speculate_class_check action=maybe_recompile pc=0x0000000002bdbb64 method=com.jogamp.common.nio.Buffers.getDirectBufferByteOffset(Ljava/lang/Object;)I @ 22
Event: 12.400 Thread 0x0000000019366800 Uncommon trap: reason=speculate_class_check action=maybe_recompile pc=0x0000000002bdbb64 method=com.jogamp.common.nio.Buffers.getDirectBufferByteOffset(Ljava/lang/Object;)I @ 22

Internal exceptions (10 events):
Event: 2.928 Thread 0x0000000019366800 Exception <a 'java/security/PrivilegedActionException'> (0x00000000e0d98778) thrown at [D:\re\workspace\8-2-build-windows-amd64-cygwin\jdk8u25\1677\hotspot\src\share\vm\prims\jvm.cpp, line 1312]
Event: 2.928 Thread 0x0000000019366800 Exception <a 'java/security/PrivilegedActionException'> (0x00000000e0d9c638) thrown at [D:\re\workspace\8-2-build-windows-amd64-cygwin\jdk8u25\1677\hotspot\src\share\vm\prims\jvm.cpp, line 1312]
Event: 2.929 Thread 0x0000000019366800 Exception <a 'java/security/PrivilegedActionException'> (0x00000000e0da0a40) thrown at [D:\re\workspace\8-2-build-windows-amd64-cygwin\jdk8u25\1677\hotspot\src\share\vm\prims\jvm.cpp, line 1312]
Event: 2.929 Thread 0x0000000019366800 Exception <a 'java/security/PrivilegedActionException'> (0x00000000e2abb2a8) thrown at [D:\re\workspace\8-2-build-windows-amd64-cygwin\jdk8u25\1677\hotspot\src\share\vm\prims\jvm.cpp, line 1312]
Event: 2.929 Thread 0x0000000019366800 Exception <a 'java/security/PrivilegedActionException'> (0x00000000e2abee00) thrown at [D:\re\workspace\8-2-build-windows-amd64-cygwin\jdk8u25\1677\hotspot\src\share\vm\prims\jvm.cpp, line 1312]
Event: 2.929 Thread 0x0000000019366800 Exception <a 'java/security/PrivilegedActionException'> (0x00000000e2ac3600) thrown at [D:\re\workspace\8-2-build-windows-amd64-cygwin\jdk8u25\1677\hotspot\src\share\vm\prims\jvm.cpp, line 1312]
Event: 2.929 Thread 0x0000000019366800 Exception <a 'java/security/PrivilegedActionException'> (0x00000000e2ac6d38) thrown at [D:\re\workspace\8-2-build-windows-amd64-cygwin\jdk8u25\1677\hotspot\src\share\vm\prims\jvm.cpp, line 1312]
Event: 2.930 Thread 0x0000000019366800 Exception <a 'java/security/PrivilegedActionException'> (0x00000000e2acac80) thrown at [D:\re\workspace\8-2-build-windows-amd64-cygwin\jdk8u25\1677\hotspot\src\share\vm\prims\jvm.cpp, line 1312]
Event: 2.930 Thread 0x0000000019366800 Exception <a 'java/security/PrivilegedActionException'> (0x00000000e2ad0b90) thrown at [D:\re\workspace\8-2-build-windows-amd64-cygwin\jdk8u25\1677\hotspot\src\share\vm\prims\jvm.cpp, line 1312]
Event: 2.942 Thread 0x0000000019366800 Exception <a 'java/security/PrivilegedActionException'> (0x00000000e2bac1a0) thrown at [D:\re\workspace\8-2-build-windows-amd64-cygwin\jdk8u25\1677\hotspot\src\share\vm\prims\jvm.cpp, line 1312]

Events (10 events):
Event: 12.400 Thread 0x0000000019366800 Uncommon trap: trap_request=0xffffff76 fr.pc=0x0000000002bdbb64
Event: 12.400 Thread 0x0000000019366800 DEOPT PACKING pc=0x0000000002bdbb64 sp=0x000000001c30dc90
Event: 12.400 Thread 0x0000000019366800 DEOPT UNPACKING pc=0x00000000023f556a sp=0x000000001c30dae0 mode 2
Event: 12.400 Thread 0x0000000019366800 Uncommon trap: trap_request=0xffffff76 fr.pc=0x0000000002bdbb64
Event: 12.400 Thread 0x0000000019366800 DEOPT PACKING pc=0x0000000002bdbb64 sp=0x000000001c30dc90
Event: 12.400 Thread 0x0000000019366800 DEOPT UNPACKING pc=0x00000000023f556a sp=0x000000001c30dae0 mode 2
Event: 12.400 Thread 0x0000000019366800 Uncommon trap: trap_request=0xffffff76 fr.pc=0x0000000002bdbb64
Event: 12.400 Thread 0x0000000019366800 DEOPT PACKING pc=0x0000000002bdbb64 sp=0x000000001c30dc90
Event: 12.400 Thread 0x0000000019366800 DEOPT UNPACKING pc=0x00000000023f556a sp=0x000000001c30dae0 mode 2
Event: 12.437 Thread 0x0000000019947800 Thread exited: 0x0000000019947800


Dynamic libraries:
0x00007ff669010000 - 0x00007ff669044000 	C:\Program Files\Java\jre1.8.0_25\bin\javaw.exe
0x00007ff98c320000 - 0x00007ff98c4cc000 	C:\WINDOWS\SYSTEM32\ntdll.dll
0x00007ff989d20000 - 0x00007ff989e5e000 	C:\WINDOWS\system32\KERNEL32.DLL
0x00007ff9897d0000 - 0x00007ff9898e5000 	C:\WINDOWS\system32\KERNELBASE.dll
0x00007ff987ff0000 - 0x00007ff98807e000 	C:\WINDOWS\system32\apphelp.dll
0x00007ff973750000 - 0x00007ff9737a3000 	C:\WINDOWS\AppPatch\AppPatch64\AcGenral.DLL
0x00007ff98a220000 - 0x00007ff98a2ca000 	C:\WINDOWS\system32\msvcrt.dll
0x00007ff9892a0000 - 0x00007ff9892ce000 	C:\WINDOWS\SYSTEM32\SspiCli.dll
0x00007ff98b980000 - 0x00007ff98b9d4000 	C:\WINDOWS\system32\SHLWAPI.dll
0x00007ff989f00000 - 0x00007ff98a077000 	C:\WINDOWS\system32\USER32.dll
0x00007ff98bb50000 - 0x00007ff98bce4000 	C:\WINDOWS\system32\ole32.dll
0x00007ff98a390000 - 0x00007ff98b8a8000 	C:\WINDOWS\system32\SHELL32.dll
0x00007ff988a10000 - 0x00007ff988a31000 	C:\WINDOWS\SYSTEM32\USERENV.dll
0x00007ff989c10000 - 0x00007ff989cba000 	C:\WINDOWS\system32\ADVAPI32.dll
0x00007ff97c880000 - 0x00007ff97c89e000 	C:\WINDOWS\SYSTEM32\MPR.dll
0x00007ff98b9e0000 - 0x00007ff98bb21000 	C:\WINDOWS\system32\RPCRT4.dll
0x00007ff9899a0000 - 0x00007ff9899f9000 	C:\WINDOWS\SYSTEM32\sechost.dll
0x00007ff98bed0000 - 0x00007ff98c0e1000 	C:\WINDOWS\SYSTEM32\combase.dll
0x00007ff98a0c0000 - 0x00007ff98a211000 	C:\WINDOWS\system32\GDI32.dll
0x00007ff989470000 - 0x00007ff989485000 	C:\WINDOWS\SYSTEM32\profapi.dll
0x00007ff987810000 - 0x00007ff9878c2000 	C:\WINDOWS\SYSTEM32\SHCORE.dll
0x00007ff98a080000 - 0x00007ff98a0b6000 	C:\WINDOWS\system32\IMM32.DLL
0x00007ff98c1c0000 - 0x00007ff98c312000 	C:\WINDOWS\system32\MSCTF.dll
0x00007ff986b90000 - 0x00007ff986e0b000 	C:\WINDOWS\WinSxS\amd64_microsoft.windows.common-controls_6595b64144ccf1df_6.0.9600.17415_none_6240486fecbd8abb\COMCTL32.dll
0x0000000075f50000 - 0x0000000076022000 	C:\Program Files\Java\jre1.8.0_25\bin\msvcr100.dll
0x0000000076ae0000 - 0x000000007733a000 	C:\Program Files\Java\jre1.8.0_25\bin\server\jvm.dll
0x00007ff9707d0000 - 0x00007ff9707d9000 	C:\WINDOWS\SYSTEM32\WSOCK32.dll
0x00007ff97ca00000 - 0x00007ff97ca22000 	C:\WINDOWS\SYSTEM32\WINMM.dll
0x00007ff989e80000 - 0x00007ff989e87000 	C:\WINDOWS\system32\PSAPI.DLL
0x00007ff989a00000 - 0x00007ff989a5a000 	C:\WINDOWS\system32\WS2_32.dll
0x00007ff97c8d0000 - 0x00007ff97c8fa000 	C:\WINDOWS\SYSTEM32\WINMMBASE.dll
0x00007ff98bb30000 - 0x00007ff98bb39000 	C:\WINDOWS\system32\NSI.dll
0x00007ff989950000 - 0x00007ff98999f000 	C:\WINDOWS\SYSTEM32\cfgmgr32.dll
0x00007ff988260000 - 0x00007ff988288000 	C:\WINDOWS\SYSTEM32\DEVOBJ.dll
0x0000000076ad0000 - 0x0000000076adf000 	C:\Program Files\Java\jre1.8.0_25\bin\verify.dll
0x0000000076aa0000 - 0x0000000076ac8000 	C:\Program Files\Java\jre1.8.0_25\bin\java.dll
0x0000000076a80000 - 0x0000000076a96000 	C:\Program Files\Java\jre1.8.0_25\bin\zip.dll
0x0000000075db0000 - 0x0000000075f48000 	C:\Program Files\Java\jre1.8.0_25\bin\awt.dll
0x00007ff98c0f0000 - 0x00007ff98c1b1000 	C:\WINDOWS\system32\OLEAUT32.dll
0x00007ff987610000 - 0x00007ff987631000 	C:\WINDOWS\system32\DWMAPI.DLL
0x00007ff988130000 - 0x00007ff988259000 	C:\WINDOWS\system32\uxtheme.dll
0x00007ff9882b0000 - 0x00007ff9882bb000 	C:\WINDOWS\SYSTEM32\kernel.appcore.dll
0x00007ff989340000 - 0x00007ff98934b000 	C:\WINDOWS\SYSTEM32\CRYPTBASE.dll
0x00007ff9892d0000 - 0x00007ff989333000 	C:\WINDOWS\SYSTEM32\bcryptPrimitives.dll
0x00007ff97e8c0000 - 0x00007ff97eae1000 	C:\WINDOWS\system32\d3d9.dll
0x00007ff987180000 - 0x00007ff98718a000 	C:\WINDOWS\SYSTEM32\VERSION.dll
0x00007ff986970000 - 0x00007ff986abb000 	C:\WINDOWS\SYSTEM32\aticfx64.dll
0x00007ff965270000 - 0x00007ff965291000 	C:\WINDOWS\SYSTEM32\atiu9p64.dll
0x00007ff964a80000 - 0x00007ff965265000 	C:\WINDOWS\SYSTEM32\atiumd64.dll
0x0000000076110000 - 0x00000000768c7000 	C:\WINDOWS\SYSTEM32\atiumd6a.dll
0x00000000769f0000 - 0x0000000076a37000 	C:\Program Files\Java\jre1.8.0_25\bin\fontmanager.dll
0x00007ff988ce0000 - 0x00007ff988d00000 	C:\WINDOWS\SYSTEM32\CRYPTSP.dll
0x00007ff988900000 - 0x00007ff988936000 	C:\WINDOWS\system32\rsaenh.dll
0x00007ff988f90000 - 0x00007ff988fb6000 	C:\WINDOWS\SYSTEM32\bcrypt.dll
0x0000000076a60000 - 0x0000000076a7a000 	C:\Program Files\Java\jre1.8.0_25\bin\net.dll
0x00007ff988c80000 - 0x00007ff988cd9000 	C:\WINDOWS\system32\mswsock.dll
0x00007ff9860b0000 - 0x00007ff9860da000 	C:\WINDOWS\SYSTEM32\IPHLPAPI.DLL
0x00007ff986050000 - 0x00007ff98605a000 	C:\WINDOWS\SYSTEM32\WINNSI.DLL
0x00007ff9841e0000 - 0x00007ff9841f6000 	C:\WINDOWS\SYSTEM32\dhcpcsvc6.DLL
0x00007ff984380000 - 0x00007ff98439a000 	C:\WINDOWS\SYSTEM32\dhcpcsvc.DLL
0x0000000076a40000 - 0x0000000076a51000 	C:\Program Files\Java\jre1.8.0_25\bin\nio.dll
0x00000000637c0000 - 0x00000000637cd000 	S:\Users\Ben\AppData\Local\Temp\jogamp_0000\file_cache\jln5443406149955461838\jln3671367195257071987\gluegen-rt.dll
0x00000000769e0000 - 0x00000000769e7000 	C:\Program Files\Java\jre1.8.0_25\bin\jawt.dll
0x000000006a440000 - 0x000000006a44d000 	S:\Users\Ben\AppData\Local\Temp\jogamp_0000\file_cache\jln5443406149955461838\jln3671367195257071987\nativewindow_awt.dll
0x000000006c100000 - 0x000000006c10f000 	S:\Users\Ben\AppData\Local\Temp\jogamp_0000\file_cache\jln5443406149955461838\jln3671367195257071987\nativewindow_win32.dll
0x00007ff960620000 - 0x00007ff96074b000 	C:\WINDOWS\SYSTEM32\OpenGL32.dll
0x00007ff97d7c0000 - 0x00007ff97d7ee000 	C:\WINDOWS\SYSTEM32\GLU32.dll
0x00007ff966bf0000 - 0x00007ff966ce8000 	C:\WINDOWS\SYSTEM32\DDRAW.dll
0x00007ff980290000 - 0x00007ff980299000 	C:\WINDOWS\SYSTEM32\DCIMAN32.dll
0x0000000064500000 - 0x00000000645a2000 	S:\Users\Ben\AppData\Local\Temp\jogamp_0000\file_cache\jln5443406149955461838\jln3671367195257071987\jogl_desktop.dll
0x00007ff97d720000 - 0x00007ff97d738000 	C:\WINDOWS\SYSTEM32\atig6pxx.dll
0x0000000074200000 - 0x0000000075daf000 	C:\WINDOWS\SYSTEM32\atio6axx.dll
0x00007ff98bcf0000 - 0x00007ff98beca000 	C:\WINDOWS\system32\SETUPAPI.dll
0x00007ff986120000 - 0x00007ff986257000 	C:\WINDOWS\SYSTEM32\atiadlxx.dll
0x00007ff986710000 - 0x00007ff98688f000 	C:\WINDOWS\SYSTEM32\PROPSYS.dll
0x00007ff988080000 - 0x00007ff988092000 	C:\WINDOWS\SYSTEM32\WTSAPI32.dll
0x00007ff9898f0000 - 0x00007ff989941000 	C:\WINDOWS\system32\WINTRUST.dll
0x00007ff989540000 - 0x00007ff98971f000 	C:\WINDOWS\system32\CRYPT32.dll
0x00007ff989520000 - 0x00007ff989531000 	C:\WINDOWS\system32\MSASN1.dll
0x00007ff973720000 - 0x00007ff973749000 	C:\WINDOWS\SYSTEM32\atig6txx.dll
0x00007ff95c1a0000 - 0x00007ff95c33c000 	O:\OneDrive\Workspace\ZZavatar\lib\user\KinectPV2\Kinect20.Face.dll
0x00007ff97c900000 - 0x00007ff97c9a7000 	C:\WINDOWS\SYSTEM32\MSVCP110.dll
0x00007ff981bc0000 - 0x00007ff981c8e000 	C:\WINDOWS\SYSTEM32\MSVCR110.dll
0x00007ff980280000 - 0x00007ff980290000 	O:\OneDrive\Workspace\ZZavatar\lib\user\KinectPV2\KinectPV2.dll
0x00007ff960560000 - 0x00007ff96061a000 	C:\WINDOWS\SYSTEM32\Kinect20.dll
0x00007ff97ca30000 - 0x00007ff97cb1b000 	C:\WINDOWS\SYSTEM32\MFPlat.DLL
0x00007ff97c8a0000 - 0x00007ff97c8c7000 	C:\WINDOWS\SYSTEM32\RTWorkQ.DLL
0x00007ff987050000 - 0x00007ff98705c000 	C:\WINDOWS\SYSTEM32\AVRT.dll
0x00007ff963e10000 - 0x00007ff963f9a000 	C:\WINDOWS\SYSTEM32\dbghelp.dll

VM Arguments:
jvm_args: -Djava.library.path=O:\OneDrive\Workspace\ZZavatar\lib\base\video;O:\OneDrive\Workspace\ZZavatar\lib\base\video;O:\OneDrive\Workspace\ZZavatar\lib\base\video;O:\OneDrive\Workspace\ZZavatar\lib\base\core;O:\OneDrive\Workspace\ZZavatar\lib\base\core;O:\OneDrive\Workspace\ZZavatar\lib\base\core;O:\OneDrive\Workspace\ZZavatar\lib\base\core;O:\OneDrive\Workspace\ZZavatar\lib\base\core;O:\OneDrive\Workspace\ZZavatar\lib\base\core;O:\OneDrive\Workspace\ZZavatar\lib\base\core;O:\OneDrive\Workspace\ZZavatar\lib\base\core;O:\OneDrive\Workspace\ZZavatar\lib\base\core;O:\OneDrive\Workspace\ZZavatar\lib\base\core;O:\OneDrive\Workspace\ZZavatar\lib\base\core;O:\OneDrive\Workspace\ZZavatar\lib\base\core;O:\OneDrive\Workspace\ZZavatar\lib\base\core;O:\OneDrive\Workspace\ZZavatar\lib\base\core;O:\OneDrive\Workspace\ZZavatar\lib\base\core;O:\OneDrive\Workspace\ZZavatar\lib\user\Kinect4WinSDK;O:\OneDrive\Workspace\ZZavatar\lib\user\KinectPV2;O:\OneDrive\Workspace\ZZavatar\lib\user\SimpleOpenNI -Dfile.encoding=Cp1252 
java_command: zzavatar.ZZavatar
java_class_path (initial): O:\OneDrive\Workspace\ZZavatar\lib\base\video\gstreamer-java.jar;O:\OneDrive\Workspace\ZZavatar\lib\base\video\jna.jar;O:\OneDrive\Workspace\ZZavatar\lib\base\video\video.jar;O:\OneDrive\Workspace\ZZavatar\lib\base\core\core.jar;O:\OneDrive\Workspace\ZZavatar\lib\base\core\gluegen-rt-natives-linux-amd64.jar;O:\OneDrive\Workspace\ZZavatar\lib\base\core\gluegen-rt-natives-linux-armv6hf.jar;O:\OneDrive\Workspace\ZZavatar\lib\base\core\gluegen-rt-natives-linux-i586.jar;O:\OneDrive\Workspace\ZZavatar\lib\base\core\gluegen-rt-natives-macosx-universal.jar;O:\OneDrive\Workspace\ZZavatar\lib\base\core\gluegen-rt-natives-windows-amd64.jar;O:\OneDrive\Workspace\ZZavatar\lib\base\core\gluegen-rt-natives-windows-i586.jar;O:\OneDrive\Workspace\ZZavatar\lib\base\core\gluegen-rt.jar;O:\OneDrive\Workspace\ZZavatar\lib\base\core\jogl-all-natives-linux-amd64.jar;O:\OneDrive\Workspace\ZZavatar\lib\base\core\jogl-all-natives-linux-armv6hf.jar;O:\OneDrive\Workspace\ZZavatar\lib\base\core\jogl-all-natives-linux-i586.jar;O:\OneDrive\Workspace\ZZavatar\lib\base\core\jogl-all-natives-macosx-universal.jar;O:\OneDrive\Workspace\ZZavatar\lib\base\core\jogl-all-natives-windows-amd64.jar;O:\OneDrive\Workspace\ZZavatar\lib\base\core\jogl-all-natives-windows-i586.jar;O:\OneDrive\Workspace\ZZavatar\lib\base\core\jogl-all.jar;O:\OneDrive\Workspace\ZZavatar\lib\user\Kinect4WinSDK\Kinect4WinSDK.jar;O:\OneDrive\Workspace\ZZavatar\lib\user\KinectPV2\KinectPV2.jar;O:\OneDrive\Workspace\ZZavatar\lib\user\SimpleOpenNI\SimpleOpenNI.jar;O:\OneDrive\Workspace\ZZavatar\bin
Launcher Type: SUN_STANDARD

Environment Variables:
JAVA_HOME=C:\Program Files\Java\jdk1.8.0_25
PATH=C:/Program Files/Java/jre1.8.0_25/bin/server;C:/Program Files/Java/jre1.8.0_25/bin;C:/Program Files/Java/jre1.8.0_25/lib/amd64;C:\Program Files (x86)\NVIDIA Corporation\PhysX\Common;C:\ProgramData\Oracle\Java\javapath;C:\Program Files (x86)\Common Files\Intel\Shared Libraries\redist\intel64\compiler;C:\Program Files (x86)\Common Files\Intel\Shared Libraries\redist\ia32\compiler;C:\Program Files (x86)\Intel\iCLS Client\;C:\Program Files\Intel\iCLS Client\;C:\Program Files (x86)\AMD APP\bin\x86_64;C:\Program Files (x86)\AMD APP\bin\x86;C:\WINDOWS\system32;C:\WINDOWS;C:\WINDOWS\System32\Wbem;C:\WINDOWS\System32\WindowsPowerShell\v1.0\;C:\Program Files (x86)\ATI Technologies\ATI.ACE\Core-Static;C:\Program Files\Intel\Intel(R) Management Engine Components\DAL;C:\Program Files\Intel\Intel(R) Management Engine Components\IPT;C:\Program Files (x86)\Intel\Intel(R) Management Engine Components\DAL;C:\Program Files (x86)\Intel\Intel(R) Management Engine Components\IPT;C:\Program Files\Sony\VAIO Improvement\;C:\Program Files (x86)\Sony\VAIO Startup Setting Tool;C:\Program Files (x86)\Windows Kits\8.1\Windows Performance Toolkit\;C:\Program Files\Microsoft SQL Server\110\Tools\Binn\;C:\Program Files (x86)\Microsoft SDKs\TypeScript\1.0\;C:\Program Files\Microsoft\Web Platform Installer\;C:\Program Files (x86)\Java\jre1.8.0_25\bin;P:\Programs\Python27\Scripts;P:\Programs\Python27;C:\Program Files\Common Files\Autodesk Shared\;P:\Program Files\Programs;P:\Program Files\Games;P:\Programs\Eclipse;
USERNAME=Benoît
OS=Windows_NT
PROCESSOR_IDENTIFIER=Intel64 Family 6 Model 58 Stepping 9, GenuineIntel



---------------  S Y S T E M  ---------------

OS: Windows 8.1 , 64 bit Build 9600 

CPU:total 8 (4 cores per cpu, 2 threads per core) family 6 model 58 stepping 9, cmov, cx8, fxsr, mmx, sse, sse2, sse3, ssse3, sse4.1, sse4.2, popcnt, avx, aes, clmul, erms, ht, tsc, tscinvbit, tscinv

Memory: 4k page, physical 6237468k(1436760k free), swap 10431772k(4338324k free)

vm_info: Java HotSpot(TM) 64-Bit Server VM (25.25-b02) for windows-amd64 JRE (1.8.0_25-b18), built on Oct  7 2014 14:25:37 by "java_re" with MS VC++ 10.0 (VS2010)

time: Fri Apr 24 17:05:17 2015
elapsed time: 12 seconds (0d 0h 0m 12s)

