#
# A fatal error has been detected by the Java Runtime Environment:
#
#  EXCEPTION_ACCESS_VIOLATION (0xc0000005) at pc=0x00000000696fc220, pid=8832, tid=10020
#
# JRE version: Java(TM) SE Runtime Environment (8.0_25-b18) (build 1.8.0_25-b18)
# Java VM: Java HotSpot(TM) 64-Bit Server VM (25.25-b02 mixed mode windows-amd64 compressed oops)
# Problematic frame:
# C  [msvcr100.dll+0x3c220]
#
# Failed to write core dump. Minidumps are not enabled by default on client versions of Windows
#
# If you would like to submit a bug report, please visit:
#   http://bugreport.sun.com/bugreport/crash.jsp
#

---------------  T H R E A D  ---------------

Current thread (0x000000001d620800):  JavaThread "Thread-4" [_thread_in_vm, id=10020, stack(0x000000002e100000,0x000000002e200000)]

siginfo: ExceptionCode=0xc0000005, reading address 0x0000000024d1dff8

Registers:
RAX=0x000000000000003f, RBX=0x000000001d620800, RCX=0x00000000ecb97780, RDX=0xffffffff38186880
RSP=0x000000002e1ff008, RBP=0x00000000196460b8, RSI=0x0000000000000000, RDI=0x00000000007e9000
R8 =0x0000000000604000, R9 =0xff818177ff818177, R10=0xff7d837bff81877f, R11=0x00000000ec5937c0
R12=0x0000000000000001, R13=0x000000002e1ff180, R14=0x000000002e1ff0e0, R15=0x00000000196460b0
RIP=0x00000000696fc220, EFLAGS=0x0000000000010216

Top of Stack: (sp=0x000000002e1ff008)
0x000000002e1ff008:   000000006a4fc312 000000001d6209e8
0x000000002e1ff018:   000000006a4e123d 00000000001fa400
0x000000002e1ff028:   000000001d620800 000000001f18e3d0
0x000000002e1ff038:   0000000000000000 000000001d620800
0x000000002e1ff048:   0000000000000000 000000002e1ff180
0x000000002e1ff058:   0000000000000000 00000000196460b8
0x000000002e1ff068:   00007ffedc7f16f8 000000002471a040
0x000000002e1ff078:   000000001f18e3d0 000000001d6209e8
0x000000002e1ff088:   000000001f69f810 000000002471a040
0x000000002e1ff098:   0000000000000000 000000001d620800
0x000000002e1ff0a8:   0000000000000000 0000000000000000
0x000000002e1ff0b8:   000000000266daf9 000000001f66cc78
0x000000002e1ff0c8:   000000001f69f810 000000002e1ff120
0x000000002e1ff0d8:   00000000a38a4e60 00000000a38a4e60
0x000000002e1ff0e8:   00000000a38a4e60 000000002e1ff160
0x000000002e1ff0f8:   000000000265a3bb 000000001f66cc78 

Instructions: (pc=0x00000000696fc220)
0x00000000696fc200:   48 81 e9 80 00 00 00 0f 18 04 0a 0f 18 44 0a 40
0x00000000696fc210:   ff c8 75 ec 48 81 c1 00 10 00 00 b8 40 00 00 00
0x00000000696fc220:   4c 8b 4c 0a f8 4c 8b 54 0a f0 4c 0f c3 49 f8 4c
0x00000000696fc230:   0f c3 51 f0 4c 8b 4c 0a e8 4c 8b 54 0a e0 4c 0f 


Register to memory mapping:

RAX=0x000000000000003f is an unknown value
RBX=0x000000001d620800 is a thread
RCX=0x00000000ecb97780 is an oop

[error occurred during error reporting (printing register info), id 0xc0000005]

Stack: [0x000000002e100000,0x000000002e200000],  sp=0x000000002e1ff008,  free space=1020k
Native frames: (J=compiled Java code, j=interpreted, Vv=VM code, C=native code)
C  [msvcr100.dll+0x3c220]
V  [jvm.dll+0x14c312]
C  [KinectPV2.dll+0x16f8]
C  0x000000000266daf9

Java frames: (J=compiled Java code, j=interpreted, Vv=VM code)
J 1040  KinectPV2.Device.jniUpdate()Z (0 bytes) @ 0x000000000266da7b [0x000000000266da40+0x3b]
J 1039 C1 KinectPV2.Device.updateDevice()Z (7 bytes) @ 0x000000000266d73c [0x000000000266d6c0+0x7c]
j  KinectPV2.Device.run()V+4
j  java.lang.Thread.run()V+11
v  ~StubRoutines::call_stub

---------------  P R O C E S S  ---------------

Java Threads: ( => current thread )
=>0x000000001d620800 JavaThread "Thread-4" [_thread_in_vm, id=10020, stack(0x000000002e100000,0x000000002e200000)]
  0x000000001d600800 JavaThread "Animation Thread-SharedResourceRunner" daemon [_thread_blocked, id=1248, stack(0x000000001e5c0000,0x000000001e6c0000)]
  0x0000000001f6e800 JavaThread "DestroyJavaVM" [_thread_blocked, id=10132, stack(0x0000000002050000,0x0000000002150000)]
  0x000000001921c000 JavaThread "D3D Screen Updater" daemon [_thread_blocked, id=7912, stack(0x000000001c5f0000,0x000000001c6f0000)]
  0x000000001921b000 JavaThread "Animation Thread" [_thread_in_native, id=8968, stack(0x000000001c2f0000,0x000000001c3f0000)]
  0x00000000191c4000 JavaThread "AWT-EventQueue-0" [_thread_blocked, id=1188, stack(0x000000001c0f0000,0x000000001c1f0000)]
  0x000000001913b800 JavaThread "AWT-Windows" daemon [_thread_in_native, id=9532, stack(0x0000000019a50000,0x0000000019b50000)]
  0x000000001913b000 JavaThread "AWT-Shutdown" [_thread_blocked, id=5420, stack(0x0000000019950000,0x0000000019a50000)]
  0x0000000019138000 JavaThread "Java2D Disposer" daemon [_thread_blocked, id=10208, stack(0x0000000019850000,0x0000000019950000)]
  0x0000000018027800 JavaThread "Service Thread" daemon [_thread_blocked, id=9224, stack(0x0000000018970000,0x0000000018a70000)]
  0x0000000017fa5000 JavaThread "C1 CompilerThread3" daemon [_thread_blocked, id=2300, stack(0x0000000018870000,0x0000000018970000)]
  0x0000000017fa4000 JavaThread "C2 CompilerThread2" daemon [_thread_blocked, id=8304, stack(0x0000000018770000,0x0000000018870000)]
  0x0000000017f9e000 JavaThread "C2 CompilerThread1" daemon [_thread_blocked, id=3972, stack(0x0000000018670000,0x0000000018770000)]
  0x0000000017f98800 JavaThread "C2 CompilerThread0" daemon [_thread_blocked, id=6884, stack(0x0000000018570000,0x0000000018670000)]
  0x0000000017f96800 JavaThread "Attach Listener" daemon [_thread_blocked, id=8416, stack(0x0000000018470000,0x0000000018570000)]
  0x0000000017f96000 JavaThread "Signal Dispatcher" daemon [_thread_blocked, id=2940, stack(0x0000000018370000,0x0000000018470000)]
  0x0000000002249800 JavaThread "Finalizer" daemon [_thread_blocked, id=7576, stack(0x0000000017e70000,0x0000000017f70000)]
  0x0000000002241000 JavaThread "Reference Handler" daemon [_thread_blocked, id=4416, stack(0x0000000017d70000,0x0000000017e70000)]

Other Threads:
  0x0000000015f99000 VMThread [stack: 0x0000000017c70000,0x0000000017d70000] [id=1040]
  0x0000000018029800 WatcherThread [stack: 0x0000000018a70000,0x0000000018b70000] [id=9632]

VM state:not at safepoint (normal execution)

VM Mutex/Monitor currently owned by a thread: None

Heap:
 PSYoungGen      total 308224K, used 215973K [0x00000000e0400000, 0x00000000f8580000, 0x0000000100000000)
  eden space 251904K, 81% used [0x00000000e0400000,0x00000000ecd7c7c0,0x00000000efa00000)
  from space 56320K, 17% used [0x00000000efa00000,0x00000000f036d020,0x00000000f3100000)
  to   space 54784K, 0% used [0x00000000f5000000,0x00000000f5000000,0x00000000f8580000)
 ParOldGen       total 220160K, used 145915K [0x00000000a0c00000, 0x00000000ae300000, 0x00000000e0400000)
  object space 220160K, 66% used [0x00000000a0c00000,0x00000000a9a7eed8,0x00000000ae300000)
 Metaspace       used 18235K, capacity 18473K, committed 18816K, reserved 1067008K
  class space    used 1760K, capacity 1793K, committed 1920K, reserved 1048576K

Card table byte_map: [0x0000000011610000,0x0000000011910000] byte_map_base: 0x000000001110a000

Marking Bits: (ParMarkBitMap*) 0x000000006ab8d490
 Begin Bits: [0x0000000012310000, 0x0000000013ae0000)
 End Bits:   [0x0000000013ae0000, 0x00000000152b0000)

Polling page: 0x0000000000770000

CodeCache: size=245760Kb used=8076Kb max_used=8076Kb free=237683Kb
 bounds [0x0000000002250000, 0x0000000002a40000, 0x0000000011250000]
 total_blobs=3092 nmethods=2210 adapters=796
 compilation: enabled

Compilation events (10 events):
Event: 8.053 Thread 0x0000000017fa5000 2206       3       processing.opengl.PGraphicsOpenGL::endDraw (111 bytes)
Event: 8.053 Thread 0x0000000017fa5000 nmethod 2206 0x0000000002a35fd0 code [0x0000000002a36200, 0x0000000002a37448]
Event: 8.063 Thread 0x0000000017fa5000 2207       3       com.jogamp.nativewindow.awt.JAWTWindow::surfaceUpdated (11 bytes)
Event: 8.063 Thread 0x0000000017fa5000 nmethod 2207 0x0000000002a37890 code [0x0000000002a37a00, 0x0000000002a37c08]
Event: 8.063 Thread 0x0000000017fa5000 2208   !   3       jogamp.nativewindow.SurfaceUpdatedHelper::surfaceUpdated (76 bytes)
Event: 8.063 Thread 0x0000000017fa5000 nmethod 2208 0x0000000002a37cd0 code [0x0000000002a37ec0, 0x0000000002a387c8]
Event: 8.063 Thread 0x0000000017fa5000 2209       3       java.awt.event.InvocationEvent::getThrowable (16 bytes)
Event: 8.063 Thread 0x0000000017fa5000 nmethod 2209 0x0000000002a38f10 code [0x0000000002a39060, 0x0000000002a39210]
Event: 8.063 Thread 0x0000000017fa5000 2210       3       jogamp.opengl.GLDrawableImpl::destroyHandle (1 bytes)
Event: 8.063 Thread 0x0000000017fa5000 nmethod 2210 0x0000000002a39290 code [0x0000000002a393e0, 0x0000000002a39530]

GC Heap History (10 events):
Event: 4.249 GC heap before
{Heap before GC invocations=14 (full 3):
 PSYoungGen      total 238080K, used 171499K [0x00000000e0400000, 0x00000000f2b80000, 0x0000000100000000)
  eden space 176640K, 97% used [0x00000000e0400000,0x00000000eab7ad58,0x00000000eb080000)
  from space 61440K, 0% used [0x00000000eef00000,0x00000000eef00000,0x00000000f2b00000)
  to   space 62976K, 0% used [0x00000000eb080000,0x00000000eb080000,0x00000000eee00000)
 ParOldGen       total 220160K, used 145875K [0x00000000a0c00000, 0x00000000ae300000, 0x00000000e0400000)
  object space 220160K, 66% used [0x00000000a0c00000,0x00000000a9a74ed8,0x00000000ae300000)
 Metaspace       used 17438K, capacity 17601K, committed 17664K, reserved 1064960K
  class space    used 1709K, capacity 1761K, committed 1792K, reserved 1048576K
Event: 4.253 GC heap after
Heap after GC invocations=14 (full 3):
 PSYoungGen      total 239616K, used 9172K [0x00000000e0400000, 0x00000000f5780000, 0x0000000100000000)
  eden space 176640K, 0% used [0x00000000e0400000,0x00000000e0400000,0x00000000eb080000)
  from space 62976K, 14% used [0x00000000eb080000,0x00000000eb975020,0x00000000eee00000)
  to   space 61952K, 0% used [0x00000000f1b00000,0x00000000f1b00000,0x00000000f5780000)
 ParOldGen       total 220160K, used 145883K [0x00000000a0c00000, 0x00000000ae300000, 0x00000000e0400000)
  object space 220160K, 66% used [0x00000000a0c00000,0x00000000a9a76ed8,0x00000000ae300000)
 Metaspace       used 17438K, capacity 17601K, committed 17664K, reserved 1064960K
  class space    used 1709K, capacity 1761K, committed 1792K, reserved 1048576K
}
Event: 4.881 GC heap before
{Heap before GC invocations=15 (full 3):
 PSYoungGen      total 239616K, used 181796K [0x00000000e0400000, 0x00000000f5780000, 0x0000000100000000)
  eden space 176640K, 97% used [0x00000000e0400000,0x00000000eac94278,0x00000000eb080000)
  from space 62976K, 14% used [0x00000000eb080000,0x00000000eb975020,0x00000000eee00000)
  to   space 61952K, 0% used [0x00000000f1b00000,0x00000000f1b00000,0x00000000f5780000)
 ParOldGen       total 220160K, used 145883K [0x00000000a0c00000, 0x00000000ae300000, 0x00000000e0400000)
  object space 220160K, 66% used [0x00000000a0c00000,0x00000000a9a76ed8,0x00000000ae300000)
 Metaspace       used 17499K, capacity 17729K, committed 17920K, reserved 1064960K
  class space    used 1709K, capacity 1761K, committed 1792K, reserved 1048576K
Event: 4.885 GC heap after
Heap after GC invocations=15 (full 3):
 PSYoungGen      total 270336K, used 9172K [0x00000000e0400000, 0x00000000f4f00000, 0x0000000100000000)
  eden space 217088K, 0% used [0x00000000e0400000,0x00000000e0400000,0x00000000ed800000)
  from space 53248K, 17% used [0x00000000f1b00000,0x00000000f23f5020,0x00000000f4f00000)
  to   space 60928K, 0% used [0x00000000ed800000,0x00000000ed800000,0x00000000f1380000)
 ParOldGen       total 220160K, used 145891K [0x00000000a0c00000, 0x00000000ae300000, 0x00000000e0400000)
  object space 220160K, 66% used [0x00000000a0c00000,0x00000000a9a78ed8,0x00000000ae300000)
 Metaspace       used 17499K, capacity 17729K, committed 17920K, reserved 1064960K
  class space    used 1709K, capacity 1761K, committed 1792K, reserved 1048576K
}
Event: 5.648 GC heap before
{Heap before GC invocations=16 (full 3):
 PSYoungGen      total 270336K, used 223864K [0x00000000e0400000, 0x00000000f4f00000, 0x0000000100000000)
  eden space 217088K, 98% used [0x00000000e0400000,0x00000000ed5a9158,0x00000000ed800000)
  from space 53248K, 17% used [0x00000000f1b00000,0x00000000f23f5020,0x00000000f4f00000)
  to   space 60928K, 0% used [0x00000000ed800000,0x00000000ed800000,0x00000000f1380000)
 ParOldGen       total 220160K, used 145891K [0x00000000a0c00000, 0x00000000ae300000, 0x00000000e0400000)
  object space 220160K, 66% used [0x00000000a0c00000,0x00000000a9a78ed8,0x00000000ae300000)
 Metaspace       used 18014K, capacity 18209K, committed 18560K, reserved 1067008K
  class space    used 1760K, capacity 1793K, committed 1920K, reserved 1048576K
Event: 5.651 GC heap after
Heap after GC invocations=16 (full 3):
 PSYoungGen      total 278016K, used 9716K [0x00000000e0400000, 0x00000000f7480000, 0x0000000100000000)
  eden space 217088K, 0% used [0x00000000e0400000,0x00000000e0400000,0x00000000ed800000)
  from space 60928K, 15% used [0x00000000ed800000,0x00000000ee17d020,0x00000000f1380000)
  to   space 59392K, 0% used [0x00000000f3a80000,0x00000000f3a80000,0x00000000f7480000)
 ParOldGen       total 220160K, used 145899K [0x00000000a0c00000, 0x00000000ae300000, 0x00000000e0400000)
  object space 220160K, 66% used [0x00000000a0c00000,0x00000000a9a7aed8,0x00000000ae300000)
 Metaspace       used 18014K, capacity 18209K, committed 18560K, reserved 1067008K
  class space    used 1760K, capacity 1793K, committed 1920K, reserved 1048576K
}
Event: 6.418 GC heap before
{Heap before GC invocations=17 (full 3):
 PSYoungGen      total 278016K, used 226033K [0x00000000e0400000, 0x00000000f7480000, 0x0000000100000000)
  eden space 217088K, 99% used [0x00000000e0400000,0x00000000ed73f7b8,0x00000000ed800000)
  from space 60928K, 15% used [0x00000000ed800000,0x00000000ee17d020,0x00000000f1380000)
  to   space 59392K, 0% used [0x00000000f3a80000,0x00000000f3a80000,0x00000000f7480000)
 ParOldGen       total 220160K, used 145899K [0x00000000a0c00000, 0x00000000ae300000, 0x00000000e0400000)
  object space 220160K, 66% used [0x00000000a0c00000,0x00000000a9a7aed8,0x00000000ae300000)
 Metaspace       used 18078K, capacity 18273K, committed 18560K, reserved 1067008K
  class space    used 1760K, capacity 1793K, committed 1920K, reserved 1048576K
Event: 6.423 GC heap after
Heap after GC invocations=17 (full 3):
 PSYoungGen      total 298496K, used 17656K [0x00000000e0400000, 0x00000000f6800000, 0x0000000100000000)
  eden space 251904K, 0% used [0x00000000e0400000,0x00000000e0400000,0x00000000efa00000)
  from space 46592K, 37% used [0x00000000f3a80000,0x00000000f4bbe030,0x00000000f6800000)
  to   space 56320K, 0% used [0x00000000efa00000,0x00000000efa00000,0x00000000f3100000)
 ParOldGen       total 220160K, used 145907K [0x00000000a0c00000, 0x00000000ae300000, 0x00000000e0400000)
  object space 220160K, 66% used [0x00000000a0c00000,0x00000000a9a7ced8,0x00000000ae300000)
 Metaspace       used 18078K, capacity 18273K, committed 18560K, reserved 1067008K
  class space    used 1760K, capacity 1793K, committed 1920K, reserved 1048576K
}
Event: 7.349 GC heap before
{Heap before GC invocations=18 (full 3):
 PSYoungGen      total 298496K, used 262042K [0x00000000e0400000, 0x00000000f6800000, 0x0000000100000000)
  eden space 251904K, 97% used [0x00000000e0400000,0x00000000ef2a8a40,0x00000000efa00000)
  from space 46592K, 37% used [0x00000000f3a80000,0x00000000f4bbe030,0x00000000f6800000)
  to   space 56320K, 0% used [0x00000000efa00000,0x00000000efa00000,0x00000000f3100000)
 ParOldGen       total 220160K, used 145907K [0x00000000a0c00000, 0x00000000ae300000, 0x00000000e0400000)
  object space 220160K, 66% used [0x00000000a0c00000,0x00000000a9a7ced8,0x00000000ae300000)
 Metaspace       used 18140K, capacity 18337K, committed 18560K, reserved 1067008K
  class space    used 1760K, capacity 1793K, committed 1920K, reserved 1048576K
Event: 7.354 GC heap after
Heap after GC invocations=18 (full 3):
 PSYoungGen      total 308224K, used 9652K [0x00000000e0400000, 0x00000000f8580000, 0x0000000100000000)
  eden space 251904K, 0% used [0x00000000e0400000,0x00000000e0400000,0x00000000efa00000)
  from space 56320K, 17% used [0x00000000efa00000,0x00000000f036d020,0x00000000f3100000)
  to   space 54784K, 0% used [0x00000000f5000000,0x00000000f5000000,0x00000000f8580000)
 ParOldGen       total 220160K, used 145915K [0x00000000a0c00000, 0x00000000ae300000, 0x00000000e0400000)
  object space 220160K, 66% used [0x00000000a0c00000,0x00000000a9a7eed8,0x00000000ae300000)
 Metaspace       used 18140K, capacity 18337K, committed 18560K, reserved 1067008K
  class space    used 1760K, capacity 1793K, committed 1920K, reserved 1048576K
}

Deoptimization events (10 events):
Event: 3.225 Thread 0x00000000191c4000 Uncommon trap: reason=unreached action=reinterpret pc=0x0000000002650f80 method=processing.opengl.PGraphicsOpenGL$InGeometry.addVertex(FFFIFFFFFIFIIIFIZ)I @ 218
Event: 3.764 Thread 0x00000000191c4000 Uncommon trap: reason=unreached action=reinterpret pc=0x00000000025126f0 method=java.lang.reflect.AccessibleObject.setAccessible0(Ljava/lang/reflect/AccessibleObject;Z)V @ 4
Event: 5.182 Thread 0x00000000191c4000 Uncommon trap: reason=bimorphic action=maybe_recompile pc=0x0000000002840a50 method=java.util.ArrayList.indexOf(Ljava/lang/Object;)I @ 51
Event: 5.182 Thread 0x00000000191c4000 Uncommon trap: reason=bimorphic action=maybe_recompile pc=0x0000000002840a50 method=java.util.ArrayList.indexOf(Ljava/lang/Object;)I @ 51
Event: 5.182 Thread 0x00000000191c4000 Uncommon trap: reason=bimorphic action=maybe_recompile pc=0x0000000002840a50 method=java.util.ArrayList.indexOf(Ljava/lang/Object;)I @ 51
Event: 5.183 Thread 0x00000000191c4000 Uncommon trap: reason=bimorphic action=maybe_recompile pc=0x0000000002840a50 method=java.util.ArrayList.indexOf(Ljava/lang/Object;)I @ 51
Event: 5.257 Thread 0x00000000191c4000 Uncommon trap: reason=class_check action=maybe_recompile pc=0x00000000024414e8 method=java.lang.String.equals(Ljava/lang/Object;)Z @ 8
Event: 5.257 Thread 0x00000000191c4000 Uncommon trap: reason=class_check action=maybe_recompile pc=0x00000000024414e8 method=java.lang.String.equals(Ljava/lang/Object;)Z @ 8
Event: 5.257 Thread 0x00000000191c4000 Uncommon trap: reason=class_check action=maybe_recompile pc=0x00000000024414e8 method=java.lang.String.equals(Ljava/lang/Object;)Z @ 8
Event: 5.257 Thread 0x00000000191c4000 Uncommon trap: reason=class_check action=maybe_recompile pc=0x00000000024414e8 method=java.lang.String.equals(Ljava/lang/Object;)Z @ 8

Internal exceptions (10 events):
Event: 3.064 Thread 0x00000000191c4000 Exception <a 'java/security/PrivilegedActionException'> (0x00000000e55a54d8) thrown at [D:\re\workspace\8-2-build-windows-amd64-cygwin\jdk8u25\1677\hotspot\src\share\vm\prims\jvm.cpp, line 1312]
Event: 3.065 Thread 0x00000000191c4000 Exception <a 'java/security/PrivilegedActionException'> (0x00000000e55a9030) thrown at [D:\re\workspace\8-2-build-windows-amd64-cygwin\jdk8u25\1677\hotspot\src\share\vm\prims\jvm.cpp, line 1312]
Event: 3.065 Thread 0x00000000191c4000 Exception <a 'java/security/PrivilegedActionException'> (0x00000000e55ad830) thrown at [D:\re\workspace\8-2-build-windows-amd64-cygwin\jdk8u25\1677\hotspot\src\share\vm\prims\jvm.cpp, line 1312]
Event: 3.065 Thread 0x00000000191c4000 Exception <a 'java/security/PrivilegedActionException'> (0x00000000e55b0f68) thrown at [D:\re\workspace\8-2-build-windows-amd64-cygwin\jdk8u25\1677\hotspot\src\share\vm\prims\jvm.cpp, line 1312]
Event: 3.065 Thread 0x00000000191c4000 Exception <a 'java/security/PrivilegedActionException'> (0x00000000e55b4eb0) thrown at [D:\re\workspace\8-2-build-windows-amd64-cygwin\jdk8u25\1677\hotspot\src\share\vm\prims\jvm.cpp, line 1312]
Event: 3.066 Thread 0x00000000191c4000 Exception <a 'java/security/PrivilegedActionException'> (0x00000000e55badc0) thrown at [D:\re\workspace\8-2-build-windows-amd64-cygwin\jdk8u25\1677\hotspot\src\share\vm\prims\jvm.cpp, line 1312]
Event: 3.078 Thread 0x00000000191c4000 Exception <a 'java/security/PrivilegedActionException'> (0x00000000e56963d0) thrown at [D:\re\workspace\8-2-build-windows-amd64-cygwin\jdk8u25\1677\hotspot\src\share\vm\prims\jvm.cpp, line 1312]
Event: 5.270 Thread 0x00000000191c4000 Exception <a 'java/security/PrivilegedActionException'> (0x00000000e6bb77b0) thrown at [D:\re\workspace\8-2-build-windows-amd64-cygwin\jdk8u25\1677\hotspot\src\share\vm\prims\jvm.cpp, line 1312]
Event: 5.277 Thread 0x00000000191c4000 Exception <a 'java/security/PrivilegedActionException'> (0x00000000e6bc4308) thrown at [D:\re\workspace\8-2-build-windows-amd64-cygwin\jdk8u25\1677\hotspot\src\share\vm\prims\jvm.cpp, line 1312]
Event: 5.311 Thread 0x00000000191c4000 Exception <a 'java/security/PrivilegedActionException'> (0x00000000e6bcd3c8) thrown at [D:\re\workspace\8-2-build-windows-amd64-cygwin\jdk8u25\1677\hotspot\src\share\vm\prims\jvm.cpp, line 1312]

Events (10 events):
Event: 5.657 Executing VM operation: RevokeBias done
Event: 5.657 Executing VM operation: RevokeBias
Event: 5.657 Executing VM operation: RevokeBias done
Event: 5.657 Executing VM operation: BulkRevokeBias
Event: 5.657 Executing VM operation: BulkRevokeBias done
Event: 6.418 Executing VM operation: ParallelGCFailedAllocation
Event: 6.423 Executing VM operation: ParallelGCFailedAllocation done
Event: 7.349 Executing VM operation: ParallelGCFailedAllocation
Event: 7.354 Executing VM operation: ParallelGCFailedAllocation done
Event: 7.549 Thread 0x00000000191d1800 Thread exited: 0x00000000191d1800


Dynamic libraries:
0x00007ff745f80000 - 0x00007ff745fb4000 	C:\Program Files\Java\jre1.8.0_25\bin\javaw.exe
0x00007ffee8210000 - 0x00007ffee83bc000 	C:\WINDOWS\SYSTEM32\ntdll.dll
0x00007ffee60e0000 - 0x00007ffee621e000 	C:\WINDOWS\system32\KERNEL32.DLL
0x00007ffee54e0000 - 0x00007ffee55f5000 	C:\WINDOWS\system32\KERNELBASE.dll
0x00007ffee3ee0000 - 0x00007ffee3f6e000 	C:\WINDOWS\system32\apphelp.dll
0x00007ffecebf0000 - 0x00007ffecec43000 	C:\WINDOWS\AppPatch\AppPatch64\AcGenral.DLL
0x00007ffee6010000 - 0x00007ffee60ba000 	C:\WINDOWS\system32\msvcrt.dll
0x00007ffee5190000 - 0x00007ffee51be000 	C:\WINDOWS\SYSTEM32\SspiCli.dll
0x00007ffee5fb0000 - 0x00007ffee6004000 	C:\WINDOWS\system32\SHLWAPI.dll
0x00007ffee7fd0000 - 0x00007ffee8147000 	C:\WINDOWS\system32\USER32.dll
0x00007ffee5bc0000 - 0x00007ffee5d54000 	C:\WINDOWS\system32\ole32.dll
0x00007ffee66a0000 - 0x00007ffee7bb8000 	C:\WINDOWS\system32\SHELL32.dll
0x00007ffee48f0000 - 0x00007ffee4911000 	C:\WINDOWS\SYSTEM32\USERENV.dll
0x00007ffee5e20000 - 0x00007ffee5eca000 	C:\WINDOWS\system32\ADVAPI32.dll
0x00007ffed7630000 - 0x00007ffed764e000 	C:\WINDOWS\SYSTEM32\MPR.dll
0x00007ffee63f0000 - 0x00007ffee6531000 	C:\WINDOWS\system32\RPCRT4.dll
0x00007ffee5ed0000 - 0x00007ffee5f29000 	C:\WINDOWS\SYSTEM32\sechost.dll
0x00007ffee7db0000 - 0x00007ffee7fc1000 	C:\WINDOWS\SYSTEM32\combase.dll
0x00007ffee6540000 - 0x00007ffee6691000 	C:\WINDOWS\system32\GDI32.dll
0x00007ffee5360000 - 0x00007ffee5375000 	C:\WINDOWS\SYSTEM32\profapi.dll
0x00007ffee3700000 - 0x00007ffee37b2000 	C:\WINDOWS\SYSTEM32\SHCORE.dll
0x00007ffee5a40000 - 0x00007ffee5a76000 	C:\WINDOWS\system32\IMM32.DLL
0x00007ffee6220000 - 0x00007ffee6372000 	C:\WINDOWS\system32\MSCTF.dll
0x00007ffee2a70000 - 0x00007ffee2ceb000 	C:\WINDOWS\WinSxS\amd64_microsoft.windows.common-controls_6595b64144ccf1df_6.0.9600.17415_none_6240486fecbd8abb\COMCTL32.dll
0x00000000696c0000 - 0x0000000069792000 	C:\Program Files\Java\jre1.8.0_25\bin\msvcr100.dll
0x000000006a3b0000 - 0x000000006ac0a000 	C:\Program Files\Java\jre1.8.0_25\bin\server\jvm.dll
0x00007ffecd2f0000 - 0x00007ffecd2f9000 	C:\WINDOWS\SYSTEM32\WSOCK32.dll
0x00007ffed77f0000 - 0x00007ffed7812000 	C:\WINDOWS\SYSTEM32\WINMM.dll
0x00007ffee7da0000 - 0x00007ffee7da7000 	C:\WINDOWS\system32\PSAPI.DLL
0x00007ffee5a80000 - 0x00007ffee5ada000 	C:\WINDOWS\system32\WS2_32.dll
0x00007ffed75d0000 - 0x00007ffed75fa000 	C:\WINDOWS\SYSTEM32\WINMMBASE.dll
0x00007ffee60d0000 - 0x00007ffee60d9000 	C:\WINDOWS\system32\NSI.dll
0x00007ffee5840000 - 0x00007ffee588f000 	C:\WINDOWS\SYSTEM32\cfgmgr32.dll
0x00007ffee4150000 - 0x00007ffee4178000 	C:\WINDOWS\SYSTEM32\DEVOBJ.dll
0x000000006b5e0000 - 0x000000006b5ef000 	C:\Program Files\Java\jre1.8.0_25\bin\verify.dll
0x000000006b5b0000 - 0x000000006b5d8000 	C:\Program Files\Java\jre1.8.0_25\bin\java.dll
0x000000006b590000 - 0x000000006b5a6000 	C:\Program Files\Java\jre1.8.0_25\bin\zip.dll
0x0000000069520000 - 0x00000000696b8000 	C:\Program Files\Java\jre1.8.0_25\bin\awt.dll
0x00007ffee5ae0000 - 0x00007ffee5ba1000 	C:\WINDOWS\system32\OLEAUT32.dll
0x00007ffee3500000 - 0x00007ffee3521000 	C:\WINDOWS\system32\DWMAPI.DLL
0x00007ffee3fd0000 - 0x00007ffee40f9000 	C:\WINDOWS\system32\uxtheme.dll
0x00007ffee41a0000 - 0x00007ffee41ab000 	C:\WINDOWS\SYSTEM32\kernel.appcore.dll
0x00007ffee5230000 - 0x00007ffee523b000 	C:\WINDOWS\SYSTEM32\CRYPTBASE.dll
0x00007ffee51c0000 - 0x00007ffee5223000 	C:\WINDOWS\SYSTEM32\bcryptPrimitives.dll
0x00007ffedaca0000 - 0x00007ffedaec1000 	C:\WINDOWS\system32\d3d9.dll
0x00007ffee3010000 - 0x00007ffee301a000 	C:\WINDOWS\SYSTEM32\VERSION.dll
0x00007ffee2870000 - 0x00007ffee29bb000 	C:\WINDOWS\SYSTEM32\aticfx64.dll
0x00007ffec0180000 - 0x00007ffec01a1000 	C:\WINDOWS\SYSTEM32\atiu9p64.dll
0x00007ffebed60000 - 0x00007ffebf545000 	C:\WINDOWS\SYSTEM32\atiumd64.dll
0x000000006acf0000 - 0x000000006b4a7000 	C:\WINDOWS\SYSTEM32\atiumd6a.dll
0x00000000694d0000 - 0x0000000069517000 	C:\Program Files\Java\jre1.8.0_25\bin\fontmanager.dll
0x00007ffee4d60000 - 0x00007ffee4d80000 	C:\WINDOWS\SYSTEM32\CRYPTSP.dll
0x00007ffee47e0000 - 0x00007ffee4816000 	C:\WINDOWS\system32\rsaenh.dll
0x00007ffee4e80000 - 0x00007ffee4ea6000 	C:\WINDOWS\SYSTEM32\bcrypt.dll
0x000000006b570000 - 0x000000006b58a000 	C:\Program Files\Java\jre1.8.0_25\bin\net.dll
0x00007ffee4b20000 - 0x00007ffee4b79000 	C:\WINDOWS\system32\mswsock.dll
0x00007ffee1080000 - 0x00007ffee10aa000 	C:\WINDOWS\SYSTEM32\IPHLPAPI.DLL
0x00007ffee2670000 - 0x00007ffee267a000 	C:\WINDOWS\SYSTEM32\WINNSI.DLL
0x00007ffee0160000 - 0x00007ffee0176000 	C:\WINDOWS\SYSTEM32\dhcpcsvc6.DLL
0x00007ffee02b0000 - 0x00007ffee02ca000 	C:\WINDOWS\SYSTEM32\dhcpcsvc.DLL
0x000000006a390000 - 0x000000006a3a1000 	C:\Program Files\Java\jre1.8.0_25\bin\nio.dll
0x00000000637c0000 - 0x00000000637cd000 	S:\Users\Ben\AppData\Local\Temp\jogamp_0000\file_cache\jln3005548567751703625\jln5824415313939007033\gluegen-rt.dll
0x00000000694c0000 - 0x00000000694c7000 	C:\Program Files\Java\jre1.8.0_25\bin\jawt.dll
0x0000000001ff0000 - 0x0000000001ffd000 	S:\Users\Ben\AppData\Local\Temp\jogamp_0000\file_cache\jln3005548567751703625\jln5824415313939007033\nativewindow_awt.dll
0x000000006c100000 - 0x000000006c10f000 	S:\Users\Ben\AppData\Local\Temp\jogamp_0000\file_cache\jln3005548567751703625\jln5824415313939007033\nativewindow_win32.dll
0x00007ffeda9f0000 - 0x00007ffedab1b000 	C:\WINDOWS\SYSTEM32\OpenGL32.dll
0x00007ffedc550000 - 0x00007ffedc57e000 	C:\WINDOWS\SYSTEM32\GLU32.dll
0x00007ffecf530000 - 0x00007ffecf628000 	C:\WINDOWS\SYSTEM32\DDRAW.dll
0x00007ffee0d60000 - 0x00007ffee0d69000 	C:\WINDOWS\SYSTEM32\DCIMAN32.dll
0x0000000064500000 - 0x00000000645a2000 	S:\Users\Ben\AppData\Local\Temp\jogamp_0000\file_cache\jln3005548567751703625\jln5824415313939007033\jogl_desktop.dll
0x00007ffedc8d0000 - 0x00007ffedc8e8000 	C:\WINDOWS\SYSTEM32\atig6pxx.dll
0x0000000067910000 - 0x00000000694bf000 	C:\WINDOWS\SYSTEM32\atio6axx.dll
0x00007ffee7bc0000 - 0x00007ffee7d9a000 	C:\WINDOWS\system32\SETUPAPI.dll
0x00007ffee10e0000 - 0x00007ffee1217000 	C:\WINDOWS\SYSTEM32\atiadlxx.dll
0x00007ffee16b0000 - 0x00007ffee182f000 	C:\WINDOWS\SYSTEM32\PROPSYS.dll
0x00007ffee3f70000 - 0x00007ffee3f82000 	C:\WINDOWS\SYSTEM32\WTSAPI32.dll
0x00007ffee57e0000 - 0x00007ffee5831000 	C:\WINDOWS\system32\WINTRUST.dll
0x00007ffee5600000 - 0x00007ffee57df000 	C:\WINDOWS\system32\CRYPT32.dll
0x00007ffee5410000 - 0x00007ffee5421000 	C:\WINDOWS\system32\MSASN1.dll
0x00007ffeda9c0000 - 0x00007ffeda9e9000 	C:\WINDOWS\SYSTEM32\atig6txx.dll
0x00007ffecea00000 - 0x00007ffeceb9c000 	O:\OneDrive\Workspace\ZZavatar\lib\user\KinectPV2\Kinect20.Face.dll
0x00007ffed76f0000 - 0x00007ffed7797000 	C:\WINDOWS\SYSTEM32\MSVCP110.dll
0x00007ffeddd70000 - 0x00007ffedde3e000 	C:\WINDOWS\SYSTEM32\MSVCR110.dll
0x00007ffedc7f0000 - 0x00007ffedc800000 	O:\OneDrive\Workspace\ZZavatar\lib\user\KinectPV2\KinectPV2.dll
0x00007ffeda070000 - 0x00007ffeda12a000 	C:\WINDOWS\SYSTEM32\Kinect20.dll
0x00007ffed7820000 - 0x00007ffed790b000 	C:\WINDOWS\SYSTEM32\MFPlat.DLL
0x00007ffed7650000 - 0x00007ffed7677000 	C:\WINDOWS\SYSTEM32\RTWorkQ.DLL
0x00007ffee3130000 - 0x00007ffee313c000 	C:\WINDOWS\SYSTEM32\AVRT.dll
0x00000000678c0000 - 0x0000000067901000 	C:\Program Files\Java\jre1.8.0_25\bin\t2k.dll
0x00007ffebeae0000 - 0x00007ffebec6a000 	C:\WINDOWS\SYSTEM32\dbghelp.dll

VM Arguments:
jvm_args: -Djava.library.path=O:\OneDrive\Workspace\ZZavatar\lib\base\video;O:\OneDrive\Workspace\ZZavatar\lib\base\video;O:\OneDrive\Workspace\ZZavatar\lib\base\video;O:\OneDrive\Workspace\ZZavatar\lib\base\core;O:\OneDrive\Workspace\ZZavatar\lib\base\core;O:\OneDrive\Workspace\ZZavatar\lib\base\core;O:\OneDrive\Workspace\ZZavatar\lib\base\core;O:\OneDrive\Workspace\ZZavatar\lib\base\core;O:\OneDrive\Workspace\ZZavatar\lib\base\core;O:\OneDrive\Workspace\ZZavatar\lib\base\core;O:\OneDrive\Workspace\ZZavatar\lib\base\core;O:\OneDrive\Workspace\ZZavatar\lib\base\core;O:\OneDrive\Workspace\ZZavatar\lib\base\core;O:\OneDrive\Workspace\ZZavatar\lib\base\core;O:\OneDrive\Workspace\ZZavatar\lib\base\core;O:\OneDrive\Workspace\ZZavatar\lib\base\core;O:\OneDrive\Workspace\ZZavatar\lib\base\core;O:\OneDrive\Workspace\ZZavatar\lib\base\core;O:\OneDrive\Workspace\ZZavatar\lib\user\Kinect4WinSDK;O:\OneDrive\Workspace\ZZavatar\lib\user\KinectPV2;O:\OneDrive\Workspace\ZZavatar\lib\user\SimpleOpenNI -Dfile.encoding=Cp1252 
java_command: zzavatar.ZZavatar
java_class_path (initial): O:\OneDrive\Workspace\ZZavatar\lib\base\video\gstreamer-java.jar;O:\OneDrive\Workspace\ZZavatar\lib\base\video\jna.jar;O:\OneDrive\Workspace\ZZavatar\lib\base\video\video.jar;O:\OneDrive\Workspace\ZZavatar\lib\base\core\core.jar;O:\OneDrive\Workspace\ZZavatar\lib\base\core\gluegen-rt-natives-linux-amd64.jar;O:\OneDrive\Workspace\ZZavatar\lib\base\core\gluegen-rt-natives-linux-armv6hf.jar;O:\OneDrive\Workspace\ZZavatar\lib\base\core\gluegen-rt-natives-linux-i586.jar;O:\OneDrive\Workspace\ZZavatar\lib\base\core\gluegen-rt-natives-macosx-universal.jar;O:\OneDrive\Workspace\ZZavatar\lib\base\core\gluegen-rt-natives-windows-amd64.jar;O:\OneDrive\Workspace\ZZavatar\lib\base\core\gluegen-rt-natives-windows-i586.jar;O:\OneDrive\Workspace\ZZavatar\lib\base\core\gluegen-rt.jar;O:\OneDrive\Workspace\ZZavatar\lib\base\core\jogl-all-natives-linux-amd64.jar;O:\OneDrive\Workspace\ZZavatar\lib\base\core\jogl-all-natives-linux-armv6hf.jar;O:\OneDrive\Workspace\ZZavatar\lib\base\core\jogl-all-natives-linux-i586.jar;O:\OneDrive\Workspace\ZZavatar\lib\base\core\jogl-all-natives-macosx-universal.jar;O:\OneDrive\Workspace\ZZavatar\lib\base\core\jogl-all-natives-windows-amd64.jar;O:\OneDrive\Workspace\ZZavatar\lib\base\core\jogl-all-natives-windows-i586.jar;O:\OneDrive\Workspace\ZZavatar\lib\base\core\jogl-all.jar;O:\OneDrive\Workspace\ZZavatar\lib\user\Kinect4WinSDK\Kinect4WinSDK.jar;O:\OneDrive\Workspace\ZZavatar\lib\user\KinectPV2\KinectPV2.jar;O:\OneDrive\Workspace\ZZavatar\lib\user\SimpleOpenNI\SimpleOpenNI.jar;O:\OneDrive\Workspace\ZZavatar\bin
Launcher Type: SUN_STANDARD

Environment Variables:
JAVA_HOME=C:\Program Files\Java\jdk1.8.0_25
PATH=C:/Program Files/Java/jre1.8.0_25/bin/server;C:/Program Files/Java/jre1.8.0_25/bin;C:/Program Files/Java/jre1.8.0_25/lib/amd64;C:\Program Files (x86)\NVIDIA Corporation\PhysX\Common;C:\ProgramData\Oracle\Java\javapath;C:\Program Files (x86)\Common Files\Intel\Shared Libraries\redist\intel64\compiler;C:\Program Files (x86)\Common Files\Intel\Shared Libraries\redist\ia32\compiler;C:\Program Files (x86)\Intel\iCLS Client\;C:\Program Files\Intel\iCLS Client\;C:\Program Files (x86)\AMD APP\bin\x86_64;C:\Program Files (x86)\AMD APP\bin\x86;C:\WINDOWS\system32;C:\WINDOWS;C:\WINDOWS\System32\Wbem;C:\WINDOWS\System32\WindowsPowerShell\v1.0\;C:\Program Files (x86)\ATI Technologies\ATI.ACE\Core-Static;C:\Program Files\Intel\Intel(R) Management Engine Components\DAL;C:\Program Files\Intel\Intel(R) Management Engine Components\IPT;C:\Program Files (x86)\Intel\Intel(R) Management Engine Components\DAL;C:\Program Files (x86)\Intel\Intel(R) Management Engine Components\IPT;C:\Program Files\Sony\VAIO Improvement\;C:\Program Files (x86)\Sony\VAIO Startup Setting Tool;C:\Program Files (x86)\Windows Kits\8.1\Windows Performance Toolkit\;C:\Program Files\Microsoft SQL Server\110\Tools\Binn\;C:\Program Files (x86)\Microsoft SDKs\TypeScript\1.0\;C:\Program Files\Microsoft\Web Platform Installer\;C:\Program Files (x86)\Java\jre1.8.0_25\bin;P:\Programs\Python27\Scripts;P:\Programs\Python27;C:\Program Files\Common Files\Autodesk Shared\;P:\Program Files\Programs;P:\Program Files\Games;P:\Programs\Eclipse;
USERNAME=Benoît
OS=Windows_NT
PROCESSOR_IDENTIFIER=Intel64 Family 6 Model 58 Stepping 9, GenuineIntel



---------------  S Y S T E M  ---------------

OS: Windows 8.1 , 64 bit Build 9600 

CPU:total 8 (4 cores per cpu, 2 threads per core) family 6 model 58 stepping 9, cmov, cx8, fxsr, mmx, sse, sse2, sse3, ssse3, sse4.1, sse4.2, popcnt, avx, aes, clmul, erms, ht, tsc, tscinvbit, tscinv

Memory: 4k page, physical 6237468k(1655544k free), swap 10431772k(3644700k free)

vm_info: Java HotSpot(TM) 64-Bit Server VM (25.25-b02) for windows-amd64 JRE (1.8.0_25-b18), built on Oct  7 2014 14:25:37 by "java_re" with MS VC++ 10.0 (VS2010)

time: Thu Apr 23 17:34:16 2015
elapsed time: 8 seconds (0d 0h 0m 8s)

