#
# A fatal error has been detected by the Java Runtime Environment:
#
#  EXCEPTION_ACCESS_VIOLATION (0xc0000005) at pc=0x0000000000000000, pid=5980, tid=9108
#
# JRE version: Java(TM) SE Runtime Environment (8.0_25-b18) (build 1.8.0_25-b18)
# Java VM: Java HotSpot(TM) 64-Bit Server VM (25.25-b02 mixed mode windows-amd64 compressed oops)
# Problematic frame:
# C  0x0000000000000000
#
# Failed to write core dump. Minidumps are not enabled by default on client versions of Windows
#
# If you would like to submit a bug report, please visit:
#   http://bugreport.sun.com/bugreport/crash.jsp
# The crash happened outside the Java Virtual Machine in native code.
# See problematic frame for where to report the bug.
#

---------------  T H R E A D  ---------------

Current thread (0x0000000019170800):  JavaThread "Animation Thread" [_thread_in_native, id=9108, stack(0x000000001c140000,0x000000001c240000)]

siginfo: ExceptionCode=0xc0000005, ExceptionInformation=0x0000000000000008 0x0000000000000000

Registers:
RAX=0x000000001efb1af0, RBX=0x000000002daa2040, RCX=0x000000001cebd510, RDX=0x0000000000000000
RSP=0x000000001c23e438, RBP=0x0000000000000006, RSI=0x0000000000000000, RDI=0x000000001ed55ad8
R8 =0x000000001c23e108, R9 =0x0000000000008000, R10=0x0000000000000000, R11=0x000000001c23e340
R12=0x0000000000000000, R13=0x000000001f5dd038, R14=0x0000000000000000, R15=0x0000000019170800
RIP=0x0000000000000000, EFLAGS=0x0000000000010202

Top of Stack: (sp=0x000000001c23e438)
0x000000001c23e438:   00007ffedc7f4116 000000001ed55aa8
0x000000001c23e448:   000000001f9570d8 000000001ed55aa8
0x000000001c23e458:   0000000000000000 000000001c23e530
0x000000001c23e468:   00007ffedc7f1fba 000000001c23e530
0x000000001c23e478:   000000001c23e510 00000000191709e8
0x000000001c23e488:   0000000019128680 00000000a3b18110
0x000000001c23e498:   0000000002165b74 000000001f5dd038
0x000000001c23e4a8:   0000000000000021 0000000000000021
0x000000001c23e4b8:   0000000019170800 000000001c23e588
0x000000001c23e4c8:   00000000021658a2 000000001c23e4d0
0x000000001c23e4d8:   000000001f5dd038 000000001c23e530
0x000000001c23e4e8:   000000001f5ddfc8 0000000000000000
0x000000001c23e4f8:   000000001f5dd038 0000000000000000
0x000000001c23e508:   000000001c23e530 000000001c23e578
0x000000001c23e518:   0000000002157a2d 0000000000000000
0x000000001c23e528:   000000000215f6b8 00000000a38ad130 

Instructions: (pc=0x0000000000000000)
0xffffffffffffffe0:   


Register to memory mapping:

RAX=0x000000001efb1af0 is an unknown value
RBX=0x000000002daa2040 is an unknown value
RCX=0x000000001cebd510 is an unknown value
RDX=0x0000000000000000 is an unknown value
RSP=0x000000001c23e438 is pointing into the stack for thread: 0x0000000019170800
RBP=0x0000000000000006 is an unknown value
RSI=0x0000000000000000 is an unknown value
RDI=0x000000001ed55ad8 is an unknown value
R8 =0x000000001c23e108 is pointing into the stack for thread: 0x0000000019170800
R9 =0x0000000000008000 is an unknown value
R10=0x0000000000000000 is an unknown value
R11=0x000000001c23e340 is pointing into the stack for thread: 0x0000000019170800
R12=0x0000000000000000 is an unknown value
R13={method} {0x000000001f5dd040} 'jniStopDevice' '()V' in 'KinectPV2/Device'
R14=0x0000000000000000 is an unknown value
R15=0x0000000019170800 is a thread


Stack: [0x000000001c140000,0x000000001c240000],  sp=0x000000001c23e438,  free space=1017k
Native frames: (J=compiled Java code, j=interpreted, Vv=VM code, C=native code)

Java frames: (J=compiled Java code, j=interpreted, Vv=VM code)
j  KinectPV2.Device.jniStopDevice()V+0
j  KinectPV2.Device.stopDevice()V+41
j  KinectPV2.KinectPV2.dispose()V+14
v  ~StubRoutines::call_stub
j  sun.reflect.NativeMethodAccessorImpl.invoke0(Ljava/lang/reflect/Method;Ljava/lang/Object;[Ljava/lang/Object;)Ljava/lang/Object;+0
j  sun.reflect.NativeMethodAccessorImpl.invoke(Ljava/lang/Object;[Ljava/lang/Object;)Ljava/lang/Object;+100
J 1765 C1 sun.reflect.DelegatingMethodAccessorImpl.invoke(Ljava/lang/Object;[Ljava/lang/Object;)Ljava/lang/Object; (10 bytes) @ 0x00000000027c2804 [0x00000000027c2700+0x104]
J 1764 C1 java.lang.reflect.Method.invoke(Ljava/lang/Object;[Ljava/lang/Object;)Ljava/lang/Object; (62 bytes) @ 0x00000000027ba5e4 [0x00000000027ba200+0x3e4]
j  processing.core.PApplet$RegisteredMethods.handle([Ljava/lang/Object;)V+18
J 1629 C1 processing.core.PApplet.handleMethods(Ljava/lang/String;)V (21 bytes) @ 0x000000000277519c [0x0000000002774ee0+0x2bc]
j  processing.core.PApplet.dispose()V+35
j  processing.core.PApplet.run()V+283
j  java.lang.Thread.run()V+11
v  ~StubRoutines::call_stub

---------------  P R O C E S S  ---------------

Java Threads: ( => current thread )
  0x000000001978e000 JavaThread "Animation Thread-SharedResourceRunner" daemon [_thread_blocked, id=8360, stack(0x000000001e410000,0x000000001e510000)]
  0x000000000204e800 JavaThread "DestroyJavaVM" [_thread_blocked, id=10072, stack(0x0000000001f40000,0x0000000002040000)]
  0x000000001917b000 JavaThread "D3D Screen Updater" daemon [_thread_blocked, id=7012, stack(0x000000001c440000,0x000000001c540000)]
=>0x0000000019170800 JavaThread "Animation Thread" [_thread_in_native, id=9108, stack(0x000000001c140000,0x000000001c240000)]
  0x0000000019124000 JavaThread "AWT-EventQueue-0" [_thread_blocked, id=1576, stack(0x000000001b750000,0x000000001b850000)]
  0x0000000019093800 JavaThread "AWT-Windows" daemon [_thread_in_native, id=9580, stack(0x0000000019990000,0x0000000019a90000)]
  0x0000000019092800 JavaThread "AWT-Shutdown" [_thread_blocked, id=3172, stack(0x0000000019890000,0x0000000019990000)]
  0x000000001826e000 JavaThread "Java2D Disposer" daemon [_thread_blocked, id=9068, stack(0x0000000019790000,0x0000000019890000)]
  0x0000000017f28000 JavaThread "Service Thread" daemon [_thread_blocked, id=7356, stack(0x0000000018870000,0x0000000018970000)]
  0x0000000017eaa000 JavaThread "C1 CompilerThread3" daemon [_thread_blocked, id=7276, stack(0x0000000018770000,0x0000000018870000)]
  0x0000000017ea5800 JavaThread "C2 CompilerThread2" daemon [_thread_blocked, id=8516, stack(0x0000000018670000,0x0000000018770000)]
  0x0000000017e9e000 JavaThread "C2 CompilerThread1" daemon [_thread_blocked, id=7708, stack(0x0000000018570000,0x0000000018670000)]
  0x0000000017e9c000 JavaThread "C2 CompilerThread0" daemon [_thread_blocked, id=6112, stack(0x0000000018470000,0x0000000018570000)]
  0x0000000017e96000 JavaThread "Attach Listener" daemon [_thread_blocked, id=5200, stack(0x0000000018370000,0x0000000018470000)]
  0x0000000017e95800 JavaThread "Signal Dispatcher" daemon [_thread_blocked, id=8768, stack(0x0000000018270000,0x0000000018370000)]
  0x0000000002149000 JavaThread "Finalizer" daemon [_thread_blocked, id=7776, stack(0x0000000017d70000,0x0000000017e70000)]
  0x0000000002140000 JavaThread "Reference Handler" daemon [_thread_blocked, id=8984, stack(0x0000000017c70000,0x0000000017d70000)]

Other Threads:
  0x0000000015e99000 VMThread [stack: 0x0000000017b70000,0x0000000017c70000] [id=6668]
  0x0000000017f29800 WatcherThread [stack: 0x0000000018970000,0x0000000018a70000] [id=8348]

VM state:not at safepoint (normal execution)

VM Mutex/Monitor currently owned by a thread: None

Heap:
 PSYoungGen      total 269312K, used 207420K [0x00000000e0400000, 0x00000000f2d80000, 0x0000000100000000)
  eden space 238080K, 83% used [0x00000000e0400000,0x00000000ec57fc40,0x00000000eec80000)
  from space 31232K, 29% used [0x00000000f0f00000,0x00000000f180f740,0x00000000f2d80000)
  to   space 33280K, 0% used [0x00000000eec80000,0x00000000eec80000,0x00000000f0d00000)
 ParOldGen       total 229888K, used 145317K [0x00000000a0c00000, 0x00000000aec80000, 0x00000000e0400000)
  object space 229888K, 63% used [0x00000000a0c00000,0x00000000a99e95e0,0x00000000aec80000)
 Metaspace       used 17917K, capacity 18153K, committed 18304K, reserved 1064960K
  class space    used 1729K, capacity 1793K, committed 1920K, reserved 1048576K

Card table byte_map: [0x0000000011510000,0x0000000011810000] byte_map_base: 0x000000001100a000

Marking Bits: (ParMarkBitMap*) 0x000000006ab8d490
 Begin Bits: [0x0000000012210000, 0x00000000139e0000)
 End Bits:   [0x00000000139e0000, 0x00000000151b0000)

Polling page: 0x0000000000640000

CodeCache: size=245760Kb used=7844Kb max_used=7844Kb free=237915Kb
 bounds [0x0000000002150000, 0x0000000002900000, 0x0000000011150000]
 total_blobs=2963 nmethods=2092 adapters=785
 compilation: enabled

Compilation events (10 events):
Event: 12.249 Thread 0x0000000017ea5800 2089   !   4       sun.awt.AppContext::get (123 bytes)
Event: 12.256 Thread 0x0000000017ea5800 nmethod 2089 0x00000000028fa4d0 code [0x00000000028fa640, 0x00000000028faeb8]
Event: 12.302 Thread 0x0000000017eaa000 2090       3       processing.opengl.PGL::updateIntBuffer (95 bytes)
Event: 12.304 Thread 0x0000000017eaa000 nmethod 2090 0x00000000028f8650 code [0x00000000028f8900, 0x00000000028f9c28]
Event: 12.684 Thread 0x0000000017eaa000 2091       3       processing.opengl.PGraphicsOpenGL::createPolyBuffers (479 bytes)
Event: 12.686 Thread 0x0000000017eaa000 nmethod 2091 0x00000000028fb410 code [0x00000000028fb780, 0x00000000028fd108]
Event: 12.686 Thread 0x0000000017eaa000 2092       3       processing.opengl.PGL::updateShortBuffer (41 bytes)
Event: 12.687 Thread 0x0000000017eaa000 nmethod 2092 0x00000000028f7950 code [0x00000000028f7b20, 0x00000000028f8378]
Event: 13.834 Thread 0x0000000017eaa000 2093       1       java.awt.event.KeyEvent::getKeyCode (5 bytes)
Event: 13.834 Thread 0x0000000017eaa000 nmethod 2093 0x00000000028f7690 code [0x00000000028f77e0, 0x00000000028f78f0]

GC Heap History (10 events):
Event: 9.753 GC heap before
{Heap before GC invocations=23 (full 3):
 PSYoungGen      total 262656K, used 226252K [0x00000000e0400000, 0x00000000f3400000, 0x0000000100000000)
  eden space 220160K, 98% used [0x00000000e0400000,0x00000000ed7d4498,0x00000000edb00000)
  from space 42496K, 21% used [0x00000000edb00000,0x00000000ee41eda0,0x00000000f0480000)
  to   space 40960K, 0% used [0x00000000f0c00000,0x00000000f0c00000,0x00000000f3400000)
 ParOldGen       total 229888K, used 145285K [0x00000000a0c00000, 0x00000000aec80000, 0x00000000e0400000)
  object space 229888K, 63% used [0x00000000a0c00000,0x00000000a99e15e0,0x00000000aec80000)
 Metaspace       used 17787K, capacity 18025K, committed 18304K, reserved 1064960K
  class space    used 1729K, capacity 1793K, committed 1920K, reserved 1048576K
Event: 9.756 GC heap after
Heap after GC invocations=23 (full 3):
 PSYoungGen      total 264192K, used 9291K [0x00000000e0400000, 0x00000000f2f80000, 0x0000000100000000)
  eden space 227840K, 0% used [0x00000000e0400000,0x00000000e0400000,0x00000000ee280000)
  from space 36352K, 25% used [0x00000000f0c00000,0x00000000f1512db0,0x00000000f2f80000)
  to   space 39424K, 0% used [0x00000000ee280000,0x00000000ee280000,0x00000000f0900000)
 ParOldGen       total 229888K, used 145285K [0x00000000a0c00000, 0x00000000aec80000, 0x00000000e0400000)
  object space 229888K, 63% used [0x00000000a0c00000,0x00000000a99e15e0,0x00000000aec80000)
 Metaspace       used 17787K, capacity 18025K, committed 18304K, reserved 1064960K
  class space    used 1729K, capacity 1793K, committed 1920K, reserved 1048576K
}
Event: 10.586 GC heap before
{Heap before GC invocations=24 (full 3):
 PSYoungGen      total 264192K, used 234411K [0x00000000e0400000, 0x00000000f2f80000, 0x0000000100000000)
  eden space 227840K, 98% used [0x00000000e0400000,0x00000000edfd81d0,0x00000000ee280000)
  from space 36352K, 25% used [0x00000000f0c00000,0x00000000f1512db0,0x00000000f2f80000)
  to   space 39424K, 0% used [0x00000000ee280000,0x00000000ee280000,0x00000000f0900000)
 ParOldGen       total 229888K, used 145285K [0x00000000a0c00000, 0x00000000aec80000, 0x00000000e0400000)
  object space 229888K, 63% used [0x00000000a0c00000,0x00000000a99e15e0,0x00000000aec80000)
 Metaspace       used 17845K, capacity 18089K, committed 18304K, reserved 1064960K
  class space    used 1729K, capacity 1793K, committed 1920K, reserved 1048576K
Event: 10.589 GC heap after
Heap after GC invocations=24 (full 3):
 PSYoungGen      total 267264K, used 9293K [0x00000000e0400000, 0x00000000f3280000, 0x0000000100000000)
  eden space 227840K, 0% used [0x00000000e0400000,0x00000000e0400000,0x00000000ee280000)
  from space 39424K, 23% used [0x00000000ee280000,0x00000000eeb93730,0x00000000f0900000)
  to   space 37888K, 0% used [0x00000000f0d80000,0x00000000f0d80000,0x00000000f3280000)
 ParOldGen       total 229888K, used 145293K [0x00000000a0c00000, 0x00000000aec80000, 0x00000000e0400000)
  object space 229888K, 63% used [0x00000000a0c00000,0x00000000a99e35e0,0x00000000aec80000)
 Metaspace       used 17845K, capacity 18089K, committed 18304K, reserved 1064960K
  class space    used 1729K, capacity 1793K, committed 1920K, reserved 1048576K
}
Event: 11.426 GC heap before
{Heap before GC invocations=25 (full 3):
 PSYoungGen      total 267264K, used 233371K [0x00000000e0400000, 0x00000000f3280000, 0x0000000100000000)
  eden space 227840K, 98% used [0x00000000e0400000,0x00000000eded38b0,0x00000000ee280000)
  from space 39424K, 23% used [0x00000000ee280000,0x00000000eeb93730,0x00000000f0900000)
  to   space 37888K, 0% used [0x00000000f0d80000,0x00000000f0d80000,0x00000000f3280000)
 ParOldGen       total 229888K, used 145293K [0x00000000a0c00000, 0x00000000aec80000, 0x00000000e0400000)
  object space 229888K, 63% used [0x00000000a0c00000,0x00000000a99e35e0,0x00000000aec80000)
 Metaspace       used 17846K, capacity 18089K, committed 18304K, reserved 1064960K
  class space    used 1729K, capacity 1793K, committed 1920K, reserved 1048576K
Event: 11.430 GC heap after
Heap after GC invocations=25 (full 3):
 PSYoungGen      total 267776K, used 9289K [0x00000000e0400000, 0x00000000f2f00000, 0x0000000100000000)
  eden space 233472K, 0% used [0x00000000e0400000,0x00000000e0400000,0x00000000ee800000)
  from space 34304K, 27% used [0x00000000f0d80000,0x00000000f1692410,0x00000000f2f00000)
  to   space 36352K, 0% used [0x00000000ee800000,0x00000000ee800000,0x00000000f0b80000)
 ParOldGen       total 229888K, used 145301K [0x00000000a0c00000, 0x00000000aec80000, 0x00000000e0400000)
  object space 229888K, 63% used [0x00000000a0c00000,0x00000000a99e55e0,0x00000000aec80000)
 Metaspace       used 17846K, capacity 18089K, committed 18304K, reserved 1064960K
  class space    used 1729K, capacity 1793K, committed 1920K, reserved 1048576K
}
Event: 12.286 GC heap before
{Heap before GC invocations=26 (full 3):
 PSYoungGen      total 267776K, used 242488K [0x00000000e0400000, 0x00000000f2f00000, 0x0000000100000000)
  eden space 233472K, 99% used [0x00000000e0400000,0x00000000ee7bbde8,0x00000000ee800000)
  from space 34304K, 27% used [0x00000000f0d80000,0x00000000f1692410,0x00000000f2f00000)
  to   space 36352K, 0% used [0x00000000ee800000,0x00000000ee800000,0x00000000f0b80000)
 ParOldGen       total 229888K, used 145301K [0x00000000a0c00000, 0x00000000aec80000, 0x00000000e0400000)
  object space 229888K, 63% used [0x00000000a0c00000,0x00000000a99e55e0,0x00000000aec80000)
 Metaspace       used 17914K, capacity 18153K, committed 18304K, reserved 1064960K
  class space    used 1729K, capacity 1793K, committed 1920K, reserved 1048576K
Event: 12.292 GC heap after
Heap after GC invocations=26 (full 3):
 PSYoungGen      total 269824K, used 9241K [0x00000000e0400000, 0x00000000f3100000, 0x0000000100000000)
  eden space 233472K, 0% used [0x00000000e0400000,0x00000000e0400000,0x00000000ee800000)
  from space 36352K, 25% used [0x00000000ee800000,0x00000000ef106420,0x00000000f0b80000)
  to   space 34816K, 0% used [0x00000000f0f00000,0x00000000f0f00000,0x00000000f3100000)
 ParOldGen       total 229888K, used 145309K [0x00000000a0c00000, 0x00000000aec80000, 0x00000000e0400000)
  object space 229888K, 63% used [0x00000000a0c00000,0x00000000a99e75e0,0x00000000aec80000)
 Metaspace       used 17914K, capacity 18153K, committed 18304K, reserved 1064960K
  class space    used 1729K, capacity 1793K, committed 1920K, reserved 1048576K
}
Event: 13.152 GC heap before
{Heap before GC invocations=27 (full 3):
 PSYoungGen      total 269824K, used 242445K [0x00000000e0400000, 0x00000000f3100000, 0x0000000100000000)
  eden space 233472K, 99% used [0x00000000e0400000,0x00000000ee7bd1e0,0x00000000ee800000)
  from space 36352K, 25% used [0x00000000ee800000,0x00000000ef106420,0x00000000f0b80000)
  to   space 34816K, 0% used [0x00000000f0f00000,0x00000000f0f00000,0x00000000f3100000)
 ParOldGen       total 229888K, used 145309K [0x00000000a0c00000, 0x00000000aec80000, 0x00000000e0400000)
  object space 229888K, 63% used [0x00000000a0c00000,0x00000000a99e75e0,0x00000000aec80000)
 Metaspace       used 17916K, capacity 18153K, committed 18304K, reserved 1064960K
  class space    used 1729K, capacity 1793K, committed 1920K, reserved 1048576K
Event: 13.156 GC heap after
Heap after GC invocations=27 (full 3):
 PSYoungGen      total 269312K, used 9277K [0x00000000e0400000, 0x00000000f2d80000, 0x0000000100000000)
  eden space 238080K, 0% used [0x00000000e0400000,0x00000000e0400000,0x00000000eec80000)
  from space 31232K, 29% used [0x00000000f0f00000,0x00000000f180f740,0x00000000f2d80000)
  to   space 33280K, 0% used [0x00000000eec80000,0x00000000eec80000,0x00000000f0d00000)
 ParOldGen       total 229888K, used 145317K [0x00000000a0c00000, 0x00000000aec80000, 0x00000000e0400000)
  object space 229888K, 63% used [0x00000000a0c00000,0x00000000a99e95e0,0x00000000aec80000)
 Metaspace       used 17916K, capacity 18153K, committed 18304K, reserved 1064960K
  class space    used 1729K, capacity 1793K, committed 1920K, reserved 1048576K
}

Deoptimization events (10 events):
Event: 2.660 Thread 0x0000000019124000 Uncommon trap: reason=class_check action=maybe_recompile pc=0x0000000002465240 method=com.jogamp.common.nio.Buffers.isDirect(Ljava/lang/Object;)Z @ 13
Event: 2.660 Thread 0x0000000019124000 Uncommon trap: reason=class_check action=maybe_recompile pc=0x0000000002462904 method=com.jogamp.common.nio.Buffers.getDirectBufferByteOffset(Ljava/lang/Object;)I @ 7
Event: 2.661 Thread 0x0000000019124000 Uncommon trap: reason=class_check action=maybe_recompile pc=0x0000000002465240 method=com.jogamp.common.nio.Buffers.isDirect(Ljava/lang/Object;)Z @ 13
Event: 2.661 Thread 0x0000000019124000 Uncommon trap: reason=class_check action=maybe_recompile pc=0x0000000002462904 method=com.jogamp.common.nio.Buffers.getDirectBufferByteOffset(Ljava/lang/Object;)I @ 7
Event: 2.662 Thread 0x0000000019124000 Uncommon trap: reason=predicate action=maybe_recompile pc=0x000000000254aa44 method=java.util.ArrayList.indexOf(Ljava/lang/Object;)I @ 44
Event: 2.685 Thread 0x0000000019124000 Uncommon trap: reason=class_check action=maybe_recompile pc=0x0000000002465240 method=com.jogamp.common.nio.Buffers.isDirect(Ljava/lang/Object;)Z @ 13
Event: 2.685 Thread 0x0000000019124000 Uncommon trap: reason=class_check action=maybe_recompile pc=0x0000000002462904 method=com.jogamp.common.nio.Buffers.getDirectBufferByteOffset(Ljava/lang/Object;)I @ 7
Event: 3.425 Thread 0x0000000019124000 Uncommon trap: reason=unreached action=reinterpret pc=0x00000000025581c0 method=processing.opengl.PGraphicsOpenGL$InGeometry.addVertex(FFFIFFFFFIFIIIFIZ)I @ 218
Event: 3.634 Thread 0x0000000019124000 Uncommon trap: reason=unreached action=reinterpret pc=0x00000000024190f0 method=java.lang.reflect.AccessibleObject.setAccessible0(Ljava/lang/reflect/AccessibleObject;Z)V @ 4
Event: 13.867 Thread 0x0000000019170800 Uncommon trap: reason=unreached action=reinterpret pc=0x00000000027cee58 method=java.util.HashMap.keySet()Ljava/util/Set; @ 6

Internal exceptions (10 events):
Event: 3.120 Thread 0x0000000019124000 Exception <a 'java/security/PrivilegedActionException'> (0x00000000e4b98530) thrown at [D:\re\workspace\8-2-build-windows-amd64-cygwin\jdk8u25\1677\hotspot\src\share\vm\prims\jvm.cpp, line 1312]
Event: 3.121 Thread 0x0000000019124000 Exception <a 'java/security/PrivilegedActionException'> (0x00000000e4b9c3f0) thrown at [D:\re\workspace\8-2-build-windows-amd64-cygwin\jdk8u25\1677\hotspot\src\share\vm\prims\jvm.cpp, line 1312]
Event: 3.121 Thread 0x0000000019124000 Exception <a 'java/security/PrivilegedActionException'> (0x00000000e4ba07f8) thrown at [D:\re\workspace\8-2-build-windows-amd64-cygwin\jdk8u25\1677\hotspot\src\share\vm\prims\jvm.cpp, line 1312]
Event: 3.121 Thread 0x0000000019124000 Exception <a 'java/security/PrivilegedActionException'> (0x00000000e4ba4be0) thrown at [D:\re\workspace\8-2-build-windows-amd64-cygwin\jdk8u25\1677\hotspot\src\share\vm\prims\jvm.cpp, line 1312]
Event: 3.122 Thread 0x0000000019124000 Exception <a 'java/security/PrivilegedActionException'> (0x00000000e4ba8738) thrown at [D:\re\workspace\8-2-build-windows-amd64-cygwin\jdk8u25\1677\hotspot\src\share\vm\prims\jvm.cpp, line 1312]
Event: 3.122 Thread 0x0000000019124000 Exception <a 'java/security/PrivilegedActionException'> (0x00000000e4bacf38) thrown at [D:\re\workspace\8-2-build-windows-amd64-cygwin\jdk8u25\1677\hotspot\src\share\vm\prims\jvm.cpp, line 1312]
Event: 3.123 Thread 0x0000000019124000 Exception <a 'java/security/PrivilegedActionException'> (0x00000000e4bb0670) thrown at [D:\re\workspace\8-2-build-windows-amd64-cygwin\jdk8u25\1677\hotspot\src\share\vm\prims\jvm.cpp, line 1312]
Event: 3.124 Thread 0x0000000019124000 Exception <a 'java/security/PrivilegedActionException'> (0x00000000e4bb45b8) thrown at [D:\re\workspace\8-2-build-windows-amd64-cygwin\jdk8u25\1677\hotspot\src\share\vm\prims\jvm.cpp, line 1312]
Event: 3.125 Thread 0x0000000019124000 Exception <a 'java/security/PrivilegedActionException'> (0x00000000e4bba4c8) thrown at [D:\re\workspace\8-2-build-windows-amd64-cygwin\jdk8u25\1677\hotspot\src\share\vm\prims\jvm.cpp, line 1312]
Event: 3.139 Thread 0x0000000019124000 Exception <a 'java/security/PrivilegedActionException'> (0x00000000e55970c0) thrown at [D:\re\workspace\8-2-build-windows-amd64-cygwin\jdk8u25\1677\hotspot\src\share\vm\prims\jvm.cpp, line 1312]

Events (10 events):
Event: 11.425 Executing VM operation: ParallelGCFailedAllocation
Event: 11.430 Executing VM operation: ParallelGCFailedAllocation done
Event: 12.286 Executing VM operation: ParallelGCFailedAllocation
Event: 12.292 Executing VM operation: ParallelGCFailedAllocation done
Event: 13.152 Executing VM operation: ParallelGCFailedAllocation
Event: 13.156 Executing VM operation: ParallelGCFailedAllocation done
Event: 13.867 Thread 0x0000000019170800 Uncommon trap: trap_request=0xffffffad fr.pc=0x00000000027cee58
Event: 13.867 Thread 0x0000000019170800 DEOPT PACKING pc=0x00000000027cee58 sp=0x000000001c23ed70
Event: 13.867 Thread 0x0000000019170800 DEOPT UNPACKING pc=0x000000000219556a sp=0x000000001c23ed08 mode 2
Event: 13.868 Thread 0x0000000019368800 Thread exited: 0x0000000019368800


Dynamic libraries:
0x00007ff745f80000 - 0x00007ff745fb4000 	C:\Program Files\Java\jre1.8.0_25\bin\javaw.exe
0x00007ffee8210000 - 0x00007ffee83bc000 	C:\WINDOWS\SYSTEM32\ntdll.dll
0x00007ffee60e0000 - 0x00007ffee621e000 	C:\WINDOWS\system32\KERNEL32.DLL
0x00007ffee54e0000 - 0x00007ffee55f5000 	C:\WINDOWS\system32\KERNELBASE.dll
0x00007ffee3ee0000 - 0x00007ffee3f6e000 	C:\WINDOWS\system32\apphelp.dll
0x00007ffecebf0000 - 0x00007ffecec43000 	C:\WINDOWS\AppPatch\AppPatch64\AcGenral.DLL
0x00007ffee6010000 - 0x00007ffee60ba000 	C:\WINDOWS\system32\msvcrt.dll
0x00007ffee5190000 - 0x00007ffee51be000 	C:\WINDOWS\SYSTEM32\SspiCli.dll
0x00007ffee5fb0000 - 0x00007ffee6004000 	C:\WINDOWS\system32\SHLWAPI.dll
0x00007ffee7fd0000 - 0x00007ffee8147000 	C:\WINDOWS\system32\USER32.dll
0x00007ffee5bc0000 - 0x00007ffee5d54000 	C:\WINDOWS\system32\ole32.dll
0x00007ffee66a0000 - 0x00007ffee7bb8000 	C:\WINDOWS\system32\SHELL32.dll
0x00007ffee48f0000 - 0x00007ffee4911000 	C:\WINDOWS\SYSTEM32\USERENV.dll
0x00007ffee5e20000 - 0x00007ffee5eca000 	C:\WINDOWS\system32\ADVAPI32.dll
0x00007ffed7630000 - 0x00007ffed764e000 	C:\WINDOWS\SYSTEM32\MPR.dll
0x00007ffee63f0000 - 0x00007ffee6531000 	C:\WINDOWS\system32\RPCRT4.dll
0x00007ffee5ed0000 - 0x00007ffee5f29000 	C:\WINDOWS\SYSTEM32\sechost.dll
0x00007ffee7db0000 - 0x00007ffee7fc1000 	C:\WINDOWS\SYSTEM32\combase.dll
0x00007ffee6540000 - 0x00007ffee6691000 	C:\WINDOWS\system32\GDI32.dll
0x00007ffee5360000 - 0x00007ffee5375000 	C:\WINDOWS\SYSTEM32\profapi.dll
0x00007ffee3700000 - 0x00007ffee37b2000 	C:\WINDOWS\SYSTEM32\SHCORE.dll
0x00007ffee5a40000 - 0x00007ffee5a76000 	C:\WINDOWS\system32\IMM32.DLL
0x00007ffee6220000 - 0x00007ffee6372000 	C:\WINDOWS\system32\MSCTF.dll
0x00007ffee2a70000 - 0x00007ffee2ceb000 	C:\WINDOWS\WinSxS\amd64_microsoft.windows.common-controls_6595b64144ccf1df_6.0.9600.17415_none_6240486fecbd8abb\COMCTL32.dll
0x00000000696c0000 - 0x0000000069792000 	C:\Program Files\Java\jre1.8.0_25\bin\msvcr100.dll
0x000000006a3b0000 - 0x000000006ac0a000 	C:\Program Files\Java\jre1.8.0_25\bin\server\jvm.dll
0x00007ffecd2f0000 - 0x00007ffecd2f9000 	C:\WINDOWS\SYSTEM32\WSOCK32.dll
0x00007ffed77f0000 - 0x00007ffed7812000 	C:\WINDOWS\SYSTEM32\WINMM.dll
0x00007ffee7da0000 - 0x00007ffee7da7000 	C:\WINDOWS\system32\PSAPI.DLL
0x00007ffee5a80000 - 0x00007ffee5ada000 	C:\WINDOWS\system32\WS2_32.dll
0x00007ffed75d0000 - 0x00007ffed75fa000 	C:\WINDOWS\SYSTEM32\WINMMBASE.dll
0x00007ffee60d0000 - 0x00007ffee60d9000 	C:\WINDOWS\system32\NSI.dll
0x00007ffee5840000 - 0x00007ffee588f000 	C:\WINDOWS\SYSTEM32\cfgmgr32.dll
0x00007ffee4150000 - 0x00007ffee4178000 	C:\WINDOWS\SYSTEM32\DEVOBJ.dll
0x000000006b5e0000 - 0x000000006b5ef000 	C:\Program Files\Java\jre1.8.0_25\bin\verify.dll
0x000000006b5b0000 - 0x000000006b5d8000 	C:\Program Files\Java\jre1.8.0_25\bin\java.dll
0x000000006b590000 - 0x000000006b5a6000 	C:\Program Files\Java\jre1.8.0_25\bin\zip.dll
0x0000000069520000 - 0x00000000696b8000 	C:\Program Files\Java\jre1.8.0_25\bin\awt.dll
0x00007ffee5ae0000 - 0x00007ffee5ba1000 	C:\WINDOWS\system32\OLEAUT32.dll
0x00007ffee3500000 - 0x00007ffee3521000 	C:\WINDOWS\system32\DWMAPI.DLL
0x00007ffee3fd0000 - 0x00007ffee40f9000 	C:\WINDOWS\system32\uxtheme.dll
0x00007ffee41a0000 - 0x00007ffee41ab000 	C:\WINDOWS\SYSTEM32\kernel.appcore.dll
0x00007ffee5230000 - 0x00007ffee523b000 	C:\WINDOWS\SYSTEM32\CRYPTBASE.dll
0x00007ffee51c0000 - 0x00007ffee5223000 	C:\WINDOWS\SYSTEM32\bcryptPrimitives.dll
0x00007ffedaca0000 - 0x00007ffedaec1000 	C:\WINDOWS\system32\d3d9.dll
0x00007ffee3010000 - 0x00007ffee301a000 	C:\WINDOWS\SYSTEM32\VERSION.dll
0x00007ffee2870000 - 0x00007ffee29bb000 	C:\WINDOWS\SYSTEM32\aticfx64.dll
0x00007ffec0180000 - 0x00007ffec01a1000 	C:\WINDOWS\SYSTEM32\atiu9p64.dll
0x00007ffebed60000 - 0x00007ffebf545000 	C:\WINDOWS\SYSTEM32\atiumd64.dll
0x000000006acf0000 - 0x000000006b4a7000 	C:\WINDOWS\SYSTEM32\atiumd6a.dll
0x00000000694d0000 - 0x0000000069517000 	C:\Program Files\Java\jre1.8.0_25\bin\fontmanager.dll
0x00007ffee4d60000 - 0x00007ffee4d80000 	C:\WINDOWS\SYSTEM32\CRYPTSP.dll
0x00007ffee47e0000 - 0x00007ffee4816000 	C:\WINDOWS\system32\rsaenh.dll
0x00007ffee4e80000 - 0x00007ffee4ea6000 	C:\WINDOWS\SYSTEM32\bcrypt.dll
0x000000006b570000 - 0x000000006b58a000 	C:\Program Files\Java\jre1.8.0_25\bin\net.dll
0x00007ffee4b20000 - 0x00007ffee4b79000 	C:\WINDOWS\system32\mswsock.dll
0x00007ffee1080000 - 0x00007ffee10aa000 	C:\WINDOWS\SYSTEM32\IPHLPAPI.DLL
0x00007ffee2670000 - 0x00007ffee267a000 	C:\WINDOWS\SYSTEM32\WINNSI.DLL
0x00007ffee0160000 - 0x00007ffee0176000 	C:\WINDOWS\SYSTEM32\dhcpcsvc6.DLL
0x00007ffee02b0000 - 0x00007ffee02ca000 	C:\WINDOWS\SYSTEM32\dhcpcsvc.DLL
0x000000006a390000 - 0x000000006a3a1000 	C:\Program Files\Java\jre1.8.0_25\bin\nio.dll
0x00000000637c0000 - 0x00000000637cd000 	S:\Users\Ben\AppData\Local\Temp\jogamp_0000\file_cache\jln6211594892240888887\jln8137282910707153531\gluegen-rt.dll
0x00000000694c0000 - 0x00000000694c7000 	C:\Program Files\Java\jre1.8.0_25\bin\jawt.dll
0x0000000018f70000 - 0x0000000018f7d000 	S:\Users\Ben\AppData\Local\Temp\jogamp_0000\file_cache\jln6211594892240888887\jln8137282910707153531\nativewindow_awt.dll
0x000000006c100000 - 0x000000006c10f000 	S:\Users\Ben\AppData\Local\Temp\jogamp_0000\file_cache\jln6211594892240888887\jln8137282910707153531\nativewindow_win32.dll
0x00007ffeda9f0000 - 0x00007ffedab1b000 	C:\WINDOWS\SYSTEM32\OpenGL32.dll
0x00007ffedc550000 - 0x00007ffedc57e000 	C:\WINDOWS\SYSTEM32\GLU32.dll
0x00007ffecf530000 - 0x00007ffecf628000 	C:\WINDOWS\SYSTEM32\DDRAW.dll
0x00007ffee0d60000 - 0x00007ffee0d69000 	C:\WINDOWS\SYSTEM32\DCIMAN32.dll
0x0000000064500000 - 0x00000000645a2000 	S:\Users\Ben\AppData\Local\Temp\jogamp_0000\file_cache\jln6211594892240888887\jln8137282910707153531\jogl_desktop.dll
0x00007ffedc8d0000 - 0x00007ffedc8e8000 	C:\WINDOWS\SYSTEM32\atig6pxx.dll
0x0000000067910000 - 0x00000000694bf000 	C:\WINDOWS\SYSTEM32\atio6axx.dll
0x00007ffee7bc0000 - 0x00007ffee7d9a000 	C:\WINDOWS\system32\SETUPAPI.dll
0x00007ffee10e0000 - 0x00007ffee1217000 	C:\WINDOWS\SYSTEM32\atiadlxx.dll
0x00007ffee16b0000 - 0x00007ffee182f000 	C:\WINDOWS\SYSTEM32\PROPSYS.dll
0x00007ffee3f70000 - 0x00007ffee3f82000 	C:\WINDOWS\SYSTEM32\WTSAPI32.dll
0x00007ffee57e0000 - 0x00007ffee5831000 	C:\WINDOWS\system32\WINTRUST.dll
0x00007ffee5600000 - 0x00007ffee57df000 	C:\WINDOWS\system32\CRYPT32.dll
0x00007ffee5410000 - 0x00007ffee5421000 	C:\WINDOWS\system32\MSASN1.dll
0x00007ffeda9c0000 - 0x00007ffeda9e9000 	C:\WINDOWS\SYSTEM32\atig6txx.dll
0x00007ffecea00000 - 0x00007ffeceb9c000 	O:\OneDrive\Workspace\ZZavatar\lib\user\KinectPV2\Kinect20.Face.dll
0x00007ffed76f0000 - 0x00007ffed7797000 	C:\WINDOWS\SYSTEM32\MSVCP110.dll
0x00007ffeddd70000 - 0x00007ffedde3e000 	C:\WINDOWS\SYSTEM32\MSVCR110.dll
0x00007ffedc7f0000 - 0x00007ffedc800000 	O:\OneDrive\Workspace\ZZavatar\lib\user\KinectPV2\KinectPV2.dll
0x00007ffeda070000 - 0x00007ffeda12a000 	C:\WINDOWS\SYSTEM32\Kinect20.dll
0x00007ffed7820000 - 0x00007ffed790b000 	C:\WINDOWS\SYSTEM32\MFPlat.DLL
0x00007ffed7650000 - 0x00007ffed7677000 	C:\WINDOWS\SYSTEM32\RTWorkQ.DLL
0x00007ffee3130000 - 0x00007ffee313c000 	C:\WINDOWS\SYSTEM32\AVRT.dll
0x00007ffebeae0000 - 0x00007ffebec6a000 	C:\WINDOWS\SYSTEM32\dbghelp.dll

VM Arguments:
jvm_args: -Djava.library.path=O:\OneDrive\Workspace\ZZavatar\lib\base\video;O:\OneDrive\Workspace\ZZavatar\lib\base\video;O:\OneDrive\Workspace\ZZavatar\lib\base\video;O:\OneDrive\Workspace\ZZavatar\lib\base\core;O:\OneDrive\Workspace\ZZavatar\lib\base\core;O:\OneDrive\Workspace\ZZavatar\lib\base\core;O:\OneDrive\Workspace\ZZavatar\lib\base\core;O:\OneDrive\Workspace\ZZavatar\lib\base\core;O:\OneDrive\Workspace\ZZavatar\lib\base\core;O:\OneDrive\Workspace\ZZavatar\lib\base\core;O:\OneDrive\Workspace\ZZavatar\lib\base\core;O:\OneDrive\Workspace\ZZavatar\lib\base\core;O:\OneDrive\Workspace\ZZavatar\lib\base\core;O:\OneDrive\Workspace\ZZavatar\lib\base\core;O:\OneDrive\Workspace\ZZavatar\lib\base\core;O:\OneDrive\Workspace\ZZavatar\lib\base\core;O:\OneDrive\Workspace\ZZavatar\lib\base\core;O:\OneDrive\Workspace\ZZavatar\lib\base\core;O:\OneDrive\Workspace\ZZavatar\lib\user\Kinect4WinSDK;O:\OneDrive\Workspace\ZZavatar\lib\user\KinectPV2;O:\OneDrive\Workspace\ZZavatar\lib\user\SimpleOpenNI -Dfile.encoding=Cp1252 
java_command: zzavatar.ZZavatar
java_class_path (initial): O:\OneDrive\Workspace\ZZavatar\lib\base\video\gstreamer-java.jar;O:\OneDrive\Workspace\ZZavatar\lib\base\video\jna.jar;O:\OneDrive\Workspace\ZZavatar\lib\base\video\video.jar;O:\OneDrive\Workspace\ZZavatar\lib\base\core\core.jar;O:\OneDrive\Workspace\ZZavatar\lib\base\core\gluegen-rt-natives-linux-amd64.jar;O:\OneDrive\Workspace\ZZavatar\lib\base\core\gluegen-rt-natives-linux-armv6hf.jar;O:\OneDrive\Workspace\ZZavatar\lib\base\core\gluegen-rt-natives-linux-i586.jar;O:\OneDrive\Workspace\ZZavatar\lib\base\core\gluegen-rt-natives-macosx-universal.jar;O:\OneDrive\Workspace\ZZavatar\lib\base\core\gluegen-rt-natives-windows-amd64.jar;O:\OneDrive\Workspace\ZZavatar\lib\base\core\gluegen-rt-natives-windows-i586.jar;O:\OneDrive\Workspace\ZZavatar\lib\base\core\gluegen-rt.jar;O:\OneDrive\Workspace\ZZavatar\lib\base\core\jogl-all-natives-linux-amd64.jar;O:\OneDrive\Workspace\ZZavatar\lib\base\core\jogl-all-natives-linux-armv6hf.jar;O:\OneDrive\Workspace\ZZavatar\lib\base\core\jogl-all-natives-linux-i586.jar;O:\OneDrive\Workspace\ZZavatar\lib\base\core\jogl-all-natives-macosx-universal.jar;O:\OneDrive\Workspace\ZZavatar\lib\base\core\jogl-all-natives-windows-amd64.jar;O:\OneDrive\Workspace\ZZavatar\lib\base\core\jogl-all-natives-windows-i586.jar;O:\OneDrive\Workspace\ZZavatar\lib\base\core\jogl-all.jar;O:\OneDrive\Workspace\ZZavatar\lib\user\Kinect4WinSDK\Kinect4WinSDK.jar;O:\OneDrive\Workspace\ZZavatar\lib\user\KinectPV2\KinectPV2.jar;O:\OneDrive\Workspace\ZZavatar\lib\user\SimpleOpenNI\SimpleOpenNI.jar;O:\OneDrive\Workspace\ZZavatar\bin
Launcher Type: SUN_STANDARD

Environment Variables:
JAVA_HOME=C:\Program Files\Java\jdk1.8.0_25
PATH=C:/Program Files/Java/jre1.8.0_25/bin/server;C:/Program Files/Java/jre1.8.0_25/bin;C:/Program Files/Java/jre1.8.0_25/lib/amd64;C:\Program Files (x86)\NVIDIA Corporation\PhysX\Common;C:\ProgramData\Oracle\Java\javapath;C:\Program Files (x86)\Common Files\Intel\Shared Libraries\redist\intel64\compiler;C:\Program Files (x86)\Common Files\Intel\Shared Libraries\redist\ia32\compiler;C:\Program Files (x86)\Intel\iCLS Client\;C:\Program Files\Intel\iCLS Client\;C:\Program Files (x86)\AMD APP\bin\x86_64;C:\Program Files (x86)\AMD APP\bin\x86;C:\WINDOWS\system32;C:\WINDOWS;C:\WINDOWS\System32\Wbem;C:\WINDOWS\System32\WindowsPowerShell\v1.0\;C:\Program Files (x86)\ATI Technologies\ATI.ACE\Core-Static;C:\Program Files\Intel\Intel(R) Management Engine Components\DAL;C:\Program Files\Intel\Intel(R) Management Engine Components\IPT;C:\Program Files (x86)\Intel\Intel(R) Management Engine Components\DAL;C:\Program Files (x86)\Intel\Intel(R) Management Engine Components\IPT;C:\Program Files\Sony\VAIO Improvement\;C:\Program Files (x86)\Sony\VAIO Startup Setting Tool;C:\Program Files (x86)\Windows Kits\8.1\Windows Performance Toolkit\;C:\Program Files\Microsoft SQL Server\110\Tools\Binn\;C:\Program Files (x86)\Microsoft SDKs\TypeScript\1.0\;C:\Program Files\Microsoft\Web Platform Installer\;C:\Program Files (x86)\Java\jre1.8.0_25\bin;P:\Programs\Python27\Scripts;P:\Programs\Python27;C:\Program Files\Common Files\Autodesk Shared\;P:\Program Files\Programs;P:\Program Files\Games;P:\Programs\Eclipse;
USERNAME=Benoît
OS=Windows_NT
PROCESSOR_IDENTIFIER=Intel64 Family 6 Model 58 Stepping 9, GenuineIntel



---------------  S Y S T E M  ---------------

OS: Windows 8.1 , 64 bit Build 9600 

CPU:total 8 (4 cores per cpu, 2 threads per core) family 6 model 58 stepping 9, cmov, cx8, fxsr, mmx, sse, sse2, sse3, ssse3, sse4.1, sse4.2, popcnt, avx, aes, clmul, erms, ht, tsc, tscinvbit, tscinv

Memory: 4k page, physical 6237468k(1295368k free), swap 10431772k(2731620k free)

vm_info: Java HotSpot(TM) 64-Bit Server VM (25.25-b02) for windows-amd64 JRE (1.8.0_25-b18), built on Oct  7 2014 14:25:37 by "java_re" with MS VC++ 10.0 (VS2010)

time: Thu Apr 23 19:12:10 2015
elapsed time: 13 seconds (0d 0h 0m 13s)

