#
# A fatal error has been detected by the Java Runtime Environment:
#
#  EXCEPTION_ACCESS_VIOLATION (0xc0000005) at pc=0x0000321000410003, pid=7104, tid=4608
#
# JRE version: Java(TM) SE Runtime Environment (8.0_25-b18) (build 1.8.0_25-b18)
# Java VM: Java HotSpot(TM) 64-Bit Server VM (25.25-b02 mixed mode windows-amd64 compressed oops)
# Problematic frame:
# C  0x0000321000410003
#
# Failed to write core dump. Minidumps are not enabled by default on client versions of Windows
#
# If you would like to submit a bug report, please visit:
#   http://bugreport.sun.com/bugreport/crash.jsp
# The crash happened outside the Java Virtual Machine in native code.
# See problematic frame for where to report the bug.
#

---------------  T H R E A D  ---------------

Current thread (0x0000000019440800):  JavaThread "Animation Thread" [_thread_in_native, id=4608, stack(0x000000001c480000,0x000000001c580000)]

siginfo: ExceptionCode=0xc0000005, ExceptionInformation=0x0000000000000008 0x0000321000410003

Registers:
RAX=0x000000001fa2bf20, RBX=0x000000002e16a040, RCX=0x000000001f5e0630, RDX=0x0000000000000000
RSP=0x000000001c57ec18, RBP=0x0000000000000006, RSI=0x0000000000000000, RDI=0x000000001eceb7d8
R8 =0x000000001c57e8e8, R9 =0x0000000000008000, R10=0x0000000000000000, R11=0x000000001c57eb20
R12=0x0000000000000000, R13=0x000000001f70d198, R14=0x0000000000000000, R15=0x0000000019440800
RIP=0x0000321000410003, EFLAGS=0x0000000000010206

Top of Stack: (sp=0x000000001c57ec18)
0x000000001c57ec18:   00007ff98028413f 000000001eceb7a8
0x000000001c57ec28:   000000001faf7e88 000000001eceb7a8
0x000000001c57ec38:   0000000000000000 000000001c57ed10
0x000000001c57ec48:   00007ff980281fba 000000001c57ed10
0x000000001c57ec58:   000000001c57ecf0 00000000194409e8
0x000000001c57ec68:   00000000193c64c0 00000000a3af1c90
0x000000001c57ec78:   00000000023a5b74 000000001f70d198
0x000000001c57ec88:   0000000000000021 0000000000000021
0x000000001c57ec98:   0000000019440800 000000001c57ed68
0x000000001c57eca8:   00000000023a58a2 000000001c57ecb0
0x000000001c57ecb8:   000000001f70d198 000000001c57ed10
0x000000001c57ecc8:   000000001f70e128 0000000000000000
0x000000001c57ecd8:   000000001f70d198 0000000000000000
0x000000001c57ece8:   000000001c57ed10 000000001c57ed58
0x000000001c57ecf8:   0000000002397a2d 0000000000000000
0x000000001c57ed08:   000000000239f6b8 00000000a38641c8 

Instructions: (pc=0x0000321000410003)
0x000032100040ffe3:   
[error occurred during error reporting (printing registers, top of stack, instructions near pc), id 0xc0000005]

Register to memory mapping:

RAX=0x000000001fa2bf20 is an unknown value
RBX=0x000000002e16a040 is an unknown value
RCX=0x000000001f5e0630 is an unknown value
RDX=0x0000000000000000 is an unknown value
RSP=0x000000001c57ec18 is pointing into the stack for thread: 0x0000000019440800
RBP=0x0000000000000006 is an unknown value
RSI=0x0000000000000000 is an unknown value
RDI=0x000000001eceb7d8 is an unknown value
R8 =0x000000001c57e8e8 is pointing into the stack for thread: 0x0000000019440800
R9 =0x0000000000008000 is an unknown value
R10=0x0000000000000000 is an unknown value
R11=0x000000001c57eb20 is pointing into the stack for thread: 0x0000000019440800
R12=0x0000000000000000 is an unknown value
R13={method} {0x000000001f70d1a0} 'jniStopDevice' '()V' in 'KinectPV2/Device'
R14=0x0000000000000000 is an unknown value
R15=0x0000000019440800 is a thread


Stack: [0x000000001c480000,0x000000001c580000],  sp=0x000000001c57ec18,  free space=1019k
Native frames: (J=compiled Java code, j=interpreted, Vv=VM code, C=native code)
C  0x0000321000410003

Java frames: (J=compiled Java code, j=interpreted, Vv=VM code)
j  KinectPV2.Device.jniStopDevice()V+0
j  KinectPV2.Device.stopDevice()V+41
j  KinectPV2.KinectPV2.dispose()V+14
v  ~StubRoutines::call_stub
j  sun.reflect.NativeMethodAccessorImpl.invoke0(Ljava/lang/reflect/Method;Ljava/lang/Object;[Ljava/lang/Object;)Ljava/lang/Object;+0
j  sun.reflect.NativeMethodAccessorImpl.invoke(Ljava/lang/Object;[Ljava/lang/Object;)Ljava/lang/Object;+100
j  sun.reflect.DelegatingMethodAccessorImpl.invoke(Ljava/lang/Object;[Ljava/lang/Object;)Ljava/lang/Object;+6
j  java.lang.reflect.Method.invoke(Ljava/lang/Object;[Ljava/lang/Object;)Ljava/lang/Object;+56
j  processing.core.PApplet$RegisteredMethods.handle([Ljava/lang/Object;)V+18
J 1757 C1 processing.core.PApplet.handleMethods(Ljava/lang/String;)V (21 bytes) @ 0x0000000002a2a89c [0x0000000002a2a5e0+0x2bc]
j  processing.core.PApplet.dispose()V+35
j  processing.core.PApplet.run()V+283
j  java.lang.Thread.run()V+11
v  ~StubRoutines::call_stub

---------------  P R O C E S S  ---------------

Java Threads: ( => current thread )
  0x0000000019704000 JavaThread "Animation Thread-SharedResourceRunner" daemon [_thread_blocked, id=2388, stack(0x000000001e750000,0x000000001e850000)]
  0x0000000000b1e800 JavaThread "DestroyJavaVM" [_thread_blocked, id=3084, stack(0x0000000000a00000,0x0000000000b00000)]
  0x0000000019441800 JavaThread "D3D Screen Updater" daemon [_thread_blocked, id=3048, stack(0x000000001c780000,0x000000001c880000)]
=>0x0000000019440800 JavaThread "Animation Thread" [_thread_in_native, id=4608, stack(0x000000001c480000,0x000000001c580000)]
  0x00000000193d2000 JavaThread "Image Fetcher 0" daemon [_thread_blocked, id=3876, stack(0x000000001c380000,0x000000001c480000)]
  0x00000000193ba800 JavaThread "AWT-EventQueue-0" [_thread_blocked, id=6624, stack(0x000000001c280000,0x000000001c380000)]
  0x000000001937e800 JavaThread "AWT-Windows" daemon [_thread_in_native, id=7004, stack(0x0000000019c90000,0x0000000019d90000)]
  0x000000001937d800 JavaThread "AWT-Shutdown" [_thread_blocked, id=1624, stack(0x0000000019b90000,0x0000000019c90000)]
  0x000000001937b000 JavaThread "Java2D Disposer" daemon [_thread_blocked, id=2828, stack(0x0000000019a90000,0x0000000019b90000)]
  0x0000000018161800 JavaThread "Service Thread" daemon [_thread_blocked, id=4864, stack(0x0000000018ab0000,0x0000000018bb0000)]
  0x00000000180e5000 JavaThread "C1 CompilerThread3" daemon [_thread_blocked, id=1048, stack(0x00000000189b0000,0x0000000018ab0000)]
  0x00000000180e4000 JavaThread "C2 CompilerThread2" daemon [_thread_blocked, id=8196, stack(0x00000000188b0000,0x00000000189b0000)]
  0x00000000180de000 JavaThread "C2 CompilerThread1" daemon [_thread_blocked, id=9152, stack(0x00000000187b0000,0x00000000188b0000)]
  0x00000000180d9000 JavaThread "C2 CompilerThread0" daemon [_thread_blocked, id=5064, stack(0x00000000186b0000,0x00000000187b0000)]
  0x00000000180d6800 JavaThread "Attach Listener" daemon [_thread_blocked, id=9192, stack(0x00000000185b0000,0x00000000186b0000)]
  0x00000000180d5800 JavaThread "Signal Dispatcher" daemon [_thread_blocked, id=6644, stack(0x00000000184b0000,0x00000000185b0000)]
  0x0000000002389800 JavaThread "Finalizer" daemon [_thread_blocked, id=6960, stack(0x0000000017fa0000,0x00000000180a0000)]
  0x0000000002381000 JavaThread "Reference Handler" daemon [_thread_blocked, id=3988, stack(0x0000000017ea0000,0x0000000017fa0000)]

Other Threads:
  0x00000000160d9000 VMThread [stack: 0x0000000017da0000,0x0000000017ea0000] [id=7700]
  0x0000000018165800 WatcherThread [stack: 0x0000000018bb0000,0x0000000018cb0000] [id=1288]

VM state:not at safepoint (normal execution)

VM Mutex/Monitor currently owned by a thread: None

Heap:
 PSYoungGen      total 382464K, used 96630K [0x00000000e0400000, 0x00000000fba00000, 0x0000000100000000)
  eden space 330752K, 29% used [0x00000000e0400000,0x00000000e622d9a8,0x00000000f4700000)
  from space 51712K, 0% used [0x00000000f4700000,0x00000000f4730000,0x00000000f7980000)
  to   space 50176K, 0% used [0x00000000f8900000,0x00000000f8900000,0x00000000fba00000)
 ParOldGen       total 225280K, used 154905K [0x00000000a0c00000, 0x00000000ae800000, 0x00000000e0400000)
  object space 225280K, 68% used [0x00000000a0c00000,0x00000000aa346450,0x00000000ae800000)
 Metaspace       used 17605K, capacity 17793K, committed 17920K, reserved 1064960K
  class space    used 1722K, capacity 1761K, committed 1792K, reserved 1048576K

Card table byte_map: [0x0000000011750000,0x0000000011a50000] byte_map_base: 0x000000001124a000

Marking Bits: (ParMarkBitMap*) 0x00000000772bd490
 Begin Bits: [0x0000000012450000, 0x0000000013c20000)
 End Bits:   [0x0000000013c20000, 0x00000000153f0000)

Polling page: 0x00000000008f0000

CodeCache: size=245760Kb used=6988Kb max_used=6999Kb free=238771Kb
 bounds [0x0000000002390000, 0x0000000002a70000, 0x0000000011390000]
 total_blobs=2716 nmethods=1845 adapters=785
 compilation: enabled

Compilation events (10 events):
Event: 6.337 Thread 0x00000000180e4000 1853       4       processing.opengl.PJOGL::useProgram (11 bytes)
Event: 6.340 Thread 0x00000000180d9000 1854       4       jogamp.opengl.gl4.GL4bcImpl::glUseProgram (50 bytes)
Event: 6.341 Thread 0x00000000180e4000 nmethod 1853 0x0000000002a58ed0 code [0x0000000002a59060, 0x0000000002a592c8]
Event: 6.341 Thread 0x00000000180e5000 1855       3       java.util.concurrent.locks.AbstractQueuedSynchronizer::compareAndSetState (13 bytes)
Event: 6.342 Thread 0x00000000180e5000 nmethod 1855 0x0000000002a5c0d0 code [0x0000000002a5c220, 0x0000000002a5c390]
Event: 6.343 Thread 0x00000000180d9000 nmethod 1854 0x0000000002a5a5d0 code [0x0000000002a5a760, 0x0000000002a5a968]
Event: 6.424 Thread 0x00000000180e5000 1856       3       java.lang.Integer::numberOfLeadingZeros (76 bytes)
Event: 6.424 Thread 0x00000000180e5000 nmethod 1856 0x0000000002a5a150 code [0x0000000002a5a2c0, 0x0000000002a5a570]
Event: 6.482 Thread 0x00000000180de000 1857       4       java.util.HashSet::size (8 bytes)
Event: 6.482 Thread 0x00000000180de000 nmethod 1857 0x0000000002a36690 code [0x0000000002a367c0, 0x0000000002a36838]

GC Heap History (10 events):
Event: 5.106 GC heap before
{Heap before GC invocations=18 (full 3):
 PSYoungGen      total 325632K, used 274592K [0x00000000e0400000, 0x00000000f8600000, 0x0000000100000000)
  eden space 274432K, 100% used [0x00000000e0400000,0x00000000f1000000,0x00000000f1000000)
  from space 51200K, 0% used [0x00000000f5400000,0x00000000f5428000,0x00000000f8600000)
  to   space 60416K, 0% used [0x00000000f1000000,0x00000000f1000000,0x00000000f4b00000)
 ParOldGen       total 225280K, used 154881K [0x00000000a0c00000, 0x00000000ae800000, 0x00000000e0400000)
  object space 225280K, 68% used [0x00000000a0c00000,0x00000000aa340450,0x00000000ae800000)
 Metaspace       used 17518K, capacity 17729K, committed 17920K, reserved 1064960K
  class space    used 1710K, capacity 1761K, committed 1792K, reserved 1048576K
Event: 5.108 GC heap after
Heap after GC invocations=18 (full 3):
 PSYoungGen      total 334848K, used 160K [0x00000000e0400000, 0x00000000fad80000, 0x0000000100000000)
  eden space 274432K, 0% used [0x00000000e0400000,0x00000000e0400000,0x00000000f1000000)
  from space 60416K, 0% used [0x00000000f1000000,0x00000000f1028000,0x00000000f4b00000)
  to   space 58880K, 0% used [0x00000000f7400000,0x00000000f7400000,0x00000000fad80000)
 ParOldGen       total 225280K, used 154889K [0x00000000a0c00000, 0x00000000ae800000, 0x00000000e0400000)
  object space 225280K, 68% used [0x00000000a0c00000,0x00000000aa342450,0x00000000ae800000)
 Metaspace       used 17518K, capacity 17729K, committed 17920K, reserved 1064960K
  class space    used 1710K, capacity 1761K, committed 1792K, reserved 1048576K
}
Event: 5.403 GC heap before
{Heap before GC invocations=19 (full 3):
 PSYoungGen      total 334848K, used 274592K [0x00000000e0400000, 0x00000000fad80000, 0x0000000100000000)
  eden space 274432K, 100% used [0x00000000e0400000,0x00000000f1000000,0x00000000f1000000)
  from space 60416K, 0% used [0x00000000f1000000,0x00000000f1028000,0x00000000f4b00000)
  to   space 58880K, 0% used [0x00000000f7400000,0x00000000f7400000,0x00000000fad80000)
 ParOldGen       total 225280K, used 154889K [0x00000000a0c00000, 0x00000000ae800000, 0x00000000e0400000)
  object space 225280K, 68% used [0x00000000a0c00000,0x00000000aa342450,0x00000000ae800000)
 Metaspace       used 17533K, capacity 17729K, committed 17920K, reserved 1064960K
  class space    used 1710K, capacity 1761K, committed 1792K, reserved 1048576K
Event: 5.405 GC heap after
Heap after GC invocations=19 (full 3):
 PSYoungGen      total 359424K, used 160K [0x00000000e0400000, 0x00000000fa380000, 0x0000000100000000)
  eden space 310784K, 0% used [0x00000000e0400000,0x00000000e0400000,0x00000000f3380000)
  from space 48640K, 0% used [0x00000000f7400000,0x00000000f7428000,0x00000000fa380000)
  to   space 57344K, 0% used [0x00000000f3380000,0x00000000f3380000,0x00000000f6b80000)
 ParOldGen       total 225280K, used 154889K [0x00000000a0c00000, 0x00000000ae800000, 0x00000000e0400000)
  object space 225280K, 68% used [0x00000000a0c00000,0x00000000aa342450,0x00000000ae800000)
 Metaspace       used 17533K, capacity 17729K, committed 17920K, reserved 1064960K
  class space    used 1710K, capacity 1761K, committed 1792K, reserved 1048576K
}
Event: 5.803 GC heap before
{Heap before GC invocations=20 (full 3):
 PSYoungGen      total 359424K, used 310944K [0x00000000e0400000, 0x00000000fa380000, 0x0000000100000000)
  eden space 310784K, 100% used [0x00000000e0400000,0x00000000f3380000,0x00000000f3380000)
  from space 48640K, 0% used [0x00000000f7400000,0x00000000f7428000,0x00000000fa380000)
  to   space 57344K, 0% used [0x00000000f3380000,0x00000000f3380000,0x00000000f6b80000)
 ParOldGen       total 225280K, used 154889K [0x00000000a0c00000, 0x00000000ae800000, 0x00000000e0400000)
  object space 225280K, 68% used [0x00000000a0c00000,0x00000000aa342450,0x00000000ae800000)
 Metaspace       used 17540K, capacity 17729K, committed 17920K, reserved 1064960K
  class space    used 1710K, capacity 1761K, committed 1792K, reserved 1048576K
Event: 5.805 GC heap after
Heap after GC invocations=20 (full 3):
 PSYoungGen      total 368128K, used 160K [0x00000000e0400000, 0x00000000fb580000, 0x0000000100000000)
  eden space 310784K, 0% used [0x00000000e0400000,0x00000000e0400000,0x00000000f3380000)
  from space 57344K, 0% used [0x00000000f3380000,0x00000000f33a8000,0x00000000f6b80000)
  to   space 55296K, 0% used [0x00000000f7f80000,0x00000000f7f80000,0x00000000fb580000)
 ParOldGen       total 225280K, used 154897K [0x00000000a0c00000, 0x00000000ae800000, 0x00000000e0400000)
  object space 225280K, 68% used [0x00000000a0c00000,0x00000000aa344450,0x00000000ae800000)
 Metaspace       used 17540K, capacity 17729K, committed 17920K, reserved 1064960K
  class space    used 1710K, capacity 1761K, committed 1792K, reserved 1048576K
}
Event: 6.182 GC heap before
{Heap before GC invocations=21 (full 3):
 PSYoungGen      total 368128K, used 310401K [0x00000000e0400000, 0x00000000fb580000, 0x0000000100000000)
  eden space 310784K, 99% used [0x00000000e0400000,0x00000000f32f8508,0x00000000f3380000)
  from space 57344K, 0% used [0x00000000f3380000,0x00000000f33a8000,0x00000000f6b80000)
  to   space 55296K, 0% used [0x00000000f7f80000,0x00000000f7f80000,0x00000000fb580000)
 ParOldGen       total 225280K, used 154897K [0x00000000a0c00000, 0x00000000ae800000, 0x00000000e0400000)
  object space 225280K, 68% used [0x00000000a0c00000,0x00000000aa344450,0x00000000ae800000)
 Metaspace       used 17544K, capacity 17793K, committed 17920K, reserved 1064960K
  class space    used 1710K, capacity 1761K, committed 1792K, reserved 1048576K
Event: 6.187 GC heap after
Heap after GC invocations=21 (full 3):
 PSYoungGen      total 376320K, used 9140K [0x00000000e0400000, 0x00000000fac00000, 0x0000000100000000)
  eden space 330752K, 0% used [0x00000000e0400000,0x00000000e0400000,0x00000000f4700000)
  from space 45568K, 20% used [0x00000000f7f80000,0x00000000f886d020,0x00000000fac00000)
  to   space 51712K, 0% used [0x00000000f4700000,0x00000000f4700000,0x00000000f7980000)
 ParOldGen       total 225280K, used 154905K [0x00000000a0c00000, 0x00000000ae800000, 0x00000000e0400000)
  object space 225280K, 68% used [0x00000000a0c00000,0x00000000aa346450,0x00000000ae800000)
 Metaspace       used 17544K, capacity 17793K, committed 17920K, reserved 1064960K
  class space    used 1710K, capacity 1761K, committed 1792K, reserved 1048576K
}
Event: 6.602 GC heap before
{Heap before GC invocations=22 (full 3):
 PSYoungGen      total 376320K, used 339892K [0x00000000e0400000, 0x00000000fac00000, 0x0000000100000000)
  eden space 330752K, 100% used [0x00000000e0400000,0x00000000f4700000,0x00000000f4700000)
  from space 45568K, 20% used [0x00000000f7f80000,0x00000000f886d020,0x00000000fac00000)
  to   space 51712K, 0% used [0x00000000f4700000,0x00000000f4700000,0x00000000f7980000)
 ParOldGen       total 225280K, used 154905K [0x00000000a0c00000, 0x00000000ae800000, 0x00000000e0400000)
  object space 225280K, 68% used [0x00000000a0c00000,0x00000000aa346450,0x00000000ae800000)
 Metaspace       used 17570K, capacity 17793K, committed 17920K, reserved 1064960K
  class space    used 1710K, capacity 1761K, committed 1792K, reserved 1048576K
Event: 6.603 GC heap after
Heap after GC invocations=22 (full 3):
 PSYoungGen      total 382464K, used 192K [0x00000000e0400000, 0x00000000fba00000, 0x0000000100000000)
  eden space 330752K, 0% used [0x00000000e0400000,0x00000000e0400000,0x00000000f4700000)
  from space 51712K, 0% used [0x00000000f4700000,0x00000000f4730000,0x00000000f7980000)
  to   space 50176K, 0% used [0x00000000f8900000,0x00000000f8900000,0x00000000fba00000)
 ParOldGen       total 225280K, used 154905K [0x00000000a0c00000, 0x00000000ae800000, 0x00000000e0400000)
  object space 225280K, 68% used [0x00000000a0c00000,0x00000000aa346450,0x00000000ae800000)
 Metaspace       used 17570K, capacity 17793K, committed 17920K, reserved 1064960K
  class space    used 1710K, capacity 1761K, committed 1792K, reserved 1048576K
}

Deoptimization events (10 events):
Event: 2.550 Thread 0x00000000193ba800 Uncommon trap: reason=class_check action=maybe_recompile pc=0x00000000026a3cc0 method=com.jogamp.common.nio.Buffers.isDirect(Ljava/lang/Object;)Z @ 13
Event: 2.550 Thread 0x00000000193ba800 Uncommon trap: reason=class_check action=maybe_recompile pc=0x00000000026a1384 method=com.jogamp.common.nio.Buffers.getDirectBufferByteOffset(Ljava/lang/Object;)I @ 7
Event: 2.550 Thread 0x00000000193ba800 Uncommon trap: reason=class_check action=maybe_recompile pc=0x00000000026a3cc0 method=com.jogamp.common.nio.Buffers.isDirect(Ljava/lang/Object;)Z @ 13
Event: 2.550 Thread 0x00000000193ba800 Uncommon trap: reason=class_check action=maybe_recompile pc=0x00000000026a1384 method=com.jogamp.common.nio.Buffers.getDirectBufferByteOffset(Ljava/lang/Object;)I @ 7
Event: 2.551 Thread 0x00000000193ba800 Uncommon trap: reason=predicate action=maybe_recompile pc=0x000000000278cc84 method=java.util.ArrayList.indexOf(Ljava/lang/Object;)I @ 44
Event: 2.574 Thread 0x00000000193ba800 Uncommon trap: reason=class_check action=maybe_recompile pc=0x00000000026a3cc0 method=com.jogamp.common.nio.Buffers.isDirect(Ljava/lang/Object;)Z @ 13
Event: 2.574 Thread 0x00000000193ba800 Uncommon trap: reason=class_check action=maybe_recompile pc=0x00000000026a1384 method=com.jogamp.common.nio.Buffers.getDirectBufferByteOffset(Ljava/lang/Object;)I @ 7
Event: 3.030 Thread 0x00000000193ba800 Uncommon trap: reason=unreached action=reinterpret pc=0x0000000002799440 method=processing.opengl.PGraphicsOpenGL$InGeometry.addVertex(FFFIFFFFFIFIIIFIZ)I @ 218
Event: 3.824 Thread 0x00000000193ba800 Uncommon trap: reason=unreached action=reinterpret pc=0x00000000026564b0 method=java.lang.reflect.AccessibleObject.setAccessible0(Ljava/lang/reflect/AccessibleObject;Z)V @ 4
Event: 6.724 Thread 0x0000000019440800 Uncommon trap: reason=unreached action=reinterpret pc=0x0000000002a40640 method=java.util.HashMap$HashIterator.<init>(Ljava/util/HashMap;)V @ 38

Internal exceptions (10 events):
Event: 2.881 Thread 0x00000000193ba800 Exception <a 'java/security/PrivilegedActionException'> (0x00000000e23250f8) thrown at [D:\re\workspace\8-2-build-windows-amd64-cygwin\jdk8u25\1677\hotspot\src\share\vm\prims\jvm.cpp, line 1312]
Event: 2.881 Thread 0x00000000193ba800 Exception <a 'java/security/PrivilegedActionException'> (0x00000000e2329500) thrown at [D:\re\workspace\8-2-build-windows-amd64-cygwin\jdk8u25\1677\hotspot\src\share\vm\prims\jvm.cpp, line 1312]
Event: 2.882 Thread 0x00000000193ba800 Exception <a 'java/security/PrivilegedActionException'> (0x00000000e232d8e8) thrown at [D:\re\workspace\8-2-build-windows-amd64-cygwin\jdk8u25\1677\hotspot\src\share\vm\prims\jvm.cpp, line 1312]
Event: 2.882 Thread 0x00000000193ba800 Exception <a 'java/security/PrivilegedActionException'> (0x00000000e2331440) thrown at [D:\re\workspace\8-2-build-windows-amd64-cygwin\jdk8u25\1677\hotspot\src\share\vm\prims\jvm.cpp, line 1312]
Event: 2.882 Thread 0x00000000193ba800 Exception <a 'java/security/PrivilegedActionException'> (0x00000000e2335c40) thrown at [D:\re\workspace\8-2-build-windows-amd64-cygwin\jdk8u25\1677\hotspot\src\share\vm\prims\jvm.cpp, line 1312]
Event: 2.883 Thread 0x00000000193ba800 Exception <a 'java/security/PrivilegedActionException'> (0x00000000e2339378) thrown at [D:\re\workspace\8-2-build-windows-amd64-cygwin\jdk8u25\1677\hotspot\src\share\vm\prims\jvm.cpp, line 1312]
Event: 2.883 Thread 0x00000000193ba800 Exception <a 'java/security/PrivilegedActionException'> (0x00000000e233d2c0) thrown at [D:\re\workspace\8-2-build-windows-amd64-cygwin\jdk8u25\1677\hotspot\src\share\vm\prims\jvm.cpp, line 1312]
Event: 2.884 Thread 0x00000000193ba800 Exception <a 'java/security/PrivilegedActionException'> (0x00000000e23431d0) thrown at [D:\re\workspace\8-2-build-windows-amd64-cygwin\jdk8u25\1677\hotspot\src\share\vm\prims\jvm.cpp, line 1312]
Event: 2.899 Thread 0x00000000193ba800 Exception <a 'java/security/PrivilegedActionException'> (0x00000000e241e7e0) thrown at [D:\re\workspace\8-2-build-windows-amd64-cygwin\jdk8u25\1677\hotspot\src\share\vm\prims\jvm.cpp, line 1312]
Event: 6.723 Thread 0x0000000019440800 Implicit null exception at 0x0000000002a4043b to 0x0000000002a4062d

Events (10 events):
Event: 6.691 loading class javax/swing/Popup$HeavyWeightWindow
Event: 6.691 loading class sun/awt/ModalExclude
Event: 6.691 loading class sun/awt/ModalExclude done
Event: 6.691 loading class javax/swing/JWindow
Event: 6.691 loading class javax/swing/JWindow done
Event: 6.691 loading class javax/swing/Popup$HeavyWeightWindow done
Event: 6.723 Thread 0x0000000019440800 Uncommon trap: trap_request=0xffffffad fr.pc=0x0000000002a40640
Event: 6.724 Thread 0x0000000019440800 DEOPT PACKING pc=0x0000000002a40640 sp=0x000000001c57f4b0
Event: 6.724 Thread 0x0000000019440800 DEOPT UNPACKING pc=0x00000000023d556a sp=0x000000001c57f450 mode 2
Event: 6.726 Thread 0x00000000195c4800 Thread exited: 0x00000000195c4800


Dynamic libraries:
0x00007ff669010000 - 0x00007ff669044000 	C:\Program Files\Java\jre1.8.0_25\bin\javaw.exe
0x00007ff98c320000 - 0x00007ff98c4cc000 	C:\WINDOWS\SYSTEM32\ntdll.dll
0x00007ff989d20000 - 0x00007ff989e5e000 	C:\WINDOWS\system32\KERNEL32.DLL
0x00007ff9897d0000 - 0x00007ff9898e5000 	C:\WINDOWS\system32\KERNELBASE.dll
0x00007ff987ff0000 - 0x00007ff98807e000 	C:\WINDOWS\system32\apphelp.dll
0x00007ff973750000 - 0x00007ff9737a3000 	C:\WINDOWS\AppPatch\AppPatch64\AcGenral.DLL
0x00007ff98a220000 - 0x00007ff98a2ca000 	C:\WINDOWS\system32\msvcrt.dll
0x00007ff9892a0000 - 0x00007ff9892ce000 	C:\WINDOWS\SYSTEM32\SspiCli.dll
0x00007ff98b980000 - 0x00007ff98b9d4000 	C:\WINDOWS\system32\SHLWAPI.dll
0x00007ff989f00000 - 0x00007ff98a077000 	C:\WINDOWS\system32\USER32.dll
0x00007ff98bb50000 - 0x00007ff98bce4000 	C:\WINDOWS\system32\ole32.dll
0x00007ff98a390000 - 0x00007ff98b8a8000 	C:\WINDOWS\system32\SHELL32.dll
0x00007ff988a10000 - 0x00007ff988a31000 	C:\WINDOWS\SYSTEM32\USERENV.dll
0x00007ff989c10000 - 0x00007ff989cba000 	C:\WINDOWS\system32\ADVAPI32.dll
0x00007ff97c880000 - 0x00007ff97c89e000 	C:\WINDOWS\SYSTEM32\MPR.dll
0x00007ff98b9e0000 - 0x00007ff98bb21000 	C:\WINDOWS\system32\RPCRT4.dll
0x00007ff9899a0000 - 0x00007ff9899f9000 	C:\WINDOWS\SYSTEM32\sechost.dll
0x00007ff98bed0000 - 0x00007ff98c0e1000 	C:\WINDOWS\SYSTEM32\combase.dll
0x00007ff98a0c0000 - 0x00007ff98a211000 	C:\WINDOWS\system32\GDI32.dll
0x00007ff989470000 - 0x00007ff989485000 	C:\WINDOWS\SYSTEM32\profapi.dll
0x00007ff987810000 - 0x00007ff9878c2000 	C:\WINDOWS\SYSTEM32\SHCORE.dll
0x00007ff98a080000 - 0x00007ff98a0b6000 	C:\WINDOWS\system32\IMM32.DLL
0x00007ff98c1c0000 - 0x00007ff98c312000 	C:\WINDOWS\system32\MSCTF.dll
0x00007ff986b90000 - 0x00007ff986e0b000 	C:\WINDOWS\WinSxS\amd64_microsoft.windows.common-controls_6595b64144ccf1df_6.0.9600.17415_none_6240486fecbd8abb\COMCTL32.dll
0x0000000075f50000 - 0x0000000076022000 	C:\Program Files\Java\jre1.8.0_25\bin\msvcr100.dll
0x0000000076ae0000 - 0x000000007733a000 	C:\Program Files\Java\jre1.8.0_25\bin\server\jvm.dll
0x00007ff9707d0000 - 0x00007ff9707d9000 	C:\WINDOWS\SYSTEM32\WSOCK32.dll
0x00007ff97ca00000 - 0x00007ff97ca22000 	C:\WINDOWS\SYSTEM32\WINMM.dll
0x00007ff989e80000 - 0x00007ff989e87000 	C:\WINDOWS\system32\PSAPI.DLL
0x00007ff989a00000 - 0x00007ff989a5a000 	C:\WINDOWS\system32\WS2_32.dll
0x00007ff97c8d0000 - 0x00007ff97c8fa000 	C:\WINDOWS\SYSTEM32\WINMMBASE.dll
0x00007ff98bb30000 - 0x00007ff98bb39000 	C:\WINDOWS\system32\NSI.dll
0x00007ff989950000 - 0x00007ff98999f000 	C:\WINDOWS\SYSTEM32\cfgmgr32.dll
0x00007ff988260000 - 0x00007ff988288000 	C:\WINDOWS\SYSTEM32\DEVOBJ.dll
0x0000000076ad0000 - 0x0000000076adf000 	C:\Program Files\Java\jre1.8.0_25\bin\verify.dll
0x0000000076aa0000 - 0x0000000076ac8000 	C:\Program Files\Java\jre1.8.0_25\bin\java.dll
0x0000000076a80000 - 0x0000000076a96000 	C:\Program Files\Java\jre1.8.0_25\bin\zip.dll
0x0000000075db0000 - 0x0000000075f48000 	C:\Program Files\Java\jre1.8.0_25\bin\awt.dll
0x00007ff98c0f0000 - 0x00007ff98c1b1000 	C:\WINDOWS\system32\OLEAUT32.dll
0x00007ff987610000 - 0x00007ff987631000 	C:\WINDOWS\system32\DWMAPI.DLL
0x00007ff988130000 - 0x00007ff988259000 	C:\WINDOWS\system32\uxtheme.dll
0x00007ff9882b0000 - 0x00007ff9882bb000 	C:\WINDOWS\SYSTEM32\kernel.appcore.dll
0x00007ff989340000 - 0x00007ff98934b000 	C:\WINDOWS\SYSTEM32\CRYPTBASE.dll
0x00007ff9892d0000 - 0x00007ff989333000 	C:\WINDOWS\SYSTEM32\bcryptPrimitives.dll
0x00007ff97e8c0000 - 0x00007ff97eae1000 	C:\WINDOWS\system32\d3d9.dll
0x00007ff987180000 - 0x00007ff98718a000 	C:\WINDOWS\SYSTEM32\VERSION.dll
0x00007ff986970000 - 0x00007ff986abb000 	C:\WINDOWS\SYSTEM32\aticfx64.dll
0x00007ff965270000 - 0x00007ff965291000 	C:\WINDOWS\SYSTEM32\atiu9p64.dll
0x00007ff964a80000 - 0x00007ff965265000 	C:\WINDOWS\SYSTEM32\atiumd64.dll
0x0000000076110000 - 0x00000000768c7000 	C:\WINDOWS\SYSTEM32\atiumd6a.dll
0x00000000769f0000 - 0x0000000076a37000 	C:\Program Files\Java\jre1.8.0_25\bin\fontmanager.dll
0x00007ff988ce0000 - 0x00007ff988d00000 	C:\WINDOWS\SYSTEM32\CRYPTSP.dll
0x00007ff988900000 - 0x00007ff988936000 	C:\WINDOWS\system32\rsaenh.dll
0x00007ff988f90000 - 0x00007ff988fb6000 	C:\WINDOWS\SYSTEM32\bcrypt.dll
0x0000000076a60000 - 0x0000000076a7a000 	C:\Program Files\Java\jre1.8.0_25\bin\net.dll
0x00007ff988c80000 - 0x00007ff988cd9000 	C:\WINDOWS\system32\mswsock.dll
0x00007ff9860b0000 - 0x00007ff9860da000 	C:\WINDOWS\SYSTEM32\IPHLPAPI.DLL
0x00007ff986050000 - 0x00007ff98605a000 	C:\WINDOWS\SYSTEM32\WINNSI.DLL
0x00007ff9841e0000 - 0x00007ff9841f6000 	C:\WINDOWS\SYSTEM32\dhcpcsvc6.DLL
0x00007ff984380000 - 0x00007ff98439a000 	C:\WINDOWS\SYSTEM32\dhcpcsvc.DLL
0x0000000076a40000 - 0x0000000076a51000 	C:\Program Files\Java\jre1.8.0_25\bin\nio.dll
0x00000000637c0000 - 0x00000000637cd000 	S:\Users\Ben\AppData\Local\Temp\jogamp_0000\file_cache\jln4722635817792832656\jln6512110542525704870\gluegen-rt.dll
0x00000000769e0000 - 0x00000000769e7000 	C:\Program Files\Java\jre1.8.0_25\bin\jawt.dll
0x000000006a440000 - 0x000000006a44d000 	S:\Users\Ben\AppData\Local\Temp\jogamp_0000\file_cache\jln4722635817792832656\jln6512110542525704870\nativewindow_awt.dll
0x000000006c100000 - 0x000000006c10f000 	S:\Users\Ben\AppData\Local\Temp\jogamp_0000\file_cache\jln4722635817792832656\jln6512110542525704870\nativewindow_win32.dll
0x00007ff960620000 - 0x00007ff96074b000 	C:\WINDOWS\SYSTEM32\OpenGL32.dll
0x00007ff97d7c0000 - 0x00007ff97d7ee000 	C:\WINDOWS\SYSTEM32\GLU32.dll
0x00007ff966bf0000 - 0x00007ff966ce8000 	C:\WINDOWS\SYSTEM32\DDRAW.dll
0x00007ff980290000 - 0x00007ff980299000 	C:\WINDOWS\SYSTEM32\DCIMAN32.dll
0x0000000064500000 - 0x00000000645a2000 	S:\Users\Ben\AppData\Local\Temp\jogamp_0000\file_cache\jln4722635817792832656\jln6512110542525704870\jogl_desktop.dll
0x00007ff97d720000 - 0x00007ff97d738000 	C:\WINDOWS\SYSTEM32\atig6pxx.dll
0x0000000074200000 - 0x0000000075daf000 	C:\WINDOWS\SYSTEM32\atio6axx.dll
0x00007ff98bcf0000 - 0x00007ff98beca000 	C:\WINDOWS\system32\SETUPAPI.dll
0x00007ff986120000 - 0x00007ff986257000 	C:\WINDOWS\SYSTEM32\atiadlxx.dll
0x00007ff986710000 - 0x00007ff98688f000 	C:\WINDOWS\SYSTEM32\PROPSYS.dll
0x00007ff988080000 - 0x00007ff988092000 	C:\WINDOWS\SYSTEM32\WTSAPI32.dll
0x00007ff9898f0000 - 0x00007ff989941000 	C:\WINDOWS\system32\WINTRUST.dll
0x00007ff989540000 - 0x00007ff98971f000 	C:\WINDOWS\system32\CRYPT32.dll
0x00007ff989520000 - 0x00007ff989531000 	C:\WINDOWS\system32\MSASN1.dll
0x00007ff973720000 - 0x00007ff973749000 	C:\WINDOWS\SYSTEM32\atig6txx.dll
0x00007ff95c1a0000 - 0x00007ff95c33c000 	O:\OneDrive\Workspace\ZZavatar\lib\user\KinectPV2\Kinect20.Face.dll
0x00007ff97c900000 - 0x00007ff97c9a7000 	C:\WINDOWS\SYSTEM32\MSVCP110.dll
0x00007ff981bc0000 - 0x00007ff981c8e000 	C:\WINDOWS\SYSTEM32\MSVCR110.dll
0x00007ff980280000 - 0x00007ff980290000 	O:\OneDrive\Workspace\ZZavatar\lib\user\KinectPV2\KinectPV2.dll
0x00007ff960560000 - 0x00007ff96061a000 	C:\WINDOWS\SYSTEM32\Kinect20.dll
0x00007ff97ca30000 - 0x00007ff97cb1b000 	C:\WINDOWS\SYSTEM32\MFPlat.DLL
0x00007ff97c8a0000 - 0x00007ff97c8c7000 	C:\WINDOWS\SYSTEM32\RTWorkQ.DLL
0x00007ff987050000 - 0x00007ff98705c000 	C:\WINDOWS\SYSTEM32\AVRT.dll
0x00007ff963e10000 - 0x00007ff963f9a000 	C:\WINDOWS\SYSTEM32\dbghelp.dll

VM Arguments:
jvm_args: -Djava.library.path=O:\OneDrive\Workspace\ZZavatar\lib\base\video;O:\OneDrive\Workspace\ZZavatar\lib\base\video;O:\OneDrive\Workspace\ZZavatar\lib\base\video;O:\OneDrive\Workspace\ZZavatar\lib\base\core;O:\OneDrive\Workspace\ZZavatar\lib\base\core;O:\OneDrive\Workspace\ZZavatar\lib\base\core;O:\OneDrive\Workspace\ZZavatar\lib\base\core;O:\OneDrive\Workspace\ZZavatar\lib\base\core;O:\OneDrive\Workspace\ZZavatar\lib\base\core;O:\OneDrive\Workspace\ZZavatar\lib\base\core;O:\OneDrive\Workspace\ZZavatar\lib\base\core;O:\OneDrive\Workspace\ZZavatar\lib\base\core;O:\OneDrive\Workspace\ZZavatar\lib\base\core;O:\OneDrive\Workspace\ZZavatar\lib\base\core;O:\OneDrive\Workspace\ZZavatar\lib\base\core;O:\OneDrive\Workspace\ZZavatar\lib\base\core;O:\OneDrive\Workspace\ZZavatar\lib\base\core;O:\OneDrive\Workspace\ZZavatar\lib\base\core;O:\OneDrive\Workspace\ZZavatar\lib\user\Kinect4WinSDK;O:\OneDrive\Workspace\ZZavatar\lib\user\KinectPV2;O:\OneDrive\Workspace\ZZavatar\lib\user\SimpleOpenNI -Dfile.encoding=Cp1252 
java_command: zzavatar.ZZavatar
java_class_path (initial): O:\OneDrive\Workspace\ZZavatar\lib\base\video\gstreamer-java.jar;O:\OneDrive\Workspace\ZZavatar\lib\base\video\jna.jar;O:\OneDrive\Workspace\ZZavatar\lib\base\video\video.jar;O:\OneDrive\Workspace\ZZavatar\lib\base\core\core.jar;O:\OneDrive\Workspace\ZZavatar\lib\base\core\gluegen-rt-natives-linux-amd64.jar;O:\OneDrive\Workspace\ZZavatar\lib\base\core\gluegen-rt-natives-linux-armv6hf.jar;O:\OneDrive\Workspace\ZZavatar\lib\base\core\gluegen-rt-natives-linux-i586.jar;O:\OneDrive\Workspace\ZZavatar\lib\base\core\gluegen-rt-natives-macosx-universal.jar;O:\OneDrive\Workspace\ZZavatar\lib\base\core\gluegen-rt-natives-windows-amd64.jar;O:\OneDrive\Workspace\ZZavatar\lib\base\core\gluegen-rt-natives-windows-i586.jar;O:\OneDrive\Workspace\ZZavatar\lib\base\core\gluegen-rt.jar;O:\OneDrive\Workspace\ZZavatar\lib\base\core\jogl-all-natives-linux-amd64.jar;O:\OneDrive\Workspace\ZZavatar\lib\base\core\jogl-all-natives-linux-armv6hf.jar;O:\OneDrive\Workspace\ZZavatar\lib\base\core\jogl-all-natives-linux-i586.jar;O:\OneDrive\Workspace\ZZavatar\lib\base\core\jogl-all-natives-macosx-universal.jar;O:\OneDrive\Workspace\ZZavatar\lib\base\core\jogl-all-natives-windows-amd64.jar;O:\OneDrive\Workspace\ZZavatar\lib\base\core\jogl-all-natives-windows-i586.jar;O:\OneDrive\Workspace\ZZavatar\lib\base\core\jogl-all.jar;O:\OneDrive\Workspace\ZZavatar\lib\user\Kinect4WinSDK\Kinect4WinSDK.jar;O:\OneDrive\Workspace\ZZavatar\lib\user\KinectPV2\KinectPV2.jar;O:\OneDrive\Workspace\ZZavatar\lib\user\SimpleOpenNI\SimpleOpenNI.jar;O:\OneDrive\Workspace\ZZavatar\bin
Launcher Type: SUN_STANDARD

Environment Variables:
JAVA_HOME=C:\Program Files\Java\jdk1.8.0_25
PATH=C:/Program Files/Java/jre1.8.0_25/bin/server;C:/Program Files/Java/jre1.8.0_25/bin;C:/Program Files/Java/jre1.8.0_25/lib/amd64;C:\Program Files (x86)\NVIDIA Corporation\PhysX\Common;C:\ProgramData\Oracle\Java\javapath;C:\Program Files (x86)\Common Files\Intel\Shared Libraries\redist\intel64\compiler;C:\Program Files (x86)\Common Files\Intel\Shared Libraries\redist\ia32\compiler;C:\Program Files (x86)\Intel\iCLS Client\;C:\Program Files\Intel\iCLS Client\;C:\Program Files (x86)\AMD APP\bin\x86_64;C:\Program Files (x86)\AMD APP\bin\x86;C:\WINDOWS\system32;C:\WINDOWS;C:\WINDOWS\System32\Wbem;C:\WINDOWS\System32\WindowsPowerShell\v1.0\;C:\Program Files (x86)\ATI Technologies\ATI.ACE\Core-Static;C:\Program Files\Intel\Intel(R) Management Engine Components\DAL;C:\Program Files\Intel\Intel(R) Management Engine Components\IPT;C:\Program Files (x86)\Intel\Intel(R) Management Engine Components\DAL;C:\Program Files (x86)\Intel\Intel(R) Management Engine Components\IPT;C:\Program Files\Sony\VAIO Improvement\;C:\Program Files (x86)\Sony\VAIO Startup Setting Tool;C:\Program Files (x86)\Windows Kits\8.1\Windows Performance Toolkit\;C:\Program Files\Microsoft SQL Server\110\Tools\Binn\;C:\Program Files (x86)\Microsoft SDKs\TypeScript\1.0\;C:\Program Files\Microsoft\Web Platform Installer\;C:\Program Files (x86)\Java\jre1.8.0_25\bin;P:\Programs\Python27\Scripts;P:\Programs\Python27;C:\Program Files\Common Files\Autodesk Shared\;P:\Program Files\Programs;P:\Program Files\Games;P:\Programs\Eclipse;
USERNAME=Benoît
OS=Windows_NT
PROCESSOR_IDENTIFIER=Intel64 Family 6 Model 58 Stepping 9, GenuineIntel



---------------  S Y S T E M  ---------------

OS: Windows 8.1 , 64 bit Build 9600 

CPU:total 8 (4 cores per cpu, 2 threads per core) family 6 model 58 stepping 9, cmov, cx8, fxsr, mmx, sse, sse2, sse3, ssse3, sse4.1, sse4.2, popcnt, avx, aes, clmul, erms, ht, tsc, tscinvbit, tscinv

Memory: 4k page, physical 6237468k(1788468k free), swap 10431772k(4599144k free)

vm_info: Java HotSpot(TM) 64-Bit Server VM (25.25-b02) for windows-amd64 JRE (1.8.0_25-b18), built on Oct  7 2014 14:25:37 by "java_re" with MS VC++ 10.0 (VS2010)

time: Fri Apr 24 13:15:42 2015
elapsed time: 6 seconds (0d 0h 0m 6s)

