#
# A fatal error has been detected by the Java Runtime Environment:
#
#  EXCEPTION_ACCESS_VIOLATION (0xc0000005) at pc=0x00007ffedc6c4110, pid=3004, tid=8176
#
# JRE version: Java(TM) SE Runtime Environment (8.0_25-b18) (build 1.8.0_25-b18)
# Java VM: Java HotSpot(TM) 64-Bit Server VM (25.25-b02 mixed mode windows-amd64 compressed oops)
# Problematic frame:
# C  [KinectPV2.dll+0x4110]
#
# Failed to write core dump. Minidumps are not enabled by default on client versions of Windows
#
# If you would like to submit a bug report, please visit:
#   http://bugreport.sun.com/bugreport/crash.jsp
# The crash happened outside the Java Virtual Machine in native code.
# See problematic frame for where to report the bug.
#

---------------  T H R E A D  ---------------

Current thread (0x00000000192ea000):  JavaThread "Animation Thread" [_thread_in_native, id=8176, stack(0x000000001c300000,0x000000001c400000)]

siginfo: ExceptionCode=0xc0000005, reading address 0xffffffffffffffff

Registers:
RAX=0x0000000000000001, RBX=0x000000002e0b4040, RCX=0x004d72320a00000a, RDX=0x0000000000000000
RSP=0x000000001c3fe3d0, RBP=0x0000000000000006, RSI=0x0000000000000000, RDI=0x000000001f195868
R8 =0x000000001c3fe098, R9 =0x0000000000008000, R10=0x0000000000000000, R11=0x000000001c3fe2d0
R12=0x0000000000000000, R13=0x000000001f68d038, R14=0x0000000000000000, R15=0x00000000192ea000
RIP=0x00007ffedc6c4110, EFLAGS=0x0000000000010206

Top of Stack: (sp=0x000000001c3fe3d0)
0x000000001c3fe3d0:   000000001f195838 000000001fa01c38
0x000000001c3fe3e0:   000000001f195838 0000000000000000
0x000000001c3fe3f0:   000000001c3fe4c0 00007ffedc6c1fba
0x000000001c3fe400:   000000001c3fe4c0 000000001c3fe4a0
0x000000001c3fe410:   00000000192ea1e8 00000000192ab350
0x000000001c3fe420:   00000000a390f8a8 0000000002345b74
0x000000001c3fe430:   000000001f68d038 0000000000000021
0x000000001c3fe440:   0000000000000021 00000000192ea000
0x000000001c3fe450:   000000001c3fe518 00000000023458a2
0x000000001c3fe460:   000000001c3fe460 000000001f68d038
0x000000001c3fe470:   000000001c3fe4c0 000000001f68dfc8
0x000000001c3fe480:   0000000000000000 000000001f68d038
0x000000001c3fe490:   0000000000000000 000000001c3fe4c0
0x000000001c3fe4a0:   000000001c3fe508 0000000002337a2d
0x000000001c3fe4b0:   0000000000000000 000000000233f6b8
0x000000001c3fe4c0:   00000000a38cc968 000000001c3fe4c8 

Instructions: (pc=0x00007ffedc6c4110)
0x00007ffedc6c40f0:   89 77 d0 48 8b 0f 48 85 c9 74 09 48 8b 01 ff 50
0x00007ffedc6c4100:   10 4c 89 37 48 8b 8f 90 00 00 00 48 85 c9 74 0d
0x00007ffedc6c4110:   48 8b 01 ff 50 10 4c 89 b7 90 00 00 00 48 8b 4f
0x00007ffedc6c4120:   30 48 85 c9 74 0a 48 8b 01 ff 50 10 4c 89 77 30 


Register to memory mapping:

RAX=0x0000000000000001 is an unknown value
RBX=0x000000002e0b4040 is an unknown value
RCX=0x004d72320a00000a is an unknown value
RDX=0x0000000000000000 is an unknown value
RSP=0x000000001c3fe3d0 is pointing into the stack for thread: 0x00000000192ea000
RBP=0x0000000000000006 is an unknown value
RSI=0x0000000000000000 is an unknown value
RDI=0x000000001f195868 is an unknown value
R8 =0x000000001c3fe098 is pointing into the stack for thread: 0x00000000192ea000
R9 =0x0000000000008000 is an unknown value
R10=0x0000000000000000 is an unknown value
R11=0x000000001c3fe2d0 is pointing into the stack for thread: 0x00000000192ea000
R12=0x0000000000000000 is an unknown value
R13={method} {0x000000001f68d040} 'jniStopDevice' '()V' in 'KinectPV2/Device'
R14=0x0000000000000000 is an unknown value
R15=0x00000000192ea000 is a thread


Stack: [0x000000001c300000,0x000000001c400000],  sp=0x000000001c3fe3d0,  free space=1016k
Native frames: (J=compiled Java code, j=interpreted, Vv=VM code, C=native code)
C  [KinectPV2.dll+0x4110]
C  [KinectPV2.dll+0x1fba]
C  0x0000000002345b74

Java frames: (J=compiled Java code, j=interpreted, Vv=VM code)
j  KinectPV2.Device.jniStopDevice()V+0
j  KinectPV2.Device.stopDevice()V+41
j  KinectPV2.KinectPV2.dispose()V+14
v  ~StubRoutines::call_stub
j  sun.reflect.NativeMethodAccessorImpl.invoke0(Ljava/lang/reflect/Method;Ljava/lang/Object;[Ljava/lang/Object;)Ljava/lang/Object;+0
j  sun.reflect.NativeMethodAccessorImpl.invoke(Ljava/lang/Object;[Ljava/lang/Object;)Ljava/lang/Object;+100
J 1747 C1 sun.reflect.DelegatingMethodAccessorImpl.invoke(Ljava/lang/Object;[Ljava/lang/Object;)Ljava/lang/Object; (10 bytes) @ 0x000000000299bd04 [0x000000000299bc00+0x104]
J 1746 C1 java.lang.reflect.Method.invoke(Ljava/lang/Object;[Ljava/lang/Object;)Ljava/lang/Object; (62 bytes) @ 0x0000000002992ea4 [0x0000000002992ac0+0x3e4]
j  processing.core.PApplet$RegisteredMethods.handle([Ljava/lang/Object;)V+18
J 1604 C1 processing.core.PApplet.handleMethods(Ljava/lang/String;)V (21 bytes) @ 0x00000000029478dc [0x0000000002947620+0x2bc]
j  processing.core.PApplet.dispose()V+35
j  processing.core.PApplet.run()V+283
j  java.lang.Thread.run()V+11
v  ~StubRoutines::call_stub

---------------  P R O C E S S  ---------------

Java Threads: ( => current thread )
  0x000000001d626000 JavaThread "Thread-4" [_thread_in_vm, id=3156, stack(0x000000002e810000,0x000000002e910000)]
  0x00000000193ab800 JavaThread "Animation Thread-SharedResourceRunner" daemon [_thread_blocked, id=9516, stack(0x000000001e5d0000,0x000000001e6d0000)]
  0x000000000209e800 JavaThread "DestroyJavaVM" [_thread_blocked, id=8936, stack(0x0000000002130000,0x0000000002230000)]
  0x00000000192dd800 JavaThread "D3D Screen Updater" daemon [_thread_blocked, id=5188, stack(0x000000001c600000,0x000000001c700000)]
=>0x00000000192ea000 JavaThread "Animation Thread" [_thread_in_native, id=8176, stack(0x000000001c300000,0x000000001c400000)]
  0x0000000019258800 JavaThread "AWT-EventQueue-0" [_thread_blocked, id=2612, stack(0x000000001c100000,0x000000001c200000)]
  0x0000000019212000 JavaThread "AWT-Windows" daemon [_thread_in_native, id=9660, stack(0x0000000019b30000,0x0000000019c30000)]
  0x00000000191f1000 JavaThread "AWT-Shutdown" [_thread_blocked, id=3404, stack(0x0000000019a30000,0x0000000019b30000)]
  0x00000000191d8800 JavaThread "Java2D Disposer" daemon [_thread_blocked, id=7948, stack(0x0000000019930000,0x0000000019a30000)]
  0x000000001810f000 JavaThread "Service Thread" daemon [_thread_blocked, id=1952, stack(0x0000000018a50000,0x0000000018b50000)]
  0x0000000018089000 JavaThread "C1 CompilerThread3" daemon [_thread_blocked, id=7424, stack(0x0000000018950000,0x0000000018a50000)]
  0x0000000018087000 JavaThread "C2 CompilerThread2" daemon [_thread_blocked, id=6860, stack(0x0000000018850000,0x0000000018950000)]
  0x0000000018080800 JavaThread "C2 CompilerThread1" daemon [_thread_blocked, id=9084, stack(0x0000000018750000,0x0000000018850000)]
  0x000000001807b000 JavaThread "C2 CompilerThread0" daemon [_thread_blocked, id=10084, stack(0x0000000018650000,0x0000000018750000)]
  0x0000000018078800 JavaThread "Attach Listener" daemon [_thread_blocked, id=6192, stack(0x0000000018550000,0x0000000018650000)]
  0x0000000018077800 JavaThread "Signal Dispatcher" daemon [_thread_blocked, id=1320, stack(0x0000000018450000,0x0000000018550000)]
  0x0000000002329800 JavaThread "Finalizer" daemon [_thread_blocked, id=6180, stack(0x0000000017f50000,0x0000000018050000)]
  0x0000000002321000 JavaThread "Reference Handler" daemon [_thread_blocked, id=9780, stack(0x0000000017e50000,0x0000000017f50000)]

Other Threads:
  0x0000000016079000 VMThread [stack: 0x0000000017d50000,0x0000000017e50000] [id=9248]
  0x0000000018111000 WatcherThread [stack: 0x0000000018b50000,0x0000000018c50000] [id=6812]

VM state:not at safepoint (normal execution)

VM Mutex/Monitor currently owned by a thread: None

Heap:
 PSYoungGen      total 317440K, used 117776K [0x00000000e0400000, 0x00000000f7300000, 0x0000000100000000)
  eden space 268288K, 40% used [0x00000000e0400000,0x00000000e6e0f388,0x00000000f0a00000)
  from space 49152K, 18% used [0x00000000f0a00000,0x00000000f12f5020,0x00000000f3a00000)
  to   space 47616K, 0% used [0x00000000f4480000,0x00000000f4480000,0x00000000f7300000)
 ParOldGen       total 225280K, used 145927K [0x00000000a0c00000, 0x00000000ae800000, 0x00000000e0400000)
  object space 225280K, 64% used [0x00000000a0c00000,0x00000000a9a81c00,0x00000000ae800000)
 Metaspace       used 17829K, capacity 18057K, committed 18176K, reserved 1064960K
  class space    used 1717K, capacity 1761K, committed 1792K, reserved 1048576K

Card table byte_map: [0x00000000116f0000,0x00000000119f0000] byte_map_base: 0x00000000111ea000

Marking Bits: (ParMarkBitMap*) 0x000000006ab8d490
 Begin Bits: [0x00000000123f0000, 0x0000000013bc0000)
 End Bits:   [0x0000000013bc0000, 0x0000000015390000)

Polling page: 0x0000000000860000

CodeCache: size=245760Kb used=7693Kb max_used=7693Kb free=238066Kb
 bounds [0x0000000002330000, 0x0000000002ac0000, 0x0000000011330000]
 total_blobs=2894 nmethods=2024 adapters=784
 compilation: enabled

Compilation events (10 events):
Event: 10.029 Thread 0x0000000018089000 2020   !   3       java.util.concurrent.locks.AbstractQueuedSynchronizer::fullyRelease (54 bytes)
Event: 10.030 Thread 0x0000000018089000 nmethod 2020 0x0000000002ab37d0 code [0x0000000002ab3980, 0x0000000002ab3f48]
Event: 10.155 Thread 0x0000000018089000 2021       3       processing.opengl.Texture::updateTexelsImpl (230 bytes)
Event: 10.156 Thread 0x0000000018089000 nmethod 2021 0x0000000002ab41d0 code [0x0000000002ab43c0, 0x0000000002ab4f10]
Event: 10.321 Thread 0x0000000018089000 2022       3       processing.opengl.PShader::setUniformValue (20 bytes)
Event: 10.321 Thread 0x0000000018089000 nmethod 2022 0x0000000002ab5210 code [0x0000000002ab5380, 0x0000000002ab55e8]
Event: 10.697 Thread 0x0000000018089000 2023       3       processing.opengl.PGraphicsOpenGL::updatePolyBuffers (453 bytes)
Event: 10.699 Thread 0x0000000018089000 nmethod 2023 0x0000000002ab56d0 code [0x0000000002ab5ae0, 0x0000000002ab7ab8]
Event: 10.716 Thread 0x0000000018089000 2024       1       processing.core.PGraphics::noTexture (6 bytes)
Event: 10.716 Thread 0x0000000018089000 nmethod 2024 0x0000000002ab8d50 code [0x0000000002ab8ea0, 0x0000000002ab8fd0]

GC Heap History (10 events):
Event: 7.043 GC heap before
{Heap before GC invocations=18 (full 3):
 PSYoungGen      total 276992K, used 234374K [0x00000000e0400000, 0x00000000f5080000, 0x0000000100000000)
  eden space 227840K, 98% used [0x00000000e0400000,0x00000000edff4ab8,0x00000000ee280000)
  from space 49152K, 18% used [0x00000000f2080000,0x00000000f296d020,0x00000000f5080000)
  to   space 56320K, 0% used [0x00000000ee280000,0x00000000ee280000,0x00000000f1980000)
 ParOldGen       total 225280K, used 145895K [0x00000000a0c00000, 0x00000000ae800000, 0x00000000e0400000)
  object space 225280K, 64% used [0x00000000a0c00000,0x00000000a9a79c00,0x00000000ae800000)
 Metaspace       used 17619K, capacity 17857K, committed 17920K, reserved 1064960K
  class space    used 1717K, capacity 1761K, committed 1792K, reserved 1048576K
Event: 7.046 GC heap after
Heap after GC invocations=18 (full 3):
 PSYoungGen      total 284160K, used 9172K [0x00000000e0400000, 0x00000000f6d00000, 0x0000000100000000)
  eden space 227840K, 0% used [0x00000000e0400000,0x00000000e0400000,0x00000000ee280000)
  from space 56320K, 16% used [0x00000000ee280000,0x00000000eeb75020,0x00000000f1980000)
  to   space 54784K, 0% used [0x00000000f3780000,0x00000000f3780000,0x00000000f6d00000)
 ParOldGen       total 225280K, used 145903K [0x00000000a0c00000, 0x00000000ae800000, 0x00000000e0400000)
  object space 225280K, 64% used [0x00000000a0c00000,0x00000000a9a7bc00,0x00000000ae800000)
 Metaspace       used 17619K, capacity 17857K, committed 17920K, reserved 1064960K
  class space    used 1717K, capacity 1761K, committed 1792K, reserved 1048576K
}
Event: 7.876 GC heap before
{Heap before GC invocations=19 (full 3):
 PSYoungGen      total 284160K, used 234262K [0x00000000e0400000, 0x00000000f6d00000, 0x0000000100000000)
  eden space 227840K, 98% used [0x00000000e0400000,0x00000000edfd0aa0,0x00000000ee280000)
  from space 56320K, 16% used [0x00000000ee280000,0x00000000eeb75020,0x00000000f1980000)
  to   space 54784K, 0% used [0x00000000f3780000,0x00000000f3780000,0x00000000f6d00000)
 ParOldGen       total 225280K, used 145903K [0x00000000a0c00000, 0x00000000ae800000, 0x00000000e0400000)
  object space 225280K, 64% used [0x00000000a0c00000,0x00000000a9a7bc00,0x00000000ae800000)
 Metaspace       used 17730K, capacity 17929K, committed 18176K, reserved 1064960K
  class space    used 1717K, capacity 1761K, committed 1792K, reserved 1048576K
Event: 7.880 GC heap after
Heap after GC invocations=19 (full 3):
 PSYoungGen      total 300544K, used 9172K [0x00000000e0400000, 0x00000000f6480000, 0x0000000100000000)
  eden space 254464K, 0% used [0x00000000e0400000,0x00000000e0400000,0x00000000efc80000)
  from space 46080K, 19% used [0x00000000f3780000,0x00000000f4075020,0x00000000f6480000)
  to   space 53248K, 0% used [0x00000000efc80000,0x00000000efc80000,0x00000000f3080000)
 ParOldGen       total 225280K, used 145911K [0x00000000a0c00000, 0x00000000ae800000, 0x00000000e0400000)
  object space 225280K, 64% used [0x00000000a0c00000,0x00000000a9a7dc00,0x00000000ae800000)
 Metaspace       used 17730K, capacity 17929K, committed 18176K, reserved 1064960K
  class space    used 1717K, capacity 1761K, committed 1792K, reserved 1048576K
}
Event: 8.809 GC heap before
{Heap before GC invocations=20 (full 3):
 PSYoungGen      total 300544K, used 260721K [0x00000000e0400000, 0x00000000f6480000, 0x0000000100000000)
  eden space 254464K, 98% used [0x00000000e0400000,0x00000000ef9a7540,0x00000000efc80000)
  from space 46080K, 19% used [0x00000000f3780000,0x00000000f4075020,0x00000000f6480000)
  to   space 53248K, 0% used [0x00000000efc80000,0x00000000efc80000,0x00000000f3080000)
 ParOldGen       total 225280K, used 145911K [0x00000000a0c00000, 0x00000000ae800000, 0x00000000e0400000)
  object space 225280K, 64% used [0x00000000a0c00000,0x00000000a9a7dc00,0x00000000ae800000)
 Metaspace       used 17765K, capacity 17993K, committed 18176K, reserved 1064960K
  class space    used 1717K, capacity 1761K, committed 1792K, reserved 1048576K
Event: 8.813 GC heap after
Heap after GC invocations=20 (full 3):
 PSYoungGen      total 307712K, used 9172K [0x00000000e0400000, 0x00000000f7080000, 0x0000000100000000)
  eden space 254464K, 0% used [0x00000000e0400000,0x00000000e0400000,0x00000000efc80000)
  from space 53248K, 17% used [0x00000000efc80000,0x00000000f0575020,0x00000000f3080000)
  to   space 51200K, 0% used [0x00000000f3e80000,0x00000000f3e80000,0x00000000f7080000)
 ParOldGen       total 225280K, used 145919K [0x00000000a0c00000, 0x00000000ae800000, 0x00000000e0400000)
  object space 225280K, 64% used [0x00000000a0c00000,0x00000000a9a7fc00,0x00000000ae800000)
 Metaspace       used 17765K, capacity 17993K, committed 18176K, reserved 1064960K
  class space    used 1717K, capacity 1761K, committed 1792K, reserved 1048576K
}
Event: 9.746 GC heap before
{Heap before GC invocations=21 (full 3):
 PSYoungGen      total 307712K, used 260641K [0x00000000e0400000, 0x00000000f7080000, 0x0000000100000000)
  eden space 254464K, 98% used [0x00000000e0400000,0x00000000ef993678,0x00000000efc80000)
  from space 53248K, 17% used [0x00000000efc80000,0x00000000f0575020,0x00000000f3080000)
  to   space 51200K, 0% used [0x00000000f3e80000,0x00000000f3e80000,0x00000000f7080000)
 ParOldGen       total 225280K, used 145919K [0x00000000a0c00000, 0x00000000ae800000, 0x00000000e0400000)
  object space 225280K, 64% used [0x00000000a0c00000,0x00000000a9a7fc00,0x00000000ae800000)
 Metaspace       used 17766K, capacity 17993K, committed 18176K, reserved 1064960K
  class space    used 1717K, capacity 1761K, committed 1792K, reserved 1048576K
Event: 9.751 GC heap after
Heap after GC invocations=21 (full 3):
 PSYoungGen      total 312832K, used 9076K [0x00000000e0400000, 0x00000000f6a00000, 0x0000000100000000)
  eden space 268288K, 0% used [0x00000000e0400000,0x00000000e0400000,0x00000000f0a00000)
  from space 44544K, 20% used [0x00000000f3e80000,0x00000000f475d020,0x00000000f6a00000)
  to   space 49152K, 0% used [0x00000000f0a00000,0x00000000f0a00000,0x00000000f3a00000)
 ParOldGen       total 225280K, used 145919K [0x00000000a0c00000, 0x00000000ae800000, 0x00000000e0400000)
  object space 225280K, 64% used [0x00000000a0c00000,0x00000000a9a7fc00,0x00000000ae800000)
 Metaspace       used 17766K, capacity 17993K, committed 18176K, reserved 1064960K
  class space    used 1717K, capacity 1761K, committed 1792K, reserved 1048576K
}
Event: 10.708 GC heap before
{Heap before GC invocations=22 (full 3):
 PSYoungGen      total 312832K, used 273670K [0x00000000e0400000, 0x00000000f6a00000, 0x0000000100000000)
  eden space 268288K, 98% used [0x00000000e0400000,0x00000000f0664a88,0x00000000f0a00000)
  from space 44544K, 20% used [0x00000000f3e80000,0x00000000f475d020,0x00000000f6a00000)
  to   space 49152K, 0% used [0x00000000f0a00000,0x00000000f0a00000,0x00000000f3a00000)
 ParOldGen       total 225280K, used 145919K [0x00000000a0c00000, 0x00000000ae800000, 0x00000000e0400000)
  object space 225280K, 64% used [0x00000000a0c00000,0x00000000a9a7fc00,0x00000000ae800000)
 Metaspace       used 17828K, capacity 18057K, committed 18176K, reserved 1064960K
  class space    used 1717K, capacity 1761K, committed 1792K, reserved 1048576K
Event: 10.713 GC heap after
Heap after GC invocations=22 (full 3):
 PSYoungGen      total 317440K, used 9172K [0x00000000e0400000, 0x00000000f7300000, 0x0000000100000000)
  eden space 268288K, 0% used [0x00000000e0400000,0x00000000e0400000,0x00000000f0a00000)
  from space 49152K, 18% used [0x00000000f0a00000,0x00000000f12f5020,0x00000000f3a00000)
  to   space 47616K, 0% used [0x00000000f4480000,0x00000000f4480000,0x00000000f7300000)
 ParOldGen       total 225280K, used 145927K [0x00000000a0c00000, 0x00000000ae800000, 0x00000000e0400000)
  object space 225280K, 64% used [0x00000000a0c00000,0x00000000a9a81c00,0x00000000ae800000)
 Metaspace       used 17828K, capacity 18057K, committed 18176K, reserved 1064960K
  class space    used 1717K, capacity 1761K, committed 1792K, reserved 1048576K
}

Deoptimization events (10 events):
Event: 2.774 Thread 0x0000000019258800 Uncommon trap: reason=class_check action=maybe_recompile pc=0x00000000026387c0 method=com.jogamp.common.nio.Buffers.isDirect(Ljava/lang/Object;)Z @ 13
Event: 2.774 Thread 0x0000000019258800 Uncommon trap: reason=class_check action=maybe_recompile pc=0x0000000002635e84 method=com.jogamp.common.nio.Buffers.getDirectBufferByteOffset(Ljava/lang/Object;)I @ 7
Event: 2.774 Thread 0x0000000019258800 Uncommon trap: reason=class_check action=maybe_recompile pc=0x00000000026387c0 method=com.jogamp.common.nio.Buffers.isDirect(Ljava/lang/Object;)Z @ 13
Event: 2.774 Thread 0x0000000019258800 Uncommon trap: reason=class_check action=maybe_recompile pc=0x0000000002635e84 method=com.jogamp.common.nio.Buffers.getDirectBufferByteOffset(Ljava/lang/Object;)I @ 7
Event: 2.780 Thread 0x0000000019258800 Uncommon trap: reason=class_check action=maybe_recompile pc=0x00000000026387c0 method=com.jogamp.common.nio.Buffers.isDirect(Ljava/lang/Object;)Z @ 13
Event: 2.780 Thread 0x0000000019258800 Uncommon trap: reason=class_check action=maybe_recompile pc=0x0000000002635e84 method=com.jogamp.common.nio.Buffers.getDirectBufferByteOffset(Ljava/lang/Object;)I @ 7
Event: 3.259 Thread 0x0000000019258800 Uncommon trap: reason=unreached action=reinterpret pc=0x000000000272b5c0 method=processing.opengl.PGraphicsOpenGL$InGeometry.addVertex(FFFIFFFFFIFIIIFIZ)I @ 218
Event: 3.283 Thread 0x0000000019258800 Uncommon trap: reason=predicate action=maybe_recompile pc=0x00000000027129c4 method=java.util.ArrayList.indexOf(Ljava/lang/Object;)I @ 44
Event: 3.781 Thread 0x0000000019258800 Uncommon trap: reason=unreached action=reinterpret pc=0x00000000025ec7f0 method=java.lang.reflect.AccessibleObject.setAccessible0(Ljava/lang/reflect/AccessibleObject;Z)V @ 4
Event: 11.079 Thread 0x00000000192ea000 Uncommon trap: reason=unreached action=reinterpret pc=0x00000000029a1eac method=java.util.HashMap.keySet()Ljava/util/Set; @ 6

Internal exceptions (10 events):
Event: 3.094 Thread 0x0000000019258800 Exception <a 'java/security/PrivilegedActionException'> (0x00000000e3f9de20) thrown at [D:\re\workspace\8-2-build-windows-amd64-cygwin\jdk8u25\1677\hotspot\src\share\vm\prims\jvm.cpp, line 1312]
Event: 3.095 Thread 0x0000000019258800 Exception <a 'java/security/PrivilegedActionException'> (0x00000000e3fa2228) thrown at [D:\re\workspace\8-2-build-windows-amd64-cygwin\jdk8u25\1677\hotspot\src\share\vm\prims\jvm.cpp, line 1312]
Event: 3.095 Thread 0x0000000019258800 Exception <a 'java/security/PrivilegedActionException'> (0x00000000e3fa6610) thrown at [D:\re\workspace\8-2-build-windows-amd64-cygwin\jdk8u25\1677\hotspot\src\share\vm\prims\jvm.cpp, line 1312]
Event: 3.095 Thread 0x0000000019258800 Exception <a 'java/security/PrivilegedActionException'> (0x00000000e3faa168) thrown at [D:\re\workspace\8-2-build-windows-amd64-cygwin\jdk8u25\1677\hotspot\src\share\vm\prims\jvm.cpp, line 1312]
Event: 3.096 Thread 0x0000000019258800 Exception <a 'java/security/PrivilegedActionException'> (0x00000000e3fae968) thrown at [D:\re\workspace\8-2-build-windows-amd64-cygwin\jdk8u25\1677\hotspot\src\share\vm\prims\jvm.cpp, line 1312]
Event: 3.096 Thread 0x0000000019258800 Exception <a 'java/security/PrivilegedActionException'> (0x00000000e3fb20a0) thrown at [D:\re\workspace\8-2-build-windows-amd64-cygwin\jdk8u25\1677\hotspot\src\share\vm\prims\jvm.cpp, line 1312]
Event: 3.096 Thread 0x0000000019258800 Exception <a 'java/security/PrivilegedActionException'> (0x00000000e3fb5fe8) thrown at [D:\re\workspace\8-2-build-windows-amd64-cygwin\jdk8u25\1677\hotspot\src\share\vm\prims\jvm.cpp, line 1312]
Event: 3.097 Thread 0x0000000019258800 Exception <a 'java/security/PrivilegedActionException'> (0x00000000e3fbbef8) thrown at [D:\re\workspace\8-2-build-windows-amd64-cygwin\jdk8u25\1677\hotspot\src\share\vm\prims\jvm.cpp, line 1312]
Event: 3.110 Thread 0x0000000019258800 Exception <a 'java/security/PrivilegedActionException'> (0x00000000e4097508) thrown at [D:\re\workspace\8-2-build-windows-amd64-cygwin\jdk8u25\1677\hotspot\src\share\vm\prims\jvm.cpp, line 1312]
Event: 11.079 Thread 0x00000000192ea000 Implicit null exception at 0x00000000029a1be7 to 0x00000000029a1e9d

Events (10 events):
Event: 7.880 Executing VM operation: ParallelGCFailedAllocation done
Event: 8.809 Executing VM operation: ParallelGCFailedAllocation
Event: 8.813 Executing VM operation: ParallelGCFailedAllocation done
Event: 9.746 Executing VM operation: ParallelGCFailedAllocation
Event: 9.751 Executing VM operation: ParallelGCFailedAllocation done
Event: 10.708 Executing VM operation: ParallelGCFailedAllocation
Event: 10.713 Executing VM operation: ParallelGCFailedAllocation done
Event: 11.079 Thread 0x00000000192ea000 Uncommon trap: trap_request=0xffffffad fr.pc=0x00000000029a1eac
Event: 11.079 Thread 0x00000000192ea000 DEOPT PACKING pc=0x00000000029a1eac sp=0x000000001c3fed30
Event: 11.079 Thread 0x00000000192ea000 DEOPT UNPACKING pc=0x000000000237556a sp=0x000000001c3fec88 mode 2


Dynamic libraries:
0x00007ff745f80000 - 0x00007ff745fb4000 	C:\Program Files\Java\jre1.8.0_25\bin\javaw.exe
0x00007ffee8210000 - 0x00007ffee83bc000 	C:\WINDOWS\SYSTEM32\ntdll.dll
0x00007ffee60e0000 - 0x00007ffee621e000 	C:\WINDOWS\system32\KERNEL32.DLL
0x00007ffee54e0000 - 0x00007ffee55f5000 	C:\WINDOWS\system32\KERNELBASE.dll
0x00007ffee3ee0000 - 0x00007ffee3f6e000 	C:\WINDOWS\system32\apphelp.dll
0x00007ffecebf0000 - 0x00007ffecec43000 	C:\WINDOWS\AppPatch\AppPatch64\AcGenral.DLL
0x00007ffee6010000 - 0x00007ffee60ba000 	C:\WINDOWS\system32\msvcrt.dll
0x00007ffee5190000 - 0x00007ffee51be000 	C:\WINDOWS\SYSTEM32\SspiCli.dll
0x00007ffee5fb0000 - 0x00007ffee6004000 	C:\WINDOWS\system32\SHLWAPI.dll
0x00007ffee7fd0000 - 0x00007ffee8147000 	C:\WINDOWS\system32\USER32.dll
0x00007ffee5bc0000 - 0x00007ffee5d54000 	C:\WINDOWS\system32\ole32.dll
0x00007ffee66a0000 - 0x00007ffee7bb8000 	C:\WINDOWS\system32\SHELL32.dll
0x00007ffee48f0000 - 0x00007ffee4911000 	C:\WINDOWS\SYSTEM32\USERENV.dll
0x00007ffee5e20000 - 0x00007ffee5eca000 	C:\WINDOWS\system32\ADVAPI32.dll
0x00007ffed7630000 - 0x00007ffed764e000 	C:\WINDOWS\SYSTEM32\MPR.dll
0x00007ffee63f0000 - 0x00007ffee6531000 	C:\WINDOWS\system32\RPCRT4.dll
0x00007ffee5ed0000 - 0x00007ffee5f29000 	C:\WINDOWS\SYSTEM32\sechost.dll
0x00007ffee7db0000 - 0x00007ffee7fc1000 	C:\WINDOWS\SYSTEM32\combase.dll
0x00007ffee6540000 - 0x00007ffee6691000 	C:\WINDOWS\system32\GDI32.dll
0x00007ffee5360000 - 0x00007ffee5375000 	C:\WINDOWS\SYSTEM32\profapi.dll
0x00007ffee3700000 - 0x00007ffee37b2000 	C:\WINDOWS\SYSTEM32\SHCORE.dll
0x00007ffee5a40000 - 0x00007ffee5a76000 	C:\WINDOWS\system32\IMM32.DLL
0x00007ffee6220000 - 0x00007ffee6372000 	C:\WINDOWS\system32\MSCTF.dll
0x00007ffee2a70000 - 0x00007ffee2ceb000 	C:\WINDOWS\WinSxS\amd64_microsoft.windows.common-controls_6595b64144ccf1df_6.0.9600.17415_none_6240486fecbd8abb\COMCTL32.dll
0x00000000696c0000 - 0x0000000069792000 	C:\Program Files\Java\jre1.8.0_25\bin\msvcr100.dll
0x000000006a3b0000 - 0x000000006ac0a000 	C:\Program Files\Java\jre1.8.0_25\bin\server\jvm.dll
0x00007ffecd2f0000 - 0x00007ffecd2f9000 	C:\WINDOWS\SYSTEM32\WSOCK32.dll
0x00007ffed77f0000 - 0x00007ffed7812000 	C:\WINDOWS\SYSTEM32\WINMM.dll
0x00007ffee7da0000 - 0x00007ffee7da7000 	C:\WINDOWS\system32\PSAPI.DLL
0x00007ffee5a80000 - 0x00007ffee5ada000 	C:\WINDOWS\system32\WS2_32.dll
0x00007ffed75d0000 - 0x00007ffed75fa000 	C:\WINDOWS\SYSTEM32\WINMMBASE.dll
0x00007ffee60d0000 - 0x00007ffee60d9000 	C:\WINDOWS\system32\NSI.dll
0x00007ffee5840000 - 0x00007ffee588f000 	C:\WINDOWS\SYSTEM32\cfgmgr32.dll
0x00007ffee4150000 - 0x00007ffee4178000 	C:\WINDOWS\SYSTEM32\DEVOBJ.dll
0x000000006b5e0000 - 0x000000006b5ef000 	C:\Program Files\Java\jre1.8.0_25\bin\verify.dll
0x000000006b5b0000 - 0x000000006b5d8000 	C:\Program Files\Java\jre1.8.0_25\bin\java.dll
0x000000006b590000 - 0x000000006b5a6000 	C:\Program Files\Java\jre1.8.0_25\bin\zip.dll
0x0000000069520000 - 0x00000000696b8000 	C:\Program Files\Java\jre1.8.0_25\bin\awt.dll
0x00007ffee5ae0000 - 0x00007ffee5ba1000 	C:\WINDOWS\system32\OLEAUT32.dll
0x00007ffee3500000 - 0x00007ffee3521000 	C:\WINDOWS\system32\DWMAPI.DLL
0x00007ffee3fd0000 - 0x00007ffee40f9000 	C:\WINDOWS\system32\uxtheme.dll
0x00007ffee41a0000 - 0x00007ffee41ab000 	C:\WINDOWS\SYSTEM32\kernel.appcore.dll
0x00007ffee5230000 - 0x00007ffee523b000 	C:\WINDOWS\SYSTEM32\CRYPTBASE.dll
0x00007ffee51c0000 - 0x00007ffee5223000 	C:\WINDOWS\SYSTEM32\bcryptPrimitives.dll
0x00007ffedaca0000 - 0x00007ffedaec1000 	C:\WINDOWS\system32\d3d9.dll
0x00007ffee3010000 - 0x00007ffee301a000 	C:\WINDOWS\SYSTEM32\VERSION.dll
0x00007ffee2870000 - 0x00007ffee29bb000 	C:\WINDOWS\SYSTEM32\aticfx64.dll
0x00007ffec0180000 - 0x00007ffec01a1000 	C:\WINDOWS\SYSTEM32\atiu9p64.dll
0x00007ffebed60000 - 0x00007ffebf545000 	C:\WINDOWS\SYSTEM32\atiumd64.dll
0x000000006acf0000 - 0x000000006b4a7000 	C:\WINDOWS\SYSTEM32\atiumd6a.dll
0x00000000694d0000 - 0x0000000069517000 	C:\Program Files\Java\jre1.8.0_25\bin\fontmanager.dll
0x00007ffee4d60000 - 0x00007ffee4d80000 	C:\WINDOWS\SYSTEM32\CRYPTSP.dll
0x00007ffee47e0000 - 0x00007ffee4816000 	C:\WINDOWS\system32\rsaenh.dll
0x00007ffee4e80000 - 0x00007ffee4ea6000 	C:\WINDOWS\SYSTEM32\bcrypt.dll
0x000000006b570000 - 0x000000006b58a000 	C:\Program Files\Java\jre1.8.0_25\bin\net.dll
0x00007ffee4b20000 - 0x00007ffee4b79000 	C:\WINDOWS\system32\mswsock.dll
0x00007ffee1080000 - 0x00007ffee10aa000 	C:\WINDOWS\SYSTEM32\IPHLPAPI.DLL
0x00007ffee2670000 - 0x00007ffee267a000 	C:\WINDOWS\SYSTEM32\WINNSI.DLL
0x00007ffee0160000 - 0x00007ffee0176000 	C:\WINDOWS\SYSTEM32\dhcpcsvc6.DLL
0x00007ffee02b0000 - 0x00007ffee02ca000 	C:\WINDOWS\SYSTEM32\dhcpcsvc.DLL
0x000000006a390000 - 0x000000006a3a1000 	C:\Program Files\Java\jre1.8.0_25\bin\nio.dll
0x00000000637c0000 - 0x00000000637cd000 	S:\Users\Ben\AppData\Local\Temp\jogamp_0000\file_cache\jln6859199461105048399\jln4253877642500301811\gluegen-rt.dll
0x00000000694c0000 - 0x00000000694c7000 	C:\Program Files\Java\jre1.8.0_25\bin\jawt.dll
0x0000000019ea0000 - 0x0000000019ead000 	S:\Users\Ben\AppData\Local\Temp\jogamp_0000\file_cache\jln6859199461105048399\jln4253877642500301811\nativewindow_awt.dll
0x000000006c100000 - 0x000000006c10f000 	S:\Users\Ben\AppData\Local\Temp\jogamp_0000\file_cache\jln6859199461105048399\jln4253877642500301811\nativewindow_win32.dll
0x00007ffecea70000 - 0x00007ffeceb9b000 	C:\WINDOWS\SYSTEM32\OpenGL32.dll
0x00007ffedc700000 - 0x00007ffedc72e000 	C:\WINDOWS\SYSTEM32\GLU32.dll
0x00007ffecee10000 - 0x00007ffecef08000 	C:\WINDOWS\SYSTEM32\DDRAW.dll
0x00007ffee0d60000 - 0x00007ffee0d69000 	C:\WINDOWS\SYSTEM32\DCIMAN32.dll
0x0000000064500000 - 0x00000000645a2000 	S:\Users\Ben\AppData\Local\Temp\jogamp_0000\file_cache\jln6859199461105048399\jln4253877642500301811\jogl_desktop.dll
0x00007ffedc6d0000 - 0x00007ffedc6e8000 	C:\WINDOWS\SYSTEM32\atig6pxx.dll
0x0000000067910000 - 0x00000000694bf000 	C:\WINDOWS\SYSTEM32\atio6axx.dll
0x00007ffee7bc0000 - 0x00007ffee7d9a000 	C:\WINDOWS\system32\SETUPAPI.dll
0x00007ffee10e0000 - 0x00007ffee1217000 	C:\WINDOWS\SYSTEM32\atiadlxx.dll
0x00007ffee16b0000 - 0x00007ffee182f000 	C:\WINDOWS\SYSTEM32\PROPSYS.dll
0x00007ffee3f70000 - 0x00007ffee3f82000 	C:\WINDOWS\SYSTEM32\WTSAPI32.dll
0x00007ffee57e0000 - 0x00007ffee5831000 	C:\WINDOWS\system32\WINTRUST.dll
0x00007ffee5600000 - 0x00007ffee57df000 	C:\WINDOWS\system32\CRYPT32.dll
0x00007ffee5410000 - 0x00007ffee5421000 	C:\WINDOWS\system32\MSASN1.dll
0x00007ffedc550000 - 0x00007ffedc579000 	C:\WINDOWS\SYSTEM32\atig6txx.dll
0x00007ffece8d0000 - 0x00007ffecea6c000 	O:\OneDrive\Workspace\ZZavatar\lib\user\KinectPV2\Kinect20.Face.dll
0x00007ffed76f0000 - 0x00007ffed7797000 	C:\WINDOWS\SYSTEM32\MSVCP110.dll
0x00007ffeddd70000 - 0x00007ffedde3e000 	C:\WINDOWS\SYSTEM32\MSVCR110.dll
0x00007ffedc6c0000 - 0x00007ffedc6d0000 	O:\OneDrive\Workspace\ZZavatar\lib\user\KinectPV2\KinectPV2.dll
0x00007ffeda070000 - 0x00007ffeda12a000 	C:\WINDOWS\SYSTEM32\Kinect20.dll
0x00007ffed7820000 - 0x00007ffed790b000 	C:\WINDOWS\SYSTEM32\MFPlat.DLL
0x00007ffed7650000 - 0x00007ffed7677000 	C:\WINDOWS\SYSTEM32\RTWorkQ.DLL
0x00007ffee3130000 - 0x00007ffee313c000 	C:\WINDOWS\SYSTEM32\AVRT.dll
0x00007ffebeae0000 - 0x00007ffebec6a000 	C:\WINDOWS\SYSTEM32\dbghelp.dll

VM Arguments:
jvm_args: -Djava.library.path=O:\OneDrive\Workspace\ZZavatar\lib\base\video;O:\OneDrive\Workspace\ZZavatar\lib\base\video;O:\OneDrive\Workspace\ZZavatar\lib\base\video;O:\OneDrive\Workspace\ZZavatar\lib\base\core;O:\OneDrive\Workspace\ZZavatar\lib\base\core;O:\OneDrive\Workspace\ZZavatar\lib\base\core;O:\OneDrive\Workspace\ZZavatar\lib\base\core;O:\OneDrive\Workspace\ZZavatar\lib\base\core;O:\OneDrive\Workspace\ZZavatar\lib\base\core;O:\OneDrive\Workspace\ZZavatar\lib\base\core;O:\OneDrive\Workspace\ZZavatar\lib\base\core;O:\OneDrive\Workspace\ZZavatar\lib\base\core;O:\OneDrive\Workspace\ZZavatar\lib\base\core;O:\OneDrive\Workspace\ZZavatar\lib\base\core;O:\OneDrive\Workspace\ZZavatar\lib\base\core;O:\OneDrive\Workspace\ZZavatar\lib\base\core;O:\OneDrive\Workspace\ZZavatar\lib\base\core;O:\OneDrive\Workspace\ZZavatar\lib\base\core;O:\OneDrive\Workspace\ZZavatar\lib\user\Kinect4WinSDK;O:\OneDrive\Workspace\ZZavatar\lib\user\KinectPV2;O:\OneDrive\Workspace\ZZavatar\lib\user\SimpleOpenNI -Dfile.encoding=Cp1252 
java_command: zzavatar.ZZavatar
java_class_path (initial): O:\OneDrive\Workspace\ZZavatar\lib\base\video\gstreamer-java.jar;O:\OneDrive\Workspace\ZZavatar\lib\base\video\jna.jar;O:\OneDrive\Workspace\ZZavatar\lib\base\video\video.jar;O:\OneDrive\Workspace\ZZavatar\lib\base\core\core.jar;O:\OneDrive\Workspace\ZZavatar\lib\base\core\gluegen-rt-natives-linux-amd64.jar;O:\OneDrive\Workspace\ZZavatar\lib\base\core\gluegen-rt-natives-linux-armv6hf.jar;O:\OneDrive\Workspace\ZZavatar\lib\base\core\gluegen-rt-natives-linux-i586.jar;O:\OneDrive\Workspace\ZZavatar\lib\base\core\gluegen-rt-natives-macosx-universal.jar;O:\OneDrive\Workspace\ZZavatar\lib\base\core\gluegen-rt-natives-windows-amd64.jar;O:\OneDrive\Workspace\ZZavatar\lib\base\core\gluegen-rt-natives-windows-i586.jar;O:\OneDrive\Workspace\ZZavatar\lib\base\core\gluegen-rt.jar;O:\OneDrive\Workspace\ZZavatar\lib\base\core\jogl-all-natives-linux-amd64.jar;O:\OneDrive\Workspace\ZZavatar\lib\base\core\jogl-all-natives-linux-armv6hf.jar;O:\OneDrive\Workspace\ZZavatar\lib\base\core\jogl-all-natives-linux-i586.jar;O:\OneDrive\Workspace\ZZavatar\lib\base\core\jogl-all-natives-macosx-universal.jar;O:\OneDrive\Workspace\ZZavatar\lib\base\core\jogl-all-natives-windows-amd64.jar;O:\OneDrive\Workspace\ZZavatar\lib\base\core\jogl-all-natives-windows-i586.jar;O:\OneDrive\Workspace\ZZavatar\lib\base\core\jogl-all.jar;O:\OneDrive\Workspace\ZZavatar\lib\user\Kinect4WinSDK\Kinect4WinSDK.jar;O:\OneDrive\Workspace\ZZavatar\lib\user\KinectPV2\KinectPV2.jar;O:\OneDrive\Workspace\ZZavatar\lib\user\SimpleOpenNI\SimpleOpenNI.jar;O:\OneDrive\Workspace\ZZavatar\bin
Launcher Type: SUN_STANDARD

Environment Variables:
JAVA_HOME=C:\Program Files\Java\jdk1.8.0_25
PATH=C:/Program Files/Java/jre1.8.0_25/bin/server;C:/Program Files/Java/jre1.8.0_25/bin;C:/Program Files/Java/jre1.8.0_25/lib/amd64;C:\Program Files (x86)\NVIDIA Corporation\PhysX\Common;C:\ProgramData\Oracle\Java\javapath;C:\Program Files (x86)\Common Files\Intel\Shared Libraries\redist\intel64\compiler;C:\Program Files (x86)\Common Files\Intel\Shared Libraries\redist\ia32\compiler;C:\Program Files (x86)\Intel\iCLS Client\;C:\Program Files\Intel\iCLS Client\;C:\Program Files (x86)\AMD APP\bin\x86_64;C:\Program Files (x86)\AMD APP\bin\x86;C:\WINDOWS\system32;C:\WINDOWS;C:\WINDOWS\System32\Wbem;C:\WINDOWS\System32\WindowsPowerShell\v1.0\;C:\Program Files (x86)\ATI Technologies\ATI.ACE\Core-Static;C:\Program Files\Intel\Intel(R) Management Engine Components\DAL;C:\Program Files\Intel\Intel(R) Management Engine Components\IPT;C:\Program Files (x86)\Intel\Intel(R) Management Engine Components\DAL;C:\Program Files (x86)\Intel\Intel(R) Management Engine Components\IPT;C:\Program Files\Sony\VAIO Improvement\;C:\Program Files (x86)\Sony\VAIO Startup Setting Tool;C:\Program Files (x86)\Windows Kits\8.1\Windows Performance Toolkit\;C:\Program Files\Microsoft SQL Server\110\Tools\Binn\;C:\Program Files (x86)\Microsoft SDKs\TypeScript\1.0\;C:\Program Files\Microsoft\Web Platform Installer\;C:\Program Files (x86)\Java\jre1.8.0_25\bin;P:\Programs\Python27\Scripts;P:\Programs\Python27;C:\Program Files\Common Files\Autodesk Shared\;P:\Program Files\Programs;P:\Program Files\Games;P:\Programs\Eclipse;
USERNAME=Benoît
OS=Windows_NT
PROCESSOR_IDENTIFIER=Intel64 Family 6 Model 58 Stepping 9, GenuineIntel



---------------  S Y S T E M  ---------------

OS: Windows 8.1 , 64 bit Build 9600 

CPU:total 8 (4 cores per cpu, 2 threads per core) family 6 model 58 stepping 9, cmov, cx8, fxsr, mmx, sse, sse2, sse3, ssse3, sse4.1, sse4.2, popcnt, avx, aes, clmul, erms, ht, tsc, tscinvbit, tscinv

Memory: 4k page, physical 6237468k(1610748k free), swap 10431772k(3841948k free)

vm_info: Java HotSpot(TM) 64-Bit Server VM (25.25-b02) for windows-amd64 JRE (1.8.0_25-b18), built on Oct  7 2014 14:25:37 by "java_re" with MS VC++ 10.0 (VS2010)

time: Thu Apr 23 16:44:06 2015
elapsed time: 11 seconds (0d 0h 0m 11s)

