#
# A fatal error has been detected by the Java Runtime Environment:
#
#  EXCEPTION_ACCESS_VIOLATION (0xc0000005) at pc=0x00007ffeda08464a, pid=2444, tid=164
#
# JRE version: Java(TM) SE Runtime Environment (8.0_25-b18) (build 1.8.0_25-b18)
# Java VM: Java HotSpot(TM) 64-Bit Server VM (25.25-b02 mixed mode windows-amd64 compressed oops)
# Problematic frame:
# C  [Kinect20.dll+0x1464a]
#
# Failed to write core dump. Minidumps are not enabled by default on client versions of Windows
#
# If you would like to submit a bug report, please visit:
#   http://bugreport.sun.com/bugreport/crash.jsp
# The crash happened outside the Java Virtual Machine in native code.
# See problematic frame for where to report the bug.
#

---------------  T H R E A D  ---------------

Current thread (0x00000000197f3000):  JavaThread "Thread-4" [_thread_in_native, id=164, stack(0x000000002e8f0000,0x000000002e9f0000)]

siginfo: ExceptionCode=0xc0000005, writing address 0x00000000259f6040

Registers:
RAX=0x00000000007e9000, RBX=0x00000000003f4800, RCX=0x0000000032488010, RDX=0x0000000000005c80
RSP=0x000000002e9eeba0, RBP=0x000000002e9eebc0, RSI=0x00000000320f0000, RDI=0x00000000252c6040
R8 =0x00000000259f6060, R9 =0x00000000007e9000, R10=0x000000002030edd0, R11=0x000000002e9eec98
R12=0x00000000007e9000, R13=0x00000000202fbbf8, R14=0x00000000320f0000, R15=0x00000000003f4800
RIP=0x00007ffeda08464a, EFLAGS=0x0000000000010202

Top of Stack: (sp=0x000000002e9eeba0)
0x000000002e9eeba0:   00000000202fbc50 000000002e9eec38
0x000000002e9eebb0:   000000002e9eec50 00000253003f4800
0x000000002e9eebc0:   0000000000000000 0000000000000000
0x000000002e9eebd0:   0000000000000000 0000000000000000
0x000000002e9eebe0:   0000000000000000 0000000000000000
0x000000002e9eebf0:   0000000000000000 0000000000000000
0x000000002e9eec00:   0000000000000000 0000000000000000
0x000000002e9eec10:   0000000000000000 0000000000000000
0x000000002e9eec20:   0000000000000000 0000000000000000
0x000000002e9eec30:   0000000000000000 0000000000000000
0x000000002e9eec40:   0000000000000000 0000000000000000
0x000000002e9eec50:   0000000000000000 0000000000000000
0x000000002e9eec60:   00000000007e9000 00007ffeda07365f
0x000000002e9eec70:   fffffffffffffffe 0000c7847ea3a82d
0x000000002e9eec80:   0000000000000003 00000000252c6040
0x000000002e9eec90:   0000000000000000 00007ffeda0a7bd2 

Instructions: (pc=0x00007ffeda08464a)
0x00007ffeda08462a:   ca c5 7c 28 1d 6d fb 05 00 c4 e2 41 2b c0 4d 8d
0x00007ffeda08463a:   40 20 c5 f1 67 d0 48 8d 49 10 c4 e3 6d 18 db 01
0x00007ffeda08464a:   c4 c1 7e 7f 58 e0 ff ca 0f 85 28 fe ff ff c5 f8
0x00007ffeda08465a:   77 4c 8d 9c 24 c0 00 00 00 c4 c1 78 28 73 f0 c4 


Register to memory mapping:

RAX=0x00000000007e9000 is an unknown value
RBX=0x00000000003f4800 is an unknown value
RCX=0x0000000032488010 is an unknown value
RDX=0x0000000000005c80 is an unknown value
RSP=0x000000002e9eeba0 is pointing into the stack for thread: 0x00000000197f3000
RBP=0x000000002e9eebc0 is pointing into the stack for thread: 0x00000000197f3000
RSI=0x00000000320f0000 is an unknown value
RDI=0x00000000252c6040 is an unknown value
R8 =0x00000000259f6060 is an unknown value
R9 =0x00000000007e9000 is an unknown value
R10=0x000000002030edd0 is an unknown value
R11=0x000000002e9eec98 is pointing into the stack for thread: 0x00000000197f3000
R12=0x00000000007e9000 is an unknown value
R13=0x00000000202fbbf8 is an unknown value
R14=0x00000000320f0000 is an unknown value
R15=0x00000000003f4800 is an unknown value


Stack: [0x000000002e8f0000,0x000000002e9f0000],  sp=0x000000002e9eeba0,  free space=1018k
Native frames: (J=compiled Java code, j=interpreted, Vv=VM code, C=native code)
C  [Kinect20.dll+0x1464a]
C  [Kinect20.dll+0x365f]
C  [Kinect20.dll+0x37bd2]
C  [KinectPV2.dll+0x42cb]
C  [KinectPV2.dll+0x16a2]
C  0x00000000025e27b9

Java frames: (J=compiled Java code, j=interpreted, Vv=VM code)
J 1033  KinectPV2.Device.jniUpdate()Z (0 bytes) @ 0x00000000025e273b [0x00000000025e2700+0x3b]
J 2252 C2 KinectPV2.Device.updateDevice()Z (7 bytes) @ 0x00000000029f6f94 [0x00000000029f6f60+0x34]
j  KinectPV2.Device.run()V+4
j  java.lang.Thread.run()V+11
v  ~StubRoutines::call_stub

---------------  P R O C E S S  ---------------

Java Threads: ( => current thread )
=>0x00000000197f3000 JavaThread "Thread-4" [_thread_in_native, id=164, stack(0x000000002e8f0000,0x000000002e9f0000)]
  0x00000000195ca800 JavaThread "Animation Thread-SharedResourceRunner" daemon [_thread_blocked, id=6684, stack(0x000000001e630000,0x000000001e730000)]
  0x000000000084e800 JavaThread "DestroyJavaVM" [_thread_blocked, id=3700, stack(0x0000000001fd0000,0x00000000020d0000)]
  0x0000000019273000 JavaThread "D3D Screen Updater" daemon [_thread_blocked, id=9772, stack(0x000000001c660000,0x000000001c760000)]
  0x000000001927e800 JavaThread "Animation Thread" [_thread_in_native, id=9780, stack(0x000000001c360000,0x000000001c460000)]
  0x00000000191eb000 JavaThread "AWT-EventQueue-0" [_thread_blocked, id=7884, stack(0x000000001c160000,0x000000001c260000)]
  0x00000000191ad800 JavaThread "AWT-Windows" daemon [_thread_in_native, id=8856, stack(0x0000000019ac0000,0x0000000019bc0000)]
  0x00000000191ad000 JavaThread "AWT-Shutdown" [_thread_blocked, id=8600, stack(0x00000000199c0000,0x0000000019ac0000)]
  0x00000000191aa000 JavaThread "Java2D Disposer" daemon [_thread_blocked, id=5848, stack(0x00000000198c0000,0x00000000199c0000)]
  0x0000000017fd1000 JavaThread "Service Thread" daemon [_thread_blocked, id=9020, stack(0x0000000018920000,0x0000000018a20000)]
  0x0000000017f55000 JavaThread "C1 CompilerThread3" daemon [_thread_blocked, id=6836, stack(0x0000000018820000,0x0000000018920000)]
  0x0000000017f54800 JavaThread "C2 CompilerThread2" daemon [_thread_blocked, id=7676, stack(0x0000000018720000,0x0000000018820000)]
  0x0000000017f4e800 JavaThread "C2 CompilerThread1" daemon [_thread_blocked, id=196, stack(0x0000000018620000,0x0000000018720000)]
  0x0000000017f49000 JavaThread "C2 CompilerThread0" daemon [_thread_blocked, id=8616, stack(0x0000000018520000,0x0000000018620000)]
  0x0000000017f47000 JavaThread "Attach Listener" daemon [_thread_blocked, id=9032, stack(0x0000000018420000,0x0000000018520000)]
  0x0000000017f45800 JavaThread "Signal Dispatcher" daemon [_thread_blocked, id=9064, stack(0x0000000018320000,0x0000000018420000)]
  0x00000000021ca000 JavaThread "Finalizer" daemon [_thread_blocked, id=10168, stack(0x0000000017e20000,0x0000000017f20000)]
  0x00000000021c1000 JavaThread "Reference Handler" daemon [_thread_blocked, id=1184, stack(0x0000000017d20000,0x0000000017e20000)]

Other Threads:
  0x0000000015f19000 VMThread [stack: 0x0000000017c20000,0x0000000017d20000] [id=8044]
  0x0000000017fd4800 WatcherThread [stack: 0x0000000018a20000,0x0000000018b20000] [id=2176]

VM state:not at safepoint (normal execution)

VM Mutex/Monitor currently owned by a thread: None

Heap:
 PSYoungGen      total 370176K, used 80169K [0x00000000e0400000, 0x00000000f8a00000, 0x0000000100000000)
  eden space 338944K, 23% used [0x00000000e0400000,0x00000000e520a4f0,0x00000000f4f00000)
  from space 31232K, 0% used [0x00000000f4f00000,0x00000000f4f40000,0x00000000f6d80000)
  to   space 29184K, 0% used [0x00000000f6d80000,0x00000000f6d80000,0x00000000f8a00000)
 ParOldGen       total 224256K, used 155077K [0x00000000a0c00000, 0x00000000ae700000, 0x00000000e0400000)
  object space 224256K, 69% used [0x00000000a0c00000,0x00000000aa371468,0x00000000ae700000)
 Metaspace       used 17987K, capacity 18185K, committed 18432K, reserved 1067008K
  class space    used 1722K, capacity 1761K, committed 1792K, reserved 1048576K

Card table byte_map: [0x0000000011590000,0x0000000011890000] byte_map_base: 0x000000001108a000

Marking Bits: (ParMarkBitMap*) 0x000000006ab8d490
 Begin Bits: [0x0000000012290000, 0x0000000013a60000)
 End Bits:   [0x0000000013a60000, 0x0000000015230000)

Polling page: 0x0000000000810000

CodeCache: size=245760Kb used=8370Kb max_used=8381Kb free=237389Kb
 bounds [0x00000000021d0000, 0x0000000002a10000, 0x00000000111d0000]
 total_blobs=3133 nmethods=2262 adapters=785
 compilation: enabled

Compilation events (10 events):
Event: 23.198 Thread 0x0000000017f54800 2269       4       KinectPV2.Skeleton::createSkeleton3D (284 bytes)
Event: 23.202 Thread 0x0000000017f54800 nmethod 2269 0x00000000022f9850 code [0x00000000022f99c0, 0x00000000022f9c58]
Event: 23.288 Thread 0x0000000017f55000 2270       1       java.awt.EventDispatchThread$1::evaluate (2 bytes)
Event: 23.288 Thread 0x0000000017f55000 nmethod 2270 0x0000000002304ed0 code [0x0000000002305020, 0x0000000002305130]
Event: 23.322 Thread 0x0000000017f49000 2271   !   4       sun.nio.cs.StreamEncoder::flushBuffer (42 bytes)
Event: 23.325 Thread 0x0000000017f49000 nmethod 2271 0x00000000022dc2d0 code [0x00000000022dc420, 0x00000000022dc788]
Event: 23.622 Thread 0x0000000017f4e800 2272       4       jogamp.opengl.gl4.GL4bcImpl$1::create (56 bytes)
Event: 23.625 Thread 0x0000000017f4e800 nmethod 2272 0x00000000022dfb50 code [0x00000000022dfcc0, 0x00000000022dff88]
Event: 23.821 Thread 0x0000000017f54800 2273       4       java.nio.ByteBuffer::<init> (45 bytes)
Event: 23.823 Thread 0x0000000017f54800 nmethod 2273 0x00000000029fa410 code [0x00000000029fa560, 0x00000000029fa698]

GC Heap History (10 events):
Event: 19.467 GC heap before
{Heap before GC invocations=28 (full 3):
 PSYoungGen      total 368640K, used 332949K [0x00000000e0400000, 0x00000000f9580000, 0x0000000100000000)
  eden space 333312K, 99% used [0x00000000e0400000,0x00000000f48e54f0,0x00000000f4980000)
  from space 35328K, 0% used [0x00000000f7300000,0x00000000f7340000,0x00000000f9580000)
  to   space 38912K, 0% used [0x00000000f4980000,0x00000000f4980000,0x00000000f6f80000)
 ParOldGen       total 224256K, used 154949K [0x00000000a0c00000, 0x00000000ae700000, 0x00000000e0400000)
  object space 224256K, 69% used [0x00000000a0c00000,0x00000000aa351468,0x00000000ae700000)
 Metaspace       used 17986K, capacity 18185K, committed 18432K, reserved 1067008K
  class space    used 1722K, capacity 1761K, committed 1792K, reserved 1048576K
Event: 19.471 GC heap after
Heap after GC invocations=28 (full 3):
 PSYoungGen      total 372224K, used 8324K [0x00000000e0400000, 0x00000000f9400000, 0x0000000100000000)
  eden space 333312K, 0% used [0x00000000e0400000,0x00000000e0400000,0x00000000f4980000)
  from space 38912K, 21% used [0x00000000f4980000,0x00000000f51a1010,0x00000000f6f80000)
  to   space 36352K, 0% used [0x00000000f7080000,0x00000000f7080000,0x00000000f9400000)
 ParOldGen       total 224256K, used 154949K [0x00000000a0c00000, 0x00000000ae700000, 0x00000000e0400000)
  object space 224256K, 69% used [0x00000000a0c00000,0x00000000aa351468,0x00000000ae700000)
 Metaspace       used 17986K, capacity 18185K, committed 18432K, reserved 1067008K
  class space    used 1722K, capacity 1761K, committed 1792K, reserved 1048576K
}
Event: 20.595 GC heap before
{Heap before GC invocations=29 (full 3):
 PSYoungGen      total 372224K, used 334613K [0x00000000e0400000, 0x00000000f9400000, 0x0000000100000000)
  eden space 333312K, 97% used [0x00000000e0400000,0x00000000f42a45c8,0x00000000f4980000)
  from space 38912K, 21% used [0x00000000f4980000,0x00000000f51a1010,0x00000000f6f80000)
  to   space 36352K, 0% used [0x00000000f7080000,0x00000000f7080000,0x00000000f9400000)
 ParOldGen       total 224256K, used 154949K [0x00000000a0c00000, 0x00000000ae700000, 0x00000000e0400000)
  object space 224256K, 69% used [0x00000000a0c00000,0x00000000aa351468,0x00000000ae700000)
 Metaspace       used 17986K, capacity 18185K, committed 18432K, reserved 1067008K
  class space    used 1722K, capacity 1761K, committed 1792K, reserved 1048576K
Event: 20.597 GC heap after
Heap after GC invocations=29 (full 3):
 PSYoungGen      total 369152K, used 224K [0x00000000e0400000, 0x00000000f9080000, 0x0000000100000000)
  eden space 336384K, 0% used [0x00000000e0400000,0x00000000e0400000,0x00000000f4c80000)
  from space 32768K, 0% used [0x00000000f7080000,0x00000000f70b8000,0x00000000f9080000)
  to   space 34816K, 0% used [0x00000000f4c80000,0x00000000f4c80000,0x00000000f6e80000)
 ParOldGen       total 224256K, used 154949K [0x00000000a0c00000, 0x00000000ae700000, 0x00000000e0400000)
  object space 224256K, 69% used [0x00000000a0c00000,0x00000000aa351468,0x00000000ae700000)
 Metaspace       used 17986K, capacity 18185K, committed 18432K, reserved 1067008K
  class space    used 1722K, capacity 1761K, committed 1792K, reserved 1048576K
}
Event: 21.696 GC heap before
{Heap before GC invocations=30 (full 3):
 PSYoungGen      total 369152K, used 331599K [0x00000000e0400000, 0x00000000f9080000, 0x0000000100000000)
  eden space 336384K, 98% used [0x00000000e0400000,0x00000000f479bd28,0x00000000f4c80000)
  from space 32768K, 0% used [0x00000000f7080000,0x00000000f70b8000,0x00000000f9080000)
  to   space 34816K, 0% used [0x00000000f4c80000,0x00000000f4c80000,0x00000000f6e80000)
 ParOldGen       total 224256K, used 154949K [0x00000000a0c00000, 0x00000000ae700000, 0x00000000e0400000)
  object space 224256K, 69% used [0x00000000a0c00000,0x00000000aa351468,0x00000000ae700000)
 Metaspace       used 17986K, capacity 18185K, committed 18432K, reserved 1067008K
  class space    used 1722K, capacity 1761K, committed 1792K, reserved 1048576K
Event: 21.697 GC heap after
Heap after GC invocations=30 (full 3):
 PSYoungGen      total 371200K, used 256K [0x00000000e0400000, 0x00000000f8f00000, 0x0000000100000000)
  eden space 336384K, 0% used [0x00000000e0400000,0x00000000e0400000,0x00000000f4c80000)
  from space 34816K, 0% used [0x00000000f4c80000,0x00000000f4cc0000,0x00000000f6e80000)
  to   space 32768K, 0% used [0x00000000f6f00000,0x00000000f6f00000,0x00000000f8f00000)
 ParOldGen       total 224256K, used 154973K [0x00000000a0c00000, 0x00000000ae700000, 0x00000000e0400000)
  object space 224256K, 69% used [0x00000000a0c00000,0x00000000aa357468,0x00000000ae700000)
 Metaspace       used 17986K, capacity 18185K, committed 18432K, reserved 1067008K
  class space    used 1722K, capacity 1761K, committed 1792K, reserved 1048576K
}
Event: 22.828 GC heap before
{Heap before GC invocations=31 (full 3):
 PSYoungGen      total 371200K, used 334679K [0x00000000e0400000, 0x00000000f8f00000, 0x0000000100000000)
  eden space 336384K, 99% used [0x00000000e0400000,0x00000000f4a95f68,0x00000000f4c80000)
  from space 34816K, 0% used [0x00000000f4c80000,0x00000000f4cc0000,0x00000000f6e80000)
  to   space 32768K, 0% used [0x00000000f6f00000,0x00000000f6f00000,0x00000000f8f00000)
 ParOldGen       total 224256K, used 154973K [0x00000000a0c00000, 0x00000000ae700000, 0x00000000e0400000)
  object space 224256K, 69% used [0x00000000a0c00000,0x00000000aa357468,0x00000000ae700000)
 Metaspace       used 17986K, capacity 18185K, committed 18432K, reserved 1067008K
  class space    used 1722K, capacity 1761K, committed 1792K, reserved 1048576K
Event: 22.830 GC heap after
Heap after GC invocations=31 (full 3):
 PSYoungGen      total 368640K, used 192K [0x00000000e0400000, 0x00000000f8c00000, 0x0000000100000000)
  eden space 338944K, 0% used [0x00000000e0400000,0x00000000e0400000,0x00000000f4f00000)
  from space 29696K, 0% used [0x00000000f6f00000,0x00000000f6f30000,0x00000000f8c00000)
  to   space 31232K, 0% used [0x00000000f4f00000,0x00000000f4f00000,0x00000000f6d80000)
 ParOldGen       total 224256K, used 155021K [0x00000000a0c00000, 0x00000000ae700000, 0x00000000e0400000)
  object space 224256K, 69% used [0x00000000a0c00000,0x00000000aa363468,0x00000000ae700000)
 Metaspace       used 17986K, capacity 18185K, committed 18432K, reserved 1067008K
  class space    used 1722K, capacity 1761K, committed 1792K, reserved 1048576K
}
Event: 23.960 GC heap before
{Heap before GC invocations=32 (full 3):
 PSYoungGen      total 368640K, used 334674K [0x00000000e0400000, 0x00000000f8c00000, 0x0000000100000000)
  eden space 338944K, 98% used [0x00000000e0400000,0x00000000f4aa4988,0x00000000f4f00000)
  from space 29696K, 0% used [0x00000000f6f00000,0x00000000f6f30000,0x00000000f8c00000)
  to   space 31232K, 0% used [0x00000000f4f00000,0x00000000f4f00000,0x00000000f6d80000)
 ParOldGen       total 224256K, used 155021K [0x00000000a0c00000, 0x00000000ae700000, 0x00000000e0400000)
  object space 224256K, 69% used [0x00000000a0c00000,0x00000000aa363468,0x00000000ae700000)
 Metaspace       used 17986K, capacity 18185K, committed 18432K, reserved 1067008K
  class space    used 1722K, capacity 1761K, committed 1792K, reserved 1048576K
Event: 23.961 GC heap after
Heap after GC invocations=32 (full 3):
 PSYoungGen      total 370176K, used 256K [0x00000000e0400000, 0x00000000f8a00000, 0x0000000100000000)
  eden space 338944K, 0% used [0x00000000e0400000,0x00000000e0400000,0x00000000f4f00000)
  from space 31232K, 0% used [0x00000000f4f00000,0x00000000f4f40000,0x00000000f6d80000)
  to   space 29184K, 0% used [0x00000000f6d80000,0x00000000f6d80000,0x00000000f8a00000)
 ParOldGen       total 224256K, used 155077K [0x00000000a0c00000, 0x00000000ae700000, 0x00000000e0400000)
  object space 224256K, 69% used [0x00000000a0c00000,0x00000000aa371468,0x00000000ae700000)
 Metaspace       used 17986K, capacity 18185K, committed 18432K, reserved 1067008K
  class space    used 1722K, capacity 1761K, committed 1792K, reserved 1048576K
}

Deoptimization events (10 events):
Event: 21.839 Thread 0x00000000191eb000 Uncommon trap: reason=speculate_class_check action=maybe_recompile pc=0x0000000002a0171c method=com.jogamp.common.nio.Buffers.getDirectBufferByteOffset(Ljava/lang/Object;)I @ 22
Event: 21.839 Thread 0x00000000191eb000 Uncommon trap: reason=speculate_class_check action=maybe_recompile pc=0x0000000002a0171c method=com.jogamp.common.nio.Buffers.getDirectBufferByteOffset(Ljava/lang/Object;)I @ 22
Event: 21.849 Thread 0x00000000191eb000 Uncommon trap: reason=speculate_class_check action=maybe_recompile pc=0x0000000002a0171c method=com.jogamp.common.nio.Buffers.getDirectBufferByteOffset(Ljava/lang/Object;)I @ 22
Event: 22.283 Thread 0x00000000191eb000 Uncommon trap: reason=speculate_class_check action=maybe_recompile pc=0x0000000002a03008 method=com.jogamp.common.nio.Buffers.getDirectBufferByteOffset(Ljava/lang/Object;)I @ 31
Event: 22.289 Thread 0x00000000191eb000 Uncommon trap: reason=speculate_class_check action=maybe_recompile pc=0x0000000002a03008 method=com.jogamp.common.nio.Buffers.getDirectBufferByteOffset(Ljava/lang/Object;)I @ 31
Event: 22.722 Thread 0x00000000191eb000 Uncommon trap: reason=speculate_class_check action=maybe_recompile pc=0x0000000002a029e4 method=com.jogamp.common.nio.Buffers.getDirectBufferByteOffset(Ljava/lang/Object;)I @ 42
Event: 22.739 Thread 0x00000000191eb000 Uncommon trap: reason=speculate_class_check action=maybe_recompile pc=0x0000000002a029e4 method=com.jogamp.common.nio.Buffers.getDirectBufferByteOffset(Ljava/lang/Object;)I @ 42
Event: 23.172 Thread 0x00000000191eb000 Uncommon trap: reason=speculate_class_check action=maybe_recompile pc=0x00000000023786fc method=com.jogamp.common.nio.Buffers.getDirectBufferByteOffset(Ljava/lang/Object;)I @ 53
Event: 23.189 Thread 0x00000000191eb000 Uncommon trap: reason=speculate_class_check action=maybe_recompile pc=0x00000000023786fc method=com.jogamp.common.nio.Buffers.getDirectBufferByteOffset(Ljava/lang/Object;)I @ 53
Event: 24.221 Thread 0x000000001927e800 Uncommon trap: reason=unreached action=reinterpret pc=0x00000000028864ec method=java.util.HashMap.keySet()Ljava/util/Set; @ 6

Internal exceptions (10 events):
Event: 2.962 Thread 0x00000000191eb000 Exception <a 'java/security/PrivilegedActionException'> (0x00000000e22fae40) thrown at [D:\re\workspace\8-2-build-windows-amd64-cygwin\jdk8u25\1677\hotspot\src\share\vm\prims\jvm.cpp, line 1312]
Event: 2.962 Thread 0x00000000191eb000 Exception <a 'java/security/PrivilegedActionException'> (0x00000000e22ff248) thrown at [D:\re\workspace\8-2-build-windows-amd64-cygwin\jdk8u25\1677\hotspot\src\share\vm\prims\jvm.cpp, line 1312]
Event: 2.962 Thread 0x00000000191eb000 Exception <a 'java/security/PrivilegedActionException'> (0x00000000e2303630) thrown at [D:\re\workspace\8-2-build-windows-amd64-cygwin\jdk8u25\1677\hotspot\src\share\vm\prims\jvm.cpp, line 1312]
Event: 2.962 Thread 0x00000000191eb000 Exception <a 'java/security/PrivilegedActionException'> (0x00000000e2307188) thrown at [D:\re\workspace\8-2-build-windows-amd64-cygwin\jdk8u25\1677\hotspot\src\share\vm\prims\jvm.cpp, line 1312]
Event: 2.963 Thread 0x00000000191eb000 Exception <a 'java/security/PrivilegedActionException'> (0x00000000e230b988) thrown at [D:\re\workspace\8-2-build-windows-amd64-cygwin\jdk8u25\1677\hotspot\src\share\vm\prims\jvm.cpp, line 1312]
Event: 2.963 Thread 0x00000000191eb000 Exception <a 'java/security/PrivilegedActionException'> (0x00000000e230f0c0) thrown at [D:\re\workspace\8-2-build-windows-amd64-cygwin\jdk8u25\1677\hotspot\src\share\vm\prims\jvm.cpp, line 1312]
Event: 2.963 Thread 0x00000000191eb000 Exception <a 'java/security/PrivilegedActionException'> (0x00000000e2313008) thrown at [D:\re\workspace\8-2-build-windows-amd64-cygwin\jdk8u25\1677\hotspot\src\share\vm\prims\jvm.cpp, line 1312]
Event: 2.963 Thread 0x00000000191eb000 Exception <a 'java/security/PrivilegedActionException'> (0x00000000e2318f18) thrown at [D:\re\workspace\8-2-build-windows-amd64-cygwin\jdk8u25\1677\hotspot\src\share\vm\prims\jvm.cpp, line 1312]
Event: 2.976 Thread 0x00000000191eb000 Exception <a 'java/security/PrivilegedActionException'> (0x00000000e242f0b0) thrown at [D:\re\workspace\8-2-build-windows-amd64-cygwin\jdk8u25\1677\hotspot\src\share\vm\prims\jvm.cpp, line 1312]
Event: 24.221 Thread 0x000000001927e800 Implicit null exception at 0x0000000002886227 to 0x00000000028864dd

Events (10 events):
Event: 23.172 Thread 0x00000000191eb000 DEOPT PACKING pc=0x00000000023786fc sp=0x000000001c25d500
Event: 23.172 Thread 0x00000000191eb000 DEOPT UNPACKING pc=0x000000000221556a sp=0x000000001c25d418 mode 2
Event: 23.189 Thread 0x00000000191eb000 Uncommon trap: trap_request=0xffffff76 fr.pc=0x00000000023786fc
Event: 23.190 Thread 0x00000000191eb000 DEOPT PACKING pc=0x00000000023786fc sp=0x000000001c25d500
Event: 23.190 Thread 0x00000000191eb000 DEOPT UNPACKING pc=0x000000000221556a sp=0x000000001c25d418 mode 2
Event: 23.960 Executing VM operation: ParallelGCFailedAllocation
Event: 23.961 Executing VM operation: ParallelGCFailedAllocation done
Event: 24.221 Thread 0x000000001927e800 Uncommon trap: trap_request=0xffffffad fr.pc=0x00000000028864ec
Event: 24.221 Thread 0x000000001927e800 DEOPT PACKING pc=0x00000000028864ec sp=0x000000001c45f120
Event: 24.221 Thread 0x000000001927e800 DEOPT UNPACKING pc=0x000000000221556a sp=0x000000001c45f078 mode 2


Dynamic libraries:
0x00007ff745f80000 - 0x00007ff745fb4000 	C:\Program Files\Java\jre1.8.0_25\bin\javaw.exe
0x00007ffee8210000 - 0x00007ffee83bc000 	C:\WINDOWS\SYSTEM32\ntdll.dll
0x00007ffee60e0000 - 0x00007ffee621e000 	C:\WINDOWS\system32\KERNEL32.DLL
0x00007ffee54e0000 - 0x00007ffee55f5000 	C:\WINDOWS\system32\KERNELBASE.dll
0x00007ffee3ee0000 - 0x00007ffee3f6e000 	C:\WINDOWS\system32\apphelp.dll
0x00007ffecebf0000 - 0x00007ffecec43000 	C:\WINDOWS\AppPatch\AppPatch64\AcGenral.DLL
0x00007ffee6010000 - 0x00007ffee60ba000 	C:\WINDOWS\system32\msvcrt.dll
0x00007ffee5190000 - 0x00007ffee51be000 	C:\WINDOWS\SYSTEM32\SspiCli.dll
0x00007ffee5fb0000 - 0x00007ffee6004000 	C:\WINDOWS\system32\SHLWAPI.dll
0x00007ffee7fd0000 - 0x00007ffee8147000 	C:\WINDOWS\system32\USER32.dll
0x00007ffee5bc0000 - 0x00007ffee5d54000 	C:\WINDOWS\system32\ole32.dll
0x00007ffee66a0000 - 0x00007ffee7bb8000 	C:\WINDOWS\system32\SHELL32.dll
0x00007ffee48f0000 - 0x00007ffee4911000 	C:\WINDOWS\SYSTEM32\USERENV.dll
0x00007ffee5e20000 - 0x00007ffee5eca000 	C:\WINDOWS\system32\ADVAPI32.dll
0x00007ffed7630000 - 0x00007ffed764e000 	C:\WINDOWS\SYSTEM32\MPR.dll
0x00007ffee63f0000 - 0x00007ffee6531000 	C:\WINDOWS\system32\RPCRT4.dll
0x00007ffee5ed0000 - 0x00007ffee5f29000 	C:\WINDOWS\SYSTEM32\sechost.dll
0x00007ffee7db0000 - 0x00007ffee7fc1000 	C:\WINDOWS\SYSTEM32\combase.dll
0x00007ffee6540000 - 0x00007ffee6691000 	C:\WINDOWS\system32\GDI32.dll
0x00007ffee5360000 - 0x00007ffee5375000 	C:\WINDOWS\SYSTEM32\profapi.dll
0x00007ffee3700000 - 0x00007ffee37b2000 	C:\WINDOWS\SYSTEM32\SHCORE.dll
0x00007ffee5a40000 - 0x00007ffee5a76000 	C:\WINDOWS\system32\IMM32.DLL
0x00007ffee6220000 - 0x00007ffee6372000 	C:\WINDOWS\system32\MSCTF.dll
0x00007ffee2a70000 - 0x00007ffee2ceb000 	C:\WINDOWS\WinSxS\amd64_microsoft.windows.common-controls_6595b64144ccf1df_6.0.9600.17415_none_6240486fecbd8abb\COMCTL32.dll
0x00000000696c0000 - 0x0000000069792000 	C:\Program Files\Java\jre1.8.0_25\bin\msvcr100.dll
0x000000006a3b0000 - 0x000000006ac0a000 	C:\Program Files\Java\jre1.8.0_25\bin\server\jvm.dll
0x00007ffecd2f0000 - 0x00007ffecd2f9000 	C:\WINDOWS\SYSTEM32\WSOCK32.dll
0x00007ffed77f0000 - 0x00007ffed7812000 	C:\WINDOWS\SYSTEM32\WINMM.dll
0x00007ffee7da0000 - 0x00007ffee7da7000 	C:\WINDOWS\system32\PSAPI.DLL
0x00007ffee5a80000 - 0x00007ffee5ada000 	C:\WINDOWS\system32\WS2_32.dll
0x00007ffed75d0000 - 0x00007ffed75fa000 	C:\WINDOWS\SYSTEM32\WINMMBASE.dll
0x00007ffee60d0000 - 0x00007ffee60d9000 	C:\WINDOWS\system32\NSI.dll
0x00007ffee5840000 - 0x00007ffee588f000 	C:\WINDOWS\SYSTEM32\cfgmgr32.dll
0x00007ffee4150000 - 0x00007ffee4178000 	C:\WINDOWS\SYSTEM32\DEVOBJ.dll
0x000000006b5e0000 - 0x000000006b5ef000 	C:\Program Files\Java\jre1.8.0_25\bin\verify.dll
0x000000006b5b0000 - 0x000000006b5d8000 	C:\Program Files\Java\jre1.8.0_25\bin\java.dll
0x000000006b590000 - 0x000000006b5a6000 	C:\Program Files\Java\jre1.8.0_25\bin\zip.dll
0x0000000069520000 - 0x00000000696b8000 	C:\Program Files\Java\jre1.8.0_25\bin\awt.dll
0x00007ffee5ae0000 - 0x00007ffee5ba1000 	C:\WINDOWS\system32\OLEAUT32.dll
0x00007ffee3500000 - 0x00007ffee3521000 	C:\WINDOWS\system32\DWMAPI.DLL
0x00007ffee3fd0000 - 0x00007ffee40f9000 	C:\WINDOWS\system32\uxtheme.dll
0x00007ffee41a0000 - 0x00007ffee41ab000 	C:\WINDOWS\SYSTEM32\kernel.appcore.dll
0x00007ffee5230000 - 0x00007ffee523b000 	C:\WINDOWS\SYSTEM32\CRYPTBASE.dll
0x00007ffee51c0000 - 0x00007ffee5223000 	C:\WINDOWS\SYSTEM32\bcryptPrimitives.dll
0x00007ffedaca0000 - 0x00007ffedaec1000 	C:\WINDOWS\system32\d3d9.dll
0x00007ffee3010000 - 0x00007ffee301a000 	C:\WINDOWS\SYSTEM32\VERSION.dll
0x00007ffee2870000 - 0x00007ffee29bb000 	C:\WINDOWS\SYSTEM32\aticfx64.dll
0x00007ffec0180000 - 0x00007ffec01a1000 	C:\WINDOWS\SYSTEM32\atiu9p64.dll
0x00007ffebed60000 - 0x00007ffebf545000 	C:\WINDOWS\SYSTEM32\atiumd64.dll
0x000000006acf0000 - 0x000000006b4a7000 	C:\WINDOWS\SYSTEM32\atiumd6a.dll
0x00000000694d0000 - 0x0000000069517000 	C:\Program Files\Java\jre1.8.0_25\bin\fontmanager.dll
0x00007ffee4d60000 - 0x00007ffee4d80000 	C:\WINDOWS\SYSTEM32\CRYPTSP.dll
0x00007ffee47e0000 - 0x00007ffee4816000 	C:\WINDOWS\system32\rsaenh.dll
0x00007ffee4e80000 - 0x00007ffee4ea6000 	C:\WINDOWS\SYSTEM32\bcrypt.dll
0x000000006b570000 - 0x000000006b58a000 	C:\Program Files\Java\jre1.8.0_25\bin\net.dll
0x00007ffee4b20000 - 0x00007ffee4b79000 	C:\WINDOWS\system32\mswsock.dll
0x00007ffee1080000 - 0x00007ffee10aa000 	C:\WINDOWS\SYSTEM32\IPHLPAPI.DLL
0x00007ffee2670000 - 0x00007ffee267a000 	C:\WINDOWS\SYSTEM32\WINNSI.DLL
0x00007ffee0160000 - 0x00007ffee0176000 	C:\WINDOWS\SYSTEM32\dhcpcsvc6.DLL
0x00007ffee02b0000 - 0x00007ffee02ca000 	C:\WINDOWS\SYSTEM32\dhcpcsvc.DLL
0x000000006a390000 - 0x000000006a3a1000 	C:\Program Files\Java\jre1.8.0_25\bin\nio.dll
0x00000000637c0000 - 0x00000000637cd000 	S:\Users\Ben\AppData\Local\Temp\jogamp_0000\file_cache\jln5142876000391115299\jln8235365181905753925\gluegen-rt.dll
0x00000000694c0000 - 0x00000000694c7000 	C:\Program Files\Java\jre1.8.0_25\bin\jawt.dll
0x0000000019c30000 - 0x0000000019c3d000 	S:\Users\Ben\AppData\Local\Temp\jogamp_0000\file_cache\jln5142876000391115299\jln8235365181905753925\nativewindow_awt.dll
0x000000006c100000 - 0x000000006c10f000 	S:\Users\Ben\AppData\Local\Temp\jogamp_0000\file_cache\jln5142876000391115299\jln8235365181905753925\nativewindow_win32.dll
0x00007ffeda9f0000 - 0x00007ffedab1b000 	C:\WINDOWS\SYSTEM32\OpenGL32.dll
0x00007ffedc550000 - 0x00007ffedc57e000 	C:\WINDOWS\SYSTEM32\GLU32.dll
0x00007ffecf530000 - 0x00007ffecf628000 	C:\WINDOWS\SYSTEM32\DDRAW.dll
0x00007ffee0d60000 - 0x00007ffee0d69000 	C:\WINDOWS\SYSTEM32\DCIMAN32.dll
0x0000000064500000 - 0x00000000645a2000 	S:\Users\Ben\AppData\Local\Temp\jogamp_0000\file_cache\jln5142876000391115299\jln8235365181905753925\jogl_desktop.dll
0x00007ffedc8d0000 - 0x00007ffedc8e8000 	C:\WINDOWS\SYSTEM32\atig6pxx.dll
0x0000000067910000 - 0x00000000694bf000 	C:\WINDOWS\SYSTEM32\atio6axx.dll
0x00007ffee7bc0000 - 0x00007ffee7d9a000 	C:\WINDOWS\system32\SETUPAPI.dll
0x00007ffee10e0000 - 0x00007ffee1217000 	C:\WINDOWS\SYSTEM32\atiadlxx.dll
0x00007ffee16b0000 - 0x00007ffee182f000 	C:\WINDOWS\SYSTEM32\PROPSYS.dll
0x00007ffee3f70000 - 0x00007ffee3f82000 	C:\WINDOWS\SYSTEM32\WTSAPI32.dll
0x00007ffee57e0000 - 0x00007ffee5831000 	C:\WINDOWS\system32\WINTRUST.dll
0x00007ffee5600000 - 0x00007ffee57df000 	C:\WINDOWS\system32\CRYPT32.dll
0x00007ffee5410000 - 0x00007ffee5421000 	C:\WINDOWS\system32\MSASN1.dll
0x00007ffeda9c0000 - 0x00007ffeda9e9000 	C:\WINDOWS\SYSTEM32\atig6txx.dll
0x00007ffecea00000 - 0x00007ffeceb9c000 	O:\OneDrive\Workspace\ZZavatar\lib\user\KinectPV2\Kinect20.Face.dll
0x00007ffed76f0000 - 0x00007ffed7797000 	C:\WINDOWS\SYSTEM32\MSVCP110.dll
0x00007ffeddd70000 - 0x00007ffedde3e000 	C:\WINDOWS\SYSTEM32\MSVCR110.dll
0x00007ffedc7f0000 - 0x00007ffedc800000 	O:\OneDrive\Workspace\ZZavatar\lib\user\KinectPV2\KinectPV2.dll
0x00007ffeda070000 - 0x00007ffeda12a000 	C:\WINDOWS\SYSTEM32\Kinect20.dll
0x00007ffed7820000 - 0x00007ffed790b000 	C:\WINDOWS\SYSTEM32\MFPlat.DLL
0x00007ffed7650000 - 0x00007ffed7677000 	C:\WINDOWS\SYSTEM32\RTWorkQ.DLL
0x00007ffee3130000 - 0x00007ffee313c000 	C:\WINDOWS\SYSTEM32\AVRT.dll
0x00007ffebeae0000 - 0x00007ffebec6a000 	C:\WINDOWS\SYSTEM32\dbghelp.dll

VM Arguments:
jvm_args: -Djava.library.path=O:\OneDrive\Workspace\ZZavatar\lib\base\video;O:\OneDrive\Workspace\ZZavatar\lib\base\video;O:\OneDrive\Workspace\ZZavatar\lib\base\video;O:\OneDrive\Workspace\ZZavatar\lib\base\core;O:\OneDrive\Workspace\ZZavatar\lib\base\core;O:\OneDrive\Workspace\ZZavatar\lib\base\core;O:\OneDrive\Workspace\ZZavatar\lib\base\core;O:\OneDrive\Workspace\ZZavatar\lib\base\core;O:\OneDrive\Workspace\ZZavatar\lib\base\core;O:\OneDrive\Workspace\ZZavatar\lib\base\core;O:\OneDrive\Workspace\ZZavatar\lib\base\core;O:\OneDrive\Workspace\ZZavatar\lib\base\core;O:\OneDrive\Workspace\ZZavatar\lib\base\core;O:\OneDrive\Workspace\ZZavatar\lib\base\core;O:\OneDrive\Workspace\ZZavatar\lib\base\core;O:\OneDrive\Workspace\ZZavatar\lib\base\core;O:\OneDrive\Workspace\ZZavatar\lib\base\core;O:\OneDrive\Workspace\ZZavatar\lib\base\core;O:\OneDrive\Workspace\ZZavatar\lib\user\Kinect4WinSDK;O:\OneDrive\Workspace\ZZavatar\lib\user\KinectPV2;O:\OneDrive\Workspace\ZZavatar\lib\user\SimpleOpenNI -Dfile.encoding=Cp1252 
java_command: zzavatar.ZZavatar
java_class_path (initial): O:\OneDrive\Workspace\ZZavatar\lib\base\video\gstreamer-java.jar;O:\OneDrive\Workspace\ZZavatar\lib\base\video\jna.jar;O:\OneDrive\Workspace\ZZavatar\lib\base\video\video.jar;O:\OneDrive\Workspace\ZZavatar\lib\base\core\core.jar;O:\OneDrive\Workspace\ZZavatar\lib\base\core\gluegen-rt-natives-linux-amd64.jar;O:\OneDrive\Workspace\ZZavatar\lib\base\core\gluegen-rt-natives-linux-armv6hf.jar;O:\OneDrive\Workspace\ZZavatar\lib\base\core\gluegen-rt-natives-linux-i586.jar;O:\OneDrive\Workspace\ZZavatar\lib\base\core\gluegen-rt-natives-macosx-universal.jar;O:\OneDrive\Workspace\ZZavatar\lib\base\core\gluegen-rt-natives-windows-amd64.jar;O:\OneDrive\Workspace\ZZavatar\lib\base\core\gluegen-rt-natives-windows-i586.jar;O:\OneDrive\Workspace\ZZavatar\lib\base\core\gluegen-rt.jar;O:\OneDrive\Workspace\ZZavatar\lib\base\core\jogl-all-natives-linux-amd64.jar;O:\OneDrive\Workspace\ZZavatar\lib\base\core\jogl-all-natives-linux-armv6hf.jar;O:\OneDrive\Workspace\ZZavatar\lib\base\core\jogl-all-natives-linux-i586.jar;O:\OneDrive\Workspace\ZZavatar\lib\base\core\jogl-all-natives-macosx-universal.jar;O:\OneDrive\Workspace\ZZavatar\lib\base\core\jogl-all-natives-windows-amd64.jar;O:\OneDrive\Workspace\ZZavatar\lib\base\core\jogl-all-natives-windows-i586.jar;O:\OneDrive\Workspace\ZZavatar\lib\base\core\jogl-all.jar;O:\OneDrive\Workspace\ZZavatar\lib\user\Kinect4WinSDK\Kinect4WinSDK.jar;O:\OneDrive\Workspace\ZZavatar\lib\user\KinectPV2\KinectPV2.jar;O:\OneDrive\Workspace\ZZavatar\lib\user\SimpleOpenNI\SimpleOpenNI.jar;O:\OneDrive\Workspace\ZZavatar\bin
Launcher Type: SUN_STANDARD

Environment Variables:
JAVA_HOME=C:\Program Files\Java\jdk1.8.0_25
PATH=C:/Program Files/Java/jre1.8.0_25/bin/server;C:/Program Files/Java/jre1.8.0_25/bin;C:/Program Files/Java/jre1.8.0_25/lib/amd64;C:\Program Files (x86)\NVIDIA Corporation\PhysX\Common;C:\ProgramData\Oracle\Java\javapath;C:\Program Files (x86)\Common Files\Intel\Shared Libraries\redist\intel64\compiler;C:\Program Files (x86)\Common Files\Intel\Shared Libraries\redist\ia32\compiler;C:\Program Files (x86)\Intel\iCLS Client\;C:\Program Files\Intel\iCLS Client\;C:\Program Files (x86)\AMD APP\bin\x86_64;C:\Program Files (x86)\AMD APP\bin\x86;C:\WINDOWS\system32;C:\WINDOWS;C:\WINDOWS\System32\Wbem;C:\WINDOWS\System32\WindowsPowerShell\v1.0\;C:\Program Files (x86)\ATI Technologies\ATI.ACE\Core-Static;C:\Program Files\Intel\Intel(R) Management Engine Components\DAL;C:\Program Files\Intel\Intel(R) Management Engine Components\IPT;C:\Program Files (x86)\Intel\Intel(R) Management Engine Components\DAL;C:\Program Files (x86)\Intel\Intel(R) Management Engine Components\IPT;C:\Program Files\Sony\VAIO Improvement\;C:\Program Files (x86)\Sony\VAIO Startup Setting Tool;C:\Program Files (x86)\Windows Kits\8.1\Windows Performance Toolkit\;C:\Program Files\Microsoft SQL Server\110\Tools\Binn\;C:\Program Files (x86)\Microsoft SDKs\TypeScript\1.0\;C:\Program Files\Microsoft\Web Platform Installer\;C:\Program Files (x86)\Java\jre1.8.0_25\bin;P:\Programs\Python27\Scripts;P:\Programs\Python27;C:\Program Files\Common Files\Autodesk Shared\;P:\Program Files\Programs;P:\Program Files\Games;P:\Programs\Eclipse;
USERNAME=Benoît
OS=Windows_NT
PROCESSOR_IDENTIFIER=Intel64 Family 6 Model 58 Stepping 9, GenuineIntel



---------------  S Y S T E M  ---------------

OS: Windows 8.1 , 64 bit Build 9600 

CPU:total 8 (4 cores per cpu, 2 threads per core) family 6 model 58 stepping 9, cmov, cx8, fxsr, mmx, sse, sse2, sse3, ssse3, sse4.1, sse4.2, popcnt, avx, aes, clmul, erms, ht, tsc, tscinvbit, tscinv

Memory: 4k page, physical 6237468k(1317312k free), swap 10431772k(3091444k free)

vm_info: Java HotSpot(TM) 64-Bit Server VM (25.25-b02) for windows-amd64 JRE (1.8.0_25-b18), built on Oct  7 2014 14:25:37 by "java_re" with MS VC++ 10.0 (VS2010)

time: Thu Apr 23 19:37:36 2015
elapsed time: 24 seconds (0d 0h 0m 24s)

