#
# A fatal error has been detected by the Java Runtime Environment:
#
#  EXCEPTION_ACCESS_VIOLATION (0xc0000005) at pc=0x00000000696fc220, pid=9100, tid=6804
#
# JRE version: Java(TM) SE Runtime Environment (8.0_25-b18) (build 1.8.0_25-b18)
# Java VM: Java HotSpot(TM) 64-Bit Server VM (25.25-b02 mixed mode windows-amd64 compressed oops)
# Problematic frame:
# C  [msvcr100.dll+0x3c220]
#
# Failed to write core dump. Minidumps are not enabled by default on client versions of Windows
#
# If you would like to submit a bug report, please visit:
#   http://bugreport.sun.com/bugreport/crash.jsp
#

---------------  T H R E A D  ---------------

Current thread (0x000000001e14e800):  JavaThread "Thread-4" [_thread_in_vm, id=6804, stack(0x0000000020c70000,0x0000000020d70000)]

siginfo: ExceptionCode=0xc0000005, reading address 0x00000000251ffff8

Registers:
RAX=0x000000000000003f, RBX=0x000000001e14e800, RCX=0x00000000e79b1408, RDX=0xffffffff3d84ebf8
RSP=0x0000000020d6f2b8, RBP=0x000000001a0aea88, RSI=0x0000000000000000, RDI=0x00000000007e9000
R8 =0x00000000001ca000, R9 =0xffcceffcffcceffc, R10=0xffcdf0fdffcdf0fd, R11=0x00000000e77e7448
R12=0x0000000000000001, R13=0x0000000020d6f430, R14=0x0000000020d6f390, R15=0x000000001a0aea80
RIP=0x00000000696fc220, EFLAGS=0x0000000000010216

Top of Stack: (sp=0x0000000020d6f2b8)
0x0000000020d6f2b8:   000000006a4fc312 000000001e14e9e8
0x0000000020d6f2c8:   000000006a4e123d 00000000001fa400
0x0000000020d6f2d8:   000000001e14e800 000000001f58b200
0x0000000020d6f2e8:   0000000000000000 000000001e14e800
0x0000000020d6f2f8:   0000000000000000 0000000020d6f430
0x0000000020d6f308:   0000000000000000 000000001a0aea88
0x0000000020d6f318:   00007ffedc7f16f8 0000000025036040
0x0000000020d6f328:   000000001f58b200 000000001e14e9e8
0x0000000020d6f338:   000000001fba3448 0000000025036040
0x0000000020d6f348:   0000000000000000 000000001e14e800
0x0000000020d6f358:   0000000000000000 0000000000000000
0x0000000020d6f368:   00000000030fdaf9 000000001fb5cc78
0x0000000020d6f378:   000000001fba3448 0000000020d6f3d0
0x0000000020d6f388:   00000000a388c780 00000000a388c780
0x0000000020d6f398:   00000000a388c780 0000000020d6f410
0x0000000020d6f3a8:   000000000308ce7b 000000001fb5cc78 

Instructions: (pc=0x00000000696fc220)
0x00000000696fc200:   48 81 e9 80 00 00 00 0f 18 04 0a 0f 18 44 0a 40
0x00000000696fc210:   ff c8 75 ec 48 81 c1 00 10 00 00 b8 40 00 00 00
0x00000000696fc220:   4c 8b 4c 0a f8 4c 8b 54 0a f0 4c 0f c3 49 f8 4c
0x00000000696fc230:   0f c3 51 f0 4c 8b 4c 0a e8 4c 8b 54 0a e0 4c 0f 


Register to memory mapping:

RAX=0x000000000000003f is an unknown value
RBX=0x000000001e14e800 is a thread
RCX=0x00000000e79b1408 is an oop

[error occurred during error reporting (printing register info), id 0xc0000005]

Stack: [0x0000000020c70000,0x0000000020d70000],  sp=0x0000000020d6f2b8,  free space=1020k
Native frames: (J=compiled Java code, j=interpreted, Vv=VM code, C=native code)
C  [msvcr100.dll+0x3c220]
V  [jvm.dll+0x14c312]
C  [KinectPV2.dll+0x16f8]
C  0x00000000030fdaf9

Java frames: (J=compiled Java code, j=interpreted, Vv=VM code)
J 1064  KinectPV2.Device.jniUpdate()Z (0 bytes) @ 0x00000000030fda7b [0x00000000030fda40+0x3b]
J 1063 C1 KinectPV2.Device.updateDevice()Z (7 bytes) @ 0x00000000030fd73c [0x00000000030fd6c0+0x7c]
j  KinectPV2.Device.run()V+4
j  java.lang.Thread.run()V+11
v  ~StubRoutines::call_stub

---------------  P R O C E S S  ---------------

Java Threads: ( => current thread )
=>0x000000001e14e800 JavaThread "Thread-4" [_thread_in_vm, id=6804, stack(0x0000000020c70000,0x0000000020d70000)]
  0x0000000019ddf800 JavaThread "Animation Thread-SharedResourceRunner" daemon [_thread_blocked, id=9068, stack(0x000000001c400000,0x000000001c500000)]
  0x000000000144e800 JavaThread "DestroyJavaVM" [_thread_blocked, id=8448, stack(0x0000000002a80000,0x0000000002b80000)]
  0x0000000019cf6000 JavaThread "D3D Screen Updater" daemon [_thread_blocked, id=9436, stack(0x000000001d0f0000,0x000000001d1f0000)]
  0x0000000019d0d800 JavaThread "Animation Thread" [_thread_in_native, id=4888, stack(0x000000001cdf0000,0x000000001cef0000)]
  0x0000000019cc2000 JavaThread "Image Fetcher 0" daemon [_thread_blocked, id=7744, stack(0x000000001ccf0000,0x000000001cdf0000)]
  0x0000000019c68800 JavaThread "AWT-EventQueue-0" [_thread_blocked, id=1936, stack(0x000000001cbf0000,0x000000001ccf0000)]
  0x0000000019c2b000 JavaThread "AWT-Windows" daemon [_thread_in_native, id=7648, stack(0x000000001a540000,0x000000001a640000)]
  0x0000000019c2a800 JavaThread "AWT-Shutdown" [_thread_blocked, id=2936, stack(0x000000001a440000,0x000000001a540000)]
  0x0000000018dfe000 JavaThread "Java2D Disposer" daemon [_thread_blocked, id=8912, stack(0x000000001a340000,0x000000001a440000)]
  0x0000000018ab2000 JavaThread "Service Thread" daemon [_thread_blocked, id=7540, stack(0x0000000019400000,0x0000000019500000)]
  0x0000000018a38800 JavaThread "C1 CompilerThread3" daemon [_thread_blocked, id=7508, stack(0x0000000019300000,0x0000000019400000)]
  0x0000000018a37800 JavaThread "C2 CompilerThread2" daemon [_thread_blocked, id=3048, stack(0x0000000019200000,0x0000000019300000)]
  0x0000000018a2e000 JavaThread "C2 CompilerThread1" daemon [_thread_blocked, id=6840, stack(0x0000000019100000,0x0000000019200000)]
  0x0000000018a2c000 JavaThread "C2 CompilerThread0" daemon [_thread_blocked, id=5144, stack(0x0000000019000000,0x0000000019100000)]
  0x0000000018a26000 JavaThread "Attach Listener" daemon [_thread_blocked, id=2384, stack(0x0000000018f00000,0x0000000019000000)]
  0x0000000018a25800 JavaThread "Signal Dispatcher" daemon [_thread_blocked, id=7808, stack(0x0000000018e00000,0x0000000018f00000)]
  0x0000000002c79000 JavaThread "Finalizer" daemon [_thread_blocked, id=9932, stack(0x00000000188f0000,0x00000000189f0000)]
  0x00000000169ec800 JavaThread "Reference Handler" daemon [_thread_blocked, id=9132, stack(0x00000000187f0000,0x00000000188f0000)]

Other Threads:
  0x00000000169e8800 VMThread [stack: 0x00000000186f0000,0x00000000187f0000] [id=868]
  0x0000000018abc000 WatcherThread [stack: 0x0000000019500000,0x0000000019600000] [id=8220]

VM state:not at safepoint (normal execution)

VM Mutex/Monitor currently owned by a thread: None

Heap:
 PSYoungGen      total 256000K, used 135957K [0x00000000e0400000, 0x00000000f5d00000, 0x0000000100000000)
  eden space 197120K, 64% used [0x00000000e0400000,0x00000000e7fd0448,0x00000000ec480000)
  from space 58880K, 15% used [0x00000000ec480000,0x00000000ecd75020,0x00000000efe00000)
  to   space 57344K, 0% used [0x00000000f2500000,0x00000000f2500000,0x00000000f5d00000)
 ParOldGen       total 225792K, used 145889K [0x00000000a0c00000, 0x00000000ae880000, 0x00000000e0400000)
  object space 225792K, 64% used [0x00000000a0c00000,0x00000000a9a78538,0x00000000ae880000)
 Metaspace       used 17599K, capacity 17825K, committed 18048K, reserved 1064960K
  class space    used 1734K, capacity 1793K, committed 1920K, reserved 1048576K

Card table byte_map: [0x0000000012040000,0x0000000012340000] byte_map_base: 0x0000000011b3a000

Marking Bits: (ParMarkBitMap*) 0x000000006ab8d490
 Begin Bits: [0x0000000012d40000, 0x0000000014510000)
 End Bits:   [0x0000000014510000, 0x0000000015ce0000)

Polling page: 0x0000000001190000

CodeCache: size=245760Kb used=6559Kb max_used=6564Kb free=239200Kb
 bounds [0x0000000002c80000, 0x00000000032f0000, 0x0000000011c80000]
 total_blobs=2599 nmethods=1729 adapters=784
 compilation: enabled

Compilation events (10 events):
Event: 6.078 Thread 0x0000000018a2c000 1726   !   4       java.lang.ref.ReferenceQueue::poll (28 bytes)
Event: 6.078 Thread 0x0000000018a2c000 nmethod 1726 0x00000000032ebe50 code [0x00000000032ebf80, 0x00000000032ebff8]
Event: 6.079 Thread 0x0000000018a38800 1727       3       sun.java2d.pipe.Region::getInstanceXYWH (16 bytes)
Event: 6.080 Thread 0x0000000018a38800 nmethod 1727 0x00000000032eb610 code [0x00000000032eb7a0, 0x00000000032ebc30]
Event: 6.163 Thread 0x0000000018a38800 1728       3       sun.awt.EventQueueItem::<init> (10 bytes)
Event: 6.163 Thread 0x0000000018a38800 nmethod 1728 0x00000000032eb250 code [0x00000000032eb3a0, 0x00000000032eb570]
Event: 6.163 Thread 0x0000000018a38800 1729       3       java.security.ProtectionDomain$1::doIntersectionPrivilege (32 bytes)
Event: 6.163 Thread 0x0000000018a38800 nmethod 1729 0x00000000032ecd50 code [0x00000000032ecee0, 0x00000000032ed3c8]
Event: 6.163 Thread 0x0000000018a38800 1730       3       java.security.AccessControlContext::<init> (30 bytes)
Event: 6.163 Thread 0x0000000018a38800 nmethod 1730 0x00000000032eae10 code [0x00000000032eaf60, 0x00000000032eb150]

GC Heap History (10 events):
Event: 3.875 GC heap before
{Heap before GC invocations=12 (full 2):
 PSYoungGen      total 171008K, used 167757K [0x00000000e0400000, 0x00000000f1600000, 0x0000000100000000)
  eden space 121856K, 97% used [0x00000000e0400000,0x00000000e77d7ec0,0x00000000e7b00000)
  from space 49152K, 99% used [0x00000000e7b00000,0x00000000eaafb830,0x00000000eab00000)
  to   space 60928K, 0% used [0x00000000eda80000,0x00000000eda80000,0x00000000f1600000)
 ParOldGen       total 155136K, used 107474K [0x00000000a0c00000, 0x00000000aa380000, 0x00000000e0400000)
  object space 155136K, 69% used [0x00000000a0c00000,0x00000000a74f4ae8,0x00000000aa380000)
 Metaspace       used 17443K, capacity 17633K, committed 17792K, reserved 1064960K
  class space    used 1723K, capacity 1793K, committed 1920K, reserved 1048576K
Event: 3.905 GC heap after
Heap after GC invocations=12 (full 2):
 PSYoungGen      total 214528K, used 17881K [0x00000000e0400000, 0x00000000f1200000, 0x0000000100000000)
  eden space 157696K, 0% used [0x00000000e0400000,0x00000000e0400000,0x00000000e9e00000)
  from space 56832K, 31% used [0x00000000eda80000,0x00000000eebf6770,0x00000000f1200000)
  to   space 59392K, 0% used [0x00000000e9e00000,0x00000000e9e00000,0x00000000ed800000)
 ParOldGen       total 155136K, used 139065K [0x00000000a0c00000, 0x00000000aa380000, 0x00000000e0400000)
  object space 155136K, 89% used [0x00000000a0c00000,0x00000000a93ce4e8,0x00000000aa380000)
 Metaspace       used 17443K, capacity 17633K, committed 17792K, reserved 1064960K
  class space    used 1723K, capacity 1793K, committed 1920K, reserved 1048576K
}
Event: 3.905 GC heap before
{Heap before GC invocations=13 (full 3):
 PSYoungGen      total 214528K, used 17881K [0x00000000e0400000, 0x00000000f1200000, 0x0000000100000000)
  eden space 157696K, 0% used [0x00000000e0400000,0x00000000e0400000,0x00000000e9e00000)
  from space 56832K, 31% used [0x00000000eda80000,0x00000000eebf6770,0x00000000f1200000)
  to   space 59392K, 0% used [0x00000000e9e00000,0x00000000e9e00000,0x00000000ed800000)
 ParOldGen       total 155136K, used 139065K [0x00000000a0c00000, 0x00000000aa380000, 0x00000000e0400000)
  object space 155136K, 89% used [0x00000000a0c00000,0x00000000a93ce4e8,0x00000000aa380000)
 Metaspace       used 17443K, capacity 17633K, committed 17792K, reserved 1064960K
  class space    used 1723K, capacity 1793K, committed 1920K, reserved 1048576K
Event: 4.018 GC heap after
Heap after GC invocations=13 (full 3):
 PSYoungGen      total 214528K, used 0K [0x00000000e0400000, 0x00000000f1200000, 0x0000000100000000)
  eden space 157696K, 0% used [0x00000000e0400000,0x00000000e0400000,0x00000000e9e00000)
  from space 56832K, 0% used [0x00000000eda80000,0x00000000eda80000,0x00000000f1200000)
  to   space 59392K, 0% used [0x00000000e9e00000,0x00000000e9e00000,0x00000000ed800000)
 ParOldGen       total 225792K, used 145865K [0x00000000a0c00000, 0x00000000ae880000, 0x00000000e0400000)
  object space 225792K, 64% used [0x00000000a0c00000,0x00000000a9a72538,0x00000000ae880000)
 Metaspace       used 17443K, capacity 17633K, committed 17792K, reserved 1064960K
  class space    used 1723K, capacity 1793K, committed 1920K, reserved 1048576K
}
Event: 4.525 GC heap before
{Heap before GC invocations=14 (full 3):
 PSYoungGen      total 214528K, used 154609K [0x00000000e0400000, 0x00000000f1200000, 0x0000000100000000)
  eden space 157696K, 98% used [0x00000000e0400000,0x00000000e9afc728,0x00000000e9e00000)
  from space 56832K, 0% used [0x00000000eda80000,0x00000000eda80000,0x00000000f1200000)
  to   space 59392K, 0% used [0x00000000e9e00000,0x00000000e9e00000,0x00000000ed800000)
 ParOldGen       total 225792K, used 145865K [0x00000000a0c00000, 0x00000000ae880000, 0x00000000e0400000)
  object space 225792K, 64% used [0x00000000a0c00000,0x00000000a9a72538,0x00000000ae880000)
 Metaspace       used 17509K, capacity 17761K, committed 18048K, reserved 1064960K
  class space    used 1723K, capacity 1793K, committed 1920K, reserved 1048576K
Event: 4.528 GC heap after
Heap after GC invocations=14 (full 3):
 PSYoungGen      total 217088K, used 9076K [0x00000000e0400000, 0x00000000f3e80000, 0x0000000100000000)
  eden space 157696K, 0% used [0x00000000e0400000,0x00000000e0400000,0x00000000e9e00000)
  from space 59392K, 15% used [0x00000000e9e00000,0x00000000ea6dd020,0x00000000ed800000)
  to   space 59392K, 0% used [0x00000000f0480000,0x00000000f0480000,0x00000000f3e80000)
 ParOldGen       total 225792K, used 145873K [0x00000000a0c00000, 0x00000000ae880000, 0x00000000e0400000)
  object space 225792K, 64% used [0x00000000a0c00000,0x00000000a9a74538,0x00000000ae880000)
 Metaspace       used 17509K, capacity 17761K, committed 18048K, reserved 1064960K
  class space    used 1723K, capacity 1793K, committed 1920K, reserved 1048576K
}
Event: 5.094 GC heap before
{Heap before GC invocations=15 (full 3):
 PSYoungGen      total 217088K, used 163953K [0x00000000e0400000, 0x00000000f3e80000, 0x0000000100000000)
  eden space 157696K, 98% used [0x00000000e0400000,0x00000000e9b3f708,0x00000000e9e00000)
  from space 59392K, 15% used [0x00000000e9e00000,0x00000000ea6dd020,0x00000000ed800000)
  to   space 59392K, 0% used [0x00000000f0480000,0x00000000f0480000,0x00000000f3e80000)
 ParOldGen       total 225792K, used 145873K [0x00000000a0c00000, 0x00000000ae880000, 0x00000000e0400000)
  object space 225792K, 64% used [0x00000000a0c00000,0x00000000a9a74538,0x00000000ae880000)
 Metaspace       used 17530K, capacity 17761K, committed 18048K, reserved 1064960K
  class space    used 1723K, capacity 1793K, committed 1920K, reserved 1048576K
Event: 5.098 GC heap after
Heap after GC invocations=15 (full 3):
 PSYoungGen      total 249344K, used 9140K [0x00000000e0400000, 0x00000000f3780000, 0x0000000100000000)
  eden space 197120K, 0% used [0x00000000e0400000,0x00000000e0400000,0x00000000ec480000)
  from space 52224K, 17% used [0x00000000f0480000,0x00000000f0d6d020,0x00000000f3780000)
  to   space 58880K, 0% used [0x00000000ec480000,0x00000000ec480000,0x00000000efe00000)
 ParOldGen       total 225792K, used 145881K [0x00000000a0c00000, 0x00000000ae880000, 0x00000000e0400000)
  object space 225792K, 64% used [0x00000000a0c00000,0x00000000a9a76538,0x00000000ae880000)
 Metaspace       used 17530K, capacity 17761K, committed 18048K, reserved 1064960K
  class space    used 1723K, capacity 1793K, committed 1920K, reserved 1048576K
}
Event: 5.792 GC heap before
{Heap before GC invocations=16 (full 3):
 PSYoungGen      total 249344K, used 198825K [0x00000000e0400000, 0x00000000f3780000, 0x0000000100000000)
  eden space 197120K, 96% used [0x00000000e0400000,0x00000000ebd3d678,0x00000000ec480000)
  from space 52224K, 17% used [0x00000000f0480000,0x00000000f0d6d020,0x00000000f3780000)
  to   space 58880K, 0% used [0x00000000ec480000,0x00000000ec480000,0x00000000efe00000)
 ParOldGen       total 225792K, used 145881K [0x00000000a0c00000, 0x00000000ae880000, 0x00000000e0400000)
  object space 225792K, 64% used [0x00000000a0c00000,0x00000000a9a76538,0x00000000ae880000)
 Metaspace       used 17562K, capacity 17825K, committed 18048K, reserved 1064960K
  class space    used 1723K, capacity 1793K, committed 1920K, reserved 1048576K
Event: 5.795 GC heap after
Heap after GC invocations=16 (full 3):
 PSYoungGen      total 256000K, used 9172K [0x00000000e0400000, 0x00000000f5d00000, 0x0000000100000000)
  eden space 197120K, 0% used [0x00000000e0400000,0x00000000e0400000,0x00000000ec480000)
  from space 58880K, 15% used [0x00000000ec480000,0x00000000ecd75020,0x00000000efe00000)
  to   space 57344K, 0% used [0x00000000f2500000,0x00000000f2500000,0x00000000f5d00000)
 ParOldGen       total 225792K, used 145889K [0x00000000a0c00000, 0x00000000ae880000, 0x00000000e0400000)
  object space 225792K, 64% used [0x00000000a0c00000,0x00000000a9a78538,0x00000000ae880000)
 Metaspace       used 17562K, capacity 17825K, committed 18048K, reserved 1064960K
  class space    used 1723K, capacity 1793K, committed 1920K, reserved 1048576K
}

Deoptimization events (10 events):
Event: 2.698 Thread 0x0000000019c68800 Uncommon trap: reason=class_check action=maybe_recompile pc=0x0000000002f92604 method=com.jogamp.common.nio.Buffers.getDirectBufferByteOffset(Ljava/lang/Object;)I @ 7
Event: 2.698 Thread 0x0000000019c68800 Uncommon trap: reason=class_check action=maybe_recompile pc=0x0000000002f95300 method=com.jogamp.common.nio.Buffers.isDirect(Ljava/lang/Object;)Z @ 13
Event: 2.698 Thread 0x0000000019c68800 Uncommon trap: reason=class_check action=maybe_recompile pc=0x0000000002f92604 method=com.jogamp.common.nio.Buffers.getDirectBufferByteOffset(Ljava/lang/Object;)I @ 7
Event: 2.699 Thread 0x0000000019c68800 Uncommon trap: reason=class_check action=maybe_recompile pc=0x0000000002f95300 method=com.jogamp.common.nio.Buffers.isDirect(Ljava/lang/Object;)Z @ 13
Event: 2.699 Thread 0x0000000019c68800 Uncommon trap: reason=class_check action=maybe_recompile pc=0x0000000002f92604 method=com.jogamp.common.nio.Buffers.getDirectBufferByteOffset(Ljava/lang/Object;)I @ 7
Event: 2.699 Thread 0x0000000019c68800 Uncommon trap: reason=predicate action=maybe_recompile pc=0x0000000003078c84 method=java.util.ArrayList.indexOf(Ljava/lang/Object;)I @ 44
Event: 2.725 Thread 0x0000000019c68800 Uncommon trap: reason=class_check action=maybe_recompile pc=0x0000000002f95300 method=com.jogamp.common.nio.Buffers.isDirect(Ljava/lang/Object;)Z @ 13
Event: 2.725 Thread 0x0000000019c68800 Uncommon trap: reason=class_check action=maybe_recompile pc=0x0000000002f92604 method=com.jogamp.common.nio.Buffers.getDirectBufferByteOffset(Ljava/lang/Object;)I @ 7
Event: 3.158 Thread 0x0000000019c68800 Uncommon trap: reason=unreached action=reinterpret pc=0x0000000003084b80 method=processing.opengl.PGraphicsOpenGL$InGeometry.addVertex(FFFIFFFFFIFIIIFIZ)I @ 218
Event: 3.376 Thread 0x0000000019c68800 Uncommon trap: reason=unreached action=reinterpret pc=0x0000000002f4a530 method=java.lang.reflect.AccessibleObject.setAccessible0(Ljava/lang/reflect/AccessibleObject;Z)V @ 4

Internal exceptions (10 events):
Event: 3.026 Thread 0x0000000019c68800 Exception <a 'java/security/PrivilegedActionException'> (0x00000000e3c922d8) thrown at [D:\re\workspace\8-2-build-windows-amd64-cygwin\jdk8u25\1677\hotspot\src\share\vm\prims\jvm.cpp, line 1312]
Event: 3.027 Thread 0x0000000019c68800 Exception <a 'java/security/PrivilegedActionException'> (0x00000000e3c96198) thrown at [D:\re\workspace\8-2-build-windows-amd64-cygwin\jdk8u25\1677\hotspot\src\share\vm\prims\jvm.cpp, line 1312]
Event: 3.027 Thread 0x0000000019c68800 Exception <a 'java/security/PrivilegedActionException'> (0x00000000e3c9a5a0) thrown at [D:\re\workspace\8-2-build-windows-amd64-cygwin\jdk8u25\1677\hotspot\src\share\vm\prims\jvm.cpp, line 1312]
Event: 3.027 Thread 0x0000000019c68800 Exception <a 'java/security/PrivilegedActionException'> (0x00000000e3c9e988) thrown at [D:\re\workspace\8-2-build-windows-amd64-cygwin\jdk8u25\1677\hotspot\src\share\vm\prims\jvm.cpp, line 1312]
Event: 3.027 Thread 0x0000000019c68800 Exception <a 'java/security/PrivilegedActionException'> (0x00000000e3ca24e0) thrown at [D:\re\workspace\8-2-build-windows-amd64-cygwin\jdk8u25\1677\hotspot\src\share\vm\prims\jvm.cpp, line 1312]
Event: 3.027 Thread 0x0000000019c68800 Exception <a 'java/security/PrivilegedActionException'> (0x00000000e3ca6ce0) thrown at [D:\re\workspace\8-2-build-windows-amd64-cygwin\jdk8u25\1677\hotspot\src\share\vm\prims\jvm.cpp, line 1312]
Event: 3.028 Thread 0x0000000019c68800 Exception <a 'java/security/PrivilegedActionException'> (0x00000000e3caa418) thrown at [D:\re\workspace\8-2-build-windows-amd64-cygwin\jdk8u25\1677\hotspot\src\share\vm\prims\jvm.cpp, line 1312]
Event: 3.028 Thread 0x0000000019c68800 Exception <a 'java/security/PrivilegedActionException'> (0x00000000e3cae360) thrown at [D:\re\workspace\8-2-build-windows-amd64-cygwin\jdk8u25\1677\hotspot\src\share\vm\prims\jvm.cpp, line 1312]
Event: 3.028 Thread 0x0000000019c68800 Exception <a 'java/security/PrivilegedActionException'> (0x00000000e3cb4270) thrown at [D:\re\workspace\8-2-build-windows-amd64-cygwin\jdk8u25\1677\hotspot\src\share\vm\prims\jvm.cpp, line 1312]
Event: 3.041 Thread 0x0000000019c68800 Exception <a 'java/security/PrivilegedActionException'> (0x00000000e3f8b3a0) thrown at [D:\re\workspace\8-2-build-windows-amd64-cygwin\jdk8u25\1677\hotspot\src\share\vm\prims\jvm.cpp, line 1312]

Events (10 events):
Event: 6.194 loading class javax/swing/JComponent$IntVector
Event: 6.194 loading class javax/swing/JComponent$IntVector done
Event: 6.194 loading class javax/swing/KeyboardManager
Event: 6.194 loading class javax/swing/KeyboardManager done
Event: 6.194 loading class javax/swing/Popup$HeavyWeightWindow
Event: 6.194 loading class sun/awt/ModalExclude
Event: 6.194 loading class sun/awt/ModalExclude done
Event: 6.194 loading class javax/swing/JWindow
Event: 6.194 loading class javax/swing/JWindow done
Event: 6.194 loading class javax/swing/Popup$HeavyWeightWindow done


Dynamic libraries:
0x00007ff745f80000 - 0x00007ff745fb4000 	C:\Program Files\Java\jre1.8.0_25\bin\javaw.exe
0x00007ffee8210000 - 0x00007ffee83bc000 	C:\WINDOWS\SYSTEM32\ntdll.dll
0x00007ffee60e0000 - 0x00007ffee621e000 	C:\WINDOWS\system32\KERNEL32.DLL
0x00007ffee54e0000 - 0x00007ffee55f5000 	C:\WINDOWS\system32\KERNELBASE.dll
0x00007ffee3ee0000 - 0x00007ffee3f6e000 	C:\WINDOWS\system32\apphelp.dll
0x00007ffecebf0000 - 0x00007ffecec43000 	C:\WINDOWS\AppPatch\AppPatch64\AcGenral.DLL
0x00007ffee6010000 - 0x00007ffee60ba000 	C:\WINDOWS\system32\msvcrt.dll
0x00007ffee5190000 - 0x00007ffee51be000 	C:\WINDOWS\SYSTEM32\SspiCli.dll
0x00007ffee5fb0000 - 0x00007ffee6004000 	C:\WINDOWS\system32\SHLWAPI.dll
0x00007ffee7fd0000 - 0x00007ffee8147000 	C:\WINDOWS\system32\USER32.dll
0x00007ffee5bc0000 - 0x00007ffee5d54000 	C:\WINDOWS\system32\ole32.dll
0x00007ffee66a0000 - 0x00007ffee7bb8000 	C:\WINDOWS\system32\SHELL32.dll
0x00007ffee48f0000 - 0x00007ffee4911000 	C:\WINDOWS\SYSTEM32\USERENV.dll
0x00007ffee5e20000 - 0x00007ffee5eca000 	C:\WINDOWS\system32\ADVAPI32.dll
0x00007ffed7630000 - 0x00007ffed764e000 	C:\WINDOWS\SYSTEM32\MPR.dll
0x00007ffee63f0000 - 0x00007ffee6531000 	C:\WINDOWS\system32\RPCRT4.dll
0x00007ffee5ed0000 - 0x00007ffee5f29000 	C:\WINDOWS\SYSTEM32\sechost.dll
0x00007ffee7db0000 - 0x00007ffee7fc1000 	C:\WINDOWS\SYSTEM32\combase.dll
0x00007ffee6540000 - 0x00007ffee6691000 	C:\WINDOWS\system32\GDI32.dll
0x00007ffee5360000 - 0x00007ffee5375000 	C:\WINDOWS\SYSTEM32\profapi.dll
0x00007ffee3700000 - 0x00007ffee37b2000 	C:\WINDOWS\SYSTEM32\SHCORE.dll
0x00007ffee5a40000 - 0x00007ffee5a76000 	C:\WINDOWS\system32\IMM32.DLL
0x00007ffee6220000 - 0x00007ffee6372000 	C:\WINDOWS\system32\MSCTF.dll
0x00007ffee2a70000 - 0x00007ffee2ceb000 	C:\WINDOWS\WinSxS\amd64_microsoft.windows.common-controls_6595b64144ccf1df_6.0.9600.17415_none_6240486fecbd8abb\COMCTL32.dll
0x00000000696c0000 - 0x0000000069792000 	C:\Program Files\Java\jre1.8.0_25\bin\msvcr100.dll
0x000000006a3b0000 - 0x000000006ac0a000 	C:\Program Files\Java\jre1.8.0_25\bin\server\jvm.dll
0x00007ffecd2f0000 - 0x00007ffecd2f9000 	C:\WINDOWS\SYSTEM32\WSOCK32.dll
0x00007ffed77f0000 - 0x00007ffed7812000 	C:\WINDOWS\SYSTEM32\WINMM.dll
0x00007ffee7da0000 - 0x00007ffee7da7000 	C:\WINDOWS\system32\PSAPI.DLL
0x00007ffee5a80000 - 0x00007ffee5ada000 	C:\WINDOWS\system32\WS2_32.dll
0x00007ffed75d0000 - 0x00007ffed75fa000 	C:\WINDOWS\SYSTEM32\WINMMBASE.dll
0x00007ffee60d0000 - 0x00007ffee60d9000 	C:\WINDOWS\system32\NSI.dll
0x00007ffee5840000 - 0x00007ffee588f000 	C:\WINDOWS\SYSTEM32\cfgmgr32.dll
0x00007ffee4150000 - 0x00007ffee4178000 	C:\WINDOWS\SYSTEM32\DEVOBJ.dll
0x000000006b5e0000 - 0x000000006b5ef000 	C:\Program Files\Java\jre1.8.0_25\bin\verify.dll
0x000000006b5b0000 - 0x000000006b5d8000 	C:\Program Files\Java\jre1.8.0_25\bin\java.dll
0x000000006b590000 - 0x000000006b5a6000 	C:\Program Files\Java\jre1.8.0_25\bin\zip.dll
0x0000000069520000 - 0x00000000696b8000 	C:\Program Files\Java\jre1.8.0_25\bin\awt.dll
0x00007ffee5ae0000 - 0x00007ffee5ba1000 	C:\WINDOWS\system32\OLEAUT32.dll
0x00007ffee3500000 - 0x00007ffee3521000 	C:\WINDOWS\system32\DWMAPI.DLL
0x00007ffee3fd0000 - 0x00007ffee40f9000 	C:\WINDOWS\system32\uxtheme.dll
0x00007ffee41a0000 - 0x00007ffee41ab000 	C:\WINDOWS\SYSTEM32\kernel.appcore.dll
0x00007ffee5230000 - 0x00007ffee523b000 	C:\WINDOWS\SYSTEM32\CRYPTBASE.dll
0x00007ffee51c0000 - 0x00007ffee5223000 	C:\WINDOWS\SYSTEM32\bcryptPrimitives.dll
0x00007ffedaca0000 - 0x00007ffedaec1000 	C:\WINDOWS\system32\d3d9.dll
0x00007ffee3010000 - 0x00007ffee301a000 	C:\WINDOWS\SYSTEM32\VERSION.dll
0x00007ffee2870000 - 0x00007ffee29bb000 	C:\WINDOWS\SYSTEM32\aticfx64.dll
0x00007ffec0180000 - 0x00007ffec01a1000 	C:\WINDOWS\SYSTEM32\atiu9p64.dll
0x00007ffebed60000 - 0x00007ffebf545000 	C:\WINDOWS\SYSTEM32\atiumd64.dll
0x000000006acf0000 - 0x000000006b4a7000 	C:\WINDOWS\SYSTEM32\atiumd6a.dll
0x00000000694d0000 - 0x0000000069517000 	C:\Program Files\Java\jre1.8.0_25\bin\fontmanager.dll
0x00007ffee4d60000 - 0x00007ffee4d80000 	C:\WINDOWS\SYSTEM32\CRYPTSP.dll
0x00007ffee47e0000 - 0x00007ffee4816000 	C:\WINDOWS\system32\rsaenh.dll
0x00007ffee4e80000 - 0x00007ffee4ea6000 	C:\WINDOWS\SYSTEM32\bcrypt.dll
0x000000006b570000 - 0x000000006b58a000 	C:\Program Files\Java\jre1.8.0_25\bin\net.dll
0x00007ffee4b20000 - 0x00007ffee4b79000 	C:\WINDOWS\system32\mswsock.dll
0x00007ffee1080000 - 0x00007ffee10aa000 	C:\WINDOWS\SYSTEM32\IPHLPAPI.DLL
0x00007ffee2670000 - 0x00007ffee267a000 	C:\WINDOWS\SYSTEM32\WINNSI.DLL
0x00007ffee0160000 - 0x00007ffee0176000 	C:\WINDOWS\SYSTEM32\dhcpcsvc6.DLL
0x00007ffee02b0000 - 0x00007ffee02ca000 	C:\WINDOWS\SYSTEM32\dhcpcsvc.DLL
0x000000006a390000 - 0x000000006a3a1000 	C:\Program Files\Java\jre1.8.0_25\bin\nio.dll
0x00000000637c0000 - 0x00000000637cd000 	S:\Users\Ben\AppData\Local\Temp\jogamp_0000\file_cache\jln5393610583042393229\jln5070468797004704834\gluegen-rt.dll
0x00000000694c0000 - 0x00000000694c7000 	C:\Program Files\Java\jre1.8.0_25\bin\jawt.dll
0x000000001a6d0000 - 0x000000001a6dd000 	S:\Users\Ben\AppData\Local\Temp\jogamp_0000\file_cache\jln5393610583042393229\jln5070468797004704834\nativewindow_awt.dll
0x000000006c100000 - 0x000000006c10f000 	S:\Users\Ben\AppData\Local\Temp\jogamp_0000\file_cache\jln5393610583042393229\jln5070468797004704834\nativewindow_win32.dll
0x00007ffecea70000 - 0x00007ffeceb9b000 	C:\WINDOWS\SYSTEM32\OpenGL32.dll
0x00007ffedc620000 - 0x00007ffedc64e000 	C:\WINDOWS\SYSTEM32\GLU32.dll
0x00007ffedc2f0000 - 0x00007ffedc3e8000 	C:\WINDOWS\SYSTEM32\DDRAW.dll
0x00007ffee0d60000 - 0x00007ffee0d69000 	C:\WINDOWS\SYSTEM32\DCIMAN32.dll
0x0000000064500000 - 0x00000000645a2000 	S:\Users\Ben\AppData\Local\Temp\jogamp_0000\file_cache\jln5393610583042393229\jln5070468797004704834\jogl_desktop.dll
0x00007ffedc600000 - 0x00007ffedc618000 	C:\WINDOWS\SYSTEM32\atig6pxx.dll
0x0000000067910000 - 0x00000000694bf000 	C:\WINDOWS\SYSTEM32\atio6axx.dll
0x00007ffee7bc0000 - 0x00007ffee7d9a000 	C:\WINDOWS\system32\SETUPAPI.dll
0x00007ffee10e0000 - 0x00007ffee1217000 	C:\WINDOWS\SYSTEM32\atiadlxx.dll
0x00007ffee16b0000 - 0x00007ffee182f000 	C:\WINDOWS\SYSTEM32\PROPSYS.dll
0x00007ffee3f70000 - 0x00007ffee3f82000 	C:\WINDOWS\SYSTEM32\WTSAPI32.dll
0x00007ffee57e0000 - 0x00007ffee5831000 	C:\WINDOWS\system32\WINTRUST.dll
0x00007ffee5600000 - 0x00007ffee57df000 	C:\WINDOWS\system32\CRYPT32.dll
0x00007ffee5410000 - 0x00007ffee5421000 	C:\WINDOWS\system32\MSASN1.dll
0x00007ffedc550000 - 0x00007ffedc579000 	C:\WINDOWS\SYSTEM32\atig6txx.dll
0x00007ffece8d0000 - 0x00007ffecea6c000 	O:\OneDrive\Workspace\ZZavatar\lib\user\KinectPV2\Kinect20.Face.dll
0x00007ffed76f0000 - 0x00007ffed7797000 	C:\WINDOWS\SYSTEM32\MSVCP110.dll
0x00007ffeddd70000 - 0x00007ffedde3e000 	C:\WINDOWS\SYSTEM32\MSVCR110.dll
0x00007ffedc7f0000 - 0x00007ffedc800000 	O:\OneDrive\Workspace\ZZavatar\lib\user\KinectPV2\KinectPV2.dll
0x00007ffeda070000 - 0x00007ffeda12a000 	C:\WINDOWS\SYSTEM32\Kinect20.dll
0x00007ffed7820000 - 0x00007ffed790b000 	C:\WINDOWS\SYSTEM32\MFPlat.DLL
0x00007ffed7650000 - 0x00007ffed7677000 	C:\WINDOWS\SYSTEM32\RTWorkQ.DLL
0x00007ffee3130000 - 0x00007ffee313c000 	C:\WINDOWS\SYSTEM32\AVRT.dll
0x00007ffebeae0000 - 0x00007ffebec6a000 	C:\WINDOWS\SYSTEM32\dbghelp.dll

VM Arguments:
jvm_args: -Djava.library.path=O:\OneDrive\Workspace\ZZavatar\lib\base\video;O:\OneDrive\Workspace\ZZavatar\lib\base\video;O:\OneDrive\Workspace\ZZavatar\lib\base\video;O:\OneDrive\Workspace\ZZavatar\lib\base\core;O:\OneDrive\Workspace\ZZavatar\lib\base\core;O:\OneDrive\Workspace\ZZavatar\lib\base\core;O:\OneDrive\Workspace\ZZavatar\lib\base\core;O:\OneDrive\Workspace\ZZavatar\lib\base\core;O:\OneDrive\Workspace\ZZavatar\lib\base\core;O:\OneDrive\Workspace\ZZavatar\lib\base\core;O:\OneDrive\Workspace\ZZavatar\lib\base\core;O:\OneDrive\Workspace\ZZavatar\lib\base\core;O:\OneDrive\Workspace\ZZavatar\lib\base\core;O:\OneDrive\Workspace\ZZavatar\lib\base\core;O:\OneDrive\Workspace\ZZavatar\lib\base\core;O:\OneDrive\Workspace\ZZavatar\lib\base\core;O:\OneDrive\Workspace\ZZavatar\lib\base\core;O:\OneDrive\Workspace\ZZavatar\lib\base\core;O:\OneDrive\Workspace\ZZavatar\lib\user\Kinect4WinSDK;O:\OneDrive\Workspace\ZZavatar\lib\user\KinectPV2;O:\OneDrive\Workspace\ZZavatar\lib\user\SimpleOpenNI -Dfile.encoding=Cp1252 
java_command: zzavatar.ZZavatar
java_class_path (initial): O:\OneDrive\Workspace\ZZavatar\lib\base\video\gstreamer-java.jar;O:\OneDrive\Workspace\ZZavatar\lib\base\video\jna.jar;O:\OneDrive\Workspace\ZZavatar\lib\base\video\video.jar;O:\OneDrive\Workspace\ZZavatar\lib\base\core\core.jar;O:\OneDrive\Workspace\ZZavatar\lib\base\core\gluegen-rt-natives-linux-amd64.jar;O:\OneDrive\Workspace\ZZavatar\lib\base\core\gluegen-rt-natives-linux-armv6hf.jar;O:\OneDrive\Workspace\ZZavatar\lib\base\core\gluegen-rt-natives-linux-i586.jar;O:\OneDrive\Workspace\ZZavatar\lib\base\core\gluegen-rt-natives-macosx-universal.jar;O:\OneDrive\Workspace\ZZavatar\lib\base\core\gluegen-rt-natives-windows-amd64.jar;O:\OneDrive\Workspace\ZZavatar\lib\base\core\gluegen-rt-natives-windows-i586.jar;O:\OneDrive\Workspace\ZZavatar\lib\base\core\gluegen-rt.jar;O:\OneDrive\Workspace\ZZavatar\lib\base\core\jogl-all-natives-linux-amd64.jar;O:\OneDrive\Workspace\ZZavatar\lib\base\core\jogl-all-natives-linux-armv6hf.jar;O:\OneDrive\Workspace\ZZavatar\lib\base\core\jogl-all-natives-linux-i586.jar;O:\OneDrive\Workspace\ZZavatar\lib\base\core\jogl-all-natives-macosx-universal.jar;O:\OneDrive\Workspace\ZZavatar\lib\base\core\jogl-all-natives-windows-amd64.jar;O:\OneDrive\Workspace\ZZavatar\lib\base\core\jogl-all-natives-windows-i586.jar;O:\OneDrive\Workspace\ZZavatar\lib\base\core\jogl-all.jar;O:\OneDrive\Workspace\ZZavatar\lib\user\Kinect4WinSDK\Kinect4WinSDK.jar;O:\OneDrive\Workspace\ZZavatar\lib\user\KinectPV2\KinectPV2.jar;O:\OneDrive\Workspace\ZZavatar\lib\user\SimpleOpenNI\SimpleOpenNI.jar;O:\OneDrive\Workspace\ZZavatar\bin
Launcher Type: SUN_STANDARD

Environment Variables:
JAVA_HOME=C:\Program Files\Java\jdk1.8.0_25
PATH=C:/Program Files/Java/jre1.8.0_25/bin/server;C:/Program Files/Java/jre1.8.0_25/bin;C:/Program Files/Java/jre1.8.0_25/lib/amd64;C:\Program Files (x86)\NVIDIA Corporation\PhysX\Common;C:\ProgramData\Oracle\Java\javapath;C:\Program Files (x86)\Common Files\Intel\Shared Libraries\redist\intel64\compiler;C:\Program Files (x86)\Common Files\Intel\Shared Libraries\redist\ia32\compiler;C:\Program Files (x86)\Intel\iCLS Client\;C:\Program Files\Intel\iCLS Client\;C:\Program Files (x86)\AMD APP\bin\x86_64;C:\Program Files (x86)\AMD APP\bin\x86;C:\WINDOWS\system32;C:\WINDOWS;C:\WINDOWS\System32\Wbem;C:\WINDOWS\System32\WindowsPowerShell\v1.0\;C:\Program Files (x86)\ATI Technologies\ATI.ACE\Core-Static;C:\Program Files\Intel\Intel(R) Management Engine Components\DAL;C:\Program Files\Intel\Intel(R) Management Engine Components\IPT;C:\Program Files (x86)\Intel\Intel(R) Management Engine Components\DAL;C:\Program Files (x86)\Intel\Intel(R) Management Engine Components\IPT;C:\Program Files\Sony\VAIO Improvement\;C:\Program Files (x86)\Sony\VAIO Startup Setting Tool;C:\Program Files (x86)\Windows Kits\8.1\Windows Performance Toolkit\;C:\Program Files\Microsoft SQL Server\110\Tools\Binn\;C:\Program Files (x86)\Microsoft SDKs\TypeScript\1.0\;C:\Program Files\Microsoft\Web Platform Installer\;C:\Program Files (x86)\Java\jre1.8.0_25\bin;P:\Programs\Python27\Scripts;P:\Programs\Python27;C:\Program Files\Common Files\Autodesk Shared\;P:\Program Files\Programs;P:\Program Files\Games;P:\Programs\Eclipse;
USERNAME=Benoît
OS=Windows_NT
PROCESSOR_IDENTIFIER=Intel64 Family 6 Model 58 Stepping 9, GenuineIntel



---------------  S Y S T E M  ---------------

OS: Windows 8.1 , 64 bit Build 9600 

CPU:total 8 (4 cores per cpu, 2 threads per core) family 6 model 58 stepping 9, cmov, cx8, fxsr, mmx, sse, sse2, sse3, ssse3, sse4.1, sse4.2, popcnt, avx, aes, clmul, erms, ht, tsc, tscinvbit, tscinv

Memory: 4k page, physical 6237468k(1916780k free), swap 10431772k(3816440k free)

vm_info: Java HotSpot(TM) 64-Bit Server VM (25.25-b02) for windows-amd64 JRE (1.8.0_25-b18), built on Oct  7 2014 14:25:37 by "java_re" with MS VC++ 10.0 (VS2010)

time: Thu Apr 23 17:08:47 2015
elapsed time: 6 seconds (0d 0h 0m 6s)

