#
# A fatal error has been detected by the Java Runtime Environment:
#
#  EXCEPTION_ACCESS_VIOLATION (0xc0000005) at pc=0x0000000075f8c220, pid=8088, tid=7836
#
# JRE version: Java(TM) SE Runtime Environment (8.0_25-b18) (build 1.8.0_25-b18)
# Java VM: Java HotSpot(TM) 64-Bit Server VM (25.25-b02 mixed mode windows-amd64 compressed oops)
# Problematic frame:
# C  [msvcr100.dll+0x3c220]
#
# Failed to write core dump. Minidumps are not enabled by default on client versions of Windows
#
# If you would like to submit a bug report, please visit:
#   http://bugreport.sun.com/bugreport/crash.jsp
#

---------------  T H R E A D  ---------------

Current thread (0x00000000195ed000):  JavaThread "Thread-4" [_thread_in_vm, id=7836, stack(0x000000002e410000,0x000000002e510000)]

siginfo: ExceptionCode=0xc0000005, reading address 0x000000002472fff8

Registers:
RAX=0x000000000000003f, RBX=0x00000000195ed000, RCX=0x00000000efc0f590, RDX=0xffffffff34b20a70
RSP=0x000000002e50f028, RBP=0x0000000019a1fee8, RSI=0x0000000000000000, RDI=0x00000000007e9000
R8 =0x0000000000138000, R9 =0xffd1c89fffd1c89f, R10=0xffd2c9a0ffd3caa1, R11=0x00000000efad75d0
R12=0x0000000000000001, R13=0x000000002e50f1a0, R14=0x000000002e50f100, R15=0x0000000019a1fee0
RIP=0x0000000075f8c220, EFLAGS=0x0000000000010216

Top of Stack: (sp=0x000000002e50f028)
0x000000002e50f028:   0000000076c2c312 00000000195ed1e8
0x000000002e50f038:   0000000076c1123d 00000000001fa400
0x000000002e50f048:   00000000195ed000 000000001ee17d30
0x000000002e50f058:   0000000000000000 00000000195ed000
0x000000002e50f068:   0000000000000000 000000002e50f1a0
0x000000002e50f078:   0000000000000000 0000000019a1fee8
0x000000002e50f088:   00007ff9802816f8 00000000245f8040
0x000000002e50f098:   000000001ee17d30 00000000195ed1e8
0x000000002e50f0a8:   000000001f250fb8 00000000245f8040
0x000000002e50f0b8:   0000000000000000 00000000195ed000
0x000000002e50f0c8:   0000000000000000 0000000000000000
0x000000002e50f0d8:   00000000029df4b9 000000001f20cdd8
0x000000002e50f0e8:   000000001f250fb8 000000002e50f140
0x000000002e50f0f8:   00000000a3866418 00000000a3866418
0x000000002e50f108:   00000000a3866418 000000002e50f180
0x000000002e50f118:   00000000029d86bb 00000000a3866740 

Instructions: (pc=0x0000000075f8c220)
0x0000000075f8c200:   48 81 e9 80 00 00 00 0f 18 04 0a 0f 18 44 0a 40
0x0000000075f8c210:   ff c8 75 ec 48 81 c1 00 10 00 00 b8 40 00 00 00
0x0000000075f8c220:   4c 8b 4c 0a f8 4c 8b 54 0a f0 4c 0f c3 49 f8 4c
0x0000000075f8c230:   0f c3 51 f0 4c 8b 4c 0a e8 4c 8b 54 0a e0 4c 0f 


Register to memory mapping:

RAX=0x000000000000003f is an unknown value
RBX=0x00000000195ed000 is a thread
RCX=0x00000000efc0f590 is an oop

[error occurred during error reporting (printing register info), id 0xc0000005]

Stack: [0x000000002e410000,0x000000002e510000],  sp=0x000000002e50f028,  free space=1020k
Native frames: (J=compiled Java code, j=interpreted, Vv=VM code, C=native code)
C  [msvcr100.dll+0x3c220]
V  [jvm.dll+0x14c312]
C  [KinectPV2.dll+0x16f8]
C  0x00000000029df4b9

Java frames: (J=compiled Java code, j=interpreted, Vv=VM code)
J 1037  KinectPV2.Device.jniUpdate()Z (0 bytes) @ 0x00000000029df43b [0x00000000029df400+0x3b]
J 1036 C1 KinectPV2.Device.updateDevice()Z (7 bytes) @ 0x00000000029df0fc [0x00000000029df080+0x7c]
j  KinectPV2.Device.run()V+4
j  java.lang.Thread.run()V+11
v  ~StubRoutines::call_stub

---------------  P R O C E S S  ---------------

Java Threads: ( => current thread )
=>0x00000000195ed000 JavaThread "Thread-4" [_thread_in_vm, id=7836, stack(0x000000002e410000,0x000000002e510000)]
  0x00000000197cc000 JavaThread "Animation Thread-SharedResourceRunner" daemon [_thread_blocked, id=3272, stack(0x000000001bca0000,0x000000001bda0000)]
  0x00000000024be800 JavaThread "DestroyJavaVM" [_thread_blocked, id=4160, stack(0x0000000002360000,0x0000000002460000)]
  0x00000000195ee800 JavaThread "D3D Screen Updater" daemon [_thread_blocked, id=2228, stack(0x000000001c990000,0x000000001ca90000)]
  0x000000001960d000 JavaThread "Animation Thread" [_thread_in_native, id=7360, stack(0x000000001c690000,0x000000001c790000)]
  0x00000000195c5800 JavaThread "Image Fetcher 0" daemon [_thread_blocked, id=7548, stack(0x000000001c590000,0x000000001c690000)]
  0x000000001955f000 JavaThread "AWT-EventQueue-0" [_thread_blocked, id=5612, stack(0x000000001c490000,0x000000001c590000)]
  0x0000000019528800 JavaThread "AWT-Windows" daemon [_thread_in_native, id=3440, stack(0x0000000019e30000,0x0000000019f30000)]
  0x0000000019528000 JavaThread "AWT-Shutdown" [_thread_blocked, id=6868, stack(0x0000000019d30000,0x0000000019e30000)]
  0x0000000019525000 JavaThread "Java2D Disposer" daemon [_thread_blocked, id=8116, stack(0x0000000019c30000,0x0000000019d30000)]
  0x00000000183b9000 JavaThread "Service Thread" daemon [_thread_blocked, id=4036, stack(0x0000000018d00000,0x0000000018e00000)]
  0x000000001833e800 JavaThread "C1 CompilerThread3" daemon [_thread_blocked, id=8308, stack(0x0000000018c00000,0x0000000018d00000)]
  0x000000001833e000 JavaThread "C2 CompilerThread2" daemon [_thread_blocked, id=1164, stack(0x0000000018b00000,0x0000000018c00000)]
  0x0000000018338000 JavaThread "C2 CompilerThread1" daemon [_thread_blocked, id=3792, stack(0x0000000018a00000,0x0000000018b00000)]
  0x0000000018329800 JavaThread "C2 CompilerThread0" daemon [_thread_blocked, id=6056, stack(0x0000000018900000,0x0000000018a00000)]
  0x0000000018327000 JavaThread "Attach Listener" daemon [_thread_blocked, id=9000, stack(0x0000000018800000,0x0000000018900000)]
  0x0000000018325800 JavaThread "Signal Dispatcher" daemon [_thread_blocked, id=8132, stack(0x0000000018700000,0x0000000018800000)]
  0x00000000025b8800 JavaThread "Finalizer" daemon [_thread_blocked, id=3384, stack(0x0000000018200000,0x0000000018300000)]
  0x000000001630c800 JavaThread "Reference Handler" daemon [_thread_blocked, id=6952, stack(0x0000000018100000,0x0000000018200000)]

Other Threads:
  0x0000000016308800 VMThread [stack: 0x0000000018000000,0x0000000018100000] [id=4400]
  0x00000000183bb000 WatcherThread [stack: 0x0000000018e00000,0x0000000018f00000] [id=8928]

VM state:not at safepoint (normal execution)

VM Mutex/Monitor currently owned by a thread: None

Heap:
 PSYoungGen      total 329728K, used 260993K [0x00000000e0400000, 0x00000000f8780000, 0x0000000100000000)
  eden space 275968K, 94% used [0x00000000e0400000,0x00000000f02c05d0,0x00000000f1180000)
  from space 53760K, 0% used [0x00000000f5300000,0x00000000f5320000,0x00000000f8780000)
  to   space 60416K, 0% used [0x00000000f1180000,0x00000000f1180000,0x00000000f4c80000)
 ParOldGen       total 205824K, used 154962K [0x00000000a0c00000, 0x00000000ad500000, 0x00000000e0400000)
  object space 205824K, 75% used [0x00000000a0c00000,0x00000000aa3549b0,0x00000000ad500000)
 Metaspace       used 17545K, capacity 17761K, committed 18048K, reserved 1064960K
  class space    used 1732K, capacity 1793K, committed 1920K, reserved 1048576K

Card table byte_map: [0x0000000011980000,0x0000000011c80000] byte_map_base: 0x000000001147a000

Marking Bits: (ParMarkBitMap*) 0x00000000772bd490
 Begin Bits: [0x0000000012680000, 0x0000000013e50000)
 End Bits:   [0x0000000013e50000, 0x0000000015620000)

Polling page: 0x0000000000d00000

CodeCache: size=245760Kb used=6573Kb max_used=6573Kb free=239186Kb
 bounds [0x00000000025c0000, 0x0000000002c40000, 0x00000000115c0000]
 total_blobs=2529 nmethods=1661 adapters=782
 compilation: enabled

Compilation events (10 events):
Event: 4.841 Thread 0x000000001833e800 1663       3       jogamp.opengl.gl4.GL4bcImpl::glEnable (50 bytes)
Event: 4.842 Thread 0x000000001833e800 nmethod 1663 0x0000000002c2ea10 code [0x0000000002c2ec60, 0x0000000002c2fb28]
Event: 4.857 Thread 0x000000001833e800 1664   !   3       jogamp.common.util.locks.RecursiveLockImpl01Unfairish::unlock (23 bytes)
Event: 4.857 Thread 0x000000001833e800 nmethod 1664 0x0000000002c271d0 code [0x0000000002c27340, 0x0000000002c27708]
Event: 4.857 Thread 0x000000001833e800 1665   !   3       jogamp.common.util.locks.RecursiveLockImpl01Unfairish::unlock (196 bytes)
Event: 4.858 Thread 0x000000001833e800 nmethod 1665 0x0000000002c30410 code [0x0000000002c305e0, 0x0000000002c30fb8]
Event: 4.858 Thread 0x000000001833e800 1666       1       com.jogamp.common.os.MachineDescription::pointerSizeInBytes (5 bytes)
Event: 4.858 Thread 0x000000001833e800 nmethod 1666 0x0000000002c1b490 code [0x0000000002c1b5e0, 0x0000000002c1b6f0]
Event: 4.875 Thread 0x000000001833e800 1667       1       java.awt.event.InvocationEvent::isDispatched (5 bytes)
Event: 4.875 Thread 0x000000001833e800 nmethod 1667 0x0000000002c26f10 code [0x0000000002c27060, 0x0000000002c27170]

GC Heap History (10 events):
Event: 3.471 GC heap before
{Heap before GC invocations=11 (full 2):
 PSYoungGen      total 202752K, used 202730K [0x00000000e0400000, 0x00000000f1280000, 0x0000000100000000)
  eden space 153088K, 100% used [0x00000000e0400000,0x00000000e9980000,0x00000000e9980000)
  from space 49664K, 99% used [0x00000000ed300000,0x00000000f037ab28,0x00000000f0380000)
  to   space 58880K, 0% used [0x00000000e9980000,0x00000000e9980000,0x00000000ed300000)
 ParOldGen       total 139264K, used 96699K [0x00000000a0c00000, 0x00000000a9400000, 0x00000000e0400000)
  object space 139264K, 69% used [0x00000000a0c00000,0x00000000a6a6ef50,0x00000000a9400000)
 Metaspace       used 17324K, capacity 17563K, committed 17792K, reserved 1064960K
  class space    used 1718K, capacity 1792K, committed 1920K, reserved 1048576K
Event: 3.518 GC heap after
Heap after GC invocations=11 (full 2):
 PSYoungGen      total 211968K, used 37653K [0x00000000e0400000, 0x00000000f5300000, 0x0000000100000000)
  eden space 153088K, 0% used [0x00000000e0400000,0x00000000e0400000,0x00000000e9980000)
  from space 58880K, 63% used [0x00000000e9980000,0x00000000ebe45648,0x00000000ed300000)
  to   space 59904K, 0% used [0x00000000f1880000,0x00000000f1880000,0x00000000f5300000)
 ParOldGen       total 139264K, used 109692K [0x00000000a0c00000, 0x00000000a9400000, 0x00000000e0400000)
  object space 139264K, 78% used [0x00000000a0c00000,0x00000000a771f090,0x00000000a9400000)
 Metaspace       used 17324K, capacity 17563K, committed 17792K, reserved 1064960K
  class space    used 1718K, capacity 1792K, committed 1920K, reserved 1048576K
}
Event: 3.518 GC heap before
{Heap before GC invocations=12 (full 3):
 PSYoungGen      total 211968K, used 37653K [0x00000000e0400000, 0x00000000f5300000, 0x0000000100000000)
  eden space 153088K, 0% used [0x00000000e0400000,0x00000000e0400000,0x00000000e9980000)
  from space 58880K, 63% used [0x00000000e9980000,0x00000000ebe45648,0x00000000ed300000)
  to   space 59904K, 0% used [0x00000000f1880000,0x00000000f1880000,0x00000000f5300000)
 ParOldGen       total 139264K, used 109692K [0x00000000a0c00000, 0x00000000a9400000, 0x00000000e0400000)
  object space 139264K, 78% used [0x00000000a0c00000,0x00000000a771f090,0x00000000a9400000)
 Metaspace       used 17324K, capacity 17563K, committed 17792K, reserved 1064960K
  class space    used 1718K, capacity 1792K, committed 1920K, reserved 1048576K
Event: 3.716 GC heap after
Heap after GC invocations=12 (full 3):
 PSYoungGen      total 211968K, used 6817K [0x00000000e0400000, 0x00000000f5300000, 0x0000000100000000)
  eden space 153088K, 0% used [0x00000000e0400000,0x00000000e0400000,0x00000000e9980000)
  from space 58880K, 11% used [0x00000000e9980000,0x00000000ea028490,0x00000000ed300000)
  to   space 59904K, 0% used [0x00000000f1880000,0x00000000f1880000,0x00000000f5300000)
 ParOldGen       total 205824K, used 139054K [0x00000000a0c00000, 0x00000000ad500000, 0x00000000e0400000)
  object space 205824K, 67% used [0x00000000a0c00000,0x00000000a93cba70,0x00000000ad500000)
 Metaspace       used 17324K, capacity 17563K, committed 17792K, reserved 1064960K
  class space    used 1718K, capacity 1792K, committed 1920K, reserved 1048576K
}
Event: 3.893 GC heap before
{Heap before GC invocations=13 (full 3):
 PSYoungGen      total 211968K, used 153419K [0x00000000e0400000, 0x00000000f5300000, 0x0000000100000000)
  eden space 153088K, 95% used [0x00000000e0400000,0x00000000e932a780,0x00000000e9980000)
  from space 58880K, 11% used [0x00000000e9980000,0x00000000ea028490,0x00000000ed300000)
  to   space 59904K, 0% used [0x00000000f1880000,0x00000000f1880000,0x00000000f5300000)
 ParOldGen       total 205824K, used 139054K [0x00000000a0c00000, 0x00000000ad500000, 0x00000000e0400000)
  object space 205824K, 67% used [0x00000000a0c00000,0x00000000a93cba70,0x00000000ad500000)
 Metaspace       used 17362K, capacity 17569K, committed 17792K, reserved 1064960K
  class space    used 1719K, capacity 1793K, committed 1920K, reserved 1048576K
Event: 3.903 GC heap after
Heap after GC invocations=13 (full 3):
 PSYoungGen      total 261632K, used 192K [0x00000000e0400000, 0x00000000f4a00000, 0x0000000100000000)
  eden space 210944K, 0% used [0x00000000e0400000,0x00000000e0400000,0x00000000ed200000)
  from space 50688K, 0% used [0x00000000f1880000,0x00000000f18b0000,0x00000000f4a00000)
  to   space 61440K, 0% used [0x00000000ed200000,0x00000000ed200000,0x00000000f0e00000)
 ParOldGen       total 205824K, used 145942K [0x00000000a0c00000, 0x00000000ad500000, 0x00000000e0400000)
  object space 205824K, 70% used [0x00000000a0c00000,0x00000000a9a85990,0x00000000ad500000)
 Metaspace       used 17362K, capacity 17569K, committed 17792K, reserved 1064960K
  class space    used 1719K, capacity 1793K, committed 1920K, reserved 1048576K
}
Event: 4.209 GC heap before
{Heap before GC invocations=14 (full 3):
 PSYoungGen      total 261632K, used 204979K [0x00000000e0400000, 0x00000000f4a00000, 0x0000000100000000)
  eden space 210944K, 97% used [0x00000000e0400000,0x00000000ecbfcf70,0x00000000ed200000)
  from space 50688K, 0% used [0x00000000f1880000,0x00000000f18b0000,0x00000000f4a00000)
  to   space 61440K, 0% used [0x00000000ed200000,0x00000000ed200000,0x00000000f0e00000)
 ParOldGen       total 205824K, used 145942K [0x00000000a0c00000, 0x00000000ad500000, 0x00000000e0400000)
  object space 205824K, 70% used [0x00000000a0c00000,0x00000000a9a85990,0x00000000ad500000)
 Metaspace       used 17449K, capacity 17697K, committed 18048K, reserved 1064960K
  class space    used 1719K, capacity 1793K, committed 1920K, reserved 1048576K
Event: 4.213 GC heap after
Heap after GC invocations=14 (full 3):
 PSYoungGen      total 272384K, used 9108K [0x00000000e0400000, 0x00000000f8e00000, 0x0000000100000000)
  eden space 210944K, 0% used [0x00000000e0400000,0x00000000e0400000,0x00000000ed200000)
  from space 61440K, 14% used [0x00000000ed200000,0x00000000edae5020,0x00000000f0e00000)
  to   space 60416K, 0% used [0x00000000f5300000,0x00000000f5300000,0x00000000f8e00000)
 ParOldGen       total 205824K, used 145990K [0x00000000a0c00000, 0x00000000ad500000, 0x00000000e0400000)
  object space 205824K, 70% used [0x00000000a0c00000,0x00000000a9a91990,0x00000000ad500000)
 Metaspace       used 17449K, capacity 17697K, committed 18048K, reserved 1064960K
  class space    used 1719K, capacity 1793K, committed 1920K, reserved 1048576K
}
Event: 4.485 GC heap before
{Heap before GC invocations=15 (full 3):
 PSYoungGen      total 272384K, used 220052K [0x00000000e0400000, 0x00000000f8e00000, 0x0000000100000000)
  eden space 210944K, 100% used [0x00000000e0400000,0x00000000ed200000,0x00000000ed200000)
  from space 61440K, 14% used [0x00000000ed200000,0x00000000edae5020,0x00000000f0e00000)
  to   space 60416K, 0% used [0x00000000f5300000,0x00000000f5300000,0x00000000f8e00000)
 ParOldGen       total 205824K, used 145990K [0x00000000a0c00000, 0x00000000ad500000, 0x00000000e0400000)
  object space 205824K, 70% used [0x00000000a0c00000,0x00000000a9a91990,0x00000000ad500000)
 Metaspace       used 17462K, capacity 17697K, committed 18048K, reserved 1064960K
  class space    used 1719K, capacity 1793K, committed 1920K, reserved 1048576K
Event: 4.492 GC heap after
Heap after GC invocations=15 (full 3):
 PSYoungGen      total 329728K, used 128K [0x00000000e0400000, 0x00000000f8780000, 0x0000000100000000)
  eden space 275968K, 0% used [0x00000000e0400000,0x00000000e0400000,0x00000000f1180000)
  from space 53760K, 0% used [0x00000000f5300000,0x00000000f5320000,0x00000000f8780000)
  to   space 60416K, 0% used [0x00000000f1180000,0x00000000f1180000,0x00000000f4c80000)
 ParOldGen       total 205824K, used 154962K [0x00000000a0c00000, 0x00000000ad500000, 0x00000000e0400000)
  object space 205824K, 75% used [0x00000000a0c00000,0x00000000aa3549b0,0x00000000ad500000)
 Metaspace       used 17462K, capacity 17697K, committed 18048K, reserved 1064960K
  class space    used 1719K, capacity 1793K, committed 1920K, reserved 1048576K
}

Deoptimization events (10 events):
Event: 2.692 Thread 0x000000001955f000 Uncommon trap: reason=class_check action=maybe_recompile pc=0x00000000028cb004 method=com.jogamp.common.nio.Buffers.getDirectBufferByteOffset(Ljava/lang/Object;)I @ 7
Event: 2.692 Thread 0x000000001955f000 Uncommon trap: reason=class_check action=maybe_recompile pc=0x00000000028cd940 method=com.jogamp.common.nio.Buffers.isDirect(Ljava/lang/Object;)Z @ 13
Event: 2.692 Thread 0x000000001955f000 Uncommon trap: reason=class_check action=maybe_recompile pc=0x00000000028cb004 method=com.jogamp.common.nio.Buffers.getDirectBufferByteOffset(Ljava/lang/Object;)I @ 7
Event: 2.693 Thread 0x000000001955f000 Uncommon trap: reason=class_check action=maybe_recompile pc=0x00000000028cd940 method=com.jogamp.common.nio.Buffers.isDirect(Ljava/lang/Object;)Z @ 13
Event: 2.693 Thread 0x000000001955f000 Uncommon trap: reason=class_check action=maybe_recompile pc=0x00000000028cb004 method=com.jogamp.common.nio.Buffers.getDirectBufferByteOffset(Ljava/lang/Object;)I @ 7
Event: 2.693 Thread 0x000000001955f000 Uncommon trap: reason=predicate action=maybe_recompile pc=0x00000000029b7604 method=java.util.ArrayList.indexOf(Ljava/lang/Object;)I @ 44
Event: 2.727 Thread 0x000000001955f000 Uncommon trap: reason=class_check action=maybe_recompile pc=0x00000000028cd940 method=com.jogamp.common.nio.Buffers.isDirect(Ljava/lang/Object;)Z @ 13
Event: 2.727 Thread 0x000000001955f000 Uncommon trap: reason=class_check action=maybe_recompile pc=0x00000000028cb004 method=com.jogamp.common.nio.Buffers.getDirectBufferByteOffset(Ljava/lang/Object;)I @ 7
Event: 3.233 Thread 0x000000001955f000 Uncommon trap: reason=unreached action=reinterpret pc=0x00000000029bcd40 method=processing.opengl.PGraphicsOpenGL$InGeometry.addVertex(FFFIFFFFFIFIIIFIZ)I @ 218
Event: 3.877 Thread 0x000000001955f000 Uncommon trap: reason=unreached action=reinterpret pc=0x000000000287f270 method=java.lang.reflect.AccessibleObject.setAccessible0(Ljava/lang/reflect/AccessibleObject;Z)V @ 4

Internal exceptions (10 events):
Event: 3.055 Thread 0x000000001955f000 Exception <a 'java/security/PrivilegedActionException'> (0x00000000e43c2fb8) thrown at [D:\re\workspace\8-2-build-windows-amd64-cygwin\jdk8u25\1677\hotspot\src\share\vm\prims\jvm.cpp, line 1312]
Event: 3.056 Thread 0x000000001955f000 Exception <a 'java/security/PrivilegedActionException'> (0x00000000e43c6e78) thrown at [D:\re\workspace\8-2-build-windows-amd64-cygwin\jdk8u25\1677\hotspot\src\share\vm\prims\jvm.cpp, line 1312]
Event: 3.056 Thread 0x000000001955f000 Exception <a 'java/security/PrivilegedActionException'> (0x00000000e43cb280) thrown at [D:\re\workspace\8-2-build-windows-amd64-cygwin\jdk8u25\1677\hotspot\src\share\vm\prims\jvm.cpp, line 1312]
Event: 3.056 Thread 0x000000001955f000 Exception <a 'java/security/PrivilegedActionException'> (0x00000000e43cf668) thrown at [D:\re\workspace\8-2-build-windows-amd64-cygwin\jdk8u25\1677\hotspot\src\share\vm\prims\jvm.cpp, line 1312]
Event: 3.056 Thread 0x000000001955f000 Exception <a 'java/security/PrivilegedActionException'> (0x00000000e43d31c0) thrown at [D:\re\workspace\8-2-build-windows-amd64-cygwin\jdk8u25\1677\hotspot\src\share\vm\prims\jvm.cpp, line 1312]
Event: 3.057 Thread 0x000000001955f000 Exception <a 'java/security/PrivilegedActionException'> (0x00000000e43d79c0) thrown at [D:\re\workspace\8-2-build-windows-amd64-cygwin\jdk8u25\1677\hotspot\src\share\vm\prims\jvm.cpp, line 1312]
Event: 3.057 Thread 0x000000001955f000 Exception <a 'java/security/PrivilegedActionException'> (0x00000000e43db0f8) thrown at [D:\re\workspace\8-2-build-windows-amd64-cygwin\jdk8u25\1677\hotspot\src\share\vm\prims\jvm.cpp, line 1312]
Event: 3.057 Thread 0x000000001955f000 Exception <a 'java/security/PrivilegedActionException'> (0x00000000e43df040) thrown at [D:\re\workspace\8-2-build-windows-amd64-cygwin\jdk8u25\1677\hotspot\src\share\vm\prims\jvm.cpp, line 1312]
Event: 3.057 Thread 0x000000001955f000 Exception <a 'java/security/PrivilegedActionException'> (0x00000000e43e4f50) thrown at [D:\re\workspace\8-2-build-windows-amd64-cygwin\jdk8u25\1677\hotspot\src\share\vm\prims\jvm.cpp, line 1312]
Event: 3.070 Thread 0x000000001955f000 Exception <a 'java/security/PrivilegedActionException'> (0x00000000e44c0560) thrown at [D:\re\workspace\8-2-build-windows-amd64-cygwin\jdk8u25\1677\hotspot\src\share\vm\prims\jvm.cpp, line 1312]

Events (10 events):
Event: 4.826 loading class javax/swing/Popup$HeavyWeightWindow
Event: 4.826 loading class sun/awt/ModalExclude
Event: 4.826 loading class sun/awt/ModalExclude done
Event: 4.826 loading class javax/swing/JWindow
Event: 4.826 loading class javax/swing/JWindow done
Event: 4.826 loading class javax/swing/Popup$HeavyWeightWindow done
Event: 4.826 loading class java/awt/AWTEvent$2
Event: 4.826 Executing VM operation: BulkRevokeBias
Event: 4.826 Executing VM operation: BulkRevokeBias done
Event: 4.826 loading class java/awt/AWTEvent$2 done


Dynamic libraries:
0x00007ff669010000 - 0x00007ff669044000 	C:\Program Files\Java\jre1.8.0_25\bin\javaw.exe
0x00007ff98c320000 - 0x00007ff98c4cc000 	C:\WINDOWS\SYSTEM32\ntdll.dll
0x00007ff989d20000 - 0x00007ff989e5e000 	C:\WINDOWS\system32\KERNEL32.DLL
0x00007ff9897d0000 - 0x00007ff9898e5000 	C:\WINDOWS\system32\KERNELBASE.dll
0x00007ff987ff0000 - 0x00007ff98807e000 	C:\WINDOWS\system32\apphelp.dll
0x00007ff973750000 - 0x00007ff9737a3000 	C:\WINDOWS\AppPatch\AppPatch64\AcGenral.DLL
0x00007ff98a220000 - 0x00007ff98a2ca000 	C:\WINDOWS\system32\msvcrt.dll
0x00007ff9892a0000 - 0x00007ff9892ce000 	C:\WINDOWS\SYSTEM32\SspiCli.dll
0x00007ff98b980000 - 0x00007ff98b9d4000 	C:\WINDOWS\system32\SHLWAPI.dll
0x00007ff989f00000 - 0x00007ff98a077000 	C:\WINDOWS\system32\USER32.dll
0x00007ff98bb50000 - 0x00007ff98bce4000 	C:\WINDOWS\system32\ole32.dll
0x00007ff98a390000 - 0x00007ff98b8a8000 	C:\WINDOWS\system32\SHELL32.dll
0x00007ff988a10000 - 0x00007ff988a31000 	C:\WINDOWS\SYSTEM32\USERENV.dll
0x00007ff989c10000 - 0x00007ff989cba000 	C:\WINDOWS\system32\ADVAPI32.dll
0x00007ff97c880000 - 0x00007ff97c89e000 	C:\WINDOWS\SYSTEM32\MPR.dll
0x00007ff98b9e0000 - 0x00007ff98bb21000 	C:\WINDOWS\system32\RPCRT4.dll
0x00007ff9899a0000 - 0x00007ff9899f9000 	C:\WINDOWS\SYSTEM32\sechost.dll
0x00007ff98bed0000 - 0x00007ff98c0e1000 	C:\WINDOWS\SYSTEM32\combase.dll
0x00007ff98a0c0000 - 0x00007ff98a211000 	C:\WINDOWS\system32\GDI32.dll
0x00007ff989470000 - 0x00007ff989485000 	C:\WINDOWS\SYSTEM32\profapi.dll
0x00007ff987810000 - 0x00007ff9878c2000 	C:\WINDOWS\SYSTEM32\SHCORE.dll
0x00007ff98a080000 - 0x00007ff98a0b6000 	C:\WINDOWS\system32\IMM32.DLL
0x00007ff98c1c0000 - 0x00007ff98c312000 	C:\WINDOWS\system32\MSCTF.dll
0x00007ff986b90000 - 0x00007ff986e0b000 	C:\WINDOWS\WinSxS\amd64_microsoft.windows.common-controls_6595b64144ccf1df_6.0.9600.17415_none_6240486fecbd8abb\COMCTL32.dll
0x0000000075f50000 - 0x0000000076022000 	C:\Program Files\Java\jre1.8.0_25\bin\msvcr100.dll
0x0000000076ae0000 - 0x000000007733a000 	C:\Program Files\Java\jre1.8.0_25\bin\server\jvm.dll
0x00007ff9707d0000 - 0x00007ff9707d9000 	C:\WINDOWS\SYSTEM32\WSOCK32.dll
0x00007ff97ca00000 - 0x00007ff97ca22000 	C:\WINDOWS\SYSTEM32\WINMM.dll
0x00007ff989e80000 - 0x00007ff989e87000 	C:\WINDOWS\system32\PSAPI.DLL
0x00007ff989a00000 - 0x00007ff989a5a000 	C:\WINDOWS\system32\WS2_32.dll
0x00007ff97c8d0000 - 0x00007ff97c8fa000 	C:\WINDOWS\SYSTEM32\WINMMBASE.dll
0x00007ff98bb30000 - 0x00007ff98bb39000 	C:\WINDOWS\system32\NSI.dll
0x00007ff989950000 - 0x00007ff98999f000 	C:\WINDOWS\SYSTEM32\cfgmgr32.dll
0x00007ff988260000 - 0x00007ff988288000 	C:\WINDOWS\SYSTEM32\DEVOBJ.dll
0x0000000076ad0000 - 0x0000000076adf000 	C:\Program Files\Java\jre1.8.0_25\bin\verify.dll
0x0000000076aa0000 - 0x0000000076ac8000 	C:\Program Files\Java\jre1.8.0_25\bin\java.dll
0x0000000076a80000 - 0x0000000076a96000 	C:\Program Files\Java\jre1.8.0_25\bin\zip.dll
0x0000000075db0000 - 0x0000000075f48000 	C:\Program Files\Java\jre1.8.0_25\bin\awt.dll
0x00007ff98c0f0000 - 0x00007ff98c1b1000 	C:\WINDOWS\system32\OLEAUT32.dll
0x00007ff987610000 - 0x00007ff987631000 	C:\WINDOWS\system32\DWMAPI.DLL
0x00007ff988130000 - 0x00007ff988259000 	C:\WINDOWS\system32\uxtheme.dll
0x00007ff9882b0000 - 0x00007ff9882bb000 	C:\WINDOWS\SYSTEM32\kernel.appcore.dll
0x00007ff989340000 - 0x00007ff98934b000 	C:\WINDOWS\SYSTEM32\CRYPTBASE.dll
0x00007ff9892d0000 - 0x00007ff989333000 	C:\WINDOWS\SYSTEM32\bcryptPrimitives.dll
0x00007ff97e8c0000 - 0x00007ff97eae1000 	C:\WINDOWS\system32\d3d9.dll
0x00007ff987180000 - 0x00007ff98718a000 	C:\WINDOWS\SYSTEM32\VERSION.dll
0x00007ff986970000 - 0x00007ff986abb000 	C:\WINDOWS\SYSTEM32\aticfx64.dll
0x00007ff965270000 - 0x00007ff965291000 	C:\WINDOWS\SYSTEM32\atiu9p64.dll
0x00007ff964a80000 - 0x00007ff965265000 	C:\WINDOWS\SYSTEM32\atiumd64.dll
0x0000000076110000 - 0x00000000768c7000 	C:\WINDOWS\SYSTEM32\atiumd6a.dll
0x00000000769f0000 - 0x0000000076a37000 	C:\Program Files\Java\jre1.8.0_25\bin\fontmanager.dll
0x00007ff988ce0000 - 0x00007ff988d00000 	C:\WINDOWS\SYSTEM32\CRYPTSP.dll
0x00007ff988900000 - 0x00007ff988936000 	C:\WINDOWS\system32\rsaenh.dll
0x00007ff988f90000 - 0x00007ff988fb6000 	C:\WINDOWS\SYSTEM32\bcrypt.dll
0x0000000076a60000 - 0x0000000076a7a000 	C:\Program Files\Java\jre1.8.0_25\bin\net.dll
0x00007ff988c80000 - 0x00007ff988cd9000 	C:\WINDOWS\system32\mswsock.dll
0x00007ff9860b0000 - 0x00007ff9860da000 	C:\WINDOWS\SYSTEM32\IPHLPAPI.DLL
0x00007ff986050000 - 0x00007ff98605a000 	C:\WINDOWS\SYSTEM32\WINNSI.DLL
0x00007ff9841e0000 - 0x00007ff9841f6000 	C:\WINDOWS\SYSTEM32\dhcpcsvc6.DLL
0x00007ff984380000 - 0x00007ff98439a000 	C:\WINDOWS\SYSTEM32\dhcpcsvc.DLL
0x0000000076a40000 - 0x0000000076a51000 	C:\Program Files\Java\jre1.8.0_25\bin\nio.dll
0x00000000637c0000 - 0x00000000637cd000 	S:\Users\Ben\AppData\Local\Temp\jogamp_0000\file_cache\jln2100459810135507039\jln7143627767417688319\gluegen-rt.dll
0x00000000769e0000 - 0x00000000769e7000 	C:\Program Files\Java\jre1.8.0_25\bin\jawt.dll
0x000000006a440000 - 0x000000006a44d000 	S:\Users\Ben\AppData\Local\Temp\jogamp_0000\file_cache\jln2100459810135507039\jln7143627767417688319\nativewindow_awt.dll
0x000000006c100000 - 0x000000006c10f000 	S:\Users\Ben\AppData\Local\Temp\jogamp_0000\file_cache\jln2100459810135507039\jln7143627767417688319\nativewindow_win32.dll
0x00007ff960620000 - 0x00007ff96074b000 	C:\WINDOWS\SYSTEM32\OpenGL32.dll
0x00007ff97d7c0000 - 0x00007ff97d7ee000 	C:\WINDOWS\SYSTEM32\GLU32.dll
0x00007ff966bf0000 - 0x00007ff966ce8000 	C:\WINDOWS\SYSTEM32\DDRAW.dll
0x00007ff980290000 - 0x00007ff980299000 	C:\WINDOWS\SYSTEM32\DCIMAN32.dll
0x0000000064500000 - 0x00000000645a2000 	S:\Users\Ben\AppData\Local\Temp\jogamp_0000\file_cache\jln2100459810135507039\jln7143627767417688319\jogl_desktop.dll
0x00007ff97d720000 - 0x00007ff97d738000 	C:\WINDOWS\SYSTEM32\atig6pxx.dll
0x0000000074200000 - 0x0000000075daf000 	C:\WINDOWS\SYSTEM32\atio6axx.dll
0x00007ff98bcf0000 - 0x00007ff98beca000 	C:\WINDOWS\system32\SETUPAPI.dll
0x00007ff986120000 - 0x00007ff986257000 	C:\WINDOWS\SYSTEM32\atiadlxx.dll
0x00007ff986710000 - 0x00007ff98688f000 	C:\WINDOWS\SYSTEM32\PROPSYS.dll
0x00007ff988080000 - 0x00007ff988092000 	C:\WINDOWS\SYSTEM32\WTSAPI32.dll
0x00007ff9898f0000 - 0x00007ff989941000 	C:\WINDOWS\system32\WINTRUST.dll
0x00007ff989540000 - 0x00007ff98971f000 	C:\WINDOWS\system32\CRYPT32.dll
0x00007ff989520000 - 0x00007ff989531000 	C:\WINDOWS\system32\MSASN1.dll
0x00007ff973720000 - 0x00007ff973749000 	C:\WINDOWS\SYSTEM32\atig6txx.dll
0x00007ff95c1a0000 - 0x00007ff95c33c000 	O:\OneDrive\Workspace\ZZavatar\lib\user\KinectPV2\Kinect20.Face.dll
0x00007ff97c900000 - 0x00007ff97c9a7000 	C:\WINDOWS\SYSTEM32\MSVCP110.dll
0x00007ff981bc0000 - 0x00007ff981c8e000 	C:\WINDOWS\SYSTEM32\MSVCR110.dll
0x00007ff980280000 - 0x00007ff980290000 	O:\OneDrive\Workspace\ZZavatar\lib\user\KinectPV2\KinectPV2.dll
0x00007ff960560000 - 0x00007ff96061a000 	C:\WINDOWS\SYSTEM32\Kinect20.dll
0x00007ff97ca30000 - 0x00007ff97cb1b000 	C:\WINDOWS\SYSTEM32\MFPlat.DLL
0x00007ff97c8a0000 - 0x00007ff97c8c7000 	C:\WINDOWS\SYSTEM32\RTWorkQ.DLL
0x00007ff987050000 - 0x00007ff98705c000 	C:\WINDOWS\SYSTEM32\AVRT.dll
0x00007ff963e10000 - 0x00007ff963f9a000 	C:\WINDOWS\SYSTEM32\dbghelp.dll

VM Arguments:
jvm_args: -Djava.library.path=O:\OneDrive\Workspace\ZZavatar\lib\base\video;O:\OneDrive\Workspace\ZZavatar\lib\base\video;O:\OneDrive\Workspace\ZZavatar\lib\base\video;O:\OneDrive\Workspace\ZZavatar\lib\base\core;O:\OneDrive\Workspace\ZZavatar\lib\base\core;O:\OneDrive\Workspace\ZZavatar\lib\base\core;O:\OneDrive\Workspace\ZZavatar\lib\base\core;O:\OneDrive\Workspace\ZZavatar\lib\base\core;O:\OneDrive\Workspace\ZZavatar\lib\base\core;O:\OneDrive\Workspace\ZZavatar\lib\base\core;O:\OneDrive\Workspace\ZZavatar\lib\base\core;O:\OneDrive\Workspace\ZZavatar\lib\base\core;O:\OneDrive\Workspace\ZZavatar\lib\base\core;O:\OneDrive\Workspace\ZZavatar\lib\base\core;O:\OneDrive\Workspace\ZZavatar\lib\base\core;O:\OneDrive\Workspace\ZZavatar\lib\base\core;O:\OneDrive\Workspace\ZZavatar\lib\base\core;O:\OneDrive\Workspace\ZZavatar\lib\base\core;O:\OneDrive\Workspace\ZZavatar\lib\user\Kinect4WinSDK;O:\OneDrive\Workspace\ZZavatar\lib\user\KinectPV2;O:\OneDrive\Workspace\ZZavatar\lib\user\SimpleOpenNI -Dfile.encoding=Cp1252 
java_command: zzavatar.ZZavatar
java_class_path (initial): O:\OneDrive\Workspace\ZZavatar\lib\base\video\gstreamer-java.jar;O:\OneDrive\Workspace\ZZavatar\lib\base\video\jna.jar;O:\OneDrive\Workspace\ZZavatar\lib\base\video\video.jar;O:\OneDrive\Workspace\ZZavatar\lib\base\core\core.jar;O:\OneDrive\Workspace\ZZavatar\lib\base\core\gluegen-rt-natives-linux-amd64.jar;O:\OneDrive\Workspace\ZZavatar\lib\base\core\gluegen-rt-natives-linux-armv6hf.jar;O:\OneDrive\Workspace\ZZavatar\lib\base\core\gluegen-rt-natives-linux-i586.jar;O:\OneDrive\Workspace\ZZavatar\lib\base\core\gluegen-rt-natives-macosx-universal.jar;O:\OneDrive\Workspace\ZZavatar\lib\base\core\gluegen-rt-natives-windows-amd64.jar;O:\OneDrive\Workspace\ZZavatar\lib\base\core\gluegen-rt-natives-windows-i586.jar;O:\OneDrive\Workspace\ZZavatar\lib\base\core\gluegen-rt.jar;O:\OneDrive\Workspace\ZZavatar\lib\base\core\jogl-all-natives-linux-amd64.jar;O:\OneDrive\Workspace\ZZavatar\lib\base\core\jogl-all-natives-linux-armv6hf.jar;O:\OneDrive\Workspace\ZZavatar\lib\base\core\jogl-all-natives-linux-i586.jar;O:\OneDrive\Workspace\ZZavatar\lib\base\core\jogl-all-natives-macosx-universal.jar;O:\OneDrive\Workspace\ZZavatar\lib\base\core\jogl-all-natives-windows-amd64.jar;O:\OneDrive\Workspace\ZZavatar\lib\base\core\jogl-all-natives-windows-i586.jar;O:\OneDrive\Workspace\ZZavatar\lib\base\core\jogl-all.jar;O:\OneDrive\Workspace\ZZavatar\lib\user\Kinect4WinSDK\Kinect4WinSDK.jar;O:\OneDrive\Workspace\ZZavatar\lib\user\KinectPV2\KinectPV2.jar;O:\OneDrive\Workspace\ZZavatar\lib\user\SimpleOpenNI\SimpleOpenNI.jar;O:\OneDrive\Workspace\ZZavatar\bin
Launcher Type: SUN_STANDARD

Environment Variables:
JAVA_HOME=C:\Program Files\Java\jdk1.8.0_25
PATH=C:/Program Files/Java/jre1.8.0_25/bin/server;C:/Program Files/Java/jre1.8.0_25/bin;C:/Program Files/Java/jre1.8.0_25/lib/amd64;C:\Program Files (x86)\NVIDIA Corporation\PhysX\Common;C:\ProgramData\Oracle\Java\javapath;C:\Program Files (x86)\Common Files\Intel\Shared Libraries\redist\intel64\compiler;C:\Program Files (x86)\Common Files\Intel\Shared Libraries\redist\ia32\compiler;C:\Program Files (x86)\Intel\iCLS Client\;C:\Program Files\Intel\iCLS Client\;C:\Program Files (x86)\AMD APP\bin\x86_64;C:\Program Files (x86)\AMD APP\bin\x86;C:\WINDOWS\system32;C:\WINDOWS;C:\WINDOWS\System32\Wbem;C:\WINDOWS\System32\WindowsPowerShell\v1.0\;C:\Program Files (x86)\ATI Technologies\ATI.ACE\Core-Static;C:\Program Files\Intel\Intel(R) Management Engine Components\DAL;C:\Program Files\Intel\Intel(R) Management Engine Components\IPT;C:\Program Files (x86)\Intel\Intel(R) Management Engine Components\DAL;C:\Program Files (x86)\Intel\Intel(R) Management Engine Components\IPT;C:\Program Files\Sony\VAIO Improvement\;C:\Program Files (x86)\Sony\VAIO Startup Setting Tool;C:\Program Files (x86)\Windows Kits\8.1\Windows Performance Toolkit\;C:\Program Files\Microsoft SQL Server\110\Tools\Binn\;C:\Program Files (x86)\Microsoft SDKs\TypeScript\1.0\;C:\Program Files\Microsoft\Web Platform Installer\;C:\Program Files (x86)\Java\jre1.8.0_25\bin;P:\Programs\Python27\Scripts;P:\Programs\Python27;C:\Program Files\Common Files\Autodesk Shared\;P:\Program Files\Programs;P:\Program Files\Games;P:\Programs\Eclipse;
USERNAME=Benoît
OS=Windows_NT
PROCESSOR_IDENTIFIER=Intel64 Family 6 Model 58 Stepping 9, GenuineIntel



---------------  S Y S T E M  ---------------

OS: Windows 8.1 , 64 bit Build 9600 

CPU:total 8 (4 cores per cpu, 2 threads per core) family 6 model 58 stepping 9, cmov, cx8, fxsr, mmx, sse, sse2, sse3, ssse3, sse4.1, sse4.2, popcnt, avx, aes, clmul, erms, ht, tsc, tscinvbit, tscinv

Memory: 4k page, physical 6237468k(1828556k free), swap 10431772k(4582932k free)

vm_info: Java HotSpot(TM) 64-Bit Server VM (25.25-b02) for windows-amd64 JRE (1.8.0_25-b18), built on Oct  7 2014 14:25:37 by "java_re" with MS VC++ 10.0 (VS2010)

time: Fri Apr 24 15:13:54 2015
elapsed time: 4 seconds (0d 0h 0m 4s)

