#
# A fatal error has been detected by the Java Runtime Environment:
#
#  EXCEPTION_ACCESS_VIOLATION (0xc0000005) at pc=0x00007ff966a14110, pid=816, tid=6368
#
# JRE version: Java(TM) SE Runtime Environment (8.0_31-b13) (build 1.8.0_31-b13)
# Java VM: Java HotSpot(TM) 64-Bit Server VM (25.31-b07 mixed mode windows-amd64 compressed oops)
# Problematic frame:
# C  [KinectPV2.dll+0x4110]
#
# Failed to write core dump. Minidumps are not enabled by default on client versions of Windows
#
# If you would like to submit a bug report, please visit:
#   http://bugreport.java.com/bugreport/crash.jsp
# The crash happened outside the Java Virtual Machine in native code.
# See problematic frame for where to report the bug.
#

---------------  T H R E A D  ---------------

Current thread (0x000000001ed82800):  JavaThread "Animation Thread" [_thread_in_native, id=6368, stack(0x0000000021ec0000,0x0000000021fc0000)]

siginfo: ExceptionCode=0xc0000005, reading address 0xffffffffffffffff

Registers:
RAX=0x0000000000000001, RBX=0x00000000345dd040, RCX=0xffffffffffffffff, RDX=0x0000000000000000
RSP=0x0000000021fbeca0, RBP=0x0000000000000006, RSI=0x0000000000000000, RDI=0x0000000024f02f68
R8 =0x0000000021fbe968, R9 =0x0000000000008000, R10=0x0000000000000000, R11=0x0000000021fbeba0
R12=0x0000000000000000, R13=0x0000000025aee9e0, R14=0x0000000000000000, R15=0x000000001ed82800
RIP=0x00007ff966a14110, EFLAGS=0x0000000000010286

Top of Stack: (sp=0x0000000021fbeca0)
0x0000000021fbeca0:   0000000024f02f38 00000000250f41d8
0x0000000021fbecb0:   0000000024f02f38 0000000000000000
0x0000000021fbecc0:   0000000021fbed90 00007ff966a11fba
0x0000000021fbecd0:   0000000021fbed90 0000000021fbed70
0x0000000021fbece0:   000000001ed829e8 000000001ed40ad0
0x0000000021fbecf0:   00000006c7259b68 0000000002365534
0x0000000021fbed00:   0000000025aee9e0 0000000000000021
0x0000000021fbed10:   0000000000000021 000000001ed82800
0x0000000021fbed20:   0000000021fbede8 0000000002365262
0x0000000021fbed30:   0000000021fbed30 0000000025aee9e0
0x0000000021fbed40:   0000000021fbed90 0000000025af0028
0x0000000021fbed50:   0000000000000000 0000000025aee9e0
0x0000000021fbed60:   0000000000000000 0000000021fbed90
0x0000000021fbed70:   0000000021fbedd8 0000000002357a2d
0x0000000021fbed80:   0000000000000000 000000000235f6b8
0x0000000021fbed90:   00000006c70c5050 0000000021fbed98 

Instructions: (pc=0x00007ff966a14110)
0x00007ff966a140f0:   89 77 d0 48 8b 0f 48 85 c9 74 09 48 8b 01 ff 50
0x00007ff966a14100:   10 4c 89 37 48 8b 8f 90 00 00 00 48 85 c9 74 0d
0x00007ff966a14110:   48 8b 01 ff 50 10 4c 89 b7 90 00 00 00 48 8b 4f
0x00007ff966a14120:   30 48 85 c9 74 0a 48 8b 01 ff 50 10 4c 89 77 30 


Register to memory mapping:

RAX=0x0000000000000001 is an unknown value
RBX=0x00000000345dd040 is an unknown value
RCX=0xffffffffffffffff is an unknown value
RDX=0x0000000000000000 is an unknown value
RSP=0x0000000021fbeca0 is pointing into the stack for thread: 0x000000001ed82800
RBP=0x0000000000000006 is an unknown value
RSI=0x0000000000000000 is an unknown value
RDI=0x0000000024f02f68 is an unknown value
R8 =0x0000000021fbe968 is pointing into the stack for thread: 0x000000001ed82800
R9 =0x0000000000008000 is an unknown value
R10=0x0000000000000000 is an unknown value
R11=0x0000000021fbeba0 is pointing into the stack for thread: 0x000000001ed82800
R12=0x0000000000000000 is an unknown value
R13={method} {0x0000000025aee9e8} 'jniStopDevice' '()V' in 'KinectPV2/Device'
R14=0x0000000000000000 is an unknown value
R15=0x000000001ed82800 is a thread


Stack: [0x0000000021ec0000,0x0000000021fc0000],  sp=0x0000000021fbeca0,  free space=1019k
Native frames: (J=compiled Java code, j=interpreted, Vv=VM code, C=native code)
C  [KinectPV2.dll+0x4110]
C  [KinectPV2.dll+0x1fba]
C  0x0000000002365534

Java frames: (J=compiled Java code, j=interpreted, Vv=VM code)
j  KinectPV2.Device.jniStopDevice()V+0
j  KinectPV2.Device.stopDevice()V+41
j  KinectPV2.KinectPV2.dispose()V+14
v  ~StubRoutines::call_stub
j  sun.reflect.NativeMethodAccessorImpl.invoke0(Ljava/lang/reflect/Method;Ljava/lang/Object;[Ljava/lang/Object;)Ljava/lang/Object;+0
j  sun.reflect.NativeMethodAccessorImpl.invoke(Ljava/lang/Object;[Ljava/lang/Object;)Ljava/lang/Object;+100
J 2015 C1 sun.reflect.DelegatingMethodAccessorImpl.invoke(Ljava/lang/Object;[Ljava/lang/Object;)Ljava/lang/Object; (10 bytes) @ 0x0000000002a9a50c [0x0000000002a9a400+0x10c]
J 2014 C1 java.lang.reflect.Method.invoke(Ljava/lang/Object;[Ljava/lang/Object;)Ljava/lang/Object; (62 bytes) @ 0x0000000002a9acac [0x0000000002a9a8c0+0x3ec]
j  processing.core.PApplet$RegisteredMethods.handle([Ljava/lang/Object;)V+18
J 1817 C1 processing.core.PApplet.handleMethods(Ljava/lang/String;)V (21 bytes) @ 0x0000000002a0d5dc [0x0000000002a0d320+0x2bc]
j  processing.core.PApplet.dispose()V+35
j  processing.core.PApplet.run()V+283
j  java.lang.Thread.run()V+11
v  ~StubRoutines::call_stub

---------------  P R O C E S S  ---------------

Java Threads: ( => current thread )
  0x000000001f283000 JavaThread "Thread-4" [_thread_in_vm, id=5440, stack(0x0000000034d30000,0x0000000034e30000)]
  0x000000001f1dc000 JavaThread "Animation Thread-SharedResourceRunner" daemon [_thread_blocked, id=676, stack(0x0000000024730000,0x0000000024830000)]
  0x0000000002252800 JavaThread "DestroyJavaVM" [_thread_blocked, id=6388, stack(0x0000000002150000,0x0000000002250000)]
  0x000000001ed94000 JavaThread "D3D Screen Updater" daemon [_thread_blocked, id=4904, stack(0x00000000221c0000,0x00000000222c0000)]
=>0x000000001ed82800 JavaThread "Animation Thread" [_thread_in_native, id=6368, stack(0x0000000021ec0000,0x0000000021fc0000)]
  0x000000001ed3f000 JavaThread "AWT-EventQueue-0" [_thread_blocked, id=3188, stack(0x0000000021cc0000,0x0000000021dc0000)]
  0x000000001eca4000 JavaThread "AWT-Windows" daemon [_thread_in_native, id=5420, stack(0x000000001f5b0000,0x000000001f6b0000)]
  0x000000001eca3000 JavaThread "AWT-Shutdown" [_thread_blocked, id=3180, stack(0x000000001f4b0000,0x000000001f5b0000)]
  0x000000001eca0800 JavaThread "Java2D Disposer" daemon [_thread_blocked, id=3608, stack(0x000000001f3b0000,0x000000001f4b0000)]
  0x000000001de2b000 JavaThread "Service Thread" daemon [_thread_blocked, id=3612, stack(0x000000001e770000,0x000000001e870000)]
  0x000000001dda0000 JavaThread "C1 CompilerThread3" daemon [_thread_blocked, id=5040, stack(0x000000001e670000,0x000000001e770000)]
  0x000000001dda3800 JavaThread "C2 CompilerThread2" daemon [_thread_in_native, id=3168, stack(0x000000001e570000,0x000000001e670000)]
  0x000000001dd98800 JavaThread "C2 CompilerThread1" daemon [_thread_in_native, id=6052, stack(0x000000001e470000,0x000000001e570000)]
  0x000000001dd96800 JavaThread "C2 CompilerThread0" daemon [_thread_blocked, id=5372, stack(0x000000001e370000,0x000000001e470000)]
  0x000000001dd95000 JavaThread "Attach Listener" daemon [_thread_blocked, id=3468, stack(0x000000001e270000,0x000000001e370000)]
  0x000000001dd9f800 JavaThread "Signal Dispatcher" daemon [_thread_blocked, id=696, stack(0x000000001e170000,0x000000001e270000)]
  0x0000000002347800 JavaThread "Finalizer" daemon [_thread_blocked, id=4664, stack(0x000000001dc70000,0x000000001dd70000)]
  0x0000000002340800 JavaThread "Reference Handler" daemon [_thread_blocked, id=6516, stack(0x000000001db70000,0x000000001dc70000)]

Other Threads:
  0x000000001bd89000 VMThread [stack: 0x000000001da70000,0x000000001db70000] [id=1360]
  0x000000001de2c800 WatcherThread [stack: 0x000000001e870000,0x000000001e970000] [id=5520]

VM state:not at safepoint (normal execution)

VM Mutex/Monitor currently owned by a thread: None

Heap:
 PSYoungGen      total 715264K, used 186741K [0x000000076b300000, 0x00000007a3c80000, 0x00000007c0000000)
  eden space 641024K, 29% used [0x000000076b300000,0x00000007769455b0,0x0000000792500000)
  from space 74240K, 0% used [0x0000000792500000,0x0000000792518000,0x0000000796d80000)
  to   space 72192K, 0% used [0x000000079f600000,0x000000079f600000,0x00000007a3c80000)
 ParOldGen       total 306176K, used 162173K [0x00000006c1800000, 0x00000006d4300000, 0x000000076b300000)
  object space 306176K, 52% used [0x00000006c1800000,0x00000006cb65f7f8,0x00000006d4300000)
 Metaspace       used 17695K, capacity 17927K, committed 18176K, reserved 1064960K
  class space    used 1717K, capacity 1762K, committed 1792K, reserved 1048576K

Card table byte_map: [0x0000000011710000,0x0000000011f10000] byte_map_base: 0x000000000e104000

Marking Bits: (ParMarkBitMap*) 0x000000006a28d4f0
 Begin Bits: [0x0000000012c60000, 0x0000000016c00000)
 End Bits:   [0x0000000016c00000, 0x000000001aba0000)

Polling page: 0x00000000007b0000

CodeCache: size=245760Kb used=7435Kb max_used=7445Kb free=238324Kb
 bounds [0x0000000002350000, 0x0000000002aa0000, 0x0000000011350000]
 total_blobs=2877 nmethods=2007 adapters=785
 compilation: enabled

Compilation events (10 events):
Event: 9.159 Thread 0x000000001dda0000 2011       3       jogamp.opengl.GLDrawableImpl::unlockSurface (10 bytes)
Event: 9.159 Thread 0x000000001dda0000 nmethod 2011 0x0000000002a97250 code [0x0000000002a973c0, 0x0000000002a975e8]
Event: 9.162 Thread 0x000000001dda0000 2012       3       processing.opengl.FrameBuffer::setFBO (13 bytes)
Event: 9.162 Thread 0x000000001dda0000 nmethod 2012 0x0000000002a97690 code [0x0000000002a977e0, 0x0000000002a97970]
Event: 9.162 Thread 0x000000001dd96800 2013       4       zzavatar.ZZModel::translate (69 bytes)
Event: 9.174 Thread 0x000000001dd96800 nmethod 2013 0x0000000002a9b010 code [0x0000000002a9b1e0, 0x0000000002a9bbb8]
Event: 9.193 Thread 0x000000001dda0000 2014       3       java.lang.reflect.Method::invoke (62 bytes)
Event: 9.193 Thread 0x000000001dda0000 nmethod 2014 0x0000000002a9a710 code [0x0000000002a9a8c0, 0x0000000002a9ae28]
Event: 9.193 Thread 0x000000001dda0000 2015       3       sun.reflect.DelegatingMethodAccessorImpl::invoke (10 bytes)
Event: 9.193 Thread 0x000000001dda0000 nmethod 2015 0x0000000002a9a290 code [0x0000000002a9a400, 0x0000000002a9a628]

GC Heap History (10 events):
Event: 5.675 GC heap before
{Heap before GC invocations=10 (full 1):
 PSYoungGen      total 452096K, used 392018K [0x000000076b300000, 0x000000078ca00000, 0x00000007c0000000)
  eden space 381952K, 99% used [0x000000076b300000,0x00000007827b1ce0,0x0000000782800000)
  from space 70144K, 14% used [0x0000000788580000,0x0000000788fa2df0,0x000000078ca00000)
  to   space 82944K, 0% used [0x0000000782800000,0x0000000782800000,0x0000000787900000)
 ParOldGen       total 306176K, used 151868K [0x00000006c1800000, 0x00000006d4300000, 0x000000076b300000)
  object space 306176K, 49% used [0x00000006c1800000,0x00000006cac4f028,0x00000006d4300000)
 Metaspace       used 17589K, capacity 17799K, committed 17920K, reserved 1064960K
  class space    used 1705K, capacity 1762K, committed 1792K, reserved 1048576K
Event: 5.682 GC heap after
Heap after GC invocations=10 (full 1):
 PSYoungGen      total 464896K, used 9364K [0x000000076b300000, 0x0000000794d00000, 0x00000007c0000000)
  eden space 381952K, 0% used [0x000000076b300000,0x000000076b300000,0x0000000782800000)
  from space 82944K, 11% used [0x0000000782800000,0x0000000783125040,0x0000000787900000)
  to   space 80384K, 0% used [0x000000078fe80000,0x000000078fe80000,0x0000000794d00000)
 ParOldGen       total 306176K, used 152957K [0x00000006c1800000, 0x00000006d4300000, 0x000000076b300000)
  object space 306176K, 49% used [0x00000006c1800000,0x00000006cad5f718,0x00000006d4300000)
 Metaspace       used 17589K, capacity 17799K, committed 17920K, reserved 1064960K
  class space    used 1705K, capacity 1762K, committed 1792K, reserved 1048576K
}
Event: 6.275 GC heap before
{Heap before GC invocations=11 (full 1):
 PSYoungGen      total 464896K, used 386396K [0x000000076b300000, 0x0000000794d00000, 0x00000007c0000000)
  eden space 381952K, 98% used [0x000000076b300000,0x0000000782332138,0x0000000782800000)
  from space 82944K, 11% used [0x0000000782800000,0x0000000783125040,0x0000000787900000)
  to   space 80384K, 0% used [0x000000078fe80000,0x000000078fe80000,0x0000000794d00000)
 ParOldGen       total 306176K, used 152957K [0x00000006c1800000, 0x00000006d4300000, 0x000000076b300000)
  object space 306176K, 49% used [0x00000006c1800000,0x00000006cad5f718,0x00000006d4300000)
 Metaspace       used 17601K, capacity 17799K, committed 17920K, reserved 1064960K
  class space    used 1705K, capacity 1762K, committed 1792K, reserved 1048576K
Event: 6.281 GC heap after
Heap after GC invocations=11 (full 1):
 PSYoungGen      total 574976K, used 128K [0x000000076b300000, 0x0000000793f00000, 0x00000007c0000000)
  eden space 508928K, 0% used [0x000000076b300000,0x000000076b300000,0x000000078a400000)
  from space 66048K, 0% used [0x000000078fe80000,0x000000078fea0000,0x0000000793f00000)
  to   space 79360K, 0% used [0x000000078a400000,0x000000078a400000,0x000000078f180000)
 ParOldGen       total 306176K, used 162149K [0x00000006c1800000, 0x00000006d4300000, 0x000000076b300000)
  object space 306176K, 52% used [0x00000006c1800000,0x00000006cb6597f8,0x00000006d4300000)
 Metaspace       used 17601K, capacity 17799K, committed 17920K, reserved 1064960K
  class space    used 1705K, capacity 1762K, committed 1792K, reserved 1048576K
}
Event: 7.081 GC heap before
{Heap before GC invocations=12 (full 1):
 PSYoungGen      total 574976K, used 509056K [0x000000076b300000, 0x0000000793f00000, 0x00000007c0000000)
  eden space 508928K, 100% used [0x000000076b300000,0x000000078a400000,0x000000078a400000)
  from space 66048K, 0% used [0x000000078fe80000,0x000000078fea0000,0x0000000793f00000)
  to   space 79360K, 0% used [0x000000078a400000,0x000000078a400000,0x000000078f180000)
 ParOldGen       total 306176K, used 162149K [0x00000006c1800000, 0x00000006d4300000, 0x000000076b300000)
  object space 306176K, 52% used [0x00000006c1800000,0x00000006cb6597f8,0x00000006d4300000)
 Metaspace       used 17627K, capacity 17863K, committed 17920K, reserved 1064960K
  class space    used 1705K, capacity 1762K, committed 1792K, reserved 1048576K
Event: 7.087 GC heap after
Heap after GC invocations=12 (full 1):
 PSYoungGen      total 588288K, used 8164K [0x000000076b300000, 0x000000079cd80000, 0x00000007c0000000)
  eden space 508928K, 0% used [0x000000076b300000,0x000000076b300000,0x000000078a400000)
  from space 79360K, 10% used [0x000000078a400000,0x000000078abf9010,0x000000078f180000)
  to   space 76288K, 0% used [0x0000000798300000,0x0000000798300000,0x000000079cd80000)
 ParOldGen       total 306176K, used 162165K [0x00000006c1800000, 0x00000006d4300000, 0x000000076b300000)
  object space 306176K, 52% used [0x00000006c1800000,0x00000006cb65d7f8,0x00000006d4300000)
 Metaspace       used 17627K, capacity 17863K, committed 17920K, reserved 1064960K
  class space    used 1705K, capacity 1762K, committed 1792K, reserved 1048576K
}
Event: 7.909 GC heap before
{Heap before GC invocations=13 (full 1):
 PSYoungGen      total 588288K, used 517092K [0x000000076b300000, 0x000000079cd80000, 0x00000007c0000000)
  eden space 508928K, 100% used [0x000000076b300000,0x000000078a400000,0x000000078a400000)
  from space 79360K, 10% used [0x000000078a400000,0x000000078abf9010,0x000000078f180000)
  to   space 76288K, 0% used [0x0000000798300000,0x0000000798300000,0x000000079cd80000)
 ParOldGen       total 306176K, used 162165K [0x00000006c1800000, 0x00000006d4300000, 0x000000076b300000)
  object space 306176K, 52% used [0x00000006c1800000,0x00000006cb65d7f8,0x00000006d4300000)
 Metaspace       used 17633K, capacity 17863K, committed 17920K, reserved 1064960K
  class space    used 1705K, capacity 1762K, committed 1792K, reserved 1048576K
Event: 7.911 GC heap after
Heap after GC invocations=13 (full 1):
 PSYoungGen      total 693248K, used 96K [0x000000076b300000, 0x000000079b600000, 0x00000007c0000000)
  eden space 641024K, 0% used [0x000000076b300000,0x000000076b300000,0x0000000792500000)
  from space 52224K, 0% used [0x0000000798300000,0x0000000798318000,0x000000079b600000)
  to   space 74240K, 0% used [0x0000000792500000,0x0000000792500000,0x0000000796d80000)
 ParOldGen       total 306176K, used 162173K [0x00000006c1800000, 0x00000006d4300000, 0x000000076b300000)
  object space 306176K, 52% used [0x00000006c1800000,0x00000006cb65f7f8,0x00000006d4300000)
 Metaspace       used 17633K, capacity 17863K, committed 17920K, reserved 1064960K
  class space    used 1705K, capacity 1762K, committed 1792K, reserved 1048576K
}
Event: 8.940 GC heap before
{Heap before GC invocations=14 (full 1):
 PSYoungGen      total 693248K, used 641120K [0x000000076b300000, 0x000000079b600000, 0x00000007c0000000)
  eden space 641024K, 100% used [0x000000076b300000,0x0000000792500000,0x0000000792500000)
  from space 52224K, 0% used [0x0000000798300000,0x0000000798318000,0x000000079b600000)
  to   space 74240K, 0% used [0x0000000792500000,0x0000000792500000,0x0000000796d80000)
 ParOldGen       total 306176K, used 162173K [0x00000006c1800000, 0x00000006d4300000, 0x000000076b300000)
  object space 306176K, 52% used [0x00000006c1800000,0x00000006cb65f7f8,0x00000006d4300000)
 Metaspace       used 17648K, capacity 17863K, committed 17920K, reserved 1064960K
  class space    used 1705K, capacity 1762K, committed 1792K, reserved 1048576K
Event: 8.942 GC heap after
Heap after GC invocations=14 (full 1):
 PSYoungGen      total 715264K, used 96K [0x000000076b300000, 0x00000007a3c80000, 0x00000007c0000000)
  eden space 641024K, 0% used [0x000000076b300000,0x000000076b300000,0x0000000792500000)
  from space 74240K, 0% used [0x0000000792500000,0x0000000792518000,0x0000000796d80000)
  to   space 72192K, 0% used [0x000000079f600000,0x000000079f600000,0x00000007a3c80000)
 ParOldGen       total 306176K, used 162173K [0x00000006c1800000, 0x00000006d4300000, 0x000000076b300000)
  object space 306176K, 52% used [0x00000006c1800000,0x00000006cb65f7f8,0x00000006d4300000)
 Metaspace       used 17648K, capacity 17863K, committed 17920K, reserved 1064960K
  class space    used 1705K, capacity 1762K, committed 1792K, reserved 1048576K
}

Deoptimization events (10 events):
Event: 2.111 Thread 0x000000001ed3f000 Uncommon trap: reason=unreached action=reinterpret pc=0x00000000026629cc method=com.jogamp.common.nio.Buffers.getDirectBufferByteOffset(Ljava/lang/Object;)I @ 1
Event: 2.268 Thread 0x000000001ed3f000 Uncommon trap: reason=unreached action=reinterpret pc=0x0000000002664f14 method=com.jogamp.common.util.IntIntHashMap.get(I)I @ 19
Event: 2.564 Thread 0x000000001ed3f000 Uncommon trap: reason=array_check action=maybe_recompile pc=0x000000000271a56c method=java.util.AbstractCollection.toArray([Ljava/lang/Object;)[Ljava/lang/Object; @ 119
Event: 2.564 Thread 0x000000001ed3f000 Uncommon trap: reason=array_check action=maybe_recompile pc=0x000000000271a56c method=java.util.AbstractCollection.toArray([Ljava/lang/Object;)[Ljava/lang/Object; @ 119
Event: 2.564 Thread 0x000000001ed3f000 Uncommon trap: reason=array_check action=maybe_recompile pc=0x000000000271a56c method=java.util.AbstractCollection.toArray([Ljava/lang/Object;)[Ljava/lang/Object; @ 119
Event: 2.564 Thread 0x000000001ed3f000 Uncommon trap: reason=array_check action=maybe_recompile pc=0x000000000271a56c method=java.util.AbstractCollection.toArray([Ljava/lang/Object;)[Ljava/lang/Object; @ 119
Event: 2.614 Thread 0x000000001ed4e000 Uncommon trap: reason=range_check action=make_not_entrant pc=0x00000000026d5d5c method=java.awt.image.DirectColorModel.setFields()V @ 65
Event: 3.120 Thread 0x000000001ed3f000 Uncommon trap: reason=predicate action=maybe_recompile pc=0x0000000002753708 method=java.util.ArrayList.indexOf(Ljava/lang/Object;)I @ 44
Event: 3.505 Thread 0x000000001ed3f000 Uncommon trap: reason=unreached action=reinterpret pc=0x000000000275c4b8 method=processing.opengl.PGraphicsOpenGL$InGeometry.addVertex(FFFIFFFFFIFIIIFIZ)I @ 218
Event: 3.727 Thread 0x000000001ed3f000 Uncommon trap: reason=unreached action=reinterpret pc=0x0000000002613370 method=java.lang.reflect.AccessibleObject.setAccessible0(Ljava/lang/reflect/AccessibleObject;Z)V @ 4

Internal exceptions (10 events):
Event: 3.271 Thread 0x000000001ed3f000 Exception <a 'java/security/PrivilegedActionException'> (0x0000000772c25560) thrown at [C:\workspace\8-2-build-windows-amd64-cygwin\jdk8u31\2394\hotspot\src\share\vm\prims\jvm.cpp, line 1312]
Event: 3.271 Thread 0x000000001ed3f000 Exception <a 'java/security/PrivilegedActionException'> (0x0000000772c29710) thrown at [C:\workspace\8-2-build-windows-amd64-cygwin\jdk8u31\2394\hotspot\src\share\vm\prims\jvm.cpp, line 1312]
Event: 3.271 Thread 0x000000001ed3f000 Exception <a 'java/security/PrivilegedActionException'> (0x0000000772c2de18) thrown at [C:\workspace\8-2-build-windows-amd64-cygwin\jdk8u31\2394\hotspot\src\share\vm\prims\jvm.cpp, line 1312]
Event: 3.271 Thread 0x000000001ed3f000 Exception <a 'java/security/PrivilegedActionException'> (0x0000000772c32500) thrown at [C:\workspace\8-2-build-windows-amd64-cygwin\jdk8u31\2394\hotspot\src\share\vm\prims\jvm.cpp, line 1312]
Event: 3.272 Thread 0x000000001ed3f000 Exception <a 'java/security/PrivilegedActionException'> (0x0000000772c36358) thrown at [C:\workspace\8-2-build-windows-amd64-cygwin\jdk8u31\2394\hotspot\src\share\vm\prims\jvm.cpp, line 1312]
Event: 3.272 Thread 0x000000001ed3f000 Exception <a 'java/security/PrivilegedActionException'> (0x0000000772c3ae48) thrown at [C:\workspace\8-2-build-windows-amd64-cygwin\jdk8u31\2394\hotspot\src\share\vm\prims\jvm.cpp, line 1312]
Event: 3.272 Thread 0x000000001ed3f000 Exception <a 'java/security/PrivilegedActionException'> (0x0000000772c3e870) thrown at [C:\workspace\8-2-build-windows-amd64-cygwin\jdk8u31\2394\hotspot\src\share\vm\prims\jvm.cpp, line 1312]
Event: 3.273 Thread 0x000000001ed3f000 Exception <a 'java/security/PrivilegedActionException'> (0x0000000772c42aa8) thrown at [C:\workspace\8-2-build-windows-amd64-cygwin\jdk8u31\2394\hotspot\src\share\vm\prims\jvm.cpp, line 1312]
Event: 3.273 Thread 0x000000001ed3f000 Exception <a 'java/security/PrivilegedActionException'> (0x0000000772c48ca8) thrown at [C:\workspace\8-2-build-windows-amd64-cygwin\jdk8u31\2394\hotspot\src\share\vm\prims\jvm.cpp, line 1312]
Event: 3.286 Thread 0x000000001ed3f000 Exception <a 'java/security/PrivilegedActionException'> (0x0000000772d245a8) thrown at [C:\workspace\8-2-build-windows-amd64-cygwin\jdk8u31\2394\hotspot\src\share\vm\prims\jvm.cpp, line 1312]

Events (10 events):
Event: 9.161 loading class javax/swing/KeyboardManager
Event: 9.161 loading class javax/swing/KeyboardManager done
Event: 9.161 loading class javax/swing/Popup$HeavyWeightWindow
Event: 9.161 loading class sun/awt/ModalExclude
Event: 9.161 loading class sun/awt/ModalExclude done
Event: 9.161 loading class javax/swing/JWindow
Event: 9.161 loading class javax/swing/JWindow done
Event: 9.161 loading class javax/swing/Popup$HeavyWeightWindow done
Event: 9.162 Thread 0x000000001ed3f000 DEOPT PACKING pc=0x0000000002a667f7 sp=0x0000000021dbdda0
Event: 9.162 Thread 0x000000001ed3f000 DEOPT UNPACKING pc=0x00000000023971bf sp=0x0000000021dbdb38 mode 0


Dynamic libraries:
0x00007ff7c70d0000 - 0x00007ff7c7104000 	C:\Program Files\Java\jre1.8.0_31\bin\javaw.exe
0x00007ff96b710000 - 0x00007ff96b8bc000 	C:\Windows\SYSTEM32\ntdll.dll
0x00007ff9693f0000 - 0x00007ff96952e000 	C:\Windows\system32\KERNEL32.DLL
0x00007ff968b60000 - 0x00007ff968c75000 	C:\Windows\system32\KERNELBASE.dll
0x00007ff967400000 - 0x00007ff96748e000 	C:\Windows\system32\apphelp.dll
0x00007ff959e10000 - 0x00007ff959e63000 	C:\Windows\AppPatch\AppPatch64\AcGenral.DLL
0x00007ff969060000 - 0x00007ff96910a000 	C:\Windows\system32\msvcrt.dll
0x00007ff968690000 - 0x00007ff9686be000 	C:\Windows\SYSTEM32\SspiCli.dll
0x00007ff96b640000 - 0x00007ff96b694000 	C:\Windows\system32\SHLWAPI.dll
0x00007ff969110000 - 0x00007ff969287000 	C:\Windows\system32\USER32.dll
0x00007ff96acf0000 - 0x00007ff96ae84000 	C:\Windows\system32\ole32.dll
0x00007ff969530000 - 0x00007ff96aa48000 	C:\Windows\system32\SHELL32.dll
0x00007ff967df0000 - 0x00007ff967e11000 	C:\Windows\SYSTEM32\USERENV.dll
0x00007ff96b210000 - 0x00007ff96b2ba000 	C:\Windows\system32\ADVAPI32.dll
0x00007ff9609a0000 - 0x00007ff9609be000 	C:\Windows\SYSTEM32\MPR.dll
0x00007ff969290000 - 0x00007ff9693d1000 	C:\Windows\system32\RPCRT4.dll
0x00007ff96b420000 - 0x00007ff96b479000 	C:\Windows\SYSTEM32\sechost.dll
0x00007ff96aff0000 - 0x00007ff96b201000 	C:\Windows\SYSTEM32\combase.dll
0x00007ff96ae90000 - 0x00007ff96afe1000 	C:\Windows\system32\GDI32.dll
0x00007ff968860000 - 0x00007ff968875000 	C:\Windows\SYSTEM32\profapi.dll
0x00007ff966db0000 - 0x00007ff966e62000 	C:\Windows\SYSTEM32\SHCORE.dll
0x00007ff968d90000 - 0x00007ff968dc6000 	C:\Windows\system32\IMM32.DLL
0x00007ff96b2c0000 - 0x00007ff96b412000 	C:\Windows\system32\MSCTF.dll
0x00007ff9662f0000 - 0x00007ff96656b000 	C:\Windows\WinSxS\amd64_microsoft.windows.common-controls_6595b64144ccf1df_6.0.9600.17415_none_6240486fecbd8abb\COMCTL32.dll
0x000000006ae40000 - 0x000000006af12000 	C:\Program Files\Java\jre1.8.0_31\bin\msvcr100.dll
0x0000000069ab0000 - 0x000000006a30a000 	C:\Program Files\Java\jre1.8.0_31\bin\server\jvm.dll
0x00007ff966a30000 - 0x00007ff966a39000 	C:\Windows\SYSTEM32\WSOCK32.dll
0x00007ff962a70000 - 0x00007ff962a92000 	C:\Windows\SYSTEM32\WINMM.dll
0x00007ff969050000 - 0x00007ff969057000 	C:\Windows\system32\PSAPI.DLL
0x00007ff96b6a0000 - 0x00007ff96b6fa000 	C:\Windows\system32\WS2_32.dll
0x00007ff95fb30000 - 0x00007ff95fb5a000 	C:\Windows\SYSTEM32\WINMMBASE.dll
0x00007ff96b5a0000 - 0x00007ff96b5a9000 	C:\Windows\system32\NSI.dll
0x00007ff968930000 - 0x00007ff96897f000 	C:\Windows\SYSTEM32\cfgmgr32.dll
0x00007ff967680000 - 0x00007ff9676a8000 	C:\Windows\SYSTEM32\DEVOBJ.dll
0x0000000069aa0000 - 0x0000000069aaf000 	C:\Program Files\Java\jre1.8.0_31\bin\verify.dll
0x0000000069a70000 - 0x0000000069a98000 	C:\Program Files\Java\jre1.8.0_31\bin\java.dll
0x0000000069a50000 - 0x0000000069a66000 	C:\Program Files\Java\jre1.8.0_31\bin\zip.dll
0x000000006aca0000 - 0x000000006ae38000 	C:\Program Files\Java\jre1.8.0_31\bin\awt.dll
0x00007ff968dd0000 - 0x00007ff968e91000 	C:\Windows\system32\OLEAUT32.dll
0x00007ff966bb0000 - 0x00007ff966bd1000 	C:\Windows\system32\DWMAPI.DLL
0x00007ff9674d0000 - 0x00007ff9675f9000 	C:\Windows\system32\uxtheme.dll
0x00007ff967650000 - 0x00007ff96765b000 	C:\Windows\SYSTEM32\kernel.appcore.dll
0x00007ff968730000 - 0x00007ff96873b000 	C:\Windows\SYSTEM32\CRYPTBASE.dll
0x00007ff9686c0000 - 0x00007ff968723000 	C:\Windows\SYSTEM32\bcryptPrimitives.dll
0x00007ff95dc40000 - 0x00007ff95de61000 	C:\Windows\system32\d3d9.dll
0x00007ff965f40000 - 0x00007ff965f4a000 	C:\Windows\SYSTEM32\VERSION.dll
0x00007ff965fb0000 - 0x00007ff9660f4000 	C:\Windows\SYSTEM32\aticfx64.dll
0x00007ff95ff30000 - 0x00007ff95ff50000 	C:\Windows\SYSTEM32\atiu9p64.dll
0x00007ff948af0000 - 0x00007ff949251000 	C:\Windows\SYSTEM32\atiumd64.dll
0x000000006afd0000 - 0x000000006b85d000 	C:\Windows\SYSTEM32\atiumd6a.dll
0x000000006ac50000 - 0x000000006ac97000 	C:\Program Files\Java\jre1.8.0_31\bin\fontmanager.dll
0x00007ff968230000 - 0x00007ff968250000 	C:\Windows\SYSTEM32\CRYPTSP.dll
0x00007ff967c40000 - 0x00007ff967c76000 	C:\Windows\system32\rsaenh.dll
0x00007ff968380000 - 0x00007ff9683a6000 	C:\Windows\SYSTEM32\bcrypt.dll
0x0000000069a30000 - 0x0000000069a4a000 	C:\Program Files\Java\jre1.8.0_31\bin\net.dll
0x00007ff9681d0000 - 0x00007ff968229000 	C:\Windows\system32\mswsock.dll
0x00007ff963a70000 - 0x00007ff963a9a000 	C:\Windows\SYSTEM32\IPHLPAPI.DLL
0x00007ff963a60000 - 0x00007ff963a6a000 	C:\Windows\SYSTEM32\WINNSI.DLL
0x00007ff962db0000 - 0x00007ff962dc6000 	C:\Windows\SYSTEM32\dhcpcsvc6.DLL
0x00007ff963090000 - 0x00007ff9630aa000 	C:\Windows\SYSTEM32\dhcpcsvc.DLL
0x0000000069a10000 - 0x0000000069a21000 	C:\Program Files\Java\jre1.8.0_31\bin\nio.dll
0x00000000637c0000 - 0x00000000637cd000 	C:\Users\Admin\AppData\Local\Temp\jogamp_0000\file_cache\jln3361280258205141413\jln578023193142017555\gluegen-rt.dll
0x000000006ac40000 - 0x000000006ac47000 	C:\Program Files\Java\jre1.8.0_31\bin\jawt.dll
0x000000006a440000 - 0x000000006a44d000 	C:\Users\Admin\AppData\Local\Temp\jogamp_0000\file_cache\jln3361280258205141413\jln578023193142017555\nativewindow_awt.dll
0x000000006c100000 - 0x000000006c10f000 	C:\Users\Admin\AppData\Local\Temp\jogamp_0000\file_cache\jln3361280258205141413\jln578023193142017555\nativewindow_win32.dll
0x00007ff953960000 - 0x00007ff953a8b000 	C:\Windows\SYSTEM32\OpenGL32.dll
0x00007ff963760000 - 0x00007ff96378e000 	C:\Windows\SYSTEM32\GLU32.dll
0x00007ff947720000 - 0x00007ff947818000 	C:\Windows\SYSTEM32\DDRAW.dll
0x00007ff963790000 - 0x00007ff963799000 	C:\Windows\SYSTEM32\DCIMAN32.dll
0x0000000064500000 - 0x00000000645a2000 	C:\Users\Admin\AppData\Local\Temp\jogamp_0000\file_cache\jln3361280258205141413\jln578023193142017555\jogl_desktop.dll
0x00007ff9635e0000 - 0x00007ff9635f8000 	C:\Windows\SYSTEM32\atig6pxx.dll
0x0000000068030000 - 0x00000000699d1000 	C:\Windows\SYSTEM32\atio6axx.dll
0x00007ff96ab10000 - 0x00007ff96acea000 	C:\Windows\system32\SETUPAPI.dll
0x00007ff963f20000 - 0x00007ff964048000 	C:\Windows\SYSTEM32\atiadlxx.dll
0x00007ff9650a0000 - 0x00007ff96521f000 	C:\Windows\SYSTEM32\PROPSYS.dll
0x00007ff9673e0000 - 0x00007ff9673f2000 	C:\Windows\SYSTEM32\WTSAPI32.dll
0x00007ff968c80000 - 0x00007ff968cd1000 	C:\Windows\system32\WINTRUST.dll
0x00007ff968980000 - 0x00007ff968b5f000 	C:\Windows\system32\CRYPT32.dll
0x00007ff968910000 - 0x00007ff968921000 	C:\Windows\system32\MSASN1.dll
0x00007ff95fb70000 - 0x00007ff95fb8e000 	C:\Windows\SYSTEM32\atig6txx.dll
0x00007ff948460000 - 0x00007ff9485fc000 	C:\Users\Admin\Documents\GitHub\ZZ1-Project\src\Eclipse\ZZavatar\lib\user\KinectPV2\Kinect20.Face.dll
0x00007ff962190000 - 0x00007ff962237000 	C:\Windows\SYSTEM32\MSVCP110.dll
0x00007ff961f70000 - 0x00007ff962044000 	C:\Windows\SYSTEM32\MSVCR110.dll
0x00007ff966a10000 - 0x00007ff966a20000 	C:\Users\Admin\Documents\GitHub\ZZ1-Project\src\Eclipse\ZZavatar\lib\user\KinectPV2\KinectPV2.dll
0x00007ff9576f0000 - 0x00007ff9577aa000 	C:\Windows\SYSTEM32\Kinect20.dll
0x00007ff95c6a0000 - 0x00007ff95c78b000 	C:\Windows\SYSTEM32\MFPlat.DLL
0x00007ff965630000 - 0x00007ff965657000 	C:\Windows\SYSTEM32\RTWorkQ.DLL
0x00007ff966840000 - 0x00007ff96684c000 	C:\Windows\SYSTEM32\AVRT.dll
0x00007ff965aa0000 - 0x00007ff965c2a000 	C:\Windows\SYSTEM32\dbghelp.dll

VM Arguments:
jvm_args: -Djava.library.path=C:\Users\Admin\Documents\GitHub\ZZ1-Project\src\Eclipse\ZZavatar\lib\base\video;C:\Users\Admin\Documents\GitHub\ZZ1-Project\src\Eclipse\ZZavatar\lib\base\video;C:\Users\Admin\Documents\GitHub\ZZ1-Project\src\Eclipse\ZZavatar\lib\base\video;C:\Users\Admin\Documents\GitHub\ZZ1-Project\src\Eclipse\ZZavatar\lib\base\core;C:\Users\Admin\Documents\GitHub\ZZ1-Project\src\Eclipse\ZZavatar\lib\base\core;C:\Users\Admin\Documents\GitHub\ZZ1-Project\src\Eclipse\ZZavatar\lib\base\core;C:\Users\Admin\Documents\GitHub\ZZ1-Project\src\Eclipse\ZZavatar\lib\base\core;C:\Users\Admin\Documents\GitHub\ZZ1-Project\src\Eclipse\ZZavatar\lib\base\core;C:\Users\Admin\Documents\GitHub\ZZ1-Project\src\Eclipse\ZZavatar\lib\base\core;C:\Users\Admin\Documents\GitHub\ZZ1-Project\src\Eclipse\ZZavatar\lib\base\core;C:\Users\Admin\Documents\GitHub\ZZ1-Project\src\Eclipse\ZZavatar\lib\base\core;C:\Users\Admin\Documents\GitHub\ZZ1-Project\src\Eclipse\ZZavatar\lib\base\core;C:\Users\Admin\Documents\GitHub\ZZ1-Project\src\Eclipse\ZZavatar\lib\base\core;C:\Users\Admin\Documents\GitHub\ZZ1-Project\src\Eclipse\ZZavatar\lib\base\core;C:\Users\Admin\Documents\GitHub\ZZ1-Project\src\Eclipse\ZZavatar\lib\base\core;C:\Users\Admin\Documents\GitHub\ZZ1-Project\src\Eclipse\ZZavatar\lib\base\core;C:\Users\Admin\Documents\GitHub\ZZ1-Project\src\Eclipse\ZZavatar\lib\base\core;C:\Users\Admin\Documents\GitHub\ZZ1-Project\src\Eclipse\ZZavatar\lib\base\core;C:\Users\Admin\Documents\GitHub\ZZ1-Project\src\Eclipse\ZZavatar\lib\user\Kinect4WinSDK;C:\Users\Admin\Documents\GitHub\ZZ1-Project\src\Eclipse\ZZavatar\lib\user\KinectPV2;C:\Users\Admin\Documents\GitHub\ZZ1-Project\src\Eclipse\ZZavatar\lib\user\SimpleOpenNI -Dfile.encoding=Cp1252 
java_command: zzavatar.ZZavatar
java_class_path (initial): C:\Users\Admin\Documents\GitHub\ZZ1-Project\src\Eclipse\ZZavatar\lib\base\video\gstreamer-java.jar;C:\Users\Admin\Documents\GitHub\ZZ1-Project\src\Eclipse\ZZavatar\lib\base\video\jna.jar;C:\Users\Admin\Documents\GitHub\ZZ1-Project\src\Eclipse\ZZavatar\lib\base\video\video.jar;C:\Users\Admin\Documents\GitHub\ZZ1-Project\src\Eclipse\ZZavatar\lib\base\core\core.jar;C:\Users\Admin\Documents\GitHub\ZZ1-Project\src\Eclipse\ZZavatar\lib\base\core\gluegen-rt-natives-linux-amd64.jar;C:\Users\Admin\Documents\GitHub\ZZ1-Project\src\Eclipse\ZZavatar\lib\base\core\gluegen-rt-natives-linux-armv6hf.jar;C:\Users\Admin\Documents\GitHub\ZZ1-Project\src\Eclipse\ZZavatar\lib\base\core\gluegen-rt-natives-linux-i586.jar;C:\Users\Admin\Documents\GitHub\ZZ1-Project\src\Eclipse\ZZavatar\lib\base\core\gluegen-rt-natives-macosx-universal.jar;C:\Users\Admin\Documents\GitHub\ZZ1-Project\src\Eclipse\ZZavatar\lib\base\core\gluegen-rt-natives-windows-amd64.jar;C:\Users\Admin\Documents\GitHub\ZZ1-Project\src\Eclipse\ZZavatar\lib\base\core\gluegen-rt-natives-windows-i586.jar;C:\Users\Admin\Documents\GitHub\ZZ1-Project\src\Eclipse\ZZavatar\lib\base\core\gluegen-rt.jar;C:\Users\Admin\Documents\GitHub\ZZ1-Project\src\Eclipse\ZZavatar\lib\base\core\jogl-all-natives-linux-amd64.jar;C:\Users\Admin\Documents\GitHub\ZZ1-Project\src\Eclipse\ZZavatar\lib\base\core\jogl-all-natives-linux-armv6hf.jar;C:\Users\Admin\Documents\GitHub\ZZ1-Project\src\Eclipse\ZZavatar\lib\base\core\jogl-all-natives-linux-i586.jar;C:\Users\Admin\Documents\GitHub\ZZ1-Project\src\Eclipse\ZZavatar\lib\base\core\jogl-all-natives-macosx-universal.jar;C:\Users\Admin\Documents\GitHub\ZZ1-Project\src\Eclipse\ZZavatar\lib\base\core\jogl-all-natives-windows-amd64.jar;C:\Users\Admin\Documents\GitHub\ZZ1-Project\src\Eclipse\ZZavatar\lib\base\core\jogl-all-natives-windows-i586.jar;C:\Users\Admin\Documents\GitHub\ZZ1-Project\src\Eclipse\ZZavatar\lib\base\core\jogl-all.jar;C:\Users\Admin\Documents\GitHub\ZZ1-Project\sr
Launcher Type: SUN_STANDARD

Environment Variables:
PATH=C:/Program Files/Java/jre1.8.0_31/bin/server;C:/Program Files/Java/jre1.8.0_31/bin;C:/Program Files/Java/jre1.8.0_31/lib/amd64;C:\Program Files (x86)\NVIDIA Corporation\PhysX\Common;C:\ProgramData\Oracle\Java\javapath;C:\Windows\system32;C:\Windows;C:\Windows\System32\Wbem;C:\Windows\System32\WindowsPowerShell\v1.0\;C:\Program Files (x86)\ATI Technologies\ATI.ACE\Core-Static;C:\Program Files (x86)\Windows Kits\8.1\Windows Performance Toolkit\;C:\Program Files\Microsoft SQL Server\120\Tools\Binn\;C:\Program Files (x86)\Microsoft SDKs\TypeScript\1.1\;C:\Program Files (x86)\nodejs\;C:\Users\Admin\AppData\Roaming\npm;C:\Program Files\eclipse;
USERNAME=Admin
OS=Windows_NT
PROCESSOR_IDENTIFIER=AMD64 Family 21 Model 2 Stepping 0, AuthenticAMD



---------------  S Y S T E M  ---------------

OS: Windows 8.1 , 64 bit Build 9600 

CPU:total 8 (8 cores per cpu, 1 threads per core) family 21 model 2 stepping 0, cmov, cx8, fxsr, mmx, sse, sse2, sse3, ssse3, sse4.1, sse4.2, popcnt, avx, aes, clmul, mmxext, 3dnowpref, lzcnt, sse4a, tsc, tscinvbit, tscinv, bmi1

Memory: 4k page, physical 16674296k(11757164k free), swap 19164664k(12326084k free)

vm_info: Java HotSpot(TM) 64-Bit Server VM (25.31-b07) for windows-amd64 JRE (1.8.0_31-b13), built on Dec 17 2014 21:00:28 by "java_re" with MS VC++ 10.0 (VS2010)

time: Sun May 10 16:07:23 2015
elapsed time: 9 seconds (0d 0h 0m 9s)

