#
# A fatal error has been detected by the Java Runtime Environment:
#
#  EXCEPTION_ACCESS_VIOLATION (0xc0000005) at pc=0x0000000075f8c220, pid=5068, tid=8172
#
# JRE version: Java(TM) SE Runtime Environment (8.0_25-b18) (build 1.8.0_25-b18)
# Java VM: Java HotSpot(TM) 64-Bit Server VM (25.25-b02 mixed mode windows-amd64 compressed oops)
# Problematic frame:
# C  [msvcr100.dll+0x3c220]
#
# Failed to write core dump. Minidumps are not enabled by default on client versions of Windows
#
# If you would like to submit a bug report, please visit:
#   http://bugreport.sun.com/bugreport/crash.jsp
#

---------------  T H R E A D  ---------------

Current thread (0x0000000019d96800):  JavaThread "Thread-4" [_thread_in_vm, id=8172, stack(0x0000000020f70000,0x0000000021070000)]

siginfo: ExceptionCode=0xc0000005, reading address 0x000000002544eff8

Registers:
RAX=0x000000000000003f, RBX=0x0000000019d96800, RCX=0x00000000eaccd428, RDX=0xffffffff3a781bd8
RSP=0x000000002106f5f8, RBP=0x0000000019b3f5c8, RSI=0x0000000000000000, RDI=0x00000000007e9000
R8 =0x0000000000143000, R9 =0xffeafbffffeafbff, R10=0xffeafbffffeafbff, R11=0x00000000eab8a468
R12=0x0000000000000001, R13=0x000000002106f750, R14=0x000000002106f6d0, R15=0x0000000019b3f5c0
RIP=0x0000000075f8c220, EFLAGS=0x0000000000010216

Top of Stack: (sp=0x000000002106f5f8)
0x000000002106f5f8:   0000000076c2c312 0000000019d969e8
0x000000002106f608:   0000000076c1123d 00000000001fa400
0x000000002106f618:   0000000019d96800 000000001f90e270
0x000000002106f628:   0000000000000000 0000000019d96800
0x000000002106f638:   0000000000000000 000000002106f750
0x000000002106f648:   0000000000000000 0000000019b3f5c8
0x000000002106f658:   00007ff9802816f8 000000002530c040
0x000000002106f668:   000000001f90e270 0000000019d969e8
0x000000002106f678:   000000001fe7b470 000000002530c040
0x000000002106f688:   0000000019bb6620 0000000019d96800
0x000000002106f698:   0000000000000000 0000000000000000
0x000000002106f6a8:   0000000002d6a7b9 000000001fe5cdd8
0x000000002106f6b8:   000000001fe7b470 000000002106f710
0x000000002106f6c8:   00000000a3880f38 00000000a3880f38
0x000000002106f6d8:   000000002106f700 000000001fe5d100
0x000000002106f6e8:   00000000a3880f38 00000000a3880f38 

Instructions: (pc=0x0000000075f8c220)
0x0000000075f8c200:   48 81 e9 80 00 00 00 0f 18 04 0a 0f 18 44 0a 40
0x0000000075f8c210:   ff c8 75 ec 48 81 c1 00 10 00 00 b8 40 00 00 00
0x0000000075f8c220:   4c 8b 4c 0a f8 4c 8b 54 0a f0 4c 0f c3 49 f8 4c
0x0000000075f8c230:   0f c3 51 f0 4c 8b 4c 0a e8 4c 8b 54 0a e0 4c 0f 


Register to memory mapping:

RAX=0x000000000000003f is an unknown value
RBX=0x0000000019d96800 is a thread
RCX=0x00000000eaccd428 is an oop

[error occurred during error reporting (printing register info), id 0xc0000005]

Stack: [0x0000000020f70000,0x0000000021070000],  sp=0x000000002106f5f8,  free space=1021k
Native frames: (J=compiled Java code, j=interpreted, Vv=VM code, C=native code)
C  [msvcr100.dll+0x3c220]
V  [jvm.dll+0x14c312]
C  [KinectPV2.dll+0x16f8]
C  0x0000000002d6a7b9

Java frames: (J=compiled Java code, j=interpreted, Vv=VM code)
J 1063  KinectPV2.Device.jniUpdate()Z (0 bytes) @ 0x0000000002d6a73b [0x0000000002d6a700+0x3b]
J 2664 C2 KinectPV2.Device.updateDevice()Z (7 bytes) @ 0x0000000002a4fe14 [0x0000000002a4fde0+0x34]
j  KinectPV2.Device.run()V+4
j  java.lang.Thread.run()V+11
v  ~StubRoutines::call_stub

---------------  P R O C E S S  ---------------

Java Threads: ( => current thread )
  0x0000000019bc0000 JavaThread "NativeWindowFactory_ShutdownHook" [_thread_blocked, id=7056, stack(0x000000001c290000,0x000000001c390000)]
  0x000000001e172800 JavaThread "Thread-0" daemon [_thread_in_native, id=788, stack(0x000000001c090000,0x000000001c190000)]
=>0x0000000019d96800 JavaThread "Thread-4" [_thread_in_vm, id=8172, stack(0x0000000020f70000,0x0000000021070000)]
  0x0000000019f5e800 JavaThread "Animation Thread-SharedResourceRunner" daemon [_thread_in_native, id=8156, stack(0x000000001ed50000,0x000000001ee50000)]
  0x00000000027fe800 JavaThread "DestroyJavaVM" [_thread_blocked, id=8032, stack(0x0000000002650000,0x0000000002750000)]
  0x000000001991f000 JavaThread "Animation Thread" [_thread_blocked, id=7268, stack(0x000000001ca80000,0x000000001cb80000)]
  0x00000000198e4000 JavaThread "AWT-EventQueue-0" [_thread_blocked, id=4180, stack(0x000000001c880000,0x000000001c980000)]
  0x000000001984c000 JavaThread "AWT-Windows" daemon [_thread_in_native, id=5660, stack(0x000000001a160000,0x000000001a260000)]
  0x000000001984b000 JavaThread "AWT-Shutdown" [_thread_blocked, id=6344, stack(0x000000001a060000,0x000000001a160000)]
  0x0000000019848800 JavaThread "Java2D Disposer" daemon [_thread_blocked, id=5348, stack(0x0000000019f60000,0x000000001a060000)]
  0x000000001872f000 JavaThread "Service Thread" daemon [_thread_blocked, id=6568, stack(0x0000000019080000,0x0000000019180000)]
  0x00000000186c1800 JavaThread "C1 CompilerThread3" daemon [_thread_blocked, id=7824, stack(0x0000000018f80000,0x0000000019080000)]
  0x00000000186b8800 JavaThread "C2 CompilerThread2" daemon [_thread_blocked, id=3568, stack(0x0000000018e80000,0x0000000018f80000)]
  0x00000000186b0800 JavaThread "C2 CompilerThread1" daemon [_thread_blocked, id=7312, stack(0x0000000018d80000,0x0000000018e80000)]
  0x00000000186ae800 JavaThread "C2 CompilerThread0" daemon [_thread_blocked, id=5152, stack(0x0000000018c80000,0x0000000018d80000)]
  0x00000000186a6000 JavaThread "Attach Listener" daemon [_thread_blocked, id=7844, stack(0x0000000018b80000,0x0000000018c80000)]
  0x00000000186a5000 JavaThread "Signal Dispatcher" daemon [_thread_blocked, id=6572, stack(0x0000000018a80000,0x0000000018b80000)]
  0x0000000002949800 JavaThread "Finalizer" daemon [_thread_blocked, id=5028, stack(0x0000000018580000,0x0000000018680000)]
  0x0000000002941000 JavaThread "Reference Handler" daemon [_thread_blocked, id=6284, stack(0x0000000018480000,0x0000000018580000)]

Other Threads:
  0x0000000016698800 VMThread [stack: 0x0000000018380000,0x0000000018480000] [id=7820]
  0x0000000018731000 WatcherThread [stack: 0x0000000019180000,0x0000000019280000] [id=932]

VM state:not at safepoint (normal execution)

VM Mutex/Monitor currently owned by a thread: None

Heap:
 PSYoungGen      total 468480K, used 186810K [0x00000000e0400000, 0x00000000fcf80000, 0x0000000100000000)
  eden space 467968K, 39% used [0x00000000e0400000,0x00000000eba4eb40,0x00000000fcd00000)
  from space 512K, 25% used [0x00000000fcf00000,0x00000000fcf20000,0x00000000fcf80000)
  to   space 1024K, 0% used [0x00000000fcd80000,0x00000000fcd80000,0x00000000fce80000)
 ParOldGen       total 243712K, used 172419K [0x00000000a0c00000, 0x00000000afa00000, 0x00000000e0400000)
  object space 243712K, 70% used [0x00000000a0c00000,0x00000000ab460f60,0x00000000afa00000)
 Metaspace       used 18700K, capacity 18927K, committed 19072K, reserved 1067008K
  class space    used 1765K, capacity 1794K, committed 1920K, reserved 1048576K

Card table byte_map: [0x0000000011d10000,0x0000000012010000] byte_map_base: 0x000000001180a000

Marking Bits: (ParMarkBitMap*) 0x00000000772bd490
 Begin Bits: [0x0000000012a10000, 0x00000000141e0000)
 End Bits:   [0x00000000141e0000, 0x00000000159b0000)

Polling page: 0x0000000000d60000

CodeCache: size=245760Kb used=9531Kb max_used=9569Kb free=236228Kb
 bounds [0x0000000002950000, 0x0000000003300000, 0x0000000011950000]
 total_blobs=3410 nmethods=2524 adapters=799
 compilation: enabled

Compilation events (10 events):
Event: 105.647 Thread 0x00000000186b0800 2952   !   4       processing.opengl.PJOGL::requestDraw (157 bytes)
Event: 105.651 Thread 0x00000000186b8800 nmethod 2949 0x000000000304a490 code [0x000000000304a720, 0x000000000304b3c0]
Event: 105.651 Thread 0x00000000186b8800 2953       4       processing.core.PApplet::lights (22 bytes)
Event: 105.673 Thread 0x00000000186ae800 nmethod 2948 0x0000000002c64990 code [0x0000000002c64da0, 0x0000000002c66ae8]
Event: 105.673 Thread 0x00000000186ae800 2954       4       com.jogamp.nativewindow.awt.JAWTWindow::surfaceUpdated (11 bytes)
Event: 105.677 Thread 0x00000000186ae800 nmethod 2954 0x0000000002b110d0 code [0x0000000002b11220, 0x0000000002b116c8]
Event: 105.695 Thread 0x00000000186b0800 nmethod 2952 0x0000000002f950d0 code [0x0000000002f95560, 0x0000000002f97810]
Event: 105.874 Thread 0x00000000186b8800 nmethod 2953 0x00000000032d9c90 code [0x00000000032dace0, 0x00000000032e1b28]
Event: 106.647 Thread 0x00000000186ae800 2955       4       java.awt.Toolkit::getEventQueue (7 bytes)
Event: 106.652 Thread 0x00000000186ae800 nmethod 2955 0x0000000002a78010 code [0x0000000002a781a0, 0x0000000002a784f8]

GC Heap History (10 events):
Event: 102.912 GC heap before
{Heap before GC invocations=142 (full 3):
 PSYoungGen      total 461312K, used 460928K [0x00000000e0400000, 0x00000000fc800000, 0x0000000100000000)
  eden space 460800K, 100% used [0x00000000e0400000,0x00000000fc600000,0x00000000fc600000)
  from space 512K, 25% used [0x00000000fc780000,0x00000000fc7a0000,0x00000000fc800000)
  to   space 1024K, 0% used [0x00000000fc600000,0x00000000fc600000,0x00000000fc700000)
 ParOldGen       total 226304K, used 213751K [0x00000000a0c00000, 0x00000000ae900000, 0x00000000e0400000)
  object space 226304K, 94% used [0x00000000a0c00000,0x00000000adcbde70,0x00000000ae900000)
 Metaspace       used 18695K, capacity 18927K, committed 19072K, reserved 1067008K
  class space    used 1764K, capacity 1794K, committed 1920K, reserved 1048576K
Event: 102.914 GC heap after
Heap after GC invocations=142 (full 3):
 PSYoungGen      total 461824K, used 128K [0x00000000e0400000, 0x00000000fcb80000, 0x0000000100000000)
  eden space 460800K, 0% used [0x00000000e0400000,0x00000000e0400000,0x00000000fc600000)
  from space 1024K, 12% used [0x00000000fc600000,0x00000000fc620000,0x00000000fc700000)
  to   space 1024K, 0% used [0x00000000fca80000,0x00000000fca80000,0x00000000fcb80000)
 ParOldGen       total 226304K, used 213751K [0x00000000a0c00000, 0x00000000ae900000, 0x00000000e0400000)
  object space 226304K, 94% used [0x00000000a0c00000,0x00000000adcbde70,0x00000000ae900000)
 Metaspace       used 18695K, capacity 18927K, committed 19072K, reserved 1067008K
  class space    used 1764K, capacity 1794K, committed 1920K, reserved 1048576K
}
Event: 103.386 GC heap before
{Heap before GC invocations=143 (full 3):
 PSYoungGen      total 461824K, used 460928K [0x00000000e0400000, 0x00000000fcb80000, 0x0000000100000000)
  eden space 460800K, 100% used [0x00000000e0400000,0x00000000fc600000,0x00000000fc600000)
  from space 1024K, 12% used [0x00000000fc600000,0x00000000fc620000,0x00000000fc700000)
  to   space 1024K, 0% used [0x00000000fca80000,0x00000000fca80000,0x00000000fcb80000)
 ParOldGen       total 226304K, used 213751K [0x00000000a0c00000, 0x00000000ae900000, 0x00000000e0400000)
  object space 226304K, 94% used [0x00000000a0c00000,0x00000000adcbde70,0x00000000ae900000)
 Metaspace       used 18695K, capacity 18927K, committed 19072K, reserved 1067008K
  class space    used 1764K, capacity 1794K, committed 1920K, reserved 1048576K
Event: 103.390 GC heap after
Heap after GC invocations=143 (full 3):
 PSYoungGen      total 465408K, used 160K [0x00000000e0400000, 0x00000000fcc00000, 0x0000000100000000)
  eden space 464384K, 0% used [0x00000000e0400000,0x00000000e0400000,0x00000000fc980000)
  from space 1024K, 15% used [0x00000000fca80000,0x00000000fcaa8000,0x00000000fcb80000)
  to   space 1024K, 0% used [0x00000000fc980000,0x00000000fc980000,0x00000000fca80000)
 ParOldGen       total 226304K, used 221851K [0x00000000a0c00000, 0x00000000ae900000, 0x00000000e0400000)
  object space 226304K, 98% used [0x00000000a0c00000,0x00000000ae4a6e80,0x00000000ae900000)
 Metaspace       used 18695K, capacity 18927K, committed 19072K, reserved 1067008K
  class space    used 1764K, capacity 1794K, committed 1920K, reserved 1048576K
}
Event: 103.390 GC heap before
{Heap before GC invocations=144 (full 4):
 PSYoungGen      total 465408K, used 160K [0x00000000e0400000, 0x00000000fcc00000, 0x0000000100000000)
  eden space 464384K, 0% used [0x00000000e0400000,0x00000000e0400000,0x00000000fc980000)
  from space 1024K, 15% used [0x00000000fca80000,0x00000000fcaa8000,0x00000000fcb80000)
  to   space 1024K, 0% used [0x00000000fc980000,0x00000000fc980000,0x00000000fca80000)
 ParOldGen       total 226304K, used 221851K [0x00000000a0c00000, 0x00000000ae900000, 0x00000000e0400000)
  object space 226304K, 98% used [0x00000000a0c00000,0x00000000ae4a6e80,0x00000000ae900000)
 Metaspace       used 18695K, capacity 18927K, committed 19072K, reserved 1067008K
  class space    used 1764K, capacity 1794K, committed 1920K, reserved 1048576K
Event: 103.437 GC heap after
Heap after GC invocations=144 (full 4):
 PSYoungGen      total 465408K, used 0K [0x00000000e0400000, 0x00000000fcc00000, 0x0000000100000000)
  eden space 464384K, 0% used [0x00000000e0400000,0x00000000e0400000,0x00000000fc980000)
  from space 1024K, 0% used [0x00000000fca80000,0x00000000fca80000,0x00000000fcb80000)
  to   space 1024K, 0% used [0x00000000fc980000,0x00000000fc980000,0x00000000fca80000)
 ParOldGen       total 243712K, used 164319K [0x00000000a0c00000, 0x00000000afa00000, 0x00000000e0400000)
  object space 243712K, 67% used [0x00000000a0c00000,0x00000000aac77f50,0x00000000afa00000)
 Metaspace       used 18695K, capacity 18927K, committed 19072K, reserved 1067008K
  class space    used 1764K, capacity 1794K, committed 1920K, reserved 1048576K
}
Event: 104.846 GC heap before
{Heap before GC invocations=145 (full 4):
 PSYoungGen      total 465408K, used 459360K [0x00000000e0400000, 0x00000000fcc00000, 0x0000000100000000)
  eden space 464384K, 98% used [0x00000000e0400000,0x00000000fc498330,0x00000000fc980000)
  from space 1024K, 0% used [0x00000000fca80000,0x00000000fca80000,0x00000000fcb80000)
  to   space 1024K, 0% used [0x00000000fc980000,0x00000000fc980000,0x00000000fca80000)
 ParOldGen       total 243712K, used 164319K [0x00000000a0c00000, 0x00000000afa00000, 0x00000000e0400000)
  object space 243712K, 67% used [0x00000000a0c00000,0x00000000aac77f50,0x00000000afa00000)
 Metaspace       used 18695K, capacity 18927K, committed 19072K, reserved 1067008K
  class space    used 1764K, capacity 1794K, committed 1920K, reserved 1048576K
Event: 104.847 GC heap after
Heap after GC invocations=145 (full 4):
 PSYoungGen      total 465408K, used 192K [0x00000000e0400000, 0x00000000fd000000, 0x0000000100000000)
  eden space 464384K, 0% used [0x00000000e0400000,0x00000000e0400000,0x00000000fc980000)
  from space 1024K, 18% used [0x00000000fc980000,0x00000000fc9b0000,0x00000000fca80000)
  to   space 1024K, 0% used [0x00000000fcf00000,0x00000000fcf00000,0x00000000fd000000)
 ParOldGen       total 243712K, used 164319K [0x00000000a0c00000, 0x00000000afa00000, 0x00000000e0400000)
  object space 243712K, 67% used [0x00000000a0c00000,0x00000000aac77f50,0x00000000afa00000)
 Metaspace       used 18695K, capacity 18927K, committed 19072K, reserved 1067008K
  class space    used 1764K, capacity 1794K, committed 1920K, reserved 1048576K
}
Event: 106.384 GC heap before
{Heap before GC invocations=146 (full 4):
 PSYoungGen      total 465408K, used 463877K [0x00000000e0400000, 0x00000000fd000000, 0x0000000100000000)
  eden space 464384K, 99% used [0x00000000e0400000,0x00000000fc8d1538,0x00000000fc980000)
  from space 1024K, 18% used [0x00000000fc980000,0x00000000fc9b0000,0x00000000fca80000)
  to   space 1024K, 0% used [0x00000000fcf00000,0x00000000fcf00000,0x00000000fd000000)
 ParOldGen       total 243712K, used 164319K [0x00000000a0c00000, 0x00000000afa00000, 0x00000000e0400000)
  object space 243712K, 67% used [0x00000000a0c00000,0x00000000aac77f50,0x00000000afa00000)
 Metaspace       used 18695K, capacity 18927K, committed 19072K, reserved 1067008K
  class space    used 1764K, capacity 1794K, committed 1920K, reserved 1048576K
Event: 106.386 GC heap after
Heap after GC invocations=146 (full 4):
 PSYoungGen      total 468480K, used 128K [0x00000000e0400000, 0x00000000fcf80000, 0x0000000100000000)
  eden space 467968K, 0% used [0x00000000e0400000,0x00000000e0400000,0x00000000fcd00000)
  from space 512K, 25% used [0x00000000fcf00000,0x00000000fcf20000,0x00000000fcf80000)
  to   space 1024K, 0% used [0x00000000fcd80000,0x00000000fcd80000,0x00000000fce80000)
 ParOldGen       total 243712K, used 172419K [0x00000000a0c00000, 0x00000000afa00000, 0x00000000e0400000)
  object space 243712K, 70% used [0x00000000a0c00000,0x00000000ab460f60,0x00000000afa00000)
 Metaspace       used 18695K, capacity 18927K, committed 19072K, reserved 1067008K
  class space    used 1764K, capacity 1794K, committed 1920K, reserved 1048576K
}

Deoptimization events (10 events):
Event: 12.599 Thread 0x00000000198e4000 Uncommon trap: reason=speculate_class_check action=maybe_recompile pc=0x0000000003259cfc method=com.jogamp.common.nio.Buffers.getDirectBufferByteOffset(Ljava/lang/Object;)I @ 53
Event: 13.265 Thread 0x00000000198e4000 Uncommon trap: reason=speculate_class_check action=maybe_recompile pc=0x0000000003276d0c method=com.jogamp.common.nio.Buffers.getDirectBufferByteOffset(Ljava/lang/Object;)I @ 22
Event: 13.265 Thread 0x00000000198e4000 Uncommon trap: reason=speculate_class_check action=maybe_recompile pc=0x0000000003276d0c method=com.jogamp.common.nio.Buffers.getDirectBufferByteOffset(Ljava/lang/Object;)I @ 22
Event: 13.432 Thread 0x00000000198e4000 Uncommon trap: reason=speculate_class_check action=maybe_recompile pc=0x0000000003279874 method=com.jogamp.common.nio.Buffers.getDirectBufferByteOffset(Ljava/lang/Object;)I @ 31
Event: 13.432 Thread 0x00000000198e4000 Uncommon trap: reason=speculate_class_check action=maybe_recompile pc=0x0000000003279874 method=com.jogamp.common.nio.Buffers.getDirectBufferByteOffset(Ljava/lang/Object;)I @ 31
Event: 13.598 Thread 0x00000000198e4000 Uncommon trap: reason=speculate_class_check action=maybe_recompile pc=0x000000000327ed48 method=com.jogamp.common.nio.Buffers.getDirectBufferByteOffset(Ljava/lang/Object;)I @ 42
Event: 13.598 Thread 0x00000000198e4000 Uncommon trap: reason=speculate_class_check action=maybe_recompile pc=0x000000000327ed48 method=com.jogamp.common.nio.Buffers.getDirectBufferByteOffset(Ljava/lang/Object;)I @ 42
Event: 62.558 Thread 0x00000000198e4000 Uncommon trap: reason=null_check action=make_not_entrant pc=0x00000000030cd0ec method=processing.opengl.PGraphicsOpenGL.initCache(Lprocessing/core/PImage;)Ljava/lang/Object; @ 14
Event: 62.601 Thread 0x00000000198e4000 Uncommon trap: reason=null_check action=make_not_entrant pc=0x00000000031d3dec method=processing.opengl.PGraphicsOpenGL.initCache(Lprocessing/core/PImage;)Ljava/lang/Object; @ 14
Event: 106.963 Thread 0x00000000198e4000 Uncommon trap: reason=class_check action=maybe_recompile pc=0x0000000002e035bc method=java.awt.event.InvocationEvent.dispatch()V @ 11

Internal exceptions (10 events):
Event: 3.148 Thread 0x00000000198e4000 Exception <a 'java/security/PrivilegedActionException'> (0x00000000e49017b8) thrown at [D:\re\workspace\8-2-build-windows-amd64-cygwin\jdk8u25\1677\hotspot\src\share\vm\prims\jvm.cpp, line 1312]
Event: 3.148 Thread 0x00000000198e4000 Exception <a 'java/security/PrivilegedActionException'> (0x00000000e4905310) thrown at [D:\re\workspace\8-2-build-windows-amd64-cygwin\jdk8u25\1677\hotspot\src\share\vm\prims\jvm.cpp, line 1312]
Event: 3.148 Thread 0x00000000198e4000 Exception <a 'java/security/PrivilegedActionException'> (0x00000000e7774740) thrown at [D:\re\workspace\8-2-build-windows-amd64-cygwin\jdk8u25\1677\hotspot\src\share\vm\prims\jvm.cpp, line 1312]
Event: 3.148 Thread 0x00000000198e4000 Exception <a 'java/security/PrivilegedActionException'> (0x00000000e7777e78) thrown at [D:\re\workspace\8-2-build-windows-amd64-cygwin\jdk8u25\1677\hotspot\src\share\vm\prims\jvm.cpp, line 1312]
Event: 3.149 Thread 0x00000000198e4000 Exception <a 'java/security/PrivilegedActionException'> (0x00000000e777bdc0) thrown at [D:\re\workspace\8-2-build-windows-amd64-cygwin\jdk8u25\1677\hotspot\src\share\vm\prims\jvm.cpp, line 1312]
Event: 3.149 Thread 0x00000000198e4000 Exception <a 'java/security/PrivilegedActionException'> (0x00000000e7781cd0) thrown at [D:\re\workspace\8-2-build-windows-amd64-cygwin\jdk8u25\1677\hotspot\src\share\vm\prims\jvm.cpp, line 1312]
Event: 3.162 Thread 0x00000000198e4000 Exception <a 'java/security/PrivilegedActionException'> (0x00000000e785d2e0) thrown at [D:\re\workspace\8-2-build-windows-amd64-cygwin\jdk8u25\1677\hotspot\src\share\vm\prims\jvm.cpp, line 1312]
Event: 5.670 Thread 0x00000000198e4000 Exception <a 'java/security/PrivilegedActionException'> (0x00000000e1a7b190) thrown at [D:\re\workspace\8-2-build-windows-amd64-cygwin\jdk8u25\1677\hotspot\src\share\vm\prims\jvm.cpp, line 1312]
Event: 5.677 Thread 0x00000000198e4000 Exception <a 'java/security/PrivilegedActionException'> (0x00000000e1a87d08) thrown at [D:\re\workspace\8-2-build-windows-amd64-cygwin\jdk8u25\1677\hotspot\src\share\vm\prims\jvm.cpp, line 1312]
Event: 5.709 Thread 0x00000000198e4000 Exception <a 'java/security/PrivilegedActionException'> (0x00000000e1a90dc8) thrown at [D:\re\workspace\8-2-build-windows-amd64-cygwin\jdk8u25\1677\hotspot\src\share\vm\prims\jvm.cpp, line 1312]

Events (10 events):
Event: 104.847 Executing VM operation: ParallelGCFailedAllocation done
Event: 105.874 Thread 0x00000000186b8800 flushing nmethod 0x0000000002a78010
Event: 105.875 Thread 0x00000000186b8800 flushing nmethod 0x0000000002aa0ad0
Event: 106.384 Executing VM operation: ParallelGCFailedAllocation
Event: 106.386 Executing VM operation: ParallelGCFailedAllocation done
Event: 106.653 Thread 0x00000000186ae800 flushing nmethod 0x0000000002ae1050
Event: 106.653 Thread 0x00000000186ae800 flushing nmethod 0x0000000002ae1710
Event: 106.963 Thread 0x00000000198e4000 Uncommon trap: trap_request=0xffffffde fr.pc=0x0000000002e035bc
Event: 106.963 Thread 0x00000000198e4000 DEOPT PACKING pc=0x0000000002e035bc sp=0x000000001c97e550
Event: 106.963 Thread 0x00000000198e4000 DEOPT UNPACKING pc=0x000000000299556a sp=0x000000001c97e3c8 mode 2


Dynamic libraries:
0x00007ff669010000 - 0x00007ff669044000 	C:\Program Files\Java\jre1.8.0_25\bin\javaw.exe
0x00007ff98c320000 - 0x00007ff98c4cc000 	C:\WINDOWS\SYSTEM32\ntdll.dll
0x00007ff989d20000 - 0x00007ff989e5e000 	C:\WINDOWS\system32\KERNEL32.DLL
0x00007ff9897d0000 - 0x00007ff9898e5000 	C:\WINDOWS\system32\KERNELBASE.dll
0x00007ff987ff0000 - 0x00007ff98807e000 	C:\WINDOWS\system32\apphelp.dll
0x00007ff973750000 - 0x00007ff9737a3000 	C:\WINDOWS\AppPatch\AppPatch64\AcGenral.DLL
0x00007ff98a220000 - 0x00007ff98a2ca000 	C:\WINDOWS\system32\msvcrt.dll
0x00007ff9892a0000 - 0x00007ff9892ce000 	C:\WINDOWS\SYSTEM32\SspiCli.dll
0x00007ff98b980000 - 0x00007ff98b9d4000 	C:\WINDOWS\system32\SHLWAPI.dll
0x00007ff989f00000 - 0x00007ff98a077000 	C:\WINDOWS\system32\USER32.dll
0x00007ff98bb50000 - 0x00007ff98bce4000 	C:\WINDOWS\system32\ole32.dll
0x00007ff98a390000 - 0x00007ff98b8a8000 	C:\WINDOWS\system32\SHELL32.dll
0x00007ff988a10000 - 0x00007ff988a31000 	C:\WINDOWS\SYSTEM32\USERENV.dll
0x00007ff989c10000 - 0x00007ff989cba000 	C:\WINDOWS\system32\ADVAPI32.dll
0x00007ff97c880000 - 0x00007ff97c89e000 	C:\WINDOWS\SYSTEM32\MPR.dll
0x00007ff98b9e0000 - 0x00007ff98bb21000 	C:\WINDOWS\system32\RPCRT4.dll
0x00007ff9899a0000 - 0x00007ff9899f9000 	C:\WINDOWS\SYSTEM32\sechost.dll
0x00007ff98bed0000 - 0x00007ff98c0e1000 	C:\WINDOWS\SYSTEM32\combase.dll
0x00007ff98a0c0000 - 0x00007ff98a211000 	C:\WINDOWS\system32\GDI32.dll
0x00007ff989470000 - 0x00007ff989485000 	C:\WINDOWS\SYSTEM32\profapi.dll
0x00007ff987810000 - 0x00007ff9878c2000 	C:\WINDOWS\SYSTEM32\SHCORE.dll
0x00007ff98a080000 - 0x00007ff98a0b6000 	C:\WINDOWS\system32\IMM32.DLL
0x00007ff98c1c0000 - 0x00007ff98c312000 	C:\WINDOWS\system32\MSCTF.dll
0x00007ff986b90000 - 0x00007ff986e0b000 	C:\WINDOWS\WinSxS\amd64_microsoft.windows.common-controls_6595b64144ccf1df_6.0.9600.17415_none_6240486fecbd8abb\COMCTL32.dll
0x0000000075f50000 - 0x0000000076022000 	C:\Program Files\Java\jre1.8.0_25\bin\msvcr100.dll
0x0000000076ae0000 - 0x000000007733a000 	C:\Program Files\Java\jre1.8.0_25\bin\server\jvm.dll
0x00007ff9707d0000 - 0x00007ff9707d9000 	C:\WINDOWS\SYSTEM32\WSOCK32.dll
0x00007ff97ca00000 - 0x00007ff97ca22000 	C:\WINDOWS\SYSTEM32\WINMM.dll
0x00007ff989e80000 - 0x00007ff989e87000 	C:\WINDOWS\system32\PSAPI.DLL
0x00007ff989a00000 - 0x00007ff989a5a000 	C:\WINDOWS\system32\WS2_32.dll
0x00007ff97c8d0000 - 0x00007ff97c8fa000 	C:\WINDOWS\SYSTEM32\WINMMBASE.dll
0x00007ff98bb30000 - 0x00007ff98bb39000 	C:\WINDOWS\system32\NSI.dll
0x00007ff989950000 - 0x00007ff98999f000 	C:\WINDOWS\SYSTEM32\cfgmgr32.dll
0x00007ff988260000 - 0x00007ff988288000 	C:\WINDOWS\SYSTEM32\DEVOBJ.dll
0x0000000076ad0000 - 0x0000000076adf000 	C:\Program Files\Java\jre1.8.0_25\bin\verify.dll
0x0000000076aa0000 - 0x0000000076ac8000 	C:\Program Files\Java\jre1.8.0_25\bin\java.dll
0x0000000076a80000 - 0x0000000076a96000 	C:\Program Files\Java\jre1.8.0_25\bin\zip.dll
0x0000000075db0000 - 0x0000000075f48000 	C:\Program Files\Java\jre1.8.0_25\bin\awt.dll
0x00007ff98c0f0000 - 0x00007ff98c1b1000 	C:\WINDOWS\system32\OLEAUT32.dll
0x00007ff987610000 - 0x00007ff987631000 	C:\WINDOWS\system32\DWMAPI.DLL
0x00007ff988130000 - 0x00007ff988259000 	C:\WINDOWS\system32\uxtheme.dll
0x00007ff9882b0000 - 0x00007ff9882bb000 	C:\WINDOWS\SYSTEM32\kernel.appcore.dll
0x00007ff989340000 - 0x00007ff98934b000 	C:\WINDOWS\SYSTEM32\CRYPTBASE.dll
0x00007ff9892d0000 - 0x00007ff989333000 	C:\WINDOWS\SYSTEM32\bcryptPrimitives.dll
0x00007ff97e8c0000 - 0x00007ff97eae1000 	C:\WINDOWS\system32\d3d9.dll
0x00007ff987180000 - 0x00007ff98718a000 	C:\WINDOWS\SYSTEM32\VERSION.dll
0x00007ff986970000 - 0x00007ff986abb000 	C:\WINDOWS\SYSTEM32\aticfx64.dll
0x00007ff965270000 - 0x00007ff965291000 	C:\WINDOWS\SYSTEM32\atiu9p64.dll
0x00007ff964a80000 - 0x00007ff965265000 	C:\WINDOWS\SYSTEM32\atiumd64.dll
0x0000000076110000 - 0x00000000768c7000 	C:\WINDOWS\SYSTEM32\atiumd6a.dll
0x00000000769f0000 - 0x0000000076a37000 	C:\Program Files\Java\jre1.8.0_25\bin\fontmanager.dll
0x00007ff988ce0000 - 0x00007ff988d00000 	C:\WINDOWS\SYSTEM32\CRYPTSP.dll
0x00007ff988900000 - 0x00007ff988936000 	C:\WINDOWS\system32\rsaenh.dll
0x00007ff988f90000 - 0x00007ff988fb6000 	C:\WINDOWS\SYSTEM32\bcrypt.dll
0x0000000076a60000 - 0x0000000076a7a000 	C:\Program Files\Java\jre1.8.0_25\bin\net.dll
0x00007ff988c80000 - 0x00007ff988cd9000 	C:\WINDOWS\system32\mswsock.dll
0x00007ff9860b0000 - 0x00007ff9860da000 	C:\WINDOWS\SYSTEM32\IPHLPAPI.DLL
0x00007ff986050000 - 0x00007ff98605a000 	C:\WINDOWS\SYSTEM32\WINNSI.DLL
0x00007ff9841e0000 - 0x00007ff9841f6000 	C:\WINDOWS\SYSTEM32\dhcpcsvc6.DLL
0x00007ff984380000 - 0x00007ff98439a000 	C:\WINDOWS\SYSTEM32\dhcpcsvc.DLL
0x0000000076a40000 - 0x0000000076a51000 	C:\Program Files\Java\jre1.8.0_25\bin\nio.dll
0x00000000637c0000 - 0x00000000637cd000 	S:\Users\Ben\AppData\Local\Temp\jogamp_0000\file_cache\jln6618315458135520029\jln6208055751622195454\gluegen-rt.dll
0x00000000769e0000 - 0x00000000769e7000 	C:\Program Files\Java\jre1.8.0_25\bin\jawt.dll
0x000000006a440000 - 0x000000006a44d000 	S:\Users\Ben\AppData\Local\Temp\jogamp_0000\file_cache\jln6618315458135520029\jln6208055751622195454\nativewindow_awt.dll
0x000000006c100000 - 0x000000006c10f000 	S:\Users\Ben\AppData\Local\Temp\jogamp_0000\file_cache\jln6618315458135520029\jln6208055751622195454\nativewindow_win32.dll
0x00007ff960620000 - 0x00007ff96074b000 	C:\WINDOWS\SYSTEM32\OpenGL32.dll
0x00007ff97d7c0000 - 0x00007ff97d7ee000 	C:\WINDOWS\SYSTEM32\GLU32.dll
0x00007ff966bf0000 - 0x00007ff966ce8000 	C:\WINDOWS\SYSTEM32\DDRAW.dll
0x00007ff980290000 - 0x00007ff980299000 	C:\WINDOWS\SYSTEM32\DCIMAN32.dll
0x0000000064500000 - 0x00000000645a2000 	S:\Users\Ben\AppData\Local\Temp\jogamp_0000\file_cache\jln6618315458135520029\jln6208055751622195454\jogl_desktop.dll
0x00007ff97d720000 - 0x00007ff97d738000 	C:\WINDOWS\SYSTEM32\atig6pxx.dll
0x0000000074200000 - 0x0000000075daf000 	C:\WINDOWS\SYSTEM32\atio6axx.dll
0x00007ff98bcf0000 - 0x00007ff98beca000 	C:\WINDOWS\system32\SETUPAPI.dll
0x00007ff986120000 - 0x00007ff986257000 	C:\WINDOWS\SYSTEM32\atiadlxx.dll
0x00007ff986710000 - 0x00007ff98688f000 	C:\WINDOWS\SYSTEM32\PROPSYS.dll
0x00007ff988080000 - 0x00007ff988092000 	C:\WINDOWS\SYSTEM32\WTSAPI32.dll
0x00007ff9898f0000 - 0x00007ff989941000 	C:\WINDOWS\system32\WINTRUST.dll
0x00007ff989540000 - 0x00007ff98971f000 	C:\WINDOWS\system32\CRYPT32.dll
0x00007ff989520000 - 0x00007ff989531000 	C:\WINDOWS\system32\MSASN1.dll
0x00007ff973720000 - 0x00007ff973749000 	C:\WINDOWS\SYSTEM32\atig6txx.dll
0x00007ff95c1a0000 - 0x00007ff95c33c000 	O:\OneDrive\Workspace\ZZavatar\lib\user\KinectPV2\Kinect20.Face.dll
0x00007ff97c900000 - 0x00007ff97c9a7000 	C:\WINDOWS\SYSTEM32\MSVCP110.dll
0x00007ff981bc0000 - 0x00007ff981c8e000 	C:\WINDOWS\SYSTEM32\MSVCR110.dll
0x00007ff980280000 - 0x00007ff980290000 	O:\OneDrive\Workspace\ZZavatar\lib\user\KinectPV2\KinectPV2.dll
0x00007ff960560000 - 0x00007ff96061a000 	C:\WINDOWS\SYSTEM32\Kinect20.dll
0x00007ff97ca30000 - 0x00007ff97cb1b000 	C:\WINDOWS\SYSTEM32\MFPlat.DLL
0x00007ff97c8a0000 - 0x00007ff97c8c7000 	C:\WINDOWS\SYSTEM32\RTWorkQ.DLL
0x00007ff987050000 - 0x00007ff98705c000 	C:\WINDOWS\SYSTEM32\AVRT.dll
0x00000000741b0000 - 0x00000000741f1000 	C:\Program Files\Java\jre1.8.0_25\bin\t2k.dll
0x00007ff963e10000 - 0x00007ff963f9a000 	C:\WINDOWS\SYSTEM32\dbghelp.dll

VM Arguments:
jvm_args: -Djava.library.path=O:\OneDrive\Workspace\ZZavatar\lib\base\video;O:\OneDrive\Workspace\ZZavatar\lib\base\video;O:\OneDrive\Workspace\ZZavatar\lib\base\video;O:\OneDrive\Workspace\ZZavatar\lib\base\core;O:\OneDrive\Workspace\ZZavatar\lib\base\core;O:\OneDrive\Workspace\ZZavatar\lib\base\core;O:\OneDrive\Workspace\ZZavatar\lib\base\core;O:\OneDrive\Workspace\ZZavatar\lib\base\core;O:\OneDrive\Workspace\ZZavatar\lib\base\core;O:\OneDrive\Workspace\ZZavatar\lib\base\core;O:\OneDrive\Workspace\ZZavatar\lib\base\core;O:\OneDrive\Workspace\ZZavatar\lib\base\core;O:\OneDrive\Workspace\ZZavatar\lib\base\core;O:\OneDrive\Workspace\ZZavatar\lib\base\core;O:\OneDrive\Workspace\ZZavatar\lib\base\core;O:\OneDrive\Workspace\ZZavatar\lib\base\core;O:\OneDrive\Workspace\ZZavatar\lib\base\core;O:\OneDrive\Workspace\ZZavatar\lib\base\core;O:\OneDrive\Workspace\ZZavatar\lib\user\Kinect4WinSDK;O:\OneDrive\Workspace\ZZavatar\lib\user\KinectPV2;O:\OneDrive\Workspace\ZZavatar\lib\user\SimpleOpenNI -Dfile.encoding=Cp1252 
java_command: zzavatar.ZZavatar
java_class_path (initial): O:\OneDrive\Workspace\ZZavatar\lib\base\video\gstreamer-java.jar;O:\OneDrive\Workspace\ZZavatar\lib\base\video\jna.jar;O:\OneDrive\Workspace\ZZavatar\lib\base\video\video.jar;O:\OneDrive\Workspace\ZZavatar\lib\base\core\core.jar;O:\OneDrive\Workspace\ZZavatar\lib\base\core\gluegen-rt-natives-linux-amd64.jar;O:\OneDrive\Workspace\ZZavatar\lib\base\core\gluegen-rt-natives-linux-armv6hf.jar;O:\OneDrive\Workspace\ZZavatar\lib\base\core\gluegen-rt-natives-linux-i586.jar;O:\OneDrive\Workspace\ZZavatar\lib\base\core\gluegen-rt-natives-macosx-universal.jar;O:\OneDrive\Workspace\ZZavatar\lib\base\core\gluegen-rt-natives-windows-amd64.jar;O:\OneDrive\Workspace\ZZavatar\lib\base\core\gluegen-rt-natives-windows-i586.jar;O:\OneDrive\Workspace\ZZavatar\lib\base\core\gluegen-rt.jar;O:\OneDrive\Workspace\ZZavatar\lib\base\core\jogl-all-natives-linux-amd64.jar;O:\OneDrive\Workspace\ZZavatar\lib\base\core\jogl-all-natives-linux-armv6hf.jar;O:\OneDrive\Workspace\ZZavatar\lib\base\core\jogl-all-natives-linux-i586.jar;O:\OneDrive\Workspace\ZZavatar\lib\base\core\jogl-all-natives-macosx-universal.jar;O:\OneDrive\Workspace\ZZavatar\lib\base\core\jogl-all-natives-windows-amd64.jar;O:\OneDrive\Workspace\ZZavatar\lib\base\core\jogl-all-natives-windows-i586.jar;O:\OneDrive\Workspace\ZZavatar\lib\base\core\jogl-all.jar;O:\OneDrive\Workspace\ZZavatar\lib\user\Kinect4WinSDK\Kinect4WinSDK.jar;O:\OneDrive\Workspace\ZZavatar\lib\user\KinectPV2\KinectPV2.jar;O:\OneDrive\Workspace\ZZavatar\lib\user\SimpleOpenNI\SimpleOpenNI.jar;O:\OneDrive\Workspace\ZZavatar\bin
Launcher Type: SUN_STANDARD

Environment Variables:
JAVA_HOME=C:\Program Files\Java\jdk1.8.0_25
PATH=C:/Program Files/Java/jre1.8.0_25/bin/server;C:/Program Files/Java/jre1.8.0_25/bin;C:/Program Files/Java/jre1.8.0_25/lib/amd64;C:\Program Files (x86)\NVIDIA Corporation\PhysX\Common;C:\ProgramData\Oracle\Java\javapath;C:\Program Files (x86)\Common Files\Intel\Shared Libraries\redist\intel64\compiler;C:\Program Files (x86)\Common Files\Intel\Shared Libraries\redist\ia32\compiler;C:\Program Files (x86)\Intel\iCLS Client\;C:\Program Files\Intel\iCLS Client\;C:\Program Files (x86)\AMD APP\bin\x86_64;C:\Program Files (x86)\AMD APP\bin\x86;C:\WINDOWS\system32;C:\WINDOWS;C:\WINDOWS\System32\Wbem;C:\WINDOWS\System32\WindowsPowerShell\v1.0\;C:\Program Files (x86)\ATI Technologies\ATI.ACE\Core-Static;C:\Program Files\Intel\Intel(R) Management Engine Components\DAL;C:\Program Files\Intel\Intel(R) Management Engine Components\IPT;C:\Program Files (x86)\Intel\Intel(R) Management Engine Components\DAL;C:\Program Files (x86)\Intel\Intel(R) Management Engine Components\IPT;C:\Program Files\Sony\VAIO Improvement\;C:\Program Files (x86)\Sony\VAIO Startup Setting Tool;C:\Program Files (x86)\Windows Kits\8.1\Windows Performance Toolkit\;C:\Program Files\Microsoft SQL Server\110\Tools\Binn\;C:\Program Files (x86)\Microsoft SDKs\TypeScript\1.0\;C:\Program Files\Microsoft\Web Platform Installer\;C:\Program Files (x86)\Java\jre1.8.0_25\bin;P:\Programs\Python27\Scripts;P:\Programs\Python27;C:\Program Files\Common Files\Autodesk Shared\;P:\Program Files\Programs;P:\Program Files\Games;P:\Programs\Eclipse;
USERNAME=Benoît
OS=Windows_NT
PROCESSOR_IDENTIFIER=Intel64 Family 6 Model 58 Stepping 9, GenuineIntel



---------------  S Y S T E M  ---------------

OS: Windows 8.1 , 64 bit Build 9600 

CPU:total 8 (4 cores per cpu, 2 threads per core) family 6 model 58 stepping 9, cmov, cx8, fxsr, mmx, sse, sse2, sse3, ssse3, sse4.1, sse4.2, popcnt, avx, aes, clmul, erms, ht, tsc, tscinvbit, tscinv

Memory: 4k page, physical 6237468k(2337852k free), swap 10431772k(5733748k free)

vm_info: Java HotSpot(TM) 64-Bit Server VM (25.25-b02) for windows-amd64 JRE (1.8.0_25-b18), built on Oct  7 2014 14:25:37 by "java_re" with MS VC++ 10.0 (VS2010)

time: Fri Apr 24 12:03:37 2015
elapsed time: 106 seconds (0d 0h 1m 46s)

