#
# A fatal error has been detected by the Java Runtime Environment:
#
#  EXCEPTION_ACCESS_VIOLATION (0xc0000005) at pc=0x0000000000000003, pid=2616, tid=2840
#
# JRE version: Java(TM) SE Runtime Environment (8.0_25-b18) (build 1.8.0_25-b18)
# Java VM: Java HotSpot(TM) 64-Bit Server VM (25.25-b02 mixed mode windows-amd64 compressed oops)
# Problematic frame:
# C  0x0000000000000003
#
# Failed to write core dump. Minidumps are not enabled by default on client versions of Windows
#
# If you would like to submit a bug report, please visit:
#   http://bugreport.sun.com/bugreport/crash.jsp
# The crash happened outside the Java Virtual Machine in native code.
# See problematic frame for where to report the bug.
#

---------------  T H R E A D  ---------------

Current thread (0x00000000199f0800):  JavaThread "Animation Thread" [_thread_in_native, id=2840, stack(0x000000001cad0000,0x000000001cbd0000)]

siginfo: ExceptionCode=0xc0000005, ExceptionInformation=0x0000000000000008 0x0000000000000003

Registers:
RAX=0x000000002099e6e0, RBX=0x000000002e806040, RCX=0x000000001d7e46c0, RDX=0x0000000000000000
RSP=0x000000001cbcebe8, RBP=0x0000000000000006, RSI=0x0000000000000000, RDI=0x000000001f6ded48
R8 =0x000000001cbce8b8, R9 =0x0000000000008000, R10=0x0000000000000000, R11=0x000000001cbceaf0
R12=0x0000000000000000, R13=0x000000001fefe218, R14=0x0000000000000000, R15=0x00000000199f0800
RIP=0x0000000000000003, EFLAGS=0x0000000000010206

Top of Stack: (sp=0x000000001cbcebe8)
0x000000001cbcebe8:   00007ff980284116 000000001f6ded18
0x000000001cbcebf8:   000000001f898398 000000001f6ded18
0x000000001cbcec08:   0000000000000000 000000001cbcece0
0x000000001cbcec18:   00007ff980281fba 000000001cbcece0
0x000000001cbcec28:   000000001cbcecc0 00000000199f09e8
0x000000001cbcec38:   0000000019977a20 00000000a3b7bde0
0x000000001cbcec48:   0000000002985b74 000000001fefe218
0x000000001cbcec58:   00000000a3b7bdc0 00000000a3b7bdc0
0x000000001cbcec68:   00000000199f0800 000000001cbced38
0x000000001cbcec78:   00000000029858a2 000000001cbcec80
0x000000001cbcec88:   000000001fefe218 000000001cbcece0
0x000000001cbcec98:   000000001feff1a8 0000000000000000
0x000000001cbceca8:   000000001fefe218 0000000000000000
0x000000001cbcecb8:   000000001cbcece0 000000001cbced28
0x000000001cbcecc8:   0000000002977a2d 0000000000000000
0x000000001cbcecd8:   000000000297f6b8 00000000a3920b78 

Instructions: (pc=0x0000000000000003)
0xffffffffffffffe3:   


Register to memory mapping:

RAX=0x000000002099e6e0 is an unknown value
RBX=0x000000002e806040 is an unknown value
RCX=0x000000001d7e46c0 is an unknown value
RDX=0x0000000000000000 is an unknown value
RSP=0x000000001cbcebe8 is pointing into the stack for thread: 0x00000000199f0800
RBP=0x0000000000000006 is an unknown value
RSI=0x0000000000000000 is an unknown value
RDI=0x000000001f6ded48 is an unknown value
R8 =0x000000001cbce8b8 is pointing into the stack for thread: 0x00000000199f0800
R9 =0x0000000000008000 is an unknown value
R10=0x0000000000000000 is an unknown value
R11=0x000000001cbceaf0 is pointing into the stack for thread: 0x00000000199f0800
R12=0x0000000000000000 is an unknown value
R13={method} {0x000000001fefe220} 'jniStopDevice' '()V' in 'KinectPV2/Device'
R14=0x0000000000000000 is an unknown value
R15=0x00000000199f0800 is a thread


Stack: [0x000000001cad0000,0x000000001cbd0000],  sp=0x000000001cbcebe8,  free space=1018k
Native frames: (J=compiled Java code, j=interpreted, Vv=VM code, C=native code)
C  0x0000000000000003

Java frames: (J=compiled Java code, j=interpreted, Vv=VM code)
j  KinectPV2.Device.jniStopDevice()V+0
j  KinectPV2.Device.stopDevice()V+41
j  KinectPV2.KinectPV2.dispose()V+14
v  ~StubRoutines::call_stub
j  sun.reflect.NativeMethodAccessorImpl.invoke0(Ljava/lang/reflect/Method;Ljava/lang/Object;[Ljava/lang/Object;)Ljava/lang/Object;+0
j  sun.reflect.NativeMethodAccessorImpl.invoke(Ljava/lang/Object;[Ljava/lang/Object;)Ljava/lang/Object;+100
J 2089 C1 sun.reflect.DelegatingMethodAccessorImpl.invoke(Ljava/lang/Object;[Ljava/lang/Object;)Ljava/lang/Object; (10 bytes) @ 0x0000000003120384 [0x0000000003120280+0x104]
J 2088 C1 java.lang.reflect.Method.invoke(Ljava/lang/Object;[Ljava/lang/Object;)Ljava/lang/Object; (62 bytes) @ 0x000000000311fda4 [0x000000000311f9c0+0x3e4]
j  processing.core.PApplet$RegisteredMethods.handle([Ljava/lang/Object;)V+18
J 1931 C1 processing.core.PApplet.handleMethods(Ljava/lang/String;)V (21 bytes) @ 0x000000000308745c [0x00000000030871a0+0x2bc]
j  processing.core.PApplet.dispose()V+35
j  processing.core.PApplet.run()V+283
j  java.lang.Thread.run()V+11
v  ~StubRoutines::call_stub

---------------  P R O C E S S  ---------------

Java Threads: ( => current thread )
  0x000000001a02e000 JavaThread "Animation Thread-SharedResourceRunner" daemon [_thread_blocked, id=1488, stack(0x000000001eda0000,0x000000001eea0000)]
  0x000000000273e800 JavaThread "DestroyJavaVM" [_thread_blocked, id=5836, stack(0x0000000002770000,0x0000000002870000)]
  0x00000000199f2800 JavaThread "D3D Screen Updater" daemon [_thread_blocked, id=6056, stack(0x000000001cdd0000,0x000000001ced0000)]
=>0x00000000199f0800 JavaThread "Animation Thread" [_thread_in_native, id=2840, stack(0x000000001cad0000,0x000000001cbd0000)]
  0x000000001996b000 JavaThread "AWT-EventQueue-0" [_thread_blocked, id=3972, stack(0x000000001c8d0000,0x000000001c9d0000)]
  0x000000001992e800 JavaThread "AWT-Windows" daemon [_thread_in_native, id=3140, stack(0x000000001a230000,0x000000001a330000)]
  0x000000001992d800 JavaThread "AWT-Shutdown" [_thread_blocked, id=1568, stack(0x000000001a130000,0x000000001a230000)]
  0x0000000019900000 JavaThread "Java2D Disposer" daemon [_thread_blocked, id=1408, stack(0x000000001a030000,0x000000001a130000)]
  0x0000000018773800 JavaThread "Service Thread" daemon [_thread_blocked, id=7988, stack(0x00000000190b0000,0x00000000191b0000)]
  0x00000000186ee000 JavaThread "C1 CompilerThread3" daemon [_thread_blocked, id=404, stack(0x0000000018fb0000,0x00000000190b0000)]
  0x00000000186ed000 JavaThread "C2 CompilerThread2" daemon [_thread_blocked, id=8780, stack(0x0000000018eb0000,0x0000000018fb0000)]
  0x00000000186de000 JavaThread "C2 CompilerThread1" daemon [_thread_blocked, id=2768, stack(0x0000000018db0000,0x0000000018eb0000)]
  0x00000000186dc000 JavaThread "C2 CompilerThread0" daemon [_thread_blocked, id=6224, stack(0x0000000018cb0000,0x0000000018db0000)]
  0x00000000186d6000 JavaThread "Attach Listener" daemon [_thread_blocked, id=8308, stack(0x0000000018bb0000,0x0000000018cb0000)]
  0x00000000186d5800 JavaThread "Signal Dispatcher" daemon [_thread_blocked, id=5656, stack(0x0000000018ab0000,0x0000000018bb0000)]
  0x0000000002969000 JavaThread "Finalizer" daemon [_thread_blocked, id=6312, stack(0x00000000185b0000,0x00000000186b0000)]
  0x00000000166dc800 JavaThread "Reference Handler" daemon [_thread_blocked, id=8688, stack(0x00000000184b0000,0x00000000185b0000)]

Other Threads:
  0x00000000166d8800 VMThread [stack: 0x00000000183b0000,0x00000000184b0000] [id=7884]
  0x0000000018775800 WatcherThread [stack: 0x00000000191b0000,0x00000000192b0000] [id=3068]

VM state:not at safepoint (normal execution)

VM Mutex/Monitor currently owned by a thread: None

Heap:
 PSYoungGen      total 393728K, used 151955K [0x00000000e0400000, 0x00000000fa780000, 0x0000000100000000)
  eden space 360960K, 39% used [0x00000000e0400000,0x00000000e8f77e48,0x00000000f6480000)
  from space 32768K, 27% used [0x00000000f8780000,0x00000000f906d020,0x00000000fa780000)
  to   space 34304K, 0% used [0x00000000f6480000,0x00000000f6480000,0x00000000f8600000)
 ParOldGen       total 226816K, used 146185K [0x00000000a0c00000, 0x00000000ae980000, 0x00000000e0400000)
  object space 226816K, 64% used [0x00000000a0c00000,0x00000000a9ac25a0,0x00000000ae980000)
 Metaspace       used 17867K, capacity 18089K, committed 18304K, reserved 1064960K
  class space    used 1735K, capacity 1793K, committed 1920K, reserved 1048576K

Card table byte_map: [0x0000000011d30000,0x0000000012030000] byte_map_base: 0x000000001182a000

Marking Bits: (ParMarkBitMap*) 0x00000000772bd490
 Begin Bits: [0x0000000012a30000, 0x0000000014200000)
 End Bits:   [0x0000000014200000, 0x00000000159d0000)

Polling page: 0x0000000002710000

CodeCache: size=245760Kb used=8333Kb max_used=8344Kb free=237426Kb
 bounds [0x0000000002970000, 0x00000000031b0000, 0x0000000011970000]
 total_blobs=3105 nmethods=2234 adapters=785
 compilation: enabled

Compilation events (10 events):
Event: 10.334 Thread 0x00000000186de000 2241       4       processing.opengl.PGraphicsOpenGL$IndexCache::addNew (81 bytes)
Event: 10.338 Thread 0x00000000186de000 nmethod 2241 0x0000000003195010 code [0x00000000031951a0, 0x00000000031954b0]
Event: 10.346 Thread 0x00000000186ed000 2242       4       zzavatar.ZZkinect::drawBone (98 bytes)
Event: 10.346 Thread 0x00000000186dc000 2243       4       processing.core.PApplet::line (40 bytes)
Event: 10.356 Thread 0x00000000186dc000 nmethod 2243 0x0000000003191510 code [0x00000000031916a0, 0x0000000003191b40]
Event: 10.365 Thread 0x00000000186ed000 nmethod 2242 0x000000000319e1d0 code [0x000000000319e460, 0x000000000319f1e0]
Event: 10.376 Thread 0x00000000186ee000 2244       1       sun.awt.AWTAutoShutdown::getInstance (4 bytes)
Event: 10.376 Thread 0x00000000186ee000 nmethod 2244 0x0000000003133cd0 code [0x0000000003133e20, 0x0000000003133f10]
Event: 10.444 Thread 0x00000000186de000 2245       4       jogamp.opengl.gl4.GL4bcImpl$1::create (56 bytes)
Event: 10.446 Thread 0x00000000186de000 nmethod 2245 0x00000000031949d0 code [0x0000000003194b40, 0x0000000003194d48]

GC Heap History (10 events):
Event: 8.338 GC heap before
{Heap before GC invocations=25 (full 3):
 PSYoungGen      total 367104K, used 330930K [0x00000000e0400000, 0x00000000fa280000, 0x0000000100000000)
  eden space 322048K, 99% used [0x00000000e0400000,0x00000000f3e4fa40,0x00000000f3e80000)
  from space 45056K, 20% used [0x00000000f3e80000,0x00000000f475d020,0x00000000f6a80000)
  to   space 43008K, 0% used [0x00000000f7880000,0x00000000f7880000,0x00000000fa280000)
 ParOldGen       total 226816K, used 146145K [0x00000000a0c00000, 0x00000000ae980000, 0x00000000e0400000)
  object space 226816K, 64% used [0x00000000a0c00000,0x00000000a9ab85a0,0x00000000ae980000)
 Metaspace       used 17719K, capacity 17953K, committed 18304K, reserved 1064960K
  class space    used 1723K, capacity 1793K, committed 1920K, reserved 1048576K
Event: 8.343 GC heap after
Heap after GC invocations=25 (full 3):
 PSYoungGen      total 376320K, used 9108K [0x00000000e0400000, 0x00000000f9e80000, 0x0000000100000000)
  eden space 337408K, 0% used [0x00000000e0400000,0x00000000e0400000,0x00000000f4d80000)
  from space 38912K, 23% used [0x00000000f7880000,0x00000000f8165020,0x00000000f9e80000)
  to   space 41472K, 0% used [0x00000000f4d80000,0x00000000f4d80000,0x00000000f7600000)
 ParOldGen       total 226816K, used 146153K [0x00000000a0c00000, 0x00000000ae980000, 0x00000000e0400000)
  object space 226816K, 64% used [0x00000000a0c00000,0x00000000a9aba5a0,0x00000000ae980000)
 Metaspace       used 17719K, capacity 17953K, committed 18304K, reserved 1064960K
  class space    used 1723K, capacity 1793K, committed 1920K, reserved 1048576K
}
Event: 8.832 GC heap before
{Heap before GC invocations=26 (full 3):
 PSYoungGen      total 376320K, used 346516K [0x00000000e0400000, 0x00000000f9e80000, 0x0000000100000000)
  eden space 337408K, 100% used [0x00000000e0400000,0x00000000f4d80000,0x00000000f4d80000)
  from space 38912K, 23% used [0x00000000f7880000,0x00000000f8165020,0x00000000f9e80000)
  to   space 41472K, 0% used [0x00000000f4d80000,0x00000000f4d80000,0x00000000f7600000)
 ParOldGen       total 226816K, used 146153K [0x00000000a0c00000, 0x00000000ae980000, 0x00000000e0400000)
  object space 226816K, 64% used [0x00000000a0c00000,0x00000000a9aba5a0,0x00000000ae980000)
 Metaspace       used 17733K, capacity 17961K, committed 18304K, reserved 1064960K
  class space    used 1723K, capacity 1793K, committed 1920K, reserved 1048576K
Event: 8.836 GC heap after
Heap after GC invocations=26 (full 3):
 PSYoungGen      total 378880K, used 9108K [0x00000000e0400000, 0x00000000fa880000, 0x0000000100000000)
  eden space 337408K, 0% used [0x00000000e0400000,0x00000000e0400000,0x00000000f4d80000)
  from space 41472K, 21% used [0x00000000f4d80000,0x00000000f5665020,0x00000000f7600000)
  to   space 39424K, 0% used [0x00000000f8200000,0x00000000f8200000,0x00000000fa880000)
 ParOldGen       total 226816K, used 146161K [0x00000000a0c00000, 0x00000000ae980000, 0x00000000e0400000)
  object space 226816K, 64% used [0x00000000a0c00000,0x00000000a9abc5a0,0x00000000ae980000)
 Metaspace       used 17733K, capacity 17961K, committed 18304K, reserved 1064960K
  class space    used 1723K, capacity 1793K, committed 1920K, reserved 1048576K
}
Event: 9.338 GC heap before
{Heap before GC invocations=27 (full 3):
 PSYoungGen      total 378880K, used 343459K [0x00000000e0400000, 0x00000000fa880000, 0x0000000100000000)
  eden space 337408K, 99% used [0x00000000e0400000,0x00000000f4a83cb0,0x00000000f4d80000)
  from space 41472K, 21% used [0x00000000f4d80000,0x00000000f5665020,0x00000000f7600000)
  to   space 39424K, 0% used [0x00000000f8200000,0x00000000f8200000,0x00000000fa880000)
 ParOldGen       total 226816K, used 146161K [0x00000000a0c00000, 0x00000000ae980000, 0x00000000e0400000)
  object space 226816K, 64% used [0x00000000a0c00000,0x00000000a9abc5a0,0x00000000ae980000)
 Metaspace       used 17782K, capacity 18025K, committed 18304K, reserved 1064960K
  class space    used 1723K, capacity 1793K, committed 1920K, reserved 1048576K
Event: 9.343 GC heap after
Heap after GC invocations=27 (full 3):
 PSYoungGen      total 385024K, used 9108K [0x00000000e0400000, 0x00000000fa380000, 0x0000000100000000)
  eden space 350720K, 0% used [0x00000000e0400000,0x00000000e0400000,0x00000000f5a80000)
  from space 34304K, 26% used [0x00000000f8200000,0x00000000f8ae5020,0x00000000fa380000)
  to   space 37376K, 0% used [0x00000000f5a80000,0x00000000f5a80000,0x00000000f7f00000)
 ParOldGen       total 226816K, used 146169K [0x00000000a0c00000, 0x00000000ae980000, 0x00000000e0400000)
  object space 226816K, 64% used [0x00000000a0c00000,0x00000000a9abe5a0,0x00000000ae980000)
 Metaspace       used 17782K, capacity 18025K, committed 18304K, reserved 1064960K
  class space    used 1723K, capacity 1793K, committed 1920K, reserved 1048576K
}
Event: 9.863 GC heap before
{Heap before GC invocations=28 (full 3):
 PSYoungGen      total 385024K, used 359828K [0x00000000e0400000, 0x00000000fa380000, 0x0000000100000000)
  eden space 350720K, 100% used [0x00000000e0400000,0x00000000f5a80000,0x00000000f5a80000)
  from space 34304K, 26% used [0x00000000f8200000,0x00000000f8ae5020,0x00000000fa380000)
  to   space 37376K, 0% used [0x00000000f5a80000,0x00000000f5a80000,0x00000000f7f00000)
 ParOldGen       total 226816K, used 146169K [0x00000000a0c00000, 0x00000000ae980000, 0x00000000e0400000)
  object space 226816K, 64% used [0x00000000a0c00000,0x00000000a9abe5a0,0x00000000ae980000)
 Metaspace       used 17832K, capacity 18089K, committed 18304K, reserved 1064960K
  class space    used 1723K, capacity 1793K, committed 1920K, reserved 1048576K
Event: 9.869 GC heap after
Heap after GC invocations=28 (full 3):
 PSYoungGen      total 388096K, used 9140K [0x00000000e0400000, 0x00000000faa80000, 0x0000000100000000)
  eden space 350720K, 0% used [0x00000000e0400000,0x00000000e0400000,0x00000000f5a80000)
  from space 37376K, 24% used [0x00000000f5a80000,0x00000000f636d020,0x00000000f7f00000)
  to   space 35840K, 0% used [0x00000000f8780000,0x00000000f8780000,0x00000000faa80000)
 ParOldGen       total 226816K, used 146177K [0x00000000a0c00000, 0x00000000ae980000, 0x00000000e0400000)
  object space 226816K, 64% used [0x00000000a0c00000,0x00000000a9ac05a0,0x00000000ae980000)
 Metaspace       used 17832K, capacity 18089K, committed 18304K, reserved 1064960K
  class space    used 1723K, capacity 1793K, committed 1920K, reserved 1048576K
}
Event: 10.397 GC heap before
{Heap before GC invocations=29 (full 3):
 PSYoungGen      total 388096K, used 359860K [0x00000000e0400000, 0x00000000faa80000, 0x0000000100000000)
  eden space 350720K, 100% used [0x00000000e0400000,0x00000000f5a80000,0x00000000f5a80000)
  from space 37376K, 24% used [0x00000000f5a80000,0x00000000f636d020,0x00000000f7f00000)
  to   space 35840K, 0% used [0x00000000f8780000,0x00000000f8780000,0x00000000faa80000)
 ParOldGen       total 226816K, used 146177K [0x00000000a0c00000, 0x00000000ae980000, 0x00000000e0400000)
  object space 226816K, 64% used [0x00000000a0c00000,0x00000000a9ac05a0,0x00000000ae980000)
 Metaspace       used 17832K, capacity 18089K, committed 18304K, reserved 1064960K
  class space    used 1723K, capacity 1793K, committed 1920K, reserved 1048576K
Event: 10.402 GC heap after
Heap after GC invocations=29 (full 3):
 PSYoungGen      total 393728K, used 9140K [0x00000000e0400000, 0x00000000fa780000, 0x0000000100000000)
  eden space 360960K, 0% used [0x00000000e0400000,0x00000000e0400000,0x00000000f6480000)
  from space 32768K, 27% used [0x00000000f8780000,0x00000000f906d020,0x00000000fa780000)
  to   space 34304K, 0% used [0x00000000f6480000,0x00000000f6480000,0x00000000f8600000)
 ParOldGen       total 226816K, used 146185K [0x00000000a0c00000, 0x00000000ae980000, 0x00000000e0400000)
  object space 226816K, 64% used [0x00000000a0c00000,0x00000000a9ac25a0,0x00000000ae980000)
 Metaspace       used 17832K, capacity 18089K, committed 18304K, reserved 1064960K
  class space    used 1723K, capacity 1793K, committed 1920K, reserved 1048576K
}

Deoptimization events (10 events):
Event: 2.682 Thread 0x000000001996b000 Uncommon trap: reason=class_check action=maybe_recompile pc=0x0000000002c790c4 method=com.jogamp.common.nio.Buffers.getDirectBufferByteOffset(Ljava/lang/Object;)I @ 7
Event: 2.683 Thread 0x000000001996b000 Uncommon trap: reason=predicate action=maybe_recompile pc=0x0000000002d646c4 method=java.util.ArrayList.indexOf(Ljava/lang/Object;)I @ 44
Event: 2.711 Thread 0x000000001996b000 Uncommon trap: reason=class_check action=maybe_recompile pc=0x0000000002c7ba00 method=com.jogamp.common.nio.Buffers.isDirect(Ljava/lang/Object;)Z @ 13
Event: 2.711 Thread 0x000000001996b000 Uncommon trap: reason=class_check action=maybe_recompile pc=0x0000000002c790c4 method=com.jogamp.common.nio.Buffers.getDirectBufferByteOffset(Ljava/lang/Object;)I @ 7
Event: 3.246 Thread 0x000000001996b000 Uncommon trap: reason=unreached action=reinterpret pc=0x0000000002d724c0 method=processing.opengl.PGraphicsOpenGL$InGeometry.addVertex(FFFIFFFFFIFIIIFIZ)I @ 218
Event: 3.929 Thread 0x000000001996b000 Uncommon trap: reason=unreached action=reinterpret pc=0x0000000002c2ebb0 method=java.lang.reflect.AccessibleObject.setAccessible0(Ljava/lang/reflect/AccessibleObject;Z)V @ 4
Event: 10.450 Thread 0x000000001996b000 Uncommon trap: reason=speculate_class_check action=maybe_recompile pc=0x0000000003194cdc method=com.jogamp.common.nio.Buffers.getDirectBufferByteOffset(Ljava/lang/Object;)I @ 22
Event: 10.450 Thread 0x000000001996b000 Uncommon trap: reason=speculate_class_check action=maybe_recompile pc=0x0000000003194cdc method=com.jogamp.common.nio.Buffers.getDirectBufferByteOffset(Ljava/lang/Object;)I @ 22
Event: 10.450 Thread 0x000000001996b000 Uncommon trap: reason=speculate_class_check action=maybe_recompile pc=0x0000000003194cdc method=com.jogamp.common.nio.Buffers.getDirectBufferByteOffset(Ljava/lang/Object;)I @ 22
Event: 10.450 Thread 0x000000001996b000 Uncommon trap: reason=speculate_class_check action=maybe_recompile pc=0x0000000003194cdc method=com.jogamp.common.nio.Buffers.getDirectBufferByteOffset(Ljava/lang/Object;)I @ 22

Internal exceptions (10 events):
Event: 3.085 Thread 0x000000001996b000 Exception <a 'java/security/PrivilegedActionException'> (0x00000000e6c135d0) thrown at [D:\re\workspace\8-2-build-windows-amd64-cygwin\jdk8u25\1677\hotspot\src\share\vm\prims\jvm.cpp, line 1312]
Event: 3.086 Thread 0x000000001996b000 Exception <a 'java/security/PrivilegedActionException'> (0x00000000e6c17490) thrown at [D:\re\workspace\8-2-build-windows-amd64-cygwin\jdk8u25\1677\hotspot\src\share\vm\prims\jvm.cpp, line 1312]
Event: 3.086 Thread 0x000000001996b000 Exception <a 'java/security/PrivilegedActionException'> (0x00000000e6c1b898) thrown at [D:\re\workspace\8-2-build-windows-amd64-cygwin\jdk8u25\1677\hotspot\src\share\vm\prims\jvm.cpp, line 1312]
Event: 3.086 Thread 0x000000001996b000 Exception <a 'java/security/PrivilegedActionException'> (0x00000000e6c1fc80) thrown at [D:\re\workspace\8-2-build-windows-amd64-cygwin\jdk8u25\1677\hotspot\src\share\vm\prims\jvm.cpp, line 1312]
Event: 3.086 Thread 0x000000001996b000 Exception <a 'java/security/PrivilegedActionException'> (0x00000000e6c237d8) thrown at [D:\re\workspace\8-2-build-windows-amd64-cygwin\jdk8u25\1677\hotspot\src\share\vm\prims\jvm.cpp, line 1312]
Event: 3.087 Thread 0x000000001996b000 Exception <a 'java/security/PrivilegedActionException'> (0x00000000e6c27fd8) thrown at [D:\re\workspace\8-2-build-windows-amd64-cygwin\jdk8u25\1677\hotspot\src\share\vm\prims\jvm.cpp, line 1312]
Event: 3.087 Thread 0x000000001996b000 Exception <a 'java/security/PrivilegedActionException'> (0x00000000e6c2b710) thrown at [D:\re\workspace\8-2-build-windows-amd64-cygwin\jdk8u25\1677\hotspot\src\share\vm\prims\jvm.cpp, line 1312]
Event: 3.087 Thread 0x000000001996b000 Exception <a 'java/security/PrivilegedActionException'> (0x00000000e6c2f658) thrown at [D:\re\workspace\8-2-build-windows-amd64-cygwin\jdk8u25\1677\hotspot\src\share\vm\prims\jvm.cpp, line 1312]
Event: 3.088 Thread 0x000000001996b000 Exception <a 'java/security/PrivilegedActionException'> (0x00000000e6c35568) thrown at [D:\re\workspace\8-2-build-windows-amd64-cygwin\jdk8u25\1677\hotspot\src\share\vm\prims\jvm.cpp, line 1312]
Event: 3.100 Thread 0x000000001996b000 Exception <a 'java/security/PrivilegedActionException'> (0x00000000e6d10b78) thrown at [D:\re\workspace\8-2-build-windows-amd64-cygwin\jdk8u25\1677\hotspot\src\share\vm\prims\jvm.cpp, line 1312]

Events (10 events):
Event: 10.577 loading class javax/swing/JComponent$IntVector done
Event: 10.577 loading class javax/swing/KeyboardManager
Event: 10.577 loading class javax/swing/KeyboardManager done
Event: 10.577 loading class javax/swing/Popup$HeavyWeightWindow
Event: 10.577 loading class sun/awt/ModalExclude
Event: 10.577 loading class sun/awt/ModalExclude done
Event: 10.577 loading class javax/swing/JWindow
Event: 10.578 loading class javax/swing/JWindow done
Event: 10.578 loading class javax/swing/Popup$HeavyWeightWindow done
Event: 10.612 Thread 0x000000001de38000 Thread exited: 0x000000001de38000


Dynamic libraries:
0x00007ff669010000 - 0x00007ff669044000 	C:\Program Files\Java\jre1.8.0_25\bin\javaw.exe
0x00007ff98c320000 - 0x00007ff98c4cc000 	C:\WINDOWS\SYSTEM32\ntdll.dll
0x00007ff989d20000 - 0x00007ff989e5e000 	C:\WINDOWS\system32\KERNEL32.DLL
0x00007ff9897d0000 - 0x00007ff9898e5000 	C:\WINDOWS\system32\KERNELBASE.dll
0x00007ff987ff0000 - 0x00007ff98807e000 	C:\WINDOWS\system32\apphelp.dll
0x00007ff973750000 - 0x00007ff9737a3000 	C:\WINDOWS\AppPatch\AppPatch64\AcGenral.DLL
0x00007ff98a220000 - 0x00007ff98a2ca000 	C:\WINDOWS\system32\msvcrt.dll
0x00007ff9892a0000 - 0x00007ff9892ce000 	C:\WINDOWS\SYSTEM32\SspiCli.dll
0x00007ff98b980000 - 0x00007ff98b9d4000 	C:\WINDOWS\system32\SHLWAPI.dll
0x00007ff989f00000 - 0x00007ff98a077000 	C:\WINDOWS\system32\USER32.dll
0x00007ff98bb50000 - 0x00007ff98bce4000 	C:\WINDOWS\system32\ole32.dll
0x00007ff98a390000 - 0x00007ff98b8a8000 	C:\WINDOWS\system32\SHELL32.dll
0x00007ff988a10000 - 0x00007ff988a31000 	C:\WINDOWS\SYSTEM32\USERENV.dll
0x00007ff989c10000 - 0x00007ff989cba000 	C:\WINDOWS\system32\ADVAPI32.dll
0x00007ff97c880000 - 0x00007ff97c89e000 	C:\WINDOWS\SYSTEM32\MPR.dll
0x00007ff98b9e0000 - 0x00007ff98bb21000 	C:\WINDOWS\system32\RPCRT4.dll
0x00007ff9899a0000 - 0x00007ff9899f9000 	C:\WINDOWS\SYSTEM32\sechost.dll
0x00007ff98bed0000 - 0x00007ff98c0e1000 	C:\WINDOWS\SYSTEM32\combase.dll
0x00007ff98a0c0000 - 0x00007ff98a211000 	C:\WINDOWS\system32\GDI32.dll
0x00007ff989470000 - 0x00007ff989485000 	C:\WINDOWS\SYSTEM32\profapi.dll
0x00007ff987810000 - 0x00007ff9878c2000 	C:\WINDOWS\SYSTEM32\SHCORE.dll
0x00007ff98a080000 - 0x00007ff98a0b6000 	C:\WINDOWS\system32\IMM32.DLL
0x00007ff98c1c0000 - 0x00007ff98c312000 	C:\WINDOWS\system32\MSCTF.dll
0x00007ff986b90000 - 0x00007ff986e0b000 	C:\WINDOWS\WinSxS\amd64_microsoft.windows.common-controls_6595b64144ccf1df_6.0.9600.17415_none_6240486fecbd8abb\COMCTL32.dll
0x0000000075f50000 - 0x0000000076022000 	C:\Program Files\Java\jre1.8.0_25\bin\msvcr100.dll
0x0000000076ae0000 - 0x000000007733a000 	C:\Program Files\Java\jre1.8.0_25\bin\server\jvm.dll
0x00007ff9707d0000 - 0x00007ff9707d9000 	C:\WINDOWS\SYSTEM32\WSOCK32.dll
0x00007ff97ca00000 - 0x00007ff97ca22000 	C:\WINDOWS\SYSTEM32\WINMM.dll
0x00007ff989e80000 - 0x00007ff989e87000 	C:\WINDOWS\system32\PSAPI.DLL
0x00007ff989a00000 - 0x00007ff989a5a000 	C:\WINDOWS\system32\WS2_32.dll
0x00007ff97c8d0000 - 0x00007ff97c8fa000 	C:\WINDOWS\SYSTEM32\WINMMBASE.dll
0x00007ff98bb30000 - 0x00007ff98bb39000 	C:\WINDOWS\system32\NSI.dll
0x00007ff989950000 - 0x00007ff98999f000 	C:\WINDOWS\SYSTEM32\cfgmgr32.dll
0x00007ff988260000 - 0x00007ff988288000 	C:\WINDOWS\SYSTEM32\DEVOBJ.dll
0x0000000076ad0000 - 0x0000000076adf000 	C:\Program Files\Java\jre1.8.0_25\bin\verify.dll
0x0000000076aa0000 - 0x0000000076ac8000 	C:\Program Files\Java\jre1.8.0_25\bin\java.dll
0x0000000076a80000 - 0x0000000076a96000 	C:\Program Files\Java\jre1.8.0_25\bin\zip.dll
0x0000000075db0000 - 0x0000000075f48000 	C:\Program Files\Java\jre1.8.0_25\bin\awt.dll
0x00007ff98c0f0000 - 0x00007ff98c1b1000 	C:\WINDOWS\system32\OLEAUT32.dll
0x00007ff987610000 - 0x00007ff987631000 	C:\WINDOWS\system32\DWMAPI.DLL
0x00007ff988130000 - 0x00007ff988259000 	C:\WINDOWS\system32\uxtheme.dll
0x00007ff9882b0000 - 0x00007ff9882bb000 	C:\WINDOWS\SYSTEM32\kernel.appcore.dll
0x00007ff989340000 - 0x00007ff98934b000 	C:\WINDOWS\SYSTEM32\CRYPTBASE.dll
0x00007ff9892d0000 - 0x00007ff989333000 	C:\WINDOWS\SYSTEM32\bcryptPrimitives.dll
0x00007ff97e8c0000 - 0x00007ff97eae1000 	C:\WINDOWS\system32\d3d9.dll
0x00007ff987180000 - 0x00007ff98718a000 	C:\WINDOWS\SYSTEM32\VERSION.dll
0x00007ff986970000 - 0x00007ff986abb000 	C:\WINDOWS\SYSTEM32\aticfx64.dll
0x00007ff965270000 - 0x00007ff965291000 	C:\WINDOWS\SYSTEM32\atiu9p64.dll
0x00007ff964a80000 - 0x00007ff965265000 	C:\WINDOWS\SYSTEM32\atiumd64.dll
0x0000000076110000 - 0x00000000768c7000 	C:\WINDOWS\SYSTEM32\atiumd6a.dll
0x00000000769f0000 - 0x0000000076a37000 	C:\Program Files\Java\jre1.8.0_25\bin\fontmanager.dll
0x00007ff988ce0000 - 0x00007ff988d00000 	C:\WINDOWS\SYSTEM32\CRYPTSP.dll
0x00007ff988900000 - 0x00007ff988936000 	C:\WINDOWS\system32\rsaenh.dll
0x00007ff988f90000 - 0x00007ff988fb6000 	C:\WINDOWS\SYSTEM32\bcrypt.dll
0x0000000076a60000 - 0x0000000076a7a000 	C:\Program Files\Java\jre1.8.0_25\bin\net.dll
0x00007ff988c80000 - 0x00007ff988cd9000 	C:\WINDOWS\system32\mswsock.dll
0x00007ff9860b0000 - 0x00007ff9860da000 	C:\WINDOWS\SYSTEM32\IPHLPAPI.DLL
0x00007ff986050000 - 0x00007ff98605a000 	C:\WINDOWS\SYSTEM32\WINNSI.DLL
0x00007ff9841e0000 - 0x00007ff9841f6000 	C:\WINDOWS\SYSTEM32\dhcpcsvc6.DLL
0x00007ff984380000 - 0x00007ff98439a000 	C:\WINDOWS\SYSTEM32\dhcpcsvc.DLL
0x0000000076a40000 - 0x0000000076a51000 	C:\Program Files\Java\jre1.8.0_25\bin\nio.dll
0x00000000637c0000 - 0x00000000637cd000 	S:\Users\Ben\AppData\Local\Temp\jogamp_0000\file_cache\jln6956257944571061103\jln5051019597936441350\gluegen-rt.dll
0x00000000769e0000 - 0x00000000769e7000 	C:\Program Files\Java\jre1.8.0_25\bin\jawt.dll
0x000000006a440000 - 0x000000006a44d000 	S:\Users\Ben\AppData\Local\Temp\jogamp_0000\file_cache\jln6956257944571061103\jln5051019597936441350\nativewindow_awt.dll
0x000000006c100000 - 0x000000006c10f000 	S:\Users\Ben\AppData\Local\Temp\jogamp_0000\file_cache\jln6956257944571061103\jln5051019597936441350\nativewindow_win32.dll
0x00007ff960620000 - 0x00007ff96074b000 	C:\WINDOWS\SYSTEM32\OpenGL32.dll
0x00007ff97d7c0000 - 0x00007ff97d7ee000 	C:\WINDOWS\SYSTEM32\GLU32.dll
0x00007ff966bf0000 - 0x00007ff966ce8000 	C:\WINDOWS\SYSTEM32\DDRAW.dll
0x00007ff980290000 - 0x00007ff980299000 	C:\WINDOWS\SYSTEM32\DCIMAN32.dll
0x0000000064500000 - 0x00000000645a2000 	S:\Users\Ben\AppData\Local\Temp\jogamp_0000\file_cache\jln6956257944571061103\jln5051019597936441350\jogl_desktop.dll
0x00007ff97d720000 - 0x00007ff97d738000 	C:\WINDOWS\SYSTEM32\atig6pxx.dll
0x0000000074200000 - 0x0000000075daf000 	C:\WINDOWS\SYSTEM32\atio6axx.dll
0x00007ff98bcf0000 - 0x00007ff98beca000 	C:\WINDOWS\system32\SETUPAPI.dll
0x00007ff986120000 - 0x00007ff986257000 	C:\WINDOWS\SYSTEM32\atiadlxx.dll
0x00007ff986710000 - 0x00007ff98688f000 	C:\WINDOWS\SYSTEM32\PROPSYS.dll
0x00007ff988080000 - 0x00007ff988092000 	C:\WINDOWS\SYSTEM32\WTSAPI32.dll
0x00007ff9898f0000 - 0x00007ff989941000 	C:\WINDOWS\system32\WINTRUST.dll
0x00007ff989540000 - 0x00007ff98971f000 	C:\WINDOWS\system32\CRYPT32.dll
0x00007ff989520000 - 0x00007ff989531000 	C:\WINDOWS\system32\MSASN1.dll
0x00007ff973720000 - 0x00007ff973749000 	C:\WINDOWS\SYSTEM32\atig6txx.dll
0x00007ff95c1a0000 - 0x00007ff95c33c000 	O:\OneDrive\Workspace\ZZavatar\lib\user\KinectPV2\Kinect20.Face.dll
0x00007ff97c900000 - 0x00007ff97c9a7000 	C:\WINDOWS\SYSTEM32\MSVCP110.dll
0x00007ff981bc0000 - 0x00007ff981c8e000 	C:\WINDOWS\SYSTEM32\MSVCR110.dll
0x00007ff980280000 - 0x00007ff980290000 	O:\OneDrive\Workspace\ZZavatar\lib\user\KinectPV2\KinectPV2.dll
0x00007ff960560000 - 0x00007ff96061a000 	C:\WINDOWS\SYSTEM32\Kinect20.dll
0x00007ff97ca30000 - 0x00007ff97cb1b000 	C:\WINDOWS\SYSTEM32\MFPlat.DLL
0x00007ff97c8a0000 - 0x00007ff97c8c7000 	C:\WINDOWS\SYSTEM32\RTWorkQ.DLL
0x00007ff987050000 - 0x00007ff98705c000 	C:\WINDOWS\SYSTEM32\AVRT.dll
0x00007ff963e10000 - 0x00007ff963f9a000 	C:\WINDOWS\SYSTEM32\dbghelp.dll

VM Arguments:
jvm_args: -Djava.library.path=O:\OneDrive\Workspace\ZZavatar\lib\base\video;O:\OneDrive\Workspace\ZZavatar\lib\base\video;O:\OneDrive\Workspace\ZZavatar\lib\base\video;O:\OneDrive\Workspace\ZZavatar\lib\base\core;O:\OneDrive\Workspace\ZZavatar\lib\base\core;O:\OneDrive\Workspace\ZZavatar\lib\base\core;O:\OneDrive\Workspace\ZZavatar\lib\base\core;O:\OneDrive\Workspace\ZZavatar\lib\base\core;O:\OneDrive\Workspace\ZZavatar\lib\base\core;O:\OneDrive\Workspace\ZZavatar\lib\base\core;O:\OneDrive\Workspace\ZZavatar\lib\base\core;O:\OneDrive\Workspace\ZZavatar\lib\base\core;O:\OneDrive\Workspace\ZZavatar\lib\base\core;O:\OneDrive\Workspace\ZZavatar\lib\base\core;O:\OneDrive\Workspace\ZZavatar\lib\base\core;O:\OneDrive\Workspace\ZZavatar\lib\base\core;O:\OneDrive\Workspace\ZZavatar\lib\base\core;O:\OneDrive\Workspace\ZZavatar\lib\base\core;O:\OneDrive\Workspace\ZZavatar\lib\user\Kinect4WinSDK;O:\OneDrive\Workspace\ZZavatar\lib\user\KinectPV2;O:\OneDrive\Workspace\ZZavatar\lib\user\SimpleOpenNI -Dfile.encoding=Cp1252 
java_command: zzavatar.ZZavatar
java_class_path (initial): O:\OneDrive\Workspace\ZZavatar\lib\base\video\gstreamer-java.jar;O:\OneDrive\Workspace\ZZavatar\lib\base\video\jna.jar;O:\OneDrive\Workspace\ZZavatar\lib\base\video\video.jar;O:\OneDrive\Workspace\ZZavatar\lib\base\core\core.jar;O:\OneDrive\Workspace\ZZavatar\lib\base\core\gluegen-rt-natives-linux-amd64.jar;O:\OneDrive\Workspace\ZZavatar\lib\base\core\gluegen-rt-natives-linux-armv6hf.jar;O:\OneDrive\Workspace\ZZavatar\lib\base\core\gluegen-rt-natives-linux-i586.jar;O:\OneDrive\Workspace\ZZavatar\lib\base\core\gluegen-rt-natives-macosx-universal.jar;O:\OneDrive\Workspace\ZZavatar\lib\base\core\gluegen-rt-natives-windows-amd64.jar;O:\OneDrive\Workspace\ZZavatar\lib\base\core\gluegen-rt-natives-windows-i586.jar;O:\OneDrive\Workspace\ZZavatar\lib\base\core\gluegen-rt.jar;O:\OneDrive\Workspace\ZZavatar\lib\base\core\jogl-all-natives-linux-amd64.jar;O:\OneDrive\Workspace\ZZavatar\lib\base\core\jogl-all-natives-linux-armv6hf.jar;O:\OneDrive\Workspace\ZZavatar\lib\base\core\jogl-all-natives-linux-i586.jar;O:\OneDrive\Workspace\ZZavatar\lib\base\core\jogl-all-natives-macosx-universal.jar;O:\OneDrive\Workspace\ZZavatar\lib\base\core\jogl-all-natives-windows-amd64.jar;O:\OneDrive\Workspace\ZZavatar\lib\base\core\jogl-all-natives-windows-i586.jar;O:\OneDrive\Workspace\ZZavatar\lib\base\core\jogl-all.jar;O:\OneDrive\Workspace\ZZavatar\lib\user\Kinect4WinSDK\Kinect4WinSDK.jar;O:\OneDrive\Workspace\ZZavatar\lib\user\KinectPV2\KinectPV2.jar;O:\OneDrive\Workspace\ZZavatar\lib\user\SimpleOpenNI\SimpleOpenNI.jar;O:\OneDrive\Workspace\ZZavatar\bin
Launcher Type: SUN_STANDARD

Environment Variables:
JAVA_HOME=C:\Program Files\Java\jdk1.8.0_25
PATH=C:/Program Files/Java/jre1.8.0_25/bin/server;C:/Program Files/Java/jre1.8.0_25/bin;C:/Program Files/Java/jre1.8.0_25/lib/amd64;C:\Program Files (x86)\NVIDIA Corporation\PhysX\Common;C:\ProgramData\Oracle\Java\javapath;C:\Program Files (x86)\Common Files\Intel\Shared Libraries\redist\intel64\compiler;C:\Program Files (x86)\Common Files\Intel\Shared Libraries\redist\ia32\compiler;C:\Program Files (x86)\Intel\iCLS Client\;C:\Program Files\Intel\iCLS Client\;C:\Program Files (x86)\AMD APP\bin\x86_64;C:\Program Files (x86)\AMD APP\bin\x86;C:\WINDOWS\system32;C:\WINDOWS;C:\WINDOWS\System32\Wbem;C:\WINDOWS\System32\WindowsPowerShell\v1.0\;C:\Program Files (x86)\ATI Technologies\ATI.ACE\Core-Static;C:\Program Files\Intel\Intel(R) Management Engine Components\DAL;C:\Program Files\Intel\Intel(R) Management Engine Components\IPT;C:\Program Files (x86)\Intel\Intel(R) Management Engine Components\DAL;C:\Program Files (x86)\Intel\Intel(R) Management Engine Components\IPT;C:\Program Files\Sony\VAIO Improvement\;C:\Program Files (x86)\Sony\VAIO Startup Setting Tool;C:\Program Files (x86)\Windows Kits\8.1\Windows Performance Toolkit\;C:\Program Files\Microsoft SQL Server\110\Tools\Binn\;C:\Program Files (x86)\Microsoft SDKs\TypeScript\1.0\;C:\Program Files\Microsoft\Web Platform Installer\;C:\Program Files (x86)\Java\jre1.8.0_25\bin;P:\Programs\Python27\Scripts;P:\Programs\Python27;C:\Program Files\Common Files\Autodesk Shared\;P:\Program Files\Programs;P:\Program Files\Games;P:\Programs\Eclipse;
USERNAME=Benoît
OS=Windows_NT
PROCESSOR_IDENTIFIER=Intel64 Family 6 Model 58 Stepping 9, GenuineIntel



---------------  S Y S T E M  ---------------

OS: Windows 8.1 , 64 bit Build 9600 

CPU:total 8 (4 cores per cpu, 2 threads per core) family 6 model 58 stepping 9, cmov, cx8, fxsr, mmx, sse, sse2, sse3, ssse3, sse4.1, sse4.2, popcnt, avx, aes, clmul, erms, ht, tsc, tscinvbit, tscinv

Memory: 4k page, physical 6237468k(1526576k free), swap 10431772k(4356468k free)

vm_info: Java HotSpot(TM) 64-Bit Server VM (25.25-b02) for windows-amd64 JRE (1.8.0_25-b18), built on Oct  7 2014 14:25:37 by "java_re" with MS VC++ 10.0 (VS2010)

time: Fri Apr 24 16:38:08 2015
elapsed time: 10 seconds (0d 0h 0m 10s)

