#
# A fatal error has been detected by the Java Runtime Environment:
#
#  EXCEPTION_ACCESS_VIOLATION (0xc0000005) at pc=0x00007ff964334110, pid=6636, tid=3740
#
# JRE version: Java(TM) SE Runtime Environment (8.0_31-b13) (build 1.8.0_31-b13)
# Java VM: Java HotSpot(TM) 64-Bit Server VM (25.31-b07 mixed mode windows-amd64 compressed oops)
# Problematic frame:
# C  [KinectPV2.dll+0x4110]
#
# Failed to write core dump. Minidumps are not enabled by default on client versions of Windows
#
# If you would like to submit a bug report, please visit:
#   http://bugreport.java.com/bugreport/crash.jsp
# The crash happened outside the Java Virtual Machine in native code.
# See problematic frame for where to report the bug.
#

---------------  T H R E A D  ---------------

Current thread (0x000000001ee9b800):  JavaThread "Animation Thread" [_thread_in_native, id=3740, stack(0x0000000021ec0000,0x0000000021fc0000)]

siginfo: ExceptionCode=0xc0000005, reading address 0xffffffffffffffff

Registers:
RAX=0x0000000000000001, RBX=0x000000003468a040, RCX=0x001a646909000009, RDX=0x0000000000000000
RSP=0x0000000021fbe9e0, RBP=0x0000000000000006, RSI=0x0000000000000000, RDI=0x0000000024fc4348
R8 =0x0000000021fbe6a8, R9 =0x0000000000008000, R10=0x0000000000000000, R11=0x0000000021fbe8e0
R12=0x0000000000000000, R13=0x0000000025bbe9e0, R14=0x0000000000000000, R15=0x000000001ee9b800
RIP=0x00007ff964334110, EFLAGS=0x0000000000010206

Top of Stack: (sp=0x0000000021fbe9e0)
0x0000000021fbe9e0:   0000000024fc4318 00000000253b1dc8
0x0000000021fbe9f0:   0000000024fc4318 0000000000000000
0x0000000021fbea00:   0000000021fbead0 00007ff964331fba
0x0000000021fbea10:   0000000021fbead0 0000000021fbeab0
0x0000000021fbea20:   000000001ee9b9e8 000000001ee5bb10
0x0000000021fbea30:   00000006cac0fb98 00000000023a5534
0x0000000021fbea40:   0000000025bbe9e0 0000000000000029
0x0000000021fbea50:   0000000000000029 000000001ee9b800
0x0000000021fbea60:   0000000021fbeb28 00000000023a5262
0x0000000021fbea70:   0000000021fbea70 0000000025bbe9e0
0x0000000021fbea80:   0000000021fbead0 0000000025bc0028
0x0000000021fbea90:   0000000000000000 0000000025bbe9e0
0x0000000021fbeaa0:   0000000000000000 0000000021fbead0
0x0000000021fbeab0:   0000000021fbeb18 0000000002397a2d
0x0000000021fbeac0:   0000000000000000 000000000239f6b8
0x0000000021fbead0:   00000006ca27fdb8 0000000021fbead8 

Instructions: (pc=0x00007ff964334110)
0x00007ff9643340f0:   89 77 d0 48 8b 0f 48 85 c9 74 09 48 8b 01 ff 50
0x00007ff964334100:   10 4c 89 37 48 8b 8f 90 00 00 00 48 85 c9 74 0d
0x00007ff964334110:   48 8b 01 ff 50 10 4c 89 b7 90 00 00 00 48 8b 4f
0x00007ff964334120:   30 48 85 c9 74 0a 48 8b 01 ff 50 10 4c 89 77 30 


Register to memory mapping:

RAX=0x0000000000000001 is an unknown value
RBX=0x000000003468a040 is an unknown value
RCX=0x001a646909000009 is an unknown value
RDX=0x0000000000000000 is an unknown value
RSP=0x0000000021fbe9e0 is pointing into the stack for thread: 0x000000001ee9b800
RBP=0x0000000000000006 is an unknown value
RSI=0x0000000000000000 is an unknown value
RDI=0x0000000024fc4348 is an unknown value
R8 =0x0000000021fbe6a8 is pointing into the stack for thread: 0x000000001ee9b800
R9 =0x0000000000008000 is an unknown value
R10=0x0000000000000000 is an unknown value
R11=0x0000000021fbe8e0 is pointing into the stack for thread: 0x000000001ee9b800
R12=0x0000000000000000 is an unknown value
R13={method} {0x0000000025bbe9e8} 'jniStopDevice' '()V' in 'KinectPV2/Device'
R14=0x0000000000000000 is an unknown value
R15=0x000000001ee9b800 is a thread


Stack: [0x0000000021ec0000,0x0000000021fc0000],  sp=0x0000000021fbe9e0,  free space=1018k
Native frames: (J=compiled Java code, j=interpreted, Vv=VM code, C=native code)
C  [KinectPV2.dll+0x4110]
C  [KinectPV2.dll+0x1fba]
C  0x00000000023a5534

Java frames: (J=compiled Java code, j=interpreted, Vv=VM code)
j  KinectPV2.Device.jniStopDevice()V+0
j  KinectPV2.Device.stopDevice()V+41
j  KinectPV2.KinectPV2.dispose()V+14
v  ~StubRoutines::call_stub
j  sun.reflect.NativeMethodAccessorImpl.invoke0(Ljava/lang/reflect/Method;Ljava/lang/Object;[Ljava/lang/Object;)Ljava/lang/Object;+0
j  sun.reflect.NativeMethodAccessorImpl.invoke(Ljava/lang/Object;[Ljava/lang/Object;)Ljava/lang/Object;+100
J 1960 C1 sun.reflect.DelegatingMethodAccessorImpl.invoke(Ljava/lang/Object;[Ljava/lang/Object;)Ljava/lang/Object; (10 bytes) @ 0x0000000002aa5fcc [0x0000000002aa5ec0+0x10c]
J 1959 C1 java.lang.reflect.Method.invoke(Ljava/lang/Object;[Ljava/lang/Object;)Ljava/lang/Object; (62 bytes) @ 0x0000000002aa59ec [0x0000000002aa5600+0x3ec]
j  processing.core.PApplet$RegisteredMethods.handle([Ljava/lang/Object;)V+18
J 1644 C1 processing.core.PApplet.handleMethods(Ljava/lang/String;)V (21 bytes) @ 0x00000000029a021c [0x000000000299ff60+0x2bc]
j  processing.core.PApplet.dispose()V+35
j  processing.core.PApplet.run()V+283
j  java.lang.Thread.run()V+11
v  ~StubRoutines::call_stub

---------------  P R O C E S S  ---------------

Java Threads: ( => current thread )
  0x000000001f0ee800 JavaThread "Thread-4" [_thread_in_native, id=4392, stack(0x0000000034ed0000,0x0000000034fd0000)]
  0x000000001f324800 JavaThread "Animation Thread-SharedResourceRunner" daemon [_thread_blocked, id=7068, stack(0x0000000024730000,0x0000000024830000)]
  0x0000000002292800 JavaThread "DestroyJavaVM" [_thread_blocked, id=4016, stack(0x00000000020e0000,0x00000000021e0000)]
  0x000000001eec7000 JavaThread "D3D Screen Updater" daemon [_thread_blocked, id=6088, stack(0x00000000221c0000,0x00000000222c0000)]
=>0x000000001ee9b800 JavaThread "Animation Thread" [_thread_in_native, id=3740, stack(0x0000000021ec0000,0x0000000021fc0000)]
  0x000000001ee14000 JavaThread "AWT-EventQueue-0" [_thread_blocked, id=3856, stack(0x0000000021cc0000,0x0000000021dc0000)]
  0x000000001e1be800 JavaThread "AWT-Windows" daemon [_thread_in_native, id=4000, stack(0x000000001f6d0000,0x000000001f7d0000)]
  0x000000001e1bd800 JavaThread "AWT-Shutdown" [_thread_blocked, id=6328, stack(0x000000001f5d0000,0x000000001f6d0000)]
  0x000000001edd0800 JavaThread "Java2D Disposer" daemon [_thread_blocked, id=5520, stack(0x000000001f4d0000,0x000000001f5d0000)]
  0x000000001de79800 JavaThread "Service Thread" daemon [_thread_blocked, id=3204, stack(0x000000001e7c0000,0x000000001e8c0000)]
  0x000000001ddfb800 JavaThread "C1 CompilerThread3" daemon [_thread_blocked, id=6848, stack(0x000000001e6c0000,0x000000001e7c0000)]
  0x000000001ddf6800 JavaThread "C2 CompilerThread2" daemon [_thread_blocked, id=4716, stack(0x000000001e5c0000,0x000000001e6c0000)]
  0x000000001ddeb000 JavaThread "C2 CompilerThread1" daemon [_thread_blocked, id=660, stack(0x000000001e4c0000,0x000000001e5c0000)]
  0x000000001dde6800 JavaThread "C2 CompilerThread0" daemon [_thread_blocked, id=928, stack(0x000000001e3c0000,0x000000001e4c0000)]
  0x000000001dde5800 JavaThread "Attach Listener" daemon [_thread_blocked, id=6708, stack(0x000000001e2c0000,0x000000001e3c0000)]
  0x000000001dde4000 JavaThread "Signal Dispatcher" daemon [_thread_blocked, id=3788, stack(0x000000001e1c0000,0x000000001e2c0000)]
  0x0000000002388800 JavaThread "Finalizer" daemon [_thread_blocked, id=816, stack(0x000000001dcc0000,0x000000001ddc0000)]
  0x0000000002380800 JavaThread "Reference Handler" daemon [_thread_blocked, id=4064, stack(0x000000001dbc0000,0x000000001dcc0000)]

Other Threads:
  0x000000001bdc9000 VMThread [stack: 0x000000001dac0000,0x000000001dbc0000] [id=4592]
  0x000000001de7b800 WatcherThread [stack: 0x000000001e8c0000,0x000000001e9c0000] [id=2244]

VM state:not at safepoint (normal execution)

VM Mutex/Monitor currently owned by a thread: None

Heap:
 PSYoungGen      total 1097728K, used 1045846K [0x000000076b300000, 0x00000007ae900000, 0x00000007c0000000)
  eden space 1091584K, 95% used [0x000000076b300000,0x00000007aafc7af8,0x00000007add00000)
  from space 6144K, 9% used [0x00000007ae300000,0x00000007ae38e070,0x00000007ae900000)
  to   space 6144K, 0% used [0x00000007add00000,0x00000007add00000,0x00000007ae300000)
 ParOldGen       total 307200K, used 162441K [0x00000006c1800000, 0x00000006d4400000, 0x000000076b300000)
  object space 307200K, 52% used [0x00000006c1800000,0x00000006cb6a25d8,0x00000006d4400000)
 Metaspace       used 18011K, capacity 18223K, committed 18560K, reserved 1067008K
  class space    used 1729K, capacity 1794K, committed 1920K, reserved 1048576K

Card table byte_map: [0x0000000011750000,0x0000000011f50000] byte_map_base: 0x000000000e144000

Marking Bits: (ParMarkBitMap*) 0x000000006a28d4f0
 Begin Bits: [0x0000000012ca0000, 0x0000000016c40000)
 End Bits:   [0x0000000016c40000, 0x000000001abe0000)

Polling page: 0x00000000020b0000

CodeCache: size=245760Kb used=8887Kb max_used=9032Kb free=236872Kb
 bounds [0x0000000002390000, 0x0000000002c70000, 0x0000000011390000]
 total_blobs=3238 nmethods=2368 adapters=785
 compilation: enabled

Compilation events (10 events):
Event: 68.262 Thread 0x000000001ddeb000 nmethod 2448 0x0000000002c5a810 code [0x0000000002c5adc0, 0x0000000002c5e358]
Event: 68.330 Thread 0x000000001ddf6800 nmethod 2447 0x0000000002c61590 code [0x0000000002c61ec0, 0x0000000002c67498]
Event: 69.252 Thread 0x000000001dde6800 2449       4       processing.core.PApplet::popMatrix (22 bytes)
Event: 69.253 Thread 0x000000001dde6800 nmethod 2449 0x0000000002526d10 code [0x0000000002526e60, 0x0000000002526f28]
Event: 69.387 Thread 0x000000001ddfb800 2450       3       zzavatar.ZZkinect::getSkeleton (35 bytes)
Event: 69.387 Thread 0x000000001ddfb800 nmethod 2450 0x000000000249ad90 code [0x000000000249af00, 0x000000000249b158]
Event: 69.551 Thread 0x000000001ddeb000 2451       4       java.lang.ThreadLocal::get (38 bytes)
Event: 69.553 Thread 0x000000001ddeb000 nmethod 2451 0x00000000024b2c10 code [0x00000000024b2d80, 0x00000000024b2f18]
Event: 74.953 Thread 0x000000001ddf6800 2452       4       processing.core.PApplet::translate (28 bytes)
Event: 74.955 Thread 0x000000001ddf6800 nmethod 2452 0x00000000024a0110 code [0x00000000024a02a0, 0x00000000024a0648]

GC Heap History (10 events):
Event: 68.972 GC heap before
{Heap before GC invocations=49 (full 1):
 PSYoungGen      total 1082880K, used 1073280K [0x000000076b300000, 0x00000007ae180000, 0x00000007c0000000)
  eden space 1073152K, 100% used [0x000000076b300000,0x00000007acb00000,0x00000007acb00000)
  from space 9728K, 1% used [0x00000007acb00000,0x00000007acb20000,0x00000007ad480000)
  to   space 9216K, 0% used [0x00000007ad880000,0x00000007ad880000,0x00000007ae180000)
 ParOldGen       total 307200K, used 162425K [0x00000006c1800000, 0x00000006d4400000, 0x000000076b300000)
  object space 307200K, 52% used [0x00000006c1800000,0x00000006cb69e5d8,0x00000006d4400000)
 Metaspace       used 17976K, capacity 18223K, committed 18560K, reserved 1067008K
  class space    used 1718K, capacity 1794K, committed 1920K, reserved 1048576K
Event: 68.974 GC heap after
Heap after GC invocations=49 (full 1):
 PSYoungGen      total 1086976K, used 488K [0x000000076b300000, 0x00000007ae080000, 0x00000007c0000000)
  eden space 1078784K, 0% used [0x000000076b300000,0x000000076b300000,0x00000007ad080000)
  from space 8192K, 5% used [0x00000007ad880000,0x00000007ad8fa060,0x00000007ae080000)
  to   space 8192K, 0% used [0x00000007ad080000,0x00000007ad080000,0x00000007ad880000)
 ParOldGen       total 307200K, used 162425K [0x00000006c1800000, 0x00000006d4400000, 0x000000076b300000)
  object space 307200K, 52% used [0x00000006c1800000,0x00000006cb69e5d8,0x00000006d4400000)
 Metaspace       used 17976K, capacity 18223K, committed 18560K, reserved 1067008K
  class space    used 1718K, capacity 1794K, committed 1920K, reserved 1048576K
}
Event: 70.677 GC heap before
{Heap before GC invocations=50 (full 1):
 PSYoungGen      total 1086976K, used 1072780K [0x000000076b300000, 0x00000007ae080000, 0x00000007c0000000)
  eden space 1078784K, 99% used [0x000000076b300000,0x00000007aca29230,0x00000007ad080000)
  from space 8192K, 5% used [0x00000007ad880000,0x00000007ad8fa060,0x00000007ae080000)
  to   space 8192K, 0% used [0x00000007ad080000,0x00000007ad080000,0x00000007ad880000)
 ParOldGen       total 307200K, used 162425K [0x00000006c1800000, 0x00000006d4400000, 0x000000076b300000)
  object space 307200K, 52% used [0x00000006c1800000,0x00000006cb69e5d8,0x00000006d4400000)
 Metaspace       used 17976K, capacity 18223K, committed 18560K, reserved 1067008K
  class space    used 1718K, capacity 1794K, committed 1920K, reserved 1048576K
Event: 70.678 GC heap after
Heap after GC invocations=50 (full 1):
 PSYoungGen      total 1086976K, used 584K [0x000000076b300000, 0x00000007ae500000, 0x00000007c0000000)
  eden space 1078784K, 0% used [0x000000076b300000,0x000000076b300000,0x00000007ad080000)
  from space 8192K, 7% used [0x00000007ad080000,0x00000007ad112060,0x00000007ad880000)
  to   space 7680K, 0% used [0x00000007add80000,0x00000007add80000,0x00000007ae500000)
 ParOldGen       total 307200K, used 162425K [0x00000006c1800000, 0x00000006d4400000, 0x000000076b300000)
  object space 307200K, 52% used [0x00000006c1800000,0x00000006cb69e5d8,0x00000006d4400000)
 Metaspace       used 17976K, capacity 18223K, committed 18560K, reserved 1067008K
  class space    used 1718K, capacity 1794K, committed 1920K, reserved 1048576K
}
Event: 72.377 GC heap before
{Heap before GC invocations=51 (full 1):
 PSYoungGen      total 1086976K, used 1073012K [0x000000076b300000, 0x00000007ae500000, 0x00000007c0000000)
  eden space 1078784K, 99% used [0x000000076b300000,0x00000007aca4afb8,0x00000007ad080000)
  from space 8192K, 7% used [0x00000007ad080000,0x00000007ad112060,0x00000007ad880000)
  to   space 7680K, 0% used [0x00000007add80000,0x00000007add80000,0x00000007ae500000)
 ParOldGen       total 307200K, used 162425K [0x00000006c1800000, 0x00000006d4400000, 0x000000076b300000)
  object space 307200K, 52% used [0x00000006c1800000,0x00000006cb69e5d8,0x00000006d4400000)
 Metaspace       used 17976K, capacity 18223K, committed 18560K, reserved 1067008K
  class space    used 1718K, capacity 1794K, committed 1920K, reserved 1048576K
Event: 72.379 GC heap after
Heap after GC invocations=51 (full 1):
 PSYoungGen      total 1092096K, used 536K [0x000000076b300000, 0x00000007ae480000, 0x00000007c0000000)
  eden space 1084928K, 0% used [0x000000076b300000,0x000000076b300000,0x00000007ad680000)
  from space 7168K, 7% used [0x00000007add80000,0x00000007ade06070,0x00000007ae480000)
  to   space 7168K, 0% used [0x00000007ad680000,0x00000007ad680000,0x00000007add80000)
 ParOldGen       total 307200K, used 162425K [0x00000006c1800000, 0x00000006d4400000, 0x000000076b300000)
  object space 307200K, 52% used [0x00000006c1800000,0x00000006cb69e5d8,0x00000006d4400000)
 Metaspace       used 17976K, capacity 18223K, committed 18560K, reserved 1067008K
  class space    used 1718K, capacity 1794K, committed 1920K, reserved 1048576K
}
Event: 74.044 GC heap before
{Heap before GC invocations=52 (full 1):
 PSYoungGen      total 1092096K, used 1078971K [0x000000076b300000, 0x00000007ae480000, 0x00000007c0000000)
  eden space 1084928K, 99% used [0x000000076b300000,0x00000007ad028e20,0x00000007ad680000)
  from space 7168K, 7% used [0x00000007add80000,0x00000007ade06070,0x00000007ae480000)
  to   space 7168K, 0% used [0x00000007ad680000,0x00000007ad680000,0x00000007add80000)
 ParOldGen       total 307200K, used 162425K [0x00000006c1800000, 0x00000006d4400000, 0x000000076b300000)
  object space 307200K, 52% used [0x00000006c1800000,0x00000006cb69e5d8,0x00000006d4400000)
 Metaspace       used 17976K, capacity 18223K, committed 18560K, reserved 1067008K
  class space    used 1718K, capacity 1794K, committed 1920K, reserved 1048576K
Event: 74.045 GC heap after
Heap after GC invocations=52 (full 1):
 PSYoungGen      total 1092096K, used 552K [0x000000076b300000, 0x00000007ae980000, 0x00000007c0000000)
  eden space 1084928K, 0% used [0x000000076b300000,0x000000076b300000,0x00000007ad680000)
  from space 7168K, 7% used [0x00000007ad680000,0x00000007ad70a060,0x00000007add80000)
  to   space 6656K, 0% used [0x00000007ae300000,0x00000007ae300000,0x00000007ae980000)
 ParOldGen       total 307200K, used 162433K [0x00000006c1800000, 0x00000006d4400000, 0x000000076b300000)
  object space 307200K, 52% used [0x00000006c1800000,0x00000006cb6a05d8,0x00000006d4400000)
 Metaspace       used 17976K, capacity 18223K, committed 18560K, reserved 1067008K
  class space    used 1718K, capacity 1794K, committed 1920K, reserved 1048576K
}
Event: 75.711 GC heap before
{Heap before GC invocations=53 (full 1):
 PSYoungGen      total 1092096K, used 1085480K [0x000000076b300000, 0x00000007ae980000, 0x00000007c0000000)
  eden space 1084928K, 100% used [0x000000076b300000,0x00000007ad680000,0x00000007ad680000)
  from space 7168K, 7% used [0x00000007ad680000,0x00000007ad70a060,0x00000007add80000)
  to   space 6656K, 0% used [0x00000007ae300000,0x00000007ae300000,0x00000007ae980000)
 ParOldGen       total 307200K, used 162433K [0x00000006c1800000, 0x00000006d4400000, 0x000000076b300000)
  object space 307200K, 52% used [0x00000006c1800000,0x00000006cb6a05d8,0x00000006d4400000)
 Metaspace       used 17976K, capacity 18223K, committed 18560K, reserved 1067008K
  class space    used 1718K, capacity 1794K, committed 1920K, reserved 1048576K
Event: 75.713 GC heap after
Heap after GC invocations=53 (full 1):
 PSYoungGen      total 1097728K, used 568K [0x000000076b300000, 0x00000007ae900000, 0x00000007c0000000)
  eden space 1091584K, 0% used [0x000000076b300000,0x000000076b300000,0x00000007add00000)
  from space 6144K, 9% used [0x00000007ae300000,0x00000007ae38e070,0x00000007ae900000)
  to   space 6144K, 0% used [0x00000007add00000,0x00000007add00000,0x00000007ae300000)
 ParOldGen       total 307200K, used 162441K [0x00000006c1800000, 0x00000006d4400000, 0x000000076b300000)
  object space 307200K, 52% used [0x00000006c1800000,0x00000006cb6a25d8,0x00000006d4400000)
 Metaspace       used 17976K, capacity 18223K, committed 18560K, reserved 1067008K
  class space    used 1718K, capacity 1794K, committed 1920K, reserved 1048576K
}

Deoptimization events (10 events):
Event: 2.349 Thread 0x000000001ee14000 Uncommon trap: reason=array_check action=maybe_recompile pc=0x000000000277816c method=java.util.AbstractCollection.toArray([Ljava/lang/Object;)[Ljava/lang/Object; @ 119
Event: 2.349 Thread 0x000000001ee14000 Uncommon trap: reason=array_check action=maybe_recompile pc=0x000000000277816c method=java.util.AbstractCollection.toArray([Ljava/lang/Object;)[Ljava/lang/Object; @ 119
Event: 2.388 Thread 0x000000001ee66800 Uncommon trap: reason=range_check action=make_not_entrant pc=0x000000000272e15c method=java.awt.image.DirectColorModel.setFields()V @ 65
Event: 2.945 Thread 0x000000001ee14000 Uncommon trap: reason=predicate action=maybe_recompile pc=0x000000000278f9c8 method=java.util.ArrayList.indexOf(Ljava/lang/Object;)I @ 44
Event: 3.322 Thread 0x000000001ee14000 Uncommon trap: reason=unreached action=reinterpret pc=0x0000000002798778 method=processing.opengl.PGraphicsOpenGL$InGeometry.addVertex(FFFIFFFFFIFIIIFIZ)I @ 218
Event: 3.551 Thread 0x000000001ee14000 Uncommon trap: reason=unreached action=reinterpret pc=0x00000000026582b0 method=java.lang.reflect.AccessibleObject.setAccessible0(Ljava/lang/reflect/AccessibleObject;Z)V @ 4
Event: 77.318 Thread 0x000000001ee14000 Uncommon trap: reason=unreached action=reinterpret pc=0x0000000002c3f954 method=sun.awt.PostEventQueue.flush()V @ 37
Event: 77.318 Thread 0x000000001ee14000 Uncommon trap: reason=unreached action=reinterpret pc=0x00000000025281a0 method=java.awt.EventQueue.getNextEventPrivate()Ljava/awt/AWTEvent; @ 45
Event: 77.318 Thread 0x000000001ee14000 Uncommon trap: reason=unreached action=reinterpret pc=0x0000000002525858 method=java.security.AccessControlContext.combine([Ljava/security/ProtectionDomain;[Ljava/security/ProtectionDomain;)[Ljava/security/ProtectionDomain; @ 45
Event: 77.320 Thread 0x000000001ee14000 Uncommon trap: reason=unreached action=reinterpret pc=0x00000000024c1368 method=java.security.AccessControlContext.combine([Ljava/security/ProtectionDomain;[Ljava/security/ProtectionDomain;)[Ljava/security/ProtectionDomain; @ 45

Internal exceptions (10 events):
Event: 3.092 Thread 0x000000001ee14000 Exception <a 'java/security/PrivilegedActionException'> (0x0000000772c25908) thrown at [C:\workspace\8-2-build-windows-amd64-cygwin\jdk8u31\2394\hotspot\src\share\vm\prims\jvm.cpp, line 1312]
Event: 3.092 Thread 0x000000001ee14000 Exception <a 'java/security/PrivilegedActionException'> (0x0000000772c29ff0) thrown at [C:\workspace\8-2-build-windows-amd64-cygwin\jdk8u31\2394\hotspot\src\share\vm\prims\jvm.cpp, line 1312]
Event: 3.093 Thread 0x000000001ee14000 Exception <a 'java/security/PrivilegedActionException'> (0x0000000772c2de48) thrown at [C:\workspace\8-2-build-windows-amd64-cygwin\jdk8u31\2394\hotspot\src\share\vm\prims\jvm.cpp, line 1312]
Event: 3.093 Thread 0x000000001ee14000 Exception <a 'java/security/PrivilegedActionException'> (0x0000000772c32938) thrown at [C:\workspace\8-2-build-windows-amd64-cygwin\jdk8u31\2394\hotspot\src\share\vm\prims\jvm.cpp, line 1312]
Event: 3.093 Thread 0x000000001ee14000 Exception <a 'java/security/PrivilegedActionException'> (0x0000000772c36360) thrown at [C:\workspace\8-2-build-windows-amd64-cygwin\jdk8u31\2394\hotspot\src\share\vm\prims\jvm.cpp, line 1312]
Event: 3.094 Thread 0x000000001ee14000 Exception <a 'java/security/PrivilegedActionException'> (0x0000000772c3a598) thrown at [C:\workspace\8-2-build-windows-amd64-cygwin\jdk8u31\2394\hotspot\src\share\vm\prims\jvm.cpp, line 1312]
Event: 3.094 Thread 0x000000001ee14000 Exception <a 'java/security/PrivilegedActionException'> (0x0000000772c40798) thrown at [C:\workspace\8-2-build-windows-amd64-cygwin\jdk8u31\2394\hotspot\src\share\vm\prims\jvm.cpp, line 1312]
Event: 3.107 Thread 0x000000001ee14000 Exception <a 'java/security/PrivilegedActionException'> (0x0000000772d1a2c8) thrown at [C:\workspace\8-2-build-windows-amd64-cygwin\jdk8u31\2394\hotspot\src\share\vm\prims\jvm.cpp, line 1312]
Event: 77.318 Thread 0x000000001ee14000 Implicit null exception at 0x0000000002524e18 to 0x0000000002525821
Event: 77.320 Thread 0x000000001ee14000 Implicit null exception at 0x00000000024c0f1f to 0x00000000024c1341

Events (10 events):
Event: 77.320 loading class javax/swing/KeyboardManager done
Event: 77.320 loading class javax/swing/Popup$HeavyWeightWindow
Event: 77.320 loading class sun/awt/ModalExclude
Event: 77.320 loading class sun/awt/ModalExclude done
Event: 77.320 loading class javax/swing/JWindow
Event: 77.320 loading class javax/swing/JWindow done
Event: 77.320 loading class javax/swing/Popup$HeavyWeightWindow done
Event: 77.320 Thread 0x000000001ee14000 Uncommon trap: trap_request=0xffffffad fr.pc=0x00000000024c1368
Event: 77.320 Thread 0x000000001ee14000 DEOPT PACKING pc=0x00000000024c1368 sp=0x0000000021dbe5a0
Event: 77.320 Thread 0x000000001ee14000 DEOPT UNPACKING pc=0x00000000023d556a sp=0x0000000021dbe558 mode 2


Dynamic libraries:
0x00007ff7c70d0000 - 0x00007ff7c7104000 	C:\Program Files\Java\jre1.8.0_31\bin\javaw.exe
0x00007ff96b710000 - 0x00007ff96b8bc000 	C:\Windows\SYSTEM32\ntdll.dll
0x00007ff9693f0000 - 0x00007ff96952e000 	C:\Windows\system32\KERNEL32.DLL
0x00007ff968b60000 - 0x00007ff968c75000 	C:\Windows\system32\KERNELBASE.dll
0x00007ff967400000 - 0x00007ff96748e000 	C:\Windows\system32\apphelp.dll
0x00007ff962080000 - 0x00007ff9620d3000 	C:\Windows\AppPatch\AppPatch64\AcGenral.DLL
0x00007ff969060000 - 0x00007ff96910a000 	C:\Windows\system32\msvcrt.dll
0x00007ff968690000 - 0x00007ff9686be000 	C:\Windows\SYSTEM32\SspiCli.dll
0x00007ff96b640000 - 0x00007ff96b694000 	C:\Windows\system32\SHLWAPI.dll
0x00007ff969110000 - 0x00007ff969287000 	C:\Windows\system32\USER32.dll
0x00007ff96acf0000 - 0x00007ff96ae84000 	C:\Windows\system32\ole32.dll
0x00007ff969530000 - 0x00007ff96aa48000 	C:\Windows\system32\SHELL32.dll
0x00007ff967df0000 - 0x00007ff967e11000 	C:\Windows\SYSTEM32\USERENV.dll
0x00007ff96b210000 - 0x00007ff96b2ba000 	C:\Windows\system32\ADVAPI32.dll
0x00007ff9609a0000 - 0x00007ff9609be000 	C:\Windows\SYSTEM32\MPR.dll
0x00007ff969290000 - 0x00007ff9693d1000 	C:\Windows\system32\RPCRT4.dll
0x00007ff96b420000 - 0x00007ff96b479000 	C:\Windows\SYSTEM32\sechost.dll
0x00007ff96aff0000 - 0x00007ff96b201000 	C:\Windows\SYSTEM32\combase.dll
0x00007ff96ae90000 - 0x00007ff96afe1000 	C:\Windows\system32\GDI32.dll
0x00007ff968860000 - 0x00007ff968875000 	C:\Windows\SYSTEM32\profapi.dll
0x00007ff966db0000 - 0x00007ff966e62000 	C:\Windows\SYSTEM32\SHCORE.dll
0x00007ff968d90000 - 0x00007ff968dc6000 	C:\Windows\system32\IMM32.DLL
0x00007ff96b2c0000 - 0x00007ff96b412000 	C:\Windows\system32\MSCTF.dll
0x00007ff9662f0000 - 0x00007ff96656b000 	C:\Windows\WinSxS\amd64_microsoft.windows.common-controls_6595b64144ccf1df_6.0.9600.17415_none_6240486fecbd8abb\COMCTL32.dll
0x000000006ae40000 - 0x000000006af12000 	C:\Program Files\Java\jre1.8.0_31\bin\msvcr100.dll
0x0000000069ab0000 - 0x000000006a30a000 	C:\Program Files\Java\jre1.8.0_31\bin\server\jvm.dll
0x00007ff966a30000 - 0x00007ff966a39000 	C:\Windows\SYSTEM32\WSOCK32.dll
0x00007ff962a70000 - 0x00007ff962a92000 	C:\Windows\SYSTEM32\WINMM.dll
0x00007ff969050000 - 0x00007ff969057000 	C:\Windows\system32\PSAPI.DLL
0x00007ff96b6a0000 - 0x00007ff96b6fa000 	C:\Windows\system32\WS2_32.dll
0x00007ff95fb30000 - 0x00007ff95fb5a000 	C:\Windows\SYSTEM32\WINMMBASE.dll
0x00007ff96b5a0000 - 0x00007ff96b5a9000 	C:\Windows\system32\NSI.dll
0x00007ff968930000 - 0x00007ff96897f000 	C:\Windows\SYSTEM32\cfgmgr32.dll
0x00007ff967680000 - 0x00007ff9676a8000 	C:\Windows\SYSTEM32\DEVOBJ.dll
0x0000000069aa0000 - 0x0000000069aaf000 	C:\Program Files\Java\jre1.8.0_31\bin\verify.dll
0x0000000069a70000 - 0x0000000069a98000 	C:\Program Files\Java\jre1.8.0_31\bin\java.dll
0x0000000069a50000 - 0x0000000069a66000 	C:\Program Files\Java\jre1.8.0_31\bin\zip.dll
0x000000006aca0000 - 0x000000006ae38000 	C:\Program Files\Java\jre1.8.0_31\bin\awt.dll
0x00007ff968dd0000 - 0x00007ff968e91000 	C:\Windows\system32\OLEAUT32.dll
0x00007ff966bb0000 - 0x00007ff966bd1000 	C:\Windows\system32\DWMAPI.DLL
0x00007ff9674d0000 - 0x00007ff9675f9000 	C:\Windows\system32\uxtheme.dll
0x00007ff967650000 - 0x00007ff96765b000 	C:\Windows\SYSTEM32\kernel.appcore.dll
0x00007ff968730000 - 0x00007ff96873b000 	C:\Windows\SYSTEM32\CRYPTBASE.dll
0x00007ff9686c0000 - 0x00007ff968723000 	C:\Windows\SYSTEM32\bcryptPrimitives.dll
0x00007ff95dc40000 - 0x00007ff95de61000 	C:\Windows\system32\d3d9.dll
0x00007ff965f40000 - 0x00007ff965f4a000 	C:\Windows\SYSTEM32\VERSION.dll
0x00007ff965fb0000 - 0x00007ff9660f4000 	C:\Windows\SYSTEM32\aticfx64.dll
0x00007ff95ff30000 - 0x00007ff95ff50000 	C:\Windows\SYSTEM32\atiu9p64.dll
0x00007ff948af0000 - 0x00007ff949251000 	C:\Windows\SYSTEM32\atiumd64.dll
0x000000006afd0000 - 0x000000006b85d000 	C:\Windows\SYSTEM32\atiumd6a.dll
0x000000006ac50000 - 0x000000006ac97000 	C:\Program Files\Java\jre1.8.0_31\bin\fontmanager.dll
0x00007ff968230000 - 0x00007ff968250000 	C:\Windows\SYSTEM32\CRYPTSP.dll
0x00007ff967c40000 - 0x00007ff967c76000 	C:\Windows\system32\rsaenh.dll
0x00007ff968380000 - 0x00007ff9683a6000 	C:\Windows\SYSTEM32\bcrypt.dll
0x0000000069a30000 - 0x0000000069a4a000 	C:\Program Files\Java\jre1.8.0_31\bin\net.dll
0x00007ff9681d0000 - 0x00007ff968229000 	C:\Windows\system32\mswsock.dll
0x00007ff963a70000 - 0x00007ff963a9a000 	C:\Windows\SYSTEM32\IPHLPAPI.DLL
0x00007ff963a60000 - 0x00007ff963a6a000 	C:\Windows\SYSTEM32\WINNSI.DLL
0x00007ff962db0000 - 0x00007ff962dc6000 	C:\Windows\SYSTEM32\dhcpcsvc6.DLL
0x00007ff963090000 - 0x00007ff9630aa000 	C:\Windows\SYSTEM32\dhcpcsvc.DLL
0x0000000069a10000 - 0x0000000069a21000 	C:\Program Files\Java\jre1.8.0_31\bin\nio.dll
0x00000000637c0000 - 0x00000000637cd000 	C:\Users\Admin\AppData\Local\Temp\jogamp_0000\file_cache\jln6839393748499918444\jln2060157773908602016\gluegen-rt.dll
0x000000006ac40000 - 0x000000006ac47000 	C:\Program Files\Java\jre1.8.0_31\bin\jawt.dll
0x000000006a440000 - 0x000000006a44d000 	C:\Users\Admin\AppData\Local\Temp\jogamp_0000\file_cache\jln6839393748499918444\jln2060157773908602016\nativewindow_awt.dll
0x000000006c100000 - 0x000000006c10f000 	C:\Users\Admin\AppData\Local\Temp\jogamp_0000\file_cache\jln6839393748499918444\jln2060157773908602016\nativewindow_win32.dll
0x00007ff953960000 - 0x00007ff953a8b000 	C:\Windows\SYSTEM32\OpenGL32.dll
0x00007ff965770000 - 0x00007ff96579e000 	C:\Windows\SYSTEM32\GLU32.dll
0x00007ff947720000 - 0x00007ff947818000 	C:\Windows\SYSTEM32\DDRAW.dll
0x00007ff963790000 - 0x00007ff963799000 	C:\Windows\SYSTEM32\DCIMAN32.dll
0x0000000064500000 - 0x00000000645a2000 	C:\Users\Admin\AppData\Local\Temp\jogamp_0000\file_cache\jln6839393748499918444\jln2060157773908602016\jogl_desktop.dll
0x00007ff965720000 - 0x00007ff965738000 	C:\Windows\SYSTEM32\atig6pxx.dll
0x0000000068030000 - 0x00000000699d1000 	C:\Windows\SYSTEM32\atio6axx.dll
0x00007ff96ab10000 - 0x00007ff96acea000 	C:\Windows\system32\SETUPAPI.dll
0x00007ff963f20000 - 0x00007ff964048000 	C:\Windows\SYSTEM32\atiadlxx.dll
0x00007ff9650a0000 - 0x00007ff96521f000 	C:\Windows\SYSTEM32\PROPSYS.dll
0x00007ff9673e0000 - 0x00007ff9673f2000 	C:\Windows\SYSTEM32\WTSAPI32.dll
0x00007ff968c80000 - 0x00007ff968cd1000 	C:\Windows\system32\WINTRUST.dll
0x00007ff968980000 - 0x00007ff968b5f000 	C:\Windows\system32\CRYPT32.dll
0x00007ff968910000 - 0x00007ff968921000 	C:\Windows\system32\MSASN1.dll
0x00007ff963810000 - 0x00007ff96382e000 	C:\Windows\SYSTEM32\atig6txx.dll
0x00007ff948460000 - 0x00007ff9485fc000 	C:\Users\Admin\Documents\GitHub\ZZ1-Project\src\Eclipse\ZZavatar\lib\user\KinectPV2\Kinect20.Face.dll
0x00007ff962190000 - 0x00007ff962237000 	C:\Windows\SYSTEM32\MSVCP110.dll
0x00007ff961f70000 - 0x00007ff962044000 	C:\Windows\SYSTEM32\MSVCR110.dll
0x00007ff964330000 - 0x00007ff964340000 	C:\Users\Admin\Documents\GitHub\ZZ1-Project\src\Eclipse\ZZavatar\lib\user\KinectPV2\KinectPV2.dll
0x00007ff959630000 - 0x00007ff9596ea000 	C:\Windows\SYSTEM32\Kinect20.dll
0x00007ff95c6a0000 - 0x00007ff95c78b000 	C:\Windows\SYSTEM32\MFPlat.DLL
0x00007ff965630000 - 0x00007ff965657000 	C:\Windows\SYSTEM32\RTWorkQ.DLL
0x00007ff966840000 - 0x00007ff96684c000 	C:\Windows\SYSTEM32\AVRT.dll
0x00007ff965aa0000 - 0x00007ff965c2a000 	C:\Windows\SYSTEM32\dbghelp.dll

VM Arguments:
jvm_args: -Djava.library.path=C:\Users\Admin\Documents\GitHub\ZZ1-Project\src\Eclipse\ZZavatar\lib\base\video;C:\Users\Admin\Documents\GitHub\ZZ1-Project\src\Eclipse\ZZavatar\lib\base\video;C:\Users\Admin\Documents\GitHub\ZZ1-Project\src\Eclipse\ZZavatar\lib\base\video;C:\Users\Admin\Documents\GitHub\ZZ1-Project\src\Eclipse\ZZavatar\lib\base\core;C:\Users\Admin\Documents\GitHub\ZZ1-Project\src\Eclipse\ZZavatar\lib\base\core;C:\Users\Admin\Documents\GitHub\ZZ1-Project\src\Eclipse\ZZavatar\lib\base\core;C:\Users\Admin\Documents\GitHub\ZZ1-Project\src\Eclipse\ZZavatar\lib\base\core;C:\Users\Admin\Documents\GitHub\ZZ1-Project\src\Eclipse\ZZavatar\lib\base\core;C:\Users\Admin\Documents\GitHub\ZZ1-Project\src\Eclipse\ZZavatar\lib\base\core;C:\Users\Admin\Documents\GitHub\ZZ1-Project\src\Eclipse\ZZavatar\lib\base\core;C:\Users\Admin\Documents\GitHub\ZZ1-Project\src\Eclipse\ZZavatar\lib\base\core;C:\Users\Admin\Documents\GitHub\ZZ1-Project\src\Eclipse\ZZavatar\lib\base\core;C:\Users\Admin\Documents\GitHub\ZZ1-Project\src\Eclipse\ZZavatar\lib\base\core;C:\Users\Admin\Documents\GitHub\ZZ1-Project\src\Eclipse\ZZavatar\lib\base\core;C:\Users\Admin\Documents\GitHub\ZZ1-Project\src\Eclipse\ZZavatar\lib\base\core;C:\Users\Admin\Documents\GitHub\ZZ1-Project\src\Eclipse\ZZavatar\lib\base\core;C:\Users\Admin\Documents\GitHub\ZZ1-Project\src\Eclipse\ZZavatar\lib\base\core;C:\Users\Admin\Documents\GitHub\ZZ1-Project\src\Eclipse\ZZavatar\lib\base\core;C:\Users\Admin\Documents\GitHub\ZZ1-Project\src\Eclipse\ZZavatar\lib\user\Kinect4WinSDK;C:\Users\Admin\Documents\GitHub\ZZ1-Project\src\Eclipse\ZZavatar\lib\user\KinectPV2;C:\Users\Admin\Documents\GitHub\ZZ1-Project\src\Eclipse\ZZavatar\lib\user\SimpleOpenNI -Dfile.encoding=Cp1252 
java_command: zzavatar.ZZavatar
java_class_path (initial): C:\Users\Admin\Documents\GitHub\ZZ1-Project\src\Eclipse\ZZavatar\lib\base\video\gstreamer-java.jar;C:\Users\Admin\Documents\GitHub\ZZ1-Project\src\Eclipse\ZZavatar\lib\base\video\jna.jar;C:\Users\Admin\Documents\GitHub\ZZ1-Project\src\Eclipse\ZZavatar\lib\base\video\video.jar;C:\Users\Admin\Documents\GitHub\ZZ1-Project\src\Eclipse\ZZavatar\lib\base\core\core.jar;C:\Users\Admin\Documents\GitHub\ZZ1-Project\src\Eclipse\ZZavatar\lib\base\core\gluegen-rt-natives-linux-amd64.jar;C:\Users\Admin\Documents\GitHub\ZZ1-Project\src\Eclipse\ZZavatar\lib\base\core\gluegen-rt-natives-linux-armv6hf.jar;C:\Users\Admin\Documents\GitHub\ZZ1-Project\src\Eclipse\ZZavatar\lib\base\core\gluegen-rt-natives-linux-i586.jar;C:\Users\Admin\Documents\GitHub\ZZ1-Project\src\Eclipse\ZZavatar\lib\base\core\gluegen-rt-natives-macosx-universal.jar;C:\Users\Admin\Documents\GitHub\ZZ1-Project\src\Eclipse\ZZavatar\lib\base\core\gluegen-rt-natives-windows-amd64.jar;C:\Users\Admin\Documents\GitHub\ZZ1-Project\src\Eclipse\ZZavatar\lib\base\core\gluegen-rt-natives-windows-i586.jar;C:\Users\Admin\Documents\GitHub\ZZ1-Project\src\Eclipse\ZZavatar\lib\base\core\gluegen-rt.jar;C:\Users\Admin\Documents\GitHub\ZZ1-Project\src\Eclipse\ZZavatar\lib\base\core\jogl-all-natives-linux-amd64.jar;C:\Users\Admin\Documents\GitHub\ZZ1-Project\src\Eclipse\ZZavatar\lib\base\core\jogl-all-natives-linux-armv6hf.jar;C:\Users\Admin\Documents\GitHub\ZZ1-Project\src\Eclipse\ZZavatar\lib\base\core\jogl-all-natives-linux-i586.jar;C:\Users\Admin\Documents\GitHub\ZZ1-Project\src\Eclipse\ZZavatar\lib\base\core\jogl-all-natives-macosx-universal.jar;C:\Users\Admin\Documents\GitHub\ZZ1-Project\src\Eclipse\ZZavatar\lib\base\core\jogl-all-natives-windows-amd64.jar;C:\Users\Admin\Documents\GitHub\ZZ1-Project\src\Eclipse\ZZavatar\lib\base\core\jogl-all-natives-windows-i586.jar;C:\Users\Admin\Documents\GitHub\ZZ1-Project\src\Eclipse\ZZavatar\lib\base\core\jogl-all.jar;C:\Users\Admin\Documents\GitHub\ZZ1-Project\sr
Launcher Type: SUN_STANDARD

Environment Variables:
PATH=C:/Program Files/Java/jre1.8.0_31/bin/server;C:/Program Files/Java/jre1.8.0_31/bin;C:/Program Files/Java/jre1.8.0_31/lib/amd64;C:\Program Files (x86)\NVIDIA Corporation\PhysX\Common;C:\ProgramData\Oracle\Java\javapath;C:\Windows\system32;C:\Windows;C:\Windows\System32\Wbem;C:\Windows\System32\WindowsPowerShell\v1.0\;C:\Program Files (x86)\ATI Technologies\ATI.ACE\Core-Static;C:\Program Files (x86)\Windows Kits\8.1\Windows Performance Toolkit\;C:\Program Files\Microsoft SQL Server\120\Tools\Binn\;C:\Program Files (x86)\Microsoft SDKs\TypeScript\1.1\;C:\Program Files (x86)\nodejs\;C:\Users\Admin\AppData\Roaming\npm;C:\Program Files\eclipse;
USERNAME=Admin
OS=Windows_NT
PROCESSOR_IDENTIFIER=AMD64 Family 21 Model 2 Stepping 0, AuthenticAMD



---------------  S Y S T E M  ---------------

OS: Windows 8.1 , 64 bit Build 9600 

CPU:total 8 (8 cores per cpu, 1 threads per core) family 21 model 2 stepping 0, cmov, cx8, fxsr, mmx, sse, sse2, sse3, ssse3, sse4.1, sse4.2, popcnt, avx, aes, clmul, mmxext, 3dnowpref, lzcnt, sse4a, tsc, tscinvbit, tscinv, bmi1

Memory: 4k page, physical 16674296k(11419024k free), swap 19164664k(12346560k free)

vm_info: Java HotSpot(TM) 64-Bit Server VM (25.31-b07) for windows-amd64 JRE (1.8.0_31-b13), built on Dec 17 2014 21:00:28 by "java_re" with MS VC++ 10.0 (VS2010)

time: Sun May 10 15:28:35 2015
elapsed time: 77 seconds (0d 0h 1m 17s)

