#
# A fatal error has been detected by the Java Runtime Environment:
#
#  EXCEPTION_ACCESS_VIOLATION (0xc0000005) at pc=0x0000000075f8c220, pid=8772, tid=960
#
# JRE version: Java(TM) SE Runtime Environment (8.0_25-b18) (build 1.8.0_25-b18)
# Java VM: Java HotSpot(TM) 64-Bit Server VM (25.25-b02 mixed mode windows-amd64 compressed oops)
# Problematic frame:
# C  [msvcr100.dll+0x3c220]
#
# Failed to write core dump. Minidumps are not enabled by default on client versions of Windows
#
# If you would like to submit a bug report, please visit:
#   http://bugreport.sun.com/bugreport/crash.jsp
#

---------------  T H R E A D  ---------------

Current thread (0x000000001d752800):  JavaThread "Thread-4" [_thread_in_vm, id=960, stack(0x000000002e230000,0x000000002e330000)]

siginfo: ExceptionCode=0xc0000005, reading address 0x00000000007e8ff8

Registers:
RAX=0x0000000000000040, RBX=0x000000001d752800, RCX=0x00000000efef9690, RDX=0xffffffff108ef970
RSP=0x000000002e32f238, RBP=0x000000001d6ebbc8, RSI=0x0000000000000000, RDI=0x00000000007e9000
R8 =0x00000000007e9000, R9 =0x000000000003f480, R10=0x000000000000000c, R11=0x00000000ef710690
R12=0x0000000000000001, R13=0x000000002e32f3b0, R14=0x000000002e32f310, R15=0x000000001d6ebbc0
RIP=0x0000000075f8c220, EFLAGS=0x0000000000010206

Top of Stack: (sp=0x000000002e32f238)
0x000000002e32f238:   0000000076c2c312 000000001d7529e8
0x000000002e32f248:   0000000076c1123d 00000000001fa400
0x000000002e32f258:   000000001d752800 000000001f9ead40
0x000000002e32f268:   0000000000000000 000000001d752800
0x000000002e32f278:   0000000000000000 000000002e32f3b0
0x000000002e32f288:   0000000000000000 000000001d6ebbc8
0x000000002e32f298:   00007ff9802816f8 0000000000000000
0x000000002e32f2a8:   000000001f9ead40 000000001d7529e8
0x000000002e32f2b8:   000000001f762c78 0000000000000000
0x000000002e32f2c8:   0000000000000000 000000001d752800
0x000000002e32f2d8:   0000000000000000 0000000000000000
0x000000002e32f2e8:   00000000027d73b9 000000001f724780
0x000000002e32f2f8:   000000001f762c78 000000002e32f350
0x000000002e32f308:   00000000a3863b70 00000000a3863b70
0x000000002e32f318:   00000000a3863b70 000000002e32f390
0x000000002e32f328:   00000000027d87fb 000000001f724780 

Instructions: (pc=0x0000000075f8c220)
0x0000000075f8c200:   48 81 e9 80 00 00 00 0f 18 04 0a 0f 18 44 0a 40
0x0000000075f8c210:   ff c8 75 ec 48 81 c1 00 10 00 00 b8 40 00 00 00
0x0000000075f8c220:   4c 8b 4c 0a f8 4c 8b 54 0a f0 4c 0f c3 49 f8 4c
0x0000000075f8c230:   0f c3 51 f0 4c 8b 4c 0a e8 4c 8b 54 0a e0 4c 0f 


Register to memory mapping:

RAX=0x0000000000000040 is an unknown value
RBX=0x000000001d752800 is a thread
RCX=0x00000000efef9690 is an oop

[error occurred during error reporting (printing register info), id 0xc0000005]

Stack: [0x000000002e230000,0x000000002e330000],  sp=0x000000002e32f238,  free space=1020k
Native frames: (J=compiled Java code, j=interpreted, Vv=VM code, C=native code)
C  [msvcr100.dll+0x3c220]
V  [jvm.dll+0x14c312]
C  [KinectPV2.dll+0x16f8]
C  0x00000000027d73b9

Java frames: (J=compiled Java code, j=interpreted, Vv=VM code)
J 1041  KinectPV2.Device.jniUpdate()Z (0 bytes) @ 0x00000000027d733b [0x00000000027d7300+0x3b]
J 1040 C1 KinectPV2.Device.updateDevice()Z (7 bytes) @ 0x00000000027d7ebc [0x00000000027d7e40+0x7c]
j  KinectPV2.Device.run()V+4
j  java.lang.Thread.run()V+11
v  ~StubRoutines::call_stub

---------------  P R O C E S S  ---------------

Java Threads: ( => current thread )
=>0x000000001d752800 JavaThread "Thread-4" [_thread_in_vm, id=960, stack(0x000000002e230000,0x000000002e330000)]
  0x0000000019876000 JavaThread "Animation Thread-SharedResourceRunner" daemon [_thread_blocked, id=8348, stack(0x000000001e760000,0x000000001e860000)]
  0x00000000022be800 JavaThread "DestroyJavaVM" [_thread_blocked, id=2088, stack(0x0000000002120000,0x0000000002220000)]
  0x0000000019462000 JavaThread "D3D Screen Updater" daemon [_thread_blocked, id=4768, stack(0x000000001c790000,0x000000001c890000)]
  0x0000000019461000 JavaThread "Animation Thread" [_thread_in_native, id=8332, stack(0x000000001c490000,0x000000001c590000)]
  0x00000000193b2800 JavaThread "AWT-EventQueue-0" [_thread_blocked, id=5320, stack(0x000000001c290000,0x000000001c390000)]
  0x0000000019379000 JavaThread "AWT-Windows" daemon [_thread_in_native, id=8552, stack(0x0000000019c80000,0x0000000019d80000)]
  0x0000000019378000 JavaThread "AWT-Shutdown" [_thread_blocked, id=7668, stack(0x0000000019b80000,0x0000000019c80000)]
  0x0000000018426800 JavaThread "Java2D Disposer" daemon [_thread_blocked, id=6088, stack(0x0000000019a80000,0x0000000019b80000)]
  0x0000000018181000 JavaThread "Service Thread" daemon [_thread_blocked, id=8276, stack(0x0000000018ad0000,0x0000000018bd0000)]
  0x0000000018109800 JavaThread "C1 CompilerThread3" daemon [_thread_blocked, id=5896, stack(0x00000000189d0000,0x0000000018ad0000)]
  0x0000000018102000 JavaThread "C2 CompilerThread2" daemon [_thread_blocked, id=3004, stack(0x00000000188d0000,0x00000000189d0000)]
  0x00000000180fe800 JavaThread "C2 CompilerThread1" daemon [_thread_blocked, id=1368, stack(0x00000000187d0000,0x00000000188d0000)]
  0x00000000180fc800 JavaThread "C2 CompilerThread0" daemon [_thread_blocked, id=3512, stack(0x00000000186d0000,0x00000000187d0000)]
  0x00000000180f7000 JavaThread "Attach Listener" daemon [_thread_blocked, id=8640, stack(0x00000000185d0000,0x00000000186d0000)]
  0x00000000180f6000 JavaThread "Signal Dispatcher" daemon [_thread_blocked, id=2752, stack(0x00000000184d0000,0x00000000185d0000)]
  0x00000000023ba000 JavaThread "Finalizer" daemon [_thread_blocked, id=7584, stack(0x0000000017fd0000,0x00000000180d0000)]
  0x000000001610c800 JavaThread "Reference Handler" daemon [_thread_blocked, id=4400, stack(0x0000000017ed0000,0x0000000017fd0000)]

Other Threads:
  0x0000000016108800 VMThread [stack: 0x0000000017dd0000,0x0000000017ed0000] [id=8960]
  0x0000000018183000 WatcherThread [stack: 0x0000000018bd0000,0x0000000018cd0000] [id=2000]

VM state:not at safepoint (normal execution)

VM Mutex/Monitor currently owned by a thread: None

Heap:
 PSYoungGen      total 384512K, used 257221K [0x00000000e0400000, 0x00000000fa500000, 0x0000000100000000)
  eden space 350208K, 73% used [0x00000000e0400000,0x00000000efef9690,0x00000000f5a00000)
  from space 34304K, 0% used [0x00000000f5a00000,0x00000000f5a38000,0x00000000f7b80000)
  to   space 34304K, 0% used [0x00000000f8380000,0x00000000f8380000,0x00000000fa500000)
 ParOldGen       total 226304K, used 154976K [0x00000000a0c00000, 0x00000000ae900000, 0x00000000e0400000)
  object space 226304K, 68% used [0x00000000a0c00000,0x00000000aa3583f0,0x00000000ae900000)
 Metaspace       used 17795K, capacity 18021K, committed 18304K, reserved 1064960K
  class space    used 1732K, capacity 1793K, committed 1920K, reserved 1048576K

Card table byte_map: [0x0000000011780000,0x0000000011a80000] byte_map_base: 0x000000001127a000

Marking Bits: (ParMarkBitMap*) 0x00000000772bd490
 Begin Bits: [0x0000000012480000, 0x0000000013c50000)
 End Bits:   [0x0000000013c50000, 0x0000000015420000)

Polling page: 0x00000000009d0000

CodeCache: size=245760Kb used=7828Kb max_used=7828Kb free=237931Kb
 bounds [0x00000000023c0000, 0x0000000002b70000, 0x00000000113c0000]
 total_blobs=2925 nmethods=2054 adapters=785
 compilation: enabled

Compilation events (10 events):
Event: 11.308 Thread 0x0000000018109800 2058       3       zzavatar.ZZavatar::draw (211 bytes)
Event: 11.313 Thread 0x0000000018109800 nmethod 2058 0x0000000002b65750 code [0x0000000002b65c80, 0x0000000002b68f78]
Event: 11.365 Thread 0x0000000018109800 2059       3       sun.java2d.SunGraphics2D::invalidatePipe (41 bytes)
Event: 11.366 Thread 0x0000000018109800 nmethod 2059 0x0000000002b6a510 code [0x0000000002b6a660, 0x0000000002b6a830]
Event: 11.435 Thread 0x0000000018109800 2060       3       sun.java2d.SurfaceData::pixelFor (13 bytes)
Event: 11.435 Thread 0x0000000018109800 nmethod 2060 0x0000000002b6a890 code [0x0000000002b6aa00, 0x0000000002b6ad08]
Event: 11.441 Thread 0x0000000018109800 2061       1       jogamp.common.util.locks.RecursiveLockImpl01Unfairish$SingleThreadSync::incrHoldCount (11 bytes)
Event: 11.442 Thread 0x0000000018109800 nmethod 2061 0x0000000002b6ae50 code [0x0000000002b6afa0, 0x0000000002b6b0b0]
Event: 11.472 Thread 0x0000000018109800 2062       1       jogamp.common.util.locks.RecursiveLockImpl01Unfairish$SingleThreadSync::decrHoldCount (11 bytes)
Event: 11.472 Thread 0x0000000018109800 nmethod 2062 0x0000000002b6b110 code [0x0000000002b6b260, 0x0000000002b6b370]

GC Heap History (10 events):
Event: 8.947 GC heap before
{Heap before GC invocations=26 (full 3):
 PSYoungGen      total 367104K, used 338388K [0x00000000e0400000, 0x00000000f9580000, 0x0000000100000000)
  eden space 329216K, 100% used [0x00000000e0400000,0x00000000f4580000,0x00000000f4580000)
  from space 37888K, 24% used [0x00000000f7080000,0x00000000f7975020,0x00000000f9580000)
  to   space 40960K, 0% used [0x00000000f4580000,0x00000000f4580000,0x00000000f6d80000)
 ParOldGen       total 226304K, used 145932K [0x00000000a0c00000, 0x00000000ae900000, 0x00000000e0400000)
  object space 226304K, 64% used [0x00000000a0c00000,0x00000000a9a833d0,0x00000000ae900000)
 Metaspace       used 17637K, capacity 17893K, committed 18048K, reserved 1064960K
  class space    used 1721K, capacity 1793K, committed 1920K, reserved 1048576K
Event: 8.953 GC heap after
Heap after GC invocations=26 (full 3):
 PSYoungGen      total 370176K, used 9076K [0x00000000e0400000, 0x00000000f9f00000, 0x0000000100000000)
  eden space 329216K, 0% used [0x00000000e0400000,0x00000000e0400000,0x00000000f4580000)
  from space 40960K, 22% used [0x00000000f4580000,0x00000000f4e5d020,0x00000000f6d80000)
  to   space 38912K, 0% used [0x00000000f7900000,0x00000000f7900000,0x00000000f9f00000)
 ParOldGen       total 226304K, used 145932K [0x00000000a0c00000, 0x00000000ae900000, 0x00000000e0400000)
  object space 226304K, 64% used [0x00000000a0c00000,0x00000000a9a833d0,0x00000000ae900000)
 Metaspace       used 17637K, capacity 17893K, committed 18048K, reserved 1064960K
  class space    used 1721K, capacity 1793K, committed 1920K, reserved 1048576K
}
Event: 9.480 GC heap before
{Heap before GC invocations=27 (full 3):
 PSYoungGen      total 370176K, used 338292K [0x00000000e0400000, 0x00000000f9f00000, 0x0000000100000000)
  eden space 329216K, 100% used [0x00000000e0400000,0x00000000f4580000,0x00000000f4580000)
  from space 40960K, 22% used [0x00000000f4580000,0x00000000f4e5d020,0x00000000f6d80000)
  to   space 38912K, 0% used [0x00000000f7900000,0x00000000f7900000,0x00000000f9f00000)
 ParOldGen       total 226304K, used 145932K [0x00000000a0c00000, 0x00000000ae900000, 0x00000000e0400000)
  object space 226304K, 64% used [0x00000000a0c00000,0x00000000a9a833d0,0x00000000ae900000)
 Metaspace       used 17726K, capacity 17957K, committed 18304K, reserved 1064960K
  class space    used 1721K, capacity 1793K, committed 1920K, reserved 1048576K
Event: 9.485 GC heap after
Heap after GC invocations=27 (full 3):
 PSYoungGen      total 376832K, used 9140K [0x00000000e0400000, 0x00000000f9b00000, 0x0000000100000000)
  eden space 342016K, 0% used [0x00000000e0400000,0x00000000e0400000,0x00000000f5200000)
  from space 34816K, 26% used [0x00000000f7900000,0x00000000f81ed020,0x00000000f9b00000)
  to   space 37376K, 0% used [0x00000000f5200000,0x00000000f5200000,0x00000000f7680000)
 ParOldGen       total 226304K, used 145940K [0x00000000a0c00000, 0x00000000ae900000, 0x00000000e0400000)
  object space 226304K, 64% used [0x00000000a0c00000,0x00000000a9a853d0,0x00000000ae900000)
 Metaspace       used 17726K, capacity 17957K, committed 18304K, reserved 1064960K
  class space    used 1721K, capacity 1793K, committed 1920K, reserved 1048576K
}
Event: 10.012 GC heap before
{Heap before GC invocations=28 (full 3):
 PSYoungGen      total 376832K, used 351156K [0x00000000e0400000, 0x00000000f9b00000, 0x0000000100000000)
  eden space 342016K, 100% used [0x00000000e0400000,0x00000000f5200000,0x00000000f5200000)
  from space 34816K, 26% used [0x00000000f7900000,0x00000000f81ed020,0x00000000f9b00000)
  to   space 37376K, 0% used [0x00000000f5200000,0x00000000f5200000,0x00000000f7680000)
 ParOldGen       total 226304K, used 145940K [0x00000000a0c00000, 0x00000000ae900000, 0x00000000e0400000)
  object space 226304K, 64% used [0x00000000a0c00000,0x00000000a9a853d0,0x00000000ae900000)
 Metaspace       used 17732K, capacity 17957K, committed 18304K, reserved 1064960K
  class space    used 1721K, capacity 1793K, committed 1920K, reserved 1048576K
Event: 10.015 GC heap after
Heap after GC invocations=28 (full 3):
 PSYoungGen      total 379392K, used 9172K [0x00000000e0400000, 0x00000000fa100000, 0x0000000100000000)
  eden space 342016K, 0% used [0x00000000e0400000,0x00000000e0400000,0x00000000f5200000)
  from space 37376K, 24% used [0x00000000f5200000,0x00000000f5af5020,0x00000000f7680000)
  to   space 35840K, 0% used [0x00000000f7e00000,0x00000000f7e00000,0x00000000fa100000)
 ParOldGen       total 226304K, used 145940K [0x00000000a0c00000, 0x00000000ae900000, 0x00000000e0400000)
  object space 226304K, 64% used [0x00000000a0c00000,0x00000000a9a853d0,0x00000000ae900000)
 Metaspace       used 17732K, capacity 17957K, committed 18304K, reserved 1064960K
  class space    used 1721K, capacity 1793K, committed 1920K, reserved 1048576K
}
Event: 10.559 GC heap before
{Heap before GC invocations=29 (full 3):
 PSYoungGen      total 379392K, used 351188K [0x00000000e0400000, 0x00000000fa100000, 0x0000000100000000)
  eden space 342016K, 100% used [0x00000000e0400000,0x00000000f5200000,0x00000000f5200000)
  from space 37376K, 24% used [0x00000000f5200000,0x00000000f5af5020,0x00000000f7680000)
  to   space 35840K, 0% used [0x00000000f7e00000,0x00000000f7e00000,0x00000000fa100000)
 ParOldGen       total 226304K, used 145940K [0x00000000a0c00000, 0x00000000ae900000, 0x00000000e0400000)
  object space 226304K, 64% used [0x00000000a0c00000,0x00000000a9a853d0,0x00000000ae900000)
 Metaspace       used 17735K, capacity 17957K, committed 18304K, reserved 1064960K
  class space    used 1721K, capacity 1793K, committed 1920K, reserved 1048576K
Event: 10.563 GC heap after
Heap after GC invocations=29 (full 3):
 PSYoungGen      total 381952K, used 9108K [0x00000000e0400000, 0x00000000f9d00000, 0x0000000100000000)
  eden space 350208K, 0% used [0x00000000e0400000,0x00000000e0400000,0x00000000f5a00000)
  from space 31744K, 28% used [0x00000000f7e00000,0x00000000f86e5020,0x00000000f9d00000)
  to   space 34304K, 0% used [0x00000000f5a00000,0x00000000f5a00000,0x00000000f7b80000)
 ParOldGen       total 226304K, used 145988K [0x00000000a0c00000, 0x00000000ae900000, 0x00000000e0400000)
  object space 226304K, 64% used [0x00000000a0c00000,0x00000000a9a913d0,0x00000000ae900000)
 Metaspace       used 17735K, capacity 17957K, committed 18304K, reserved 1064960K
  class space    used 1721K, capacity 1793K, committed 1920K, reserved 1048576K
}
Event: 11.093 GC heap before
{Heap before GC invocations=30 (full 3):
 PSYoungGen      total 381952K, used 356658K [0x00000000e0400000, 0x00000000f9d00000, 0x0000000100000000)
  eden space 350208K, 99% used [0x00000000e0400000,0x00000000f5767a28,0x00000000f5a00000)
  from space 31744K, 28% used [0x00000000f7e00000,0x00000000f86e5020,0x00000000f9d00000)
  to   space 34304K, 0% used [0x00000000f5a00000,0x00000000f5a00000,0x00000000f7b80000)
 ParOldGen       total 226304K, used 145988K [0x00000000a0c00000, 0x00000000ae900000, 0x00000000e0400000)
  object space 226304K, 64% used [0x00000000a0c00000,0x00000000a9a913d0,0x00000000ae900000)
 Metaspace       used 17738K, capacity 17957K, committed 18304K, reserved 1064960K
  class space    used 1721K, capacity 1793K, committed 1920K, reserved 1048576K
Event: 11.097 GC heap after
Heap after GC invocations=30 (full 3):
 PSYoungGen      total 384512K, used 224K [0x00000000e0400000, 0x00000000fa500000, 0x0000000100000000)
  eden space 350208K, 0% used [0x00000000e0400000,0x00000000e0400000,0x00000000f5a00000)
  from space 34304K, 0% used [0x00000000f5a00000,0x00000000f5a38000,0x00000000f7b80000)
  to   space 34304K, 0% used [0x00000000f8380000,0x00000000f8380000,0x00000000fa500000)
 ParOldGen       total 226304K, used 154976K [0x00000000a0c00000, 0x00000000ae900000, 0x00000000e0400000)
  object space 226304K, 68% used [0x00000000a0c00000,0x00000000aa3583f0,0x00000000ae900000)
 Metaspace       used 17738K, capacity 17957K, committed 18304K, reserved 1064960K
  class space    used 1721K, capacity 1793K, committed 1920K, reserved 1048576K
}

Deoptimization events (10 events):
Event: 2.698 Thread 0x00000000193b2800 Uncommon trap: reason=class_check action=maybe_recompile pc=0x00000000026d01c0 method=com.jogamp.common.nio.Buffers.isDirect(Ljava/lang/Object;)Z @ 13
Event: 2.698 Thread 0x00000000193b2800 Uncommon trap: reason=class_check action=maybe_recompile pc=0x00000000026cd4c4 method=com.jogamp.common.nio.Buffers.getDirectBufferByteOffset(Ljava/lang/Object;)I @ 7
Event: 2.699 Thread 0x00000000193b2800 Uncommon trap: reason=class_check action=maybe_recompile pc=0x00000000026d01c0 method=com.jogamp.common.nio.Buffers.isDirect(Ljava/lang/Object;)Z @ 13
Event: 2.699 Thread 0x00000000193b2800 Uncommon trap: reason=class_check action=maybe_recompile pc=0x00000000026cd4c4 method=com.jogamp.common.nio.Buffers.getDirectBufferByteOffset(Ljava/lang/Object;)I @ 7
Event: 2.699 Thread 0x00000000193b2800 Uncommon trap: reason=predicate action=maybe_recompile pc=0x00000000027c2904 method=java.util.ArrayList.indexOf(Ljava/lang/Object;)I @ 44
Event: 2.723 Thread 0x00000000193b2800 Uncommon trap: reason=class_check action=maybe_recompile pc=0x00000000026d01c0 method=com.jogamp.common.nio.Buffers.isDirect(Ljava/lang/Object;)Z @ 13
Event: 2.723 Thread 0x00000000193b2800 Uncommon trap: reason=class_check action=maybe_recompile pc=0x00000000026cd4c4 method=com.jogamp.common.nio.Buffers.getDirectBufferByteOffset(Ljava/lang/Object;)I @ 7
Event: 3.250 Thread 0x00000000193b2800 Uncommon trap: reason=unreached action=reinterpret pc=0x00000000027c9740 method=processing.opengl.PGraphicsOpenGL$InGeometry.addVertex(FFFIFFFFFIFIIIFIZ)I @ 218
Event: 3.873 Thread 0x00000000193b2800 Uncommon trap: reason=unreached action=reinterpret pc=0x000000000267efb0 method=java.lang.reflect.AccessibleObject.setAccessible0(Ljava/lang/reflect/AccessibleObject;Z)V @ 4
Event: 11.490 Thread 0x0000000019461000 Uncommon trap: reason=unreached action=reinterpret pc=0x0000000002ae7bac method=java.util.HashMap.keySet()Ljava/util/Set; @ 6

Internal exceptions (10 events):
Event: 3.070 Thread 0x00000000193b2800 Exception <a 'java/security/PrivilegedActionException'> (0x00000000e3af42c8) thrown at [D:\re\workspace\8-2-build-windows-amd64-cygwin\jdk8u25\1677\hotspot\src\share\vm\prims\jvm.cpp, line 1312]
Event: 3.070 Thread 0x00000000193b2800 Exception <a 'java/security/PrivilegedActionException'> (0x00000000e3af86d0) thrown at [D:\re\workspace\8-2-build-windows-amd64-cygwin\jdk8u25\1677\hotspot\src\share\vm\prims\jvm.cpp, line 1312]
Event: 3.070 Thread 0x00000000193b2800 Exception <a 'java/security/PrivilegedActionException'> (0x00000000e3afcab8) thrown at [D:\re\workspace\8-2-build-windows-amd64-cygwin\jdk8u25\1677\hotspot\src\share\vm\prims\jvm.cpp, line 1312]
Event: 3.071 Thread 0x00000000193b2800 Exception <a 'java/security/PrivilegedActionException'> (0x00000000e3b00610) thrown at [D:\re\workspace\8-2-build-windows-amd64-cygwin\jdk8u25\1677\hotspot\src\share\vm\prims\jvm.cpp, line 1312]
Event: 3.071 Thread 0x00000000193b2800 Exception <a 'java/security/PrivilegedActionException'> (0x00000000e3b04e10) thrown at [D:\re\workspace\8-2-build-windows-amd64-cygwin\jdk8u25\1677\hotspot\src\share\vm\prims\jvm.cpp, line 1312]
Event: 3.071 Thread 0x00000000193b2800 Exception <a 'java/security/PrivilegedActionException'> (0x00000000e3b08548) thrown at [D:\re\workspace\8-2-build-windows-amd64-cygwin\jdk8u25\1677\hotspot\src\share\vm\prims\jvm.cpp, line 1312]
Event: 3.072 Thread 0x00000000193b2800 Exception <a 'java/security/PrivilegedActionException'> (0x00000000e3b0c490) thrown at [D:\re\workspace\8-2-build-windows-amd64-cygwin\jdk8u25\1677\hotspot\src\share\vm\prims\jvm.cpp, line 1312]
Event: 3.073 Thread 0x00000000193b2800 Exception <a 'java/security/PrivilegedActionException'> (0x00000000e3b123a0) thrown at [D:\re\workspace\8-2-build-windows-amd64-cygwin\jdk8u25\1677\hotspot\src\share\vm\prims\jvm.cpp, line 1312]
Event: 3.089 Thread 0x00000000193b2800 Exception <a 'java/security/PrivilegedActionException'> (0x00000000e3d15578) thrown at [D:\re\workspace\8-2-build-windows-amd64-cygwin\jdk8u25\1677\hotspot\src\share\vm\prims\jvm.cpp, line 1312]
Event: 11.490 Thread 0x0000000019461000 Implicit null exception at 0x0000000002ae78e7 to 0x0000000002ae7b9d

Events (10 events):
Event: 11.440 loading class javax/swing/KeyboardManager done
Event: 11.440 loading class javax/swing/Popup$HeavyWeightWindow
Event: 11.440 loading class sun/awt/ModalExclude
Event: 11.440 loading class sun/awt/ModalExclude done
Event: 11.440 loading class javax/swing/JWindow
Event: 11.440 loading class javax/swing/JWindow done
Event: 11.440 loading class javax/swing/Popup$HeavyWeightWindow done
Event: 11.490 Thread 0x0000000019461000 Uncommon trap: trap_request=0xffffffad fr.pc=0x0000000002ae7bac
Event: 11.490 Thread 0x0000000019461000 DEOPT PACKING pc=0x0000000002ae7bac sp=0x000000001c58ee90
Event: 11.490 Thread 0x0000000019461000 DEOPT UNPACKING pc=0x000000000240556a sp=0x000000001c58ede8 mode 2


Dynamic libraries:
0x00007ff669010000 - 0x00007ff669044000 	C:\Program Files\Java\jre1.8.0_25\bin\javaw.exe
0x00007ff98c320000 - 0x00007ff98c4cc000 	C:\WINDOWS\SYSTEM32\ntdll.dll
0x00007ff989d20000 - 0x00007ff989e5e000 	C:\WINDOWS\system32\KERNEL32.DLL
0x00007ff9897d0000 - 0x00007ff9898e5000 	C:\WINDOWS\system32\KERNELBASE.dll
0x00007ff987ff0000 - 0x00007ff98807e000 	C:\WINDOWS\system32\apphelp.dll
0x00007ff973750000 - 0x00007ff9737a3000 	C:\WINDOWS\AppPatch\AppPatch64\AcGenral.DLL
0x00007ff98a220000 - 0x00007ff98a2ca000 	C:\WINDOWS\system32\msvcrt.dll
0x00007ff9892a0000 - 0x00007ff9892ce000 	C:\WINDOWS\SYSTEM32\SspiCli.dll
0x00007ff98b980000 - 0x00007ff98b9d4000 	C:\WINDOWS\system32\SHLWAPI.dll
0x00007ff989f00000 - 0x00007ff98a077000 	C:\WINDOWS\system32\USER32.dll
0x00007ff98bb50000 - 0x00007ff98bce4000 	C:\WINDOWS\system32\ole32.dll
0x00007ff98a390000 - 0x00007ff98b8a8000 	C:\WINDOWS\system32\SHELL32.dll
0x00007ff988a10000 - 0x00007ff988a31000 	C:\WINDOWS\SYSTEM32\USERENV.dll
0x00007ff989c10000 - 0x00007ff989cba000 	C:\WINDOWS\system32\ADVAPI32.dll
0x00007ff97c880000 - 0x00007ff97c89e000 	C:\WINDOWS\SYSTEM32\MPR.dll
0x00007ff98b9e0000 - 0x00007ff98bb21000 	C:\WINDOWS\system32\RPCRT4.dll
0x00007ff9899a0000 - 0x00007ff9899f9000 	C:\WINDOWS\SYSTEM32\sechost.dll
0x00007ff98bed0000 - 0x00007ff98c0e1000 	C:\WINDOWS\SYSTEM32\combase.dll
0x00007ff98a0c0000 - 0x00007ff98a211000 	C:\WINDOWS\system32\GDI32.dll
0x00007ff989470000 - 0x00007ff989485000 	C:\WINDOWS\SYSTEM32\profapi.dll
0x00007ff987810000 - 0x00007ff9878c2000 	C:\WINDOWS\SYSTEM32\SHCORE.dll
0x00007ff98a080000 - 0x00007ff98a0b6000 	C:\WINDOWS\system32\IMM32.DLL
0x00007ff98c1c0000 - 0x00007ff98c312000 	C:\WINDOWS\system32\MSCTF.dll
0x00007ff986b90000 - 0x00007ff986e0b000 	C:\WINDOWS\WinSxS\amd64_microsoft.windows.common-controls_6595b64144ccf1df_6.0.9600.17415_none_6240486fecbd8abb\COMCTL32.dll
0x0000000075f50000 - 0x0000000076022000 	C:\Program Files\Java\jre1.8.0_25\bin\msvcr100.dll
0x0000000076ae0000 - 0x000000007733a000 	C:\Program Files\Java\jre1.8.0_25\bin\server\jvm.dll
0x00007ff9707d0000 - 0x00007ff9707d9000 	C:\WINDOWS\SYSTEM32\WSOCK32.dll
0x00007ff97ca00000 - 0x00007ff97ca22000 	C:\WINDOWS\SYSTEM32\WINMM.dll
0x00007ff989e80000 - 0x00007ff989e87000 	C:\WINDOWS\system32\PSAPI.DLL
0x00007ff989a00000 - 0x00007ff989a5a000 	C:\WINDOWS\system32\WS2_32.dll
0x00007ff97c8d0000 - 0x00007ff97c8fa000 	C:\WINDOWS\SYSTEM32\WINMMBASE.dll
0x00007ff98bb30000 - 0x00007ff98bb39000 	C:\WINDOWS\system32\NSI.dll
0x00007ff989950000 - 0x00007ff98999f000 	C:\WINDOWS\SYSTEM32\cfgmgr32.dll
0x00007ff988260000 - 0x00007ff988288000 	C:\WINDOWS\SYSTEM32\DEVOBJ.dll
0x0000000076ad0000 - 0x0000000076adf000 	C:\Program Files\Java\jre1.8.0_25\bin\verify.dll
0x0000000076aa0000 - 0x0000000076ac8000 	C:\Program Files\Java\jre1.8.0_25\bin\java.dll
0x0000000076a80000 - 0x0000000076a96000 	C:\Program Files\Java\jre1.8.0_25\bin\zip.dll
0x0000000075db0000 - 0x0000000075f48000 	C:\Program Files\Java\jre1.8.0_25\bin\awt.dll
0x00007ff98c0f0000 - 0x00007ff98c1b1000 	C:\WINDOWS\system32\OLEAUT32.dll
0x00007ff987610000 - 0x00007ff987631000 	C:\WINDOWS\system32\DWMAPI.DLL
0x00007ff988130000 - 0x00007ff988259000 	C:\WINDOWS\system32\uxtheme.dll
0x00007ff9882b0000 - 0x00007ff9882bb000 	C:\WINDOWS\SYSTEM32\kernel.appcore.dll
0x00007ff989340000 - 0x00007ff98934b000 	C:\WINDOWS\SYSTEM32\CRYPTBASE.dll
0x00007ff9892d0000 - 0x00007ff989333000 	C:\WINDOWS\SYSTEM32\bcryptPrimitives.dll
0x00007ff97e8c0000 - 0x00007ff97eae1000 	C:\WINDOWS\system32\d3d9.dll
0x00007ff987180000 - 0x00007ff98718a000 	C:\WINDOWS\SYSTEM32\VERSION.dll
0x00007ff986970000 - 0x00007ff986abb000 	C:\WINDOWS\SYSTEM32\aticfx64.dll
0x00007ff965270000 - 0x00007ff965291000 	C:\WINDOWS\SYSTEM32\atiu9p64.dll
0x00007ff964a80000 - 0x00007ff965265000 	C:\WINDOWS\SYSTEM32\atiumd64.dll
0x0000000076110000 - 0x00000000768c7000 	C:\WINDOWS\SYSTEM32\atiumd6a.dll
0x00000000769f0000 - 0x0000000076a37000 	C:\Program Files\Java\jre1.8.0_25\bin\fontmanager.dll
0x00007ff988ce0000 - 0x00007ff988d00000 	C:\WINDOWS\SYSTEM32\CRYPTSP.dll
0x00007ff988900000 - 0x00007ff988936000 	C:\WINDOWS\system32\rsaenh.dll
0x00007ff988f90000 - 0x00007ff988fb6000 	C:\WINDOWS\SYSTEM32\bcrypt.dll
0x0000000076a60000 - 0x0000000076a7a000 	C:\Program Files\Java\jre1.8.0_25\bin\net.dll
0x00007ff988c80000 - 0x00007ff988cd9000 	C:\WINDOWS\system32\mswsock.dll
0x00007ff9860b0000 - 0x00007ff9860da000 	C:\WINDOWS\SYSTEM32\IPHLPAPI.DLL
0x00007ff986050000 - 0x00007ff98605a000 	C:\WINDOWS\SYSTEM32\WINNSI.DLL
0x00007ff9841e0000 - 0x00007ff9841f6000 	C:\WINDOWS\SYSTEM32\dhcpcsvc6.DLL
0x00007ff984380000 - 0x00007ff98439a000 	C:\WINDOWS\SYSTEM32\dhcpcsvc.DLL
0x0000000076a40000 - 0x0000000076a51000 	C:\Program Files\Java\jre1.8.0_25\bin\nio.dll
0x00000000637c0000 - 0x00000000637cd000 	S:\Users\Ben\AppData\Local\Temp\jogamp_0000\file_cache\jln2692667730961497399\jln8634418993706721105\gluegen-rt.dll
0x00000000769e0000 - 0x00000000769e7000 	C:\Program Files\Java\jre1.8.0_25\bin\jawt.dll
0x000000006a440000 - 0x000000006a44d000 	S:\Users\Ben\AppData\Local\Temp\jogamp_0000\file_cache\jln2692667730961497399\jln8634418993706721105\nativewindow_awt.dll
0x000000006c100000 - 0x000000006c10f000 	S:\Users\Ben\AppData\Local\Temp\jogamp_0000\file_cache\jln2692667730961497399\jln8634418993706721105\nativewindow_win32.dll
0x00007ff960620000 - 0x00007ff96074b000 	C:\WINDOWS\SYSTEM32\OpenGL32.dll
0x00007ff97d7c0000 - 0x00007ff97d7ee000 	C:\WINDOWS\SYSTEM32\GLU32.dll
0x00007ff966bf0000 - 0x00007ff966ce8000 	C:\WINDOWS\SYSTEM32\DDRAW.dll
0x00007ff980290000 - 0x00007ff980299000 	C:\WINDOWS\SYSTEM32\DCIMAN32.dll
0x0000000064500000 - 0x00000000645a2000 	S:\Users\Ben\AppData\Local\Temp\jogamp_0000\file_cache\jln2692667730961497399\jln8634418993706721105\jogl_desktop.dll
0x00007ff97d720000 - 0x00007ff97d738000 	C:\WINDOWS\SYSTEM32\atig6pxx.dll
0x0000000074200000 - 0x0000000075daf000 	C:\WINDOWS\SYSTEM32\atio6axx.dll
0x00007ff98bcf0000 - 0x00007ff98beca000 	C:\WINDOWS\system32\SETUPAPI.dll
0x00007ff986120000 - 0x00007ff986257000 	C:\WINDOWS\SYSTEM32\atiadlxx.dll
0x00007ff986710000 - 0x00007ff98688f000 	C:\WINDOWS\SYSTEM32\PROPSYS.dll
0x00007ff988080000 - 0x00007ff988092000 	C:\WINDOWS\SYSTEM32\WTSAPI32.dll
0x00007ff9898f0000 - 0x00007ff989941000 	C:\WINDOWS\system32\WINTRUST.dll
0x00007ff989540000 - 0x00007ff98971f000 	C:\WINDOWS\system32\CRYPT32.dll
0x00007ff989520000 - 0x00007ff989531000 	C:\WINDOWS\system32\MSASN1.dll
0x00007ff973720000 - 0x00007ff973749000 	C:\WINDOWS\SYSTEM32\atig6txx.dll
0x00007ff95c1a0000 - 0x00007ff95c33c000 	O:\OneDrive\Workspace\ZZavatar\lib\user\KinectPV2\Kinect20.Face.dll
0x00007ff97c900000 - 0x00007ff97c9a7000 	C:\WINDOWS\SYSTEM32\MSVCP110.dll
0x00007ff981bc0000 - 0x00007ff981c8e000 	C:\WINDOWS\SYSTEM32\MSVCR110.dll
0x00007ff980280000 - 0x00007ff980290000 	O:\OneDrive\Workspace\ZZavatar\lib\user\KinectPV2\KinectPV2.dll
0x00007ff960560000 - 0x00007ff96061a000 	C:\WINDOWS\SYSTEM32\Kinect20.dll
0x00007ff97ca30000 - 0x00007ff97cb1b000 	C:\WINDOWS\SYSTEM32\MFPlat.DLL
0x00007ff97c8a0000 - 0x00007ff97c8c7000 	C:\WINDOWS\SYSTEM32\RTWorkQ.DLL
0x00007ff987050000 - 0x00007ff98705c000 	C:\WINDOWS\SYSTEM32\AVRT.dll
0x00007ff963e10000 - 0x00007ff963f9a000 	C:\WINDOWS\SYSTEM32\dbghelp.dll

VM Arguments:
jvm_args: -Djava.library.path=O:\OneDrive\Workspace\ZZavatar\lib\base\video;O:\OneDrive\Workspace\ZZavatar\lib\base\video;O:\OneDrive\Workspace\ZZavatar\lib\base\video;O:\OneDrive\Workspace\ZZavatar\lib\base\core;O:\OneDrive\Workspace\ZZavatar\lib\base\core;O:\OneDrive\Workspace\ZZavatar\lib\base\core;O:\OneDrive\Workspace\ZZavatar\lib\base\core;O:\OneDrive\Workspace\ZZavatar\lib\base\core;O:\OneDrive\Workspace\ZZavatar\lib\base\core;O:\OneDrive\Workspace\ZZavatar\lib\base\core;O:\OneDrive\Workspace\ZZavatar\lib\base\core;O:\OneDrive\Workspace\ZZavatar\lib\base\core;O:\OneDrive\Workspace\ZZavatar\lib\base\core;O:\OneDrive\Workspace\ZZavatar\lib\base\core;O:\OneDrive\Workspace\ZZavatar\lib\base\core;O:\OneDrive\Workspace\ZZavatar\lib\base\core;O:\OneDrive\Workspace\ZZavatar\lib\base\core;O:\OneDrive\Workspace\ZZavatar\lib\base\core;O:\OneDrive\Workspace\ZZavatar\lib\user\Kinect4WinSDK;O:\OneDrive\Workspace\ZZavatar\lib\user\KinectPV2;O:\OneDrive\Workspace\ZZavatar\lib\user\SimpleOpenNI -Dfile.encoding=Cp1252 
java_command: zzavatar.ZZavatar
java_class_path (initial): O:\OneDrive\Workspace\ZZavatar\lib\base\video\gstreamer-java.jar;O:\OneDrive\Workspace\ZZavatar\lib\base\video\jna.jar;O:\OneDrive\Workspace\ZZavatar\lib\base\video\video.jar;O:\OneDrive\Workspace\ZZavatar\lib\base\core\core.jar;O:\OneDrive\Workspace\ZZavatar\lib\base\core\gluegen-rt-natives-linux-amd64.jar;O:\OneDrive\Workspace\ZZavatar\lib\base\core\gluegen-rt-natives-linux-armv6hf.jar;O:\OneDrive\Workspace\ZZavatar\lib\base\core\gluegen-rt-natives-linux-i586.jar;O:\OneDrive\Workspace\ZZavatar\lib\base\core\gluegen-rt-natives-macosx-universal.jar;O:\OneDrive\Workspace\ZZavatar\lib\base\core\gluegen-rt-natives-windows-amd64.jar;O:\OneDrive\Workspace\ZZavatar\lib\base\core\gluegen-rt-natives-windows-i586.jar;O:\OneDrive\Workspace\ZZavatar\lib\base\core\gluegen-rt.jar;O:\OneDrive\Workspace\ZZavatar\lib\base\core\jogl-all-natives-linux-amd64.jar;O:\OneDrive\Workspace\ZZavatar\lib\base\core\jogl-all-natives-linux-armv6hf.jar;O:\OneDrive\Workspace\ZZavatar\lib\base\core\jogl-all-natives-linux-i586.jar;O:\OneDrive\Workspace\ZZavatar\lib\base\core\jogl-all-natives-macosx-universal.jar;O:\OneDrive\Workspace\ZZavatar\lib\base\core\jogl-all-natives-windows-amd64.jar;O:\OneDrive\Workspace\ZZavatar\lib\base\core\jogl-all-natives-windows-i586.jar;O:\OneDrive\Workspace\ZZavatar\lib\base\core\jogl-all.jar;O:\OneDrive\Workspace\ZZavatar\lib\user\Kinect4WinSDK\Kinect4WinSDK.jar;O:\OneDrive\Workspace\ZZavatar\lib\user\KinectPV2\KinectPV2.jar;O:\OneDrive\Workspace\ZZavatar\lib\user\SimpleOpenNI\SimpleOpenNI.jar;O:\OneDrive\Workspace\ZZavatar\bin
Launcher Type: SUN_STANDARD

Environment Variables:
JAVA_HOME=C:\Program Files\Java\jdk1.8.0_25
PATH=C:/Program Files/Java/jre1.8.0_25/bin/server;C:/Program Files/Java/jre1.8.0_25/bin;C:/Program Files/Java/jre1.8.0_25/lib/amd64;C:\Program Files (x86)\NVIDIA Corporation\PhysX\Common;C:\ProgramData\Oracle\Java\javapath;C:\Program Files (x86)\Common Files\Intel\Shared Libraries\redist\intel64\compiler;C:\Program Files (x86)\Common Files\Intel\Shared Libraries\redist\ia32\compiler;C:\Program Files (x86)\Intel\iCLS Client\;C:\Program Files\Intel\iCLS Client\;C:\Program Files (x86)\AMD APP\bin\x86_64;C:\Program Files (x86)\AMD APP\bin\x86;C:\WINDOWS\system32;C:\WINDOWS;C:\WINDOWS\System32\Wbem;C:\WINDOWS\System32\WindowsPowerShell\v1.0\;C:\Program Files (x86)\ATI Technologies\ATI.ACE\Core-Static;C:\Program Files\Intel\Intel(R) Management Engine Components\DAL;C:\Program Files\Intel\Intel(R) Management Engine Components\IPT;C:\Program Files (x86)\Intel\Intel(R) Management Engine Components\DAL;C:\Program Files (x86)\Intel\Intel(R) Management Engine Components\IPT;C:\Program Files\Sony\VAIO Improvement\;C:\Program Files (x86)\Sony\VAIO Startup Setting Tool;C:\Program Files (x86)\Windows Kits\8.1\Windows Performance Toolkit\;C:\Program Files\Microsoft SQL Server\110\Tools\Binn\;C:\Program Files (x86)\Microsoft SDKs\TypeScript\1.0\;C:\Program Files\Microsoft\Web Platform Installer\;C:\Program Files (x86)\Java\jre1.8.0_25\bin;P:\Programs\Python27\Scripts;P:\Programs\Python27;C:\Program Files\Common Files\Autodesk Shared\;P:\Program Files\Programs;P:\Program Files\Games;P:\Programs\Eclipse;
USERNAME=Benoît
OS=Windows_NT
PROCESSOR_IDENTIFIER=Intel64 Family 6 Model 58 Stepping 9, GenuineIntel



---------------  S Y S T E M  ---------------

OS: Windows 8.1 , 64 bit Build 9600 

CPU:total 8 (4 cores per cpu, 2 threads per core) family 6 model 58 stepping 9, cmov, cx8, fxsr, mmx, sse, sse2, sse3, ssse3, sse4.1, sse4.2, popcnt, avx, aes, clmul, erms, ht, tsc, tscinvbit, tscinv

Memory: 4k page, physical 6237468k(1992924k free), swap 10431772k(3992128k free)

vm_info: Java HotSpot(TM) 64-Bit Server VM (25.25-b02) for windows-amd64 JRE (1.8.0_25-b18), built on Oct  7 2014 14:25:37 by "java_re" with MS VC++ 10.0 (VS2010)

time: Fri Apr 24 19:14:38 2015
elapsed time: 11 seconds (0d 0h 0m 11s)

