#
# A fatal error has been detected by the Java Runtime Environment:
#
#  EXCEPTION_ACCESS_VIOLATION (0xc0000005) at pc=0x00007ff980284113, pid=1300, tid=2360
#
# JRE version: Java(TM) SE Runtime Environment (8.0_25-b18) (build 1.8.0_25-b18)
# Java VM: Java HotSpot(TM) 64-Bit Server VM (25.25-b02 mixed mode windows-amd64 compressed oops)
# Problematic frame:
# C  [KinectPV2.dll+0x4113]
#
# Failed to write core dump. Minidumps are not enabled by default on client versions of Windows
#
# If you would like to submit a bug report, please visit:
#   http://bugreport.sun.com/bugreport/crash.jsp
# The crash happened outside the Java Virtual Machine in native code.
# See problematic frame for where to report the bug.
#

---------------  T H R E A D  ---------------

Current thread (0x00000000191a0000):  JavaThread "Animation Thread" [_thread_in_native, id=2360, stack(0x000000001c290000,0x000000001c390000)]

siginfo: ExceptionCode=0xc0000005, reading address 0xffffffffffffffff

Registers:
RAX=0x74000138a9693d80, RBX=0x000000002dfee040, RCX=0x0000000074899700, RDX=0x0000000000000000
RSP=0x000000001c38e500, RBP=0x0000000000000006, RSI=0x0000000000000000, RDI=0x000000001f12a398
R8 =0x000000001c38e1c8, R9 =0x0000000000008000, R10=0x0000000000000000, R11=0x000000001c38e400
R12=0x0000000000000000, R13=0x000000001f574b40, R14=0x0000000000000000, R15=0x00000000191a0000
RIP=0x00007ff980284113, EFLAGS=0x0000000000010206

Top of Stack: (sp=0x000000001c38e500)
0x000000001c38e500:   000000001f12a368 000000001f94bdb8
0x000000001c38e510:   000000001f12a368 0000000000000000
0x000000001c38e520:   000000001c38e5f0 00007ff980281fba
0x000000001c38e530:   000000001c38e5f0 000000001c38e5d0
0x000000001c38e540:   00000000191a01e8 000000001919ced0
0x000000001c38e550:   00000000a38ddd10 00000000021a5b74
0x000000001c38e560:   000000001f574b40 0000000000000021
0x000000001c38e570:   0000000000000021 00000000191a0000
0x000000001c38e580:   000000001c38e648 00000000021a58a2
0x000000001c38e590:   000000001c38e590 000000001f574b40
0x000000001c38e5a0:   000000001c38e5f0 000000001f575ad0
0x000000001c38e5b0:   0000000000000000 000000001f574b40
0x000000001c38e5c0:   0000000000000000 000000001c38e5f0
0x000000001c38e5d0:   000000001c38e638 0000000002197a2d
0x000000001c38e5e0:   0000000000000000 000000000219f6b8
0x000000001c38e5f0:   00000000a3845120 000000001c38e5f8 

Instructions: (pc=0x00007ff980284113)
0x00007ff9802840f3:   48 8b 0f 48 85 c9 74 09 48 8b 01 ff 50 10 4c 89
0x00007ff980284103:   37 48 8b 8f 90 00 00 00 48 85 c9 74 0d 48 8b 01
0x00007ff980284113:   ff 50 10 4c 89 b7 90 00 00 00 48 8b 4f 30 48 85
0x00007ff980284123:   c9 74 0a 48 8b 01 ff 50 10 4c 89 77 30 48 8b 4f 


Register to memory mapping:

RAX=0x74000138a9693d80 is an unknown value
RBX=0x000000002dfee040 is an unknown value
RCX=0x0000000074899700 is an unknown value
RDX=0x0000000000000000 is an unknown value
RSP=0x000000001c38e500 is pointing into the stack for thread: 0x00000000191a0000
RBP=0x0000000000000006 is an unknown value
RSI=0x0000000000000000 is an unknown value
RDI=0x000000001f12a398 is an unknown value
R8 =0x000000001c38e1c8 is pointing into the stack for thread: 0x00000000191a0000
R9 =0x0000000000008000 is an unknown value
R10=0x0000000000000000 is an unknown value
R11=0x000000001c38e400 is pointing into the stack for thread: 0x00000000191a0000
R12=0x0000000000000000 is an unknown value
R13={method} {0x000000001f574b48} 'jniStopDevice' '()V' in 'KinectPV2/Device'
R14=0x0000000000000000 is an unknown value
R15=0x00000000191a0000 is a thread


Stack: [0x000000001c290000,0x000000001c390000],  sp=0x000000001c38e500,  free space=1017k
Native frames: (J=compiled Java code, j=interpreted, Vv=VM code, C=native code)
C  [KinectPV2.dll+0x4113]
C  [KinectPV2.dll+0x1fba]
C  0x00000000021a5b74

Java frames: (J=compiled Java code, j=interpreted, Vv=VM code)
j  KinectPV2.Device.jniStopDevice()V+0
j  KinectPV2.Device.stopDevice()V+41
j  KinectPV2.KinectPV2.dispose()V+14
v  ~StubRoutines::call_stub
j  sun.reflect.NativeMethodAccessorImpl.invoke0(Ljava/lang/reflect/Method;Ljava/lang/Object;[Ljava/lang/Object;)Ljava/lang/Object;+0
j  sun.reflect.NativeMethodAccessorImpl.invoke(Ljava/lang/Object;[Ljava/lang/Object;)Ljava/lang/Object;+100
J 2195 C1 sun.reflect.DelegatingMethodAccessorImpl.invoke(Ljava/lang/Object;[Ljava/lang/Object;)Ljava/lang/Object; (10 bytes) @ 0x000000000297e304 [0x000000000297e200+0x104]
J 2194 C1 java.lang.reflect.Method.invoke(Ljava/lang/Object;[Ljava/lang/Object;)Ljava/lang/Object; (62 bytes) @ 0x000000000297dd24 [0x000000000297d940+0x3e4]
j  processing.core.PApplet$RegisteredMethods.handle([Ljava/lang/Object;)V+18
J 1729 C1 processing.core.PApplet.handleMethods(Ljava/lang/String;)V (21 bytes) @ 0x000000000281ffdc [0x000000000281fd20+0x2bc]
j  processing.core.PApplet.dispose()V+35
j  processing.core.PApplet.run()V+283
j  java.lang.Thread.run()V+11
v  ~StubRoutines::call_stub

---------------  P R O C E S S  ---------------

Java Threads: ( => current thread )
  0x000000001979a800 JavaThread "Animation Thread-SharedResourceRunner" daemon [_thread_blocked, id=4408, stack(0x000000001e560000,0x000000001e660000)]
  0x0000000001f3e800 JavaThread "DestroyJavaVM" [_thread_blocked, id=3084, stack(0x0000000001f80000,0x0000000002080000)]
  0x00000000191a1000 JavaThread "D3D Screen Updater" daemon [_thread_blocked, id=8080, stack(0x000000001c590000,0x000000001c690000)]
=>0x00000000191a0000 JavaThread "Animation Thread" [_thread_in_native, id=2360, stack(0x000000001c290000,0x000000001c390000)]
  0x000000001913a800 JavaThread "AWT-EventQueue-0" [_thread_blocked, id=7936, stack(0x000000001c090000,0x000000001c190000)]
  0x00000000182dc800 JavaThread "AWT-Windows" daemon [_thread_in_native, id=7412, stack(0x0000000019a20000,0x0000000019b20000)]
  0x00000000182dc000 JavaThread "AWT-Shutdown" [_thread_blocked, id=8552, stack(0x0000000019920000,0x0000000019a20000)]
  0x0000000019108800 JavaThread "Java2D Disposer" daemon [_thread_blocked, id=5092, stack(0x0000000019820000,0x0000000019920000)]
  0x0000000017f93800 JavaThread "Service Thread" daemon [_thread_blocked, id=7028, stack(0x00000000188e0000,0x00000000189e0000)]
  0x0000000017f1a000 JavaThread "C1 CompilerThread3" daemon [_thread_blocked, id=8564, stack(0x00000000187e0000,0x00000000188e0000)]
  0x0000000017f19000 JavaThread "C2 CompilerThread2" daemon [_thread_blocked, id=8600, stack(0x00000000186e0000,0x00000000187e0000)]
  0x0000000017f13800 JavaThread "C2 CompilerThread1" daemon [_thread_blocked, id=8872, stack(0x00000000185e0000,0x00000000186e0000)]
  0x0000000017f0e000 JavaThread "C2 CompilerThread0" daemon [_thread_blocked, id=8016, stack(0x00000000184e0000,0x00000000185e0000)]
  0x0000000017f08000 JavaThread "Attach Listener" daemon [_thread_blocked, id=1676, stack(0x00000000183e0000,0x00000000184e0000)]
  0x0000000017f07000 JavaThread "Signal Dispatcher" daemon [_thread_blocked, id=8896, stack(0x00000000182e0000,0x00000000183e0000)]
  0x000000000218a000 JavaThread "Finalizer" daemon [_thread_blocked, id=3988, stack(0x0000000017dd0000,0x0000000017ed0000)]
  0x0000000015efc000 JavaThread "Reference Handler" daemon [_thread_blocked, id=1308, stack(0x0000000017cd0000,0x0000000017dd0000)]

Other Threads:
  0x0000000015ef8000 VMThread [stack: 0x0000000017bd0000,0x0000000017cd0000] [id=7552]
  0x0000000017f9d800 WatcherThread [stack: 0x00000000189e0000,0x0000000018ae0000] [id=8416]

VM state:not at safepoint (normal execution)

VM Mutex/Monitor currently owned by a thread: None

Heap:
 PSYoungGen      total 382976K, used 208511K [0x00000000e0400000, 0x00000000f8480000, 0x0000000100000000)
  eden space 371712K, 56% used [0x00000000e0400000,0x00000000ecf6fef8,0x00000000f6f00000)
  from space 11264K, 1% used [0x00000000f6f00000,0x00000000f6f30000,0x00000000f7a00000)
  to   space 10240K, 0% used [0x00000000f7a80000,0x00000000f7a80000,0x00000000f8480000)
 ParOldGen       total 224768K, used 155898K [0x00000000a0c00000, 0x00000000ae780000, 0x00000000e0400000)
  object space 224768K, 69% used [0x00000000a0c00000,0x00000000aa43ea58,0x00000000ae780000)
 Metaspace       used 18608K, capacity 18821K, committed 19072K, reserved 1067008K
  class space    used 1766K, capacity 1825K, committed 1920K, reserved 1048576K

Card table byte_map: [0x0000000011550000,0x0000000011850000] byte_map_base: 0x000000001104a000

Marking Bits: (ParMarkBitMap*) 0x00000000772bd490
 Begin Bits: [0x0000000012250000, 0x0000000013a20000)
 End Bits:   [0x0000000013a20000, 0x00000000151f0000)

Polling page: 0x0000000001f00000

CodeCache: size=245760Kb used=9746Kb max_used=9909Kb free=236013Kb
 bounds [0x0000000002190000, 0x0000000002b50000, 0x0000000011190000]
 total_blobs=3504 nmethods=2620 adapters=797
 compilation: enabled

Compilation events (10 events):
Event: 22.233 Thread 0x0000000017f1a000 2699       3       sun.misc.FloatingDecimal$BinaryToASCIIBuffer::roundup (104 bytes)
Event: 22.233 Thread 0x0000000017f1a000 nmethod 2699 0x0000000002b429d0 code [0x0000000002b42b40, 0x0000000002b42eb0]
Event: 23.184 Thread 0x0000000017f13800 2700       4       zzavatar.ZZavatar::debugSkeleton (73 bytes)
Event: 23.194 Thread 0x0000000017f13800 nmethod 2700 0x0000000002b45590 code [0x0000000002b457a0, 0x0000000002b460b0]
Event: 23.850 Thread 0x0000000017f0e000 2701   !   4       jogamp.common.os.MachineDescriptionRuntime::getStatic (106 bytes)
Event: 23.853 Thread 0x0000000017f0e000 nmethod 2701 0x00000000022adb50 code [0x00000000022adce0, 0x00000000022ae398]
Event: 23.899 Thread 0x0000000017f19000 2702   !   4       jogamp.common.util.locks.RecursiveLockImpl01Unfairish::validateLocked (147 bytes)
Event: 23.901 Thread 0x0000000017f19000 nmethod 2702 0x0000000002b44f90 code [0x0000000002b450e0, 0x0000000002b453d8]
Event: 24.800 Thread 0x0000000017f1a000 2703       3       java.util.LinkedList::node (65 bytes)
Event: 24.800 Thread 0x0000000017f1a000 nmethod 2703 0x00000000023338d0 code [0x0000000002333a40, 0x0000000002333d50]

GC Heap History (10 events):
Event: 22.171 GC heap before
{Heap before GC invocations=50 (full 3):
 PSYoungGen      total 381952K, used 368832K [0x00000000e0400000, 0x00000000f8900000, 0x0000000100000000)
  eden space 368640K, 100% used [0x00000000e0400000,0x00000000f6c00000,0x00000000f6c00000)
  from space 13312K, 1% used [0x00000000f7c00000,0x00000000f7c30000,0x00000000f8900000)
  to   space 14848K, 0% used [0x00000000f6c00000,0x00000000f6c00000,0x00000000f7a80000)
 ParOldGen       total 224768K, used 155858K [0x00000000a0c00000, 0x00000000ae780000, 0x00000000e0400000)
  object space 224768K, 69% used [0x00000000a0c00000,0x00000000aa434a58,0x00000000ae780000)
 Metaspace       used 18607K, capacity 18821K, committed 19072K, reserved 1067008K
  class space    used 1766K, capacity 1825K, committed 1920K, reserved 1048576K
Event: 22.172 GC heap after
Heap after GC invocations=50 (full 3):
 PSYoungGen      total 383488K, used 160K [0x00000000e0400000, 0x00000000f8880000, 0x0000000100000000)
  eden space 368640K, 0% used [0x00000000e0400000,0x00000000e0400000,0x00000000f6c00000)
  from space 14848K, 1% used [0x00000000f6c00000,0x00000000f6c28000,0x00000000f7a80000)
  to   space 13824K, 0% used [0x00000000f7b00000,0x00000000f7b00000,0x00000000f8880000)
 ParOldGen       total 224768K, used 155866K [0x00000000a0c00000, 0x00000000ae780000, 0x00000000e0400000)
  object space 224768K, 69% used [0x00000000a0c00000,0x00000000aa436a58,0x00000000ae780000)
 Metaspace       used 18607K, capacity 18821K, committed 19072K, reserved 1067008K
  class space    used 1766K, capacity 1825K, committed 1920K, reserved 1048576K
}
Event: 22.749 GC heap before
{Heap before GC invocations=51 (full 3):
 PSYoungGen      total 383488K, used 368800K [0x00000000e0400000, 0x00000000f8880000, 0x0000000100000000)
  eden space 368640K, 100% used [0x00000000e0400000,0x00000000f6c00000,0x00000000f6c00000)
  from space 14848K, 1% used [0x00000000f6c00000,0x00000000f6c28000,0x00000000f7a80000)
  to   space 13824K, 0% used [0x00000000f7b00000,0x00000000f7b00000,0x00000000f8880000)
 ParOldGen       total 224768K, used 155866K [0x00000000a0c00000, 0x00000000ae780000, 0x00000000e0400000)
  object space 224768K, 69% used [0x00000000a0c00000,0x00000000aa436a58,0x00000000ae780000)
 Metaspace       used 18607K, capacity 18821K, committed 19072K, reserved 1067008K
  class space    used 1766K, capacity 1825K, committed 1920K, reserved 1048576K
Event: 22.750 GC heap after
Heap after GC invocations=51 (full 3):
 PSYoungGen      total 381952K, used 224K [0x00000000e0400000, 0x00000000f8680000, 0x0000000100000000)
  eden space 370176K, 0% used [0x00000000e0400000,0x00000000e0400000,0x00000000f6d80000)
  from space 11776K, 1% used [0x00000000f7b00000,0x00000000f7b38000,0x00000000f8680000)
  to   space 12800K, 0% used [0x00000000f6d80000,0x00000000f6d80000,0x00000000f7a00000)
 ParOldGen       total 224768K, used 155866K [0x00000000a0c00000, 0x00000000ae780000, 0x00000000e0400000)
  object space 224768K, 69% used [0x00000000a0c00000,0x00000000aa436a58,0x00000000ae780000)
 Metaspace       used 18607K, capacity 18821K, committed 19072K, reserved 1067008K
  class space    used 1766K, capacity 1825K, committed 1920K, reserved 1048576K
}
Event: 23.323 GC heap before
{Heap before GC invocations=52 (full 3):
 PSYoungGen      total 381952K, used 370400K [0x00000000e0400000, 0x00000000f8680000, 0x0000000100000000)
  eden space 370176K, 100% used [0x00000000e0400000,0x00000000f6d80000,0x00000000f6d80000)
  from space 11776K, 1% used [0x00000000f7b00000,0x00000000f7b38000,0x00000000f8680000)
  to   space 12800K, 0% used [0x00000000f6d80000,0x00000000f6d80000,0x00000000f7a00000)
 ParOldGen       total 224768K, used 155866K [0x00000000a0c00000, 0x00000000ae780000, 0x00000000e0400000)
  object space 224768K, 69% used [0x00000000a0c00000,0x00000000aa436a58,0x00000000ae780000)
 Metaspace       used 18607K, capacity 18821K, committed 19072K, reserved 1067008K
  class space    used 1766K, capacity 1825K, committed 1920K, reserved 1048576K
Event: 23.324 GC heap after
Heap after GC invocations=52 (full 3):
 PSYoungGen      total 382976K, used 192K [0x00000000e0400000, 0x00000000f8600000, 0x0000000100000000)
  eden space 370176K, 0% used [0x00000000e0400000,0x00000000e0400000,0x00000000f6d80000)
  from space 12800K, 1% used [0x00000000f6d80000,0x00000000f6db0000,0x00000000f7a00000)
  to   space 11776K, 0% used [0x00000000f7a80000,0x00000000f7a80000,0x00000000f8600000)
 ParOldGen       total 224768K, used 155874K [0x00000000a0c00000, 0x00000000ae780000, 0x00000000e0400000)
  object space 224768K, 69% used [0x00000000a0c00000,0x00000000aa438a58,0x00000000ae780000)
 Metaspace       used 18607K, capacity 18821K, committed 19072K, reserved 1067008K
  class space    used 1766K, capacity 1825K, committed 1920K, reserved 1048576K
}
Event: 23.922 GC heap before
{Heap before GC invocations=53 (full 3):
 PSYoungGen      total 382976K, used 370368K [0x00000000e0400000, 0x00000000f8600000, 0x0000000100000000)
  eden space 370176K, 100% used [0x00000000e0400000,0x00000000f6d80000,0x00000000f6d80000)
  from space 12800K, 1% used [0x00000000f6d80000,0x00000000f6db0000,0x00000000f7a00000)
  to   space 11776K, 0% used [0x00000000f7a80000,0x00000000f7a80000,0x00000000f8600000)
 ParOldGen       total 224768K, used 155874K [0x00000000a0c00000, 0x00000000ae780000, 0x00000000e0400000)
  object space 224768K, 69% used [0x00000000a0c00000,0x00000000aa438a58,0x00000000ae780000)
 Metaspace       used 18607K, capacity 18821K, committed 19072K, reserved 1067008K
  class space    used 1766K, capacity 1825K, committed 1920K, reserved 1048576K
Event: 23.923 GC heap after
Heap after GC invocations=53 (full 3):
 PSYoungGen      total 382464K, used 224K [0x00000000e0400000, 0x00000000f8500000, 0x0000000100000000)
  eden space 371712K, 0% used [0x00000000e0400000,0x00000000e0400000,0x00000000f6f00000)
  from space 10752K, 2% used [0x00000000f7a80000,0x00000000f7ab8000,0x00000000f8500000)
  to   space 11264K, 0% used [0x00000000f6f00000,0x00000000f6f00000,0x00000000f7a00000)
 ParOldGen       total 224768K, used 155890K [0x00000000a0c00000, 0x00000000ae780000, 0x00000000e0400000)
  object space 224768K, 69% used [0x00000000a0c00000,0x00000000aa43ca58,0x00000000ae780000)
 Metaspace       used 18607K, capacity 18821K, committed 19072K, reserved 1067008K
  class space    used 1766K, capacity 1825K, committed 1920K, reserved 1048576K
}
Event: 24.505 GC heap before
{Heap before GC invocations=54 (full 3):
 PSYoungGen      total 382464K, used 371936K [0x00000000e0400000, 0x00000000f8500000, 0x0000000100000000)
  eden space 371712K, 100% used [0x00000000e0400000,0x00000000f6f00000,0x00000000f6f00000)
  from space 10752K, 2% used [0x00000000f7a80000,0x00000000f7ab8000,0x00000000f8500000)
  to   space 11264K, 0% used [0x00000000f6f00000,0x00000000f6f00000,0x00000000f7a00000)
 ParOldGen       total 224768K, used 155890K [0x00000000a0c00000, 0x00000000ae780000, 0x00000000e0400000)
  object space 224768K, 69% used [0x00000000a0c00000,0x00000000aa43ca58,0x00000000ae780000)
 Metaspace       used 18607K, capacity 18821K, committed 19072K, reserved 1067008K
  class space    used 1766K, capacity 1825K, committed 1920K, reserved 1048576K
Event: 24.506 GC heap after
Heap after GC invocations=54 (full 3):
 PSYoungGen      total 382976K, used 192K [0x00000000e0400000, 0x00000000f8480000, 0x0000000100000000)
  eden space 371712K, 0% used [0x00000000e0400000,0x00000000e0400000,0x00000000f6f00000)
  from space 11264K, 1% used [0x00000000f6f00000,0x00000000f6f30000,0x00000000f7a00000)
  to   space 10240K, 0% used [0x00000000f7a80000,0x00000000f7a80000,0x00000000f8480000)
 ParOldGen       total 224768K, used 155898K [0x00000000a0c00000, 0x00000000ae780000, 0x00000000e0400000)
  object space 224768K, 69% used [0x00000000a0c00000,0x00000000aa43ea58,0x00000000ae780000)
 Metaspace       used 18607K, capacity 18821K, committed 19072K, reserved 1067008K
  class space    used 1766K, capacity 1825K, committed 1920K, reserved 1048576K
}

Deoptimization events (10 events):
Event: 10.440 Thread 0x000000001913a800 Uncommon trap: reason=speculate_class_check action=maybe_recompile pc=0x00000000029f4a1c method=com.jogamp.common.nio.Buffers.getDirectBufferByteOffset(Ljava/lang/Object;)I @ 22
Event: 10.463 Thread 0x000000001913a800 Uncommon trap: reason=speculate_class_check action=maybe_recompile pc=0x00000000029fe738 method=com.jogamp.common.nio.Buffers.getDirectBufferByteOffset(Ljava/lang/Object;)I @ 31
Event: 10.463 Thread 0x000000001913a800 Uncommon trap: reason=speculate_class_check action=maybe_recompile pc=0x00000000029fe738 method=com.jogamp.common.nio.Buffers.getDirectBufferByteOffset(Ljava/lang/Object;)I @ 31
Event: 10.574 Thread 0x000000001913a800 Uncommon trap: reason=speculate_class_check action=maybe_recompile pc=0x00000000029f5808 method=com.jogamp.common.nio.Buffers.getDirectBufferByteOffset(Ljava/lang/Object;)I @ 31
Event: 10.574 Thread 0x000000001913a800 Uncommon trap: reason=speculate_class_check action=maybe_recompile pc=0x00000000029f5808 method=com.jogamp.common.nio.Buffers.getDirectBufferByteOffset(Ljava/lang/Object;)I @ 31
Event: 10.601 Thread 0x000000001913a800 Uncommon trap: reason=speculate_class_check action=maybe_recompile pc=0x0000000002a023f4 method=com.jogamp.common.nio.Buffers.getDirectBufferByteOffset(Ljava/lang/Object;)I @ 42
Event: 10.601 Thread 0x000000001913a800 Uncommon trap: reason=speculate_class_check action=maybe_recompile pc=0x0000000002a023f4 method=com.jogamp.common.nio.Buffers.getDirectBufferByteOffset(Ljava/lang/Object;)I @ 42
Event: 10.717 Thread 0x000000001913a800 Uncommon trap: reason=speculate_class_check action=maybe_recompile pc=0x00000000029f6b7c method=com.jogamp.common.nio.Buffers.getDirectBufferByteOffset(Ljava/lang/Object;)I @ 53
Event: 10.718 Thread 0x000000001913a800 Uncommon trap: reason=speculate_class_check action=maybe_recompile pc=0x00000000029f6b7c method=com.jogamp.common.nio.Buffers.getDirectBufferByteOffset(Ljava/lang/Object;)I @ 53
Event: 10.735 Thread 0x000000001913a800 Uncommon trap: reason=speculate_class_check action=maybe_recompile pc=0x0000000002a1105c method=com.jogamp.common.nio.Buffers.getDirectBufferByteOffset(Ljava/lang/Object;)I @ 53

Internal exceptions (10 events):
Event: 3.097 Thread 0x000000001913a800 Exception <a 'java/security/PrivilegedActionException'> (0x00000000e574e918) thrown at [D:\re\workspace\8-2-build-windows-amd64-cygwin\jdk8u25\1677\hotspot\src\share\vm\prims\jvm.cpp, line 1312]
Event: 3.097 Thread 0x000000001913a800 Exception <a 'java/security/PrivilegedActionException'> (0x00000000e5752470) thrown at [D:\re\workspace\8-2-build-windows-amd64-cygwin\jdk8u25\1677\hotspot\src\share\vm\prims\jvm.cpp, line 1312]
Event: 3.098 Thread 0x000000001913a800 Exception <a 'java/security/PrivilegedActionException'> (0x00000000e5756c70) thrown at [D:\re\workspace\8-2-build-windows-amd64-cygwin\jdk8u25\1677\hotspot\src\share\vm\prims\jvm.cpp, line 1312]
Event: 3.098 Thread 0x000000001913a800 Exception <a 'java/security/PrivilegedActionException'> (0x00000000e575a3a8) thrown at [D:\re\workspace\8-2-build-windows-amd64-cygwin\jdk8u25\1677\hotspot\src\share\vm\prims\jvm.cpp, line 1312]
Event: 3.098 Thread 0x000000001913a800 Exception <a 'java/security/PrivilegedActionException'> (0x00000000e575e2f0) thrown at [D:\re\workspace\8-2-build-windows-amd64-cygwin\jdk8u25\1677\hotspot\src\share\vm\prims\jvm.cpp, line 1312]
Event: 3.099 Thread 0x000000001913a800 Exception <a 'java/security/PrivilegedActionException'> (0x00000000e5764200) thrown at [D:\re\workspace\8-2-build-windows-amd64-cygwin\jdk8u25\1677\hotspot\src\share\vm\prims\jvm.cpp, line 1312]
Event: 3.115 Thread 0x000000001913a800 Exception <a 'java/security/PrivilegedActionException'> (0x00000000e583f810) thrown at [D:\re\workspace\8-2-build-windows-amd64-cygwin\jdk8u25\1677\hotspot\src\share\vm\prims\jvm.cpp, line 1312]
Event: 6.218 Thread 0x000000001913a800 Exception <a 'java/security/PrivilegedActionException'> (0x00000000e605dd60) thrown at [D:\re\workspace\8-2-build-windows-amd64-cygwin\jdk8u25\1677\hotspot\src\share\vm\prims\jvm.cpp, line 1312]
Event: 6.225 Thread 0x000000001913a800 Exception <a 'java/security/PrivilegedActionException'> (0x00000000e606a8b8) thrown at [D:\re\workspace\8-2-build-windows-amd64-cygwin\jdk8u25\1677\hotspot\src\share\vm\prims\jvm.cpp, line 1312]
Event: 6.258 Thread 0x000000001913a800 Exception <a 'java/security/PrivilegedActionException'> (0x00000000e6073978) thrown at [D:\re\workspace\8-2-build-windows-amd64-cygwin\jdk8u25\1677\hotspot\src\share\vm\prims\jvm.cpp, line 1312]

Events (10 events):
Event: 24.800 Thread 0x0000000017f1a000 flushing nmethod 0x00000000024296d0
Event: 24.800 Thread 0x0000000017f1a000 flushing nmethod 0x000000000242a990
Event: 24.800 Thread 0x0000000017f1a000 flushing nmethod 0x000000000242b7d0
Event: 24.800 Thread 0x0000000017f1a000 flushing nmethod 0x000000000242d190
Event: 24.800 Thread 0x0000000017f1a000 flushing nmethod 0x000000000242e410
Event: 24.800 Thread 0x0000000017f1a000 flushing nmethod 0x0000000002435650
Event: 24.800 Thread 0x0000000017f1a000 flushing nmethod 0x0000000002435ad0
Event: 24.800 Thread 0x0000000017f1a000 flushing nmethod 0x0000000002436690
Event: 24.800 Thread 0x0000000017f1a000 flushing nmethod 0x0000000002437f50
Event: 24.850 Thread 0x00000000191c2800 Thread exited: 0x00000000191c2800


Dynamic libraries:
0x00007ff669010000 - 0x00007ff669044000 	C:\Program Files\Java\jre1.8.0_25\bin\javaw.exe
0x00007ff98c320000 - 0x00007ff98c4cc000 	C:\WINDOWS\SYSTEM32\ntdll.dll
0x00007ff989d20000 - 0x00007ff989e5e000 	C:\WINDOWS\system32\KERNEL32.DLL
0x00007ff9897d0000 - 0x00007ff9898e5000 	C:\WINDOWS\system32\KERNELBASE.dll
0x00007ff987ff0000 - 0x00007ff98807e000 	C:\WINDOWS\system32\apphelp.dll
0x00007ff973750000 - 0x00007ff9737a3000 	C:\WINDOWS\AppPatch\AppPatch64\AcGenral.DLL
0x00007ff98a220000 - 0x00007ff98a2ca000 	C:\WINDOWS\system32\msvcrt.dll
0x00007ff9892a0000 - 0x00007ff9892ce000 	C:\WINDOWS\SYSTEM32\SspiCli.dll
0x00007ff98b980000 - 0x00007ff98b9d4000 	C:\WINDOWS\system32\SHLWAPI.dll
0x00007ff989f00000 - 0x00007ff98a077000 	C:\WINDOWS\system32\USER32.dll
0x00007ff98bb50000 - 0x00007ff98bce4000 	C:\WINDOWS\system32\ole32.dll
0x00007ff98a390000 - 0x00007ff98b8a8000 	C:\WINDOWS\system32\SHELL32.dll
0x00007ff988a10000 - 0x00007ff988a31000 	C:\WINDOWS\SYSTEM32\USERENV.dll
0x00007ff989c10000 - 0x00007ff989cba000 	C:\WINDOWS\system32\ADVAPI32.dll
0x00007ff97c880000 - 0x00007ff97c89e000 	C:\WINDOWS\SYSTEM32\MPR.dll
0x00007ff98b9e0000 - 0x00007ff98bb21000 	C:\WINDOWS\system32\RPCRT4.dll
0x00007ff9899a0000 - 0x00007ff9899f9000 	C:\WINDOWS\SYSTEM32\sechost.dll
0x00007ff98bed0000 - 0x00007ff98c0e1000 	C:\WINDOWS\SYSTEM32\combase.dll
0x00007ff98a0c0000 - 0x00007ff98a211000 	C:\WINDOWS\system32\GDI32.dll
0x00007ff989470000 - 0x00007ff989485000 	C:\WINDOWS\SYSTEM32\profapi.dll
0x00007ff987810000 - 0x00007ff9878c2000 	C:\WINDOWS\SYSTEM32\SHCORE.dll
0x00007ff98a080000 - 0x00007ff98a0b6000 	C:\WINDOWS\system32\IMM32.DLL
0x00007ff98c1c0000 - 0x00007ff98c312000 	C:\WINDOWS\system32\MSCTF.dll
0x00007ff986b90000 - 0x00007ff986e0b000 	C:\WINDOWS\WinSxS\amd64_microsoft.windows.common-controls_6595b64144ccf1df_6.0.9600.17415_none_6240486fecbd8abb\COMCTL32.dll
0x0000000075f50000 - 0x0000000076022000 	C:\Program Files\Java\jre1.8.0_25\bin\msvcr100.dll
0x0000000076ae0000 - 0x000000007733a000 	C:\Program Files\Java\jre1.8.0_25\bin\server\jvm.dll
0x00007ff9707d0000 - 0x00007ff9707d9000 	C:\WINDOWS\SYSTEM32\WSOCK32.dll
0x00007ff97ca00000 - 0x00007ff97ca22000 	C:\WINDOWS\SYSTEM32\WINMM.dll
0x00007ff989e80000 - 0x00007ff989e87000 	C:\WINDOWS\system32\PSAPI.DLL
0x00007ff989a00000 - 0x00007ff989a5a000 	C:\WINDOWS\system32\WS2_32.dll
0x00007ff97c8d0000 - 0x00007ff97c8fa000 	C:\WINDOWS\SYSTEM32\WINMMBASE.dll
0x00007ff98bb30000 - 0x00007ff98bb39000 	C:\WINDOWS\system32\NSI.dll
0x00007ff989950000 - 0x00007ff98999f000 	C:\WINDOWS\SYSTEM32\cfgmgr32.dll
0x00007ff988260000 - 0x00007ff988288000 	C:\WINDOWS\SYSTEM32\DEVOBJ.dll
0x0000000076ad0000 - 0x0000000076adf000 	C:\Program Files\Java\jre1.8.0_25\bin\verify.dll
0x0000000076aa0000 - 0x0000000076ac8000 	C:\Program Files\Java\jre1.8.0_25\bin\java.dll
0x0000000076a80000 - 0x0000000076a96000 	C:\Program Files\Java\jre1.8.0_25\bin\zip.dll
0x0000000075db0000 - 0x0000000075f48000 	C:\Program Files\Java\jre1.8.0_25\bin\awt.dll
0x00007ff98c0f0000 - 0x00007ff98c1b1000 	C:\WINDOWS\system32\OLEAUT32.dll
0x00007ff987610000 - 0x00007ff987631000 	C:\WINDOWS\system32\DWMAPI.DLL
0x00007ff988130000 - 0x00007ff988259000 	C:\WINDOWS\system32\uxtheme.dll
0x00007ff9882b0000 - 0x00007ff9882bb000 	C:\WINDOWS\SYSTEM32\kernel.appcore.dll
0x00007ff989340000 - 0x00007ff98934b000 	C:\WINDOWS\SYSTEM32\CRYPTBASE.dll
0x00007ff9892d0000 - 0x00007ff989333000 	C:\WINDOWS\SYSTEM32\bcryptPrimitives.dll
0x00007ff97e8c0000 - 0x00007ff97eae1000 	C:\WINDOWS\system32\d3d9.dll
0x00007ff987180000 - 0x00007ff98718a000 	C:\WINDOWS\SYSTEM32\VERSION.dll
0x00007ff986970000 - 0x00007ff986abb000 	C:\WINDOWS\SYSTEM32\aticfx64.dll
0x00007ff965270000 - 0x00007ff965291000 	C:\WINDOWS\SYSTEM32\atiu9p64.dll
0x00007ff964a80000 - 0x00007ff965265000 	C:\WINDOWS\SYSTEM32\atiumd64.dll
0x0000000076110000 - 0x00000000768c7000 	C:\WINDOWS\SYSTEM32\atiumd6a.dll
0x00000000769f0000 - 0x0000000076a37000 	C:\Program Files\Java\jre1.8.0_25\bin\fontmanager.dll
0x00007ff988ce0000 - 0x00007ff988d00000 	C:\WINDOWS\SYSTEM32\CRYPTSP.dll
0x00007ff988900000 - 0x00007ff988936000 	C:\WINDOWS\system32\rsaenh.dll
0x00007ff988f90000 - 0x00007ff988fb6000 	C:\WINDOWS\SYSTEM32\bcrypt.dll
0x0000000076a60000 - 0x0000000076a7a000 	C:\Program Files\Java\jre1.8.0_25\bin\net.dll
0x00007ff988c80000 - 0x00007ff988cd9000 	C:\WINDOWS\system32\mswsock.dll
0x00007ff9860b0000 - 0x00007ff9860da000 	C:\WINDOWS\SYSTEM32\IPHLPAPI.DLL
0x00007ff986050000 - 0x00007ff98605a000 	C:\WINDOWS\SYSTEM32\WINNSI.DLL
0x00007ff9841e0000 - 0x00007ff9841f6000 	C:\WINDOWS\SYSTEM32\dhcpcsvc6.DLL
0x00007ff984380000 - 0x00007ff98439a000 	C:\WINDOWS\SYSTEM32\dhcpcsvc.DLL
0x0000000076a40000 - 0x0000000076a51000 	C:\Program Files\Java\jre1.8.0_25\bin\nio.dll
0x00000000637c0000 - 0x00000000637cd000 	S:\Users\Ben\AppData\Local\Temp\jogamp_0000\file_cache\jln5443749014843620253\jln4988729341557141298\gluegen-rt.dll
0x00000000769e0000 - 0x00000000769e7000 	C:\Program Files\Java\jre1.8.0_25\bin\jawt.dll
0x000000006a440000 - 0x000000006a44d000 	S:\Users\Ben\AppData\Local\Temp\jogamp_0000\file_cache\jln5443749014843620253\jln4988729341557141298\nativewindow_awt.dll
0x000000006c100000 - 0x000000006c10f000 	S:\Users\Ben\AppData\Local\Temp\jogamp_0000\file_cache\jln5443749014843620253\jln4988729341557141298\nativewindow_win32.dll
0x00007ff960620000 - 0x00007ff96074b000 	C:\WINDOWS\SYSTEM32\OpenGL32.dll
0x00007ff97d7c0000 - 0x00007ff97d7ee000 	C:\WINDOWS\SYSTEM32\GLU32.dll
0x00007ff966bf0000 - 0x00007ff966ce8000 	C:\WINDOWS\SYSTEM32\DDRAW.dll
0x00007ff980290000 - 0x00007ff980299000 	C:\WINDOWS\SYSTEM32\DCIMAN32.dll
0x0000000064500000 - 0x00000000645a2000 	S:\Users\Ben\AppData\Local\Temp\jogamp_0000\file_cache\jln5443749014843620253\jln4988729341557141298\jogl_desktop.dll
0x00007ff97d720000 - 0x00007ff97d738000 	C:\WINDOWS\SYSTEM32\atig6pxx.dll
0x0000000074200000 - 0x0000000075daf000 	C:\WINDOWS\SYSTEM32\atio6axx.dll
0x00007ff98bcf0000 - 0x00007ff98beca000 	C:\WINDOWS\system32\SETUPAPI.dll
0x00007ff986120000 - 0x00007ff986257000 	C:\WINDOWS\SYSTEM32\atiadlxx.dll
0x00007ff986710000 - 0x00007ff98688f000 	C:\WINDOWS\SYSTEM32\PROPSYS.dll
0x00007ff988080000 - 0x00007ff988092000 	C:\WINDOWS\SYSTEM32\WTSAPI32.dll
0x00007ff9898f0000 - 0x00007ff989941000 	C:\WINDOWS\system32\WINTRUST.dll
0x00007ff989540000 - 0x00007ff98971f000 	C:\WINDOWS\system32\CRYPT32.dll
0x00007ff989520000 - 0x00007ff989531000 	C:\WINDOWS\system32\MSASN1.dll
0x00007ff973720000 - 0x00007ff973749000 	C:\WINDOWS\SYSTEM32\atig6txx.dll
0x00007ff95c1a0000 - 0x00007ff95c33c000 	O:\OneDrive\Workspace\ZZavatar\lib\user\KinectPV2\Kinect20.Face.dll
0x00007ff97c900000 - 0x00007ff97c9a7000 	C:\WINDOWS\SYSTEM32\MSVCP110.dll
0x00007ff981bc0000 - 0x00007ff981c8e000 	C:\WINDOWS\SYSTEM32\MSVCR110.dll
0x00007ff980280000 - 0x00007ff980290000 	O:\OneDrive\Workspace\ZZavatar\lib\user\KinectPV2\KinectPV2.dll
0x00007ff960560000 - 0x00007ff96061a000 	C:\WINDOWS\SYSTEM32\Kinect20.dll
0x00007ff97ca30000 - 0x00007ff97cb1b000 	C:\WINDOWS\SYSTEM32\MFPlat.DLL
0x00007ff97c8a0000 - 0x00007ff97c8c7000 	C:\WINDOWS\SYSTEM32\RTWorkQ.DLL
0x00007ff987050000 - 0x00007ff98705c000 	C:\WINDOWS\SYSTEM32\AVRT.dll
0x00000000741b0000 - 0x00000000741f1000 	C:\Program Files\Java\jre1.8.0_25\bin\t2k.dll
0x00007ff963e10000 - 0x00007ff963f9a000 	C:\WINDOWS\SYSTEM32\dbghelp.dll

VM Arguments:
jvm_args: -Djava.library.path=O:\OneDrive\Workspace\ZZavatar\lib\base\video;O:\OneDrive\Workspace\ZZavatar\lib\base\video;O:\OneDrive\Workspace\ZZavatar\lib\base\video;O:\OneDrive\Workspace\ZZavatar\lib\base\core;O:\OneDrive\Workspace\ZZavatar\lib\base\core;O:\OneDrive\Workspace\ZZavatar\lib\base\core;O:\OneDrive\Workspace\ZZavatar\lib\base\core;O:\OneDrive\Workspace\ZZavatar\lib\base\core;O:\OneDrive\Workspace\ZZavatar\lib\base\core;O:\OneDrive\Workspace\ZZavatar\lib\base\core;O:\OneDrive\Workspace\ZZavatar\lib\base\core;O:\OneDrive\Workspace\ZZavatar\lib\base\core;O:\OneDrive\Workspace\ZZavatar\lib\base\core;O:\OneDrive\Workspace\ZZavatar\lib\base\core;O:\OneDrive\Workspace\ZZavatar\lib\base\core;O:\OneDrive\Workspace\ZZavatar\lib\base\core;O:\OneDrive\Workspace\ZZavatar\lib\base\core;O:\OneDrive\Workspace\ZZavatar\lib\base\core;O:\OneDrive\Workspace\ZZavatar\lib\user\Kinect4WinSDK;O:\OneDrive\Workspace\ZZavatar\lib\user\KinectPV2;O:\OneDrive\Workspace\ZZavatar\lib\user\SimpleOpenNI -Dfile.encoding=Cp1252 
java_command: zzavatar.ZZavatar
java_class_path (initial): O:\OneDrive\Workspace\ZZavatar\lib\base\video\gstreamer-java.jar;O:\OneDrive\Workspace\ZZavatar\lib\base\video\jna.jar;O:\OneDrive\Workspace\ZZavatar\lib\base\video\video.jar;O:\OneDrive\Workspace\ZZavatar\lib\base\core\core.jar;O:\OneDrive\Workspace\ZZavatar\lib\base\core\gluegen-rt-natives-linux-amd64.jar;O:\OneDrive\Workspace\ZZavatar\lib\base\core\gluegen-rt-natives-linux-armv6hf.jar;O:\OneDrive\Workspace\ZZavatar\lib\base\core\gluegen-rt-natives-linux-i586.jar;O:\OneDrive\Workspace\ZZavatar\lib\base\core\gluegen-rt-natives-macosx-universal.jar;O:\OneDrive\Workspace\ZZavatar\lib\base\core\gluegen-rt-natives-windows-amd64.jar;O:\OneDrive\Workspace\ZZavatar\lib\base\core\gluegen-rt-natives-windows-i586.jar;O:\OneDrive\Workspace\ZZavatar\lib\base\core\gluegen-rt.jar;O:\OneDrive\Workspace\ZZavatar\lib\base\core\jogl-all-natives-linux-amd64.jar;O:\OneDrive\Workspace\ZZavatar\lib\base\core\jogl-all-natives-linux-armv6hf.jar;O:\OneDrive\Workspace\ZZavatar\lib\base\core\jogl-all-natives-linux-i586.jar;O:\OneDrive\Workspace\ZZavatar\lib\base\core\jogl-all-natives-macosx-universal.jar;O:\OneDrive\Workspace\ZZavatar\lib\base\core\jogl-all-natives-windows-amd64.jar;O:\OneDrive\Workspace\ZZavatar\lib\base\core\jogl-all-natives-windows-i586.jar;O:\OneDrive\Workspace\ZZavatar\lib\base\core\jogl-all.jar;O:\OneDrive\Workspace\ZZavatar\lib\user\Kinect4WinSDK\Kinect4WinSDK.jar;O:\OneDrive\Workspace\ZZavatar\lib\user\KinectPV2\KinectPV2.jar;O:\OneDrive\Workspace\ZZavatar\lib\user\SimpleOpenNI\SimpleOpenNI.jar;O:\OneDrive\Workspace\ZZavatar\bin
Launcher Type: SUN_STANDARD

Environment Variables:
JAVA_HOME=C:\Program Files\Java\jdk1.8.0_25
PATH=C:/Program Files/Java/jre1.8.0_25/bin/server;C:/Program Files/Java/jre1.8.0_25/bin;C:/Program Files/Java/jre1.8.0_25/lib/amd64;C:\Program Files (x86)\NVIDIA Corporation\PhysX\Common;C:\ProgramData\Oracle\Java\javapath;C:\Program Files (x86)\Common Files\Intel\Shared Libraries\redist\intel64\compiler;C:\Program Files (x86)\Common Files\Intel\Shared Libraries\redist\ia32\compiler;C:\Program Files (x86)\Intel\iCLS Client\;C:\Program Files\Intel\iCLS Client\;C:\Program Files (x86)\AMD APP\bin\x86_64;C:\Program Files (x86)\AMD APP\bin\x86;C:\WINDOWS\system32;C:\WINDOWS;C:\WINDOWS\System32\Wbem;C:\WINDOWS\System32\WindowsPowerShell\v1.0\;C:\Program Files (x86)\ATI Technologies\ATI.ACE\Core-Static;C:\Program Files\Intel\Intel(R) Management Engine Components\DAL;C:\Program Files\Intel\Intel(R) Management Engine Components\IPT;C:\Program Files (x86)\Intel\Intel(R) Management Engine Components\DAL;C:\Program Files (x86)\Intel\Intel(R) Management Engine Components\IPT;C:\Program Files\Sony\VAIO Improvement\;C:\Program Files (x86)\Sony\VAIO Startup Setting Tool;C:\Program Files (x86)\Windows Kits\8.1\Windows Performance Toolkit\;C:\Program Files\Microsoft SQL Server\110\Tools\Binn\;C:\Program Files (x86)\Microsoft SDKs\TypeScript\1.0\;C:\Program Files\Microsoft\Web Platform Installer\;C:\Program Files (x86)\Java\jre1.8.0_25\bin;P:\Programs\Python27\Scripts;P:\Programs\Python27;C:\Program Files\Common Files\Autodesk Shared\;P:\Program Files\Programs;P:\Program Files\Games;P:\Programs\Eclipse;
USERNAME=Benoît
OS=Windows_NT
PROCESSOR_IDENTIFIER=Intel64 Family 6 Model 58 Stepping 9, GenuineIntel



---------------  S Y S T E M  ---------------

OS: Windows 8.1 , 64 bit Build 9600 

CPU:total 8 (4 cores per cpu, 2 threads per core) family 6 model 58 stepping 9, cmov, cx8, fxsr, mmx, sse, sse2, sse3, ssse3, sse4.1, sse4.2, popcnt, avx, aes, clmul, erms, ht, tsc, tscinvbit, tscinv

Memory: 4k page, physical 6237468k(2122936k free), swap 10431772k(4385164k free)

vm_info: Java HotSpot(TM) 64-Bit Server VM (25.25-b02) for windows-amd64 JRE (1.8.0_25-b18), built on Oct  7 2014 14:25:37 by "java_re" with MS VC++ 10.0 (VS2010)

time: Fri Apr 24 19:22:04 2015
elapsed time: 24 seconds (0d 0h 0m 24s)

