#
# A fatal error has been detected by the Java Runtime Environment:
#
#  EXCEPTION_ACCESS_VIOLATION (0xc0000005) at pc=0x00007ff980284139, pid=7040, tid=4008
#
# JRE version: Java(TM) SE Runtime Environment (8.0_25-b18) (build 1.8.0_25-b18)
# Java VM: Java HotSpot(TM) 64-Bit Server VM (25.25-b02 mixed mode windows-amd64 compressed oops)
# Problematic frame:
# C  [KinectPV2.dll+0x4139]
#
# Failed to write core dump. Minidumps are not enabled by default on client versions of Windows
#
# If you would like to submit a bug report, please visit:
#   http://bugreport.sun.com/bugreport/crash.jsp
# The crash happened outside the Java Virtual Machine in native code.
# See problematic frame for where to report the bug.
#

---------------  T H R E A D  ---------------

Current thread (0x0000000019c1a000):  JavaThread "Animation Thread" [_thread_in_native, id=4008, stack(0x000000001cd10000,0x000000001ce10000)]

siginfo: ExceptionCode=0xc0000005, reading address 0x000000a80000078c

Registers:
RAX=0x0000000000000001, RBX=0x000000002ea48040, RCX=0x000000a80000078c, RDX=0x0000000000000000
RSP=0x000000001ce0ece0, RBP=0x0000000000000006, RSI=0x0000000000000000, RDI=0x000000001f926788
R8 =0x000000001ce0e9a8, R9 =0x0000000000008000, R10=0x0000000000000000, R11=0x000000001ce0ebe0
R12=0x0000000000000000, R13=0x000000002001e1a8, R14=0x0000000000000000, R15=0x0000000019c1a000
RIP=0x00007ff980284139, EFLAGS=0x0000000000010202

Top of Stack: (sp=0x000000001ce0ece0)
0x000000001ce0ece0:   000000001f926758 00000000203d4eb8
0x000000001ce0ecf0:   000000001f926758 0000000000000000
0x000000001ce0ed00:   000000001ce0edd0 00007ff980281fba
0x000000001ce0ed10:   000000001ce0edd0 000000001ce0edb0
0x000000001ce0ed20:   0000000019c1a1e8 0000000019ba1b80
0x000000001ce0ed30:   00000000a3b4e6d8 0000000002c65b74
0x000000001ce0ed40:   000000002001e1a8 00000000a3b4e6b8
0x000000001ce0ed50:   00000000a3b4e6b8 0000000019c1a000
0x000000001ce0ed60:   000000001ce0ee28 0000000002c658a2
0x000000001ce0ed70:   000000001ce0ed70 000000002001e1a8
0x000000001ce0ed80:   000000001ce0edd0 000000002001f138
0x000000001ce0ed90:   0000000000000000 000000002001e1a8
0x000000001ce0eda0:   0000000000000000 000000001ce0edd0
0x000000001ce0edb0:   000000001ce0ee18 0000000002c57a2d
0x000000001ce0edc0:   0000000000000000 0000000002c5f6b8
0x000000001ce0edd0:   00000000a38a4570 000000001ce0edd8 

Instructions: (pc=0x00007ff980284139)
0x00007ff980284119:   90 00 00 00 48 8b 4f 30 48 85 c9 74 0a 48 8b 01
0x00007ff980284129:   ff 50 10 4c 89 77 30 48 8b 4f 60 48 85 c9 74 0a
0x00007ff980284139:   48 8b 01 ff 50 10 4c 89 77 60 48 83 c7 08 48 ff
0x00007ff980284149:   cd 75 94 48 8b 5c 24 30 48 8b 6c 24 38 48 8b 74 


Register to memory mapping:

RAX=0x0000000000000001 is an unknown value
RBX=0x000000002ea48040 is an unknown value
RCX=0x000000a80000078c is an unknown value
RDX=0x0000000000000000 is an unknown value
RSP=0x000000001ce0ece0 is pointing into the stack for thread: 0x0000000019c1a000
RBP=0x0000000000000006 is an unknown value
RSI=0x0000000000000000 is an unknown value
RDI=0x000000001f926788 is an unknown value
R8 =0x000000001ce0e9a8 is pointing into the stack for thread: 0x0000000019c1a000
R9 =0x0000000000008000 is an unknown value
R10=0x0000000000000000 is an unknown value
R11=0x000000001ce0ebe0 is pointing into the stack for thread: 0x0000000019c1a000
R12=0x0000000000000000 is an unknown value
R13={method} {0x000000002001e1b0} 'jniStopDevice' '()V' in 'KinectPV2/Device'
R14=0x0000000000000000 is an unknown value
R15=0x0000000019c1a000 is a thread


Stack: [0x000000001cd10000,0x000000001ce10000],  sp=0x000000001ce0ece0,  free space=1019k
Native frames: (J=compiled Java code, j=interpreted, Vv=VM code, C=native code)
C  [KinectPV2.dll+0x4139]
C  [KinectPV2.dll+0x1fba]
C  0x0000000002c65b74

Java frames: (J=compiled Java code, j=interpreted, Vv=VM code)
j  KinectPV2.Device.jniStopDevice()V+0
j  KinectPV2.Device.stopDevice()V+41
j  KinectPV2.KinectPV2.dispose()V+14
v  ~StubRoutines::call_stub
j  sun.reflect.NativeMethodAccessorImpl.invoke0(Ljava/lang/reflect/Method;Ljava/lang/Object;[Ljava/lang/Object;)Ljava/lang/Object;+0
j  sun.reflect.NativeMethodAccessorImpl.invoke(Ljava/lang/Object;[Ljava/lang/Object;)Ljava/lang/Object;+100
J 2012 C1 sun.reflect.DelegatingMethodAccessorImpl.invoke(Ljava/lang/Object;[Ljava/lang/Object;)Ljava/lang/Object; (10 bytes) @ 0x00000000033aac04 [0x00000000033aab00+0x104]
J 2011 C1 java.lang.reflect.Method.invoke(Ljava/lang/Object;[Ljava/lang/Object;)Ljava/lang/Object; (62 bytes) @ 0x00000000033a3864 [0x00000000033a3480+0x3e4]
j  processing.core.PApplet$RegisteredMethods.handle([Ljava/lang/Object;)V+18
J 1815 C1 processing.core.PApplet.handleMethods(Ljava/lang/String;)V (21 bytes) @ 0x000000000333155c [0x00000000033312a0+0x2bc]
j  processing.core.PApplet.dispose()V+35
j  processing.core.PApplet.run()V+283
j  java.lang.Thread.run()V+11
v  ~StubRoutines::call_stub

---------------  P R O C E S S  ---------------

Java Threads: ( => current thread )
  0x000000001e040800 JavaThread "Animation Thread-SharedResourceRunner" daemon [_thread_blocked, id=4824, stack(0x000000001efe0000,0x000000001f0e0000)]
  0x0000000002c4e800 JavaThread "DestroyJavaVM" [_thread_blocked, id=7512, stack(0x0000000002950000,0x0000000002a50000)]
  0x0000000019c1b800 JavaThread "D3D Screen Updater" daemon [_thread_blocked, id=7908, stack(0x000000001d010000,0x000000001d110000)]
=>0x0000000019c1a000 JavaThread "Animation Thread" [_thread_in_native, id=4008, stack(0x000000001cd10000,0x000000001ce10000)]
  0x0000000019b99000 JavaThread "AWT-EventQueue-0" [_thread_blocked, id=2468, stack(0x000000001cb10000,0x000000001cc10000)]
  0x0000000019b54000 JavaThread "AWT-Windows" daemon [_thread_in_native, id=7104, stack(0x000000001a460000,0x000000001a560000)]
  0x0000000019b53800 JavaThread "AWT-Shutdown" [_thread_blocked, id=8388, stack(0x000000001a360000,0x000000001a460000)]
  0x0000000019b50800 JavaThread "Java2D Disposer" daemon [_thread_blocked, id=5008, stack(0x000000001a260000,0x000000001a360000)]
  0x0000000018a3b800 JavaThread "Service Thread" daemon [_thread_blocked, id=2628, stack(0x0000000019380000,0x0000000019480000)]
  0x00000000189bd000 JavaThread "C1 CompilerThread3" daemon [_thread_blocked, id=7192, stack(0x0000000019280000,0x0000000019380000)]
  0x00000000189bc800 JavaThread "C2 CompilerThread2" daemon [_thread_blocked, id=7928, stack(0x0000000019180000,0x0000000019280000)]
  0x00000000189ab800 JavaThread "C2 CompilerThread1" daemon [_thread_blocked, id=7112, stack(0x0000000019080000,0x0000000019180000)]
  0x00000000189a9800 JavaThread "C2 CompilerThread0" daemon [_thread_blocked, id=596, stack(0x0000000018f80000,0x0000000019080000)]
  0x00000000189a7000 JavaThread "Attach Listener" daemon [_thread_blocked, id=4828, stack(0x0000000018e80000,0x0000000018f80000)]
  0x00000000189a6000 JavaThread "Signal Dispatcher" daemon [_thread_blocked, id=1920, stack(0x0000000018d80000,0x0000000018e80000)]
  0x0000000002b68800 JavaThread "Finalizer" daemon [_thread_blocked, id=6000, stack(0x0000000018880000,0x0000000018980000)]
  0x000000001699c800 JavaThread "Reference Handler" daemon [_thread_blocked, id=7532, stack(0x0000000018780000,0x0000000018880000)]

Other Threads:
  0x0000000016998800 VMThread [stack: 0x0000000018680000,0x0000000018780000] [id=8480]
  0x0000000018a46000 WatcherThread [stack: 0x0000000019480000,0x0000000019580000] [id=5652]

VM state:not at safepoint (normal execution)

VM Mutex/Monitor currently owned by a thread: None

Heap:
 PSYoungGen      total 423424K, used 117492K [0x00000000e0400000, 0x00000000fb980000, 0x0000000100000000)
  eden space 401920K, 29% used [0x00000000e0400000,0x00000000e76851a8,0x00000000f8c80000)
  from space 21504K, 1% used [0x00000000fa480000,0x00000000fa4b8000,0x00000000fb980000)
  to   space 23040K, 0% used [0x00000000f8c80000,0x00000000f8c80000,0x00000000fa300000)
 ParOldGen       total 223232K, used 155813K [0x00000000a0c00000, 0x00000000ae600000, 0x00000000e0400000)
  object space 223232K, 69% used [0x00000000a0c00000,0x00000000aa429490,0x00000000ae600000)
 Metaspace       used 18525K, capacity 18729K, committed 19072K, reserved 1067008K
  class space    used 1761K, capacity 1793K, committed 1920K, reserved 1048576K

Card table byte_map: [0x0000000012010000,0x0000000012310000] byte_map_base: 0x0000000011b0a000

Marking Bits: (ParMarkBitMap*) 0x00000000772bd490
 Begin Bits: [0x0000000012d10000, 0x00000000144e0000)
 End Bits:   [0x00000000144e0000, 0x0000000015cb0000)

Polling page: 0x0000000001030000

CodeCache: size=245760Kb used=9841Kb max_used=9863Kb free=235918Kb
 bounds [0x0000000002c50000, 0x0000000003600000, 0x0000000011c50000]
 total_blobs=3577 nmethods=2694 adapters=797
 compilation: enabled

Compilation events (10 events):
Event: 17.394 Thread 0x00000000189bd000 2704       3       sun.awt.AWTAccessor::getAWTEventAccessor (18 bytes)
Event: 17.394 Thread 0x00000000189bd000 nmethod 2704 0x0000000002d4ef90 code [0x0000000002d4f100, 0x0000000002d4f348]
Event: 17.394 Thread 0x00000000189bd000 2705       3       sun.awt.SunToolkit::postEvent (157 bytes)
Event: 17.395 Thread 0x00000000189bd000 nmethod 2705 0x00000000035f7090 code [0x00000000035f7400, 0x00000000035f94e8]
Event: 17.408 Thread 0x00000000189bd000 2706       1       java.awt.Component::isEnabledImpl (5 bytes)
Event: 17.408 Thread 0x00000000189bd000 nmethod 2706 0x0000000002d855d0 code [0x0000000002d85720, 0x0000000002d85830]
Event: 17.410 Thread 0x00000000189bc800 2707       4       processing.core.PGraphics::fillFromCalc (86 bytes)
Event: 17.410 Thread 0x00000000189ab800 2708       4       processing.core.PGraphics::ambientFromCalc (38 bytes)
Event: 17.411 Thread 0x00000000189ab800 nmethod 2708 0x000000000346bd90 code [0x000000000346bec0, 0x000000000346bf58]
Event: 17.411 Thread 0x00000000189bc800 nmethod 2707 0x0000000002d5ef50 code [0x0000000002d5f080, 0x0000000002d5f178]

GC Heap History (10 events):
Event: 14.879 GC heap before
{Heap before GC invocations=33 (full 3):
 PSYoungGen      total 420864K, used 385024K [0x00000000e0400000, 0x00000000fc000000, 0x0000000100000000)
  eden space 388096K, 99% used [0x00000000e0400000,0x00000000f7b60068,0x00000000f7f00000)
  from space 32768K, 1% used [0x00000000f7f00000,0x00000000f7fa0000,0x00000000f9f00000)
  to   space 30720K, 0% used [0x00000000fa200000,0x00000000fa200000,0x00000000fc000000)
 ParOldGen       total 223232K, used 155190K [0x00000000a0c00000, 0x00000000ae600000, 0x00000000e0400000)
  object space 223232K, 69% used [0x00000000a0c00000,0x00000000aa38dbe0,0x00000000ae600000)
 Metaspace       used 18496K, capacity 18729K, committed 19072K, reserved 1067008K
  class space    used 1761K, capacity 1793K, committed 1920K, reserved 1048576K
Event: 14.883 GC heap after
Heap after GC invocations=33 (full 3):
 PSYoungGen      total 421888K, used 704K [0x00000000e0400000, 0x00000000fbd80000, 0x0000000100000000)
  eden space 393728K, 0% used [0x00000000e0400000,0x00000000e0400000,0x00000000f8480000)
  from space 28160K, 2% used [0x00000000fa200000,0x00000000fa2b0000,0x00000000fbd80000)
  to   space 29184K, 0% used [0x00000000f8480000,0x00000000f8480000,0x00000000fa100000)
 ParOldGen       total 223232K, used 155206K [0x00000000a0c00000, 0x00000000ae600000, 0x00000000e0400000)
  object space 223232K, 69% used [0x00000000a0c00000,0x00000000aa391be0,0x00000000ae600000)
 Metaspace       used 18496K, capacity 18729K, committed 19072K, reserved 1067008K
  class space    used 1761K, capacity 1793K, committed 1920K, reserved 1048576K
}
Event: 15.492 GC heap before
{Heap before GC invocations=34 (full 3):
 PSYoungGen      total 421888K, used 394432K [0x00000000e0400000, 0x00000000fbd80000, 0x0000000100000000)
  eden space 393728K, 100% used [0x00000000e0400000,0x00000000f8480000,0x00000000f8480000)
  from space 28160K, 2% used [0x00000000fa200000,0x00000000fa2b0000,0x00000000fbd80000)
  to   space 29184K, 0% used [0x00000000f8480000,0x00000000f8480000,0x00000000fa100000)
 ParOldGen       total 223232K, used 155206K [0x00000000a0c00000, 0x00000000ae600000, 0x00000000e0400000)
  object space 223232K, 69% used [0x00000000a0c00000,0x00000000aa391be0,0x00000000ae600000)
 Metaspace       used 18500K, capacity 18729K, committed 19072K, reserved 1067008K
  class space    used 1761K, capacity 1793K, committed 1920K, reserved 1048576K
Event: 15.493 GC heap after
Heap after GC invocations=34 (full 3):
 PSYoungGen      total 422912K, used 704K [0x00000000e0400000, 0x00000000fbf80000, 0x0000000100000000)
  eden space 393728K, 0% used [0x00000000e0400000,0x00000000e0400000,0x00000000f8480000)
  from space 29184K, 2% used [0x00000000f8480000,0x00000000f8530000,0x00000000fa100000)
  to   space 27648K, 0% used [0x00000000fa480000,0x00000000fa480000,0x00000000fbf80000)
 ParOldGen       total 223232K, used 155238K [0x00000000a0c00000, 0x00000000ae600000, 0x00000000e0400000)
  object space 223232K, 69% used [0x00000000a0c00000,0x00000000aa399be0,0x00000000ae600000)
 Metaspace       used 18500K, capacity 18729K, committed 19072K, reserved 1067008K
  class space    used 1761K, capacity 1793K, committed 1920K, reserved 1048576K
}
Event: 16.089 GC heap before
{Heap before GC invocations=35 (full 3):
 PSYoungGen      total 422912K, used 394432K [0x00000000e0400000, 0x00000000fbf80000, 0x0000000100000000)
  eden space 393728K, 100% used [0x00000000e0400000,0x00000000f8480000,0x00000000f8480000)
  from space 29184K, 2% used [0x00000000f8480000,0x00000000f8530000,0x00000000fa100000)
  to   space 27648K, 0% used [0x00000000fa480000,0x00000000fa480000,0x00000000fbf80000)
 ParOldGen       total 223232K, used 155238K [0x00000000a0c00000, 0x00000000ae600000, 0x00000000e0400000)
  object space 223232K, 69% used [0x00000000a0c00000,0x00000000aa399be0,0x00000000ae600000)
 Metaspace       used 18505K, capacity 18729K, committed 19072K, reserved 1067008K
  class space    used 1761K, capacity 1793K, committed 1920K, reserved 1048576K
Event: 16.090 GC heap after
Heap after GC invocations=35 (full 3):
 PSYoungGen      total 422400K, used 672K [0x00000000e0400000, 0x00000000fbc00000, 0x0000000100000000)
  eden space 398336K, 0% used [0x00000000e0400000,0x00000000e0400000,0x00000000f8900000)
  from space 24064K, 2% used [0x00000000fa480000,0x00000000fa528000,0x00000000fbc00000)
  to   space 26112K, 0% used [0x00000000f8900000,0x00000000f8900000,0x00000000fa280000)
 ParOldGen       total 223232K, used 155254K [0x00000000a0c00000, 0x00000000ae600000, 0x00000000e0400000)
  object space 223232K, 69% used [0x00000000a0c00000,0x00000000aa39dbe0,0x00000000ae600000)
 Metaspace       used 18505K, capacity 18729K, committed 19072K, reserved 1067008K
  class space    used 1761K, capacity 1793K, committed 1920K, reserved 1048576K
}
Event: 16.683 GC heap before
{Heap before GC invocations=36 (full 3):
 PSYoungGen      total 422400K, used 399008K [0x00000000e0400000, 0x00000000fbc00000, 0x0000000100000000)
  eden space 398336K, 100% used [0x00000000e0400000,0x00000000f8900000,0x00000000f8900000)
  from space 24064K, 2% used [0x00000000fa480000,0x00000000fa528000,0x00000000fbc00000)
  to   space 26112K, 0% used [0x00000000f8900000,0x00000000f8900000,0x00000000fa280000)
 ParOldGen       total 223232K, used 155254K [0x00000000a0c00000, 0x00000000ae600000, 0x00000000e0400000)
  object space 223232K, 69% used [0x00000000a0c00000,0x00000000aa39dbe0,0x00000000ae600000)
 Metaspace       used 18506K, capacity 18729K, committed 19072K, reserved 1067008K
  class space    used 1761K, capacity 1793K, committed 1920K, reserved 1048576K
Event: 16.685 GC heap after
Heap after GC invocations=36 (full 3):
 PSYoungGen      total 424448K, used 640K [0x00000000e0400000, 0x00000000fbc00000, 0x0000000100000000)
  eden space 398336K, 0% used [0x00000000e0400000,0x00000000e0400000,0x00000000f8900000)
  from space 26112K, 2% used [0x00000000f8900000,0x00000000f89a0000,0x00000000fa280000)
  to   space 24064K, 0% used [0x00000000fa480000,0x00000000fa480000,0x00000000fbc00000)
 ParOldGen       total 223232K, used 155262K [0x00000000a0c00000, 0x00000000ae600000, 0x00000000e0400000)
  object space 223232K, 69% used [0x00000000a0c00000,0x00000000aa39fbe0,0x00000000ae600000)
 Metaspace       used 18506K, capacity 18729K, committed 19072K, reserved 1067008K
  class space    used 1761K, capacity 1793K, committed 1920K, reserved 1048576K
}
Event: 17.274 GC heap before
{Heap before GC invocations=37 (full 3):
 PSYoungGen      total 424448K, used 398976K [0x00000000e0400000, 0x00000000fbc00000, 0x0000000100000000)
  eden space 398336K, 100% used [0x00000000e0400000,0x00000000f8900000,0x00000000f8900000)
  from space 26112K, 2% used [0x00000000f8900000,0x00000000f89a0000,0x00000000fa280000)
  to   space 24064K, 0% used [0x00000000fa480000,0x00000000fa480000,0x00000000fbc00000)
 ParOldGen       total 223232K, used 155262K [0x00000000a0c00000, 0x00000000ae600000, 0x00000000e0400000)
  object space 223232K, 69% used [0x00000000a0c00000,0x00000000aa39fbe0,0x00000000ae600000)
 Metaspace       used 18519K, capacity 18729K, committed 19072K, reserved 1067008K
  class space    used 1761K, capacity 1793K, committed 1920K, reserved 1048576K
Event: 17.276 GC heap after
Heap after GC invocations=37 (full 3):
 PSYoungGen      total 423424K, used 224K [0x00000000e0400000, 0x00000000fb980000, 0x0000000100000000)
  eden space 401920K, 0% used [0x00000000e0400000,0x00000000e0400000,0x00000000f8c80000)
  from space 21504K, 1% used [0x00000000fa480000,0x00000000fa4b8000,0x00000000fb980000)
  to   space 23040K, 0% used [0x00000000f8c80000,0x00000000f8c80000,0x00000000fa300000)
 ParOldGen       total 223232K, used 155813K [0x00000000a0c00000, 0x00000000ae600000, 0x00000000e0400000)
  object space 223232K, 69% used [0x00000000a0c00000,0x00000000aa429490,0x00000000ae600000)
 Metaspace       used 18519K, capacity 18729K, committed 19072K, reserved 1067008K
  class space    used 1761K, capacity 1793K, committed 1920K, reserved 1048576K
}

Deoptimization events (10 events):
Event: 10.770 Thread 0x0000000019b99000 Uncommon trap: reason=speculate_class_check action=maybe_recompile pc=0x00000000035202e4 method=com.jogamp.common.nio.Buffers.getDirectBufferByteOffset(Ljava/lang/Object;)I @ 42
Event: 10.776 Thread 0x0000000019b99000 Uncommon trap: reason=speculate_class_check action=maybe_recompile pc=0x00000000035202e4 method=com.jogamp.common.nio.Buffers.getDirectBufferByteOffset(Ljava/lang/Object;)I @ 42
Event: 10.925 Thread 0x0000000019b99000 Uncommon trap: reason=speculate_class_check action=maybe_recompile pc=0x000000000352383c method=com.jogamp.common.nio.Buffers.getDirectBufferByteOffset(Ljava/lang/Object;)I @ 53
Event: 10.925 Thread 0x0000000019b99000 Uncommon trap: reason=speculate_class_check action=maybe_recompile pc=0x000000000352383c method=com.jogamp.common.nio.Buffers.getDirectBufferByteOffset(Ljava/lang/Object;)I @ 53
Event: 11.359 Thread 0x0000000019b99000 Uncommon trap: reason=speculate_class_check action=maybe_recompile pc=0x0000000003537d7c method=com.jogamp.common.nio.Buffers.getDirectBufferByteOffset(Ljava/lang/Object;)I @ 22
Event: 11.360 Thread 0x0000000019b99000 Uncommon trap: reason=speculate_class_check action=maybe_recompile pc=0x0000000003537d7c method=com.jogamp.common.nio.Buffers.getDirectBufferByteOffset(Ljava/lang/Object;)I @ 22
Event: 11.480 Thread 0x0000000019b99000 Uncommon trap: reason=speculate_class_check action=maybe_recompile pc=0x000000000353e2a0 method=com.jogamp.common.nio.Buffers.getDirectBufferByteOffset(Ljava/lang/Object;)I @ 31
Event: 11.480 Thread 0x0000000019b99000 Uncommon trap: reason=speculate_class_check action=maybe_recompile pc=0x000000000353e2a0 method=com.jogamp.common.nio.Buffers.getDirectBufferByteOffset(Ljava/lang/Object;)I @ 31
Event: 11.609 Thread 0x0000000019b99000 Uncommon trap: reason=speculate_class_check action=maybe_recompile pc=0x0000000003549740 method=com.jogamp.common.nio.Buffers.getDirectBufferByteOffset(Ljava/lang/Object;)I @ 42
Event: 11.609 Thread 0x0000000019b99000 Uncommon trap: reason=speculate_class_check action=maybe_recompile pc=0x0000000003549740 method=com.jogamp.common.nio.Buffers.getDirectBufferByteOffset(Ljava/lang/Object;)I @ 42

Internal exceptions (10 events):
Event: 3.177 Thread 0x0000000019b99000 Exception <a 'java/security/PrivilegedActionException'> (0x00000000e4941518) thrown at [D:\re\workspace\8-2-build-windows-amd64-cygwin\jdk8u25\1677\hotspot\src\share\vm\prims\jvm.cpp, line 1312]
Event: 3.177 Thread 0x0000000019b99000 Exception <a 'java/security/PrivilegedActionException'> (0x00000000e4945070) thrown at [D:\re\workspace\8-2-build-windows-amd64-cygwin\jdk8u25\1677\hotspot\src\share\vm\prims\jvm.cpp, line 1312]
Event: 3.177 Thread 0x0000000019b99000 Exception <a 'java/security/PrivilegedActionException'> (0x00000000e4949870) thrown at [D:\re\workspace\8-2-build-windows-amd64-cygwin\jdk8u25\1677\hotspot\src\share\vm\prims\jvm.cpp, line 1312]
Event: 3.178 Thread 0x0000000019b99000 Exception <a 'java/security/PrivilegedActionException'> (0x00000000e494cfa8) thrown at [D:\re\workspace\8-2-build-windows-amd64-cygwin\jdk8u25\1677\hotspot\src\share\vm\prims\jvm.cpp, line 1312]
Event: 3.178 Thread 0x0000000019b99000 Exception <a 'java/security/PrivilegedActionException'> (0x00000000e4950ef0) thrown at [D:\re\workspace\8-2-build-windows-amd64-cygwin\jdk8u25\1677\hotspot\src\share\vm\prims\jvm.cpp, line 1312]
Event: 3.178 Thread 0x0000000019b99000 Exception <a 'java/security/PrivilegedActionException'> (0x00000000e4956e00) thrown at [D:\re\workspace\8-2-build-windows-amd64-cygwin\jdk8u25\1677\hotspot\src\share\vm\prims\jvm.cpp, line 1312]
Event: 3.191 Thread 0x0000000019b99000 Exception <a 'java/security/PrivilegedActionException'> (0x00000000e4a58a78) thrown at [D:\re\workspace\8-2-build-windows-amd64-cygwin\jdk8u25\1677\hotspot\src\share\vm\prims\jvm.cpp, line 1312]
Event: 8.519 Thread 0x0000000019b99000 Exception <a 'java/security/PrivilegedActionException'> (0x00000000f2644fd8) thrown at [D:\re\workspace\8-2-build-windows-amd64-cygwin\jdk8u25\1677\hotspot\src\share\vm\prims\jvm.cpp, line 1312]
Event: 8.526 Thread 0x0000000019b99000 Exception <a 'java/security/PrivilegedActionException'> (0x00000000f2651b30) thrown at [D:\re\workspace\8-2-build-windows-amd64-cygwin\jdk8u25\1677\hotspot\src\share\vm\prims\jvm.cpp, line 1312]
Event: 8.557 Thread 0x0000000019b99000 Exception <a 'java/security/PrivilegedActionException'> (0x00000000f265abf0) thrown at [D:\re\workspace\8-2-build-windows-amd64-cygwin\jdk8u25\1677\hotspot\src\share\vm\prims\jvm.cpp, line 1312]

Events (10 events):
Event: 16.777 Thread 0x00000000189bd000 flushing nmethod 0x0000000002d5ef50
Event: 16.777 Thread 0x00000000189bd000 flushing nmethod 0x0000000002d5f810
Event: 16.777 Thread 0x00000000189bd000 flushing nmethod 0x0000000002d79e50
Event: 16.777 Thread 0x00000000189bd000 flushing nmethod 0x0000000002d855d0
Event: 16.910 Thread 0x00000000189bd000 flushing nmethod 0x0000000002dd4310
Event: 16.910 Thread 0x00000000189bd000 flushing nmethod 0x0000000002de2990
Event: 16.910 Thread 0x00000000189bd000 flushing nmethod 0x0000000002df4a50
Event: 17.274 Executing VM operation: ParallelGCFailedAllocation
Event: 17.276 Executing VM operation: ParallelGCFailedAllocation done
Event: 17.460 Thread 0x000000001a184000 Thread exited: 0x000000001a184000


Dynamic libraries:
0x00007ff669010000 - 0x00007ff669044000 	C:\Program Files\Java\jre1.8.0_25\bin\javaw.exe
0x00007ff98c320000 - 0x00007ff98c4cc000 	C:\WINDOWS\SYSTEM32\ntdll.dll
0x00007ff989d20000 - 0x00007ff989e5e000 	C:\WINDOWS\system32\KERNEL32.DLL
0x00007ff9897d0000 - 0x00007ff9898e5000 	C:\WINDOWS\system32\KERNELBASE.dll
0x00007ff987ff0000 - 0x00007ff98807e000 	C:\WINDOWS\system32\apphelp.dll
0x00007ff973750000 - 0x00007ff9737a3000 	C:\WINDOWS\AppPatch\AppPatch64\AcGenral.DLL
0x00007ff98a220000 - 0x00007ff98a2ca000 	C:\WINDOWS\system32\msvcrt.dll
0x00007ff9892a0000 - 0x00007ff9892ce000 	C:\WINDOWS\SYSTEM32\SspiCli.dll
0x00007ff98b980000 - 0x00007ff98b9d4000 	C:\WINDOWS\system32\SHLWAPI.dll
0x00007ff989f00000 - 0x00007ff98a077000 	C:\WINDOWS\system32\USER32.dll
0x00007ff98bb50000 - 0x00007ff98bce4000 	C:\WINDOWS\system32\ole32.dll
0x00007ff98a390000 - 0x00007ff98b8a8000 	C:\WINDOWS\system32\SHELL32.dll
0x00007ff988a10000 - 0x00007ff988a31000 	C:\WINDOWS\SYSTEM32\USERENV.dll
0x00007ff989c10000 - 0x00007ff989cba000 	C:\WINDOWS\system32\ADVAPI32.dll
0x00007ff97c880000 - 0x00007ff97c89e000 	C:\WINDOWS\SYSTEM32\MPR.dll
0x00007ff98b9e0000 - 0x00007ff98bb21000 	C:\WINDOWS\system32\RPCRT4.dll
0x00007ff9899a0000 - 0x00007ff9899f9000 	C:\WINDOWS\SYSTEM32\sechost.dll
0x00007ff98bed0000 - 0x00007ff98c0e1000 	C:\WINDOWS\SYSTEM32\combase.dll
0x00007ff98a0c0000 - 0x00007ff98a211000 	C:\WINDOWS\system32\GDI32.dll
0x00007ff989470000 - 0x00007ff989485000 	C:\WINDOWS\SYSTEM32\profapi.dll
0x00007ff987810000 - 0x00007ff9878c2000 	C:\WINDOWS\SYSTEM32\SHCORE.dll
0x00007ff98a080000 - 0x00007ff98a0b6000 	C:\WINDOWS\system32\IMM32.DLL
0x00007ff98c1c0000 - 0x00007ff98c312000 	C:\WINDOWS\system32\MSCTF.dll
0x00007ff986b90000 - 0x00007ff986e0b000 	C:\WINDOWS\WinSxS\amd64_microsoft.windows.common-controls_6595b64144ccf1df_6.0.9600.17415_none_6240486fecbd8abb\COMCTL32.dll
0x0000000075f50000 - 0x0000000076022000 	C:\Program Files\Java\jre1.8.0_25\bin\msvcr100.dll
0x0000000076ae0000 - 0x000000007733a000 	C:\Program Files\Java\jre1.8.0_25\bin\server\jvm.dll
0x00007ff9707d0000 - 0x00007ff9707d9000 	C:\WINDOWS\SYSTEM32\WSOCK32.dll
0x00007ff97ca00000 - 0x00007ff97ca22000 	C:\WINDOWS\SYSTEM32\WINMM.dll
0x00007ff989e80000 - 0x00007ff989e87000 	C:\WINDOWS\system32\PSAPI.DLL
0x00007ff989a00000 - 0x00007ff989a5a000 	C:\WINDOWS\system32\WS2_32.dll
0x00007ff97c8d0000 - 0x00007ff97c8fa000 	C:\WINDOWS\SYSTEM32\WINMMBASE.dll
0x00007ff98bb30000 - 0x00007ff98bb39000 	C:\WINDOWS\system32\NSI.dll
0x00007ff989950000 - 0x00007ff98999f000 	C:\WINDOWS\SYSTEM32\cfgmgr32.dll
0x00007ff988260000 - 0x00007ff988288000 	C:\WINDOWS\SYSTEM32\DEVOBJ.dll
0x0000000076ad0000 - 0x0000000076adf000 	C:\Program Files\Java\jre1.8.0_25\bin\verify.dll
0x0000000076aa0000 - 0x0000000076ac8000 	C:\Program Files\Java\jre1.8.0_25\bin\java.dll
0x0000000076a80000 - 0x0000000076a96000 	C:\Program Files\Java\jre1.8.0_25\bin\zip.dll
0x0000000075db0000 - 0x0000000075f48000 	C:\Program Files\Java\jre1.8.0_25\bin\awt.dll
0x00007ff98c0f0000 - 0x00007ff98c1b1000 	C:\WINDOWS\system32\OLEAUT32.dll
0x00007ff987610000 - 0x00007ff987631000 	C:\WINDOWS\system32\DWMAPI.DLL
0x00007ff988130000 - 0x00007ff988259000 	C:\WINDOWS\system32\uxtheme.dll
0x00007ff9882b0000 - 0x00007ff9882bb000 	C:\WINDOWS\SYSTEM32\kernel.appcore.dll
0x00007ff989340000 - 0x00007ff98934b000 	C:\WINDOWS\SYSTEM32\CRYPTBASE.dll
0x00007ff9892d0000 - 0x00007ff989333000 	C:\WINDOWS\SYSTEM32\bcryptPrimitives.dll
0x00007ff97e8c0000 - 0x00007ff97eae1000 	C:\WINDOWS\system32\d3d9.dll
0x00007ff987180000 - 0x00007ff98718a000 	C:\WINDOWS\SYSTEM32\VERSION.dll
0x00007ff986970000 - 0x00007ff986abb000 	C:\WINDOWS\SYSTEM32\aticfx64.dll
0x00007ff965270000 - 0x00007ff965291000 	C:\WINDOWS\SYSTEM32\atiu9p64.dll
0x00007ff964a80000 - 0x00007ff965265000 	C:\WINDOWS\SYSTEM32\atiumd64.dll
0x0000000076110000 - 0x00000000768c7000 	C:\WINDOWS\SYSTEM32\atiumd6a.dll
0x00000000769f0000 - 0x0000000076a37000 	C:\Program Files\Java\jre1.8.0_25\bin\fontmanager.dll
0x00007ff988ce0000 - 0x00007ff988d00000 	C:\WINDOWS\SYSTEM32\CRYPTSP.dll
0x00007ff988900000 - 0x00007ff988936000 	C:\WINDOWS\system32\rsaenh.dll
0x00007ff988f90000 - 0x00007ff988fb6000 	C:\WINDOWS\SYSTEM32\bcrypt.dll
0x0000000076a60000 - 0x0000000076a7a000 	C:\Program Files\Java\jre1.8.0_25\bin\net.dll
0x00007ff988c80000 - 0x00007ff988cd9000 	C:\WINDOWS\system32\mswsock.dll
0x00007ff9860b0000 - 0x00007ff9860da000 	C:\WINDOWS\SYSTEM32\IPHLPAPI.DLL
0x00007ff986050000 - 0x00007ff98605a000 	C:\WINDOWS\SYSTEM32\WINNSI.DLL
0x00007ff9841e0000 - 0x00007ff9841f6000 	C:\WINDOWS\SYSTEM32\dhcpcsvc6.DLL
0x00007ff984380000 - 0x00007ff98439a000 	C:\WINDOWS\SYSTEM32\dhcpcsvc.DLL
0x0000000076a40000 - 0x0000000076a51000 	C:\Program Files\Java\jre1.8.0_25\bin\nio.dll
0x00000000637c0000 - 0x00000000637cd000 	S:\Users\Ben\AppData\Local\Temp\jogamp_0000\file_cache\jln5120951505857889195\jln6395960029946241170\gluegen-rt.dll
0x00000000769e0000 - 0x00000000769e7000 	C:\Program Files\Java\jre1.8.0_25\bin\jawt.dll
0x000000006a440000 - 0x000000006a44d000 	S:\Users\Ben\AppData\Local\Temp\jogamp_0000\file_cache\jln5120951505857889195\jln6395960029946241170\nativewindow_awt.dll
0x000000006c100000 - 0x000000006c10f000 	S:\Users\Ben\AppData\Local\Temp\jogamp_0000\file_cache\jln5120951505857889195\jln6395960029946241170\nativewindow_win32.dll
0x00007ff960620000 - 0x00007ff96074b000 	C:\WINDOWS\SYSTEM32\OpenGL32.dll
0x00007ff97d7c0000 - 0x00007ff97d7ee000 	C:\WINDOWS\SYSTEM32\GLU32.dll
0x00007ff966bf0000 - 0x00007ff966ce8000 	C:\WINDOWS\SYSTEM32\DDRAW.dll
0x00007ff980290000 - 0x00007ff980299000 	C:\WINDOWS\SYSTEM32\DCIMAN32.dll
0x0000000064500000 - 0x00000000645a2000 	S:\Users\Ben\AppData\Local\Temp\jogamp_0000\file_cache\jln5120951505857889195\jln6395960029946241170\jogl_desktop.dll
0x00007ff97d720000 - 0x00007ff97d738000 	C:\WINDOWS\SYSTEM32\atig6pxx.dll
0x0000000074200000 - 0x0000000075daf000 	C:\WINDOWS\SYSTEM32\atio6axx.dll
0x00007ff98bcf0000 - 0x00007ff98beca000 	C:\WINDOWS\system32\SETUPAPI.dll
0x00007ff986120000 - 0x00007ff986257000 	C:\WINDOWS\SYSTEM32\atiadlxx.dll
0x00007ff986710000 - 0x00007ff98688f000 	C:\WINDOWS\SYSTEM32\PROPSYS.dll
0x00007ff988080000 - 0x00007ff988092000 	C:\WINDOWS\SYSTEM32\WTSAPI32.dll
0x00007ff9898f0000 - 0x00007ff989941000 	C:\WINDOWS\system32\WINTRUST.dll
0x00007ff989540000 - 0x00007ff98971f000 	C:\WINDOWS\system32\CRYPT32.dll
0x00007ff989520000 - 0x00007ff989531000 	C:\WINDOWS\system32\MSASN1.dll
0x00007ff973720000 - 0x00007ff973749000 	C:\WINDOWS\SYSTEM32\atig6txx.dll
0x00007ff95c1a0000 - 0x00007ff95c33c000 	O:\OneDrive\Workspace\ZZavatar\lib\user\KinectPV2\Kinect20.Face.dll
0x00007ff97c900000 - 0x00007ff97c9a7000 	C:\WINDOWS\SYSTEM32\MSVCP110.dll
0x00007ff981bc0000 - 0x00007ff981c8e000 	C:\WINDOWS\SYSTEM32\MSVCR110.dll
0x00007ff980280000 - 0x00007ff980290000 	O:\OneDrive\Workspace\ZZavatar\lib\user\KinectPV2\KinectPV2.dll
0x00007ff960560000 - 0x00007ff96061a000 	C:\WINDOWS\SYSTEM32\Kinect20.dll
0x00007ff97ca30000 - 0x00007ff97cb1b000 	C:\WINDOWS\SYSTEM32\MFPlat.DLL
0x00007ff97c8a0000 - 0x00007ff97c8c7000 	C:\WINDOWS\SYSTEM32\RTWorkQ.DLL
0x00007ff987050000 - 0x00007ff98705c000 	C:\WINDOWS\SYSTEM32\AVRT.dll
0x00000000741b0000 - 0x00000000741f1000 	C:\Program Files\Java\jre1.8.0_25\bin\t2k.dll
0x00007ff963e10000 - 0x00007ff963f9a000 	C:\WINDOWS\SYSTEM32\dbghelp.dll

VM Arguments:
jvm_args: -Djava.library.path=O:\OneDrive\Workspace\ZZavatar\lib\base\video;O:\OneDrive\Workspace\ZZavatar\lib\base\video;O:\OneDrive\Workspace\ZZavatar\lib\base\video;O:\OneDrive\Workspace\ZZavatar\lib\base\core;O:\OneDrive\Workspace\ZZavatar\lib\base\core;O:\OneDrive\Workspace\ZZavatar\lib\base\core;O:\OneDrive\Workspace\ZZavatar\lib\base\core;O:\OneDrive\Workspace\ZZavatar\lib\base\core;O:\OneDrive\Workspace\ZZavatar\lib\base\core;O:\OneDrive\Workspace\ZZavatar\lib\base\core;O:\OneDrive\Workspace\ZZavatar\lib\base\core;O:\OneDrive\Workspace\ZZavatar\lib\base\core;O:\OneDrive\Workspace\ZZavatar\lib\base\core;O:\OneDrive\Workspace\ZZavatar\lib\base\core;O:\OneDrive\Workspace\ZZavatar\lib\base\core;O:\OneDrive\Workspace\ZZavatar\lib\base\core;O:\OneDrive\Workspace\ZZavatar\lib\base\core;O:\OneDrive\Workspace\ZZavatar\lib\base\core;O:\OneDrive\Workspace\ZZavatar\lib\user\Kinect4WinSDK;O:\OneDrive\Workspace\ZZavatar\lib\user\KinectPV2;O:\OneDrive\Workspace\ZZavatar\lib\user\SimpleOpenNI -Dfile.encoding=Cp1252 
java_command: zzavatar.ZZavatar
java_class_path (initial): O:\OneDrive\Workspace\ZZavatar\lib\base\video\gstreamer-java.jar;O:\OneDrive\Workspace\ZZavatar\lib\base\video\jna.jar;O:\OneDrive\Workspace\ZZavatar\lib\base\video\video.jar;O:\OneDrive\Workspace\ZZavatar\lib\base\core\core.jar;O:\OneDrive\Workspace\ZZavatar\lib\base\core\gluegen-rt-natives-linux-amd64.jar;O:\OneDrive\Workspace\ZZavatar\lib\base\core\gluegen-rt-natives-linux-armv6hf.jar;O:\OneDrive\Workspace\ZZavatar\lib\base\core\gluegen-rt-natives-linux-i586.jar;O:\OneDrive\Workspace\ZZavatar\lib\base\core\gluegen-rt-natives-macosx-universal.jar;O:\OneDrive\Workspace\ZZavatar\lib\base\core\gluegen-rt-natives-windows-amd64.jar;O:\OneDrive\Workspace\ZZavatar\lib\base\core\gluegen-rt-natives-windows-i586.jar;O:\OneDrive\Workspace\ZZavatar\lib\base\core\gluegen-rt.jar;O:\OneDrive\Workspace\ZZavatar\lib\base\core\jogl-all-natives-linux-amd64.jar;O:\OneDrive\Workspace\ZZavatar\lib\base\core\jogl-all-natives-linux-armv6hf.jar;O:\OneDrive\Workspace\ZZavatar\lib\base\core\jogl-all-natives-linux-i586.jar;O:\OneDrive\Workspace\ZZavatar\lib\base\core\jogl-all-natives-macosx-universal.jar;O:\OneDrive\Workspace\ZZavatar\lib\base\core\jogl-all-natives-windows-amd64.jar;O:\OneDrive\Workspace\ZZavatar\lib\base\core\jogl-all-natives-windows-i586.jar;O:\OneDrive\Workspace\ZZavatar\lib\base\core\jogl-all.jar;O:\OneDrive\Workspace\ZZavatar\lib\user\Kinect4WinSDK\Kinect4WinSDK.jar;O:\OneDrive\Workspace\ZZavatar\lib\user\KinectPV2\KinectPV2.jar;O:\OneDrive\Workspace\ZZavatar\lib\user\SimpleOpenNI\SimpleOpenNI.jar;O:\OneDrive\Workspace\ZZavatar\bin
Launcher Type: SUN_STANDARD

Environment Variables:
JAVA_HOME=C:\Program Files\Java\jdk1.8.0_25
PATH=C:/Program Files/Java/jre1.8.0_25/bin/server;C:/Program Files/Java/jre1.8.0_25/bin;C:/Program Files/Java/jre1.8.0_25/lib/amd64;C:\Program Files (x86)\NVIDIA Corporation\PhysX\Common;C:\ProgramData\Oracle\Java\javapath;C:\Program Files (x86)\Common Files\Intel\Shared Libraries\redist\intel64\compiler;C:\Program Files (x86)\Common Files\Intel\Shared Libraries\redist\ia32\compiler;C:\Program Files (x86)\Intel\iCLS Client\;C:\Program Files\Intel\iCLS Client\;C:\Program Files (x86)\AMD APP\bin\x86_64;C:\Program Files (x86)\AMD APP\bin\x86;C:\WINDOWS\system32;C:\WINDOWS;C:\WINDOWS\System32\Wbem;C:\WINDOWS\System32\WindowsPowerShell\v1.0\;C:\Program Files (x86)\ATI Technologies\ATI.ACE\Core-Static;C:\Program Files\Intel\Intel(R) Management Engine Components\DAL;C:\Program Files\Intel\Intel(R) Management Engine Components\IPT;C:\Program Files (x86)\Intel\Intel(R) Management Engine Components\DAL;C:\Program Files (x86)\Intel\Intel(R) Management Engine Components\IPT;C:\Program Files\Sony\VAIO Improvement\;C:\Program Files (x86)\Sony\VAIO Startup Setting Tool;C:\Program Files (x86)\Windows Kits\8.1\Windows Performance Toolkit\;C:\Program Files\Microsoft SQL Server\110\Tools\Binn\;C:\Program Files (x86)\Microsoft SDKs\TypeScript\1.0\;C:\Program Files\Microsoft\Web Platform Installer\;C:\Program Files (x86)\Java\jre1.8.0_25\bin;P:\Programs\Python27\Scripts;P:\Programs\Python27;C:\Program Files\Common Files\Autodesk Shared\;P:\Program Files\Programs;P:\Program Files\Games;P:\Programs\Eclipse;
USERNAME=Benoît
OS=Windows_NT
PROCESSOR_IDENTIFIER=Intel64 Family 6 Model 58 Stepping 9, GenuineIntel



---------------  S Y S T E M  ---------------

OS: Windows 8.1 , 64 bit Build 9600 

CPU:total 8 (4 cores per cpu, 2 threads per core) family 6 model 58 stepping 9, cmov, cx8, fxsr, mmx, sse, sse2, sse3, ssse3, sse4.1, sse4.2, popcnt, avx, aes, clmul, erms, ht, tsc, tscinvbit, tscinv

Memory: 4k page, physical 6237468k(2132028k free), swap 10431772k(4328932k free)

vm_info: Java HotSpot(TM) 64-Bit Server VM (25.25-b02) for windows-amd64 JRE (1.8.0_25-b18), built on Oct  7 2014 14:25:37 by "java_re" with MS VC++ 10.0 (VS2010)

time: Fri Apr 24 19:27:53 2015
elapsed time: 17 seconds (0d 0h 0m 17s)

