#
# A fatal error has been detected by the Java Runtime Environment:
#
#  EXCEPTION_ACCESS_VIOLATION (0xc0000005) at pc=0x00007ff980284113, pid=4552, tid=8864
#
# JRE version: Java(TM) SE Runtime Environment (8.0_25-b18) (build 1.8.0_25-b18)
# Java VM: Java HotSpot(TM) 64-Bit Server VM (25.25-b02 mixed mode windows-amd64 compressed oops)
# Problematic frame:
# C  [KinectPV2.dll+0x4113]
#
# Failed to write core dump. Minidumps are not enabled by default on client versions of Windows
#
# If you would like to submit a bug report, please visit:
#   http://bugreport.sun.com/bugreport/crash.jsp
# The crash happened outside the Java Virtual Machine in native code.
# See problematic frame for where to report the bug.
#

---------------  T H R E A D  ---------------

Current thread (0x0000000019408800):  JavaThread "Animation Thread" [_thread_in_native, id=8864, stack(0x000000001c4f0000,0x000000001c5f0000)]

siginfo: ExceptionCode=0xc0000005, reading address 0x00000000674d6351

Registers:
RAX=0x00000000674d6341, RBX=0x000000002dba2040, RCX=0x000000001ed60ae0, RDX=0x0000000000000000
RSP=0x000000001c5ee6a0, RBP=0x0000000000000006, RSI=0x0000000000000000, RDI=0x000000001f350688
R8 =0x000000001c5ee368, R9 =0x0000000000008000, R10=0x0000000000000000, R11=0x000000001c5ee5a0
R12=0x0000000000000000, R13=0x000000001f89e1a8, R14=0x0000000000000000, R15=0x0000000019408800
RIP=0x00007ff980284113, EFLAGS=0x0000000000010202

Top of Stack: (sp=0x000000001c5ee6a0)
0x000000001c5ee6a0:   000000001f350658 000000001fc35158
0x000000001c5ee6b0:   000000001f350658 0000000000000000
0x000000001c5ee6c0:   000000001c5ee790 00007ff980281fba
0x000000001c5ee6d0:   000000001c5ee790 000000001c5ee770
0x000000001c5ee6e0:   00000000194089e8 00000000193f4df0
0x000000001c5ee6f0:   00000000a3b11980 0000000002445b74
0x000000001c5ee700:   000000001f89e1a8 0000000000000021
0x000000001c5ee710:   0000000000000021 0000000019408800
0x000000001c5ee720:   000000001c5ee7e8 00000000024458a2
0x000000001c5ee730:   000000001c5ee730 000000001f89e1a8
0x000000001c5ee740:   000000001c5ee790 000000001f89f138
0x000000001c5ee750:   0000000000000000 000000001f89e1a8
0x000000001c5ee760:   0000000000000000 000000001c5ee790
0x000000001c5ee770:   000000001c5ee7d8 0000000002437a2d
0x000000001c5ee780:   0000000000000000 000000000243f6b8
0x000000001c5ee790:   00000000a38be4e8 000000001c5ee798 

Instructions: (pc=0x00007ff980284113)
0x00007ff9802840f3:   48 8b 0f 48 85 c9 74 09 48 8b 01 ff 50 10 4c 89
0x00007ff980284103:   37 48 8b 8f 90 00 00 00 48 85 c9 74 0d 48 8b 01
0x00007ff980284113:   ff 50 10 4c 89 b7 90 00 00 00 48 8b 4f 30 48 85
0x00007ff980284123:   c9 74 0a 48 8b 01 ff 50 10 4c 89 77 30 48 8b 4f 


Register to memory mapping:

RAX=0x00000000674d6341 is an unknown value
RBX=0x000000002dba2040 is an unknown value
RCX=0x000000001ed60ae0 is an unknown value
RDX=0x0000000000000000 is an unknown value
RSP=0x000000001c5ee6a0 is pointing into the stack for thread: 0x0000000019408800
RBP=0x0000000000000006 is an unknown value
RSI=0x0000000000000000 is an unknown value
RDI=0x000000001f350688 is an unknown value
R8 =0x000000001c5ee368 is pointing into the stack for thread: 0x0000000019408800
R9 =0x0000000000008000 is an unknown value
R10=0x0000000000000000 is an unknown value
R11=0x000000001c5ee5a0 is pointing into the stack for thread: 0x0000000019408800
R12=0x0000000000000000 is an unknown value
R13={method} {0x000000001f89e1b0} 'jniStopDevice' '()V' in 'KinectPV2/Device'
R14=0x0000000000000000 is an unknown value
R15=0x0000000019408800 is a thread


Stack: [0x000000001c4f0000,0x000000001c5f0000],  sp=0x000000001c5ee6a0,  free space=1017k
Native frames: (J=compiled Java code, j=interpreted, Vv=VM code, C=native code)
C  [KinectPV2.dll+0x4113]
C  [KinectPV2.dll+0x1fba]
C  0x0000000002445b74

Java frames: (J=compiled Java code, j=interpreted, Vv=VM code)
j  KinectPV2.Device.jniStopDevice()V+0
j  KinectPV2.Device.stopDevice()V+41
j  KinectPV2.KinectPV2.dispose()V+14
v  ~StubRoutines::call_stub
j  sun.reflect.NativeMethodAccessorImpl.invoke0(Ljava/lang/reflect/Method;Ljava/lang/Object;[Ljava/lang/Object;)Ljava/lang/Object;+0
j  sun.reflect.NativeMethodAccessorImpl.invoke(Ljava/lang/Object;[Ljava/lang/Object;)Ljava/lang/Object;+100
J 2106 C1 sun.reflect.DelegatingMethodAccessorImpl.invoke(Ljava/lang/Object;[Ljava/lang/Object;)Ljava/lang/Object; (10 bytes) @ 0x0000000002be9244 [0x0000000002be9140+0x104]
J 2105 C1 java.lang.reflect.Method.invoke(Ljava/lang/Object;[Ljava/lang/Object;)Ljava/lang/Object; (62 bytes) @ 0x0000000002bea9e4 [0x0000000002bea600+0x3e4]
j  processing.core.PApplet$RegisteredMethods.handle([Ljava/lang/Object;)V+18
J 1905 C1 processing.core.PApplet.handleMethods(Ljava/lang/String;)V (21 bytes) @ 0x0000000002b2869c [0x0000000002b283e0+0x2bc]
j  processing.core.PApplet.dispose()V+35
j  processing.core.PApplet.run()V+283
j  java.lang.Thread.run()V+11
v  ~StubRoutines::call_stub

---------------  P R O C E S S  ---------------

Java Threads: ( => current thread )
  0x000000001d810800 JavaThread "Animation Thread-SharedResourceRunner" daemon [_thread_blocked, id=8504, stack(0x000000001e7c0000,0x000000001e8c0000)]
  0x000000000232e800 JavaThread "DestroyJavaVM" [_thread_blocked, id=1220, stack(0x0000000002210000,0x0000000002310000)]
  0x000000001940a000 JavaThread "D3D Screen Updater" daemon [_thread_blocked, id=4568, stack(0x000000001c7f0000,0x000000001c8f0000)]
=>0x0000000019408800 JavaThread "Animation Thread" [_thread_in_native, id=8864, stack(0x000000001c4f0000,0x000000001c5f0000)]
  0x00000000193ea800 JavaThread "AWT-EventQueue-0" [_thread_blocked, id=968, stack(0x000000001c2f0000,0x000000001c3f0000)]
  0x00000000193b2000 JavaThread "AWT-Windows" daemon [_thread_in_native, id=7656, stack(0x0000000019cc0000,0x0000000019dc0000)]
  0x00000000193b1800 JavaThread "AWT-Shutdown" [_thread_blocked, id=3992, stack(0x0000000019bc0000,0x0000000019cc0000)]
  0x00000000193b0800 JavaThread "Java2D Disposer" daemon [_thread_blocked, id=8140, stack(0x0000000019ac0000,0x0000000019bc0000)]
  0x0000000018220000 JavaThread "Service Thread" daemon [_thread_blocked, id=1296, stack(0x0000000018b60000,0x0000000018c60000)]
  0x000000001819a000 JavaThread "C1 CompilerThread3" daemon [_thread_blocked, id=7904, stack(0x0000000018a60000,0x0000000018b60000)]
  0x0000000018195000 JavaThread "C2 CompilerThread2" daemon [_thread_blocked, id=5084, stack(0x0000000018960000,0x0000000018a60000)]
  0x000000001818b800 JavaThread "C2 CompilerThread1" daemon [_thread_blocked, id=7276, stack(0x0000000018860000,0x0000000018960000)]
  0x0000000018189000 JavaThread "C2 CompilerThread0" daemon [_thread_blocked, id=5228, stack(0x0000000018760000,0x0000000018860000)]
  0x0000000018186800 JavaThread "Attach Listener" daemon [_thread_blocked, id=7484, stack(0x0000000018660000,0x0000000018760000)]
  0x0000000018186000 JavaThread "Signal Dispatcher" daemon [_thread_blocked, id=3100, stack(0x0000000018560000,0x0000000018660000)]
  0x0000000002429800 JavaThread "Finalizer" daemon [_thread_blocked, id=7908, stack(0x0000000018060000,0x0000000018160000)]
  0x000000001617c800 JavaThread "Reference Handler" daemon [_thread_blocked, id=8212, stack(0x0000000017f60000,0x0000000018060000)]

Other Threads:
  0x0000000016178800 VMThread [stack: 0x0000000017e60000,0x0000000017f60000] [id=8908]
  0x0000000018222000 WatcherThread [stack: 0x0000000018c60000,0x0000000018d60000] [id=1648]

VM state:not at safepoint (normal execution)

VM Mutex/Monitor currently owned by a thread: None

Heap:
 PSYoungGen      total 452096K, used 282682K [0x00000000e0400000, 0x00000000fc900000, 0x0000000100000000)
  eden space 439808K, 64% used [0x00000000e0400000,0x00000000f17e6850,0x00000000fb180000)
  from space 12288K, 1% used [0x00000000fb180000,0x00000000fb1a8000,0x00000000fbd80000)
  to   space 11264K, 0% used [0x00000000fbe00000,0x00000000fbe00000,0x00000000fc900000)
 ParOldGen       total 223232K, used 155452K [0x00000000a0c00000, 0x00000000ae600000, 0x00000000e0400000)
  object space 223232K, 69% used [0x00000000a0c00000,0x00000000aa3cf2f8,0x00000000ae600000)
 Metaspace       used 18041K, capacity 18217K, committed 18560K, reserved 1067008K
  class space    used 1735K, capacity 1793K, committed 1920K, reserved 1048576K

Card table byte_map: [0x00000000117f0000,0x0000000011af0000] byte_map_base: 0x00000000112ea000

Marking Bits: (ParMarkBitMap*) 0x00000000772bd490
 Begin Bits: [0x00000000124f0000, 0x0000000013cc0000)
 End Bits:   [0x0000000013cc0000, 0x0000000015490000)

Polling page: 0x0000000000a40000

CodeCache: size=245760Kb used=8279Kb max_used=9130Kb free=237480Kb
 bounds [0x0000000002430000, 0x0000000002d40000, 0x0000000011430000]
 total_blobs=3125 nmethods=2254 adapters=785
 compilation: enabled

Compilation events (10 events):
Event: 34.198 Thread 0x000000001819a000 2470       3       zzavatar.ZZModel::draw (26 bytes)
Event: 34.199 Thread 0x000000001819a000 nmethod 2470 0x0000000002730690 code [0x0000000002730880, 0x00000000027311f8]
Event: 34.484 Thread 0x000000001818b800 2471       4       sun.awt.AppContext::getAppContext (51 bytes)
Event: 34.485 Thread 0x000000001818b800 nmethod 2471 0x00000000025dc750 code [0x00000000025dc8a0, 0x00000000025dc968]
Event: 34.563 Thread 0x0000000018189000 2472       4       processing.core.PApplet::println (8 bytes)
Event: 34.564 Thread 0x0000000018189000 nmethod 2472 0x0000000002635b50 code [0x0000000002635ca0, 0x0000000002635d38]
Event: 34.834 Thread 0x0000000018195000 2473       4       processing.core.PApplet::shape (24 bytes)
Event: 34.835 Thread 0x0000000018195000 nmethod 2473 0x0000000002791a50 code [0x0000000002791ba0, 0x0000000002791c68]
Event: 35.142 Thread 0x000000001818b800 2474       4       processing.opengl.PGL::updateIntBuffer (41 bytes)
Event: 35.146 Thread 0x000000001818b800 nmethod 2474 0x00000000025c7e50 code [0x00000000025c7fc0, 0x00000000025c8248]

GC Heap History (10 events):
Event: 32.511 GC heap before
{Heap before GC invocations=60 (full 3):
 PSYoungGen      total 450048K, used 431196K [0x00000000e0400000, 0x00000000fcb00000, 0x0000000100000000)
  eden space 436224K, 98% used [0x00000000e0400000,0x00000000fa8f72d0,0x00000000fae00000)
  from space 13824K, 0% used [0x00000000fbd80000,0x00000000fbda0000,0x00000000fcb00000)
  to   space 14848K, 0% used [0x00000000fae00000,0x00000000fae00000,0x00000000fbc80000)
 ParOldGen       total 223232K, used 155420K [0x00000000a0c00000, 0x00000000ae600000, 0x00000000e0400000)
  object space 223232K, 69% used [0x00000000a0c00000,0x00000000aa3c72f8,0x00000000ae600000)
 Metaspace       used 18006K, capacity 18217K, committed 18560K, reserved 1067008K
  class space    used 1723K, capacity 1793K, committed 1920K, reserved 1048576K
Event: 32.512 GC heap after
Heap after GC invocations=60 (full 3):
 PSYoungGen      total 451072K, used 160K [0x00000000e0400000, 0x00000000fcc00000, 0x0000000100000000)
  eden space 436224K, 0% used [0x00000000e0400000,0x00000000e0400000,0x00000000fae00000)
  from space 14848K, 1% used [0x00000000fae00000,0x00000000fae28000,0x00000000fbc80000)
  to   space 14336K, 0% used [0x00000000fbe00000,0x00000000fbe00000,0x00000000fcc00000)
 ParOldGen       total 223232K, used 155420K [0x00000000a0c00000, 0x00000000ae600000, 0x00000000e0400000)
  object space 223232K, 69% used [0x00000000a0c00000,0x00000000aa3c72f8,0x00000000ae600000)
 Metaspace       used 18006K, capacity 18217K, committed 18560K, reserved 1067008K
  class space    used 1723K, capacity 1793K, committed 1920K, reserved 1048576K
}
Event: 33.177 GC heap before
{Heap before GC invocations=61 (full 3):
 PSYoungGen      total 451072K, used 431039K [0x00000000e0400000, 0x00000000fcc00000, 0x0000000100000000)
  eden space 436224K, 98% used [0x00000000e0400000,0x00000000fa8c7d30,0x00000000fae00000)
  from space 14848K, 1% used [0x00000000fae00000,0x00000000fae28000,0x00000000fbc80000)
  to   space 14336K, 0% used [0x00000000fbe00000,0x00000000fbe00000,0x00000000fcc00000)
 ParOldGen       total 223232K, used 155420K [0x00000000a0c00000, 0x00000000ae600000, 0x00000000e0400000)
  object space 223232K, 69% used [0x00000000a0c00000,0x00000000aa3c72f8,0x00000000ae600000)
 Metaspace       used 18006K, capacity 18217K, committed 18560K, reserved 1067008K
  class space    used 1723K, capacity 1793K, committed 1920K, reserved 1048576K
Event: 33.178 GC heap after
Heap after GC invocations=61 (full 3):
 PSYoungGen      total 451584K, used 128K [0x00000000e0400000, 0x00000000fcb00000, 0x0000000100000000)
  eden space 438272K, 0% used [0x00000000e0400000,0x00000000e0400000,0x00000000fb000000)
  from space 13312K, 0% used [0x00000000fbe00000,0x00000000fbe20000,0x00000000fcb00000)
  to   space 13824K, 0% used [0x00000000fb000000,0x00000000fb000000,0x00000000fbd80000)
 ParOldGen       total 223232K, used 155420K [0x00000000a0c00000, 0x00000000ae600000, 0x00000000e0400000)
  object space 223232K, 69% used [0x00000000a0c00000,0x00000000aa3c72f8,0x00000000ae600000)
 Metaspace       used 18006K, capacity 18217K, committed 18560K, reserved 1067008K
  class space    used 1723K, capacity 1793K, committed 1920K, reserved 1048576K
}
Event: 33.844 GC heap before
{Heap before GC invocations=62 (full 3):
 PSYoungGen      total 451584K, used 431706K [0x00000000e0400000, 0x00000000fcb00000, 0x0000000100000000)
  eden space 438272K, 98% used [0x00000000e0400000,0x00000000fa9769d0,0x00000000fb000000)
  from space 13312K, 0% used [0x00000000fbe00000,0x00000000fbe20000,0x00000000fcb00000)
  to   space 13824K, 0% used [0x00000000fb000000,0x00000000fb000000,0x00000000fbd80000)
 ParOldGen       total 223232K, used 155420K [0x00000000a0c00000, 0x00000000ae600000, 0x00000000e0400000)
  object space 223232K, 69% used [0x00000000a0c00000,0x00000000aa3c72f8,0x00000000ae600000)
 Metaspace       used 18006K, capacity 18217K, committed 18560K, reserved 1067008K
  class space    used 1723K, capacity 1793K, committed 1920K, reserved 1048576K
Event: 33.845 GC heap after
Heap after GC invocations=62 (full 3):
 PSYoungGen      total 452096K, used 192K [0x00000000e0400000, 0x00000000fca80000, 0x0000000100000000)
  eden space 438272K, 0% used [0x00000000e0400000,0x00000000e0400000,0x00000000fb000000)
  from space 13824K, 1% used [0x00000000fb000000,0x00000000fb030000,0x00000000fbd80000)
  to   space 12800K, 0% used [0x00000000fbe00000,0x00000000fbe00000,0x00000000fca80000)
 ParOldGen       total 223232K, used 155436K [0x00000000a0c00000, 0x00000000ae600000, 0x00000000e0400000)
  object space 223232K, 69% used [0x00000000a0c00000,0x00000000aa3cb2f8,0x00000000ae600000)
 Metaspace       used 18006K, capacity 18217K, committed 18560K, reserved 1067008K
  class space    used 1723K, capacity 1793K, committed 1920K, reserved 1048576K
}
Event: 34.511 GC heap before
{Heap before GC invocations=63 (full 3):
 PSYoungGen      total 452096K, used 438464K [0x00000000e0400000, 0x00000000fca80000, 0x0000000100000000)
  eden space 438272K, 100% used [0x00000000e0400000,0x00000000fb000000,0x00000000fb000000)
  from space 13824K, 1% used [0x00000000fb000000,0x00000000fb030000,0x00000000fbd80000)
  to   space 12800K, 0% used [0x00000000fbe00000,0x00000000fbe00000,0x00000000fca80000)
 ParOldGen       total 223232K, used 155436K [0x00000000a0c00000, 0x00000000ae600000, 0x00000000e0400000)
  object space 223232K, 69% used [0x00000000a0c00000,0x00000000aa3cb2f8,0x00000000ae600000)
 Metaspace       used 18006K, capacity 18217K, committed 18560K, reserved 1067008K
  class space    used 1723K, capacity 1793K, committed 1920K, reserved 1048576K
Event: 34.512 GC heap after
Heap after GC invocations=63 (full 3):
 PSYoungGen      total 451584K, used 192K [0x00000000e0400000, 0x00000000fc980000, 0x0000000100000000)
  eden space 439808K, 0% used [0x00000000e0400000,0x00000000e0400000,0x00000000fb180000)
  from space 11776K, 1% used [0x00000000fbe00000,0x00000000fbe30000,0x00000000fc980000)
  to   space 12288K, 0% used [0x00000000fb180000,0x00000000fb180000,0x00000000fbd80000)
 ParOldGen       total 223232K, used 155452K [0x00000000a0c00000, 0x00000000ae600000, 0x00000000e0400000)
  object space 223232K, 69% used [0x00000000a0c00000,0x00000000aa3cf2f8,0x00000000ae600000)
 Metaspace       used 18006K, capacity 18217K, committed 18560K, reserved 1067008K
  class space    used 1723K, capacity 1793K, committed 1920K, reserved 1048576K
}
Event: 35.209 GC heap before
{Heap before GC invocations=64 (full 3):
 PSYoungGen      total 451584K, used 439394K [0x00000000e0400000, 0x00000000fc980000, 0x0000000100000000)
  eden space 439808K, 99% used [0x00000000e0400000,0x00000000fb0e8948,0x00000000fb180000)
  from space 11776K, 1% used [0x00000000fbe00000,0x00000000fbe30000,0x00000000fc980000)
  to   space 12288K, 0% used [0x00000000fb180000,0x00000000fb180000,0x00000000fbd80000)
 ParOldGen       total 223232K, used 155452K [0x00000000a0c00000, 0x00000000ae600000, 0x00000000e0400000)
  object space 223232K, 69% used [0x00000000a0c00000,0x00000000aa3cf2f8,0x00000000ae600000)
 Metaspace       used 18006K, capacity 18217K, committed 18560K, reserved 1067008K
  class space    used 1723K, capacity 1793K, committed 1920K, reserved 1048576K
Event: 35.210 GC heap after
Heap after GC invocations=64 (full 3):
 PSYoungGen      total 452096K, used 160K [0x00000000e0400000, 0x00000000fc900000, 0x0000000100000000)
  eden space 439808K, 0% used [0x00000000e0400000,0x00000000e0400000,0x00000000fb180000)
  from space 12288K, 1% used [0x00000000fb180000,0x00000000fb1a8000,0x00000000fbd80000)
  to   space 11264K, 0% used [0x00000000fbe00000,0x00000000fbe00000,0x00000000fc900000)
 ParOldGen       total 223232K, used 155452K [0x00000000a0c00000, 0x00000000ae600000, 0x00000000e0400000)
  object space 223232K, 69% used [0x00000000a0c00000,0x00000000aa3cf2f8,0x00000000ae600000)
 Metaspace       used 18006K, capacity 18217K, committed 18560K, reserved 1067008K
  class space    used 1723K, capacity 1793K, committed 1920K, reserved 1048576K
}

Deoptimization events (10 events):
Event: 15.368 Thread 0x00000000193ea800 Uncommon trap: reason=speculate_class_check action=maybe_recompile pc=0x0000000002c709dc method=com.jogamp.common.nio.Buffers.getDirectBufferByteOffset(Ljava/lang/Object;)I @ 22
Event: 15.377 Thread 0x00000000193ea800 Uncommon trap: reason=speculate_class_check action=maybe_recompile pc=0x0000000002c7ac90 method=com.jogamp.common.nio.Buffers.getDirectBufferByteOffset(Ljava/lang/Object;)I @ 31
Event: 15.377 Thread 0x00000000193ea800 Uncommon trap: reason=speculate_class_check action=maybe_recompile pc=0x0000000002c7ac90 method=com.jogamp.common.nio.Buffers.getDirectBufferByteOffset(Ljava/lang/Object;)I @ 31
Event: 15.611 Thread 0x00000000193ea800 Uncommon trap: reason=speculate_class_check action=maybe_recompile pc=0x0000000002c76008 method=com.jogamp.common.nio.Buffers.getDirectBufferByteOffset(Ljava/lang/Object;)I @ 31
Event: 15.611 Thread 0x00000000193ea800 Uncommon trap: reason=speculate_class_check action=maybe_recompile pc=0x0000000002c76008 method=com.jogamp.common.nio.Buffers.getDirectBufferByteOffset(Ljava/lang/Object;)I @ 31
Event: 15.637 Thread 0x00000000193ea800 Uncommon trap: reason=speculate_class_check action=maybe_recompile pc=0x0000000002c864ac method=com.jogamp.common.nio.Buffers.getDirectBufferByteOffset(Ljava/lang/Object;)I @ 42
Event: 15.645 Thread 0x00000000193ea800 Uncommon trap: reason=speculate_class_check action=maybe_recompile pc=0x0000000002c864ac method=com.jogamp.common.nio.Buffers.getDirectBufferByteOffset(Ljava/lang/Object;)I @ 42
Event: 15.868 Thread 0x00000000193ea800 Uncommon trap: reason=speculate_class_check action=maybe_recompile pc=0x0000000002c821bc method=com.jogamp.common.nio.Buffers.getDirectBufferByteOffset(Ljava/lang/Object;)I @ 53
Event: 15.877 Thread 0x00000000193ea800 Uncommon trap: reason=speculate_class_check action=maybe_recompile pc=0x0000000002c88de0 method=com.jogamp.common.nio.Buffers.getDirectBufferByteOffset(Ljava/lang/Object;)I @ 53
Event: 15.886 Thread 0x00000000193ea800 Uncommon trap: reason=speculate_class_check action=maybe_recompile pc=0x0000000002c821bc method=com.jogamp.common.nio.Buffers.getDirectBufferByteOffset(Ljava/lang/Object;)I @ 53

Internal exceptions (10 events):
Event: 4.232 Thread 0x00000000193ea800 Exception <a 'java/security/PrivilegedActionException'> (0x00000000e171b3b8) thrown at [D:\re\workspace\8-2-build-windows-amd64-cygwin\jdk8u25\1677\hotspot\src\share\vm\prims\jvm.cpp, line 1312]
Event: 4.232 Thread 0x00000000193ea800 Exception <a 'java/security/PrivilegedActionException'> (0x00000000e171f278) thrown at [D:\re\workspace\8-2-build-windows-amd64-cygwin\jdk8u25\1677\hotspot\src\share\vm\prims\jvm.cpp, line 1312]
Event: 4.232 Thread 0x00000000193ea800 Exception <a 'java/security/PrivilegedActionException'> (0x00000000e1723680) thrown at [D:\re\workspace\8-2-build-windows-amd64-cygwin\jdk8u25\1677\hotspot\src\share\vm\prims\jvm.cpp, line 1312]
Event: 4.232 Thread 0x00000000193ea800 Exception <a 'java/security/PrivilegedActionException'> (0x00000000e1727a68) thrown at [D:\re\workspace\8-2-build-windows-amd64-cygwin\jdk8u25\1677\hotspot\src\share\vm\prims\jvm.cpp, line 1312]
Event: 4.233 Thread 0x00000000193ea800 Exception <a 'java/security/PrivilegedActionException'> (0x00000000e172b5c0) thrown at [D:\re\workspace\8-2-build-windows-amd64-cygwin\jdk8u25\1677\hotspot\src\share\vm\prims\jvm.cpp, line 1312]
Event: 4.233 Thread 0x00000000193ea800 Exception <a 'java/security/PrivilegedActionException'> (0x00000000e3e04810) thrown at [D:\re\workspace\8-2-build-windows-amd64-cygwin\jdk8u25\1677\hotspot\src\share\vm\prims\jvm.cpp, line 1312]
Event: 4.233 Thread 0x00000000193ea800 Exception <a 'java/security/PrivilegedActionException'> (0x00000000e3e07f48) thrown at [D:\re\workspace\8-2-build-windows-amd64-cygwin\jdk8u25\1677\hotspot\src\share\vm\prims\jvm.cpp, line 1312]
Event: 4.234 Thread 0x00000000193ea800 Exception <a 'java/security/PrivilegedActionException'> (0x00000000e3e0be90) thrown at [D:\re\workspace\8-2-build-windows-amd64-cygwin\jdk8u25\1677\hotspot\src\share\vm\prims\jvm.cpp, line 1312]
Event: 4.234 Thread 0x00000000193ea800 Exception <a 'java/security/PrivilegedActionException'> (0x00000000e3e11da0) thrown at [D:\re\workspace\8-2-build-windows-amd64-cygwin\jdk8u25\1677\hotspot\src\share\vm\prims\jvm.cpp, line 1312]
Event: 4.251 Thread 0x00000000193ea800 Exception <a 'java/security/PrivilegedActionException'> (0x00000000e3eed3b0) thrown at [D:\re\workspace\8-2-build-windows-amd64-cygwin\jdk8u25\1677\hotspot\src\share\vm\prims\jvm.cpp, line 1312]

Events (10 events):
Event: 36.085 loading class javax/swing/JComponent$IntVector done
Event: 36.085 loading class javax/swing/KeyboardManager
Event: 36.085 loading class javax/swing/KeyboardManager done
Event: 36.085 loading class javax/swing/Popup$HeavyWeightWindow
Event: 36.085 loading class sun/awt/ModalExclude
Event: 36.085 loading class sun/awt/ModalExclude done
Event: 36.085 loading class javax/swing/JWindow
Event: 36.085 loading class javax/swing/JWindow done
Event: 36.085 loading class javax/swing/Popup$HeavyWeightWindow done
Event: 36.118 Thread 0x00000000196dc800 Thread exited: 0x00000000196dc800


Dynamic libraries:
0x00007ff669010000 - 0x00007ff669044000 	C:\Program Files\Java\jre1.8.0_25\bin\javaw.exe
0x00007ff98c320000 - 0x00007ff98c4cc000 	C:\WINDOWS\SYSTEM32\ntdll.dll
0x00007ff989d20000 - 0x00007ff989e5e000 	C:\WINDOWS\system32\KERNEL32.DLL
0x00007ff9897d0000 - 0x00007ff9898e5000 	C:\WINDOWS\system32\KERNELBASE.dll
0x00007ff987ff0000 - 0x00007ff98807e000 	C:\WINDOWS\system32\apphelp.dll
0x00007ff973750000 - 0x00007ff9737a3000 	C:\WINDOWS\AppPatch\AppPatch64\AcGenral.DLL
0x00007ff98a220000 - 0x00007ff98a2ca000 	C:\WINDOWS\system32\msvcrt.dll
0x00007ff9892a0000 - 0x00007ff9892ce000 	C:\WINDOWS\SYSTEM32\SspiCli.dll
0x00007ff98b980000 - 0x00007ff98b9d4000 	C:\WINDOWS\system32\SHLWAPI.dll
0x00007ff989f00000 - 0x00007ff98a077000 	C:\WINDOWS\system32\USER32.dll
0x00007ff98bb50000 - 0x00007ff98bce4000 	C:\WINDOWS\system32\ole32.dll
0x00007ff98a390000 - 0x00007ff98b8a8000 	C:\WINDOWS\system32\SHELL32.dll
0x00007ff988a10000 - 0x00007ff988a31000 	C:\WINDOWS\SYSTEM32\USERENV.dll
0x00007ff989c10000 - 0x00007ff989cba000 	C:\WINDOWS\system32\ADVAPI32.dll
0x00007ff97c880000 - 0x00007ff97c89e000 	C:\WINDOWS\SYSTEM32\MPR.dll
0x00007ff98b9e0000 - 0x00007ff98bb21000 	C:\WINDOWS\system32\RPCRT4.dll
0x00007ff9899a0000 - 0x00007ff9899f9000 	C:\WINDOWS\SYSTEM32\sechost.dll
0x00007ff98bed0000 - 0x00007ff98c0e1000 	C:\WINDOWS\SYSTEM32\combase.dll
0x00007ff98a0c0000 - 0x00007ff98a211000 	C:\WINDOWS\system32\GDI32.dll
0x00007ff989470000 - 0x00007ff989485000 	C:\WINDOWS\SYSTEM32\profapi.dll
0x00007ff987810000 - 0x00007ff9878c2000 	C:\WINDOWS\SYSTEM32\SHCORE.dll
0x00007ff98a080000 - 0x00007ff98a0b6000 	C:\WINDOWS\system32\IMM32.DLL
0x00007ff98c1c0000 - 0x00007ff98c312000 	C:\WINDOWS\system32\MSCTF.dll
0x00007ff986b90000 - 0x00007ff986e0b000 	C:\WINDOWS\WinSxS\amd64_microsoft.windows.common-controls_6595b64144ccf1df_6.0.9600.17415_none_6240486fecbd8abb\COMCTL32.dll
0x0000000075f50000 - 0x0000000076022000 	C:\Program Files\Java\jre1.8.0_25\bin\msvcr100.dll
0x0000000076ae0000 - 0x000000007733a000 	C:\Program Files\Java\jre1.8.0_25\bin\server\jvm.dll
0x00007ff9707d0000 - 0x00007ff9707d9000 	C:\WINDOWS\SYSTEM32\WSOCK32.dll
0x00007ff97ca00000 - 0x00007ff97ca22000 	C:\WINDOWS\SYSTEM32\WINMM.dll
0x00007ff989e80000 - 0x00007ff989e87000 	C:\WINDOWS\system32\PSAPI.DLL
0x00007ff989a00000 - 0x00007ff989a5a000 	C:\WINDOWS\system32\WS2_32.dll
0x00007ff97c8d0000 - 0x00007ff97c8fa000 	C:\WINDOWS\SYSTEM32\WINMMBASE.dll
0x00007ff98bb30000 - 0x00007ff98bb39000 	C:\WINDOWS\system32\NSI.dll
0x00007ff989950000 - 0x00007ff98999f000 	C:\WINDOWS\SYSTEM32\cfgmgr32.dll
0x00007ff988260000 - 0x00007ff988288000 	C:\WINDOWS\SYSTEM32\DEVOBJ.dll
0x0000000076ad0000 - 0x0000000076adf000 	C:\Program Files\Java\jre1.8.0_25\bin\verify.dll
0x0000000076aa0000 - 0x0000000076ac8000 	C:\Program Files\Java\jre1.8.0_25\bin\java.dll
0x0000000076a80000 - 0x0000000076a96000 	C:\Program Files\Java\jre1.8.0_25\bin\zip.dll
0x0000000075db0000 - 0x0000000075f48000 	C:\Program Files\Java\jre1.8.0_25\bin\awt.dll
0x00007ff98c0f0000 - 0x00007ff98c1b1000 	C:\WINDOWS\system32\OLEAUT32.dll
0x00007ff987610000 - 0x00007ff987631000 	C:\WINDOWS\system32\DWMAPI.DLL
0x00007ff988130000 - 0x00007ff988259000 	C:\WINDOWS\system32\uxtheme.dll
0x00007ff9882b0000 - 0x00007ff9882bb000 	C:\WINDOWS\SYSTEM32\kernel.appcore.dll
0x00007ff989340000 - 0x00007ff98934b000 	C:\WINDOWS\SYSTEM32\CRYPTBASE.dll
0x00007ff9892d0000 - 0x00007ff989333000 	C:\WINDOWS\SYSTEM32\bcryptPrimitives.dll
0x00007ff97e8c0000 - 0x00007ff97eae1000 	C:\WINDOWS\system32\d3d9.dll
0x00007ff987180000 - 0x00007ff98718a000 	C:\WINDOWS\SYSTEM32\VERSION.dll
0x00007ff986970000 - 0x00007ff986abb000 	C:\WINDOWS\SYSTEM32\aticfx64.dll
0x00007ff965270000 - 0x00007ff965291000 	C:\WINDOWS\SYSTEM32\atiu9p64.dll
0x00007ff964a80000 - 0x00007ff965265000 	C:\WINDOWS\SYSTEM32\atiumd64.dll
0x0000000076110000 - 0x00000000768c7000 	C:\WINDOWS\SYSTEM32\atiumd6a.dll
0x00000000769f0000 - 0x0000000076a37000 	C:\Program Files\Java\jre1.8.0_25\bin\fontmanager.dll
0x00007ff988ce0000 - 0x00007ff988d00000 	C:\WINDOWS\SYSTEM32\CRYPTSP.dll
0x00007ff988900000 - 0x00007ff988936000 	C:\WINDOWS\system32\rsaenh.dll
0x00007ff988f90000 - 0x00007ff988fb6000 	C:\WINDOWS\SYSTEM32\bcrypt.dll
0x0000000076a60000 - 0x0000000076a7a000 	C:\Program Files\Java\jre1.8.0_25\bin\net.dll
0x00007ff988c80000 - 0x00007ff988cd9000 	C:\WINDOWS\system32\mswsock.dll
0x00007ff9860b0000 - 0x00007ff9860da000 	C:\WINDOWS\SYSTEM32\IPHLPAPI.DLL
0x00007ff986050000 - 0x00007ff98605a000 	C:\WINDOWS\SYSTEM32\WINNSI.DLL
0x00007ff9841e0000 - 0x00007ff9841f6000 	C:\WINDOWS\SYSTEM32\dhcpcsvc6.DLL
0x00007ff984380000 - 0x00007ff98439a000 	C:\WINDOWS\SYSTEM32\dhcpcsvc.DLL
0x0000000076a40000 - 0x0000000076a51000 	C:\Program Files\Java\jre1.8.0_25\bin\nio.dll
0x00000000637c0000 - 0x00000000637cd000 	S:\Users\Ben\AppData\Local\Temp\jogamp_0000\file_cache\jln8399340788853132120\jln55184568997847119\gluegen-rt.dll
0x00000000769e0000 - 0x00000000769e7000 	C:\Program Files\Java\jre1.8.0_25\bin\jawt.dll
0x000000006a440000 - 0x000000006a44d000 	S:\Users\Ben\AppData\Local\Temp\jogamp_0000\file_cache\jln8399340788853132120\jln55184568997847119\nativewindow_awt.dll
0x000000006c100000 - 0x000000006c10f000 	S:\Users\Ben\AppData\Local\Temp\jogamp_0000\file_cache\jln8399340788853132120\jln55184568997847119\nativewindow_win32.dll
0x00007ff960620000 - 0x00007ff96074b000 	C:\WINDOWS\SYSTEM32\OpenGL32.dll
0x00007ff97d7c0000 - 0x00007ff97d7ee000 	C:\WINDOWS\SYSTEM32\GLU32.dll
0x00007ff966bf0000 - 0x00007ff966ce8000 	C:\WINDOWS\SYSTEM32\DDRAW.dll
0x00007ff980290000 - 0x00007ff980299000 	C:\WINDOWS\SYSTEM32\DCIMAN32.dll
0x0000000064500000 - 0x00000000645a2000 	S:\Users\Ben\AppData\Local\Temp\jogamp_0000\file_cache\jln8399340788853132120\jln55184568997847119\jogl_desktop.dll
0x00007ff97d720000 - 0x00007ff97d738000 	C:\WINDOWS\SYSTEM32\atig6pxx.dll
0x0000000074200000 - 0x0000000075daf000 	C:\WINDOWS\SYSTEM32\atio6axx.dll
0x00007ff98bcf0000 - 0x00007ff98beca000 	C:\WINDOWS\system32\SETUPAPI.dll
0x00007ff986120000 - 0x00007ff986257000 	C:\WINDOWS\SYSTEM32\atiadlxx.dll
0x00007ff986710000 - 0x00007ff98688f000 	C:\WINDOWS\SYSTEM32\PROPSYS.dll
0x00007ff988080000 - 0x00007ff988092000 	C:\WINDOWS\SYSTEM32\WTSAPI32.dll
0x00007ff9898f0000 - 0x00007ff989941000 	C:\WINDOWS\system32\WINTRUST.dll
0x00007ff989540000 - 0x00007ff98971f000 	C:\WINDOWS\system32\CRYPT32.dll
0x00007ff989520000 - 0x00007ff989531000 	C:\WINDOWS\system32\MSASN1.dll
0x00007ff973720000 - 0x00007ff973749000 	C:\WINDOWS\SYSTEM32\atig6txx.dll
0x00007ff95c1a0000 - 0x00007ff95c33c000 	O:\OneDrive\Workspace\ZZavatar\lib\user\KinectPV2\Kinect20.Face.dll
0x00007ff97c900000 - 0x00007ff97c9a7000 	C:\WINDOWS\SYSTEM32\MSVCP110.dll
0x00007ff981bc0000 - 0x00007ff981c8e000 	C:\WINDOWS\SYSTEM32\MSVCR110.dll
0x00007ff980280000 - 0x00007ff980290000 	O:\OneDrive\Workspace\ZZavatar\lib\user\KinectPV2\KinectPV2.dll
0x00007ff960560000 - 0x00007ff96061a000 	C:\WINDOWS\SYSTEM32\Kinect20.dll
0x00007ff97ca30000 - 0x00007ff97cb1b000 	C:\WINDOWS\SYSTEM32\MFPlat.DLL
0x00007ff97c8a0000 - 0x00007ff97c8c7000 	C:\WINDOWS\SYSTEM32\RTWorkQ.DLL
0x00007ff987050000 - 0x00007ff98705c000 	C:\WINDOWS\SYSTEM32\AVRT.dll
0x00007ff963e10000 - 0x00007ff963f9a000 	C:\WINDOWS\SYSTEM32\dbghelp.dll

VM Arguments:
jvm_args: -Djava.library.path=O:\OneDrive\Workspace\ZZavatar\lib\base\video;O:\OneDrive\Workspace\ZZavatar\lib\base\video;O:\OneDrive\Workspace\ZZavatar\lib\base\video;O:\OneDrive\Workspace\ZZavatar\lib\base\core;O:\OneDrive\Workspace\ZZavatar\lib\base\core;O:\OneDrive\Workspace\ZZavatar\lib\base\core;O:\OneDrive\Workspace\ZZavatar\lib\base\core;O:\OneDrive\Workspace\ZZavatar\lib\base\core;O:\OneDrive\Workspace\ZZavatar\lib\base\core;O:\OneDrive\Workspace\ZZavatar\lib\base\core;O:\OneDrive\Workspace\ZZavatar\lib\base\core;O:\OneDrive\Workspace\ZZavatar\lib\base\core;O:\OneDrive\Workspace\ZZavatar\lib\base\core;O:\OneDrive\Workspace\ZZavatar\lib\base\core;O:\OneDrive\Workspace\ZZavatar\lib\base\core;O:\OneDrive\Workspace\ZZavatar\lib\base\core;O:\OneDrive\Workspace\ZZavatar\lib\base\core;O:\OneDrive\Workspace\ZZavatar\lib\base\core;O:\OneDrive\Workspace\ZZavatar\lib\user\Kinect4WinSDK;O:\OneDrive\Workspace\ZZavatar\lib\user\KinectPV2;O:\OneDrive\Workspace\ZZavatar\lib\user\SimpleOpenNI -Dfile.encoding=Cp1252 
java_command: zzavatar.ZZavatar
java_class_path (initial): O:\OneDrive\Workspace\ZZavatar\lib\base\video\gstreamer-java.jar;O:\OneDrive\Workspace\ZZavatar\lib\base\video\jna.jar;O:\OneDrive\Workspace\ZZavatar\lib\base\video\video.jar;O:\OneDrive\Workspace\ZZavatar\lib\base\core\core.jar;O:\OneDrive\Workspace\ZZavatar\lib\base\core\gluegen-rt-natives-linux-amd64.jar;O:\OneDrive\Workspace\ZZavatar\lib\base\core\gluegen-rt-natives-linux-armv6hf.jar;O:\OneDrive\Workspace\ZZavatar\lib\base\core\gluegen-rt-natives-linux-i586.jar;O:\OneDrive\Workspace\ZZavatar\lib\base\core\gluegen-rt-natives-macosx-universal.jar;O:\OneDrive\Workspace\ZZavatar\lib\base\core\gluegen-rt-natives-windows-amd64.jar;O:\OneDrive\Workspace\ZZavatar\lib\base\core\gluegen-rt-natives-windows-i586.jar;O:\OneDrive\Workspace\ZZavatar\lib\base\core\gluegen-rt.jar;O:\OneDrive\Workspace\ZZavatar\lib\base\core\jogl-all-natives-linux-amd64.jar;O:\OneDrive\Workspace\ZZavatar\lib\base\core\jogl-all-natives-linux-armv6hf.jar;O:\OneDrive\Workspace\ZZavatar\lib\base\core\jogl-all-natives-linux-i586.jar;O:\OneDrive\Workspace\ZZavatar\lib\base\core\jogl-all-natives-macosx-universal.jar;O:\OneDrive\Workspace\ZZavatar\lib\base\core\jogl-all-natives-windows-amd64.jar;O:\OneDrive\Workspace\ZZavatar\lib\base\core\jogl-all-natives-windows-i586.jar;O:\OneDrive\Workspace\ZZavatar\lib\base\core\jogl-all.jar;O:\OneDrive\Workspace\ZZavatar\lib\user\Kinect4WinSDK\Kinect4WinSDK.jar;O:\OneDrive\Workspace\ZZavatar\lib\user\KinectPV2\KinectPV2.jar;O:\OneDrive\Workspace\ZZavatar\lib\user\SimpleOpenNI\SimpleOpenNI.jar;O:\OneDrive\Workspace\ZZavatar\bin
Launcher Type: SUN_STANDARD

Environment Variables:
JAVA_HOME=C:\Program Files\Java\jdk1.8.0_25
PATH=C:/Program Files/Java/jre1.8.0_25/bin/server;C:/Program Files/Java/jre1.8.0_25/bin;C:/Program Files/Java/jre1.8.0_25/lib/amd64;C:\Program Files (x86)\NVIDIA Corporation\PhysX\Common;C:\ProgramData\Oracle\Java\javapath;C:\Program Files (x86)\Common Files\Intel\Shared Libraries\redist\intel64\compiler;C:\Program Files (x86)\Common Files\Intel\Shared Libraries\redist\ia32\compiler;C:\Program Files (x86)\Intel\iCLS Client\;C:\Program Files\Intel\iCLS Client\;C:\Program Files (x86)\AMD APP\bin\x86_64;C:\Program Files (x86)\AMD APP\bin\x86;C:\WINDOWS\system32;C:\WINDOWS;C:\WINDOWS\System32\Wbem;C:\WINDOWS\System32\WindowsPowerShell\v1.0\;C:\Program Files (x86)\ATI Technologies\ATI.ACE\Core-Static;C:\Program Files\Intel\Intel(R) Management Engine Components\DAL;C:\Program Files\Intel\Intel(R) Management Engine Components\IPT;C:\Program Files (x86)\Intel\Intel(R) Management Engine Components\DAL;C:\Program Files (x86)\Intel\Intel(R) Management Engine Components\IPT;C:\Program Files\Sony\VAIO Improvement\;C:\Program Files (x86)\Sony\VAIO Startup Setting Tool;C:\Program Files (x86)\Windows Kits\8.1\Windows Performance Toolkit\;C:\Program Files\Microsoft SQL Server\110\Tools\Binn\;C:\Program Files (x86)\Microsoft SDKs\TypeScript\1.0\;C:\Program Files\Microsoft\Web Platform Installer\;C:\Program Files (x86)\Java\jre1.8.0_25\bin;P:\Programs\Python27\Scripts;P:\Programs\Python27;C:\Program Files\Common Files\Autodesk Shared\;P:\Program Files\Programs;P:\Program Files\Games;P:\Programs\Eclipse;
USERNAME=Benoît
OS=Windows_NT
PROCESSOR_IDENTIFIER=Intel64 Family 6 Model 58 Stepping 9, GenuineIntel



---------------  S Y S T E M  ---------------

OS: Windows 8.1 , 64 bit Build 9600 

CPU:total 8 (4 cores per cpu, 2 threads per core) family 6 model 58 stepping 9, cmov, cx8, fxsr, mmx, sse, sse2, sse3, ssse3, sse4.1, sse4.2, popcnt, avx, aes, clmul, erms, ht, tsc, tscinvbit, tscinv

Memory: 4k page, physical 6237468k(1353604k free), swap 10431772k(4328456k free)

vm_info: Java HotSpot(TM) 64-Bit Server VM (25.25-b02) for windows-amd64 JRE (1.8.0_25-b18), built on Oct  7 2014 14:25:37 by "java_re" with MS VC++ 10.0 (VS2010)

time: Fri Apr 24 17:00:17 2015
elapsed time: 36 seconds (0d 0h 0m 36s)

