#
# A fatal error has been detected by the Java Runtime Environment:
#
#  EXCEPTION_ACCESS_VIOLATION (0xc0000005) at pc=0x00007ffe7a8b4113, pid=400, tid=6112
#
# JRE version: Java(TM) SE Runtime Environment (8.0_25-b18) (build 1.8.0_25-b18)
# Java VM: Java HotSpot(TM) 64-Bit Server VM (25.25-b02 mixed mode windows-amd64 compressed oops)
# Problematic frame:
# C  [KinectPV2.dll+0x4113]
#
# Failed to write core dump. Minidumps are not enabled by default on client versions of Windows
#
# If you would like to submit a bug report, please visit:
#   http://bugreport.sun.com/bugreport/crash.jsp
# The crash happened outside the Java Virtual Machine in native code.
# See problematic frame for where to report the bug.
#

---------------  T H R E A D  ---------------

Current thread (0x0000000019840800):  JavaThread "Animation Thread" [_thread_in_native, id=6112, stack(0x000000001c970000,0x000000001ca70000)]

siginfo: ExceptionCode=0xc0000005, reading address 0xffffffffffffffff

Registers:
RAX=0x74000138a9f93d80, RBX=0x000000002e835040, RCX=0x0000000064ee9670, RDX=0x0000000000000000
RSP=0x000000001ca6ec00, RBP=0x0000000000000006, RSI=0x0000000000000000, RDI=0x000000001f80bc58
R8 =0x000000001ca6e8c8, R9 =0x0000000000008000, R10=0x0000000000000000, R11=0x000000001ca6eb00
R12=0x0000000000000000, R13=0x000000001fc9e1a8, R14=0x0000000000000000, R15=0x0000000019840800
RIP=0x00007ffe7a8b4113, EFLAGS=0x0000000000010202

Top of Stack: (sp=0x000000001ca6ec00)
0x000000001ca6ec00:   000000001f80bc28 000000002001bb98
0x000000001ca6ec10:   000000001f80bc28 0000000000000000
0x000000001ca6ec20:   000000001ca6ecf0 00007ffe7a8b1fba
0x000000001ca6ec30:   000000001ca6ecf0 000000001ca6ecd0
0x000000001ca6ec40:   00000000198409e8 00000000198331c0
0x000000001ca6ec50:   00000000a385f990 0000000002895b74
0x000000001ca6ec60:   000000001fc9e1a8 0000000000000021
0x000000001ca6ec70:   0000000000000021 0000000019840800
0x000000001ca6ec80:   000000001ca6ed48 00000000028958a2
0x000000001ca6ec90:   000000001ca6ec90 000000001fc9e1a8
0x000000001ca6eca0:   000000001ca6ecf0 000000001fc9f138
0x000000001ca6ecb0:   0000000000000000 000000001fc9e1a8
0x000000001ca6ecc0:   0000000000000000 000000001ca6ecf0
0x000000001ca6ecd0:   000000001ca6ed38 0000000002887a2d
0x000000001ca6ece0:   0000000000000000 000000000288f6b8
0x000000001ca6ecf0:   00000000a38ed6a0 000000001ca6ecf8 

Instructions: (pc=0x00007ffe7a8b4113)
0x00007ffe7a8b40f3:   48 8b 0f 48 85 c9 74 09 48 8b 01 ff 50 10 4c 89
0x00007ffe7a8b4103:   37 48 8b 8f 90 00 00 00 48 85 c9 74 0d 48 8b 01
0x00007ffe7a8b4113:   ff 50 10 4c 89 b7 90 00 00 00 48 8b 4f 30 48 85
0x00007ffe7a8b4123:   c9 74 0a 48 8b 01 ff 50 10 4c 89 77 30 48 8b 4f 


Register to memory mapping:

RAX=0x74000138a9f93d80 is an unknown value
RBX=0x000000002e835040 is an unknown value
RCX=0x0000000064ee9670 is an unknown value
RDX=0x0000000000000000 is an unknown value
RSP=0x000000001ca6ec00 is pointing into the stack for thread: 0x0000000019840800
RBP=0x0000000000000006 is an unknown value
RSI=0x0000000000000000 is an unknown value
RDI=0x000000001f80bc58 is an unknown value
R8 =0x000000001ca6e8c8 is pointing into the stack for thread: 0x0000000019840800
R9 =0x0000000000008000 is an unknown value
R10=0x0000000000000000 is an unknown value
R11=0x000000001ca6eb00 is pointing into the stack for thread: 0x0000000019840800
R12=0x0000000000000000 is an unknown value
R13={method} {0x000000001fc9e1b0} 'jniStopDevice' '()V' in 'KinectPV2/Device'
R14=0x0000000000000000 is an unknown value
R15=0x0000000019840800 is a thread


Stack: [0x000000001c970000,0x000000001ca70000],  sp=0x000000001ca6ec00,  free space=1019k
Native frames: (J=compiled Java code, j=interpreted, Vv=VM code, C=native code)
C  [KinectPV2.dll+0x4113]
C  [KinectPV2.dll+0x1fba]
C  0x0000000002895b74

Java frames: (J=compiled Java code, j=interpreted, Vv=VM code)
j  KinectPV2.Device.jniStopDevice()V+0
j  KinectPV2.Device.stopDevice()V+41
j  KinectPV2.KinectPV2.dispose()V+14
v  ~StubRoutines::call_stub
j  sun.reflect.NativeMethodAccessorImpl.invoke0(Ljava/lang/reflect/Method;Ljava/lang/Object;[Ljava/lang/Object;)Ljava/lang/Object;+0
j  sun.reflect.NativeMethodAccessorImpl.invoke(Ljava/lang/Object;[Ljava/lang/Object;)Ljava/lang/Object;+100
j  sun.reflect.DelegatingMethodAccessorImpl.invoke(Ljava/lang/Object;[Ljava/lang/Object;)Ljava/lang/Object;+6
j  java.lang.reflect.Method.invoke(Ljava/lang/Object;[Ljava/lang/Object;)Ljava/lang/Object;+56
j  processing.core.PApplet$RegisteredMethods.handle([Ljava/lang/Object;)V+18
j  processing.core.PApplet$RegisteredMethods.handle()V+5
j  processing.core.PApplet.handleMethods(Ljava/lang/String;)V+17
j  processing.core.PApplet.dispose()V+35
j  processing.core.PApplet.run()V+283
j  java.lang.Thread.run()V+11
v  ~StubRoutines::call_stub

---------------  P R O C E S S  ---------------

Java Threads: ( => current thread )
  0x0000000019aef800 JavaThread "Animation Thread-SharedResourceRunner" daemon [_thread_blocked, id=2012, stack(0x000000001ec40000,0x000000001ed40000)]
  0x00000000025de800 JavaThread "DestroyJavaVM" [_thread_blocked, id=6524, stack(0x0000000002680000,0x0000000002780000)]
  0x0000000019871000 JavaThread "D3D Screen Updater" daemon [_thread_blocked, id=6624, stack(0x000000001cc70000,0x000000001cd70000)]
=>0x0000000019840800 JavaThread "Animation Thread" [_thread_in_native, id=6112, stack(0x000000001c970000,0x000000001ca70000)]
  0x00000000197da800 JavaThread "AWT-EventQueue-0" [_thread_blocked, id=6256, stack(0x000000001c770000,0x000000001c870000)]
  0x00000000197a3800 JavaThread "AWT-Windows" daemon [_thread_in_native, id=6336, stack(0x000000001a0b0000,0x000000001a1b0000)]
  0x00000000197a3000 JavaThread "AWT-Shutdown" [_thread_blocked, id=2964, stack(0x0000000019fb0000,0x000000001a0b0000)]
  0x000000001898d000 JavaThread "Java2D Disposer" daemon [_thread_blocked, id=3092, stack(0x0000000019eb0000,0x0000000019fb0000)]
  0x0000000018646800 JavaThread "Service Thread" daemon [_thread_blocked, id=2596, stack(0x0000000018f90000,0x0000000019090000)]
  0x00000000185d6800 JavaThread "C1 CompilerThread3" daemon [_thread_blocked, id=6632, stack(0x0000000018e90000,0x0000000018f90000)]
  0x00000000185c5000 JavaThread "C2 CompilerThread2" daemon [_thread_blocked, id=5152, stack(0x0000000018d90000,0x0000000018e90000)]
  0x00000000185bd800 JavaThread "C2 CompilerThread1" daemon [_thread_blocked, id=1148, stack(0x0000000018c90000,0x0000000018d90000)]
  0x00000000185b8800 JavaThread "C2 CompilerThread0" daemon [_thread_blocked, id=936, stack(0x0000000018b90000,0x0000000018c90000)]
  0x00000000185b6000 JavaThread "Attach Listener" daemon [_thread_blocked, id=3128, stack(0x0000000018a90000,0x0000000018b90000)]
  0x00000000185b4800 JavaThread "Signal Dispatcher" daemon [_thread_blocked, id=5040, stack(0x0000000018990000,0x0000000018a90000)]
  0x0000000002878800 JavaThread "Finalizer" daemon [_thread_blocked, id=2504, stack(0x0000000018490000,0x0000000018590000)]
  0x00000000165cc800 JavaThread "Reference Handler" daemon [_thread_blocked, id=4932, stack(0x0000000018390000,0x0000000018490000)]

Other Threads:
  0x00000000165c8800 VMThread [stack: 0x0000000018290000,0x0000000018390000] [id=5928]
  0x000000001864a000 WatcherThread [stack: 0x0000000019090000,0x0000000019190000] [id=5012]

VM state:not at safepoint (normal execution)

VM Mutex/Monitor currently owned by a thread: None

Heap:
 PSYoungGen      total 271360K, used 22098K [0x00000000e0400000, 0x00000000f2600000, 0x0000000100000000)
  eden space 247296K, 8% used [0x00000000e0400000,0x00000000e1964850,0x00000000ef580000)
  from space 24064K, 0% used [0x00000000ef580000,0x00000000ef5b0000,0x00000000f0d00000)
  to   space 24064K, 0% used [0x00000000f0e80000,0x00000000f0e80000,0x00000000f2600000)
 ParOldGen       total 228864K, used 155248K [0x00000000a0c00000, 0x00000000aeb80000, 0x00000000e0400000)
  object space 228864K, 67% used [0x00000000a0c00000,0x00000000aa39c2e0,0x00000000aeb80000)
 Metaspace       used 17576K, capacity 17793K, committed 17920K, reserved 1064960K
  class space    used 1723K, capacity 1761K, committed 1792K, reserved 1048576K

Card table byte_map: [0x0000000011c40000,0x0000000011f40000] byte_map_base: 0x000000001173a000

Marking Bits: (ParMarkBitMap*) 0x000000006708d490
 Begin Bits: [0x0000000012940000, 0x0000000014110000)
 End Bits:   [0x0000000014110000, 0x00000000158e0000)

Polling page: 0x0000000000fb0000

CodeCache: size=245760Kb used=6804Kb max_used=6804Kb free=238955Kb
 bounds [0x0000000002880000, 0x0000000002f30000, 0x0000000011880000]
 total_blobs=2616 nmethods=1745 adapters=785
 compilation: enabled

Compilation events (10 events):
Event: 21.335 Thread 0x00000000185d6800 1741       3       java.util.concurrent.locks.AbstractQueuedSynchronizer::compareAndSetState (13 bytes)
Event: 21.336 Thread 0x00000000185d6800 nmethod 1741 0x0000000002f213d0 code [0x0000000002f21520, 0x0000000002f21690]
Event: 22.321 Thread 0x00000000185d6800 1742       3       java.security.AccessController::getContext (23 bytes)
Event: 22.322 Thread 0x00000000185d6800 nmethod 1742 0x0000000002f20350 code [0x0000000002f204e0, 0x0000000002f20858]
Event: 22.372 Thread 0x00000000185d6800 1744       3       processing.opengl.PGraphicsOpenGL::vertex (11 bytes)
Event: 22.372 Thread 0x00000000185d6800 nmethod 1744 0x0000000002f1ff10 code [0x0000000002f20080, 0x0000000002f202a8]
Event: 22.372 Thread 0x00000000185d6800 1745       3       processing.opengl.PGraphicsOpenGL::vertexImpl (181 bytes)
Event: 22.373 Thread 0x00000000185d6800 nmethod 1745 0x0000000002f1f610 code [0x0000000002f1f7a0, 0x0000000002f1fd88]
Event: 23.402 Thread 0x00000000185d6800 1746       1       java.security.AccessControlContext::getContext (5 bytes)
Event: 23.402 Thread 0x00000000185d6800 nmethod 1746 0x0000000002f21110 code [0x0000000002f21260, 0x0000000002f21370]

GC Heap History (10 events):
Event: 20.198 GC heap before
{Heap before GC invocations=34 (full 3):
 PSYoungGen      total 267776K, used 252720K [0x00000000e0400000, 0x00000000f2500000, 0x0000000100000000)
  eden space 243712K, 99% used [0x00000000e0400000,0x00000000ef1ef060,0x00000000ef200000)
  from space 24064K, 37% used [0x00000000f0d80000,0x00000000f165d020,0x00000000f2500000)
  to   space 26112K, 0% used [0x00000000ef200000,0x00000000ef200000,0x00000000f0b80000)
 ParOldGen       total 228864K, used 146268K [0x00000000a0c00000, 0x00000000aeb80000, 0x00000000e0400000)
  object space 228864K, 63% used [0x00000000a0c00000,0x00000000a9ad72c0,0x00000000aeb80000)
 Metaspace       used 17536K, capacity 17793K, committed 17920K, reserved 1064960K
  class space    used 1711K, capacity 1761K, committed 1792K, reserved 1048576K
Event: 20.203 GC heap after
Heap after GC invocations=34 (full 3):
 PSYoungGen      total 269824K, used 8228K [0x00000000e0400000, 0x00000000f2580000, 0x0000000100000000)
  eden space 243712K, 0% used [0x00000000e0400000,0x00000000e0400000,0x00000000ef200000)
  from space 26112K, 31% used [0x00000000ef200000,0x00000000efa09010,0x00000000f0b80000)
  to   space 25088K, 0% used [0x00000000f0d00000,0x00000000f0d00000,0x00000000f2580000)
 ParOldGen       total 228864K, used 155232K [0x00000000a0c00000, 0x00000000aeb80000, 0x00000000e0400000)
  object space 228864K, 67% used [0x00000000a0c00000,0x00000000aa3982e0,0x00000000aeb80000)
 Metaspace       used 17536K, capacity 17793K, committed 17920K, reserved 1064960K
  class space    used 1711K, capacity 1761K, committed 1792K, reserved 1048576K
}
Event: 20.994 GC heap before
{Heap before GC invocations=35 (full 3):
 PSYoungGen      total 269824K, used 247478K [0x00000000e0400000, 0x00000000f2580000, 0x0000000100000000)
  eden space 243712K, 98% used [0x00000000e0400000,0x00000000eeda4ab0,0x00000000ef200000)
  from space 26112K, 31% used [0x00000000ef200000,0x00000000efa09010,0x00000000f0b80000)
  to   space 25088K, 0% used [0x00000000f0d00000,0x00000000f0d00000,0x00000000f2580000)
 ParOldGen       total 228864K, used 155232K [0x00000000a0c00000, 0x00000000aeb80000, 0x00000000e0400000)
  object space 228864K, 67% used [0x00000000a0c00000,0x00000000aa3982e0,0x00000000aeb80000)
 Metaspace       used 17539K, capacity 17793K, committed 17920K, reserved 1064960K
  class space    used 1711K, capacity 1761K, committed 1792K, reserved 1048576K
Event: 20.995 GC heap after
Heap after GC invocations=35 (full 3):
 PSYoungGen      total 270848K, used 96K [0x00000000e0400000, 0x00000000f2600000, 0x0000000100000000)
  eden space 245760K, 0% used [0x00000000e0400000,0x00000000e0400000,0x00000000ef400000)
  from space 25088K, 0% used [0x00000000f0d00000,0x00000000f0d18000,0x00000000f2580000)
  to   space 25600K, 0% used [0x00000000ef400000,0x00000000ef400000,0x00000000f0d00000)
 ParOldGen       total 228864K, used 155240K [0x00000000a0c00000, 0x00000000aeb80000, 0x00000000e0400000)
  object space 228864K, 67% used [0x00000000a0c00000,0x00000000aa39a2e0,0x00000000aeb80000)
 Metaspace       used 17539K, capacity 17793K, committed 17920K, reserved 1064960K
  class space    used 1711K, capacity 1761K, committed 1792K, reserved 1048576K
}
Event: 21.765 GC heap before
{Heap before GC invocations=36 (full 3):
 PSYoungGen      total 270848K, used 245307K [0x00000000e0400000, 0x00000000f2600000, 0x0000000100000000)
  eden space 245760K, 99% used [0x00000000e0400000,0x00000000ef376f40,0x00000000ef400000)
  from space 25088K, 0% used [0x00000000f0d00000,0x00000000f0d18000,0x00000000f2580000)
  to   space 25600K, 0% used [0x00000000ef400000,0x00000000ef400000,0x00000000f0d00000)
 ParOldGen       total 228864K, used 155240K [0x00000000a0c00000, 0x00000000aeb80000, 0x00000000e0400000)
  object space 228864K, 67% used [0x00000000a0c00000,0x00000000aa39a2e0,0x00000000aeb80000)
 Metaspace       used 17539K, capacity 17793K, committed 17920K, reserved 1064960K
  class space    used 1711K, capacity 1761K, committed 1792K, reserved 1048576K
Event: 21.767 GC heap after
Heap after GC invocations=36 (full 3):
 PSYoungGen      total 271360K, used 8228K [0x00000000e0400000, 0x00000000f2480000, 0x0000000100000000)
  eden space 245760K, 0% used [0x00000000e0400000,0x00000000e0400000,0x00000000ef400000)
  from space 25600K, 32% used [0x00000000ef400000,0x00000000efc09010,0x00000000f0d00000)
  to   space 24064K, 0% used [0x00000000f0d00000,0x00000000f0d00000,0x00000000f2480000)
 ParOldGen       total 228864K, used 155240K [0x00000000a0c00000, 0x00000000aeb80000, 0x00000000e0400000)
  object space 228864K, 67% used [0x00000000a0c00000,0x00000000aa39a2e0,0x00000000aeb80000)
 Metaspace       used 17539K, capacity 17793K, committed 17920K, reserved 1064960K
  class space    used 1711K, capacity 1761K, committed 1792K, reserved 1048576K
}
Event: 22.561 GC heap before
{Heap before GC invocations=37 (full 3):
 PSYoungGen      total 271360K, used 248798K [0x00000000e0400000, 0x00000000f2480000, 0x0000000100000000)
  eden space 245760K, 97% used [0x00000000e0400000,0x00000000eeeee9d0,0x00000000ef400000)
  from space 25600K, 32% used [0x00000000ef400000,0x00000000efc09010,0x00000000f0d00000)
  to   space 24064K, 0% used [0x00000000f0d00000,0x00000000f0d00000,0x00000000f2480000)
 ParOldGen       total 228864K, used 155240K [0x00000000a0c00000, 0x00000000aeb80000, 0x00000000e0400000)
  object space 228864K, 67% used [0x00000000a0c00000,0x00000000aa39a2e0,0x00000000aeb80000)
 Metaspace       used 17575K, capacity 17793K, committed 17920K, reserved 1064960K
  class space    used 1723K, capacity 1761K, committed 1792K, reserved 1048576K
Event: 22.562 GC heap after
Heap after GC invocations=37 (full 3):
 PSYoungGen      total 271360K, used 160K [0x00000000e0400000, 0x00000000f2480000, 0x0000000100000000)
  eden space 247296K, 0% used [0x00000000e0400000,0x00000000e0400000,0x00000000ef580000)
  from space 24064K, 0% used [0x00000000f0d00000,0x00000000f0d28000,0x00000000f2480000)
  to   space 24064K, 0% used [0x00000000ef580000,0x00000000ef580000,0x00000000f0d00000)
 ParOldGen       total 228864K, used 155248K [0x00000000a0c00000, 0x00000000aeb80000, 0x00000000e0400000)
  object space 228864K, 67% used [0x00000000a0c00000,0x00000000aa39c2e0,0x00000000aeb80000)
 Metaspace       used 17575K, capacity 17793K, committed 17920K, reserved 1064960K
  class space    used 1723K, capacity 1761K, committed 1792K, reserved 1048576K
}
Event: 23.383 GC heap before
{Heap before GC invocations=38 (full 3):
 PSYoungGen      total 271360K, used 247456K [0x00000000e0400000, 0x00000000f2480000, 0x0000000100000000)
  eden space 247296K, 100% used [0x00000000e0400000,0x00000000ef580000,0x00000000ef580000)
  from space 24064K, 0% used [0x00000000f0d00000,0x00000000f0d28000,0x00000000f2480000)
  to   space 24064K, 0% used [0x00000000ef580000,0x00000000ef580000,0x00000000f0d00000)
 ParOldGen       total 228864K, used 155248K [0x00000000a0c00000, 0x00000000aeb80000, 0x00000000e0400000)
  object space 228864K, 67% used [0x00000000a0c00000,0x00000000aa39c2e0,0x00000000aeb80000)
 Metaspace       used 17575K, capacity 17793K, committed 17920K, reserved 1064960K
  class space    used 1723K, capacity 1761K, committed 1792K, reserved 1048576K
Event: 23.384 GC heap after
Heap after GC invocations=38 (full 3):
 PSYoungGen      total 271360K, used 192K [0x00000000e0400000, 0x00000000f2600000, 0x0000000100000000)
  eden space 247296K, 0% used [0x00000000e0400000,0x00000000e0400000,0x00000000ef580000)
  from space 24064K, 0% used [0x00000000ef580000,0x00000000ef5b0000,0x00000000f0d00000)
  to   space 24064K, 0% used [0x00000000f0e80000,0x00000000f0e80000,0x00000000f2600000)
 ParOldGen       total 228864K, used 155248K [0x00000000a0c00000, 0x00000000aeb80000, 0x00000000e0400000)
  object space 228864K, 67% used [0x00000000a0c00000,0x00000000aa39c2e0,0x00000000aeb80000)
 Metaspace       used 17575K, capacity 17793K, committed 17920K, reserved 1064960K
  class space    used 1723K, capacity 1761K, committed 1792K, reserved 1048576K
}

Deoptimization events (10 events):
Event: 2.830 Thread 0x00000000197da800 Uncommon trap: reason=class_check action=maybe_recompile pc=0x0000000002b952c4 method=com.jogamp.common.nio.Buffers.getDirectBufferByteOffset(Ljava/lang/Object;)I @ 7
Event: 2.830 Thread 0x00000000197da800 Uncommon trap: reason=class_check action=maybe_recompile pc=0x0000000002b97fc0 method=com.jogamp.common.nio.Buffers.isDirect(Ljava/lang/Object;)Z @ 13
Event: 2.830 Thread 0x00000000197da800 Uncommon trap: reason=class_check action=maybe_recompile pc=0x0000000002b952c4 method=com.jogamp.common.nio.Buffers.getDirectBufferByteOffset(Ljava/lang/Object;)I @ 7
Event: 2.831 Thread 0x00000000197da800 Uncommon trap: reason=class_check action=maybe_recompile pc=0x0000000002b97fc0 method=com.jogamp.common.nio.Buffers.isDirect(Ljava/lang/Object;)Z @ 13
Event: 2.831 Thread 0x00000000197da800 Uncommon trap: reason=class_check action=maybe_recompile pc=0x0000000002b952c4 method=com.jogamp.common.nio.Buffers.getDirectBufferByteOffset(Ljava/lang/Object;)I @ 7
Event: 2.832 Thread 0x00000000197da800 Uncommon trap: reason=predicate action=maybe_recompile pc=0x0000000002c7e184 method=java.util.ArrayList.indexOf(Ljava/lang/Object;)I @ 44
Event: 2.853 Thread 0x00000000197da800 Uncommon trap: reason=class_check action=maybe_recompile pc=0x0000000002b97fc0 method=com.jogamp.common.nio.Buffers.isDirect(Ljava/lang/Object;)Z @ 13
Event: 2.853 Thread 0x00000000197da800 Uncommon trap: reason=class_check action=maybe_recompile pc=0x0000000002b952c4 method=com.jogamp.common.nio.Buffers.getDirectBufferByteOffset(Ljava/lang/Object;)I @ 7
Event: 3.376 Thread 0x00000000197da800 Uncommon trap: reason=unreached action=reinterpret pc=0x0000000002c8ac00 method=processing.opengl.PGraphicsOpenGL$InGeometry.addVertex(FFFIFFFFFIFIIIFIZ)I @ 218
Event: 3.587 Thread 0x00000000197da800 Uncommon trap: reason=unreached action=reinterpret pc=0x0000000002b4cff0 method=java.lang.reflect.AccessibleObject.setAccessible0(Ljava/lang/reflect/AccessibleObject;Z)V @ 4

Internal exceptions (10 events):
Event: 3.232 Thread 0x00000000197da800 Exception <a 'java/security/PrivilegedActionException'> (0x00000000e07c8828) thrown at [D:\re\workspace\8-2-build-windows-amd64-cygwin\jdk8u25\1677\hotspot\src\share\vm\prims\jvm.cpp, line 1312]
Event: 3.232 Thread 0x00000000197da800 Exception <a 'java/security/PrivilegedActionException'> (0x00000000e07cc6e8) thrown at [D:\re\workspace\8-2-build-windows-amd64-cygwin\jdk8u25\1677\hotspot\src\share\vm\prims\jvm.cpp, line 1312]
Event: 3.232 Thread 0x00000000197da800 Exception <a 'java/security/PrivilegedActionException'> (0x00000000e07d0af0) thrown at [D:\re\workspace\8-2-build-windows-amd64-cygwin\jdk8u25\1677\hotspot\src\share\vm\prims\jvm.cpp, line 1312]
Event: 3.232 Thread 0x00000000197da800 Exception <a 'java/security/PrivilegedActionException'> (0x00000000e07d4ed8) thrown at [D:\re\workspace\8-2-build-windows-amd64-cygwin\jdk8u25\1677\hotspot\src\share\vm\prims\jvm.cpp, line 1312]
Event: 3.233 Thread 0x00000000197da800 Exception <a 'java/security/PrivilegedActionException'> (0x00000000e07d8a30) thrown at [D:\re\workspace\8-2-build-windows-amd64-cygwin\jdk8u25\1677\hotspot\src\share\vm\prims\jvm.cpp, line 1312]
Event: 3.233 Thread 0x00000000197da800 Exception <a 'java/security/PrivilegedActionException'> (0x00000000e07dd230) thrown at [D:\re\workspace\8-2-build-windows-amd64-cygwin\jdk8u25\1677\hotspot\src\share\vm\prims\jvm.cpp, line 1312]
Event: 3.233 Thread 0x00000000197da800 Exception <a 'java/security/PrivilegedActionException'> (0x00000000e07e0968) thrown at [D:\re\workspace\8-2-build-windows-amd64-cygwin\jdk8u25\1677\hotspot\src\share\vm\prims\jvm.cpp, line 1312]
Event: 3.234 Thread 0x00000000197da800 Exception <a 'java/security/PrivilegedActionException'> (0x00000000e07e48b0) thrown at [D:\re\workspace\8-2-build-windows-amd64-cygwin\jdk8u25\1677\hotspot\src\share\vm\prims\jvm.cpp, line 1312]
Event: 3.234 Thread 0x00000000197da800 Exception <a 'java/security/PrivilegedActionException'> (0x00000000e07ea7c0) thrown at [D:\re\workspace\8-2-build-windows-amd64-cygwin\jdk8u25\1677\hotspot\src\share\vm\prims\jvm.cpp, line 1312]
Event: 3.246 Thread 0x00000000197da800 Exception <a 'java/security/PrivilegedActionException'> (0x00000000e092e3e8) thrown at [D:\re\workspace\8-2-build-windows-amd64-cygwin\jdk8u25\1677\hotspot\src\share\vm\prims\jvm.cpp, line 1312]

Events (10 events):
Event: 22.370 loading class sun/awt/ModalExclude
Event: 22.370 loading class sun/awt/ModalExclude done
Event: 22.370 loading class javax/swing/JWindow
Event: 22.370 loading class javax/swing/JWindow done
Event: 22.370 loading class javax/swing/Popup$HeavyWeightWindow done
Event: 22.561 Executing VM operation: ParallelGCFailedAllocation
Event: 22.562 Executing VM operation: ParallelGCFailedAllocation done
Event: 23.383 Executing VM operation: ParallelGCFailedAllocation
Event: 23.384 Executing VM operation: ParallelGCFailedAllocation done
Event: 23.419 Thread 0x000000001dca0800 Thread exited: 0x000000001dca0800


Dynamic libraries:
0x00007ff68d590000 - 0x00007ff68d5c4000 	C:\Program Files\Java\jre1.8.0_25\bin\javaw.exe
0x00007ffe8a980000 - 0x00007ffe8ab2c000 	C:\WINDOWS\SYSTEM32\ntdll.dll
0x00007ffe880e0000 - 0x00007ffe8821e000 	C:\WINDOWS\system32\KERNEL32.DLL
0x00007ffe87c50000 - 0x00007ffe87d65000 	C:\WINDOWS\system32\KERNELBASE.dll
0x00007ffe86650000 - 0x00007ffe866de000 	C:\WINDOWS\system32\apphelp.dll
0x00007ffe61e50000 - 0x00007ffe61ea3000 	C:\WINDOWS\AppPatch\AppPatch64\AcGenral.DLL
0x00007ffe88c10000 - 0x00007ffe88cba000 	C:\WINDOWS\system32\msvcrt.dll
0x00007ffe87900000 - 0x00007ffe8792e000 	C:\WINDOWS\SYSTEM32\SspiCli.dll
0x00007ffe885f0000 - 0x00007ffe88644000 	C:\WINDOWS\system32\SHLWAPI.dll
0x00007ffe88290000 - 0x00007ffe88407000 	C:\WINDOWS\system32\USER32.dll
0x00007ffe8a400000 - 0x00007ffe8a594000 	C:\WINDOWS\system32\ole32.dll
0x00007ffe88ee0000 - 0x00007ffe8a3f8000 	C:\WINDOWS\system32\SHELL32.dll
0x00007ffe87070000 - 0x00007ffe87091000 	C:\WINDOWS\SYSTEM32\USERENV.dll
0x00007ffe889f0000 - 0x00007ffe88a9a000 	C:\WINDOWS\system32\ADVAPI32.dll
0x00007ffe7af60000 - 0x00007ffe7af7e000 	C:\WINDOWS\SYSTEM32\MPR.dll
0x00007ffe88840000 - 0x00007ffe88981000 	C:\WINDOWS\system32\RPCRT4.dll
0x00007ffe88b60000 - 0x00007ffe88bb9000 	C:\WINDOWS\SYSTEM32\sechost.dll
0x00007ffe88cc0000 - 0x00007ffe88ed1000 	C:\WINDOWS\SYSTEM32\combase.dll
0x00007ffe8a5a0000 - 0x00007ffe8a6f1000 	C:\WINDOWS\system32\GDI32.dll
0x00007ffe87ad0000 - 0x00007ffe87ae5000 	C:\WINDOWS\SYSTEM32\profapi.dll
0x00007ffe85e70000 - 0x00007ffe85f22000 	C:\WINDOWS\SYSTEM32\SHCORE.dll
0x00007ffe88bd0000 - 0x00007ffe88c06000 	C:\WINDOWS\system32\IMM32.DLL
0x00007ffe88650000 - 0x00007ffe887a2000 	C:\WINDOWS\system32\MSCTF.dll
0x00007ffe851d0000 - 0x00007ffe8544b000 	C:\WINDOWS\WinSxS\amd64_microsoft.windows.common-controls_6595b64144ccf1df_6.0.9600.17415_none_6240486fecbd8abb\COMCTL32.dll
0x00000000665f0000 - 0x00000000666c2000 	C:\Program Files\Java\jre1.8.0_25\bin\msvcr100.dll
0x00000000668b0000 - 0x000000006710a000 	C:\Program Files\Java\jre1.8.0_25\bin\server\jvm.dll
0x00007ffe6eb60000 - 0x00007ffe6eb69000 	C:\WINDOWS\SYSTEM32\WSOCK32.dll
0x00007ffe7b5d0000 - 0x00007ffe7b5f2000 	C:\WINDOWS\SYSTEM32\WINMM.dll
0x00007ffe88bc0000 - 0x00007ffe88bc7000 	C:\WINDOWS\system32\PSAPI.DLL
0x00007ffe887e0000 - 0x00007ffe8883a000 	C:\WINDOWS\system32\WS2_32.dll
0x00007ffe7b5a0000 - 0x00007ffe7b5ca000 	C:\WINDOWS\SYSTEM32\WINMMBASE.dll
0x00007ffe880d0000 - 0x00007ffe880d9000 	C:\WINDOWS\system32\NSI.dll
0x00007ffe87fb0000 - 0x00007ffe87fff000 	C:\WINDOWS\SYSTEM32\cfgmgr32.dll
0x00007ffe868c0000 - 0x00007ffe868e8000 	C:\WINDOWS\SYSTEM32\DEVOBJ.dll
0x0000000067ae0000 - 0x0000000067aef000 	C:\Program Files\Java\jre1.8.0_25\bin\verify.dll
0x0000000067ab0000 - 0x0000000067ad8000 	C:\Program Files\Java\jre1.8.0_25\bin\java.dll
0x0000000067a90000 - 0x0000000067aa6000 	C:\Program Files\Java\jre1.8.0_25\bin\zip.dll
0x0000000066450000 - 0x00000000665e8000 	C:\Program Files\Java\jre1.8.0_25\bin\awt.dll
0x00007ffe8a700000 - 0x00007ffe8a7c1000 	C:\WINDOWS\system32\OLEAUT32.dll
0x00007ffe85c70000 - 0x00007ffe85c91000 	C:\WINDOWS\system32\DWMAPI.DLL
0x00007ffe86790000 - 0x00007ffe868b9000 	C:\WINDOWS\system32\uxtheme.dll
0x00007ffe868f0000 - 0x00007ffe868fb000 	C:\WINDOWS\SYSTEM32\kernel.appcore.dll
0x00007ffe879a0000 - 0x00007ffe879ab000 	C:\WINDOWS\SYSTEM32\CRYPTBASE.dll
0x00007ffe87930000 - 0x00007ffe87993000 	C:\WINDOWS\SYSTEM32\bcryptPrimitives.dll
0x00007ffe7cd90000 - 0x00007ffe7cfb1000 	C:\WINDOWS\system32\d3d9.dll
0x00007ffe857e0000 - 0x00007ffe857ea000 	C:\WINDOWS\SYSTEM32\VERSION.dll
0x00007ffe85080000 - 0x00007ffe851cb000 	C:\WINDOWS\SYSTEM32\aticfx64.dll
0x00007ffe63110000 - 0x00007ffe63131000 	C:\WINDOWS\SYSTEM32\atiu9p64.dll
0x00007ffe62920000 - 0x00007ffe63105000 	C:\WINDOWS\SYSTEM32\atiumd64.dll
0x00000000671f0000 - 0x00000000679a7000 	C:\WINDOWS\SYSTEM32\atiumd6a.dll
0x0000000066400000 - 0x0000000066447000 	C:\Program Files\Java\jre1.8.0_25\bin\fontmanager.dll
0x00007ffe87340000 - 0x00007ffe87360000 	C:\WINDOWS\SYSTEM32\CRYPTSP.dll
0x00007ffe86f60000 - 0x00007ffe86f96000 	C:\WINDOWS\system32\rsaenh.dll
0x00007ffe875f0000 - 0x00007ffe87616000 	C:\WINDOWS\SYSTEM32\bcrypt.dll
0x0000000067a70000 - 0x0000000067a8a000 	C:\Program Files\Java\jre1.8.0_25\bin\net.dll
0x00007ffe872e0000 - 0x00007ffe87339000 	C:\WINDOWS\system32\mswsock.dll
0x00007ffe83800000 - 0x00007ffe8382a000 	C:\WINDOWS\SYSTEM32\IPHLPAPI.DLL
0x00007ffe84f70000 - 0x00007ffe84f7a000 	C:\WINDOWS\SYSTEM32\WINNSI.DLL
0x00007ffe82890000 - 0x00007ffe828a6000 	C:\WINDOWS\SYSTEM32\dhcpcsvc6.DLL
0x00007ffe829e0000 - 0x00007ffe829fa000 	C:\WINDOWS\SYSTEM32\dhcpcsvc.DLL
0x0000000066890000 - 0x00000000668a1000 	C:\Program Files\Java\jre1.8.0_25\bin\nio.dll
0x00000000637c0000 - 0x00000000637cd000 	S:\Users\Ben\AppData\Local\Temp\jogamp_0000\file_cache\jln917102413758136696\jln7511454256331673947\gluegen-rt.dll
0x0000000067a60000 - 0x0000000067a67000 	C:\Program Files\Java\jre1.8.0_25\bin\jawt.dll
0x000000006a440000 - 0x000000006a44d000 	S:\Users\Ben\AppData\Local\Temp\jogamp_0000\file_cache\jln917102413758136696\jln7511454256331673947\nativewindow_awt.dll
0x000000006c100000 - 0x000000006c10f000 	S:\Users\Ben\AppData\Local\Temp\jogamp_0000\file_cache\jln917102413758136696\jln7511454256331673947\nativewindow_win32.dll
0x00007ffe5f260000 - 0x00007ffe5f38b000 	C:\WINDOWS\SYSTEM32\OpenGL32.dll
0x00007ffe6e9d0000 - 0x00007ffe6e9fe000 	C:\WINDOWS\SYSTEM32\GLU32.dll
0x00007ffe5fbf0000 - 0x00007ffe5fce8000 	C:\WINDOWS\SYSTEM32\DDRAW.dll
0x00007ffe7a8c0000 - 0x00007ffe7a8c9000 	C:\WINDOWS\SYSTEM32\DCIMAN32.dll
0x0000000064500000 - 0x00000000645a2000 	S:\Users\Ben\AppData\Local\Temp\jogamp_0000\file_cache\jln917102413758136696\jln7511454256331673947\jogl_desktop.dll
0x00007ffe720e0000 - 0x00007ffe720f8000 	C:\WINDOWS\SYSTEM32\atig6pxx.dll
0x0000000064850000 - 0x00000000663ff000 	C:\WINDOWS\SYSTEM32\atio6axx.dll
0x00007ffe88410000 - 0x00007ffe885ea000 	C:\WINDOWS\system32\SETUPAPI.dll
0x00007ffe83830000 - 0x00007ffe83967000 	C:\WINDOWS\SYSTEM32\atiadlxx.dll
0x00007ffe83e00000 - 0x00007ffe83f7f000 	C:\WINDOWS\SYSTEM32\PROPSYS.dll
0x00007ffe866e0000 - 0x00007ffe866f2000 	C:\WINDOWS\SYSTEM32\WTSAPI32.dll
0x00007ffe87f50000 - 0x00007ffe87fa1000 	C:\WINDOWS\system32\WINTRUST.dll
0x00007ffe87d70000 - 0x00007ffe87f4f000 	C:\WINDOWS\system32\CRYPT32.dll
0x00007ffe87b80000 - 0x00007ffe87b91000 	C:\WINDOWS\system32\MSASN1.dll
0x00007ffe641b0000 - 0x00007ffe641d9000 	C:\WINDOWS\SYSTEM32\atig6txx.dll
0x00007ffe5ca90000 - 0x00007ffe5cc2c000 	O:\OneDrive\Workspace\ZZavatar\lib\user\KinectPV2\Kinect20.Face.dll
0x00007ffe7b0e0000 - 0x00007ffe7b187000 	C:\WINDOWS\SYSTEM32\MSVCP110.dll
0x00007ffe80220000 - 0x00007ffe802ee000 	C:\WINDOWS\SYSTEM32\MSVCR110.dll
0x00007ffe7a8b0000 - 0x00007ffe7a8c0000 	O:\OneDrive\Workspace\ZZavatar\lib\user\KinectPV2\KinectPV2.dll
0x00007ffe5c9d0000 - 0x00007ffe5ca8a000 	C:\WINDOWS\SYSTEM32\Kinect20.dll
0x00007ffe7b1e0000 - 0x00007ffe7b2cb000 	C:\WINDOWS\SYSTEM32\MFPlat.DLL
0x00007ffe7af80000 - 0x00007ffe7afa7000 	C:\WINDOWS\SYSTEM32\RTWorkQ.DLL
0x00007ffe856b0000 - 0x00007ffe856bc000 	C:\WINDOWS\SYSTEM32\AVRT.dll
0x00007ffe62090000 - 0x00007ffe6221a000 	C:\WINDOWS\SYSTEM32\dbghelp.dll

VM Arguments:
jvm_args: -Djava.library.path=O:\OneDrive\Workspace\ZZavatar\lib\base\video;O:\OneDrive\Workspace\ZZavatar\lib\base\video;O:\OneDrive\Workspace\ZZavatar\lib\base\video;O:\OneDrive\Workspace\ZZavatar\lib\base\core;O:\OneDrive\Workspace\ZZavatar\lib\base\core;O:\OneDrive\Workspace\ZZavatar\lib\base\core;O:\OneDrive\Workspace\ZZavatar\lib\base\core;O:\OneDrive\Workspace\ZZavatar\lib\base\core;O:\OneDrive\Workspace\ZZavatar\lib\base\core;O:\OneDrive\Workspace\ZZavatar\lib\base\core;O:\OneDrive\Workspace\ZZavatar\lib\base\core;O:\OneDrive\Workspace\ZZavatar\lib\base\core;O:\OneDrive\Workspace\ZZavatar\lib\base\core;O:\OneDrive\Workspace\ZZavatar\lib\base\core;O:\OneDrive\Workspace\ZZavatar\lib\base\core;O:\OneDrive\Workspace\ZZavatar\lib\base\core;O:\OneDrive\Workspace\ZZavatar\lib\base\core;O:\OneDrive\Workspace\ZZavatar\lib\base\core;O:\OneDrive\Workspace\ZZavatar\lib\user\Kinect4WinSDK;O:\OneDrive\Workspace\ZZavatar\lib\user\KinectPV2;O:\OneDrive\Workspace\ZZavatar\lib\user\SimpleOpenNI -Dfile.encoding=Cp1252 
java_command: zzavatar.ZZavatar
java_class_path (initial): O:\OneDrive\Workspace\ZZavatar\lib\base\video\gstreamer-java.jar;O:\OneDrive\Workspace\ZZavatar\lib\base\video\jna.jar;O:\OneDrive\Workspace\ZZavatar\lib\base\video\video.jar;O:\OneDrive\Workspace\ZZavatar\lib\base\core\core.jar;O:\OneDrive\Workspace\ZZavatar\lib\base\core\gluegen-rt-natives-linux-amd64.jar;O:\OneDrive\Workspace\ZZavatar\lib\base\core\gluegen-rt-natives-linux-armv6hf.jar;O:\OneDrive\Workspace\ZZavatar\lib\base\core\gluegen-rt-natives-linux-i586.jar;O:\OneDrive\Workspace\ZZavatar\lib\base\core\gluegen-rt-natives-macosx-universal.jar;O:\OneDrive\Workspace\ZZavatar\lib\base\core\gluegen-rt-natives-windows-amd64.jar;O:\OneDrive\Workspace\ZZavatar\lib\base\core\gluegen-rt-natives-windows-i586.jar;O:\OneDrive\Workspace\ZZavatar\lib\base\core\gluegen-rt.jar;O:\OneDrive\Workspace\ZZavatar\lib\base\core\jogl-all-natives-linux-amd64.jar;O:\OneDrive\Workspace\ZZavatar\lib\base\core\jogl-all-natives-linux-armv6hf.jar;O:\OneDrive\Workspace\ZZavatar\lib\base\core\jogl-all-natives-linux-i586.jar;O:\OneDrive\Workspace\ZZavatar\lib\base\core\jogl-all-natives-macosx-universal.jar;O:\OneDrive\Workspace\ZZavatar\lib\base\core\jogl-all-natives-windows-amd64.jar;O:\OneDrive\Workspace\ZZavatar\lib\base\core\jogl-all-natives-windows-i586.jar;O:\OneDrive\Workspace\ZZavatar\lib\base\core\jogl-all.jar;O:\OneDrive\Workspace\ZZavatar\lib\user\Kinect4WinSDK\Kinect4WinSDK.jar;O:\OneDrive\Workspace\ZZavatar\lib\user\KinectPV2\KinectPV2.jar;O:\OneDrive\Workspace\ZZavatar\lib\user\SimpleOpenNI\SimpleOpenNI.jar;O:\OneDrive\Workspace\ZZavatar\bin
Launcher Type: SUN_STANDARD

Environment Variables:
JAVA_HOME=C:\Program Files\Java\jdk1.8.0_25
PATH=C:/Program Files/Java/jre1.8.0_25/bin/server;C:/Program Files/Java/jre1.8.0_25/bin;C:/Program Files/Java/jre1.8.0_25/lib/amd64;C:\Program Files (x86)\NVIDIA Corporation\PhysX\Common;C:\ProgramData\Oracle\Java\javapath;C:\Program Files (x86)\Common Files\Intel\Shared Libraries\redist\intel64\compiler;C:\Program Files (x86)\Common Files\Intel\Shared Libraries\redist\ia32\compiler;C:\Program Files (x86)\Intel\iCLS Client\;C:\Program Files\Intel\iCLS Client\;C:\Program Files (x86)\AMD APP\bin\x86_64;C:\Program Files (x86)\AMD APP\bin\x86;C:\WINDOWS\system32;C:\WINDOWS;C:\WINDOWS\System32\Wbem;C:\WINDOWS\System32\WindowsPowerShell\v1.0\;C:\Program Files (x86)\ATI Technologies\ATI.ACE\Core-Static;C:\Program Files\Intel\Intel(R) Management Engine Components\DAL;C:\Program Files\Intel\Intel(R) Management Engine Components\IPT;C:\Program Files (x86)\Intel\Intel(R) Management Engine Components\DAL;C:\Program Files (x86)\Intel\Intel(R) Management Engine Components\IPT;C:\Program Files\Sony\VAIO Improvement\;C:\Program Files (x86)\Sony\VAIO Startup Setting Tool;C:\Program Files (x86)\Windows Kits\8.1\Windows Performance Toolkit\;C:\Program Files\Microsoft SQL Server\110\Tools\Binn\;C:\Program Files (x86)\Microsoft SDKs\TypeScript\1.0\;C:\Program Files\Microsoft\Web Platform Installer\;C:\Program Files (x86)\Java\jre1.8.0_25\bin;P:\Programs\Python27\Scripts;P:\Programs\Python27;C:\Program Files\Common Files\Autodesk Shared\;P:\Program Files\Programs;P:\Program Files\Games;P:\Programs\Eclipse;
USERNAME=Benoît
OS=Windows_NT
PROCESSOR_IDENTIFIER=Intel64 Family 6 Model 58 Stepping 9, GenuineIntel



---------------  S Y S T E M  ---------------

OS: Windows 8.1 , 64 bit Build 9600 

CPU:total 8 (4 cores per cpu, 2 threads per core) family 6 model 58 stepping 9, cmov, cx8, fxsr, mmx, sse, sse2, sse3, ssse3, sse4.1, sse4.2, popcnt, avx, aes, clmul, erms, ht, tsc, tscinvbit, tscinv

Memory: 4k page, physical 6237468k(2661448k free), swap 10431772k(5955480k free)

vm_info: Java HotSpot(TM) 64-Bit Server VM (25.25-b02) for windows-amd64 JRE (1.8.0_25-b18), built on Oct  7 2014 14:25:37 by "java_re" with MS VC++ 10.0 (VS2010)

time: Sat Apr 25 15:28:23 2015
elapsed time: 23 seconds (0d 0h 0m 23s)

