#
# A fatal error has been detected by the Java Runtime Environment:
#
#  EXCEPTION_ACCESS_VIOLATION (0xc0000005) at pc=0x00007ffedc7f4110, pid=4292, tid=4596
#
# JRE version: Java(TM) SE Runtime Environment (8.0_25-b18) (build 1.8.0_25-b18)
# Java VM: Java HotSpot(TM) 64-Bit Server VM (25.25-b02 mixed mode windows-amd64 compressed oops)
# Problematic frame:
# C  [KinectPV2.dll+0x4110]
#
# Failed to write core dump. Minidumps are not enabled by default on client versions of Windows
#
# If you would like to submit a bug report, please visit:
#   http://bugreport.sun.com/bugreport/crash.jsp
# The crash happened outside the Java Virtual Machine in native code.
# See problematic frame for where to report the bug.
#

---------------  T H R E A D  ---------------

Current thread (0x0000000019cf5000):  JavaThread "Animation Thread" [_thread_in_native, id=4596, stack(0x000000001cca0000,0x000000001cda0000)]

siginfo: ExceptionCode=0xc0000005, reading address 0xffffffffffffffff

Registers:
RAX=0x0000000000000001, RBX=0x000000002e2ad040, RCX=0x004d71c20a00000a, RDX=0x0000000000000000
RSP=0x000000001cd9e580, RBP=0x0000000000000006, RSI=0x0000000000000000, RDI=0x000000001f430288
R8 =0x000000001cd9e248, R9 =0x0000000000008000, R10=0x0000000000000000, R11=0x000000001cd9e480
R12=0x0000000000000000, R13=0x000000001f99d038, R14=0x0000000000000000, R15=0x0000000019cf5000
RIP=0x00007ffedc7f4110, EFLAGS=0x0000000000010206

Top of Stack: (sp=0x000000001cd9e580)
0x000000001cd9e580:   000000001f430258 000000001fd36518
0x000000001cd9e590:   000000001f430258 0000000000000000
0x000000001cd9e5a0:   000000001cd9e670 00007ffedc7f1fba
0x000000001cd9e5b0:   000000001cd9e670 000000001cd9e650
0x000000001cd9e5c0:   0000000019cf51e8 0000000019caacf0
0x000000001cd9e5d0:   00000000a3b25530 0000000002ce5b74
0x000000001cd9e5e0:   000000001f99d038 0000000000000021
0x000000001cd9e5f0:   0000000000000021 0000000019cf5000
0x000000001cd9e600:   000000001cd9e6c8 0000000002ce58a2
0x000000001cd9e610:   000000001cd9e610 000000001f99d038
0x000000001cd9e620:   000000001cd9e670 000000001f99dfc8
0x000000001cd9e630:   0000000000000000 000000001f99d038
0x000000001cd9e640:   0000000000000000 000000001cd9e670
0x000000001cd9e650:   000000001cd9e6b8 0000000002cd7a2d
0x000000001cd9e660:   0000000000000000 0000000002cdf6b8
0x000000001cd9e670:   00000000a38815f8 000000001cd9e678 

Instructions: (pc=0x00007ffedc7f4110)
0x00007ffedc7f40f0:   89 77 d0 48 8b 0f 48 85 c9 74 09 48 8b 01 ff 50
0x00007ffedc7f4100:   10 4c 89 37 48 8b 8f 90 00 00 00 48 85 c9 74 0d
0x00007ffedc7f4110:   48 8b 01 ff 50 10 4c 89 b7 90 00 00 00 48 8b 4f
0x00007ffedc7f4120:   30 48 85 c9 74 0a 48 8b 01 ff 50 10 4c 89 77 30 


Register to memory mapping:

RAX=0x0000000000000001 is an unknown value
RBX=0x000000002e2ad040 is an unknown value
RCX=0x004d71c20a00000a is an unknown value
RDX=0x0000000000000000 is an unknown value
RSP=0x000000001cd9e580 is pointing into the stack for thread: 0x0000000019cf5000
RBP=0x0000000000000006 is an unknown value
RSI=0x0000000000000000 is an unknown value
RDI=0x000000001f430288 is an unknown value
R8 =0x000000001cd9e248 is pointing into the stack for thread: 0x0000000019cf5000
R9 =0x0000000000008000 is an unknown value
R10=0x0000000000000000 is an unknown value
R11=0x000000001cd9e480 is pointing into the stack for thread: 0x0000000019cf5000
R12=0x0000000000000000 is an unknown value
R13={method} {0x000000001f99d040} 'jniStopDevice' '()V' in 'KinectPV2/Device'
R14=0x0000000000000000 is an unknown value
R15=0x0000000019cf5000 is a thread


Stack: [0x000000001cca0000,0x000000001cda0000],  sp=0x000000001cd9e580,  free space=1017k
Native frames: (J=compiled Java code, j=interpreted, Vv=VM code, C=native code)
C  [KinectPV2.dll+0x4110]
C  [KinectPV2.dll+0x1fba]
C  0x0000000002ce5b74

Java frames: (J=compiled Java code, j=interpreted, Vv=VM code)
j  KinectPV2.Device.jniStopDevice()V+0
j  KinectPV2.Device.stopDevice()V+41
j  KinectPV2.KinectPV2.dispose()V+14
v  ~StubRoutines::call_stub
j  sun.reflect.NativeMethodAccessorImpl.invoke0(Ljava/lang/reflect/Method;Ljava/lang/Object;[Ljava/lang/Object;)Ljava/lang/Object;+0
j  sun.reflect.NativeMethodAccessorImpl.invoke(Ljava/lang/Object;[Ljava/lang/Object;)Ljava/lang/Object;+100
J 1754 C1 sun.reflect.DelegatingMethodAccessorImpl.invoke(Ljava/lang/Object;[Ljava/lang/Object;)Ljava/lang/Object; (10 bytes) @ 0x0000000003328884 [0x0000000003328780+0x104]
J 1753 C1 java.lang.reflect.Method.invoke(Ljava/lang/Object;[Ljava/lang/Object;)Ljava/lang/Object; (62 bytes) @ 0x000000000331fd24 [0x000000000331f940+0x3e4]
j  processing.core.PApplet$RegisteredMethods.handle([Ljava/lang/Object;)V+18
J 1635 C1 processing.core.PApplet.handleMethods(Ljava/lang/String;)V (21 bytes) @ 0x00000000032eb8dc [0x00000000032eb620+0x2bc]
j  processing.core.PApplet.dispose()V+35
j  processing.core.PApplet.run()V+283
j  java.lang.Thread.run()V+11
v  ~StubRoutines::call_stub

---------------  P R O C E S S  ---------------

Java Threads: ( => current thread )
  0x000000001a148800 JavaThread "Animation Thread-SharedResourceRunner" daemon [_thread_blocked, id=5072, stack(0x000000001c2b0000,0x000000001c3b0000)]
  0x00000000011ce800 JavaThread "DestroyJavaVM" [_thread_blocked, id=1416, stack(0x00000000029e0000,0x0000000002ae0000)]
  0x0000000019d21800 JavaThread "D3D Screen Updater" daemon [_thread_blocked, id=4976, stack(0x000000001cfa0000,0x000000001d0a0000)]
=>0x0000000019cf5000 JavaThread "Animation Thread" [_thread_in_native, id=4596, stack(0x000000001cca0000,0x000000001cda0000)]
  0x0000000019ca7000 JavaThread "AWT-EventQueue-0" [_thread_blocked, id=6084, stack(0x000000001caa0000,0x000000001cba0000)]
  0x0000000019c15800 JavaThread "AWT-Windows" daemon [_thread_in_native, id=8460, stack(0x000000001a520000,0x000000001a620000)]
  0x0000000019c15000 JavaThread "AWT-Shutdown" [_thread_blocked, id=6696, stack(0x000000001a420000,0x000000001a520000)]
  0x0000000019c12000 JavaThread "Java2D Disposer" daemon [_thread_blocked, id=4300, stack(0x000000001a320000,0x000000001a420000)]
  0x0000000018ab9000 JavaThread "Service Thread" daemon [_thread_blocked, id=4692, stack(0x0000000019400000,0x0000000019500000)]
  0x0000000018a41800 JavaThread "C1 CompilerThread3" daemon [_thread_blocked, id=3996, stack(0x0000000019300000,0x0000000019400000)]
  0x0000000018a41000 JavaThread "C2 CompilerThread2" daemon [_thread_blocked, id=9760, stack(0x0000000019200000,0x0000000019300000)]
  0x0000000018a30800 JavaThread "C2 CompilerThread1" daemon [_thread_blocked, id=9160, stack(0x0000000019100000,0x0000000019200000)]
  0x0000000018a2a800 JavaThread "C2 CompilerThread0" daemon [_thread_blocked, id=7496, stack(0x0000000019000000,0x0000000019100000)]
  0x0000000018a28000 JavaThread "Attach Listener" daemon [_thread_blocked, id=5000, stack(0x0000000018f00000,0x0000000019000000)]
  0x0000000018a27000 JavaThread "Signal Dispatcher" daemon [_thread_blocked, id=10024, stack(0x0000000018e00000,0x0000000018f00000)]
  0x0000000002ccb800 JavaThread "Finalizer" daemon [_thread_blocked, id=4424, stack(0x0000000018900000,0x0000000018a00000)]
  0x0000000002cc3000 JavaThread "Reference Handler" daemon [_thread_blocked, id=9300, stack(0x0000000018800000,0x0000000018900000)]

Other Threads:
  0x0000000016a18800 VMThread [stack: 0x0000000018700000,0x0000000018800000] [id=8092]
  0x0000000018abd800 WatcherThread [stack: 0x0000000019500000,0x0000000019600000] [id=9648]

VM state:not at safepoint (normal execution)

VM Mutex/Monitor currently owned by a thread: None

Heap:
 PSYoungGen      total 291328K, used 155233K [0x00000000e0400000, 0x00000000f3c80000, 0x0000000100000000)
  eden space 263680K, 58% used [0x00000000e0400000,0x00000000e9af0760,0x00000000f0580000)
  from space 27648K, 2% used [0x00000000f2180000,0x00000000f2228000,0x00000000f3c80000)
  to   space 28160K, 0% used [0x00000000f0580000,0x00000000f0580000,0x00000000f2100000)
 ParOldGen       total 237056K, used 163340K [0x00000000a0c00000, 0x00000000af380000, 0x00000000e0400000)
  object space 237056K, 68% used [0x00000000a0c00000,0x00000000aab83320,0x00000000af380000)
 Metaspace       used 18458K, capacity 18697K, committed 18816K, reserved 1067008K
  class space    used 1774K, capacity 1825K, committed 1920K, reserved 1048576K

Card table byte_map: [0x0000000012090000,0x0000000012390000] byte_map_base: 0x0000000011b8a000

Marking Bits: (ParMarkBitMap*) 0x000000006ab8d490
 Begin Bits: [0x0000000012d90000, 0x0000000014560000)
 End Bits:   [0x0000000014560000, 0x0000000015d30000)

Polling page: 0x00000000011b0000

CodeCache: size=245760Kb used=9092Kb max_used=9104Kb free=236667Kb
 bounds [0x0000000002cd0000, 0x00000000035c0000, 0x0000000011cd0000]
 total_blobs=3366 nmethods=2484 adapters=796
 compilation: enabled

Compilation events (10 events):
Event: 21.773 Thread 0x0000000018a41000 2491       4       processing.opengl.PJOGL::bindFramebufferImpl (12 bytes)
Event: 21.777 Thread 0x0000000018a41000 nmethod 2491 0x00000000035b16d0 code [0x00000000035b1880, 0x00000000035b1cb0]
Event: 21.782 Thread 0x0000000018a2a800 2492       4       processing.opengl.PGraphicsOpenGL$InGeometry::calcQuadsNormals (62 bytes)
Event: 21.784 Thread 0x0000000018a2a800 nmethod 2492 0x00000000035af690 code [0x00000000035af7e0, 0x00000000035af938]
Event: 21.815 Thread 0x0000000018a41800 2493       3       java.text.DecimalFormat::getPositivePrefixFieldPositions (41 bytes)
Event: 21.815 Thread 0x0000000018a41800 nmethod 2493 0x00000000035b1250 code [0x00000000035b13c0, 0x00000000035b1628]
Event: 21.815 Thread 0x0000000018a41800 2494       3       java.text.DecimalFormat::getPositiveSuffixFieldPositions (41 bytes)
Event: 21.815 Thread 0x0000000018a41800 nmethod 2494 0x00000000035b8790 code [0x00000000035b8900, 0x00000000035b8b68]
Event: 21.931 Thread 0x0000000018a41800 2495       1       java.awt.event.InputEvent::isConsumed (5 bytes)
Event: 21.931 Thread 0x0000000018a41800 nmethod 2495 0x00000000035b84d0 code [0x00000000035b8620, 0x00000000035b8730]

GC Heap History (10 events):
Event: 17.593 GC heap before
{Heap before GC invocations=31 (full 3):
 PSYoungGen      total 289792K, used 252346K [0x00000000e0400000, 0x00000000f4180000, 0x0000000100000000)
  eden space 257536K, 97% used [0x00000000e0400000,0x00000000ef9b6ab8,0x00000000eff80000)
  from space 32256K, 2% used [0x00000000eff80000,0x00000000f0038000,0x00000000f1f00000)
  to   space 32256K, 0% used [0x00000000f2200000,0x00000000f2200000,0x00000000f4180000)
 ParOldGen       total 237056K, used 163228K [0x00000000a0c00000, 0x00000000af380000, 0x00000000e0400000)
  object space 237056K, 68% used [0x00000000a0c00000,0x00000000aab67320,0x00000000af380000)
 Metaspace       used 18397K, capacity 18633K, committed 18816K, reserved 1067008K
  class space    used 1773K, capacity 1825K, committed 1920K, reserved 1048576K
Event: 17.594 GC heap after
Heap after GC invocations=31 (full 3):
 PSYoungGen      total 291840K, used 704K [0x00000000e0400000, 0x00000000f4100000, 0x0000000100000000)
  eden space 260096K, 0% used [0x00000000e0400000,0x00000000e0400000,0x00000000f0200000)
  from space 31744K, 2% used [0x00000000f2200000,0x00000000f22b0000,0x00000000f4100000)
  to   space 32256K, 0% used [0x00000000f0200000,0x00000000f0200000,0x00000000f2180000)
 ParOldGen       total 237056K, used 163268K [0x00000000a0c00000, 0x00000000af380000, 0x00000000e0400000)
  object space 237056K, 68% used [0x00000000a0c00000,0x00000000aab71320,0x00000000af380000)
 Metaspace       used 18397K, capacity 18633K, committed 18816K, reserved 1067008K
  class space    used 1773K, capacity 1825K, committed 1920K, reserved 1048576K
}
Event: 18.529 GC heap before
{Heap before GC invocations=32 (full 3):
 PSYoungGen      total 291840K, used 257390K [0x00000000e0400000, 0x00000000f4100000, 0x0000000100000000)
  eden space 260096K, 98% used [0x00000000e0400000,0x00000000efeab9c0,0x00000000f0200000)
  from space 31744K, 2% used [0x00000000f2200000,0x00000000f22b0000,0x00000000f4100000)
  to   space 32256K, 0% used [0x00000000f0200000,0x00000000f0200000,0x00000000f2180000)
 ParOldGen       total 237056K, used 163268K [0x00000000a0c00000, 0x00000000af380000, 0x00000000e0400000)
  object space 237056K, 68% used [0x00000000a0c00000,0x00000000aab71320,0x00000000af380000)
 Metaspace       used 18424K, capacity 18633K, committed 18816K, reserved 1067008K
  class space    used 1773K, capacity 1825K, committed 1920K, reserved 1048576K
Event: 18.531 GC heap after
Heap after GC invocations=32 (full 3):
 PSYoungGen      total 292352K, used 672K [0x00000000e0400000, 0x00000000f4200000, 0x0000000100000000)
  eden space 260096K, 0% used [0x00000000e0400000,0x00000000e0400000,0x00000000f0200000)
  from space 32256K, 2% used [0x00000000f0200000,0x00000000f02a8000,0x00000000f2180000)
  to   space 31744K, 0% used [0x00000000f2300000,0x00000000f2300000,0x00000000f4200000)
 ParOldGen       total 237056K, used 163284K [0x00000000a0c00000, 0x00000000af380000, 0x00000000e0400000)
  object space 237056K, 68% used [0x00000000a0c00000,0x00000000aab75320,0x00000000af380000)
 Metaspace       used 18424K, capacity 18633K, committed 18816K, reserved 1067008K
  class space    used 1773K, capacity 1825K, committed 1920K, reserved 1048576K
}
Event: 19.463 GC heap before
{Heap before GC invocations=33 (full 3):
 PSYoungGen      total 292352K, used 260376K [0x00000000e0400000, 0x00000000f4200000, 0x0000000100000000)
  eden space 260096K, 99% used [0x00000000e0400000,0x00000000f019e248,0x00000000f0200000)
  from space 32256K, 2% used [0x00000000f0200000,0x00000000f02a8000,0x00000000f2180000)
  to   space 31744K, 0% used [0x00000000f2300000,0x00000000f2300000,0x00000000f4200000)
 ParOldGen       total 237056K, used 163284K [0x00000000a0c00000, 0x00000000af380000, 0x00000000e0400000)
  object space 237056K, 68% used [0x00000000a0c00000,0x00000000aab75320,0x00000000af380000)
 Metaspace       used 18433K, capacity 18633K, committed 18816K, reserved 1067008K
  class space    used 1773K, capacity 1825K, committed 1920K, reserved 1048576K
Event: 19.466 GC heap after
Heap after GC invocations=33 (full 3):
 PSYoungGen      total 288768K, used 8740K [0x00000000e0400000, 0x00000000f3d00000, 0x0000000100000000)
  eden space 262144K, 0% used [0x00000000e0400000,0x00000000e0400000,0x00000000f0400000)
  from space 26624K, 32% used [0x00000000f2300000,0x00000000f2b89010,0x00000000f3d00000)
  to   space 29184K, 0% used [0x00000000f0400000,0x00000000f0400000,0x00000000f2080000)
 ParOldGen       total 237056K, used 163308K [0x00000000a0c00000, 0x00000000af380000, 0x00000000e0400000)
  object space 237056K, 68% used [0x00000000a0c00000,0x00000000aab7b320,0x00000000af380000)
 Metaspace       used 18433K, capacity 18633K, committed 18816K, reserved 1067008K
  class space    used 1773K, capacity 1825K, committed 1920K, reserved 1048576K
}
Event: 20.459 GC heap before
{Heap before GC invocations=34 (full 3):
 PSYoungGen      total 288768K, used 270551K [0x00000000e0400000, 0x00000000f3d00000, 0x0000000100000000)
  eden space 262144K, 99% used [0x00000000e0400000,0x00000000f03acf90,0x00000000f0400000)
  from space 26624K, 32% used [0x00000000f2300000,0x00000000f2b89010,0x00000000f3d00000)
  to   space 29184K, 0% used [0x00000000f0400000,0x00000000f0400000,0x00000000f2080000)
 ParOldGen       total 237056K, used 163308K [0x00000000a0c00000, 0x00000000af380000, 0x00000000e0400000)
  object space 237056K, 68% used [0x00000000a0c00000,0x00000000aab7b320,0x00000000af380000)
 Metaspace       used 18443K, capacity 18633K, committed 18816K, reserved 1067008K
  class space    used 1773K, capacity 1825K, committed 1920K, reserved 1048576K
Event: 20.461 GC heap after
Heap after GC invocations=34 (full 3):
 PSYoungGen      total 291328K, used 704K [0x00000000e0400000, 0x00000000f3d80000, 0x0000000100000000)
  eden space 262144K, 0% used [0x00000000e0400000,0x00000000e0400000,0x00000000f0400000)
  from space 29184K, 2% used [0x00000000f0400000,0x00000000f04b0000,0x00000000f2080000)
  to   space 28672K, 0% used [0x00000000f2180000,0x00000000f2180000,0x00000000f3d80000)
 ParOldGen       total 237056K, used 163324K [0x00000000a0c00000, 0x00000000af380000, 0x00000000e0400000)
  object space 237056K, 68% used [0x00000000a0c00000,0x00000000aab7f320,0x00000000af380000)
 Metaspace       used 18443K, capacity 18633K, committed 18816K, reserved 1067008K
  class space    used 1773K, capacity 1825K, committed 1920K, reserved 1048576K
}
Event: 21.427 GC heap before
{Heap before GC invocations=35 (full 3):
 PSYoungGen      total 291328K, used 262346K [0x00000000e0400000, 0x00000000f3d80000, 0x0000000100000000)
  eden space 262144K, 99% used [0x00000000e0400000,0x00000000f0382b70,0x00000000f0400000)
  from space 29184K, 2% used [0x00000000f0400000,0x00000000f04b0000,0x00000000f2080000)
  to   space 28672K, 0% used [0x00000000f2180000,0x00000000f2180000,0x00000000f3d80000)
 ParOldGen       total 237056K, used 163324K [0x00000000a0c00000, 0x00000000af380000, 0x00000000e0400000)
  object space 237056K, 68% used [0x00000000a0c00000,0x00000000aab7f320,0x00000000af380000)
 Metaspace       used 18451K, capacity 18697K, committed 18816K, reserved 1067008K
  class space    used 1773K, capacity 1825K, committed 1920K, reserved 1048576K
Event: 21.428 GC heap after
Heap after GC invocations=35 (full 3):
 PSYoungGen      total 291328K, used 672K [0x00000000e0400000, 0x00000000f3c80000, 0x0000000100000000)
  eden space 263680K, 0% used [0x00000000e0400000,0x00000000e0400000,0x00000000f0580000)
  from space 27648K, 2% used [0x00000000f2180000,0x00000000f2228000,0x00000000f3c80000)
  to   space 28160K, 0% used [0x00000000f0580000,0x00000000f0580000,0x00000000f2100000)
 ParOldGen       total 237056K, used 163340K [0x00000000a0c00000, 0x00000000af380000, 0x00000000e0400000)
  object space 237056K, 68% used [0x00000000a0c00000,0x00000000aab83320,0x00000000af380000)
 Metaspace       used 18451K, capacity 18697K, committed 18816K, reserved 1067008K
  class space    used 1773K, capacity 1825K, committed 1920K, reserved 1048576K
}

Deoptimization events (10 events):
Event: 18.832 Thread 0x0000000019ca7000 Uncommon trap: reason=speculate_class_check action=maybe_recompile pc=0x0000000003563ea4 method=com.jogamp.common.nio.Buffers.getDirectBufferByteOffset(Ljava/lang/Object;)I @ 42
Event: 18.832 Thread 0x0000000019ca7000 Uncommon trap: reason=speculate_class_check action=maybe_recompile pc=0x0000000003563ea4 method=com.jogamp.common.nio.Buffers.getDirectBufferByteOffset(Ljava/lang/Object;)I @ 42
Event: 19.015 Thread 0x0000000019ca7000 Uncommon trap: reason=speculate_class_check action=maybe_recompile pc=0x0000000003564cfc method=com.jogamp.common.nio.Buffers.getDirectBufferByteOffset(Ljava/lang/Object;)I @ 53
Event: 19.015 Thread 0x0000000019ca7000 Uncommon trap: reason=speculate_class_check action=maybe_recompile pc=0x0000000003564cfc method=com.jogamp.common.nio.Buffers.getDirectBufferByteOffset(Ljava/lang/Object;)I @ 53
Event: 19.667 Thread 0x0000000019ca7000 Uncommon trap: reason=speculate_class_check action=maybe_recompile pc=0x000000000358b908 method=com.jogamp.common.nio.Buffers.getDirectBufferByteOffset(Ljava/lang/Object;)I @ 22
Event: 19.667 Thread 0x0000000019ca7000 Uncommon trap: reason=speculate_class_check action=maybe_recompile pc=0x000000000358b908 method=com.jogamp.common.nio.Buffers.getDirectBufferByteOffset(Ljava/lang/Object;)I @ 22
Event: 19.850 Thread 0x0000000019ca7000 Uncommon trap: reason=speculate_class_check action=maybe_recompile pc=0x00000000035a07b8 method=com.jogamp.common.nio.Buffers.getDirectBufferByteOffset(Ljava/lang/Object;)I @ 31
Event: 19.850 Thread 0x0000000019ca7000 Uncommon trap: reason=speculate_class_check action=maybe_recompile pc=0x00000000035a07b8 method=com.jogamp.common.nio.Buffers.getDirectBufferByteOffset(Ljava/lang/Object;)I @ 31
Event: 20.031 Thread 0x0000000019ca7000 Uncommon trap: reason=speculate_class_check action=maybe_recompile pc=0x00000000035a3320 method=com.jogamp.common.nio.Buffers.getDirectBufferByteOffset(Ljava/lang/Object;)I @ 42
Event: 20.032 Thread 0x0000000019ca7000 Uncommon trap: reason=speculate_class_check action=maybe_recompile pc=0x00000000035a3320 method=com.jogamp.common.nio.Buffers.getDirectBufferByteOffset(Ljava/lang/Object;)I @ 42

Internal exceptions (10 events):
Event: 3.069 Thread 0x0000000019ca7000 Exception <a 'java/security/PrivilegedActionException'> (0x00000000e2285068) thrown at [D:\re\workspace\8-2-build-windows-amd64-cygwin\jdk8u25\1677\hotspot\src\share\vm\prims\jvm.cpp, line 1312]
Event: 3.082 Thread 0x0000000019ca7000 Exception <a 'java/security/PrivilegedActionException'> (0x00000000e2c6b7b0) thrown at [D:\re\workspace\8-2-build-windows-amd64-cygwin\jdk8u25\1677\hotspot\src\share\vm\prims\jvm.cpp, line 1312]
Event: 15.739 Thread 0x0000000019ca7000 Implicit null exception at 0x0000000003342fe7 to 0x000000000334329d
Event: 15.821 Thread 0x0000000019ca7000 Exception <a 'java/security/PrivilegedActionException'> (0x00000000e266dc50) thrown at [D:\re\workspace\8-2-build-windows-amd64-cygwin\jdk8u25\1677\hotspot\src\share\vm\prims\jvm.cpp, line 1312]
Event: 15.829 Thread 0x0000000019ca7000 Exception <a 'java/security/PrivilegedActionException'> (0x00000000e267a8f0) thrown at [D:\re\workspace\8-2-build-windows-amd64-cygwin\jdk8u25\1677\hotspot\src\share\vm\prims\jvm.cpp, line 1312]
Event: 15.859 Thread 0x0000000019ca7000 Exception <a 'java/security/PrivilegedActionException'> (0x00000000e2e6ca30) thrown at [D:\re\workspace\8-2-build-windows-amd64-cygwin\jdk8u25\1677\hotspot\src\share\vm\prims\jvm.cpp, line 1312]
Event: 21.964 Thread 0x000000001dff8800 Implicit null exception at 0x000000000343b20c to 0x000000000343b711
Event: 21.964 Thread 0x000000001dff8800 Exception <a 'java/lang/NullPointerException'> (0x00000000e8124ea8) thrown at [D:\re\workspace\8-2-build-windows-amd64-cygwin\jdk8u25\1677\hotspot\src\share\vm\runtime\sharedRuntime.cpp, line 604]
Event: 21.964 Thread 0x000000001dff8800 Implicit null exception at 0x000000000343abef to 0x000000000343ace7
Event: 21.964 Thread 0x000000001dff8800 Exception <a 'java/lang/NullPointerException'> (0x00000000e8126658) thrown at [D:\re\workspace\8-2-build-windows-amd64-cygwin\jdk8u25\1677\hotspot\src\share\vm\runtime\sharedRuntime.cpp, line 604]

Events (10 events):
Event: 20.032 Thread 0x0000000019ca7000 DEOPT UNPACKING pc=0x0000000002d1556a sp=0x000000001cb9d6b0 mode 2
Event: 20.459 Executing VM operation: ParallelGCFailedAllocation
Event: 20.461 Executing VM operation: ParallelGCFailedAllocation done
Event: 21.427 Executing VM operation: ParallelGCFailedAllocation
Event: 21.428 Executing VM operation: ParallelGCFailedAllocation done
Event: 21.965 loading class java/lang/Throwable$WrappedPrintStream
Event: 21.965 loading class java/lang/Throwable$PrintStreamOrWriter
Event: 21.965 loading class java/lang/Throwable$PrintStreamOrWriter done
Event: 21.965 loading class java/lang/Throwable$WrappedPrintStream done
Event: 21.967 Thread 0x000000001dff8800 Thread exited: 0x000000001dff8800


Dynamic libraries:
0x00007ff745f80000 - 0x00007ff745fb4000 	C:\Program Files\Java\jre1.8.0_25\bin\javaw.exe
0x00007ffee8210000 - 0x00007ffee83bc000 	C:\WINDOWS\SYSTEM32\ntdll.dll
0x00007ffee60e0000 - 0x00007ffee621e000 	C:\WINDOWS\system32\KERNEL32.DLL
0x00007ffee54e0000 - 0x00007ffee55f5000 	C:\WINDOWS\system32\KERNELBASE.dll
0x00007ffee3ee0000 - 0x00007ffee3f6e000 	C:\WINDOWS\system32\apphelp.dll
0x00007ffecebf0000 - 0x00007ffecec43000 	C:\WINDOWS\AppPatch\AppPatch64\AcGenral.DLL
0x00007ffee6010000 - 0x00007ffee60ba000 	C:\WINDOWS\system32\msvcrt.dll
0x00007ffee5190000 - 0x00007ffee51be000 	C:\WINDOWS\SYSTEM32\SspiCli.dll
0x00007ffee5fb0000 - 0x00007ffee6004000 	C:\WINDOWS\system32\SHLWAPI.dll
0x00007ffee7fd0000 - 0x00007ffee8147000 	C:\WINDOWS\system32\USER32.dll
0x00007ffee5bc0000 - 0x00007ffee5d54000 	C:\WINDOWS\system32\ole32.dll
0x00007ffee66a0000 - 0x00007ffee7bb8000 	C:\WINDOWS\system32\SHELL32.dll
0x00007ffee48f0000 - 0x00007ffee4911000 	C:\WINDOWS\SYSTEM32\USERENV.dll
0x00007ffee5e20000 - 0x00007ffee5eca000 	C:\WINDOWS\system32\ADVAPI32.dll
0x00007ffed7630000 - 0x00007ffed764e000 	C:\WINDOWS\SYSTEM32\MPR.dll
0x00007ffee63f0000 - 0x00007ffee6531000 	C:\WINDOWS\system32\RPCRT4.dll
0x00007ffee5ed0000 - 0x00007ffee5f29000 	C:\WINDOWS\SYSTEM32\sechost.dll
0x00007ffee7db0000 - 0x00007ffee7fc1000 	C:\WINDOWS\SYSTEM32\combase.dll
0x00007ffee6540000 - 0x00007ffee6691000 	C:\WINDOWS\system32\GDI32.dll
0x00007ffee5360000 - 0x00007ffee5375000 	C:\WINDOWS\SYSTEM32\profapi.dll
0x00007ffee3700000 - 0x00007ffee37b2000 	C:\WINDOWS\SYSTEM32\SHCORE.dll
0x00007ffee5a40000 - 0x00007ffee5a76000 	C:\WINDOWS\system32\IMM32.DLL
0x00007ffee6220000 - 0x00007ffee6372000 	C:\WINDOWS\system32\MSCTF.dll
0x00007ffee2a70000 - 0x00007ffee2ceb000 	C:\WINDOWS\WinSxS\amd64_microsoft.windows.common-controls_6595b64144ccf1df_6.0.9600.17415_none_6240486fecbd8abb\COMCTL32.dll
0x00000000696c0000 - 0x0000000069792000 	C:\Program Files\Java\jre1.8.0_25\bin\msvcr100.dll
0x000000006a3b0000 - 0x000000006ac0a000 	C:\Program Files\Java\jre1.8.0_25\bin\server\jvm.dll
0x00007ffecd2f0000 - 0x00007ffecd2f9000 	C:\WINDOWS\SYSTEM32\WSOCK32.dll
0x00007ffed77f0000 - 0x00007ffed7812000 	C:\WINDOWS\SYSTEM32\WINMM.dll
0x00007ffee7da0000 - 0x00007ffee7da7000 	C:\WINDOWS\system32\PSAPI.DLL
0x00007ffee5a80000 - 0x00007ffee5ada000 	C:\WINDOWS\system32\WS2_32.dll
0x00007ffed75d0000 - 0x00007ffed75fa000 	C:\WINDOWS\SYSTEM32\WINMMBASE.dll
0x00007ffee60d0000 - 0x00007ffee60d9000 	C:\WINDOWS\system32\NSI.dll
0x00007ffee5840000 - 0x00007ffee588f000 	C:\WINDOWS\SYSTEM32\cfgmgr32.dll
0x00007ffee4150000 - 0x00007ffee4178000 	C:\WINDOWS\SYSTEM32\DEVOBJ.dll
0x000000006b5e0000 - 0x000000006b5ef000 	C:\Program Files\Java\jre1.8.0_25\bin\verify.dll
0x000000006b5b0000 - 0x000000006b5d8000 	C:\Program Files\Java\jre1.8.0_25\bin\java.dll
0x000000006b590000 - 0x000000006b5a6000 	C:\Program Files\Java\jre1.8.0_25\bin\zip.dll
0x0000000069520000 - 0x00000000696b8000 	C:\Program Files\Java\jre1.8.0_25\bin\awt.dll
0x00007ffee5ae0000 - 0x00007ffee5ba1000 	C:\WINDOWS\system32\OLEAUT32.dll
0x00007ffee3500000 - 0x00007ffee3521000 	C:\WINDOWS\system32\DWMAPI.DLL
0x00007ffee3fd0000 - 0x00007ffee40f9000 	C:\WINDOWS\system32\uxtheme.dll
0x00007ffee41a0000 - 0x00007ffee41ab000 	C:\WINDOWS\SYSTEM32\kernel.appcore.dll
0x00007ffee5230000 - 0x00007ffee523b000 	C:\WINDOWS\SYSTEM32\CRYPTBASE.dll
0x00007ffee51c0000 - 0x00007ffee5223000 	C:\WINDOWS\SYSTEM32\bcryptPrimitives.dll
0x00007ffedaca0000 - 0x00007ffedaec1000 	C:\WINDOWS\system32\d3d9.dll
0x00007ffee3010000 - 0x00007ffee301a000 	C:\WINDOWS\SYSTEM32\VERSION.dll
0x00007ffee2870000 - 0x00007ffee29bb000 	C:\WINDOWS\SYSTEM32\aticfx64.dll
0x00007ffec0180000 - 0x00007ffec01a1000 	C:\WINDOWS\SYSTEM32\atiu9p64.dll
0x00007ffebed60000 - 0x00007ffebf545000 	C:\WINDOWS\SYSTEM32\atiumd64.dll
0x000000006acf0000 - 0x000000006b4a7000 	C:\WINDOWS\SYSTEM32\atiumd6a.dll
0x00000000694d0000 - 0x0000000069517000 	C:\Program Files\Java\jre1.8.0_25\bin\fontmanager.dll
0x00007ffee4d60000 - 0x00007ffee4d80000 	C:\WINDOWS\SYSTEM32\CRYPTSP.dll
0x00007ffee47e0000 - 0x00007ffee4816000 	C:\WINDOWS\system32\rsaenh.dll
0x00007ffee4e80000 - 0x00007ffee4ea6000 	C:\WINDOWS\SYSTEM32\bcrypt.dll
0x000000006b570000 - 0x000000006b58a000 	C:\Program Files\Java\jre1.8.0_25\bin\net.dll
0x00007ffee4b20000 - 0x00007ffee4b79000 	C:\WINDOWS\system32\mswsock.dll
0x00007ffee1080000 - 0x00007ffee10aa000 	C:\WINDOWS\SYSTEM32\IPHLPAPI.DLL
0x00007ffee2670000 - 0x00007ffee267a000 	C:\WINDOWS\SYSTEM32\WINNSI.DLL
0x00007ffee0160000 - 0x00007ffee0176000 	C:\WINDOWS\SYSTEM32\dhcpcsvc6.DLL
0x00007ffee02b0000 - 0x00007ffee02ca000 	C:\WINDOWS\SYSTEM32\dhcpcsvc.DLL
0x000000006a390000 - 0x000000006a3a1000 	C:\Program Files\Java\jre1.8.0_25\bin\nio.dll
0x00000000637c0000 - 0x00000000637cd000 	S:\Users\Ben\AppData\Local\Temp\jogamp_0000\file_cache\jln257278873963440620\jln1317699578685707405\gluegen-rt.dll
0x00000000694c0000 - 0x00000000694c7000 	C:\Program Files\Java\jre1.8.0_25\bin\jawt.dll
0x0000000002b80000 - 0x0000000002b8d000 	S:\Users\Ben\AppData\Local\Temp\jogamp_0000\file_cache\jln257278873963440620\jln1317699578685707405\nativewindow_awt.dll
0x000000006c100000 - 0x000000006c10f000 	S:\Users\Ben\AppData\Local\Temp\jogamp_0000\file_cache\jln257278873963440620\jln1317699578685707405\nativewindow_win32.dll
0x00007ffecea70000 - 0x00007ffeceb9b000 	C:\WINDOWS\SYSTEM32\OpenGL32.dll
0x00007ffedc620000 - 0x00007ffedc64e000 	C:\WINDOWS\SYSTEM32\GLU32.dll
0x00007ffedc2f0000 - 0x00007ffedc3e8000 	C:\WINDOWS\SYSTEM32\DDRAW.dll
0x00007ffee0d60000 - 0x00007ffee0d69000 	C:\WINDOWS\SYSTEM32\DCIMAN32.dll
0x0000000064500000 - 0x00000000645a2000 	S:\Users\Ben\AppData\Local\Temp\jogamp_0000\file_cache\jln257278873963440620\jln1317699578685707405\jogl_desktop.dll
0x00007ffee0ca0000 - 0x00007ffee0cb8000 	C:\WINDOWS\SYSTEM32\atig6pxx.dll
0x0000000067910000 - 0x00000000694bf000 	C:\WINDOWS\SYSTEM32\atio6axx.dll
0x00007ffee7bc0000 - 0x00007ffee7d9a000 	C:\WINDOWS\system32\SETUPAPI.dll
0x00007ffee10e0000 - 0x00007ffee1217000 	C:\WINDOWS\SYSTEM32\atiadlxx.dll
0x00007ffee16b0000 - 0x00007ffee182f000 	C:\WINDOWS\SYSTEM32\PROPSYS.dll
0x00007ffee3f70000 - 0x00007ffee3f82000 	C:\WINDOWS\SYSTEM32\WTSAPI32.dll
0x00007ffee57e0000 - 0x00007ffee5831000 	C:\WINDOWS\system32\WINTRUST.dll
0x00007ffee5600000 - 0x00007ffee57df000 	C:\WINDOWS\system32\CRYPT32.dll
0x00007ffee5410000 - 0x00007ffee5421000 	C:\WINDOWS\system32\MSASN1.dll
0x00007ffedc550000 - 0x00007ffedc579000 	C:\WINDOWS\SYSTEM32\atig6txx.dll
0x00007ffece8d0000 - 0x00007ffecea6c000 	O:\OneDrive\Workspace\ZZavatar\lib\user\KinectPV2\Kinect20.Face.dll
0x00007ffed76f0000 - 0x00007ffed7797000 	C:\WINDOWS\SYSTEM32\MSVCP110.dll
0x00007ffeddd70000 - 0x00007ffedde3e000 	C:\WINDOWS\SYSTEM32\MSVCR110.dll
0x00007ffedc7f0000 - 0x00007ffedc800000 	O:\OneDrive\Workspace\ZZavatar\lib\user\KinectPV2\KinectPV2.dll
0x00007ffeda070000 - 0x00007ffeda12a000 	C:\WINDOWS\SYSTEM32\Kinect20.dll
0x00007ffed7820000 - 0x00007ffed790b000 	C:\WINDOWS\SYSTEM32\MFPlat.DLL
0x00007ffed7650000 - 0x00007ffed7677000 	C:\WINDOWS\SYSTEM32\RTWorkQ.DLL
0x00007ffee3130000 - 0x00007ffee313c000 	C:\WINDOWS\SYSTEM32\AVRT.dll
0x00000000678c0000 - 0x0000000067901000 	C:\Program Files\Java\jre1.8.0_25\bin\t2k.dll
0x00007ffebeae0000 - 0x00007ffebec6a000 	C:\WINDOWS\SYSTEM32\dbghelp.dll

VM Arguments:
jvm_args: -Djava.library.path=O:\OneDrive\Workspace\ZZavatar\lib\base\video;O:\OneDrive\Workspace\ZZavatar\lib\base\video;O:\OneDrive\Workspace\ZZavatar\lib\base\video;O:\OneDrive\Workspace\ZZavatar\lib\base\core;O:\OneDrive\Workspace\ZZavatar\lib\base\core;O:\OneDrive\Workspace\ZZavatar\lib\base\core;O:\OneDrive\Workspace\ZZavatar\lib\base\core;O:\OneDrive\Workspace\ZZavatar\lib\base\core;O:\OneDrive\Workspace\ZZavatar\lib\base\core;O:\OneDrive\Workspace\ZZavatar\lib\base\core;O:\OneDrive\Workspace\ZZavatar\lib\base\core;O:\OneDrive\Workspace\ZZavatar\lib\base\core;O:\OneDrive\Workspace\ZZavatar\lib\base\core;O:\OneDrive\Workspace\ZZavatar\lib\base\core;O:\OneDrive\Workspace\ZZavatar\lib\base\core;O:\OneDrive\Workspace\ZZavatar\lib\base\core;O:\OneDrive\Workspace\ZZavatar\lib\base\core;O:\OneDrive\Workspace\ZZavatar\lib\base\core;O:\OneDrive\Workspace\ZZavatar\lib\user\Kinect4WinSDK;O:\OneDrive\Workspace\ZZavatar\lib\user\KinectPV2;O:\OneDrive\Workspace\ZZavatar\lib\user\SimpleOpenNI -Dfile.encoding=Cp1252 
java_command: zzavatar.ZZavatar
java_class_path (initial): O:\OneDrive\Workspace\ZZavatar\lib\base\video\gstreamer-java.jar;O:\OneDrive\Workspace\ZZavatar\lib\base\video\jna.jar;O:\OneDrive\Workspace\ZZavatar\lib\base\video\video.jar;O:\OneDrive\Workspace\ZZavatar\lib\base\core\core.jar;O:\OneDrive\Workspace\ZZavatar\lib\base\core\gluegen-rt-natives-linux-amd64.jar;O:\OneDrive\Workspace\ZZavatar\lib\base\core\gluegen-rt-natives-linux-armv6hf.jar;O:\OneDrive\Workspace\ZZavatar\lib\base\core\gluegen-rt-natives-linux-i586.jar;O:\OneDrive\Workspace\ZZavatar\lib\base\core\gluegen-rt-natives-macosx-universal.jar;O:\OneDrive\Workspace\ZZavatar\lib\base\core\gluegen-rt-natives-windows-amd64.jar;O:\OneDrive\Workspace\ZZavatar\lib\base\core\gluegen-rt-natives-windows-i586.jar;O:\OneDrive\Workspace\ZZavatar\lib\base\core\gluegen-rt.jar;O:\OneDrive\Workspace\ZZavatar\lib\base\core\jogl-all-natives-linux-amd64.jar;O:\OneDrive\Workspace\ZZavatar\lib\base\core\jogl-all-natives-linux-armv6hf.jar;O:\OneDrive\Workspace\ZZavatar\lib\base\core\jogl-all-natives-linux-i586.jar;O:\OneDrive\Workspace\ZZavatar\lib\base\core\jogl-all-natives-macosx-universal.jar;O:\OneDrive\Workspace\ZZavatar\lib\base\core\jogl-all-natives-windows-amd64.jar;O:\OneDrive\Workspace\ZZavatar\lib\base\core\jogl-all-natives-windows-i586.jar;O:\OneDrive\Workspace\ZZavatar\lib\base\core\jogl-all.jar;O:\OneDrive\Workspace\ZZavatar\lib\user\Kinect4WinSDK\Kinect4WinSDK.jar;O:\OneDrive\Workspace\ZZavatar\lib\user\KinectPV2\KinectPV2.jar;O:\OneDrive\Workspace\ZZavatar\lib\user\SimpleOpenNI\SimpleOpenNI.jar;O:\OneDrive\Workspace\ZZavatar\bin
Launcher Type: SUN_STANDARD

Environment Variables:
JAVA_HOME=C:\Program Files\Java\jdk1.8.0_25
PATH=C:/Program Files/Java/jre1.8.0_25/bin/server;C:/Program Files/Java/jre1.8.0_25/bin;C:/Program Files/Java/jre1.8.0_25/lib/amd64;C:\Program Files (x86)\NVIDIA Corporation\PhysX\Common;C:\ProgramData\Oracle\Java\javapath;C:\Program Files (x86)\Common Files\Intel\Shared Libraries\redist\intel64\compiler;C:\Program Files (x86)\Common Files\Intel\Shared Libraries\redist\ia32\compiler;C:\Program Files (x86)\Intel\iCLS Client\;C:\Program Files\Intel\iCLS Client\;C:\Program Files (x86)\AMD APP\bin\x86_64;C:\Program Files (x86)\AMD APP\bin\x86;C:\WINDOWS\system32;C:\WINDOWS;C:\WINDOWS\System32\Wbem;C:\WINDOWS\System32\WindowsPowerShell\v1.0\;C:\Program Files (x86)\ATI Technologies\ATI.ACE\Core-Static;C:\Program Files\Intel\Intel(R) Management Engine Components\DAL;C:\Program Files\Intel\Intel(R) Management Engine Components\IPT;C:\Program Files (x86)\Intel\Intel(R) Management Engine Components\DAL;C:\Program Files (x86)\Intel\Intel(R) Management Engine Components\IPT;C:\Program Files\Sony\VAIO Improvement\;C:\Program Files (x86)\Sony\VAIO Startup Setting Tool;C:\Program Files (x86)\Windows Kits\8.1\Windows Performance Toolkit\;C:\Program Files\Microsoft SQL Server\110\Tools\Binn\;C:\Program Files (x86)\Microsoft SDKs\TypeScript\1.0\;C:\Program Files\Microsoft\Web Platform Installer\;C:\Program Files (x86)\Java\jre1.8.0_25\bin;P:\Programs\Python27\Scripts;P:\Programs\Python27;C:\Program Files\Common Files\Autodesk Shared\;P:\Program Files\Programs;P:\Program Files\Games;P:\Programs\Eclipse;
USERNAME=Benoît
OS=Windows_NT
PROCESSOR_IDENTIFIER=Intel64 Family 6 Model 58 Stepping 9, GenuineIntel



---------------  S Y S T E M  ---------------

OS: Windows 8.1 , 64 bit Build 9600 

CPU:total 8 (4 cores per cpu, 2 threads per core) family 6 model 58 stepping 9, cmov, cx8, fxsr, mmx, sse, sse2, sse3, ssse3, sse4.1, sse4.2, popcnt, avx, aes, clmul, erms, ht, tsc, tscinvbit, tscinv

Memory: 4k page, physical 6237468k(1867720k free), swap 10431772k(3837396k free)

vm_info: Java HotSpot(TM) 64-Bit Server VM (25.25-b02) for windows-amd64 JRE (1.8.0_25-b18), built on Oct  7 2014 14:25:37 by "java_re" with MS VC++ 10.0 (VS2010)

time: Thu Apr 23 17:04:44 2015
elapsed time: 21 seconds (0d 0h 0m 21s)

