#
# A fatal error has been detected by the Java Runtime Environment:
#
#  EXCEPTION_ACCESS_VIOLATION (0xc0000005) at pc=0x00007ffee0cb4110, pid=9296, tid=5864
#
# JRE version: Java(TM) SE Runtime Environment (8.0_25-b18) (build 1.8.0_25-b18)
# Java VM: Java HotSpot(TM) 64-Bit Server VM (25.25-b02 mixed mode windows-amd64 compressed oops)
# Problematic frame:
# C  [KinectPV2.dll+0x4110]
#
# Failed to write core dump. Minidumps are not enabled by default on client versions of Windows
#
# If you would like to submit a bug report, please visit:
#   http://bugreport.sun.com/bugreport/crash.jsp
# The crash happened outside the Java Virtual Machine in native code.
# See problematic frame for where to report the bug.
#

---------------  T H R E A D  ---------------

Current thread (0x0000000019ba0000):  JavaThread "Animation Thread" [_thread_in_native, id=5864, stack(0x000000001cd50000,0x000000001ce50000)]

siginfo: ExceptionCode=0xc0000005, reading address 0xffffffffffffffff

Registers:
RAX=0x0000000000000001, RBX=0x000000002e57c040, RCX=0x004dc9a30a00000a, RDX=0x0000000000000000
RSP=0x000000001ce4e5e0, RBP=0x0000000000000006, RSI=0x0000000000000000, RDI=0x000000001fbe5008
R8 =0x000000001ce4e2a8, R9 =0x0000000000008000, R10=0x0000000000000000, R11=0x000000001ce4e4e0
R12=0x0000000000000000, R13=0x000000002017d348, R14=0x0000000000000000, R15=0x0000000019ba0000
RIP=0x00007ffee0cb4110, EFLAGS=0x0000000000010206

Top of Stack: (sp=0x000000001ce4e5e0)
0x000000001ce4e5e0:   000000001fbe4fd8 000000002051e0d8
0x000000001ce4e5f0:   000000001fbe4fd8 0000000000000000
0x000000001ce4e600:   000000001ce4e6d0 00007ffee0cb1fba
0x000000001ce4e610:   000000001ce4e6d0 000000001ce4e6b0
0x000000001ce4e620:   0000000019ba01e8 0000000019b0a370
0x000000001ce4e630:   00000000a3808378 0000000002b45b74
0x000000001ce4e640:   000000002017d348 0000000000000021
0x000000001ce4e650:   0000000000000021 0000000019ba0000
0x000000001ce4e660:   000000001ce4e728 0000000002b458a2
0x000000001ce4e670:   000000001ce4e670 000000002017d348
0x000000001ce4e680:   000000001ce4e6d0 000000002017e2d8
0x000000001ce4e690:   0000000000000000 000000002017d348
0x000000001ce4e6a0:   0000000000000000 000000001ce4e6d0
0x000000001ce4e6b0:   000000001ce4e718 0000000002b37a2d
0x000000001ce4e6c0:   0000000000000000 0000000002b3f6b8
0x000000001ce4e6d0:   00000000a38b3c60 000000001ce4e6d8 

Instructions: (pc=0x00007ffee0cb4110)
0x00007ffee0cb40f0:   89 77 d0 48 8b 0f 48 85 c9 74 09 48 8b 01 ff 50
0x00007ffee0cb4100:   10 4c 89 37 48 8b 8f 90 00 00 00 48 85 c9 74 0d
0x00007ffee0cb4110:   48 8b 01 ff 50 10 4c 89 b7 90 00 00 00 48 8b 4f
0x00007ffee0cb4120:   30 48 85 c9 74 0a 48 8b 01 ff 50 10 4c 89 77 30 


Register to memory mapping:

RAX=0x0000000000000001 is an unknown value
RBX=0x000000002e57c040 is an unknown value
RCX=0x004dc9a30a00000a is an unknown value
RDX=0x0000000000000000 is an unknown value
RSP=0x000000001ce4e5e0 is pointing into the stack for thread: 0x0000000019ba0000
RBP=0x0000000000000006 is an unknown value
RSI=0x0000000000000000 is an unknown value
RDI=0x000000001fbe5008 is an unknown value
R8 =0x000000001ce4e2a8 is pointing into the stack for thread: 0x0000000019ba0000
R9 =0x0000000000008000 is an unknown value
R10=0x0000000000000000 is an unknown value
R11=0x000000001ce4e4e0 is pointing into the stack for thread: 0x0000000019ba0000
R12=0x0000000000000000 is an unknown value
R13={method} {0x000000002017d350} 'jniStopDevice' '()V' in 'KinectPV2/Device'
R14=0x0000000000000000 is an unknown value
R15=0x0000000019ba0000 is a thread


Stack: [0x000000001cd50000,0x000000001ce50000],  sp=0x000000001ce4e5e0,  free space=1017k
Native frames: (J=compiled Java code, j=interpreted, Vv=VM code, C=native code)
C  [KinectPV2.dll+0x4110]
C  [KinectPV2.dll+0x1fba]
C  0x0000000002b45b74

Java frames: (J=compiled Java code, j=interpreted, Vv=VM code)
j  KinectPV2.Device.jniStopDevice()V+0
j  KinectPV2.Device.stopDevice()V+41
j  KinectPV2.KinectPV2.dispose()V+14
v  ~StubRoutines::call_stub
j  sun.reflect.NativeMethodAccessorImpl.invoke0(Ljava/lang/reflect/Method;Ljava/lang/Object;[Ljava/lang/Object;)Ljava/lang/Object;+0
j  sun.reflect.NativeMethodAccessorImpl.invoke(Ljava/lang/Object;[Ljava/lang/Object;)Ljava/lang/Object;+100
j  sun.reflect.DelegatingMethodAccessorImpl.invoke(Ljava/lang/Object;[Ljava/lang/Object;)Ljava/lang/Object;+6
j  java.lang.reflect.Method.invoke(Ljava/lang/Object;[Ljava/lang/Object;)Ljava/lang/Object;+56
j  processing.core.PApplet$RegisteredMethods.handle([Ljava/lang/Object;)V+18
J 1643 C1 processing.core.PApplet.handleMethods(Ljava/lang/String;)V (21 bytes) @ 0x000000000315c05c [0x000000000315bda0+0x2bc]
j  processing.core.PApplet.dispose()V+35
j  processing.core.PApplet.run()V+283
j  java.lang.Thread.run()V+11
v  ~StubRoutines::call_stub

---------------  P R O C E S S  ---------------

Java Threads: ( => current thread )
  0x0000000019e22000 JavaThread "Animation Thread-SharedResourceRunner" daemon [_thread_blocked, id=5080, stack(0x000000001f020000,0x000000001f120000)]
  0x0000000002aee800 JavaThread "DestroyJavaVM" [_thread_blocked, id=4840, stack(0x0000000001110000,0x0000000001210000)]
  0x0000000019ba2000 JavaThread "D3D Screen Updater" daemon [_thread_blocked, id=9648, stack(0x000000001d050000,0x000000001d150000)]
=>0x0000000019ba0000 JavaThread "Animation Thread" [_thread_in_native, id=5864, stack(0x000000001cd50000,0x000000001ce50000)]
  0x0000000019b14000 JavaThread "Image Fetcher 0" daemon [_thread_blocked, id=6236, stack(0x000000001cc50000,0x000000001cd50000)]
  0x0000000019afa000 JavaThread "AWT-EventQueue-0" [_thread_blocked, id=3996, stack(0x000000001cb50000,0x000000001cc50000)]
  0x0000000019abb000 JavaThread "AWT-Windows" daemon [_thread_in_native, id=9160, stack(0x000000001a3b0000,0x000000001a4b0000)]
  0x0000000019aba000 JavaThread "AWT-Shutdown" [_thread_blocked, id=5064, stack(0x000000001a2b0000,0x000000001a3b0000)]
  0x0000000018bc7000 JavaThread "Java2D Disposer" daemon [_thread_blocked, id=6884, stack(0x000000001a1b0000,0x000000001a2b0000)]
  0x000000001892a800 JavaThread "Service Thread" daemon [_thread_blocked, id=7980, stack(0x0000000019270000,0x0000000019370000)]
  0x00000000188ae800 JavaThread "C1 CompilerThread3" daemon [_thread_blocked, id=9708, stack(0x0000000019170000,0x0000000019270000)]
  0x00000000188a6000 JavaThread "C2 CompilerThread2" daemon [_thread_blocked, id=9772, stack(0x0000000019070000,0x0000000019170000)]
  0x000000001889d800 JavaThread "C2 CompilerThread1" daemon [_thread_blocked, id=4964, stack(0x0000000018f70000,0x0000000019070000)]
  0x0000000018898800 JavaThread "C2 CompilerThread0" daemon [_thread_blocked, id=9004, stack(0x0000000018e70000,0x0000000018f70000)]
  0x0000000018896000 JavaThread "Attach Listener" daemon [_thread_blocked, id=7464, stack(0x0000000018d70000,0x0000000018e70000)]
  0x0000000018895000 JavaThread "Signal Dispatcher" daemon [_thread_blocked, id=9580, stack(0x0000000018c70000,0x0000000018d70000)]
  0x0000000002a58800 JavaThread "Finalizer" daemon [_thread_blocked, id=4292, stack(0x0000000018770000,0x0000000018870000)]
  0x000000001687c800 JavaThread "Reference Handler" daemon [_thread_blocked, id=3976, stack(0x0000000018670000,0x0000000018770000)]

Other Threads:
  0x0000000016878800 VMThread [stack: 0x0000000018570000,0x0000000018670000] [id=4364]
  0x000000001892e000 WatcherThread [stack: 0x0000000019370000,0x0000000019470000] [id=8104]

VM state:not at safepoint (normal execution)

VM Mutex/Monitor currently owned by a thread: None

Heap:
 PSYoungGen      total 278528K, used 154460K [0x00000000e0400000, 0x00000000f7c80000, 0x0000000100000000)
  eden space 215552K, 71% used [0x00000000e0400000,0x00000000e9aa73f8,0x00000000ed680000)
  from space 62976K, 0% used [0x00000000ed680000,0x00000000ed6b0000,0x00000000f1400000)
  to   space 61952K, 0% used [0x00000000f4000000,0x00000000f4000000,0x00000000f7c80000)
 ParOldGen       total 226816K, used 163183K [0x00000000a0c00000, 0x00000000ae980000, 0x00000000e0400000)
  object space 226816K, 71% used [0x00000000a0c00000,0x00000000aab5bd70,0x00000000ae980000)
 Metaspace       used 17607K, capacity 17853K, committed 17920K, reserved 1064960K
  class space    used 1718K, capacity 1761K, committed 1792K, reserved 1048576K

Card table byte_map: [0x0000000011ef0000,0x00000000121f0000] byte_map_base: 0x00000000119ea000

Marking Bits: (ParMarkBitMap*) 0x000000006ab8d490
 Begin Bits: [0x0000000012bf0000, 0x00000000143c0000)
 End Bits:   [0x00000000143c0000, 0x0000000015b90000)

Polling page: 0x0000000002940000

CodeCache: size=245760Kb used=6521Kb max_used=6533Kb free=239238Kb
 bounds [0x0000000002b30000, 0x00000000031a0000, 0x0000000011b30000]
 total_blobs=2628 nmethods=1756 adapters=786
 compilation: enabled

Compilation events (10 events):
Event: 6.134 Thread 0x00000000188ae800 1753       3       sun.java2d.pipe.Region::getInstanceXYWH (16 bytes)
Event: 6.135 Thread 0x00000000188ae800 nmethod 1753 0x0000000003192250 code [0x00000000031923e0, 0x0000000003192870]
Event: 6.241 Thread 0x00000000188ae800 1754  s    3       processing.core.PApplet$InternalEventQueue::available (11 bytes)
Event: 6.241 Thread 0x00000000188ae800 nmethod 1754 0x0000000003191cd0 code [0x0000000003191e40, 0x0000000003192190]
Event: 6.271 Thread 0x00000000188ae800 1755       3       java.awt.Component::isVisible (5 bytes)
Event: 6.271 Thread 0x00000000188ae800 nmethod 1755 0x0000000003191910 code [0x0000000003191a60, 0x0000000003191c50]
Event: 6.273 Thread 0x00000000188a6000 1757       4       java.lang.StringBuilder::toString (17 bytes)
Event: 6.273 Thread 0x00000000188ae800 1756       3       java.lang.Integer::formatUnsignedInt (48 bytes)
Event: 6.273 Thread 0x00000000188ae800 nmethod 1756 0x0000000003191350 code [0x00000000031914c0, 0x0000000003191730]
Event: 6.276 Thread 0x00000000188a6000 nmethod 1757 0x0000000003190d10 code [0x0000000003190e60, 0x0000000003191158]

GC Heap History (10 events):
Event: 3.377 GC heap before
{Heap before GC invocations=12 (full 3):
 PSYoungGen      total 177152K, used 48107K [0x00000000e0400000, 0x00000000f2f00000, 0x0000000100000000)
  eden space 129024K, 0% used [0x00000000e0400000,0x00000000e0400000,0x00000000e8200000)
  from space 48128K, 99% used [0x00000000e8200000,0x00000000eb0fad98,0x00000000eb100000)
  to   space 66048K, 0% used [0x00000000eee80000,0x00000000eee80000,0x00000000f2f00000)
 ParOldGen       total 153600K, used 124789K [0x00000000a0c00000, 0x00000000aa200000, 0x00000000e0400000)
  object space 153600K, 81% used [0x00000000a0c00000,0x00000000a85dd448,0x00000000aa200000)
 Metaspace       used 17315K, capacity 17527K, committed 17664K, reserved 1064960K
  class space    used 1706K, capacity 1760K, committed 1792K, reserved 1048576K
Event: 3.482 GC heap after
Heap after GC invocations=12 (full 3):
 PSYoungGen      total 177152K, used 5098K [0x00000000e0400000, 0x00000000f2f00000, 0x0000000100000000)
  eden space 129024K, 0% used [0x00000000e0400000,0x00000000e0400000,0x00000000e8200000)
  from space 48128K, 10% used [0x00000000e8200000,0x00000000e86fa848,0x00000000eb100000)
  to   space 66048K, 0% used [0x00000000eee80000,0x00000000eee80000,0x00000000f2f00000)
 ParOldGen       total 226816K, used 149019K [0x00000000a0c00000, 0x00000000ae980000, 0x00000000e0400000)
  object space 226816K, 65% used [0x00000000a0c00000,0x00000000a9d86d40,0x00000000ae980000)
 Metaspace       used 17315K, capacity 17527K, committed 17664K, reserved 1064960K
  class space    used 1706K, capacity 1760K, committed 1792K, reserved 1048576K
}
Event: 3.751 GC heap before
{Heap before GC invocations=13 (full 3):
 PSYoungGen      total 177152K, used 133934K [0x00000000e0400000, 0x00000000f2f00000, 0x0000000100000000)
  eden space 129024K, 99% used [0x00000000e0400000,0x00000000e81d1318,0x00000000e8200000)
  from space 48128K, 10% used [0x00000000e8200000,0x00000000e86fa848,0x00000000eb100000)
  to   space 66048K, 0% used [0x00000000eee80000,0x00000000eee80000,0x00000000f2f00000)
 ParOldGen       total 226816K, used 149019K [0x00000000a0c00000, 0x00000000ae980000, 0x00000000e0400000)
  object space 226816K, 65% used [0x00000000a0c00000,0x00000000a9d86d40,0x00000000ae980000)
 Metaspace       used 17402K, capacity 17661K, committed 17920K, reserved 1064960K
  class space    used 1706K, capacity 1761K, committed 1792K, reserved 1048576K
Event: 3.761 GC heap after
Heap after GC invocations=13 (full 3):
 PSYoungGen      total 232960K, used 13972K [0x00000000e0400000, 0x00000000f2a00000, 0x0000000100000000)
  eden space 172032K, 0% used [0x00000000e0400000,0x00000000e0400000,0x00000000eac00000)
  from space 60928K, 22% used [0x00000000eee80000,0x00000000efc25030,0x00000000f2a00000)
  to   space 64512K, 0% used [0x00000000eac00000,0x00000000eac00000,0x00000000eeb00000)
 ParOldGen       total 226816K, used 149299K [0x00000000a0c00000, 0x00000000ae980000, 0x00000000e0400000)
  object space 226816K, 65% used [0x00000000a0c00000,0x00000000a9dccd40,0x00000000ae980000)
 Metaspace       used 17402K, capacity 17661K, committed 17920K, reserved 1064960K
  class space    used 1706K, capacity 1761K, committed 1792K, reserved 1048576K
}
Event: 4.345 GC heap before
{Heap before GC invocations=14 (full 3):
 PSYoungGen      total 232960K, used 178710K [0x00000000e0400000, 0x00000000f2a00000, 0x0000000100000000)
  eden space 172032K, 95% used [0x00000000e0400000,0x00000000ea4e0b88,0x00000000eac00000)
  from space 60928K, 22% used [0x00000000eee80000,0x00000000efc25030,0x00000000f2a00000)
  to   space 64512K, 0% used [0x00000000eac00000,0x00000000eac00000,0x00000000eeb00000)
 ParOldGen       total 226816K, used 149299K [0x00000000a0c00000, 0x00000000ae980000, 0x00000000e0400000)
  object space 226816K, 65% used [0x00000000a0c00000,0x00000000a9dccd40,0x00000000ae980000)
 Metaspace       used 17470K, capacity 17725K, committed 17920K, reserved 1064960K
  class space    used 1706K, capacity 1761K, committed 1792K, reserved 1048576K
Event: 4.351 GC heap after
Heap after GC invocations=14 (full 3):
 PSYoungGen      total 236544K, used 128K [0x00000000e0400000, 0x00000000f5b80000, 0x0000000100000000)
  eden space 172032K, 0% used [0x00000000e0400000,0x00000000e0400000,0x00000000eac00000)
  from space 64512K, 0% used [0x00000000eac00000,0x00000000eac20000,0x00000000eeb00000)
  to   space 64512K, 0% used [0x00000000f1c80000,0x00000000f1c80000,0x00000000f5b80000)
 ParOldGen       total 226816K, used 163151K [0x00000000a0c00000, 0x00000000ae980000, 0x00000000e0400000)
  object space 226816K, 71% used [0x00000000a0c00000,0x00000000aab53d70,0x00000000ae980000)
 Metaspace       used 17470K, capacity 17725K, committed 17920K, reserved 1064960K
  class space    used 1706K, capacity 1761K, committed 1792K, reserved 1048576K
}
Event: 4.949 GC heap before
{Heap before GC invocations=15 (full 3):
 PSYoungGen      total 236544K, used 171714K [0x00000000e0400000, 0x00000000f5b80000, 0x0000000100000000)
  eden space 172032K, 99% used [0x00000000e0400000,0x00000000eab908e0,0x00000000eac00000)
  from space 64512K, 0% used [0x00000000eac00000,0x00000000eac20000,0x00000000eeb00000)
  to   space 64512K, 0% used [0x00000000f1c80000,0x00000000f1c80000,0x00000000f5b80000)
 ParOldGen       total 226816K, used 163151K [0x00000000a0c00000, 0x00000000ae980000, 0x00000000e0400000)
  object space 226816K, 71% used [0x00000000a0c00000,0x00000000aab53d70,0x00000000ae980000)
 Metaspace       used 17536K, capacity 17725K, committed 17920K, reserved 1064960K
  class space    used 1706K, capacity 1761K, committed 1792K, reserved 1048576K
Event: 4.953 GC heap after
Heap after GC invocations=15 (full 3):
 PSYoungGen      total 269824K, used 8228K [0x00000000e0400000, 0x00000000f5180000, 0x0000000100000000)
  eden space 215552K, 0% used [0x00000000e0400000,0x00000000e0400000,0x00000000ed680000)
  from space 54272K, 15% used [0x00000000f1c80000,0x00000000f2489010,0x00000000f5180000)
  to   space 62976K, 0% used [0x00000000ed680000,0x00000000ed680000,0x00000000f1400000)
 ParOldGen       total 226816K, used 163175K [0x00000000a0c00000, 0x00000000ae980000, 0x00000000e0400000)
  object space 226816K, 71% used [0x00000000a0c00000,0x00000000aab59d70,0x00000000ae980000)
 Metaspace       used 17536K, capacity 17725K, committed 17920K, reserved 1064960K
  class space    used 1706K, capacity 1761K, committed 1792K, reserved 1048576K
}
Event: 5.748 GC heap before
{Heap before GC invocations=16 (full 3):
 PSYoungGen      total 269824K, used 217177K [0x00000000e0400000, 0x00000000f5180000, 0x0000000100000000)
  eden space 215552K, 96% used [0x00000000e0400000,0x00000000ed00d7d0,0x00000000ed680000)
  from space 54272K, 15% used [0x00000000f1c80000,0x00000000f2489010,0x00000000f5180000)
  to   space 62976K, 0% used [0x00000000ed680000,0x00000000ed680000,0x00000000f1400000)
 ParOldGen       total 226816K, used 163175K [0x00000000a0c00000, 0x00000000ae980000, 0x00000000e0400000)
  object space 226816K, 71% used [0x00000000a0c00000,0x00000000aab59d70,0x00000000ae980000)
 Metaspace       used 17570K, capacity 17789K, committed 17920K, reserved 1064960K
  class space    used 1706K, capacity 1761K, committed 1792K, reserved 1048576K
Event: 5.750 GC heap after
Heap after GC invocations=16 (full 3):
 PSYoungGen      total 278528K, used 192K [0x00000000e0400000, 0x00000000f7c80000, 0x0000000100000000)
  eden space 215552K, 0% used [0x00000000e0400000,0x00000000e0400000,0x00000000ed680000)
  from space 62976K, 0% used [0x00000000ed680000,0x00000000ed6b0000,0x00000000f1400000)
  to   space 61952K, 0% used [0x00000000f4000000,0x00000000f4000000,0x00000000f7c80000)
 ParOldGen       total 226816K, used 163183K [0x00000000a0c00000, 0x00000000ae980000, 0x00000000e0400000)
  object space 226816K, 71% used [0x00000000a0c00000,0x00000000aab5bd70,0x00000000ae980000)
 Metaspace       used 17570K, capacity 17789K, committed 17920K, reserved 1064960K
  class space    used 1706K, capacity 1761K, committed 1792K, reserved 1048576K
}

Deoptimization events (10 events):
Event: 2.751 Thread 0x0000000019afa000 Uncommon trap: reason=class_check action=maybe_recompile pc=0x0000000002e4d1c4 method=com.jogamp.common.nio.Buffers.getDirectBufferByteOffset(Ljava/lang/Object;)I @ 7
Event: 2.751 Thread 0x0000000019afa000 Uncommon trap: reason=class_check action=maybe_recompile pc=0x0000000002e4d400 method=com.jogamp.common.nio.Buffers.isDirect(Ljava/lang/Object;)Z @ 13
Event: 2.751 Thread 0x0000000019afa000 Uncommon trap: reason=class_check action=maybe_recompile pc=0x0000000002e4d1c4 method=com.jogamp.common.nio.Buffers.getDirectBufferByteOffset(Ljava/lang/Object;)I @ 7
Event: 2.751 Thread 0x0000000019afa000 Uncommon trap: reason=class_check action=maybe_recompile pc=0x0000000002e4d400 method=com.jogamp.common.nio.Buffers.isDirect(Ljava/lang/Object;)Z @ 13
Event: 2.752 Thread 0x0000000019afa000 Uncommon trap: reason=class_check action=maybe_recompile pc=0x0000000002e4d1c4 method=com.jogamp.common.nio.Buffers.getDirectBufferByteOffset(Ljava/lang/Object;)I @ 7
Event: 2.752 Thread 0x0000000019afa000 Uncommon trap: reason=predicate action=maybe_recompile pc=0x0000000002f26c44 method=java.util.ArrayList.indexOf(Ljava/lang/Object;)I @ 44
Event: 2.772 Thread 0x0000000019afa000 Uncommon trap: reason=class_check action=maybe_recompile pc=0x0000000002e4d400 method=com.jogamp.common.nio.Buffers.isDirect(Ljava/lang/Object;)Z @ 13
Event: 2.772 Thread 0x0000000019afa000 Uncommon trap: reason=class_check action=maybe_recompile pc=0x0000000002e4d1c4 method=com.jogamp.common.nio.Buffers.getDirectBufferByteOffset(Ljava/lang/Object;)I @ 7
Event: 3.217 Thread 0x0000000019afa000 Uncommon trap: reason=unreached action=reinterpret pc=0x0000000002f41e80 method=processing.opengl.PGraphicsOpenGL$InGeometry.addVertex(FFFIFFFFFIFIIIFIZ)I @ 218
Event: 3.622 Thread 0x0000000019afa000 Uncommon trap: reason=unreached action=reinterpret pc=0x0000000002e04c30 method=java.lang.reflect.AccessibleObject.setAccessible0(Ljava/lang/reflect/AccessibleObject;Z)V @ 4

Internal exceptions (10 events):
Event: 3.073 Thread 0x0000000019afa000 Exception <a 'java/security/PrivilegedActionException'> (0x00000000e38be010) thrown at [D:\re\workspace\8-2-build-windows-amd64-cygwin\jdk8u25\1677\hotspot\src\share\vm\prims\jvm.cpp, line 1312]
Event: 3.073 Thread 0x0000000019afa000 Exception <a 'java/security/PrivilegedActionException'> (0x00000000e38c1ed0) thrown at [D:\re\workspace\8-2-build-windows-amd64-cygwin\jdk8u25\1677\hotspot\src\share\vm\prims\jvm.cpp, line 1312]
Event: 3.074 Thread 0x0000000019afa000 Exception <a 'java/security/PrivilegedActionException'> (0x00000000e38c62d8) thrown at [D:\re\workspace\8-2-build-windows-amd64-cygwin\jdk8u25\1677\hotspot\src\share\vm\prims\jvm.cpp, line 1312]
Event: 3.074 Thread 0x0000000019afa000 Exception <a 'java/security/PrivilegedActionException'> (0x00000000e38ca6c0) thrown at [D:\re\workspace\8-2-build-windows-amd64-cygwin\jdk8u25\1677\hotspot\src\share\vm\prims\jvm.cpp, line 1312]
Event: 3.074 Thread 0x0000000019afa000 Exception <a 'java/security/PrivilegedActionException'> (0x00000000e38ce218) thrown at [D:\re\workspace\8-2-build-windows-amd64-cygwin\jdk8u25\1677\hotspot\src\share\vm\prims\jvm.cpp, line 1312]
Event: 3.074 Thread 0x0000000019afa000 Exception <a 'java/security/PrivilegedActionException'> (0x00000000e38d2a18) thrown at [D:\re\workspace\8-2-build-windows-amd64-cygwin\jdk8u25\1677\hotspot\src\share\vm\prims\jvm.cpp, line 1312]
Event: 3.075 Thread 0x0000000019afa000 Exception <a 'java/security/PrivilegedActionException'> (0x00000000e38d6150) thrown at [D:\re\workspace\8-2-build-windows-amd64-cygwin\jdk8u25\1677\hotspot\src\share\vm\prims\jvm.cpp, line 1312]
Event: 3.075 Thread 0x0000000019afa000 Exception <a 'java/security/PrivilegedActionException'> (0x00000000e38da098) thrown at [D:\re\workspace\8-2-build-windows-amd64-cygwin\jdk8u25\1677\hotspot\src\share\vm\prims\jvm.cpp, line 1312]
Event: 3.075 Thread 0x0000000019afa000 Exception <a 'java/security/PrivilegedActionException'> (0x00000000e38dffa8) thrown at [D:\re\workspace\8-2-build-windows-amd64-cygwin\jdk8u25\1677\hotspot\src\share\vm\prims\jvm.cpp, line 1312]
Event: 3.088 Thread 0x0000000019afa000 Exception <a 'java/security/PrivilegedActionException'> (0x00000000e39bb5b8) thrown at [D:\re\workspace\8-2-build-windows-amd64-cygwin\jdk8u25\1677\hotspot\src\share\vm\prims\jvm.cpp, line 1312]

Events (10 events):
Event: 6.272 loading class javax/swing/JComponent$IntVector done
Event: 6.272 loading class javax/swing/KeyboardManager
Event: 6.272 loading class javax/swing/KeyboardManager done
Event: 6.272 loading class javax/swing/Popup$HeavyWeightWindow
Event: 6.272 loading class sun/awt/ModalExclude
Event: 6.272 loading class sun/awt/ModalExclude done
Event: 6.272 loading class javax/swing/JWindow
Event: 6.272 loading class javax/swing/JWindow done
Event: 6.272 loading class javax/swing/Popup$HeavyWeightWindow done
Event: 6.305 Thread 0x000000001e0c0800 Thread exited: 0x000000001e0c0800


Dynamic libraries:
0x00007ff745f80000 - 0x00007ff745fb4000 	C:\Program Files\Java\jre1.8.0_25\bin\javaw.exe
0x00007ffee8210000 - 0x00007ffee83bc000 	C:\WINDOWS\SYSTEM32\ntdll.dll
0x00007ffee60e0000 - 0x00007ffee621e000 	C:\WINDOWS\system32\KERNEL32.DLL
0x00007ffee54e0000 - 0x00007ffee55f5000 	C:\WINDOWS\system32\KERNELBASE.dll
0x00007ffee3ee0000 - 0x00007ffee3f6e000 	C:\WINDOWS\system32\apphelp.dll
0x00007ffecebf0000 - 0x00007ffecec43000 	C:\WINDOWS\AppPatch\AppPatch64\AcGenral.DLL
0x00007ffee6010000 - 0x00007ffee60ba000 	C:\WINDOWS\system32\msvcrt.dll
0x00007ffee5190000 - 0x00007ffee51be000 	C:\WINDOWS\SYSTEM32\SspiCli.dll
0x00007ffee5fb0000 - 0x00007ffee6004000 	C:\WINDOWS\system32\SHLWAPI.dll
0x00007ffee7fd0000 - 0x00007ffee8147000 	C:\WINDOWS\system32\USER32.dll
0x00007ffee5bc0000 - 0x00007ffee5d54000 	C:\WINDOWS\system32\ole32.dll
0x00007ffee66a0000 - 0x00007ffee7bb8000 	C:\WINDOWS\system32\SHELL32.dll
0x00007ffee48f0000 - 0x00007ffee4911000 	C:\WINDOWS\SYSTEM32\USERENV.dll
0x00007ffee5e20000 - 0x00007ffee5eca000 	C:\WINDOWS\system32\ADVAPI32.dll
0x00007ffed7630000 - 0x00007ffed764e000 	C:\WINDOWS\SYSTEM32\MPR.dll
0x00007ffee63f0000 - 0x00007ffee6531000 	C:\WINDOWS\system32\RPCRT4.dll
0x00007ffee5ed0000 - 0x00007ffee5f29000 	C:\WINDOWS\SYSTEM32\sechost.dll
0x00007ffee7db0000 - 0x00007ffee7fc1000 	C:\WINDOWS\SYSTEM32\combase.dll
0x00007ffee6540000 - 0x00007ffee6691000 	C:\WINDOWS\system32\GDI32.dll
0x00007ffee5360000 - 0x00007ffee5375000 	C:\WINDOWS\SYSTEM32\profapi.dll
0x00007ffee3700000 - 0x00007ffee37b2000 	C:\WINDOWS\SYSTEM32\SHCORE.dll
0x00007ffee5a40000 - 0x00007ffee5a76000 	C:\WINDOWS\system32\IMM32.DLL
0x00007ffee6220000 - 0x00007ffee6372000 	C:\WINDOWS\system32\MSCTF.dll
0x00007ffee2a70000 - 0x00007ffee2ceb000 	C:\WINDOWS\WinSxS\amd64_microsoft.windows.common-controls_6595b64144ccf1df_6.0.9600.17415_none_6240486fecbd8abb\COMCTL32.dll
0x00000000696c0000 - 0x0000000069792000 	C:\Program Files\Java\jre1.8.0_25\bin\msvcr100.dll
0x000000006a3b0000 - 0x000000006ac0a000 	C:\Program Files\Java\jre1.8.0_25\bin\server\jvm.dll
0x00007ffecd2f0000 - 0x00007ffecd2f9000 	C:\WINDOWS\SYSTEM32\WSOCK32.dll
0x00007ffed77f0000 - 0x00007ffed7812000 	C:\WINDOWS\SYSTEM32\WINMM.dll
0x00007ffee7da0000 - 0x00007ffee7da7000 	C:\WINDOWS\system32\PSAPI.DLL
0x00007ffee5a80000 - 0x00007ffee5ada000 	C:\WINDOWS\system32\WS2_32.dll
0x00007ffed75d0000 - 0x00007ffed75fa000 	C:\WINDOWS\SYSTEM32\WINMMBASE.dll
0x00007ffee60d0000 - 0x00007ffee60d9000 	C:\WINDOWS\system32\NSI.dll
0x00007ffee5840000 - 0x00007ffee588f000 	C:\WINDOWS\SYSTEM32\cfgmgr32.dll
0x00007ffee4150000 - 0x00007ffee4178000 	C:\WINDOWS\SYSTEM32\DEVOBJ.dll
0x000000006b5e0000 - 0x000000006b5ef000 	C:\Program Files\Java\jre1.8.0_25\bin\verify.dll
0x000000006b5b0000 - 0x000000006b5d8000 	C:\Program Files\Java\jre1.8.0_25\bin\java.dll
0x000000006b590000 - 0x000000006b5a6000 	C:\Program Files\Java\jre1.8.0_25\bin\zip.dll
0x0000000069520000 - 0x00000000696b8000 	C:\Program Files\Java\jre1.8.0_25\bin\awt.dll
0x00007ffee5ae0000 - 0x00007ffee5ba1000 	C:\WINDOWS\system32\OLEAUT32.dll
0x00007ffee3500000 - 0x00007ffee3521000 	C:\WINDOWS\system32\DWMAPI.DLL
0x00007ffee3fd0000 - 0x00007ffee40f9000 	C:\WINDOWS\system32\uxtheme.dll
0x00007ffee41a0000 - 0x00007ffee41ab000 	C:\WINDOWS\SYSTEM32\kernel.appcore.dll
0x00007ffee5230000 - 0x00007ffee523b000 	C:\WINDOWS\SYSTEM32\CRYPTBASE.dll
0x00007ffee51c0000 - 0x00007ffee5223000 	C:\WINDOWS\SYSTEM32\bcryptPrimitives.dll
0x00007ffedaca0000 - 0x00007ffedaec1000 	C:\WINDOWS\system32\d3d9.dll
0x00007ffee3010000 - 0x00007ffee301a000 	C:\WINDOWS\SYSTEM32\VERSION.dll
0x00007ffee2870000 - 0x00007ffee29bb000 	C:\WINDOWS\SYSTEM32\aticfx64.dll
0x00007ffec0180000 - 0x00007ffec01a1000 	C:\WINDOWS\SYSTEM32\atiu9p64.dll
0x00007ffebed60000 - 0x00007ffebf545000 	C:\WINDOWS\SYSTEM32\atiumd64.dll
0x000000006acf0000 - 0x000000006b4a7000 	C:\WINDOWS\SYSTEM32\atiumd6a.dll
0x00000000694d0000 - 0x0000000069517000 	C:\Program Files\Java\jre1.8.0_25\bin\fontmanager.dll
0x00007ffee4d60000 - 0x00007ffee4d80000 	C:\WINDOWS\SYSTEM32\CRYPTSP.dll
0x00007ffee47e0000 - 0x00007ffee4816000 	C:\WINDOWS\system32\rsaenh.dll
0x00007ffee4e80000 - 0x00007ffee4ea6000 	C:\WINDOWS\SYSTEM32\bcrypt.dll
0x000000006b570000 - 0x000000006b58a000 	C:\Program Files\Java\jre1.8.0_25\bin\net.dll
0x00007ffee4b20000 - 0x00007ffee4b79000 	C:\WINDOWS\system32\mswsock.dll
0x00007ffee1080000 - 0x00007ffee10aa000 	C:\WINDOWS\SYSTEM32\IPHLPAPI.DLL
0x00007ffee2670000 - 0x00007ffee267a000 	C:\WINDOWS\SYSTEM32\WINNSI.DLL
0x00007ffee0160000 - 0x00007ffee0176000 	C:\WINDOWS\SYSTEM32\dhcpcsvc6.DLL
0x00007ffee02b0000 - 0x00007ffee02ca000 	C:\WINDOWS\SYSTEM32\dhcpcsvc.DLL
0x000000006a390000 - 0x000000006a3a1000 	C:\Program Files\Java\jre1.8.0_25\bin\nio.dll
0x00000000637c0000 - 0x00000000637cd000 	S:\Users\Ben\AppData\Local\Temp\jogamp_0000\file_cache\jln8796110416594170016\jln8361791502190811150\gluegen-rt.dll
0x00000000694c0000 - 0x00000000694c7000 	C:\Program Files\Java\jre1.8.0_25\bin\jawt.dll
0x0000000002b10000 - 0x0000000002b1d000 	S:\Users\Ben\AppData\Local\Temp\jogamp_0000\file_cache\jln8796110416594170016\jln8361791502190811150\nativewindow_awt.dll
0x000000006c100000 - 0x000000006c10f000 	S:\Users\Ben\AppData\Local\Temp\jogamp_0000\file_cache\jln8796110416594170016\jln8361791502190811150\nativewindow_win32.dll
0x00007ffecea70000 - 0x00007ffeceb9b000 	C:\WINDOWS\SYSTEM32\OpenGL32.dll
0x00007ffedc550000 - 0x00007ffedc57e000 	C:\WINDOWS\SYSTEM32\GLU32.dll
0x00007ffedc2f0000 - 0x00007ffedc3e8000 	C:\WINDOWS\SYSTEM32\DDRAW.dll
0x00007ffee0d60000 - 0x00007ffee0d69000 	C:\WINDOWS\SYSTEM32\DCIMAN32.dll
0x0000000064500000 - 0x00000000645a2000 	S:\Users\Ben\AppData\Local\Temp\jogamp_0000\file_cache\jln8796110416594170016\jln8361791502190811150\jogl_desktop.dll
0x00007ffedc630000 - 0x00007ffedc648000 	C:\WINDOWS\SYSTEM32\atig6pxx.dll
0x0000000067910000 - 0x00000000694bf000 	C:\WINDOWS\SYSTEM32\atio6axx.dll
0x00007ffee7bc0000 - 0x00007ffee7d9a000 	C:\WINDOWS\system32\SETUPAPI.dll
0x00007ffee10e0000 - 0x00007ffee1217000 	C:\WINDOWS\SYSTEM32\atiadlxx.dll
0x00007ffee16b0000 - 0x00007ffee182f000 	C:\WINDOWS\SYSTEM32\PROPSYS.dll
0x00007ffee3f70000 - 0x00007ffee3f82000 	C:\WINDOWS\SYSTEM32\WTSAPI32.dll
0x00007ffee57e0000 - 0x00007ffee5831000 	C:\WINDOWS\system32\WINTRUST.dll
0x00007ffee5600000 - 0x00007ffee57df000 	C:\WINDOWS\system32\CRYPT32.dll
0x00007ffee5410000 - 0x00007ffee5421000 	C:\WINDOWS\system32\MSASN1.dll
0x00007ffeda9d0000 - 0x00007ffeda9f9000 	C:\WINDOWS\SYSTEM32\atig6txx.dll
0x00007ffece8d0000 - 0x00007ffecea6c000 	O:\OneDrive\Workspace\ZZavatar\lib\user\KinectPV2\Kinect20.Face.dll
0x00007ffed76f0000 - 0x00007ffed7797000 	C:\WINDOWS\SYSTEM32\MSVCP110.dll
0x00007ffeddd70000 - 0x00007ffedde3e000 	C:\WINDOWS\SYSTEM32\MSVCR110.dll
0x00007ffee0cb0000 - 0x00007ffee0cc0000 	O:\OneDrive\Workspace\ZZavatar\lib\user\KinectPV2\KinectPV2.dll
0x00007ffeda070000 - 0x00007ffeda12a000 	C:\WINDOWS\SYSTEM32\Kinect20.dll
0x00007ffed7820000 - 0x00007ffed790b000 	C:\WINDOWS\SYSTEM32\MFPlat.DLL
0x00007ffed7650000 - 0x00007ffed7677000 	C:\WINDOWS\SYSTEM32\RTWorkQ.DLL
0x00007ffee3130000 - 0x00007ffee313c000 	C:\WINDOWS\SYSTEM32\AVRT.dll
0x00007ffebeae0000 - 0x00007ffebec6a000 	C:\WINDOWS\SYSTEM32\dbghelp.dll

VM Arguments:
jvm_args: -Djava.library.path=O:\OneDrive\Workspace\ZZavatar\lib\base\video;O:\OneDrive\Workspace\ZZavatar\lib\base\video;O:\OneDrive\Workspace\ZZavatar\lib\base\video;O:\OneDrive\Workspace\ZZavatar\lib\base\core;O:\OneDrive\Workspace\ZZavatar\lib\base\core;O:\OneDrive\Workspace\ZZavatar\lib\base\core;O:\OneDrive\Workspace\ZZavatar\lib\base\core;O:\OneDrive\Workspace\ZZavatar\lib\base\core;O:\OneDrive\Workspace\ZZavatar\lib\base\core;O:\OneDrive\Workspace\ZZavatar\lib\base\core;O:\OneDrive\Workspace\ZZavatar\lib\base\core;O:\OneDrive\Workspace\ZZavatar\lib\base\core;O:\OneDrive\Workspace\ZZavatar\lib\base\core;O:\OneDrive\Workspace\ZZavatar\lib\base\core;O:\OneDrive\Workspace\ZZavatar\lib\base\core;O:\OneDrive\Workspace\ZZavatar\lib\base\core;O:\OneDrive\Workspace\ZZavatar\lib\base\core;O:\OneDrive\Workspace\ZZavatar\lib\base\core;O:\OneDrive\Workspace\ZZavatar\lib\user\Kinect4WinSDK;O:\OneDrive\Workspace\ZZavatar\lib\user\KinectPV2;O:\OneDrive\Workspace\ZZavatar\lib\user\SimpleOpenNI -Dfile.encoding=Cp1252 
java_command: zzavatar.ZZavatar
java_class_path (initial): O:\OneDrive\Workspace\ZZavatar\lib\base\video\gstreamer-java.jar;O:\OneDrive\Workspace\ZZavatar\lib\base\video\jna.jar;O:\OneDrive\Workspace\ZZavatar\lib\base\video\video.jar;O:\OneDrive\Workspace\ZZavatar\lib\base\core\core.jar;O:\OneDrive\Workspace\ZZavatar\lib\base\core\gluegen-rt-natives-linux-amd64.jar;O:\OneDrive\Workspace\ZZavatar\lib\base\core\gluegen-rt-natives-linux-armv6hf.jar;O:\OneDrive\Workspace\ZZavatar\lib\base\core\gluegen-rt-natives-linux-i586.jar;O:\OneDrive\Workspace\ZZavatar\lib\base\core\gluegen-rt-natives-macosx-universal.jar;O:\OneDrive\Workspace\ZZavatar\lib\base\core\gluegen-rt-natives-windows-amd64.jar;O:\OneDrive\Workspace\ZZavatar\lib\base\core\gluegen-rt-natives-windows-i586.jar;O:\OneDrive\Workspace\ZZavatar\lib\base\core\gluegen-rt.jar;O:\OneDrive\Workspace\ZZavatar\lib\base\core\jogl-all-natives-linux-amd64.jar;O:\OneDrive\Workspace\ZZavatar\lib\base\core\jogl-all-natives-linux-armv6hf.jar;O:\OneDrive\Workspace\ZZavatar\lib\base\core\jogl-all-natives-linux-i586.jar;O:\OneDrive\Workspace\ZZavatar\lib\base\core\jogl-all-natives-macosx-universal.jar;O:\OneDrive\Workspace\ZZavatar\lib\base\core\jogl-all-natives-windows-amd64.jar;O:\OneDrive\Workspace\ZZavatar\lib\base\core\jogl-all-natives-windows-i586.jar;O:\OneDrive\Workspace\ZZavatar\lib\base\core\jogl-all.jar;O:\OneDrive\Workspace\ZZavatar\lib\user\Kinect4WinSDK\Kinect4WinSDK.jar;O:\OneDrive\Workspace\ZZavatar\lib\user\KinectPV2\KinectPV2.jar;O:\OneDrive\Workspace\ZZavatar\lib\user\SimpleOpenNI\SimpleOpenNI.jar;O:\OneDrive\Workspace\ZZavatar\bin
Launcher Type: SUN_STANDARD

Environment Variables:
JAVA_HOME=C:\Program Files\Java\jdk1.8.0_25
PATH=C:/Program Files/Java/jre1.8.0_25/bin/server;C:/Program Files/Java/jre1.8.0_25/bin;C:/Program Files/Java/jre1.8.0_25/lib/amd64;C:\Program Files (x86)\NVIDIA Corporation\PhysX\Common;C:\ProgramData\Oracle\Java\javapath;C:\Program Files (x86)\Common Files\Intel\Shared Libraries\redist\intel64\compiler;C:\Program Files (x86)\Common Files\Intel\Shared Libraries\redist\ia32\compiler;C:\Program Files (x86)\Intel\iCLS Client\;C:\Program Files\Intel\iCLS Client\;C:\Program Files (x86)\AMD APP\bin\x86_64;C:\Program Files (x86)\AMD APP\bin\x86;C:\WINDOWS\system32;C:\WINDOWS;C:\WINDOWS\System32\Wbem;C:\WINDOWS\System32\WindowsPowerShell\v1.0\;C:\Program Files (x86)\ATI Technologies\ATI.ACE\Core-Static;C:\Program Files\Intel\Intel(R) Management Engine Components\DAL;C:\Program Files\Intel\Intel(R) Management Engine Components\IPT;C:\Program Files (x86)\Intel\Intel(R) Management Engine Components\DAL;C:\Program Files (x86)\Intel\Intel(R) Management Engine Components\IPT;C:\Program Files\Sony\VAIO Improvement\;C:\Program Files (x86)\Sony\VAIO Startup Setting Tool;C:\Program Files (x86)\Windows Kits\8.1\Windows Performance Toolkit\;C:\Program Files\Microsoft SQL Server\110\Tools\Binn\;C:\Program Files (x86)\Microsoft SDKs\TypeScript\1.0\;C:\Program Files\Microsoft\Web Platform Installer\;C:\Program Files (x86)\Java\jre1.8.0_25\bin;P:\Programs\Python27\Scripts;P:\Programs\Python27;C:\Program Files\Common Files\Autodesk Shared\;P:\Program Files\Programs;P:\Program Files\Games;P:\Programs\Eclipse;
USERNAME=Benoît
OS=Windows_NT
PROCESSOR_IDENTIFIER=Intel64 Family 6 Model 58 Stepping 9, GenuineIntel



---------------  S Y S T E M  ---------------

OS: Windows 8.1 , 64 bit Build 9600 

CPU:total 8 (4 cores per cpu, 2 threads per core) family 6 model 58 stepping 9, cmov, cx8, fxsr, mmx, sse, sse2, sse3, ssse3, sse4.1, sse4.2, popcnt, avx, aes, clmul, erms, ht, tsc, tscinvbit, tscinv

Memory: 4k page, physical 6237468k(1697796k free), swap 10431772k(3807432k free)

vm_info: Java HotSpot(TM) 64-Bit Server VM (25.25-b02) for windows-amd64 JRE (1.8.0_25-b18), built on Oct  7 2014 14:25:37 by "java_re" with MS VC++ 10.0 (VS2010)

time: Thu Apr 23 16:57:33 2015
elapsed time: 6 seconds (0d 0h 0m 6s)

