#
# A fatal error has been detected by the Java Runtime Environment:
#
#  EXCEPTION_ACCESS_VIOLATION (0xc0000005) at pc=0x00007ffedc7f4110, pid=3956, tid=7044
#
# JRE version: Java(TM) SE Runtime Environment (8.0_25-b18) (build 1.8.0_25-b18)
# Java VM: Java HotSpot(TM) 64-Bit Server VM (25.25-b02 mixed mode windows-amd64 compressed oops)
# Problematic frame:
# C  [KinectPV2.dll+0x4110]
#
# Failed to write core dump. Minidumps are not enabled by default on client versions of Windows
#
# If you would like to submit a bug report, please visit:
#   http://bugreport.sun.com/bugreport/crash.jsp
# The crash happened outside the Java Virtual Machine in native code.
# See problematic frame for where to report the bug.
#

---------------  T H R E A D  ---------------

Current thread (0x0000000019506000):  JavaThread "Animation Thread" [_thread_in_native, id=7044, stack(0x000000001c500000,0x000000001c600000)]

siginfo: ExceptionCode=0xc0000005, reading address 0xffffffffffffffff

Registers:
RAX=0x0000000000000001, RBX=0x000000002dbe5040, RCX=0x0001000000000022, RDX=0x0000000000000000
RSP=0x000000001c5fe840, RBP=0x0000000000000006, RSI=0x0000000000000000, RDI=0x000000001ebdcdf8
R8 =0x000000001c5fe508, R9 =0x0000000000008000, R10=0x0000000000000000, R11=0x000000001c5fe740
R12=0x0000000000000000, R13=0x000000001f28d038, R14=0x0000000000000000, R15=0x0000000019506000
RIP=0x00007ffedc7f4110, EFLAGS=0x0000000000010206

Top of Stack: (sp=0x000000001c5fe840)
0x000000001c5fe840:   000000001ebdcdc8 000000001f57b7f8
0x000000001c5fe850:   000000001ebdcdc8 0000000000000000
0x000000001c5fe860:   000000001c5fe930 00007ffedc7f1fba
0x000000001c5fe870:   000000001c5fe930 000000001c5fe910
0x000000001c5fe880:   00000000195061e8 0000000019515460
0x000000001c5fe890:   00000000a3b33fe0 0000000002415b74
0x000000001c5fe8a0:   000000001f28d038 0000000000000021
0x000000001c5fe8b0:   0000000000000021 0000000019506000
0x000000001c5fe8c0:   000000001c5fe988 00000000024158a2
0x000000001c5fe8d0:   000000001c5fe8d0 000000001f28d038
0x000000001c5fe8e0:   000000001c5fe930 000000001f28dfc8
0x000000001c5fe8f0:   0000000000000000 000000001f28d038
0x000000001c5fe900:   0000000000000000 000000001c5fe930
0x000000001c5fe910:   000000001c5fe978 0000000002407a2d
0x000000001c5fe920:   0000000000000000 000000000240f6b8
0x000000001c5fe930:   00000000a38a8a90 000000001c5fe938 

Instructions: (pc=0x00007ffedc7f4110)
0x00007ffedc7f40f0:   89 77 d0 48 8b 0f 48 85 c9 74 09 48 8b 01 ff 50
0x00007ffedc7f4100:   10 4c 89 37 48 8b 8f 90 00 00 00 48 85 c9 74 0d
0x00007ffedc7f4110:   48 8b 01 ff 50 10 4c 89 b7 90 00 00 00 48 8b 4f
0x00007ffedc7f4120:   30 48 85 c9 74 0a 48 8b 01 ff 50 10 4c 89 77 30 


Register to memory mapping:

RAX=0x0000000000000001 is an unknown value
RBX=0x000000002dbe5040 is an unknown value
RCX=0x0001000000000022 is an unknown value
RDX=0x0000000000000000 is an unknown value
RSP=0x000000001c5fe840 is pointing into the stack for thread: 0x0000000019506000
RBP=0x0000000000000006 is an unknown value
RSI=0x0000000000000000 is an unknown value
RDI=0x000000001ebdcdf8 is an unknown value
R8 =0x000000001c5fe508 is pointing into the stack for thread: 0x0000000019506000
R9 =0x0000000000008000 is an unknown value
R10=0x0000000000000000 is an unknown value
R11=0x000000001c5fe740 is pointing into the stack for thread: 0x0000000019506000
R12=0x0000000000000000 is an unknown value
R13={method} {0x000000001f28d040} 'jniStopDevice' '()V' in 'KinectPV2/Device'
R14=0x0000000000000000 is an unknown value
R15=0x0000000019506000 is a thread


Stack: [0x000000001c500000,0x000000001c600000],  sp=0x000000001c5fe840,  free space=1018k
Native frames: (J=compiled Java code, j=interpreted, Vv=VM code, C=native code)
C  [KinectPV2.dll+0x4110]
C  [KinectPV2.dll+0x1fba]
C  0x0000000002415b74

Java frames: (J=compiled Java code, j=interpreted, Vv=VM code)
j  KinectPV2.Device.jniStopDevice()V+0
j  KinectPV2.Device.stopDevice()V+41
j  KinectPV2.KinectPV2.dispose()V+14
v  ~StubRoutines::call_stub
j  sun.reflect.NativeMethodAccessorImpl.invoke0(Ljava/lang/reflect/Method;Ljava/lang/Object;[Ljava/lang/Object;)Ljava/lang/Object;+0
j  sun.reflect.NativeMethodAccessorImpl.invoke(Ljava/lang/Object;[Ljava/lang/Object;)Ljava/lang/Object;+100
J 2109 C1 sun.reflect.DelegatingMethodAccessorImpl.invoke(Ljava/lang/Object;[Ljava/lang/Object;)Ljava/lang/Object; (10 bytes) @ 0x0000000002b95684 [0x0000000002b95580+0x104]
J 2108 C1 java.lang.reflect.Method.invoke(Ljava/lang/Object;[Ljava/lang/Object;)Ljava/lang/Object; (62 bytes) @ 0x0000000002b950a4 [0x0000000002b94cc0+0x3e4]
j  processing.core.PApplet$RegisteredMethods.handle([Ljava/lang/Object;)V+18
J 1856 C1 processing.core.PApplet.handleMethods(Ljava/lang/String;)V (21 bytes) @ 0x0000000002aab45c [0x0000000002aab1a0+0x2bc]
j  processing.core.PApplet.dispose()V+35
j  processing.core.PApplet.run()V+283
j  java.lang.Thread.run()V+11
v  ~StubRoutines::call_stub

---------------  P R O C E S S  ---------------

Java Threads: ( => current thread )
  0x0000000019938000 JavaThread "Animation Thread-SharedResourceRunner" daemon [_thread_blocked, id=9184, stack(0x000000001bd10000,0x000000001be10000)]
  0x000000000218e800 JavaThread "DestroyJavaVM" [_thread_blocked, id=6264, stack(0x00000000021f0000,0x00000000022f0000)]
  0x0000000019508800 JavaThread "D3D Screen Updater" daemon [_thread_blocked, id=9192, stack(0x000000001c800000,0x000000001c900000)]
=>0x0000000019506000 JavaThread "Animation Thread" [_thread_in_native, id=7044, stack(0x000000001c500000,0x000000001c600000)]
  0x0000000019464000 JavaThread "AWT-EventQueue-0" [_thread_blocked, id=4180, stack(0x000000001c300000,0x000000001c400000)]
  0x0000000019421000 JavaThread "AWT-Windows" daemon [_thread_in_native, id=5152, stack(0x0000000019d30000,0x0000000019e30000)]
  0x0000000019420000 JavaThread "AWT-Shutdown" [_thread_blocked, id=3032, stack(0x0000000019c30000,0x0000000019d30000)]
  0x0000000018559800 JavaThread "Java2D Disposer" daemon [_thread_blocked, id=8572, stack(0x0000000019b30000,0x0000000019c30000)]
  0x0000000018216000 JavaThread "Service Thread" daemon [_thread_blocked, id=5780, stack(0x0000000018b60000,0x0000000018c60000)]
  0x000000001819f800 JavaThread "C1 CompilerThread3" daemon [_thread_blocked, id=736, stack(0x0000000018a60000,0x0000000018b60000)]
  0x000000001819b000 JavaThread "C2 CompilerThread2" daemon [_thread_blocked, id=9144, stack(0x0000000018960000,0x0000000018a60000)]
  0x0000000018194800 JavaThread "C2 CompilerThread1" daemon [_thread_blocked, id=2072, stack(0x0000000018860000,0x0000000018960000)]
  0x0000000018189000 JavaThread "C2 CompilerThread0" daemon [_thread_blocked, id=4700, stack(0x0000000018760000,0x0000000018860000)]
  0x0000000018186800 JavaThread "Attach Listener" daemon [_thread_blocked, id=9588, stack(0x0000000018660000,0x0000000018760000)]
  0x0000000018185800 JavaThread "Signal Dispatcher" daemon [_thread_blocked, id=9108, stack(0x0000000018560000,0x0000000018660000)]
  0x00000000023e8800 JavaThread "Finalizer" daemon [_thread_blocked, id=10120, stack(0x0000000018050000,0x0000000018150000)]
  0x000000001616c800 JavaThread "Reference Handler" daemon [_thread_blocked, id=8712, stack(0x0000000017f50000,0x0000000018050000)]

Other Threads:
  0x0000000016168800 VMThread [stack: 0x0000000017e50000,0x0000000017f50000] [id=5960]
  0x000000001821a800 WatcherThread [stack: 0x0000000018c60000,0x0000000018d60000] [id=7408]

VM state:not at safepoint (normal execution)

VM Mutex/Monitor currently owned by a thread: None

Heap:
 PSYoungGen      total 336896K, used 225343K [0x00000000e0400000, 0x00000000f7f80000, 0x0000000100000000)
  eden space 293376K, 73% used [0x00000000e0400000,0x00000000ed6aac90,0x00000000f2280000)
  from space 43520K, 22% used [0x00000000f5500000,0x00000000f5e65020,0x00000000f7f80000)
  to   space 47616K, 0% used [0x00000000f2280000,0x00000000f2280000,0x00000000f5100000)
 ParOldGen       total 218624K, used 145931K [0x00000000a0c00000, 0x00000000ae180000, 0x00000000e0400000)
  object space 218624K, 66% used [0x00000000a0c00000,0x00000000a9a82fb8,0x00000000ae180000)
 Metaspace       used 18328K, capacity 18537K, committed 18816K, reserved 1067008K
  class space    used 1756K, capacity 1793K, committed 1920K, reserved 1048576K

Card table byte_map: [0x00000000117c0000,0x0000000011ac0000] byte_map_base: 0x00000000112ba000

Marking Bits: (ParMarkBitMap*) 0x000000006ab8d490
 Begin Bits: [0x00000000124c0000, 0x0000000013c90000)
 End Bits:   [0x0000000013c90000, 0x0000000015460000)

Polling page: 0x0000000002170000

CodeCache: size=245760Kb used=8409Kb max_used=8421Kb free=237350Kb
 bounds [0x0000000002400000, 0x0000000002c50000, 0x0000000011400000]
 total_blobs=3163 nmethods=2280 adapters=796
 compilation: enabled

Compilation events (10 events):
Event: 10.958 Thread 0x000000001819f800 2276       1       java.awt.Component::getTreeLock (4 bytes)
Event: 10.958 Thread 0x000000001819f800 nmethod 2276 0x0000000002c16fd0 code [0x0000000002c17120, 0x0000000002c17230]
Event: 11.043 Thread 0x0000000018189000 2277       4       processing.core.PApplet::stroke (24 bytes)
Event: 11.046 Thread 0x0000000018189000 nmethod 2277 0x0000000002c3d750 code [0x0000000002c3d8e0, 0x0000000002c3dbf8]
Event: 11.125 Thread 0x000000001819f800 2278       3       java.lang.String::valueOf (18 bytes)
Event: 11.126 Thread 0x000000001819f800 nmethod 2278 0x0000000002c3d1d0 code [0x0000000002c3d340, 0x0000000002c3d630]
Event: 11.225 Thread 0x000000001819f800 2279       3       java.util.concurrent.locks.AbstractQueuedSynchronizer$Node::predecessor (19 bytes)
Event: 11.225 Thread 0x000000001819f800 nmethod 2279 0x0000000002c3cd90 code [0x0000000002c3cf00, 0x0000000002c3d128]
Event: 11.226 Thread 0x0000000018194800 2280       4       processing.opengl.PGraphicsOpenGL$InGeometry::calcTriangleNormal (353 bytes)
Event: 11.231 Thread 0x0000000018194800 nmethod 2280 0x0000000002c40e50 code [0x0000000002c40fa0, 0x0000000002c41418]

GC Heap History (10 events):
Event: 6.818 GC heap before
{Heap before GC invocations=17 (full 3):
 PSYoungGen      total 271872K, used 227320K [0x00000000e0400000, 0x00000000f6b80000, 0x0000000100000000)
  eden space 213504K, 98% used [0x00000000e0400000,0x00000000ed0a80d8,0x00000000ed480000)
  from space 58368K, 30% used [0x00000000ed480000,0x00000000ee5d6030,0x00000000f0d80000)
  to   space 55808K, 0% used [0x00000000f3500000,0x00000000f3500000,0x00000000f6b80000)
 ParOldGen       total 218624K, used 145899K [0x00000000a0c00000, 0x00000000ae180000, 0x00000000e0400000)
  object space 218624K, 66% used [0x00000000a0c00000,0x00000000a9a7afb8,0x00000000ae180000)
 Metaspace       used 18050K, capacity 18209K, committed 18560K, reserved 1067008K
  class space    used 1756K, capacity 1793K, committed 1920K, reserved 1048576K
Event: 6.823 GC heap after
Heap after GC invocations=17 (full 3):
 PSYoungGen      total 294912K, used 9652K [0x00000000e0400000, 0x00000000f6180000, 0x0000000100000000)
  eden space 249344K, 0% used [0x00000000e0400000,0x00000000e0400000,0x00000000ef780000)
  from space 45568K, 21% used [0x00000000f3500000,0x00000000f3e6d020,0x00000000f6180000)
  to   space 54272K, 0% used [0x00000000ef780000,0x00000000ef780000,0x00000000f2c80000)
 ParOldGen       total 218624K, used 145907K [0x00000000a0c00000, 0x00000000ae180000, 0x00000000e0400000)
  object space 218624K, 66% used [0x00000000a0c00000,0x00000000a9a7cfb8,0x00000000ae180000)
 Metaspace       used 18050K, capacity 18209K, committed 18560K, reserved 1067008K
  class space    used 1756K, capacity 1793K, committed 1920K, reserved 1048576K
}
Event: 7.721 GC heap before
{Heap before GC invocations=18 (full 3):
 PSYoungGen      total 294912K, used 256432K [0x00000000e0400000, 0x00000000f6180000, 0x0000000100000000)
  eden space 249344K, 98% used [0x00000000e0400000,0x00000000ef4ff348,0x00000000ef780000)
  from space 45568K, 21% used [0x00000000f3500000,0x00000000f3e6d020,0x00000000f6180000)
  to   space 54272K, 0% used [0x00000000ef780000,0x00000000ef780000,0x00000000f2c80000)
 ParOldGen       total 218624K, used 145907K [0x00000000a0c00000, 0x00000000ae180000, 0x00000000e0400000)
  object space 218624K, 66% used [0x00000000a0c00000,0x00000000a9a7cfb8,0x00000000ae180000)
 Metaspace       used 18085K, capacity 18273K, committed 18560K, reserved 1067008K
  class space    used 1756K, capacity 1793K, committed 1920K, reserved 1048576K
Event: 7.726 GC heap after
Heap after GC invocations=18 (full 3):
 PSYoungGen      total 303616K, used 9652K [0x00000000e0400000, 0x00000000f8080000, 0x0000000100000000)
  eden space 249344K, 0% used [0x00000000e0400000,0x00000000e0400000,0x00000000ef780000)
  from space 54272K, 17% used [0x00000000ef780000,0x00000000f00ed020,0x00000000f2c80000)
  to   space 52736K, 0% used [0x00000000f4d00000,0x00000000f4d00000,0x00000000f8080000)
 ParOldGen       total 218624K, used 145915K [0x00000000a0c00000, 0x00000000ae180000, 0x00000000e0400000)
  object space 218624K, 66% used [0x00000000a0c00000,0x00000000a9a7efb8,0x00000000ae180000)
 Metaspace       used 18085K, capacity 18273K, committed 18560K, reserved 1067008K
  class space    used 1756K, capacity 1793K, committed 1920K, reserved 1048576K
}
Event: 8.619 GC heap before
{Heap before GC invocations=19 (full 3):
 PSYoungGen      total 303616K, used 252400K [0x00000000e0400000, 0x00000000f8080000, 0x0000000100000000)
  eden space 249344K, 97% used [0x00000000e0400000,0x00000000ef10f308,0x00000000ef780000)
  from space 54272K, 17% used [0x00000000ef780000,0x00000000f00ed020,0x00000000f2c80000)
  to   space 52736K, 0% used [0x00000000f4d00000,0x00000000f4d00000,0x00000000f8080000)
 ParOldGen       total 218624K, used 145915K [0x00000000a0c00000, 0x00000000ae180000, 0x00000000e0400000)
  object space 218624K, 66% used [0x00000000a0c00000,0x00000000a9a7efb8,0x00000000ae180000)
 Metaspace       used 18150K, capacity 18337K, committed 18560K, reserved 1067008K
  class space    used 1756K, capacity 1793K, committed 1920K, reserved 1048576K
Event: 8.624 GC heap after
Heap after GC invocations=19 (full 3):
 PSYoungGen      total 322560K, used 9620K [0x00000000e0400000, 0x00000000f7800000, 0x0000000100000000)
  eden space 278528K, 0% used [0x00000000e0400000,0x00000000e0400000,0x00000000f1400000)
  from space 44032K, 21% used [0x00000000f4d00000,0x00000000f5665020,0x00000000f7800000)
  to   space 51200K, 0% used [0x00000000f1400000,0x00000000f1400000,0x00000000f4600000)
 ParOldGen       total 218624K, used 145923K [0x00000000a0c00000, 0x00000000ae180000, 0x00000000e0400000)
  object space 218624K, 66% used [0x00000000a0c00000,0x00000000a9a80fb8,0x00000000ae180000)
 Metaspace       used 18150K, capacity 18337K, committed 18560K, reserved 1067008K
  class space    used 1756K, capacity 1793K, committed 1920K, reserved 1048576K
}
Event: 9.619 GC heap before
{Heap before GC invocations=20 (full 3):
 PSYoungGen      total 322560K, used 280809K [0x00000000e0400000, 0x00000000f7800000, 0x0000000100000000)
  eden space 278528K, 97% used [0x00000000e0400000,0x00000000f0cd55b8,0x00000000f1400000)
  from space 44032K, 21% used [0x00000000f4d00000,0x00000000f5665020,0x00000000f7800000)
  to   space 51200K, 0% used [0x00000000f1400000,0x00000000f1400000,0x00000000f4600000)
 ParOldGen       total 218624K, used 145923K [0x00000000a0c00000, 0x00000000ae180000, 0x00000000e0400000)
  object space 218624K, 66% used [0x00000000a0c00000,0x00000000a9a80fb8,0x00000000ae180000)
 Metaspace       used 18184K, capacity 18345K, committed 18560K, reserved 1067008K
  class space    used 1756K, capacity 1793K, committed 1920K, reserved 1048576K
Event: 9.622 GC heap after
Heap after GC invocations=20 (full 3):
 PSYoungGen      total 329728K, used 9652K [0x00000000e0400000, 0x00000000f8500000, 0x0000000100000000)
  eden space 278528K, 0% used [0x00000000e0400000,0x00000000e0400000,0x00000000f1400000)
  from space 51200K, 18% used [0x00000000f1400000,0x00000000f1d6d020,0x00000000f4600000)
  to   space 49152K, 0% used [0x00000000f5500000,0x00000000f5500000,0x00000000f8500000)
 ParOldGen       total 218624K, used 145923K [0x00000000a0c00000, 0x00000000ae180000, 0x00000000e0400000)
  object space 218624K, 66% used [0x00000000a0c00000,0x00000000a9a80fb8,0x00000000ae180000)
 Metaspace       used 18184K, capacity 18345K, committed 18560K, reserved 1067008K
  class space    used 1756K, capacity 1793K, committed 1920K, reserved 1048576K
}
Event: 10.653 GC heap before
{Heap before GC invocations=21 (full 3):
 PSYoungGen      total 329728K, used 288024K [0x00000000e0400000, 0x00000000f8500000, 0x0000000100000000)
  eden space 278528K, 99% used [0x00000000e0400000,0x00000000f13d9238,0x00000000f1400000)
  from space 51200K, 18% used [0x00000000f1400000,0x00000000f1d6d020,0x00000000f4600000)
  to   space 49152K, 0% used [0x00000000f5500000,0x00000000f5500000,0x00000000f8500000)
 ParOldGen       total 218624K, used 145923K [0x00000000a0c00000, 0x00000000ae180000, 0x00000000e0400000)
  object space 218624K, 66% used [0x00000000a0c00000,0x00000000a9a80fb8,0x00000000ae180000)
 Metaspace       used 18326K, capacity 18537K, committed 18816K, reserved 1067008K
  class space    used 1756K, capacity 1793K, committed 1920K, reserved 1048576K
Event: 10.658 GC heap after
Heap after GC invocations=21 (full 3):
 PSYoungGen      total 336896K, used 9620K [0x00000000e0400000, 0x00000000f7f80000, 0x0000000100000000)
  eden space 293376K, 0% used [0x00000000e0400000,0x00000000e0400000,0x00000000f2280000)
  from space 43520K, 22% used [0x00000000f5500000,0x00000000f5e65020,0x00000000f7f80000)
  to   space 47616K, 0% used [0x00000000f2280000,0x00000000f2280000,0x00000000f5100000)
 ParOldGen       total 218624K, used 145931K [0x00000000a0c00000, 0x00000000ae180000, 0x00000000e0400000)
  object space 218624K, 66% used [0x00000000a0c00000,0x00000000a9a82fb8,0x00000000ae180000)
 Metaspace       used 18326K, capacity 18537K, committed 18816K, reserved 1067008K
  class space    used 1756K, capacity 1793K, committed 1920K, reserved 1048576K
}

Deoptimization events (10 events):
Event: 3.723 Thread 0x0000000019464000 Uncommon trap: reason=unreached action=reinterpret pc=0x0000000002803d40 method=processing.opengl.PGraphicsOpenGL$InGeometry.addVertex(FFFIFFFFFIFIIIFIZ)I @ 218
Event: 4.293 Thread 0x0000000019464000 Uncommon trap: reason=unreached action=reinterpret pc=0x00000000026bf470 method=java.lang.reflect.AccessibleObject.setAccessible0(Ljava/lang/reflect/AccessibleObject;Z)V @ 4
Event: 5.348 Thread 0x0000000019464000 Uncommon trap: reason=bimorphic action=maybe_recompile pc=0x00000000029dabd0 method=java.util.ArrayList.indexOf(Ljava/lang/Object;)I @ 51
Event: 5.349 Thread 0x0000000019464000 Uncommon trap: reason=bimorphic action=maybe_recompile pc=0x00000000029dabd0 method=java.util.ArrayList.indexOf(Ljava/lang/Object;)I @ 51
Event: 5.349 Thread 0x0000000019464000 Uncommon trap: reason=bimorphic action=maybe_recompile pc=0x00000000029dabd0 method=java.util.ArrayList.indexOf(Ljava/lang/Object;)I @ 51
Event: 5.349 Thread 0x0000000019464000 Uncommon trap: reason=bimorphic action=maybe_recompile pc=0x00000000029dabd0 method=java.util.ArrayList.indexOf(Ljava/lang/Object;)I @ 51
Event: 5.431 Thread 0x0000000019464000 Uncommon trap: reason=class_check action=maybe_recompile pc=0x00000000025efce8 method=java.lang.String.equals(Ljava/lang/Object;)Z @ 8
Event: 5.432 Thread 0x0000000019464000 Uncommon trap: reason=class_check action=maybe_recompile pc=0x00000000025efce8 method=java.lang.String.equals(Ljava/lang/Object;)Z @ 8
Event: 5.432 Thread 0x0000000019464000 Uncommon trap: reason=class_check action=maybe_recompile pc=0x00000000025efce8 method=java.lang.String.equals(Ljava/lang/Object;)Z @ 8
Event: 5.432 Thread 0x0000000019464000 Uncommon trap: reason=class_check action=maybe_recompile pc=0x00000000025efce8 method=java.lang.String.equals(Ljava/lang/Object;)Z @ 8

Internal exceptions (10 events):
Event: 3.518 Thread 0x0000000019464000 Exception <a 'java/security/PrivilegedActionException'> (0x00000000e4ce9710) thrown at [D:\re\workspace\8-2-build-windows-amd64-cygwin\jdk8u25\1677\hotspot\src\share\vm\prims\jvm.cpp, line 1312]
Event: 3.518 Thread 0x0000000019464000 Exception <a 'java/security/PrivilegedActionException'> (0x00000000e4ced268) thrown at [D:\re\workspace\8-2-build-windows-amd64-cygwin\jdk8u25\1677\hotspot\src\share\vm\prims\jvm.cpp, line 1312]
Event: 3.518 Thread 0x0000000019464000 Exception <a 'java/security/PrivilegedActionException'> (0x00000000e4cf1a68) thrown at [D:\re\workspace\8-2-build-windows-amd64-cygwin\jdk8u25\1677\hotspot\src\share\vm\prims\jvm.cpp, line 1312]
Event: 3.519 Thread 0x0000000019464000 Exception <a 'java/security/PrivilegedActionException'> (0x00000000e4cf51a0) thrown at [D:\re\workspace\8-2-build-windows-amd64-cygwin\jdk8u25\1677\hotspot\src\share\vm\prims\jvm.cpp, line 1312]
Event: 3.519 Thread 0x0000000019464000 Exception <a 'java/security/PrivilegedActionException'> (0x00000000e4cf90e8) thrown at [D:\re\workspace\8-2-build-windows-amd64-cygwin\jdk8u25\1677\hotspot\src\share\vm\prims\jvm.cpp, line 1312]
Event: 3.520 Thread 0x0000000019464000 Exception <a 'java/security/PrivilegedActionException'> (0x00000000e4cfeff8) thrown at [D:\re\workspace\8-2-build-windows-amd64-cygwin\jdk8u25\1677\hotspot\src\share\vm\prims\jvm.cpp, line 1312]
Event: 3.536 Thread 0x0000000019464000 Exception <a 'java/security/PrivilegedActionException'> (0x00000000e4dda608) thrown at [D:\re\workspace\8-2-build-windows-amd64-cygwin\jdk8u25\1677\hotspot\src\share\vm\prims\jvm.cpp, line 1312]
Event: 5.445 Thread 0x0000000019464000 Exception <a 'java/security/PrivilegedActionException'> (0x00000000e36aedc0) thrown at [D:\re\workspace\8-2-build-windows-amd64-cygwin\jdk8u25\1677\hotspot\src\share\vm\prims\jvm.cpp, line 1312]
Event: 5.453 Thread 0x0000000019464000 Exception <a 'java/security/PrivilegedActionException'> (0x00000000e36bb928) thrown at [D:\re\workspace\8-2-build-windows-amd64-cygwin\jdk8u25\1677\hotspot\src\share\vm\prims\jvm.cpp, line 1312]
Event: 5.486 Thread 0x0000000019464000 Exception <a 'java/security/PrivilegedActionException'> (0x00000000e36c49e8) thrown at [D:\re\workspace\8-2-build-windows-amd64-cygwin\jdk8u25\1677\hotspot\src\share\vm\prims\jvm.cpp, line 1312]

Events (10 events):
Event: 7.721 Executing VM operation: ParallelGCFailedAllocation
Event: 7.726 Executing VM operation: ParallelGCFailedAllocation done
Event: 7.942 Thread 0x00000000194c4000 Thread exited: 0x00000000194c4000
Event: 8.619 Executing VM operation: ParallelGCFailedAllocation
Event: 8.624 Executing VM operation: ParallelGCFailedAllocation done
Event: 9.619 Executing VM operation: ParallelGCFailedAllocation
Event: 9.622 Executing VM operation: ParallelGCFailedAllocation done
Event: 10.653 Executing VM operation: ParallelGCFailedAllocation
Event: 10.658 Executing VM operation: ParallelGCFailedAllocation done
Event: 11.444 Thread 0x00000000194df800 Thread exited: 0x00000000194df800


Dynamic libraries:
0x00007ff745f80000 - 0x00007ff745fb4000 	C:\Program Files\Java\jre1.8.0_25\bin\javaw.exe
0x00007ffee8210000 - 0x00007ffee83bc000 	C:\WINDOWS\SYSTEM32\ntdll.dll
0x00007ffee60e0000 - 0x00007ffee621e000 	C:\WINDOWS\system32\KERNEL32.DLL
0x00007ffee54e0000 - 0x00007ffee55f5000 	C:\WINDOWS\system32\KERNELBASE.dll
0x00007ffee3ee0000 - 0x00007ffee3f6e000 	C:\WINDOWS\system32\apphelp.dll
0x00007ffecebf0000 - 0x00007ffecec43000 	C:\WINDOWS\AppPatch\AppPatch64\AcGenral.DLL
0x00007ffee6010000 - 0x00007ffee60ba000 	C:\WINDOWS\system32\msvcrt.dll
0x00007ffee5190000 - 0x00007ffee51be000 	C:\WINDOWS\SYSTEM32\SspiCli.dll
0x00007ffee5fb0000 - 0x00007ffee6004000 	C:\WINDOWS\system32\SHLWAPI.dll
0x00007ffee7fd0000 - 0x00007ffee8147000 	C:\WINDOWS\system32\USER32.dll
0x00007ffee5bc0000 - 0x00007ffee5d54000 	C:\WINDOWS\system32\ole32.dll
0x00007ffee66a0000 - 0x00007ffee7bb8000 	C:\WINDOWS\system32\SHELL32.dll
0x00007ffee48f0000 - 0x00007ffee4911000 	C:\WINDOWS\SYSTEM32\USERENV.dll
0x00007ffee5e20000 - 0x00007ffee5eca000 	C:\WINDOWS\system32\ADVAPI32.dll
0x00007ffed7630000 - 0x00007ffed764e000 	C:\WINDOWS\SYSTEM32\MPR.dll
0x00007ffee63f0000 - 0x00007ffee6531000 	C:\WINDOWS\system32\RPCRT4.dll
0x00007ffee5ed0000 - 0x00007ffee5f29000 	C:\WINDOWS\SYSTEM32\sechost.dll
0x00007ffee7db0000 - 0x00007ffee7fc1000 	C:\WINDOWS\SYSTEM32\combase.dll
0x00007ffee6540000 - 0x00007ffee6691000 	C:\WINDOWS\system32\GDI32.dll
0x00007ffee5360000 - 0x00007ffee5375000 	C:\WINDOWS\SYSTEM32\profapi.dll
0x00007ffee3700000 - 0x00007ffee37b2000 	C:\WINDOWS\SYSTEM32\SHCORE.dll
0x00007ffee5a40000 - 0x00007ffee5a76000 	C:\WINDOWS\system32\IMM32.DLL
0x00007ffee6220000 - 0x00007ffee6372000 	C:\WINDOWS\system32\MSCTF.dll
0x00007ffee2a70000 - 0x00007ffee2ceb000 	C:\WINDOWS\WinSxS\amd64_microsoft.windows.common-controls_6595b64144ccf1df_6.0.9600.17415_none_6240486fecbd8abb\COMCTL32.dll
0x00000000696c0000 - 0x0000000069792000 	C:\Program Files\Java\jre1.8.0_25\bin\msvcr100.dll
0x000000006a3b0000 - 0x000000006ac0a000 	C:\Program Files\Java\jre1.8.0_25\bin\server\jvm.dll
0x00007ffecd2f0000 - 0x00007ffecd2f9000 	C:\WINDOWS\SYSTEM32\WSOCK32.dll
0x00007ffed77f0000 - 0x00007ffed7812000 	C:\WINDOWS\SYSTEM32\WINMM.dll
0x00007ffee7da0000 - 0x00007ffee7da7000 	C:\WINDOWS\system32\PSAPI.DLL
0x00007ffee5a80000 - 0x00007ffee5ada000 	C:\WINDOWS\system32\WS2_32.dll
0x00007ffed75d0000 - 0x00007ffed75fa000 	C:\WINDOWS\SYSTEM32\WINMMBASE.dll
0x00007ffee60d0000 - 0x00007ffee60d9000 	C:\WINDOWS\system32\NSI.dll
0x00007ffee5840000 - 0x00007ffee588f000 	C:\WINDOWS\SYSTEM32\cfgmgr32.dll
0x00007ffee4150000 - 0x00007ffee4178000 	C:\WINDOWS\SYSTEM32\DEVOBJ.dll
0x000000006b5e0000 - 0x000000006b5ef000 	C:\Program Files\Java\jre1.8.0_25\bin\verify.dll
0x000000006b5b0000 - 0x000000006b5d8000 	C:\Program Files\Java\jre1.8.0_25\bin\java.dll
0x000000006b590000 - 0x000000006b5a6000 	C:\Program Files\Java\jre1.8.0_25\bin\zip.dll
0x0000000069520000 - 0x00000000696b8000 	C:\Program Files\Java\jre1.8.0_25\bin\awt.dll
0x00007ffee5ae0000 - 0x00007ffee5ba1000 	C:\WINDOWS\system32\OLEAUT32.dll
0x00007ffee3500000 - 0x00007ffee3521000 	C:\WINDOWS\system32\DWMAPI.DLL
0x00007ffee3fd0000 - 0x00007ffee40f9000 	C:\WINDOWS\system32\uxtheme.dll
0x00007ffee41a0000 - 0x00007ffee41ab000 	C:\WINDOWS\SYSTEM32\kernel.appcore.dll
0x00007ffee5230000 - 0x00007ffee523b000 	C:\WINDOWS\SYSTEM32\CRYPTBASE.dll
0x00007ffee51c0000 - 0x00007ffee5223000 	C:\WINDOWS\SYSTEM32\bcryptPrimitives.dll
0x00007ffedaca0000 - 0x00007ffedaec1000 	C:\WINDOWS\system32\d3d9.dll
0x00007ffee3010000 - 0x00007ffee301a000 	C:\WINDOWS\SYSTEM32\VERSION.dll
0x00007ffee2870000 - 0x00007ffee29bb000 	C:\WINDOWS\SYSTEM32\aticfx64.dll
0x00007ffec0180000 - 0x00007ffec01a1000 	C:\WINDOWS\SYSTEM32\atiu9p64.dll
0x00007ffebed60000 - 0x00007ffebf545000 	C:\WINDOWS\SYSTEM32\atiumd64.dll
0x000000006acf0000 - 0x000000006b4a7000 	C:\WINDOWS\SYSTEM32\atiumd6a.dll
0x00000000694d0000 - 0x0000000069517000 	C:\Program Files\Java\jre1.8.0_25\bin\fontmanager.dll
0x00007ffee4d60000 - 0x00007ffee4d80000 	C:\WINDOWS\SYSTEM32\CRYPTSP.dll
0x00007ffee47e0000 - 0x00007ffee4816000 	C:\WINDOWS\system32\rsaenh.dll
0x00007ffee4e80000 - 0x00007ffee4ea6000 	C:\WINDOWS\SYSTEM32\bcrypt.dll
0x000000006b570000 - 0x000000006b58a000 	C:\Program Files\Java\jre1.8.0_25\bin\net.dll
0x00007ffee4b20000 - 0x00007ffee4b79000 	C:\WINDOWS\system32\mswsock.dll
0x00007ffee1080000 - 0x00007ffee10aa000 	C:\WINDOWS\SYSTEM32\IPHLPAPI.DLL
0x00007ffee2670000 - 0x00007ffee267a000 	C:\WINDOWS\SYSTEM32\WINNSI.DLL
0x00007ffee0160000 - 0x00007ffee0176000 	C:\WINDOWS\SYSTEM32\dhcpcsvc6.DLL
0x00007ffee02b0000 - 0x00007ffee02ca000 	C:\WINDOWS\SYSTEM32\dhcpcsvc.DLL
0x000000006a390000 - 0x000000006a3a1000 	C:\Program Files\Java\jre1.8.0_25\bin\nio.dll
0x00000000637c0000 - 0x00000000637cd000 	S:\Users\Ben\AppData\Local\Temp\jogamp_0000\file_cache\jln2205816666340836636\jln6655779375999435270\gluegen-rt.dll
0x00000000694c0000 - 0x00000000694c7000 	C:\Program Files\Java\jre1.8.0_25\bin\jawt.dll
0x0000000019310000 - 0x000000001931d000 	S:\Users\Ben\AppData\Local\Temp\jogamp_0000\file_cache\jln2205816666340836636\jln6655779375999435270\nativewindow_awt.dll
0x000000006c100000 - 0x000000006c10f000 	S:\Users\Ben\AppData\Local\Temp\jogamp_0000\file_cache\jln2205816666340836636\jln6655779375999435270\nativewindow_win32.dll
0x00007ffec1490000 - 0x00007ffec15bb000 	C:\WINDOWS\SYSTEM32\OpenGL32.dll
0x00007ffedc620000 - 0x00007ffedc64e000 	C:\WINDOWS\SYSTEM32\GLU32.dll
0x00007ffec16d0000 - 0x00007ffec17c8000 	C:\WINDOWS\SYSTEM32\DDRAW.dll
0x00007ffee0ca0000 - 0x00007ffee0ca9000 	C:\WINDOWS\SYSTEM32\DCIMAN32.dll
0x0000000064500000 - 0x00000000645a2000 	S:\Users\Ben\AppData\Local\Temp\jogamp_0000\file_cache\jln2205816666340836636\jln6655779375999435270\jogl_desktop.dll
0x00007ffedc690000 - 0x00007ffedc6a8000 	C:\WINDOWS\SYSTEM32\atig6pxx.dll
0x0000000067910000 - 0x00000000694bf000 	C:\WINDOWS\SYSTEM32\atio6axx.dll
0x00007ffee7bc0000 - 0x00007ffee7d9a000 	C:\WINDOWS\system32\SETUPAPI.dll
0x00007ffee10e0000 - 0x00007ffee1217000 	C:\WINDOWS\SYSTEM32\atiadlxx.dll
0x00007ffee16b0000 - 0x00007ffee182f000 	C:\WINDOWS\SYSTEM32\PROPSYS.dll
0x00007ffee3f70000 - 0x00007ffee3f82000 	C:\WINDOWS\SYSTEM32\WTSAPI32.dll
0x00007ffee57e0000 - 0x00007ffee5831000 	C:\WINDOWS\system32\WINTRUST.dll
0x00007ffee5600000 - 0x00007ffee57df000 	C:\WINDOWS\system32\CRYPT32.dll
0x00007ffee5410000 - 0x00007ffee5421000 	C:\WINDOWS\system32\MSASN1.dll
0x00007ffeda9a0000 - 0x00007ffeda9c9000 	C:\WINDOWS\SYSTEM32\atig6txx.dll
0x00007ffebd220000 - 0x00007ffebd3bc000 	O:\OneDrive\Workspace\ZZavatar\lib\user\KinectPV2\Kinect20.Face.dll
0x00007ffed76f0000 - 0x00007ffed7797000 	C:\WINDOWS\SYSTEM32\MSVCP110.dll
0x00007ffeddd70000 - 0x00007ffedde3e000 	C:\WINDOWS\SYSTEM32\MSVCR110.dll
0x00007ffedc7f0000 - 0x00007ffedc800000 	O:\OneDrive\Workspace\ZZavatar\lib\user\KinectPV2\KinectPV2.dll
0x00007ffebe8f0000 - 0x00007ffebe9aa000 	C:\WINDOWS\SYSTEM32\Kinect20.dll
0x00007ffed7820000 - 0x00007ffed790b000 	C:\WINDOWS\SYSTEM32\MFPlat.DLL
0x00007ffed7650000 - 0x00007ffed7677000 	C:\WINDOWS\SYSTEM32\RTWorkQ.DLL
0x00007ffee3130000 - 0x00007ffee313c000 	C:\WINDOWS\SYSTEM32\AVRT.dll
0x00000000678c0000 - 0x0000000067901000 	C:\Program Files\Java\jre1.8.0_25\bin\t2k.dll
0x00007ffebeae0000 - 0x00007ffebec6a000 	C:\WINDOWS\SYSTEM32\dbghelp.dll

VM Arguments:
jvm_args: -Djava.library.path=O:\OneDrive\Workspace\ZZavatar\lib\base\video;O:\OneDrive\Workspace\ZZavatar\lib\base\video;O:\OneDrive\Workspace\ZZavatar\lib\base\video;O:\OneDrive\Workspace\ZZavatar\lib\base\core;O:\OneDrive\Workspace\ZZavatar\lib\base\core;O:\OneDrive\Workspace\ZZavatar\lib\base\core;O:\OneDrive\Workspace\ZZavatar\lib\base\core;O:\OneDrive\Workspace\ZZavatar\lib\base\core;O:\OneDrive\Workspace\ZZavatar\lib\base\core;O:\OneDrive\Workspace\ZZavatar\lib\base\core;O:\OneDrive\Workspace\ZZavatar\lib\base\core;O:\OneDrive\Workspace\ZZavatar\lib\base\core;O:\OneDrive\Workspace\ZZavatar\lib\base\core;O:\OneDrive\Workspace\ZZavatar\lib\base\core;O:\OneDrive\Workspace\ZZavatar\lib\base\core;O:\OneDrive\Workspace\ZZavatar\lib\base\core;O:\OneDrive\Workspace\ZZavatar\lib\base\core;O:\OneDrive\Workspace\ZZavatar\lib\base\core;O:\OneDrive\Workspace\ZZavatar\lib\user\Kinect4WinSDK;O:\OneDrive\Workspace\ZZavatar\lib\user\KinectPV2;O:\OneDrive\Workspace\ZZavatar\lib\user\SimpleOpenNI -Dfile.encoding=Cp1252 
java_command: zzavatar.ZZavatar
java_class_path (initial): O:\OneDrive\Workspace\ZZavatar\lib\base\video\gstreamer-java.jar;O:\OneDrive\Workspace\ZZavatar\lib\base\video\jna.jar;O:\OneDrive\Workspace\ZZavatar\lib\base\video\video.jar;O:\OneDrive\Workspace\ZZavatar\lib\base\core\core.jar;O:\OneDrive\Workspace\ZZavatar\lib\base\core\gluegen-rt-natives-linux-amd64.jar;O:\OneDrive\Workspace\ZZavatar\lib\base\core\gluegen-rt-natives-linux-armv6hf.jar;O:\OneDrive\Workspace\ZZavatar\lib\base\core\gluegen-rt-natives-linux-i586.jar;O:\OneDrive\Workspace\ZZavatar\lib\base\core\gluegen-rt-natives-macosx-universal.jar;O:\OneDrive\Workspace\ZZavatar\lib\base\core\gluegen-rt-natives-windows-amd64.jar;O:\OneDrive\Workspace\ZZavatar\lib\base\core\gluegen-rt-natives-windows-i586.jar;O:\OneDrive\Workspace\ZZavatar\lib\base\core\gluegen-rt.jar;O:\OneDrive\Workspace\ZZavatar\lib\base\core\jogl-all-natives-linux-amd64.jar;O:\OneDrive\Workspace\ZZavatar\lib\base\core\jogl-all-natives-linux-armv6hf.jar;O:\OneDrive\Workspace\ZZavatar\lib\base\core\jogl-all-natives-linux-i586.jar;O:\OneDrive\Workspace\ZZavatar\lib\base\core\jogl-all-natives-macosx-universal.jar;O:\OneDrive\Workspace\ZZavatar\lib\base\core\jogl-all-natives-windows-amd64.jar;O:\OneDrive\Workspace\ZZavatar\lib\base\core\jogl-all-natives-windows-i586.jar;O:\OneDrive\Workspace\ZZavatar\lib\base\core\jogl-all.jar;O:\OneDrive\Workspace\ZZavatar\lib\user\Kinect4WinSDK\Kinect4WinSDK.jar;O:\OneDrive\Workspace\ZZavatar\lib\user\KinectPV2\KinectPV2.jar;O:\OneDrive\Workspace\ZZavatar\lib\user\SimpleOpenNI\SimpleOpenNI.jar;O:\OneDrive\Workspace\ZZavatar\bin
Launcher Type: SUN_STANDARD

Environment Variables:
JAVA_HOME=C:\Program Files\Java\jdk1.8.0_25
PATH=C:/Program Files/Java/jre1.8.0_25/bin/server;C:/Program Files/Java/jre1.8.0_25/bin;C:/Program Files/Java/jre1.8.0_25/lib/amd64;C:\Program Files (x86)\NVIDIA Corporation\PhysX\Common;C:\ProgramData\Oracle\Java\javapath;C:\Program Files (x86)\Common Files\Intel\Shared Libraries\redist\intel64\compiler;C:\Program Files (x86)\Common Files\Intel\Shared Libraries\redist\ia32\compiler;C:\Program Files (x86)\Intel\iCLS Client\;C:\Program Files\Intel\iCLS Client\;C:\Program Files (x86)\AMD APP\bin\x86_64;C:\Program Files (x86)\AMD APP\bin\x86;C:\WINDOWS\system32;C:\WINDOWS;C:\WINDOWS\System32\Wbem;C:\WINDOWS\System32\WindowsPowerShell\v1.0\;C:\Program Files (x86)\ATI Technologies\ATI.ACE\Core-Static;C:\Program Files\Intel\Intel(R) Management Engine Components\DAL;C:\Program Files\Intel\Intel(R) Management Engine Components\IPT;C:\Program Files (x86)\Intel\Intel(R) Management Engine Components\DAL;C:\Program Files (x86)\Intel\Intel(R) Management Engine Components\IPT;C:\Program Files\Sony\VAIO Improvement\;C:\Program Files (x86)\Sony\VAIO Startup Setting Tool;C:\Program Files (x86)\Windows Kits\8.1\Windows Performance Toolkit\;C:\Program Files\Microsoft SQL Server\110\Tools\Binn\;C:\Program Files (x86)\Microsoft SDKs\TypeScript\1.0\;C:\Program Files\Microsoft\Web Platform Installer\;C:\Program Files (x86)\Java\jre1.8.0_25\bin;P:\Programs\Python27\Scripts;P:\Programs\Python27;C:\Program Files\Common Files\Autodesk Shared\;P:\Program Files\Programs;P:\Program Files\Games;P:\Programs\Eclipse;
USERNAME=Benoît
OS=Windows_NT
PROCESSOR_IDENTIFIER=Intel64 Family 6 Model 58 Stepping 9, GenuineIntel



---------------  S Y S T E M  ---------------

OS: Windows 8.1 , 64 bit Build 9600 

CPU:total 8 (4 cores per cpu, 2 threads per core) family 6 model 58 stepping 9, cmov, cx8, fxsr, mmx, sse, sse2, sse3, ssse3, sse4.1, sse4.2, popcnt, avx, aes, clmul, erms, ht, tsc, tscinvbit, tscinv

Memory: 4k page, physical 6237468k(1727176k free), swap 10431772k(3679776k free)

vm_info: Java HotSpot(TM) 64-Bit Server VM (25.25-b02) for windows-amd64 JRE (1.8.0_25-b18), built on Oct  7 2014 14:25:37 by "java_re" with MS VC++ 10.0 (VS2010)

time: Thu Apr 23 17:21:49 2015
elapsed time: 11 seconds (0d 0h 0m 11s)

