#
# A fatal error has been detected by the Java Runtime Environment:
#
#  EXCEPTION_ACCESS_VIOLATION (0xc0000005) at pc=0x00007ffb720b4113, pid=2748, tid=1748
#
# JRE version: Java(TM) SE Runtime Environment (8.0_25-b18) (build 1.8.0_25-b18)
# Java VM: Java HotSpot(TM) 64-Bit Server VM (25.25-b02 mixed mode windows-amd64 compressed oops)
# Problematic frame:
# C  [KinectPV2.dll+0x4113]
#
# Failed to write core dump. Minidumps are not enabled by default on client versions of Windows
#
# If you would like to submit a bug report, please visit:
#   http://bugreport.sun.com/bugreport/crash.jsp
# The crash happened outside the Java Virtual Machine in native code.
# See problematic frame for where to report the bug.
#

---------------  T H R E A D  ---------------

Current thread (0x0000000019051800):  JavaThread "Animation Thread" [_thread_in_native, id=1748, stack(0x000000001c1d0000,0x000000001c2d0000)]

siginfo: ExceptionCode=0xc0000005, reading address 0xffffffffffffffff

Registers:
RAX=0x74000138a9f93d80, RBX=0x000000002df52040, RCX=0x000000006ccf9670, RDX=0x0000000000000000
RSP=0x000000001c2cead0, RBP=0x0000000000000006, RSI=0x0000000000000000, RDI=0x000000001f067c78
R8 =0x000000001c2ce798, R9 =0x0000000000008000, R10=0x0000000000000000, R11=0x000000001c2ce9d0
R12=0x0000000000000000, R13=0x000000001f52e1a8, R14=0x0000000000000000, R15=0x0000000019051800
RIP=0x00007ffb720b4113, EFLAGS=0x0000000000010202

Top of Stack: (sp=0x000000001c2cead0)
0x000000001c2cead0:   000000001f067c48 000000001f8b3bb8
0x000000001c2ceae0:   000000001f067c48 0000000000000000
0x000000001c2ceaf0:   000000001c2cebc0 00007ffb720b1fba
0x000000001c2ceb00:   000000001c2cebc0 000000001c2ceba0
0x000000001c2ceb10:   00000000190519e8 0000000019019390
0x000000001c2ceb20:   00000000a38e0178 0000000001f85b74
0x000000001c2ceb30:   000000001f52e1a8 0000000000000021
0x000000001c2ceb40:   0000000000000021 0000000019051800
0x000000001c2ceb50:   000000001c2cec18 0000000001f858a2
0x000000001c2ceb60:   000000001c2ceb60 000000001f52e1a8
0x000000001c2ceb70:   000000001c2cebc0 000000001f52f138
0x000000001c2ceb80:   0000000000000000 000000001f52e1a8
0x000000001c2ceb90:   0000000000000000 000000001c2cebc0
0x000000001c2ceba0:   000000001c2cec08 0000000001f77a2d
0x000000001c2cebb0:   0000000000000000 0000000001f7f6b8
0x000000001c2cebc0:   00000000a3853a60 000000001c2cebc8 

Instructions: (pc=0x00007ffb720b4113)
0x00007ffb720b40f3:   48 8b 0f 48 85 c9 74 09 48 8b 01 ff 50 10 4c 89
0x00007ffb720b4103:   37 48 8b 8f 90 00 00 00 48 85 c9 74 0d 48 8b 01
0x00007ffb720b4113:   ff 50 10 4c 89 b7 90 00 00 00 48 8b 4f 30 48 85
0x00007ffb720b4123:   c9 74 0a 48 8b 01 ff 50 10 4c 89 77 30 48 8b 4f 


Register to memory mapping:

RAX=0x74000138a9f93d80 is an unknown value
RBX=0x000000002df52040 is an unknown value
RCX=0x000000006ccf9670 is an unknown value
RDX=0x0000000000000000 is an unknown value
RSP=0x000000001c2cead0 is pointing into the stack for thread: 0x0000000019051800
RBP=0x0000000000000006 is an unknown value
RSI=0x0000000000000000 is an unknown value
RDI=0x000000001f067c78 is an unknown value
R8 =0x000000001c2ce798 is pointing into the stack for thread: 0x0000000019051800
R9 =0x0000000000008000 is an unknown value
R10=0x0000000000000000 is an unknown value
R11=0x000000001c2ce9d0 is pointing into the stack for thread: 0x0000000019051800
R12=0x0000000000000000 is an unknown value
R13={method} {0x000000001f52e1b0} 'jniStopDevice' '()V' in 'KinectPV2/Device'
R14=0x0000000000000000 is an unknown value
R15=0x0000000019051800 is a thread


Stack: [0x000000001c1d0000,0x000000001c2d0000],  sp=0x000000001c2cead0,  free space=1018k
Native frames: (J=compiled Java code, j=interpreted, Vv=VM code, C=native code)
C  [KinectPV2.dll+0x4113]
C  [KinectPV2.dll+0x1fba]
C  0x0000000001f85b74

Java frames: (J=compiled Java code, j=interpreted, Vv=VM code)
j  KinectPV2.Device.jniStopDevice()V+0
j  KinectPV2.Device.stopDevice()V+41
j  KinectPV2.KinectPV2.dispose()V+14
v  ~StubRoutines::call_stub
j  sun.reflect.NativeMethodAccessorImpl.invoke0(Ljava/lang/reflect/Method;Ljava/lang/Object;[Ljava/lang/Object;)Ljava/lang/Object;+0
j  sun.reflect.NativeMethodAccessorImpl.invoke(Ljava/lang/Object;[Ljava/lang/Object;)Ljava/lang/Object;+100
J 1765 C1 sun.reflect.DelegatingMethodAccessorImpl.invoke(Ljava/lang/Object;[Ljava/lang/Object;)Ljava/lang/Object; (10 bytes) @ 0x00000000025c4784 [0x00000000025c4680+0x104]
J 1764 C1 java.lang.reflect.Method.invoke(Ljava/lang/Object;[Ljava/lang/Object;)Ljava/lang/Object; (62 bytes) @ 0x00000000025bc564 [0x00000000025bc180+0x3e4]
j  processing.core.PApplet$RegisteredMethods.handle([Ljava/lang/Object;)V+18
J 1636 C1 processing.core.PApplet.handleMethods(Ljava/lang/String;)V (21 bytes) @ 0x000000000258165c [0x00000000025813a0+0x2bc]
j  processing.core.PApplet.dispose()V+35
j  processing.core.PApplet.run()V+283
j  java.lang.Thread.run()V+11
v  ~StubRoutines::call_stub

---------------  P R O C E S S  ---------------

Java Threads: ( => current thread )
  0x000000001d4e8800 JavaThread "Animation Thread-SharedResourceRunner" daemon [_thread_blocked, id=3572, stack(0x000000001e4a0000,0x000000001e5a0000)]
  0x0000000001e5e800 JavaThread "DestroyJavaVM" [_thread_blocked, id=4760, stack(0x0000000001d30000,0x0000000001e30000)]
  0x0000000019053800 JavaThread "D3D Screen Updater" daemon [_thread_blocked, id=4972, stack(0x000000001c4d0000,0x000000001c5d0000)]
=>0x0000000019051800 JavaThread "Animation Thread" [_thread_in_native, id=1748, stack(0x000000001c1d0000,0x000000001c2d0000)]
  0x0000000018fc1800 JavaThread "AWT-EventQueue-0" [_thread_blocked, id=2576, stack(0x000000001bfd0000,0x000000001c0d0000)]
  0x0000000018f7e800 JavaThread "AWT-Windows" daemon [_thread_in_native, id=928, stack(0x0000000019890000,0x0000000019990000)]
  0x0000000018f7d800 JavaThread "AWT-Shutdown" [_thread_blocked, id=1252, stack(0x0000000019790000,0x0000000019890000)]
  0x0000000018f7b000 JavaThread "Java2D Disposer" daemon [_thread_blocked, id=5188, stack(0x0000000019690000,0x0000000019790000)]
  0x0000000017da7800 JavaThread "Service Thread" daemon [_thread_blocked, id=5204, stack(0x00000000186f0000,0x00000000187f0000)]
  0x0000000017d2d000 JavaThread "C1 CompilerThread3" daemon [_thread_blocked, id=4872, stack(0x00000000185f0000,0x00000000186f0000)]
  0x0000000017d2c000 JavaThread "C2 CompilerThread2" daemon [_thread_blocked, id=4468, stack(0x00000000184f0000,0x00000000185f0000)]
  0x0000000017d1d000 JavaThread "C2 CompilerThread1" daemon [_thread_blocked, id=5672, stack(0x00000000183f0000,0x00000000184f0000)]
  0x0000000017d19800 JavaThread "C2 CompilerThread0" daemon [_thread_blocked, id=4688, stack(0x00000000182f0000,0x00000000183f0000)]
  0x0000000017d17000 JavaThread "Attach Listener" daemon [_thread_blocked, id=3564, stack(0x00000000181f0000,0x00000000182f0000)]
  0x0000000017d15800 JavaThread "Signal Dispatcher" daemon [_thread_blocked, id=1412, stack(0x00000000180f0000,0x00000000181f0000)]
  0x0000000001f58800 JavaThread "Finalizer" daemon [_thread_blocked, id=2508, stack(0x0000000017be0000,0x0000000017ce0000)]
  0x0000000015cdc800 JavaThread "Reference Handler" daemon [_thread_blocked, id=1984, stack(0x0000000017ae0000,0x0000000017be0000)]

Other Threads:
  0x0000000015cd8800 VMThread [stack: 0x00000000179e0000,0x0000000017ae0000] [id=4020]
  0x0000000017da9000 WatcherThread [stack: 0x00000000187f0000,0x00000000188f0000] [id=2240]

VM state:not at safepoint (normal execution)

VM Mutex/Monitor currently owned by a thread: None

Heap:
 PSYoungGen      total 518656K, used 399156K [0x00000000e0400000, 0x0000000100000000, 0x0000000100000000)
  eden space 518144K, 76% used [0x00000000e0400000,0x00000000f894d2c8,0x00000000ffe00000)
  from space 512K, 100% used [0x00000000fff80000,0x0000000100000000,0x0000000100000000)
  to   space 1024K, 0% used [0x00000000ffe00000,0x00000000ffe00000,0x00000000fff00000)
 ParOldGen       total 241664K, used 204907K [0x00000000a0c00000, 0x00000000af800000, 0x00000000e0400000)
  object space 241664K, 84% used [0x00000000a0c00000,0x00000000ad41aea0,0x00000000af800000)
 Metaspace       used 18445K, capacity 18665K, committed 18816K, reserved 1067008K
  class space    used 1757K, capacity 1793K, committed 1920K, reserved 1048576K

Card table byte_map: [0x0000000011330000,0x0000000011630000] byte_map_base: 0x0000000010e2a000

Marking Bits: (ParMarkBitMap*) 0x000000006ecbd490
 Begin Bits: [0x0000000012030000, 0x0000000013800000)
 End Bits:   [0x0000000013800000, 0x0000000014fd0000)

Polling page: 0x0000000001e30000

CodeCache: size=245760Kb used=7941Kb max_used=8954Kb free=237818Kb
 bounds [0x0000000001f70000, 0x0000000002840000, 0x0000000010f70000]
 total_blobs=3114 nmethods=2231 adapters=797
 compilation: enabled

Compilation events (10 events):
Event: 82.659 Thread 0x0000000017d2d000 2736       3       processing.core.PFont::index (57 bytes)
Event: 82.660 Thread 0x0000000017d2d000 nmethod 2736 0x0000000002534a50 code [0x0000000002534c20, 0x0000000002535198]
Event: 82.660 Thread 0x0000000017d2d000 2737       3       processing.opengl.FontTexture::getTexInfo (14 bytes)
Event: 82.660 Thread 0x0000000017d2d000 nmethod 2737 0x0000000002576610 code [0x0000000002576780, 0x0000000002576a88]
Event: 82.660 Thread 0x0000000017d2d000 2738       3       processing.opengl.PGraphicsOpenGL::textCharModelImpl (107 bytes)
Event: 82.661 Thread 0x0000000017d2d000 nmethod 2738 0x00000000026b32d0 code [0x00000000026b34e0, 0x00000000026b4338]
Event: 82.676 Thread 0x0000000017d2d000 2739       3       java.awt.font.FontRenderContext::equals (127 bytes)
Event: 82.678 Thread 0x0000000017d2d000 nmethod 2739 0x00000000025587d0 code [0x0000000002558a80, 0x0000000002559d98]
Event: 82.791 Thread 0x0000000017d2d000 2740       3       java.lang.StringBuffer::<init> (7 bytes)
Event: 82.791 Thread 0x0000000017d2d000 nmethod 2740 0x00000000024b7dd0 code [0x00000000024b7f40, 0x00000000024b81f0]

GC Heap History (10 events):
Event: 78.945 GC heap before
{Heap before GC invocations=132 (full 4):
 PSYoungGen      total 519168K, used 514815K [0x00000000e0400000, 0x0000000100000000, 0x0000000100000000)
  eden space 518656K, 99% used [0x00000000e0400000,0x00000000ffa97ce0,0x00000000ffe80000)
  from space 512K, 31% used [0x00000000ffe80000,0x00000000ffea8000,0x00000000fff00000)
  to   space 512K, 0% used [0x00000000fff80000,0x00000000fff80000,0x0000000100000000)
 ParOldGen       total 241664K, used 196616K [0x00000000a0c00000, 0x00000000af800000, 0x00000000e0400000)
  object space 241664K, 81% used [0x00000000a0c00000,0x00000000acc020a0,0x00000000af800000)
 Metaspace       used 17960K, capacity 18185K, committed 18432K, reserved 1067008K
  class space    used 1706K, capacity 1761K, committed 1792K, reserved 1048576K
Event: 78.947 GC heap after
Heap after GC invocations=132 (full 4):
 PSYoungGen      total 519680K, used 128K [0x00000000e0400000, 0x0000000100000000, 0x0000000100000000)
  eden space 519168K, 0% used [0x00000000e0400000,0x00000000e0400000,0x00000000fff00000)
  from space 512K, 25% used [0x00000000fff80000,0x00000000fffa0000,0x0000000100000000)
  to   space 512K, 0% used [0x00000000fff00000,0x00000000fff00000,0x00000000fff80000)
 ParOldGen       total 241664K, used 196616K [0x00000000a0c00000, 0x00000000af800000, 0x00000000e0400000)
  object space 241664K, 81% used [0x00000000a0c00000,0x00000000acc020a0,0x00000000af800000)
 Metaspace       used 17960K, capacity 18185K, committed 18432K, reserved 1067008K
  class space    used 1706K, capacity 1761K, committed 1792K, reserved 1048576K
}
Event: 79.641 GC heap before
{Heap before GC invocations=133 (full 4):
 PSYoungGen      total 519680K, used 519296K [0x00000000e0400000, 0x0000000100000000, 0x0000000100000000)
  eden space 519168K, 100% used [0x00000000e0400000,0x00000000fff00000,0x00000000fff00000)
  from space 512K, 25% used [0x00000000fff80000,0x00000000fffa0000,0x0000000100000000)
  to   space 512K, 0% used [0x00000000fff00000,0x00000000fff00000,0x00000000fff80000)
 ParOldGen       total 241664K, used 196616K [0x00000000a0c00000, 0x00000000af800000, 0x00000000e0400000)
  object space 241664K, 81% used [0x00000000a0c00000,0x00000000acc020a0,0x00000000af800000)
 Metaspace       used 17960K, capacity 18185K, committed 18432K, reserved 1067008K
  class space    used 1706K, capacity 1761K, committed 1792K, reserved 1048576K
Event: 79.643 GC heap after
Heap after GC invocations=133 (full 4):
 PSYoungGen      total 519680K, used 128K [0x00000000e0400000, 0x0000000100000000, 0x0000000100000000)
  eden space 519168K, 0% used [0x00000000e0400000,0x00000000e0400000,0x00000000fff00000)
  from space 512K, 25% used [0x00000000fff00000,0x00000000fff20000,0x00000000fff80000)
  to   space 512K, 0% used [0x00000000fff80000,0x00000000fff80000,0x0000000100000000)
 ParOldGen       total 241664K, used 196616K [0x00000000a0c00000, 0x00000000af800000, 0x00000000e0400000)
  object space 241664K, 81% used [0x00000000a0c00000,0x00000000acc020a0,0x00000000af800000)
 Metaspace       used 17960K, capacity 18185K, committed 18432K, reserved 1067008K
  class space    used 1706K, capacity 1761K, committed 1792K, reserved 1048576K
}
Event: 80.350 GC heap before
{Heap before GC invocations=134 (full 4):
 PSYoungGen      total 519680K, used 519296K [0x00000000e0400000, 0x0000000100000000, 0x0000000100000000)
  eden space 519168K, 100% used [0x00000000e0400000,0x00000000fff00000,0x00000000fff00000)
  from space 512K, 25% used [0x00000000fff00000,0x00000000fff20000,0x00000000fff80000)
  to   space 512K, 0% used [0x00000000fff80000,0x00000000fff80000,0x0000000100000000)
 ParOldGen       total 241664K, used 196616K [0x00000000a0c00000, 0x00000000af800000, 0x00000000e0400000)
  object space 241664K, 81% used [0x00000000a0c00000,0x00000000acc020a0,0x00000000af800000)
 Metaspace       used 17960K, capacity 18185K, committed 18432K, reserved 1067008K
  class space    used 1706K, capacity 1761K, committed 1792K, reserved 1048576K
Event: 80.352 GC heap after
Heap after GC invocations=134 (full 4):
 PSYoungGen      total 519680K, used 128K [0x00000000e0400000, 0x0000000100000000, 0x0000000100000000)
  eden space 519168K, 0% used [0x00000000e0400000,0x00000000e0400000,0x00000000fff00000)
  from space 512K, 25% used [0x00000000fff80000,0x00000000fffa0000,0x0000000100000000)
  to   space 512K, 0% used [0x00000000fff00000,0x00000000fff00000,0x00000000fff80000)
 ParOldGen       total 241664K, used 204716K [0x00000000a0c00000, 0x00000000af800000, 0x00000000e0400000)
  object space 241664K, 84% used [0x00000000a0c00000,0x00000000ad3eb0b0,0x00000000af800000)
 Metaspace       used 17960K, capacity 18185K, committed 18432K, reserved 1067008K
  class space    used 1706K, capacity 1761K, committed 1792K, reserved 1048576K
}
Event: 81.011 GC heap before
{Heap before GC invocations=135 (full 4):
 PSYoungGen      total 519680K, used 515981K [0x00000000e0400000, 0x0000000100000000, 0x0000000100000000)
  eden space 519168K, 99% used [0x00000000e0400000,0x00000000ffbc34b8,0x00000000fff00000)
  from space 512K, 25% used [0x00000000fff80000,0x00000000fffa0000,0x0000000100000000)
  to   space 512K, 0% used [0x00000000fff00000,0x00000000fff00000,0x00000000fff80000)
 ParOldGen       total 241664K, used 204716K [0x00000000a0c00000, 0x00000000af800000, 0x00000000e0400000)
  object space 241664K, 84% used [0x00000000a0c00000,0x00000000ad3eb0b0,0x00000000af800000)
 Metaspace       used 17960K, capacity 18185K, committed 18432K, reserved 1067008K
  class space    used 1706K, capacity 1761K, committed 1792K, reserved 1048576K
Event: 81.012 GC heap after
Heap after GC invocations=135 (full 4):
 PSYoungGen      total 519680K, used 160K [0x00000000e0400000, 0x0000000100000000, 0x0000000100000000)
  eden space 519168K, 0% used [0x00000000e0400000,0x00000000e0400000,0x00000000fff00000)
  from space 512K, 31% used [0x00000000fff00000,0x00000000fff28000,0x00000000fff80000)
  to   space 512K, 0% used [0x00000000fff80000,0x00000000fff80000,0x0000000100000000)
 ParOldGen       total 241664K, used 204716K [0x00000000a0c00000, 0x00000000af800000, 0x00000000e0400000)
  object space 241664K, 84% used [0x00000000a0c00000,0x00000000ad3eb0b0,0x00000000af800000)
 Metaspace       used 17960K, capacity 18185K, committed 18432K, reserved 1067008K
  class space    used 1706K, capacity 1761K, committed 1792K, reserved 1048576K
}
Event: 82.331 GC heap before
{Heap before GC invocations=136 (full 4):
 PSYoungGen      total 519680K, used 519328K [0x00000000e0400000, 0x0000000100000000, 0x0000000100000000)
  eden space 519168K, 100% used [0x00000000e0400000,0x00000000fff00000,0x00000000fff00000)
  from space 512K, 31% used [0x00000000fff00000,0x00000000fff28000,0x00000000fff80000)
  to   space 512K, 0% used [0x00000000fff80000,0x00000000fff80000,0x0000000100000000)
 ParOldGen       total 241664K, used 204716K [0x00000000a0c00000, 0x00000000af800000, 0x00000000e0400000)
  object space 241664K, 84% used [0x00000000a0c00000,0x00000000ad3eb0b0,0x00000000af800000)
 Metaspace       used 18423K, capacity 18665K, committed 18816K, reserved 1067008K
  class space    used 1757K, capacity 1793K, committed 1920K, reserved 1048576K
Event: 82.332 GC heap after
Heap after GC invocations=136 (full 4):
 PSYoungGen      total 518656K, used 512K [0x00000000e0400000, 0x0000000100000000, 0x0000000100000000)
  eden space 518144K, 0% used [0x00000000e0400000,0x00000000e0400000,0x00000000ffe00000)
  from space 512K, 100% used [0x00000000fff80000,0x0000000100000000,0x0000000100000000)
  to   space 1024K, 0% used [0x00000000ffe00000,0x00000000ffe00000,0x00000000fff00000)
 ParOldGen       total 241664K, used 204907K [0x00000000a0c00000, 0x00000000af800000, 0x00000000e0400000)
  object space 241664K, 84% used [0x00000000a0c00000,0x00000000ad41aea0,0x00000000af800000)
 Metaspace       used 18423K, capacity 18665K, committed 18816K, reserved 1067008K
  class space    used 1757K, capacity 1793K, committed 1920K, reserved 1048576K
}

Deoptimization events (10 events):
Event: 81.132 Thread 0x0000000018fc1800 Uncommon trap: reason=bimorphic action=maybe_recompile pc=0x0000000002538650 method=java.util.ArrayList.indexOf(Ljava/lang/Object;)I @ 51
Event: 81.132 Thread 0x0000000018fc1800 Uncommon trap: reason=bimorphic action=maybe_recompile pc=0x0000000002538650 method=java.util.ArrayList.indexOf(Ljava/lang/Object;)I @ 51
Event: 81.134 Thread 0x0000000018fc1800 Uncommon trap: reason=bimorphic action=maybe_recompile pc=0x0000000002538650 method=java.util.ArrayList.indexOf(Ljava/lang/Object;)I @ 51
Event: 81.658 Thread 0x0000000018fc1800 Uncommon trap: reason=class_check action=maybe_recompile pc=0x0000000002164e28 method=java.lang.String.equals(Ljava/lang/Object;)Z @ 8
Event: 81.658 Thread 0x0000000018fc1800 Uncommon trap: reason=class_check action=maybe_recompile pc=0x0000000002164e28 method=java.lang.String.equals(Ljava/lang/Object;)Z @ 8
Event: 81.658 Thread 0x0000000018fc1800 Uncommon trap: reason=class_check action=maybe_recompile pc=0x0000000002164e28 method=java.lang.String.equals(Ljava/lang/Object;)Z @ 8
Event: 81.658 Thread 0x0000000018fc1800 Uncommon trap: reason=class_check action=maybe_recompile pc=0x0000000002164e28 method=java.lang.String.equals(Ljava/lang/Object;)Z @ 8
Event: 81.673 Thread 0x0000000018fc1800 Uncommon trap: reason=class_check action=maybe_recompile pc=0x0000000002687a64 method=java.util.AbstractCollection.toArray()[Ljava/lang/Object; @ 1
Event: 81.690 Thread 0x0000000018fc1800 Uncommon trap: reason=unreached action=reinterpret pc=0x00000000025cf2fc method=java.util.WeakHashMap.get(Ljava/lang/Object;)Ljava/lang/Object; @ 35
Event: 82.958 Thread 0x0000000019051800 Uncommon trap: reason=unreached action=reinterpret pc=0x0000000002696a64 method=processing.opengl.PGL.threadIsCurrent()Z @ 7

Internal exceptions (10 events):
Event: 4.991 Thread 0x0000000018fc1800 Exception <a 'java/security/PrivilegedActionException'> (0x00000000e0c94888) thrown at [D:\re\workspace\8-2-build-windows-amd64-cygwin\jdk8u25\1677\hotspot\src\share\vm\prims\jvm.cpp, line 1312]
Event: 4.991 Thread 0x0000000018fc1800 Exception <a 'java/security/PrivilegedActionException'> (0x00000000e0c99088) thrown at [D:\re\workspace\8-2-build-windows-amd64-cygwin\jdk8u25\1677\hotspot\src\share\vm\prims\jvm.cpp, line 1312]
Event: 4.991 Thread 0x0000000018fc1800 Exception <a 'java/security/PrivilegedActionException'> (0x00000000e0c9c7c0) thrown at [D:\re\workspace\8-2-build-windows-amd64-cygwin\jdk8u25\1677\hotspot\src\share\vm\prims\jvm.cpp, line 1312]
Event: 4.992 Thread 0x0000000018fc1800 Exception <a 'java/security/PrivilegedActionException'> (0x00000000e0ca0708) thrown at [D:\re\workspace\8-2-build-windows-amd64-cygwin\jdk8u25\1677\hotspot\src\share\vm\prims\jvm.cpp, line 1312]
Event: 4.992 Thread 0x0000000018fc1800 Exception <a 'java/security/PrivilegedActionException'> (0x00000000e0ca6618) thrown at [D:\re\workspace\8-2-build-windows-amd64-cygwin\jdk8u25\1677\hotspot\src\share\vm\prims\jvm.cpp, line 1312]
Event: 5.004 Thread 0x0000000018fc1800 Exception <a 'java/security/PrivilegedActionException'> (0x00000000e0f91888) thrown at [D:\re\workspace\8-2-build-windows-amd64-cygwin\jdk8u25\1677\hotspot\src\share\vm\prims\jvm.cpp, line 1312]
Event: 81.043 Thread 0x0000000018fc1800 Implicit null exception at 0x0000000002099f6f to 0x000000000209a06d
Event: 81.675 Thread 0x0000000018fc1800 Exception <a 'java/security/PrivilegedActionException'> (0x00000000e1e20e18) thrown at [D:\re\workspace\8-2-build-windows-amd64-cygwin\jdk8u25\1677\hotspot\src\share\vm\prims\jvm.cpp, line 1312]
Event: 81.690 Thread 0x0000000018fc1800 Exception <a 'java/security/PrivilegedActionException'> (0x00000000e1e2d660) thrown at [D:\re\workspace\8-2-build-windows-amd64-cygwin\jdk8u25\1677\hotspot\src\share\vm\prims\jvm.cpp, line 1312]
Event: 81.716 Thread 0x0000000018fc1800 Exception <a 'java/security/PrivilegedActionException'> (0x00000000e1e36720) thrown at [D:\re\workspace\8-2-build-windows-amd64-cygwin\jdk8u25\1677\hotspot\src\share\vm\prims\jvm.cpp, line 1312]

Events (10 events):
Event: 82.661 Thread 0x0000000017d2d000 flushing nmethod 0x000000000273cc10
Event: 82.661 Thread 0x0000000017d2d000 flushing nmethod 0x000000000273f650
Event: 82.661 Thread 0x0000000017d2d000 flushing nmethod 0x00000000027406d0
Event: 82.661 Thread 0x0000000017d2d000 flushing nmethod 0x00000000027458d0
Event: 82.678 Thread 0x0000000017d2d000 flushing nmethod 0x00000000027a2050
Event: 82.678 Thread 0x0000000017d2d000 flushing nmethod 0x00000000027b5a50
Event: 82.958 Thread 0x0000000019051800 Uncommon trap: trap_request=0xffffffad fr.pc=0x0000000002696a64
Event: 82.958 Thread 0x0000000019051800 DEOPT PACKING pc=0x0000000002696a64 sp=0x000000001c2cf440
Event: 82.958 Thread 0x0000000019051800 DEOPT UNPACKING pc=0x0000000001fb556a sp=0x000000001c2cf3e0 mode 2
Event: 82.958 Thread 0x000000001925d000 Thread exited: 0x000000001925d000


Dynamic libraries:
0x00007ff69ddf0000 - 0x00007ff69de24000 	C:\Program Files\Java\jre1.8.0_25\bin\javaw.exe
0x00007ffb80c70000 - 0x00007ffb80e1c000 	C:\WINDOWS\SYSTEM32\ntdll.dll
0x00007ffb80620000 - 0x00007ffb8075e000 	C:\WINDOWS\system32\KERNEL32.DLL
0x00007ffb7e0d0000 - 0x00007ffb7e1e5000 	C:\WINDOWS\system32\KERNELBASE.dll
0x00007ffb7c940000 - 0x00007ffb7c9ce000 	C:\WINDOWS\system32\apphelp.dll
0x00007ffb6b570000 - 0x00007ffb6b5c3000 	C:\WINDOWS\AppPatch\AppPatch64\AcGenral.DLL
0x00007ffb7e5f0000 - 0x00007ffb7e69a000 	C:\WINDOWS\system32\msvcrt.dll
0x00007ffb7db90000 - 0x00007ffb7dbbe000 	C:\WINDOWS\SYSTEM32\SspiCli.dll
0x00007ffb7e8c0000 - 0x00007ffb7e914000 	C:\WINDOWS\system32\SHLWAPI.dll
0x00007ffb80760000 - 0x00007ffb808d7000 	C:\WINDOWS\system32\USER32.dll
0x00007ffb7e410000 - 0x00007ffb7e5a4000 	C:\WINDOWS\system32\ole32.dll
0x00007ffb7f100000 - 0x00007ffb80618000 	C:\WINDOWS\system32\SHELL32.dll
0x00007ffb7d360000 - 0x00007ffb7d381000 	C:\WINDOWS\SYSTEM32\USERENV.dll
0x00007ffb7eea0000 - 0x00007ffb7ef4a000 	C:\WINDOWS\system32\ADVAPI32.dll
0x00007ffb72030000 - 0x00007ffb7204e000 	C:\WINDOWS\SYSTEM32\MPR.dll
0x00007ffb7e920000 - 0x00007ffb7ea61000 	C:\WINDOWS\system32\RPCRT4.dll
0x00007ffb7e3b0000 - 0x00007ffb7e409000 	C:\WINDOWS\SYSTEM32\sechost.dll
0x00007ffb7e6a0000 - 0x00007ffb7e8b1000 	C:\WINDOWS\SYSTEM32\combase.dll
0x00007ffb7ea70000 - 0x00007ffb7ebc1000 	C:\WINDOWS\system32\GDI32.dll
0x00007ffb7ddc0000 - 0x00007ffb7ddd5000 	C:\WINDOWS\SYSTEM32\profapi.dll
0x00007ffb7c160000 - 0x00007ffb7c212000 	C:\WINDOWS\SYSTEM32\SHCORE.dll
0x00007ffb7e5b0000 - 0x00007ffb7e5e6000 	C:\WINDOWS\system32\IMM32.DLL
0x00007ffb80920000 - 0x00007ffb80a72000 	C:\WINDOWS\system32\MSCTF.dll
0x00007ffb7b4f0000 - 0x00007ffb7b76b000 	C:\WINDOWS\WinSxS\amd64_microsoft.windows.common-controls_6595b64144ccf1df_6.0.9600.17415_none_6240486fecbd8abb\COMCTL32.dll
0x000000006e3b0000 - 0x000000006e482000 	C:\Program Files\Java\jre1.8.0_25\bin\msvcr100.dll
0x000000006e4e0000 - 0x000000006ed3a000 	C:\Program Files\Java\jre1.8.0_25\bin\server\jvm.dll
0x00007ffb71710000 - 0x00007ffb71719000 	C:\WINDOWS\SYSTEM32\WSOCK32.dll
0x00007ffb750e0000 - 0x00007ffb75102000 	C:\WINDOWS\SYSTEM32\WINMM.dll
0x00007ffb808e0000 - 0x00007ffb808e7000 	C:\WINDOWS\system32\PSAPI.DLL
0x00007ffb80b50000 - 0x00007ffb80baa000 	C:\WINDOWS\system32\WS2_32.dll
0x00007ffb74fb0000 - 0x00007ffb74fda000 	C:\WINDOWS\SYSTEM32\WINMMBASE.dll
0x00007ffb7ebd0000 - 0x00007ffb7ebd9000 	C:\WINDOWS\system32\NSI.dll
0x00007ffb7e2a0000 - 0x00007ffb7e2ef000 	C:\WINDOWS\SYSTEM32\cfgmgr32.dll
0x00007ffb7cbb0000 - 0x00007ffb7cbd8000 	C:\WINDOWS\SYSTEM32\DEVOBJ.dll
0x00000000701e0000 - 0x00000000701ef000 	C:\Program Files\Java\jre1.8.0_25\bin\verify.dll
0x00000000701b0000 - 0x00000000701d8000 	C:\Program Files\Java\jre1.8.0_25\bin\java.dll
0x0000000070190000 - 0x00000000701a6000 	C:\Program Files\Java\jre1.8.0_25\bin\zip.dll
0x000000006e210000 - 0x000000006e3a8000 	C:\Program Files\Java\jre1.8.0_25\bin\awt.dll
0x00007ffb7edd0000 - 0x00007ffb7ee91000 	C:\WINDOWS\system32\OLEAUT32.dll
0x00007ffb7bf60000 - 0x00007ffb7bf81000 	C:\WINDOWS\system32\DWMAPI.DLL
0x00007ffb7ca30000 - 0x00007ffb7cb59000 	C:\WINDOWS\system32\uxtheme.dll
0x00007ffb7cc00000 - 0x00007ffb7cc0b000 	C:\WINDOWS\SYSTEM32\kernel.appcore.dll
0x00007ffb7dc30000 - 0x00007ffb7dc3b000 	C:\WINDOWS\SYSTEM32\CRYPTBASE.dll
0x00007ffb7dbc0000 - 0x00007ffb7dc23000 	C:\WINDOWS\SYSTEM32\bcryptPrimitives.dll
0x00007ffb73570000 - 0x00007ffb73791000 	C:\WINDOWS\system32\d3d9.dll
0x00007ffb7b9f0000 - 0x00007ffb7b9fa000 	C:\WINDOWS\SYSTEM32\VERSION.dll
0x00007ffb7b220000 - 0x00007ffb7b36b000 	C:\WINDOWS\SYSTEM32\aticfx64.dll
0x00007ffb59650000 - 0x00007ffb59671000 	C:\WINDOWS\SYSTEM32\atiu9p64.dll
0x00007ffb58e60000 - 0x00007ffb59645000 	C:\WINDOWS\SYSTEM32\atiumd64.dll
0x000000006ed40000 - 0x000000006f4f7000 	C:\WINDOWS\SYSTEM32\atiumd6a.dll
0x000000006f5f0000 - 0x000000006f637000 	C:\Program Files\Java\jre1.8.0_25\bin\fontmanager.dll
0x00007ffb7d630000 - 0x00007ffb7d650000 	C:\WINDOWS\SYSTEM32\CRYPTSP.dll
0x00007ffb7d250000 - 0x00007ffb7d286000 	C:\WINDOWS\system32\rsaenh.dll
0x00007ffb7d880000 - 0x00007ffb7d8a6000 	C:\WINDOWS\SYSTEM32\bcrypt.dll
0x0000000070170000 - 0x000000007018a000 	C:\Program Files\Java\jre1.8.0_25\bin\net.dll
0x00007ffb7d5d0000 - 0x00007ffb7d629000 	C:\WINDOWS\system32\mswsock.dll
0x00007ffb79b50000 - 0x00007ffb79b7a000 	C:\WINDOWS\SYSTEM32\IPHLPAPI.DLL
0x00007ffb79b10000 - 0x00007ffb79b1a000 	C:\WINDOWS\SYSTEM32\WINNSI.DLL
0x00007ffb78b80000 - 0x00007ffb78b96000 	C:\WINDOWS\SYSTEM32\dhcpcsvc6.DLL
0x00007ffb78d10000 - 0x00007ffb78d2a000 	C:\WINDOWS\SYSTEM32\dhcpcsvc.DLL
0x000000006e4c0000 - 0x000000006e4d1000 	C:\Program Files\Java\jre1.8.0_25\bin\nio.dll
0x00000000637c0000 - 0x00000000637cd000 	S:\Users\Ben\AppData\Local\Temp\jogamp_0000\file_cache\jln4638897840329536931\jln4576200185754705148\gluegen-rt.dll
0x000000006f5e0000 - 0x000000006f5e7000 	C:\Program Files\Java\jre1.8.0_25\bin\jawt.dll
0x000000006a440000 - 0x000000006a44d000 	S:\Users\Ben\AppData\Local\Temp\jogamp_0000\file_cache\jln4638897840329536931\jln4576200185754705148\nativewindow_awt.dll
0x000000006c100000 - 0x000000006c10f000 	S:\Users\Ben\AppData\Local\Temp\jogamp_0000\file_cache\jln4638897840329536931\jln4576200185754705148\nativewindow_win32.dll
0x00007ffb6b440000 - 0x00007ffb6b56b000 	C:\WINDOWS\SYSTEM32\OpenGL32.dll
0x00007ffb720c0000 - 0x00007ffb720ee000 	C:\WINDOWS\SYSTEM32\GLU32.dll
0x00007ffb4ffb0000 - 0x00007ffb500a8000 	C:\WINDOWS\SYSTEM32\DDRAW.dll
0x00007ffb73c00000 - 0x00007ffb73c09000 	C:\WINDOWS\SYSTEM32\DCIMAN32.dll
0x0000000064500000 - 0x00000000645a2000 	S:\Users\Ben\AppData\Local\Temp\jogamp_0000\file_cache\jln4638897840329536931\jln4576200185754705148\jogl_desktop.dll
0x00007ffb58450000 - 0x00007ffb58468000 	C:\WINDOWS\SYSTEM32\atig6pxx.dll
0x000000006c660000 - 0x000000006e20f000 	C:\WINDOWS\SYSTEM32\atio6axx.dll
0x00007ffb7ebf0000 - 0x00007ffb7edca000 	C:\WINDOWS\system32\SETUPAPI.dll
0x00007ffb79b80000 - 0x00007ffb79cb7000 	C:\WINDOWS\SYSTEM32\atiadlxx.dll
0x00007ffb7a150000 - 0x00007ffb7a2cf000 	C:\WINDOWS\SYSTEM32\PROPSYS.dll
0x00007ffb7c9d0000 - 0x00007ffb7c9e2000 	C:\WINDOWS\SYSTEM32\WTSAPI32.dll
0x00007ffb7e070000 - 0x00007ffb7e0c1000 	C:\WINDOWS\system32\WINTRUST.dll
0x00007ffb7de90000 - 0x00007ffb7e06f000 	C:\WINDOWS\system32\CRYPT32.dll
0x00007ffb7de70000 - 0x00007ffb7de81000 	C:\WINDOWS\system32\MSASN1.dll
0x00007ffb509b0000 - 0x00007ffb509d9000 	C:\WINDOWS\SYSTEM32\atig6txx.dll
0x00007ffb4f880000 - 0x00007ffb4fa1c000 	O:\OneDrive\Workspace\ZZavatar\lib\user\KinectPV2\Kinect20.Face.dll
0x00007ffb74fe0000 - 0x00007ffb75087000 	C:\WINDOWS\SYSTEM32\MSVCP110.dll
0x00007ffb76510000 - 0x00007ffb765de000 	C:\WINDOWS\SYSTEM32\MSVCR110.dll
0x00007ffb720b0000 - 0x00007ffb720c0000 	O:\OneDrive\Workspace\ZZavatar\lib\user\KinectPV2\KinectPV2.dll
0x00007ffb4f3a0000 - 0x00007ffb4f45a000 	C:\WINDOWS\SYSTEM32\Kinect20.dll
0x00007ffb75110000 - 0x00007ffb751fb000 	C:\WINDOWS\SYSTEM32\MFPlat.DLL
0x00007ffb74f70000 - 0x00007ffb74f97000 	C:\WINDOWS\SYSTEM32\RTWorkQ.DLL
0x00007ffb7bb70000 - 0x00007ffb7bb7c000 	C:\WINDOWS\SYSTEM32\AVRT.dll
0x000000006c610000 - 0x000000006c651000 	C:\Program Files\Java\jre1.8.0_25\bin\t2k.dll
0x00007ffb70940000 - 0x00007ffb70aca000 	C:\WINDOWS\SYSTEM32\dbghelp.dll

VM Arguments:
jvm_args: -Djava.library.path=O:\OneDrive\Workspace\ZZavatar\lib\base\video;O:\OneDrive\Workspace\ZZavatar\lib\base\video;O:\OneDrive\Workspace\ZZavatar\lib\base\video;O:\OneDrive\Workspace\ZZavatar\lib\base\core;O:\OneDrive\Workspace\ZZavatar\lib\base\core;O:\OneDrive\Workspace\ZZavatar\lib\base\core;O:\OneDrive\Workspace\ZZavatar\lib\base\core;O:\OneDrive\Workspace\ZZavatar\lib\base\core;O:\OneDrive\Workspace\ZZavatar\lib\base\core;O:\OneDrive\Workspace\ZZavatar\lib\base\core;O:\OneDrive\Workspace\ZZavatar\lib\base\core;O:\OneDrive\Workspace\ZZavatar\lib\base\core;O:\OneDrive\Workspace\ZZavatar\lib\base\core;O:\OneDrive\Workspace\ZZavatar\lib\base\core;O:\OneDrive\Workspace\ZZavatar\lib\base\core;O:\OneDrive\Workspace\ZZavatar\lib\base\core;O:\OneDrive\Workspace\ZZavatar\lib\base\core;O:\OneDrive\Workspace\ZZavatar\lib\base\core;O:\OneDrive\Workspace\ZZavatar\lib\user\Kinect4WinSDK;O:\OneDrive\Workspace\ZZavatar\lib\user\KinectPV2;O:\OneDrive\Workspace\ZZavatar\lib\user\SimpleOpenNI -Dfile.encoding=Cp1252 
java_command: zzavatar.ZZavatar
java_class_path (initial): O:\OneDrive\Workspace\ZZavatar\lib\base\video\gstreamer-java.jar;O:\OneDrive\Workspace\ZZavatar\lib\base\video\jna.jar;O:\OneDrive\Workspace\ZZavatar\lib\base\video\video.jar;O:\OneDrive\Workspace\ZZavatar\lib\base\core\core.jar;O:\OneDrive\Workspace\ZZavatar\lib\base\core\gluegen-rt-natives-linux-amd64.jar;O:\OneDrive\Workspace\ZZavatar\lib\base\core\gluegen-rt-natives-linux-armv6hf.jar;O:\OneDrive\Workspace\ZZavatar\lib\base\core\gluegen-rt-natives-linux-i586.jar;O:\OneDrive\Workspace\ZZavatar\lib\base\core\gluegen-rt-natives-macosx-universal.jar;O:\OneDrive\Workspace\ZZavatar\lib\base\core\gluegen-rt-natives-windows-amd64.jar;O:\OneDrive\Workspace\ZZavatar\lib\base\core\gluegen-rt-natives-windows-i586.jar;O:\OneDrive\Workspace\ZZavatar\lib\base\core\gluegen-rt.jar;O:\OneDrive\Workspace\ZZavatar\lib\base\core\jogl-all-natives-linux-amd64.jar;O:\OneDrive\Workspace\ZZavatar\lib\base\core\jogl-all-natives-linux-armv6hf.jar;O:\OneDrive\Workspace\ZZavatar\lib\base\core\jogl-all-natives-linux-i586.jar;O:\OneDrive\Workspace\ZZavatar\lib\base\core\jogl-all-natives-macosx-universal.jar;O:\OneDrive\Workspace\ZZavatar\lib\base\core\jogl-all-natives-windows-amd64.jar;O:\OneDrive\Workspace\ZZavatar\lib\base\core\jogl-all-natives-windows-i586.jar;O:\OneDrive\Workspace\ZZavatar\lib\base\core\jogl-all.jar;O:\OneDrive\Workspace\ZZavatar\lib\user\Kinect4WinSDK\Kinect4WinSDK.jar;O:\OneDrive\Workspace\ZZavatar\lib\user\KinectPV2\KinectPV2.jar;O:\OneDrive\Workspace\ZZavatar\lib\user\SimpleOpenNI\SimpleOpenNI.jar;O:\OneDrive\Workspace\ZZavatar\bin
Launcher Type: SUN_STANDARD

Environment Variables:
JAVA_HOME=C:\Program Files\Java\jdk1.8.0_25
PATH=C:/Program Files/Java/jre1.8.0_25/bin/server;C:/Program Files/Java/jre1.8.0_25/bin;C:/Program Files/Java/jre1.8.0_25/lib/amd64;C:\Program Files (x86)\NVIDIA Corporation\PhysX\Common;C:\ProgramData\Oracle\Java\javapath;C:\Program Files (x86)\Common Files\Intel\Shared Libraries\redist\intel64\compiler;C:\Program Files (x86)\Common Files\Intel\Shared Libraries\redist\ia32\compiler;C:\Program Files (x86)\Intel\iCLS Client\;C:\Program Files\Intel\iCLS Client\;C:\Program Files (x86)\AMD APP\bin\x86_64;C:\Program Files (x86)\AMD APP\bin\x86;C:\WINDOWS\system32;C:\WINDOWS;C:\WINDOWS\System32\Wbem;C:\WINDOWS\System32\WindowsPowerShell\v1.0\;C:\Program Files (x86)\ATI Technologies\ATI.ACE\Core-Static;C:\Program Files\Intel\Intel(R) Management Engine Components\DAL;C:\Program Files\Intel\Intel(R) Management Engine Components\IPT;C:\Program Files (x86)\Intel\Intel(R) Management Engine Components\DAL;C:\Program Files (x86)\Intel\Intel(R) Management Engine Components\IPT;C:\Program Files\Sony\VAIO Improvement\;C:\Program Files (x86)\Sony\VAIO Startup Setting Tool;C:\Program Files (x86)\Windows Kits\8.1\Windows Performance Toolkit\;C:\Program Files\Microsoft SQL Server\110\Tools\Binn\;C:\Program Files (x86)\Microsoft SDKs\TypeScript\1.0\;C:\Program Files\Microsoft\Web Platform Installer\;C:\Program Files (x86)\Java\jre1.8.0_25\bin;P:\Programs\Python27\Scripts;P:\Programs\Python27;C:\Program Files\Common Files\Autodesk Shared\;P:\Program Files\Programs;P:\Program Files\Games;P:\Programs\Eclipse;
USERNAME=Benoît
OS=Windows_NT
PROCESSOR_IDENTIFIER=Intel64 Family 6 Model 58 Stepping 9, GenuineIntel



---------------  S Y S T E M  ---------------

OS: Windows 8.1 , 64 bit Build 9600 

CPU:total 8 (4 cores per cpu, 2 threads per core) family 6 model 58 stepping 9, cmov, cx8, fxsr, mmx, sse, sse2, sse3, ssse3, sse4.1, sse4.2, popcnt, avx, aes, clmul, erms, ht, tsc, tscinvbit, tscinv

Memory: 4k page, physical 6237468k(2363880k free), swap 10431772k(5444104k free)

vm_info: Java HotSpot(TM) 64-Bit Server VM (25.25-b02) for windows-amd64 JRE (1.8.0_25-b18), built on Oct  7 2014 14:25:37 by "java_re" with MS VC++ 10.0 (VS2010)

time: Sat Apr 25 10:20:30 2015
elapsed time: 82 seconds (0d 0h 1m 22s)

