#
# A fatal error has been detected by the Java Runtime Environment:
#
#  EXCEPTION_ACCESS_VIOLATION (0xc0000005) at pc=0x00007ff980284113, pid=5848, tid=2616
#
# JRE version: Java(TM) SE Runtime Environment (8.0_25-b18) (build 1.8.0_25-b18)
# Java VM: Java HotSpot(TM) 64-Bit Server VM (25.25-b02 mixed mode windows-amd64 compressed oops)
# Problematic frame:
# C  [KinectPV2.dll+0x4113]
#
# Failed to write core dump. Minidumps are not enabled by default on client versions of Windows
#
# If you would like to submit a bug report, please visit:
#   http://bugreport.sun.com/bugreport/crash.jsp
# The crash happened outside the Java Virtual Machine in native code.
# See problematic frame for where to report the bug.
#

---------------  T H R E A D  ---------------

Current thread (0x0000000019c23800):  JavaThread "Animation Thread" [_thread_in_native, id=2616, stack(0x000000001cca0000,0x000000001cda0000)]

siginfo: ExceptionCode=0xc0000005, reading address 0x00000000674d6351

Registers:
RAX=0x00000000674d6341, RBX=0x000000002ea85040, RCX=0x000000001fb03b80, RDX=0x0000000000000000
RSP=0x000000001cd9ec20, RBP=0x0000000000000006, RSI=0x0000000000000000, RDI=0x000000001f8b50a8
R8 =0x000000001cd9e8e8, R9 =0x0000000000008000, R10=0x0000000000000000, R11=0x000000001cd9eb20
R12=0x0000000000000000, R13=0x000000001ffbe1a8, R14=0x0000000000000000, R15=0x0000000019c23800
RIP=0x00007ff980284113, EFLAGS=0x0000000000010202

Top of Stack: (sp=0x000000001cd9ec20)
0x000000001cd9ec20:   000000001f8b5078 000000002036b018
0x000000001cd9ec30:   000000001f8b5078 0000000000000000
0x000000001cd9ec40:   000000001cd9ed10 00007ff980281fba
0x000000001cd9ec50:   000000001cd9ed10 000000001cd9ecf0
0x000000001cd9ec60:   0000000019c239e8 0000000019be1790
0x000000001cd9ec70:   00000000a3b09758 0000000002c55b74
0x000000001cd9ec80:   000000001ffbe1a8 00000000a3b09738
0x000000001cd9ec90:   00000000a3b09738 0000000019c23800
0x000000001cd9eca0:   000000001cd9ed68 0000000002c558a2
0x000000001cd9ecb0:   000000001cd9ecb0 000000001ffbe1a8
0x000000001cd9ecc0:   000000001cd9ed10 000000001ffbf138
0x000000001cd9ecd0:   0000000000000000 000000001ffbe1a8
0x000000001cd9ece0:   0000000000000000 000000001cd9ed10
0x000000001cd9ecf0:   000000001cd9ed58 0000000002c47a2d
0x000000001cd9ed00:   0000000000000000 0000000002c4f6b8
0x000000001cd9ed10:   00000000a3882e50 000000001cd9ed18 

Instructions: (pc=0x00007ff980284113)
0x00007ff9802840f3:   48 8b 0f 48 85 c9 74 09 48 8b 01 ff 50 10 4c 89
0x00007ff980284103:   37 48 8b 8f 90 00 00 00 48 85 c9 74 0d 48 8b 01
0x00007ff980284113:   ff 50 10 4c 89 b7 90 00 00 00 48 8b 4f 30 48 85
0x00007ff980284123:   c9 74 0a 48 8b 01 ff 50 10 4c 89 77 30 48 8b 4f 


Register to memory mapping:

RAX=0x00000000674d6341 is an unknown value
RBX=0x000000002ea85040 is an unknown value
RCX=0x000000001fb03b80 is an unknown value
RDX=0x0000000000000000 is an unknown value
RSP=0x000000001cd9ec20 is pointing into the stack for thread: 0x0000000019c23800
RBP=0x0000000000000006 is an unknown value
RSI=0x0000000000000000 is an unknown value
RDI=0x000000001f8b50a8 is an unknown value
R8 =0x000000001cd9e8e8 is pointing into the stack for thread: 0x0000000019c23800
R9 =0x0000000000008000 is an unknown value
R10=0x0000000000000000 is an unknown value
R11=0x000000001cd9eb20 is pointing into the stack for thread: 0x0000000019c23800
R12=0x0000000000000000 is an unknown value
R13={method} {0x000000001ffbe1b0} 'jniStopDevice' '()V' in 'KinectPV2/Device'
R14=0x0000000000000000 is an unknown value
R15=0x0000000019c23800 is a thread


Stack: [0x000000001cca0000,0x000000001cda0000],  sp=0x000000001cd9ec20,  free space=1019k
Native frames: (J=compiled Java code, j=interpreted, Vv=VM code, C=native code)
C  [KinectPV2.dll+0x4113]
C  [KinectPV2.dll+0x1fba]
C  0x0000000002c55b74

Java frames: (J=compiled Java code, j=interpreted, Vv=VM code)
j  KinectPV2.Device.jniStopDevice()V+0
j  KinectPV2.Device.stopDevice()V+41
j  KinectPV2.KinectPV2.dispose()V+14
v  ~StubRoutines::call_stub
j  sun.reflect.NativeMethodAccessorImpl.invoke0(Ljava/lang/reflect/Method;Ljava/lang/Object;[Ljava/lang/Object;)Ljava/lang/Object;+0
j  sun.reflect.NativeMethodAccessorImpl.invoke(Ljava/lang/Object;[Ljava/lang/Object;)Ljava/lang/Object;+100
J 2113 C1 sun.reflect.DelegatingMethodAccessorImpl.invoke(Ljava/lang/Object;[Ljava/lang/Object;)Ljava/lang/Object; (10 bytes) @ 0x000000000340d984 [0x000000000340d880+0x104]
J 2112 C1 java.lang.reflect.Method.invoke(Ljava/lang/Object;[Ljava/lang/Object;)Ljava/lang/Object; (62 bytes) @ 0x000000000340b724 [0x000000000340b340+0x3e4]
j  processing.core.PApplet$RegisteredMethods.handle([Ljava/lang/Object;)V+18
J 1931 C1 processing.core.PApplet.handleMethods(Ljava/lang/String;)V (21 bytes) @ 0x000000000337f29c [0x000000000337efe0+0x2bc]
j  processing.core.PApplet.dispose()V+35
j  processing.core.PApplet.run()V+283
j  java.lang.Thread.run()V+11
v  ~StubRoutines::call_stub

---------------  P R O C E S S  ---------------

Java Threads: ( => current thread )
  0x000000001a0a1800 JavaThread "Animation Thread-SharedResourceRunner" daemon [_thread_blocked, id=8708, stack(0x000000001ef70000,0x000000001f070000)]
  0x0000000002a3e800 JavaThread "DestroyJavaVM" [_thread_blocked, id=8644, stack(0x0000000002a40000,0x0000000002b40000)]
  0x0000000019c1d000 JavaThread "D3D Screen Updater" daemon [_thread_blocked, id=2444, stack(0x000000001cfa0000,0x000000001d0a0000)]
=>0x0000000019c23800 JavaThread "Animation Thread" [_thread_in_native, id=2616, stack(0x000000001cca0000,0x000000001cda0000)]
  0x0000000019b8e000 JavaThread "AWT-EventQueue-0" [_thread_blocked, id=7928, stack(0x000000001caa0000,0x000000001cba0000)]
  0x0000000018d7e000 JavaThread "AWT-Windows" daemon [_thread_in_native, id=7084, stack(0x000000001a460000,0x000000001a560000)]
  0x0000000018d7d800 JavaThread "AWT-Shutdown" [_thread_blocked, id=6856, stack(0x000000001a360000,0x000000001a460000)]
  0x0000000019b50800 JavaThread "Java2D Disposer" daemon [_thread_blocked, id=8364, stack(0x000000001a260000,0x000000001a360000)]
  0x0000000018a40000 JavaThread "Service Thread" daemon [_thread_blocked, id=2812, stack(0x0000000019380000,0x0000000019480000)]
  0x00000000189b9000 JavaThread "C1 CompilerThread3" daemon [_thread_blocked, id=7364, stack(0x0000000019280000,0x0000000019380000)]
  0x00000000189b7000 JavaThread "C2 CompilerThread2" daemon [_thread_blocked, id=3564, stack(0x0000000019180000,0x0000000019280000)]
  0x00000000189ab800 JavaThread "C2 CompilerThread1" daemon [_thread_blocked, id=3384, stack(0x0000000019080000,0x0000000019180000)]
  0x00000000189a9800 JavaThread "C2 CompilerThread0" daemon [_thread_blocked, id=1488, stack(0x0000000018f80000,0x0000000019080000)]
  0x00000000189a7000 JavaThread "Attach Listener" daemon [_thread_blocked, id=4456, stack(0x0000000018e80000,0x0000000018f80000)]
  0x00000000189a6000 JavaThread "Signal Dispatcher" daemon [_thread_blocked, id=4116, stack(0x0000000018d80000,0x0000000018e80000)]
  0x0000000002c39800 JavaThread "Finalizer" daemon [_thread_blocked, id=6008, stack(0x0000000018880000,0x0000000018980000)]
  0x000000001698c800 JavaThread "Reference Handler" daemon [_thread_blocked, id=6552, stack(0x0000000018780000,0x0000000018880000)]

Other Threads:
  0x0000000016988800 VMThread [stack: 0x0000000018680000,0x0000000018780000] [id=5692]
  0x0000000018a42000 WatcherThread [stack: 0x0000000019480000,0x0000000019580000] [id=8880]

VM state:not at safepoint (normal execution)

VM Mutex/Monitor currently owned by a thread: None

Heap:
 PSYoungGen      total 486400K, used 249253K [0x00000000e0400000, 0x00000000ff880000, 0x0000000100000000)
  eden space 460288K, 52% used [0x00000000e0400000,0x00000000eef60678,0x00000000fc580000)
  from space 26112K, 31% used [0x00000000fde80000,0x00000000fe689010,0x00000000ff800000)
  to   space 25600K, 0% used [0x00000000fc580000,0x00000000fc580000,0x00000000fde80000)
 ParOldGen       total 205824K, used 155348K [0x00000000a0c00000, 0x00000000ad500000, 0x00000000e0400000)
  object space 205824K, 75% used [0x00000000a0c00000,0x00000000aa3b53e8,0x00000000ad500000)
 Metaspace       used 18018K, capacity 18217K, committed 18560K, reserved 1067008K
  class space    used 1735K, capacity 1793K, committed 1920K, reserved 1048576K

Card table byte_map: [0x0000000012000000,0x0000000012300000] byte_map_base: 0x0000000011afa000

Marking Bits: (ParMarkBitMap*) 0x00000000772bd490
 Begin Bits: [0x0000000012d00000, 0x00000000144d0000)
 End Bits:   [0x00000000144d0000, 0x0000000015ca0000)

Polling page: 0x0000000002960000

CodeCache: size=245760Kb used=9135Kb max_used=9143Kb free=236624Kb
 bounds [0x0000000002c40000, 0x0000000003540000, 0x0000000011c40000]
 total_blobs=3277 nmethods=2406 adapters=785
 compilation: enabled

Compilation events (10 events):
Event: 16.661 Thread 0x00000000189a9800 2418       4       KinectPV2.Device::updateDevice (7 bytes)
Event: 16.661 Thread 0x00000000189a9800 nmethod 2418 0x00000000034eb890 code [0x00000000034eb9e0, 0x00000000034eba68]
Event: 16.833 Thread 0x00000000189b9000 2420       3       processing.opengl.Texture::set (361 bytes)
Event: 16.836 Thread 0x00000000189b9000 nmethod 2420 0x0000000003532990 code [0x0000000003532dc0, 0x0000000003535178]
Event: 16.836 Thread 0x00000000189b9000 2419       3       processing.opengl.PGraphicsOpenGL::updateTexture (101 bytes)
Event: 16.836 Thread 0x00000000189b9000 nmethod 2419 0x000000000352bbd0 code [0x000000000352bd80, 0x000000000352c5b8]
Event: 17.265 Thread 0x00000000189b7000 2421       4       processing.core.PGraphics::fillFromCalc (86 bytes)
Event: 17.265 Thread 0x00000000189ab800 2422       4       processing.core.PGraphics::ambientFromCalc (38 bytes)
Event: 17.266 Thread 0x00000000189ab800 nmethod 2422 0x00000000034a5190 code [0x00000000034a52c0, 0x00000000034a5358]
Event: 17.266 Thread 0x00000000189b7000 nmethod 2421 0x00000000034eec10 code [0x00000000034eed40, 0x00000000034eee38]

GC Heap History (10 events):
Event: 14.418 GC heap before
{Heap before GC invocations=31 (full 3):
 PSYoungGen      total 478720K, used 438099K [0x00000000e0400000, 0x00000000ffc00000, 0x0000000100000000)
  eden space 443904K, 98% used [0x00000000e0400000,0x00000000fafacce0,0x00000000fb580000)
  from space 34816K, 0% used [0x00000000fb580000,0x00000000fb5a8000,0x00000000fd780000)
  to   space 32768K, 0% used [0x00000000fdc00000,0x00000000fdc00000,0x00000000ffc00000)
 ParOldGen       total 205824K, used 155252K [0x00000000a0c00000, 0x00000000ad500000, 0x00000000e0400000)
  object space 205824K, 75% used [0x00000000a0c00000,0x00000000aa39d3e8,0x00000000ad500000)
 Metaspace       used 17925K, capacity 18153K, committed 18304K, reserved 1064960K
  class space    used 1723K, capacity 1793K, committed 1920K, reserved 1048576K
Event: 14.419 GC heap after
Heap after GC invocations=31 (full 3):
 PSYoungGen      total 478208K, used 192K [0x00000000e0400000, 0x00000000ff800000, 0x0000000100000000)
  eden space 449536K, 0% used [0x00000000e0400000,0x00000000e0400000,0x00000000fbb00000)
  from space 28672K, 0% used [0x00000000fdc00000,0x00000000fdc30000,0x00000000ff800000)
  to   space 31232K, 0% used [0x00000000fbb00000,0x00000000fbb00000,0x00000000fd980000)
 ParOldGen       total 205824K, used 155284K [0x00000000a0c00000, 0x00000000ad500000, 0x00000000e0400000)
  object space 205824K, 75% used [0x00000000a0c00000,0x00000000aa3a53e8,0x00000000ad500000)
 Metaspace       used 17925K, capacity 18153K, committed 18304K, reserved 1064960K
  class space    used 1723K, capacity 1793K, committed 1920K, reserved 1048576K
}
Event: 15.069 GC heap before
{Heap before GC invocations=32 (full 3):
 PSYoungGen      total 478208K, used 449728K [0x00000000e0400000, 0x00000000ff800000, 0x0000000100000000)
  eden space 449536K, 100% used [0x00000000e0400000,0x00000000fbb00000,0x00000000fbb00000)
  from space 28672K, 0% used [0x00000000fdc00000,0x00000000fdc30000,0x00000000ff800000)
  to   space 31232K, 0% used [0x00000000fbb00000,0x00000000fbb00000,0x00000000fd980000)
 ParOldGen       total 205824K, used 155284K [0x00000000a0c00000, 0x00000000ad500000, 0x00000000e0400000)
  object space 205824K, 75% used [0x00000000a0c00000,0x00000000aa3a53e8,0x00000000ad500000)
 Metaspace       used 17925K, capacity 18153K, committed 18304K, reserved 1064960K
  class space    used 1723K, capacity 1793K, committed 1920K, reserved 1048576K
Event: 15.070 GC heap after
Heap after GC invocations=32 (full 3):
 PSYoungGen      total 480768K, used 96K [0x00000000e0400000, 0x00000000ffa80000, 0x0000000100000000)
  eden space 449536K, 0% used [0x00000000e0400000,0x00000000e0400000,0x00000000fbb00000)
  from space 31232K, 0% used [0x00000000fbb00000,0x00000000fbb18000,0x00000000fd980000)
  to   space 29696K, 0% used [0x00000000fdd80000,0x00000000fdd80000,0x00000000ffa80000)
 ParOldGen       total 205824K, used 155308K [0x00000000a0c00000, 0x00000000ad500000, 0x00000000e0400000)
  object space 205824K, 75% used [0x00000000a0c00000,0x00000000aa3ab3e8,0x00000000ad500000)
 Metaspace       used 17925K, capacity 18153K, committed 18304K, reserved 1064960K
  class space    used 1723K, capacity 1793K, committed 1920K, reserved 1048576K
}
Event: 15.719 GC heap before
{Heap before GC invocations=33 (full 3):
 PSYoungGen      total 480768K, used 449632K [0x00000000e0400000, 0x00000000ffa80000, 0x0000000100000000)
  eden space 449536K, 100% used [0x00000000e0400000,0x00000000fbb00000,0x00000000fbb00000)
  from space 31232K, 0% used [0x00000000fbb00000,0x00000000fbb18000,0x00000000fd980000)
  to   space 29696K, 0% used [0x00000000fdd80000,0x00000000fdd80000,0x00000000ffa80000)
 ParOldGen       total 205824K, used 155308K [0x00000000a0c00000, 0x00000000ad500000, 0x00000000e0400000)
  object space 205824K, 75% used [0x00000000a0c00000,0x00000000aa3ab3e8,0x00000000ad500000)
 Metaspace       used 17980K, capacity 18217K, committed 18560K, reserved 1067008K
  class space    used 1723K, capacity 1793K, committed 1920K, reserved 1048576K
Event: 15.721 GC heap after
Heap after GC invocations=33 (full 3):
 PSYoungGen      total 479744K, used 160K [0x00000000e0400000, 0x00000000ff600000, 0x0000000100000000)
  eden space 454656K, 0% used [0x00000000e0400000,0x00000000e0400000,0x00000000fc000000)
  from space 25088K, 0% used [0x00000000fdd80000,0x00000000fdda8000,0x00000000ff600000)
  to   space 27648K, 0% used [0x00000000fc000000,0x00000000fc000000,0x00000000fdb00000)
 ParOldGen       total 205824K, used 155324K [0x00000000a0c00000, 0x00000000ad500000, 0x00000000e0400000)
  object space 205824K, 75% used [0x00000000a0c00000,0x00000000aa3af3e8,0x00000000ad500000)
 Metaspace       used 17980K, capacity 18217K, committed 18560K, reserved 1067008K
  class space    used 1723K, capacity 1793K, committed 1920K, reserved 1048576K
}
Event: 16.375 GC heap before
{Heap before GC invocations=34 (full 3):
 PSYoungGen      total 479744K, used 454816K [0x00000000e0400000, 0x00000000ff600000, 0x0000000100000000)
  eden space 454656K, 100% used [0x00000000e0400000,0x00000000fc000000,0x00000000fc000000)
  from space 25088K, 0% used [0x00000000fdd80000,0x00000000fdda8000,0x00000000ff600000)
  to   space 27648K, 0% used [0x00000000fc000000,0x00000000fc000000,0x00000000fdb00000)
 ParOldGen       total 205824K, used 155324K [0x00000000a0c00000, 0x00000000ad500000, 0x00000000e0400000)
  object space 205824K, 75% used [0x00000000a0c00000,0x00000000aa3af3e8,0x00000000ad500000)
 Metaspace       used 17981K, capacity 18217K, committed 18560K, reserved 1067008K
  class space    used 1723K, capacity 1793K, committed 1920K, reserved 1048576K
Event: 16.377 GC heap after
Heap after GC invocations=34 (full 3):
 PSYoungGen      total 482304K, used 160K [0x00000000e0400000, 0x00000000ff800000, 0x0000000100000000)
  eden space 454656K, 0% used [0x00000000e0400000,0x00000000e0400000,0x00000000fc000000)
  from space 27648K, 0% used [0x00000000fc000000,0x00000000fc028000,0x00000000fdb00000)
  to   space 26112K, 0% used [0x00000000fde80000,0x00000000fde80000,0x00000000ff800000)
 ParOldGen       total 205824K, used 155340K [0x00000000a0c00000, 0x00000000ad500000, 0x00000000e0400000)
  object space 205824K, 75% used [0x00000000a0c00000,0x00000000aa3b33e8,0x00000000ad500000)
 Metaspace       used 17981K, capacity 18217K, committed 18560K, reserved 1067008K
  class space    used 1723K, capacity 1793K, committed 1920K, reserved 1048576K
}
Event: 17.023 GC heap before
{Heap before GC invocations=35 (full 3):
 PSYoungGen      total 482304K, used 454816K [0x00000000e0400000, 0x00000000ff800000, 0x0000000100000000)
  eden space 454656K, 100% used [0x00000000e0400000,0x00000000fc000000,0x00000000fc000000)
  from space 27648K, 0% used [0x00000000fc000000,0x00000000fc028000,0x00000000fdb00000)
  to   space 26112K, 0% used [0x00000000fde80000,0x00000000fde80000,0x00000000ff800000)
 ParOldGen       total 205824K, used 155340K [0x00000000a0c00000, 0x00000000ad500000, 0x00000000e0400000)
  object space 205824K, 75% used [0x00000000a0c00000,0x00000000aa3b33e8,0x00000000ad500000)
 Metaspace       used 17981K, capacity 18217K, committed 18560K, reserved 1067008K
  class space    used 1723K, capacity 1793K, committed 1920K, reserved 1048576K
Event: 17.027 GC heap after
Heap after GC invocations=35 (full 3):
 PSYoungGen      total 486400K, used 8228K [0x00000000e0400000, 0x00000000ff880000, 0x0000000100000000)
  eden space 460288K, 0% used [0x00000000e0400000,0x00000000e0400000,0x00000000fc580000)
  from space 26112K, 31% used [0x00000000fde80000,0x00000000fe689010,0x00000000ff800000)
  to   space 25600K, 0% used [0x00000000fc580000,0x00000000fc580000,0x00000000fde80000)
 ParOldGen       total 205824K, used 155348K [0x00000000a0c00000, 0x00000000ad500000, 0x00000000e0400000)
  object space 205824K, 75% used [0x00000000a0c00000,0x00000000aa3b53e8,0x00000000ad500000)
 Metaspace       used 17981K, capacity 18217K, committed 18560K, reserved 1067008K
  class space    used 1723K, capacity 1793K, committed 1920K, reserved 1048576K
}

Deoptimization events (10 events):
Event: 10.900 Thread 0x0000000019b8e000 Uncommon trap: reason=speculate_class_check action=maybe_recompile pc=0x000000000349579c method=com.jogamp.common.nio.Buffers.getDirectBufferByteOffset(Ljava/lang/Object;)I @ 22
Event: 10.915 Thread 0x0000000019b8e000 Uncommon trap: reason=speculate_class_check action=maybe_recompile pc=0x00000000034a0c50 method=com.jogamp.common.nio.Buffers.getDirectBufferByteOffset(Ljava/lang/Object;)I @ 31
Event: 10.915 Thread 0x0000000019b8e000 Uncommon trap: reason=speculate_class_check action=maybe_recompile pc=0x00000000034a0c50 method=com.jogamp.common.nio.Buffers.getDirectBufferByteOffset(Ljava/lang/Object;)I @ 31
Event: 11.065 Thread 0x0000000019b8e000 Uncommon trap: reason=speculate_class_check action=maybe_recompile pc=0x0000000003495188 method=com.jogamp.common.nio.Buffers.getDirectBufferByteOffset(Ljava/lang/Object;)I @ 31
Event: 11.065 Thread 0x0000000019b8e000 Uncommon trap: reason=speculate_class_check action=maybe_recompile pc=0x0000000003495188 method=com.jogamp.common.nio.Buffers.getDirectBufferByteOffset(Ljava/lang/Object;)I @ 31
Event: 11.090 Thread 0x0000000019b8e000 Uncommon trap: reason=speculate_class_check action=maybe_recompile pc=0x00000000034a376c method=com.jogamp.common.nio.Buffers.getDirectBufferByteOffset(Ljava/lang/Object;)I @ 42
Event: 11.099 Thread 0x0000000019b8e000 Uncommon trap: reason=speculate_class_check action=maybe_recompile pc=0x00000000034a376c method=com.jogamp.common.nio.Buffers.getDirectBufferByteOffset(Ljava/lang/Object;)I @ 42
Event: 11.233 Thread 0x0000000019b8e000 Uncommon trap: reason=speculate_class_check action=maybe_recompile pc=0x0000000003499ebc method=com.jogamp.common.nio.Buffers.getDirectBufferByteOffset(Ljava/lang/Object;)I @ 53
Event: 11.241 Thread 0x0000000019b8e000 Uncommon trap: reason=speculate_class_check action=maybe_recompile pc=0x0000000003499ebc method=com.jogamp.common.nio.Buffers.getDirectBufferByteOffset(Ljava/lang/Object;)I @ 53
Event: 17.085 Thread 0x0000000018d7e000 Uncommon trap: reason=unreached action=reinterpret pc=0x000000000342527c method=java.util.WeakHashMap.get(Ljava/lang/Object;)Ljava/lang/Object; @ 35

Internal exceptions (10 events):
Event: 3.040 Thread 0x0000000019b8e000 Exception <a 'java/security/PrivilegedActionException'> (0x00000000e2ca5118) thrown at [D:\re\workspace\8-2-build-windows-amd64-cygwin\jdk8u25\1677\hotspot\src\share\vm\prims\jvm.cpp, line 1312]
Event: 3.040 Thread 0x0000000019b8e000 Exception <a 'java/security/PrivilegedActionException'> (0x00000000e2ca8fd8) thrown at [D:\re\workspace\8-2-build-windows-amd64-cygwin\jdk8u25\1677\hotspot\src\share\vm\prims\jvm.cpp, line 1312]
Event: 3.040 Thread 0x0000000019b8e000 Exception <a 'java/security/PrivilegedActionException'> (0x00000000e2cad3e0) thrown at [D:\re\workspace\8-2-build-windows-amd64-cygwin\jdk8u25\1677\hotspot\src\share\vm\prims\jvm.cpp, line 1312]
Event: 3.040 Thread 0x0000000019b8e000 Exception <a 'java/security/PrivilegedActionException'> (0x00000000e2cb17c8) thrown at [D:\re\workspace\8-2-build-windows-amd64-cygwin\jdk8u25\1677\hotspot\src\share\vm\prims\jvm.cpp, line 1312]
Event: 3.040 Thread 0x0000000019b8e000 Exception <a 'java/security/PrivilegedActionException'> (0x00000000e2cb5320) thrown at [D:\re\workspace\8-2-build-windows-amd64-cygwin\jdk8u25\1677\hotspot\src\share\vm\prims\jvm.cpp, line 1312]
Event: 3.041 Thread 0x0000000019b8e000 Exception <a 'java/security/PrivilegedActionException'> (0x00000000e2cb9b20) thrown at [D:\re\workspace\8-2-build-windows-amd64-cygwin\jdk8u25\1677\hotspot\src\share\vm\prims\jvm.cpp, line 1312]
Event: 3.041 Thread 0x0000000019b8e000 Exception <a 'java/security/PrivilegedActionException'> (0x00000000e2cbd258) thrown at [D:\re\workspace\8-2-build-windows-amd64-cygwin\jdk8u25\1677\hotspot\src\share\vm\prims\jvm.cpp, line 1312]
Event: 3.041 Thread 0x0000000019b8e000 Exception <a 'java/security/PrivilegedActionException'> (0x00000000e2dbd570) thrown at [D:\re\workspace\8-2-build-windows-amd64-cygwin\jdk8u25\1677\hotspot\src\share\vm\prims\jvm.cpp, line 1312]
Event: 3.042 Thread 0x0000000019b8e000 Exception <a 'java/security/PrivilegedActionException'> (0x00000000e2dc3480) thrown at [D:\re\workspace\8-2-build-windows-amd64-cygwin\jdk8u25\1677\hotspot\src\share\vm\prims\jvm.cpp, line 1312]
Event: 3.054 Thread 0x0000000019b8e000 Exception <a 'java/security/PrivilegedActionException'> (0x00000000e2e9b010) thrown at [D:\re\workspace\8-2-build-windows-amd64-cygwin\jdk8u25\1677\hotspot\src\share\vm\prims\jvm.cpp, line 1312]

Events (10 events):
Event: 17.332 loading class javax/swing/JComponent$IntVector done
Event: 17.332 loading class javax/swing/KeyboardManager
Event: 17.332 loading class javax/swing/KeyboardManager done
Event: 17.332 loading class javax/swing/Popup$HeavyWeightWindow
Event: 17.332 loading class sun/awt/ModalExclude
Event: 17.332 loading class sun/awt/ModalExclude done
Event: 17.332 loading class javax/swing/JWindow
Event: 17.333 loading class javax/swing/JWindow done
Event: 17.333 loading class javax/swing/Popup$HeavyWeightWindow done
Event: 17.367 Thread 0x0000000019dc9000 Thread exited: 0x0000000019dc9000


Dynamic libraries:
0x00007ff669010000 - 0x00007ff669044000 	C:\Program Files\Java\jre1.8.0_25\bin\javaw.exe
0x00007ff98c320000 - 0x00007ff98c4cc000 	C:\WINDOWS\SYSTEM32\ntdll.dll
0x00007ff989d20000 - 0x00007ff989e5e000 	C:\WINDOWS\system32\KERNEL32.DLL
0x00007ff9897d0000 - 0x00007ff9898e5000 	C:\WINDOWS\system32\KERNELBASE.dll
0x00007ff987ff0000 - 0x00007ff98807e000 	C:\WINDOWS\system32\apphelp.dll
0x00007ff973750000 - 0x00007ff9737a3000 	C:\WINDOWS\AppPatch\AppPatch64\AcGenral.DLL
0x00007ff98a220000 - 0x00007ff98a2ca000 	C:\WINDOWS\system32\msvcrt.dll
0x00007ff9892a0000 - 0x00007ff9892ce000 	C:\WINDOWS\SYSTEM32\SspiCli.dll
0x00007ff98b980000 - 0x00007ff98b9d4000 	C:\WINDOWS\system32\SHLWAPI.dll
0x00007ff989f00000 - 0x00007ff98a077000 	C:\WINDOWS\system32\USER32.dll
0x00007ff98bb50000 - 0x00007ff98bce4000 	C:\WINDOWS\system32\ole32.dll
0x00007ff98a390000 - 0x00007ff98b8a8000 	C:\WINDOWS\system32\SHELL32.dll
0x00007ff988a10000 - 0x00007ff988a31000 	C:\WINDOWS\SYSTEM32\USERENV.dll
0x00007ff989c10000 - 0x00007ff989cba000 	C:\WINDOWS\system32\ADVAPI32.dll
0x00007ff97c880000 - 0x00007ff97c89e000 	C:\WINDOWS\SYSTEM32\MPR.dll
0x00007ff98b9e0000 - 0x00007ff98bb21000 	C:\WINDOWS\system32\RPCRT4.dll
0x00007ff9899a0000 - 0x00007ff9899f9000 	C:\WINDOWS\SYSTEM32\sechost.dll
0x00007ff98bed0000 - 0x00007ff98c0e1000 	C:\WINDOWS\SYSTEM32\combase.dll
0x00007ff98a0c0000 - 0x00007ff98a211000 	C:\WINDOWS\system32\GDI32.dll
0x00007ff989470000 - 0x00007ff989485000 	C:\WINDOWS\SYSTEM32\profapi.dll
0x00007ff987810000 - 0x00007ff9878c2000 	C:\WINDOWS\SYSTEM32\SHCORE.dll
0x00007ff98a080000 - 0x00007ff98a0b6000 	C:\WINDOWS\system32\IMM32.DLL
0x00007ff98c1c0000 - 0x00007ff98c312000 	C:\WINDOWS\system32\MSCTF.dll
0x00007ff986b90000 - 0x00007ff986e0b000 	C:\WINDOWS\WinSxS\amd64_microsoft.windows.common-controls_6595b64144ccf1df_6.0.9600.17415_none_6240486fecbd8abb\COMCTL32.dll
0x0000000075f50000 - 0x0000000076022000 	C:\Program Files\Java\jre1.8.0_25\bin\msvcr100.dll
0x0000000076ae0000 - 0x000000007733a000 	C:\Program Files\Java\jre1.8.0_25\bin\server\jvm.dll
0x00007ff9707d0000 - 0x00007ff9707d9000 	C:\WINDOWS\SYSTEM32\WSOCK32.dll
0x00007ff97ca00000 - 0x00007ff97ca22000 	C:\WINDOWS\SYSTEM32\WINMM.dll
0x00007ff989e80000 - 0x00007ff989e87000 	C:\WINDOWS\system32\PSAPI.DLL
0x00007ff989a00000 - 0x00007ff989a5a000 	C:\WINDOWS\system32\WS2_32.dll
0x00007ff97c8d0000 - 0x00007ff97c8fa000 	C:\WINDOWS\SYSTEM32\WINMMBASE.dll
0x00007ff98bb30000 - 0x00007ff98bb39000 	C:\WINDOWS\system32\NSI.dll
0x00007ff989950000 - 0x00007ff98999f000 	C:\WINDOWS\SYSTEM32\cfgmgr32.dll
0x00007ff988260000 - 0x00007ff988288000 	C:\WINDOWS\SYSTEM32\DEVOBJ.dll
0x0000000076ad0000 - 0x0000000076adf000 	C:\Program Files\Java\jre1.8.0_25\bin\verify.dll
0x0000000076aa0000 - 0x0000000076ac8000 	C:\Program Files\Java\jre1.8.0_25\bin\java.dll
0x0000000076a80000 - 0x0000000076a96000 	C:\Program Files\Java\jre1.8.0_25\bin\zip.dll
0x0000000075db0000 - 0x0000000075f48000 	C:\Program Files\Java\jre1.8.0_25\bin\awt.dll
0x00007ff98c0f0000 - 0x00007ff98c1b1000 	C:\WINDOWS\system32\OLEAUT32.dll
0x00007ff987610000 - 0x00007ff987631000 	C:\WINDOWS\system32\DWMAPI.DLL
0x00007ff988130000 - 0x00007ff988259000 	C:\WINDOWS\system32\uxtheme.dll
0x00007ff9882b0000 - 0x00007ff9882bb000 	C:\WINDOWS\SYSTEM32\kernel.appcore.dll
0x00007ff989340000 - 0x00007ff98934b000 	C:\WINDOWS\SYSTEM32\CRYPTBASE.dll
0x00007ff9892d0000 - 0x00007ff989333000 	C:\WINDOWS\SYSTEM32\bcryptPrimitives.dll
0x00007ff97e8c0000 - 0x00007ff97eae1000 	C:\WINDOWS\system32\d3d9.dll
0x00007ff987180000 - 0x00007ff98718a000 	C:\WINDOWS\SYSTEM32\VERSION.dll
0x00007ff986970000 - 0x00007ff986abb000 	C:\WINDOWS\SYSTEM32\aticfx64.dll
0x00007ff965270000 - 0x00007ff965291000 	C:\WINDOWS\SYSTEM32\atiu9p64.dll
0x00007ff964a80000 - 0x00007ff965265000 	C:\WINDOWS\SYSTEM32\atiumd64.dll
0x0000000076110000 - 0x00000000768c7000 	C:\WINDOWS\SYSTEM32\atiumd6a.dll
0x00000000769f0000 - 0x0000000076a37000 	C:\Program Files\Java\jre1.8.0_25\bin\fontmanager.dll
0x00007ff988ce0000 - 0x00007ff988d00000 	C:\WINDOWS\SYSTEM32\CRYPTSP.dll
0x00007ff988900000 - 0x00007ff988936000 	C:\WINDOWS\system32\rsaenh.dll
0x00007ff988f90000 - 0x00007ff988fb6000 	C:\WINDOWS\SYSTEM32\bcrypt.dll
0x0000000076a60000 - 0x0000000076a7a000 	C:\Program Files\Java\jre1.8.0_25\bin\net.dll
0x00007ff988c80000 - 0x00007ff988cd9000 	C:\WINDOWS\system32\mswsock.dll
0x00007ff9860b0000 - 0x00007ff9860da000 	C:\WINDOWS\SYSTEM32\IPHLPAPI.DLL
0x00007ff986050000 - 0x00007ff98605a000 	C:\WINDOWS\SYSTEM32\WINNSI.DLL
0x00007ff9841e0000 - 0x00007ff9841f6000 	C:\WINDOWS\SYSTEM32\dhcpcsvc6.DLL
0x00007ff984380000 - 0x00007ff98439a000 	C:\WINDOWS\SYSTEM32\dhcpcsvc.DLL
0x0000000076a40000 - 0x0000000076a51000 	C:\Program Files\Java\jre1.8.0_25\bin\nio.dll
0x00000000637c0000 - 0x00000000637cd000 	S:\Users\Ben\AppData\Local\Temp\jogamp_0000\file_cache\jln3517909650152208282\jln6204088154877309613\gluegen-rt.dll
0x00000000769e0000 - 0x00000000769e7000 	C:\Program Files\Java\jre1.8.0_25\bin\jawt.dll
0x000000006a440000 - 0x000000006a44d000 	S:\Users\Ben\AppData\Local\Temp\jogamp_0000\file_cache\jln3517909650152208282\jln6204088154877309613\nativewindow_awt.dll
0x000000006c100000 - 0x000000006c10f000 	S:\Users\Ben\AppData\Local\Temp\jogamp_0000\file_cache\jln3517909650152208282\jln6204088154877309613\nativewindow_win32.dll
0x00007ff960620000 - 0x00007ff96074b000 	C:\WINDOWS\SYSTEM32\OpenGL32.dll
0x00007ff97d7c0000 - 0x00007ff97d7ee000 	C:\WINDOWS\SYSTEM32\GLU32.dll
0x00007ff966bf0000 - 0x00007ff966ce8000 	C:\WINDOWS\SYSTEM32\DDRAW.dll
0x00007ff980290000 - 0x00007ff980299000 	C:\WINDOWS\SYSTEM32\DCIMAN32.dll
0x0000000064500000 - 0x00000000645a2000 	S:\Users\Ben\AppData\Local\Temp\jogamp_0000\file_cache\jln3517909650152208282\jln6204088154877309613\jogl_desktop.dll
0x00007ff97d720000 - 0x00007ff97d738000 	C:\WINDOWS\SYSTEM32\atig6pxx.dll
0x0000000074200000 - 0x0000000075daf000 	C:\WINDOWS\SYSTEM32\atio6axx.dll
0x00007ff98bcf0000 - 0x00007ff98beca000 	C:\WINDOWS\system32\SETUPAPI.dll
0x00007ff986120000 - 0x00007ff986257000 	C:\WINDOWS\SYSTEM32\atiadlxx.dll
0x00007ff986710000 - 0x00007ff98688f000 	C:\WINDOWS\SYSTEM32\PROPSYS.dll
0x00007ff988080000 - 0x00007ff988092000 	C:\WINDOWS\SYSTEM32\WTSAPI32.dll
0x00007ff9898f0000 - 0x00007ff989941000 	C:\WINDOWS\system32\WINTRUST.dll
0x00007ff989540000 - 0x00007ff98971f000 	C:\WINDOWS\system32\CRYPT32.dll
0x00007ff989520000 - 0x00007ff989531000 	C:\WINDOWS\system32\MSASN1.dll
0x00007ff973720000 - 0x00007ff973749000 	C:\WINDOWS\SYSTEM32\atig6txx.dll
0x00007ff95c1a0000 - 0x00007ff95c33c000 	O:\OneDrive\Workspace\ZZavatar\lib\user\KinectPV2\Kinect20.Face.dll
0x00007ff97c900000 - 0x00007ff97c9a7000 	C:\WINDOWS\SYSTEM32\MSVCP110.dll
0x00007ff981bc0000 - 0x00007ff981c8e000 	C:\WINDOWS\SYSTEM32\MSVCR110.dll
0x00007ff980280000 - 0x00007ff980290000 	O:\OneDrive\Workspace\ZZavatar\lib\user\KinectPV2\KinectPV2.dll
0x00007ff960560000 - 0x00007ff96061a000 	C:\WINDOWS\SYSTEM32\Kinect20.dll
0x00007ff97ca30000 - 0x00007ff97cb1b000 	C:\WINDOWS\SYSTEM32\MFPlat.DLL
0x00007ff97c8a0000 - 0x00007ff97c8c7000 	C:\WINDOWS\SYSTEM32\RTWorkQ.DLL
0x00007ff987050000 - 0x00007ff98705c000 	C:\WINDOWS\SYSTEM32\AVRT.dll
0x00007ff963e10000 - 0x00007ff963f9a000 	C:\WINDOWS\SYSTEM32\dbghelp.dll

VM Arguments:
jvm_args: -Djava.library.path=O:\OneDrive\Workspace\ZZavatar\lib\base\video;O:\OneDrive\Workspace\ZZavatar\lib\base\video;O:\OneDrive\Workspace\ZZavatar\lib\base\video;O:\OneDrive\Workspace\ZZavatar\lib\base\core;O:\OneDrive\Workspace\ZZavatar\lib\base\core;O:\OneDrive\Workspace\ZZavatar\lib\base\core;O:\OneDrive\Workspace\ZZavatar\lib\base\core;O:\OneDrive\Workspace\ZZavatar\lib\base\core;O:\OneDrive\Workspace\ZZavatar\lib\base\core;O:\OneDrive\Workspace\ZZavatar\lib\base\core;O:\OneDrive\Workspace\ZZavatar\lib\base\core;O:\OneDrive\Workspace\ZZavatar\lib\base\core;O:\OneDrive\Workspace\ZZavatar\lib\base\core;O:\OneDrive\Workspace\ZZavatar\lib\base\core;O:\OneDrive\Workspace\ZZavatar\lib\base\core;O:\OneDrive\Workspace\ZZavatar\lib\base\core;O:\OneDrive\Workspace\ZZavatar\lib\base\core;O:\OneDrive\Workspace\ZZavatar\lib\base\core;O:\OneDrive\Workspace\ZZavatar\lib\user\Kinect4WinSDK;O:\OneDrive\Workspace\ZZavatar\lib\user\KinectPV2;O:\OneDrive\Workspace\ZZavatar\lib\user\SimpleOpenNI -Dfile.encoding=Cp1252 
java_command: zzavatar.ZZavatar
java_class_path (initial): O:\OneDrive\Workspace\ZZavatar\lib\base\video\gstreamer-java.jar;O:\OneDrive\Workspace\ZZavatar\lib\base\video\jna.jar;O:\OneDrive\Workspace\ZZavatar\lib\base\video\video.jar;O:\OneDrive\Workspace\ZZavatar\lib\base\core\core.jar;O:\OneDrive\Workspace\ZZavatar\lib\base\core\gluegen-rt-natives-linux-amd64.jar;O:\OneDrive\Workspace\ZZavatar\lib\base\core\gluegen-rt-natives-linux-armv6hf.jar;O:\OneDrive\Workspace\ZZavatar\lib\base\core\gluegen-rt-natives-linux-i586.jar;O:\OneDrive\Workspace\ZZavatar\lib\base\core\gluegen-rt-natives-macosx-universal.jar;O:\OneDrive\Workspace\ZZavatar\lib\base\core\gluegen-rt-natives-windows-amd64.jar;O:\OneDrive\Workspace\ZZavatar\lib\base\core\gluegen-rt-natives-windows-i586.jar;O:\OneDrive\Workspace\ZZavatar\lib\base\core\gluegen-rt.jar;O:\OneDrive\Workspace\ZZavatar\lib\base\core\jogl-all-natives-linux-amd64.jar;O:\OneDrive\Workspace\ZZavatar\lib\base\core\jogl-all-natives-linux-armv6hf.jar;O:\OneDrive\Workspace\ZZavatar\lib\base\core\jogl-all-natives-linux-i586.jar;O:\OneDrive\Workspace\ZZavatar\lib\base\core\jogl-all-natives-macosx-universal.jar;O:\OneDrive\Workspace\ZZavatar\lib\base\core\jogl-all-natives-windows-amd64.jar;O:\OneDrive\Workspace\ZZavatar\lib\base\core\jogl-all-natives-windows-i586.jar;O:\OneDrive\Workspace\ZZavatar\lib\base\core\jogl-all.jar;O:\OneDrive\Workspace\ZZavatar\lib\user\Kinect4WinSDK\Kinect4WinSDK.jar;O:\OneDrive\Workspace\ZZavatar\lib\user\KinectPV2\KinectPV2.jar;O:\OneDrive\Workspace\ZZavatar\lib\user\SimpleOpenNI\SimpleOpenNI.jar;O:\OneDrive\Workspace\ZZavatar\bin
Launcher Type: SUN_STANDARD

Environment Variables:
JAVA_HOME=C:\Program Files\Java\jdk1.8.0_25
PATH=C:/Program Files/Java/jre1.8.0_25/bin/server;C:/Program Files/Java/jre1.8.0_25/bin;C:/Program Files/Java/jre1.8.0_25/lib/amd64;C:\Program Files (x86)\NVIDIA Corporation\PhysX\Common;C:\ProgramData\Oracle\Java\javapath;C:\Program Files (x86)\Common Files\Intel\Shared Libraries\redist\intel64\compiler;C:\Program Files (x86)\Common Files\Intel\Shared Libraries\redist\ia32\compiler;C:\Program Files (x86)\Intel\iCLS Client\;C:\Program Files\Intel\iCLS Client\;C:\Program Files (x86)\AMD APP\bin\x86_64;C:\Program Files (x86)\AMD APP\bin\x86;C:\WINDOWS\system32;C:\WINDOWS;C:\WINDOWS\System32\Wbem;C:\WINDOWS\System32\WindowsPowerShell\v1.0\;C:\Program Files (x86)\ATI Technologies\ATI.ACE\Core-Static;C:\Program Files\Intel\Intel(R) Management Engine Components\DAL;C:\Program Files\Intel\Intel(R) Management Engine Components\IPT;C:\Program Files (x86)\Intel\Intel(R) Management Engine Components\DAL;C:\Program Files (x86)\Intel\Intel(R) Management Engine Components\IPT;C:\Program Files\Sony\VAIO Improvement\;C:\Program Files (x86)\Sony\VAIO Startup Setting Tool;C:\Program Files (x86)\Windows Kits\8.1\Windows Performance Toolkit\;C:\Program Files\Microsoft SQL Server\110\Tools\Binn\;C:\Program Files (x86)\Microsoft SDKs\TypeScript\1.0\;C:\Program Files\Microsoft\Web Platform Installer\;C:\Program Files (x86)\Java\jre1.8.0_25\bin;P:\Programs\Python27\Scripts;P:\Programs\Python27;C:\Program Files\Common Files\Autodesk Shared\;P:\Program Files\Programs;P:\Program Files\Games;P:\Programs\Eclipse;
USERNAME=Benoît
OS=Windows_NT
PROCESSOR_IDENTIFIER=Intel64 Family 6 Model 58 Stepping 9, GenuineIntel



---------------  S Y S T E M  ---------------

OS: Windows 8.1 , 64 bit Build 9600 

CPU:total 8 (4 cores per cpu, 2 threads per core) family 6 model 58 stepping 9, cmov, cx8, fxsr, mmx, sse, sse2, sse3, ssse3, sse4.1, sse4.2, popcnt, avx, aes, clmul, erms, ht, tsc, tscinvbit, tscinv

Memory: 4k page, physical 6237468k(1527728k free), swap 10431772k(4323460k free)

vm_info: Java HotSpot(TM) 64-Bit Server VM (25.25-b02) for windows-amd64 JRE (1.8.0_25-b18), built on Oct  7 2014 14:25:37 by "java_re" with MS VC++ 10.0 (VS2010)

time: Fri Apr 24 16:29:41 2015
elapsed time: 17 seconds (0d 0h 0m 17s)

