#
# A fatal error has been detected by the Java Runtime Environment:
#
#  EXCEPTION_ACCESS_VIOLATION (0xc0000005) at pc=0x00007ffedc4d4113, pid=8428, tid=10112
#
# JRE version: Java(TM) SE Runtime Environment (8.0_25-b18) (build 1.8.0_25-b18)
# Java VM: Java HotSpot(TM) 64-Bit Server VM (25.25-b02 mixed mode windows-amd64 compressed oops)
# Problematic frame:
# C  [KinectPV2.dll+0x4113]
#
# Failed to write core dump. Minidumps are not enabled by default on client versions of Windows
#
# If you would like to submit a bug report, please visit:
#   http://bugreport.sun.com/bugreport/crash.jsp
# The crash happened outside the Java Virtual Machine in native code.
# See problematic frame for where to report the bug.
#

---------------  T H R E A D  ---------------

Current thread (0x0000000019d66000):  JavaThread "Animation Thread" [_thread_in_native, id=10112, stack(0x000000001ce80000,0x000000001cf80000)]

siginfo: ExceptionCode=0xc0000005, reading address 0xffffffffffffffff

Registers:
RAX=0x74000138a9f93d80, RBX=0x000000002ec42040, RCX=0x0000000067fa9670, RDX=0x0000000000000000
RSP=0x000000001cf7e830, RBP=0x0000000000000006, RSI=0x0000000000000000, RDI=0x000000001fd138a8
R8 =0x000000001cf7e4f8, R9 =0x0000000000008000, R10=0x0000000000000000, R11=0x000000001cf7e730
R12=0x0000000000000000, R13=0x000000002018ccb8, R14=0x0000000000000000, R15=0x0000000019d66000
RIP=0x00007ffedc4d4113, EFLAGS=0x0000000000010202

Top of Stack: (sp=0x000000001cf7e830)
0x000000001cf7e830:   000000001fd13878 000000002052f4e8
0x000000001cf7e840:   000000001fd13878 0000000000000000
0x000000001cf7e850:   000000001cf7e920 00007ffedc4d1fba
0x000000001cf7e860:   000000001cf7e920 000000001cf7e900
0x000000001cf7e870:   0000000019d661e8 0000000019d26540
0x000000001cf7e880:   00000000a38cf298 0000000002d05b74
0x000000001cf7e890:   000000002018ccb8 0000000000000021
0x000000001cf7e8a0:   0000000000000021 0000000019d66000
0x000000001cf7e8b0:   000000001cf7e978 0000000002d058a2
0x000000001cf7e8c0:   000000001cf7e8c0 000000002018ccb8
0x000000001cf7e8d0:   000000001cf7e920 000000002018dc48
0x000000001cf7e8e0:   0000000000000000 000000002018ccb8
0x000000001cf7e8f0:   0000000000000000 000000001cf7e920
0x000000001cf7e900:   000000001cf7e968 0000000002cf7a2d
0x000000001cf7e910:   0000000000000000 0000000002cff6b8
0x000000001cf7e920:   00000000a384c948 000000001cf7e928 

Instructions: (pc=0x00007ffedc4d4113)
0x00007ffedc4d40f3:   48 8b 0f 48 85 c9 74 09 48 8b 01 ff 50 10 4c 89
0x00007ffedc4d4103:   37 48 8b 8f 90 00 00 00 48 85 c9 74 0d 48 8b 01
0x00007ffedc4d4113:   ff 50 10 4c 89 b7 90 00 00 00 48 8b 4f 30 48 85
0x00007ffedc4d4123:   c9 74 0a 48 8b 01 ff 50 10 4c 89 77 30 48 8b 4f 


Register to memory mapping:

RAX=0x74000138a9f93d80 is an unknown value
RBX=0x000000002ec42040 is an unknown value
RCX=0x0000000067fa9670 is an unknown value
RDX=0x0000000000000000 is an unknown value
RSP=0x000000001cf7e830 is pointing into the stack for thread: 0x0000000019d66000
RBP=0x0000000000000006 is an unknown value
RSI=0x0000000000000000 is an unknown value
RDI=0x000000001fd138a8 is an unknown value
R8 =0x000000001cf7e4f8 is pointing into the stack for thread: 0x0000000019d66000
R9 =0x0000000000008000 is an unknown value
R10=0x0000000000000000 is an unknown value
R11=0x000000001cf7e730 is pointing into the stack for thread: 0x0000000019d66000
R12=0x0000000000000000 is an unknown value
R13={method} {0x000000002018ccc0} 'jniStopDevice' '()V' in 'KinectPV2/Device'
R14=0x0000000000000000 is an unknown value
R15=0x0000000019d66000 is a thread


Stack: [0x000000001ce80000,0x000000001cf80000],  sp=0x000000001cf7e830,  free space=1018k
Native frames: (J=compiled Java code, j=interpreted, Vv=VM code, C=native code)
C  [KinectPV2.dll+0x4113]
C  [KinectPV2.dll+0x1fba]
C  0x0000000002d05b74

Java frames: (J=compiled Java code, j=interpreted, Vv=VM code)
j  KinectPV2.Device.jniStopDevice()V+0
j  KinectPV2.Device.stopDevice()V+41
j  KinectPV2.KinectPV2.dispose()V+14
v  ~StubRoutines::call_stub
j  sun.reflect.NativeMethodAccessorImpl.invoke0(Ljava/lang/reflect/Method;Ljava/lang/Object;[Ljava/lang/Object;)Ljava/lang/Object;+0
j  sun.reflect.NativeMethodAccessorImpl.invoke(Ljava/lang/Object;[Ljava/lang/Object;)Ljava/lang/Object;+100
J 2288 C1 sun.reflect.DelegatingMethodAccessorImpl.invoke(Ljava/lang/Object;[Ljava/lang/Object;)Ljava/lang/Object; (10 bytes) @ 0x0000000003464784 [0x0000000003464680+0x104]
J 2287 C1 java.lang.reflect.Method.invoke(Ljava/lang/Object;[Ljava/lang/Object;)Ljava/lang/Object; (62 bytes) @ 0x0000000003462e24 [0x0000000003462a40+0x3e4]
j  processing.core.PApplet$RegisteredMethods.handle([Ljava/lang/Object;)V+18
J 2056 C1 processing.core.PApplet.handleMethods(Ljava/lang/String;)V (21 bytes) @ 0x000000000323929c [0x0000000003238fe0+0x2bc]
j  processing.core.PApplet.dispose()V+35
j  processing.core.PApplet.run()V+283
j  java.lang.Thread.run()V+11
v  ~StubRoutines::call_stub

---------------  P R O C E S S  ---------------

Java Threads: ( => current thread )
  0x000000001a1b4800 JavaThread "Animation Thread-SharedResourceRunner" daemon [_thread_blocked, id=5644, stack(0x000000001f150000,0x000000001f250000)]
  0x0000000002ace800 JavaThread "DestroyJavaVM" [_thread_blocked, id=952, stack(0x0000000002ad0000,0x0000000002bd0000)]
  0x0000000019d5e000 JavaThread "D3D Screen Updater" daemon [_thread_blocked, id=9220, stack(0x000000001d180000,0x000000001d280000)]
=>0x0000000019d66000 JavaThread "Animation Thread" [_thread_in_native, id=10112, stack(0x000000001ce80000,0x000000001cf80000)]
  0x0000000019cd3000 JavaThread "AWT-EventQueue-0" [_thread_blocked, id=8768, stack(0x000000001cc80000,0x000000001cd80000)]
  0x0000000019c95000 JavaThread "AWT-Windows" daemon [_thread_in_native, id=4556, stack(0x000000001a5a0000,0x000000001a6a0000)]
  0x0000000018e4e800 JavaThread "AWT-Shutdown" [_thread_blocked, id=9684, stack(0x000000001a4a0000,0x000000001a5a0000)]
  0x0000000019c90000 JavaThread "Java2D Disposer" daemon [_thread_blocked, id=9300, stack(0x000000001a3a0000,0x000000001a4a0000)]
  0x0000000018b01000 JavaThread "Service Thread" daemon [_thread_blocked, id=8456, stack(0x0000000019450000,0x0000000019550000)]
  0x0000000018a87800 JavaThread "C1 CompilerThread3" daemon [_thread_blocked, id=7656, stack(0x0000000019350000,0x0000000019450000)]
  0x0000000018a86800 JavaThread "C2 CompilerThread2" daemon [_thread_blocked, id=9420, stack(0x0000000019250000,0x0000000019350000)]
  0x0000000018a7d800 JavaThread "C2 CompilerThread1" daemon [_thread_blocked, id=8840, stack(0x0000000019150000,0x0000000019250000)]
  0x0000000018a7b800 JavaThread "C2 CompilerThread0" daemon [_thread_blocked, id=7540, stack(0x0000000019050000,0x0000000019150000)]
  0x0000000018a76000 JavaThread "Attach Listener" daemon [_thread_blocked, id=8424, stack(0x0000000018f50000,0x0000000019050000)]
  0x0000000018a75000 JavaThread "Signal Dispatcher" daemon [_thread_blocked, id=5740, stack(0x0000000018e50000,0x0000000018f50000)]
  0x0000000002cd9800 JavaThread "Finalizer" daemon [_thread_blocked, id=9004, stack(0x0000000018940000,0x0000000018a40000)]
  0x0000000016a5c800 JavaThread "Reference Handler" daemon [_thread_blocked, id=9316, stack(0x0000000018840000,0x0000000018940000)]

Other Threads:
  0x0000000016a58800 VMThread [stack: 0x0000000018740000,0x0000000018840000] [id=8472]
  0x0000000018b03000 WatcherThread [stack: 0x0000000019550000,0x0000000019650000] [id=9144]

VM state:not at safepoint (normal execution)

VM Mutex/Monitor currently owned by a thread: None

Heap:
 PSYoungGen      total 304128K, used 199496K [0x00000000e0400000, 0x00000000f2d80000, 0x0000000100000000)
  eden space 303616K, 65% used [0x00000000e0400000,0x00000000ec6aa148,0x00000000f2c80000)
  from space 512K, 31% used [0x00000000f2d00000,0x00000000f2d28000,0x00000000f2d80000)
  to   space 512K, 0% used [0x00000000f2c80000,0x00000000f2c80000,0x00000000f2d00000)
 ParOldGen       total 225792K, used 148558K [0x00000000a0c00000, 0x00000000ae880000, 0x00000000e0400000)
  object space 225792K, 65% used [0x00000000a0c00000,0x00000000a9d13ad8,0x00000000ae880000)
 Metaspace       used 18657K, capacity 18863K, committed 19072K, reserved 1067008K
  class space    used 1758K, capacity 1794K, committed 1920K, reserved 1048576K

Card table byte_map: [0x00000000120b0000,0x00000000123b0000] byte_map_base: 0x0000000011baa000

Marking Bits: (ParMarkBitMap*) 0x000000006ab8d490
 Begin Bits: [0x0000000012db0000, 0x0000000014580000)
 End Bits:   [0x0000000014580000, 0x0000000015d50000)

Polling page: 0x0000000002ab0000

CodeCache: size=245760Kb used=8575Kb max_used=8792Kb free=237184Kb
 bounds [0x0000000002cf0000, 0x00000000035a0000, 0x0000000011cf0000]
 total_blobs=3247 nmethods=2362 adapters=798
 compilation: enabled

Compilation events (10 events):
Event: 32.683 Thread 0x0000000018a86800 2862       4       sun.util.logging.PlatformLogger::isLoggable (38 bytes)
Event: 32.684 Thread 0x0000000018a86800 nmethod 2862 0x0000000003290d10 code [0x0000000003290e60, 0x0000000003290f98]
Event: 33.452 Thread 0x0000000018a7d800 2863       4       jogamp.opengl.gl4.GL4bcImpl::glEnable (50 bytes)
Event: 33.454 Thread 0x0000000018a7d800 nmethod 2863 0x000000000344f810 code [0x000000000344f9a0, 0x000000000344fba8]
Event: 34.846 Thread 0x0000000018a7b800 2864       4       KinectPV2.Skeleton::createSkeleton3D (284 bytes)
Event: 34.849 Thread 0x0000000018a87800 2865       3       sun.reflect.ClassFileAssembler::emitShort (24 bytes)
Event: 34.850 Thread 0x0000000018a87800 nmethod 2865 0x000000000318e310 code [0x000000000318e4a0, 0x000000000318e7d8]
Event: 34.850 Thread 0x0000000018a87800 2866       3       sun.reflect.ByteVectorImpl::getLength (7 bytes)
Event: 34.850 Thread 0x0000000018a87800 nmethod 2866 0x0000000003037850 code [0x00000000030379a0, 0x0000000003037af0]
Event: 34.851 Thread 0x0000000018a7b800 nmethod 2864 0x0000000003360950 code [0x0000000003360ac0, 0x0000000003360d78]

GC Heap History (10 events):
Event: 33.319 GC heap before
{Heap before GC invocations=111 (full 3):
 PSYoungGen      total 299520K, used 299200K [0x00000000e0400000, 0x00000000f2a80000, 0x0000000100000000)
  eden space 299008K, 100% used [0x00000000e0400000,0x00000000f2800000,0x00000000f2800000)
  from space 512K, 37% used [0x00000000f2800000,0x00000000f2830000,0x00000000f2880000)
  to   space 512K, 0% used [0x00000000f2a00000,0x00000000f2a00000,0x00000000f2a80000)
 ParOldGen       total 225792K, used 148502K [0x00000000a0c00000, 0x00000000ae880000, 0x00000000e0400000)
  object space 225792K, 65% used [0x00000000a0c00000,0x00000000a9d05ad8,0x00000000ae880000)
 Metaspace       used 18650K, capacity 18857K, committed 19072K, reserved 1067008K
  class space    used 1756K, capacity 1793K, committed 1920K, reserved 1048576K
Event: 33.321 GC heap after
Heap after GC invocations=111 (full 3):
 PSYoungGen      total 301056K, used 224K [0x00000000e0400000, 0x00000000f2a80000, 0x0000000100000000)
  eden space 300544K, 0% used [0x00000000e0400000,0x00000000e0400000,0x00000000f2980000)
  from space 512K, 43% used [0x00000000f2a00000,0x00000000f2a38000,0x00000000f2a80000)
  to   space 512K, 0% used [0x00000000f2980000,0x00000000f2980000,0x00000000f2a00000)
 ParOldGen       total 225792K, used 148502K [0x00000000a0c00000, 0x00000000ae880000, 0x00000000e0400000)
  object space 225792K, 65% used [0x00000000a0c00000,0x00000000a9d05ad8,0x00000000ae880000)
 Metaspace       used 18650K, capacity 18857K, committed 19072K, reserved 1067008K
  class space    used 1756K, capacity 1793K, committed 1920K, reserved 1048576K
}
Event: 33.654 GC heap before
{Heap before GC invocations=112 (full 3):
 PSYoungGen      total 301056K, used 300768K [0x00000000e0400000, 0x00000000f2a80000, 0x0000000100000000)
  eden space 300544K, 100% used [0x00000000e0400000,0x00000000f2980000,0x00000000f2980000)
  from space 512K, 43% used [0x00000000f2a00000,0x00000000f2a38000,0x00000000f2a80000)
  to   space 512K, 0% used [0x00000000f2980000,0x00000000f2980000,0x00000000f2a00000)
 ParOldGen       total 225792K, used 148502K [0x00000000a0c00000, 0x00000000ae880000, 0x00000000e0400000)
  object space 225792K, 65% used [0x00000000a0c00000,0x00000000a9d05ad8,0x00000000ae880000)
 Metaspace       used 18650K, capacity 18857K, committed 19072K, reserved 1067008K
  class space    used 1756K, capacity 1793K, committed 1920K, reserved 1048576K
Event: 33.656 GC heap after
Heap after GC invocations=112 (full 3):
 PSYoungGen      total 301056K, used 192K [0x00000000e0400000, 0x00000000f2c00000, 0x0000000100000000)
  eden space 300544K, 0% used [0x00000000e0400000,0x00000000e0400000,0x00000000f2980000)
  from space 512K, 37% used [0x00000000f2980000,0x00000000f29b0000,0x00000000f2a00000)
  to   space 512K, 0% used [0x00000000f2b80000,0x00000000f2b80000,0x00000000f2c00000)
 ParOldGen       total 225792K, used 148502K [0x00000000a0c00000, 0x00000000ae880000, 0x00000000e0400000)
  object space 225792K, 65% used [0x00000000a0c00000,0x00000000a9d05ad8,0x00000000ae880000)
 Metaspace       used 18650K, capacity 18857K, committed 19072K, reserved 1067008K
  class space    used 1756K, capacity 1793K, committed 1920K, reserved 1048576K
}
Event: 33.985 GC heap before
{Heap before GC invocations=113 (full 3):
 PSYoungGen      total 301056K, used 300736K [0x00000000e0400000, 0x00000000f2c00000, 0x0000000100000000)
  eden space 300544K, 100% used [0x00000000e0400000,0x00000000f2980000,0x00000000f2980000)
  from space 512K, 37% used [0x00000000f2980000,0x00000000f29b0000,0x00000000f2a00000)
  to   space 512K, 0% used [0x00000000f2b80000,0x00000000f2b80000,0x00000000f2c00000)
 ParOldGen       total 225792K, used 148502K [0x00000000a0c00000, 0x00000000ae880000, 0x00000000e0400000)
  object space 225792K, 65% used [0x00000000a0c00000,0x00000000a9d05ad8,0x00000000ae880000)
 Metaspace       used 18650K, capacity 18857K, committed 19072K, reserved 1067008K
  class space    used 1756K, capacity 1793K, committed 1920K, reserved 1048576K
Event: 33.987 GC heap after
Heap after GC invocations=113 (full 3):
 PSYoungGen      total 302592K, used 224K [0x00000000e0400000, 0x00000000f2c00000, 0x0000000100000000)
  eden space 302080K, 0% used [0x00000000e0400000,0x00000000e0400000,0x00000000f2b00000)
  from space 512K, 43% used [0x00000000f2b80000,0x00000000f2bb8000,0x00000000f2c00000)
  to   space 512K, 0% used [0x00000000f2b00000,0x00000000f2b00000,0x00000000f2b80000)
 ParOldGen       total 225792K, used 148534K [0x00000000a0c00000, 0x00000000ae880000, 0x00000000e0400000)
  object space 225792K, 65% used [0x00000000a0c00000,0x00000000a9d0dad8,0x00000000ae880000)
 Metaspace       used 18650K, capacity 18857K, committed 19072K, reserved 1067008K
  class space    used 1756K, capacity 1793K, committed 1920K, reserved 1048576K
}
Event: 34.319 GC heap before
{Heap before GC invocations=114 (full 3):
 PSYoungGen      total 302592K, used 302304K [0x00000000e0400000, 0x00000000f2c00000, 0x0000000100000000)
  eden space 302080K, 100% used [0x00000000e0400000,0x00000000f2b00000,0x00000000f2b00000)
  from space 512K, 43% used [0x00000000f2b80000,0x00000000f2bb8000,0x00000000f2c00000)
  to   space 512K, 0% used [0x00000000f2b00000,0x00000000f2b00000,0x00000000f2b80000)
 ParOldGen       total 225792K, used 148534K [0x00000000a0c00000, 0x00000000ae880000, 0x00000000e0400000)
  object space 225792K, 65% used [0x00000000a0c00000,0x00000000a9d0dad8,0x00000000ae880000)
 Metaspace       used 18650K, capacity 18857K, committed 19072K, reserved 1067008K
  class space    used 1756K, capacity 1793K, committed 1920K, reserved 1048576K
Event: 34.321 GC heap after
Heap after GC invocations=114 (full 3):
 PSYoungGen      total 302592K, used 96K [0x00000000e0400000, 0x00000000f2d80000, 0x0000000100000000)
  eden space 302080K, 0% used [0x00000000e0400000,0x00000000e0400000,0x00000000f2b00000)
  from space 512K, 18% used [0x00000000f2b00000,0x00000000f2b18000,0x00000000f2b80000)
  to   space 512K, 0% used [0x00000000f2d00000,0x00000000f2d00000,0x00000000f2d80000)
 ParOldGen       total 225792K, used 148558K [0x00000000a0c00000, 0x00000000ae880000, 0x00000000e0400000)
  object space 225792K, 65% used [0x00000000a0c00000,0x00000000a9d13ad8,0x00000000ae880000)
 Metaspace       used 18650K, capacity 18857K, committed 19072K, reserved 1067008K
  class space    used 1756K, capacity 1793K, committed 1920K, reserved 1048576K
}
Event: 34.654 GC heap before
{Heap before GC invocations=115 (full 3):
 PSYoungGen      total 302592K, used 302176K [0x00000000e0400000, 0x00000000f2d80000, 0x0000000100000000)
  eden space 302080K, 100% used [0x00000000e0400000,0x00000000f2b00000,0x00000000f2b00000)
  from space 512K, 18% used [0x00000000f2b00000,0x00000000f2b18000,0x00000000f2b80000)
  to   space 512K, 0% used [0x00000000f2d00000,0x00000000f2d00000,0x00000000f2d80000)
 ParOldGen       total 225792K, used 148558K [0x00000000a0c00000, 0x00000000ae880000, 0x00000000e0400000)
  object space 225792K, 65% used [0x00000000a0c00000,0x00000000a9d13ad8,0x00000000ae880000)
 Metaspace       used 18650K, capacity 18857K, committed 19072K, reserved 1067008K
  class space    used 1756K, capacity 1793K, committed 1920K, reserved 1048576K
Event: 34.655 GC heap after
Heap after GC invocations=115 (full 3):
 PSYoungGen      total 304128K, used 160K [0x00000000e0400000, 0x00000000f2d80000, 0x0000000100000000)
  eden space 303616K, 0% used [0x00000000e0400000,0x00000000e0400000,0x00000000f2c80000)
  from space 512K, 31% used [0x00000000f2d00000,0x00000000f2d28000,0x00000000f2d80000)
  to   space 512K, 0% used [0x00000000f2c80000,0x00000000f2c80000,0x00000000f2d00000)
 ParOldGen       total 225792K, used 148558K [0x00000000a0c00000, 0x00000000ae880000, 0x00000000e0400000)
  object space 225792K, 65% used [0x00000000a0c00000,0x00000000a9d13ad8,0x00000000ae880000)
 Metaspace       used 18650K, capacity 18857K, committed 19072K, reserved 1067008K
  class space    used 1756K, capacity 1793K, committed 1920K, reserved 1048576K
}

Deoptimization events (10 events):
Event: 8.642 Thread 0x0000000019cd3000 Uncommon trap: reason=speculate_class_check action=maybe_recompile pc=0x0000000003450978 method=com.jogamp.common.nio.Buffers.getDirectBufferByteOffset(Ljava/lang/Object;)I @ 22
Event: 8.642 Thread 0x0000000019cd3000 Uncommon trap: reason=speculate_class_check action=maybe_recompile pc=0x0000000003450978 method=com.jogamp.common.nio.Buffers.getDirectBufferByteOffset(Ljava/lang/Object;)I @ 22
Event: 8.691 Thread 0x0000000019cd3000 Uncommon trap: reason=speculate_class_check action=maybe_recompile pc=0x0000000003449fdc method=com.jogamp.common.nio.Buffers.getDirectBufferByteOffset(Ljava/lang/Object;)I @ 22
Event: 8.692 Thread 0x0000000019cd3000 Uncommon trap: reason=speculate_class_check action=maybe_recompile pc=0x0000000003449fdc method=com.jogamp.common.nio.Buffers.getDirectBufferByteOffset(Ljava/lang/Object;)I @ 22
Event: 8.701 Thread 0x0000000019cd3000 Uncommon trap: reason=speculate_class_check action=maybe_recompile pc=0x0000000003453620 method=com.jogamp.common.nio.Buffers.getDirectBufferByteOffset(Ljava/lang/Object;)I @ 31
Event: 8.701 Thread 0x0000000019cd3000 Uncommon trap: reason=speculate_class_check action=maybe_recompile pc=0x0000000003453620 method=com.jogamp.common.nio.Buffers.getDirectBufferByteOffset(Ljava/lang/Object;)I @ 31
Event: 8.784 Thread 0x0000000019cd3000 Uncommon trap: reason=speculate_class_check action=maybe_recompile pc=0x0000000003458cc0 method=com.jogamp.common.nio.Buffers.getDirectBufferByteOffset(Ljava/lang/Object;)I @ 42
Event: 8.784 Thread 0x0000000019cd3000 Uncommon trap: reason=speculate_class_check action=maybe_recompile pc=0x0000000003458cc0 method=com.jogamp.common.nio.Buffers.getDirectBufferByteOffset(Ljava/lang/Object;)I @ 42
Event: 8.858 Thread 0x0000000019cd3000 Uncommon trap: reason=speculate_class_check action=maybe_recompile pc=0x0000000003469884 method=com.jogamp.common.nio.Buffers.getDirectBufferByteOffset(Ljava/lang/Object;)I @ 53
Event: 8.859 Thread 0x0000000019cd3000 Uncommon trap: reason=speculate_class_check action=maybe_recompile pc=0x0000000003469884 method=com.jogamp.common.nio.Buffers.getDirectBufferByteOffset(Ljava/lang/Object;)I @ 53

Internal exceptions (10 events):
Event: 4.680 Thread 0x0000000019cd3000 Exception <a 'java/security/PrivilegedActionException'> (0x00000000e2f7e730) thrown at [D:\re\workspace\8-2-build-windows-amd64-cygwin\jdk8u25\1677\hotspot\src\share\vm\prims\jvm.cpp, line 1312]
Event: 4.680 Thread 0x0000000019cd3000 Exception <a 'java/security/PrivilegedActionException'> (0x00000000e2f82678) thrown at [D:\re\workspace\8-2-build-windows-amd64-cygwin\jdk8u25\1677\hotspot\src\share\vm\prims\jvm.cpp, line 1312]
Event: 4.681 Thread 0x0000000019cd3000 Exception <a 'java/security/PrivilegedActionException'> (0x00000000e2f88588) thrown at [D:\re\workspace\8-2-build-windows-amd64-cygwin\jdk8u25\1677\hotspot\src\share\vm\prims\jvm.cpp, line 1312]
Event: 4.693 Thread 0x0000000019cd3000 Exception <a 'java/security/PrivilegedActionException'> (0x00000000e30aa0d8) thrown at [D:\re\workspace\8-2-build-windows-amd64-cygwin\jdk8u25\1677\hotspot\src\share\vm\prims\jvm.cpp, line 1312]
Event: 4.761 Thread 0x0000000019cd3000 Exception <a 'java/security/PrivilegedActionException'> (0x00000000e3c10508) thrown at [D:\re\workspace\8-2-build-windows-amd64-cygwin\jdk8u25\1677\hotspot\src\share\vm\prims\jvm.cpp, line 1312]
Event: 4.762 Thread 0x0000000019cd3000 Exception <a 'java/security/PrivilegedActionException'> (0x00000000e3c138b8) thrown at [D:\re\workspace\8-2-build-windows-amd64-cygwin\jdk8u25\1677\hotspot\src\share\vm\prims\jvm.cpp, line 1312]
Event: 6.629 Thread 0x0000000019cd3000 Exception <a 'java/security/PrivilegedActionException'> (0x00000000e64f9600) thrown at [D:\re\workspace\8-2-build-windows-amd64-cygwin\jdk8u25\1677\hotspot\src\share\vm\prims\jvm.cpp, line 1312]
Event: 6.636 Thread 0x0000000019cd3000 Exception <a 'java/security/PrivilegedActionException'> (0x00000000e6506158) thrown at [D:\re\workspace\8-2-build-windows-amd64-cygwin\jdk8u25\1677\hotspot\src\share\vm\prims\jvm.cpp, line 1312]
Event: 6.665 Thread 0x0000000019cd3000 Exception <a 'java/security/PrivilegedActionException'> (0x00000000e650f218) thrown at [D:\re\workspace\8-2-build-windows-amd64-cygwin\jdk8u25\1677\hotspot\src\share\vm\prims\jvm.cpp, line 1312]
Event: 6.671 Thread 0x0000000019cd3000 Implicit null exception at 0x00000000032f31a9 to 0x00000000032f37d5

Events (10 events):
Event: 34.654 Executing VM operation: ParallelGCFailedAllocation
Event: 34.655 Executing VM operation: ParallelGCFailedAllocation done
Event: 34.850 Thread 0x0000000018a87800 flushing nmethod 0x0000000002e46810
Event: 34.850 loading class sun/reflect/BootstrapConstructorAccessorImpl
Event: 34.850 loading class sun/reflect/BootstrapConstructorAccessorImpl done
Event: 34.850 Thread 0x0000000018a87800 flushing nmethod 0x0000000002e76310
Event: 34.850 Thread 0x0000000018a87800 flushing nmethod 0x0000000002e9cdd0
Event: 34.851 Thread 0x0000000018a7b800 flushing nmethod 0x0000000002f00190
Event: 34.851 Thread 0x0000000018a7b800 flushing nmethod 0x0000000002f005d0
Event: 34.886 Thread 0x0000000019fb9800 Thread exited: 0x0000000019fb9800


Dynamic libraries:
0x00007ff745f80000 - 0x00007ff745fb4000 	C:\Program Files\Java\jre1.8.0_25\bin\javaw.exe
0x00007ffee8210000 - 0x00007ffee83bc000 	C:\WINDOWS\SYSTEM32\ntdll.dll
0x00007ffee60e0000 - 0x00007ffee621e000 	C:\WINDOWS\system32\KERNEL32.DLL
0x00007ffee54e0000 - 0x00007ffee55f5000 	C:\WINDOWS\system32\KERNELBASE.dll
0x00007ffee3ee0000 - 0x00007ffee3f6e000 	C:\WINDOWS\system32\apphelp.dll
0x00007ffecebf0000 - 0x00007ffecec43000 	C:\WINDOWS\AppPatch\AppPatch64\AcGenral.DLL
0x00007ffee6010000 - 0x00007ffee60ba000 	C:\WINDOWS\system32\msvcrt.dll
0x00007ffee5190000 - 0x00007ffee51be000 	C:\WINDOWS\SYSTEM32\SspiCli.dll
0x00007ffee5fb0000 - 0x00007ffee6004000 	C:\WINDOWS\system32\SHLWAPI.dll
0x00007ffee7fd0000 - 0x00007ffee8147000 	C:\WINDOWS\system32\USER32.dll
0x00007ffee5bc0000 - 0x00007ffee5d54000 	C:\WINDOWS\system32\ole32.dll
0x00007ffee66a0000 - 0x00007ffee7bb8000 	C:\WINDOWS\system32\SHELL32.dll
0x00007ffee48f0000 - 0x00007ffee4911000 	C:\WINDOWS\SYSTEM32\USERENV.dll
0x00007ffee5e20000 - 0x00007ffee5eca000 	C:\WINDOWS\system32\ADVAPI32.dll
0x00007ffed7630000 - 0x00007ffed764e000 	C:\WINDOWS\SYSTEM32\MPR.dll
0x00007ffee63f0000 - 0x00007ffee6531000 	C:\WINDOWS\system32\RPCRT4.dll
0x00007ffee5ed0000 - 0x00007ffee5f29000 	C:\WINDOWS\SYSTEM32\sechost.dll
0x00007ffee7db0000 - 0x00007ffee7fc1000 	C:\WINDOWS\SYSTEM32\combase.dll
0x00007ffee6540000 - 0x00007ffee6691000 	C:\WINDOWS\system32\GDI32.dll
0x00007ffee5360000 - 0x00007ffee5375000 	C:\WINDOWS\SYSTEM32\profapi.dll
0x00007ffee3700000 - 0x00007ffee37b2000 	C:\WINDOWS\SYSTEM32\SHCORE.dll
0x00007ffee5a40000 - 0x00007ffee5a76000 	C:\WINDOWS\system32\IMM32.DLL
0x00007ffee6220000 - 0x00007ffee6372000 	C:\WINDOWS\system32\MSCTF.dll
0x00007ffee2a70000 - 0x00007ffee2ceb000 	C:\WINDOWS\WinSxS\amd64_microsoft.windows.common-controls_6595b64144ccf1df_6.0.9600.17415_none_6240486fecbd8abb\COMCTL32.dll
0x00000000696c0000 - 0x0000000069792000 	C:\Program Files\Java\jre1.8.0_25\bin\msvcr100.dll
0x000000006a3b0000 - 0x000000006ac0a000 	C:\Program Files\Java\jre1.8.0_25\bin\server\jvm.dll
0x00007ffecd2f0000 - 0x00007ffecd2f9000 	C:\WINDOWS\SYSTEM32\WSOCK32.dll
0x00007ffed77f0000 - 0x00007ffed7812000 	C:\WINDOWS\SYSTEM32\WINMM.dll
0x00007ffee7da0000 - 0x00007ffee7da7000 	C:\WINDOWS\system32\PSAPI.DLL
0x00007ffee5a80000 - 0x00007ffee5ada000 	C:\WINDOWS\system32\WS2_32.dll
0x00007ffed75d0000 - 0x00007ffed75fa000 	C:\WINDOWS\SYSTEM32\WINMMBASE.dll
0x00007ffee60d0000 - 0x00007ffee60d9000 	C:\WINDOWS\system32\NSI.dll
0x00007ffee5840000 - 0x00007ffee588f000 	C:\WINDOWS\SYSTEM32\cfgmgr32.dll
0x00007ffee4150000 - 0x00007ffee4178000 	C:\WINDOWS\SYSTEM32\DEVOBJ.dll
0x000000006b5e0000 - 0x000000006b5ef000 	C:\Program Files\Java\jre1.8.0_25\bin\verify.dll
0x000000006b5b0000 - 0x000000006b5d8000 	C:\Program Files\Java\jre1.8.0_25\bin\java.dll
0x000000006b590000 - 0x000000006b5a6000 	C:\Program Files\Java\jre1.8.0_25\bin\zip.dll
0x0000000069520000 - 0x00000000696b8000 	C:\Program Files\Java\jre1.8.0_25\bin\awt.dll
0x00007ffee5ae0000 - 0x00007ffee5ba1000 	C:\WINDOWS\system32\OLEAUT32.dll
0x00007ffee3500000 - 0x00007ffee3521000 	C:\WINDOWS\system32\DWMAPI.DLL
0x00007ffee3fd0000 - 0x00007ffee40f9000 	C:\WINDOWS\system32\uxtheme.dll
0x00007ffee41a0000 - 0x00007ffee41ab000 	C:\WINDOWS\SYSTEM32\kernel.appcore.dll
0x00007ffee5230000 - 0x00007ffee523b000 	C:\WINDOWS\SYSTEM32\CRYPTBASE.dll
0x00007ffee51c0000 - 0x00007ffee5223000 	C:\WINDOWS\SYSTEM32\bcryptPrimitives.dll
0x00007ffedaca0000 - 0x00007ffedaec1000 	C:\WINDOWS\system32\d3d9.dll
0x00007ffee3010000 - 0x00007ffee301a000 	C:\WINDOWS\SYSTEM32\VERSION.dll
0x00007ffee2870000 - 0x00007ffee29bb000 	C:\WINDOWS\SYSTEM32\aticfx64.dll
0x00007ffec0180000 - 0x00007ffec01a1000 	C:\WINDOWS\SYSTEM32\atiu9p64.dll
0x00007ffebed60000 - 0x00007ffebf545000 	C:\WINDOWS\SYSTEM32\atiumd64.dll
0x000000006acf0000 - 0x000000006b4a7000 	C:\WINDOWS\SYSTEM32\atiumd6a.dll
0x00000000694d0000 - 0x0000000069517000 	C:\Program Files\Java\jre1.8.0_25\bin\fontmanager.dll
0x00007ffee4d60000 - 0x00007ffee4d80000 	C:\WINDOWS\SYSTEM32\CRYPTSP.dll
0x00007ffee47e0000 - 0x00007ffee4816000 	C:\WINDOWS\system32\rsaenh.dll
0x00007ffee4e80000 - 0x00007ffee4ea6000 	C:\WINDOWS\SYSTEM32\bcrypt.dll
0x000000006b570000 - 0x000000006b58a000 	C:\Program Files\Java\jre1.8.0_25\bin\net.dll
0x00007ffee4b20000 - 0x00007ffee4b79000 	C:\WINDOWS\system32\mswsock.dll
0x00007ffee1080000 - 0x00007ffee10aa000 	C:\WINDOWS\SYSTEM32\IPHLPAPI.DLL
0x00007ffee2670000 - 0x00007ffee267a000 	C:\WINDOWS\SYSTEM32\WINNSI.DLL
0x00007ffee0160000 - 0x00007ffee0176000 	C:\WINDOWS\SYSTEM32\dhcpcsvc6.DLL
0x00007ffee02b0000 - 0x00007ffee02ca000 	C:\WINDOWS\SYSTEM32\dhcpcsvc.DLL
0x000000006a390000 - 0x000000006a3a1000 	C:\Program Files\Java\jre1.8.0_25\bin\nio.dll
0x00000000637c0000 - 0x00000000637cd000 	S:\Users\Ben\AppData\Local\Temp\jogamp_0000\file_cache\jln300405504044519069\jln6485185813361262999\gluegen-rt.dll
0x00000000694c0000 - 0x00000000694c7000 	C:\Program Files\Java\jre1.8.0_25\bin\jawt.dll
0x000000001a760000 - 0x000000001a76d000 	S:\Users\Ben\AppData\Local\Temp\jogamp_0000\file_cache\jln300405504044519069\jln6485185813361262999\nativewindow_awt.dll
0x000000006c100000 - 0x000000006c10f000 	S:\Users\Ben\AppData\Local\Temp\jogamp_0000\file_cache\jln300405504044519069\jln6485185813361262999\nativewindow_win32.dll
0x00007ffecf500000 - 0x00007ffecf62b000 	C:\WINDOWS\SYSTEM32\OpenGL32.dll
0x00007ffedc8d0000 - 0x00007ffedc8fe000 	C:\WINDOWS\SYSTEM32\GLU32.dll
0x00007ffecee10000 - 0x00007ffecef08000 	C:\WINDOWS\SYSTEM32\DDRAW.dll
0x00007ffedc8b0000 - 0x00007ffedc8b9000 	C:\WINDOWS\SYSTEM32\DCIMAN32.dll
0x0000000064500000 - 0x00000000645a2000 	S:\Users\Ben\AppData\Local\Temp\jogamp_0000\file_cache\jln300405504044519069\jln6485185813361262999\jogl_desktop.dll
0x00007ffedc690000 - 0x00007ffedc6a8000 	C:\WINDOWS\SYSTEM32\atig6pxx.dll
0x0000000067910000 - 0x00000000694bf000 	C:\WINDOWS\SYSTEM32\atio6axx.dll
0x00007ffee7bc0000 - 0x00007ffee7d9a000 	C:\WINDOWS\system32\SETUPAPI.dll
0x00007ffee10e0000 - 0x00007ffee1217000 	C:\WINDOWS\SYSTEM32\atiadlxx.dll
0x00007ffee16b0000 - 0x00007ffee182f000 	C:\WINDOWS\SYSTEM32\PROPSYS.dll
0x00007ffee3f70000 - 0x00007ffee3f82000 	C:\WINDOWS\SYSTEM32\WTSAPI32.dll
0x00007ffee57e0000 - 0x00007ffee5831000 	C:\WINDOWS\system32\WINTRUST.dll
0x00007ffee5600000 - 0x00007ffee57df000 	C:\WINDOWS\system32\CRYPT32.dll
0x00007ffee5410000 - 0x00007ffee5421000 	C:\WINDOWS\system32\MSASN1.dll
0x00007ffedc4f0000 - 0x00007ffedc519000 	C:\WINDOWS\SYSTEM32\atig6txx.dll
0x00007ffebe060000 - 0x00007ffebe1fc000 	O:\OneDrive\Workspace\ZZavatar\lib\user\KinectPV2\Kinect20.Face.dll
0x00007ffed76f0000 - 0x00007ffed7797000 	C:\WINDOWS\SYSTEM32\MSVCP110.dll
0x00007ffeddd70000 - 0x00007ffedde3e000 	C:\WINDOWS\SYSTEM32\MSVCR110.dll
0x00007ffedc4d0000 - 0x00007ffedc4e0000 	O:\OneDrive\Workspace\ZZavatar\lib\user\KinectPV2\KinectPV2.dll
0x00007ffeda070000 - 0x00007ffeda12a000 	C:\WINDOWS\SYSTEM32\Kinect20.dll
0x00007ffed7820000 - 0x00007ffed790b000 	C:\WINDOWS\SYSTEM32\MFPlat.DLL
0x00007ffed7650000 - 0x00007ffed7677000 	C:\WINDOWS\SYSTEM32\RTWorkQ.DLL
0x00007ffee3130000 - 0x00007ffee313c000 	C:\WINDOWS\SYSTEM32\AVRT.dll
0x00000000678c0000 - 0x0000000067901000 	C:\Program Files\Java\jre1.8.0_25\bin\t2k.dll
0x00007ffebeae0000 - 0x00007ffebec6a000 	C:\WINDOWS\SYSTEM32\dbghelp.dll

VM Arguments:
jvm_args: -Djava.library.path=O:\OneDrive\Workspace\ZZavatar\lib\base\video;O:\OneDrive\Workspace\ZZavatar\lib\base\video;O:\OneDrive\Workspace\ZZavatar\lib\base\video;O:\OneDrive\Workspace\ZZavatar\lib\base\core;O:\OneDrive\Workspace\ZZavatar\lib\base\core;O:\OneDrive\Workspace\ZZavatar\lib\base\core;O:\OneDrive\Workspace\ZZavatar\lib\base\core;O:\OneDrive\Workspace\ZZavatar\lib\base\core;O:\OneDrive\Workspace\ZZavatar\lib\base\core;O:\OneDrive\Workspace\ZZavatar\lib\base\core;O:\OneDrive\Workspace\ZZavatar\lib\base\core;O:\OneDrive\Workspace\ZZavatar\lib\base\core;O:\OneDrive\Workspace\ZZavatar\lib\base\core;O:\OneDrive\Workspace\ZZavatar\lib\base\core;O:\OneDrive\Workspace\ZZavatar\lib\base\core;O:\OneDrive\Workspace\ZZavatar\lib\base\core;O:\OneDrive\Workspace\ZZavatar\lib\base\core;O:\OneDrive\Workspace\ZZavatar\lib\base\core;O:\OneDrive\Workspace\ZZavatar\lib\user\Kinect4WinSDK;O:\OneDrive\Workspace\ZZavatar\lib\user\KinectPV2;O:\OneDrive\Workspace\ZZavatar\lib\user\SimpleOpenNI -Dfile.encoding=Cp1252 
java_command: zzavatar.ZZavatar
java_class_path (initial): O:\OneDrive\Workspace\ZZavatar\lib\base\video\gstreamer-java.jar;O:\OneDrive\Workspace\ZZavatar\lib\base\video\jna.jar;O:\OneDrive\Workspace\ZZavatar\lib\base\video\video.jar;O:\OneDrive\Workspace\ZZavatar\lib\base\core\core.jar;O:\OneDrive\Workspace\ZZavatar\lib\base\core\gluegen-rt-natives-linux-amd64.jar;O:\OneDrive\Workspace\ZZavatar\lib\base\core\gluegen-rt-natives-linux-armv6hf.jar;O:\OneDrive\Workspace\ZZavatar\lib\base\core\gluegen-rt-natives-linux-i586.jar;O:\OneDrive\Workspace\ZZavatar\lib\base\core\gluegen-rt-natives-macosx-universal.jar;O:\OneDrive\Workspace\ZZavatar\lib\base\core\gluegen-rt-natives-windows-amd64.jar;O:\OneDrive\Workspace\ZZavatar\lib\base\core\gluegen-rt-natives-windows-i586.jar;O:\OneDrive\Workspace\ZZavatar\lib\base\core\gluegen-rt.jar;O:\OneDrive\Workspace\ZZavatar\lib\base\core\jogl-all-natives-linux-amd64.jar;O:\OneDrive\Workspace\ZZavatar\lib\base\core\jogl-all-natives-linux-armv6hf.jar;O:\OneDrive\Workspace\ZZavatar\lib\base\core\jogl-all-natives-linux-i586.jar;O:\OneDrive\Workspace\ZZavatar\lib\base\core\jogl-all-natives-macosx-universal.jar;O:\OneDrive\Workspace\ZZavatar\lib\base\core\jogl-all-natives-windows-amd64.jar;O:\OneDrive\Workspace\ZZavatar\lib\base\core\jogl-all-natives-windows-i586.jar;O:\OneDrive\Workspace\ZZavatar\lib\base\core\jogl-all.jar;O:\OneDrive\Workspace\ZZavatar\lib\user\Kinect4WinSDK\Kinect4WinSDK.jar;O:\OneDrive\Workspace\ZZavatar\lib\user\KinectPV2\KinectPV2.jar;O:\OneDrive\Workspace\ZZavatar\lib\user\SimpleOpenNI\SimpleOpenNI.jar;O:\OneDrive\Workspace\ZZavatar\bin
Launcher Type: SUN_STANDARD

Environment Variables:
JAVA_HOME=C:\Program Files\Java\jdk1.8.0_25
PATH=C:/Program Files/Java/jre1.8.0_25/bin/server;C:/Program Files/Java/jre1.8.0_25/bin;C:/Program Files/Java/jre1.8.0_25/lib/amd64;C:\Program Files (x86)\NVIDIA Corporation\PhysX\Common;C:\ProgramData\Oracle\Java\javapath;C:\Program Files (x86)\Common Files\Intel\Shared Libraries\redist\intel64\compiler;C:\Program Files (x86)\Common Files\Intel\Shared Libraries\redist\ia32\compiler;C:\Program Files (x86)\Intel\iCLS Client\;C:\Program Files\Intel\iCLS Client\;C:\Program Files (x86)\AMD APP\bin\x86_64;C:\Program Files (x86)\AMD APP\bin\x86;C:\WINDOWS\system32;C:\WINDOWS;C:\WINDOWS\System32\Wbem;C:\WINDOWS\System32\WindowsPowerShell\v1.0\;C:\Program Files (x86)\ATI Technologies\ATI.ACE\Core-Static;C:\Program Files\Intel\Intel(R) Management Engine Components\DAL;C:\Program Files\Intel\Intel(R) Management Engine Components\IPT;C:\Program Files (x86)\Intel\Intel(R) Management Engine Components\DAL;C:\Program Files (x86)\Intel\Intel(R) Management Engine Components\IPT;C:\Program Files\Sony\VAIO Improvement\;C:\Program Files (x86)\Sony\VAIO Startup Setting Tool;C:\Program Files (x86)\Windows Kits\8.1\Windows Performance Toolkit\;C:\Program Files\Microsoft SQL Server\110\Tools\Binn\;C:\Program Files (x86)\Microsoft SDKs\TypeScript\1.0\;C:\Program Files\Microsoft\Web Platform Installer\;C:\Program Files (x86)\Java\jre1.8.0_25\bin;P:\Programs\Python27\Scripts;P:\Programs\Python27;C:\Program Files\Common Files\Autodesk Shared\;P:\Program Files\Programs;P:\Program Files\Games;P:\Programs\Eclipse;
USERNAME=Benoît
OS=Windows_NT
PROCESSOR_IDENTIFIER=Intel64 Family 6 Model 58 Stepping 9, GenuineIntel



---------------  S Y S T E M  ---------------

OS: Windows 8.1 , 64 bit Build 9600 

CPU:total 8 (4 cores per cpu, 2 threads per core) family 6 model 58 stepping 9, cmov, cx8, fxsr, mmx, sse, sse2, sse3, ssse3, sse4.1, sse4.2, popcnt, avx, aes, clmul, erms, ht, tsc, tscinvbit, tscinv

Memory: 4k page, physical 6237468k(2029980k free), swap 10431772k(4600520k free)

vm_info: Java HotSpot(TM) 64-Bit Server VM (25.25-b02) for windows-amd64 JRE (1.8.0_25-b18), built on Oct  7 2014 14:25:37 by "java_re" with MS VC++ 10.0 (VS2010)

time: Thu Apr 23 15:34:14 2015
elapsed time: 34 seconds (0d 0h 0m 34s)

