#
# A fatal error has been detected by the Java Runtime Environment:
#
#  EXCEPTION_ACCESS_VIOLATION (0xc0000005) at pc=0x00007ff980284139, pid=3380, tid=4828
#
# JRE version: Java(TM) SE Runtime Environment (8.0_25-b18) (build 1.8.0_25-b18)
# Java VM: Java HotSpot(TM) 64-Bit Server VM (25.25-b02 mixed mode windows-amd64 compressed oops)
# Problematic frame:
# C  [KinectPV2.dll+0x4139]
#
# Failed to write core dump. Minidumps are not enabled by default on client versions of Windows
#
# If you would like to submit a bug report, please visit:
#   http://bugreport.sun.com/bugreport/crash.jsp
# The crash happened outside the Java Virtual Machine in native code.
# See problematic frame for where to report the bug.
#

---------------  T H R E A D  ---------------

Current thread (0x0000000019d7d000):  JavaThread "Animation Thread" [_thread_in_native, id=4828, stack(0x000000001cdb0000,0x000000001ceb0000)]

siginfo: ExceptionCode=0xc0000005, reading address 0xffffffffffffffff

Registers:
RAX=0x0000000000000001, RBX=0x000000002eceb040, RCX=0x004cf9330e00000e, RDX=0x0000000000000000
RSP=0x000000001ceae930, RBP=0x0000000000000006, RSI=0x0000000000000000, RDI=0x000000001fc59298
R8 =0x000000001ceae5f8, R9 =0x0000000000008000, R10=0x0000000000000000, R11=0x000000001ceae830
R12=0x0000000000000000, R13=0x000000002015d198, R14=0x0000000000000000, R15=0x0000000019d7d000
RIP=0x00007ff980284139, EFLAGS=0x0000000000010202

Top of Stack: (sp=0x000000001ceae930)
0x000000001ceae930:   000000001fc59268 00000000204d59f8
0x000000001ceae940:   000000001fc59268 0000000000000000
0x000000001ceae950:   000000001ceaea20 00007ff980281fba
0x000000001ceae960:   000000001ceaea20 000000001ceaea00
0x000000001ceae970:   0000000019d7d1e8 0000000019d47590
0x000000001ceae980:   00000000a3aeb730 0000000002d55b74
0x000000001ceae990:   000000002015d198 00000000a3aeb710
0x000000001ceae9a0:   00000000a3aeb710 0000000019d7d000
0x000000001ceae9b0:   000000001ceaea78 0000000002d558a2
0x000000001ceae9c0:   000000001ceae9c0 000000002015d198
0x000000001ceae9d0:   000000001ceaea20 000000002015e128
0x000000001ceae9e0:   0000000000000000 000000002015d198
0x000000001ceae9f0:   0000000000000000 000000001ceaea20
0x000000001ceaea00:   000000001ceaea68 0000000002d47a2d
0x000000001ceaea10:   0000000000000000 0000000002d4f6b8
0x000000001ceaea20:   00000000a3884488 000000001ceaea28 

Instructions: (pc=0x00007ff980284139)
0x00007ff980284119:   90 00 00 00 48 8b 4f 30 48 85 c9 74 0a 48 8b 01
0x00007ff980284129:   ff 50 10 4c 89 77 30 48 8b 4f 60 48 85 c9 74 0a
0x00007ff980284139:   48 8b 01 ff 50 10 4c 89 77 60 48 83 c7 08 48 ff
0x00007ff980284149:   cd 75 94 48 8b 5c 24 30 48 8b 6c 24 38 48 8b 74 


Register to memory mapping:

RAX=0x0000000000000001 is an unknown value
RBX=0x000000002eceb040 is an unknown value
RCX=0x004cf9330e00000e is an unknown value
RDX=0x0000000000000000 is an unknown value
RSP=0x000000001ceae930 is pointing into the stack for thread: 0x0000000019d7d000
RBP=0x0000000000000006 is an unknown value
RSI=0x0000000000000000 is an unknown value
RDI=0x000000001fc59298 is an unknown value
R8 =0x000000001ceae5f8 is pointing into the stack for thread: 0x0000000019d7d000
R9 =0x0000000000008000 is an unknown value
R10=0x0000000000000000 is an unknown value
R11=0x000000001ceae830 is pointing into the stack for thread: 0x0000000019d7d000
R12=0x0000000000000000 is an unknown value
R13={method} {0x000000002015d1a0} 'jniStopDevice' '()V' in 'KinectPV2/Device'
R14=0x0000000000000000 is an unknown value
R15=0x0000000019d7d000 is a thread


Stack: [0x000000001cdb0000,0x000000001ceb0000],  sp=0x000000001ceae930,  free space=1018k
Native frames: (J=compiled Java code, j=interpreted, Vv=VM code, C=native code)
C  [KinectPV2.dll+0x4139]
C  [KinectPV2.dll+0x1fba]
C  0x0000000002d55b74

Java frames: (J=compiled Java code, j=interpreted, Vv=VM code)
j  KinectPV2.Device.jniStopDevice()V+0
j  KinectPV2.Device.stopDevice()V+41
j  KinectPV2.KinectPV2.dispose()V+14
v  ~StubRoutines::call_stub
j  sun.reflect.NativeMethodAccessorImpl.invoke0(Ljava/lang/reflect/Method;Ljava/lang/Object;[Ljava/lang/Object;)Ljava/lang/Object;+0
j  sun.reflect.NativeMethodAccessorImpl.invoke(Ljava/lang/Object;[Ljava/lang/Object;)Ljava/lang/Object;+100
J 1913 C1 sun.reflect.DelegatingMethodAccessorImpl.invoke(Ljava/lang/Object;[Ljava/lang/Object;)Ljava/lang/Object; (10 bytes) @ 0x000000000345d984 [0x000000000345d880+0x104]
J 1912 C1 java.lang.reflect.Method.invoke(Ljava/lang/Object;[Ljava/lang/Object;)Ljava/lang/Object; (62 bytes) @ 0x0000000003454c64 [0x0000000003454880+0x3e4]
j  processing.core.PApplet$RegisteredMethods.handle([Ljava/lang/Object;)V+18
J 1755 C1 processing.core.PApplet.handleMethods(Ljava/lang/String;)V (21 bytes) @ 0x00000000033f7f1c [0x00000000033f7c60+0x2bc]
j  processing.core.PApplet.dispose()V+35
j  processing.core.PApplet.run()V+283
j  java.lang.Thread.run()V+11
v  ~StubRoutines::call_stub

---------------  P R O C E S S  ---------------

Java Threads: ( => current thread )
  0x000000001a0e5800 JavaThread "Animation Thread-SharedResourceRunner" daemon [_thread_blocked, id=8920, stack(0x000000001f080000,0x000000001f180000)]
  0x0000000002b3e800 JavaThread "DestroyJavaVM" [_thread_blocked, id=7932, stack(0x0000000002b40000,0x0000000002c40000)]
  0x0000000019dac800 JavaThread "D3D Screen Updater" daemon [_thread_blocked, id=8588, stack(0x000000001d0b0000,0x000000001d1b0000)]
=>0x0000000019d7d000 JavaThread "Animation Thread" [_thread_in_native, id=4828, stack(0x000000001cdb0000,0x000000001ceb0000)]
  0x0000000019cf4000 JavaThread "AWT-EventQueue-0" [_thread_blocked, id=9072, stack(0x000000001cbb0000,0x000000001ccb0000)]
  0x0000000019cb8800 JavaThread "AWT-Windows" daemon [_thread_in_native, id=7040, stack(0x000000001a5c0000,0x000000001a6c0000)]
  0x0000000019cb7800 JavaThread "AWT-Shutdown" [_thread_blocked, id=2360, stack(0x000000001a4c0000,0x000000001a5c0000)]
  0x0000000019cb5000 JavaThread "Java2D Disposer" daemon [_thread_blocked, id=5848, stack(0x000000001a3c0000,0x000000001a4c0000)]
  0x0000000018b2a000 JavaThread "Service Thread" daemon [_thread_blocked, id=6044, stack(0x0000000019470000,0x0000000019570000)]
  0x0000000018aa6800 JavaThread "C1 CompilerThread3" daemon [_thread_blocked, id=7968, stack(0x0000000019370000,0x0000000019470000)]
  0x0000000018aa4800 JavaThread "C2 CompilerThread2" daemon [_thread_blocked, id=8308, stack(0x0000000019270000,0x0000000019370000)]
  0x0000000018a9b800 JavaThread "C2 CompilerThread1" daemon [_thread_blocked, id=9172, stack(0x0000000019170000,0x0000000019270000)]
  0x0000000018a99800 JavaThread "C2 CompilerThread0" daemon [_thread_blocked, id=4604, stack(0x0000000019070000,0x0000000019170000)]
  0x0000000018a98000 JavaThread "Attach Listener" daemon [_thread_blocked, id=6668, stack(0x0000000018f70000,0x0000000019070000)]
  0x0000000018a97000 JavaThread "Signal Dispatcher" daemon [_thread_blocked, id=4768, stack(0x0000000018e70000,0x0000000018f70000)]
  0x0000000002d3a800 JavaThread "Finalizer" daemon [_thread_blocked, id=8480, stack(0x0000000018970000,0x0000000018a70000)]
  0x0000000002d32000 JavaThread "Reference Handler" daemon [_thread_blocked, id=1864, stack(0x0000000018870000,0x0000000018970000)]

Other Threads:
  0x0000000016a89000 VMThread [stack: 0x0000000018770000,0x0000000018870000] [id=8148]
  0x0000000018b30800 WatcherThread [stack: 0x0000000019570000,0x0000000019670000] [id=7304]

VM state:not at safepoint (normal execution)

VM Mutex/Monitor currently owned by a thread: None

Heap:
 PSYoungGen      total 427008K, used 77265K [0x00000000e0400000, 0x00000000fb880000, 0x0000000100000000)
  eden space 407040K, 18% used [0x00000000e0400000,0x00000000e4f44588,0x00000000f9180000)
  from space 19968K, 0% used [0x00000000f9180000,0x00000000f91b0000,0x00000000fa500000)
  to   space 18944K, 0% used [0x00000000fa600000,0x00000000fa600000,0x00000000fb880000)
 ParOldGen       total 222208K, used 155175K [0x00000000a0c00000, 0x00000000ae500000, 0x00000000e0400000)
  object space 222208K, 69% used [0x00000000a0c00000,0x00000000aa389ca8,0x00000000ae500000)
 Metaspace       used 17958K, capacity 18121K, committed 18176K, reserved 1064960K
  class space    used 1723K, capacity 1761K, committed 1792K, reserved 1048576K

Card table byte_map: [0x0000000012100000,0x0000000012400000] byte_map_base: 0x0000000011bfa000

Marking Bits: (ParMarkBitMap*) 0x00000000772bd490
 Begin Bits: [0x0000000012e00000, 0x00000000145d0000)
 End Bits:   [0x00000000145d0000, 0x0000000015da0000)

Polling page: 0x0000000001250000

CodeCache: size=245760Kb used=8562Kb max_used=8614Kb free=237197Kb
 bounds [0x0000000002d40000, 0x00000000035c0000, 0x0000000011d40000]
 total_blobs=3102 nmethods=2231 adapters=785
 compilation: enabled

Compilation events (10 events):
Event: 20.427 Thread 0x0000000018aa6800 2255       3       processing.opengl.PGraphicsOpenGL::lightDiffuse (51 bytes)
Event: 20.428 Thread 0x0000000018aa6800 nmethod 2255 0x00000000035ace50 code [0x00000000035acfc0, 0x00000000035ad348]
Event: 20.428 Thread 0x0000000018aa6800 2256       3       processing.opengl.PGraphicsOpenGL::lightSpecular (35 bytes)
Event: 20.428 Thread 0x0000000018aa6800 nmethod 2256 0x00000000035ad510 code [0x00000000035ad680, 0x00000000035ad850]
Event: 20.537 Thread 0x0000000018a9b800 2257       4       java.nio.Buffer::limit (62 bytes)
Event: 20.538 Thread 0x0000000018a9b800 nmethod 2257 0x0000000002e4e850 code [0x0000000002e4e980, 0x0000000002e4ea18]
Event: 20.760 Thread 0x0000000018aa6800 2258       3       java.awt.GraphicsEnvironment::isHeadless (4 bytes)
Event: 20.761 Thread 0x0000000018aa6800 nmethod 2258 0x00000000035aff50 code [0x00000000035b00e0, 0x00000000035b04a8]
Event: 20.761 Thread 0x0000000018aa6800 2259       3       java.awt.GraphicsEnvironment::getHeadlessProperty (24 bytes)
Event: 20.761 Thread 0x0000000018aa6800 nmethod 2259 0x0000000002e65350 code [0x0000000002e654e0, 0x0000000002e65848]

GC Heap History (10 events):
Event: 18.196 GC heap before
{Heap before GC invocations=40 (full 3):
 PSYoungGen      total 427008K, used 396587K [0x00000000e0400000, 0x00000000fbf00000, 0x0000000100000000)
  eden space 402432K, 98% used [0x00000000e0400000,0x00000000f8712d00,0x00000000f8d00000)
  from space 24576K, 0% used [0x00000000fa700000,0x00000000fa738000,0x00000000fbf00000)
  to   space 25600K, 0% used [0x00000000f8d00000,0x00000000f8d00000,0x00000000fa600000)
 ParOldGen       total 222208K, used 155071K [0x00000000a0c00000, 0x00000000ae500000, 0x00000000e0400000)
  object space 222208K, 69% used [0x00000000a0c00000,0x00000000aa36fca8,0x00000000ae500000)
 Metaspace       used 17869K, capacity 18121K, committed 18176K, reserved 1064960K
  class space    used 1711K, capacity 1761K, committed 1792K, reserved 1048576K
Event: 18.197 GC heap after
Heap after GC invocations=40 (full 3):
 PSYoungGen      total 428032K, used 224K [0x00000000e0400000, 0x00000000fbe80000, 0x0000000100000000)
  eden space 402432K, 0% used [0x00000000e0400000,0x00000000e0400000,0x00000000f8d00000)
  from space 25600K, 0% used [0x00000000f8d00000,0x00000000f8d38000,0x00000000fa600000)
  to   space 24064K, 0% used [0x00000000fa700000,0x00000000fa700000,0x00000000fbe80000)
 ParOldGen       total 222208K, used 155079K [0x00000000a0c00000, 0x00000000ae500000, 0x00000000e0400000)
  object space 222208K, 69% used [0x00000000a0c00000,0x00000000aa371ca8,0x00000000ae500000)
 Metaspace       used 17869K, capacity 18121K, committed 18176K, reserved 1064960K
  class space    used 1711K, capacity 1761K, committed 1792K, reserved 1048576K
}
Event: 18.819 GC heap before
{Heap before GC invocations=41 (full 3):
 PSYoungGen      total 428032K, used 402656K [0x00000000e0400000, 0x00000000fbe80000, 0x0000000100000000)
  eden space 402432K, 100% used [0x00000000e0400000,0x00000000f8d00000,0x00000000f8d00000)
  from space 25600K, 0% used [0x00000000f8d00000,0x00000000f8d38000,0x00000000fa600000)
  to   space 24064K, 0% used [0x00000000fa700000,0x00000000fa700000,0x00000000fbe80000)
 ParOldGen       total 222208K, used 155079K [0x00000000a0c00000, 0x00000000ae500000, 0x00000000e0400000)
  object space 222208K, 69% used [0x00000000a0c00000,0x00000000aa371ca8,0x00000000ae500000)
 Metaspace       used 17869K, capacity 18121K, committed 18176K, reserved 1064960K
  class space    used 1711K, capacity 1761K, committed 1792K, reserved 1048576K
Event: 18.821 GC heap after
Heap after GC invocations=41 (full 3):
 PSYoungGen      total 425984K, used 224K [0x00000000e0400000, 0x00000000fbb80000, 0x0000000100000000)
  eden space 404992K, 0% used [0x00000000e0400000,0x00000000e0400000,0x00000000f8f80000)
  from space 20992K, 1% used [0x00000000fa700000,0x00000000fa738000,0x00000000fbb80000)
  to   space 22528K, 0% used [0x00000000f8f80000,0x00000000f8f80000,0x00000000fa580000)
 ParOldGen       total 222208K, used 155095K [0x00000000a0c00000, 0x00000000ae500000, 0x00000000e0400000)
  object space 222208K, 69% used [0x00000000a0c00000,0x00000000aa375ca8,0x00000000ae500000)
 Metaspace       used 17869K, capacity 18121K, committed 18176K, reserved 1064960K
  class space    used 1711K, capacity 1761K, committed 1792K, reserved 1048576K
}
Event: 19.431 GC heap before
{Heap before GC invocations=42 (full 3):
 PSYoungGen      total 425984K, used 400152K [0x00000000e0400000, 0x00000000fbb80000, 0x0000000100000000)
  eden space 404992K, 98% used [0x00000000e0400000,0x00000000f8a8e370,0x00000000f8f80000)
  from space 20992K, 1% used [0x00000000fa700000,0x00000000fa738000,0x00000000fbb80000)
  to   space 22528K, 0% used [0x00000000f8f80000,0x00000000f8f80000,0x00000000fa580000)
 ParOldGen       total 222208K, used 155095K [0x00000000a0c00000, 0x00000000ae500000, 0x00000000e0400000)
  object space 222208K, 69% used [0x00000000a0c00000,0x00000000aa375ca8,0x00000000ae500000)
 Metaspace       used 17869K, capacity 18121K, committed 18176K, reserved 1064960K
  class space    used 1711K, capacity 1761K, committed 1792K, reserved 1048576K
Event: 19.432 GC heap after
Heap after GC invocations=42 (full 3):
 PSYoungGen      total 427520K, used 256K [0x00000000e0400000, 0x00000000fbc00000, 0x0000000100000000)
  eden space 404992K, 0% used [0x00000000e0400000,0x00000000e0400000,0x00000000f8f80000)
  from space 22528K, 1% used [0x00000000f8f80000,0x00000000f8fc0000,0x00000000fa580000)
  to   space 21504K, 0% used [0x00000000fa700000,0x00000000fa700000,0x00000000fbc00000)
 ParOldGen       total 222208K, used 155103K [0x00000000a0c00000, 0x00000000ae500000, 0x00000000e0400000)
  object space 222208K, 69% used [0x00000000a0c00000,0x00000000aa377ca8,0x00000000ae500000)
 Metaspace       used 17869K, capacity 18121K, committed 18176K, reserved 1064960K
  class space    used 1711K, capacity 1761K, committed 1792K, reserved 1048576K
}
Event: 20.063 GC heap before
{Heap before GC invocations=43 (full 3):
 PSYoungGen      total 427520K, used 405248K [0x00000000e0400000, 0x00000000fbc00000, 0x0000000100000000)
  eden space 404992K, 100% used [0x00000000e0400000,0x00000000f8f80000,0x00000000f8f80000)
  from space 22528K, 1% used [0x00000000f8f80000,0x00000000f8fc0000,0x00000000fa580000)
  to   space 21504K, 0% used [0x00000000fa700000,0x00000000fa700000,0x00000000fbc00000)
 ParOldGen       total 222208K, used 155103K [0x00000000a0c00000, 0x00000000ae500000, 0x00000000e0400000)
  object space 222208K, 69% used [0x00000000a0c00000,0x00000000aa377ca8,0x00000000ae500000)
 Metaspace       used 17869K, capacity 18121K, committed 18176K, reserved 1064960K
  class space    used 1711K, capacity 1761K, committed 1792K, reserved 1048576K
Event: 20.065 GC heap after
Heap after GC invocations=43 (full 3):
 PSYoungGen      total 424960K, used 224K [0x00000000e0400000, 0x00000000fb880000, 0x0000000100000000)
  eden space 407040K, 0% used [0x00000000e0400000,0x00000000e0400000,0x00000000f9180000)
  from space 17920K, 1% used [0x00000000fa700000,0x00000000fa738000,0x00000000fb880000)
  to   space 19968K, 0% used [0x00000000f9180000,0x00000000f9180000,0x00000000fa500000)
 ParOldGen       total 222208K, used 155151K [0x00000000a0c00000, 0x00000000ae500000, 0x00000000e0400000)
  object space 222208K, 69% used [0x00000000a0c00000,0x00000000aa383ca8,0x00000000ae500000)
 Metaspace       used 17869K, capacity 18121K, committed 18176K, reserved 1064960K
  class space    used 1711K, capacity 1761K, committed 1792K, reserved 1048576K
}
Event: 20.697 GC heap before
{Heap before GC invocations=44 (full 3):
 PSYoungGen      total 424960K, used 405452K [0x00000000e0400000, 0x00000000fb880000, 0x0000000100000000)
  eden space 407040K, 99% used [0x00000000e0400000,0x00000000f8fbb300,0x00000000f9180000)
  from space 17920K, 1% used [0x00000000fa700000,0x00000000fa738000,0x00000000fb880000)
  to   space 19968K, 0% used [0x00000000f9180000,0x00000000f9180000,0x00000000fa500000)
 ParOldGen       total 222208K, used 155151K [0x00000000a0c00000, 0x00000000ae500000, 0x00000000e0400000)
  object space 222208K, 69% used [0x00000000a0c00000,0x00000000aa383ca8,0x00000000ae500000)
 Metaspace       used 17922K, capacity 18121K, committed 18176K, reserved 1064960K
  class space    used 1711K, capacity 1761K, committed 1792K, reserved 1048576K
Event: 20.698 GC heap after
Heap after GC invocations=44 (full 3):
 PSYoungGen      total 427008K, used 192K [0x00000000e0400000, 0x00000000fb880000, 0x0000000100000000)
  eden space 407040K, 0% used [0x00000000e0400000,0x00000000e0400000,0x00000000f9180000)
  from space 19968K, 0% used [0x00000000f9180000,0x00000000f91b0000,0x00000000fa500000)
  to   space 18944K, 0% used [0x00000000fa600000,0x00000000fa600000,0x00000000fb880000)
 ParOldGen       total 222208K, used 155175K [0x00000000a0c00000, 0x00000000ae500000, 0x00000000e0400000)
  object space 222208K, 69% used [0x00000000a0c00000,0x00000000aa389ca8,0x00000000ae500000)
 Metaspace       used 17922K, capacity 18121K, committed 18176K, reserved 1064960K
  class space    used 1711K, capacity 1761K, committed 1792K, reserved 1048576K
}

Deoptimization events (10 events):
Event: 17.672 Thread 0x0000000019cf4000 Uncommon trap: reason=speculate_class_check action=maybe_recompile pc=0x000000000356e73c method=com.jogamp.common.nio.Buffers.getDirectBufferByteOffset(Ljava/lang/Object;)I @ 53
Event: 17.688 Thread 0x0000000019cf4000 Uncommon trap: reason=speculate_class_check action=maybe_recompile pc=0x000000000356e73c method=com.jogamp.common.nio.Buffers.getDirectBufferByteOffset(Ljava/lang/Object;)I @ 53
Event: 18.806 Thread 0x0000000019cf4000 Uncommon trap: reason=speculate_class_check action=maybe_recompile pc=0x000000000357c0cc method=com.jogamp.common.nio.Buffers.getDirectBufferByteOffset(Ljava/lang/Object;)I @ 22
Event: 18.806 Thread 0x0000000019cf4000 Uncommon trap: reason=speculate_class_check action=maybe_recompile pc=0x000000000357c0cc method=com.jogamp.common.nio.Buffers.getDirectBufferByteOffset(Ljava/lang/Object;)I @ 22
Event: 19.104 Thread 0x0000000019cf4000 Uncommon trap: reason=speculate_class_check action=maybe_recompile pc=0x000000000357ebfc method=com.jogamp.common.nio.Buffers.getDirectBufferByteOffset(Ljava/lang/Object;)I @ 31
Event: 19.104 Thread 0x0000000019cf4000 Uncommon trap: reason=speculate_class_check action=maybe_recompile pc=0x000000000357ebfc method=com.jogamp.common.nio.Buffers.getDirectBufferByteOffset(Ljava/lang/Object;)I @ 31
Event: 19.372 Thread 0x0000000019cf4000 Uncommon trap: reason=speculate_class_check action=maybe_recompile pc=0x00000000035816ec method=com.jogamp.common.nio.Buffers.getDirectBufferByteOffset(Ljava/lang/Object;)I @ 42
Event: 19.389 Thread 0x0000000019cf4000 Uncommon trap: reason=speculate_class_check action=maybe_recompile pc=0x00000000035816ec method=com.jogamp.common.nio.Buffers.getDirectBufferByteOffset(Ljava/lang/Object;)I @ 42
Event: 20.821 Thread 0x0000000019d7d000 Uncommon trap: reason=unreached action=reinterpret pc=0x00000000034671e4 method=java.util.HashMap.keySet()Ljava/util/Set; @ 6
Event: 20.821 Thread 0x0000000019d7d000 Uncommon trap: reason=unreached action=reinterpret pc=0x0000000003434980 method=java.util.HashMap$HashIterator.<init>(Ljava/util/HashMap;)V @ 38

Internal exceptions (10 events):
Event: 3.267 Thread 0x0000000019cf4000 Exception <a 'java/security/PrivilegedActionException'> (0x00000000e5100068) thrown at [D:\re\workspace\8-2-build-windows-amd64-cygwin\jdk8u25\1677\hotspot\src\share\vm\prims\jvm.cpp, line 1312]
Event: 3.267 Thread 0x0000000019cf4000 Exception <a 'java/security/PrivilegedActionException'> (0x00000000e5104450) thrown at [D:\re\workspace\8-2-build-windows-amd64-cygwin\jdk8u25\1677\hotspot\src\share\vm\prims\jvm.cpp, line 1312]
Event: 3.268 Thread 0x0000000019cf4000 Exception <a 'java/security/PrivilegedActionException'> (0x00000000e5107fa8) thrown at [D:\re\workspace\8-2-build-windows-amd64-cygwin\jdk8u25\1677\hotspot\src\share\vm\prims\jvm.cpp, line 1312]
Event: 3.268 Thread 0x0000000019cf4000 Exception <a 'java/security/PrivilegedActionException'> (0x00000000e510c7a8) thrown at [D:\re\workspace\8-2-build-windows-amd64-cygwin\jdk8u25\1677\hotspot\src\share\vm\prims\jvm.cpp, line 1312]
Event: 3.268 Thread 0x0000000019cf4000 Exception <a 'java/security/PrivilegedActionException'> (0x00000000e510fee0) thrown at [D:\re\workspace\8-2-build-windows-amd64-cygwin\jdk8u25\1677\hotspot\src\share\vm\prims\jvm.cpp, line 1312]
Event: 3.268 Thread 0x0000000019cf4000 Exception <a 'java/security/PrivilegedActionException'> (0x00000000e5113e28) thrown at [D:\re\workspace\8-2-build-windows-amd64-cygwin\jdk8u25\1677\hotspot\src\share\vm\prims\jvm.cpp, line 1312]
Event: 3.269 Thread 0x0000000019cf4000 Exception <a 'java/security/PrivilegedActionException'> (0x00000000e5119d38) thrown at [D:\re\workspace\8-2-build-windows-amd64-cygwin\jdk8u25\1677\hotspot\src\share\vm\prims\jvm.cpp, line 1312]
Event: 3.281 Thread 0x0000000019cf4000 Exception <a 'java/security/PrivilegedActionException'> (0x00000000e51f5348) thrown at [D:\re\workspace\8-2-build-windows-amd64-cygwin\jdk8u25\1677\hotspot\src\share\vm\prims\jvm.cpp, line 1312]
Event: 20.821 Thread 0x0000000019d7d000 Implicit null exception at 0x0000000003466f27 to 0x00000000034671d5
Event: 20.821 Thread 0x0000000019d7d000 Implicit null exception at 0x000000000343477b to 0x000000000343496d

Events (10 events):
Event: 20.772 loading class javax/swing/JWindow
Event: 20.772 loading class javax/swing/JWindow done
Event: 20.772 loading class javax/swing/Popup$HeavyWeightWindow done
Event: 20.821 Thread 0x0000000019d7d000 Uncommon trap: trap_request=0xffffffad fr.pc=0x00000000034671e4
Event: 20.821 Thread 0x0000000019d7d000 DEOPT PACKING pc=0x00000000034671e4 sp=0x000000001ceaf290
Event: 20.821 Thread 0x0000000019d7d000 DEOPT UNPACKING pc=0x0000000002d8556a sp=0x000000001ceaf1e8 mode 2
Event: 20.821 Thread 0x0000000019d7d000 Uncommon trap: trap_request=0xffffffad fr.pc=0x0000000003434980
Event: 20.821 Thread 0x0000000019d7d000 DEOPT PACKING pc=0x0000000003434980 sp=0x000000001ceaf1d0
Event: 20.821 Thread 0x0000000019d7d000 DEOPT UNPACKING pc=0x0000000002d8556a sp=0x000000001ceaf170 mode 2
Event: 20.821 Thread 0x0000000019d72800 Thread exited: 0x0000000019d72800


Dynamic libraries:
0x00007ff669010000 - 0x00007ff669044000 	C:\Program Files\Java\jre1.8.0_25\bin\javaw.exe
0x00007ff98c320000 - 0x00007ff98c4cc000 	C:\WINDOWS\SYSTEM32\ntdll.dll
0x00007ff989d20000 - 0x00007ff989e5e000 	C:\WINDOWS\system32\KERNEL32.DLL
0x00007ff9897d0000 - 0x00007ff9898e5000 	C:\WINDOWS\system32\KERNELBASE.dll
0x00007ff987ff0000 - 0x00007ff98807e000 	C:\WINDOWS\system32\apphelp.dll
0x00007ff973750000 - 0x00007ff9737a3000 	C:\WINDOWS\AppPatch\AppPatch64\AcGenral.DLL
0x00007ff98a220000 - 0x00007ff98a2ca000 	C:\WINDOWS\system32\msvcrt.dll
0x00007ff9892a0000 - 0x00007ff9892ce000 	C:\WINDOWS\SYSTEM32\SspiCli.dll
0x00007ff98b980000 - 0x00007ff98b9d4000 	C:\WINDOWS\system32\SHLWAPI.dll
0x00007ff989f00000 - 0x00007ff98a077000 	C:\WINDOWS\system32\USER32.dll
0x00007ff98bb50000 - 0x00007ff98bce4000 	C:\WINDOWS\system32\ole32.dll
0x00007ff98a390000 - 0x00007ff98b8a8000 	C:\WINDOWS\system32\SHELL32.dll
0x00007ff988a10000 - 0x00007ff988a31000 	C:\WINDOWS\SYSTEM32\USERENV.dll
0x00007ff989c10000 - 0x00007ff989cba000 	C:\WINDOWS\system32\ADVAPI32.dll
0x00007ff97c880000 - 0x00007ff97c89e000 	C:\WINDOWS\SYSTEM32\MPR.dll
0x00007ff98b9e0000 - 0x00007ff98bb21000 	C:\WINDOWS\system32\RPCRT4.dll
0x00007ff9899a0000 - 0x00007ff9899f9000 	C:\WINDOWS\SYSTEM32\sechost.dll
0x00007ff98bed0000 - 0x00007ff98c0e1000 	C:\WINDOWS\SYSTEM32\combase.dll
0x00007ff98a0c0000 - 0x00007ff98a211000 	C:\WINDOWS\system32\GDI32.dll
0x00007ff989470000 - 0x00007ff989485000 	C:\WINDOWS\SYSTEM32\profapi.dll
0x00007ff987810000 - 0x00007ff9878c2000 	C:\WINDOWS\SYSTEM32\SHCORE.dll
0x00007ff98a080000 - 0x00007ff98a0b6000 	C:\WINDOWS\system32\IMM32.DLL
0x00007ff98c1c0000 - 0x00007ff98c312000 	C:\WINDOWS\system32\MSCTF.dll
0x00007ff986b90000 - 0x00007ff986e0b000 	C:\WINDOWS\WinSxS\amd64_microsoft.windows.common-controls_6595b64144ccf1df_6.0.9600.17415_none_6240486fecbd8abb\COMCTL32.dll
0x0000000075f50000 - 0x0000000076022000 	C:\Program Files\Java\jre1.8.0_25\bin\msvcr100.dll
0x0000000076ae0000 - 0x000000007733a000 	C:\Program Files\Java\jre1.8.0_25\bin\server\jvm.dll
0x00007ff9707d0000 - 0x00007ff9707d9000 	C:\WINDOWS\SYSTEM32\WSOCK32.dll
0x00007ff97ca00000 - 0x00007ff97ca22000 	C:\WINDOWS\SYSTEM32\WINMM.dll
0x00007ff989e80000 - 0x00007ff989e87000 	C:\WINDOWS\system32\PSAPI.DLL
0x00007ff989a00000 - 0x00007ff989a5a000 	C:\WINDOWS\system32\WS2_32.dll
0x00007ff97c8d0000 - 0x00007ff97c8fa000 	C:\WINDOWS\SYSTEM32\WINMMBASE.dll
0x00007ff98bb30000 - 0x00007ff98bb39000 	C:\WINDOWS\system32\NSI.dll
0x00007ff989950000 - 0x00007ff98999f000 	C:\WINDOWS\SYSTEM32\cfgmgr32.dll
0x00007ff988260000 - 0x00007ff988288000 	C:\WINDOWS\SYSTEM32\DEVOBJ.dll
0x0000000076ad0000 - 0x0000000076adf000 	C:\Program Files\Java\jre1.8.0_25\bin\verify.dll
0x0000000076aa0000 - 0x0000000076ac8000 	C:\Program Files\Java\jre1.8.0_25\bin\java.dll
0x0000000076a80000 - 0x0000000076a96000 	C:\Program Files\Java\jre1.8.0_25\bin\zip.dll
0x0000000075db0000 - 0x0000000075f48000 	C:\Program Files\Java\jre1.8.0_25\bin\awt.dll
0x00007ff98c0f0000 - 0x00007ff98c1b1000 	C:\WINDOWS\system32\OLEAUT32.dll
0x00007ff987610000 - 0x00007ff987631000 	C:\WINDOWS\system32\DWMAPI.DLL
0x00007ff988130000 - 0x00007ff988259000 	C:\WINDOWS\system32\uxtheme.dll
0x00007ff9882b0000 - 0x00007ff9882bb000 	C:\WINDOWS\SYSTEM32\kernel.appcore.dll
0x00007ff989340000 - 0x00007ff98934b000 	C:\WINDOWS\SYSTEM32\CRYPTBASE.dll
0x00007ff9892d0000 - 0x00007ff989333000 	C:\WINDOWS\SYSTEM32\bcryptPrimitives.dll
0x00007ff97e8c0000 - 0x00007ff97eae1000 	C:\WINDOWS\system32\d3d9.dll
0x00007ff987180000 - 0x00007ff98718a000 	C:\WINDOWS\SYSTEM32\VERSION.dll
0x00007ff986970000 - 0x00007ff986abb000 	C:\WINDOWS\SYSTEM32\aticfx64.dll
0x00007ff965270000 - 0x00007ff965291000 	C:\WINDOWS\SYSTEM32\atiu9p64.dll
0x00007ff964a80000 - 0x00007ff965265000 	C:\WINDOWS\SYSTEM32\atiumd64.dll
0x0000000076110000 - 0x00000000768c7000 	C:\WINDOWS\SYSTEM32\atiumd6a.dll
0x00000000769f0000 - 0x0000000076a37000 	C:\Program Files\Java\jre1.8.0_25\bin\fontmanager.dll
0x00007ff988ce0000 - 0x00007ff988d00000 	C:\WINDOWS\SYSTEM32\CRYPTSP.dll
0x00007ff988900000 - 0x00007ff988936000 	C:\WINDOWS\system32\rsaenh.dll
0x00007ff988f90000 - 0x00007ff988fb6000 	C:\WINDOWS\SYSTEM32\bcrypt.dll
0x0000000076a60000 - 0x0000000076a7a000 	C:\Program Files\Java\jre1.8.0_25\bin\net.dll
0x00007ff988c80000 - 0x00007ff988cd9000 	C:\WINDOWS\system32\mswsock.dll
0x00007ff9860b0000 - 0x00007ff9860da000 	C:\WINDOWS\SYSTEM32\IPHLPAPI.DLL
0x00007ff986050000 - 0x00007ff98605a000 	C:\WINDOWS\SYSTEM32\WINNSI.DLL
0x00007ff9841e0000 - 0x00007ff9841f6000 	C:\WINDOWS\SYSTEM32\dhcpcsvc6.DLL
0x00007ff984380000 - 0x00007ff98439a000 	C:\WINDOWS\SYSTEM32\dhcpcsvc.DLL
0x0000000076a40000 - 0x0000000076a51000 	C:\Program Files\Java\jre1.8.0_25\bin\nio.dll
0x00000000637c0000 - 0x00000000637cd000 	S:\Users\Ben\AppData\Local\Temp\jogamp_0000\file_cache\jln2512341289363048266\jln2197179099501133034\gluegen-rt.dll
0x00000000769e0000 - 0x00000000769e7000 	C:\Program Files\Java\jre1.8.0_25\bin\jawt.dll
0x000000006a440000 - 0x000000006a44d000 	S:\Users\Ben\AppData\Local\Temp\jogamp_0000\file_cache\jln2512341289363048266\jln2197179099501133034\nativewindow_awt.dll
0x000000006c100000 - 0x000000006c10f000 	S:\Users\Ben\AppData\Local\Temp\jogamp_0000\file_cache\jln2512341289363048266\jln2197179099501133034\nativewindow_win32.dll
0x00007ff960620000 - 0x00007ff96074b000 	C:\WINDOWS\SYSTEM32\OpenGL32.dll
0x00007ff97d7c0000 - 0x00007ff97d7ee000 	C:\WINDOWS\SYSTEM32\GLU32.dll
0x00007ff966bf0000 - 0x00007ff966ce8000 	C:\WINDOWS\SYSTEM32\DDRAW.dll
0x00007ff980290000 - 0x00007ff980299000 	C:\WINDOWS\SYSTEM32\DCIMAN32.dll
0x0000000064500000 - 0x00000000645a2000 	S:\Users\Ben\AppData\Local\Temp\jogamp_0000\file_cache\jln2512341289363048266\jln2197179099501133034\jogl_desktop.dll
0x00007ff97d720000 - 0x00007ff97d738000 	C:\WINDOWS\SYSTEM32\atig6pxx.dll
0x0000000074200000 - 0x0000000075daf000 	C:\WINDOWS\SYSTEM32\atio6axx.dll
0x00007ff98bcf0000 - 0x00007ff98beca000 	C:\WINDOWS\system32\SETUPAPI.dll
0x00007ff986120000 - 0x00007ff986257000 	C:\WINDOWS\SYSTEM32\atiadlxx.dll
0x00007ff986710000 - 0x00007ff98688f000 	C:\WINDOWS\SYSTEM32\PROPSYS.dll
0x00007ff988080000 - 0x00007ff988092000 	C:\WINDOWS\SYSTEM32\WTSAPI32.dll
0x00007ff9898f0000 - 0x00007ff989941000 	C:\WINDOWS\system32\WINTRUST.dll
0x00007ff989540000 - 0x00007ff98971f000 	C:\WINDOWS\system32\CRYPT32.dll
0x00007ff989520000 - 0x00007ff989531000 	C:\WINDOWS\system32\MSASN1.dll
0x00007ff973720000 - 0x00007ff973749000 	C:\WINDOWS\SYSTEM32\atig6txx.dll
0x00007ff95c1a0000 - 0x00007ff95c33c000 	O:\OneDrive\Workspace\ZZavatar\lib\user\KinectPV2\Kinect20.Face.dll
0x00007ff97c900000 - 0x00007ff97c9a7000 	C:\WINDOWS\SYSTEM32\MSVCP110.dll
0x00007ff981bc0000 - 0x00007ff981c8e000 	C:\WINDOWS\SYSTEM32\MSVCR110.dll
0x00007ff980280000 - 0x00007ff980290000 	O:\OneDrive\Workspace\ZZavatar\lib\user\KinectPV2\KinectPV2.dll
0x00007ff960560000 - 0x00007ff96061a000 	C:\WINDOWS\SYSTEM32\Kinect20.dll
0x00007ff97ca30000 - 0x00007ff97cb1b000 	C:\WINDOWS\SYSTEM32\MFPlat.DLL
0x00007ff97c8a0000 - 0x00007ff97c8c7000 	C:\WINDOWS\SYSTEM32\RTWorkQ.DLL
0x00007ff987050000 - 0x00007ff98705c000 	C:\WINDOWS\SYSTEM32\AVRT.dll
0x00007ff963e10000 - 0x00007ff963f9a000 	C:\WINDOWS\SYSTEM32\dbghelp.dll

VM Arguments:
jvm_args: -Djava.library.path=O:\OneDrive\Workspace\ZZavatar\lib\base\video;O:\OneDrive\Workspace\ZZavatar\lib\base\video;O:\OneDrive\Workspace\ZZavatar\lib\base\video;O:\OneDrive\Workspace\ZZavatar\lib\base\core;O:\OneDrive\Workspace\ZZavatar\lib\base\core;O:\OneDrive\Workspace\ZZavatar\lib\base\core;O:\OneDrive\Workspace\ZZavatar\lib\base\core;O:\OneDrive\Workspace\ZZavatar\lib\base\core;O:\OneDrive\Workspace\ZZavatar\lib\base\core;O:\OneDrive\Workspace\ZZavatar\lib\base\core;O:\OneDrive\Workspace\ZZavatar\lib\base\core;O:\OneDrive\Workspace\ZZavatar\lib\base\core;O:\OneDrive\Workspace\ZZavatar\lib\base\core;O:\OneDrive\Workspace\ZZavatar\lib\base\core;O:\OneDrive\Workspace\ZZavatar\lib\base\core;O:\OneDrive\Workspace\ZZavatar\lib\base\core;O:\OneDrive\Workspace\ZZavatar\lib\base\core;O:\OneDrive\Workspace\ZZavatar\lib\base\core;O:\OneDrive\Workspace\ZZavatar\lib\user\Kinect4WinSDK;O:\OneDrive\Workspace\ZZavatar\lib\user\KinectPV2;O:\OneDrive\Workspace\ZZavatar\lib\user\SimpleOpenNI -Dfile.encoding=Cp1252 
java_command: zzavatar.ZZavatar
java_class_path (initial): O:\OneDrive\Workspace\ZZavatar\lib\base\video\gstreamer-java.jar;O:\OneDrive\Workspace\ZZavatar\lib\base\video\jna.jar;O:\OneDrive\Workspace\ZZavatar\lib\base\video\video.jar;O:\OneDrive\Workspace\ZZavatar\lib\base\core\core.jar;O:\OneDrive\Workspace\ZZavatar\lib\base\core\gluegen-rt-natives-linux-amd64.jar;O:\OneDrive\Workspace\ZZavatar\lib\base\core\gluegen-rt-natives-linux-armv6hf.jar;O:\OneDrive\Workspace\ZZavatar\lib\base\core\gluegen-rt-natives-linux-i586.jar;O:\OneDrive\Workspace\ZZavatar\lib\base\core\gluegen-rt-natives-macosx-universal.jar;O:\OneDrive\Workspace\ZZavatar\lib\base\core\gluegen-rt-natives-windows-amd64.jar;O:\OneDrive\Workspace\ZZavatar\lib\base\core\gluegen-rt-natives-windows-i586.jar;O:\OneDrive\Workspace\ZZavatar\lib\base\core\gluegen-rt.jar;O:\OneDrive\Workspace\ZZavatar\lib\base\core\jogl-all-natives-linux-amd64.jar;O:\OneDrive\Workspace\ZZavatar\lib\base\core\jogl-all-natives-linux-armv6hf.jar;O:\OneDrive\Workspace\ZZavatar\lib\base\core\jogl-all-natives-linux-i586.jar;O:\OneDrive\Workspace\ZZavatar\lib\base\core\jogl-all-natives-macosx-universal.jar;O:\OneDrive\Workspace\ZZavatar\lib\base\core\jogl-all-natives-windows-amd64.jar;O:\OneDrive\Workspace\ZZavatar\lib\base\core\jogl-all-natives-windows-i586.jar;O:\OneDrive\Workspace\ZZavatar\lib\base\core\jogl-all.jar;O:\OneDrive\Workspace\ZZavatar\lib\user\Kinect4WinSDK\Kinect4WinSDK.jar;O:\OneDrive\Workspace\ZZavatar\lib\user\KinectPV2\KinectPV2.jar;O:\OneDrive\Workspace\ZZavatar\lib\user\SimpleOpenNI\SimpleOpenNI.jar;O:\OneDrive\Workspace\ZZavatar\bin
Launcher Type: SUN_STANDARD

Environment Variables:
JAVA_HOME=C:\Program Files\Java\jdk1.8.0_25
PATH=C:/Program Files/Java/jre1.8.0_25/bin/server;C:/Program Files/Java/jre1.8.0_25/bin;C:/Program Files/Java/jre1.8.0_25/lib/amd64;C:\Program Files (x86)\NVIDIA Corporation\PhysX\Common;C:\ProgramData\Oracle\Java\javapath;C:\Program Files (x86)\Common Files\Intel\Shared Libraries\redist\intel64\compiler;C:\Program Files (x86)\Common Files\Intel\Shared Libraries\redist\ia32\compiler;C:\Program Files (x86)\Intel\iCLS Client\;C:\Program Files\Intel\iCLS Client\;C:\Program Files (x86)\AMD APP\bin\x86_64;C:\Program Files (x86)\AMD APP\bin\x86;C:\WINDOWS\system32;C:\WINDOWS;C:\WINDOWS\System32\Wbem;C:\WINDOWS\System32\WindowsPowerShell\v1.0\;C:\Program Files (x86)\ATI Technologies\ATI.ACE\Core-Static;C:\Program Files\Intel\Intel(R) Management Engine Components\DAL;C:\Program Files\Intel\Intel(R) Management Engine Components\IPT;C:\Program Files (x86)\Intel\Intel(R) Management Engine Components\DAL;C:\Program Files (x86)\Intel\Intel(R) Management Engine Components\IPT;C:\Program Files\Sony\VAIO Improvement\;C:\Program Files (x86)\Sony\VAIO Startup Setting Tool;C:\Program Files (x86)\Windows Kits\8.1\Windows Performance Toolkit\;C:\Program Files\Microsoft SQL Server\110\Tools\Binn\;C:\Program Files (x86)\Microsoft SDKs\TypeScript\1.0\;C:\Program Files\Microsoft\Web Platform Installer\;C:\Program Files (x86)\Java\jre1.8.0_25\bin;P:\Programs\Python27\Scripts;P:\Programs\Python27;C:\Program Files\Common Files\Autodesk Shared\;P:\Program Files\Programs;P:\Program Files\Games;P:\Programs\Eclipse;
USERNAME=Benoît
OS=Windows_NT
PROCESSOR_IDENTIFIER=Intel64 Family 6 Model 58 Stepping 9, GenuineIntel



---------------  S Y S T E M  ---------------

OS: Windows 8.1 , 64 bit Build 9600 

CPU:total 8 (4 cores per cpu, 2 threads per core) family 6 model 58 stepping 9, cmov, cx8, fxsr, mmx, sse, sse2, sse3, ssse3, sse4.1, sse4.2, popcnt, avx, aes, clmul, erms, ht, tsc, tscinvbit, tscinv

Memory: 4k page, physical 6237468k(1746756k free), swap 10431772k(4623080k free)

vm_info: Java HotSpot(TM) 64-Bit Server VM (25.25-b02) for windows-amd64 JRE (1.8.0_25-b18), built on Oct  7 2014 14:25:37 by "java_re" with MS VC++ 10.0 (VS2010)

time: Fri Apr 24 13:01:12 2015
elapsed time: 20 seconds (0d 0h 0m 20s)

