#
# A fatal error has been detected by the Java Runtime Environment:
#
#  EXCEPTION_ACCESS_VIOLATION (0xc0000005) at pc=0x00000000658b8af4, pid=3076, tid=6920
#
# JRE version: Java(TM) SE Runtime Environment (8.0_25-b18) (build 1.8.0_25-b18)
# Java VM: Java HotSpot(TM) 64-Bit Server VM (25.25-b02 mixed mode windows-amd64 compressed oops)
# Problematic frame:
# C  [atio6axx.dll+0xed8af4]
#
# Failed to write core dump. Minidumps are not enabled by default on client versions of Windows
#
# If you would like to submit a bug report, please visit:
#   http://bugreport.sun.com/bugreport/crash.jsp
# The crash happened outside the Java Virtual Machine in native code.
# See problematic frame for where to report the bug.
#

---------------  T H R E A D  ---------------

Current thread (0x000000001936f800):  JavaThread "Animation Thread" [_thread_in_native, id=6920, stack(0x000000001c580000,0x000000001c680000)]

siginfo: ExceptionCode=0xc0000005, reading address 0x0000000000000010

Registers:
RAX=0x0000000066159618, RBX=0x000000002e463040, RCX=0x000000001f5aaeb0, RDX=0x0000000000000000
RSP=0x000000001c67e6a0, RBP=0x0000000000000006, RSI=0x0000000000000000, RDI=0x000000001f32ce88
R8 =0x000000001c67e438, R9 =0x0000000000008000, R10=0x0000000000000000, R11=0x000000001c67e768
R12=0x0000000000000000, R13=0x000000001f98e0e0, R14=0x000000001c67e860, R15=0x000000001936f800
RIP=0x00000000658b8af4, EFLAGS=0x0000000000010206

Top of Stack: (sp=0x000000001c67e6a0)
0x000000001c67e6a0:   00000000005b0000 000000002e463040
0x000000001c67e6b0:   0000000000000000 0000000000000002
0x000000001c67e6c0:   000000001936f800 000000001fd53808
0x000000001c67e6d0:   0000000000000006 00007ffe725b3252
0x000000001c67e6e0:   0000000000000000 000000001fd53790
0x000000001c67e6f0:   000000001936f800 000000001fd53808
0x000000001c67e700:   000000001936f800 00007ffe725ad83c
0x000000001c67e710:   0000000000000000 000000001f32cce0
0x000000001c67e720:   0000000000000000 0000000000000006
0x000000001c67e730:   000000002e463040 00007ffe80286388
0x000000001c67e740:   0000000000000000 0000000000000000
0x000000001c67e750:   000000001f98e0e0 000000001f32ce88
0x000000001c67e760:   0000000000000006 00007ffe7d904116
0x000000001c67e770:   000000001f5aaeb0 000000001fd537d8
0x000000001c67e780:   000000001c67e438 0000000000008000
0x000000001c67e790:   000000001c67e860 00007ffe7d901fba 

Instructions: (pc=0x00000000658b8af4)
0x00000000658b8ad4:   89 4b 20 4d 89 43 18 49 89 4b 08 55 57 41 55 41
0x00000000658b8ae4:   56 48 81 ec a8 00 00 00 4c 8b b4 24 f0 00 00 00
0x00000000658b8af4:   48 8b 7a 10 45 8b d1 4d 8b c8 4c 8b ea 4c 8b c1
0x00000000658b8b04:   4d 85 f6 0f 84 62 02 00 00 8b ac 24 f8 00 00 00 


Register to memory mapping:

RAX=0x0000000066159618 is an unknown value
RBX=0x000000002e463040 is an unknown value
RCX=0x000000001f5aaeb0 is an unknown value
RDX=0x0000000000000000 is an unknown value
RSP=0x000000001c67e6a0 is pointing into the stack for thread: 0x000000001936f800
RBP=0x0000000000000006 is an unknown value
RSI=0x0000000000000000 is an unknown value
RDI=0x000000001f32ce88 is an unknown value
R8 =0x000000001c67e438 is pointing into the stack for thread: 0x000000001936f800
R9 =0x0000000000008000 is an unknown value
R10=0x0000000000000000 is an unknown value
R11=0x000000001c67e768 is pointing into the stack for thread: 0x000000001936f800
R12=0x0000000000000000 is an unknown value
R13={method} {0x000000001f98e0e8} 'jniStopDevice' '()V' in 'KinectPV2/Device'
R14=0x000000001c67e860 is pointing into the stack for thread: 0x000000001936f800
R15=0x000000001936f800 is a thread


Stack: [0x000000001c580000,0x000000001c680000],  sp=0x000000001c67e6a0,  free space=1017k
Native frames: (J=compiled Java code, j=interpreted, Vv=VM code, C=native code)
C  [atio6axx.dll+0xed8af4]
C  [KinectPV2.dll+0x4116]
C  [KinectPV2.dll+0x1fba]
C  0x00000000022b5b74

Java frames: (J=compiled Java code, j=interpreted, Vv=VM code)
j  KinectPV2.Device.jniStopDevice()V+0
j  KinectPV2.Device.stopDevice()V+41
j  KinectPV2.KinectPV2.dispose()V+14
v  ~StubRoutines::call_stub
j  sun.reflect.NativeMethodAccessorImpl.invoke0(Ljava/lang/reflect/Method;Ljava/lang/Object;[Ljava/lang/Object;)Ljava/lang/Object;+0
j  sun.reflect.NativeMethodAccessorImpl.invoke(Ljava/lang/Object;[Ljava/lang/Object;)Ljava/lang/Object;+100
J 1940 C1 sun.reflect.DelegatingMethodAccessorImpl.invoke(Ljava/lang/Object;[Ljava/lang/Object;)Ljava/lang/Object; (10 bytes) @ 0x00000000029b5bc4 [0x00000000029b5ac0+0x104]
J 1939 C1 java.lang.reflect.Method.invoke(Ljava/lang/Object;[Ljava/lang/Object;)Ljava/lang/Object; (62 bytes) @ 0x00000000029b3824 [0x00000000029b3440+0x3e4]
j  processing.core.PApplet$RegisteredMethods.handle([Ljava/lang/Object;)V+18
J 1636 C1 processing.core.PApplet.handleMethods(Ljava/lang/String;)V (21 bytes) @ 0x00000000028c91dc [0x00000000028c8f20+0x2bc]
j  processing.core.PApplet.dispose()V+35
j  processing.core.PApplet.run()V+283
j  java.lang.Thread.run()V+11
v  ~StubRoutines::call_stub

---------------  P R O C E S S  ---------------

Java Threads: ( => current thread )
  0x00000000196be000 JavaThread "Animation Thread-SharedResourceRunner" daemon [_thread_blocked, id=1664, stack(0x000000001e9d0000,0x000000001ead0000)]
  0x000000000209e800 JavaThread "DestroyJavaVM" [_thread_blocked, id=1332, stack(0x00000000020a0000,0x00000000021a0000)]
  0x0000000019371000 JavaThread "D3D Screen Updater" daemon [_thread_blocked, id=4080, stack(0x000000001c880000,0x000000001c980000)]
=>0x000000001936f800 JavaThread "Animation Thread" [_thread_in_native, id=6920, stack(0x000000001c580000,0x000000001c680000)]
  0x0000000019334800 JavaThread "AWT-EventQueue-0" [_thread_blocked, id=200, stack(0x000000001c380000,0x000000001c480000)]
  0x00000000183ba000 JavaThread "AWT-Windows" daemon [_thread_in_native, id=6380, stack(0x0000000019ba0000,0x0000000019ca0000)]
  0x00000000183b9800 JavaThread "AWT-Shutdown" [_thread_blocked, id=7984, stack(0x0000000019aa0000,0x0000000019ba0000)]
  0x0000000019290000 JavaThread "Java2D Disposer" daemon [_thread_blocked, id=6052, stack(0x00000000199a0000,0x0000000019aa0000)]
  0x0000000018077800 JavaThread "Service Thread" daemon [_thread_blocked, id=5448, stack(0x00000000189c0000,0x0000000018ac0000)]
  0x0000000017fff000 JavaThread "C1 CompilerThread3" daemon [_thread_blocked, id=6164, stack(0x00000000188c0000,0x00000000189c0000)]
  0x0000000017ffe800 JavaThread "C2 CompilerThread2" daemon [_thread_blocked, id=3572, stack(0x00000000187c0000,0x00000000188c0000)]
  0x0000000017fea800 JavaThread "C2 CompilerThread1" daemon [_thread_blocked, id=7608, stack(0x00000000186c0000,0x00000000187c0000)]
  0x0000000017fe8800 JavaThread "C2 CompilerThread0" daemon [_thread_blocked, id=8164, stack(0x00000000185c0000,0x00000000186c0000)]
  0x0000000017fe7000 JavaThread "Attach Listener" daemon [_thread_blocked, id=4956, stack(0x00000000184c0000,0x00000000185c0000)]
  0x0000000017fe6000 JavaThread "Signal Dispatcher" daemon [_thread_blocked, id=1976, stack(0x00000000183c0000,0x00000000184c0000)]
  0x000000000229a000 JavaThread "Finalizer" daemon [_thread_blocked, id=4708, stack(0x0000000017ec0000,0x0000000017fc0000)]
  0x0000000015fec000 JavaThread "Reference Handler" daemon [_thread_blocked, id=1176, stack(0x0000000017dc0000,0x0000000017ec0000)]

Other Threads:
  0x0000000015fe8000 VMThread [stack: 0x0000000017cc0000,0x0000000017dc0000] [id=4864]
  0x0000000018079800 WatcherThread [stack: 0x0000000018ac0000,0x0000000018bc0000] [id=928]

VM state:not at safepoint (normal execution)

VM Mutex/Monitor currently owned by a thread: None

Heap:
 PSYoungGen      total 413184K, used 25098K [0x00000000e0400000, 0x00000000faa80000, 0x0000000100000000)
  eden space 394240K, 4% used [0x00000000e0400000,0x00000000e1469a98,0x00000000f8500000)
  from space 18944K, 43% used [0x00000000f9780000,0x00000000f9f99010,0x00000000faa00000)
  to   space 18944K, 0% used [0x00000000f8500000,0x00000000f8500000,0x00000000f9780000)
 ParOldGen       total 231936K, used 170210K [0x00000000a0c00000, 0x00000000aee80000, 0x00000000e0400000)
  object space 231936K, 73% used [0x00000000a0c00000,0x00000000ab238850,0x00000000aee80000)
 Metaspace       used 17999K, capacity 18185K, committed 18432K, reserved 1067008K
  class space    used 1723K, capacity 1761K, committed 1792K, reserved 1048576K

Card table byte_map: [0x0000000011660000,0x0000000011960000] byte_map_base: 0x000000001115a000

Marking Bits: (ParMarkBitMap*) 0x000000006708d490
 Begin Bits: [0x0000000012360000, 0x0000000013b30000)
 End Bits:   [0x0000000013b30000, 0x0000000015300000)

Polling page: 0x0000000000880000

CodeCache: size=245760Kb used=8831Kb max_used=8872Kb free=236928Kb
 bounds [0x00000000022a0000, 0x0000000002b60000, 0x00000000112a0000]
 total_blobs=3214 nmethods=2343 adapters=785
 compilation: enabled

Compilation events (10 events):
Event: 25.244 Thread 0x0000000017fea800 2368       4       KinectPV2.Skeleton::createSkeleton3D (284 bytes)
Event: 25.248 Thread 0x0000000017fea800 nmethod 2368 0x00000000023a0890 code [0x00000000023a0a00, 0x00000000023a0c98]
Event: 25.587 Thread 0x0000000017fe8800 2369       4       java.util.Arrays::rangeCheck (74 bytes)
Event: 25.587 Thread 0x0000000017fe8800 nmethod 2369 0x00000000023a0590 code [0x00000000023a06c0, 0x00000000023a0738]
Event: 25.687 Thread 0x0000000017ffe800 2370       4       java.util.concurrent.locks.ReentrantLock::lock (8 bytes)
Event: 25.688 Thread 0x0000000017ffe800 nmethod 2370 0x0000000002440dd0 code [0x0000000002440f20, 0x0000000002440fe8]
Event: 26.287 Thread 0x0000000017fea800 2371       4       java.util.concurrent.locks.ReentrantLock::unlock (10 bytes)
Event: 26.290 Thread 0x0000000017fea800 nmethod 2371 0x00000000024488d0 code [0x0000000002448a20, 0x0000000002448ba8]
Event: 26.437 Thread 0x0000000017fff000 2372       3       java.util.HashSet::<init> (16 bytes)
Event: 26.438 Thread 0x0000000017fff000 nmethod 2372 0x00000000023d1ed0 code [0x00000000023d2060, 0x00000000023d2470]

GC Heap History (10 events):
Event: 23.941 GC heap before
{Heap before GC invocations=47 (full 3):
 PSYoungGen      total 404992K, used 392740K [0x00000000e0400000, 0x00000000fa580000, 0x0000000100000000)
  eden space 384512K, 100% used [0x00000000e0400000,0x00000000f7b80000,0x00000000f7b80000)
  from space 20480K, 40% used [0x00000000f7b80000,0x00000000f8389010,0x00000000f8f80000)
  to   space 19968K, 0% used [0x00000000f9200000,0x00000000f9200000,0x00000000fa580000)
 ParOldGen       total 231936K, used 170154K [0x00000000a0c00000, 0x00000000aee80000, 0x00000000e0400000)
  object space 231936K, 73% used [0x00000000a0c00000,0x00000000ab22a850,0x00000000aee80000)
 Metaspace       used 17964K, capacity 18185K, committed 18432K, reserved 1067008K
  class space    used 1712K, capacity 1761K, committed 1792K, reserved 1048576K
Event: 23.946 GC heap after
Heap after GC invocations=47 (full 3):
 PSYoungGen      total 407552K, used 9076K [0x00000000e0400000, 0x00000000fa680000, 0x0000000100000000)
  eden space 387584K, 0% used [0x00000000e0400000,0x00000000e0400000,0x00000000f7e80000)
  from space 19968K, 45% used [0x00000000f9200000,0x00000000f9add020,0x00000000fa580000)
  to   space 19968K, 0% used [0x00000000f7e80000,0x00000000f7e80000,0x00000000f9200000)
 ParOldGen       total 231936K, used 170154K [0x00000000a0c00000, 0x00000000aee80000, 0x00000000e0400000)
  object space 231936K, 73% used [0x00000000a0c00000,0x00000000ab22a850,0x00000000aee80000)
 Metaspace       used 17964K, capacity 18185K, committed 18432K, reserved 1067008K
  class space    used 1712K, capacity 1761K, committed 1792K, reserved 1048576K
}
Event: 24.566 GC heap before
{Heap before GC invocations=48 (full 3):
 PSYoungGen      total 407552K, used 390082K [0x00000000e0400000, 0x00000000fa680000, 0x0000000100000000)
  eden space 387584K, 98% used [0x00000000e0400000,0x00000000f7813960,0x00000000f7e80000)
  from space 19968K, 45% used [0x00000000f9200000,0x00000000f9add020,0x00000000fa580000)
  to   space 19968K, 0% used [0x00000000f7e80000,0x00000000f7e80000,0x00000000f9200000)
 ParOldGen       total 231936K, used 170154K [0x00000000a0c00000, 0x00000000aee80000, 0x00000000e0400000)
  object space 231936K, 73% used [0x00000000a0c00000,0x00000000ab22a850,0x00000000aee80000)
 Metaspace       used 17964K, capacity 18185K, committed 18432K, reserved 1067008K
  class space    used 1712K, capacity 1761K, committed 1792K, reserved 1048576K
Event: 24.568 GC heap after
Heap after GC invocations=48 (full 3):
 PSYoungGen      total 407552K, used 192K [0x00000000e0400000, 0x00000000fa800000, 0x0000000100000000)
  eden space 387584K, 0% used [0x00000000e0400000,0x00000000e0400000,0x00000000f7e80000)
  from space 19968K, 0% used [0x00000000f7e80000,0x00000000f7eb0000,0x00000000f9200000)
  to   space 19456K, 0% used [0x00000000f9500000,0x00000000f9500000,0x00000000fa800000)
 ParOldGen       total 231936K, used 170178K [0x00000000a0c00000, 0x00000000aee80000, 0x00000000e0400000)
  object space 231936K, 73% used [0x00000000a0c00000,0x00000000ab230850,0x00000000aee80000)
 Metaspace       used 17964K, capacity 18185K, committed 18432K, reserved 1067008K
  class space    used 1712K, capacity 1761K, committed 1792K, reserved 1048576K
}
Event: 25.172 GC heap before
{Heap before GC invocations=49 (full 3):
 PSYoungGen      total 407552K, used 387776K [0x00000000e0400000, 0x00000000fa800000, 0x0000000100000000)
  eden space 387584K, 100% used [0x00000000e0400000,0x00000000f7e80000,0x00000000f7e80000)
  from space 19968K, 0% used [0x00000000f7e80000,0x00000000f7eb0000,0x00000000f9200000)
  to   space 19456K, 0% used [0x00000000f9500000,0x00000000f9500000,0x00000000fa800000)
 ParOldGen       total 231936K, used 170178K [0x00000000a0c00000, 0x00000000aee80000, 0x00000000e0400000)
  object space 231936K, 73% used [0x00000000a0c00000,0x00000000ab230850,0x00000000aee80000)
 Metaspace       used 17964K, capacity 18185K, committed 18432K, reserved 1067008K
  class space    used 1712K, capacity 1761K, committed 1792K, reserved 1048576K
Event: 25.175 GC heap after
Heap after GC invocations=49 (full 3):
 PSYoungGen      total 410624K, used 8260K [0x00000000e0400000, 0x00000000fa800000, 0x0000000100000000)
  eden space 391168K, 0% used [0x00000000e0400000,0x00000000e0400000,0x00000000f8200000)
  from space 19456K, 42% used [0x00000000f9500000,0x00000000f9d11010,0x00000000fa800000)
  to   space 19456K, 0% used [0x00000000f8200000,0x00000000f8200000,0x00000000f9500000)
 ParOldGen       total 231936K, used 170178K [0x00000000a0c00000, 0x00000000aee80000, 0x00000000e0400000)
  object space 231936K, 73% used [0x00000000a0c00000,0x00000000ab230850,0x00000000aee80000)
 Metaspace       used 17964K, capacity 18185K, committed 18432K, reserved 1067008K
  class space    used 1712K, capacity 1761K, committed 1792K, reserved 1048576K
}
Event: 25.803 GC heap before
{Heap before GC invocations=50 (full 3):
 PSYoungGen      total 410624K, used 395521K [0x00000000e0400000, 0x00000000fa800000, 0x0000000100000000)
  eden space 391168K, 99% used [0x00000000e0400000,0x00000000f7e2f778,0x00000000f8200000)
  from space 19456K, 42% used [0x00000000f9500000,0x00000000f9d11010,0x00000000fa800000)
  to   space 19456K, 0% used [0x00000000f8200000,0x00000000f8200000,0x00000000f9500000)
 ParOldGen       total 231936K, used 170178K [0x00000000a0c00000, 0x00000000aee80000, 0x00000000e0400000)
  object space 231936K, 73% used [0x00000000a0c00000,0x00000000ab230850,0x00000000aee80000)
 Metaspace       used 17964K, capacity 18185K, committed 18432K, reserved 1067008K
  class space    used 1712K, capacity 1761K, committed 1792K, reserved 1048576K
Event: 25.804 GC heap after
Heap after GC invocations=50 (full 3):
 PSYoungGen      total 410624K, used 128K [0x00000000e0400000, 0x00000000faa00000, 0x0000000100000000)
  eden space 391168K, 0% used [0x00000000e0400000,0x00000000e0400000,0x00000000f8200000)
  from space 19456K, 0% used [0x00000000f8200000,0x00000000f8220000,0x00000000f9500000)
  to   space 18944K, 0% used [0x00000000f9780000,0x00000000f9780000,0x00000000faa00000)
 ParOldGen       total 231936K, used 170178K [0x00000000a0c00000, 0x00000000aee80000, 0x00000000e0400000)
  object space 231936K, 73% used [0x00000000a0c00000,0x00000000ab230850,0x00000000aee80000)
 Metaspace       used 17964K, capacity 18185K, committed 18432K, reserved 1067008K
  class space    used 1712K, capacity 1761K, committed 1792K, reserved 1048576K
}
Event: 26.408 GC heap before
{Heap before GC invocations=51 (full 3):
 PSYoungGen      total 410624K, used 391296K [0x00000000e0400000, 0x00000000faa00000, 0x0000000100000000)
  eden space 391168K, 100% used [0x00000000e0400000,0x00000000f8200000,0x00000000f8200000)
  from space 19456K, 0% used [0x00000000f8200000,0x00000000f8220000,0x00000000f9500000)
  to   space 18944K, 0% used [0x00000000f9780000,0x00000000f9780000,0x00000000faa00000)
 ParOldGen       total 231936K, used 170178K [0x00000000a0c00000, 0x00000000aee80000, 0x00000000e0400000)
  object space 231936K, 73% used [0x00000000a0c00000,0x00000000ab230850,0x00000000aee80000)
 Metaspace       used 17998K, capacity 18185K, committed 18432K, reserved 1067008K
  class space    used 1723K, capacity 1761K, committed 1792K, reserved 1048576K
Event: 26.411 GC heap after
Heap after GC invocations=51 (full 3):
 PSYoungGen      total 413184K, used 8292K [0x00000000e0400000, 0x00000000faa80000, 0x0000000100000000)
  eden space 394240K, 0% used [0x00000000e0400000,0x00000000e0400000,0x00000000f8500000)
  from space 18944K, 43% used [0x00000000f9780000,0x00000000f9f99010,0x00000000faa00000)
  to   space 18944K, 0% used [0x00000000f8500000,0x00000000f8500000,0x00000000f9780000)
 ParOldGen       total 231936K, used 170210K [0x00000000a0c00000, 0x00000000aee80000, 0x00000000e0400000)
  object space 231936K, 73% used [0x00000000a0c00000,0x00000000ab238850,0x00000000aee80000)
 Metaspace       used 17998K, capacity 18185K, committed 18432K, reserved 1067008K
  class space    used 1723K, capacity 1761K, committed 1792K, reserved 1048576K
}

Deoptimization events (10 events):
Event: 1.795 Thread 0x0000000019334800 Uncommon trap: reason=unreached action=reinterpret pc=0x00000000025a4a4c method=com.jogamp.common.nio.Buffers.getDirectBufferByteOffset(Ljava/lang/Object;)I @ 1
Event: 2.126 Thread 0x0000000019334800 Uncommon trap: reason=unreached action=reinterpret pc=0x00000000025a7350 method=com.jogamp.common.util.IntIntHashMap.get(I)I @ 19
Event: 2.560 Thread 0x0000000019334800 Uncommon trap: reason=array_check action=maybe_recompile pc=0x000000000266b6f8 method=java.util.AbstractCollection.toArray([Ljava/lang/Object;)[Ljava/lang/Object; @ 119
Event: 2.560 Thread 0x0000000019334800 Uncommon trap: reason=array_check action=maybe_recompile pc=0x000000000266b6f8 method=java.util.AbstractCollection.toArray([Ljava/lang/Object;)[Ljava/lang/Object; @ 119
Event: 2.560 Thread 0x0000000019334800 Uncommon trap: reason=array_check action=maybe_recompile pc=0x000000000266b6f8 method=java.util.AbstractCollection.toArray([Ljava/lang/Object;)[Ljava/lang/Object; @ 119
Event: 2.560 Thread 0x0000000019334800 Uncommon trap: reason=array_check action=maybe_recompile pc=0x000000000266b6f8 method=java.util.AbstractCollection.toArray([Ljava/lang/Object;)[Ljava/lang/Object; @ 119
Event: 2.637 Thread 0x0000000019340000 Uncommon trap: reason=range_check action=make_not_entrant pc=0x0000000002623a50 method=java.awt.image.DirectColorModel.setFields()V @ 65
Event: 3.137 Thread 0x0000000019334800 Uncommon trap: reason=predicate action=maybe_recompile pc=0x0000000002684984 method=java.util.ArrayList.indexOf(Ljava/lang/Object;)I @ 44
Event: 3.627 Thread 0x0000000019334800 Uncommon trap: reason=unreached action=reinterpret pc=0x000000000269d140 method=processing.opengl.PGraphicsOpenGL$InGeometry.addVertex(FFFIFFFFFIFIIIFIZ)I @ 218
Event: 3.840 Thread 0x0000000019334800 Uncommon trap: reason=unreached action=reinterpret pc=0x0000000002565430 method=java.lang.reflect.AccessibleObject.setAccessible0(Ljava/lang/reflect/AccessibleObject;Z)V @ 4

Internal exceptions (10 events):
Event: 3.500 Thread 0x0000000019334800 Exception <a 'java/security/PrivilegedActionException'> (0x00000000e4a87d70) thrown at [D:\re\workspace\8-2-build-windows-amd64-cygwin\jdk8u25\1677\hotspot\src\share\vm\prims\jvm.cpp, line 1312]
Event: 3.500 Thread 0x0000000019334800 Exception <a 'java/security/PrivilegedActionException'> (0x00000000e4a8bc30) thrown at [D:\re\workspace\8-2-build-windows-amd64-cygwin\jdk8u25\1677\hotspot\src\share\vm\prims\jvm.cpp, line 1312]
Event: 3.500 Thread 0x0000000019334800 Exception <a 'java/security/PrivilegedActionException'> (0x00000000e4a90038) thrown at [D:\re\workspace\8-2-build-windows-amd64-cygwin\jdk8u25\1677\hotspot\src\share\vm\prims\jvm.cpp, line 1312]
Event: 3.501 Thread 0x0000000019334800 Exception <a 'java/security/PrivilegedActionException'> (0x00000000e4a94420) thrown at [D:\re\workspace\8-2-build-windows-amd64-cygwin\jdk8u25\1677\hotspot\src\share\vm\prims\jvm.cpp, line 1312]
Event: 3.501 Thread 0x0000000019334800 Exception <a 'java/security/PrivilegedActionException'> (0x00000000e4a97f78) thrown at [D:\re\workspace\8-2-build-windows-amd64-cygwin\jdk8u25\1677\hotspot\src\share\vm\prims\jvm.cpp, line 1312]
Event: 3.501 Thread 0x0000000019334800 Exception <a 'java/security/PrivilegedActionException'> (0x00000000e4a9c778) thrown at [D:\re\workspace\8-2-build-windows-amd64-cygwin\jdk8u25\1677\hotspot\src\share\vm\prims\jvm.cpp, line 1312]
Event: 3.501 Thread 0x0000000019334800 Exception <a 'java/security/PrivilegedActionException'> (0x00000000e4a9feb0) thrown at [D:\re\workspace\8-2-build-windows-amd64-cygwin\jdk8u25\1677\hotspot\src\share\vm\prims\jvm.cpp, line 1312]
Event: 3.502 Thread 0x0000000019334800 Exception <a 'java/security/PrivilegedActionException'> (0x00000000e4aa3df8) thrown at [D:\re\workspace\8-2-build-windows-amd64-cygwin\jdk8u25\1677\hotspot\src\share\vm\prims\jvm.cpp, line 1312]
Event: 3.502 Thread 0x0000000019334800 Exception <a 'java/security/PrivilegedActionException'> (0x00000000e4aa9d08) thrown at [D:\re\workspace\8-2-build-windows-amd64-cygwin\jdk8u25\1677\hotspot\src\share\vm\prims\jvm.cpp, line 1312]
Event: 3.514 Thread 0x0000000019334800 Exception <a 'java/security/PrivilegedActionException'> (0x00000000e4bd81b8) thrown at [D:\re\workspace\8-2-build-windows-amd64-cygwin\jdk8u25\1677\hotspot\src\share\vm\prims\jvm.cpp, line 1312]

Events (10 events):
Event: 26.388 loading class javax/swing/KeyboardManager done
Event: 26.388 loading class javax/swing/Popup$HeavyWeightWindow
Event: 26.388 loading class sun/awt/ModalExclude
Event: 26.388 loading class sun/awt/ModalExclude done
Event: 26.388 loading class javax/swing/JWindow
Event: 26.388 loading class javax/swing/JWindow done
Event: 26.388 loading class javax/swing/Popup$HeavyWeightWindow done
Event: 26.406 Executing VM operation: ParallelGCFailedAllocation
Event: 26.411 Executing VM operation: ParallelGCFailedAllocation done
Event: 26.438 Thread 0x000000001da58800 Thread exited: 0x000000001da58800


Dynamic libraries:
0x00007ff68d590000 - 0x00007ff68d5c4000 	C:\Program Files\Java\jre1.8.0_25\bin\javaw.exe
0x00007ffe8a980000 - 0x00007ffe8ab2c000 	C:\WINDOWS\SYSTEM32\ntdll.dll
0x00007ffe880e0000 - 0x00007ffe8821e000 	C:\WINDOWS\system32\KERNEL32.DLL
0x00007ffe87c50000 - 0x00007ffe87d65000 	C:\WINDOWS\system32\KERNELBASE.dll
0x00007ffe86650000 - 0x00007ffe866de000 	C:\WINDOWS\system32\apphelp.dll
0x00007ffe7bde0000 - 0x00007ffe7be33000 	C:\WINDOWS\AppPatch\AppPatch64\AcGenral.DLL
0x00007ffe88c10000 - 0x00007ffe88cba000 	C:\WINDOWS\system32\msvcrt.dll
0x00007ffe87900000 - 0x00007ffe8792e000 	C:\WINDOWS\SYSTEM32\SspiCli.dll
0x00007ffe885f0000 - 0x00007ffe88644000 	C:\WINDOWS\system32\SHLWAPI.dll
0x00007ffe88290000 - 0x00007ffe88407000 	C:\WINDOWS\system32\USER32.dll
0x00007ffe8a400000 - 0x00007ffe8a594000 	C:\WINDOWS\system32\ole32.dll
0x00007ffe88ee0000 - 0x00007ffe8a3f8000 	C:\WINDOWS\system32\SHELL32.dll
0x00007ffe87070000 - 0x00007ffe87091000 	C:\WINDOWS\SYSTEM32\USERENV.dll
0x00007ffe889f0000 - 0x00007ffe88a9a000 	C:\WINDOWS\system32\ADVAPI32.dll
0x00007ffe7af60000 - 0x00007ffe7af7e000 	C:\WINDOWS\SYSTEM32\MPR.dll
0x00007ffe88840000 - 0x00007ffe88981000 	C:\WINDOWS\system32\RPCRT4.dll
0x00007ffe88b60000 - 0x00007ffe88bb9000 	C:\WINDOWS\SYSTEM32\sechost.dll
0x00007ffe88cc0000 - 0x00007ffe88ed1000 	C:\WINDOWS\SYSTEM32\combase.dll
0x00007ffe8a5a0000 - 0x00007ffe8a6f1000 	C:\WINDOWS\system32\GDI32.dll
0x00007ffe87ad0000 - 0x00007ffe87ae5000 	C:\WINDOWS\SYSTEM32\profapi.dll
0x00007ffe85e70000 - 0x00007ffe85f22000 	C:\WINDOWS\SYSTEM32\SHCORE.dll
0x00007ffe88bd0000 - 0x00007ffe88c06000 	C:\WINDOWS\system32\IMM32.DLL
0x00007ffe88650000 - 0x00007ffe887a2000 	C:\WINDOWS\system32\MSCTF.dll
0x00007ffe851d0000 - 0x00007ffe8544b000 	C:\WINDOWS\WinSxS\amd64_microsoft.windows.common-controls_6595b64144ccf1df_6.0.9600.17415_none_6240486fecbd8abb\COMCTL32.dll
0x0000000066780000 - 0x0000000066852000 	C:\Program Files\Java\jre1.8.0_25\bin\msvcr100.dll
0x00000000668b0000 - 0x000000006710a000 	C:\Program Files\Java\jre1.8.0_25\bin\server\jvm.dll
0x00007ffe6eb60000 - 0x00007ffe6eb69000 	C:\WINDOWS\SYSTEM32\WSOCK32.dll
0x00007ffe7b5d0000 - 0x00007ffe7b5f2000 	C:\WINDOWS\SYSTEM32\WINMM.dll
0x00007ffe88bc0000 - 0x00007ffe88bc7000 	C:\WINDOWS\system32\PSAPI.DLL
0x00007ffe887e0000 - 0x00007ffe8883a000 	C:\WINDOWS\system32\WS2_32.dll
0x00007ffe7b5a0000 - 0x00007ffe7b5ca000 	C:\WINDOWS\SYSTEM32\WINMMBASE.dll
0x00007ffe880d0000 - 0x00007ffe880d9000 	C:\WINDOWS\system32\NSI.dll
0x00007ffe87fb0000 - 0x00007ffe87fff000 	C:\WINDOWS\SYSTEM32\cfgmgr32.dll
0x00007ffe868c0000 - 0x00007ffe868e8000 	C:\WINDOWS\SYSTEM32\DEVOBJ.dll
0x0000000067ae0000 - 0x0000000067aef000 	C:\Program Files\Java\jre1.8.0_25\bin\verify.dll
0x0000000067ab0000 - 0x0000000067ad8000 	C:\Program Files\Java\jre1.8.0_25\bin\java.dll
0x0000000067a90000 - 0x0000000067aa6000 	C:\Program Files\Java\jre1.8.0_25\bin\zip.dll
0x00000000665e0000 - 0x0000000066778000 	C:\Program Files\Java\jre1.8.0_25\bin\awt.dll
0x00007ffe8a700000 - 0x00007ffe8a7c1000 	C:\WINDOWS\system32\OLEAUT32.dll
0x00007ffe85c70000 - 0x00007ffe85c91000 	C:\WINDOWS\system32\DWMAPI.DLL
0x00007ffe86790000 - 0x00007ffe868b9000 	C:\WINDOWS\system32\uxtheme.dll
0x00007ffe868f0000 - 0x00007ffe868fb000 	C:\WINDOWS\SYSTEM32\kernel.appcore.dll
0x00007ffe879a0000 - 0x00007ffe879ab000 	C:\WINDOWS\SYSTEM32\CRYPTBASE.dll
0x00007ffe87930000 - 0x00007ffe87993000 	C:\WINDOWS\SYSTEM32\bcryptPrimitives.dll
0x00007ffe7cd90000 - 0x00007ffe7cfb1000 	C:\WINDOWS\system32\d3d9.dll
0x00007ffe857e0000 - 0x00007ffe857ea000 	C:\WINDOWS\SYSTEM32\VERSION.dll
0x00007ffe85080000 - 0x00007ffe851cb000 	C:\WINDOWS\SYSTEM32\aticfx64.dll
0x00007ffe63110000 - 0x00007ffe63131000 	C:\WINDOWS\SYSTEM32\atiu9p64.dll
0x00007ffe62920000 - 0x00007ffe63105000 	C:\WINDOWS\SYSTEM32\atiumd64.dll
0x00000000671f0000 - 0x00000000679a7000 	C:\WINDOWS\SYSTEM32\atiumd6a.dll
0x0000000066590000 - 0x00000000665d7000 	C:\Program Files\Java\jre1.8.0_25\bin\fontmanager.dll
0x00007ffe87340000 - 0x00007ffe87360000 	C:\WINDOWS\SYSTEM32\CRYPTSP.dll
0x00007ffe86f60000 - 0x00007ffe86f96000 	C:\WINDOWS\system32\rsaenh.dll
0x00007ffe875f0000 - 0x00007ffe87616000 	C:\WINDOWS\SYSTEM32\bcrypt.dll
0x0000000067a70000 - 0x0000000067a8a000 	C:\Program Files\Java\jre1.8.0_25\bin\net.dll
0x00007ffe872e0000 - 0x00007ffe87339000 	C:\WINDOWS\system32\mswsock.dll
0x00007ffe83800000 - 0x00007ffe8382a000 	C:\WINDOWS\SYSTEM32\IPHLPAPI.DLL
0x00007ffe84f70000 - 0x00007ffe84f7a000 	C:\WINDOWS\SYSTEM32\WINNSI.DLL
0x00007ffe82890000 - 0x00007ffe828a6000 	C:\WINDOWS\SYSTEM32\dhcpcsvc6.DLL
0x00007ffe829e0000 - 0x00007ffe829fa000 	C:\WINDOWS\SYSTEM32\dhcpcsvc.DLL
0x0000000066890000 - 0x00000000668a1000 	C:\Program Files\Java\jre1.8.0_25\bin\nio.dll
0x00000000637c0000 - 0x00000000637cd000 	S:\Users\Ben\AppData\Local\Temp\jogamp_0000\file_cache\jln1317762145279201859\jln933671802322199859\gluegen-rt.dll
0x0000000067a60000 - 0x0000000067a67000 	C:\Program Files\Java\jre1.8.0_25\bin\jawt.dll
0x000000006a440000 - 0x000000006a44d000 	S:\Users\Ben\AppData\Local\Temp\jogamp_0000\file_cache\jln1317762145279201859\jln933671802322199859\nativewindow_awt.dll
0x000000006c100000 - 0x000000006c10f000 	S:\Users\Ben\AppData\Local\Temp\jogamp_0000\file_cache\jln1317762145279201859\jln933671802322199859\nativewindow_win32.dll
0x00007ffe72140000 - 0x00007ffe7226b000 	C:\WINDOWS\SYSTEM32\OpenGL32.dll
0x00007ffe7d790000 - 0x00007ffe7d7be000 	C:\WINDOWS\SYSTEM32\GLU32.dll
0x00007ffe6f190000 - 0x00007ffe6f288000 	C:\WINDOWS\SYSTEM32\DDRAW.dll
0x00007ffe83400000 - 0x00007ffe83409000 	C:\WINDOWS\SYSTEM32\DCIMAN32.dll
0x0000000064500000 - 0x00000000645a2000 	S:\Users\Ben\AppData\Local\Temp\jogamp_0000\file_cache\jln1317762145279201859\jln933671802322199859\jogl_desktop.dll
0x00007ffe7d770000 - 0x00007ffe7d788000 	C:\WINDOWS\SYSTEM32\atig6pxx.dll
0x00000000649e0000 - 0x000000006658f000 	C:\WINDOWS\SYSTEM32\atio6axx.dll
0x00007ffe88410000 - 0x00007ffe885ea000 	C:\WINDOWS\system32\SETUPAPI.dll
0x00007ffe83830000 - 0x00007ffe83967000 	C:\WINDOWS\SYSTEM32\atiadlxx.dll
0x00007ffe83e00000 - 0x00007ffe83f7f000 	C:\WINDOWS\SYSTEM32\PROPSYS.dll
0x00007ffe866e0000 - 0x00007ffe866f2000 	C:\WINDOWS\SYSTEM32\WTSAPI32.dll
0x00007ffe87f50000 - 0x00007ffe87fa1000 	C:\WINDOWS\system32\WINTRUST.dll
0x00007ffe87d70000 - 0x00007ffe87f4f000 	C:\WINDOWS\system32\CRYPT32.dll
0x00007ffe87b80000 - 0x00007ffe87b91000 	C:\WINDOWS\system32\MSASN1.dll
0x00007ffe7d110000 - 0x00007ffe7d139000 	C:\WINDOWS\SYSTEM32\atig6txx.dll
0x00007ffe5fbf0000 - 0x00007ffe5fd8c000 	O:\OneDrive\Workspace\ZZavatar\lib\user\KinectPV2\Kinect20.Face.dll
0x00007ffe7b0e0000 - 0x00007ffe7b187000 	C:\WINDOWS\SYSTEM32\MSVCP110.dll
0x00007ffe80220000 - 0x00007ffe802ee000 	C:\WINDOWS\SYSTEM32\MSVCR110.dll
0x00007ffe7d900000 - 0x00007ffe7d910000 	O:\OneDrive\Workspace\ZZavatar\lib\user\KinectPV2\KinectPV2.dll
0x00007ffe725a0000 - 0x00007ffe7265a000 	C:\WINDOWS\SYSTEM32\Kinect20.dll
0x00007ffe7b1e0000 - 0x00007ffe7b2cb000 	C:\WINDOWS\SYSTEM32\MFPlat.DLL
0x00007ffe7af80000 - 0x00007ffe7afa7000 	C:\WINDOWS\SYSTEM32\RTWorkQ.DLL
0x00007ffe856b0000 - 0x00007ffe856bc000 	C:\WINDOWS\SYSTEM32\AVRT.dll
0x00007ffe62090000 - 0x00007ffe6221a000 	C:\WINDOWS\SYSTEM32\dbghelp.dll

VM Arguments:
jvm_args: -Djava.library.path=O:\OneDrive\Workspace\ZZavatar\lib\base\video;O:\OneDrive\Workspace\ZZavatar\lib\base\video;O:\OneDrive\Workspace\ZZavatar\lib\base\video;O:\OneDrive\Workspace\ZZavatar\lib\base\core;O:\OneDrive\Workspace\ZZavatar\lib\base\core;O:\OneDrive\Workspace\ZZavatar\lib\base\core;O:\OneDrive\Workspace\ZZavatar\lib\base\core;O:\OneDrive\Workspace\ZZavatar\lib\base\core;O:\OneDrive\Workspace\ZZavatar\lib\base\core;O:\OneDrive\Workspace\ZZavatar\lib\base\core;O:\OneDrive\Workspace\ZZavatar\lib\base\core;O:\OneDrive\Workspace\ZZavatar\lib\base\core;O:\OneDrive\Workspace\ZZavatar\lib\base\core;O:\OneDrive\Workspace\ZZavatar\lib\base\core;O:\OneDrive\Workspace\ZZavatar\lib\base\core;O:\OneDrive\Workspace\ZZavatar\lib\base\core;O:\OneDrive\Workspace\ZZavatar\lib\base\core;O:\OneDrive\Workspace\ZZavatar\lib\base\core;O:\OneDrive\Workspace\ZZavatar\lib\user\Kinect4WinSDK;O:\OneDrive\Workspace\ZZavatar\lib\user\KinectPV2;O:\OneDrive\Workspace\ZZavatar\lib\user\SimpleOpenNI -Dfile.encoding=Cp1252 
java_command: zzavatar.ZZavatar
java_class_path (initial): O:\OneDrive\Workspace\ZZavatar\lib\base\video\gstreamer-java.jar;O:\OneDrive\Workspace\ZZavatar\lib\base\video\jna.jar;O:\OneDrive\Workspace\ZZavatar\lib\base\video\video.jar;O:\OneDrive\Workspace\ZZavatar\lib\base\core\core.jar;O:\OneDrive\Workspace\ZZavatar\lib\base\core\gluegen-rt-natives-linux-amd64.jar;O:\OneDrive\Workspace\ZZavatar\lib\base\core\gluegen-rt-natives-linux-armv6hf.jar;O:\OneDrive\Workspace\ZZavatar\lib\base\core\gluegen-rt-natives-linux-i586.jar;O:\OneDrive\Workspace\ZZavatar\lib\base\core\gluegen-rt-natives-macosx-universal.jar;O:\OneDrive\Workspace\ZZavatar\lib\base\core\gluegen-rt-natives-windows-amd64.jar;O:\OneDrive\Workspace\ZZavatar\lib\base\core\gluegen-rt-natives-windows-i586.jar;O:\OneDrive\Workspace\ZZavatar\lib\base\core\gluegen-rt.jar;O:\OneDrive\Workspace\ZZavatar\lib\base\core\jogl-all-natives-linux-amd64.jar;O:\OneDrive\Workspace\ZZavatar\lib\base\core\jogl-all-natives-linux-armv6hf.jar;O:\OneDrive\Workspace\ZZavatar\lib\base\core\jogl-all-natives-linux-i586.jar;O:\OneDrive\Workspace\ZZavatar\lib\base\core\jogl-all-natives-macosx-universal.jar;O:\OneDrive\Workspace\ZZavatar\lib\base\core\jogl-all-natives-windows-amd64.jar;O:\OneDrive\Workspace\ZZavatar\lib\base\core\jogl-all-natives-windows-i586.jar;O:\OneDrive\Workspace\ZZavatar\lib\base\core\jogl-all.jar;O:\OneDrive\Workspace\ZZavatar\lib\user\Kinect4WinSDK\Kinect4WinSDK.jar;O:\OneDrive\Workspace\ZZavatar\lib\user\KinectPV2\KinectPV2.jar;O:\OneDrive\Workspace\ZZavatar\lib\user\SimpleOpenNI\SimpleOpenNI.jar;O:\OneDrive\Workspace\ZZavatar\bin
Launcher Type: SUN_STANDARD

Environment Variables:
JAVA_HOME=C:\Program Files\Java\jdk1.8.0_25
PATH=C:/Program Files/Java/jre1.8.0_25/bin/server;C:/Program Files/Java/jre1.8.0_25/bin;C:/Program Files/Java/jre1.8.0_25/lib/amd64;C:\Program Files (x86)\NVIDIA Corporation\PhysX\Common;C:\ProgramData\Oracle\Java\javapath;C:\Program Files (x86)\Common Files\Intel\Shared Libraries\redist\intel64\compiler;C:\Program Files (x86)\Common Files\Intel\Shared Libraries\redist\ia32\compiler;C:\Program Files (x86)\Intel\iCLS Client\;C:\Program Files\Intel\iCLS Client\;C:\Program Files (x86)\AMD APP\bin\x86_64;C:\Program Files (x86)\AMD APP\bin\x86;C:\WINDOWS\system32;C:\WINDOWS;C:\WINDOWS\System32\Wbem;C:\WINDOWS\System32\WindowsPowerShell\v1.0\;C:\Program Files (x86)\ATI Technologies\ATI.ACE\Core-Static;C:\Program Files\Intel\Intel(R) Management Engine Components\DAL;C:\Program Files\Intel\Intel(R) Management Engine Components\IPT;C:\Program Files (x86)\Intel\Intel(R) Management Engine Components\DAL;C:\Program Files (x86)\Intel\Intel(R) Management Engine Components\IPT;C:\Program Files\Sony\VAIO Improvement\;C:\Program Files (x86)\Sony\VAIO Startup Setting Tool;C:\Program Files (x86)\Windows Kits\8.1\Windows Performance Toolkit\;C:\Program Files\Microsoft SQL Server\110\Tools\Binn\;C:\Program Files (x86)\Microsoft SDKs\TypeScript\1.0\;C:\Program Files\Microsoft\Web Platform Installer\;C:\Program Files (x86)\Java\jre1.8.0_25\bin;P:\Programs\Python27\Scripts;P:\Programs\Python27;C:\Program Files\Common Files\Autodesk Shared\;P:\Program Files\Programs;P:\Program Files\Games;P:\Programs\Eclipse;
USERNAME=Benoît
OS=Windows_NT
PROCESSOR_IDENTIFIER=Intel64 Family 6 Model 58 Stepping 9, GenuineIntel



---------------  S Y S T E M  ---------------

OS: Windows 8.1 , 64 bit Build 9600 

CPU:total 8 (4 cores per cpu, 2 threads per core) family 6 model 58 stepping 9, cmov, cx8, fxsr, mmx, sse, sse2, sse3, ssse3, sse4.1, sse4.2, popcnt, avx, aes, clmul, erms, ht, tsc, tscinvbit, tscinv

Memory: 4k page, physical 6237468k(2057372k free), swap 10431772k(5233848k free)

vm_info: Java HotSpot(TM) 64-Bit Server VM (25.25-b02) for windows-amd64 JRE (1.8.0_25-b18), built on Oct  7 2014 14:25:37 by "java_re" with MS VC++ 10.0 (VS2010)

time: Sat Apr 25 17:38:23 2015
elapsed time: 26 seconds (0d 0h 0m 26s)

