#
# A fatal error has been detected by the Java Runtime Environment:
#
#  EXCEPTION_ACCESS_VIOLATION (0xc0000005) at pc=0x00000000750d8af4, pid=8724, tid=1224
#
# JRE version: Java(TM) SE Runtime Environment (8.0_25-b18) (build 1.8.0_25-b18)
# Java VM: Java HotSpot(TM) 64-Bit Server VM (25.25-b02 mixed mode windows-amd64 compressed oops)
# Problematic frame:
# C  [atio6axx.dll+0xed8af4]
#
# Failed to write core dump. Minidumps are not enabled by default on client versions of Windows
#
# If you would like to submit a bug report, please visit:
#   http://bugreport.sun.com/bugreport/crash.jsp
# The crash happened outside the Java Virtual Machine in native code.
# See problematic frame for where to report the bug.
#

---------------  T H R E A D  ---------------

Current thread (0x0000000019345000):  JavaThread "Animation Thread" [_thread_in_native, id=1224, stack(0x000000001c420000,0x000000001c520000)]

siginfo: ExceptionCode=0xc0000005, reading address 0x0000000000000010

Registers:
RAX=0x0000000075979618, RBX=0x000000002e16e040, RCX=0x000000001eefd140, RDX=0x0000000000000000
RSP=0x000000001c51e7d0, RBP=0x0000000000000006, RSI=0x0000000000000000, RDI=0x000000001ef64258
R8 =0x000000001c51e568, R9 =0x0000000000008000, R10=0x0000000000000000, R11=0x000000001c51e898
R12=0x0000000000000000, R13=0x000000001f76e1a8, R14=0x000000001c51e990, R15=0x0000000019345000
RIP=0x00000000750d8af4, EFLAGS=0x0000000000010202

Top of Stack: (sp=0x000000001c51e7d0)
0x000000001c51e7d0:   0000000000750000 000000002e16e040
0x000000001c51e7e0:   0000000000000000 0000000000000002
0x000000001c51e7f0:   0000000019345000 000000001fb014b8
0x000000001c51e800:   0000000000000006 00007ff960573252
0x000000001c51e810:   0000000000000000 00007ff9605920b0
0x000000001c51e820:   0000000019345000 000000001fb014b8
0x000000001c51e830:   0000000019345000 00007ff96056d83c
0x000000001c51e840:   0000000000000000 000000001ef640b0
0x000000001c51e850:   0000000000000000 0000000000000006
0x000000001c51e860:   000000002e16e040 00007ff981c26388
0x000000001c51e870:   0000000000000000 0000000000000000
0x000000001c51e880:   000000001f76e1a8 000000001ef64258
0x000000001c51e890:   0000000000000006 00007ff980284116
0x000000001c51e8a0:   000000001eefd140 000000001fb01488
0x000000001c51e8b0:   000000001c51e568 0000000000008000
0x000000001c51e8c0:   000000001c51e990 00007ff980281fba 

Instructions: (pc=0x00000000750d8af4)
0x00000000750d8ad4:   89 4b 20 4d 89 43 18 49 89 4b 08 55 57 41 55 41
0x00000000750d8ae4:   56 48 81 ec a8 00 00 00 4c 8b b4 24 f0 00 00 00
0x00000000750d8af4:   48 8b 7a 10 45 8b d1 4d 8b c8 4c 8b ea 4c 8b c1
0x00000000750d8b04:   4d 85 f6 0f 84 62 02 00 00 8b ac 24 f8 00 00 00 


Register to memory mapping:

RAX=0x0000000075979618 is an unknown value
RBX=0x000000002e16e040 is an unknown value
RCX=0x000000001eefd140 is an unknown value
RDX=0x0000000000000000 is an unknown value
RSP=0x000000001c51e7d0 is pointing into the stack for thread: 0x0000000019345000
RBP=0x0000000000000006 is an unknown value
RSI=0x0000000000000000 is an unknown value
RDI=0x000000001ef64258 is an unknown value
R8 =0x000000001c51e568 is pointing into the stack for thread: 0x0000000019345000
R9 =0x0000000000008000 is an unknown value
R10=0x0000000000000000 is an unknown value
R11=0x000000001c51e898 is pointing into the stack for thread: 0x0000000019345000
R12=0x0000000000000000 is an unknown value
R13={method} {0x000000001f76e1b0} 'jniStopDevice' '()V' in 'KinectPV2/Device'
R14=0x000000001c51e990 is pointing into the stack for thread: 0x0000000019345000
R15=0x0000000019345000 is a thread


Stack: [0x000000001c420000,0x000000001c520000],  sp=0x000000001c51e7d0,  free space=1017k
Native frames: (J=compiled Java code, j=interpreted, Vv=VM code, C=native code)
C  [atio6axx.dll+0xed8af4]
C  [KinectPV2.dll+0x4116]
C  [KinectPV2.dll+0x1fba]
C  0x00000000022c5b74

Java frames: (J=compiled Java code, j=interpreted, Vv=VM code)
j  KinectPV2.Device.jniStopDevice()V+0
j  KinectPV2.Device.stopDevice()V+41
j  KinectPV2.KinectPV2.dispose()V+14
v  ~StubRoutines::call_stub
j  sun.reflect.NativeMethodAccessorImpl.invoke0(Ljava/lang/reflect/Method;Ljava/lang/Object;[Ljava/lang/Object;)Ljava/lang/Object;+0
j  sun.reflect.NativeMethodAccessorImpl.invoke(Ljava/lang/Object;[Ljava/lang/Object;)Ljava/lang/Object;+100
J 2223 C1 sun.reflect.DelegatingMethodAccessorImpl.invoke(Ljava/lang/Object;[Ljava/lang/Object;)Ljava/lang/Object; (10 bytes) @ 0x0000000002a83484 [0x0000000002a83380+0x104]
J 2222 C1 java.lang.reflect.Method.invoke(Ljava/lang/Object;[Ljava/lang/Object;)Ljava/lang/Object; (62 bytes) @ 0x0000000002a88024 [0x0000000002a87c40+0x3e4]
j  processing.core.PApplet$RegisteredMethods.handle([Ljava/lang/Object;)V+18
J 1770 C1 processing.core.PApplet.handleMethods(Ljava/lang/String;)V (21 bytes) @ 0x000000000294ba1c [0x000000000294b760+0x2bc]
j  processing.core.PApplet.dispose()V+35
j  processing.core.PApplet.run()V+283
j  java.lang.Thread.run()V+11
v  ~StubRoutines::call_stub

---------------  P R O C E S S  ---------------

Java Threads: ( => current thread )
  0x000000001d730800 JavaThread "Animation Thread-SharedResourceRunner" daemon [_thread_blocked, id=9064, stack(0x000000001e6f0000,0x000000001e7f0000)]
  0x00000000021ae800 JavaThread "DestroyJavaVM" [_thread_blocked, id=8560, stack(0x0000000002010000,0x0000000002110000)]
  0x000000001932c000 JavaThread "D3D Screen Updater" daemon [_thread_blocked, id=3068, stack(0x000000001c720000,0x000000001c820000)]
=>0x0000000019345000 JavaThread "Animation Thread" [_thread_in_native, id=1224, stack(0x000000001c420000,0x000000001c520000)]
  0x000000001929e800 JavaThread "AWT-EventQueue-0" [_thread_blocked, id=8552, stack(0x000000001c220000,0x000000001c320000)]
  0x0000000019262000 JavaThread "AWT-Windows" daemon [_thread_in_native, id=5400, stack(0x0000000019b70000,0x0000000019c70000)]
  0x0000000019261000 JavaThread "AWT-Shutdown" [_thread_blocked, id=7548, stack(0x0000000019a70000,0x0000000019b70000)]
  0x0000000019260800 JavaThread "Java2D Disposer" daemon [_thread_blocked, id=5008, stack(0x0000000019970000,0x0000000019a70000)]
  0x00000000180a0000 JavaThread "Service Thread" daemon [_thread_blocked, id=7596, stack(0x00000000189f0000,0x0000000018af0000)]
  0x000000001802f800 JavaThread "C1 CompilerThread3" daemon [_thread_blocked, id=3012, stack(0x00000000188f0000,0x00000000189f0000)]
  0x0000000018027000 JavaThread "C2 CompilerThread2" daemon [_thread_blocked, id=8844, stack(0x00000000187f0000,0x00000000188f0000)]
  0x000000001801d800 JavaThread "C2 CompilerThread1" daemon [_thread_blocked, id=400, stack(0x00000000186f0000,0x00000000187f0000)]
  0x000000001801b800 JavaThread "C2 CompilerThread0" daemon [_thread_blocked, id=5040, stack(0x00000000185f0000,0x00000000186f0000)]
  0x0000000018016800 JavaThread "Attach Listener" daemon [_thread_blocked, id=7348, stack(0x00000000184f0000,0x00000000185f0000)]
  0x0000000018015800 JavaThread "Signal Dispatcher" daemon [_thread_blocked, id=8648, stack(0x00000000183f0000,0x00000000184f0000)]
  0x00000000022a9800 JavaThread "Finalizer" daemon [_thread_blocked, id=9184, stack(0x0000000017ef0000,0x0000000017ff0000)]
  0x00000000022a1000 JavaThread "Reference Handler" daemon [_thread_blocked, id=7024, stack(0x0000000017df0000,0x0000000017ef0000)]

Other Threads:
  0x0000000015ff8800 VMThread [stack: 0x0000000017cf0000,0x0000000017df0000] [id=8888]
  0x00000000180a4000 WatcherThread [stack: 0x0000000018af0000,0x0000000018bf0000] [id=7076]

VM state:not at safepoint (normal execution)

VM Mutex/Monitor currently owned by a thread: None

Heap:
 PSYoungGen      total 475136K, used 17897K [0x00000000e0400000, 0x00000000ff380000, 0x0000000100000000)
  eden space 448000K, 3% used [0x00000000e0400000,0x00000000e14963f0,0x00000000fb980000)
  from space 27136K, 3% used [0x00000000fd900000,0x00000000fd9e4030,0x00000000ff380000)
  to   space 29696K, 0% used [0x00000000fb980000,0x00000000fb980000,0x00000000fd680000)
 ParOldGen       total 207872K, used 155099K [0x00000000a0c00000, 0x00000000ad700000, 0x00000000e0400000)
  object space 207872K, 74% used [0x00000000a0c00000,0x00000000aa376cd0,0x00000000ad700000)
 Metaspace       used 18461K, capacity 18665K, committed 18816K, reserved 1067008K
  class space    used 1757K, capacity 1793K, committed 1920K, reserved 1048576K

Card table byte_map: [0x0000000011670000,0x0000000011970000] byte_map_base: 0x000000001116a000

Marking Bits: (ParMarkBitMap*) 0x00000000772bd490
 Begin Bits: [0x0000000012370000, 0x0000000013b40000)
 End Bits:   [0x0000000013b40000, 0x0000000015310000)

Polling page: 0x0000000000720000

CodeCache: size=245760Kb used=9563Kb max_used=9563Kb free=236196Kb
 bounds [0x00000000022b0000, 0x0000000002c10000, 0x00000000112b0000]
 total_blobs=3513 nmethods=2630 adapters=797
 compilation: enabled

Compilation events (10 events):
Event: 13.400 Thread 0x000000001802f800 2636       3       java.text.DecimalFormat::getPositiveSuffixFieldPositions (41 bytes)
Event: 13.400 Thread 0x000000001802f800 nmethod 2636 0x0000000002c0ce50 code [0x0000000002c0cfc0, 0x0000000002c0d228]
Event: 13.567 Thread 0x0000000018027000 2637       4       processing.core.PApplet::ellipse (32 bytes)
Event: 13.572 Thread 0x0000000018027000 nmethod 2637 0x0000000002c0e250 code [0x0000000002c0e400, 0x0000000002c0e748]
Event: 13.583 Thread 0x000000001801d800 2638       4       processing.core.PGraphics::ellipse (142 bytes)
Event: 13.588 Thread 0x000000001801d800 nmethod 2638 0x0000000002c0eb10 code [0x0000000002c0ecc0, 0x0000000002c0efa8]
Event: 13.632 Thread 0x000000001802f800 2639   !   3       java.util.concurrent.locks.AbstractQueuedSynchronizer::fullyRelease (54 bytes)
Event: 13.632 Thread 0x000000001802f800 nmethod 2639 0x0000000002c0d850 code [0x0000000002c0da00, 0x0000000002c0dfc8]
Event: 13.699 Thread 0x000000001802f800 2640       3       java.awt.Component::getInputContext (16 bytes)
Event: 13.699 Thread 0x000000001802f800 nmethod 2640 0x0000000002c0d3d0 code [0x0000000002c0d540, 0x0000000002c0d7a8]

GC Heap History (10 events):
Event: 10.924 GC heap before
{Heap before GC invocations=27 (full 3):
 PSYoungGen      total 467968K, used 420668K [0x00000000e0400000, 0x00000000ffe80000, 0x0000000100000000)
  eden space 424960K, 98% used [0x00000000e0400000,0x00000000f9de3368,0x00000000fa300000)
  from space 43008K, 2% used [0x00000000fa300000,0x00000000fa3ec030,0x00000000fcd00000)
  to   space 40448K, 0% used [0x00000000fd700000,0x00000000fd700000,0x00000000ffe80000)
 ParOldGen       total 207872K, used 155059K [0x00000000a0c00000, 0x00000000ad700000, 0x00000000e0400000)
  object space 207872K, 74% used [0x00000000a0c00000,0x00000000aa36ccd0,0x00000000ad700000)
 Metaspace       used 18362K, capacity 18601K, committed 18816K, reserved 1067008K
  class space    used 1757K, capacity 1793K, committed 1920K, reserved 1048576K
Event: 10.926 GC heap after
Heap after GC invocations=27 (full 3):
 PSYoungGen      total 470016K, used 880K [0x00000000e0400000, 0x00000000ff880000, 0x0000000100000000)
  eden space 435712K, 0% used [0x00000000e0400000,0x00000000e0400000,0x00000000fad80000)
  from space 34304K, 2% used [0x00000000fd700000,0x00000000fd7dc030,0x00000000ff880000)
  to   space 38400K, 0% used [0x00000000fad80000,0x00000000fad80000,0x00000000fd300000)
 ParOldGen       total 207872K, used 155067K [0x00000000a0c00000, 0x00000000ad700000, 0x00000000e0400000)
  object space 207872K, 74% used [0x00000000a0c00000,0x00000000aa36ecd0,0x00000000ad700000)
 Metaspace       used 18362K, capacity 18601K, committed 18816K, reserved 1067008K
  class space    used 1757K, capacity 1793K, committed 1920K, reserved 1048576K
}
Event: 11.637 GC heap before
{Heap before GC invocations=28 (full 3):
 PSYoungGen      total 470016K, used 436592K [0x00000000e0400000, 0x00000000ff880000, 0x0000000100000000)
  eden space 435712K, 100% used [0x00000000e0400000,0x00000000fad80000,0x00000000fad80000)
  from space 34304K, 2% used [0x00000000fd700000,0x00000000fd7dc030,0x00000000ff880000)
  to   space 38400K, 0% used [0x00000000fad80000,0x00000000fad80000,0x00000000fd300000)
 ParOldGen       total 207872K, used 155067K [0x00000000a0c00000, 0x00000000ad700000, 0x00000000e0400000)
  object space 207872K, 74% used [0x00000000a0c00000,0x00000000aa36ecd0,0x00000000ad700000)
 Metaspace       used 18379K, capacity 18601K, committed 18816K, reserved 1067008K
  class space    used 1757K, capacity 1793K, committed 1920K, reserved 1048576K
Event: 11.639 GC heap after
Heap after GC invocations=28 (full 3):
 PSYoungGen      total 474112K, used 848K [0x00000000e0400000, 0x00000000ffb00000, 0x0000000100000000)
  eden space 435712K, 0% used [0x00000000e0400000,0x00000000e0400000,0x00000000fad80000)
  from space 38400K, 2% used [0x00000000fad80000,0x00000000fae54030,0x00000000fd300000)
  to   space 35840K, 0% used [0x00000000fd800000,0x00000000fd800000,0x00000000ffb00000)
 ParOldGen       total 207872K, used 155067K [0x00000000a0c00000, 0x00000000ad700000, 0x00000000e0400000)
  object space 207872K, 74% used [0x00000000a0c00000,0x00000000aa36ecd0,0x00000000ad700000)
 Metaspace       used 18379K, capacity 18601K, committed 18816K, reserved 1067008K
  class space    used 1757K, capacity 1793K, committed 1920K, reserved 1048576K
}
Event: 12.319 GC heap before
{Heap before GC invocations=29 (full 3):
 PSYoungGen      total 474112K, used 436560K [0x00000000e0400000, 0x00000000ffb00000, 0x0000000100000000)
  eden space 435712K, 100% used [0x00000000e0400000,0x00000000fad80000,0x00000000fad80000)
  from space 38400K, 2% used [0x00000000fad80000,0x00000000fae54030,0x00000000fd300000)
  to   space 35840K, 0% used [0x00000000fd800000,0x00000000fd800000,0x00000000ffb00000)
 ParOldGen       total 207872K, used 155067K [0x00000000a0c00000, 0x00000000ad700000, 0x00000000e0400000)
  object space 207872K, 74% used [0x00000000a0c00000,0x00000000aa36ecd0,0x00000000ad700000)
 Metaspace       used 18451K, capacity 18665K, committed 18816K, reserved 1067008K
  class space    used 1757K, capacity 1793K, committed 1920K, reserved 1048576K
Event: 12.321 GC heap after
Heap after GC invocations=29 (full 3):
 PSYoungGen      total 473088K, used 880K [0x00000000e0400000, 0x00000000ff600000, 0x0000000100000000)
  eden space 442368K, 0% used [0x00000000e0400000,0x00000000e0400000,0x00000000fb400000)
  from space 30720K, 2% used [0x00000000fd800000,0x00000000fd8dc030,0x00000000ff600000)
  to   space 33792K, 0% used [0x00000000fb400000,0x00000000fb400000,0x00000000fd500000)
 ParOldGen       total 207872K, used 155075K [0x00000000a0c00000, 0x00000000ad700000, 0x00000000e0400000)
  object space 207872K, 74% used [0x00000000a0c00000,0x00000000aa370cd0,0x00000000ad700000)
 Metaspace       used 18451K, capacity 18665K, committed 18816K, reserved 1067008K
  class space    used 1757K, capacity 1793K, committed 1920K, reserved 1048576K
}
Event: 13.016 GC heap before
{Heap before GC invocations=30 (full 3):
 PSYoungGen      total 473088K, used 443248K [0x00000000e0400000, 0x00000000ff600000, 0x0000000100000000)
  eden space 442368K, 100% used [0x00000000e0400000,0x00000000fb400000,0x00000000fb400000)
  from space 30720K, 2% used [0x00000000fd800000,0x00000000fd8dc030,0x00000000ff600000)
  to   space 33792K, 0% used [0x00000000fb400000,0x00000000fb400000,0x00000000fd500000)
 ParOldGen       total 207872K, used 155075K [0x00000000a0c00000, 0x00000000ad700000, 0x00000000e0400000)
  object space 207872K, 74% used [0x00000000a0c00000,0x00000000aa370cd0,0x00000000ad700000)
 Metaspace       used 18458K, capacity 18665K, committed 18816K, reserved 1067008K
  class space    used 1757K, capacity 1793K, committed 1920K, reserved 1048576K
Event: 13.017 GC heap after
Heap after GC invocations=30 (full 3):
 PSYoungGen      total 476160K, used 880K [0x00000000e0400000, 0x00000000ff800000, 0x0000000100000000)
  eden space 442368K, 0% used [0x00000000e0400000,0x00000000e0400000,0x00000000fb400000)
  from space 33792K, 2% used [0x00000000fb400000,0x00000000fb4dc030,0x00000000fd500000)
  to   space 31744K, 0% used [0x00000000fd900000,0x00000000fd900000,0x00000000ff800000)
 ParOldGen       total 207872K, used 155083K [0x00000000a0c00000, 0x00000000ad700000, 0x00000000e0400000)
  object space 207872K, 74% used [0x00000000a0c00000,0x00000000aa372cd0,0x00000000ad700000)
 Metaspace       used 18458K, capacity 18665K, committed 18816K, reserved 1067008K
  class space    used 1757K, capacity 1793K, committed 1920K, reserved 1048576K
}
Event: 13.716 GC heap before
{Heap before GC invocations=31 (full 3):
 PSYoungGen      total 476160K, used 443248K [0x00000000e0400000, 0x00000000ff800000, 0x0000000100000000)
  eden space 442368K, 100% used [0x00000000e0400000,0x00000000fb400000,0x00000000fb400000)
  from space 33792K, 2% used [0x00000000fb400000,0x00000000fb4dc030,0x00000000fd500000)
  to   space 31744K, 0% used [0x00000000fd900000,0x00000000fd900000,0x00000000ff800000)
 ParOldGen       total 207872K, used 155083K [0x00000000a0c00000, 0x00000000ad700000, 0x00000000e0400000)
  object space 207872K, 74% used [0x00000000a0c00000,0x00000000aa372cd0,0x00000000ad700000)
 Metaspace       used 18460K, capacity 18665K, committed 18816K, reserved 1067008K
  class space    used 1757K, capacity 1793K, committed 1920K, reserved 1048576K
Event: 13.718 GC heap after
Heap after GC invocations=31 (full 3):
 PSYoungGen      total 475136K, used 912K [0x00000000e0400000, 0x00000000ff380000, 0x0000000100000000)
  eden space 448000K, 0% used [0x00000000e0400000,0x00000000e0400000,0x00000000fb980000)
  from space 27136K, 3% used [0x00000000fd900000,0x00000000fd9e4030,0x00000000ff380000)
  to   space 29696K, 0% used [0x00000000fb980000,0x00000000fb980000,0x00000000fd680000)
 ParOldGen       total 207872K, used 155099K [0x00000000a0c00000, 0x00000000ad700000, 0x00000000e0400000)
  object space 207872K, 74% used [0x00000000a0c00000,0x00000000aa376cd0,0x00000000ad700000)
 Metaspace       used 18460K, capacity 18665K, committed 18816K, reserved 1067008K
  class space    used 1757K, capacity 1793K, committed 1920K, reserved 1048576K
}

Deoptimization events (10 events):
Event: 9.618 Thread 0x000000001929e800 Uncommon trap: reason=speculate_class_check action=maybe_recompile pc=0x0000000002b3530c method=com.jogamp.common.nio.Buffers.getDirectBufferByteOffset(Ljava/lang/Object;)I @ 22
Event: 9.728 Thread 0x000000001929e800 Uncommon trap: reason=speculate_class_check action=maybe_recompile pc=0x0000000002b37cc8 method=com.jogamp.common.nio.Buffers.getDirectBufferByteOffset(Ljava/lang/Object;)I @ 31
Event: 9.728 Thread 0x000000001929e800 Uncommon trap: reason=speculate_class_check action=maybe_recompile pc=0x0000000002b37cc8 method=com.jogamp.common.nio.Buffers.getDirectBufferByteOffset(Ljava/lang/Object;)I @ 31
Event: 9.733 Thread 0x000000001929e800 Uncommon trap: reason=speculate_class_check action=maybe_recompile pc=0x0000000002b3af78 method=com.jogamp.common.nio.Buffers.getDirectBufferByteOffset(Ljava/lang/Object;)I @ 31
Event: 9.734 Thread 0x000000001929e800 Uncommon trap: reason=speculate_class_check action=maybe_recompile pc=0x0000000002b3af78 method=com.jogamp.common.nio.Buffers.getDirectBufferByteOffset(Ljava/lang/Object;)I @ 31
Event: 9.857 Thread 0x000000001929e800 Uncommon trap: reason=speculate_class_check action=maybe_recompile pc=0x0000000002b31c64 method=com.jogamp.common.nio.Buffers.getDirectBufferByteOffset(Ljava/lang/Object;)I @ 42
Event: 9.867 Thread 0x000000001929e800 Uncommon trap: reason=speculate_class_check action=maybe_recompile pc=0x0000000002b41db4 method=com.jogamp.common.nio.Buffers.getDirectBufferByteOffset(Ljava/lang/Object;)I @ 42
Event: 9.867 Thread 0x000000001929e800 Uncommon trap: reason=speculate_class_check action=maybe_recompile pc=0x0000000002b31c64 method=com.jogamp.common.nio.Buffers.getDirectBufferByteOffset(Ljava/lang/Object;)I @ 42
Event: 9.988 Thread 0x000000001929e800 Uncommon trap: reason=speculate_class_check action=maybe_recompile pc=0x0000000002b4bc5c method=com.jogamp.common.nio.Buffers.getDirectBufferByteOffset(Ljava/lang/Object;)I @ 53
Event: 9.989 Thread 0x000000001929e800 Uncommon trap: reason=speculate_class_check action=maybe_recompile pc=0x0000000002b4bc5c method=com.jogamp.common.nio.Buffers.getDirectBufferByteOffset(Ljava/lang/Object;)I @ 53

Internal exceptions (10 events):
Event: 2.998 Thread 0x000000001929e800 Exception <a 'java/security/PrivilegedActionException'> (0x00000000e5765e10) thrown at [D:\re\workspace\8-2-build-windows-amd64-cygwin\jdk8u25\1677\hotspot\src\share\vm\prims\jvm.cpp, line 1312]
Event: 2.998 Thread 0x000000001929e800 Exception <a 'java/security/PrivilegedActionException'> (0x00000000e5769968) thrown at [D:\re\workspace\8-2-build-windows-amd64-cygwin\jdk8u25\1677\hotspot\src\share\vm\prims\jvm.cpp, line 1312]
Event: 2.999 Thread 0x000000001929e800 Exception <a 'java/security/PrivilegedActionException'> (0x00000000e576e168) thrown at [D:\re\workspace\8-2-build-windows-amd64-cygwin\jdk8u25\1677\hotspot\src\share\vm\prims\jvm.cpp, line 1312]
Event: 2.999 Thread 0x000000001929e800 Exception <a 'java/security/PrivilegedActionException'> (0x00000000e57718a0) thrown at [D:\re\workspace\8-2-build-windows-amd64-cygwin\jdk8u25\1677\hotspot\src\share\vm\prims\jvm.cpp, line 1312]
Event: 2.999 Thread 0x000000001929e800 Exception <a 'java/security/PrivilegedActionException'> (0x00000000e57757e8) thrown at [D:\re\workspace\8-2-build-windows-amd64-cygwin\jdk8u25\1677\hotspot\src\share\vm\prims\jvm.cpp, line 1312]
Event: 2.999 Thread 0x000000001929e800 Exception <a 'java/security/PrivilegedActionException'> (0x00000000e577b6f8) thrown at [D:\re\workspace\8-2-build-windows-amd64-cygwin\jdk8u25\1677\hotspot\src\share\vm\prims\jvm.cpp, line 1312]
Event: 3.012 Thread 0x000000001929e800 Exception <a 'java/security/PrivilegedActionException'> (0x00000000e5856d08) thrown at [D:\re\workspace\8-2-build-windows-amd64-cygwin\jdk8u25\1677\hotspot\src\share\vm\prims\jvm.cpp, line 1312]
Event: 5.483 Thread 0x000000001929e800 Exception <a 'java/security/PrivilegedActionException'> (0x00000000f007dd90) thrown at [D:\re\workspace\8-2-build-windows-amd64-cygwin\jdk8u25\1677\hotspot\src\share\vm\prims\jvm.cpp, line 1312]
Event: 5.489 Thread 0x000000001929e800 Exception <a 'java/security/PrivilegedActionException'> (0x00000000f008a8e8) thrown at [D:\re\workspace\8-2-build-windows-amd64-cygwin\jdk8u25\1677\hotspot\src\share\vm\prims\jvm.cpp, line 1312]
Event: 5.521 Thread 0x000000001929e800 Exception <a 'java/security/PrivilegedActionException'> (0x00000000f00939a8) thrown at [D:\re\workspace\8-2-build-windows-amd64-cygwin\jdk8u25\1677\hotspot\src\share\vm\prims\jvm.cpp, line 1312]

Events (10 events):
Event: 12.034 Thread 0x000000001929e800 DEOPT UNPACKING pc=0x00000000022f75bf sp=0x000000001c31db78 mode 0
Event: 12.319 Executing VM operation: ParallelGCFailedAllocation
Event: 12.321 Executing VM operation: ParallelGCFailedAllocation done
Event: 12.734 Thread 0x000000001929e800 DEOPT PACKING pc=0x0000000002b9a9cf sp=0x000000001c31dd20
Event: 12.734 Thread 0x000000001929e800 DEOPT UNPACKING pc=0x00000000022f75bf sp=0x000000001c31daf8 mode 0
Event: 13.016 Executing VM operation: ParallelGCFailedAllocation
Event: 13.018 Executing VM operation: ParallelGCFailedAllocation done
Event: 13.716 Executing VM operation: ParallelGCFailedAllocation
Event: 13.718 Executing VM operation: ParallelGCFailedAllocation done
Event: 13.734 Thread 0x0000000019324000 Thread exited: 0x0000000019324000


Dynamic libraries:
0x00007ff669010000 - 0x00007ff669044000 	C:\Program Files\Java\jre1.8.0_25\bin\javaw.exe
0x00007ff98c320000 - 0x00007ff98c4cc000 	C:\WINDOWS\SYSTEM32\ntdll.dll
0x00007ff989d20000 - 0x00007ff989e5e000 	C:\WINDOWS\system32\KERNEL32.DLL
0x00007ff9897d0000 - 0x00007ff9898e5000 	C:\WINDOWS\system32\KERNELBASE.dll
0x00007ff987ff0000 - 0x00007ff98807e000 	C:\WINDOWS\system32\apphelp.dll
0x00007ff973750000 - 0x00007ff9737a3000 	C:\WINDOWS\AppPatch\AppPatch64\AcGenral.DLL
0x00007ff98a220000 - 0x00007ff98a2ca000 	C:\WINDOWS\system32\msvcrt.dll
0x00007ff9892a0000 - 0x00007ff9892ce000 	C:\WINDOWS\SYSTEM32\SspiCli.dll
0x00007ff98b980000 - 0x00007ff98b9d4000 	C:\WINDOWS\system32\SHLWAPI.dll
0x00007ff989f00000 - 0x00007ff98a077000 	C:\WINDOWS\system32\USER32.dll
0x00007ff98bb50000 - 0x00007ff98bce4000 	C:\WINDOWS\system32\ole32.dll
0x00007ff98a390000 - 0x00007ff98b8a8000 	C:\WINDOWS\system32\SHELL32.dll
0x00007ff988a10000 - 0x00007ff988a31000 	C:\WINDOWS\SYSTEM32\USERENV.dll
0x00007ff989c10000 - 0x00007ff989cba000 	C:\WINDOWS\system32\ADVAPI32.dll
0x00007ff97c880000 - 0x00007ff97c89e000 	C:\WINDOWS\SYSTEM32\MPR.dll
0x00007ff98b9e0000 - 0x00007ff98bb21000 	C:\WINDOWS\system32\RPCRT4.dll
0x00007ff9899a0000 - 0x00007ff9899f9000 	C:\WINDOWS\SYSTEM32\sechost.dll
0x00007ff98bed0000 - 0x00007ff98c0e1000 	C:\WINDOWS\SYSTEM32\combase.dll
0x00007ff98a0c0000 - 0x00007ff98a211000 	C:\WINDOWS\system32\GDI32.dll
0x00007ff989470000 - 0x00007ff989485000 	C:\WINDOWS\SYSTEM32\profapi.dll
0x00007ff987810000 - 0x00007ff9878c2000 	C:\WINDOWS\SYSTEM32\SHCORE.dll
0x00007ff98a080000 - 0x00007ff98a0b6000 	C:\WINDOWS\system32\IMM32.DLL
0x00007ff98c1c0000 - 0x00007ff98c312000 	C:\WINDOWS\system32\MSCTF.dll
0x00007ff986b90000 - 0x00007ff986e0b000 	C:\WINDOWS\WinSxS\amd64_microsoft.windows.common-controls_6595b64144ccf1df_6.0.9600.17415_none_6240486fecbd8abb\COMCTL32.dll
0x0000000075f50000 - 0x0000000076022000 	C:\Program Files\Java\jre1.8.0_25\bin\msvcr100.dll
0x0000000076ae0000 - 0x000000007733a000 	C:\Program Files\Java\jre1.8.0_25\bin\server\jvm.dll
0x00007ff9707d0000 - 0x00007ff9707d9000 	C:\WINDOWS\SYSTEM32\WSOCK32.dll
0x00007ff97ca00000 - 0x00007ff97ca22000 	C:\WINDOWS\SYSTEM32\WINMM.dll
0x00007ff989e80000 - 0x00007ff989e87000 	C:\WINDOWS\system32\PSAPI.DLL
0x00007ff989a00000 - 0x00007ff989a5a000 	C:\WINDOWS\system32\WS2_32.dll
0x00007ff97c8d0000 - 0x00007ff97c8fa000 	C:\WINDOWS\SYSTEM32\WINMMBASE.dll
0x00007ff98bb30000 - 0x00007ff98bb39000 	C:\WINDOWS\system32\NSI.dll
0x00007ff989950000 - 0x00007ff98999f000 	C:\WINDOWS\SYSTEM32\cfgmgr32.dll
0x00007ff988260000 - 0x00007ff988288000 	C:\WINDOWS\SYSTEM32\DEVOBJ.dll
0x0000000076ad0000 - 0x0000000076adf000 	C:\Program Files\Java\jre1.8.0_25\bin\verify.dll
0x0000000076aa0000 - 0x0000000076ac8000 	C:\Program Files\Java\jre1.8.0_25\bin\java.dll
0x0000000076a80000 - 0x0000000076a96000 	C:\Program Files\Java\jre1.8.0_25\bin\zip.dll
0x0000000075db0000 - 0x0000000075f48000 	C:\Program Files\Java\jre1.8.0_25\bin\awt.dll
0x00007ff98c0f0000 - 0x00007ff98c1b1000 	C:\WINDOWS\system32\OLEAUT32.dll
0x00007ff987610000 - 0x00007ff987631000 	C:\WINDOWS\system32\DWMAPI.DLL
0x00007ff988130000 - 0x00007ff988259000 	C:\WINDOWS\system32\uxtheme.dll
0x00007ff9882b0000 - 0x00007ff9882bb000 	C:\WINDOWS\SYSTEM32\kernel.appcore.dll
0x00007ff989340000 - 0x00007ff98934b000 	C:\WINDOWS\SYSTEM32\CRYPTBASE.dll
0x00007ff9892d0000 - 0x00007ff989333000 	C:\WINDOWS\SYSTEM32\bcryptPrimitives.dll
0x00007ff97e8c0000 - 0x00007ff97eae1000 	C:\WINDOWS\system32\d3d9.dll
0x00007ff987180000 - 0x00007ff98718a000 	C:\WINDOWS\SYSTEM32\VERSION.dll
0x00007ff986970000 - 0x00007ff986abb000 	C:\WINDOWS\SYSTEM32\aticfx64.dll
0x00007ff965270000 - 0x00007ff965291000 	C:\WINDOWS\SYSTEM32\atiu9p64.dll
0x00007ff964a80000 - 0x00007ff965265000 	C:\WINDOWS\SYSTEM32\atiumd64.dll
0x0000000076110000 - 0x00000000768c7000 	C:\WINDOWS\SYSTEM32\atiumd6a.dll
0x00000000769f0000 - 0x0000000076a37000 	C:\Program Files\Java\jre1.8.0_25\bin\fontmanager.dll
0x00007ff988ce0000 - 0x00007ff988d00000 	C:\WINDOWS\SYSTEM32\CRYPTSP.dll
0x00007ff988900000 - 0x00007ff988936000 	C:\WINDOWS\system32\rsaenh.dll
0x00007ff988f90000 - 0x00007ff988fb6000 	C:\WINDOWS\SYSTEM32\bcrypt.dll
0x0000000076a60000 - 0x0000000076a7a000 	C:\Program Files\Java\jre1.8.0_25\bin\net.dll
0x00007ff988c80000 - 0x00007ff988cd9000 	C:\WINDOWS\system32\mswsock.dll
0x00007ff9860b0000 - 0x00007ff9860da000 	C:\WINDOWS\SYSTEM32\IPHLPAPI.DLL
0x00007ff986050000 - 0x00007ff98605a000 	C:\WINDOWS\SYSTEM32\WINNSI.DLL
0x00007ff9841e0000 - 0x00007ff9841f6000 	C:\WINDOWS\SYSTEM32\dhcpcsvc6.DLL
0x00007ff984380000 - 0x00007ff98439a000 	C:\WINDOWS\SYSTEM32\dhcpcsvc.DLL
0x0000000076a40000 - 0x0000000076a51000 	C:\Program Files\Java\jre1.8.0_25\bin\nio.dll
0x00000000637c0000 - 0x00000000637cd000 	S:\Users\Ben\AppData\Local\Temp\jogamp_0000\file_cache\jln5360046265771444035\jln3831853635825615508\gluegen-rt.dll
0x00000000769e0000 - 0x00000000769e7000 	C:\Program Files\Java\jre1.8.0_25\bin\jawt.dll
0x000000006a440000 - 0x000000006a44d000 	S:\Users\Ben\AppData\Local\Temp\jogamp_0000\file_cache\jln5360046265771444035\jln3831853635825615508\nativewindow_awt.dll
0x000000006c100000 - 0x000000006c10f000 	S:\Users\Ben\AppData\Local\Temp\jogamp_0000\file_cache\jln5360046265771444035\jln3831853635825615508\nativewindow_win32.dll
0x00007ff960620000 - 0x00007ff96074b000 	C:\WINDOWS\SYSTEM32\OpenGL32.dll
0x00007ff97d7c0000 - 0x00007ff97d7ee000 	C:\WINDOWS\SYSTEM32\GLU32.dll
0x00007ff966bf0000 - 0x00007ff966ce8000 	C:\WINDOWS\SYSTEM32\DDRAW.dll
0x00007ff980290000 - 0x00007ff980299000 	C:\WINDOWS\SYSTEM32\DCIMAN32.dll
0x0000000064500000 - 0x00000000645a2000 	S:\Users\Ben\AppData\Local\Temp\jogamp_0000\file_cache\jln5360046265771444035\jln3831853635825615508\jogl_desktop.dll
0x00007ff97d720000 - 0x00007ff97d738000 	C:\WINDOWS\SYSTEM32\atig6pxx.dll
0x0000000074200000 - 0x0000000075daf000 	C:\WINDOWS\SYSTEM32\atio6axx.dll
0x00007ff98bcf0000 - 0x00007ff98beca000 	C:\WINDOWS\system32\SETUPAPI.dll
0x00007ff986120000 - 0x00007ff986257000 	C:\WINDOWS\SYSTEM32\atiadlxx.dll
0x00007ff986710000 - 0x00007ff98688f000 	C:\WINDOWS\SYSTEM32\PROPSYS.dll
0x00007ff988080000 - 0x00007ff988092000 	C:\WINDOWS\SYSTEM32\WTSAPI32.dll
0x00007ff9898f0000 - 0x00007ff989941000 	C:\WINDOWS\system32\WINTRUST.dll
0x00007ff989540000 - 0x00007ff98971f000 	C:\WINDOWS\system32\CRYPT32.dll
0x00007ff989520000 - 0x00007ff989531000 	C:\WINDOWS\system32\MSASN1.dll
0x00007ff973720000 - 0x00007ff973749000 	C:\WINDOWS\SYSTEM32\atig6txx.dll
0x00007ff95c1a0000 - 0x00007ff95c33c000 	O:\OneDrive\Workspace\ZZavatar\lib\user\KinectPV2\Kinect20.Face.dll
0x00007ff97c900000 - 0x00007ff97c9a7000 	C:\WINDOWS\SYSTEM32\MSVCP110.dll
0x00007ff981bc0000 - 0x00007ff981c8e000 	C:\WINDOWS\SYSTEM32\MSVCR110.dll
0x00007ff980280000 - 0x00007ff980290000 	O:\OneDrive\Workspace\ZZavatar\lib\user\KinectPV2\KinectPV2.dll
0x00007ff960560000 - 0x00007ff96061a000 	C:\WINDOWS\SYSTEM32\Kinect20.dll
0x00007ff97ca30000 - 0x00007ff97cb1b000 	C:\WINDOWS\SYSTEM32\MFPlat.DLL
0x00007ff97c8a0000 - 0x00007ff97c8c7000 	C:\WINDOWS\SYSTEM32\RTWorkQ.DLL
0x00007ff987050000 - 0x00007ff98705c000 	C:\WINDOWS\SYSTEM32\AVRT.dll
0x00000000741b0000 - 0x00000000741f1000 	C:\Program Files\Java\jre1.8.0_25\bin\t2k.dll
0x00007ff963e10000 - 0x00007ff963f9a000 	C:\WINDOWS\SYSTEM32\dbghelp.dll

VM Arguments:
jvm_args: -Djava.library.path=O:\OneDrive\Workspace\ZZavatar\lib\base\video;O:\OneDrive\Workspace\ZZavatar\lib\base\video;O:\OneDrive\Workspace\ZZavatar\lib\base\video;O:\OneDrive\Workspace\ZZavatar\lib\base\core;O:\OneDrive\Workspace\ZZavatar\lib\base\core;O:\OneDrive\Workspace\ZZavatar\lib\base\core;O:\OneDrive\Workspace\ZZavatar\lib\base\core;O:\OneDrive\Workspace\ZZavatar\lib\base\core;O:\OneDrive\Workspace\ZZavatar\lib\base\core;O:\OneDrive\Workspace\ZZavatar\lib\base\core;O:\OneDrive\Workspace\ZZavatar\lib\base\core;O:\OneDrive\Workspace\ZZavatar\lib\base\core;O:\OneDrive\Workspace\ZZavatar\lib\base\core;O:\OneDrive\Workspace\ZZavatar\lib\base\core;O:\OneDrive\Workspace\ZZavatar\lib\base\core;O:\OneDrive\Workspace\ZZavatar\lib\base\core;O:\OneDrive\Workspace\ZZavatar\lib\base\core;O:\OneDrive\Workspace\ZZavatar\lib\base\core;O:\OneDrive\Workspace\ZZavatar\lib\user\Kinect4WinSDK;O:\OneDrive\Workspace\ZZavatar\lib\user\KinectPV2;O:\OneDrive\Workspace\ZZavatar\lib\user\SimpleOpenNI -Dfile.encoding=Cp1252 
java_command: zzavatar.ZZavatar
java_class_path (initial): O:\OneDrive\Workspace\ZZavatar\lib\base\video\gstreamer-java.jar;O:\OneDrive\Workspace\ZZavatar\lib\base\video\jna.jar;O:\OneDrive\Workspace\ZZavatar\lib\base\video\video.jar;O:\OneDrive\Workspace\ZZavatar\lib\base\core\core.jar;O:\OneDrive\Workspace\ZZavatar\lib\base\core\gluegen-rt-natives-linux-amd64.jar;O:\OneDrive\Workspace\ZZavatar\lib\base\core\gluegen-rt-natives-linux-armv6hf.jar;O:\OneDrive\Workspace\ZZavatar\lib\base\core\gluegen-rt-natives-linux-i586.jar;O:\OneDrive\Workspace\ZZavatar\lib\base\core\gluegen-rt-natives-macosx-universal.jar;O:\OneDrive\Workspace\ZZavatar\lib\base\core\gluegen-rt-natives-windows-amd64.jar;O:\OneDrive\Workspace\ZZavatar\lib\base\core\gluegen-rt-natives-windows-i586.jar;O:\OneDrive\Workspace\ZZavatar\lib\base\core\gluegen-rt.jar;O:\OneDrive\Workspace\ZZavatar\lib\base\core\jogl-all-natives-linux-amd64.jar;O:\OneDrive\Workspace\ZZavatar\lib\base\core\jogl-all-natives-linux-armv6hf.jar;O:\OneDrive\Workspace\ZZavatar\lib\base\core\jogl-all-natives-linux-i586.jar;O:\OneDrive\Workspace\ZZavatar\lib\base\core\jogl-all-natives-macosx-universal.jar;O:\OneDrive\Workspace\ZZavatar\lib\base\core\jogl-all-natives-windows-amd64.jar;O:\OneDrive\Workspace\ZZavatar\lib\base\core\jogl-all-natives-windows-i586.jar;O:\OneDrive\Workspace\ZZavatar\lib\base\core\jogl-all.jar;O:\OneDrive\Workspace\ZZavatar\lib\user\Kinect4WinSDK\Kinect4WinSDK.jar;O:\OneDrive\Workspace\ZZavatar\lib\user\KinectPV2\KinectPV2.jar;O:\OneDrive\Workspace\ZZavatar\lib\user\SimpleOpenNI\SimpleOpenNI.jar;O:\OneDrive\Workspace\ZZavatar\bin
Launcher Type: SUN_STANDARD

Environment Variables:
JAVA_HOME=C:\Program Files\Java\jdk1.8.0_25
PATH=C:/Program Files/Java/jre1.8.0_25/bin/server;C:/Program Files/Java/jre1.8.0_25/bin;C:/Program Files/Java/jre1.8.0_25/lib/amd64;C:\Program Files (x86)\NVIDIA Corporation\PhysX\Common;C:\ProgramData\Oracle\Java\javapath;C:\Program Files (x86)\Common Files\Intel\Shared Libraries\redist\intel64\compiler;C:\Program Files (x86)\Common Files\Intel\Shared Libraries\redist\ia32\compiler;C:\Program Files (x86)\Intel\iCLS Client\;C:\Program Files\Intel\iCLS Client\;C:\Program Files (x86)\AMD APP\bin\x86_64;C:\Program Files (x86)\AMD APP\bin\x86;C:\WINDOWS\system32;C:\WINDOWS;C:\WINDOWS\System32\Wbem;C:\WINDOWS\System32\WindowsPowerShell\v1.0\;C:\Program Files (x86)\ATI Technologies\ATI.ACE\Core-Static;C:\Program Files\Intel\Intel(R) Management Engine Components\DAL;C:\Program Files\Intel\Intel(R) Management Engine Components\IPT;C:\Program Files (x86)\Intel\Intel(R) Management Engine Components\DAL;C:\Program Files (x86)\Intel\Intel(R) Management Engine Components\IPT;C:\Program Files\Sony\VAIO Improvement\;C:\Program Files (x86)\Sony\VAIO Startup Setting Tool;C:\Program Files (x86)\Windows Kits\8.1\Windows Performance Toolkit\;C:\Program Files\Microsoft SQL Server\110\Tools\Binn\;C:\Program Files (x86)\Microsoft SDKs\TypeScript\1.0\;C:\Program Files\Microsoft\Web Platform Installer\;C:\Program Files (x86)\Java\jre1.8.0_25\bin;P:\Programs\Python27\Scripts;P:\Programs\Python27;C:\Program Files\Common Files\Autodesk Shared\;P:\Program Files\Programs;P:\Program Files\Games;P:\Programs\Eclipse;
USERNAME=Benoît
OS=Windows_NT
PROCESSOR_IDENTIFIER=Intel64 Family 6 Model 58 Stepping 9, GenuineIntel



---------------  S Y S T E M  ---------------

OS: Windows 8.1 , 64 bit Build 9600 

CPU:total 8 (4 cores per cpu, 2 threads per core) family 6 model 58 stepping 9, cmov, cx8, fxsr, mmx, sse, sse2, sse3, ssse3, sse4.1, sse4.2, popcnt, avx, aes, clmul, erms, ht, tsc, tscinvbit, tscinv

Memory: 4k page, physical 6237468k(1282212k free), swap 10431772k(4052724k free)

vm_info: Java HotSpot(TM) 64-Bit Server VM (25.25-b02) for windows-amd64 JRE (1.8.0_25-b18), built on Oct  7 2014 14:25:37 by "java_re" with MS VC++ 10.0 (VS2010)

time: Fri Apr 24 16:04:25 2015
elapsed time: 13 seconds (0d 0h 0m 13s)

