#
# A fatal error has been detected by the Java Runtime Environment:
#
#  EXCEPTION_ACCESS_VIOLATION (0xc0000005) at pc=0x000000006d538af4, pid=2212, tid=4864
#
# JRE version: Java(TM) SE Runtime Environment (8.0_25-b18) (build 1.8.0_25-b18)
# Java VM: Java HotSpot(TM) 64-Bit Server VM (25.25-b02 mixed mode windows-amd64 compressed oops)
# Problematic frame:
# C  [atio6axx.dll+0xed8af4]
#
# Failed to write core dump. Minidumps are not enabled by default on client versions of Windows
#
# If you would like to submit a bug report, please visit:
#   http://bugreport.sun.com/bugreport/crash.jsp
# The crash happened outside the Java Virtual Machine in native code.
# See problematic frame for where to report the bug.
#

---------------  T H R E A D  ---------------

Current thread (0x0000000019e66000):  JavaThread "Animation Thread" [_thread_in_native, id=4864, stack(0x000000001ce10000,0x000000001cf10000)]

siginfo: ExceptionCode=0xc0000005, reading address 0x0000000000000010

Registers:
RAX=0x000000006ddd9618, RBX=0x000000002ec72040, RCX=0x000000001fb13110, RDX=0x0000000000000000
RSP=0x000000001cf0e600, RBP=0x0000000000000006, RSI=0x0000000000000000, RDI=0x000000001f9a9128
R8 =0x000000001cf0e398, R9 =0x0000000000008000, R10=0x0000000000000000, R11=0x000000001cf0e6c8
R12=0x0000000000000000, R13=0x000000002016e1a8, R14=0x000000001cf0e7c0, R15=0x0000000019e66000
RIP=0x000000006d538af4, EFLAGS=0x0000000000010206

Top of Stack: (sp=0x000000001cf0e600)
0x000000001cf0e600:   0000000001200000 000000002ec72040
0x000000001cf0e610:   0000000000000000 0000000000000002
0x000000001cf0e620:   0000000019e66000 000000002053f4b8
0x000000001cf0e630:   0000000000000006 00007ffb508f3252
0x000000001cf0e640:   0000000000000000 00007ffb509120b0
0x000000001cf0e650:   0000000019e66000 000000002053f4b8
0x000000001cf0e660:   0000000019e66000 00007ffb508ed83c
0x000000001cf0e670:   0000000000000000 000000001f9a8f80
0x000000001cf0e680:   0000000000000000 0000000000000006
0x000000001cf0e690:   000000002ec72040 00007ffb76576388
0x000000001cf0e6a0:   0000000000000000 0000000000000000
0x000000001cf0e6b0:   000000002016e1a8 000000001f9a9128
0x000000001cf0e6c0:   0000000000000006 00007ffb74bb4116
0x000000001cf0e6d0:   000000001fb13110 000000002053f488
0x000000001cf0e6e0:   000000001cf0e398 0000000000008000
0x000000001cf0e6f0:   000000001cf0e7c0 00007ffb74bb1fba 

Instructions: (pc=0x000000006d538af4)
0x000000006d538ad4:   89 4b 20 4d 89 43 18 49 89 4b 08 55 57 41 55 41
0x000000006d538ae4:   56 48 81 ec a8 00 00 00 4c 8b b4 24 f0 00 00 00
0x000000006d538af4:   48 8b 7a 10 45 8b d1 4d 8b c8 4c 8b ea 4c 8b c1
0x000000006d538b04:   4d 85 f6 0f 84 62 02 00 00 8b ac 24 f8 00 00 00 


Register to memory mapping:

RAX=0x000000006ddd9618 is an unknown value
RBX=0x000000002ec72040 is an unknown value
RCX=0x000000001fb13110 is an unknown value
RDX=0x0000000000000000 is an unknown value
RSP=0x000000001cf0e600 is pointing into the stack for thread: 0x0000000019e66000
RBP=0x0000000000000006 is an unknown value
RSI=0x0000000000000000 is an unknown value
RDI=0x000000001f9a9128 is an unknown value
R8 =0x000000001cf0e398 is pointing into the stack for thread: 0x0000000019e66000
R9 =0x0000000000008000 is an unknown value
R10=0x0000000000000000 is an unknown value
R11=0x000000001cf0e6c8 is pointing into the stack for thread: 0x0000000019e66000
R12=0x0000000000000000 is an unknown value
R13={method} {0x000000002016e1b0} 'jniStopDevice' '()V' in 'KinectPV2/Device'
R14=0x000000001cf0e7c0 is pointing into the stack for thread: 0x0000000019e66000
R15=0x0000000019e66000 is a thread


Stack: [0x000000001ce10000,0x000000001cf10000],  sp=0x000000001cf0e600,  free space=1017k
Native frames: (J=compiled Java code, j=interpreted, Vv=VM code, C=native code)
C  [atio6axx.dll+0xed8af4]
C  [KinectPV2.dll+0x4116]
C  [KinectPV2.dll+0x1fba]
C  0x0000000002e05b74

Java frames: (J=compiled Java code, j=interpreted, Vv=VM code)
j  KinectPV2.Device.jniStopDevice()V+0
j  KinectPV2.Device.stopDevice()V+41
j  KinectPV2.KinectPV2.dispose()V+14
v  ~StubRoutines::call_stub
j  sun.reflect.NativeMethodAccessorImpl.invoke0(Ljava/lang/reflect/Method;Ljava/lang/Object;[Ljava/lang/Object;)Ljava/lang/Object;+0
j  sun.reflect.NativeMethodAccessorImpl.invoke(Ljava/lang/Object;[Ljava/lang/Object;)Ljava/lang/Object;+100
j  sun.reflect.DelegatingMethodAccessorImpl.invoke(Ljava/lang/Object;[Ljava/lang/Object;)Ljava/lang/Object;+6
j  java.lang.reflect.Method.invoke(Ljava/lang/Object;[Ljava/lang/Object;)Ljava/lang/Object;+56
j  processing.core.PApplet$RegisteredMethods.handle([Ljava/lang/Object;)V+18
J 2010 C1 processing.core.PApplet.handleMethods(Ljava/lang/String;)V (21 bytes) @ 0x000000000350041c [0x0000000003500160+0x2bc]
j  processing.core.PApplet.dispose()V+35
j  processing.core.PApplet.run()V+283
j  java.lang.Thread.run()V+11
v  ~StubRoutines::call_stub

---------------  P R O C E S S  ---------------

Java Threads: ( => current thread )
  0x000000001a02d000 JavaThread "Animation Thread-SharedResourceRunner" daemon [_thread_blocked, id=4396, stack(0x000000001f0e0000,0x000000001f1e0000)]
  0x0000000002cee800 JavaThread "DestroyJavaVM" [_thread_blocked, id=5136, stack(0x0000000002bd0000,0x0000000002cd0000)]
  0x0000000019e47800 JavaThread "D3D Screen Updater" daemon [_thread_blocked, id=2492, stack(0x000000001d110000,0x000000001d210000)]
=>0x0000000019e66000 JavaThread "Animation Thread" [_thread_in_native, id=4864, stack(0x000000001ce10000,0x000000001cf10000)]
  0x0000000019e13800 JavaThread "Image Fetcher 0" daemon [_thread_blocked, id=6936, stack(0x000000001cd10000,0x000000001ce10000)]
  0x0000000019e09800 JavaThread "AWT-EventQueue-0" [_thread_blocked, id=5988, stack(0x000000001cc10000,0x000000001cd10000)]
  0x0000000018efc800 JavaThread "AWT-Windows" daemon [_thread_in_native, id=5620, stack(0x000000001a690000,0x000000001a790000)]
  0x0000000018efb800 JavaThread "AWT-Shutdown" [_thread_blocked, id=3116, stack(0x000000001a590000,0x000000001a690000)]
  0x0000000019d80000 JavaThread "Java2D Disposer" daemon [_thread_blocked, id=4184, stack(0x000000001a490000,0x000000001a590000)]
  0x0000000018bb4800 JavaThread "Service Thread" daemon [_thread_blocked, id=3904, stack(0x0000000019500000,0x0000000019600000)]
  0x0000000018b3f000 JavaThread "C1 CompilerThread3" daemon [_thread_blocked, id=6380, stack(0x0000000019400000,0x0000000019500000)]
  0x0000000018b3a800 JavaThread "C2 CompilerThread2" daemon [_thread_blocked, id=6060, stack(0x0000000019300000,0x0000000019400000)]
  0x0000000018b2b800 JavaThread "C2 CompilerThread1" daemon [_thread_in_native, id=5896, stack(0x0000000019200000,0x0000000019300000)]
  0x0000000018b29000 JavaThread "C2 CompilerThread0" daemon [_thread_blocked, id=6708, stack(0x0000000019100000,0x0000000019200000)]
  0x0000000018b26800 JavaThread "Attach Listener" daemon [_thread_blocked, id=6376, stack(0x0000000019000000,0x0000000019100000)]
  0x0000000018b26000 JavaThread "Signal Dispatcher" daemon [_thread_blocked, id=6260, stack(0x0000000018f00000,0x0000000019000000)]
  0x0000000002de9800 JavaThread "Finalizer" daemon [_thread_blocked, id=2340, stack(0x0000000018a00000,0x0000000018b00000)]
  0x0000000016b3c800 JavaThread "Reference Handler" daemon [_thread_blocked, id=5636, stack(0x0000000018900000,0x0000000018a00000)]

Other Threads:
  0x0000000016b38800 VMThread [stack: 0x0000000018800000,0x0000000018900000] [id=6680]
  0x0000000018bb6800 WatcherThread [stack: 0x0000000019600000,0x0000000019700000] [id=4800]

VM state:not at safepoint (normal execution)

VM Mutex/Monitor currently owned by a thread: None

Heap:
 PSYoungGen      total 327168K, used 127856K [0x00000000e0400000, 0x00000000fb900000, 0x0000000100000000)
  eden space 268288K, 47% used [0x00000000e0400000,0x00000000e80bc068,0x00000000f0a00000)
  from space 58880K, 0% used [0x00000000f0a00000,0x00000000f0a20000,0x00000000f4380000)
  to   space 58880K, 0% used [0x00000000f7f80000,0x00000000f7f80000,0x00000000fb900000)
 ParOldGen       total 223744K, used 155612K [0x00000000a0c00000, 0x00000000ae680000, 0x00000000e0400000)
  object space 223744K, 69% used [0x00000000a0c00000,0x00000000aa3f71e0,0x00000000ae680000)
 Metaspace       used 18046K, capacity 18273K, committed 18560K, reserved 1067008K
  class space    used 1753K, capacity 1793K, committed 1920K, reserved 1048576K

Card table byte_map: [0x00000000121b0000,0x00000000124b0000] byte_map_base: 0x0000000011caa000

Marking Bits: (ParMarkBitMap*) 0x000000006ecbd490
 Begin Bits: [0x0000000012eb0000, 0x0000000014680000)
 End Bits:   [0x0000000014680000, 0x0000000015e50000)

Polling page: 0x00000000013d0000

CodeCache: size=245760Kb used=7711Kb max_used=7721Kb free=238048Kb
 bounds [0x0000000002df0000, 0x0000000003590000, 0x0000000011df0000]
 total_blobs=3008 nmethods=2128 adapters=794
 compilation: enabled

Compilation events (10 events):
Event: 6.192 Thread 0x0000000018b3f000 2125       3       processing.opengl.PGraphicsOpenGL::lightNormal (158 bytes)
Event: 6.192 Thread 0x0000000018b3f000 nmethod 2125 0x000000000357d5d0 code [0x000000000357d7a0, 0x000000000357dc30]
Event: 6.194 Thread 0x0000000018b3f000 2126   !   3       sun.awt.AWTAutoShutdown::setToolkitBusy (124 bytes)
Event: 6.195 Thread 0x0000000018b3f000 nmethod 2126 0x000000000357df90 code [0x000000000357e160, 0x000000000357e9e8]
Event: 6.214 Thread 0x0000000018b29000 2128       4       processing.opengl.PJOGL::uniform1i (12 bytes)
Event: 6.216 Thread 0x0000000018b3a800 2129       4       jogamp.opengl.gl4.GL4bcImpl::glUniform1i (51 bytes)
Event: 6.217 Thread 0x0000000018b29000 nmethod 2128 0x0000000003581c50 code [0x0000000003581de0, 0x0000000003582048]
Event: 6.219 Thread 0x0000000018b3a800 nmethod 2129 0x0000000003582350 code [0x00000000035824e0, 0x0000000003582708]
Event: 6.236 Thread 0x0000000018b3f000 2130       3       processing.opengl.PGL::threadIsCurrent (14 bytes)
Event: 6.236 Thread 0x0000000018b3f000 nmethod 2130 0x0000000003581890 code [0x00000000035819e0, 0x0000000003581bb0]

GC Heap History (10 events):
Event: 3.462 GC heap before
{Heap before GC invocations=12 (full 2):
 PSYoungGen      total 207872K, used 188784K [0x00000000e0400000, 0x00000000f4a80000, 0x0000000100000000)
  eden space 150016K, 99% used [0x00000000e0400000,0x00000000e95ef988,0x00000000e9680000)
  from space 57856K, 68% used [0x00000000e9680000,0x00000000ebcec960,0x00000000ecf00000)
  to   space 59904K, 0% used [0x00000000f1000000,0x00000000f1000000,0x00000000f4a80000)
 ParOldGen       total 140800K, used 107176K [0x00000000a0c00000, 0x00000000a9580000, 0x00000000e0400000)
  object space 140800K, 76% used [0x00000000a0c00000,0x00000000a74aa0c8,0x00000000a9580000)
 Metaspace       used 17345K, capacity 17531K, committed 17664K, reserved 1064960K
  class space    used 1711K, capacity 1760K, committed 1792K, reserved 1048576K
Event: 3.479 GC heap after
Heap after GC invocations=12 (full 2):
 PSYoungGen      total 270336K, used 1337K [0x00000000e0400000, 0x00000000f4980000, 0x0000000100000000)
  eden space 211456K, 0% used [0x00000000e0400000,0x00000000e0400000,0x00000000ed280000)
  from space 58880K, 2% used [0x00000000f1000000,0x00000000f114e730,0x00000000f4980000)
  to   space 60928K, 0% used [0x00000000ed280000,0x00000000ed280000,0x00000000f0e00000)
 ParOldGen       total 146944K, used 146060K [0x00000000a0c00000, 0x00000000a9b80000, 0x00000000e0400000)
  object space 146944K, 99% used [0x00000000a0c00000,0x00000000a9aa33b0,0x00000000a9b80000)
 Metaspace       used 17345K, capacity 17531K, committed 17664K, reserved 1064960K
  class space    used 1711K, capacity 1760K, committed 1792K, reserved 1048576K
}
Event: 3.479 GC heap before
{Heap before GC invocations=13 (full 3):
 PSYoungGen      total 270336K, used 1337K [0x00000000e0400000, 0x00000000f4980000, 0x0000000100000000)
  eden space 211456K, 0% used [0x00000000e0400000,0x00000000e0400000,0x00000000ed280000)
  from space 58880K, 2% used [0x00000000f1000000,0x00000000f114e730,0x00000000f4980000)
  to   space 60928K, 0% used [0x00000000ed280000,0x00000000ed280000,0x00000000f0e00000)
 ParOldGen       total 146944K, used 146060K [0x00000000a0c00000, 0x00000000a9b80000, 0x00000000e0400000)
  object space 146944K, 99% used [0x00000000a0c00000,0x00000000a9aa33b0,0x00000000a9b80000)
 Metaspace       used 17345K, capacity 17531K, committed 17664K, reserved 1064960K
  class space    used 1711K, capacity 1760K, committed 1792K, reserved 1048576K
Event: 3.747 GC heap after
Heap after GC invocations=13 (full 3):
 PSYoungGen      total 270336K, used 0K [0x00000000e0400000, 0x00000000f4980000, 0x0000000100000000)
  eden space 211456K, 0% used [0x00000000e0400000,0x00000000e0400000,0x00000000ed280000)
  from space 58880K, 0% used [0x00000000f1000000,0x00000000f1000000,0x00000000f4980000)
  to   space 60928K, 0% used [0x00000000ed280000,0x00000000ed280000,0x00000000f0e00000)
 ParOldGen       total 223744K, used 145875K [0x00000000a0c00000, 0x00000000ae680000, 0x00000000e0400000)
  object space 223744K, 65% used [0x00000000a0c00000,0x00000000a9a74ca0,0x00000000ae680000)
 Metaspace       used 17345K, capacity 17531K, committed 17664K, reserved 1064960K
  class space    used 1711K, capacity 1760K, committed 1792K, reserved 1048576K
}
Event: 4.357 GC heap before
{Heap before GC invocations=14 (full 3):
 PSYoungGen      total 270336K, used 211456K [0x00000000e0400000, 0x00000000f4980000, 0x0000000100000000)
  eden space 211456K, 100% used [0x00000000e0400000,0x00000000ed280000,0x00000000ed280000)
  from space 58880K, 0% used [0x00000000f1000000,0x00000000f1000000,0x00000000f4980000)
  to   space 60928K, 0% used [0x00000000ed280000,0x00000000ed280000,0x00000000f0e00000)
 ParOldGen       total 223744K, used 145875K [0x00000000a0c00000, 0x00000000ae680000, 0x00000000e0400000)
  object space 223744K, 65% used [0x00000000a0c00000,0x00000000a9a74ca0,0x00000000ae680000)
 Metaspace       used 17877K, capacity 18081K, committed 18304K, reserved 1064960K
  class space    used 1742K, capacity 1793K, committed 1920K, reserved 1048576K
Event: 4.360 GC heap after
Heap after GC invocations=14 (full 3):
 PSYoungGen      total 272384K, used 9860K [0x00000000e0400000, 0x00000000f8700000, 0x0000000100000000)
  eden space 211456K, 0% used [0x00000000e0400000,0x00000000e0400000,0x00000000ed280000)
  from space 60928K, 16% used [0x00000000ed280000,0x00000000edc21050,0x00000000f0e00000)
  to   space 59904K, 0% used [0x00000000f4c80000,0x00000000f4c80000,0x00000000f8700000)
 ParOldGen       total 223744K, used 145883K [0x00000000a0c00000, 0x00000000ae680000, 0x00000000e0400000)
  object space 223744K, 65% used [0x00000000a0c00000,0x00000000a9a76ca0,0x00000000ae680000)
 Metaspace       used 17877K, capacity 18081K, committed 18304K, reserved 1064960K
  class space    used 1742K, capacity 1793K, committed 1920K, reserved 1048576K
}
Event: 4.990 GC heap before
{Heap before GC invocations=15 (full 3):
 PSYoungGen      total 272384K, used 220905K [0x00000000e0400000, 0x00000000f8700000, 0x0000000100000000)
  eden space 211456K, 99% used [0x00000000e0400000,0x00000000ed219658,0x00000000ed280000)
  from space 60928K, 16% used [0x00000000ed280000,0x00000000edc21050,0x00000000f0e00000)
  to   space 59904K, 0% used [0x00000000f4c80000,0x00000000f4c80000,0x00000000f8700000)
 ParOldGen       total 223744K, used 145883K [0x00000000a0c00000, 0x00000000ae680000, 0x00000000e0400000)
  object space 223744K, 65% used [0x00000000a0c00000,0x00000000a9a76ca0,0x00000000ae680000)
 Metaspace       used 17952K, capacity 18209K, committed 18560K, reserved 1067008K
  class space    used 1742K, capacity 1793K, committed 1920K, reserved 1048576K
Event: 4.997 GC heap after
Heap after GC invocations=15 (full 3):
 PSYoungGen      total 317952K, used 9108K [0x00000000e0400000, 0x00000000f7d00000, 0x0000000100000000)
  eden space 268288K, 0% used [0x00000000e0400000,0x00000000e0400000,0x00000000f0a00000)
  from space 49664K, 18% used [0x00000000f4c80000,0x00000000f5565020,0x00000000f7d00000)
  to   space 58880K, 0% used [0x00000000f0a00000,0x00000000f0a00000,0x00000000f4380000)
 ParOldGen       total 223744K, used 155604K [0x00000000a0c00000, 0x00000000ae680000, 0x00000000e0400000)
  object space 223744K, 69% used [0x00000000a0c00000,0x00000000aa3f51e0,0x00000000ae680000)
 Metaspace       used 17952K, capacity 18209K, committed 18560K, reserved 1067008K
  class space    used 1742K, capacity 1793K, committed 1920K, reserved 1048576K
}
Event: 5.852 GC heap before
{Heap before GC invocations=16 (full 3):
 PSYoungGen      total 317952K, used 269481K [0x00000000e0400000, 0x00000000f7d00000, 0x0000000100000000)
  eden space 268288K, 97% used [0x00000000e0400000,0x00000000f0245470,0x00000000f0a00000)
  from space 49664K, 18% used [0x00000000f4c80000,0x00000000f5565020,0x00000000f7d00000)
  to   space 58880K, 0% used [0x00000000f0a00000,0x00000000f0a00000,0x00000000f4380000)
 ParOldGen       total 223744K, used 155604K [0x00000000a0c00000, 0x00000000ae680000, 0x00000000e0400000)
  object space 223744K, 69% used [0x00000000a0c00000,0x00000000aa3f51e0,0x00000000ae680000)
 Metaspace       used 17986K, capacity 18209K, committed 18560K, reserved 1067008K
  class space    used 1742K, capacity 1793K, committed 1920K, reserved 1048576K
Event: 5.853 GC heap after
Heap after GC invocations=16 (full 3):
 PSYoungGen      total 327168K, used 128K [0x00000000e0400000, 0x00000000fb900000, 0x0000000100000000)
  eden space 268288K, 0% used [0x00000000e0400000,0x00000000e0400000,0x00000000f0a00000)
  from space 58880K, 0% used [0x00000000f0a00000,0x00000000f0a20000,0x00000000f4380000)
  to   space 58880K, 0% used [0x00000000f7f80000,0x00000000f7f80000,0x00000000fb900000)
 ParOldGen       total 223744K, used 155612K [0x00000000a0c00000, 0x00000000ae680000, 0x00000000e0400000)
  object space 223744K, 69% used [0x00000000a0c00000,0x00000000aa3f71e0,0x00000000ae680000)
 Metaspace       used 17986K, capacity 18209K, committed 18560K, reserved 1067008K
  class space    used 1742K, capacity 1793K, committed 1920K, reserved 1048576K
}

Deoptimization events (10 events):
Event: 2.681 Thread 0x0000000019e09800 Uncommon trap: reason=class_check action=maybe_recompile pc=0x00000000030fa644 method=com.jogamp.common.nio.Buffers.getDirectBufferByteOffset(Ljava/lang/Object;)I @ 7
Event: 2.682 Thread 0x0000000019e09800 Uncommon trap: reason=predicate action=maybe_recompile pc=0x00000000031d6ec4 method=java.util.ArrayList.indexOf(Ljava/lang/Object;)I @ 44
Event: 2.704 Thread 0x0000000019e09800 Uncommon trap: reason=class_check action=maybe_recompile pc=0x00000000030fccc0 method=com.jogamp.common.nio.Buffers.isDirect(Ljava/lang/Object;)Z @ 13
Event: 2.704 Thread 0x0000000019e09800 Uncommon trap: reason=class_check action=maybe_recompile pc=0x00000000030fa644 method=com.jogamp.common.nio.Buffers.getDirectBufferByteOffset(Ljava/lang/Object;)I @ 7
Event: 3.253 Thread 0x0000000019e09800 Uncommon trap: reason=unreached action=reinterpret pc=0x00000000031e3140 method=processing.opengl.PGraphicsOpenGL$InGeometry.addVertex(FFFIFFFFFIFIIIFIZ)I @ 218
Event: 3.903 Thread 0x0000000019e09800 Uncommon trap: reason=class_check action=maybe_recompile pc=0x0000000002fe3928 method=java.lang.String.equals(Ljava/lang/Object;)Z @ 8
Event: 3.903 Thread 0x0000000019e09800 Uncommon trap: reason=class_check action=maybe_recompile pc=0x0000000002fe3928 method=java.lang.String.equals(Ljava/lang/Object;)Z @ 8
Event: 3.903 Thread 0x0000000019e09800 Uncommon trap: reason=class_check action=maybe_recompile pc=0x0000000002fe3928 method=java.lang.String.equals(Ljava/lang/Object;)Z @ 8
Event: 3.903 Thread 0x0000000019e09800 Uncommon trap: reason=class_check action=maybe_recompile pc=0x0000000002fe3928 method=java.lang.String.equals(Ljava/lang/Object;)Z @ 8
Event: 4.020 Thread 0x0000000019e09800 Uncommon trap: reason=unreached action=reinterpret pc=0x00000000030b1af0 method=java.lang.reflect.AccessibleObject.setAccessible0(Ljava/lang/reflect/AccessibleObject;Z)V @ 4

Internal exceptions (10 events):
Event: 3.076 Thread 0x0000000019e09800 Exception <a 'java/security/PrivilegedActionException'> (0x00000000e6402138) thrown at [D:\re\workspace\8-2-build-windows-amd64-cygwin\jdk8u25\1677\hotspot\src\share\vm\prims\jvm.cpp, line 1312]
Event: 3.076 Thread 0x0000000019e09800 Exception <a 'java/security/PrivilegedActionException'> (0x00000000e6405c90) thrown at [D:\re\workspace\8-2-build-windows-amd64-cygwin\jdk8u25\1677\hotspot\src\share\vm\prims\jvm.cpp, line 1312]
Event: 3.076 Thread 0x0000000019e09800 Exception <a 'java/security/PrivilegedActionException'> (0x00000000e640a490) thrown at [D:\re\workspace\8-2-build-windows-amd64-cygwin\jdk8u25\1677\hotspot\src\share\vm\prims\jvm.cpp, line 1312]
Event: 3.077 Thread 0x0000000019e09800 Exception <a 'java/security/PrivilegedActionException'> (0x00000000e640dbc8) thrown at [D:\re\workspace\8-2-build-windows-amd64-cygwin\jdk8u25\1677\hotspot\src\share\vm\prims\jvm.cpp, line 1312]
Event: 3.077 Thread 0x0000000019e09800 Exception <a 'java/security/PrivilegedActionException'> (0x00000000e6411b10) thrown at [D:\re\workspace\8-2-build-windows-amd64-cygwin\jdk8u25\1677\hotspot\src\share\vm\prims\jvm.cpp, line 1312]
Event: 3.077 Thread 0x0000000019e09800 Exception <a 'java/security/PrivilegedActionException'> (0x00000000e6417a20) thrown at [D:\re\workspace\8-2-build-windows-amd64-cygwin\jdk8u25\1677\hotspot\src\share\vm\prims\jvm.cpp, line 1312]
Event: 3.090 Thread 0x0000000019e09800 Exception <a 'java/security/PrivilegedActionException'> (0x00000000e64f3030) thrown at [D:\re\workspace\8-2-build-windows-amd64-cygwin\jdk8u25\1677\hotspot\src\share\vm\prims\jvm.cpp, line 1312]
Event: 3.917 Thread 0x0000000019e09800 Exception <a 'java/security/PrivilegedActionException'> (0x00000000e45137b0) thrown at [D:\re\workspace\8-2-build-windows-amd64-cygwin\jdk8u25\1677\hotspot\src\share\vm\prims\jvm.cpp, line 1312]
Event: 3.926 Thread 0x0000000019e09800 Exception <a 'java/security/PrivilegedActionException'> (0x00000000e4520308) thrown at [D:\re\workspace\8-2-build-windows-amd64-cygwin\jdk8u25\1677\hotspot\src\share\vm\prims\jvm.cpp, line 1312]
Event: 3.958 Thread 0x0000000019e09800 Exception <a 'java/security/PrivilegedActionException'> (0x00000000e45293c8) thrown at [D:\re\workspace\8-2-build-windows-amd64-cygwin\jdk8u25\1677\hotspot\src\share\vm\prims\jvm.cpp, line 1312]

Events (10 events):
Event: 6.204 loading class javax/swing/JComponent$IntVector done
Event: 6.204 loading class javax/swing/KeyboardManager
Event: 6.204 loading class javax/swing/KeyboardManager done
Event: 6.204 loading class javax/swing/Popup$HeavyWeightWindow
Event: 6.204 loading class sun/awt/ModalExclude
Event: 6.204 loading class sun/awt/ModalExclude done
Event: 6.204 loading class javax/swing/JWindow
Event: 6.204 loading class javax/swing/JWindow done
Event: 6.204 loading class javax/swing/Popup$HeavyWeightWindow done
Event: 6.237 Thread 0x0000000019fa5800 Thread exited: 0x0000000019fa5800


Dynamic libraries:
0x00007ff69ddf0000 - 0x00007ff69de24000 	C:\Program Files\Java\jre1.8.0_25\bin\javaw.exe
0x00007ffb80c70000 - 0x00007ffb80e1c000 	C:\WINDOWS\SYSTEM32\ntdll.dll
0x00007ffb80620000 - 0x00007ffb8075e000 	C:\WINDOWS\system32\KERNEL32.DLL
0x00007ffb7e0d0000 - 0x00007ffb7e1e5000 	C:\WINDOWS\system32\KERNELBASE.dll
0x00007ffb7c940000 - 0x00007ffb7c9ce000 	C:\WINDOWS\system32\apphelp.dll
0x00007ffb6b4d0000 - 0x00007ffb6b523000 	C:\WINDOWS\AppPatch\AppPatch64\AcGenral.DLL
0x00007ffb7e5f0000 - 0x00007ffb7e69a000 	C:\WINDOWS\system32\msvcrt.dll
0x00007ffb7db90000 - 0x00007ffb7dbbe000 	C:\WINDOWS\SYSTEM32\SspiCli.dll
0x00007ffb7e8c0000 - 0x00007ffb7e914000 	C:\WINDOWS\system32\SHLWAPI.dll
0x00007ffb80760000 - 0x00007ffb808d7000 	C:\WINDOWS\system32\USER32.dll
0x00007ffb7e410000 - 0x00007ffb7e5a4000 	C:\WINDOWS\system32\ole32.dll
0x00007ffb7f100000 - 0x00007ffb80618000 	C:\WINDOWS\system32\SHELL32.dll
0x00007ffb7d360000 - 0x00007ffb7d381000 	C:\WINDOWS\SYSTEM32\USERENV.dll
0x00007ffb7eea0000 - 0x00007ffb7ef4a000 	C:\WINDOWS\system32\ADVAPI32.dll
0x00007ffb72030000 - 0x00007ffb7204e000 	C:\WINDOWS\SYSTEM32\MPR.dll
0x00007ffb7e920000 - 0x00007ffb7ea61000 	C:\WINDOWS\system32\RPCRT4.dll
0x00007ffb7e3b0000 - 0x00007ffb7e409000 	C:\WINDOWS\SYSTEM32\sechost.dll
0x00007ffb7e6a0000 - 0x00007ffb7e8b1000 	C:\WINDOWS\SYSTEM32\combase.dll
0x00007ffb7ea70000 - 0x00007ffb7ebc1000 	C:\WINDOWS\system32\GDI32.dll
0x00007ffb7ddc0000 - 0x00007ffb7ddd5000 	C:\WINDOWS\SYSTEM32\profapi.dll
0x00007ffb7c160000 - 0x00007ffb7c212000 	C:\WINDOWS\SYSTEM32\SHCORE.dll
0x00007ffb7e5b0000 - 0x00007ffb7e5e6000 	C:\WINDOWS\system32\IMM32.DLL
0x00007ffb80920000 - 0x00007ffb80a72000 	C:\WINDOWS\system32\MSCTF.dll
0x00007ffb7b4f0000 - 0x00007ffb7b76b000 	C:\WINDOWS\WinSxS\amd64_microsoft.windows.common-controls_6595b64144ccf1df_6.0.9600.17415_none_6240486fecbd8abb\COMCTL32.dll
0x000000006e3b0000 - 0x000000006e482000 	C:\Program Files\Java\jre1.8.0_25\bin\msvcr100.dll
0x000000006e4e0000 - 0x000000006ed3a000 	C:\Program Files\Java\jre1.8.0_25\bin\server\jvm.dll
0x00007ffb71710000 - 0x00007ffb71719000 	C:\WINDOWS\SYSTEM32\WSOCK32.dll
0x00007ffb750e0000 - 0x00007ffb75102000 	C:\WINDOWS\SYSTEM32\WINMM.dll
0x00007ffb808e0000 - 0x00007ffb808e7000 	C:\WINDOWS\system32\PSAPI.DLL
0x00007ffb80b50000 - 0x00007ffb80baa000 	C:\WINDOWS\system32\WS2_32.dll
0x00007ffb74fb0000 - 0x00007ffb74fda000 	C:\WINDOWS\SYSTEM32\WINMMBASE.dll
0x00007ffb7ebd0000 - 0x00007ffb7ebd9000 	C:\WINDOWS\system32\NSI.dll
0x00007ffb7e2a0000 - 0x00007ffb7e2ef000 	C:\WINDOWS\SYSTEM32\cfgmgr32.dll
0x00007ffb7cbb0000 - 0x00007ffb7cbd8000 	C:\WINDOWS\SYSTEM32\DEVOBJ.dll
0x00000000701e0000 - 0x00000000701ef000 	C:\Program Files\Java\jre1.8.0_25\bin\verify.dll
0x00000000701b0000 - 0x00000000701d8000 	C:\Program Files\Java\jre1.8.0_25\bin\java.dll
0x0000000070190000 - 0x00000000701a6000 	C:\Program Files\Java\jre1.8.0_25\bin\zip.dll
0x000000006e210000 - 0x000000006e3a8000 	C:\Program Files\Java\jre1.8.0_25\bin\awt.dll
0x00007ffb7edd0000 - 0x00007ffb7ee91000 	C:\WINDOWS\system32\OLEAUT32.dll
0x00007ffb7bf60000 - 0x00007ffb7bf81000 	C:\WINDOWS\system32\DWMAPI.DLL
0x00007ffb7ca30000 - 0x00007ffb7cb59000 	C:\WINDOWS\system32\uxtheme.dll
0x00007ffb7cc00000 - 0x00007ffb7cc0b000 	C:\WINDOWS\SYSTEM32\kernel.appcore.dll
0x00007ffb7dc30000 - 0x00007ffb7dc3b000 	C:\WINDOWS\SYSTEM32\CRYPTBASE.dll
0x00007ffb7dbc0000 - 0x00007ffb7dc23000 	C:\WINDOWS\SYSTEM32\bcryptPrimitives.dll
0x00007ffb73570000 - 0x00007ffb73791000 	C:\WINDOWS\system32\d3d9.dll
0x00007ffb7b9f0000 - 0x00007ffb7b9fa000 	C:\WINDOWS\SYSTEM32\VERSION.dll
0x00007ffb7b220000 - 0x00007ffb7b36b000 	C:\WINDOWS\SYSTEM32\aticfx64.dll
0x00007ffb59650000 - 0x00007ffb59671000 	C:\WINDOWS\SYSTEM32\atiu9p64.dll
0x00007ffb58e60000 - 0x00007ffb59645000 	C:\WINDOWS\SYSTEM32\atiumd64.dll
0x000000006ed40000 - 0x000000006f4f7000 	C:\WINDOWS\SYSTEM32\atiumd6a.dll
0x000000006f5f0000 - 0x000000006f637000 	C:\Program Files\Java\jre1.8.0_25\bin\fontmanager.dll
0x00007ffb7d630000 - 0x00007ffb7d650000 	C:\WINDOWS\SYSTEM32\CRYPTSP.dll
0x00007ffb7d250000 - 0x00007ffb7d286000 	C:\WINDOWS\system32\rsaenh.dll
0x00007ffb7d880000 - 0x00007ffb7d8a6000 	C:\WINDOWS\SYSTEM32\bcrypt.dll
0x0000000070170000 - 0x000000007018a000 	C:\Program Files\Java\jre1.8.0_25\bin\net.dll
0x00007ffb7d5d0000 - 0x00007ffb7d629000 	C:\WINDOWS\system32\mswsock.dll
0x00007ffb79b50000 - 0x00007ffb79b7a000 	C:\WINDOWS\SYSTEM32\IPHLPAPI.DLL
0x00007ffb79b10000 - 0x00007ffb79b1a000 	C:\WINDOWS\SYSTEM32\WINNSI.DLL
0x00007ffb78b80000 - 0x00007ffb78b96000 	C:\WINDOWS\SYSTEM32\dhcpcsvc6.DLL
0x00007ffb78d10000 - 0x00007ffb78d2a000 	C:\WINDOWS\SYSTEM32\dhcpcsvc.DLL
0x000000006e4c0000 - 0x000000006e4d1000 	C:\Program Files\Java\jre1.8.0_25\bin\nio.dll
0x00000000637c0000 - 0x00000000637cd000 	S:\Users\Ben\AppData\Local\Temp\jogamp_0000\file_cache\jln5283527257493076578\jln3352450883663817888\gluegen-rt.dll
0x000000006f5e0000 - 0x000000006f5e7000 	C:\Program Files\Java\jre1.8.0_25\bin\jawt.dll
0x000000006a440000 - 0x000000006a44d000 	S:\Users\Ben\AppData\Local\Temp\jogamp_0000\file_cache\jln5283527257493076578\jln3352450883663817888\nativewindow_awt.dll
0x000000006c100000 - 0x000000006c10f000 	S:\Users\Ben\AppData\Local\Temp\jogamp_0000\file_cache\jln5283527257493076578\jln3352450883663817888\nativewindow_win32.dll
0x00007ffb6bcf0000 - 0x00007ffb6be1b000 	C:\WINDOWS\SYSTEM32\OpenGL32.dll
0x00007ffb74bc0000 - 0x00007ffb74bee000 	C:\WINDOWS\SYSTEM32\GLU32.dll
0x00007ffb509a0000 - 0x00007ffb50a98000 	C:\WINDOWS\SYSTEM32\DDRAW.dll
0x00007ffb7a0b0000 - 0x00007ffb7a0b9000 	C:\WINDOWS\SYSTEM32\DCIMAN32.dll
0x0000000064500000 - 0x00000000645a2000 	S:\Users\Ben\AppData\Local\Temp\jogamp_0000\file_cache\jln5283527257493076578\jln3352450883663817888\jogl_desktop.dll
0x00007ffb74c40000 - 0x00007ffb74c58000 	C:\WINDOWS\SYSTEM32\atig6pxx.dll
0x000000006c660000 - 0x000000006e20f000 	C:\WINDOWS\SYSTEM32\atio6axx.dll
0x00007ffb7ebf0000 - 0x00007ffb7edca000 	C:\WINDOWS\system32\SETUPAPI.dll
0x00007ffb79b80000 - 0x00007ffb79cb7000 	C:\WINDOWS\SYSTEM32\atiadlxx.dll
0x00007ffb7a150000 - 0x00007ffb7a2cf000 	C:\WINDOWS\SYSTEM32\PROPSYS.dll
0x00007ffb7c9d0000 - 0x00007ffb7c9e2000 	C:\WINDOWS\SYSTEM32\WTSAPI32.dll
0x00007ffb7e070000 - 0x00007ffb7e0c1000 	C:\WINDOWS\system32\WINTRUST.dll
0x00007ffb7de90000 - 0x00007ffb7e06f000 	C:\WINDOWS\system32\CRYPT32.dll
0x00007ffb7de70000 - 0x00007ffb7de81000 	C:\WINDOWS\system32\MSASN1.dll
0x00007ffb732f0000 - 0x00007ffb73319000 	C:\WINDOWS\SYSTEM32\atig6txx.dll
0x00007ffb4fb80000 - 0x00007ffb4fd1c000 	O:\OneDrive\Workspace\ZZavatar\lib\user\KinectPV2\Kinect20.Face.dll
0x00007ffb74fe0000 - 0x00007ffb75087000 	C:\WINDOWS\SYSTEM32\MSVCP110.dll
0x00007ffb76510000 - 0x00007ffb765de000 	C:\WINDOWS\SYSTEM32\MSVCR110.dll
0x00007ffb74bb0000 - 0x00007ffb74bc0000 	O:\OneDrive\Workspace\ZZavatar\lib\user\KinectPV2\KinectPV2.dll
0x00007ffb508e0000 - 0x00007ffb5099a000 	C:\WINDOWS\SYSTEM32\Kinect20.dll
0x00007ffb75110000 - 0x00007ffb751fb000 	C:\WINDOWS\SYSTEM32\MFPlat.DLL
0x00007ffb74f70000 - 0x00007ffb74f97000 	C:\WINDOWS\SYSTEM32\RTWorkQ.DLL
0x00007ffb7bb70000 - 0x00007ffb7bb7c000 	C:\WINDOWS\SYSTEM32\AVRT.dll
0x000000006c610000 - 0x000000006c651000 	C:\Program Files\Java\jre1.8.0_25\bin\t2k.dll
0x00007ffb70940000 - 0x00007ffb70aca000 	C:\WINDOWS\SYSTEM32\dbghelp.dll

VM Arguments:
jvm_args: -Djava.library.path=O:\OneDrive\Workspace\ZZavatar\lib\base\video;O:\OneDrive\Workspace\ZZavatar\lib\base\video;O:\OneDrive\Workspace\ZZavatar\lib\base\video;O:\OneDrive\Workspace\ZZavatar\lib\base\core;O:\OneDrive\Workspace\ZZavatar\lib\base\core;O:\OneDrive\Workspace\ZZavatar\lib\base\core;O:\OneDrive\Workspace\ZZavatar\lib\base\core;O:\OneDrive\Workspace\ZZavatar\lib\base\core;O:\OneDrive\Workspace\ZZavatar\lib\base\core;O:\OneDrive\Workspace\ZZavatar\lib\base\core;O:\OneDrive\Workspace\ZZavatar\lib\base\core;O:\OneDrive\Workspace\ZZavatar\lib\base\core;O:\OneDrive\Workspace\ZZavatar\lib\base\core;O:\OneDrive\Workspace\ZZavatar\lib\base\core;O:\OneDrive\Workspace\ZZavatar\lib\base\core;O:\OneDrive\Workspace\ZZavatar\lib\base\core;O:\OneDrive\Workspace\ZZavatar\lib\base\core;O:\OneDrive\Workspace\ZZavatar\lib\base\core;O:\OneDrive\Workspace\ZZavatar\lib\user\Kinect4WinSDK;O:\OneDrive\Workspace\ZZavatar\lib\user\KinectPV2;O:\OneDrive\Workspace\ZZavatar\lib\user\SimpleOpenNI -Dfile.encoding=Cp1252 
java_command: zzavatar.ZZavatar
java_class_path (initial): O:\OneDrive\Workspace\ZZavatar\lib\base\video\gstreamer-java.jar;O:\OneDrive\Workspace\ZZavatar\lib\base\video\jna.jar;O:\OneDrive\Workspace\ZZavatar\lib\base\video\video.jar;O:\OneDrive\Workspace\ZZavatar\lib\base\core\core.jar;O:\OneDrive\Workspace\ZZavatar\lib\base\core\gluegen-rt-natives-linux-amd64.jar;O:\OneDrive\Workspace\ZZavatar\lib\base\core\gluegen-rt-natives-linux-armv6hf.jar;O:\OneDrive\Workspace\ZZavatar\lib\base\core\gluegen-rt-natives-linux-i586.jar;O:\OneDrive\Workspace\ZZavatar\lib\base\core\gluegen-rt-natives-macosx-universal.jar;O:\OneDrive\Workspace\ZZavatar\lib\base\core\gluegen-rt-natives-windows-amd64.jar;O:\OneDrive\Workspace\ZZavatar\lib\base\core\gluegen-rt-natives-windows-i586.jar;O:\OneDrive\Workspace\ZZavatar\lib\base\core\gluegen-rt.jar;O:\OneDrive\Workspace\ZZavatar\lib\base\core\jogl-all-natives-linux-amd64.jar;O:\OneDrive\Workspace\ZZavatar\lib\base\core\jogl-all-natives-linux-armv6hf.jar;O:\OneDrive\Workspace\ZZavatar\lib\base\core\jogl-all-natives-linux-i586.jar;O:\OneDrive\Workspace\ZZavatar\lib\base\core\jogl-all-natives-macosx-universal.jar;O:\OneDrive\Workspace\ZZavatar\lib\base\core\jogl-all-natives-windows-amd64.jar;O:\OneDrive\Workspace\ZZavatar\lib\base\core\jogl-all-natives-windows-i586.jar;O:\OneDrive\Workspace\ZZavatar\lib\base\core\jogl-all.jar;O:\OneDrive\Workspace\ZZavatar\lib\user\Kinect4WinSDK\Kinect4WinSDK.jar;O:\OneDrive\Workspace\ZZavatar\lib\user\KinectPV2\KinectPV2.jar;O:\OneDrive\Workspace\ZZavatar\lib\user\SimpleOpenNI\SimpleOpenNI.jar;O:\OneDrive\Workspace\ZZavatar\bin
Launcher Type: SUN_STANDARD

Environment Variables:
JAVA_HOME=C:\Program Files\Java\jdk1.8.0_25
PATH=C:/Program Files/Java/jre1.8.0_25/bin/server;C:/Program Files/Java/jre1.8.0_25/bin;C:/Program Files/Java/jre1.8.0_25/lib/amd64;C:\Program Files (x86)\NVIDIA Corporation\PhysX\Common;C:\ProgramData\Oracle\Java\javapath;C:\Program Files (x86)\Common Files\Intel\Shared Libraries\redist\intel64\compiler;C:\Program Files (x86)\Common Files\Intel\Shared Libraries\redist\ia32\compiler;C:\Program Files (x86)\Intel\iCLS Client\;C:\Program Files\Intel\iCLS Client\;C:\Program Files (x86)\AMD APP\bin\x86_64;C:\Program Files (x86)\AMD APP\bin\x86;C:\WINDOWS\system32;C:\WINDOWS;C:\WINDOWS\System32\Wbem;C:\WINDOWS\System32\WindowsPowerShell\v1.0\;C:\Program Files (x86)\ATI Technologies\ATI.ACE\Core-Static;C:\Program Files\Intel\Intel(R) Management Engine Components\DAL;C:\Program Files\Intel\Intel(R) Management Engine Components\IPT;C:\Program Files (x86)\Intel\Intel(R) Management Engine Components\DAL;C:\Program Files (x86)\Intel\Intel(R) Management Engine Components\IPT;C:\Program Files\Sony\VAIO Improvement\;C:\Program Files (x86)\Sony\VAIO Startup Setting Tool;C:\Program Files (x86)\Windows Kits\8.1\Windows Performance Toolkit\;C:\Program Files\Microsoft SQL Server\110\Tools\Binn\;C:\Program Files (x86)\Microsoft SDKs\TypeScript\1.0\;C:\Program Files\Microsoft\Web Platform Installer\;C:\Program Files (x86)\Java\jre1.8.0_25\bin;P:\Programs\Python27\Scripts;P:\Programs\Python27;C:\Program Files\Common Files\Autodesk Shared\;P:\Program Files\Programs;P:\Program Files\Games;P:\Programs\Eclipse;
USERNAME=Benoît
OS=Windows_NT
PROCESSOR_IDENTIFIER=Intel64 Family 6 Model 58 Stepping 9, GenuineIntel



---------------  S Y S T E M  ---------------

OS: Windows 8.1 , 64 bit Build 9600 

CPU:total 8 (4 cores per cpu, 2 threads per core) family 6 model 58 stepping 9, cmov, cx8, fxsr, mmx, sse, sse2, sse3, ssse3, sse4.1, sse4.2, popcnt, avx, aes, clmul, erms, ht, tsc, tscinvbit, tscinv

Memory: 4k page, physical 6237468k(2288548k free), swap 10431772k(5076136k free)

vm_info: Java HotSpot(TM) 64-Bit Server VM (25.25-b02) for windows-amd64 JRE (1.8.0_25-b18), built on Oct  7 2014 14:25:37 by "java_re" with MS VC++ 10.0 (VS2010)

time: Sat Apr 25 11:22:34 2015
elapsed time: 6 seconds (0d 0h 0m 6s)

