#
# A fatal error has been detected by the Java Runtime Environment:
#
#  EXCEPTION_ACCESS_VIOLATION (0xc0000005) at pc=0x00007ff964334110, pid=3368, tid=2844
#
# JRE version: Java(TM) SE Runtime Environment (8.0_31-b13) (build 1.8.0_31-b13)
# Java VM: Java HotSpot(TM) 64-Bit Server VM (25.31-b07 mixed mode windows-amd64 compressed oops)
# Problematic frame:
# C  [KinectPV2.dll+0x4110]
#
# Failed to write core dump. Minidumps are not enabled by default on client versions of Windows
#
# If you would like to submit a bug report, please visit:
#   http://bugreport.java.com/bugreport/crash.jsp
# The crash happened outside the Java Virtual Machine in native code.
# See problematic frame for where to report the bug.
#

---------------  T H R E A D  ---------------

Current thread (0x000000001eadb800):  JavaThread "Animation Thread" [_thread_in_native, id=2844, stack(0x0000000021c70000,0x0000000021d70000)]

siginfo: ExceptionCode=0xc0000005, reading address 0xffffffffffffffff

Registers:
RAX=0x0000000000000001, RBX=0x000000003432e040, RCX=0xffffffffffffffff, RDX=0x0000000000000000
RSP=0x0000000021d6e8e0, RBP=0x0000000000000006, RSI=0x0000000000000000, RDI=0x0000000024fdee48
R8 =0x0000000021d6e5a8, R9 =0x0000000000008000, R10=0x0000000000000000, R11=0x0000000021d6e7e0
R12=0x0000000000000000, R13=0x000000002589e3b0, R14=0x0000000000000000, R15=0x000000001eadb800
RIP=0x00007ff964334110, EFLAGS=0x0000000000010286

Top of Stack: (sp=0x0000000021d6e8e0)
0x0000000021d6e8e0:   0000000024fdee18 0000000025060ba8
0x0000000021d6e8f0:   0000000024fdee18 0000000000000000
0x0000000021d6e900:   0000000021d6e9d0 00007ff964331fba
0x0000000021d6e910:   0000000021d6e9d0 0000000021d6e9b0
0x0000000021d6e920:   000000001eadb9e8 000000001ea93220
0x0000000021d6e930:   00000006c727b8e8 0000000002015534
0x0000000021d6e940:   000000002589e3b0 0000000000000021
0x0000000021d6e950:   0000000000000021 000000001eadb800
0x0000000021d6e960:   0000000021d6ea28 0000000002015262
0x0000000021d6e970:   0000000021d6e970 000000002589e3b0
0x0000000021d6e980:   0000000021d6e9d0 000000002589f340
0x0000000021d6e990:   0000000000000000 000000002589e3b0
0x0000000021d6e9a0:   0000000000000000 0000000021d6e9d0
0x0000000021d6e9b0:   0000000021d6ea18 0000000002007a2d
0x0000000021d6e9c0:   0000000000000000 000000000200f6b8
0x0000000021d6e9d0:   00000006c711d168 0000000021d6e9d8 

Instructions: (pc=0x00007ff964334110)
0x00007ff9643340f0:   89 77 d0 48 8b 0f 48 85 c9 74 09 48 8b 01 ff 50
0x00007ff964334100:   10 4c 89 37 48 8b 8f 90 00 00 00 48 85 c9 74 0d
0x00007ff964334110:   48 8b 01 ff 50 10 4c 89 b7 90 00 00 00 48 8b 4f
0x00007ff964334120:   30 48 85 c9 74 0a 48 8b 01 ff 50 10 4c 89 77 30 


Register to memory mapping:

RAX=0x0000000000000001 is an unknown value
RBX=0x000000003432e040 is an unknown value
RCX=0xffffffffffffffff is an unknown value
RDX=0x0000000000000000 is an unknown value
RSP=0x0000000021d6e8e0 is pointing into the stack for thread: 0x000000001eadb800
RBP=0x0000000000000006 is an unknown value
RSI=0x0000000000000000 is an unknown value
RDI=0x0000000024fdee48 is an unknown value
R8 =0x0000000021d6e5a8 is pointing into the stack for thread: 0x000000001eadb800
R9 =0x0000000000008000 is an unknown value
R10=0x0000000000000000 is an unknown value
R11=0x0000000021d6e7e0 is pointing into the stack for thread: 0x000000001eadb800
R12=0x0000000000000000 is an unknown value
R13={method} {0x000000002589e3b8} 'jniStopDevice' '()V' in 'KinectPV2/Device'
R14=0x0000000000000000 is an unknown value
R15=0x000000001eadb800 is a thread


Stack: [0x0000000021c70000,0x0000000021d70000],  sp=0x0000000021d6e8e0,  free space=1018k
Native frames: (J=compiled Java code, j=interpreted, Vv=VM code, C=native code)
C  [KinectPV2.dll+0x4110]
C  [KinectPV2.dll+0x1fba]
C  0x0000000002015534

Java frames: (J=compiled Java code, j=interpreted, Vv=VM code)
j  KinectPV2.Device.jniStopDevice()V+0
j  KinectPV2.Device.stopDevice()V+41
j  KinectPV2.KinectPV2.dispose()V+14
v  ~StubRoutines::call_stub
j  sun.reflect.NativeMethodAccessorImpl.invoke0(Ljava/lang/reflect/Method;Ljava/lang/Object;[Ljava/lang/Object;)Ljava/lang/Object;+0
j  sun.reflect.NativeMethodAccessorImpl.invoke(Ljava/lang/Object;[Ljava/lang/Object;)Ljava/lang/Object;+100
J 1863 C1 sun.reflect.DelegatingMethodAccessorImpl.invoke(Ljava/lang/Object;[Ljava/lang/Object;)Ljava/lang/Object; (10 bytes) @ 0x00000000026ed60c [0x00000000026ed500+0x10c]
J 1862 C1 java.lang.reflect.Method.invoke(Ljava/lang/Object;[Ljava/lang/Object;)Ljava/lang/Object; (62 bytes) @ 0x00000000026ed02c [0x00000000026ecc40+0x3ec]
j  processing.core.PApplet$RegisteredMethods.handle([Ljava/lang/Object;)V+18
J 1713 C1 processing.core.PApplet.handleMethods(Ljava/lang/String;)V (21 bytes) @ 0x000000000267f65c [0x000000000267f3a0+0x2bc]
j  processing.core.PApplet.dispose()V+35
j  processing.core.PApplet.run()V+283
j  java.lang.Thread.run()V+11
v  ~StubRoutines::call_stub

---------------  P R O C E S S  ---------------

Java Threads: ( => current thread )
  0x000000001ebc0000 JavaThread "Animation Thread-SharedResourceRunner" daemon [_thread_blocked, id=5820, stack(0x00000000244e0000,0x00000000245e0000)]
  0x0000000001f02800 JavaThread "DestroyJavaVM" [_thread_blocked, id=6316, stack(0x0000000001de0000,0x0000000001ee0000)]
  0x000000001eaed800 JavaThread "D3D Screen Updater" daemon [_thread_blocked, id=2764, stack(0x0000000021f70000,0x0000000022070000)]
=>0x000000001eadb800 JavaThread "Animation Thread" [_thread_in_native, id=2844, stack(0x0000000021c70000,0x0000000021d70000)]
  0x000000001ea92000 JavaThread "AWT-EventQueue-0" [_thread_blocked, id=6148, stack(0x0000000021a70000,0x0000000021b70000)]
  0x000000001ea07800 JavaThread "AWT-Windows" daemon [_thread_in_native, id=6064, stack(0x000000001f310000,0x000000001f410000)]
  0x000000001ea07000 JavaThread "AWT-Shutdown" [_thread_blocked, id=3360, stack(0x000000001f210000,0x000000001f310000)]
  0x000000001ea04000 JavaThread "Java2D Disposer" daemon [_thread_blocked, id=1060, stack(0x000000001f110000,0x000000001f210000)]
  0x000000001db2f000 JavaThread "Service Thread" daemon [_thread_blocked, id=4296, stack(0x000000001e470000,0x000000001e570000)]
  0x000000001daaf000 JavaThread "C1 CompilerThread3" daemon [_thread_blocked, id=7084, stack(0x000000001e370000,0x000000001e470000)]
  0x000000001daa0800 JavaThread "C2 CompilerThread2" daemon [_thread_blocked, id=5876, stack(0x000000001e270000,0x000000001e370000)]
  0x000000001da9c000 JavaThread "C2 CompilerThread1" daemon [_thread_blocked, id=5892, stack(0x000000001e170000,0x000000001e270000)]
  0x000000001da99800 JavaThread "C2 CompilerThread0" daemon [_thread_blocked, id=3432, stack(0x000000001e070000,0x000000001e170000)]
  0x000000001da98000 JavaThread "Attach Listener" daemon [_thread_blocked, id=2972, stack(0x000000001df70000,0x000000001e070000)]
  0x000000001da97000 JavaThread "Signal Dispatcher" daemon [_thread_blocked, id=5100, stack(0x000000001de70000,0x000000001df70000)]
  0x0000000001ff8800 JavaThread "Finalizer" daemon [_thread_blocked, id=6808, stack(0x000000001d960000,0x000000001da60000)]
  0x0000000001ff1800 JavaThread "Reference Handler" daemon [_thread_blocked, id=4668, stack(0x000000001d860000,0x000000001d960000)]

Other Threads:
  0x000000001ba89000 VMThread [stack: 0x000000001d760000,0x000000001d860000] [id=700]
  0x000000001db31800 WatcherThread [stack: 0x000000001e570000,0x000000001e670000] [id=3120]

VM state:not at safepoint (normal execution)

VM Mutex/Monitor currently owned by a thread: None

Heap:
 PSYoungGen      total 1128448K, used 688082K [0x000000076b300000, 0x00000007b3700000, 0x00000007c0000000)
  eden space 1091584K, 63% used [0x000000076b300000,0x00000007952a8a60,0x00000007add00000)
  from space 36864K, 0% used [0x00000007add00000,0x00000007add4c030,0x00000007b0100000)
  to   space 34816K, 0% used [0x00000007b1500000,0x00000007b1500000,0x00000007b3700000)
 ParOldGen       total 304640K, used 161955K [0x00000006c1800000, 0x00000006d4180000, 0x000000076b300000)
  object space 304640K, 53% used [0x00000006c1800000,0x00000006cb628f00,0x00000006d4180000)
 Metaspace       used 18134K, capacity 18355K, committed 18560K, reserved 1067008K
  class space    used 1729K, capacity 1794K, committed 1920K, reserved 1048576K

Card table byte_map: [0x00000000113c0000,0x0000000011bc0000] byte_map_base: 0x000000000ddb4000

Marking Bits: (ParMarkBitMap*) 0x000000006a28d4f0
 Begin Bits: [0x0000000012910000, 0x00000000168b0000)
 End Bits:   [0x00000000168b0000, 0x000000001a850000)

Polling page: 0x0000000000640000

CodeCache: size=245760Kb used=9578Kb max_used=9628Kb free=236181Kb
 bounds [0x0000000002000000, 0x0000000002980000, 0x0000000011000000]
 total_blobs=3366 nmethods=2493 adapters=787
 compilation: enabled

Compilation events (10 events):
Event: 37.538 Thread 0x000000001da99800 2517       4       sun.util.logging.PlatformLogger::isLoggable (38 bytes)
Event: 37.540 Thread 0x000000001da99800 nmethod 2517 0x000000000296cad0 code [0x000000000296cc20, 0x000000000296cd78]
Event: 39.805 Thread 0x000000001daaf000 2518       1       jogamp.opengl.GLDrawableImpl::createHandle (1 bytes)
Event: 39.805 Thread 0x000000001daaf000 nmethod 2518 0x000000000295e0d0 code [0x000000000295e220, 0x000000000295e330]
Event: 39.872 Thread 0x000000001daaf000 2519       1       jogamp.opengl.GLDrawableImpl::destroyHandle (1 bytes)
Event: 39.872 Thread 0x000000001daaf000 nmethod 2519 0x000000000210dcd0 code [0x000000000210de20, 0x000000000210df30]
Event: 39.873 Thread 0x000000001daa0800 2520       4       processing.core.PMatrix3D::determinant (388 bytes)
Event: 39.874 Thread 0x000000001daa0800 nmethod 2520 0x000000000210d010 code [0x000000000210d140, 0x000000000210d358]
Event: 39.890 Thread 0x000000001daaf000 2521       1       com.jogamp.nativewindow.awt.JAWTWindow::surfaceSwap (2 bytes)
Event: 39.890 Thread 0x000000001daaf000 nmethod 2521 0x000000000210bdd0 code [0x000000000210bf20, 0x000000000210c030]

GC Heap History (10 events):
Event: 34.030 GC heap before
{Heap before GC invocations=24 (full 1):
 PSYoungGen      total 1082880K, used 1045888K [0x000000076b300000, 0x00000007b0a00000, 0x00000007c0000000)
  eden space 1045504K, 100% used [0x000000076b300000,0x00000007ab000000,0x00000007ab000000)
  from space 37376K, 1% used [0x00000007ae580000,0x00000007ae5e0020,0x00000007b0a00000)
  to   space 46080K, 0% used [0x00000007ab000000,0x00000007ab000000,0x00000007add00000)
 ParOldGen       total 304640K, used 161923K [0x00000006c1800000, 0x00000006d4180000, 0x000000076b300000)
  object space 304640K, 53% used [0x00000006c1800000,0x00000006cb620f00,0x00000006d4180000)
 Metaspace       used 18098K, capacity 18355K, committed 18560K, reserved 1067008K
  class space    used 1718K, capacity 1794K, committed 1920K, reserved 1048576K
Event: 34.032 GC heap after
Heap after GC invocations=24 (full 1):
 PSYoungGen      total 1091584K, used 352K [0x000000076b300000, 0x00000007b2300000, 0x00000007c0000000)
  eden space 1045504K, 0% used [0x000000076b300000,0x000000076b300000,0x00000007ab000000)
  from space 46080K, 0% used [0x00000007ab000000,0x00000007ab058020,0x00000007add00000)
  to   space 43520K, 0% used [0x00000007af880000,0x00000007af880000,0x00000007b2300000)
 ParOldGen       total 304640K, used 161923K [0x00000006c1800000, 0x00000006d4180000, 0x000000076b300000)
  object space 304640K, 53% used [0x00000006c1800000,0x00000006cb620f00,0x00000006d4180000)
 Metaspace       used 18098K, capacity 18355K, committed 18560K, reserved 1067008K
  class space    used 1718K, capacity 1794K, committed 1920K, reserved 1048576K
}
Event: 35.698 GC heap before
{Heap before GC invocations=25 (full 1):
 PSYoungGen      total 1091584K, used 1045856K [0x000000076b300000, 0x00000007b2300000, 0x00000007c0000000)
  eden space 1045504K, 100% used [0x000000076b300000,0x00000007ab000000,0x00000007ab000000)
  from space 46080K, 0% used [0x00000007ab000000,0x00000007ab058020,0x00000007add00000)
  to   space 43520K, 0% used [0x00000007af880000,0x00000007af880000,0x00000007b2300000)
 ParOldGen       total 304640K, used 161923K [0x00000006c1800000, 0x00000006d4180000, 0x000000076b300000)
  object space 304640K, 53% used [0x00000006c1800000,0x00000006cb620f00,0x00000006d4180000)
 Metaspace       used 18099K, capacity 18355K, committed 18560K, reserved 1067008K
  class space    used 1718K, capacity 1794K, committed 1920K, reserved 1048576K
Event: 35.699 GC heap after
Heap after GC invocations=25 (full 1):
 PSYoungGen      total 1106432K, used 400K [0x000000076b300000, 0x00000007b1a80000, 0x00000007c0000000)
  eden space 1071616K, 0% used [0x000000076b300000,0x000000076b300000,0x00000007ac980000)
  from space 34816K, 1% used [0x00000007af880000,0x00000007af8e4030,0x00000007b1a80000)
  to   space 41472K, 0% used [0x00000007ac980000,0x00000007ac980000,0x00000007af200000)
 ParOldGen       total 304640K, used 161923K [0x00000006c1800000, 0x00000006d4180000, 0x000000076b300000)
  object space 304640K, 53% used [0x00000006c1800000,0x00000006cb620f00,0x00000006d4180000)
 Metaspace       used 18099K, capacity 18355K, committed 18560K, reserved 1067008K
  class space    used 1718K, capacity 1794K, committed 1920K, reserved 1048576K
}
Event: 37.398 GC heap before
{Heap before GC invocations=26 (full 1):
 PSYoungGen      total 1106432K, used 1072016K [0x000000076b300000, 0x00000007b1a80000, 0x00000007c0000000)
  eden space 1071616K, 100% used [0x000000076b300000,0x00000007ac980000,0x00000007ac980000)
  from space 34816K, 1% used [0x00000007af880000,0x00000007af8e4030,0x00000007b1a80000)
  to   space 41472K, 0% used [0x00000007ac980000,0x00000007ac980000,0x00000007af200000)
 ParOldGen       total 304640K, used 161923K [0x00000006c1800000, 0x00000006d4180000, 0x000000076b300000)
  object space 304640K, 53% used [0x00000006c1800000,0x00000006cb620f00,0x00000006d4180000)
 Metaspace       used 18099K, capacity 18355K, committed 18560K, reserved 1067008K
  class space    used 1718K, capacity 1794K, committed 1920K, reserved 1048576K
Event: 37.400 GC heap after
Heap after GC invocations=26 (full 1):
 PSYoungGen      total 1113088K, used 400K [0x000000076b300000, 0x00000007b2700000, 0x00000007c0000000)
  eden space 1071616K, 0% used [0x000000076b300000,0x000000076b300000,0x00000007ac980000)
  from space 41472K, 0% used [0x00000007ac980000,0x00000007ac9e4030,0x00000007af200000)
  to   space 38912K, 0% used [0x00000007b0100000,0x00000007b0100000,0x00000007b2700000)
 ParOldGen       total 304640K, used 161923K [0x00000006c1800000, 0x00000006d4180000, 0x000000076b300000)
  object space 304640K, 53% used [0x00000006c1800000,0x00000006cb620f00,0x00000006d4180000)
 Metaspace       used 18099K, capacity 18355K, committed 18560K, reserved 1067008K
  class space    used 1718K, capacity 1794K, committed 1920K, reserved 1048576K
}
Event: 39.103 GC heap before
{Heap before GC invocations=27 (full 1):
 PSYoungGen      total 1113088K, used 1071854K [0x000000076b300000, 0x00000007b2700000, 0x00000007c0000000)
  eden space 1071616K, 99% used [0x000000076b300000,0x00000007ac9579e0,0x00000007ac980000)
  from space 41472K, 0% used [0x00000007ac980000,0x00000007ac9e4030,0x00000007af200000)
  to   space 38912K, 0% used [0x00000007b0100000,0x00000007b0100000,0x00000007b2700000)
 ParOldGen       total 304640K, used 161923K [0x00000006c1800000, 0x00000006d4180000, 0x000000076b300000)
  object space 304640K, 53% used [0x00000006c1800000,0x00000006cb620f00,0x00000006d4180000)
 Metaspace       used 18099K, capacity 18355K, committed 18560K, reserved 1067008K
  class space    used 1718K, capacity 1794K, committed 1920K, reserved 1048576K
Event: 39.110 GC heap after
Heap after GC invocations=27 (full 1):
 PSYoungGen      total 1130496K, used 9364K [0x000000076b300000, 0x00000007b2a80000, 0x00000007c0000000)
  eden space 1091584K, 0% used [0x000000076b300000,0x000000076b300000,0x00000007add00000)
  from space 38912K, 24% used [0x00000007b0100000,0x00000007b0a25040,0x00000007b2700000)
  to   space 36864K, 0% used [0x00000007add00000,0x00000007add00000,0x00000007b0100000)
 ParOldGen       total 304640K, used 161923K [0x00000006c1800000, 0x00000006d4180000, 0x000000076b300000)
  object space 304640K, 53% used [0x00000006c1800000,0x00000006cb620f00,0x00000006d4180000)
 Metaspace       used 18099K, capacity 18355K, committed 18560K, reserved 1067008K
  class space    used 1718K, capacity 1794K, committed 1920K, reserved 1048576K
}
Event: 40.858 GC heap before
{Heap before GC invocations=28 (full 1):
 PSYoungGen      total 1130496K, used 1100948K [0x000000076b300000, 0x00000007b2a80000, 0x00000007c0000000)
  eden space 1091584K, 100% used [0x000000076b300000,0x00000007add00000,0x00000007add00000)
  from space 38912K, 24% used [0x00000007b0100000,0x00000007b0a25040,0x00000007b2700000)
  to   space 36864K, 0% used [0x00000007add00000,0x00000007add00000,0x00000007b0100000)
 ParOldGen       total 304640K, used 161923K [0x00000006c1800000, 0x00000006d4180000, 0x000000076b300000)
  object space 304640K, 53% used [0x00000006c1800000,0x00000006cb620f00,0x00000006d4180000)
 Metaspace       used 18099K, capacity 18355K, committed 18560K, reserved 1067008K
  class space    used 1718K, capacity 1794K, committed 1920K, reserved 1048576K
Event: 40.860 GC heap after
Heap after GC invocations=28 (full 1):
 PSYoungGen      total 1128448K, used 304K [0x000000076b300000, 0x00000007b3700000, 0x00000007c0000000)
  eden space 1091584K, 0% used [0x000000076b300000,0x000000076b300000,0x00000007add00000)
  from space 36864K, 0% used [0x00000007add00000,0x00000007add4c030,0x00000007b0100000)
  to   space 34816K, 0% used [0x00000007b1500000,0x00000007b1500000,0x00000007b3700000)
 ParOldGen       total 304640K, used 161955K [0x00000006c1800000, 0x00000006d4180000, 0x000000076b300000)
  object space 304640K, 53% used [0x00000006c1800000,0x00000006cb628f00,0x00000006d4180000)
 Metaspace       used 18099K, capacity 18355K, committed 18560K, reserved 1067008K
  class space    used 1718K, capacity 1794K, committed 1920K, reserved 1048576K
}

Deoptimization events (10 events):
Event: 3.727 Thread 0x000000001ea92000 Uncommon trap: reason=array_check action=maybe_recompile pc=0x00000000023d9cac method=java.util.AbstractCollection.toArray([Ljava/lang/Object;)[Ljava/lang/Object; @ 119
Event: 3.727 Thread 0x000000001ea92000 Uncommon trap: reason=array_check action=maybe_recompile pc=0x00000000023d9cac method=java.util.AbstractCollection.toArray([Ljava/lang/Object;)[Ljava/lang/Object; @ 119
Event: 3.727 Thread 0x000000001ea92000 Uncommon trap: reason=array_check action=maybe_recompile pc=0x00000000023d9cac method=java.util.AbstractCollection.toArray([Ljava/lang/Object;)[Ljava/lang/Object; @ 119
Event: 3.727 Thread 0x000000001ea92000 Uncommon trap: reason=array_check action=maybe_recompile pc=0x00000000023d9cac method=java.util.AbstractCollection.toArray([Ljava/lang/Object;)[Ljava/lang/Object; @ 119
Event: 3.779 Thread 0x000000001eaae800 Uncommon trap: reason=range_check action=make_not_entrant pc=0x000000000238f910 method=java.awt.image.DirectColorModel.setFields()V @ 65
Event: 4.445 Thread 0x000000001ea92000 Uncommon trap: reason=predicate action=maybe_recompile pc=0x0000000002403788 method=java.util.ArrayList.indexOf(Ljava/lang/Object;)I @ 44
Event: 4.865 Thread 0x000000001ea92000 Uncommon trap: reason=unreached action=reinterpret pc=0x0000000002410878 method=processing.opengl.PGraphicsOpenGL$InGeometry.addVertex(FFFIFFFFFIFIIIFIZ)I @ 218
Event: 5.105 Thread 0x000000001ea92000 Uncommon trap: reason=unreached action=reinterpret pc=0x00000000022d4670 method=java.lang.reflect.AccessibleObject.setAccessible0(Ljava/lang/reflect/AccessibleObject;Z)V @ 4
Event: 17.205 Thread 0x000000001ea92000 Uncommon trap: reason=unreached action=reinterpret pc=0x000000000284c440 method=processing.opengl.PGraphicsOpenGL$InGeometry.addVertex(FFFIFFFFFIFIIIFIZ)I @ 243
Event: 17.209 Thread 0x000000001ea92000 Uncommon trap: reason=unreached action=reinterpret pc=0x00000000026bd718 method=java.util.HashMap.keySet()Ljava/util/Set; @ 6

Internal exceptions (10 events):
Event: 4.611 Thread 0x000000001ea92000 Exception <a 'java/security/PrivilegedActionException'> (0x0000000772f72990) thrown at [C:\workspace\8-2-build-windows-amd64-cygwin\jdk8u31\2394\hotspot\src\share\vm\prims\jvm.cpp, line 1312]
Event: 4.611 Thread 0x000000001ea92000 Exception <a 'java/security/PrivilegedActionException'> (0x0000000772f76b40) thrown at [C:\workspace\8-2-build-windows-amd64-cygwin\jdk8u31\2394\hotspot\src\share\vm\prims\jvm.cpp, line 1312]
Event: 4.612 Thread 0x000000001ea92000 Exception <a 'java/security/PrivilegedActionException'> (0x0000000772f7b248) thrown at [C:\workspace\8-2-build-windows-amd64-cygwin\jdk8u31\2394\hotspot\src\share\vm\prims\jvm.cpp, line 1312]
Event: 4.612 Thread 0x000000001ea92000 Exception <a 'java/security/PrivilegedActionException'> (0x0000000772f7f930) thrown at [C:\workspace\8-2-build-windows-amd64-cygwin\jdk8u31\2394\hotspot\src\share\vm\prims\jvm.cpp, line 1312]
Event: 4.612 Thread 0x000000001ea92000 Exception <a 'java/security/PrivilegedActionException'> (0x0000000772f83788) thrown at [C:\workspace\8-2-build-windows-amd64-cygwin\jdk8u31\2394\hotspot\src\share\vm\prims\jvm.cpp, line 1312]
Event: 4.613 Thread 0x000000001ea92000 Exception <a 'java/security/PrivilegedActionException'> (0x0000000772f88278) thrown at [C:\workspace\8-2-build-windows-amd64-cygwin\jdk8u31\2394\hotspot\src\share\vm\prims\jvm.cpp, line 1312]
Event: 4.613 Thread 0x000000001ea92000 Exception <a 'java/security/PrivilegedActionException'> (0x0000000772f8bca0) thrown at [C:\workspace\8-2-build-windows-amd64-cygwin\jdk8u31\2394\hotspot\src\share\vm\prims\jvm.cpp, line 1312]
Event: 4.613 Thread 0x000000001ea92000 Exception <a 'java/security/PrivilegedActionException'> (0x0000000772f8fed8) thrown at [C:\workspace\8-2-build-windows-amd64-cygwin\jdk8u31\2394\hotspot\src\share\vm\prims\jvm.cpp, line 1312]
Event: 4.614 Thread 0x000000001ea92000 Exception <a 'java/security/PrivilegedActionException'> (0x0000000772f960d8) thrown at [C:\workspace\8-2-build-windows-amd64-cygwin\jdk8u31\2394\hotspot\src\share\vm\prims\jvm.cpp, line 1312]
Event: 4.627 Thread 0x000000001ea92000 Exception <a 'java/security/PrivilegedActionException'> (0x0000000773071a00) thrown at [C:\workspace\8-2-build-windows-amd64-cygwin\jdk8u31\2394\hotspot\src\share\vm\prims\jvm.cpp, line 1312]

Events (10 events):
Event: 42.642 loading class javax/swing/JComponent$IntVector done
Event: 42.642 loading class javax/swing/KeyboardManager
Event: 42.642 loading class javax/swing/KeyboardManager done
Event: 42.642 loading class javax/swing/Popup$HeavyWeightWindow
Event: 42.642 loading class sun/awt/ModalExclude
Event: 42.642 loading class sun/awt/ModalExclude done
Event: 42.642 loading class javax/swing/JWindow
Event: 42.643 loading class javax/swing/JWindow done
Event: 42.643 loading class javax/swing/Popup$HeavyWeightWindow done
Event: 42.674 Thread 0x000000001ef2b000 Thread exited: 0x000000001ef2b000


Dynamic libraries:
0x00007ff7c70d0000 - 0x00007ff7c7104000 	C:\Program Files\Java\jre1.8.0_31\bin\javaw.exe
0x00007ff96b710000 - 0x00007ff96b8bc000 	C:\Windows\SYSTEM32\ntdll.dll
0x00007ff9693f0000 - 0x00007ff96952e000 	C:\Windows\system32\KERNEL32.DLL
0x00007ff968b60000 - 0x00007ff968c75000 	C:\Windows\system32\KERNELBASE.dll
0x00007ff967400000 - 0x00007ff96748e000 	C:\Windows\system32\apphelp.dll
0x00007ff947da0000 - 0x00007ff947df3000 	C:\Windows\AppPatch\AppPatch64\AcGenral.DLL
0x00007ff969060000 - 0x00007ff96910a000 	C:\Windows\system32\msvcrt.dll
0x00007ff968690000 - 0x00007ff9686be000 	C:\Windows\SYSTEM32\SspiCli.dll
0x00007ff96b640000 - 0x00007ff96b694000 	C:\Windows\system32\SHLWAPI.dll
0x00007ff969110000 - 0x00007ff969287000 	C:\Windows\system32\USER32.dll
0x00007ff96acf0000 - 0x00007ff96ae84000 	C:\Windows\system32\ole32.dll
0x00007ff969530000 - 0x00007ff96aa48000 	C:\Windows\system32\SHELL32.dll
0x00007ff967df0000 - 0x00007ff967e11000 	C:\Windows\SYSTEM32\USERENV.dll
0x00007ff96b210000 - 0x00007ff96b2ba000 	C:\Windows\system32\ADVAPI32.dll
0x00007ff9609a0000 - 0x00007ff9609be000 	C:\Windows\SYSTEM32\MPR.dll
0x00007ff969290000 - 0x00007ff9693d1000 	C:\Windows\system32\RPCRT4.dll
0x00007ff96b420000 - 0x00007ff96b479000 	C:\Windows\SYSTEM32\sechost.dll
0x00007ff96aff0000 - 0x00007ff96b201000 	C:\Windows\SYSTEM32\combase.dll
0x00007ff96ae90000 - 0x00007ff96afe1000 	C:\Windows\system32\GDI32.dll
0x00007ff968860000 - 0x00007ff968875000 	C:\Windows\SYSTEM32\profapi.dll
0x00007ff966db0000 - 0x00007ff966e62000 	C:\Windows\SYSTEM32\SHCORE.dll
0x00007ff968d90000 - 0x00007ff968dc6000 	C:\Windows\system32\IMM32.DLL
0x00007ff96b2c0000 - 0x00007ff96b412000 	C:\Windows\system32\MSCTF.dll
0x00007ff9662f0000 - 0x00007ff96656b000 	C:\Windows\WinSxS\amd64_microsoft.windows.common-controls_6595b64144ccf1df_6.0.9600.17415_none_6240486fecbd8abb\COMCTL32.dll
0x0000000069900000 - 0x00000000699d2000 	C:\Program Files\Java\jre1.8.0_31\bin\msvcr100.dll
0x0000000069ab0000 - 0x000000006a30a000 	C:\Program Files\Java\jre1.8.0_31\bin\server\jvm.dll
0x00007ff966a30000 - 0x00007ff966a39000 	C:\Windows\SYSTEM32\WSOCK32.dll
0x00007ff962a70000 - 0x00007ff962a92000 	C:\Windows\SYSTEM32\WINMM.dll
0x00007ff969050000 - 0x00007ff969057000 	C:\Windows\system32\PSAPI.DLL
0x00007ff96b6a0000 - 0x00007ff96b6fa000 	C:\Windows\system32\WS2_32.dll
0x00007ff95fb30000 - 0x00007ff95fb5a000 	C:\Windows\SYSTEM32\WINMMBASE.dll
0x00007ff96b5a0000 - 0x00007ff96b5a9000 	C:\Windows\system32\NSI.dll
0x00007ff968930000 - 0x00007ff96897f000 	C:\Windows\SYSTEM32\cfgmgr32.dll
0x00007ff967680000 - 0x00007ff9676a8000 	C:\Windows\SYSTEM32\DEVOBJ.dll
0x0000000069aa0000 - 0x0000000069aaf000 	C:\Program Files\Java\jre1.8.0_31\bin\verify.dll
0x0000000069a70000 - 0x0000000069a98000 	C:\Program Files\Java\jre1.8.0_31\bin\java.dll
0x0000000069a50000 - 0x0000000069a66000 	C:\Program Files\Java\jre1.8.0_31\bin\zip.dll
0x0000000069760000 - 0x00000000698f8000 	C:\Program Files\Java\jre1.8.0_31\bin\awt.dll
0x00007ff968dd0000 - 0x00007ff968e91000 	C:\Windows\system32\OLEAUT32.dll
0x00007ff966bb0000 - 0x00007ff966bd1000 	C:\Windows\system32\DWMAPI.DLL
0x00007ff9674d0000 - 0x00007ff9675f9000 	C:\Windows\system32\uxtheme.dll
0x00007ff967650000 - 0x00007ff96765b000 	C:\Windows\SYSTEM32\kernel.appcore.dll
0x00007ff968730000 - 0x00007ff96873b000 	C:\Windows\SYSTEM32\CRYPTBASE.dll
0x00007ff9686c0000 - 0x00007ff968723000 	C:\Windows\SYSTEM32\bcryptPrimitives.dll
0x00007ff95dc40000 - 0x00007ff95de61000 	C:\Windows\system32\d3d9.dll
0x00007ff965f40000 - 0x00007ff965f4a000 	C:\Windows\SYSTEM32\VERSION.dll
0x00007ff965fb0000 - 0x00007ff9660f4000 	C:\Windows\SYSTEM32\aticfx64.dll
0x00007ff95ff30000 - 0x00007ff95ff50000 	C:\Windows\SYSTEM32\atiu9p64.dll
0x00007ff948af0000 - 0x00007ff949251000 	C:\Windows\SYSTEM32\atiumd64.dll
0x000000006afd0000 - 0x000000006b85d000 	C:\Windows\SYSTEM32\atiumd6a.dll
0x0000000069710000 - 0x0000000069757000 	C:\Program Files\Java\jre1.8.0_31\bin\fontmanager.dll
0x00007ff968230000 - 0x00007ff968250000 	C:\Windows\SYSTEM32\CRYPTSP.dll
0x00007ff967c40000 - 0x00007ff967c76000 	C:\Windows\system32\rsaenh.dll
0x00007ff968380000 - 0x00007ff9683a6000 	C:\Windows\SYSTEM32\bcrypt.dll
0x0000000069a30000 - 0x0000000069a4a000 	C:\Program Files\Java\jre1.8.0_31\bin\net.dll
0x00007ff9681d0000 - 0x00007ff968229000 	C:\Windows\system32\mswsock.dll
0x00007ff963a70000 - 0x00007ff963a9a000 	C:\Windows\SYSTEM32\IPHLPAPI.DLL
0x00007ff963a60000 - 0x00007ff963a6a000 	C:\Windows\SYSTEM32\WINNSI.DLL
0x00007ff962db0000 - 0x00007ff962dc6000 	C:\Windows\SYSTEM32\dhcpcsvc6.DLL
0x00007ff963090000 - 0x00007ff9630aa000 	C:\Windows\SYSTEM32\dhcpcsvc.DLL
0x0000000069a10000 - 0x0000000069a21000 	C:\Program Files\Java\jre1.8.0_31\bin\nio.dll
0x00000000637c0000 - 0x00000000637cd000 	C:\Users\Admin\AppData\Local\Temp\jogamp_0000\file_cache\jln8173979626697648510\jln4175194321949505819\gluegen-rt.dll
0x0000000069700000 - 0x0000000069707000 	C:\Program Files\Java\jre1.8.0_31\bin\jawt.dll
0x000000006a440000 - 0x000000006a44d000 	C:\Users\Admin\AppData\Local\Temp\jogamp_0000\file_cache\jln8173979626697648510\jln4175194321949505819\nativewindow_awt.dll
0x000000006c100000 - 0x000000006c10f000 	C:\Users\Admin\AppData\Local\Temp\jogamp_0000\file_cache\jln8173979626697648510\jln4175194321949505819\nativewindow_win32.dll
0x00007ff946f10000 - 0x00007ff94703b000 	C:\Windows\SYSTEM32\OpenGL32.dll
0x00007ff963760000 - 0x00007ff96378e000 	C:\Windows\SYSTEM32\GLU32.dll
0x00007ff947720000 - 0x00007ff947818000 	C:\Windows\SYSTEM32\DDRAW.dll
0x00007ff963790000 - 0x00007ff963799000 	C:\Windows\SYSTEM32\DCIMAN32.dll
0x0000000064500000 - 0x00000000645a2000 	C:\Users\Admin\AppData\Local\Temp\jogamp_0000\file_cache\jln8173979626697648510\jln4175194321949505819\jogl_desktop.dll
0x00007ff95fbd0000 - 0x00007ff95fbe8000 	C:\Windows\SYSTEM32\atig6pxx.dll
0x0000000067d50000 - 0x00000000696f1000 	C:\Windows\SYSTEM32\atio6axx.dll
0x00007ff96ab10000 - 0x00007ff96acea000 	C:\Windows\system32\SETUPAPI.dll
0x00007ff963f20000 - 0x00007ff964048000 	C:\Windows\SYSTEM32\atiadlxx.dll
0x00007ff9650a0000 - 0x00007ff96521f000 	C:\Windows\SYSTEM32\PROPSYS.dll
0x00007ff9673e0000 - 0x00007ff9673f2000 	C:\Windows\SYSTEM32\WTSAPI32.dll
0x00007ff968c80000 - 0x00007ff968cd1000 	C:\Windows\system32\WINTRUST.dll
0x00007ff968980000 - 0x00007ff968b5f000 	C:\Windows\system32\CRYPT32.dll
0x00007ff968910000 - 0x00007ff968921000 	C:\Windows\system32\MSASN1.dll
0x00007ff95fbb0000 - 0x00007ff95fbce000 	C:\Windows\SYSTEM32\atig6txx.dll
0x00007ff946cb0000 - 0x00007ff946e4c000 	C:\Users\Admin\Documents\GitHub\ZZ1-Project\src\Eclipse\ZZavatar\lib\user\KinectPV2\Kinect20.Face.dll
0x00007ff962190000 - 0x00007ff962237000 	C:\Windows\SYSTEM32\MSVCP110.dll
0x00007ff961f70000 - 0x00007ff962044000 	C:\Windows\SYSTEM32\MSVCR110.dll
0x00007ff964330000 - 0x00007ff964340000 	C:\Users\Admin\Documents\GitHub\ZZ1-Project\src\Eclipse\ZZavatar\lib\user\KinectPV2\KinectPV2.dll
0x00007ff947ce0000 - 0x00007ff947d9a000 	C:\Windows\SYSTEM32\Kinect20.dll
0x00007ff95c6a0000 - 0x00007ff95c78b000 	C:\Windows\SYSTEM32\MFPlat.DLL
0x00007ff965630000 - 0x00007ff965657000 	C:\Windows\SYSTEM32\RTWorkQ.DLL
0x00007ff966840000 - 0x00007ff96684c000 	C:\Windows\SYSTEM32\AVRT.dll
0x00007ff965aa0000 - 0x00007ff965c2a000 	C:\Windows\SYSTEM32\dbghelp.dll

VM Arguments:
jvm_args: -Djava.library.path=C:\Users\Admin\Documents\GitHub\ZZ1-Project\src\Eclipse\ZZavatar\lib\base\video;C:\Users\Admin\Documents\GitHub\ZZ1-Project\src\Eclipse\ZZavatar\lib\base\video;C:\Users\Admin\Documents\GitHub\ZZ1-Project\src\Eclipse\ZZavatar\lib\base\video;C:\Users\Admin\Documents\GitHub\ZZ1-Project\src\Eclipse\ZZavatar\lib\base\core;C:\Users\Admin\Documents\GitHub\ZZ1-Project\src\Eclipse\ZZavatar\lib\base\core;C:\Users\Admin\Documents\GitHub\ZZ1-Project\src\Eclipse\ZZavatar\lib\base\core;C:\Users\Admin\Documents\GitHub\ZZ1-Project\src\Eclipse\ZZavatar\lib\base\core;C:\Users\Admin\Documents\GitHub\ZZ1-Project\src\Eclipse\ZZavatar\lib\base\core;C:\Users\Admin\Documents\GitHub\ZZ1-Project\src\Eclipse\ZZavatar\lib\base\core;C:\Users\Admin\Documents\GitHub\ZZ1-Project\src\Eclipse\ZZavatar\lib\base\core;C:\Users\Admin\Documents\GitHub\ZZ1-Project\src\Eclipse\ZZavatar\lib\base\core;C:\Users\Admin\Documents\GitHub\ZZ1-Project\src\Eclipse\ZZavatar\lib\base\core;C:\Users\Admin\Documents\GitHub\ZZ1-Project\src\Eclipse\ZZavatar\lib\base\core;C:\Users\Admin\Documents\GitHub\ZZ1-Project\src\Eclipse\ZZavatar\lib\base\core;C:\Users\Admin\Documents\GitHub\ZZ1-Project\src\Eclipse\ZZavatar\lib\base\core;C:\Users\Admin\Documents\GitHub\ZZ1-Project\src\Eclipse\ZZavatar\lib\base\core;C:\Users\Admin\Documents\GitHub\ZZ1-Project\src\Eclipse\ZZavatar\lib\base\core;C:\Users\Admin\Documents\GitHub\ZZ1-Project\src\Eclipse\ZZavatar\lib\base\core;C:\Users\Admin\Documents\GitHub\ZZ1-Project\src\Eclipse\ZZavatar\lib\user\Kinect4WinSDK;C:\Users\Admin\Documents\GitHub\ZZ1-Project\src\Eclipse\ZZavatar\lib\user\KinectPV2;C:\Users\Admin\Documents\GitHub\ZZ1-Project\src\Eclipse\ZZavatar\lib\user\SimpleOpenNI -Dfile.encoding=Cp1252 
java_command: zzavatar.ZZavatar
java_class_path (initial): C:\Users\Admin\Documents\GitHub\ZZ1-Project\src\Eclipse\ZZavatar\lib\base\video\gstreamer-java.jar;C:\Users\Admin\Documents\GitHub\ZZ1-Project\src\Eclipse\ZZavatar\lib\base\video\jna.jar;C:\Users\Admin\Documents\GitHub\ZZ1-Project\src\Eclipse\ZZavatar\lib\base\video\video.jar;C:\Users\Admin\Documents\GitHub\ZZ1-Project\src\Eclipse\ZZavatar\lib\base\core\core.jar;C:\Users\Admin\Documents\GitHub\ZZ1-Project\src\Eclipse\ZZavatar\lib\base\core\gluegen-rt-natives-linux-amd64.jar;C:\Users\Admin\Documents\GitHub\ZZ1-Project\src\Eclipse\ZZavatar\lib\base\core\gluegen-rt-natives-linux-armv6hf.jar;C:\Users\Admin\Documents\GitHub\ZZ1-Project\src\Eclipse\ZZavatar\lib\base\core\gluegen-rt-natives-linux-i586.jar;C:\Users\Admin\Documents\GitHub\ZZ1-Project\src\Eclipse\ZZavatar\lib\base\core\gluegen-rt-natives-macosx-universal.jar;C:\Users\Admin\Documents\GitHub\ZZ1-Project\src\Eclipse\ZZavatar\lib\base\core\gluegen-rt-natives-windows-amd64.jar;C:\Users\Admin\Documents\GitHub\ZZ1-Project\src\Eclipse\ZZavatar\lib\base\core\gluegen-rt-natives-windows-i586.jar;C:\Users\Admin\Documents\GitHub\ZZ1-Project\src\Eclipse\ZZavatar\lib\base\core\gluegen-rt.jar;C:\Users\Admin\Documents\GitHub\ZZ1-Project\src\Eclipse\ZZavatar\lib\base\core\jogl-all-natives-linux-amd64.jar;C:\Users\Admin\Documents\GitHub\ZZ1-Project\src\Eclipse\ZZavatar\lib\base\core\jogl-all-natives-linux-armv6hf.jar;C:\Users\Admin\Documents\GitHub\ZZ1-Project\src\Eclipse\ZZavatar\lib\base\core\jogl-all-natives-linux-i586.jar;C:\Users\Admin\Documents\GitHub\ZZ1-Project\src\Eclipse\ZZavatar\lib\base\core\jogl-all-natives-macosx-universal.jar;C:\Users\Admin\Documents\GitHub\ZZ1-Project\src\Eclipse\ZZavatar\lib\base\core\jogl-all-natives-windows-amd64.jar;C:\Users\Admin\Documents\GitHub\ZZ1-Project\src\Eclipse\ZZavatar\lib\base\core\jogl-all-natives-windows-i586.jar;C:\Users\Admin\Documents\GitHub\ZZ1-Project\src\Eclipse\ZZavatar\lib\base\core\jogl-all.jar;C:\Users\Admin\Documents\GitHub\ZZ1-Project\sr
Launcher Type: SUN_STANDARD

Environment Variables:
PATH=C:/Program Files/Java/jre1.8.0_31/bin/server;C:/Program Files/Java/jre1.8.0_31/bin;C:/Program Files/Java/jre1.8.0_31/lib/amd64;C:\Program Files (x86)\NVIDIA Corporation\PhysX\Common;C:\ProgramData\Oracle\Java\javapath;C:\Windows\system32;C:\Windows;C:\Windows\System32\Wbem;C:\Windows\System32\WindowsPowerShell\v1.0\;C:\Program Files (x86)\ATI Technologies\ATI.ACE\Core-Static;C:\Program Files (x86)\Windows Kits\8.1\Windows Performance Toolkit\;C:\Program Files\Microsoft SQL Server\120\Tools\Binn\;C:\Program Files (x86)\Microsoft SDKs\TypeScript\1.1\;C:\Program Files (x86)\nodejs\;C:\Users\Admin\AppData\Roaming\npm;C:\Program Files\eclipse;
USERNAME=Admin
OS=Windows_NT
PROCESSOR_IDENTIFIER=AMD64 Family 21 Model 2 Stepping 0, AuthenticAMD



---------------  S Y S T E M  ---------------

OS: Windows 8.1 , 64 bit Build 9600 

CPU:total 8 (8 cores per cpu, 1 threads per core) family 21 model 2 stepping 0, cmov, cx8, fxsr, mmx, sse, sse2, sse3, ssse3, sse4.1, sse4.2, popcnt, avx, aes, clmul, mmxext, 3dnowpref, lzcnt, sse4a, tsc, tscinvbit, tscinv, bmi1

Memory: 4k page, physical 16674296k(11175332k free), swap 19164664k(11480736k free)

vm_info: Java HotSpot(TM) 64-Bit Server VM (25.31-b07) for windows-amd64 JRE (1.8.0_31-b13), built on Dec 17 2014 21:00:28 by "java_re" with MS VC++ 10.0 (VS2010)

time: Sun May 10 13:35:26 2015
elapsed time: 42 seconds (0d 0h 0m 42s)

