#
# A fatal error has been detected by the Java Runtime Environment:
#
#  EXCEPTION_ACCESS_VIOLATION (0xc0000005) at pc=0x00000000690fc6d0, pid=9576, tid=6252
#
# JRE version: Java(TM) SE Runtime Environment (8.0_25-b18) (build 1.8.0_25-b18)
# Java VM: Java HotSpot(TM) 64-Bit Server VM (25.25-b02 mixed mode windows-amd64 compressed oops)
# Problematic frame:
# C  [atio6axx.dll+0x17ec6d0]
#
# Failed to write core dump. Minidumps are not enabled by default on client versions of Windows
#
# If you would like to submit a bug report, please visit:
#   http://bugreport.sun.com/bugreport/crash.jsp
# The crash happened outside the Java Virtual Machine in native code.
# See problematic frame for where to report the bug.
#

---------------  T H R E A D  ---------------

Current thread (0x00000000197b0800):  JavaThread "Animation Thread" [_thread_in_native, id=6252, stack(0x000000001c860000,0x000000001c960000)]

siginfo: ExceptionCode=0xc0000005, ExceptionInformation=0x0000000000000008 0x00000000690fc6d0

Registers:
RAX=0x0000000069088180, RBX=0x000000002df70040, RCX=0x000000001f4ba7f0, RDX=0x0000000000000000
RSP=0x000000001c95e868, RBP=0x0000000000000006, RSI=0x0000000000000000, RDI=0x000000001f43ba58
R8 =0x000000001c95e538, R9 =0x0000000000008000, R10=0x0000000000000000, R11=0x000000001c95e770
R12=0x0000000000000000, R13=0x000000001c03d0b8, R14=0x0000000000000000, R15=0x00000000197b0800
RIP=0x00000000690fc6d0, EFLAGS=0x0000000000010206

Top of Stack: (sp=0x000000001c95e868)
0x000000001c95e868:   00007ffedc7f4116 000000001f43ba28
0x000000001c95e878:   000000001fca6998 000000001f43ba28
0x000000001c95e888:   0000000000000000 000000001c95e960
0x000000001c95e898:   00007ffedc7f1fba 000000001c95e960
0x000000001c95e8a8:   000000001c95e940 00000000197b09e8
0x000000001c95e8b8:   000000001972a620 00000000a3b30b48
0x000000001c95e8c8:   0000000002715b74 000000001c03d0b8
0x000000001c95e8d8:   0000000000000021 0000000000000021
0x000000001c95e8e8:   00000000197b0800 000000001c95e9b8
0x000000001c95e8f8:   00000000027158a2 000000001c95e900
0x000000001c95e908:   000000001c03d0b8 000000001c95e960
0x000000001c95e918:   000000001c03e048 0000000000000000
0x000000001c95e928:   000000001c03d0b8 0000000000000000
0x000000001c95e938:   000000001c95e960 000000001c95e9a8
0x000000001c95e948:   0000000002707a2d 0000000000000000
0x000000001c95e958:   000000000270f6b8 00000000a3849d88 

Instructions: (pc=0x00000000690fc6d0)
0x00000000690fc6b0:   00 00 00 00 00 00 00 00 00 00 00 00 00 00 00 00
0x00000000690fc6c0:   05 00 00 00 00 a3 7e 01 00 00 00 00 00 00 00 00
0x00000000690fc6d0:   01 00 00 00 00 00 00 00 00 00 00 00 38 6f 9d 01
0x00000000690fc6e0:   e8 ad 7e 01 d0 c6 7e 01 00 00 00 00 00 00 00 00 


Register to memory mapping:

RAX=0x0000000069088180 is an unknown value
RBX=0x000000002df70040 is an unknown value
RCX=0x000000001f4ba7f0 is an unknown value
RDX=0x0000000000000000 is an unknown value
RSP=0x000000001c95e868 is pointing into the stack for thread: 0x00000000197b0800
RBP=0x0000000000000006 is an unknown value
RSI=0x0000000000000000 is an unknown value
RDI=0x000000001f43ba58 is an unknown value
R8 =0x000000001c95e538 is pointing into the stack for thread: 0x00000000197b0800
R9 =0x0000000000008000 is an unknown value
R10=0x0000000000000000 is an unknown value
R11=0x000000001c95e770 is pointing into the stack for thread: 0x00000000197b0800
R12=0x0000000000000000 is an unknown value
R13={method} {0x000000001c03d0c0} 'jniStopDevice' '()V' in 'KinectPV2/Device'
R14=0x0000000000000000 is an unknown value
R15=0x00000000197b0800 is a thread


Stack: [0x000000001c860000,0x000000001c960000],  sp=0x000000001c95e868,  free space=1018k
Native frames: (J=compiled Java code, j=interpreted, Vv=VM code, C=native code)
C  [atio6axx.dll+0x17ec6d0]

Java frames: (J=compiled Java code, j=interpreted, Vv=VM code)
j  KinectPV2.Device.jniStopDevice()V+0
j  KinectPV2.Device.stopDevice()V+41
j  KinectPV2.KinectPV2.dispose()V+14
v  ~StubRoutines::call_stub
j  sun.reflect.NativeMethodAccessorImpl.invoke0(Ljava/lang/reflect/Method;Ljava/lang/Object;[Ljava/lang/Object;)Ljava/lang/Object;+0
j  sun.reflect.NativeMethodAccessorImpl.invoke(Ljava/lang/Object;[Ljava/lang/Object;)Ljava/lang/Object;+100
J 1774 C1 sun.reflect.DelegatingMethodAccessorImpl.invoke(Ljava/lang/Object;[Ljava/lang/Object;)Ljava/lang/Object; (10 bytes) @ 0x0000000002d75b04 [0x0000000002d75a00+0x104]
J 1773 C1 java.lang.reflect.Method.invoke(Ljava/lang/Object;[Ljava/lang/Object;)Ljava/lang/Object; (62 bytes) @ 0x0000000002d6c364 [0x0000000002d6bf80+0x3e4]
j  processing.core.PApplet$RegisteredMethods.handle([Ljava/lang/Object;)V+18
J 1633 C1 processing.core.PApplet.handleMethods(Ljava/lang/String;)V (21 bytes) @ 0x0000000002d24c5c [0x0000000002d249a0+0x2bc]
j  processing.core.PApplet.dispose()V+35
j  processing.core.PApplet.run()V+283
j  java.lang.Thread.run()V+11
v  ~StubRoutines::call_stub

---------------  P R O C E S S  ---------------

Java Threads: ( => current thread )
  0x0000000019a96800 JavaThread "Animation Thread-SharedResourceRunner" daemon [_thread_blocked, id=9684, stack(0x000000001eb30000,0x000000001ec30000)]
  0x00000000025fe800 JavaThread "DestroyJavaVM" [_thread_blocked, id=2060, stack(0x0000000002490000,0x0000000002590000)]
  0x00000000197ab000 JavaThread "D3D Screen Updater" daemon [_thread_blocked, id=7748, stack(0x000000001cb60000,0x000000001cc60000)]
=>0x00000000197b0800 JavaThread "Animation Thread" [_thread_in_native, id=6252, stack(0x000000001c860000,0x000000001c960000)]
  0x0000000019713000 JavaThread "AWT-EventQueue-0" [_thread_blocked, id=2212, stack(0x000000001c660000,0x000000001c760000)]
  0x000000001885e000 JavaThread "AWT-Windows" daemon [_thread_in_native, id=2964, stack(0x0000000019ff0000,0x000000001a0f0000)]
  0x00000000196de000 JavaThread "AWT-Shutdown" [_thread_blocked, id=9460, stack(0x0000000019ef0000,0x0000000019ff0000)]
  0x00000000196db000 JavaThread "Java2D Disposer" daemon [_thread_blocked, id=1184, stack(0x0000000019df0000,0x0000000019ef0000)]
  0x0000000018516000 JavaThread "Service Thread" daemon [_thread_blocked, id=9372, stack(0x0000000018e60000,0x0000000018f60000)]
  0x0000000018497800 JavaThread "C1 CompilerThread3" daemon [_thread_blocked, id=2788, stack(0x0000000018d60000,0x0000000018e60000)]
  0x0000000018497000 JavaThread "C2 CompilerThread2" daemon [_thread_blocked, id=4860, stack(0x0000000018c60000,0x0000000018d60000)]
  0x000000001848b800 JavaThread "C2 CompilerThread1" daemon [_thread_blocked, id=10004, stack(0x0000000018b60000,0x0000000018c60000)]
  0x0000000018489800 JavaThread "C2 CompilerThread0" daemon [_thread_blocked, id=8040, stack(0x0000000018a60000,0x0000000018b60000)]
  0x0000000018487000 JavaThread "Attach Listener" daemon [_thread_blocked, id=6528, stack(0x0000000018960000,0x0000000018a60000)]
  0x0000000018486000 JavaThread "Signal Dispatcher" daemon [_thread_blocked, id=8248, stack(0x0000000018860000,0x0000000018960000)]
  0x00000000026f8800 JavaThread "Finalizer" daemon [_thread_blocked, id=7092, stack(0x0000000018360000,0x0000000018460000)]
  0x000000001644c800 JavaThread "Reference Handler" daemon [_thread_blocked, id=7656, stack(0x0000000018260000,0x0000000018360000)]

Other Threads:
  0x0000000016448800 VMThread [stack: 0x0000000018160000,0x0000000018260000] [id=7984]
  0x0000000018520000 WatcherThread [stack: 0x0000000018f60000,0x0000000019060000] [id=8976]

VM state:not at safepoint (normal execution)

VM Mutex/Monitor currently owned by a thread: None

Heap:
 PSYoungGen      total 386560K, used 192941K [0x00000000e0400000, 0x00000000fa200000, 0x0000000100000000)
  eden space 350208K, 54% used [0x00000000e0400000,0x00000000ebfc3598,0x00000000f5a00000)
  from space 36352K, 1% used [0x00000000f7e00000,0x00000000f7ea8000,0x00000000fa180000)
  to   space 36864K, 0% used [0x00000000f5a00000,0x00000000f5a00000,0x00000000f7e00000)
 ParOldGen       total 204288K, used 155577K [0x00000000a0c00000, 0x00000000ad380000, 0x00000000e0400000)
  object space 204288K, 76% used [0x00000000a0c00000,0x00000000aa3ee6d0,0x00000000ad380000)
 Metaspace       used 18508K, capacity 18729K, committed 19072K, reserved 1067008K
  class space    used 1762K, capacity 1793K, committed 1920K, reserved 1048576K

Card table byte_map: [0x0000000011ac0000,0x0000000011dc0000] byte_map_base: 0x00000000115ba000

Marking Bits: (ParMarkBitMap*) 0x000000006ab8d490
 Begin Bits: [0x00000000127c0000, 0x0000000013f90000)
 End Bits:   [0x0000000013f90000, 0x0000000015760000)

Polling page: 0x0000000000c60000

CodeCache: size=245760Kb used=9209Kb max_used=9245Kb free=236550Kb
 bounds [0x0000000002700000, 0x0000000003020000, 0x0000000011700000]
 total_blobs=3440 nmethods=2557 adapters=797
 compilation: enabled

Compilation events (10 events):
Event: 18.223 Thread 0x0000000018497800 2577       3       zzavatar.ZZModel::move (41 bytes)
Event: 18.224 Thread 0x0000000018497800 nmethod 2577 0x0000000002893050 code [0x0000000002893220, 0x0000000002893788]
Event: 18.224 Thread 0x0000000018497800 2578       3       zzavatar.ZZModel::translate (17 bytes)
Event: 18.224 Thread 0x0000000018497800 nmethod 2578 0x0000000002ffec50 code [0x0000000002ffede0, 0x0000000002fff0f8]
Event: 18.321 Thread 0x0000000018497000 2579       4       java.lang.AbstractStringBuilder::expandCapacity (50 bytes)
Event: 18.323 Thread 0x0000000018497000 nmethod 2579 0x00000000030070d0 code [0x0000000003007220, 0x0000000003007498]
Event: 18.507 Thread 0x0000000018489800 2580       4       java.nio.DirectIntBufferU::put (18 bytes)
Event: 18.508 Thread 0x0000000018489800 nmethod 2580 0x0000000002fc2cd0 code [0x0000000002fc2e00, 0x0000000002fc2e98]
Event: 18.672 Thread 0x000000001848b800 2581       4       sun.misc.FloatingDecimal$BinaryToASCIIBuffer::dtoa (1509 bytes)
Event: 18.723 Thread 0x000000001848b800 nmethod 2581 0x000000000300d890 code [0x000000000300db40, 0x000000000300f958]

GC Heap History (10 events):
Event: 14.173 GC heap before
{Heap before GC invocations=25 (full 3):
 PSYoungGen      total 366080K, used 343095K [0x00000000e0400000, 0x00000000f9d00000, 0x0000000100000000)
  eden space 323584K, 99% used [0x00000000e0400000,0x00000000f3fd5500,0x00000000f4000000)
  from space 42496K, 46% used [0x00000000f4000000,0x00000000f5338770,0x00000000f6980000)
  to   space 41472K, 0% used [0x00000000f7480000,0x00000000f7480000,0x00000000f9d00000)
 ParOldGen       total 204288K, used 145496K [0x00000000a0c00000, 0x00000000ad380000, 0x00000000e0400000)
  object space 204288K, 71% used [0x00000000a0c00000,0x00000000a9a16010,0x00000000ad380000)
 Metaspace       used 18407K, capacity 18601K, committed 18816K, reserved 1067008K
  class space    used 1761K, capacity 1793K, committed 1920K, reserved 1048576K
Event: 14.183 GC heap after
Heap after GC invocations=25 (full 3):
 PSYoungGen      total 372224K, used 18801K [0x00000000e0400000, 0x00000000f9880000, 0x0000000100000000)
  eden space 335360K, 0% used [0x00000000e0400000,0x00000000e0400000,0x00000000f4b80000)
  from space 36864K, 51% used [0x00000000f7480000,0x00000000f86dc760,0x00000000f9880000)
  to   space 39424K, 0% used [0x00000000f4b80000,0x00000000f4b80000,0x00000000f7200000)
 ParOldGen       total 204288K, used 145496K [0x00000000a0c00000, 0x00000000ad380000, 0x00000000e0400000)
  object space 204288K, 71% used [0x00000000a0c00000,0x00000000a9a16010,0x00000000ad380000)
 Metaspace       used 18407K, capacity 18601K, committed 18816K, reserved 1067008K
  class space    used 1761K, capacity 1793K, committed 1920K, reserved 1048576K
}
Event: 15.306 GC heap before
{Heap before GC invocations=26 (full 3):
 PSYoungGen      total 372224K, used 353984K [0x00000000e0400000, 0x00000000f9880000, 0x0000000100000000)
  eden space 335360K, 99% used [0x00000000e0400000,0x00000000f4b53978,0x00000000f4b80000)
  from space 36864K, 51% used [0x00000000f7480000,0x00000000f86dc760,0x00000000f9880000)
  to   space 39424K, 0% used [0x00000000f4b80000,0x00000000f4b80000,0x00000000f7200000)
 ParOldGen       total 204288K, used 145496K [0x00000000a0c00000, 0x00000000ad380000, 0x00000000e0400000)
  object space 204288K, 71% used [0x00000000a0c00000,0x00000000a9a16010,0x00000000ad380000)
 Metaspace       used 18454K, capacity 18665K, committed 18816K, reserved 1067008K
  class space    used 1761K, capacity 1793K, committed 1920K, reserved 1048576K
Event: 15.313 GC heap after
Heap after GC invocations=26 (full 3):
 PSYoungGen      total 374784K, used 19679K [0x00000000e0400000, 0x00000000fa180000, 0x0000000100000000)
  eden space 335360K, 0% used [0x00000000e0400000,0x00000000e0400000,0x00000000f4b80000)
  from space 39424K, 49% used [0x00000000f4b80000,0x00000000f5eb7dd0,0x00000000f7200000)
  to   space 38400K, 0% used [0x00000000f7c00000,0x00000000f7c00000,0x00000000fa180000)
 ParOldGen       total 204288K, used 145504K [0x00000000a0c00000, 0x00000000ad380000, 0x00000000e0400000)
  object space 204288K, 71% used [0x00000000a0c00000,0x00000000a9a18010,0x00000000ad380000)
 Metaspace       used 18454K, capacity 18665K, committed 18816K, reserved 1067008K
  class space    used 1761K, capacity 1793K, committed 1920K, reserved 1048576K
}
Event: 16.468 GC heap before
{Heap before GC invocations=27 (full 3):
 PSYoungGen      total 374784K, used 354859K [0x00000000e0400000, 0x00000000fa180000, 0x0000000100000000)
  eden space 335360K, 99% used [0x00000000e0400000,0x00000000f4b52fb8,0x00000000f4b80000)
  from space 39424K, 49% used [0x00000000f4b80000,0x00000000f5eb7dd0,0x00000000f7200000)
  to   space 38400K, 0% used [0x00000000f7c00000,0x00000000f7c00000,0x00000000fa180000)
 ParOldGen       total 204288K, used 145504K [0x00000000a0c00000, 0x00000000ad380000, 0x00000000e0400000)
  object space 204288K, 71% used [0x00000000a0c00000,0x00000000a9a18010,0x00000000ad380000)
 Metaspace       used 18463K, capacity 18665K, committed 18816K, reserved 1067008K
  class space    used 1761K, capacity 1793K, committed 1920K, reserved 1048576K
Event: 16.472 GC heap after
Heap after GC invocations=27 (full 3):
 PSYoungGen      total 378880K, used 10733K [0x00000000e0400000, 0x00000000f9d80000, 0x0000000100000000)
  eden space 344576K, 0% used [0x00000000e0400000,0x00000000e0400000,0x00000000f5480000)
  from space 34304K, 31% used [0x00000000f7c00000,0x00000000f867b750,0x00000000f9d80000)
  to   space 37376K, 0% used [0x00000000f5480000,0x00000000f5480000,0x00000000f7900000)
 ParOldGen       total 204288K, used 145512K [0x00000000a0c00000, 0x00000000ad380000, 0x00000000e0400000)
  object space 204288K, 71% used [0x00000000a0c00000,0x00000000a9a1a010,0x00000000ad380000)
 Metaspace       used 18463K, capacity 18665K, committed 18816K, reserved 1067008K
  class space    used 1761K, capacity 1793K, committed 1920K, reserved 1048576K
}
Event: 17.603 GC heap before
{Heap before GC invocations=28 (full 3):
 PSYoungGen      total 378880K, used 350021K [0x00000000e0400000, 0x00000000f9d80000, 0x0000000100000000)
  eden space 344576K, 98% used [0x00000000e0400000,0x00000000f4f55e58,0x00000000f5480000)
  from space 34304K, 31% used [0x00000000f7c00000,0x00000000f867b750,0x00000000f9d80000)
  to   space 37376K, 0% used [0x00000000f5480000,0x00000000f5480000,0x00000000f7900000)
 ParOldGen       total 204288K, used 145512K [0x00000000a0c00000, 0x00000000ad380000, 0x00000000e0400000)
  object space 204288K, 71% used [0x00000000a0c00000,0x00000000a9a1a010,0x00000000ad380000)
 Metaspace       used 18480K, capacity 18665K, committed 18816K, reserved 1067008K
  class space    used 1761K, capacity 1793K, committed 1920K, reserved 1048576K
Event: 17.606 GC heap after
Heap after GC invocations=28 (full 3):
 PSYoungGen      total 381952K, used 9652K [0x00000000e0400000, 0x00000000fa180000, 0x0000000100000000)
  eden space 344576K, 0% used [0x00000000e0400000,0x00000000e0400000,0x00000000f5480000)
  from space 37376K, 25% used [0x00000000f5480000,0x00000000f5ded020,0x00000000f7900000)
  to   space 36352K, 0% used [0x00000000f7e00000,0x00000000f7e00000,0x00000000fa180000)
 ParOldGen       total 204288K, used 146581K [0x00000000a0c00000, 0x00000000ad380000, 0x00000000e0400000)
  object space 204288K, 71% used [0x00000000a0c00000,0x00000000a9b256b0,0x00000000ad380000)
 Metaspace       used 18480K, capacity 18665K, committed 18816K, reserved 1067008K
  class space    used 1761K, capacity 1793K, committed 1920K, reserved 1048576K
}
Event: 18.770 GC heap before
{Heap before GC invocations=29 (full 3):
 PSYoungGen      total 381952K, used 353939K [0x00000000e0400000, 0x00000000fa180000, 0x0000000100000000)
  eden space 344576K, 99% used [0x00000000e0400000,0x00000000f5437d28,0x00000000f5480000)
  from space 37376K, 25% used [0x00000000f5480000,0x00000000f5ded020,0x00000000f7900000)
  to   space 36352K, 0% used [0x00000000f7e00000,0x00000000f7e00000,0x00000000fa180000)
 ParOldGen       total 204288K, used 146581K [0x00000000a0c00000, 0x00000000ad380000, 0x00000000e0400000)
  object space 204288K, 71% used [0x00000000a0c00000,0x00000000a9b256b0,0x00000000ad380000)
 Metaspace       used 18503K, capacity 18729K, committed 19072K, reserved 1067008K
  class space    used 1761K, capacity 1793K, committed 1920K, reserved 1048576K
Event: 18.776 GC heap after
Heap after GC invocations=29 (full 3):
 PSYoungGen      total 386560K, used 672K [0x00000000e0400000, 0x00000000fa200000, 0x0000000100000000)
  eden space 350208K, 0% used [0x00000000e0400000,0x00000000e0400000,0x00000000f5a00000)
  from space 36352K, 1% used [0x00000000f7e00000,0x00000000f7ea8000,0x00000000fa180000)
  to   space 36864K, 0% used [0x00000000f5a00000,0x00000000f5a00000,0x00000000f7e00000)
 ParOldGen       total 204288K, used 155577K [0x00000000a0c00000, 0x00000000ad380000, 0x00000000e0400000)
  object space 204288K, 76% used [0x00000000a0c00000,0x00000000aa3ee6d0,0x00000000ad380000)
 Metaspace       used 18503K, capacity 18729K, committed 19072K, reserved 1067008K
  class space    used 1761K, capacity 1793K, committed 1920K, reserved 1048576K
}

Deoptimization events (10 events):
Event: 8.670 Thread 0x0000000019713000 Uncommon trap: reason=speculate_class_check action=maybe_recompile pc=0x0000000002ea6324 method=com.jogamp.common.nio.Buffers.getDirectBufferByteOffset(Ljava/lang/Object;)I @ 42
Event: 8.670 Thread 0x0000000019713000 Uncommon trap: reason=speculate_class_check action=maybe_recompile pc=0x0000000002ea6324 method=com.jogamp.common.nio.Buffers.getDirectBufferByteOffset(Ljava/lang/Object;)I @ 42
Event: 8.704 Thread 0x0000000019713000 Uncommon trap: reason=speculate_class_check action=maybe_recompile pc=0x0000000002ea42bc method=com.jogamp.common.nio.Buffers.getDirectBufferByteOffset(Ljava/lang/Object;)I @ 53
Event: 8.704 Thread 0x0000000019713000 Uncommon trap: reason=speculate_class_check action=maybe_recompile pc=0x0000000002ea42bc method=com.jogamp.common.nio.Buffers.getDirectBufferByteOffset(Ljava/lang/Object;)I @ 53
Event: 8.839 Thread 0x0000000019713000 Uncommon trap: reason=speculate_class_check action=maybe_recompile pc=0x0000000002eba90c method=com.jogamp.common.nio.Buffers.getDirectBufferByteOffset(Ljava/lang/Object;)I @ 22
Event: 8.839 Thread 0x0000000019713000 Uncommon trap: reason=speculate_class_check action=maybe_recompile pc=0x0000000002eba90c method=com.jogamp.common.nio.Buffers.getDirectBufferByteOffset(Ljava/lang/Object;)I @ 22
Event: 8.904 Thread 0x0000000019713000 Uncommon trap: reason=speculate_class_check action=maybe_recompile pc=0x0000000002ebebf8 method=com.jogamp.common.nio.Buffers.getDirectBufferByteOffset(Ljava/lang/Object;)I @ 31
Event: 8.904 Thread 0x0000000019713000 Uncommon trap: reason=speculate_class_check action=maybe_recompile pc=0x0000000002ebebf8 method=com.jogamp.common.nio.Buffers.getDirectBufferByteOffset(Ljava/lang/Object;)I @ 31
Event: 8.942 Thread 0x0000000019713000 Uncommon trap: reason=speculate_class_check action=maybe_recompile pc=0x0000000002ec40c8 method=com.jogamp.common.nio.Buffers.getDirectBufferByteOffset(Ljava/lang/Object;)I @ 42
Event: 8.942 Thread 0x0000000019713000 Uncommon trap: reason=speculate_class_check action=maybe_recompile pc=0x0000000002ec40c8 method=com.jogamp.common.nio.Buffers.getDirectBufferByteOffset(Ljava/lang/Object;)I @ 42

Internal exceptions (10 events):
Event: 3.139 Thread 0x0000000019713000 Exception <a 'java/security/PrivilegedActionException'> (0x00000000e651e768) thrown at [D:\re\workspace\8-2-build-windows-amd64-cygwin\jdk8u25\1677\hotspot\src\share\vm\prims\jvm.cpp, line 1312]
Event: 7.280 Thread 0x0000000019713000 Exception <a 'java/security/PrivilegedActionException'> (0x00000000e4377248) thrown at [D:\re\workspace\8-2-build-windows-amd64-cygwin\jdk8u25\1677\hotspot\src\share\vm\prims\jvm.cpp, line 1312]
Event: 7.287 Thread 0x0000000019713000 Exception <a 'java/security/PrivilegedActionException'> (0x00000000e4383da0) thrown at [D:\re\workspace\8-2-build-windows-amd64-cygwin\jdk8u25\1677\hotspot\src\share\vm\prims\jvm.cpp, line 1312]
Event: 7.317 Thread 0x0000000019713000 Exception <a 'java/security/PrivilegedActionException'> (0x00000000e438ce60) thrown at [D:\re\workspace\8-2-build-windows-amd64-cygwin\jdk8u25\1677\hotspot\src\share\vm\prims\jvm.cpp, line 1312]
Event: 19.371 Thread 0x000000001dbb8000 Implicit null exception at 0x0000000002f282cb to 0x0000000002f28699
Event: 19.371 Thread 0x000000001dbb8000 Exception <a 'java/lang/NullPointerException'> (0x00000000eb8fb6f0) thrown at [D:\re\workspace\8-2-build-windows-amd64-cygwin\jdk8u25\1677\hotspot\src\share\vm\runtime\sharedRuntime.cpp, line 604]
Event: 19.372 Thread 0x000000001dbb8000 Implicit null exception at 0x0000000002f2694c to 0x0000000002f26e51
Event: 19.372 Thread 0x000000001dbb8000 Exception <a 'java/lang/NullPointerException'> (0x00000000eb9cf8b0) thrown at [D:\re\workspace\8-2-build-windows-amd64-cygwin\jdk8u25\1677\hotspot\src\share\vm\runtime\sharedRuntime.cpp, line 604]
Event: 19.373 Thread 0x000000001dbb8000 Implicit null exception at 0x0000000002f2632f to 0x0000000002f26427
Event: 19.373 Thread 0x000000001dbb8000 Exception <a 'java/lang/NullPointerException'> (0x00000000eb9d1060) thrown at [D:\re\workspace\8-2-build-windows-amd64-cygwin\jdk8u25\1677\hotspot\src\share\vm\runtime\sharedRuntime.cpp, line 604]

Events (10 events):
Event: 18.723 Thread 0x000000001848b800 flushing nmethod 0x0000000002831950
Event: 18.723 Thread 0x000000001848b800 flushing nmethod 0x0000000002844650
Event: 18.723 Thread 0x000000001848b800 flushing nmethod 0x000000000284f050
Event: 18.769 Executing VM operation: ParallelGCFailedAllocation
Event: 18.776 Executing VM operation: ParallelGCFailedAllocation done
Event: 19.373 loading class java/lang/Throwable$WrappedPrintStream
Event: 19.374 loading class java/lang/Throwable$PrintStreamOrWriter
Event: 19.374 loading class java/lang/Throwable$PrintStreamOrWriter done
Event: 19.374 loading class java/lang/Throwable$WrappedPrintStream done
Event: 19.375 Thread 0x000000001dbb8000 Thread exited: 0x000000001dbb8000


Dynamic libraries:
0x00007ff745f80000 - 0x00007ff745fb4000 	C:\Program Files\Java\jre1.8.0_25\bin\javaw.exe
0x00007ffee8210000 - 0x00007ffee83bc000 	C:\WINDOWS\SYSTEM32\ntdll.dll
0x00007ffee60e0000 - 0x00007ffee621e000 	C:\WINDOWS\system32\KERNEL32.DLL
0x00007ffee54e0000 - 0x00007ffee55f5000 	C:\WINDOWS\system32\KERNELBASE.dll
0x00007ffee3ee0000 - 0x00007ffee3f6e000 	C:\WINDOWS\system32\apphelp.dll
0x00007ffecebf0000 - 0x00007ffecec43000 	C:\WINDOWS\AppPatch\AppPatch64\AcGenral.DLL
0x00007ffee6010000 - 0x00007ffee60ba000 	C:\WINDOWS\system32\msvcrt.dll
0x00007ffee5190000 - 0x00007ffee51be000 	C:\WINDOWS\SYSTEM32\SspiCli.dll
0x00007ffee5fb0000 - 0x00007ffee6004000 	C:\WINDOWS\system32\SHLWAPI.dll
0x00007ffee7fd0000 - 0x00007ffee8147000 	C:\WINDOWS\system32\USER32.dll
0x00007ffee5bc0000 - 0x00007ffee5d54000 	C:\WINDOWS\system32\ole32.dll
0x00007ffee66a0000 - 0x00007ffee7bb8000 	C:\WINDOWS\system32\SHELL32.dll
0x00007ffee48f0000 - 0x00007ffee4911000 	C:\WINDOWS\SYSTEM32\USERENV.dll
0x00007ffee5e20000 - 0x00007ffee5eca000 	C:\WINDOWS\system32\ADVAPI32.dll
0x00007ffed7630000 - 0x00007ffed764e000 	C:\WINDOWS\SYSTEM32\MPR.dll
0x00007ffee63f0000 - 0x00007ffee6531000 	C:\WINDOWS\system32\RPCRT4.dll
0x00007ffee5ed0000 - 0x00007ffee5f29000 	C:\WINDOWS\SYSTEM32\sechost.dll
0x00007ffee7db0000 - 0x00007ffee7fc1000 	C:\WINDOWS\SYSTEM32\combase.dll
0x00007ffee6540000 - 0x00007ffee6691000 	C:\WINDOWS\system32\GDI32.dll
0x00007ffee5360000 - 0x00007ffee5375000 	C:\WINDOWS\SYSTEM32\profapi.dll
0x00007ffee3700000 - 0x00007ffee37b2000 	C:\WINDOWS\SYSTEM32\SHCORE.dll
0x00007ffee5a40000 - 0x00007ffee5a76000 	C:\WINDOWS\system32\IMM32.DLL
0x00007ffee6220000 - 0x00007ffee6372000 	C:\WINDOWS\system32\MSCTF.dll
0x00007ffee2a70000 - 0x00007ffee2ceb000 	C:\WINDOWS\WinSxS\amd64_microsoft.windows.common-controls_6595b64144ccf1df_6.0.9600.17415_none_6240486fecbd8abb\COMCTL32.dll
0x00000000696c0000 - 0x0000000069792000 	C:\Program Files\Java\jre1.8.0_25\bin\msvcr100.dll
0x000000006a3b0000 - 0x000000006ac0a000 	C:\Program Files\Java\jre1.8.0_25\bin\server\jvm.dll
0x00007ffecd2f0000 - 0x00007ffecd2f9000 	C:\WINDOWS\SYSTEM32\WSOCK32.dll
0x00007ffed77f0000 - 0x00007ffed7812000 	C:\WINDOWS\SYSTEM32\WINMM.dll
0x00007ffee7da0000 - 0x00007ffee7da7000 	C:\WINDOWS\system32\PSAPI.DLL
0x00007ffee5a80000 - 0x00007ffee5ada000 	C:\WINDOWS\system32\WS2_32.dll
0x00007ffed75d0000 - 0x00007ffed75fa000 	C:\WINDOWS\SYSTEM32\WINMMBASE.dll
0x00007ffee60d0000 - 0x00007ffee60d9000 	C:\WINDOWS\system32\NSI.dll
0x00007ffee5840000 - 0x00007ffee588f000 	C:\WINDOWS\SYSTEM32\cfgmgr32.dll
0x00007ffee4150000 - 0x00007ffee4178000 	C:\WINDOWS\SYSTEM32\DEVOBJ.dll
0x000000006b5e0000 - 0x000000006b5ef000 	C:\Program Files\Java\jre1.8.0_25\bin\verify.dll
0x000000006b5b0000 - 0x000000006b5d8000 	C:\Program Files\Java\jre1.8.0_25\bin\java.dll
0x000000006b590000 - 0x000000006b5a6000 	C:\Program Files\Java\jre1.8.0_25\bin\zip.dll
0x0000000069520000 - 0x00000000696b8000 	C:\Program Files\Java\jre1.8.0_25\bin\awt.dll
0x00007ffee5ae0000 - 0x00007ffee5ba1000 	C:\WINDOWS\system32\OLEAUT32.dll
0x00007ffee3500000 - 0x00007ffee3521000 	C:\WINDOWS\system32\DWMAPI.DLL
0x00007ffee3fd0000 - 0x00007ffee40f9000 	C:\WINDOWS\system32\uxtheme.dll
0x00007ffee41a0000 - 0x00007ffee41ab000 	C:\WINDOWS\SYSTEM32\kernel.appcore.dll
0x00007ffee5230000 - 0x00007ffee523b000 	C:\WINDOWS\SYSTEM32\CRYPTBASE.dll
0x00007ffee51c0000 - 0x00007ffee5223000 	C:\WINDOWS\SYSTEM32\bcryptPrimitives.dll
0x00007ffedaca0000 - 0x00007ffedaec1000 	C:\WINDOWS\system32\d3d9.dll
0x00007ffee3010000 - 0x00007ffee301a000 	C:\WINDOWS\SYSTEM32\VERSION.dll
0x00007ffee2870000 - 0x00007ffee29bb000 	C:\WINDOWS\SYSTEM32\aticfx64.dll
0x00007ffec0180000 - 0x00007ffec01a1000 	C:\WINDOWS\SYSTEM32\atiu9p64.dll
0x00007ffebed60000 - 0x00007ffebf545000 	C:\WINDOWS\SYSTEM32\atiumd64.dll
0x000000006acf0000 - 0x000000006b4a7000 	C:\WINDOWS\SYSTEM32\atiumd6a.dll
0x00000000694d0000 - 0x0000000069517000 	C:\Program Files\Java\jre1.8.0_25\bin\fontmanager.dll
0x00007ffee4d60000 - 0x00007ffee4d80000 	C:\WINDOWS\SYSTEM32\CRYPTSP.dll
0x00007ffee47e0000 - 0x00007ffee4816000 	C:\WINDOWS\system32\rsaenh.dll
0x00007ffee4e80000 - 0x00007ffee4ea6000 	C:\WINDOWS\SYSTEM32\bcrypt.dll
0x000000006b570000 - 0x000000006b58a000 	C:\Program Files\Java\jre1.8.0_25\bin\net.dll
0x00007ffee4b20000 - 0x00007ffee4b79000 	C:\WINDOWS\system32\mswsock.dll
0x00007ffee1080000 - 0x00007ffee10aa000 	C:\WINDOWS\SYSTEM32\IPHLPAPI.DLL
0x00007ffee2670000 - 0x00007ffee267a000 	C:\WINDOWS\SYSTEM32\WINNSI.DLL
0x00007ffee0160000 - 0x00007ffee0176000 	C:\WINDOWS\SYSTEM32\dhcpcsvc6.DLL
0x00007ffee02b0000 - 0x00007ffee02ca000 	C:\WINDOWS\SYSTEM32\dhcpcsvc.DLL
0x000000006a390000 - 0x000000006a3a1000 	C:\Program Files\Java\jre1.8.0_25\bin\nio.dll
0x00000000637c0000 - 0x00000000637cd000 	S:\Users\Ben\AppData\Local\Temp\jogamp_0000\file_cache\jln6196066683507076329\jln5771096459572148688\gluegen-rt.dll
0x00000000694c0000 - 0x00000000694c7000 	C:\Program Files\Java\jre1.8.0_25\bin\jawt.dll
0x00000000194b0000 - 0x00000000194bd000 	S:\Users\Ben\AppData\Local\Temp\jogamp_0000\file_cache\jln6196066683507076329\jln5771096459572148688\nativewindow_awt.dll
0x000000006c100000 - 0x000000006c10f000 	S:\Users\Ben\AppData\Local\Temp\jogamp_0000\file_cache\jln6196066683507076329\jln5771096459572148688\nativewindow_win32.dll
0x00007ffeda9f0000 - 0x00007ffedab1b000 	C:\WINDOWS\SYSTEM32\OpenGL32.dll
0x00007ffedc550000 - 0x00007ffedc57e000 	C:\WINDOWS\SYSTEM32\GLU32.dll
0x00007ffecf530000 - 0x00007ffecf628000 	C:\WINDOWS\SYSTEM32\DDRAW.dll
0x00007ffee0d60000 - 0x00007ffee0d69000 	C:\WINDOWS\SYSTEM32\DCIMAN32.dll
0x0000000064500000 - 0x00000000645a2000 	S:\Users\Ben\AppData\Local\Temp\jogamp_0000\file_cache\jln6196066683507076329\jln5771096459572148688\jogl_desktop.dll
0x00007ffedc8d0000 - 0x00007ffedc8e8000 	C:\WINDOWS\SYSTEM32\atig6pxx.dll
0x0000000067910000 - 0x00000000694bf000 	C:\WINDOWS\SYSTEM32\atio6axx.dll
0x00007ffee7bc0000 - 0x00007ffee7d9a000 	C:\WINDOWS\system32\SETUPAPI.dll
0x00007ffee10e0000 - 0x00007ffee1217000 	C:\WINDOWS\SYSTEM32\atiadlxx.dll
0x00007ffee16b0000 - 0x00007ffee182f000 	C:\WINDOWS\SYSTEM32\PROPSYS.dll
0x00007ffee3f70000 - 0x00007ffee3f82000 	C:\WINDOWS\SYSTEM32\WTSAPI32.dll
0x00007ffee57e0000 - 0x00007ffee5831000 	C:\WINDOWS\system32\WINTRUST.dll
0x00007ffee5600000 - 0x00007ffee57df000 	C:\WINDOWS\system32\CRYPT32.dll
0x00007ffee5410000 - 0x00007ffee5421000 	C:\WINDOWS\system32\MSASN1.dll
0x00007ffeda9c0000 - 0x00007ffeda9e9000 	C:\WINDOWS\SYSTEM32\atig6txx.dll
0x00007ffecea00000 - 0x00007ffeceb9c000 	O:\OneDrive\Workspace\ZZavatar\lib\user\KinectPV2\Kinect20.Face.dll
0x00007ffed76f0000 - 0x00007ffed7797000 	C:\WINDOWS\SYSTEM32\MSVCP110.dll
0x00007ffeddd70000 - 0x00007ffedde3e000 	C:\WINDOWS\SYSTEM32\MSVCR110.dll
0x00007ffedc7f0000 - 0x00007ffedc800000 	O:\OneDrive\Workspace\ZZavatar\lib\user\KinectPV2\KinectPV2.dll
0x00007ffeda070000 - 0x00007ffeda12a000 	C:\WINDOWS\SYSTEM32\Kinect20.dll
0x00007ffed7820000 - 0x00007ffed790b000 	C:\WINDOWS\SYSTEM32\MFPlat.DLL
0x00007ffed7650000 - 0x00007ffed7677000 	C:\WINDOWS\SYSTEM32\RTWorkQ.DLL
0x00007ffee3130000 - 0x00007ffee313c000 	C:\WINDOWS\SYSTEM32\AVRT.dll
0x00000000678c0000 - 0x0000000067901000 	C:\Program Files\Java\jre1.8.0_25\bin\t2k.dll
0x00007ffebeae0000 - 0x00007ffebec6a000 	C:\WINDOWS\SYSTEM32\dbghelp.dll

VM Arguments:
jvm_args: -Djava.library.path=O:\OneDrive\Workspace\ZZavatar\lib\base\video;O:\OneDrive\Workspace\ZZavatar\lib\base\video;O:\OneDrive\Workspace\ZZavatar\lib\base\video;O:\OneDrive\Workspace\ZZavatar\lib\base\core;O:\OneDrive\Workspace\ZZavatar\lib\base\core;O:\OneDrive\Workspace\ZZavatar\lib\base\core;O:\OneDrive\Workspace\ZZavatar\lib\base\core;O:\OneDrive\Workspace\ZZavatar\lib\base\core;O:\OneDrive\Workspace\ZZavatar\lib\base\core;O:\OneDrive\Workspace\ZZavatar\lib\base\core;O:\OneDrive\Workspace\ZZavatar\lib\base\core;O:\OneDrive\Workspace\ZZavatar\lib\base\core;O:\OneDrive\Workspace\ZZavatar\lib\base\core;O:\OneDrive\Workspace\ZZavatar\lib\base\core;O:\OneDrive\Workspace\ZZavatar\lib\base\core;O:\OneDrive\Workspace\ZZavatar\lib\base\core;O:\OneDrive\Workspace\ZZavatar\lib\base\core;O:\OneDrive\Workspace\ZZavatar\lib\base\core;O:\OneDrive\Workspace\ZZavatar\lib\user\Kinect4WinSDK;O:\OneDrive\Workspace\ZZavatar\lib\user\KinectPV2;O:\OneDrive\Workspace\ZZavatar\lib\user\SimpleOpenNI -Dfile.encoding=Cp1252 
java_command: zzavatar.ZZavatar
java_class_path (initial): O:\OneDrive\Workspace\ZZavatar\lib\base\video\gstreamer-java.jar;O:\OneDrive\Workspace\ZZavatar\lib\base\video\jna.jar;O:\OneDrive\Workspace\ZZavatar\lib\base\video\video.jar;O:\OneDrive\Workspace\ZZavatar\lib\base\core\core.jar;O:\OneDrive\Workspace\ZZavatar\lib\base\core\gluegen-rt-natives-linux-amd64.jar;O:\OneDrive\Workspace\ZZavatar\lib\base\core\gluegen-rt-natives-linux-armv6hf.jar;O:\OneDrive\Workspace\ZZavatar\lib\base\core\gluegen-rt-natives-linux-i586.jar;O:\OneDrive\Workspace\ZZavatar\lib\base\core\gluegen-rt-natives-macosx-universal.jar;O:\OneDrive\Workspace\ZZavatar\lib\base\core\gluegen-rt-natives-windows-amd64.jar;O:\OneDrive\Workspace\ZZavatar\lib\base\core\gluegen-rt-natives-windows-i586.jar;O:\OneDrive\Workspace\ZZavatar\lib\base\core\gluegen-rt.jar;O:\OneDrive\Workspace\ZZavatar\lib\base\core\jogl-all-natives-linux-amd64.jar;O:\OneDrive\Workspace\ZZavatar\lib\base\core\jogl-all-natives-linux-armv6hf.jar;O:\OneDrive\Workspace\ZZavatar\lib\base\core\jogl-all-natives-linux-i586.jar;O:\OneDrive\Workspace\ZZavatar\lib\base\core\jogl-all-natives-macosx-universal.jar;O:\OneDrive\Workspace\ZZavatar\lib\base\core\jogl-all-natives-windows-amd64.jar;O:\OneDrive\Workspace\ZZavatar\lib\base\core\jogl-all-natives-windows-i586.jar;O:\OneDrive\Workspace\ZZavatar\lib\base\core\jogl-all.jar;O:\OneDrive\Workspace\ZZavatar\lib\user\Kinect4WinSDK\Kinect4WinSDK.jar;O:\OneDrive\Workspace\ZZavatar\lib\user\KinectPV2\KinectPV2.jar;O:\OneDrive\Workspace\ZZavatar\lib\user\SimpleOpenNI\SimpleOpenNI.jar;O:\OneDrive\Workspace\ZZavatar\bin
Launcher Type: SUN_STANDARD

Environment Variables:
JAVA_HOME=C:\Program Files\Java\jdk1.8.0_25
PATH=C:/Program Files/Java/jre1.8.0_25/bin/server;C:/Program Files/Java/jre1.8.0_25/bin;C:/Program Files/Java/jre1.8.0_25/lib/amd64;C:\Program Files (x86)\NVIDIA Corporation\PhysX\Common;C:\ProgramData\Oracle\Java\javapath;C:\Program Files (x86)\Common Files\Intel\Shared Libraries\redist\intel64\compiler;C:\Program Files (x86)\Common Files\Intel\Shared Libraries\redist\ia32\compiler;C:\Program Files (x86)\Intel\iCLS Client\;C:\Program Files\Intel\iCLS Client\;C:\Program Files (x86)\AMD APP\bin\x86_64;C:\Program Files (x86)\AMD APP\bin\x86;C:\WINDOWS\system32;C:\WINDOWS;C:\WINDOWS\System32\Wbem;C:\WINDOWS\System32\WindowsPowerShell\v1.0\;C:\Program Files (x86)\ATI Technologies\ATI.ACE\Core-Static;C:\Program Files\Intel\Intel(R) Management Engine Components\DAL;C:\Program Files\Intel\Intel(R) Management Engine Components\IPT;C:\Program Files (x86)\Intel\Intel(R) Management Engine Components\DAL;C:\Program Files (x86)\Intel\Intel(R) Management Engine Components\IPT;C:\Program Files\Sony\VAIO Improvement\;C:\Program Files (x86)\Sony\VAIO Startup Setting Tool;C:\Program Files (x86)\Windows Kits\8.1\Windows Performance Toolkit\;C:\Program Files\Microsoft SQL Server\110\Tools\Binn\;C:\Program Files (x86)\Microsoft SDKs\TypeScript\1.0\;C:\Program Files\Microsoft\Web Platform Installer\;C:\Program Files (x86)\Java\jre1.8.0_25\bin;P:\Programs\Python27\Scripts;P:\Programs\Python27;C:\Program Files\Common Files\Autodesk Shared\;P:\Program Files\Programs;P:\Program Files\Games;P:\Programs\Eclipse;
USERNAME=Benoît
OS=Windows_NT
PROCESSOR_IDENTIFIER=Intel64 Family 6 Model 58 Stepping 9, GenuineIntel



---------------  S Y S T E M  ---------------

OS: Windows 8.1 , 64 bit Build 9600 

CPU:total 8 (4 cores per cpu, 2 threads per core) family 6 model 58 stepping 9, cmov, cx8, fxsr, mmx, sse, sse2, sse3, ssse3, sse4.1, sse4.2, popcnt, avx, aes, clmul, erms, ht, tsc, tscinvbit, tscinv

Memory: 4k page, physical 6237468k(1121280k free), swap 10431772k(2582312k free)

vm_info: Java HotSpot(TM) 64-Bit Server VM (25.25-b02) for windows-amd64 JRE (1.8.0_25-b18), built on Oct  7 2014 14:25:37 by "java_re" with MS VC++ 10.0 (VS2010)

time: Thu Apr 23 19:24:03 2015
elapsed time: 19 seconds (0d 0h 0m 19s)

