#
# A fatal error has been detected by the Java Runtime Environment:
#
#  EXCEPTION_ACCESS_VIOLATION (0xc0000005) at pc=0x00007ffedc7f4113, pid=7744, tid=7228
#
# JRE version: Java(TM) SE Runtime Environment (8.0_25-b18) (build 1.8.0_25-b18)
# Java VM: Java HotSpot(TM) 64-Bit Server VM (25.25-b02 mixed mode windows-amd64 compressed oops)
# Problematic frame:
# C  [KinectPV2.dll+0x4113]
#
# Failed to write core dump. Minidumps are not enabled by default on client versions of Windows
#
# If you would like to submit a bug report, please visit:
#   http://bugreport.sun.com/bugreport/crash.jsp
# The crash happened outside the Java Virtual Machine in native code.
# See problematic frame for where to report the bug.
#

---------------  T H R E A D  ---------------

Current thread (0x0000000018eeb000):  JavaThread "Animation Thread" [_thread_in_native, id=7228, stack(0x000000001c050000,0x000000001c150000)]

siginfo: ExceptionCode=0xc0000005, reading address 0x000000000000c010

Registers:
RAX=0x000000000000c000, RBX=0x000000002d5e2040, RCX=0x0000000100000000, RDX=0x0000000000000000
RSP=0x000000001c14e5e0, RBP=0x0000000000000006, RSI=0x0000000000000000, RDI=0x000000001e828648
R8 =0x000000001c14e2a8, R9 =0x0000000000008000, R10=0x0000000000000000, R11=0x000000001c14e4e0
R12=0x0000000000000000, R13=0x000000001bc1d038, R14=0x0000000000000000, R15=0x0000000018eeb000
RIP=0x00007ffedc7f4113, EFLAGS=0x0000000000010206

Top of Stack: (sp=0x000000001c14e5e0)
0x000000001c14e5e0:   000000001e828618 000000001ef6d4b8
0x000000001c14e5f0:   000000001e828618 0000000000000000
0x000000001c14e600:   000000001c14e6d0 00007ffedc7f1fba
0x000000001c14e610:   000000001c14e6d0 000000001c14e6b0
0x000000001c14e620:   0000000018eeb1e8 0000000018e9f4d0
0x000000001c14e630:   00000000a3b4fa18 0000000001ed5b74
0x000000001c14e640:   000000001bc1d038 0000000000000021
0x000000001c14e650:   0000000000000021 0000000018eeb000
0x000000001c14e660:   000000001c14e728 0000000001ed58a2
0x000000001c14e670:   000000001c14e670 000000001bc1d038
0x000000001c14e680:   000000001c14e6d0 000000001bc1dfc8
0x000000001c14e690:   0000000000000000 000000001bc1d038
0x000000001c14e6a0:   0000000000000000 000000001c14e6d0
0x000000001c14e6b0:   000000001c14e718 0000000001ec7a2d
0x000000001c14e6c0:   0000000000000000 0000000001ecf6b8
0x000000001c14e6d0:   00000000a38b2420 000000001c14e6d8 

Instructions: (pc=0x00007ffedc7f4113)
0x00007ffedc7f40f3:   48 8b 0f 48 85 c9 74 09 48 8b 01 ff 50 10 4c 89
0x00007ffedc7f4103:   37 48 8b 8f 90 00 00 00 48 85 c9 74 0d 48 8b 01
0x00007ffedc7f4113:   ff 50 10 4c 89 b7 90 00 00 00 48 8b 4f 30 48 85
0x00007ffedc7f4123:   c9 74 0a 48 8b 01 ff 50 10 4c 89 77 30 48 8b 4f 


Register to memory mapping:

RAX=0x000000000000c000 is an unknown value
RBX=0x000000002d5e2040 is an unknown value
RCX=0x0000000100000000 is pointing into metadata
RDX=0x0000000000000000 is an unknown value
RSP=0x000000001c14e5e0 is pointing into the stack for thread: 0x0000000018eeb000
RBP=0x0000000000000006 is an unknown value
RSI=0x0000000000000000 is an unknown value
RDI=0x000000001e828648 is an unknown value
R8 =0x000000001c14e2a8 is pointing into the stack for thread: 0x0000000018eeb000
R9 =0x0000000000008000 is an unknown value
R10=0x0000000000000000 is an unknown value
R11=0x000000001c14e4e0 is pointing into the stack for thread: 0x0000000018eeb000
R12=0x0000000000000000 is an unknown value
R13={method} {0x000000001bc1d040} 'jniStopDevice' '()V' in 'KinectPV2/Device'
R14=0x0000000000000000 is an unknown value
R15=0x0000000018eeb000 is a thread


Stack: [0x000000001c050000,0x000000001c150000],  sp=0x000000001c14e5e0,  free space=1017k
Native frames: (J=compiled Java code, j=interpreted, Vv=VM code, C=native code)
C  [KinectPV2.dll+0x4113]
C  [KinectPV2.dll+0x1fba]
C  0x0000000001ed5b74

Java frames: (J=compiled Java code, j=interpreted, Vv=VM code)
j  KinectPV2.Device.jniStopDevice()V+0
j  KinectPV2.Device.stopDevice()V+41
j  KinectPV2.KinectPV2.dispose()V+14
v  ~StubRoutines::call_stub
j  sun.reflect.NativeMethodAccessorImpl.invoke0(Ljava/lang/reflect/Method;Ljava/lang/Object;[Ljava/lang/Object;)Ljava/lang/Object;+0
j  sun.reflect.NativeMethodAccessorImpl.invoke(Ljava/lang/Object;[Ljava/lang/Object;)Ljava/lang/Object;+100
J 2098 C1 sun.reflect.DelegatingMethodAccessorImpl.invoke(Ljava/lang/Object;[Ljava/lang/Object;)Ljava/lang/Object; (10 bytes) @ 0x0000000002644ac4 [0x00000000026449c0+0x104]
J 2097 C1 java.lang.reflect.Method.invoke(Ljava/lang/Object;[Ljava/lang/Object;)Ljava/lang/Object; (62 bytes) @ 0x00000000026444e4 [0x0000000002644100+0x3e4]
j  processing.core.PApplet$RegisteredMethods.handle([Ljava/lang/Object;)V+18
J 1878 C1 processing.core.PApplet.handleMethods(Ljava/lang/String;)V (21 bytes) @ 0x000000000257795c [0x00000000025776a0+0x2bc]
j  processing.core.PApplet.dispose()V+35
j  processing.core.PApplet.run()V+283
j  java.lang.Thread.run()V+11
v  ~StubRoutines::call_stub

---------------  P R O C E S S  ---------------

Java Threads: ( => current thread )
  0x00000000191d4000 JavaThread "Animation Thread-SharedResourceRunner" daemon [_thread_blocked, id=6512, stack(0x000000001b860000,0x000000001b960000)]
  0x0000000001dbe800 JavaThread "DestroyJavaVM" [_thread_blocked, id=8628, stack(0x0000000001c20000,0x0000000001d20000)]
  0x0000000018f19000 JavaThread "D3D Screen Updater" daemon [_thread_blocked, id=4148, stack(0x000000001c350000,0x000000001c450000)]
=>0x0000000018eeb000 JavaThread "Animation Thread" [_thread_in_native, id=7228, stack(0x000000001c050000,0x000000001c150000)]
  0x0000000018e84800 JavaThread "AWT-EventQueue-0" [_thread_blocked, id=9500, stack(0x000000001be50000,0x000000001bf50000)]
  0x0000000018e0a000 JavaThread "AWT-Windows" daemon [_thread_in_native, id=8764, stack(0x0000000019720000,0x0000000019820000)]
  0x0000000018e09000 JavaThread "AWT-Shutdown" [_thread_blocked, id=4132, stack(0x0000000019620000,0x0000000019720000)]
  0x0000000018e08800 JavaThread "Java2D Disposer" daemon [_thread_blocked, id=8544, stack(0x0000000019520000,0x0000000019620000)]
  0x0000000017cbc800 JavaThread "Service Thread" daemon [_thread_blocked, id=9168, stack(0x0000000018600000,0x0000000018700000)]
  0x0000000017c3d000 JavaThread "C1 CompilerThread3" daemon [_thread_blocked, id=2520, stack(0x0000000018500000,0x0000000018600000)]
  0x0000000017c34000 JavaThread "C2 CompilerThread2" daemon [_thread_blocked, id=7628, stack(0x0000000018400000,0x0000000018500000)]
  0x0000000017c2e000 JavaThread "C2 CompilerThread1" daemon [_thread_blocked, id=6544, stack(0x0000000018300000,0x0000000018400000)]
  0x0000000017c28800 JavaThread "C2 CompilerThread0" daemon [_thread_blocked, id=7652, stack(0x0000000018200000,0x0000000018300000)]
  0x0000000017c26800 JavaThread "Attach Listener" daemon [_thread_blocked, id=9664, stack(0x0000000018100000,0x0000000018200000)]
  0x0000000017c25800 JavaThread "Signal Dispatcher" daemon [_thread_blocked, id=3176, stack(0x0000000018000000,0x0000000018100000)]
  0x0000000001eb9800 JavaThread "Finalizer" daemon [_thread_blocked, id=9100, stack(0x0000000017b00000,0x0000000017c00000)]
  0x0000000001eb1000 JavaThread "Reference Handler" daemon [_thread_blocked, id=5612, stack(0x0000000017a00000,0x0000000017b00000)]

Other Threads:
  0x0000000015c08800 VMThread [stack: 0x0000000017900000,0x0000000017a00000] [id=9584]
  0x0000000017cc0800 WatcherThread [stack: 0x0000000018700000,0x0000000018800000] [id=9328]

VM state:not at safepoint (normal execution)

VM Mutex/Monitor currently owned by a thread: None

Heap:
 PSYoungGen      total 318464K, used 40386K [0x00000000e0400000, 0x00000000f9180000, 0x0000000100000000)
  eden space 263680K, 11% used [0x00000000e0400000,0x00000000e21fbb00,0x00000000f0580000)
  from space 54784K, 17% used [0x00000000f0580000,0x00000000f0ef5020,0x00000000f3b00000)
  to   space 53248K, 0% used [0x00000000f5d80000,0x00000000f5d80000,0x00000000f9180000)
 ParOldGen       total 223744K, used 145916K [0x00000000a0c00000, 0x00000000ae680000, 0x00000000e0400000)
  object space 223744K, 65% used [0x00000000a0c00000,0x00000000a9a7f038,0x00000000ae680000)
 Metaspace       used 18150K, capacity 18337K, committed 18560K, reserved 1067008K
  class space    used 1758K, capacity 1793K, committed 1920K, reserved 1048576K

Card table byte_map: [0x0000000011280000,0x0000000011580000] byte_map_base: 0x0000000010d7a000

Marking Bits: (ParMarkBitMap*) 0x000000006ab8d490
 Begin Bits: [0x0000000011f80000, 0x0000000013750000)
 End Bits:   [0x0000000013750000, 0x0000000014f20000)

Polling page: 0x00000000005c0000

CodeCache: size=245760Kb used=7782Kb max_used=7782Kb free=237977Kb
 bounds [0x0000000001ec0000, 0x0000000002670000, 0x0000000010ec0000]
 total_blobs=3009 nmethods=2127 adapters=796
 compilation: enabled

Compilation events (10 events):
Event: 7.842 Thread 0x0000000017c3d000 2135       3       java.lang.String::valueOf (14 bytes)
Event: 7.842 Thread 0x0000000017c3d000 nmethod 2135 0x0000000002654e50 code [0x0000000002654fc0, 0x0000000002655208]
Event: 7.875 Thread 0x0000000017c3d000 2136       3       java.awt.EventQueue::getPriority (78 bytes)
Event: 7.876 Thread 0x0000000017c3d000 nmethod 2136 0x0000000002656b10 code [0x0000000002656cc0, 0x00000000026574a8]
Event: 7.876 Thread 0x0000000017c3d000 2137       3       java.awt.EventQueue::postEvent (172 bytes)
Event: 7.878 Thread 0x0000000017c3d000 nmethod 2137 0x000000000265d810 code [0x000000000265dac0, 0x000000000265ecb8]
Event: 7.891 Thread 0x0000000017c3d000 2138   !   3       sun.java2d.SunGraphics2D::validateCompClip (224 bytes)
Event: 7.893 Thread 0x0000000017c3d000 nmethod 2138 0x000000000265f5d0 code [0x000000000265f900, 0x0000000002661888]
Event: 7.919 Thread 0x0000000017c3d000 2139       3       java.nio.IntBuffer::put (9 bytes)
Event: 7.919 Thread 0x0000000017c3d000 nmethod 2139 0x00000000026566d0 code [0x0000000002656840, 0x0000000002656a68]

GC Heap History (10 events):
Event: 4.631 GC heap before
{Heap before GC invocations=14 (full 3):
 PSYoungGen      total 241664K, used 181298K [0x00000000e0400000, 0x00000000f2d80000, 0x0000000100000000)
  eden space 181760K, 99% used [0x00000000e0400000,0x00000000eb50c8d0,0x00000000eb580000)
  from space 59904K, 0% used [0x00000000ef300000,0x00000000ef300000,0x00000000f2d80000)
  to   space 61440K, 0% used [0x00000000eb580000,0x00000000eb580000,0x00000000ef180000)
 ParOldGen       total 223744K, used 145876K [0x00000000a0c00000, 0x00000000ae680000, 0x00000000e0400000)
  object space 223744K, 65% used [0x00000000a0c00000,0x00000000a9a75038,0x00000000ae680000)
 Metaspace       used 17452K, capacity 17665K, committed 17920K, reserved 1064960K
  class space    used 1707K, capacity 1761K, committed 1792K, reserved 1048576K
Event: 4.635 GC heap after
Heap after GC invocations=14 (full 3):
 PSYoungGen      total 243200K, used 9172K [0x00000000e0400000, 0x00000000f5d00000, 0x0000000100000000)
  eden space 181760K, 0% used [0x00000000e0400000,0x00000000e0400000,0x00000000eb580000)
  from space 61440K, 14% used [0x00000000eb580000,0x00000000ebe75020,0x00000000ef180000)
  to   space 60416K, 0% used [0x00000000f2200000,0x00000000f2200000,0x00000000f5d00000)
 ParOldGen       total 223744K, used 145884K [0x00000000a0c00000, 0x00000000ae680000, 0x00000000e0400000)
  object space 223744K, 65% used [0x00000000a0c00000,0x00000000a9a77038,0x00000000ae680000)
 Metaspace       used 17452K, capacity 17665K, committed 17920K, reserved 1064960K
  class space    used 1707K, capacity 1761K, committed 1792K, reserved 1048576K
}
Event: 5.266 GC heap before
{Heap before GC invocations=15 (full 3):
 PSYoungGen      total 243200K, used 183624K [0x00000000e0400000, 0x00000000f5d00000, 0x0000000100000000)
  eden space 181760K, 95% used [0x00000000e0400000,0x00000000eae5d1e0,0x00000000eb580000)
  from space 61440K, 14% used [0x00000000eb580000,0x00000000ebe75020,0x00000000ef180000)
  to   space 60416K, 0% used [0x00000000f2200000,0x00000000f2200000,0x00000000f5d00000)
 ParOldGen       total 223744K, used 145884K [0x00000000a0c00000, 0x00000000ae680000, 0x00000000e0400000)
  object space 223744K, 65% used [0x00000000a0c00000,0x00000000a9a77038,0x00000000ae680000)
 Metaspace       used 17759K, capacity 17953K, committed 18304K, reserved 1064960K
  class space    used 1737K, capacity 1793K, committed 1920K, reserved 1048576K
Event: 5.271 GC heap after
Heap after GC invocations=15 (full 3):
 PSYoungGen      total 276480K, used 9588K [0x00000000e0400000, 0x00000000f5400000, 0x0000000100000000)
  eden space 225280K, 0% used [0x00000000e0400000,0x00000000e0400000,0x00000000ee000000)
  from space 51200K, 18% used [0x00000000f2200000,0x00000000f2b5d020,0x00000000f5400000)
  to   space 59392K, 0% used [0x00000000ee000000,0x00000000ee000000,0x00000000f1a00000)
 ParOldGen       total 223744K, used 145892K [0x00000000a0c00000, 0x00000000ae680000, 0x00000000e0400000)
  object space 223744K, 65% used [0x00000000a0c00000,0x00000000a9a79038,0x00000000ae680000)
 Metaspace       used 17759K, capacity 17953K, committed 18304K, reserved 1064960K
  class space    used 1737K, capacity 1793K, committed 1920K, reserved 1048576K
}
Event: 6.066 GC heap before
{Heap before GC invocations=16 (full 3):
 PSYoungGen      total 276480K, used 230428K [0x00000000e0400000, 0x00000000f5400000, 0x0000000100000000)
  eden space 225280K, 98% used [0x00000000e0400000,0x00000000edbaa130,0x00000000ee000000)
  from space 51200K, 18% used [0x00000000f2200000,0x00000000f2b5d020,0x00000000f5400000)
  to   space 59392K, 0% used [0x00000000ee000000,0x00000000ee000000,0x00000000f1a00000)
 ParOldGen       total 223744K, used 145892K [0x00000000a0c00000, 0x00000000ae680000, 0x00000000e0400000)
  object space 223744K, 65% used [0x00000000a0c00000,0x00000000a9a79038,0x00000000ae680000)
 Metaspace       used 18037K, capacity 18209K, committed 18560K, reserved 1067008K
  class space    used 1758K, capacity 1793K, committed 1920K, reserved 1048576K
Event: 6.070 GC heap after
Heap after GC invocations=16 (full 3):
 PSYoungGen      total 284672K, used 9684K [0x00000000e0400000, 0x00000000f7d80000, 0x0000000100000000)
  eden space 225280K, 0% used [0x00000000e0400000,0x00000000e0400000,0x00000000ee000000)
  from space 59392K, 16% used [0x00000000ee000000,0x00000000ee975020,0x00000000f1a00000)
  to   space 57856K, 0% used [0x00000000f4500000,0x00000000f4500000,0x00000000f7d80000)
 ParOldGen       total 223744K, used 145900K [0x00000000a0c00000, 0x00000000ae680000, 0x00000000e0400000)
  object space 223744K, 65% used [0x00000000a0c00000,0x00000000a9a7b038,0x00000000ae680000)
 Metaspace       used 18037K, capacity 18209K, committed 18560K, reserved 1067008K
  class space    used 1758K, capacity 1793K, committed 1920K, reserved 1048576K
}
Event: 6.869 GC heap before
{Heap before GC invocations=17 (full 3):
 PSYoungGen      total 284672K, used 234306K [0x00000000e0400000, 0x00000000f7d80000, 0x0000000100000000)
  eden space 225280K, 99% used [0x00000000e0400000,0x00000000edf5b8f0,0x00000000ee000000)
  from space 59392K, 16% used [0x00000000ee000000,0x00000000ee975020,0x00000000f1a00000)
  to   space 57856K, 0% used [0x00000000f4500000,0x00000000f4500000,0x00000000f7d80000)
 ParOldGen       total 223744K, used 145900K [0x00000000a0c00000, 0x00000000ae680000, 0x00000000e0400000)
  object space 223744K, 65% used [0x00000000a0c00000,0x00000000a9a7b038,0x00000000ae680000)
 Metaspace       used 18106K, capacity 18337K, committed 18560K, reserved 1067008K
  class space    used 1758K, capacity 1793K, committed 1920K, reserved 1048576K
Event: 6.875 GC heap after
Heap after GC invocations=17 (full 3):
 PSYoungGen      total 308224K, used 17752K [0x00000000e0400000, 0x00000000f7080000, 0x0000000100000000)
  eden space 263680K, 0% used [0x00000000e0400000,0x00000000e0400000,0x00000000f0580000)
  from space 44544K, 39% used [0x00000000f4500000,0x00000000f5656030,0x00000000f7080000)
  to   space 54784K, 0% used [0x00000000f0580000,0x00000000f0580000,0x00000000f3b00000)
 ParOldGen       total 223744K, used 145908K [0x00000000a0c00000, 0x00000000ae680000, 0x00000000e0400000)
  object space 223744K, 65% used [0x00000000a0c00000,0x00000000a9a7d038,0x00000000ae680000)
 Metaspace       used 18106K, capacity 18337K, committed 18560K, reserved 1067008K
  class space    used 1758K, capacity 1793K, committed 1920K, reserved 1048576K
}
Event: 7.865 GC heap before
{Heap before GC invocations=18 (full 3):
 PSYoungGen      total 308224K, used 279612K [0x00000000e0400000, 0x00000000f7080000, 0x0000000100000000)
  eden space 263680K, 99% used [0x00000000e0400000,0x00000000f03b9200,0x00000000f0580000)
  from space 44544K, 39% used [0x00000000f4500000,0x00000000f5656030,0x00000000f7080000)
  to   space 54784K, 0% used [0x00000000f0580000,0x00000000f0580000,0x00000000f3b00000)
 ParOldGen       total 223744K, used 145908K [0x00000000a0c00000, 0x00000000ae680000, 0x00000000e0400000)
  object space 223744K, 65% used [0x00000000a0c00000,0x00000000a9a7d038,0x00000000ae680000)
 Metaspace       used 18142K, capacity 18337K, committed 18560K, reserved 1067008K
  class space    used 1758K, capacity 1793K, committed 1920K, reserved 1048576K
Event: 7.870 GC heap after
Heap after GC invocations=18 (full 3):
 PSYoungGen      total 318464K, used 9684K [0x00000000e0400000, 0x00000000f9180000, 0x0000000100000000)
  eden space 263680K, 0% used [0x00000000e0400000,0x00000000e0400000,0x00000000f0580000)
  from space 54784K, 17% used [0x00000000f0580000,0x00000000f0ef5020,0x00000000f3b00000)
  to   space 53248K, 0% used [0x00000000f5d80000,0x00000000f5d80000,0x00000000f9180000)
 ParOldGen       total 223744K, used 145916K [0x00000000a0c00000, 0x00000000ae680000, 0x00000000e0400000)
  object space 223744K, 65% used [0x00000000a0c00000,0x00000000a9a7f038,0x00000000ae680000)
 Metaspace       used 18142K, capacity 18337K, committed 18560K, reserved 1067008K
  class space    used 1758K, capacity 1793K, committed 1920K, reserved 1048576K
}

Deoptimization events (10 events):
Event: 3.600 Thread 0x0000000018e84800 Uncommon trap: reason=unreached action=reinterpret pc=0x00000000022c9500 method=processing.opengl.PGraphicsOpenGL$InGeometry.addVertex(FFFIFFFFFIFIIIFIZ)I @ 218
Event: 4.191 Thread 0x0000000018e84800 Uncommon trap: reason=unreached action=reinterpret pc=0x0000000002186870 method=java.lang.reflect.AccessibleObject.setAccessible0(Ljava/lang/reflect/AccessibleObject;Z)V @ 4
Event: 5.234 Thread 0x0000000018e84800 Uncommon trap: reason=bimorphic action=maybe_recompile pc=0x0000000002451010 method=java.util.ArrayList.indexOf(Ljava/lang/Object;)I @ 51
Event: 5.235 Thread 0x0000000018e84800 Uncommon trap: reason=bimorphic action=maybe_recompile pc=0x0000000002451010 method=java.util.ArrayList.indexOf(Ljava/lang/Object;)I @ 51
Event: 5.236 Thread 0x0000000018e84800 Uncommon trap: reason=bimorphic action=maybe_recompile pc=0x0000000002451010 method=java.util.ArrayList.indexOf(Ljava/lang/Object;)I @ 51
Event: 5.237 Thread 0x0000000018e84800 Uncommon trap: reason=bimorphic action=maybe_recompile pc=0x0000000002451010 method=java.util.ArrayList.indexOf(Ljava/lang/Object;)I @ 51
Event: 5.334 Thread 0x0000000018e84800 Uncommon trap: reason=class_check action=maybe_recompile pc=0x00000000020b7368 method=java.lang.String.equals(Ljava/lang/Object;)Z @ 8
Event: 5.334 Thread 0x0000000018e84800 Uncommon trap: reason=class_check action=maybe_recompile pc=0x00000000020b7368 method=java.lang.String.equals(Ljava/lang/Object;)Z @ 8
Event: 5.334 Thread 0x0000000018e84800 Uncommon trap: reason=class_check action=maybe_recompile pc=0x00000000020b7368 method=java.lang.String.equals(Ljava/lang/Object;)Z @ 8
Event: 5.334 Thread 0x0000000018e84800 Uncommon trap: reason=class_check action=maybe_recompile pc=0x00000000020b7368 method=java.lang.String.equals(Ljava/lang/Object;)Z @ 8

Internal exceptions (10 events):
Event: 3.416 Thread 0x0000000018e84800 Exception <a 'java/security/PrivilegedActionException'> (0x00000000e324eb38) thrown at [D:\re\workspace\8-2-build-windows-amd64-cygwin\jdk8u25\1677\hotspot\src\share\vm\prims\jvm.cpp, line 1312]
Event: 3.416 Thread 0x0000000018e84800 Exception <a 'java/security/PrivilegedActionException'> (0x00000000e5e3f928) thrown at [D:\re\workspace\8-2-build-windows-amd64-cygwin\jdk8u25\1677\hotspot\src\share\vm\prims\jvm.cpp, line 1312]
Event: 3.416 Thread 0x0000000018e84800 Exception <a 'java/security/PrivilegedActionException'> (0x00000000e5e44128) thrown at [D:\re\workspace\8-2-build-windows-amd64-cygwin\jdk8u25\1677\hotspot\src\share\vm\prims\jvm.cpp, line 1312]
Event: 3.416 Thread 0x0000000018e84800 Exception <a 'java/security/PrivilegedActionException'> (0x00000000e5e47860) thrown at [D:\re\workspace\8-2-build-windows-amd64-cygwin\jdk8u25\1677\hotspot\src\share\vm\prims\jvm.cpp, line 1312]
Event: 3.417 Thread 0x0000000018e84800 Exception <a 'java/security/PrivilegedActionException'> (0x00000000e5e4b7a8) thrown at [D:\re\workspace\8-2-build-windows-amd64-cygwin\jdk8u25\1677\hotspot\src\share\vm\prims\jvm.cpp, line 1312]
Event: 3.417 Thread 0x0000000018e84800 Exception <a 'java/security/PrivilegedActionException'> (0x00000000e5e516b8) thrown at [D:\re\workspace\8-2-build-windows-amd64-cygwin\jdk8u25\1677\hotspot\src\share\vm\prims\jvm.cpp, line 1312]
Event: 3.430 Thread 0x0000000018e84800 Exception <a 'java/security/PrivilegedActionException'> (0x00000000e5f2ccc8) thrown at [D:\re\workspace\8-2-build-windows-amd64-cygwin\jdk8u25\1677\hotspot\src\share\vm\prims\jvm.cpp, line 1312]
Event: 5.348 Thread 0x0000000018e84800 Exception <a 'java/security/PrivilegedActionException'> (0x00000000e1b9be78) thrown at [D:\re\workspace\8-2-build-windows-amd64-cygwin\jdk8u25\1677\hotspot\src\share\vm\prims\jvm.cpp, line 1312]
Event: 5.356 Thread 0x0000000018e84800 Exception <a 'java/security/PrivilegedActionException'> (0x00000000e1ba89d0) thrown at [D:\re\workspace\8-2-build-windows-amd64-cygwin\jdk8u25\1677\hotspot\src\share\vm\prims\jvm.cpp, line 1312]
Event: 5.393 Thread 0x0000000018e84800 Exception <a 'java/security/PrivilegedActionException'> (0x00000000e239b498) thrown at [D:\re\workspace\8-2-build-windows-amd64-cygwin\jdk8u25\1677\hotspot\src\share\vm\prims\jvm.cpp, line 1312]

Events (10 events):
Event: 6.077 Thread 0x0000000017c3d000 flushing nmethod 0x0000000001fd1a50
Event: 6.077 Thread 0x0000000017c3d000 flushing nmethod 0x0000000001fea310
Event: 6.077 Thread 0x0000000017c3d000 flushing nmethod 0x0000000001ff5a90
Event: 6.078 Thread 0x0000000017c3d000 flushing nmethod 0x0000000002064090
Event: 6.869 Executing VM operation: ParallelGCFailedAllocation
Event: 6.875 Executing VM operation: ParallelGCFailedAllocation done
Event: 7.865 Executing VM operation: ParallelGCFailedAllocation
Event: 7.870 Executing VM operation: ParallelGCFailedAllocation done
Event: 7.901 Thread 0x0000000018ea8800 Thread exited: 0x0000000018ea8800
Event: 7.942 Thread 0x000000001d1a9800 Thread exited: 0x000000001d1a9800


Dynamic libraries:
0x00007ff745f80000 - 0x00007ff745fb4000 	C:\Program Files\Java\jre1.8.0_25\bin\javaw.exe
0x00007ffee8210000 - 0x00007ffee83bc000 	C:\WINDOWS\SYSTEM32\ntdll.dll
0x00007ffee60e0000 - 0x00007ffee621e000 	C:\WINDOWS\system32\KERNEL32.DLL
0x00007ffee54e0000 - 0x00007ffee55f5000 	C:\WINDOWS\system32\KERNELBASE.dll
0x00007ffee3ee0000 - 0x00007ffee3f6e000 	C:\WINDOWS\system32\apphelp.dll
0x00007ffecebf0000 - 0x00007ffecec43000 	C:\WINDOWS\AppPatch\AppPatch64\AcGenral.DLL
0x00007ffee6010000 - 0x00007ffee60ba000 	C:\WINDOWS\system32\msvcrt.dll
0x00007ffee5190000 - 0x00007ffee51be000 	C:\WINDOWS\SYSTEM32\SspiCli.dll
0x00007ffee5fb0000 - 0x00007ffee6004000 	C:\WINDOWS\system32\SHLWAPI.dll
0x00007ffee7fd0000 - 0x00007ffee8147000 	C:\WINDOWS\system32\USER32.dll
0x00007ffee5bc0000 - 0x00007ffee5d54000 	C:\WINDOWS\system32\ole32.dll
0x00007ffee66a0000 - 0x00007ffee7bb8000 	C:\WINDOWS\system32\SHELL32.dll
0x00007ffee48f0000 - 0x00007ffee4911000 	C:\WINDOWS\SYSTEM32\USERENV.dll
0x00007ffee5e20000 - 0x00007ffee5eca000 	C:\WINDOWS\system32\ADVAPI32.dll
0x00007ffed7630000 - 0x00007ffed764e000 	C:\WINDOWS\SYSTEM32\MPR.dll
0x00007ffee63f0000 - 0x00007ffee6531000 	C:\WINDOWS\system32\RPCRT4.dll
0x00007ffee5ed0000 - 0x00007ffee5f29000 	C:\WINDOWS\SYSTEM32\sechost.dll
0x00007ffee7db0000 - 0x00007ffee7fc1000 	C:\WINDOWS\SYSTEM32\combase.dll
0x00007ffee6540000 - 0x00007ffee6691000 	C:\WINDOWS\system32\GDI32.dll
0x00007ffee5360000 - 0x00007ffee5375000 	C:\WINDOWS\SYSTEM32\profapi.dll
0x00007ffee3700000 - 0x00007ffee37b2000 	C:\WINDOWS\SYSTEM32\SHCORE.dll
0x00007ffee5a40000 - 0x00007ffee5a76000 	C:\WINDOWS\system32\IMM32.DLL
0x00007ffee6220000 - 0x00007ffee6372000 	C:\WINDOWS\system32\MSCTF.dll
0x00007ffee2a70000 - 0x00007ffee2ceb000 	C:\WINDOWS\WinSxS\amd64_microsoft.windows.common-controls_6595b64144ccf1df_6.0.9600.17415_none_6240486fecbd8abb\COMCTL32.dll
0x00000000696c0000 - 0x0000000069792000 	C:\Program Files\Java\jre1.8.0_25\bin\msvcr100.dll
0x000000006a3b0000 - 0x000000006ac0a000 	C:\Program Files\Java\jre1.8.0_25\bin\server\jvm.dll
0x00007ffecd2f0000 - 0x00007ffecd2f9000 	C:\WINDOWS\SYSTEM32\WSOCK32.dll
0x00007ffed77f0000 - 0x00007ffed7812000 	C:\WINDOWS\SYSTEM32\WINMM.dll
0x00007ffee7da0000 - 0x00007ffee7da7000 	C:\WINDOWS\system32\PSAPI.DLL
0x00007ffee5a80000 - 0x00007ffee5ada000 	C:\WINDOWS\system32\WS2_32.dll
0x00007ffed75d0000 - 0x00007ffed75fa000 	C:\WINDOWS\SYSTEM32\WINMMBASE.dll
0x00007ffee60d0000 - 0x00007ffee60d9000 	C:\WINDOWS\system32\NSI.dll
0x00007ffee5840000 - 0x00007ffee588f000 	C:\WINDOWS\SYSTEM32\cfgmgr32.dll
0x00007ffee4150000 - 0x00007ffee4178000 	C:\WINDOWS\SYSTEM32\DEVOBJ.dll
0x000000006b5e0000 - 0x000000006b5ef000 	C:\Program Files\Java\jre1.8.0_25\bin\verify.dll
0x000000006b5b0000 - 0x000000006b5d8000 	C:\Program Files\Java\jre1.8.0_25\bin\java.dll
0x000000006b590000 - 0x000000006b5a6000 	C:\Program Files\Java\jre1.8.0_25\bin\zip.dll
0x0000000069520000 - 0x00000000696b8000 	C:\Program Files\Java\jre1.8.0_25\bin\awt.dll
0x00007ffee5ae0000 - 0x00007ffee5ba1000 	C:\WINDOWS\system32\OLEAUT32.dll
0x00007ffee3500000 - 0x00007ffee3521000 	C:\WINDOWS\system32\DWMAPI.DLL
0x00007ffee3fd0000 - 0x00007ffee40f9000 	C:\WINDOWS\system32\uxtheme.dll
0x00007ffee41a0000 - 0x00007ffee41ab000 	C:\WINDOWS\SYSTEM32\kernel.appcore.dll
0x00007ffee5230000 - 0x00007ffee523b000 	C:\WINDOWS\SYSTEM32\CRYPTBASE.dll
0x00007ffee51c0000 - 0x00007ffee5223000 	C:\WINDOWS\SYSTEM32\bcryptPrimitives.dll
0x00007ffedaca0000 - 0x00007ffedaec1000 	C:\WINDOWS\system32\d3d9.dll
0x00007ffee3010000 - 0x00007ffee301a000 	C:\WINDOWS\SYSTEM32\VERSION.dll
0x00007ffee2870000 - 0x00007ffee29bb000 	C:\WINDOWS\SYSTEM32\aticfx64.dll
0x00007ffec0180000 - 0x00007ffec01a1000 	C:\WINDOWS\SYSTEM32\atiu9p64.dll
0x00007ffebed60000 - 0x00007ffebf545000 	C:\WINDOWS\SYSTEM32\atiumd64.dll
0x000000006acf0000 - 0x000000006b4a7000 	C:\WINDOWS\SYSTEM32\atiumd6a.dll
0x00000000694d0000 - 0x0000000069517000 	C:\Program Files\Java\jre1.8.0_25\bin\fontmanager.dll
0x00007ffee4d60000 - 0x00007ffee4d80000 	C:\WINDOWS\SYSTEM32\CRYPTSP.dll
0x00007ffee47e0000 - 0x00007ffee4816000 	C:\WINDOWS\system32\rsaenh.dll
0x00007ffee4e80000 - 0x00007ffee4ea6000 	C:\WINDOWS\SYSTEM32\bcrypt.dll
0x000000006b570000 - 0x000000006b58a000 	C:\Program Files\Java\jre1.8.0_25\bin\net.dll
0x00007ffee4b20000 - 0x00007ffee4b79000 	C:\WINDOWS\system32\mswsock.dll
0x00007ffee1080000 - 0x00007ffee10aa000 	C:\WINDOWS\SYSTEM32\IPHLPAPI.DLL
0x00007ffee2670000 - 0x00007ffee267a000 	C:\WINDOWS\SYSTEM32\WINNSI.DLL
0x00007ffee0160000 - 0x00007ffee0176000 	C:\WINDOWS\SYSTEM32\dhcpcsvc6.DLL
0x00007ffee02b0000 - 0x00007ffee02ca000 	C:\WINDOWS\SYSTEM32\dhcpcsvc.DLL
0x000000006a390000 - 0x000000006a3a1000 	C:\Program Files\Java\jre1.8.0_25\bin\nio.dll
0x00000000637c0000 - 0x00000000637cd000 	S:\Users\Ben\AppData\Local\Temp\jogamp_0000\file_cache\jln6403809030625818441\jln1533105483303050013\gluegen-rt.dll
0x00000000694c0000 - 0x00000000694c7000 	C:\Program Files\Java\jre1.8.0_25\bin\jawt.dll
0x0000000001da0000 - 0x0000000001dad000 	S:\Users\Ben\AppData\Local\Temp\jogamp_0000\file_cache\jln6403809030625818441\jln1533105483303050013\nativewindow_awt.dll
0x000000006c100000 - 0x000000006c10f000 	S:\Users\Ben\AppData\Local\Temp\jogamp_0000\file_cache\jln6403809030625818441\jln1533105483303050013\nativewindow_win32.dll
0x00007ffec1490000 - 0x00007ffec15bb000 	C:\WINDOWS\SYSTEM32\OpenGL32.dll
0x00007ffedc620000 - 0x00007ffedc64e000 	C:\WINDOWS\SYSTEM32\GLU32.dll
0x00007ffecee10000 - 0x00007ffecef08000 	C:\WINDOWS\SYSTEM32\DDRAW.dll
0x00007ffee0ca0000 - 0x00007ffee0ca9000 	C:\WINDOWS\SYSTEM32\DCIMAN32.dll
0x0000000064500000 - 0x00000000645a2000 	S:\Users\Ben\AppData\Local\Temp\jogamp_0000\file_cache\jln6403809030625818441\jln1533105483303050013\jogl_desktop.dll
0x00007ffedc690000 - 0x00007ffedc6a8000 	C:\WINDOWS\SYSTEM32\atig6pxx.dll
0x0000000067910000 - 0x00000000694bf000 	C:\WINDOWS\SYSTEM32\atio6axx.dll
0x00007ffee7bc0000 - 0x00007ffee7d9a000 	C:\WINDOWS\system32\SETUPAPI.dll
0x00007ffee10e0000 - 0x00007ffee1217000 	C:\WINDOWS\SYSTEM32\atiadlxx.dll
0x00007ffee16b0000 - 0x00007ffee182f000 	C:\WINDOWS\SYSTEM32\PROPSYS.dll
0x00007ffee3f70000 - 0x00007ffee3f82000 	C:\WINDOWS\SYSTEM32\WTSAPI32.dll
0x00007ffee57e0000 - 0x00007ffee5831000 	C:\WINDOWS\system32\WINTRUST.dll
0x00007ffee5600000 - 0x00007ffee57df000 	C:\WINDOWS\system32\CRYPT32.dll
0x00007ffee5410000 - 0x00007ffee5421000 	C:\WINDOWS\system32\MSASN1.dll
0x00007ffeda9a0000 - 0x00007ffeda9c9000 	C:\WINDOWS\SYSTEM32\atig6txx.dll
0x00007ffebd420000 - 0x00007ffebd5bc000 	O:\OneDrive\Workspace\ZZavatar\lib\user\KinectPV2\Kinect20.Face.dll
0x00007ffed76f0000 - 0x00007ffed7797000 	C:\WINDOWS\SYSTEM32\MSVCP110.dll
0x00007ffeddd70000 - 0x00007ffedde3e000 	C:\WINDOWS\SYSTEM32\MSVCR110.dll
0x00007ffedc7f0000 - 0x00007ffedc800000 	O:\OneDrive\Workspace\ZZavatar\lib\user\KinectPV2\KinectPV2.dll
0x00007ffec1710000 - 0x00007ffec17ca000 	C:\WINDOWS\SYSTEM32\Kinect20.dll
0x00007ffed7820000 - 0x00007ffed790b000 	C:\WINDOWS\SYSTEM32\MFPlat.DLL
0x00007ffed7650000 - 0x00007ffed7677000 	C:\WINDOWS\SYSTEM32\RTWorkQ.DLL
0x00007ffee3130000 - 0x00007ffee313c000 	C:\WINDOWS\SYSTEM32\AVRT.dll
0x00000000678c0000 - 0x0000000067901000 	C:\Program Files\Java\jre1.8.0_25\bin\t2k.dll
0x00007ffebeae0000 - 0x00007ffebec6a000 	C:\WINDOWS\SYSTEM32\dbghelp.dll

VM Arguments:
jvm_args: -Djava.library.path=O:\OneDrive\Workspace\ZZavatar\lib\base\video;O:\OneDrive\Workspace\ZZavatar\lib\base\video;O:\OneDrive\Workspace\ZZavatar\lib\base\video;O:\OneDrive\Workspace\ZZavatar\lib\base\core;O:\OneDrive\Workspace\ZZavatar\lib\base\core;O:\OneDrive\Workspace\ZZavatar\lib\base\core;O:\OneDrive\Workspace\ZZavatar\lib\base\core;O:\OneDrive\Workspace\ZZavatar\lib\base\core;O:\OneDrive\Workspace\ZZavatar\lib\base\core;O:\OneDrive\Workspace\ZZavatar\lib\base\core;O:\OneDrive\Workspace\ZZavatar\lib\base\core;O:\OneDrive\Workspace\ZZavatar\lib\base\core;O:\OneDrive\Workspace\ZZavatar\lib\base\core;O:\OneDrive\Workspace\ZZavatar\lib\base\core;O:\OneDrive\Workspace\ZZavatar\lib\base\core;O:\OneDrive\Workspace\ZZavatar\lib\base\core;O:\OneDrive\Workspace\ZZavatar\lib\base\core;O:\OneDrive\Workspace\ZZavatar\lib\base\core;O:\OneDrive\Workspace\ZZavatar\lib\user\Kinect4WinSDK;O:\OneDrive\Workspace\ZZavatar\lib\user\KinectPV2;O:\OneDrive\Workspace\ZZavatar\lib\user\SimpleOpenNI -Dfile.encoding=Cp1252 
java_command: zzavatar.ZZavatar
java_class_path (initial): O:\OneDrive\Workspace\ZZavatar\lib\base\video\gstreamer-java.jar;O:\OneDrive\Workspace\ZZavatar\lib\base\video\jna.jar;O:\OneDrive\Workspace\ZZavatar\lib\base\video\video.jar;O:\OneDrive\Workspace\ZZavatar\lib\base\core\core.jar;O:\OneDrive\Workspace\ZZavatar\lib\base\core\gluegen-rt-natives-linux-amd64.jar;O:\OneDrive\Workspace\ZZavatar\lib\base\core\gluegen-rt-natives-linux-armv6hf.jar;O:\OneDrive\Workspace\ZZavatar\lib\base\core\gluegen-rt-natives-linux-i586.jar;O:\OneDrive\Workspace\ZZavatar\lib\base\core\gluegen-rt-natives-macosx-universal.jar;O:\OneDrive\Workspace\ZZavatar\lib\base\core\gluegen-rt-natives-windows-amd64.jar;O:\OneDrive\Workspace\ZZavatar\lib\base\core\gluegen-rt-natives-windows-i586.jar;O:\OneDrive\Workspace\ZZavatar\lib\base\core\gluegen-rt.jar;O:\OneDrive\Workspace\ZZavatar\lib\base\core\jogl-all-natives-linux-amd64.jar;O:\OneDrive\Workspace\ZZavatar\lib\base\core\jogl-all-natives-linux-armv6hf.jar;O:\OneDrive\Workspace\ZZavatar\lib\base\core\jogl-all-natives-linux-i586.jar;O:\OneDrive\Workspace\ZZavatar\lib\base\core\jogl-all-natives-macosx-universal.jar;O:\OneDrive\Workspace\ZZavatar\lib\base\core\jogl-all-natives-windows-amd64.jar;O:\OneDrive\Workspace\ZZavatar\lib\base\core\jogl-all-natives-windows-i586.jar;O:\OneDrive\Workspace\ZZavatar\lib\base\core\jogl-all.jar;O:\OneDrive\Workspace\ZZavatar\lib\user\Kinect4WinSDK\Kinect4WinSDK.jar;O:\OneDrive\Workspace\ZZavatar\lib\user\KinectPV2\KinectPV2.jar;O:\OneDrive\Workspace\ZZavatar\lib\user\SimpleOpenNI\SimpleOpenNI.jar;O:\OneDrive\Workspace\ZZavatar\bin
Launcher Type: SUN_STANDARD

Environment Variables:
JAVA_HOME=C:\Program Files\Java\jdk1.8.0_25
PATH=C:/Program Files/Java/jre1.8.0_25/bin/server;C:/Program Files/Java/jre1.8.0_25/bin;C:/Program Files/Java/jre1.8.0_25/lib/amd64;C:\Program Files (x86)\NVIDIA Corporation\PhysX\Common;C:\ProgramData\Oracle\Java\javapath;C:\Program Files (x86)\Common Files\Intel\Shared Libraries\redist\intel64\compiler;C:\Program Files (x86)\Common Files\Intel\Shared Libraries\redist\ia32\compiler;C:\Program Files (x86)\Intel\iCLS Client\;C:\Program Files\Intel\iCLS Client\;C:\Program Files (x86)\AMD APP\bin\x86_64;C:\Program Files (x86)\AMD APP\bin\x86;C:\WINDOWS\system32;C:\WINDOWS;C:\WINDOWS\System32\Wbem;C:\WINDOWS\System32\WindowsPowerShell\v1.0\;C:\Program Files (x86)\ATI Technologies\ATI.ACE\Core-Static;C:\Program Files\Intel\Intel(R) Management Engine Components\DAL;C:\Program Files\Intel\Intel(R) Management Engine Components\IPT;C:\Program Files (x86)\Intel\Intel(R) Management Engine Components\DAL;C:\Program Files (x86)\Intel\Intel(R) Management Engine Components\IPT;C:\Program Files\Sony\VAIO Improvement\;C:\Program Files (x86)\Sony\VAIO Startup Setting Tool;C:\Program Files (x86)\Windows Kits\8.1\Windows Performance Toolkit\;C:\Program Files\Microsoft SQL Server\110\Tools\Binn\;C:\Program Files (x86)\Microsoft SDKs\TypeScript\1.0\;C:\Program Files\Microsoft\Web Platform Installer\;C:\Program Files (x86)\Java\jre1.8.0_25\bin;P:\Programs\Python27\Scripts;P:\Programs\Python27;C:\Program Files\Common Files\Autodesk Shared\;P:\Program Files\Programs;P:\Program Files\Games;P:\Programs\Eclipse;
USERNAME=Benoît
OS=Windows_NT
PROCESSOR_IDENTIFIER=Intel64 Family 6 Model 58 Stepping 9, GenuineIntel



---------------  S Y S T E M  ---------------

OS: Windows 8.1 , 64 bit Build 9600 

CPU:total 8 (4 cores per cpu, 2 threads per core) family 6 model 58 stepping 9, cmov, cx8, fxsr, mmx, sse, sse2, sse3, ssse3, sse4.1, sse4.2, popcnt, avx, aes, clmul, erms, ht, tsc, tscinvbit, tscinv

Memory: 4k page, physical 6237468k(1726536k free), swap 10431772k(3671840k free)

vm_info: Java HotSpot(TM) 64-Bit Server VM (25.25-b02) for windows-amd64 JRE (1.8.0_25-b18), built on Oct  7 2014 14:25:37 by "java_re" with MS VC++ 10.0 (VS2010)

time: Thu Apr 23 17:19:53 2015
elapsed time: 7 seconds (0d 0h 0m 7s)

