#
# A fatal error has been detected by the Java Runtime Environment:
#
#  EXCEPTION_ACCESS_VIOLATION (0xc0000005) at pc=0x00007ff980284110, pid=9048, tid=6564
#
# JRE version: Java(TM) SE Runtime Environment (8.0_25-b18) (build 1.8.0_25-b18)
# Java VM: Java HotSpot(TM) 64-Bit Server VM (25.25-b02 mixed mode windows-amd64 compressed oops)
# Problematic frame:
# C  [KinectPV2.dll+0x4110]
#
# Failed to write core dump. Minidumps are not enabled by default on client versions of Windows
#
# If you would like to submit a bug report, please visit:
#   http://bugreport.sun.com/bugreport/crash.jsp
# The crash happened outside the Java Virtual Machine in native code.
# See problematic frame for where to report the bug.
#

---------------  T H R E A D  ---------------

Current thread (0x00000000193aa000):  JavaThread "Animation Thread" [_thread_in_native, id=6564, stack(0x000000001c3f0000,0x000000001c4f0000)]

siginfo: ExceptionCode=0xc0000005, reading address 0x0000000000000010

Registers:
RAX=0x0000000000000001, RBX=0x000000002e29d040, RCX=0x0000000000000010, RDX=0x0000000000000000
RSP=0x000000001c4ee8d0, RBP=0x0000000000000006, RSI=0x0000000000000000, RDI=0x000000001ef32368
R8 =0x000000001c4ee598, R9 =0x0000000000008000, R10=0x0000000000000000, R11=0x000000001c4ee7d0
R12=0x0000000000000000, R13=0x000000001f7ad208, R14=0x0000000000000000, R15=0x00000000193aa000
RIP=0x00007ff980284110, EFLAGS=0x0000000000010202

Top of Stack: (sp=0x000000001c4ee8d0)
0x000000001c4ee8d0:   000000001ef32338 000000001fb307c8
0x000000001c4ee8e0:   000000001ef32338 0000000000000000
0x000000001c4ee8f0:   000000001c4ee9c0 00007ff980281fba
0x000000001c4ee900:   000000001c4ee9c0 000000001c4ee9a0
0x000000001c4ee910:   00000000193aa1e8 0000000019369450
0x000000001c4ee920:   00000000a3b04458 00000000024c5b74
0x000000001c4ee930:   000000001f7ad208 00000000a3b04438
0x000000001c4ee940:   00000000a3b04438 00000000193aa000
0x000000001c4ee950:   000000001c4eea18 00000000024c58a2
0x000000001c4ee960:   000000001c4ee960 000000001f7ad208
0x000000001c4ee970:   000000001c4ee9c0 000000001f7ae198
0x000000001c4ee980:   0000000000000000 000000001f7ad208
0x000000001c4ee990:   0000000000000000 000000001c4ee9c0
0x000000001c4ee9a0:   000000001c4eea08 00000000024b7a2d
0x000000001c4ee9b0:   0000000000000000 00000000024bf6b8
0x000000001c4ee9c0:   00000000a38cf0b8 000000001c4ee9c8 

Instructions: (pc=0x00007ff980284110)
0x00007ff9802840f0:   89 77 d0 48 8b 0f 48 85 c9 74 09 48 8b 01 ff 50
0x00007ff980284100:   10 4c 89 37 48 8b 8f 90 00 00 00 48 85 c9 74 0d
0x00007ff980284110:   48 8b 01 ff 50 10 4c 89 b7 90 00 00 00 48 8b 4f
0x00007ff980284120:   30 48 85 c9 74 0a 48 8b 01 ff 50 10 4c 89 77 30 


Register to memory mapping:

RAX=0x0000000000000001 is an unknown value
RBX=0x000000002e29d040 is an unknown value
RCX=0x0000000000000010 is an unknown value
RDX=0x0000000000000000 is an unknown value
RSP=0x000000001c4ee8d0 is pointing into the stack for thread: 0x00000000193aa000
RBP=0x0000000000000006 is an unknown value
RSI=0x0000000000000000 is an unknown value
RDI=0x000000001ef32368 is an unknown value
R8 =0x000000001c4ee598 is pointing into the stack for thread: 0x00000000193aa000
R9 =0x0000000000008000 is an unknown value
R10=0x0000000000000000 is an unknown value
R11=0x000000001c4ee7d0 is pointing into the stack for thread: 0x00000000193aa000
R12=0x0000000000000000 is an unknown value
R13={method} {0x000000001f7ad210} 'jniStopDevice' '()V' in 'KinectPV2/Device'
R14=0x0000000000000000 is an unknown value
R15=0x00000000193aa000 is a thread


Stack: [0x000000001c3f0000,0x000000001c4f0000],  sp=0x000000001c4ee8d0,  free space=1018k
Native frames: (J=compiled Java code, j=interpreted, Vv=VM code, C=native code)
C  [KinectPV2.dll+0x4110]
C  [KinectPV2.dll+0x1fba]
C  0x00000000024c5b74

Java frames: (J=compiled Java code, j=interpreted, Vv=VM code)
j  KinectPV2.Device.jniStopDevice()V+0
j  KinectPV2.Device.stopDevice()V+41
j  KinectPV2.KinectPV2.dispose()V+14
v  ~StubRoutines::call_stub
j  sun.reflect.NativeMethodAccessorImpl.invoke0(Ljava/lang/reflect/Method;Ljava/lang/Object;[Ljava/lang/Object;)Ljava/lang/Object;+0
j  sun.reflect.NativeMethodAccessorImpl.invoke(Ljava/lang/Object;[Ljava/lang/Object;)Ljava/lang/Object;+100
J 2238 C1 sun.reflect.DelegatingMethodAccessorImpl.invoke(Ljava/lang/Object;[Ljava/lang/Object;)Ljava/lang/Object; (10 bytes) @ 0x0000000002cdfa44 [0x0000000002cdf940+0x104]
J 2237 C1 java.lang.reflect.Method.invoke(Ljava/lang/Object;[Ljava/lang/Object;)Ljava/lang/Object; (62 bytes) @ 0x0000000002cdf464 [0x0000000002cdf080+0x3e4]
j  processing.core.PApplet$RegisteredMethods.handle([Ljava/lang/Object;)V+18
J 2001 C1 processing.core.PApplet.handleMethods(Ljava/lang/String;)V (21 bytes) @ 0x0000000002c0231c [0x0000000002c02060+0x2bc]
j  processing.core.PApplet.dispose()V+35
j  processing.core.PApplet.run()V+283
j  java.lang.Thread.run()V+11
v  ~StubRoutines::call_stub

---------------  P R O C E S S  ---------------

Java Threads: ( => current thread )
  0x00000000196eb000 JavaThread "Animation Thread-SharedResourceRunner" daemon [_thread_blocked, id=7292, stack(0x000000001e6c0000,0x000000001e7c0000)]
  0x00000000024ae800 JavaThread "DestroyJavaVM" [_thread_blocked, id=3352, stack(0x00000000008e0000,0x00000000009e0000)]
  0x000000001939c000 JavaThread "D3D Screen Updater" daemon [_thread_blocked, id=2624, stack(0x000000001c6f0000,0x000000001c7f0000)]
=>0x00000000193aa000 JavaThread "Animation Thread" [_thread_in_native, id=6564, stack(0x000000001c3f0000,0x000000001c4f0000)]
  0x0000000019316000 JavaThread "AWT-EventQueue-0" [_thread_blocked, id=7404, stack(0x000000001c1f0000,0x000000001c2f0000)]
  0x00000000192d7800 JavaThread "AWT-Windows" daemon [_thread_in_native, id=6368, stack(0x0000000019be0000,0x0000000019ce0000)]
  0x00000000192d5800 JavaThread "AWT-Shutdown" [_thread_blocked, id=5804, stack(0x0000000019ae0000,0x0000000019be0000)]
  0x00000000192d3000 JavaThread "Java2D Disposer" daemon [_thread_blocked, id=4100, stack(0x00000000199e0000,0x0000000019ae0000)]
  0x0000000018186000 JavaThread "Service Thread" daemon [_thread_blocked, id=7664, stack(0x0000000018ad0000,0x0000000018bd0000)]
  0x0000000018107800 JavaThread "C1 CompilerThread3" daemon [_thread_blocked, id=4356, stack(0x00000000189d0000,0x0000000018ad0000)]
  0x0000000018107000 JavaThread "C2 CompilerThread2" daemon [_thread_blocked, id=7284, stack(0x00000000188d0000,0x00000000189d0000)]
  0x00000000180fe800 JavaThread "C2 CompilerThread1" daemon [_thread_blocked, id=2600, stack(0x00000000187d0000,0x00000000188d0000)]
  0x00000000180f9800 JavaThread "C2 CompilerThread0" daemon [_thread_blocked, id=3116, stack(0x00000000186d0000,0x00000000187d0000)]
  0x00000000180f7000 JavaThread "Attach Listener" daemon [_thread_blocked, id=4136, stack(0x00000000185d0000,0x00000000186d0000)]
  0x00000000180f6000 JavaThread "Signal Dispatcher" daemon [_thread_blocked, id=7908, stack(0x00000000184d0000,0x00000000185d0000)]
  0x0000000002218800 JavaThread "Finalizer" daemon [_thread_blocked, id=8644, stack(0x0000000017fd0000,0x00000000180d0000)]
  0x00000000160fc800 JavaThread "Reference Handler" daemon [_thread_blocked, id=6488, stack(0x0000000017ed0000,0x0000000017fd0000)]

Other Threads:
  0x00000000160f8800 VMThread [stack: 0x0000000017dd0000,0x0000000017ed0000] [id=8304]
  0x0000000018188000 WatcherThread [stack: 0x0000000018bd0000,0x0000000018cd0000] [id=6380]

VM state:not at safepoint (normal execution)

VM Mutex/Monitor currently owned by a thread: None

Heap:
 PSYoungGen      total 489472K, used 350820K [0x00000000e0400000, 0x00000000fea80000, 0x0000000100000000)
  eden space 483328K, 72% used [0x00000000e0400000,0x00000000f5a79278,0x00000000fdc00000)
  from space 6144K, 2% used [0x00000000fdc00000,0x00000000fdc20000,0x00000000fe200000)
  to   space 6144K, 0% used [0x00000000fe480000,0x00000000fe480000,0x00000000fea80000)
 ParOldGen       total 208896K, used 156523K [0x00000000a0c00000, 0x00000000ad800000, 0x00000000e0400000)
  object space 208896K, 74% used [0x00000000a0c00000,0x00000000aa4dafc0,0x00000000ad800000)
 Metaspace       used 18737K, capacity 18963K, committed 19072K, reserved 1067008K
  class space    used 1774K, capacity 1826K, committed 1920K, reserved 1048576K

Card table byte_map: [0x0000000011870000,0x0000000011b70000] byte_map_base: 0x000000001136a000

Marking Bits: (ParMarkBitMap*) 0x00000000772bd490
 Begin Bits: [0x0000000012470000, 0x0000000013c40000)
 End Bits:   [0x0000000013c40000, 0x0000000015410000)

Polling page: 0x0000000000770000

CodeCache: size=245760Kb used=9586Kb max_used=10652Kb free=236173Kb
 bounds [0x00000000024b0000, 0x0000000002f30000, 0x00000000114b0000]
 total_blobs=3502 nmethods=2618 adapters=797
 compilation: enabled

Compilation events (10 events):
Event: 36.771 Thread 0x0000000018107800 2918       3       java.util.LinkedList$ListItr::<init> (47 bytes)
Event: 36.771 Thread 0x0000000018107800 nmethod 2918 0x00000000025bbb90 code [0x00000000025bbd00, 0x00000000025bbfa8]
Event: 36.911 Thread 0x0000000018107000 2919       4       processing.opengl.PJOGL::clear (11 bytes)
Event: 36.914 Thread 0x0000000018107000 nmethod 2919 0x0000000002856e90 code [0x0000000002857020, 0x0000000002857288]
Event: 37.303 Thread 0x00000000180f9800 2920   !   4       sun.awt.PostEventQueue::flush (168 bytes)
Event: 37.409 Thread 0x00000000180f9800 nmethod 2920 0x0000000002833350 code [0x00000000028337e0, 0x0000000002838150]
Event: 37.586 Thread 0x0000000018107800 2921       3       sun.reflect.ClassFileAssembler::emitShort (24 bytes)
Event: 37.587 Thread 0x0000000018107800 nmethod 2921 0x00000000025d29d0 code [0x00000000025d2b60, 0x00000000025d2e78]
Event: 37.587 Thread 0x0000000018107800 2922       3       sun.reflect.ByteVectorImpl::getLength (7 bytes)
Event: 37.587 Thread 0x0000000018107800 nmethod 2922 0x00000000027822d0 code [0x0000000002782420, 0x0000000002782570]

GC Heap History (10 events):
Event: 34.114 GC heap before
{Heap before GC invocations=60 (full 3):
 PSYoungGen      total 485376K, used 474467K [0x00000000e0400000, 0x00000000fe700000, 0x0000000100000000)
  eden space 478208K, 99% used [0x00000000e0400000,0x00000000fd318da8,0x00000000fd700000)
  from space 7168K, 3% used [0x00000000fe000000,0x00000000fe040000,0x00000000fe700000)
  to   space 8192K, 0% used [0x00000000fd700000,0x00000000fd700000,0x00000000fdf00000)
 ParOldGen       total 208896K, used 156379K [0x00000000a0c00000, 0x00000000ad800000, 0x00000000e0400000)
  object space 208896K, 74% used [0x00000000a0c00000,0x00000000aa4b6fc0,0x00000000ad800000)
 Metaspace       used 18729K, capacity 18957K, committed 19072K, reserved 1067008K
  class space    used 1773K, capacity 1825K, committed 1920K, reserved 1048576K
Event: 34.116 GC heap after
Heap after GC invocations=60 (full 3):
 PSYoungGen      total 486400K, used 224K [0x00000000e0400000, 0x00000000fe880000, 0x0000000100000000)
  eden space 478208K, 0% used [0x00000000e0400000,0x00000000e0400000,0x00000000fd700000)
  from space 8192K, 2% used [0x00000000fd700000,0x00000000fd738000,0x00000000fdf00000)
  to   space 7680K, 0% used [0x00000000fe100000,0x00000000fe100000,0x00000000fe880000)
 ParOldGen       total 208896K, used 156411K [0x00000000a0c00000, 0x00000000ad800000, 0x00000000e0400000)
  object space 208896K, 74% used [0x00000000a0c00000,0x00000000aa4befc0,0x00000000ad800000)
 Metaspace       used 18729K, capacity 18957K, committed 19072K, reserved 1067008K
  class space    used 1773K, capacity 1825K, committed 1920K, reserved 1048576K
}
Event: 34.848 GC heap before
{Heap before GC invocations=61 (full 3):
 PSYoungGen      total 486400K, used 474326K [0x00000000e0400000, 0x00000000fe880000, 0x0000000100000000)
  eden space 478208K, 99% used [0x00000000e0400000,0x00000000fd2fd8f8,0x00000000fd700000)
  from space 8192K, 2% used [0x00000000fd700000,0x00000000fd738000,0x00000000fdf00000)
  to   space 7680K, 0% used [0x00000000fe100000,0x00000000fe100000,0x00000000fe880000)
 ParOldGen       total 208896K, used 156411K [0x00000000a0c00000, 0x00000000ad800000, 0x00000000e0400000)
  object space 208896K, 74% used [0x00000000a0c00000,0x00000000aa4befc0,0x00000000ad800000)
 Metaspace       used 18729K, capacity 18957K, committed 19072K, reserved 1067008K
  class space    used 1773K, capacity 1825K, committed 1920K, reserved 1048576K
Event: 34.849 GC heap after
Heap after GC invocations=61 (full 3):
 PSYoungGen      total 487424K, used 224K [0x00000000e0400000, 0x00000000fe780000, 0x0000000100000000)
  eden space 480768K, 0% used [0x00000000e0400000,0x00000000e0400000,0x00000000fd980000)
  from space 6656K, 3% used [0x00000000fe100000,0x00000000fe138000,0x00000000fe780000)
  to   space 7168K, 0% used [0x00000000fd980000,0x00000000fd980000,0x00000000fe080000)
 ParOldGen       total 208896K, used 156443K [0x00000000a0c00000, 0x00000000ad800000, 0x00000000e0400000)
  object space 208896K, 74% used [0x00000000a0c00000,0x00000000aa4c6fc0,0x00000000ad800000)
 Metaspace       used 18729K, capacity 18957K, committed 19072K, reserved 1067008K
  class space    used 1773K, capacity 1825K, committed 1920K, reserved 1048576K
}
Event: 35.581 GC heap before
{Heap before GC invocations=62 (full 3):
 PSYoungGen      total 487424K, used 475413K [0x00000000e0400000, 0x00000000fe780000, 0x0000000100000000)
  eden space 480768K, 98% used [0x00000000e0400000,0x00000000fd40d710,0x00000000fd980000)
  from space 6656K, 3% used [0x00000000fe100000,0x00000000fe138000,0x00000000fe780000)
  to   space 7168K, 0% used [0x00000000fd980000,0x00000000fd980000,0x00000000fe080000)
 ParOldGen       total 208896K, used 156443K [0x00000000a0c00000, 0x00000000ad800000, 0x00000000e0400000)
  object space 208896K, 74% used [0x00000000a0c00000,0x00000000aa4c6fc0,0x00000000ad800000)
 Metaspace       used 18730K, capacity 18957K, committed 19072K, reserved 1067008K
  class space    used 1773K, capacity 1825K, committed 1920K, reserved 1048576K
Event: 35.582 GC heap after
Heap after GC invocations=62 (full 3):
 PSYoungGen      total 487936K, used 192K [0x00000000e0400000, 0x00000000fe900000, 0x0000000100000000)
  eden space 480768K, 0% used [0x00000000e0400000,0x00000000e0400000,0x00000000fd980000)
  from space 7168K, 2% used [0x00000000fd980000,0x00000000fd9b0000,0x00000000fe080000)
  to   space 6656K, 0% used [0x00000000fe280000,0x00000000fe280000,0x00000000fe900000)
 ParOldGen       total 208896K, used 156475K [0x00000000a0c00000, 0x00000000ad800000, 0x00000000e0400000)
  object space 208896K, 74% used [0x00000000a0c00000,0x00000000aa4cefc0,0x00000000ad800000)
 Metaspace       used 18730K, capacity 18957K, committed 19072K, reserved 1067008K
  class space    used 1773K, capacity 1825K, committed 1920K, reserved 1048576K
}
Event: 36.312 GC heap before
{Heap before GC invocations=63 (full 3):
 PSYoungGen      total 487936K, used 474922K [0x00000000e0400000, 0x00000000fe900000, 0x0000000100000000)
  eden space 480768K, 98% used [0x00000000e0400000,0x00000000fd39a9f0,0x00000000fd980000)
  from space 7168K, 2% used [0x00000000fd980000,0x00000000fd9b0000,0x00000000fe080000)
  to   space 6656K, 0% used [0x00000000fe280000,0x00000000fe280000,0x00000000fe900000)
 ParOldGen       total 208896K, used 156475K [0x00000000a0c00000, 0x00000000ad800000, 0x00000000e0400000)
  object space 208896K, 74% used [0x00000000a0c00000,0x00000000aa4cefc0,0x00000000ad800000)
 Metaspace       used 18730K, capacity 18957K, committed 19072K, reserved 1067008K
  class space    used 1773K, capacity 1825K, committed 1920K, reserved 1048576K
Event: 36.314 GC heap after
Heap after GC invocations=63 (full 3):
 PSYoungGen      total 488960K, used 192K [0x00000000e0400000, 0x00000000fe800000, 0x0000000100000000)
  eden space 483328K, 0% used [0x00000000e0400000,0x00000000e0400000,0x00000000fdc00000)
  from space 5632K, 3% used [0x00000000fe280000,0x00000000fe2b0000,0x00000000fe800000)
  to   space 6144K, 0% used [0x00000000fdc00000,0x00000000fdc00000,0x00000000fe200000)
 ParOldGen       total 208896K, used 156507K [0x00000000a0c00000, 0x00000000ad800000, 0x00000000e0400000)
  object space 208896K, 74% used [0x00000000a0c00000,0x00000000aa4d6fc0,0x00000000ad800000)
 Metaspace       used 18730K, capacity 18957K, committed 19072K, reserved 1067008K
  class space    used 1773K, capacity 1825K, committed 1920K, reserved 1048576K
}
Event: 37.070 GC heap before
{Heap before GC invocations=64 (full 3):
 PSYoungGen      total 488960K, used 483520K [0x00000000e0400000, 0x00000000fe800000, 0x0000000100000000)
  eden space 483328K, 100% used [0x00000000e0400000,0x00000000fdc00000,0x00000000fdc00000)
  from space 5632K, 3% used [0x00000000fe280000,0x00000000fe2b0000,0x00000000fe800000)
  to   space 6144K, 0% used [0x00000000fdc00000,0x00000000fdc00000,0x00000000fe200000)
 ParOldGen       total 208896K, used 156507K [0x00000000a0c00000, 0x00000000ad800000, 0x00000000e0400000)
  object space 208896K, 74% used [0x00000000a0c00000,0x00000000aa4d6fc0,0x00000000ad800000)
 Metaspace       used 18730K, capacity 18957K, committed 19072K, reserved 1067008K
  class space    used 1773K, capacity 1825K, committed 1920K, reserved 1048576K
Event: 37.072 GC heap after
Heap after GC invocations=64 (full 3):
 PSYoungGen      total 489472K, used 128K [0x00000000e0400000, 0x00000000fea80000, 0x0000000100000000)
  eden space 483328K, 0% used [0x00000000e0400000,0x00000000e0400000,0x00000000fdc00000)
  from space 6144K, 2% used [0x00000000fdc00000,0x00000000fdc20000,0x00000000fe200000)
  to   space 6144K, 0% used [0x00000000fe480000,0x00000000fe480000,0x00000000fea80000)
 ParOldGen       total 208896K, used 156523K [0x00000000a0c00000, 0x00000000ad800000, 0x00000000e0400000)
  object space 208896K, 74% used [0x00000000a0c00000,0x00000000aa4dafc0,0x00000000ad800000)
 Metaspace       used 18730K, capacity 18957K, committed 19072K, reserved 1067008K
  class space    used 1773K, capacity 1825K, committed 1920K, reserved 1048576K
}

Deoptimization events (10 events):
Event: 9.838 Thread 0x0000000019316000 Uncommon trap: reason=speculate_class_check action=maybe_recompile pc=0x0000000002d79de4 method=com.jogamp.common.nio.Buffers.getDirectBufferByteOffset(Ljava/lang/Object;)I @ 42
Event: 9.838 Thread 0x0000000019316000 Uncommon trap: reason=speculate_class_check action=maybe_recompile pc=0x0000000002d79de4 method=com.jogamp.common.nio.Buffers.getDirectBufferByteOffset(Ljava/lang/Object;)I @ 42
Event: 9.921 Thread 0x0000000019316000 Uncommon trap: reason=speculate_class_check action=maybe_recompile pc=0x0000000002d7e5bc method=com.jogamp.common.nio.Buffers.getDirectBufferByteOffset(Ljava/lang/Object;)I @ 53
Event: 9.921 Thread 0x0000000019316000 Uncommon trap: reason=speculate_class_check action=maybe_recompile pc=0x0000000002d7e5bc method=com.jogamp.common.nio.Buffers.getDirectBufferByteOffset(Ljava/lang/Object;)I @ 53
Event: 10.340 Thread 0x0000000019316000 Uncommon trap: reason=speculate_class_check action=maybe_recompile pc=0x0000000002dad88c method=com.jogamp.common.nio.Buffers.getDirectBufferByteOffset(Ljava/lang/Object;)I @ 22
Event: 10.341 Thread 0x0000000019316000 Uncommon trap: reason=speculate_class_check action=maybe_recompile pc=0x0000000002dad88c method=com.jogamp.common.nio.Buffers.getDirectBufferByteOffset(Ljava/lang/Object;)I @ 22
Event: 10.431 Thread 0x0000000019316000 Uncommon trap: reason=speculate_class_check action=maybe_recompile pc=0x0000000002db03f8 method=com.jogamp.common.nio.Buffers.getDirectBufferByteOffset(Ljava/lang/Object;)I @ 31
Event: 10.431 Thread 0x0000000019316000 Uncommon trap: reason=speculate_class_check action=maybe_recompile pc=0x0000000002db03f8 method=com.jogamp.common.nio.Buffers.getDirectBufferByteOffset(Ljava/lang/Object;)I @ 31
Event: 10.532 Thread 0x0000000019316000 Uncommon trap: reason=speculate_class_check action=maybe_recompile pc=0x0000000002dbaf88 method=com.jogamp.common.nio.Buffers.getDirectBufferByteOffset(Ljava/lang/Object;)I @ 42
Event: 10.533 Thread 0x0000000019316000 Uncommon trap: reason=speculate_class_check action=maybe_recompile pc=0x0000000002dbaf88 method=com.jogamp.common.nio.Buffers.getDirectBufferByteOffset(Ljava/lang/Object;)I @ 42

Internal exceptions (10 events):
Event: 3.012 Thread 0x0000000019316000 Exception <a 'java/security/PrivilegedActionException'> (0x00000000e317ce50) thrown at [D:\re\workspace\8-2-build-windows-amd64-cygwin\jdk8u25\1677\hotspot\src\share\vm\prims\jvm.cpp, line 1312]
Event: 3.012 Thread 0x0000000019316000 Exception <a 'java/security/PrivilegedActionException'> (0x00000000e31809a8) thrown at [D:\re\workspace\8-2-build-windows-amd64-cygwin\jdk8u25\1677\hotspot\src\share\vm\prims\jvm.cpp, line 1312]
Event: 3.012 Thread 0x0000000019316000 Exception <a 'java/security/PrivilegedActionException'> (0x00000000e31851a8) thrown at [D:\re\workspace\8-2-build-windows-amd64-cygwin\jdk8u25\1677\hotspot\src\share\vm\prims\jvm.cpp, line 1312]
Event: 3.012 Thread 0x0000000019316000 Exception <a 'java/security/PrivilegedActionException'> (0x00000000e31888e0) thrown at [D:\re\workspace\8-2-build-windows-amd64-cygwin\jdk8u25\1677\hotspot\src\share\vm\prims\jvm.cpp, line 1312]
Event: 3.013 Thread 0x0000000019316000 Exception <a 'java/security/PrivilegedActionException'> (0x00000000e318c828) thrown at [D:\re\workspace\8-2-build-windows-amd64-cygwin\jdk8u25\1677\hotspot\src\share\vm\prims\jvm.cpp, line 1312]
Event: 3.013 Thread 0x0000000019316000 Exception <a 'java/security/PrivilegedActionException'> (0x00000000e3192738) thrown at [D:\re\workspace\8-2-build-windows-amd64-cygwin\jdk8u25\1677\hotspot\src\share\vm\prims\jvm.cpp, line 1312]
Event: 3.026 Thread 0x0000000019316000 Exception <a 'java/security/PrivilegedActionException'> (0x00000000e3368b18) thrown at [D:\re\workspace\8-2-build-windows-amd64-cygwin\jdk8u25\1677\hotspot\src\share\vm\prims\jvm.cpp, line 1312]
Event: 5.296 Thread 0x0000000019316000 Exception <a 'java/security/PrivilegedActionException'> (0x00000000eb7f5568) thrown at [D:\re\workspace\8-2-build-windows-amd64-cygwin\jdk8u25\1677\hotspot\src\share\vm\prims\jvm.cpp, line 1312]
Event: 5.303 Thread 0x0000000019316000 Exception <a 'java/security/PrivilegedActionException'> (0x00000000eb8020c0) thrown at [D:\re\workspace\8-2-build-windows-amd64-cygwin\jdk8u25\1677\hotspot\src\share\vm\prims\jvm.cpp, line 1312]
Event: 5.334 Thread 0x0000000019316000 Exception <a 'java/security/PrivilegedActionException'> (0x00000000eb80b180) thrown at [D:\re\workspace\8-2-build-windows-amd64-cygwin\jdk8u25\1677\hotspot\src\share\vm\prims\jvm.cpp, line 1312]

Events (10 events):
Event: 34.849 Executing VM operation: ParallelGCFailedAllocation done
Event: 35.581 Executing VM operation: ParallelGCFailedAllocation
Event: 35.582 Executing VM operation: ParallelGCFailedAllocation done
Event: 36.312 Executing VM operation: ParallelGCFailedAllocation
Event: 36.314 Executing VM operation: ParallelGCFailedAllocation done
Event: 37.070 Executing VM operation: ParallelGCFailedAllocation
Event: 37.072 Executing VM operation: ParallelGCFailedAllocation done
Event: 37.587 loading class sun/reflect/BootstrapConstructorAccessorImpl
Event: 37.587 loading class sun/reflect/BootstrapConstructorAccessorImpl done
Event: 37.638 Thread 0x000000001d740000 Thread exited: 0x000000001d740000


Dynamic libraries:
0x00007ff669010000 - 0x00007ff669044000 	C:\Program Files\Java\jre1.8.0_25\bin\javaw.exe
0x00007ff98c320000 - 0x00007ff98c4cc000 	C:\WINDOWS\SYSTEM32\ntdll.dll
0x00007ff989d20000 - 0x00007ff989e5e000 	C:\WINDOWS\system32\KERNEL32.DLL
0x00007ff9897d0000 - 0x00007ff9898e5000 	C:\WINDOWS\system32\KERNELBASE.dll
0x00007ff987ff0000 - 0x00007ff98807e000 	C:\WINDOWS\system32\apphelp.dll
0x00007ff973750000 - 0x00007ff9737a3000 	C:\WINDOWS\AppPatch\AppPatch64\AcGenral.DLL
0x00007ff98a220000 - 0x00007ff98a2ca000 	C:\WINDOWS\system32\msvcrt.dll
0x00007ff9892a0000 - 0x00007ff9892ce000 	C:\WINDOWS\SYSTEM32\SspiCli.dll
0x00007ff98b980000 - 0x00007ff98b9d4000 	C:\WINDOWS\system32\SHLWAPI.dll
0x00007ff989f00000 - 0x00007ff98a077000 	C:\WINDOWS\system32\USER32.dll
0x00007ff98bb50000 - 0x00007ff98bce4000 	C:\WINDOWS\system32\ole32.dll
0x00007ff98a390000 - 0x00007ff98b8a8000 	C:\WINDOWS\system32\SHELL32.dll
0x00007ff988a10000 - 0x00007ff988a31000 	C:\WINDOWS\SYSTEM32\USERENV.dll
0x00007ff989c10000 - 0x00007ff989cba000 	C:\WINDOWS\system32\ADVAPI32.dll
0x00007ff97c880000 - 0x00007ff97c89e000 	C:\WINDOWS\SYSTEM32\MPR.dll
0x00007ff98b9e0000 - 0x00007ff98bb21000 	C:\WINDOWS\system32\RPCRT4.dll
0x00007ff9899a0000 - 0x00007ff9899f9000 	C:\WINDOWS\SYSTEM32\sechost.dll
0x00007ff98bed0000 - 0x00007ff98c0e1000 	C:\WINDOWS\SYSTEM32\combase.dll
0x00007ff98a0c0000 - 0x00007ff98a211000 	C:\WINDOWS\system32\GDI32.dll
0x00007ff989470000 - 0x00007ff989485000 	C:\WINDOWS\SYSTEM32\profapi.dll
0x00007ff987810000 - 0x00007ff9878c2000 	C:\WINDOWS\SYSTEM32\SHCORE.dll
0x00007ff98a080000 - 0x00007ff98a0b6000 	C:\WINDOWS\system32\IMM32.DLL
0x00007ff98c1c0000 - 0x00007ff98c312000 	C:\WINDOWS\system32\MSCTF.dll
0x00007ff986b90000 - 0x00007ff986e0b000 	C:\WINDOWS\WinSxS\amd64_microsoft.windows.common-controls_6595b64144ccf1df_6.0.9600.17415_none_6240486fecbd8abb\COMCTL32.dll
0x0000000075f50000 - 0x0000000076022000 	C:\Program Files\Java\jre1.8.0_25\bin\msvcr100.dll
0x0000000076ae0000 - 0x000000007733a000 	C:\Program Files\Java\jre1.8.0_25\bin\server\jvm.dll
0x00007ff9707d0000 - 0x00007ff9707d9000 	C:\WINDOWS\SYSTEM32\WSOCK32.dll
0x00007ff97ca00000 - 0x00007ff97ca22000 	C:\WINDOWS\SYSTEM32\WINMM.dll
0x00007ff989e80000 - 0x00007ff989e87000 	C:\WINDOWS\system32\PSAPI.DLL
0x00007ff989a00000 - 0x00007ff989a5a000 	C:\WINDOWS\system32\WS2_32.dll
0x00007ff97c8d0000 - 0x00007ff97c8fa000 	C:\WINDOWS\SYSTEM32\WINMMBASE.dll
0x00007ff98bb30000 - 0x00007ff98bb39000 	C:\WINDOWS\system32\NSI.dll
0x00007ff989950000 - 0x00007ff98999f000 	C:\WINDOWS\SYSTEM32\cfgmgr32.dll
0x00007ff988260000 - 0x00007ff988288000 	C:\WINDOWS\SYSTEM32\DEVOBJ.dll
0x0000000076ad0000 - 0x0000000076adf000 	C:\Program Files\Java\jre1.8.0_25\bin\verify.dll
0x0000000076aa0000 - 0x0000000076ac8000 	C:\Program Files\Java\jre1.8.0_25\bin\java.dll
0x0000000076a80000 - 0x0000000076a96000 	C:\Program Files\Java\jre1.8.0_25\bin\zip.dll
0x0000000075db0000 - 0x0000000075f48000 	C:\Program Files\Java\jre1.8.0_25\bin\awt.dll
0x00007ff98c0f0000 - 0x00007ff98c1b1000 	C:\WINDOWS\system32\OLEAUT32.dll
0x00007ff987610000 - 0x00007ff987631000 	C:\WINDOWS\system32\DWMAPI.DLL
0x00007ff988130000 - 0x00007ff988259000 	C:\WINDOWS\system32\uxtheme.dll
0x00007ff9882b0000 - 0x00007ff9882bb000 	C:\WINDOWS\SYSTEM32\kernel.appcore.dll
0x00007ff989340000 - 0x00007ff98934b000 	C:\WINDOWS\SYSTEM32\CRYPTBASE.dll
0x00007ff9892d0000 - 0x00007ff989333000 	C:\WINDOWS\SYSTEM32\bcryptPrimitives.dll
0x00007ff97e8c0000 - 0x00007ff97eae1000 	C:\WINDOWS\system32\d3d9.dll
0x00007ff987180000 - 0x00007ff98718a000 	C:\WINDOWS\SYSTEM32\VERSION.dll
0x00007ff986970000 - 0x00007ff986abb000 	C:\WINDOWS\SYSTEM32\aticfx64.dll
0x00007ff965270000 - 0x00007ff965291000 	C:\WINDOWS\SYSTEM32\atiu9p64.dll
0x00007ff964a80000 - 0x00007ff965265000 	C:\WINDOWS\SYSTEM32\atiumd64.dll
0x0000000076110000 - 0x00000000768c7000 	C:\WINDOWS\SYSTEM32\atiumd6a.dll
0x00000000769f0000 - 0x0000000076a37000 	C:\Program Files\Java\jre1.8.0_25\bin\fontmanager.dll
0x00007ff988ce0000 - 0x00007ff988d00000 	C:\WINDOWS\SYSTEM32\CRYPTSP.dll
0x00007ff988900000 - 0x00007ff988936000 	C:\WINDOWS\system32\rsaenh.dll
0x00007ff988f90000 - 0x00007ff988fb6000 	C:\WINDOWS\SYSTEM32\bcrypt.dll
0x0000000076a60000 - 0x0000000076a7a000 	C:\Program Files\Java\jre1.8.0_25\bin\net.dll
0x00007ff988c80000 - 0x00007ff988cd9000 	C:\WINDOWS\system32\mswsock.dll
0x00007ff9860b0000 - 0x00007ff9860da000 	C:\WINDOWS\SYSTEM32\IPHLPAPI.DLL
0x00007ff986050000 - 0x00007ff98605a000 	C:\WINDOWS\SYSTEM32\WINNSI.DLL
0x00007ff9841e0000 - 0x00007ff9841f6000 	C:\WINDOWS\SYSTEM32\dhcpcsvc6.DLL
0x00007ff984380000 - 0x00007ff98439a000 	C:\WINDOWS\SYSTEM32\dhcpcsvc.DLL
0x0000000076a40000 - 0x0000000076a51000 	C:\Program Files\Java\jre1.8.0_25\bin\nio.dll
0x00000000637c0000 - 0x00000000637cd000 	S:\Users\Ben\AppData\Local\Temp\jogamp_0000\file_cache\jln764628491990884515\jln7068930952079382460\gluegen-rt.dll
0x00000000769e0000 - 0x00000000769e7000 	C:\Program Files\Java\jre1.8.0_25\bin\jawt.dll
0x000000006a440000 - 0x000000006a44d000 	S:\Users\Ben\AppData\Local\Temp\jogamp_0000\file_cache\jln764628491990884515\jln7068930952079382460\nativewindow_awt.dll
0x000000006c100000 - 0x000000006c10f000 	S:\Users\Ben\AppData\Local\Temp\jogamp_0000\file_cache\jln764628491990884515\jln7068930952079382460\nativewindow_win32.dll
0x00007ff960620000 - 0x00007ff96074b000 	C:\WINDOWS\SYSTEM32\OpenGL32.dll
0x00007ff97d7c0000 - 0x00007ff97d7ee000 	C:\WINDOWS\SYSTEM32\GLU32.dll
0x00007ff966bf0000 - 0x00007ff966ce8000 	C:\WINDOWS\SYSTEM32\DDRAW.dll
0x00007ff980290000 - 0x00007ff980299000 	C:\WINDOWS\SYSTEM32\DCIMAN32.dll
0x0000000064500000 - 0x00000000645a2000 	S:\Users\Ben\AppData\Local\Temp\jogamp_0000\file_cache\jln764628491990884515\jln7068930952079382460\jogl_desktop.dll
0x00007ff97d720000 - 0x00007ff97d738000 	C:\WINDOWS\SYSTEM32\atig6pxx.dll
0x0000000074200000 - 0x0000000075daf000 	C:\WINDOWS\SYSTEM32\atio6axx.dll
0x00007ff98bcf0000 - 0x00007ff98beca000 	C:\WINDOWS\system32\SETUPAPI.dll
0x00007ff986120000 - 0x00007ff986257000 	C:\WINDOWS\SYSTEM32\atiadlxx.dll
0x00007ff986710000 - 0x00007ff98688f000 	C:\WINDOWS\SYSTEM32\PROPSYS.dll
0x00007ff988080000 - 0x00007ff988092000 	C:\WINDOWS\SYSTEM32\WTSAPI32.dll
0x00007ff9898f0000 - 0x00007ff989941000 	C:\WINDOWS\system32\WINTRUST.dll
0x00007ff989540000 - 0x00007ff98971f000 	C:\WINDOWS\system32\CRYPT32.dll
0x00007ff989520000 - 0x00007ff989531000 	C:\WINDOWS\system32\MSASN1.dll
0x00007ff973720000 - 0x00007ff973749000 	C:\WINDOWS\SYSTEM32\atig6txx.dll
0x00007ff95c1a0000 - 0x00007ff95c33c000 	O:\OneDrive\Workspace\ZZavatar\lib\user\KinectPV2\Kinect20.Face.dll
0x00007ff97c900000 - 0x00007ff97c9a7000 	C:\WINDOWS\SYSTEM32\MSVCP110.dll
0x00007ff981bc0000 - 0x00007ff981c8e000 	C:\WINDOWS\SYSTEM32\MSVCR110.dll
0x00007ff980280000 - 0x00007ff980290000 	O:\OneDrive\Workspace\ZZavatar\lib\user\KinectPV2\KinectPV2.dll
0x00007ff960560000 - 0x00007ff96061a000 	C:\WINDOWS\SYSTEM32\Kinect20.dll
0x00007ff97ca30000 - 0x00007ff97cb1b000 	C:\WINDOWS\SYSTEM32\MFPlat.DLL
0x00007ff97c8a0000 - 0x00007ff97c8c7000 	C:\WINDOWS\SYSTEM32\RTWorkQ.DLL
0x00007ff987050000 - 0x00007ff98705c000 	C:\WINDOWS\SYSTEM32\AVRT.dll
0x00000000741b0000 - 0x00000000741f1000 	C:\Program Files\Java\jre1.8.0_25\bin\t2k.dll
0x00007ff963e10000 - 0x00007ff963f9a000 	C:\WINDOWS\SYSTEM32\dbghelp.dll

VM Arguments:
jvm_args: -Djava.library.path=O:\OneDrive\Workspace\ZZavatar\lib\base\video;O:\OneDrive\Workspace\ZZavatar\lib\base\video;O:\OneDrive\Workspace\ZZavatar\lib\base\video;O:\OneDrive\Workspace\ZZavatar\lib\base\core;O:\OneDrive\Workspace\ZZavatar\lib\base\core;O:\OneDrive\Workspace\ZZavatar\lib\base\core;O:\OneDrive\Workspace\ZZavatar\lib\base\core;O:\OneDrive\Workspace\ZZavatar\lib\base\core;O:\OneDrive\Workspace\ZZavatar\lib\base\core;O:\OneDrive\Workspace\ZZavatar\lib\base\core;O:\OneDrive\Workspace\ZZavatar\lib\base\core;O:\OneDrive\Workspace\ZZavatar\lib\base\core;O:\OneDrive\Workspace\ZZavatar\lib\base\core;O:\OneDrive\Workspace\ZZavatar\lib\base\core;O:\OneDrive\Workspace\ZZavatar\lib\base\core;O:\OneDrive\Workspace\ZZavatar\lib\base\core;O:\OneDrive\Workspace\ZZavatar\lib\base\core;O:\OneDrive\Workspace\ZZavatar\lib\base\core;O:\OneDrive\Workspace\ZZavatar\lib\user\Kinect4WinSDK;O:\OneDrive\Workspace\ZZavatar\lib\user\KinectPV2;O:\OneDrive\Workspace\ZZavatar\lib\user\SimpleOpenNI -Dfile.encoding=Cp1252 
java_command: zzavatar.ZZavatar
java_class_path (initial): O:\OneDrive\Workspace\ZZavatar\lib\base\video\gstreamer-java.jar;O:\OneDrive\Workspace\ZZavatar\lib\base\video\jna.jar;O:\OneDrive\Workspace\ZZavatar\lib\base\video\video.jar;O:\OneDrive\Workspace\ZZavatar\lib\base\core\core.jar;O:\OneDrive\Workspace\ZZavatar\lib\base\core\gluegen-rt-natives-linux-amd64.jar;O:\OneDrive\Workspace\ZZavatar\lib\base\core\gluegen-rt-natives-linux-armv6hf.jar;O:\OneDrive\Workspace\ZZavatar\lib\base\core\gluegen-rt-natives-linux-i586.jar;O:\OneDrive\Workspace\ZZavatar\lib\base\core\gluegen-rt-natives-macosx-universal.jar;O:\OneDrive\Workspace\ZZavatar\lib\base\core\gluegen-rt-natives-windows-amd64.jar;O:\OneDrive\Workspace\ZZavatar\lib\base\core\gluegen-rt-natives-windows-i586.jar;O:\OneDrive\Workspace\ZZavatar\lib\base\core\gluegen-rt.jar;O:\OneDrive\Workspace\ZZavatar\lib\base\core\jogl-all-natives-linux-amd64.jar;O:\OneDrive\Workspace\ZZavatar\lib\base\core\jogl-all-natives-linux-armv6hf.jar;O:\OneDrive\Workspace\ZZavatar\lib\base\core\jogl-all-natives-linux-i586.jar;O:\OneDrive\Workspace\ZZavatar\lib\base\core\jogl-all-natives-macosx-universal.jar;O:\OneDrive\Workspace\ZZavatar\lib\base\core\jogl-all-natives-windows-amd64.jar;O:\OneDrive\Workspace\ZZavatar\lib\base\core\jogl-all-natives-windows-i586.jar;O:\OneDrive\Workspace\ZZavatar\lib\base\core\jogl-all.jar;O:\OneDrive\Workspace\ZZavatar\lib\user\Kinect4WinSDK\Kinect4WinSDK.jar;O:\OneDrive\Workspace\ZZavatar\lib\user\KinectPV2\KinectPV2.jar;O:\OneDrive\Workspace\ZZavatar\lib\user\SimpleOpenNI\SimpleOpenNI.jar;O:\OneDrive\Workspace\ZZavatar\bin
Launcher Type: SUN_STANDARD

Environment Variables:
JAVA_HOME=C:\Program Files\Java\jdk1.8.0_25
PATH=C:/Program Files/Java/jre1.8.0_25/bin/server;C:/Program Files/Java/jre1.8.0_25/bin;C:/Program Files/Java/jre1.8.0_25/lib/amd64;C:\Program Files (x86)\NVIDIA Corporation\PhysX\Common;C:\ProgramData\Oracle\Java\javapath;C:\Program Files (x86)\Common Files\Intel\Shared Libraries\redist\intel64\compiler;C:\Program Files (x86)\Common Files\Intel\Shared Libraries\redist\ia32\compiler;C:\Program Files (x86)\Intel\iCLS Client\;C:\Program Files\Intel\iCLS Client\;C:\Program Files (x86)\AMD APP\bin\x86_64;C:\Program Files (x86)\AMD APP\bin\x86;C:\WINDOWS\system32;C:\WINDOWS;C:\WINDOWS\System32\Wbem;C:\WINDOWS\System32\WindowsPowerShell\v1.0\;C:\Program Files (x86)\ATI Technologies\ATI.ACE\Core-Static;C:\Program Files\Intel\Intel(R) Management Engine Components\DAL;C:\Program Files\Intel\Intel(R) Management Engine Components\IPT;C:\Program Files (x86)\Intel\Intel(R) Management Engine Components\DAL;C:\Program Files (x86)\Intel\Intel(R) Management Engine Components\IPT;C:\Program Files\Sony\VAIO Improvement\;C:\Program Files (x86)\Sony\VAIO Startup Setting Tool;C:\Program Files (x86)\Windows Kits\8.1\Windows Performance Toolkit\;C:\Program Files\Microsoft SQL Server\110\Tools\Binn\;C:\Program Files (x86)\Microsoft SDKs\TypeScript\1.0\;C:\Program Files\Microsoft\Web Platform Installer\;C:\Program Files (x86)\Java\jre1.8.0_25\bin;P:\Programs\Python27\Scripts;P:\Programs\Python27;C:\Program Files\Common Files\Autodesk Shared\;P:\Program Files\Programs;P:\Program Files\Games;P:\Programs\Eclipse;
USERNAME=Benoît
OS=Windows_NT
PROCESSOR_IDENTIFIER=Intel64 Family 6 Model 58 Stepping 9, GenuineIntel



---------------  S Y S T E M  ---------------

OS: Windows 8.1 , 64 bit Build 9600 

CPU:total 8 (4 cores per cpu, 2 threads per core) family 6 model 58 stepping 9, cmov, cx8, fxsr, mmx, sse, sse2, sse3, ssse3, sse4.1, sse4.2, popcnt, avx, aes, clmul, erms, ht, tsc, tscinvbit, tscinv

Memory: 4k page, physical 6237468k(1316128k free), swap 10431772k(4103156k free)

vm_info: Java HotSpot(TM) 64-Bit Server VM (25.25-b02) for windows-amd64 JRE (1.8.0_25-b18), built on Oct  7 2014 14:25:37 by "java_re" with MS VC++ 10.0 (VS2010)

time: Fri Apr 24 15:27:59 2015
elapsed time: 37 seconds (0d 0h 0m 37s)

