#
# A fatal error has been detected by the Java Runtime Environment:
#
#  EXCEPTION_ACCESS_VIOLATION (0xc0000005) at pc=0x00000000750d8af4, pid=1232, tid=5636
#
# JRE version: Java(TM) SE Runtime Environment (8.0_25-b18) (build 1.8.0_25-b18)
# Java VM: Java HotSpot(TM) 64-Bit Server VM (25.25-b02 mixed mode windows-amd64 compressed oops)
# Problematic frame:
# C  [atio6axx.dll+0xed8af4]
#
# Failed to write core dump. Minidumps are not enabled by default on client versions of Windows
#
# If you would like to submit a bug report, please visit:
#   http://bugreport.sun.com/bugreport/crash.jsp
# The crash happened outside the Java Virtual Machine in native code.
# See problematic frame for where to report the bug.
#

---------------  T H R E A D  ---------------

Current thread (0x0000000019c2c800):  JavaThread "Animation Thread" [_thread_in_native, id=5636, stack(0x000000001cbe0000,0x000000001cce0000)]

siginfo: ExceptionCode=0xc0000005, reading address 0x0000000000000010

Registers:
RAX=0x0000000075979618, RBX=0x000000002e266040, RCX=0x000000001f726140, RDX=0x0000000000000000
RSP=0x000000001ccde800, RBP=0x0000000000000006, RSI=0x0000000000000000, RDI=0x000000001f89a778
R8 =0x000000001ccde598, R9 =0x0000000000008000, R10=0x0000000000000000, R11=0x000000001ccde8c8
R12=0x0000000000000000, R13=0x000000001fe9e1a8, R14=0x000000001ccde9c0, R15=0x0000000019c2c800
RIP=0x00000000750d8af4, EFLAGS=0x0000000000010206

Top of Stack: (sp=0x000000001ccde800)
0x000000001ccde800:   0000000000f60000 000000002e266040
0x000000001ccde810:   0000000000000000 0000000000000002
0x000000001ccde820:   0000000019c2c800 00000000202a1178
0x000000001ccde830:   0000000000000006 00007ff960573252
0x000000001ccde840:   0000000000000000 00007ff9605920b0
0x000000001ccde850:   0000000019c2c800 00000000202a1178
0x000000001ccde860:   0000000019c2c800 00007ff96056d83c
0x000000001ccde870:   0000000000000000 000000001f89a5d0
0x000000001ccde880:   0000000000000000 0000000000000006
0x000000001ccde890:   000000002e266040 00007ff981c26388
0x000000001ccde8a0:   0000000000000000 0000000000000000
0x000000001ccde8b0:   000000001fe9e1a8 000000001f89a778
0x000000001ccde8c0:   0000000000000006 00007ff980284116
0x000000001ccde8d0:   000000001f726140 00000000202a1148
0x000000001ccde8e0:   000000001ccde598 0000000000008000
0x000000001ccde8f0:   000000001ccde9c0 00007ff980281fba 

Instructions: (pc=0x00000000750d8af4)
0x00000000750d8ad4:   89 4b 20 4d 89 43 18 49 89 4b 08 55 57 41 55 41
0x00000000750d8ae4:   56 48 81 ec a8 00 00 00 4c 8b b4 24 f0 00 00 00
0x00000000750d8af4:   48 8b 7a 10 45 8b d1 4d 8b c8 4c 8b ea 4c 8b c1
0x00000000750d8b04:   4d 85 f6 0f 84 62 02 00 00 8b ac 24 f8 00 00 00 


Register to memory mapping:

RAX=0x0000000075979618 is an unknown value
RBX=0x000000002e266040 is an unknown value
RCX=0x000000001f726140 is an unknown value
RDX=0x0000000000000000 is an unknown value
RSP=0x000000001ccde800 is pointing into the stack for thread: 0x0000000019c2c800
RBP=0x0000000000000006 is an unknown value
RSI=0x0000000000000000 is an unknown value
RDI=0x000000001f89a778 is an unknown value
R8 =0x000000001ccde598 is pointing into the stack for thread: 0x0000000019c2c800
R9 =0x0000000000008000 is an unknown value
R10=0x0000000000000000 is an unknown value
R11=0x000000001ccde8c8 is pointing into the stack for thread: 0x0000000019c2c800
R12=0x0000000000000000 is an unknown value
R13={method} {0x000000001fe9e1b0} 'jniStopDevice' '()V' in 'KinectPV2/Device'
R14=0x000000001ccde9c0 is pointing into the stack for thread: 0x0000000019c2c800
R15=0x0000000019c2c800 is a thread


Stack: [0x000000001cbe0000,0x000000001cce0000],  sp=0x000000001ccde800,  free space=1018k
Native frames: (J=compiled Java code, j=interpreted, Vv=VM code, C=native code)
C  [atio6axx.dll+0xed8af4]
C  [KinectPV2.dll+0x4116]
C  [KinectPV2.dll+0x1fba]
C  0x0000000002bb5b74

Java frames: (J=compiled Java code, j=interpreted, Vv=VM code)
j  KinectPV2.Device.jniStopDevice()V+0
j  KinectPV2.Device.stopDevice()V+41
j  KinectPV2.KinectPV2.dispose()V+14
v  ~StubRoutines::call_stub
j  sun.reflect.NativeMethodAccessorImpl.invoke0(Ljava/lang/reflect/Method;Ljava/lang/Object;[Ljava/lang/Object;)Ljava/lang/Object;+0
j  sun.reflect.NativeMethodAccessorImpl.invoke(Ljava/lang/Object;[Ljava/lang/Object;)Ljava/lang/Object;+100
J 2141 C1 sun.reflect.DelegatingMethodAccessorImpl.invoke(Ljava/lang/Object;[Ljava/lang/Object;)Ljava/lang/Object; (10 bytes) @ 0x00000000033491c4 [0x00000000033490c0+0x104]
J 2140 C1 java.lang.reflect.Method.invoke(Ljava/lang/Object;[Ljava/lang/Object;)Ljava/lang/Object; (62 bytes) @ 0x0000000003348be4 [0x0000000003348800+0x3e4]
j  processing.core.PApplet$RegisteredMethods.handle([Ljava/lang/Object;)V+18
J 1925 C1 processing.core.PApplet.handleMethods(Ljava/lang/String;)V (21 bytes) @ 0x0000000003282b1c [0x0000000003282860+0x2bc]
j  processing.core.PApplet.dispose()V+35
j  processing.core.PApplet.run()V+283
j  java.lang.Thread.run()V+11
v  ~StubRoutines::call_stub

---------------  P R O C E S S  ---------------

Java Threads: ( => current thread )
  0x0000000019c8a000 JavaThread "Animation Thread-SharedResourceRunner" daemon [_thread_blocked, id=32, stack(0x000000001eeb0000,0x000000001efb0000)]
  0x0000000019c87800 JavaThread "DestroyJavaVM" [_thread_blocked, id=5572, stack(0x00000000028e0000,0x00000000029e0000)]
  0x0000000019c20000 JavaThread "D3D Screen Updater" daemon [_thread_blocked, id=8512, stack(0x000000001cee0000,0x000000001cfe0000)]
=>0x0000000019c2c800 JavaThread "Animation Thread" [_thread_in_native, id=5636, stack(0x000000001cbe0000,0x000000001cce0000)]
  0x0000000019b9a800 JavaThread "AWT-EventQueue-0" [_thread_blocked, id=9000, stack(0x000000001c9e0000,0x000000001cae0000)]
  0x0000000019b5e800 JavaThread "AWT-Windows" daemon [_thread_in_native, id=9104, stack(0x000000001a460000,0x000000001a560000)]
  0x0000000019b5d000 JavaThread "AWT-Shutdown" [_thread_blocked, id=1224, stack(0x000000001a360000,0x000000001a460000)]
  0x0000000018cde000 JavaThread "Java2D Disposer" daemon [_thread_blocked, id=7524, stack(0x000000001a260000,0x000000001a360000)]
  0x00000000189a5000 JavaThread "Service Thread" daemon [_thread_blocked, id=2944, stack(0x00000000192e0000,0x00000000193e0000)]
  0x0000000018922800 JavaThread "C1 CompilerThread3" daemon [_thread_blocked, id=8844, stack(0x00000000191e0000,0x00000000192e0000)]
  0x000000001891e800 JavaThread "C2 CompilerThread2" daemon [_thread_blocked, id=3112, stack(0x00000000190e0000,0x00000000191e0000)]
  0x000000001890f000 JavaThread "C2 CompilerThread1" daemon [_thread_blocked, id=7712, stack(0x0000000018fe0000,0x00000000190e0000)]
  0x000000001890d000 JavaThread "C2 CompilerThread0" daemon [_thread_blocked, id=7008, stack(0x0000000018ee0000,0x0000000018fe0000)]
  0x0000000018907000 JavaThread "Attach Listener" daemon [_thread_blocked, id=2228, stack(0x0000000018de0000,0x0000000018ee0000)]
  0x0000000018906000 JavaThread "Signal Dispatcher" daemon [_thread_blocked, id=8708, stack(0x0000000018ce0000,0x0000000018de0000)]
  0x0000000002b9a000 JavaThread "Finalizer" daemon [_thread_blocked, id=6304, stack(0x00000000187e0000,0x00000000188e0000)]
  0x0000000002b91000 JavaThread "Reference Handler" daemon [_thread_blocked, id=1648, stack(0x00000000186e0000,0x00000000187e0000)]

Other Threads:
  0x00000000168e9000 VMThread [stack: 0x00000000185e0000,0x00000000186e0000] [id=5768]
  0x00000000189a7000 WatcherThread [stack: 0x00000000193e0000,0x00000000194e0000] [id=6512]

VM state:not at safepoint (normal execution)

VM Mutex/Monitor currently owned by a thread: None

Heap:
 PSYoungGen      total 391680K, used 232220K [0x00000000e0400000, 0x00000000f9400000, 0x0000000100000000)
  eden space 375808K, 61% used [0x00000000e0400000,0x00000000ee6a7138,0x00000000f7300000)
  from space 15872K, 0% used [0x00000000f8480000,0x00000000f84a0000,0x00000000f9400000)
  to   space 16896K, 0% used [0x00000000f7300000,0x00000000f7300000,0x00000000f8380000)
 ParOldGen       total 225792K, used 155958K [0x00000000a0c00000, 0x00000000ae880000, 0x00000000e0400000)
  object space 225792K, 69% used [0x00000000a0c00000,0x00000000aa44dbf8,0x00000000ae880000)
 Metaspace       used 18538K, capacity 18729K, committed 19072K, reserved 1067008K
  class space    used 1761K, capacity 1793K, committed 1920K, reserved 1048576K

Card table byte_map: [0x0000000011f60000,0x0000000012260000] byte_map_base: 0x0000000011a5a000

Marking Bits: (ParMarkBitMap*) 0x00000000772bd490
 Begin Bits: [0x0000000012c60000, 0x0000000014430000)
 End Bits:   [0x0000000014430000, 0x0000000015c00000)

Polling page: 0x0000000001160000

CodeCache: size=245760Kb used=9198Kb max_used=10004Kb free=236561Kb
 bounds [0x0000000002ba0000, 0x0000000003580000, 0x0000000011ba0000]
 total_blobs=3426 nmethods=2543 adapters=797
 compilation: enabled

Compilation events (10 events):
Event: 23.551 Thread 0x000000001890d000 2739       4       processing.opengl.PGraphicsOpenGL::flushPolys (509 bytes)
Event: 23.654 Thread 0x000000001890d000 nmethod 2739 0x000000000356f910 code [0x0000000003570160, 0x0000000003573108]
Event: 23.924 Thread 0x0000000018922800 2740       1       processing.core.PGraphics::texture (6 bytes)
Event: 23.924 Thread 0x0000000018922800 nmethod 2740 0x0000000002d307d0 code [0x0000000002d30920, 0x0000000002d30a50]
Event: 24.107 Thread 0x000000001891e800 2741       4       zzavatar.ZZkinect::getSkeleton_2 (86 bytes)
Event: 24.114 Thread 0x000000001891e800 nmethod 2741 0x0000000002d671d0 code [0x0000000002d67380, 0x0000000002d67938]
Event: 24.141 Thread 0x000000001890f000 2742       4       sun.misc.FloatingDecimal$BinaryToASCIIBuffer::dtoa (1509 bytes)
Event: 24.193 Thread 0x000000001890f000 nmethod 2742 0x0000000002dda8d0 code [0x0000000002ddab80, 0x0000000002ddc898]
Event: 24.401 Thread 0x000000001890d000 2743       4       processing.core.PGraphics::colorCalc (577 bytes)
Event: 24.403 Thread 0x000000001890d000 nmethod 2743 0x0000000002cbced0 code [0x0000000002cbd060, 0x0000000002cbd598]

GC Heap History (10 events):
Event: 22.286 GC heap before
{Heap before GC invocations=41 (full 3):
 PSYoungGen      total 387584K, used 365664K [0x00000000e0400000, 0x00000000f9480000, 0x0000000100000000)
  eden space 365568K, 100% used [0x00000000e0400000,0x00000000f6900000,0x00000000f6900000)
  from space 22016K, 0% used [0x00000000f6900000,0x00000000f6918000,0x00000000f7e80000)
  to   space 20480K, 0% used [0x00000000f8080000,0x00000000f8080000,0x00000000f9480000)
 ParOldGen       total 225792K, used 155934K [0x00000000a0c00000, 0x00000000ae880000, 0x00000000e0400000)
  object space 225792K, 69% used [0x00000000a0c00000,0x00000000aa447bf8,0x00000000ae880000)
 Metaspace       used 18537K, capacity 18729K, committed 19072K, reserved 1067008K
  class space    used 1761K, capacity 1793K, committed 1920K, reserved 1048576K
Event: 22.288 GC heap after
Heap after GC invocations=41 (full 3):
 PSYoungGen      total 386560K, used 128K [0x00000000e0400000, 0x00000000f9200000, 0x0000000100000000)
  eden space 368640K, 0% used [0x00000000e0400000,0x00000000e0400000,0x00000000f6c00000)
  from space 17920K, 0% used [0x00000000f8080000,0x00000000f80a0000,0x00000000f9200000)
  to   space 19456K, 0% used [0x00000000f6c00000,0x00000000f6c00000,0x00000000f7f00000)
 ParOldGen       total 225792K, used 155942K [0x00000000a0c00000, 0x00000000ae880000, 0x00000000e0400000)
  object space 225792K, 69% used [0x00000000a0c00000,0x00000000aa449bf8,0x00000000ae880000)
 Metaspace       used 18537K, capacity 18729K, committed 19072K, reserved 1067008K
  class space    used 1761K, capacity 1793K, committed 1920K, reserved 1048576K
}
Event: 22.862 GC heap before
{Heap before GC invocations=42 (full 3):
 PSYoungGen      total 386560K, used 368768K [0x00000000e0400000, 0x00000000f9200000, 0x0000000100000000)
  eden space 368640K, 100% used [0x00000000e0400000,0x00000000f6c00000,0x00000000f6c00000)
  from space 17920K, 0% used [0x00000000f8080000,0x00000000f80a0000,0x00000000f9200000)
  to   space 19456K, 0% used [0x00000000f6c00000,0x00000000f6c00000,0x00000000f7f00000)
 ParOldGen       total 225792K, used 155942K [0x00000000a0c00000, 0x00000000ae880000, 0x00000000e0400000)
  object space 225792K, 69% used [0x00000000a0c00000,0x00000000aa449bf8,0x00000000ae880000)
 Metaspace       used 18537K, capacity 18729K, committed 19072K, reserved 1067008K
  class space    used 1761K, capacity 1793K, committed 1920K, reserved 1048576K
Event: 22.867 GC heap after
Heap after GC invocations=42 (full 3):
 PSYoungGen      total 388096K, used 8228K [0x00000000e0400000, 0x00000000f9700000, 0x0000000100000000)
  eden space 368640K, 0% used [0x00000000e0400000,0x00000000e0400000,0x00000000f6c00000)
  from space 19456K, 42% used [0x00000000f6c00000,0x00000000f7409010,0x00000000f7f00000)
  to   space 19968K, 0% used [0x00000000f8380000,0x00000000f8380000,0x00000000f9700000)
 ParOldGen       total 225792K, used 155942K [0x00000000a0c00000, 0x00000000ae880000, 0x00000000e0400000)
  object space 225792K, 69% used [0x00000000a0c00000,0x00000000aa449bf8,0x00000000ae880000)
 Metaspace       used 18537K, capacity 18729K, committed 19072K, reserved 1067008K
  class space    used 1761K, capacity 1793K, committed 1920K, reserved 1048576K
}
Event: 23.457 GC heap before
{Heap before GC invocations=43 (full 3):
 PSYoungGen      total 388096K, used 376460K [0x00000000e0400000, 0x00000000f9700000, 0x0000000100000000)
  eden space 368640K, 99% used [0x00000000e0400000,0x00000000f6b9a370,0x00000000f6c00000)
  from space 19456K, 42% used [0x00000000f6c00000,0x00000000f7409010,0x00000000f7f00000)
  to   space 19968K, 0% used [0x00000000f8380000,0x00000000f8380000,0x00000000f9700000)
 ParOldGen       total 225792K, used 155942K [0x00000000a0c00000, 0x00000000ae880000, 0x00000000e0400000)
  object space 225792K, 69% used [0x00000000a0c00000,0x00000000aa449bf8,0x00000000ae880000)
 Metaspace       used 18537K, capacity 18729K, committed 19072K, reserved 1067008K
  class space    used 1761K, capacity 1793K, committed 1920K, reserved 1048576K
Event: 23.459 GC heap after
Heap after GC invocations=43 (full 3):
 PSYoungGen      total 390656K, used 128K [0x00000000e0400000, 0x00000000f9500000, 0x0000000100000000)
  eden space 372736K, 0% used [0x00000000e0400000,0x00000000e0400000,0x00000000f7000000)
  from space 17920K, 0% used [0x00000000f8380000,0x00000000f83a0000,0x00000000f9500000)
  to   space 18944K, 0% used [0x00000000f7000000,0x00000000f7000000,0x00000000f8280000)
 ParOldGen       total 225792K, used 155942K [0x00000000a0c00000, 0x00000000ae880000, 0x00000000e0400000)
  object space 225792K, 69% used [0x00000000a0c00000,0x00000000aa449bf8,0x00000000ae880000)
 Metaspace       used 18537K, capacity 18729K, committed 19072K, reserved 1067008K
  class space    used 1761K, capacity 1793K, committed 1920K, reserved 1048576K
}
Event: 24.056 GC heap before
{Heap before GC invocations=44 (full 3):
 PSYoungGen      total 390656K, used 372864K [0x00000000e0400000, 0x00000000f9500000, 0x0000000100000000)
  eden space 372736K, 100% used [0x00000000e0400000,0x00000000f7000000,0x00000000f7000000)
  from space 17920K, 0% used [0x00000000f8380000,0x00000000f83a0000,0x00000000f9500000)
  to   space 18944K, 0% used [0x00000000f7000000,0x00000000f7000000,0x00000000f8280000)
 ParOldGen       total 225792K, used 155942K [0x00000000a0c00000, 0x00000000ae880000, 0x00000000e0400000)
  object space 225792K, 69% used [0x00000000a0c00000,0x00000000aa449bf8,0x00000000ae880000)
 Metaspace       used 18537K, capacity 18729K, committed 19072K, reserved 1067008K
  class space    used 1761K, capacity 1793K, committed 1920K, reserved 1048576K
Event: 24.058 GC heap after
Heap after GC invocations=44 (full 3):
 PSYoungGen      total 391680K, used 96K [0x00000000e0400000, 0x00000000f9600000, 0x0000000100000000)
  eden space 372736K, 0% used [0x00000000e0400000,0x00000000e0400000,0x00000000f7000000)
  from space 18944K, 0% used [0x00000000f7000000,0x00000000f7018000,0x00000000f8280000)
  to   space 17920K, 0% used [0x00000000f8480000,0x00000000f8480000,0x00000000f9600000)
 ParOldGen       total 225792K, used 155958K [0x00000000a0c00000, 0x00000000ae880000, 0x00000000e0400000)
  object space 225792K, 69% used [0x00000000a0c00000,0x00000000aa44dbf8,0x00000000ae880000)
 Metaspace       used 18537K, capacity 18729K, committed 19072K, reserved 1067008K
  class space    used 1761K, capacity 1793K, committed 1920K, reserved 1048576K
}
Event: 24.643 GC heap before
{Heap before GC invocations=45 (full 3):
 PSYoungGen      total 391680K, used 372832K [0x00000000e0400000, 0x00000000f9600000, 0x0000000100000000)
  eden space 372736K, 100% used [0x00000000e0400000,0x00000000f7000000,0x00000000f7000000)
  from space 18944K, 0% used [0x00000000f7000000,0x00000000f7018000,0x00000000f8280000)
  to   space 17920K, 0% used [0x00000000f8480000,0x00000000f8480000,0x00000000f9600000)
 ParOldGen       total 225792K, used 155958K [0x00000000a0c00000, 0x00000000ae880000, 0x00000000e0400000)
  object space 225792K, 69% used [0x00000000a0c00000,0x00000000aa44dbf8,0x00000000ae880000)
 Metaspace       used 18537K, capacity 18729K, committed 19072K, reserved 1067008K
  class space    used 1761K, capacity 1793K, committed 1920K, reserved 1048576K
Event: 24.645 GC heap after
Heap after GC invocations=45 (full 3):
 PSYoungGen      total 391680K, used 128K [0x00000000e0400000, 0x00000000f9400000, 0x0000000100000000)
  eden space 375808K, 0% used [0x00000000e0400000,0x00000000e0400000,0x00000000f7300000)
  from space 15872K, 0% used [0x00000000f8480000,0x00000000f84a0000,0x00000000f9400000)
  to   space 16896K, 0% used [0x00000000f7300000,0x00000000f7300000,0x00000000f8380000)
 ParOldGen       total 225792K, used 155958K [0x00000000a0c00000, 0x00000000ae880000, 0x00000000e0400000)
  object space 225792K, 69% used [0x00000000a0c00000,0x00000000aa44dbf8,0x00000000ae880000)
 Metaspace       used 18537K, capacity 18729K, committed 19072K, reserved 1067008K
  class space    used 1761K, capacity 1793K, committed 1920K, reserved 1048576K
}

Deoptimization events (10 events):
Event: 11.374 Thread 0x0000000019b9a800 Uncommon trap: reason=speculate_class_check action=maybe_recompile pc=0x00000000034baf64 method=com.jogamp.common.nio.Buffers.getDirectBufferByteOffset(Ljava/lang/Object;)I @ 42
Event: 11.374 Thread 0x0000000019b9a800 Uncommon trap: reason=speculate_class_check action=maybe_recompile pc=0x00000000034baf64 method=com.jogamp.common.nio.Buffers.getDirectBufferByteOffset(Ljava/lang/Object;)I @ 42
Event: 11.475 Thread 0x0000000019b9a800 Uncommon trap: reason=speculate_class_check action=maybe_recompile pc=0x00000000034ba5bc method=com.jogamp.common.nio.Buffers.getDirectBufferByteOffset(Ljava/lang/Object;)I @ 53
Event: 11.475 Thread 0x0000000019b9a800 Uncommon trap: reason=speculate_class_check action=maybe_recompile pc=0x00000000034ba5bc method=com.jogamp.common.nio.Buffers.getDirectBufferByteOffset(Ljava/lang/Object;)I @ 53
Event: 11.940 Thread 0x0000000019b9a800 Uncommon trap: reason=speculate_class_check action=maybe_recompile pc=0x00000000034d3b7c method=com.jogamp.common.nio.Buffers.getDirectBufferByteOffset(Ljava/lang/Object;)I @ 22
Event: 11.941 Thread 0x0000000019b9a800 Uncommon trap: reason=speculate_class_check action=maybe_recompile pc=0x00000000034d3b7c method=com.jogamp.common.nio.Buffers.getDirectBufferByteOffset(Ljava/lang/Object;)I @ 22
Event: 12.051 Thread 0x0000000019b9a800 Uncommon trap: reason=speculate_class_check action=maybe_recompile pc=0x00000000034e0b30 method=com.jogamp.common.nio.Buffers.getDirectBufferByteOffset(Ljava/lang/Object;)I @ 31
Event: 12.051 Thread 0x0000000019b9a800 Uncommon trap: reason=speculate_class_check action=maybe_recompile pc=0x00000000034e0b30 method=com.jogamp.common.nio.Buffers.getDirectBufferByteOffset(Ljava/lang/Object;)I @ 31
Event: 12.158 Thread 0x0000000019b9a800 Uncommon trap: reason=speculate_class_check action=maybe_recompile pc=0x00000000034e61bc method=com.jogamp.common.nio.Buffers.getDirectBufferByteOffset(Ljava/lang/Object;)I @ 42
Event: 12.173 Thread 0x0000000019b9a800 Uncommon trap: reason=speculate_class_check action=maybe_recompile pc=0x00000000034e61bc method=com.jogamp.common.nio.Buffers.getDirectBufferByteOffset(Ljava/lang/Object;)I @ 42

Internal exceptions (10 events):
Event: 3.307 Thread 0x0000000019b9a800 Exception <a 'java/security/PrivilegedActionException'> (0x00000000e10ac420) thrown at [D:\re\workspace\8-2-build-windows-amd64-cygwin\jdk8u25\1677\hotspot\src\share\vm\prims\jvm.cpp, line 1312]
Event: 3.307 Thread 0x0000000019b9a800 Exception <a 'java/security/PrivilegedActionException'> (0x00000000e10aff78) thrown at [D:\re\workspace\8-2-build-windows-amd64-cygwin\jdk8u25\1677\hotspot\src\share\vm\prims\jvm.cpp, line 1312]
Event: 3.308 Thread 0x0000000019b9a800 Exception <a 'java/security/PrivilegedActionException'> (0x00000000e10b4778) thrown at [D:\re\workspace\8-2-build-windows-amd64-cygwin\jdk8u25\1677\hotspot\src\share\vm\prims\jvm.cpp, line 1312]
Event: 3.308 Thread 0x0000000019b9a800 Exception <a 'java/security/PrivilegedActionException'> (0x00000000e10b7eb0) thrown at [D:\re\workspace\8-2-build-windows-amd64-cygwin\jdk8u25\1677\hotspot\src\share\vm\prims\jvm.cpp, line 1312]
Event: 3.308 Thread 0x0000000019b9a800 Exception <a 'java/security/PrivilegedActionException'> (0x00000000e10bbdf8) thrown at [D:\re\workspace\8-2-build-windows-amd64-cygwin\jdk8u25\1677\hotspot\src\share\vm\prims\jvm.cpp, line 1312]
Event: 3.309 Thread 0x0000000019b9a800 Exception <a 'java/security/PrivilegedActionException'> (0x00000000e10c1d08) thrown at [D:\re\workspace\8-2-build-windows-amd64-cygwin\jdk8u25\1677\hotspot\src\share\vm\prims\jvm.cpp, line 1312]
Event: 3.322 Thread 0x0000000019b9a800 Exception <a 'java/security/PrivilegedActionException'> (0x00000000e119d318) thrown at [D:\re\workspace\8-2-build-windows-amd64-cygwin\jdk8u25\1677\hotspot\src\share\vm\prims\jvm.cpp, line 1312]
Event: 4.698 Thread 0x0000000019b9a800 Exception <a 'java/security/PrivilegedActionException'> (0x00000000e2578eb8) thrown at [D:\re\workspace\8-2-build-windows-amd64-cygwin\jdk8u25\1677\hotspot\src\share\vm\prims\jvm.cpp, line 1312]
Event: 4.705 Thread 0x0000000019b9a800 Exception <a 'java/security/PrivilegedActionException'> (0x00000000e2585a10) thrown at [D:\re\workspace\8-2-build-windows-amd64-cygwin\jdk8u25\1677\hotspot\src\share\vm\prims\jvm.cpp, line 1312]
Event: 4.734 Thread 0x0000000019b9a800 Exception <a 'java/security/PrivilegedActionException'> (0x00000000e258ead0) thrown at [D:\re\workspace\8-2-build-windows-amd64-cygwin\jdk8u25\1677\hotspot\src\share\vm\prims\jvm.cpp, line 1312]

Events (10 events):
Event: 24.403 Thread 0x000000001890d000 flushing nmethod 0x0000000002f707d0
Event: 24.403 Thread 0x000000001890d000 flushing nmethod 0x0000000002f75890
Event: 24.403 Thread 0x000000001890d000 flushing nmethod 0x0000000002f76690
Event: 24.403 Thread 0x000000001890d000 flushing nmethod 0x0000000002f782d0
Event: 24.403 Thread 0x000000001890d000 flushing nmethod 0x0000000002f7af90
Event: 24.403 Thread 0x000000001890d000 flushing nmethod 0x0000000002f7b490
Event: 24.403 Thread 0x000000001890d000 flushing nmethod 0x0000000002f7e450
Event: 24.643 Executing VM operation: ParallelGCFailedAllocation
Event: 24.645 Executing VM operation: ParallelGCFailedAllocation done
Event: 25.540 Thread 0x0000000019c8b800 Thread exited: 0x0000000019c8b800


Dynamic libraries:
0x00007ff669010000 - 0x00007ff669044000 	C:\Program Files\Java\jre1.8.0_25\bin\javaw.exe
0x00007ff98c320000 - 0x00007ff98c4cc000 	C:\WINDOWS\SYSTEM32\ntdll.dll
0x00007ff989d20000 - 0x00007ff989e5e000 	C:\WINDOWS\system32\KERNEL32.DLL
0x00007ff9897d0000 - 0x00007ff9898e5000 	C:\WINDOWS\system32\KERNELBASE.dll
0x00007ff987ff0000 - 0x00007ff98807e000 	C:\WINDOWS\system32\apphelp.dll
0x00007ff973750000 - 0x00007ff9737a3000 	C:\WINDOWS\AppPatch\AppPatch64\AcGenral.DLL
0x00007ff98a220000 - 0x00007ff98a2ca000 	C:\WINDOWS\system32\msvcrt.dll
0x00007ff9892a0000 - 0x00007ff9892ce000 	C:\WINDOWS\SYSTEM32\SspiCli.dll
0x00007ff98b980000 - 0x00007ff98b9d4000 	C:\WINDOWS\system32\SHLWAPI.dll
0x00007ff989f00000 - 0x00007ff98a077000 	C:\WINDOWS\system32\USER32.dll
0x00007ff98bb50000 - 0x00007ff98bce4000 	C:\WINDOWS\system32\ole32.dll
0x00007ff98a390000 - 0x00007ff98b8a8000 	C:\WINDOWS\system32\SHELL32.dll
0x00007ff988a10000 - 0x00007ff988a31000 	C:\WINDOWS\SYSTEM32\USERENV.dll
0x00007ff989c10000 - 0x00007ff989cba000 	C:\WINDOWS\system32\ADVAPI32.dll
0x00007ff97c880000 - 0x00007ff97c89e000 	C:\WINDOWS\SYSTEM32\MPR.dll
0x00007ff98b9e0000 - 0x00007ff98bb21000 	C:\WINDOWS\system32\RPCRT4.dll
0x00007ff9899a0000 - 0x00007ff9899f9000 	C:\WINDOWS\SYSTEM32\sechost.dll
0x00007ff98bed0000 - 0x00007ff98c0e1000 	C:\WINDOWS\SYSTEM32\combase.dll
0x00007ff98a0c0000 - 0x00007ff98a211000 	C:\WINDOWS\system32\GDI32.dll
0x00007ff989470000 - 0x00007ff989485000 	C:\WINDOWS\SYSTEM32\profapi.dll
0x00007ff987810000 - 0x00007ff9878c2000 	C:\WINDOWS\SYSTEM32\SHCORE.dll
0x00007ff98a080000 - 0x00007ff98a0b6000 	C:\WINDOWS\system32\IMM32.DLL
0x00007ff98c1c0000 - 0x00007ff98c312000 	C:\WINDOWS\system32\MSCTF.dll
0x00007ff986b90000 - 0x00007ff986e0b000 	C:\WINDOWS\WinSxS\amd64_microsoft.windows.common-controls_6595b64144ccf1df_6.0.9600.17415_none_6240486fecbd8abb\COMCTL32.dll
0x0000000075f50000 - 0x0000000076022000 	C:\Program Files\Java\jre1.8.0_25\bin\msvcr100.dll
0x0000000076ae0000 - 0x000000007733a000 	C:\Program Files\Java\jre1.8.0_25\bin\server\jvm.dll
0x00007ff9707d0000 - 0x00007ff9707d9000 	C:\WINDOWS\SYSTEM32\WSOCK32.dll
0x00007ff97ca00000 - 0x00007ff97ca22000 	C:\WINDOWS\SYSTEM32\WINMM.dll
0x00007ff989e80000 - 0x00007ff989e87000 	C:\WINDOWS\system32\PSAPI.DLL
0x00007ff989a00000 - 0x00007ff989a5a000 	C:\WINDOWS\system32\WS2_32.dll
0x00007ff97c8d0000 - 0x00007ff97c8fa000 	C:\WINDOWS\SYSTEM32\WINMMBASE.dll
0x00007ff98bb30000 - 0x00007ff98bb39000 	C:\WINDOWS\system32\NSI.dll
0x00007ff989950000 - 0x00007ff98999f000 	C:\WINDOWS\SYSTEM32\cfgmgr32.dll
0x00007ff988260000 - 0x00007ff988288000 	C:\WINDOWS\SYSTEM32\DEVOBJ.dll
0x0000000076ad0000 - 0x0000000076adf000 	C:\Program Files\Java\jre1.8.0_25\bin\verify.dll
0x0000000076aa0000 - 0x0000000076ac8000 	C:\Program Files\Java\jre1.8.0_25\bin\java.dll
0x0000000076a80000 - 0x0000000076a96000 	C:\Program Files\Java\jre1.8.0_25\bin\zip.dll
0x0000000075db0000 - 0x0000000075f48000 	C:\Program Files\Java\jre1.8.0_25\bin\awt.dll
0x00007ff98c0f0000 - 0x00007ff98c1b1000 	C:\WINDOWS\system32\OLEAUT32.dll
0x00007ff987610000 - 0x00007ff987631000 	C:\WINDOWS\system32\DWMAPI.DLL
0x00007ff988130000 - 0x00007ff988259000 	C:\WINDOWS\system32\uxtheme.dll
0x00007ff9882b0000 - 0x00007ff9882bb000 	C:\WINDOWS\SYSTEM32\kernel.appcore.dll
0x00007ff989340000 - 0x00007ff98934b000 	C:\WINDOWS\SYSTEM32\CRYPTBASE.dll
0x00007ff9892d0000 - 0x00007ff989333000 	C:\WINDOWS\SYSTEM32\bcryptPrimitives.dll
0x00007ff97e8c0000 - 0x00007ff97eae1000 	C:\WINDOWS\system32\d3d9.dll
0x00007ff987180000 - 0x00007ff98718a000 	C:\WINDOWS\SYSTEM32\VERSION.dll
0x00007ff986970000 - 0x00007ff986abb000 	C:\WINDOWS\SYSTEM32\aticfx64.dll
0x00007ff965270000 - 0x00007ff965291000 	C:\WINDOWS\SYSTEM32\atiu9p64.dll
0x00007ff964a80000 - 0x00007ff965265000 	C:\WINDOWS\SYSTEM32\atiumd64.dll
0x0000000076110000 - 0x00000000768c7000 	C:\WINDOWS\SYSTEM32\atiumd6a.dll
0x00000000769f0000 - 0x0000000076a37000 	C:\Program Files\Java\jre1.8.0_25\bin\fontmanager.dll
0x00007ff988ce0000 - 0x00007ff988d00000 	C:\WINDOWS\SYSTEM32\CRYPTSP.dll
0x00007ff988900000 - 0x00007ff988936000 	C:\WINDOWS\system32\rsaenh.dll
0x00007ff988f90000 - 0x00007ff988fb6000 	C:\WINDOWS\SYSTEM32\bcrypt.dll
0x0000000076a60000 - 0x0000000076a7a000 	C:\Program Files\Java\jre1.8.0_25\bin\net.dll
0x00007ff988c80000 - 0x00007ff988cd9000 	C:\WINDOWS\system32\mswsock.dll
0x00007ff9860b0000 - 0x00007ff9860da000 	C:\WINDOWS\SYSTEM32\IPHLPAPI.DLL
0x00007ff986050000 - 0x00007ff98605a000 	C:\WINDOWS\SYSTEM32\WINNSI.DLL
0x00007ff9841e0000 - 0x00007ff9841f6000 	C:\WINDOWS\SYSTEM32\dhcpcsvc6.DLL
0x00007ff984380000 - 0x00007ff98439a000 	C:\WINDOWS\SYSTEM32\dhcpcsvc.DLL
0x0000000076a40000 - 0x0000000076a51000 	C:\Program Files\Java\jre1.8.0_25\bin\nio.dll
0x00000000637c0000 - 0x00000000637cd000 	S:\Users\Ben\AppData\Local\Temp\jogamp_0000\file_cache\jln8468325050915458991\jln7864274526710797941\gluegen-rt.dll
0x00000000769e0000 - 0x00000000769e7000 	C:\Program Files\Java\jre1.8.0_25\bin\jawt.dll
0x000000006a440000 - 0x000000006a44d000 	S:\Users\Ben\AppData\Local\Temp\jogamp_0000\file_cache\jln8468325050915458991\jln7864274526710797941\nativewindow_awt.dll
0x000000006c100000 - 0x000000006c10f000 	S:\Users\Ben\AppData\Local\Temp\jogamp_0000\file_cache\jln8468325050915458991\jln7864274526710797941\nativewindow_win32.dll
0x00007ff960620000 - 0x00007ff96074b000 	C:\WINDOWS\SYSTEM32\OpenGL32.dll
0x00007ff97d7c0000 - 0x00007ff97d7ee000 	C:\WINDOWS\SYSTEM32\GLU32.dll
0x00007ff966bf0000 - 0x00007ff966ce8000 	C:\WINDOWS\SYSTEM32\DDRAW.dll
0x00007ff980290000 - 0x00007ff980299000 	C:\WINDOWS\SYSTEM32\DCIMAN32.dll
0x0000000064500000 - 0x00000000645a2000 	S:\Users\Ben\AppData\Local\Temp\jogamp_0000\file_cache\jln8468325050915458991\jln7864274526710797941\jogl_desktop.dll
0x00007ff97d720000 - 0x00007ff97d738000 	C:\WINDOWS\SYSTEM32\atig6pxx.dll
0x0000000074200000 - 0x0000000075daf000 	C:\WINDOWS\SYSTEM32\atio6axx.dll
0x00007ff98bcf0000 - 0x00007ff98beca000 	C:\WINDOWS\system32\SETUPAPI.dll
0x00007ff986120000 - 0x00007ff986257000 	C:\WINDOWS\SYSTEM32\atiadlxx.dll
0x00007ff986710000 - 0x00007ff98688f000 	C:\WINDOWS\SYSTEM32\PROPSYS.dll
0x00007ff988080000 - 0x00007ff988092000 	C:\WINDOWS\SYSTEM32\WTSAPI32.dll
0x00007ff9898f0000 - 0x00007ff989941000 	C:\WINDOWS\system32\WINTRUST.dll
0x00007ff989540000 - 0x00007ff98971f000 	C:\WINDOWS\system32\CRYPT32.dll
0x00007ff989520000 - 0x00007ff989531000 	C:\WINDOWS\system32\MSASN1.dll
0x00007ff973720000 - 0x00007ff973749000 	C:\WINDOWS\SYSTEM32\atig6txx.dll
0x00007ff95c1a0000 - 0x00007ff95c33c000 	O:\OneDrive\Workspace\ZZavatar\lib\user\KinectPV2\Kinect20.Face.dll
0x00007ff97c900000 - 0x00007ff97c9a7000 	C:\WINDOWS\SYSTEM32\MSVCP110.dll
0x00007ff981bc0000 - 0x00007ff981c8e000 	C:\WINDOWS\SYSTEM32\MSVCR110.dll
0x00007ff980280000 - 0x00007ff980290000 	O:\OneDrive\Workspace\ZZavatar\lib\user\KinectPV2\KinectPV2.dll
0x00007ff960560000 - 0x00007ff96061a000 	C:\WINDOWS\SYSTEM32\Kinect20.dll
0x00007ff97ca30000 - 0x00007ff97cb1b000 	C:\WINDOWS\SYSTEM32\MFPlat.DLL
0x00007ff97c8a0000 - 0x00007ff97c8c7000 	C:\WINDOWS\SYSTEM32\RTWorkQ.DLL
0x00007ff987050000 - 0x00007ff98705c000 	C:\WINDOWS\SYSTEM32\AVRT.dll
0x00000000741b0000 - 0x00000000741f1000 	C:\Program Files\Java\jre1.8.0_25\bin\t2k.dll
0x00007ff963e10000 - 0x00007ff963f9a000 	C:\WINDOWS\SYSTEM32\dbghelp.dll

VM Arguments:
jvm_args: -Djava.library.path=O:\OneDrive\Workspace\ZZavatar\lib\base\video;O:\OneDrive\Workspace\ZZavatar\lib\base\video;O:\OneDrive\Workspace\ZZavatar\lib\base\video;O:\OneDrive\Workspace\ZZavatar\lib\base\core;O:\OneDrive\Workspace\ZZavatar\lib\base\core;O:\OneDrive\Workspace\ZZavatar\lib\base\core;O:\OneDrive\Workspace\ZZavatar\lib\base\core;O:\OneDrive\Workspace\ZZavatar\lib\base\core;O:\OneDrive\Workspace\ZZavatar\lib\base\core;O:\OneDrive\Workspace\ZZavatar\lib\base\core;O:\OneDrive\Workspace\ZZavatar\lib\base\core;O:\OneDrive\Workspace\ZZavatar\lib\base\core;O:\OneDrive\Workspace\ZZavatar\lib\base\core;O:\OneDrive\Workspace\ZZavatar\lib\base\core;O:\OneDrive\Workspace\ZZavatar\lib\base\core;O:\OneDrive\Workspace\ZZavatar\lib\base\core;O:\OneDrive\Workspace\ZZavatar\lib\base\core;O:\OneDrive\Workspace\ZZavatar\lib\base\core;O:\OneDrive\Workspace\ZZavatar\lib\user\Kinect4WinSDK;O:\OneDrive\Workspace\ZZavatar\lib\user\KinectPV2;O:\OneDrive\Workspace\ZZavatar\lib\user\SimpleOpenNI -Dfile.encoding=Cp1252 
java_command: zzavatar.ZZavatar
java_class_path (initial): O:\OneDrive\Workspace\ZZavatar\lib\base\video\gstreamer-java.jar;O:\OneDrive\Workspace\ZZavatar\lib\base\video\jna.jar;O:\OneDrive\Workspace\ZZavatar\lib\base\video\video.jar;O:\OneDrive\Workspace\ZZavatar\lib\base\core\core.jar;O:\OneDrive\Workspace\ZZavatar\lib\base\core\gluegen-rt-natives-linux-amd64.jar;O:\OneDrive\Workspace\ZZavatar\lib\base\core\gluegen-rt-natives-linux-armv6hf.jar;O:\OneDrive\Workspace\ZZavatar\lib\base\core\gluegen-rt-natives-linux-i586.jar;O:\OneDrive\Workspace\ZZavatar\lib\base\core\gluegen-rt-natives-macosx-universal.jar;O:\OneDrive\Workspace\ZZavatar\lib\base\core\gluegen-rt-natives-windows-amd64.jar;O:\OneDrive\Workspace\ZZavatar\lib\base\core\gluegen-rt-natives-windows-i586.jar;O:\OneDrive\Workspace\ZZavatar\lib\base\core\gluegen-rt.jar;O:\OneDrive\Workspace\ZZavatar\lib\base\core\jogl-all-natives-linux-amd64.jar;O:\OneDrive\Workspace\ZZavatar\lib\base\core\jogl-all-natives-linux-armv6hf.jar;O:\OneDrive\Workspace\ZZavatar\lib\base\core\jogl-all-natives-linux-i586.jar;O:\OneDrive\Workspace\ZZavatar\lib\base\core\jogl-all-natives-macosx-universal.jar;O:\OneDrive\Workspace\ZZavatar\lib\base\core\jogl-all-natives-windows-amd64.jar;O:\OneDrive\Workspace\ZZavatar\lib\base\core\jogl-all-natives-windows-i586.jar;O:\OneDrive\Workspace\ZZavatar\lib\base\core\jogl-all.jar;O:\OneDrive\Workspace\ZZavatar\lib\user\Kinect4WinSDK\Kinect4WinSDK.jar;O:\OneDrive\Workspace\ZZavatar\lib\user\KinectPV2\KinectPV2.jar;O:\OneDrive\Workspace\ZZavatar\lib\user\SimpleOpenNI\SimpleOpenNI.jar;O:\OneDrive\Workspace\ZZavatar\bin
Launcher Type: SUN_STANDARD

Environment Variables:
JAVA_HOME=C:\Program Files\Java\jdk1.8.0_25
PATH=C:/Program Files/Java/jre1.8.0_25/bin/server;C:/Program Files/Java/jre1.8.0_25/bin;C:/Program Files/Java/jre1.8.0_25/lib/amd64;C:\Program Files (x86)\NVIDIA Corporation\PhysX\Common;C:\ProgramData\Oracle\Java\javapath;C:\Program Files (x86)\Common Files\Intel\Shared Libraries\redist\intel64\compiler;C:\Program Files (x86)\Common Files\Intel\Shared Libraries\redist\ia32\compiler;C:\Program Files (x86)\Intel\iCLS Client\;C:\Program Files\Intel\iCLS Client\;C:\Program Files (x86)\AMD APP\bin\x86_64;C:\Program Files (x86)\AMD APP\bin\x86;C:\WINDOWS\system32;C:\WINDOWS;C:\WINDOWS\System32\Wbem;C:\WINDOWS\System32\WindowsPowerShell\v1.0\;C:\Program Files (x86)\ATI Technologies\ATI.ACE\Core-Static;C:\Program Files\Intel\Intel(R) Management Engine Components\DAL;C:\Program Files\Intel\Intel(R) Management Engine Components\IPT;C:\Program Files (x86)\Intel\Intel(R) Management Engine Components\DAL;C:\Program Files (x86)\Intel\Intel(R) Management Engine Components\IPT;C:\Program Files\Sony\VAIO Improvement\;C:\Program Files (x86)\Sony\VAIO Startup Setting Tool;C:\Program Files (x86)\Windows Kits\8.1\Windows Performance Toolkit\;C:\Program Files\Microsoft SQL Server\110\Tools\Binn\;C:\Program Files (x86)\Microsoft SDKs\TypeScript\1.0\;C:\Program Files\Microsoft\Web Platform Installer\;C:\Program Files (x86)\Java\jre1.8.0_25\bin;P:\Programs\Python27\Scripts;P:\Programs\Python27;C:\Program Files\Common Files\Autodesk Shared\;P:\Program Files\Programs;P:\Program Files\Games;P:\Programs\Eclipse;
USERNAME=Benoît
OS=Windows_NT
PROCESSOR_IDENTIFIER=Intel64 Family 6 Model 58 Stepping 9, GenuineIntel



---------------  S Y S T E M  ---------------

OS: Windows 8.1 , 64 bit Build 9600 

CPU:total 8 (4 cores per cpu, 2 threads per core) family 6 model 58 stepping 9, cmov, cx8, fxsr, mmx, sse, sse2, sse3, ssse3, sse4.1, sse4.2, popcnt, avx, aes, clmul, erms, ht, tsc, tscinvbit, tscinv

Memory: 4k page, physical 6237468k(2105392k free), swap 10431772k(4354972k free)

vm_info: Java HotSpot(TM) 64-Bit Server VM (25.25-b02) for windows-amd64 JRE (1.8.0_25-b18), built on Oct  7 2014 14:25:37 by "java_re" with MS VC++ 10.0 (VS2010)

time: Fri Apr 24 19:31:54 2015
elapsed time: 25 seconds (0d 0h 0m 25s)

