#
# A fatal error has been detected by the Java Runtime Environment:
#
#  EXCEPTION_ACCESS_VIOLATION (0xc0000005) at pc=0x00007ff965884110, pid=2596, tid=2044
#
# JRE version: Java(TM) SE Runtime Environment (8.0_31-b13) (build 1.8.0_31-b13)
# Java VM: Java HotSpot(TM) 64-Bit Server VM (25.31-b07 mixed mode windows-amd64 compressed oops)
# Problematic frame:
# C  [KinectPV2.dll+0x4110]
#
# Failed to write core dump. Minidumps are not enabled by default on client versions of Windows
#
# If you would like to submit a bug report, please visit:
#   http://bugreport.java.com/bugreport/crash.jsp
# The crash happened outside the Java Virtual Machine in native code.
# See problematic frame for where to report the bug.
#

---------------  T H R E A D  ---------------

Current thread (0x000000001f85b800):  JavaThread "Animation Thread" [_thread_in_native, id=2044, stack(0x00000000228e0000,0x00000000229e0000)]

siginfo: ExceptionCode=0xc0000005, reading address 0x0000000000000001

Registers:
RAX=0x0000000000000001, RBX=0x000000003501b040, RCX=0x0000000000000001, RDX=0x0000000000000000
RSP=0x00000000229de670, RBP=0x0000000000000006, RSI=0x0000000000000000, RDI=0x0000000025a35aa8
R8 =0x00000000229de338, R9 =0x0000000000008000, R10=0x0000000000000000, R11=0x00000000229de570
R12=0x0000000000000000, R13=0x000000002658e9e0, R14=0x0000000000000000, R15=0x000000001f85b800
RIP=0x00007ff965884110, EFLAGS=0x0000000000010202

Top of Stack: (sp=0x00000000229de670)
0x00000000229de670:   0000000025a35a78 0000000025e6d5f8
0x00000000229de680:   0000000025a35a78 0000000000000000
0x00000000229de690:   00000000229de760 00007ff965881fba
0x00000000229de6a0:   00000000229de760 00000000229de740
0x00000000229de6b0:   000000001f85b9e8 000000001f81cad0
0x00000000229de6c0:   00000006cb5a08e0 0000000002d95534
0x00000000229de6d0:   000000002658e9e0 0000000000000029
0x00000000229de6e0:   0000000000000029 000000001f85b800
0x00000000229de6f0:   00000000229de7b8 0000000002d95262
0x00000000229de700:   00000000229de700 000000002658e9e0
0x00000000229de710:   00000000229de760 0000000026590028
0x00000000229de720:   0000000000000000 000000002658e9e0
0x00000000229de730:   0000000000000000 00000000229de760
0x00000000229de740:   00000000229de7a8 0000000002d87a2d
0x00000000229de750:   0000000000000000 0000000002d8f6b8
0x00000000229de760:   00000006cad32888 00000000229de768 

Instructions: (pc=0x00007ff965884110)
0x00007ff9658840f0:   89 77 d0 48 8b 0f 48 85 c9 74 09 48 8b 01 ff 50
0x00007ff965884100:   10 4c 89 37 48 8b 8f 90 00 00 00 48 85 c9 74 0d
0x00007ff965884110:   48 8b 01 ff 50 10 4c 89 b7 90 00 00 00 48 8b 4f
0x00007ff965884120:   30 48 85 c9 74 0a 48 8b 01 ff 50 10 4c 89 77 30 


Register to memory mapping:

RAX=0x0000000000000001 is an unknown value
RBX=0x000000003501b040 is an unknown value
RCX=0x0000000000000001 is an unknown value
RDX=0x0000000000000000 is an unknown value
RSP=0x00000000229de670 is pointing into the stack for thread: 0x000000001f85b800
RBP=0x0000000000000006 is an unknown value
RSI=0x0000000000000000 is an unknown value
RDI=0x0000000025a35aa8 is an unknown value
R8 =0x00000000229de338 is pointing into the stack for thread: 0x000000001f85b800
R9 =0x0000000000008000 is an unknown value
R10=0x0000000000000000 is an unknown value
R11=0x00000000229de570 is pointing into the stack for thread: 0x000000001f85b800
R12=0x0000000000000000 is an unknown value
R13={method} {0x000000002658e9e8} 'jniStopDevice' '()V' in 'KinectPV2/Device'
R14=0x0000000000000000 is an unknown value
R15=0x000000001f85b800 is a thread


Stack: [0x00000000228e0000,0x00000000229e0000],  sp=0x00000000229de670,  free space=1017k
Native frames: (J=compiled Java code, j=interpreted, Vv=VM code, C=native code)
C  [KinectPV2.dll+0x4110]
C  [KinectPV2.dll+0x1fba]
C  0x0000000002d95534

Java frames: (J=compiled Java code, j=interpreted, Vv=VM code)
j  KinectPV2.Device.jniStopDevice()V+0
j  KinectPV2.Device.stopDevice()V+41
j  KinectPV2.KinectPV2.dispose()V+14
v  ~StubRoutines::call_stub
j  sun.reflect.NativeMethodAccessorImpl.invoke0(Ljava/lang/reflect/Method;Ljava/lang/Object;[Ljava/lang/Object;)Ljava/lang/Object;+0
j  sun.reflect.NativeMethodAccessorImpl.invoke(Ljava/lang/Object;[Ljava/lang/Object;)Ljava/lang/Object;+100
J 1995 C1 sun.reflect.DelegatingMethodAccessorImpl.invoke(Ljava/lang/Object;[Ljava/lang/Object;)Ljava/lang/Object; (10 bytes) @ 0x00000000034ab00c [0x00000000034aaf00+0x10c]
J 1994 C1 java.lang.reflect.Method.invoke(Ljava/lang/Object;[Ljava/lang/Object;)Ljava/lang/Object; (62 bytes) @ 0x00000000034a8fac [0x00000000034a8bc0+0x3ec]
j  processing.core.PApplet$RegisteredMethods.handle([Ljava/lang/Object;)V+18
J 1818 C1 processing.core.PApplet.handleMethods(Ljava/lang/String;)V (21 bytes) @ 0x0000000003448b5c [0x00000000034488a0+0x2bc]
j  processing.core.PApplet.dispose()V+35
j  processing.core.PApplet.run()V+283
j  java.lang.Thread.run()V+11
v  ~StubRoutines::call_stub

---------------  P R O C E S S  ---------------

Java Threads: ( => current thread )
  0x000000001f9a5000 JavaThread "Animation Thread-SharedResourceRunner" daemon [_thread_blocked, id=4576, stack(0x0000000025150000,0x0000000025250000)]
  0x0000000002c82800 JavaThread "DestroyJavaVM" [_thread_blocked, id=1704, stack(0x0000000002b80000,0x0000000002c80000)]
  0x000000001f869000 JavaThread "D3D Screen Updater" daemon [_thread_blocked, id=1004, stack(0x0000000022be0000,0x0000000022ce0000)]
=>0x000000001f85b800 JavaThread "Animation Thread" [_thread_in_native, id=2044, stack(0x00000000228e0000,0x00000000229e0000)]
  0x000000001f81a800 JavaThread "AWT-EventQueue-0" [_thread_blocked, id=5124, stack(0x00000000226e0000,0x00000000227e0000)]
  0x000000001f77c000 JavaThread "AWT-Windows" daemon [_thread_in_native, id=2252, stack(0x0000000020090000,0x0000000020190000)]
  0x000000001f77b000 JavaThread "AWT-Shutdown" [_thread_blocked, id=3280, stack(0x000000001ff90000,0x0000000020090000)]
  0x000000001f778800 JavaThread "Java2D Disposer" daemon [_thread_blocked, id=5420, stack(0x000000001fe90000,0x000000001ff90000)]
  0x000000001e8ac800 JavaThread "Service Thread" daemon [_thread_blocked, id=5312, stack(0x000000001f1f0000,0x000000001f2f0000)]
  0x000000001e830800 JavaThread "C1 CompilerThread3" daemon [_thread_blocked, id=5592, stack(0x000000001f0f0000,0x000000001f1f0000)]
  0x000000001e820800 JavaThread "C2 CompilerThread2" daemon [_thread_blocked, id=4048, stack(0x000000001eff0000,0x000000001f0f0000)]
  0x000000001e81b800 JavaThread "C2 CompilerThread1" daemon [_thread_blocked, id=1280, stack(0x000000001eef0000,0x000000001eff0000)]
  0x000000001e819800 JavaThread "C2 CompilerThread0" daemon [_thread_blocked, id=1632, stack(0x000000001edf0000,0x000000001eef0000)]
  0x000000001e818000 JavaThread "Attach Listener" daemon [_thread_blocked, id=5336, stack(0x000000001ecf0000,0x000000001edf0000)]
  0x000000001e816800 JavaThread "Signal Dispatcher" daemon [_thread_blocked, id=624, stack(0x000000001ebf0000,0x000000001ecf0000)]
  0x0000000002d77800 JavaThread "Finalizer" daemon [_thread_blocked, id=3304, stack(0x000000001e6f0000,0x000000001e7f0000)]
  0x0000000002d70800 JavaThread "Reference Handler" daemon [_thread_blocked, id=5212, stack(0x000000001e5f0000,0x000000001e6f0000)]

Other Threads:
  0x000000001c809000 VMThread [stack: 0x000000001e4f0000,0x000000001e5f0000] [id=5928]
  0x000000001e8ae800 WatcherThread [stack: 0x000000001f2f0000,0x000000001f3f0000] [id=2480]

VM state:not at safepoint (normal execution)

VM Mutex/Monitor currently owned by a thread: None

Heap:
 PSYoungGen      total 804864K, used 725625K [0x000000076b300000, 0x00000007a1d80000, 0x00000007c0000000)
  eden space 762368K, 95% used [0x000000076b300000,0x000000079777e6f0,0x0000000799b80000)
  from space 42496K, 0% used [0x000000079f400000,0x000000079f420000,0x00000007a1d80000)
  to   space 66560K, 0% used [0x0000000799b80000,0x0000000799b80000,0x000000079dc80000)
 ParOldGen       total 296448K, used 172585K [0x00000006c1800000, 0x00000006d3980000, 0x000000076b300000)
  object space 296448K, 58% used [0x00000006c1800000,0x00000006cc08a590,0x00000006d3980000)
 Metaspace       used 17761K, capacity 17971K, committed 18304K, reserved 1064960K
  class space    used 1729K, capacity 1794K, committed 1920K, reserved 1048576K

Card table byte_map: [0x0000000012140000,0x0000000012940000] byte_map_base: 0x000000000eb34000

Marking Bits: (ParMarkBitMap*) 0x000000006a28d4f0
 Begin Bits: [0x0000000013690000, 0x0000000017630000)
 End Bits:   [0x0000000017630000, 0x000000001b5d0000)

Polling page: 0x0000000002ae0000

CodeCache: size=245760Kb used=7776Kb max_used=7787Kb free=237983Kb
 bounds [0x0000000002d80000, 0x0000000003530000, 0x0000000011d80000]
 total_blobs=2971 nmethods=2101 adapters=785
 compilation: enabled

Compilation events (10 events):
Event: 10.982 Thread 0x000000001e830800 2095   !   3       sun.java2d.d3d.D3DScreenUpdateManager::trackScreenSurface (78 bytes)
Event: 10.983 Thread 0x000000001e830800 nmethod 2095 0x000000000351b890 code [0x000000000351baa0, 0x000000000351c808]
Event: 10.983 Thread 0x000000001e830800 2096  s    3       sun.java2d.d3d.D3DScreenUpdateManager::startUpdateThread (38 bytes)
Event: 10.983 Thread 0x000000001e830800 nmethod 2096 0x000000000351cfd0 code [0x000000000351d1e0, 0x000000000351e0e8]
Event: 10.996 Thread 0x000000001e830800 2097       3       java.util.concurrent.locks.LockSupport::park (23 bytes)
Event: 10.996 Thread 0x000000001e830800 nmethod 2097 0x000000000351e610 code [0x000000000351e780, 0x000000000351eac8]
Event: 11.013 Thread 0x000000001e830800 2099       3       java.util.concurrent.locks.LockSupport::unpark (12 bytes)
Event: 11.013 Thread 0x000000001e830800 nmethod 2099 0x000000000351ebd0 code [0x000000000351ed40, 0x000000000351ef68]
Event: 11.030 Thread 0x000000001e81b800 2101       4       processing.opengl.PGL::threadIsCurrent (14 bytes)
Event: 11.031 Thread 0x000000001e81b800 nmethod 2101 0x000000000345ae10 code [0x000000000345af40, 0x000000000345afb8]

GC Heap History (10 events):
Event: 6.209 GC heap before
{Heap before GC invocations=11 (full 1):
 PSYoungGen      total 453632K, used 378418K [0x000000076b300000, 0x0000000794000000, 0x00000007c0000000)
  eden space 384000K, 98% used [0x000000076b300000,0x000000078235cb40,0x0000000782a00000)
  from space 69632K, 1% used [0x0000000782a00000,0x0000000782b30040,0x0000000786e00000)
  to   space 71168K, 0% used [0x000000078fa80000,0x000000078fa80000,0x0000000794000000)
 ParOldGen       total 296448K, used 171461K [0x00000006c1800000, 0x00000006d3980000, 0x000000076b300000)
  object space 296448K, 57% used [0x00000006c1800000,0x00000006cbf714c0,0x00000006d3980000)
 Metaspace       used 17610K, capacity 17835K, committed 18048K, reserved 1064960K
  class space    used 1717K, capacity 1794K, committed 1920K, reserved 1048576K
Event: 6.211 GC heap after
Heap after GC invocations=11 (full 1):
 PSYoungGen      total 567808K, used 160K [0x000000076b300000, 0x0000000793200000, 0x00000007c0000000)
  eden space 510976K, 0% used [0x000000076b300000,0x000000076b300000,0x000000078a600000)
  from space 56832K, 0% used [0x000000078fa80000,0x000000078faa8000,0x0000000793200000)
  to   space 71680K, 0% used [0x000000078a600000,0x000000078a600000,0x000000078ec00000)
 ParOldGen       total 296448K, used 172553K [0x00000006c1800000, 0x00000006d3980000, 0x000000076b300000)
  object space 296448K, 58% used [0x00000006c1800000,0x00000006cc082590,0x00000006d3980000)
 Metaspace       used 17610K, capacity 17835K, committed 18048K, reserved 1064960K
  class space    used 1717K, capacity 1794K, committed 1920K, reserved 1048576K
}
Event: 7.019 GC heap before
{Heap before GC invocations=12 (full 1):
 PSYoungGen      total 567808K, used 511136K [0x000000076b300000, 0x0000000793200000, 0x00000007c0000000)
  eden space 510976K, 100% used [0x000000076b300000,0x000000078a600000,0x000000078a600000)
  from space 56832K, 0% used [0x000000078fa80000,0x000000078faa8000,0x0000000793200000)
  to   space 71680K, 0% used [0x000000078a600000,0x000000078a600000,0x000000078ec00000)
 ParOldGen       total 296448K, used 172553K [0x00000006c1800000, 0x00000006d3980000, 0x000000076b300000)
  object space 296448K, 58% used [0x00000006c1800000,0x00000006cc082590,0x00000006d3980000)
 Metaspace       used 17639K, capacity 17899K, committed 18048K, reserved 1064960K
  class space    used 1717K, capacity 1794K, committed 1920K, reserved 1048576K
Event: 7.025 GC heap after
Heap after GC invocations=12 (full 1):
 PSYoungGen      total 582656K, used 8196K [0x000000076b300000, 0x000000079c380000, 0x00000007c0000000)
  eden space 510976K, 0% used [0x000000076b300000,0x000000076b300000,0x000000078a600000)
  from space 71680K, 11% used [0x000000078a600000,0x000000078ae01010,0x000000078ec00000)
  to   space 70144K, 0% used [0x0000000797f00000,0x0000000797f00000,0x000000079c380000)
 ParOldGen       total 296448K, used 172569K [0x00000006c1800000, 0x00000006d3980000, 0x000000076b300000)
  object space 296448K, 58% used [0x00000006c1800000,0x00000006cc086590,0x00000006d3980000)
 Metaspace       used 17639K, capacity 17899K, committed 18048K, reserved 1064960K
  class space    used 1717K, capacity 1794K, committed 1920K, reserved 1048576K
}
Event: 7.842 GC heap before
{Heap before GC invocations=13 (full 1):
 PSYoungGen      total 582656K, used 514595K [0x000000076b300000, 0x000000079c380000, 0x00000007c0000000)
  eden space 510976K, 99% used [0x000000076b300000,0x000000078a187c98,0x000000078a600000)
  from space 71680K, 11% used [0x000000078a600000,0x000000078ae01010,0x000000078ec00000)
  to   space 70144K, 0% used [0x0000000797f00000,0x0000000797f00000,0x000000079c380000)
 ParOldGen       total 296448K, used 172569K [0x00000006c1800000, 0x00000006d3980000, 0x000000076b300000)
  object space 296448K, 58% used [0x00000006c1800000,0x00000006cc086590,0x00000006d3980000)
 Metaspace       used 17641K, capacity 17899K, committed 18048K, reserved 1064960K
  class space    used 1717K, capacity 1794K, committed 1920K, reserved 1048576K
Event: 7.845 GC heap after
Heap after GC invocations=13 (full 1):
 PSYoungGen      total 691200K, used 160K [0x000000076b300000, 0x000000079ae00000, 0x00000007c0000000)
  eden space 643072K, 0% used [0x000000076b300000,0x000000076b300000,0x0000000792700000)
  from space 48128K, 0% used [0x0000000797f00000,0x0000000797f28000,0x000000079ae00000)
  to   space 69120K, 0% used [0x0000000792700000,0x0000000792700000,0x0000000796a80000)
 ParOldGen       total 296448K, used 172577K [0x00000006c1800000, 0x00000006d3980000, 0x000000076b300000)
  object space 296448K, 58% used [0x00000006c1800000,0x00000006cc088590,0x00000006d3980000)
 Metaspace       used 17641K, capacity 17899K, committed 18048K, reserved 1064960K
  class space    used 1717K, capacity 1794K, committed 1920K, reserved 1048576K
}
Event: 8.878 GC heap before
{Heap before GC invocations=14 (full 1):
 PSYoungGen      total 691200K, used 643232K [0x000000076b300000, 0x000000079ae00000, 0x00000007c0000000)
  eden space 643072K, 100% used [0x000000076b300000,0x0000000792700000,0x0000000792700000)
  from space 48128K, 0% used [0x0000000797f00000,0x0000000797f28000,0x000000079ae00000)
  to   space 69120K, 0% used [0x0000000792700000,0x0000000792700000,0x0000000796a80000)
 ParOldGen       total 296448K, used 172577K [0x00000006c1800000, 0x00000006d3980000, 0x000000076b300000)
  object space 296448K, 58% used [0x00000006c1800000,0x00000006cc088590,0x00000006d3980000)
 Metaspace       used 17654K, capacity 17899K, committed 18048K, reserved 1064960K
  class space    used 1717K, capacity 1794K, committed 1920K, reserved 1048576K
Event: 8.880 GC heap after
Heap after GC invocations=14 (full 1):
 PSYoungGen      total 712192K, used 160K [0x000000076b300000, 0x00000007a3680000, 0x00000007c0000000)
  eden space 643072K, 0% used [0x000000076b300000,0x000000076b300000,0x0000000792700000)
  from space 69120K, 0% used [0x0000000792700000,0x0000000792728000,0x0000000796a80000)
  to   space 68096K, 0% used [0x000000079f400000,0x000000079f400000,0x00000007a3680000)
 ParOldGen       total 296448K, used 172577K [0x00000006c1800000, 0x00000006d3980000, 0x000000076b300000)
  object space 296448K, 58% used [0x00000006c1800000,0x00000006cc088590,0x00000006d3980000)
 Metaspace       used 17654K, capacity 17899K, committed 18048K, reserved 1064960K
  class space    used 1717K, capacity 1794K, committed 1920K, reserved 1048576K
}
Event: 9.877 GC heap before
{Heap before GC invocations=15 (full 1):
 PSYoungGen      total 712192K, used 635274K [0x000000076b300000, 0x00000007a3680000, 0x00000007c0000000)
  eden space 643072K, 98% used [0x000000076b300000,0x0000000791f3aa48,0x0000000792700000)
  from space 69120K, 0% used [0x0000000792700000,0x0000000792728000,0x0000000796a80000)
  to   space 68096K, 0% used [0x000000079f400000,0x000000079f400000,0x00000007a3680000)
 ParOldGen       total 296448K, used 172577K [0x00000006c1800000, 0x00000006d3980000, 0x000000076b300000)
  object space 296448K, 58% used [0x00000006c1800000,0x00000006cc088590,0x00000006d3980000)
 Metaspace       used 17688K, capacity 17899K, committed 18048K, reserved 1064960K
  class space    used 1717K, capacity 1794K, committed 1920K, reserved 1048576K
Event: 9.879 GC heap after
Heap after GC invocations=15 (full 1):
 PSYoungGen      total 804864K, used 128K [0x000000076b300000, 0x00000007a1d80000, 0x00000007c0000000)
  eden space 762368K, 0% used [0x000000076b300000,0x000000076b300000,0x0000000799b80000)
  from space 42496K, 0% used [0x000000079f400000,0x000000079f420000,0x00000007a1d80000)
  to   space 66560K, 0% used [0x0000000799b80000,0x0000000799b80000,0x000000079dc80000)
 ParOldGen       total 296448K, used 172585K [0x00000006c1800000, 0x00000006d3980000, 0x000000076b300000)
  object space 296448K, 58% used [0x00000006c1800000,0x00000006cc08a590,0x00000006d3980000)
 Metaspace       used 17688K, capacity 17899K, committed 18048K, reserved 1064960K
  class space    used 1717K, capacity 1794K, committed 1920K, reserved 1048576K
}

Deoptimization events (10 events):
Event: 1.891 Thread 0x000000001f81a800 Uncommon trap: reason=unreached action=reinterpret pc=0x000000000308b50c method=com.jogamp.common.nio.Buffers.getDirectBufferByteOffset(Ljava/lang/Object;)I @ 1
Event: 2.054 Thread 0x000000001f81a800 Uncommon trap: reason=unreached action=reinterpret pc=0x000000000308da54 method=com.jogamp.common.util.IntIntHashMap.get(I)I @ 19
Event: 2.368 Thread 0x000000001f81a800 Uncommon trap: reason=array_check action=maybe_recompile pc=0x000000000314e22c method=java.util.AbstractCollection.toArray([Ljava/lang/Object;)[Ljava/lang/Object; @ 119
Event: 2.368 Thread 0x000000001f81a800 Uncommon trap: reason=array_check action=maybe_recompile pc=0x000000000314e22c method=java.util.AbstractCollection.toArray([Ljava/lang/Object;)[Ljava/lang/Object; @ 119
Event: 2.368 Thread 0x000000001f81a800 Uncommon trap: reason=array_check action=maybe_recompile pc=0x000000000314e22c method=java.util.AbstractCollection.toArray([Ljava/lang/Object;)[Ljava/lang/Object; @ 119
Event: 2.368 Thread 0x000000001f81a800 Uncommon trap: reason=array_check action=maybe_recompile pc=0x000000000314e22c method=java.util.AbstractCollection.toArray([Ljava/lang/Object;)[Ljava/lang/Object; @ 119
Event: 2.415 Thread 0x000000001f82f000 Uncommon trap: reason=range_check action=make_not_entrant pc=0x00000000030f5350 method=java.awt.image.DirectColorModel.setFields()V @ 65
Event: 2.982 Thread 0x000000001f81a800 Uncommon trap: reason=predicate action=maybe_recompile pc=0x000000000314a108 method=java.util.ArrayList.indexOf(Ljava/lang/Object;)I @ 44
Event: 3.213 Thread 0x000000001f81a800 Uncommon trap: reason=unreached action=reinterpret pc=0x0000000003173a78 method=processing.opengl.PGraphicsOpenGL$InGeometry.addVertex(FFFIFFFFFIFIIIFIZ)I @ 218
Event: 3.447 Thread 0x000000001f81a800 Uncommon trap: reason=unreached action=reinterpret pc=0x00000000030417f0 method=java.lang.reflect.AccessibleObject.setAccessible0(Ljava/lang/reflect/AccessibleObject;Z)V @ 4

Internal exceptions (10 events):
Event: 3.132 Thread 0x000000001f81a800 Exception <a 'java/security/PrivilegedActionException'> (0x000000076f9e3378) thrown at [C:\workspace\8-2-build-windows-amd64-cygwin\jdk8u31\2394\hotspot\src\share\vm\prims\jvm.cpp, line 1312]
Event: 3.132 Thread 0x000000001f81a800 Exception <a 'java/security/PrivilegedActionException'> (0x000000076f9e7528) thrown at [C:\workspace\8-2-build-windows-amd64-cygwin\jdk8u31\2394\hotspot\src\share\vm\prims\jvm.cpp, line 1312]
Event: 3.132 Thread 0x000000001f81a800 Exception <a 'java/security/PrivilegedActionException'> (0x000000076f9ebc30) thrown at [C:\workspace\8-2-build-windows-amd64-cygwin\jdk8u31\2394\hotspot\src\share\vm\prims\jvm.cpp, line 1312]
Event: 3.132 Thread 0x000000001f81a800 Exception <a 'java/security/PrivilegedActionException'> (0x000000076f9f0318) thrown at [C:\workspace\8-2-build-windows-amd64-cygwin\jdk8u31\2394\hotspot\src\share\vm\prims\jvm.cpp, line 1312]
Event: 3.132 Thread 0x000000001f81a800 Exception <a 'java/security/PrivilegedActionException'> (0x000000076f9f4170) thrown at [C:\workspace\8-2-build-windows-amd64-cygwin\jdk8u31\2394\hotspot\src\share\vm\prims\jvm.cpp, line 1312]
Event: 3.133 Thread 0x000000001f81a800 Exception <a 'java/security/PrivilegedActionException'> (0x000000076f9f8c60) thrown at [C:\workspace\8-2-build-windows-amd64-cygwin\jdk8u31\2394\hotspot\src\share\vm\prims\jvm.cpp, line 1312]
Event: 3.133 Thread 0x000000001f81a800 Exception <a 'java/security/PrivilegedActionException'> (0x000000076f9fc688) thrown at [C:\workspace\8-2-build-windows-amd64-cygwin\jdk8u31\2394\hotspot\src\share\vm\prims\jvm.cpp, line 1312]
Event: 3.133 Thread 0x000000001f81a800 Exception <a 'java/security/PrivilegedActionException'> (0x000000076fa008c0) thrown at [C:\workspace\8-2-build-windows-amd64-cygwin\jdk8u31\2394\hotspot\src\share\vm\prims\jvm.cpp, line 1312]
Event: 3.134 Thread 0x000000001f81a800 Exception <a 'java/security/PrivilegedActionException'> (0x000000076fa06ac0) thrown at [C:\workspace\8-2-build-windows-amd64-cygwin\jdk8u31\2394\hotspot\src\share\vm\prims\jvm.cpp, line 1312]
Event: 3.146 Thread 0x000000001f81a800 Exception <a 'java/security/PrivilegedActionException'> (0x000000076fae05f0) thrown at [C:\workspace\8-2-build-windows-amd64-cygwin\jdk8u31\2394\hotspot\src\share\vm\prims\jvm.cpp, line 1312]

Events (10 events):
Event: 10.997 loading class javax/swing/JComponent$IntVector done
Event: 10.997 loading class javax/swing/KeyboardManager
Event: 10.998 loading class javax/swing/KeyboardManager done
Event: 10.998 loading class javax/swing/Popup$HeavyWeightWindow
Event: 10.998 loading class sun/awt/ModalExclude
Event: 10.998 loading class sun/awt/ModalExclude done
Event: 10.998 loading class javax/swing/JWindow
Event: 10.998 loading class javax/swing/JWindow done
Event: 10.998 loading class javax/swing/Popup$HeavyWeightWindow done
Event: 11.035 Thread 0x000000001fac9800 Thread exited: 0x000000001fac9800


Dynamic libraries:
0x00007ff7c70d0000 - 0x00007ff7c7104000 	C:\Program Files\Java\jre1.8.0_31\bin\javaw.exe
0x00007ff96b710000 - 0x00007ff96b8bc000 	C:\Windows\SYSTEM32\ntdll.dll
0x00007ff9693f0000 - 0x00007ff96952e000 	C:\Windows\system32\KERNEL32.DLL
0x00007ff968b60000 - 0x00007ff968c75000 	C:\Windows\system32\KERNELBASE.dll
0x00007ff967400000 - 0x00007ff96748e000 	C:\Windows\system32\apphelp.dll
0x00007ff962080000 - 0x00007ff9620d3000 	C:\Windows\AppPatch\AppPatch64\AcGenral.DLL
0x00007ff969060000 - 0x00007ff96910a000 	C:\Windows\system32\msvcrt.dll
0x00007ff968690000 - 0x00007ff9686be000 	C:\Windows\SYSTEM32\SspiCli.dll
0x00007ff96b640000 - 0x00007ff96b694000 	C:\Windows\system32\SHLWAPI.dll
0x00007ff969110000 - 0x00007ff969287000 	C:\Windows\system32\USER32.dll
0x00007ff96acf0000 - 0x00007ff96ae84000 	C:\Windows\system32\ole32.dll
0x00007ff969530000 - 0x00007ff96aa48000 	C:\Windows\system32\SHELL32.dll
0x00007ff967df0000 - 0x00007ff967e11000 	C:\Windows\SYSTEM32\USERENV.dll
0x00007ff96b210000 - 0x00007ff96b2ba000 	C:\Windows\system32\ADVAPI32.dll
0x00007ff9609a0000 - 0x00007ff9609be000 	C:\Windows\SYSTEM32\MPR.dll
0x00007ff969290000 - 0x00007ff9693d1000 	C:\Windows\system32\RPCRT4.dll
0x00007ff96b420000 - 0x00007ff96b479000 	C:\Windows\SYSTEM32\sechost.dll
0x00007ff96aff0000 - 0x00007ff96b201000 	C:\Windows\SYSTEM32\combase.dll
0x00007ff96ae90000 - 0x00007ff96afe1000 	C:\Windows\system32\GDI32.dll
0x00007ff968860000 - 0x00007ff968875000 	C:\Windows\SYSTEM32\profapi.dll
0x00007ff966db0000 - 0x00007ff966e62000 	C:\Windows\SYSTEM32\SHCORE.dll
0x00007ff968d90000 - 0x00007ff968dc6000 	C:\Windows\system32\IMM32.DLL
0x00007ff96b2c0000 - 0x00007ff96b412000 	C:\Windows\system32\MSCTF.dll
0x00007ff9662f0000 - 0x00007ff96656b000 	C:\Windows\WinSxS\amd64_microsoft.windows.common-controls_6595b64144ccf1df_6.0.9600.17415_none_6240486fecbd8abb\COMCTL32.dll
0x000000006ae40000 - 0x000000006af12000 	C:\Program Files\Java\jre1.8.0_31\bin\msvcr100.dll
0x0000000069ab0000 - 0x000000006a30a000 	C:\Program Files\Java\jre1.8.0_31\bin\server\jvm.dll
0x00007ff966a30000 - 0x00007ff966a39000 	C:\Windows\SYSTEM32\WSOCK32.dll
0x00007ff962a70000 - 0x00007ff962a92000 	C:\Windows\SYSTEM32\WINMM.dll
0x00007ff969050000 - 0x00007ff969057000 	C:\Windows\system32\PSAPI.DLL
0x00007ff96b6a0000 - 0x00007ff96b6fa000 	C:\Windows\system32\WS2_32.dll
0x00007ff95fb30000 - 0x00007ff95fb5a000 	C:\Windows\SYSTEM32\WINMMBASE.dll
0x00007ff96b5a0000 - 0x00007ff96b5a9000 	C:\Windows\system32\NSI.dll
0x00007ff968930000 - 0x00007ff96897f000 	C:\Windows\SYSTEM32\cfgmgr32.dll
0x00007ff967680000 - 0x00007ff9676a8000 	C:\Windows\SYSTEM32\DEVOBJ.dll
0x0000000069aa0000 - 0x0000000069aaf000 	C:\Program Files\Java\jre1.8.0_31\bin\verify.dll
0x0000000069a70000 - 0x0000000069a98000 	C:\Program Files\Java\jre1.8.0_31\bin\java.dll
0x0000000069a50000 - 0x0000000069a66000 	C:\Program Files\Java\jre1.8.0_31\bin\zip.dll
0x000000006aca0000 - 0x000000006ae38000 	C:\Program Files\Java\jre1.8.0_31\bin\awt.dll
0x00007ff968dd0000 - 0x00007ff968e91000 	C:\Windows\system32\OLEAUT32.dll
0x00007ff966bb0000 - 0x00007ff966bd1000 	C:\Windows\system32\DWMAPI.DLL
0x00007ff9674d0000 - 0x00007ff9675f9000 	C:\Windows\system32\uxtheme.dll
0x00007ff967650000 - 0x00007ff96765b000 	C:\Windows\SYSTEM32\kernel.appcore.dll
0x00007ff968730000 - 0x00007ff96873b000 	C:\Windows\SYSTEM32\CRYPTBASE.dll
0x00007ff9686c0000 - 0x00007ff968723000 	C:\Windows\SYSTEM32\bcryptPrimitives.dll
0x00007ff95dc40000 - 0x00007ff95de61000 	C:\Windows\system32\d3d9.dll
0x00007ff965f40000 - 0x00007ff965f4a000 	C:\Windows\SYSTEM32\VERSION.dll
0x00007ff965fb0000 - 0x00007ff9660f4000 	C:\Windows\SYSTEM32\aticfx64.dll
0x00007ff95ff30000 - 0x00007ff95ff50000 	C:\Windows\SYSTEM32\atiu9p64.dll
0x00007ff948af0000 - 0x00007ff949251000 	C:\Windows\SYSTEM32\atiumd64.dll
0x000000006afd0000 - 0x000000006b85d000 	C:\Windows\SYSTEM32\atiumd6a.dll
0x000000006ac50000 - 0x000000006ac97000 	C:\Program Files\Java\jre1.8.0_31\bin\fontmanager.dll
0x00007ff968230000 - 0x00007ff968250000 	C:\Windows\SYSTEM32\CRYPTSP.dll
0x00007ff967c40000 - 0x00007ff967c76000 	C:\Windows\system32\rsaenh.dll
0x00007ff968380000 - 0x00007ff9683a6000 	C:\Windows\SYSTEM32\bcrypt.dll
0x0000000069a30000 - 0x0000000069a4a000 	C:\Program Files\Java\jre1.8.0_31\bin\net.dll
0x00007ff9681d0000 - 0x00007ff968229000 	C:\Windows\system32\mswsock.dll
0x00007ff963a70000 - 0x00007ff963a9a000 	C:\Windows\SYSTEM32\IPHLPAPI.DLL
0x00007ff963a60000 - 0x00007ff963a6a000 	C:\Windows\SYSTEM32\WINNSI.DLL
0x00007ff962db0000 - 0x00007ff962dc6000 	C:\Windows\SYSTEM32\dhcpcsvc6.DLL
0x00007ff963090000 - 0x00007ff9630aa000 	C:\Windows\SYSTEM32\dhcpcsvc.DLL
0x0000000069a10000 - 0x0000000069a21000 	C:\Program Files\Java\jre1.8.0_31\bin\nio.dll
0x00000000637c0000 - 0x00000000637cd000 	C:\Users\Admin\AppData\Local\Temp\jogamp_0000\file_cache\jln8839729765862778297\jln2078553588638254369\gluegen-rt.dll
0x000000006ac40000 - 0x000000006ac47000 	C:\Program Files\Java\jre1.8.0_31\bin\jawt.dll
0x000000006a440000 - 0x000000006a44d000 	C:\Users\Admin\AppData\Local\Temp\jogamp_0000\file_cache\jln8839729765862778297\jln2078553588638254369\nativewindow_awt.dll
0x000000006c100000 - 0x000000006c10f000 	C:\Users\Admin\AppData\Local\Temp\jogamp_0000\file_cache\jln8839729765862778297\jln2078553588638254369\nativewindow_win32.dll
0x00007ff953960000 - 0x00007ff953a8b000 	C:\Windows\SYSTEM32\OpenGL32.dll
0x00007ff963800000 - 0x00007ff96382e000 	C:\Windows\SYSTEM32\GLU32.dll
0x00007ff947720000 - 0x00007ff947818000 	C:\Windows\SYSTEM32\DDRAW.dll
0x00007ff963790000 - 0x00007ff963799000 	C:\Windows\SYSTEM32\DCIMAN32.dll
0x0000000064500000 - 0x00000000645a2000 	C:\Users\Admin\AppData\Local\Temp\jogamp_0000\file_cache\jln8839729765862778297\jln2078553588638254369\jogl_desktop.dll
0x00007ff965720000 - 0x00007ff965738000 	C:\Windows\SYSTEM32\atig6pxx.dll
0x0000000068030000 - 0x00000000699d1000 	C:\Windows\SYSTEM32\atio6axx.dll
0x00007ff96ab10000 - 0x00007ff96acea000 	C:\Windows\system32\SETUPAPI.dll
0x00007ff963f20000 - 0x00007ff964048000 	C:\Windows\SYSTEM32\atiadlxx.dll
0x00007ff9650a0000 - 0x00007ff96521f000 	C:\Windows\SYSTEM32\PROPSYS.dll
0x00007ff9673e0000 - 0x00007ff9673f2000 	C:\Windows\SYSTEM32\WTSAPI32.dll
0x00007ff968c80000 - 0x00007ff968cd1000 	C:\Windows\system32\WINTRUST.dll
0x00007ff968980000 - 0x00007ff968b5f000 	C:\Windows\system32\CRYPT32.dll
0x00007ff968910000 - 0x00007ff968921000 	C:\Windows\system32\MSASN1.dll
0x00007ff9635e0000 - 0x00007ff9635fe000 	C:\Windows\SYSTEM32\atig6txx.dll
0x00007ff948460000 - 0x00007ff9485fc000 	C:\Users\Admin\Documents\GitHub\ZZ1-Project\src\Eclipse\ZZavatar\lib\user\KinectPV2\Kinect20.Face.dll
0x00007ff962190000 - 0x00007ff962237000 	C:\Windows\SYSTEM32\MSVCP110.dll
0x00007ff961f70000 - 0x00007ff962044000 	C:\Windows\SYSTEM32\MSVCR110.dll
0x00007ff965880000 - 0x00007ff965890000 	C:\Users\Admin\Documents\GitHub\ZZ1-Project\src\Eclipse\ZZavatar\lib\user\KinectPV2\KinectPV2.dll
0x00007ff959630000 - 0x00007ff9596ea000 	C:\Windows\SYSTEM32\Kinect20.dll
0x00007ff95c6a0000 - 0x00007ff95c78b000 	C:\Windows\SYSTEM32\MFPlat.DLL
0x00007ff965630000 - 0x00007ff965657000 	C:\Windows\SYSTEM32\RTWorkQ.DLL
0x00007ff966840000 - 0x00007ff96684c000 	C:\Windows\SYSTEM32\AVRT.dll
0x00007ff965aa0000 - 0x00007ff965c2a000 	C:\Windows\SYSTEM32\dbghelp.dll

VM Arguments:
jvm_args: -Djava.library.path=C:\Users\Admin\Documents\GitHub\ZZ1-Project\src\Eclipse\ZZavatar\lib\base\video;C:\Users\Admin\Documents\GitHub\ZZ1-Project\src\Eclipse\ZZavatar\lib\base\video;C:\Users\Admin\Documents\GitHub\ZZ1-Project\src\Eclipse\ZZavatar\lib\base\video;C:\Users\Admin\Documents\GitHub\ZZ1-Project\src\Eclipse\ZZavatar\lib\base\core;C:\Users\Admin\Documents\GitHub\ZZ1-Project\src\Eclipse\ZZavatar\lib\base\core;C:\Users\Admin\Documents\GitHub\ZZ1-Project\src\Eclipse\ZZavatar\lib\base\core;C:\Users\Admin\Documents\GitHub\ZZ1-Project\src\Eclipse\ZZavatar\lib\base\core;C:\Users\Admin\Documents\GitHub\ZZ1-Project\src\Eclipse\ZZavatar\lib\base\core;C:\Users\Admin\Documents\GitHub\ZZ1-Project\src\Eclipse\ZZavatar\lib\base\core;C:\Users\Admin\Documents\GitHub\ZZ1-Project\src\Eclipse\ZZavatar\lib\base\core;C:\Users\Admin\Documents\GitHub\ZZ1-Project\src\Eclipse\ZZavatar\lib\base\core;C:\Users\Admin\Documents\GitHub\ZZ1-Project\src\Eclipse\ZZavatar\lib\base\core;C:\Users\Admin\Documents\GitHub\ZZ1-Project\src\Eclipse\ZZavatar\lib\base\core;C:\Users\Admin\Documents\GitHub\ZZ1-Project\src\Eclipse\ZZavatar\lib\base\core;C:\Users\Admin\Documents\GitHub\ZZ1-Project\src\Eclipse\ZZavatar\lib\base\core;C:\Users\Admin\Documents\GitHub\ZZ1-Project\src\Eclipse\ZZavatar\lib\base\core;C:\Users\Admin\Documents\GitHub\ZZ1-Project\src\Eclipse\ZZavatar\lib\base\core;C:\Users\Admin\Documents\GitHub\ZZ1-Project\src\Eclipse\ZZavatar\lib\base\core;C:\Users\Admin\Documents\GitHub\ZZ1-Project\src\Eclipse\ZZavatar\lib\user\Kinect4WinSDK;C:\Users\Admin\Documents\GitHub\ZZ1-Project\src\Eclipse\ZZavatar\lib\user\KinectPV2;C:\Users\Admin\Documents\GitHub\ZZ1-Project\src\Eclipse\ZZavatar\lib\user\SimpleOpenNI -Dfile.encoding=Cp1252 
java_command: zzavatar.ZZavatar
java_class_path (initial): C:\Users\Admin\Documents\GitHub\ZZ1-Project\src\Eclipse\ZZavatar\lib\base\video\gstreamer-java.jar;C:\Users\Admin\Documents\GitHub\ZZ1-Project\src\Eclipse\ZZavatar\lib\base\video\jna.jar;C:\Users\Admin\Documents\GitHub\ZZ1-Project\src\Eclipse\ZZavatar\lib\base\video\video.jar;C:\Users\Admin\Documents\GitHub\ZZ1-Project\src\Eclipse\ZZavatar\lib\base\core\core.jar;C:\Users\Admin\Documents\GitHub\ZZ1-Project\src\Eclipse\ZZavatar\lib\base\core\gluegen-rt-natives-linux-amd64.jar;C:\Users\Admin\Documents\GitHub\ZZ1-Project\src\Eclipse\ZZavatar\lib\base\core\gluegen-rt-natives-linux-armv6hf.jar;C:\Users\Admin\Documents\GitHub\ZZ1-Project\src\Eclipse\ZZavatar\lib\base\core\gluegen-rt-natives-linux-i586.jar;C:\Users\Admin\Documents\GitHub\ZZ1-Project\src\Eclipse\ZZavatar\lib\base\core\gluegen-rt-natives-macosx-universal.jar;C:\Users\Admin\Documents\GitHub\ZZ1-Project\src\Eclipse\ZZavatar\lib\base\core\gluegen-rt-natives-windows-amd64.jar;C:\Users\Admin\Documents\GitHub\ZZ1-Project\src\Eclipse\ZZavatar\lib\base\core\gluegen-rt-natives-windows-i586.jar;C:\Users\Admin\Documents\GitHub\ZZ1-Project\src\Eclipse\ZZavatar\lib\base\core\gluegen-rt.jar;C:\Users\Admin\Documents\GitHub\ZZ1-Project\src\Eclipse\ZZavatar\lib\base\core\jogl-all-natives-linux-amd64.jar;C:\Users\Admin\Documents\GitHub\ZZ1-Project\src\Eclipse\ZZavatar\lib\base\core\jogl-all-natives-linux-armv6hf.jar;C:\Users\Admin\Documents\GitHub\ZZ1-Project\src\Eclipse\ZZavatar\lib\base\core\jogl-all-natives-linux-i586.jar;C:\Users\Admin\Documents\GitHub\ZZ1-Project\src\Eclipse\ZZavatar\lib\base\core\jogl-all-natives-macosx-universal.jar;C:\Users\Admin\Documents\GitHub\ZZ1-Project\src\Eclipse\ZZavatar\lib\base\core\jogl-all-natives-windows-amd64.jar;C:\Users\Admin\Documents\GitHub\ZZ1-Project\src\Eclipse\ZZavatar\lib\base\core\jogl-all-natives-windows-i586.jar;C:\Users\Admin\Documents\GitHub\ZZ1-Project\src\Eclipse\ZZavatar\lib\base\core\jogl-all.jar;C:\Users\Admin\Documents\GitHub\ZZ1-Project\sr
Launcher Type: SUN_STANDARD

Environment Variables:
PATH=C:/Program Files/Java/jre1.8.0_31/bin/server;C:/Program Files/Java/jre1.8.0_31/bin;C:/Program Files/Java/jre1.8.0_31/lib/amd64;C:\Program Files (x86)\NVIDIA Corporation\PhysX\Common;C:\ProgramData\Oracle\Java\javapath;C:\Windows\system32;C:\Windows;C:\Windows\System32\Wbem;C:\Windows\System32\WindowsPowerShell\v1.0\;C:\Program Files (x86)\ATI Technologies\ATI.ACE\Core-Static;C:\Program Files (x86)\Windows Kits\8.1\Windows Performance Toolkit\;C:\Program Files\Microsoft SQL Server\120\Tools\Binn\;C:\Program Files (x86)\Microsoft SDKs\TypeScript\1.1\;C:\Program Files (x86)\nodejs\;C:\Users\Admin\AppData\Roaming\npm;C:\Program Files\eclipse;
USERNAME=Admin
OS=Windows_NT
PROCESSOR_IDENTIFIER=AMD64 Family 21 Model 2 Stepping 0, AuthenticAMD



---------------  S Y S T E M  ---------------

OS: Windows 8.1 , 64 bit Build 9600 

CPU:total 8 (8 cores per cpu, 1 threads per core) family 21 model 2 stepping 0, cmov, cx8, fxsr, mmx, sse, sse2, sse3, ssse3, sse4.1, sse4.2, popcnt, avx, aes, clmul, mmxext, 3dnowpref, lzcnt, sse4a, tsc, tscinvbit, tscinv, bmi1

Memory: 4k page, physical 16674296k(11791216k free), swap 19164664k(12581788k free)

vm_info: Java HotSpot(TM) 64-Bit Server VM (25.31-b07) for windows-amd64 JRE (1.8.0_31-b13), built on Dec 17 2014 21:00:28 by "java_re" with MS VC++ 10.0 (VS2010)

time: Sun May 10 15:35:20 2015
elapsed time: 11 seconds (0d 0h 0m 11s)

