#
# A fatal error has been detected by the Java Runtime Environment:
#
#  EXCEPTION_ACCESS_VIOLATION (0xc0000005) at pc=0x00007ffedc7f4113, pid=7292, tid=1236
#
# JRE version: Java(TM) SE Runtime Environment (8.0_25-b18) (build 1.8.0_25-b18)
# Java VM: Java HotSpot(TM) 64-Bit Server VM (25.25-b02 mixed mode windows-amd64 compressed oops)
# Problematic frame:
# C  [KinectPV2.dll+0x4113]
#
# Failed to write core dump. Minidumps are not enabled by default on client versions of Windows
#
# If you would like to submit a bug report, please visit:
#   http://bugreport.sun.com/bugreport/crash.jsp
# The crash happened outside the Java Virtual Machine in native code.
# See problematic frame for where to report the bug.
#

---------------  T H R E A D  ---------------

Current thread (0x0000000019bf8000):  JavaThread "Animation Thread" [_thread_in_native, id=1236, stack(0x000000001cce0000,0x000000001cde0000)]

siginfo: ExceptionCode=0xc0000005, reading address 0xffffffffffffffff

Registers:
RAX=0x74000138a9f93d80, RBX=0x000000002e2f1040, RCX=0x0000000067fa9670, RDX=0x0000000000000000
RSP=0x000000001cdde7b0, RBP=0x0000000000000006, RSI=0x0000000000000000, RDI=0x000000001f479438
R8 =0x000000001cdde478, R9 =0x0000000000008000, R10=0x0000000000000000, R11=0x000000001cdde6b0
R12=0x0000000000000000, R13=0x000000001f9dd0b8, R14=0x0000000000000000, R15=0x0000000019bf8000
RIP=0x00007ffedc7f4113, EFLAGS=0x0000000000010202

Top of Stack: (sp=0x000000001cdde7b0)
0x000000001cdde7b0:   000000001f479408 000000001fd9ef38
0x000000001cdde7c0:   000000001f479408 0000000000000000
0x000000001cdde7d0:   000000001cdde8a0 00007ffedc7f1fba
0x000000001cdde7e0:   000000001cdde8a0 000000001cdde880
0x000000001cdde7f0:   0000000019bf81e8 0000000019b88e70
0x000000001cdde800:   00000000a3b163c8 0000000002c35b74
0x000000001cdde810:   000000001f9dd0b8 0000000000000021
0x000000001cdde820:   0000000000000021 0000000019bf8000
0x000000001cdde830:   000000001cdde8f8 0000000002c358a2
0x000000001cdde840:   000000001cdde840 000000001f9dd0b8
0x000000001cdde850:   000000001cdde8a0 000000001f9de048
0x000000001cdde860:   0000000000000000 000000001f9dd0b8
0x000000001cdde870:   0000000000000000 000000001cdde8a0
0x000000001cdde880:   000000001cdde8e8 0000000002c27a2d
0x000000001cdde890:   0000000000000000 0000000002c2f6b8
0x000000001cdde8a0:   00000000a384fa90 000000001cdde8a8 

Instructions: (pc=0x00007ffedc7f4113)
0x00007ffedc7f40f3:   48 8b 0f 48 85 c9 74 09 48 8b 01 ff 50 10 4c 89
0x00007ffedc7f4103:   37 48 8b 8f 90 00 00 00 48 85 c9 74 0d 48 8b 01
0x00007ffedc7f4113:   ff 50 10 4c 89 b7 90 00 00 00 48 8b 4f 30 48 85
0x00007ffedc7f4123:   c9 74 0a 48 8b 01 ff 50 10 4c 89 77 30 48 8b 4f 


Register to memory mapping:

RAX=0x74000138a9f93d80 is an unknown value
RBX=0x000000002e2f1040 is an unknown value
RCX=0x0000000067fa9670 is an unknown value
RDX=0x0000000000000000 is an unknown value
RSP=0x000000001cdde7b0 is pointing into the stack for thread: 0x0000000019bf8000
RBP=0x0000000000000006 is an unknown value
RSI=0x0000000000000000 is an unknown value
RDI=0x000000001f479438 is an unknown value
R8 =0x000000001cdde478 is pointing into the stack for thread: 0x0000000019bf8000
R9 =0x0000000000008000 is an unknown value
R10=0x0000000000000000 is an unknown value
R11=0x000000001cdde6b0 is pointing into the stack for thread: 0x0000000019bf8000
R12=0x0000000000000000 is an unknown value
R13={method} {0x000000001f9dd0c0} 'jniStopDevice' '()V' in 'KinectPV2/Device'
R14=0x0000000000000000 is an unknown value
R15=0x0000000019bf8000 is a thread


Stack: [0x000000001cce0000,0x000000001cde0000],  sp=0x000000001cdde7b0,  free space=1017k
Native frames: (J=compiled Java code, j=interpreted, Vv=VM code, C=native code)
C  [KinectPV2.dll+0x4113]
C  [KinectPV2.dll+0x1fba]
C  0x0000000002c35b74

Java frames: (J=compiled Java code, j=interpreted, Vv=VM code)
j  KinectPV2.Device.jniStopDevice()V+0
j  KinectPV2.Device.stopDevice()V+41
j  KinectPV2.KinectPV2.dispose()V+14
v  ~StubRoutines::call_stub
j  sun.reflect.NativeMethodAccessorImpl.invoke0(Ljava/lang/reflect/Method;Ljava/lang/Object;[Ljava/lang/Object;)Ljava/lang/Object;+0
j  sun.reflect.NativeMethodAccessorImpl.invoke(Ljava/lang/Object;[Ljava/lang/Object;)Ljava/lang/Object;+100
J 1833 C1 sun.reflect.DelegatingMethodAccessorImpl.invoke(Ljava/lang/Object;[Ljava/lang/Object;)Ljava/lang/Object; (10 bytes) @ 0x00000000032b39c4 [0x00000000032b38c0+0x104]
J 1832 C1 java.lang.reflect.Method.invoke(Ljava/lang/Object;[Ljava/lang/Object;)Ljava/lang/Object; (62 bytes) @ 0x00000000032ab964 [0x00000000032ab580+0x3e4]
j  processing.core.PApplet$RegisteredMethods.handle([Ljava/lang/Object;)V+18
J 1681 C1 processing.core.PApplet.handleMethods(Ljava/lang/String;)V (21 bytes) @ 0x000000000325f55c [0x000000000325f2a0+0x2bc]
j  processing.core.PApplet.dispose()V+35
j  processing.core.PApplet.run()V+283
j  java.lang.Thread.run()V+11
v  ~StubRoutines::call_stub

---------------  P R O C E S S  ---------------

Java Threads: ( => current thread )
  0x000000001dc08800 JavaThread "Animation Thread-SharedResourceRunner" daemon [_thread_blocked, id=8132, stack(0x000000001c6f0000,0x000000001c7f0000)]
  0x0000000002b1e800 JavaThread "DestroyJavaVM" [_thread_blocked, id=6800, stack(0x0000000002930000,0x0000000002a30000)]
  0x0000000019bfa000 JavaThread "D3D Screen Updater" daemon [_thread_blocked, id=9956, stack(0x000000001cfe0000,0x000000001d0e0000)]
=>0x0000000019bf8000 JavaThread "Animation Thread" [_thread_in_native, id=1236, stack(0x000000001cce0000,0x000000001cde0000)]
  0x0000000019bd0800 JavaThread "AWT-EventQueue-0" [_thread_blocked, id=8592, stack(0x000000001cae0000,0x000000001cbe0000)]
  0x0000000019b31000 JavaThread "AWT-Windows" daemon [_thread_in_native, id=8244, stack(0x000000001a440000,0x000000001a540000)]
  0x0000000018d3e000 JavaThread "AWT-Shutdown" [_thread_blocked, id=6064, stack(0x000000001a340000,0x000000001a440000)]
  0x0000000019b30000 JavaThread "Java2D Disposer" daemon [_thread_blocked, id=9788, stack(0x000000001a240000,0x000000001a340000)]
  0x00000000189ec000 JavaThread "Service Thread" daemon [_thread_blocked, id=9492, stack(0x0000000019340000,0x0000000019440000)]
  0x0000000018978800 JavaThread "C1 CompilerThread3" daemon [_thread_blocked, id=9004, stack(0x0000000019240000,0x0000000019340000)]
  0x0000000018973800 JavaThread "C2 CompilerThread2" daemon [_thread_blocked, id=3240, stack(0x0000000019140000,0x0000000019240000)]
  0x000000001896f800 JavaThread "C2 CompilerThread1" daemon [_thread_blocked, id=5788, stack(0x0000000019040000,0x0000000019140000)]
  0x000000001896a800 JavaThread "C2 CompilerThread0" daemon [_thread_blocked, id=9328, stack(0x0000000018f40000,0x0000000019040000)]
  0x0000000018968000 JavaThread "Attach Listener" daemon [_thread_blocked, id=9056, stack(0x0000000018e40000,0x0000000018f40000)]
  0x0000000018967000 JavaThread "Signal Dispatcher" daemon [_thread_blocked, id=9584, stack(0x0000000018d40000,0x0000000018e40000)]
  0x0000000002c1a800 JavaThread "Finalizer" daemon [_thread_blocked, id=5580, stack(0x0000000018840000,0x0000000018940000)]
  0x000000001696b800 JavaThread "Reference Handler" daemon [_thread_blocked, id=4444, stack(0x0000000018740000,0x0000000018840000)]

Other Threads:
  0x0000000016968800 VMThread [stack: 0x0000000018640000,0x0000000018740000] [id=2320]
  0x00000000189f8000 WatcherThread [stack: 0x0000000019440000,0x0000000019540000] [id=9692]

VM state:not at safepoint (normal execution)

VM Mutex/Monitor currently owned by a thread: None

Heap:
 PSYoungGen      total 293888K, used 256114K [0x00000000e0400000, 0x00000000f5880000, 0x0000000100000000)
  eden space 247808K, 99% used [0x00000000e0400000,0x00000000ef4310f8,0x00000000ef600000)
  from space 46080K, 22% used [0x00000000ef600000,0x00000000effeb750,0x00000000f2300000)
  to   space 45056K, 0% used [0x00000000f2c80000,0x00000000f2c80000,0x00000000f5880000)
 ParOldGen       total 226816K, used 145299K [0x00000000a0c00000, 0x00000000ae980000, 0x00000000e0400000)
  object space 226816K, 64% used [0x00000000a0c00000,0x00000000a99e4d78,0x00000000ae980000)
 Metaspace       used 17826K, capacity 18025K, committed 18304K, reserved 1064960K
  class space    used 1734K, capacity 1793K, committed 1920K, reserved 1048576K

Card table byte_map: [0x0000000011fe0000,0x00000000122e0000] byte_map_base: 0x0000000011ada000

Marking Bits: (ParMarkBitMap*) 0x000000006ab8d490
 Begin Bits: [0x0000000012ce0000, 0x00000000144b0000)
 End Bits:   [0x00000000144b0000, 0x0000000015c80000)

Polling page: 0x0000000001150000

CodeCache: size=245760Kb used=7452Kb max_used=7452Kb free=238307Kb
 bounds [0x0000000002c20000, 0x0000000003370000, 0x0000000011c20000]
 total_blobs=2892 nmethods=2021 adapters=785
 compilation: enabled

Compilation events (10 events):
Event: 11.162 Thread 0x0000000018978800 2018   !   3       java.beans.WeakIdentityMap::get (278 bytes)
Event: 11.164 Thread 0x0000000018978800 nmethod 2018 0x0000000003362ed0 code [0x0000000003363160, 0x00000000033644f8]
Event: 11.164 Thread 0x0000000018978800 2019   !   3       java.beans.WeakIdentityMap::removeStaleEntries (154 bytes)
Event: 11.165 Thread 0x0000000018978800 nmethod 2019 0x000000000336a210 code [0x000000000336a440, 0x000000000336b418]
Event: 11.165 Thread 0x0000000018978800 2020       3       processing.core.PGraphics::colorCalc (206 bytes)
Event: 11.165 Thread 0x0000000018978800 nmethod 2020 0x0000000003367b10 code [0x0000000003367ce0, 0x00000000033681f0]
Event: 11.180 Thread 0x0000000018978800 2021   !   3       sun.awt.windows.WWindowPeer::getTranslucentGraphics (37 bytes)
Event: 11.181 Thread 0x0000000018978800 nmethod 2021 0x000000000336be90 code [0x000000000336c020, 0x000000000336c598]
Event: 11.181 Thread 0x0000000018978800 2022       3       sun.java2d.d3d.D3DScreenUpdateManager::createGraphics (76 bytes)
Event: 11.181 Thread 0x0000000018978800 nmethod 2022 0x000000000336c750 code [0x000000000336c920, 0x000000000336d288]

GC Heap History (10 events):
Event: 7.288 GC heap before
{Heap before GC invocations=18 (full 3):
 PSYoungGen      total 261632K, used 217223K [0x00000000e0400000, 0x00000000f4180000, 0x0000000100000000)
  eden space 212480K, 97% used [0x00000000e0400000,0x00000000ece3ef08,0x00000000ed380000)
  from space 49152K, 20% used [0x00000000f1180000,0x00000000f1b62db0,0x00000000f4180000)
  to   space 56320K, 0% used [0x00000000ed380000,0x00000000ed380000,0x00000000f0a80000)
 ParOldGen       total 226816K, used 145259K [0x00000000a0c00000, 0x00000000ae980000, 0x00000000e0400000)
  object space 226816K, 64% used [0x00000000a0c00000,0x00000000a99dad78,0x00000000ae980000)
 Metaspace       used 17615K, capacity 17889K, committed 18048K, reserved 1064960K
  class space    used 1723K, capacity 1793K, committed 1920K, reserved 1048576K
Event: 7.291 GC heap after
Heap after GC invocations=18 (full 3):
 PSYoungGen      total 268800K, used 10157K [0x00000000e0400000, 0x00000000f5880000, 0x0000000100000000)
  eden space 212480K, 0% used [0x00000000e0400000,0x00000000e0400000,0x00000000ed380000)
  from space 56320K, 18% used [0x00000000ed380000,0x00000000edd6b750,0x00000000f0a80000)
  to   space 54272K, 0% used [0x00000000f2380000,0x00000000f2380000,0x00000000f5880000)
 ParOldGen       total 226816K, used 145267K [0x00000000a0c00000, 0x00000000ae980000, 0x00000000e0400000)
  object space 226816K, 64% used [0x00000000a0c00000,0x00000000a99dcd78,0x00000000ae980000)
 Metaspace       used 17615K, capacity 17889K, committed 18048K, reserved 1064960K
  class space    used 1723K, capacity 1793K, committed 1920K, reserved 1048576K
}
Event: 7.991 GC heap before
{Heap before GC invocations=19 (full 3):
 PSYoungGen      total 268800K, used 216907K [0x00000000e0400000, 0x00000000f5880000, 0x0000000100000000)
  eden space 212480K, 97% used [0x00000000e0400000,0x00000000ecde75d0,0x00000000ed380000)
  from space 56320K, 18% used [0x00000000ed380000,0x00000000edd6b750,0x00000000f0a80000)
  to   space 54272K, 0% used [0x00000000f2380000,0x00000000f2380000,0x00000000f5880000)
 ParOldGen       total 226816K, used 145267K [0x00000000a0c00000, 0x00000000ae980000, 0x00000000e0400000)
  object space 226816K, 64% used [0x00000000a0c00000,0x00000000a99dcd78,0x00000000ae980000)
 Metaspace       used 17625K, capacity 17889K, committed 18048K, reserved 1064960K
  class space    used 1723K, capacity 1793K, committed 1920K, reserved 1048576K
Event: 7.996 GC heap after
Heap after GC invocations=19 (full 3):
 PSYoungGen      total 281088K, used 10205K [0x00000000e0400000, 0x00000000f5000000, 0x0000000100000000)
  eden space 235520K, 0% used [0x00000000e0400000,0x00000000e0400000,0x00000000eea00000)
  from space 45568K, 22% used [0x00000000f2380000,0x00000000f2d77740,0x00000000f5000000)
  to   space 52224K, 0% used [0x00000000eea00000,0x00000000eea00000,0x00000000f1d00000)
 ParOldGen       total 226816K, used 145275K [0x00000000a0c00000, 0x00000000ae980000, 0x00000000e0400000)
  object space 226816K, 64% used [0x00000000a0c00000,0x00000000a99ded78,0x00000000ae980000)
 Metaspace       used 17625K, capacity 17889K, committed 18048K, reserved 1064960K
  class space    used 1723K, capacity 1793K, committed 1920K, reserved 1048576K
}
Event: 8.766 GC heap before
{Heap before GC invocations=20 (full 3):
 PSYoungGen      total 281088K, used 245714K [0x00000000e0400000, 0x00000000f5000000, 0x0000000100000000)
  eden space 235520K, 99% used [0x00000000e0400000,0x00000000ee9fd0c0,0x00000000eea00000)
  from space 45568K, 22% used [0x00000000f2380000,0x00000000f2d77740,0x00000000f5000000)
  to   space 52224K, 0% used [0x00000000eea00000,0x00000000eea00000,0x00000000f1d00000)
 ParOldGen       total 226816K, used 145275K [0x00000000a0c00000, 0x00000000ae980000, 0x00000000e0400000)
  object space 226816K, 64% used [0x00000000a0c00000,0x00000000a99ded78,0x00000000ae980000)
 Metaspace       used 17663K, capacity 17897K, committed 18048K, reserved 1064960K
  class space    used 1723K, capacity 1793K, committed 1920K, reserved 1048576K
Event: 8.773 GC heap after
Heap after GC invocations=20 (full 3):
 PSYoungGen      total 287744K, used 19087K [0x00000000e0400000, 0x00000000f5800000, 0x0000000100000000)
  eden space 235520K, 0% used [0x00000000e0400000,0x00000000e0400000,0x00000000eea00000)
  from space 52224K, 36% used [0x00000000eea00000,0x00000000efca3de0,0x00000000f1d00000)
  to   space 49152K, 0% used [0x00000000f2800000,0x00000000f2800000,0x00000000f5800000)
 ParOldGen       total 226816K, used 145283K [0x00000000a0c00000, 0x00000000ae980000, 0x00000000e0400000)
  object space 226816K, 64% used [0x00000000a0c00000,0x00000000a99e0d78,0x00000000ae980000)
 Metaspace       used 17663K, capacity 17897K, committed 18048K, reserved 1064960K
  class space    used 1723K, capacity 1793K, committed 1920K, reserved 1048576K
}
Event: 9.561 GC heap before
{Heap before GC invocations=21 (full 3):
 PSYoungGen      total 287744K, used 254189K [0x00000000e0400000, 0x00000000f5800000, 0x0000000100000000)
  eden space 235520K, 99% used [0x00000000e0400000,0x00000000ee9978d8,0x00000000eea00000)
  from space 52224K, 36% used [0x00000000eea00000,0x00000000efca3de0,0x00000000f1d00000)
  to   space 49152K, 0% used [0x00000000f2800000,0x00000000f2800000,0x00000000f5800000)
 ParOldGen       total 226816K, used 145283K [0x00000000a0c00000, 0x00000000ae980000, 0x00000000e0400000)
  object space 226816K, 64% used [0x00000000a0c00000,0x00000000a99e0d78,0x00000000ae980000)
 Metaspace       used 17778K, capacity 18025K, committed 18304K, reserved 1064960K
  class space    used 1723K, capacity 1793K, committed 1920K, reserved 1048576K
Event: 9.567 GC heap after
Heap after GC invocations=21 (full 3):
 PSYoungGen      total 288768K, used 18266K [0x00000000e0400000, 0x00000000f5000000, 0x0000000100000000)
  eden space 247808K, 0% used [0x00000000e0400000,0x00000000e0400000,0x00000000ef600000)
  from space 40960K, 44% used [0x00000000f2800000,0x00000000f39d6ab0,0x00000000f5000000)
  to   space 46080K, 0% used [0x00000000ef600000,0x00000000ef600000,0x00000000f2300000)
 ParOldGen       total 226816K, used 145291K [0x00000000a0c00000, 0x00000000ae980000, 0x00000000e0400000)
  object space 226816K, 64% used [0x00000000a0c00000,0x00000000a99e2d78,0x00000000ae980000)
 Metaspace       used 17778K, capacity 18025K, committed 18304K, reserved 1064960K
  class space    used 1723K, capacity 1793K, committed 1920K, reserved 1048576K
}
Event: 10.423 GC heap before
{Heap before GC invocations=22 (full 3):
 PSYoungGen      total 288768K, used 265849K [0x00000000e0400000, 0x00000000f5000000, 0x0000000100000000)
  eden space 247808K, 99% used [0x00000000e0400000,0x00000000ef5c7958,0x00000000ef600000)
  from space 40960K, 44% used [0x00000000f2800000,0x00000000f39d6ab0,0x00000000f5000000)
  to   space 46080K, 0% used [0x00000000ef600000,0x00000000ef600000,0x00000000f2300000)
 ParOldGen       total 226816K, used 145291K [0x00000000a0c00000, 0x00000000ae980000, 0x00000000e0400000)
  object space 226816K, 64% used [0x00000000a0c00000,0x00000000a99e2d78,0x00000000ae980000)
 Metaspace       used 17786K, capacity 18025K, committed 18304K, reserved 1064960K
  class space    used 1723K, capacity 1793K, committed 1920K, reserved 1048576K
Event: 10.426 GC heap after
Heap after GC invocations=22 (full 3):
 PSYoungGen      total 293888K, used 10157K [0x00000000e0400000, 0x00000000f5880000, 0x0000000100000000)
  eden space 247808K, 0% used [0x00000000e0400000,0x00000000e0400000,0x00000000ef600000)
  from space 46080K, 22% used [0x00000000ef600000,0x00000000effeb750,0x00000000f2300000)
  to   space 45056K, 0% used [0x00000000f2c80000,0x00000000f2c80000,0x00000000f5880000)
 ParOldGen       total 226816K, used 145299K [0x00000000a0c00000, 0x00000000ae980000, 0x00000000e0400000)
  object space 226816K, 64% used [0x00000000a0c00000,0x00000000a99e4d78,0x00000000ae980000)
 Metaspace       used 17786K, capacity 18025K, committed 18304K, reserved 1064960K
  class space    used 1723K, capacity 1793K, committed 1920K, reserved 1048576K
}

Deoptimization events (10 events):
Event: 4.104 Thread 0x0000000019bd0800 Uncommon trap: reason=class_check action=maybe_recompile pc=0x0000000002f41a40 method=com.jogamp.common.nio.Buffers.isDirect(Ljava/lang/Object;)Z @ 13
Event: 4.104 Thread 0x0000000019bd0800 Uncommon trap: reason=class_check action=maybe_recompile pc=0x0000000002f3f104 method=com.jogamp.common.nio.Buffers.getDirectBufferByteOffset(Ljava/lang/Object;)I @ 7
Event: 4.105 Thread 0x0000000019bd0800 Uncommon trap: reason=class_check action=maybe_recompile pc=0x0000000002f41a40 method=com.jogamp.common.nio.Buffers.isDirect(Ljava/lang/Object;)Z @ 13
Event: 4.105 Thread 0x0000000019bd0800 Uncommon trap: reason=class_check action=maybe_recompile pc=0x0000000002f3f104 method=com.jogamp.common.nio.Buffers.getDirectBufferByteOffset(Ljava/lang/Object;)I @ 7
Event: 4.106 Thread 0x0000000019bd0800 Uncommon trap: reason=predicate action=maybe_recompile pc=0x000000000301c944 method=java.util.ArrayList.indexOf(Ljava/lang/Object;)I @ 44
Event: 4.129 Thread 0x0000000019bd0800 Uncommon trap: reason=class_check action=maybe_recompile pc=0x0000000002f41a40 method=com.jogamp.common.nio.Buffers.isDirect(Ljava/lang/Object;)Z @ 13
Event: 4.129 Thread 0x0000000019bd0800 Uncommon trap: reason=class_check action=maybe_recompile pc=0x0000000002f3f104 method=com.jogamp.common.nio.Buffers.getDirectBufferByteOffset(Ljava/lang/Object;)I @ 7
Event: 4.819 Thread 0x0000000019bd0800 Uncommon trap: reason=unreached action=reinterpret pc=0x0000000003038500 method=processing.opengl.PGraphicsOpenGL$InGeometry.addVertex(FFFIFFFFFIFIIIFIZ)I @ 218
Event: 5.062 Thread 0x0000000019bd0800 Uncommon trap: reason=unreached action=reinterpret pc=0x0000000002ef7570 method=java.lang.reflect.AccessibleObject.setAccessible0(Ljava/lang/reflect/AccessibleObject;Z)V @ 4
Event: 11.244 Thread 0x0000000019bf8000 Uncommon trap: reason=unreached action=reinterpret pc=0x00000000032bd1ac method=java.util.HashMap.keySet()Ljava/util/Set; @ 6

Internal exceptions (10 events):
Event: 4.521 Thread 0x0000000019bd0800 Exception <a 'java/security/PrivilegedActionException'> (0x00000000e5a3b360) thrown at [D:\re\workspace\8-2-build-windows-amd64-cygwin\jdk8u25\1677\hotspot\src\share\vm\prims\jvm.cpp, line 1312]
Event: 4.522 Thread 0x0000000019bd0800 Exception <a 'java/security/PrivilegedActionException'> (0x00000000e5a3f768) thrown at [D:\re\workspace\8-2-build-windows-amd64-cygwin\jdk8u25\1677\hotspot\src\share\vm\prims\jvm.cpp, line 1312]
Event: 4.522 Thread 0x0000000019bd0800 Exception <a 'java/security/PrivilegedActionException'> (0x00000000e5a43b50) thrown at [D:\re\workspace\8-2-build-windows-amd64-cygwin\jdk8u25\1677\hotspot\src\share\vm\prims\jvm.cpp, line 1312]
Event: 4.522 Thread 0x0000000019bd0800 Exception <a 'java/security/PrivilegedActionException'> (0x00000000e5a476a8) thrown at [D:\re\workspace\8-2-build-windows-amd64-cygwin\jdk8u25\1677\hotspot\src\share\vm\prims\jvm.cpp, line 1312]
Event: 4.523 Thread 0x0000000019bd0800 Exception <a 'java/security/PrivilegedActionException'> (0x00000000e5a4bea8) thrown at [D:\re\workspace\8-2-build-windows-amd64-cygwin\jdk8u25\1677\hotspot\src\share\vm\prims\jvm.cpp, line 1312]
Event: 4.523 Thread 0x0000000019bd0800 Exception <a 'java/security/PrivilegedActionException'> (0x00000000e5a4f5e0) thrown at [D:\re\workspace\8-2-build-windows-amd64-cygwin\jdk8u25\1677\hotspot\src\share\vm\prims\jvm.cpp, line 1312]
Event: 4.524 Thread 0x0000000019bd0800 Exception <a 'java/security/PrivilegedActionException'> (0x00000000e5a53528) thrown at [D:\re\workspace\8-2-build-windows-amd64-cygwin\jdk8u25\1677\hotspot\src\share\vm\prims\jvm.cpp, line 1312]
Event: 4.525 Thread 0x0000000019bd0800 Exception <a 'java/security/PrivilegedActionException'> (0x00000000e5a59438) thrown at [D:\re\workspace\8-2-build-windows-amd64-cygwin\jdk8u25\1677\hotspot\src\share\vm\prims\jvm.cpp, line 1312]
Event: 4.538 Thread 0x0000000019bd0800 Exception <a 'java/security/PrivilegedActionException'> (0x00000000e6516348) thrown at [D:\re\workspace\8-2-build-windows-amd64-cygwin\jdk8u25\1677\hotspot\src\share\vm\prims\jvm.cpp, line 1312]
Event: 11.244 Thread 0x0000000019bf8000 Implicit null exception at 0x00000000032bcee7 to 0x00000000032bd19d

Events (10 events):
Event: 11.213 loading class javax/swing/Popup$HeavyWeightWindow
Event: 11.213 loading class sun/awt/ModalExclude
Event: 11.213 loading class sun/awt/ModalExclude done
Event: 11.213 loading class javax/swing/JWindow
Event: 11.213 loading class javax/swing/JWindow done
Event: 11.213 loading class javax/swing/Popup$HeavyWeightWindow done
Event: 11.244 Thread 0x0000000019bf8000 Uncommon trap: trap_request=0xffffffad fr.pc=0x00000000032bd1ac
Event: 11.244 Thread 0x0000000019bf8000 DEOPT PACKING pc=0x00000000032bd1ac sp=0x000000001cddf110
Event: 11.245 Thread 0x0000000019bf8000 DEOPT UNPACKING pc=0x0000000002c6556a sp=0x000000001cddf068 mode 2
Event: 11.246 Thread 0x000000001a095800 Thread exited: 0x000000001a095800


Dynamic libraries:
0x00007ff745f80000 - 0x00007ff745fb4000 	C:\Program Files\Java\jre1.8.0_25\bin\javaw.exe
0x00007ffee8210000 - 0x00007ffee83bc000 	C:\WINDOWS\SYSTEM32\ntdll.dll
0x00007ffee60e0000 - 0x00007ffee621e000 	C:\WINDOWS\system32\KERNEL32.DLL
0x00007ffee54e0000 - 0x00007ffee55f5000 	C:\WINDOWS\system32\KERNELBASE.dll
0x00007ffee3ee0000 - 0x00007ffee3f6e000 	C:\WINDOWS\system32\apphelp.dll
0x00007ffecebf0000 - 0x00007ffecec43000 	C:\WINDOWS\AppPatch\AppPatch64\AcGenral.DLL
0x00007ffee6010000 - 0x00007ffee60ba000 	C:\WINDOWS\system32\msvcrt.dll
0x00007ffee5190000 - 0x00007ffee51be000 	C:\WINDOWS\SYSTEM32\SspiCli.dll
0x00007ffee5fb0000 - 0x00007ffee6004000 	C:\WINDOWS\system32\SHLWAPI.dll
0x00007ffee7fd0000 - 0x00007ffee8147000 	C:\WINDOWS\system32\USER32.dll
0x00007ffee5bc0000 - 0x00007ffee5d54000 	C:\WINDOWS\system32\ole32.dll
0x00007ffee66a0000 - 0x00007ffee7bb8000 	C:\WINDOWS\system32\SHELL32.dll
0x00007ffee48f0000 - 0x00007ffee4911000 	C:\WINDOWS\SYSTEM32\USERENV.dll
0x00007ffee5e20000 - 0x00007ffee5eca000 	C:\WINDOWS\system32\ADVAPI32.dll
0x00007ffed7630000 - 0x00007ffed764e000 	C:\WINDOWS\SYSTEM32\MPR.dll
0x00007ffee63f0000 - 0x00007ffee6531000 	C:\WINDOWS\system32\RPCRT4.dll
0x00007ffee5ed0000 - 0x00007ffee5f29000 	C:\WINDOWS\SYSTEM32\sechost.dll
0x00007ffee7db0000 - 0x00007ffee7fc1000 	C:\WINDOWS\SYSTEM32\combase.dll
0x00007ffee6540000 - 0x00007ffee6691000 	C:\WINDOWS\system32\GDI32.dll
0x00007ffee5360000 - 0x00007ffee5375000 	C:\WINDOWS\SYSTEM32\profapi.dll
0x00007ffee3700000 - 0x00007ffee37b2000 	C:\WINDOWS\SYSTEM32\SHCORE.dll
0x00007ffee5a40000 - 0x00007ffee5a76000 	C:\WINDOWS\system32\IMM32.DLL
0x00007ffee6220000 - 0x00007ffee6372000 	C:\WINDOWS\system32\MSCTF.dll
0x00007ffee2a70000 - 0x00007ffee2ceb000 	C:\WINDOWS\WinSxS\amd64_microsoft.windows.common-controls_6595b64144ccf1df_6.0.9600.17415_none_6240486fecbd8abb\COMCTL32.dll
0x00000000696c0000 - 0x0000000069792000 	C:\Program Files\Java\jre1.8.0_25\bin\msvcr100.dll
0x000000006a3b0000 - 0x000000006ac0a000 	C:\Program Files\Java\jre1.8.0_25\bin\server\jvm.dll
0x00007ffecd2f0000 - 0x00007ffecd2f9000 	C:\WINDOWS\SYSTEM32\WSOCK32.dll
0x00007ffed77f0000 - 0x00007ffed7812000 	C:\WINDOWS\SYSTEM32\WINMM.dll
0x00007ffee7da0000 - 0x00007ffee7da7000 	C:\WINDOWS\system32\PSAPI.DLL
0x00007ffee5a80000 - 0x00007ffee5ada000 	C:\WINDOWS\system32\WS2_32.dll
0x00007ffed75d0000 - 0x00007ffed75fa000 	C:\WINDOWS\SYSTEM32\WINMMBASE.dll
0x00007ffee60d0000 - 0x00007ffee60d9000 	C:\WINDOWS\system32\NSI.dll
0x00007ffee5840000 - 0x00007ffee588f000 	C:\WINDOWS\SYSTEM32\cfgmgr32.dll
0x00007ffee4150000 - 0x00007ffee4178000 	C:\WINDOWS\SYSTEM32\DEVOBJ.dll
0x000000006b5e0000 - 0x000000006b5ef000 	C:\Program Files\Java\jre1.8.0_25\bin\verify.dll
0x000000006b5b0000 - 0x000000006b5d8000 	C:\Program Files\Java\jre1.8.0_25\bin\java.dll
0x000000006b590000 - 0x000000006b5a6000 	C:\Program Files\Java\jre1.8.0_25\bin\zip.dll
0x0000000069520000 - 0x00000000696b8000 	C:\Program Files\Java\jre1.8.0_25\bin\awt.dll
0x00007ffee5ae0000 - 0x00007ffee5ba1000 	C:\WINDOWS\system32\OLEAUT32.dll
0x00007ffee3500000 - 0x00007ffee3521000 	C:\WINDOWS\system32\DWMAPI.DLL
0x00007ffee3fd0000 - 0x00007ffee40f9000 	C:\WINDOWS\system32\uxtheme.dll
0x00007ffee41a0000 - 0x00007ffee41ab000 	C:\WINDOWS\SYSTEM32\kernel.appcore.dll
0x00007ffee5230000 - 0x00007ffee523b000 	C:\WINDOWS\SYSTEM32\CRYPTBASE.dll
0x00007ffee51c0000 - 0x00007ffee5223000 	C:\WINDOWS\SYSTEM32\bcryptPrimitives.dll
0x00007ffedaca0000 - 0x00007ffedaec1000 	C:\WINDOWS\system32\d3d9.dll
0x00007ffee3010000 - 0x00007ffee301a000 	C:\WINDOWS\SYSTEM32\VERSION.dll
0x00007ffee2870000 - 0x00007ffee29bb000 	C:\WINDOWS\SYSTEM32\aticfx64.dll
0x00007ffec0180000 - 0x00007ffec01a1000 	C:\WINDOWS\SYSTEM32\atiu9p64.dll
0x00007ffebed60000 - 0x00007ffebf545000 	C:\WINDOWS\SYSTEM32\atiumd64.dll
0x000000006acf0000 - 0x000000006b4a7000 	C:\WINDOWS\SYSTEM32\atiumd6a.dll
0x00000000694d0000 - 0x0000000069517000 	C:\Program Files\Java\jre1.8.0_25\bin\fontmanager.dll
0x00007ffee4d60000 - 0x00007ffee4d80000 	C:\WINDOWS\SYSTEM32\CRYPTSP.dll
0x00007ffee47e0000 - 0x00007ffee4816000 	C:\WINDOWS\system32\rsaenh.dll
0x00007ffee4e80000 - 0x00007ffee4ea6000 	C:\WINDOWS\SYSTEM32\bcrypt.dll
0x000000006b570000 - 0x000000006b58a000 	C:\Program Files\Java\jre1.8.0_25\bin\net.dll
0x00007ffee4b20000 - 0x00007ffee4b79000 	C:\WINDOWS\system32\mswsock.dll
0x00007ffee1080000 - 0x00007ffee10aa000 	C:\WINDOWS\SYSTEM32\IPHLPAPI.DLL
0x00007ffee2670000 - 0x00007ffee267a000 	C:\WINDOWS\SYSTEM32\WINNSI.DLL
0x00007ffee0160000 - 0x00007ffee0176000 	C:\WINDOWS\SYSTEM32\dhcpcsvc6.DLL
0x00007ffee02b0000 - 0x00007ffee02ca000 	C:\WINDOWS\SYSTEM32\dhcpcsvc.DLL
0x000000006a390000 - 0x000000006a3a1000 	C:\Program Files\Java\jre1.8.0_25\bin\nio.dll
0x00000000637c0000 - 0x00000000637cd000 	S:\Users\Ben\AppData\Local\Temp\jogamp_0000\file_cache\jln7059366574959623377\jln3734067306388624271\gluegen-rt.dll
0x00000000694c0000 - 0x00000000694c7000 	C:\Program Files\Java\jre1.8.0_25\bin\jawt.dll
0x0000000019a20000 - 0x0000000019a2d000 	S:\Users\Ben\AppData\Local\Temp\jogamp_0000\file_cache\jln7059366574959623377\jln3734067306388624271\nativewindow_awt.dll
0x000000006c100000 - 0x000000006c10f000 	S:\Users\Ben\AppData\Local\Temp\jogamp_0000\file_cache\jln7059366574959623377\jln3734067306388624271\nativewindow_win32.dll
0x00007ffeda9f0000 - 0x00007ffedab1b000 	C:\WINDOWS\SYSTEM32\OpenGL32.dll
0x00007ffedc550000 - 0x00007ffedc57e000 	C:\WINDOWS\SYSTEM32\GLU32.dll
0x00007ffecf530000 - 0x00007ffecf628000 	C:\WINDOWS\SYSTEM32\DDRAW.dll
0x00007ffee0d60000 - 0x00007ffee0d69000 	C:\WINDOWS\SYSTEM32\DCIMAN32.dll
0x0000000064500000 - 0x00000000645a2000 	S:\Users\Ben\AppData\Local\Temp\jogamp_0000\file_cache\jln7059366574959623377\jln3734067306388624271\jogl_desktop.dll
0x00007ffedc8d0000 - 0x00007ffedc8e8000 	C:\WINDOWS\SYSTEM32\atig6pxx.dll
0x0000000067910000 - 0x00000000694bf000 	C:\WINDOWS\SYSTEM32\atio6axx.dll
0x00007ffee7bc0000 - 0x00007ffee7d9a000 	C:\WINDOWS\system32\SETUPAPI.dll
0x00007ffee10e0000 - 0x00007ffee1217000 	C:\WINDOWS\SYSTEM32\atiadlxx.dll
0x00007ffee16b0000 - 0x00007ffee182f000 	C:\WINDOWS\SYSTEM32\PROPSYS.dll
0x00007ffee3f70000 - 0x00007ffee3f82000 	C:\WINDOWS\SYSTEM32\WTSAPI32.dll
0x00007ffee57e0000 - 0x00007ffee5831000 	C:\WINDOWS\system32\WINTRUST.dll
0x00007ffee5600000 - 0x00007ffee57df000 	C:\WINDOWS\system32\CRYPT32.dll
0x00007ffee5410000 - 0x00007ffee5421000 	C:\WINDOWS\system32\MSASN1.dll
0x00007ffeda9c0000 - 0x00007ffeda9e9000 	C:\WINDOWS\SYSTEM32\atig6txx.dll
0x00007ffecea00000 - 0x00007ffeceb9c000 	O:\OneDrive\Workspace\ZZavatar\lib\user\KinectPV2\Kinect20.Face.dll
0x00007ffed76f0000 - 0x00007ffed7797000 	C:\WINDOWS\SYSTEM32\MSVCP110.dll
0x00007ffeddd70000 - 0x00007ffedde3e000 	C:\WINDOWS\SYSTEM32\MSVCR110.dll
0x00007ffedc7f0000 - 0x00007ffedc800000 	O:\OneDrive\Workspace\ZZavatar\lib\user\KinectPV2\KinectPV2.dll
0x00007ffeda070000 - 0x00007ffeda12a000 	C:\WINDOWS\SYSTEM32\Kinect20.dll
0x00007ffed7820000 - 0x00007ffed790b000 	C:\WINDOWS\SYSTEM32\MFPlat.DLL
0x00007ffed7650000 - 0x00007ffed7677000 	C:\WINDOWS\SYSTEM32\RTWorkQ.DLL
0x00007ffee3130000 - 0x00007ffee313c000 	C:\WINDOWS\SYSTEM32\AVRT.dll
0x00007ffebeae0000 - 0x00007ffebec6a000 	C:\WINDOWS\SYSTEM32\dbghelp.dll

VM Arguments:
jvm_args: -Djava.library.path=O:\OneDrive\Workspace\ZZavatar\lib\base\video;O:\OneDrive\Workspace\ZZavatar\lib\base\video;O:\OneDrive\Workspace\ZZavatar\lib\base\video;O:\OneDrive\Workspace\ZZavatar\lib\base\core;O:\OneDrive\Workspace\ZZavatar\lib\base\core;O:\OneDrive\Workspace\ZZavatar\lib\base\core;O:\OneDrive\Workspace\ZZavatar\lib\base\core;O:\OneDrive\Workspace\ZZavatar\lib\base\core;O:\OneDrive\Workspace\ZZavatar\lib\base\core;O:\OneDrive\Workspace\ZZavatar\lib\base\core;O:\OneDrive\Workspace\ZZavatar\lib\base\core;O:\OneDrive\Workspace\ZZavatar\lib\base\core;O:\OneDrive\Workspace\ZZavatar\lib\base\core;O:\OneDrive\Workspace\ZZavatar\lib\base\core;O:\OneDrive\Workspace\ZZavatar\lib\base\core;O:\OneDrive\Workspace\ZZavatar\lib\base\core;O:\OneDrive\Workspace\ZZavatar\lib\base\core;O:\OneDrive\Workspace\ZZavatar\lib\base\core;O:\OneDrive\Workspace\ZZavatar\lib\user\Kinect4WinSDK;O:\OneDrive\Workspace\ZZavatar\lib\user\KinectPV2;O:\OneDrive\Workspace\ZZavatar\lib\user\SimpleOpenNI -Dfile.encoding=Cp1252 
java_command: zzavatar.ZZavatar
java_class_path (initial): O:\OneDrive\Workspace\ZZavatar\lib\base\video\gstreamer-java.jar;O:\OneDrive\Workspace\ZZavatar\lib\base\video\jna.jar;O:\OneDrive\Workspace\ZZavatar\lib\base\video\video.jar;O:\OneDrive\Workspace\ZZavatar\lib\base\core\core.jar;O:\OneDrive\Workspace\ZZavatar\lib\base\core\gluegen-rt-natives-linux-amd64.jar;O:\OneDrive\Workspace\ZZavatar\lib\base\core\gluegen-rt-natives-linux-armv6hf.jar;O:\OneDrive\Workspace\ZZavatar\lib\base\core\gluegen-rt-natives-linux-i586.jar;O:\OneDrive\Workspace\ZZavatar\lib\base\core\gluegen-rt-natives-macosx-universal.jar;O:\OneDrive\Workspace\ZZavatar\lib\base\core\gluegen-rt-natives-windows-amd64.jar;O:\OneDrive\Workspace\ZZavatar\lib\base\core\gluegen-rt-natives-windows-i586.jar;O:\OneDrive\Workspace\ZZavatar\lib\base\core\gluegen-rt.jar;O:\OneDrive\Workspace\ZZavatar\lib\base\core\jogl-all-natives-linux-amd64.jar;O:\OneDrive\Workspace\ZZavatar\lib\base\core\jogl-all-natives-linux-armv6hf.jar;O:\OneDrive\Workspace\ZZavatar\lib\base\core\jogl-all-natives-linux-i586.jar;O:\OneDrive\Workspace\ZZavatar\lib\base\core\jogl-all-natives-macosx-universal.jar;O:\OneDrive\Workspace\ZZavatar\lib\base\core\jogl-all-natives-windows-amd64.jar;O:\OneDrive\Workspace\ZZavatar\lib\base\core\jogl-all-natives-windows-i586.jar;O:\OneDrive\Workspace\ZZavatar\lib\base\core\jogl-all.jar;O:\OneDrive\Workspace\ZZavatar\lib\user\Kinect4WinSDK\Kinect4WinSDK.jar;O:\OneDrive\Workspace\ZZavatar\lib\user\KinectPV2\KinectPV2.jar;O:\OneDrive\Workspace\ZZavatar\lib\user\SimpleOpenNI\SimpleOpenNI.jar;O:\OneDrive\Workspace\ZZavatar\bin
Launcher Type: SUN_STANDARD

Environment Variables:
JAVA_HOME=C:\Program Files\Java\jdk1.8.0_25
PATH=C:/Program Files/Java/jre1.8.0_25/bin/server;C:/Program Files/Java/jre1.8.0_25/bin;C:/Program Files/Java/jre1.8.0_25/lib/amd64;C:\Program Files (x86)\NVIDIA Corporation\PhysX\Common;C:\ProgramData\Oracle\Java\javapath;C:\Program Files (x86)\Common Files\Intel\Shared Libraries\redist\intel64\compiler;C:\Program Files (x86)\Common Files\Intel\Shared Libraries\redist\ia32\compiler;C:\Program Files (x86)\Intel\iCLS Client\;C:\Program Files\Intel\iCLS Client\;C:\Program Files (x86)\AMD APP\bin\x86_64;C:\Program Files (x86)\AMD APP\bin\x86;C:\WINDOWS\system32;C:\WINDOWS;C:\WINDOWS\System32\Wbem;C:\WINDOWS\System32\WindowsPowerShell\v1.0\;C:\Program Files (x86)\ATI Technologies\ATI.ACE\Core-Static;C:\Program Files\Intel\Intel(R) Management Engine Components\DAL;C:\Program Files\Intel\Intel(R) Management Engine Components\IPT;C:\Program Files (x86)\Intel\Intel(R) Management Engine Components\DAL;C:\Program Files (x86)\Intel\Intel(R) Management Engine Components\IPT;C:\Program Files\Sony\VAIO Improvement\;C:\Program Files (x86)\Sony\VAIO Startup Setting Tool;C:\Program Files (x86)\Windows Kits\8.1\Windows Performance Toolkit\;C:\Program Files\Microsoft SQL Server\110\Tools\Binn\;C:\Program Files (x86)\Microsoft SDKs\TypeScript\1.0\;C:\Program Files\Microsoft\Web Platform Installer\;C:\Program Files (x86)\Java\jre1.8.0_25\bin;P:\Programs\Python27\Scripts;P:\Programs\Python27;C:\Program Files\Common Files\Autodesk Shared\;P:\Program Files\Programs;P:\Program Files\Games;P:\Programs\Eclipse;
USERNAME=Benoît
OS=Windows_NT
PROCESSOR_IDENTIFIER=Intel64 Family 6 Model 58 Stepping 9, GenuineIntel



---------------  S Y S T E M  ---------------

OS: Windows 8.1 , 64 bit Build 9600 

CPU:total 8 (4 cores per cpu, 2 threads per core) family 6 model 58 stepping 9, cmov, cx8, fxsr, mmx, sse, sse2, sse3, ssse3, sse4.1, sse4.2, popcnt, avx, aes, clmul, erms, ht, tsc, tscinvbit, tscinv

Memory: 4k page, physical 6237468k(1230224k free), swap 10431772k(2623124k free)

vm_info: Java HotSpot(TM) 64-Bit Server VM (25.25-b02) for windows-amd64 JRE (1.8.0_25-b18), built on Oct  7 2014 14:25:37 by "java_re" with MS VC++ 10.0 (VS2010)

time: Thu Apr 23 19:18:14 2015
elapsed time: 11 seconds (0d 0h 0m 11s)

