#
# A fatal error has been detected by the Java Runtime Environment:
#
#  EXCEPTION_ACCESS_VIOLATION (0xc0000005) at pc=0x0000007400000db0, pid=5064, tid=6492
#
# JRE version: Java(TM) SE Runtime Environment (8.0_25-b18) (build 1.8.0_25-b18)
# Java VM: Java HotSpot(TM) 64-Bit Server VM (25.25-b02 mixed mode windows-amd64 compressed oops)
# Problematic frame:
# C  0x0000007400000db0
#
# Failed to write core dump. Minidumps are not enabled by default on client versions of Windows
#
# If you would like to submit a bug report, please visit:
#   http://bugreport.sun.com/bugreport/crash.jsp
# The crash happened outside the Java Virtual Machine in native code.
# See problematic frame for where to report the bug.
#

---------------  T H R E A D  ---------------

Current thread (0x0000000019609000):  JavaThread "Animation Thread" [_thread_in_native, id=6492, stack(0x000000001c710000,0x000000001c810000)]

siginfo: ExceptionCode=0xc0000005, ExceptionInformation=0x0000000000000008 0x0000007400000db0

Registers:
RAX=0x000000001ec13b40, RBX=0x000000002dd5d040, RCX=0x000000001d41efd0, RDX=0x0000000000000000
RSP=0x000000001c80e5e8, RBP=0x0000000000000006, RSI=0x0000000000000000, RDI=0x000000001ec52e48
R8 =0x000000001c80e2b8, R9 =0x0000000000008000, R10=0x0000000000000000, R11=0x000000001c80e4f0
R12=0x0000000000000000, R13=0x000000001f29e1c0, R14=0x0000000000000000, R15=0x0000000019609000
RIP=0x0000007400000db0, EFLAGS=0x0000000000010202

Top of Stack: (sp=0x000000001c80e5e8)
0x000000001c80e5e8:   00007ff980284116 000000001ec52e18
0x000000001c80e5f8:   000000001ebecdd8 000000001ec52e18
0x000000001c80e608:   0000000000000000 000000001c80e6e0
0x000000001c80e618:   00007ff980281fba 000000001c80e6e0
0x000000001c80e628:   000000001c80e6c0 00000000196091e8
0x000000001c80e638:   0000000019585400 00000000a3b3d910
0x000000001c80e648:   0000000002665b74 000000001f29e1c0
0x000000001c80e658:   00000000a3b3d8f0 00000000a3b3d8f0
0x000000001c80e668:   0000000019609000 000000001c80e738
0x000000001c80e678:   00000000026658a2 000000001c80e680
0x000000001c80e688:   000000001f29e1c0 000000001c80e6e0
0x000000001c80e698:   000000001f29f150 0000000000000000
0x000000001c80e6a8:   000000001f29e1c0 0000000000000000
0x000000001c80e6b8:   000000001c80e6e0 000000001c80e728
0x000000001c80e6c8:   0000000002657a2d 0000000000000000
0x000000001c80e6d8:   000000000265f6b8 00000000a3898900 

Instructions: (pc=0x0000007400000db0)
0x0000007400000d90:   
[error occurred during error reporting (printing registers, top of stack, instructions near pc), id 0xc0000005]

Register to memory mapping:

RAX=0x000000001ec13b40 is an unknown value
RBX=0x000000002dd5d040 is an unknown value
RCX=0x000000001d41efd0 is an unknown value
RDX=0x0000000000000000 is an unknown value
RSP=0x000000001c80e5e8 is pointing into the stack for thread: 0x0000000019609000
RBP=0x0000000000000006 is an unknown value
RSI=0x0000000000000000 is an unknown value
RDI=0x000000001ec52e48 is an unknown value
R8 =0x000000001c80e2b8 is pointing into the stack for thread: 0x0000000019609000
R9 =0x0000000000008000 is an unknown value
R10=0x0000000000000000 is an unknown value
R11=0x000000001c80e4f0 is pointing into the stack for thread: 0x0000000019609000
R12=0x0000000000000000 is an unknown value
R13={method} {0x000000001f29e1c8} 'jniStopDevice' '()V' in 'KinectPV2/Device'
R14=0x0000000000000000 is an unknown value
R15=0x0000000019609000 is a thread


Stack: [0x000000001c710000,0x000000001c810000],  sp=0x000000001c80e5e8,  free space=1017k
Native frames: (J=compiled Java code, j=interpreted, Vv=VM code, C=native code)
C  0x0000007400000db0

Java frames: (J=compiled Java code, j=interpreted, Vv=VM code)
j  KinectPV2.Device.jniStopDevice()V+0
j  KinectPV2.Device.stopDevice()V+41
j  KinectPV2.KinectPV2.dispose()V+14
v  ~StubRoutines::call_stub
j  sun.reflect.NativeMethodAccessorImpl.invoke0(Ljava/lang/reflect/Method;Ljava/lang/Object;[Ljava/lang/Object;)Ljava/lang/Object;+0
j  sun.reflect.NativeMethodAccessorImpl.invoke(Ljava/lang/Object;[Ljava/lang/Object;)Ljava/lang/Object;+100
J 2091 C1 sun.reflect.DelegatingMethodAccessorImpl.invoke(Ljava/lang/Object;[Ljava/lang/Object;)Ljava/lang/Object; (10 bytes) @ 0x0000000002de8c04 [0x0000000002de8b00+0x104]
J 2090 C1 java.lang.reflect.Method.invoke(Ljava/lang/Object;[Ljava/lang/Object;)Ljava/lang/Object; (62 bytes) @ 0x0000000002de65e4 [0x0000000002de6200+0x3e4]
j  processing.core.PApplet$RegisteredMethods.handle([Ljava/lang/Object;)V+18
J 1936 C1 processing.core.PApplet.handleMethods(Ljava/lang/String;)V (21 bytes) @ 0x0000000002d46b1c [0x0000000002d46860+0x2bc]
j  processing.core.PApplet.dispose()V+35
j  processing.core.PApplet.run()V+283
j  java.lang.Thread.run()V+11
v  ~StubRoutines::call_stub

---------------  P R O C E S S  ---------------

Java Threads: ( => current thread )
  0x0000000019aa0000 JavaThread "Thread-4" [_thread_in_native, id=8812, stack(0x000000002e4b0000,0x000000002e5b0000)]
  0x0000000019969000 JavaThread "Animation Thread-SharedResourceRunner" daemon [_thread_blocked, id=7888, stack(0x000000001bd20000,0x000000001be20000)]
  0x0000000000c2e800 JavaThread "DestroyJavaVM" [_thread_blocked, id=7308, stack(0x0000000002380000,0x0000000002480000)]
  0x0000000019600800 JavaThread "D3D Screen Updater" daemon [_thread_blocked, id=960, stack(0x000000001ca10000,0x000000001cb10000)]
=>0x0000000019609000 JavaThread "Animation Thread" [_thread_in_native, id=6492, stack(0x000000001c710000,0x000000001c810000)]
  0x0000000019575800 JavaThread "AWT-EventQueue-0" [_thread_blocked, id=5704, stack(0x000000001c510000,0x000000001c610000)]
  0x0000000019539000 JavaThread "AWT-Windows" daemon [_thread_in_native, id=6320, stack(0x0000000019e40000,0x0000000019f40000)]
  0x000000001875e000 JavaThread "AWT-Shutdown" [_thread_blocked, id=1288, stack(0x0000000019d40000,0x0000000019e40000)]
  0x0000000019538800 JavaThread "Java2D Disposer" daemon [_thread_blocked, id=9052, stack(0x0000000019c40000,0x0000000019d40000)]
  0x000000001841f800 JavaThread "Service Thread" daemon [_thread_blocked, id=8344, stack(0x0000000018d60000,0x0000000018e60000)]
  0x000000001839f000 JavaThread "C1 CompilerThread3" daemon [_thread_blocked, id=5056, stack(0x0000000018c60000,0x0000000018d60000)]
  0x000000001839c800 JavaThread "C2 CompilerThread2" daemon [_thread_blocked, id=3448, stack(0x0000000018b60000,0x0000000018c60000)]
  0x000000001838b800 JavaThread "C2 CompilerThread1" daemon [_thread_blocked, id=8624, stack(0x0000000018a60000,0x0000000018b60000)]
  0x0000000018389800 JavaThread "C2 CompilerThread0" daemon [_thread_blocked, id=6384, stack(0x0000000018960000,0x0000000018a60000)]
  0x0000000018387000 JavaThread "Attach Listener" daemon [_thread_blocked, id=7452, stack(0x0000000018860000,0x0000000018960000)]
  0x0000000018386000 JavaThread "Signal Dispatcher" daemon [_thread_blocked, id=5696, stack(0x0000000018760000,0x0000000018860000)]
  0x0000000002648800 JavaThread "Finalizer" daemon [_thread_blocked, id=7116, stack(0x0000000018260000,0x0000000018360000)]
  0x000000001639c800 JavaThread "Reference Handler" daemon [_thread_blocked, id=6260, stack(0x0000000018160000,0x0000000018260000)]

Other Threads:
  0x0000000016398800 VMThread [stack: 0x0000000018060000,0x0000000018160000] [id=4592]
  0x0000000018421800 WatcherThread [stack: 0x0000000018e60000,0x0000000018f60000] [id=7548]

VM state:not at safepoint (normal execution)

VM Mutex/Monitor currently owned by a thread: None

Heap:
 PSYoungGen      total 394752K, used 99895K [0x00000000e0400000, 0x00000000fa400000, 0x0000000100000000)
  eden space 363008K, 27% used [0x00000000e0400000,0x00000000e6555f48,0x00000000f6680000)
  from space 31744K, 0% used [0x00000000f6680000,0x00000000f66b8000,0x00000000f8580000)
  to   space 29696K, 0% used [0x00000000f8700000,0x00000000f8700000,0x00000000fa400000)
 ParOldGen       total 225792K, used 155244K [0x00000000a0c00000, 0x00000000ae880000, 0x00000000e0400000)
  object space 225792K, 68% used [0x00000000a0c00000,0x00000000aa39b2c8,0x00000000ae880000)
 Metaspace       used 17961K, capacity 18153K, committed 18304K, reserved 1064960K
  class space    used 1735K, capacity 1793K, committed 1920K, reserved 1048576K

Card table byte_map: [0x0000000011a10000,0x0000000011d10000] byte_map_base: 0x000000001150a000

Marking Bits: (ParMarkBitMap*) 0x00000000772bd490
 Begin Bits: [0x0000000012710000, 0x0000000013ee0000)
 End Bits:   [0x0000000013ee0000, 0x00000000156b0000)

Polling page: 0x0000000000bd0000

CodeCache: size=245760Kb used=8726Kb max_used=8726Kb free=237033Kb
 bounds [0x0000000002650000, 0x0000000002ee0000, 0x0000000011650000]
 total_blobs=3214 nmethods=2343 adapters=785
 compilation: enabled

Compilation events (10 events):
Event: 12.567 Thread 0x000000001839f000 2345       3       processing.opengl.PGraphicsOpenGL::createLineBuffers (257 bytes)
Event: 12.568 Thread 0x000000001839f000 nmethod 2345 0x0000000002eda090 code [0x0000000002eda300, 0x0000000002edb258]
Event: 12.656 Thread 0x000000001839f000 2346       3       zzavatar.ZZkinect::getIndexColor (126 bytes)
Event: 12.656 Thread 0x000000001839f000 nmethod 2346 0x0000000002edb750 code [0x0000000002edb920, 0x0000000002edc188]
Event: 12.656 Thread 0x000000001839f000 2347       3       zzavatar.ZZkinect::drawBody (253 bytes)
Event: 12.657 Thread 0x000000001839f000 nmethod 2347 0x0000000002edc410 code [0x0000000002edc720, 0x0000000002edd108]
Event: 12.657 Thread 0x000000001839f000 2348       3       zzavatar.ZZavatar::vision (59 bytes)
Event: 12.657 Thread 0x000000001839f000 nmethod 2348 0x0000000002edd510 code [0x0000000002edd700, 0x0000000002ede5e8]
Event: 12.739 Thread 0x000000001839f000 2349       3       java.util.HashSet::<init> (16 bytes)
Event: 12.739 Thread 0x000000001839f000 nmethod 2349 0x0000000002ede7d0 code [0x0000000002ede960, 0x0000000002eded70]

GC Heap History (10 events):
Event: 10.414 GC heap before
{Heap before GC invocations=28 (full 3):
 PSYoungGen      total 389120K, used 354864K [0x00000000e0400000, 0x00000000fa980000, 0x0000000100000000)
  eden space 353792K, 100% used [0x00000000e0400000,0x00000000f5d80000,0x00000000f5d80000)
  from space 35328K, 3% used [0x00000000f8700000,0x00000000f880c010,0x00000000fa980000)
  to   space 38912K, 0% used [0x00000000f5d80000,0x00000000f5d80000,0x00000000f8380000)
 ParOldGen       total 225792K, used 154284K [0x00000000a0c00000, 0x00000000ae880000, 0x00000000e0400000)
  object space 225792K, 68% used [0x00000000a0c00000,0x00000000aa2ab2b8,0x00000000ae880000)
 Metaspace       used 17835K, capacity 18089K, committed 18304K, reserved 1064960K
  class space    used 1723K, capacity 1793K, committed 1920K, reserved 1048576K
Event: 10.415 GC heap after
Heap after GC invocations=28 (full 3):
 PSYoungGen      total 392704K, used 1040K [0x00000000e0400000, 0x00000000fab00000, 0x0000000100000000)
  eden space 353792K, 0% used [0x00000000e0400000,0x00000000e0400000,0x00000000f5d80000)
  from space 38912K, 2% used [0x00000000f5d80000,0x00000000f5e84010,0x00000000f8380000)
  to   space 36864K, 0% used [0x00000000f8700000,0x00000000f8700000,0x00000000fab00000)
 ParOldGen       total 225792K, used 154292K [0x00000000a0c00000, 0x00000000ae880000, 0x00000000e0400000)
  object space 225792K, 68% used [0x00000000a0c00000,0x00000000aa2ad2b8,0x00000000ae880000)
 Metaspace       used 17835K, capacity 18089K, committed 18304K, reserved 1064960K
  class space    used 1723K, capacity 1793K, committed 1920K, reserved 1048576K
}
Event: 10.943 GC heap before
{Heap before GC invocations=29 (full 3):
 PSYoungGen      total 392704K, used 354832K [0x00000000e0400000, 0x00000000fab00000, 0x0000000100000000)
  eden space 353792K, 100% used [0x00000000e0400000,0x00000000f5d80000,0x00000000f5d80000)
  from space 38912K, 2% used [0x00000000f5d80000,0x00000000f5e84010,0x00000000f8380000)
  to   space 36864K, 0% used [0x00000000f8700000,0x00000000f8700000,0x00000000fab00000)
 ParOldGen       total 225792K, used 154292K [0x00000000a0c00000, 0x00000000ae880000, 0x00000000e0400000)
  object space 225792K, 68% used [0x00000000a0c00000,0x00000000aa2ad2b8,0x00000000ae880000)
 Metaspace       used 17869K, capacity 18089K, committed 18304K, reserved 1064960K
  class space    used 1735K, capacity 1793K, committed 1920K, reserved 1048576K
Event: 10.944 GC heap after
Heap after GC invocations=29 (full 3):
 PSYoungGen      total 392192K, used 1104K [0x00000000e0400000, 0x00000000fa780000, 0x0000000100000000)
  eden space 358912K, 0% used [0x00000000e0400000,0x00000000e0400000,0x00000000f6280000)
  from space 33280K, 3% used [0x00000000f8700000,0x00000000f8814010,0x00000000fa780000)
  to   space 35328K, 0% used [0x00000000f6280000,0x00000000f6280000,0x00000000f8500000)
 ParOldGen       total 225792K, used 154292K [0x00000000a0c00000, 0x00000000ae880000, 0x00000000e0400000)
  object space 225792K, 68% used [0x00000000a0c00000,0x00000000aa2ad2b8,0x00000000ae880000)
 Metaspace       used 17869K, capacity 18089K, committed 18304K, reserved 1064960K
  class space    used 1735K, capacity 1793K, committed 1920K, reserved 1048576K
}
Event: 11.482 GC heap before
{Heap before GC invocations=30 (full 3):
 PSYoungGen      total 392192K, used 360016K [0x00000000e0400000, 0x00000000fa780000, 0x0000000100000000)
  eden space 358912K, 100% used [0x00000000e0400000,0x00000000f6280000,0x00000000f6280000)
  from space 33280K, 3% used [0x00000000f8700000,0x00000000f8814010,0x00000000fa780000)
  to   space 35328K, 0% used [0x00000000f6280000,0x00000000f6280000,0x00000000f8500000)
 ParOldGen       total 225792K, used 154292K [0x00000000a0c00000, 0x00000000ae880000, 0x00000000e0400000)
  object space 225792K, 68% used [0x00000000a0c00000,0x00000000aa2ad2b8,0x00000000ae880000)
 Metaspace       used 17879K, capacity 18089K, committed 18304K, reserved 1064960K
  class space    used 1735K, capacity 1793K, committed 1920K, reserved 1048576K
Event: 11.484 GC heap after
Heap after GC invocations=30 (full 3):
 PSYoungGen      total 394240K, used 256K [0x00000000e0400000, 0x00000000fa800000, 0x0000000100000000)
  eden space 358912K, 0% used [0x00000000e0400000,0x00000000e0400000,0x00000000f6280000)
  from space 35328K, 0% used [0x00000000f6280000,0x00000000f62c0000,0x00000000f8500000)
  to   space 33280K, 0% used [0x00000000f8780000,0x00000000f8780000,0x00000000fa800000)
 ParOldGen       total 225792K, used 155196K [0x00000000a0c00000, 0x00000000ae880000, 0x00000000e0400000)
  object space 225792K, 68% used [0x00000000a0c00000,0x00000000aa38f2c8,0x00000000ae880000)
 Metaspace       used 17879K, capacity 18089K, committed 18304K, reserved 1064960K
  class space    used 1735K, capacity 1793K, committed 1920K, reserved 1048576K
}
Event: 12.015 GC heap before
{Heap before GC invocations=31 (full 3):
 PSYoungGen      total 394240K, used 353731K [0x00000000e0400000, 0x00000000fa800000, 0x0000000100000000)
  eden space 358912K, 98% used [0x00000000e0400000,0x00000000f5d30cc0,0x00000000f6280000)
  from space 35328K, 0% used [0x00000000f6280000,0x00000000f62c0000,0x00000000f8500000)
  to   space 33280K, 0% used [0x00000000f8780000,0x00000000f8780000,0x00000000fa800000)
 ParOldGen       total 225792K, used 155196K [0x00000000a0c00000, 0x00000000ae880000, 0x00000000e0400000)
  object space 225792K, 68% used [0x00000000a0c00000,0x00000000aa38f2c8,0x00000000ae880000)
 Metaspace       used 17883K, capacity 18089K, committed 18304K, reserved 1064960K
  class space    used 1735K, capacity 1793K, committed 1920K, reserved 1048576K
Event: 12.016 GC heap after
Heap after GC invocations=31 (full 3):
 PSYoungGen      total 392704K, used 192K [0x00000000e0400000, 0x00000000fa480000, 0x0000000100000000)
  eden space 363008K, 0% used [0x00000000e0400000,0x00000000e0400000,0x00000000f6680000)
  from space 29696K, 0% used [0x00000000f8780000,0x00000000f87b0000,0x00000000fa480000)
  to   space 31744K, 0% used [0x00000000f6680000,0x00000000f6680000,0x00000000f8580000)
 ParOldGen       total 225792K, used 155220K [0x00000000a0c00000, 0x00000000ae880000, 0x00000000e0400000)
  object space 225792K, 68% used [0x00000000a0c00000,0x00000000aa3952c8,0x00000000ae880000)
 Metaspace       used 17883K, capacity 18089K, committed 18304K, reserved 1064960K
  class space    used 1735K, capacity 1793K, committed 1920K, reserved 1048576K
}
Event: 12.570 GC heap before
{Heap before GC invocations=32 (full 3):
 PSYoungGen      total 392704K, used 363200K [0x00000000e0400000, 0x00000000fa480000, 0x0000000100000000)
  eden space 363008K, 100% used [0x00000000e0400000,0x00000000f6680000,0x00000000f6680000)
  from space 29696K, 0% used [0x00000000f8780000,0x00000000f87b0000,0x00000000fa480000)
  to   space 31744K, 0% used [0x00000000f6680000,0x00000000f6680000,0x00000000f8580000)
 ParOldGen       total 225792K, used 155220K [0x00000000a0c00000, 0x00000000ae880000, 0x00000000e0400000)
  object space 225792K, 68% used [0x00000000a0c00000,0x00000000aa3952c8,0x00000000ae880000)
 Metaspace       used 17960K, capacity 18153K, committed 18304K, reserved 1064960K
  class space    used 1735K, capacity 1793K, committed 1920K, reserved 1048576K
Event: 12.571 GC heap after
Heap after GC invocations=32 (full 3):
 PSYoungGen      total 394752K, used 224K [0x00000000e0400000, 0x00000000fa400000, 0x0000000100000000)
  eden space 363008K, 0% used [0x00000000e0400000,0x00000000e0400000,0x00000000f6680000)
  from space 31744K, 0% used [0x00000000f6680000,0x00000000f66b8000,0x00000000f8580000)
  to   space 29696K, 0% used [0x00000000f8700000,0x00000000f8700000,0x00000000fa400000)
 ParOldGen       total 225792K, used 155244K [0x00000000a0c00000, 0x00000000ae880000, 0x00000000e0400000)
  object space 225792K, 68% used [0x00000000a0c00000,0x00000000aa39b2c8,0x00000000ae880000)
 Metaspace       used 17960K, capacity 18153K, committed 18304K, reserved 1064960K
  class space    used 1735K, capacity 1793K, committed 1920K, reserved 1048576K
}

Deoptimization events (10 events):
Event: 10.656 Thread 0x0000000019575800 Uncommon trap: reason=speculate_class_check action=maybe_recompile pc=0x0000000002e73ce4 method=com.jogamp.common.nio.Buffers.getDirectBufferByteOffset(Ljava/lang/Object;)I @ 22
Event: 10.656 Thread 0x0000000019575800 Uncommon trap: reason=speculate_class_check action=maybe_recompile pc=0x0000000002e73ce4 method=com.jogamp.common.nio.Buffers.getDirectBufferByteOffset(Ljava/lang/Object;)I @ 22
Event: 10.807 Thread 0x0000000019575800 Uncommon trap: reason=speculate_class_check action=maybe_recompile pc=0x0000000002e7111c method=com.jogamp.common.nio.Buffers.getDirectBufferByteOffset(Ljava/lang/Object;)I @ 22
Event: 10.807 Thread 0x0000000019575800 Uncommon trap: reason=speculate_class_check action=maybe_recompile pc=0x0000000002e7111c method=com.jogamp.common.nio.Buffers.getDirectBufferByteOffset(Ljava/lang/Object;)I @ 22
Event: 10.817 Thread 0x0000000019575800 Uncommon trap: reason=speculate_class_check action=maybe_recompile pc=0x0000000002e767d0 method=com.jogamp.common.nio.Buffers.getDirectBufferByteOffset(Ljava/lang/Object;)I @ 31
Event: 10.818 Thread 0x0000000019575800 Uncommon trap: reason=speculate_class_check action=maybe_recompile pc=0x0000000002e767d0 method=com.jogamp.common.nio.Buffers.getDirectBufferByteOffset(Ljava/lang/Object;)I @ 31
Event: 10.990 Thread 0x0000000019575800 Uncommon trap: reason=speculate_class_check action=maybe_recompile pc=0x0000000002e7bbec method=com.jogamp.common.nio.Buffers.getDirectBufferByteOffset(Ljava/lang/Object;)I @ 42
Event: 10.990 Thread 0x0000000019575800 Uncommon trap: reason=speculate_class_check action=maybe_recompile pc=0x0000000002e7bbec method=com.jogamp.common.nio.Buffers.getDirectBufferByteOffset(Ljava/lang/Object;)I @ 42
Event: 11.150 Thread 0x0000000019575800 Uncommon trap: reason=speculate_class_check action=maybe_recompile pc=0x0000000002e7e520 method=com.jogamp.common.nio.Buffers.getDirectBufferByteOffset(Ljava/lang/Object;)I @ 53
Event: 11.158 Thread 0x0000000019575800 Uncommon trap: reason=speculate_class_check action=maybe_recompile pc=0x0000000002e7e520 method=com.jogamp.common.nio.Buffers.getDirectBufferByteOffset(Ljava/lang/Object;)I @ 53

Internal exceptions (10 events):
Event: 3.179 Thread 0x0000000019575800 Exception <a 'java/security/PrivilegedActionException'> (0x00000000e715cb38) thrown at [D:\re\workspace\8-2-build-windows-amd64-cygwin\jdk8u25\1677\hotspot\src\share\vm\prims\jvm.cpp, line 1312]
Event: 3.179 Thread 0x0000000019575800 Exception <a 'java/security/PrivilegedActionException'> (0x00000000e71609f8) thrown at [D:\re\workspace\8-2-build-windows-amd64-cygwin\jdk8u25\1677\hotspot\src\share\vm\prims\jvm.cpp, line 1312]
Event: 3.179 Thread 0x0000000019575800 Exception <a 'java/security/PrivilegedActionException'> (0x00000000e7164e00) thrown at [D:\re\workspace\8-2-build-windows-amd64-cygwin\jdk8u25\1677\hotspot\src\share\vm\prims\jvm.cpp, line 1312]
Event: 3.179 Thread 0x0000000019575800 Exception <a 'java/security/PrivilegedActionException'> (0x00000000e71691e8) thrown at [D:\re\workspace\8-2-build-windows-amd64-cygwin\jdk8u25\1677\hotspot\src\share\vm\prims\jvm.cpp, line 1312]
Event: 3.179 Thread 0x0000000019575800 Exception <a 'java/security/PrivilegedActionException'> (0x00000000e716cd40) thrown at [D:\re\workspace\8-2-build-windows-amd64-cygwin\jdk8u25\1677\hotspot\src\share\vm\prims\jvm.cpp, line 1312]
Event: 3.180 Thread 0x0000000019575800 Exception <a 'java/security/PrivilegedActionException'> (0x00000000e7171540) thrown at [D:\re\workspace\8-2-build-windows-amd64-cygwin\jdk8u25\1677\hotspot\src\share\vm\prims\jvm.cpp, line 1312]
Event: 3.180 Thread 0x0000000019575800 Exception <a 'java/security/PrivilegedActionException'> (0x00000000e7174c78) thrown at [D:\re\workspace\8-2-build-windows-amd64-cygwin\jdk8u25\1677\hotspot\src\share\vm\prims\jvm.cpp, line 1312]
Event: 3.180 Thread 0x0000000019575800 Exception <a 'java/security/PrivilegedActionException'> (0x00000000e7178bc0) thrown at [D:\re\workspace\8-2-build-windows-amd64-cygwin\jdk8u25\1677\hotspot\src\share\vm\prims\jvm.cpp, line 1312]
Event: 3.181 Thread 0x0000000019575800 Exception <a 'java/security/PrivilegedActionException'> (0x00000000e717ead0) thrown at [D:\re\workspace\8-2-build-windows-amd64-cygwin\jdk8u25\1677\hotspot\src\share\vm\prims\jvm.cpp, line 1312]
Event: 3.194 Thread 0x0000000019575800 Exception <a 'java/security/PrivilegedActionException'> (0x00000000e725a0e0) thrown at [D:\re\workspace\8-2-build-windows-amd64-cygwin\jdk8u25\1677\hotspot\src\share\vm\prims\jvm.cpp, line 1312]

Events (10 events):
Event: 11.150 Thread 0x0000000019575800 DEOPT UNPACKING pc=0x000000000269556a sp=0x000000001c60d900 mode 2
Event: 11.158 Thread 0x0000000019575800 Uncommon trap: trap_request=0xffffff76 fr.pc=0x0000000002e7e520
Event: 11.158 Thread 0x0000000019575800 DEOPT PACKING pc=0x0000000002e7e520 sp=0x000000001c60da80
Event: 11.158 Thread 0x0000000019575800 DEOPT UNPACKING pc=0x000000000269556a sp=0x000000001c60d8c0 mode 2
Event: 11.482 Executing VM operation: ParallelGCFailedAllocation
Event: 11.484 Executing VM operation: ParallelGCFailedAllocation done
Event: 12.015 Executing VM operation: ParallelGCFailedAllocation
Event: 12.016 Executing VM operation: ParallelGCFailedAllocation done
Event: 12.570 Executing VM operation: ParallelGCFailedAllocation
Event: 12.571 Executing VM operation: ParallelGCFailedAllocation done


Dynamic libraries:
0x00007ff669010000 - 0x00007ff669044000 	C:\Program Files\Java\jre1.8.0_25\bin\javaw.exe
0x00007ff98c320000 - 0x00007ff98c4cc000 	C:\WINDOWS\SYSTEM32\ntdll.dll
0x00007ff989d20000 - 0x00007ff989e5e000 	C:\WINDOWS\system32\KERNEL32.DLL
0x00007ff9897d0000 - 0x00007ff9898e5000 	C:\WINDOWS\system32\KERNELBASE.dll
0x00007ff987ff0000 - 0x00007ff98807e000 	C:\WINDOWS\system32\apphelp.dll
0x00007ff973750000 - 0x00007ff9737a3000 	C:\WINDOWS\AppPatch\AppPatch64\AcGenral.DLL
0x00007ff98a220000 - 0x00007ff98a2ca000 	C:\WINDOWS\system32\msvcrt.dll
0x00007ff9892a0000 - 0x00007ff9892ce000 	C:\WINDOWS\SYSTEM32\SspiCli.dll
0x00007ff98b980000 - 0x00007ff98b9d4000 	C:\WINDOWS\system32\SHLWAPI.dll
0x00007ff989f00000 - 0x00007ff98a077000 	C:\WINDOWS\system32\USER32.dll
0x00007ff98bb50000 - 0x00007ff98bce4000 	C:\WINDOWS\system32\ole32.dll
0x00007ff98a390000 - 0x00007ff98b8a8000 	C:\WINDOWS\system32\SHELL32.dll
0x00007ff988a10000 - 0x00007ff988a31000 	C:\WINDOWS\SYSTEM32\USERENV.dll
0x00007ff989c10000 - 0x00007ff989cba000 	C:\WINDOWS\system32\ADVAPI32.dll
0x00007ff97c880000 - 0x00007ff97c89e000 	C:\WINDOWS\SYSTEM32\MPR.dll
0x00007ff98b9e0000 - 0x00007ff98bb21000 	C:\WINDOWS\system32\RPCRT4.dll
0x00007ff9899a0000 - 0x00007ff9899f9000 	C:\WINDOWS\SYSTEM32\sechost.dll
0x00007ff98bed0000 - 0x00007ff98c0e1000 	C:\WINDOWS\SYSTEM32\combase.dll
0x00007ff98a0c0000 - 0x00007ff98a211000 	C:\WINDOWS\system32\GDI32.dll
0x00007ff989470000 - 0x00007ff989485000 	C:\WINDOWS\SYSTEM32\profapi.dll
0x00007ff987810000 - 0x00007ff9878c2000 	C:\WINDOWS\SYSTEM32\SHCORE.dll
0x00007ff98a080000 - 0x00007ff98a0b6000 	C:\WINDOWS\system32\IMM32.DLL
0x00007ff98c1c0000 - 0x00007ff98c312000 	C:\WINDOWS\system32\MSCTF.dll
0x00007ff986b90000 - 0x00007ff986e0b000 	C:\WINDOWS\WinSxS\amd64_microsoft.windows.common-controls_6595b64144ccf1df_6.0.9600.17415_none_6240486fecbd8abb\COMCTL32.dll
0x0000000075f50000 - 0x0000000076022000 	C:\Program Files\Java\jre1.8.0_25\bin\msvcr100.dll
0x0000000076ae0000 - 0x000000007733a000 	C:\Program Files\Java\jre1.8.0_25\bin\server\jvm.dll
0x00007ff9707d0000 - 0x00007ff9707d9000 	C:\WINDOWS\SYSTEM32\WSOCK32.dll
0x00007ff97ca00000 - 0x00007ff97ca22000 	C:\WINDOWS\SYSTEM32\WINMM.dll
0x00007ff989e80000 - 0x00007ff989e87000 	C:\WINDOWS\system32\PSAPI.DLL
0x00007ff989a00000 - 0x00007ff989a5a000 	C:\WINDOWS\system32\WS2_32.dll
0x00007ff97c8d0000 - 0x00007ff97c8fa000 	C:\WINDOWS\SYSTEM32\WINMMBASE.dll
0x00007ff98bb30000 - 0x00007ff98bb39000 	C:\WINDOWS\system32\NSI.dll
0x00007ff989950000 - 0x00007ff98999f000 	C:\WINDOWS\SYSTEM32\cfgmgr32.dll
0x00007ff988260000 - 0x00007ff988288000 	C:\WINDOWS\SYSTEM32\DEVOBJ.dll
0x0000000076ad0000 - 0x0000000076adf000 	C:\Program Files\Java\jre1.8.0_25\bin\verify.dll
0x0000000076aa0000 - 0x0000000076ac8000 	C:\Program Files\Java\jre1.8.0_25\bin\java.dll
0x0000000076a80000 - 0x0000000076a96000 	C:\Program Files\Java\jre1.8.0_25\bin\zip.dll
0x0000000075db0000 - 0x0000000075f48000 	C:\Program Files\Java\jre1.8.0_25\bin\awt.dll
0x00007ff98c0f0000 - 0x00007ff98c1b1000 	C:\WINDOWS\system32\OLEAUT32.dll
0x00007ff987610000 - 0x00007ff987631000 	C:\WINDOWS\system32\DWMAPI.DLL
0x00007ff988130000 - 0x00007ff988259000 	C:\WINDOWS\system32\uxtheme.dll
0x00007ff9882b0000 - 0x00007ff9882bb000 	C:\WINDOWS\SYSTEM32\kernel.appcore.dll
0x00007ff989340000 - 0x00007ff98934b000 	C:\WINDOWS\SYSTEM32\CRYPTBASE.dll
0x00007ff9892d0000 - 0x00007ff989333000 	C:\WINDOWS\SYSTEM32\bcryptPrimitives.dll
0x00007ff97e8c0000 - 0x00007ff97eae1000 	C:\WINDOWS\system32\d3d9.dll
0x00007ff987180000 - 0x00007ff98718a000 	C:\WINDOWS\SYSTEM32\VERSION.dll
0x00007ff986970000 - 0x00007ff986abb000 	C:\WINDOWS\SYSTEM32\aticfx64.dll
0x00007ff965270000 - 0x00007ff965291000 	C:\WINDOWS\SYSTEM32\atiu9p64.dll
0x00007ff964a80000 - 0x00007ff965265000 	C:\WINDOWS\SYSTEM32\atiumd64.dll
0x0000000076110000 - 0x00000000768c7000 	C:\WINDOWS\SYSTEM32\atiumd6a.dll
0x00000000769f0000 - 0x0000000076a37000 	C:\Program Files\Java\jre1.8.0_25\bin\fontmanager.dll
0x00007ff988ce0000 - 0x00007ff988d00000 	C:\WINDOWS\SYSTEM32\CRYPTSP.dll
0x00007ff988900000 - 0x00007ff988936000 	C:\WINDOWS\system32\rsaenh.dll
0x00007ff988f90000 - 0x00007ff988fb6000 	C:\WINDOWS\SYSTEM32\bcrypt.dll
0x0000000076a60000 - 0x0000000076a7a000 	C:\Program Files\Java\jre1.8.0_25\bin\net.dll
0x00007ff988c80000 - 0x00007ff988cd9000 	C:\WINDOWS\system32\mswsock.dll
0x00007ff9860b0000 - 0x00007ff9860da000 	C:\WINDOWS\SYSTEM32\IPHLPAPI.DLL
0x00007ff986050000 - 0x00007ff98605a000 	C:\WINDOWS\SYSTEM32\WINNSI.DLL
0x00007ff9841e0000 - 0x00007ff9841f6000 	C:\WINDOWS\SYSTEM32\dhcpcsvc6.DLL
0x00007ff984380000 - 0x00007ff98439a000 	C:\WINDOWS\SYSTEM32\dhcpcsvc.DLL
0x0000000076a40000 - 0x0000000076a51000 	C:\Program Files\Java\jre1.8.0_25\bin\nio.dll
0x00000000637c0000 - 0x00000000637cd000 	S:\Users\Ben\AppData\Local\Temp\jogamp_0000\file_cache\jln7006800786351188373\jln2420301947295981612\gluegen-rt.dll
0x00000000769e0000 - 0x00000000769e7000 	C:\Program Files\Java\jre1.8.0_25\bin\jawt.dll
0x000000006a440000 - 0x000000006a44d000 	S:\Users\Ben\AppData\Local\Temp\jogamp_0000\file_cache\jln7006800786351188373\jln2420301947295981612\nativewindow_awt.dll
0x000000006c100000 - 0x000000006c10f000 	S:\Users\Ben\AppData\Local\Temp\jogamp_0000\file_cache\jln7006800786351188373\jln2420301947295981612\nativewindow_win32.dll
0x00007ff960620000 - 0x00007ff96074b000 	C:\WINDOWS\SYSTEM32\OpenGL32.dll
0x00007ff97d7c0000 - 0x00007ff97d7ee000 	C:\WINDOWS\SYSTEM32\GLU32.dll
0x00007ff966bf0000 - 0x00007ff966ce8000 	C:\WINDOWS\SYSTEM32\DDRAW.dll
0x00007ff980290000 - 0x00007ff980299000 	C:\WINDOWS\SYSTEM32\DCIMAN32.dll
0x0000000064500000 - 0x00000000645a2000 	S:\Users\Ben\AppData\Local\Temp\jogamp_0000\file_cache\jln7006800786351188373\jln2420301947295981612\jogl_desktop.dll
0x00007ff97d720000 - 0x00007ff97d738000 	C:\WINDOWS\SYSTEM32\atig6pxx.dll
0x0000000074200000 - 0x0000000075daf000 	C:\WINDOWS\SYSTEM32\atio6axx.dll
0x00007ff98bcf0000 - 0x00007ff98beca000 	C:\WINDOWS\system32\SETUPAPI.dll
0x00007ff986120000 - 0x00007ff986257000 	C:\WINDOWS\SYSTEM32\atiadlxx.dll
0x00007ff986710000 - 0x00007ff98688f000 	C:\WINDOWS\SYSTEM32\PROPSYS.dll
0x00007ff988080000 - 0x00007ff988092000 	C:\WINDOWS\SYSTEM32\WTSAPI32.dll
0x00007ff9898f0000 - 0x00007ff989941000 	C:\WINDOWS\system32\WINTRUST.dll
0x00007ff989540000 - 0x00007ff98971f000 	C:\WINDOWS\system32\CRYPT32.dll
0x00007ff989520000 - 0x00007ff989531000 	C:\WINDOWS\system32\MSASN1.dll
0x00007ff973720000 - 0x00007ff973749000 	C:\WINDOWS\SYSTEM32\atig6txx.dll
0x00007ff95c1a0000 - 0x00007ff95c33c000 	O:\OneDrive\Workspace\ZZavatar\lib\user\KinectPV2\Kinect20.Face.dll
0x00007ff97c900000 - 0x00007ff97c9a7000 	C:\WINDOWS\SYSTEM32\MSVCP110.dll
0x00007ff981bc0000 - 0x00007ff981c8e000 	C:\WINDOWS\SYSTEM32\MSVCR110.dll
0x00007ff980280000 - 0x00007ff980290000 	O:\OneDrive\Workspace\ZZavatar\lib\user\KinectPV2\KinectPV2.dll
0x00007ff960560000 - 0x00007ff96061a000 	C:\WINDOWS\SYSTEM32\Kinect20.dll
0x00007ff97ca30000 - 0x00007ff97cb1b000 	C:\WINDOWS\SYSTEM32\MFPlat.DLL
0x00007ff97c8a0000 - 0x00007ff97c8c7000 	C:\WINDOWS\SYSTEM32\RTWorkQ.DLL
0x00007ff987050000 - 0x00007ff98705c000 	C:\WINDOWS\SYSTEM32\AVRT.dll
0x00007ff963e10000 - 0x00007ff963f9a000 	C:\WINDOWS\SYSTEM32\dbghelp.dll

VM Arguments:
jvm_args: -Djava.library.path=O:\OneDrive\Workspace\ZZavatar\lib\base\video;O:\OneDrive\Workspace\ZZavatar\lib\base\video;O:\OneDrive\Workspace\ZZavatar\lib\base\video;O:\OneDrive\Workspace\ZZavatar\lib\base\core;O:\OneDrive\Workspace\ZZavatar\lib\base\core;O:\OneDrive\Workspace\ZZavatar\lib\base\core;O:\OneDrive\Workspace\ZZavatar\lib\base\core;O:\OneDrive\Workspace\ZZavatar\lib\base\core;O:\OneDrive\Workspace\ZZavatar\lib\base\core;O:\OneDrive\Workspace\ZZavatar\lib\base\core;O:\OneDrive\Workspace\ZZavatar\lib\base\core;O:\OneDrive\Workspace\ZZavatar\lib\base\core;O:\OneDrive\Workspace\ZZavatar\lib\base\core;O:\OneDrive\Workspace\ZZavatar\lib\base\core;O:\OneDrive\Workspace\ZZavatar\lib\base\core;O:\OneDrive\Workspace\ZZavatar\lib\base\core;O:\OneDrive\Workspace\ZZavatar\lib\base\core;O:\OneDrive\Workspace\ZZavatar\lib\base\core;O:\OneDrive\Workspace\ZZavatar\lib\user\Kinect4WinSDK;O:\OneDrive\Workspace\ZZavatar\lib\user\KinectPV2;O:\OneDrive\Workspace\ZZavatar\lib\user\SimpleOpenNI -Dfile.encoding=Cp1252 
java_command: zzavatar.ZZavatar
java_class_path (initial): O:\OneDrive\Workspace\ZZavatar\lib\base\video\gstreamer-java.jar;O:\OneDrive\Workspace\ZZavatar\lib\base\video\jna.jar;O:\OneDrive\Workspace\ZZavatar\lib\base\video\video.jar;O:\OneDrive\Workspace\ZZavatar\lib\base\core\core.jar;O:\OneDrive\Workspace\ZZavatar\lib\base\core\gluegen-rt-natives-linux-amd64.jar;O:\OneDrive\Workspace\ZZavatar\lib\base\core\gluegen-rt-natives-linux-armv6hf.jar;O:\OneDrive\Workspace\ZZavatar\lib\base\core\gluegen-rt-natives-linux-i586.jar;O:\OneDrive\Workspace\ZZavatar\lib\base\core\gluegen-rt-natives-macosx-universal.jar;O:\OneDrive\Workspace\ZZavatar\lib\base\core\gluegen-rt-natives-windows-amd64.jar;O:\OneDrive\Workspace\ZZavatar\lib\base\core\gluegen-rt-natives-windows-i586.jar;O:\OneDrive\Workspace\ZZavatar\lib\base\core\gluegen-rt.jar;O:\OneDrive\Workspace\ZZavatar\lib\base\core\jogl-all-natives-linux-amd64.jar;O:\OneDrive\Workspace\ZZavatar\lib\base\core\jogl-all-natives-linux-armv6hf.jar;O:\OneDrive\Workspace\ZZavatar\lib\base\core\jogl-all-natives-linux-i586.jar;O:\OneDrive\Workspace\ZZavatar\lib\base\core\jogl-all-natives-macosx-universal.jar;O:\OneDrive\Workspace\ZZavatar\lib\base\core\jogl-all-natives-windows-amd64.jar;O:\OneDrive\Workspace\ZZavatar\lib\base\core\jogl-all-natives-windows-i586.jar;O:\OneDrive\Workspace\ZZavatar\lib\base\core\jogl-all.jar;O:\OneDrive\Workspace\ZZavatar\lib\user\Kinect4WinSDK\Kinect4WinSDK.jar;O:\OneDrive\Workspace\ZZavatar\lib\user\KinectPV2\KinectPV2.jar;O:\OneDrive\Workspace\ZZavatar\lib\user\SimpleOpenNI\SimpleOpenNI.jar;O:\OneDrive\Workspace\ZZavatar\bin
Launcher Type: SUN_STANDARD

Environment Variables:
JAVA_HOME=C:\Program Files\Java\jdk1.8.0_25
PATH=C:/Program Files/Java/jre1.8.0_25/bin/server;C:/Program Files/Java/jre1.8.0_25/bin;C:/Program Files/Java/jre1.8.0_25/lib/amd64;C:\Program Files (x86)\NVIDIA Corporation\PhysX\Common;C:\ProgramData\Oracle\Java\javapath;C:\Program Files (x86)\Common Files\Intel\Shared Libraries\redist\intel64\compiler;C:\Program Files (x86)\Common Files\Intel\Shared Libraries\redist\ia32\compiler;C:\Program Files (x86)\Intel\iCLS Client\;C:\Program Files\Intel\iCLS Client\;C:\Program Files (x86)\AMD APP\bin\x86_64;C:\Program Files (x86)\AMD APP\bin\x86;C:\WINDOWS\system32;C:\WINDOWS;C:\WINDOWS\System32\Wbem;C:\WINDOWS\System32\WindowsPowerShell\v1.0\;C:\Program Files (x86)\ATI Technologies\ATI.ACE\Core-Static;C:\Program Files\Intel\Intel(R) Management Engine Components\DAL;C:\Program Files\Intel\Intel(R) Management Engine Components\IPT;C:\Program Files (x86)\Intel\Intel(R) Management Engine Components\DAL;C:\Program Files (x86)\Intel\Intel(R) Management Engine Components\IPT;C:\Program Files\Sony\VAIO Improvement\;C:\Program Files (x86)\Sony\VAIO Startup Setting Tool;C:\Program Files (x86)\Windows Kits\8.1\Windows Performance Toolkit\;C:\Program Files\Microsoft SQL Server\110\Tools\Binn\;C:\Program Files (x86)\Microsoft SDKs\TypeScript\1.0\;C:\Program Files\Microsoft\Web Platform Installer\;C:\Program Files (x86)\Java\jre1.8.0_25\bin;P:\Programs\Python27\Scripts;P:\Programs\Python27;C:\Program Files\Common Files\Autodesk Shared\;P:\Program Files\Programs;P:\Program Files\Games;P:\Programs\Eclipse;
USERNAME=Benoît
OS=Windows_NT
PROCESSOR_IDENTIFIER=Intel64 Family 6 Model 58 Stepping 9, GenuineIntel



---------------  S Y S T E M  ---------------

OS: Windows 8.1 , 64 bit Build 9600 

CPU:total 8 (4 cores per cpu, 2 threads per core) family 6 model 58 stepping 9, cmov, cx8, fxsr, mmx, sse, sse2, sse3, ssse3, sse4.1, sse4.2, popcnt, avx, aes, clmul, erms, ht, tsc, tscinvbit, tscinv

Memory: 4k page, physical 6237468k(1583652k free), swap 10431772k(4356040k free)

vm_info: Java HotSpot(TM) 64-Bit Server VM (25.25-b02) for windows-amd64 JRE (1.8.0_25-b18), built on Oct  7 2014 14:25:37 by "java_re" with MS VC++ 10.0 (VS2010)

time: Fri Apr 24 16:36:04 2015
elapsed time: 12 seconds (0d 0h 0m 12s)

