#
# A fatal error has been detected by the Java Runtime Environment:
#
#  EXCEPTION_ACCESS_VIOLATION (0xc0000005) at pc=0x0000000068d830a9, pid=3272, tid=3468
#
# JRE version: Java(TM) SE Runtime Environment (8.0_31-b13) (build 1.8.0_31-b13)
# Java VM: Java HotSpot(TM) 64-Bit Server VM (25.31-b07 mixed mode windows-amd64 compressed oops)
# Problematic frame:
# C  [atio6axx.dll+0xd530a9]
#
# Failed to write core dump. Minidumps are not enabled by default on client versions of Windows
#
# If you would like to submit a bug report, please visit:
#   http://bugreport.java.com/bugreport/crash.jsp
# The crash happened outside the Java Virtual Machine in native code.
# See problematic frame for where to report the bug.
#

---------------  T H R E A D  ---------------

Current thread (0x000000001f534000):  JavaThread "Animation Thread" [_thread_in_native, id=3468, stack(0x0000000022550000,0x0000000022650000)]

siginfo: ExceptionCode=0xc0000005, reading address 0x0000000000000230

Registers:
RAX=0x00000000695ebf28, RBX=0x0000000034c7b040, RCX=0x000000002578b590, RDX=0x0000000000000000
RSP=0x000000002264ebc0, RBP=0x0000000000000006, RSI=0x0000000000000000, RDI=0x0000000025f1f5b8
R8 =0x000000002264e8b8, R9 =0x000000000000000a, R10=0x0000000000000000, R11=0x000000002264eaf0
R12=0x0000000000000000, R13=0x000000002635e9e0, R14=0x0000000000000000, R15=0x000000001f534000
RIP=0x0000000068d830a9, EFLAGS=0x0000000000010206

Top of Stack: (sp=0x000000002264ebc0)
0x000000002264ebc0:   0000000000000000 0000000000000000
0x000000002264ebd0:   0000000000000000 000000001f5341e8
0x000000002264ebe0:   0000000000000000 00007ff96433412c
0x000000002264ebf0:   0000000025f1f588 0000000000000006
0x000000002264ec00:   0000000000000000 0000000025f1f5b8
0x000000002264ec10:   000000002264ece0 00007ff964331fba
0x000000002264ec20:   000000002264ece0 000000002264ecc0
0x000000002264ec30:   000000001f5341e8 000000001f48ee30
0x000000002264ec40:   00000006c8dea190 0000000002a95534
0x000000002264ec50:   000000002635e9e0 0000000000000021
0x000000002264ec60:   0000000000000021 000000001f534000
0x000000002264ec70:   000000002264ed38 0000000002a95262
0x000000002264ec80:   000000002264ec80 000000002635e9e0
0x000000002264ec90:   000000002264ece0 0000000026360028
0x000000002264eca0:   0000000000000000 000000002635e9e0
0x000000002264ecb0:   0000000000000000 000000002264ece0 

Instructions: (pc=0x0000000068d830a9)
0x0000000068d83089:   cc cc cc cc cc cc cc 48 89 6c 24 10 48 89 74 24
0x0000000068d83099:   18 48 89 7c 24 20 41 56 48 83 ec 20 4c 63 49 10
0x0000000068d830a9:   4c 8b 92 30 02 00 00 4c 8b f2 41 8d 41 f9 48 8b
0x0000000068d830b9:   e9 83 f8 01 76 22 41 83 f9 0d 74 1c 41 8b c0 4e 


Register to memory mapping:

RAX=0x00000000695ebf28 is an unknown value
RBX=0x0000000034c7b040 is an unknown value
RCX=0x000000002578b590 is an unknown value
RDX=0x0000000000000000 is an unknown value
RSP=0x000000002264ebc0 is pointing into the stack for thread: 0x000000001f534000
RBP=0x0000000000000006 is an unknown value
RSI=0x0000000000000000 is an unknown value
RDI=0x0000000025f1f5b8 is an unknown value
R8 =0x000000002264e8b8 is pointing into the stack for thread: 0x000000001f534000
R9 =0x000000000000000a is an unknown value
R10=0x0000000000000000 is an unknown value
R11=0x000000002264eaf0 is pointing into the stack for thread: 0x000000001f534000
R12=0x0000000000000000 is an unknown value
R13={method} {0x000000002635e9e8} 'jniStopDevice' '()V' in 'KinectPV2/Device'
R14=0x0000000000000000 is an unknown value
R15=0x000000001f534000 is a thread


Stack: [0x0000000022550000,0x0000000022650000],  sp=0x000000002264ebc0,  free space=1018k
Native frames: (J=compiled Java code, j=interpreted, Vv=VM code, C=native code)
C  [atio6axx.dll+0xd530a9]
C  [KinectPV2.dll+0x412c]
C  [KinectPV2.dll+0x1fba]
C  0x0000000002a95534

Java frames: (J=compiled Java code, j=interpreted, Vv=VM code)
j  KinectPV2.Device.jniStopDevice()V+0
j  KinectPV2.Device.stopDevice()V+41
j  KinectPV2.KinectPV2.dispose()V+14
v  ~StubRoutines::call_stub
j  sun.reflect.NativeMethodAccessorImpl.invoke0(Ljava/lang/reflect/Method;Ljava/lang/Object;[Ljava/lang/Object;)Ljava/lang/Object;+0
j  sun.reflect.NativeMethodAccessorImpl.invoke(Ljava/lang/Object;[Ljava/lang/Object;)Ljava/lang/Object;+100
J 1789 C1 sun.reflect.DelegatingMethodAccessorImpl.invoke(Ljava/lang/Object;[Ljava/lang/Object;)Ljava/lang/Object; (10 bytes) @ 0x00000000030fc70c [0x00000000030fc600+0x10c]
J 1788 C1 java.lang.reflect.Method.invoke(Ljava/lang/Object;[Ljava/lang/Object;)Ljava/lang/Object; (62 bytes) @ 0x00000000030f392c [0x00000000030f3540+0x3ec]
j  processing.core.PApplet$RegisteredMethods.handle([Ljava/lang/Object;)V+18
J 1660 C1 processing.core.PApplet.handleMethods(Ljava/lang/String;)V (21 bytes) @ 0x00000000030b289c [0x00000000030b25e0+0x2bc]
j  processing.core.PApplet.dispose()V+35
j  processing.core.PApplet.run()V+283
j  java.lang.Thread.run()V+11
v  ~StubRoutines::call_stub

---------------  P R O C E S S  ---------------

Java Threads: ( => current thread )
  0x0000000023e10800 JavaThread "Animation Thread-SharedResourceRunner" daemon [_thread_blocked, id=5420, stack(0x0000000024dc0000,0x0000000024ec0000)]
  0x0000000002982800 JavaThread "DestroyJavaVM" [_thread_blocked, id=1128, stack(0x0000000002830000,0x0000000002930000)]
  0x000000001f536800 JavaThread "D3D Screen Updater" daemon [_thread_blocked, id=3144, stack(0x0000000022850000,0x0000000022950000)]
=>0x000000001f534000 JavaThread "Animation Thread" [_thread_in_native, id=3468, stack(0x0000000022550000,0x0000000022650000)]
  0x000000001f4e8800 JavaThread "AWT-EventQueue-0" [_thread_blocked, id=6248, stack(0x0000000022350000,0x0000000022450000)]
  0x000000001e8be000 JavaThread "AWT-Windows" daemon [_thread_in_native, id=3600, stack(0x000000001fd60000,0x000000001fe60000)]
  0x000000001e8bd000 JavaThread "AWT-Shutdown" [_thread_blocked, id=5652, stack(0x000000001fc60000,0x000000001fd60000)]
  0x000000001e8ba800 JavaThread "Java2D Disposer" daemon [_thread_blocked, id=6324, stack(0x000000001fb60000,0x000000001fc60000)]
  0x000000001e579000 JavaThread "Service Thread" daemon [_thread_blocked, id=5144, stack(0x000000001eec0000,0x000000001efc0000)]
  0x000000001e510000 JavaThread "C1 CompilerThread3" daemon [_thread_blocked, id=896, stack(0x000000001edc0000,0x000000001eec0000)]
  0x000000001e4fd000 JavaThread "C2 CompilerThread2" daemon [_thread_blocked, id=6956, stack(0x000000001ecc0000,0x000000001edc0000)]
  0x000000001e4ec000 JavaThread "C2 CompilerThread1" daemon [_thread_blocked, id=3372, stack(0x000000001ebc0000,0x000000001ecc0000)]
  0x000000001e4ea000 JavaThread "C2 CompilerThread0" daemon [_thread_blocked, id=5204, stack(0x000000001eac0000,0x000000001ebc0000)]
  0x000000001e4e5000 JavaThread "Attach Listener" daemon [_thread_blocked, id=4116, stack(0x000000001e9c0000,0x000000001eac0000)]
  0x000000001e4ef800 JavaThread "Signal Dispatcher" daemon [_thread_blocked, id=2188, stack(0x000000001e8c0000,0x000000001e9c0000)]
  0x0000000002a78000 JavaThread "Finalizer" daemon [_thread_blocked, id=5404, stack(0x000000001e3c0000,0x000000001e4c0000)]
  0x0000000002a71000 JavaThread "Reference Handler" daemon [_thread_blocked, id=1480, stack(0x000000001e2c0000,0x000000001e3c0000)]

Other Threads:
  0x000000001c4b9000 VMThread [stack: 0x000000001e1c0000,0x000000001e2c0000] [id=2488]
  0x000000001e57b000 WatcherThread [stack: 0x000000001efc0000,0x000000001f0c0000] [id=4772]

VM state:not at safepoint (normal execution)

VM Mutex/Monitor currently owned by a thread: None

Heap:
 PSYoungGen      total 764928K, used 286051K [0x000000076b300000, 0x000000079e400000, 0x00000007c0000000)
  eden space 727040K, 38% used [0x000000076b300000,0x000000077c14bc10,0x0000000797900000)
  from space 37888K, 24% used [0x000000079bf00000,0x000000079c80d040,0x000000079e400000)
  to   space 54784K, 0% used [0x0000000797900000,0x0000000797900000,0x000000079ae80000)
 ParOldGen       total 283648K, used 161665K [0x00000006c1800000, 0x00000006d2d00000, 0x000000076b300000)
  object space 283648K, 56% used [0x00000006c1800000,0x00000006cb5e0450,0x00000006d2d00000)
 Metaspace       used 17984K, capacity 18227K, committed 18560K, reserved 1067008K
  class space    used 1728K, capacity 1794K, committed 1920K, reserved 1048576K

Card table byte_map: [0x0000000011e40000,0x0000000012640000] byte_map_base: 0x000000000e834000

Marking Bits: (ParMarkBitMap*) 0x000000006a28d4f0
 Begin Bits: [0x0000000013390000, 0x0000000017330000)
 End Bits:   [0x0000000017330000, 0x000000001b2d0000)

Polling page: 0x0000000001080000

CodeCache: size=245760Kb used=8672Kb max_used=8684Kb free=237087Kb
 bounds [0x0000000002a80000, 0x0000000003310000, 0x0000000011a80000]
 total_blobs=3167 nmethods=2297 adapters=785
 compilation: enabled

Compilation events (10 events):
Event: 14.022 Thread 0x000000001e510000 2302       3       processing.opengl.PGraphicsOpenGL::lightDiffuse (51 bytes)
Event: 14.022 Thread 0x000000001e510000 nmethod 2302 0x00000000032fc6d0 code [0x00000000032fc840, 0x00000000032fcbc8]
Event: 14.022 Thread 0x000000001e510000 2303       3       processing.opengl.PGraphicsOpenGL::lightSpecular (35 bytes)
Event: 14.023 Thread 0x000000001e510000 nmethod 2303 0x00000000032fcd90 code [0x00000000032fcf00, 0x00000000032fd0d0]
Event: 14.023 Thread 0x000000001e510000 2304       3       processing.opengl.PGraphicsOpenGL::noLightFalloff (34 bytes)
Event: 14.023 Thread 0x000000001e510000 nmethod 2304 0x00000000032fd210 code [0x00000000032fd380, 0x00000000032fd550]
Event: 15.027 Thread 0x000000001e4fd000 2305   !   4       sun.awt.AppContext::get (123 bytes)
Event: 15.033 Thread 0x000000001e4fd000 nmethod 2305 0x0000000003300b50 code [0x0000000003300cc0, 0x0000000003301558]
Event: 15.878 Thread 0x000000001e510000 2306       1       sun.awt.AWTAutoShutdown::getInstance (4 bytes)
Event: 15.879 Thread 0x000000001e510000 nmethod 2306 0x00000000033008d0 code [0x0000000003300a20, 0x0000000003300b10]

GC Heap History (10 events):
Event: 9.222 GC heap before
{Heap before GC invocations=13 (full 1):
 PSYoungGen      total 514560K, used 448832K [0x000000076b300000, 0x0000000795500000, 0x00000007c0000000)
  eden space 448512K, 100% used [0x000000076b300000,0x0000000786900000,0x0000000786900000)
  from space 66048K, 0% used [0x0000000786900000,0x0000000786950020,0x000000078a980000)
  to   space 66048K, 0% used [0x0000000791480000,0x0000000791480000,0x0000000795500000)
 ParOldGen       total 283648K, used 161641K [0x00000006c1800000, 0x00000006d2d00000, 0x000000076b300000)
  object space 283648K, 56% used [0x00000006c1800000,0x00000006cb5da450,0x00000006d2d00000)
 Metaspace       used 17787K, capacity 18035K, committed 18304K, reserved 1064960K
  class space    used 1717K, capacity 1794K, committed 1920K, reserved 1048576K
Event: 9.224 GC heap after
Heap after GC invocations=13 (full 1):
 PSYoungGen      total 590336K, used 384K [0x000000076b300000, 0x0000000794380000, 0x00000007c0000000)
  eden space 542208K, 0% used [0x000000076b300000,0x000000076b300000,0x000000078c480000)
  from space 48128K, 0% used [0x0000000791480000,0x00000007914e0020,0x0000000794380000)
  to   space 65024K, 0% used [0x000000078c480000,0x000000078c480000,0x0000000790400000)
 ParOldGen       total 283648K, used 161641K [0x00000006c1800000, 0x00000006d2d00000, 0x000000076b300000)
  object space 283648K, 56% used [0x00000006c1800000,0x00000006cb5da450,0x00000006d2d00000)
 Metaspace       used 17787K, capacity 18035K, committed 18304K, reserved 1064960K
  class space    used 1717K, capacity 1794K, committed 1920K, reserved 1048576K
}
Event: 10.071 GC heap before
{Heap before GC invocations=14 (full 1):
 PSYoungGen      total 590336K, used 542223K [0x000000076b300000, 0x0000000794380000, 0x00000007c0000000)
  eden space 542208K, 99% used [0x000000076b300000,0x000000078c423f78,0x000000078c480000)
  from space 48128K, 0% used [0x0000000791480000,0x00000007914e0020,0x0000000794380000)
  to   space 65024K, 0% used [0x000000078c480000,0x000000078c480000,0x0000000790400000)
 ParOldGen       total 283648K, used 161641K [0x00000006c1800000, 0x00000006d2d00000, 0x000000076b300000)
  object space 283648K, 56% used [0x00000006c1800000,0x00000006cb5da450,0x00000006d2d00000)
 Metaspace       used 17790K, capacity 18035K, committed 18304K, reserved 1064960K
  class space    used 1717K, capacity 1794K, committed 1920K, reserved 1048576K
Event: 10.082 GC heap after
Heap after GC invocations=14 (full 1):
 PSYoungGen      total 607232K, used 9268K [0x000000076b300000, 0x000000079a900000, 0x00000007c0000000)
  eden space 542208K, 0% used [0x000000076b300000,0x000000076b300000,0x000000078c480000)
  from space 65024K, 14% used [0x000000078c480000,0x000000078cd8d040,0x0000000790400000)
  to   space 61952K, 0% used [0x0000000796c80000,0x0000000796c80000,0x000000079a900000)
 ParOldGen       total 283648K, used 161641K [0x00000006c1800000, 0x00000006d2d00000, 0x000000076b300000)
  object space 283648K, 56% used [0x00000006c1800000,0x00000006cb5da450,0x00000006d2d00000)
 Metaspace       used 17790K, capacity 18035K, committed 18304K, reserved 1064960K
  class space    used 1717K, capacity 1794K, committed 1920K, reserved 1048576K
}
Event: 10.935 GC heap before
{Heap before GC invocations=15 (full 1):
 PSYoungGen      total 607232K, used 550674K [0x000000076b300000, 0x000000079a900000, 0x00000007c0000000)
  eden space 542208K, 99% used [0x000000076b300000,0x000000078c3b7848,0x000000078c480000)
  from space 65024K, 14% used [0x000000078c480000,0x000000078cd8d040,0x0000000790400000)
  to   space 61952K, 0% used [0x0000000796c80000,0x0000000796c80000,0x000000079a900000)
 ParOldGen       total 283648K, used 161641K [0x00000006c1800000, 0x00000006d2d00000, 0x000000076b300000)
  object space 283648K, 56% used [0x00000006c1800000,0x00000006cb5da450,0x00000006d2d00000)
 Metaspace       used 17797K, capacity 18035K, committed 18304K, reserved 1064960K
  class space    used 1717K, capacity 1794K, committed 1920K, reserved 1048576K
Event: 10.941 GC heap after
Heap after GC invocations=15 (full 1):
 PSYoungGen      total 689664K, used 8372K [0x000000076b300000, 0x0000000799a80000, 0x00000007c0000000)
  eden space 642560K, 0% used [0x000000076b300000,0x000000076b300000,0x0000000792680000)
  from space 47104K, 17% used [0x0000000796c80000,0x00000007974ad040,0x0000000799a80000)
  to   space 59392K, 0% used [0x0000000792680000,0x0000000792680000,0x0000000796080000)
 ParOldGen       total 283648K, used 161649K [0x00000006c1800000, 0x00000006d2d00000, 0x000000076b300000)
  object space 283648K, 56% used [0x00000006c1800000,0x00000006cb5dc450,0x00000006d2d00000)
 Metaspace       used 17797K, capacity 18035K, committed 18304K, reserved 1064960K
  class space    used 1717K, capacity 1794K, committed 1920K, reserved 1048576K
}
Event: 12.861 GC heap before
{Heap before GC invocations=16 (full 1):
 PSYoungGen      total 689664K, used 650867K [0x000000076b300000, 0x0000000799a80000, 0x00000007c0000000)
  eden space 642560K, 99% used [0x000000076b300000,0x000000079266fc78,0x0000000792680000)
  from space 47104K, 17% used [0x0000000796c80000,0x00000007974ad040,0x0000000799a80000)
  to   space 59392K, 0% used [0x0000000792680000,0x0000000792680000,0x0000000796080000)
 ParOldGen       total 283648K, used 161649K [0x00000006c1800000, 0x00000006d2d00000, 0x000000076b300000)
  object space 283648K, 56% used [0x00000006c1800000,0x00000006cb5dc450,0x00000006d2d00000)
 Metaspace       used 17896K, capacity 18163K, committed 18304K, reserved 1064960K
  class space    used 1717K, capacity 1794K, committed 1920K, reserved 1048576K
Event: 12.863 GC heap after
Heap after GC invocations=16 (full 1):
 PSYoungGen      total 701952K, used 336K [0x000000076b300000, 0x000000079f780000, 0x00000007c0000000)
  eden space 642560K, 0% used [0x000000076b300000,0x000000076b300000,0x0000000792680000)
  from space 59392K, 0% used [0x0000000792680000,0x00000007926d4030,0x0000000796080000)
  to   space 57856K, 0% used [0x000000079bf00000,0x000000079bf00000,0x000000079f780000)
 ParOldGen       total 283648K, used 161657K [0x00000006c1800000, 0x00000006d2d00000, 0x000000076b300000)
  object space 283648K, 56% used [0x00000006c1800000,0x00000006cb5de450,0x00000006d2d00000)
 Metaspace       used 17896K, capacity 18163K, committed 18304K, reserved 1064960K
  class space    used 1717K, capacity 1794K, committed 1920K, reserved 1048576K
}
Event: 15.000 GC heap before
{Heap before GC invocations=17 (full 1):
 PSYoungGen      total 701952K, used 642080K [0x000000076b300000, 0x000000079f780000, 0x00000007c0000000)
  eden space 642560K, 99% used [0x000000076b300000,0x00000007925b4398,0x0000000792680000)
  from space 59392K, 0% used [0x0000000792680000,0x00000007926d4030,0x0000000796080000)
  to   space 57856K, 0% used [0x000000079bf00000,0x000000079bf00000,0x000000079f780000)
 ParOldGen       total 283648K, used 161657K [0x00000006c1800000, 0x00000006d2d00000, 0x000000076b300000)
  object space 283648K, 56% used [0x00000006c1800000,0x00000006cb5de450,0x00000006d2d00000)
 Metaspace       used 17949K, capacity 18227K, committed 18560K, reserved 1067008K
  class space    used 1717K, capacity 1794K, committed 1920K, reserved 1048576K
Event: 15.006 GC heap after
Heap after GC invocations=17 (full 1):
 PSYoungGen      total 764928K, used 9268K [0x000000076b300000, 0x000000079e400000, 0x00000007c0000000)
  eden space 727040K, 0% used [0x000000076b300000,0x000000076b300000,0x0000000797900000)
  from space 37888K, 24% used [0x000000079bf00000,0x000000079c80d040,0x000000079e400000)
  to   space 54784K, 0% used [0x0000000797900000,0x0000000797900000,0x000000079ae80000)
 ParOldGen       total 283648K, used 161665K [0x00000006c1800000, 0x00000006d2d00000, 0x000000076b300000)
  object space 283648K, 56% used [0x00000006c1800000,0x00000006cb5e0450,0x00000006d2d00000)
 Metaspace       used 17949K, capacity 18227K, committed 18560K, reserved 1067008K
  class space    used 1717K, capacity 1794K, committed 1920K, reserved 1048576K
}

Deoptimization events (10 events):
Event: 2.057 Thread 0x000000001f4e8800 Uncommon trap: reason=unreached action=reinterpret pc=0x0000000002d95054 method=com.jogamp.common.util.IntIntHashMap.get(I)I @ 19
Event: 2.346 Thread 0x000000001f4e8800 Uncommon trap: reason=array_check action=maybe_recompile pc=0x0000000002e596ec method=java.util.AbstractCollection.toArray([Ljava/lang/Object;)[Ljava/lang/Object; @ 119
Event: 2.346 Thread 0x000000001f4e8800 Uncommon trap: reason=array_check action=maybe_recompile pc=0x0000000002e596ec method=java.util.AbstractCollection.toArray([Ljava/lang/Object;)[Ljava/lang/Object; @ 119
Event: 2.346 Thread 0x000000001f4e8800 Uncommon trap: reason=array_check action=maybe_recompile pc=0x0000000002e596ec method=java.util.AbstractCollection.toArray([Ljava/lang/Object;)[Ljava/lang/Object; @ 119
Event: 2.346 Thread 0x000000001f4e8800 Uncommon trap: reason=array_check action=maybe_recompile pc=0x0000000002e596ec method=java.util.AbstractCollection.toArray([Ljava/lang/Object;)[Ljava/lang/Object; @ 119
Event: 2.392 Thread 0x000000001f4f2000 Uncommon trap: reason=range_check action=make_not_entrant pc=0x0000000002e08cd0 method=java.awt.image.DirectColorModel.setFields()V @ 65
Event: 2.945 Thread 0x000000001f4e8800 Uncommon trap: reason=predicate action=maybe_recompile pc=0x0000000002e7e148 method=java.util.ArrayList.indexOf(Ljava/lang/Object;)I @ 44
Event: 3.164 Thread 0x000000001f4e8800 Uncommon trap: reason=unreached action=reinterpret pc=0x0000000002e84bf8 method=processing.opengl.PGraphicsOpenGL$InGeometry.addVertex(FFFIFFFFFIFIIIFIZ)I @ 218
Event: 3.395 Thread 0x000000001f4e8800 Uncommon trap: reason=unreached action=reinterpret pc=0x0000000002d43ef0 method=java.lang.reflect.AccessibleObject.setAccessible0(Ljava/lang/reflect/AccessibleObject;Z)V @ 4
Event: 7.381 Thread 0x000000001f4e8800 Uncommon trap: reason=unreached action=reinterpret pc=0x0000000003124dfc method=java.util.HashMap.keySet()Ljava/util/Set; @ 6

Internal exceptions (10 events):
Event: 3.081 Thread 0x000000001f4e8800 Exception <a 'java/security/PrivilegedActionException'> (0x000000076e9cedc0) thrown at [C:\workspace\8-2-build-windows-amd64-cygwin\jdk8u31\2394\hotspot\src\share\vm\prims\jvm.cpp, line 1312]
Event: 3.081 Thread 0x000000001f4e8800 Exception <a 'java/security/PrivilegedActionException'> (0x000000076e9d34c8) thrown at [C:\workspace\8-2-build-windows-amd64-cygwin\jdk8u31\2394\hotspot\src\share\vm\prims\jvm.cpp, line 1312]
Event: 3.082 Thread 0x000000001f4e8800 Exception <a 'java/security/PrivilegedActionException'> (0x000000076e9d7bb0) thrown at [C:\workspace\8-2-build-windows-amd64-cygwin\jdk8u31\2394\hotspot\src\share\vm\prims\jvm.cpp, line 1312]
Event: 3.082 Thread 0x000000001f4e8800 Exception <a 'java/security/PrivilegedActionException'> (0x000000076e9dba08) thrown at [C:\workspace\8-2-build-windows-amd64-cygwin\jdk8u31\2394\hotspot\src\share\vm\prims\jvm.cpp, line 1312]
Event: 3.082 Thread 0x000000001f4e8800 Exception <a 'java/security/PrivilegedActionException'> (0x000000076e9e04f8) thrown at [C:\workspace\8-2-build-windows-amd64-cygwin\jdk8u31\2394\hotspot\src\share\vm\prims\jvm.cpp, line 1312]
Event: 3.082 Thread 0x000000001f4e8800 Exception <a 'java/security/PrivilegedActionException'> (0x000000076e9e3f20) thrown at [C:\workspace\8-2-build-windows-amd64-cygwin\jdk8u31\2394\hotspot\src\share\vm\prims\jvm.cpp, line 1312]
Event: 3.083 Thread 0x000000001f4e8800 Exception <a 'java/security/PrivilegedActionException'> (0x000000076e9e8158) thrown at [C:\workspace\8-2-build-windows-amd64-cygwin\jdk8u31\2394\hotspot\src\share\vm\prims\jvm.cpp, line 1312]
Event: 3.083 Thread 0x000000001f4e8800 Exception <a 'java/security/PrivilegedActionException'> (0x000000076e9ee358) thrown at [C:\workspace\8-2-build-windows-amd64-cygwin\jdk8u31\2394\hotspot\src\share\vm\prims\jvm.cpp, line 1312]
Event: 3.096 Thread 0x000000001f4e8800 Exception <a 'java/security/PrivilegedActionException'> (0x000000076eac9c58) thrown at [C:\workspace\8-2-build-windows-amd64-cygwin\jdk8u31\2394\hotspot\src\share\vm\prims\jvm.cpp, line 1312]
Event: 7.381 Thread 0x000000001f4e8800 Implicit null exception at 0x0000000003124b29 to 0x0000000003124ded

Events (10 events):
Event: 15.878 loading class javax/swing/JComponent$IntVector done
Event: 15.878 loading class javax/swing/KeyboardManager
Event: 15.878 loading class javax/swing/KeyboardManager done
Event: 15.878 loading class javax/swing/Popup$HeavyWeightWindow
Event: 15.878 loading class sun/awt/ModalExclude
Event: 15.878 loading class sun/awt/ModalExclude done
Event: 15.878 loading class javax/swing/JWindow
Event: 15.878 loading class javax/swing/JWindow done
Event: 15.878 loading class javax/swing/Popup$HeavyWeightWindow done
Event: 15.918 Thread 0x000000001fa57800 Thread exited: 0x000000001fa57800


Dynamic libraries:
0x00007ff7c70d0000 - 0x00007ff7c7104000 	C:\Program Files\Java\jre1.8.0_31\bin\javaw.exe
0x00007ff96b710000 - 0x00007ff96b8bc000 	C:\Windows\SYSTEM32\ntdll.dll
0x00007ff9693f0000 - 0x00007ff96952e000 	C:\Windows\system32\KERNEL32.DLL
0x00007ff968b60000 - 0x00007ff968c75000 	C:\Windows\system32\KERNELBASE.dll
0x00007ff967400000 - 0x00007ff96748e000 	C:\Windows\system32\apphelp.dll
0x00007ff962080000 - 0x00007ff9620d3000 	C:\Windows\AppPatch\AppPatch64\AcGenral.DLL
0x00007ff969060000 - 0x00007ff96910a000 	C:\Windows\system32\msvcrt.dll
0x00007ff968690000 - 0x00007ff9686be000 	C:\Windows\SYSTEM32\SspiCli.dll
0x00007ff96b640000 - 0x00007ff96b694000 	C:\Windows\system32\SHLWAPI.dll
0x00007ff969110000 - 0x00007ff969287000 	C:\Windows\system32\USER32.dll
0x00007ff96acf0000 - 0x00007ff96ae84000 	C:\Windows\system32\ole32.dll
0x00007ff969530000 - 0x00007ff96aa48000 	C:\Windows\system32\SHELL32.dll
0x00007ff967df0000 - 0x00007ff967e11000 	C:\Windows\SYSTEM32\USERENV.dll
0x00007ff96b210000 - 0x00007ff96b2ba000 	C:\Windows\system32\ADVAPI32.dll
0x00007ff9609a0000 - 0x00007ff9609be000 	C:\Windows\SYSTEM32\MPR.dll
0x00007ff969290000 - 0x00007ff9693d1000 	C:\Windows\system32\RPCRT4.dll
0x00007ff96b420000 - 0x00007ff96b479000 	C:\Windows\SYSTEM32\sechost.dll
0x00007ff96aff0000 - 0x00007ff96b201000 	C:\Windows\SYSTEM32\combase.dll
0x00007ff96ae90000 - 0x00007ff96afe1000 	C:\Windows\system32\GDI32.dll
0x00007ff968860000 - 0x00007ff968875000 	C:\Windows\SYSTEM32\profapi.dll
0x00007ff966db0000 - 0x00007ff966e62000 	C:\Windows\SYSTEM32\SHCORE.dll
0x00007ff968d90000 - 0x00007ff968dc6000 	C:\Windows\system32\IMM32.DLL
0x00007ff96b2c0000 - 0x00007ff96b412000 	C:\Windows\system32\MSCTF.dll
0x00007ff9662f0000 - 0x00007ff96656b000 	C:\Windows\WinSxS\amd64_microsoft.windows.common-controls_6595b64144ccf1df_6.0.9600.17415_none_6240486fecbd8abb\COMCTL32.dll
0x000000006ae40000 - 0x000000006af12000 	C:\Program Files\Java\jre1.8.0_31\bin\msvcr100.dll
0x0000000069ab0000 - 0x000000006a30a000 	C:\Program Files\Java\jre1.8.0_31\bin\server\jvm.dll
0x00007ff966a30000 - 0x00007ff966a39000 	C:\Windows\SYSTEM32\WSOCK32.dll
0x00007ff962a70000 - 0x00007ff962a92000 	C:\Windows\SYSTEM32\WINMM.dll
0x00007ff969050000 - 0x00007ff969057000 	C:\Windows\system32\PSAPI.DLL
0x00007ff96b6a0000 - 0x00007ff96b6fa000 	C:\Windows\system32\WS2_32.dll
0x00007ff95fb30000 - 0x00007ff95fb5a000 	C:\Windows\SYSTEM32\WINMMBASE.dll
0x00007ff96b5a0000 - 0x00007ff96b5a9000 	C:\Windows\system32\NSI.dll
0x00007ff968930000 - 0x00007ff96897f000 	C:\Windows\SYSTEM32\cfgmgr32.dll
0x00007ff967680000 - 0x00007ff9676a8000 	C:\Windows\SYSTEM32\DEVOBJ.dll
0x0000000069aa0000 - 0x0000000069aaf000 	C:\Program Files\Java\jre1.8.0_31\bin\verify.dll
0x0000000069a70000 - 0x0000000069a98000 	C:\Program Files\Java\jre1.8.0_31\bin\java.dll
0x0000000069a50000 - 0x0000000069a66000 	C:\Program Files\Java\jre1.8.0_31\bin\zip.dll
0x000000006aca0000 - 0x000000006ae38000 	C:\Program Files\Java\jre1.8.0_31\bin\awt.dll
0x00007ff968dd0000 - 0x00007ff968e91000 	C:\Windows\system32\OLEAUT32.dll
0x00007ff966bb0000 - 0x00007ff966bd1000 	C:\Windows\system32\DWMAPI.DLL
0x00007ff9674d0000 - 0x00007ff9675f9000 	C:\Windows\system32\uxtheme.dll
0x00007ff967650000 - 0x00007ff96765b000 	C:\Windows\SYSTEM32\kernel.appcore.dll
0x00007ff968730000 - 0x00007ff96873b000 	C:\Windows\SYSTEM32\CRYPTBASE.dll
0x00007ff9686c0000 - 0x00007ff968723000 	C:\Windows\SYSTEM32\bcryptPrimitives.dll
0x00007ff95dc40000 - 0x00007ff95de61000 	C:\Windows\system32\d3d9.dll
0x00007ff965f40000 - 0x00007ff965f4a000 	C:\Windows\SYSTEM32\VERSION.dll
0x00007ff965fb0000 - 0x00007ff9660f4000 	C:\Windows\SYSTEM32\aticfx64.dll
0x00007ff95ff30000 - 0x00007ff95ff50000 	C:\Windows\SYSTEM32\atiu9p64.dll
0x00007ff948af0000 - 0x00007ff949251000 	C:\Windows\SYSTEM32\atiumd64.dll
0x000000006afd0000 - 0x000000006b85d000 	C:\Windows\SYSTEM32\atiumd6a.dll
0x000000006ac50000 - 0x000000006ac97000 	C:\Program Files\Java\jre1.8.0_31\bin\fontmanager.dll
0x00007ff968230000 - 0x00007ff968250000 	C:\Windows\SYSTEM32\CRYPTSP.dll
0x00007ff967c40000 - 0x00007ff967c76000 	C:\Windows\system32\rsaenh.dll
0x00007ff968380000 - 0x00007ff9683a6000 	C:\Windows\SYSTEM32\bcrypt.dll
0x0000000069a30000 - 0x0000000069a4a000 	C:\Program Files\Java\jre1.8.0_31\bin\net.dll
0x00007ff9681d0000 - 0x00007ff968229000 	C:\Windows\system32\mswsock.dll
0x00007ff963a70000 - 0x00007ff963a9a000 	C:\Windows\SYSTEM32\IPHLPAPI.DLL
0x00007ff963a60000 - 0x00007ff963a6a000 	C:\Windows\SYSTEM32\WINNSI.DLL
0x00007ff962db0000 - 0x00007ff962dc6000 	C:\Windows\SYSTEM32\dhcpcsvc6.DLL
0x00007ff963090000 - 0x00007ff9630aa000 	C:\Windows\SYSTEM32\dhcpcsvc.DLL
0x0000000069a10000 - 0x0000000069a21000 	C:\Program Files\Java\jre1.8.0_31\bin\nio.dll
0x00000000637c0000 - 0x00000000637cd000 	C:\Users\Admin\AppData\Local\Temp\jogamp_0000\file_cache\jln148235902561579443\jln1701155176101977125\gluegen-rt.dll
0x000000006ac40000 - 0x000000006ac47000 	C:\Program Files\Java\jre1.8.0_31\bin\jawt.dll
0x000000006a440000 - 0x000000006a44d000 	C:\Users\Admin\AppData\Local\Temp\jogamp_0000\file_cache\jln148235902561579443\jln1701155176101977125\nativewindow_awt.dll
0x000000006c100000 - 0x000000006c10f000 	C:\Users\Admin\AppData\Local\Temp\jogamp_0000\file_cache\jln148235902561579443\jln1701155176101977125\nativewindow_win32.dll
0x00007ff953960000 - 0x00007ff953a8b000 	C:\Windows\SYSTEM32\OpenGL32.dll
0x00007ff95fa80000 - 0x00007ff95faae000 	C:\Windows\SYSTEM32\GLU32.dll
0x00007ff947720000 - 0x00007ff947818000 	C:\Windows\SYSTEM32\DDRAW.dll
0x00007ff963790000 - 0x00007ff963799000 	C:\Windows\SYSTEM32\DCIMAN32.dll
0x0000000064500000 - 0x00000000645a2000 	C:\Users\Admin\AppData\Local\Temp\jogamp_0000\file_cache\jln148235902561579443\jln1701155176101977125\jogl_desktop.dll
0x00007ff9635e0000 - 0x00007ff9635f8000 	C:\Windows\SYSTEM32\atig6pxx.dll
0x0000000068030000 - 0x00000000699d1000 	C:\Windows\SYSTEM32\atio6axx.dll
0x00007ff96ab10000 - 0x00007ff96acea000 	C:\Windows\system32\SETUPAPI.dll
0x00007ff963f20000 - 0x00007ff964048000 	C:\Windows\SYSTEM32\atiadlxx.dll
0x00007ff9650a0000 - 0x00007ff96521f000 	C:\Windows\SYSTEM32\PROPSYS.dll
0x00007ff9673e0000 - 0x00007ff9673f2000 	C:\Windows\SYSTEM32\WTSAPI32.dll
0x00007ff968c80000 - 0x00007ff968cd1000 	C:\Windows\system32\WINTRUST.dll
0x00007ff968980000 - 0x00007ff968b5f000 	C:\Windows\system32\CRYPT32.dll
0x00007ff968910000 - 0x00007ff968921000 	C:\Windows\system32\MSASN1.dll
0x00007ff95c480000 - 0x00007ff95c49e000 	C:\Windows\SYSTEM32\atig6txx.dll
0x00007ff948460000 - 0x00007ff9485fc000 	C:\Users\Admin\Documents\GitHub\ZZ1-Project\src\Eclipse\ZZavatar\lib\user\KinectPV2\Kinect20.Face.dll
0x00007ff962190000 - 0x00007ff962237000 	C:\Windows\SYSTEM32\MSVCP110.dll
0x00007ff961f70000 - 0x00007ff962044000 	C:\Windows\SYSTEM32\MSVCR110.dll
0x00007ff964330000 - 0x00007ff964340000 	C:\Users\Admin\Documents\GitHub\ZZ1-Project\src\Eclipse\ZZavatar\lib\user\KinectPV2\KinectPV2.dll
0x00007ff959db0000 - 0x00007ff959e6a000 	C:\Windows\SYSTEM32\Kinect20.dll
0x00007ff95c6a0000 - 0x00007ff95c78b000 	C:\Windows\SYSTEM32\MFPlat.DLL
0x00007ff965630000 - 0x00007ff965657000 	C:\Windows\SYSTEM32\RTWorkQ.DLL
0x00007ff966840000 - 0x00007ff96684c000 	C:\Windows\SYSTEM32\AVRT.dll
0x00007ff965aa0000 - 0x00007ff965c2a000 	C:\Windows\SYSTEM32\dbghelp.dll

VM Arguments:
jvm_args: -Djava.library.path=C:\Users\Admin\Documents\GitHub\ZZ1-Project\src\Eclipse\ZZavatar\lib\base\video;C:\Users\Admin\Documents\GitHub\ZZ1-Project\src\Eclipse\ZZavatar\lib\base\video;C:\Users\Admin\Documents\GitHub\ZZ1-Project\src\Eclipse\ZZavatar\lib\base\video;C:\Users\Admin\Documents\GitHub\ZZ1-Project\src\Eclipse\ZZavatar\lib\base\core;C:\Users\Admin\Documents\GitHub\ZZ1-Project\src\Eclipse\ZZavatar\lib\base\core;C:\Users\Admin\Documents\GitHub\ZZ1-Project\src\Eclipse\ZZavatar\lib\base\core;C:\Users\Admin\Documents\GitHub\ZZ1-Project\src\Eclipse\ZZavatar\lib\base\core;C:\Users\Admin\Documents\GitHub\ZZ1-Project\src\Eclipse\ZZavatar\lib\base\core;C:\Users\Admin\Documents\GitHub\ZZ1-Project\src\Eclipse\ZZavatar\lib\base\core;C:\Users\Admin\Documents\GitHub\ZZ1-Project\src\Eclipse\ZZavatar\lib\base\core;C:\Users\Admin\Documents\GitHub\ZZ1-Project\src\Eclipse\ZZavatar\lib\base\core;C:\Users\Admin\Documents\GitHub\ZZ1-Project\src\Eclipse\ZZavatar\lib\base\core;C:\Users\Admin\Documents\GitHub\ZZ1-Project\src\Eclipse\ZZavatar\lib\base\core;C:\Users\Admin\Documents\GitHub\ZZ1-Project\src\Eclipse\ZZavatar\lib\base\core;C:\Users\Admin\Documents\GitHub\ZZ1-Project\src\Eclipse\ZZavatar\lib\base\core;C:\Users\Admin\Documents\GitHub\ZZ1-Project\src\Eclipse\ZZavatar\lib\base\core;C:\Users\Admin\Documents\GitHub\ZZ1-Project\src\Eclipse\ZZavatar\lib\base\core;C:\Users\Admin\Documents\GitHub\ZZ1-Project\src\Eclipse\ZZavatar\lib\base\core;C:\Users\Admin\Documents\GitHub\ZZ1-Project\src\Eclipse\ZZavatar\lib\user\Kinect4WinSDK;C:\Users\Admin\Documents\GitHub\ZZ1-Project\src\Eclipse\ZZavatar\lib\user\KinectPV2;C:\Users\Admin\Documents\GitHub\ZZ1-Project\src\Eclipse\ZZavatar\lib\user\SimpleOpenNI -Dfile.encoding=Cp1252 
java_command: zzavatar.ZZavatar
java_class_path (initial): C:\Users\Admin\Documents\GitHub\ZZ1-Project\src\Eclipse\ZZavatar\lib\base\video\gstreamer-java.jar;C:\Users\Admin\Documents\GitHub\ZZ1-Project\src\Eclipse\ZZavatar\lib\base\video\jna.jar;C:\Users\Admin\Documents\GitHub\ZZ1-Project\src\Eclipse\ZZavatar\lib\base\video\video.jar;C:\Users\Admin\Documents\GitHub\ZZ1-Project\src\Eclipse\ZZavatar\lib\base\core\core.jar;C:\Users\Admin\Documents\GitHub\ZZ1-Project\src\Eclipse\ZZavatar\lib\base\core\gluegen-rt-natives-linux-amd64.jar;C:\Users\Admin\Documents\GitHub\ZZ1-Project\src\Eclipse\ZZavatar\lib\base\core\gluegen-rt-natives-linux-armv6hf.jar;C:\Users\Admin\Documents\GitHub\ZZ1-Project\src\Eclipse\ZZavatar\lib\base\core\gluegen-rt-natives-linux-i586.jar;C:\Users\Admin\Documents\GitHub\ZZ1-Project\src\Eclipse\ZZavatar\lib\base\core\gluegen-rt-natives-macosx-universal.jar;C:\Users\Admin\Documents\GitHub\ZZ1-Project\src\Eclipse\ZZavatar\lib\base\core\gluegen-rt-natives-windows-amd64.jar;C:\Users\Admin\Documents\GitHub\ZZ1-Project\src\Eclipse\ZZavatar\lib\base\core\gluegen-rt-natives-windows-i586.jar;C:\Users\Admin\Documents\GitHub\ZZ1-Project\src\Eclipse\ZZavatar\lib\base\core\gluegen-rt.jar;C:\Users\Admin\Documents\GitHub\ZZ1-Project\src\Eclipse\ZZavatar\lib\base\core\jogl-all-natives-linux-amd64.jar;C:\Users\Admin\Documents\GitHub\ZZ1-Project\src\Eclipse\ZZavatar\lib\base\core\jogl-all-natives-linux-armv6hf.jar;C:\Users\Admin\Documents\GitHub\ZZ1-Project\src\Eclipse\ZZavatar\lib\base\core\jogl-all-natives-linux-i586.jar;C:\Users\Admin\Documents\GitHub\ZZ1-Project\src\Eclipse\ZZavatar\lib\base\core\jogl-all-natives-macosx-universal.jar;C:\Users\Admin\Documents\GitHub\ZZ1-Project\src\Eclipse\ZZavatar\lib\base\core\jogl-all-natives-windows-amd64.jar;C:\Users\Admin\Documents\GitHub\ZZ1-Project\src\Eclipse\ZZavatar\lib\base\core\jogl-all-natives-windows-i586.jar;C:\Users\Admin\Documents\GitHub\ZZ1-Project\src\Eclipse\ZZavatar\lib\base\core\jogl-all.jar;C:\Users\Admin\Documents\GitHub\ZZ1-Project\sr
Launcher Type: SUN_STANDARD

Environment Variables:
PATH=C:/Program Files/Java/jre1.8.0_31/bin/server;C:/Program Files/Java/jre1.8.0_31/bin;C:/Program Files/Java/jre1.8.0_31/lib/amd64;C:\Program Files (x86)\NVIDIA Corporation\PhysX\Common;C:\ProgramData\Oracle\Java\javapath;C:\Windows\system32;C:\Windows;C:\Windows\System32\Wbem;C:\Windows\System32\WindowsPowerShell\v1.0\;C:\Program Files (x86)\ATI Technologies\ATI.ACE\Core-Static;C:\Program Files (x86)\Windows Kits\8.1\Windows Performance Toolkit\;C:\Program Files\Microsoft SQL Server\120\Tools\Binn\;C:\Program Files (x86)\Microsoft SDKs\TypeScript\1.1\;C:\Program Files (x86)\nodejs\;C:\Users\Admin\AppData\Roaming\npm;C:\Program Files\eclipse;
USERNAME=Admin
OS=Windows_NT
PROCESSOR_IDENTIFIER=AMD64 Family 21 Model 2 Stepping 0, AuthenticAMD



---------------  S Y S T E M  ---------------

OS: Windows 8.1 , 64 bit Build 9600 

CPU:total 8 (8 cores per cpu, 1 threads per core) family 21 model 2 stepping 0, cmov, cx8, fxsr, mmx, sse, sse2, sse3, ssse3, sse4.1, sse4.2, popcnt, avx, aes, clmul, mmxext, 3dnowpref, lzcnt, sse4a, tsc, tscinvbit, tscinv, bmi1

Memory: 4k page, physical 16674296k(11735228k free), swap 19164664k(12468684k free)

vm_info: Java HotSpot(TM) 64-Bit Server VM (25.31-b07) for windows-amd64 JRE (1.8.0_31-b13), built on Dec 17 2014 21:00:28 by "java_re" with MS VC++ 10.0 (VS2010)

time: Sun May 10 16:18:14 2015
elapsed time: 15 seconds (0d 0h 0m 15s)

