#
# A fatal error has been detected by the Java Runtime Environment:
#
#  EXCEPTION_ACCESS_VIOLATION (0xc0000005) at pc=0x00007ffedc8b4110, pid=3648, tid=8004
#
# JRE version: Java(TM) SE Runtime Environment (8.0_25-b18) (build 1.8.0_25-b18)
# Java VM: Java HotSpot(TM) 64-Bit Server VM (25.25-b02 mixed mode windows-amd64 compressed oops)
# Problematic frame:
# C  [KinectPV2.dll+0x4110]
#
# Failed to write core dump. Minidumps are not enabled by default on client versions of Windows
#
# If you would like to submit a bug report, please visit:
#   http://bugreport.sun.com/bugreport/crash.jsp
# The crash happened outside the Java Virtual Machine in native code.
# See problematic frame for where to report the bug.
#

---------------  T H R E A D  ---------------

Current thread (0x0000000019157800):  JavaThread "Animation Thread" [_thread_in_native, id=8004, stack(0x000000001c1a0000,0x000000001c2a0000)]

siginfo: ExceptionCode=0xc0000005, reading address 0xffffffffffffffff

Registers:
RAX=0x0000000000000001, RBX=0x000000002087a040, RCX=0x004dd8a80a00000a, RDX=0x0000000000000000
RSP=0x000000001c29e520, RBP=0x0000000000000006, RSI=0x0000000000000000, RDI=0x000000001f03caf8
R8 =0x000000001c29e1e8, R9 =0x0000000000008000, R10=0x0000000000000000, R11=0x000000001c29e420
R12=0x0000000000000000, R13=0x000000001f57ccb8, R14=0x0000000000000000, R15=0x0000000019157800
RIP=0x00007ffedc8b4110, EFLAGS=0x0000000000010206

Top of Stack: (sp=0x000000001c29e520)
0x000000001c29e520:   000000001f03cac8 000000001f912fa8
0x000000001c29e530:   000000001f03cac8 0000000000000000
0x000000001c29e540:   000000001c29e610 00007ffedc8b1fba
0x000000001c29e550:   000000001c29e610 000000001c29e5f0
0x000000001c29e560:   00000000191579e8 0000000019122130
0x000000001c29e570:   00000000a3895998 00000000021a5b74
0x000000001c29e580:   000000001f57ccb8 0000000000000021
0x000000001c29e590:   0000000000000021 0000000019157800
0x000000001c29e5a0:   000000001c29e668 00000000021a58a2
0x000000001c29e5b0:   000000001c29e5b0 000000001f57ccb8
0x000000001c29e5c0:   000000001c29e610 000000001f57dc48
0x000000001c29e5d0:   0000000000000000 000000001f57ccb8
0x000000001c29e5e0:   0000000000000000 000000001c29e610
0x000000001c29e5f0:   000000001c29e658 0000000002197a2d
0x000000001c29e600:   0000000000000000 000000000219f6b8
0x000000001c29e610:   00000000a38cbd60 000000001c29e618 

Instructions: (pc=0x00007ffedc8b4110)
0x00007ffedc8b40f0:   89 77 d0 48 8b 0f 48 85 c9 74 09 48 8b 01 ff 50
0x00007ffedc8b4100:   10 4c 89 37 48 8b 8f 90 00 00 00 48 85 c9 74 0d
0x00007ffedc8b4110:   48 8b 01 ff 50 10 4c 89 b7 90 00 00 00 48 8b 4f
0x00007ffedc8b4120:   30 48 85 c9 74 0a 48 8b 01 ff 50 10 4c 89 77 30 


Register to memory mapping:

RAX=0x0000000000000001 is an unknown value
RBX=0x000000002087a040 is an unknown value
RCX=0x004dd8a80a00000a is an unknown value
RDX=0x0000000000000000 is an unknown value
RSP=0x000000001c29e520 is pointing into the stack for thread: 0x0000000019157800
RBP=0x0000000000000006 is an unknown value
RSI=0x0000000000000000 is an unknown value
RDI=0x000000001f03caf8 is an unknown value
R8 =0x000000001c29e1e8 is pointing into the stack for thread: 0x0000000019157800
R9 =0x0000000000008000 is an unknown value
R10=0x0000000000000000 is an unknown value
R11=0x000000001c29e420 is pointing into the stack for thread: 0x0000000019157800
R12=0x0000000000000000 is an unknown value
R13={method} {0x000000001f57ccc0} 'jniStopDevice' '()V' in 'KinectPV2/Device'
R14=0x0000000000000000 is an unknown value
R15=0x0000000019157800 is a thread


Stack: [0x000000001c1a0000,0x000000001c2a0000],  sp=0x000000001c29e520,  free space=1017k
Native frames: (J=compiled Java code, j=interpreted, Vv=VM code, C=native code)
C  [KinectPV2.dll+0x4110]
C  [KinectPV2.dll+0x1fba]
C  0x00000000021a5b74

Java frames: (J=compiled Java code, j=interpreted, Vv=VM code)
j  KinectPV2.Device.jniStopDevice()V+0
j  KinectPV2.Device.stopDevice()V+41
j  KinectPV2.KinectPV2.dispose()V+14
v  ~StubRoutines::call_stub
j  sun.reflect.NativeMethodAccessorImpl.invoke0(Ljava/lang/reflect/Method;Ljava/lang/Object;[Ljava/lang/Object;)Ljava/lang/Object;+0
j  sun.reflect.NativeMethodAccessorImpl.invoke(Ljava/lang/Object;[Ljava/lang/Object;)Ljava/lang/Object;+100
J 1738 C1 sun.reflect.DelegatingMethodAccessorImpl.invoke(Ljava/lang/Object;[Ljava/lang/Object;)Ljava/lang/Object; (10 bytes) @ 0x00000000027ed2c4 [0x00000000027ed1c0+0x104]
J 1737 C1 java.lang.reflect.Method.invoke(Ljava/lang/Object;[Ljava/lang/Object;)Ljava/lang/Object; (62 bytes) @ 0x00000000027e3d64 [0x00000000027e3980+0x3e4]
j  processing.core.PApplet$RegisteredMethods.handle([Ljava/lang/Object;)V+18
J 1616 C1 processing.core.PApplet.handleMethods(Ljava/lang/String;)V (21 bytes) @ 0x00000000027a7a9c [0x00000000027a77e0+0x2bc]
j  processing.core.PApplet.dispose()V+35
j  processing.core.PApplet.run()V+283
j  java.lang.Thread.run()V+11
v  ~StubRoutines::call_stub

---------------  P R O C E S S  ---------------

Java Threads: ( => current thread )
  0x0000000019459800 JavaThread "Animation Thread-SharedResourceRunner" daemon [_thread_blocked, id=8352, stack(0x000000001e470000,0x000000001e570000)]
  0x0000000001f8e800 JavaThread "DestroyJavaVM" [_thread_blocked, id=10048, stack(0x0000000001f90000,0x0000000002090000)]
  0x0000000019115800 JavaThread "D3D Screen Updater" daemon [_thread_blocked, id=2592, stack(0x000000001c4a0000,0x000000001c5a0000)]
=>0x0000000019157800 JavaThread "Animation Thread" [_thread_in_native, id=8004, stack(0x000000001c1a0000,0x000000001c2a0000)]
  0x00000000190bb800 JavaThread "AWT-EventQueue-0" [_thread_blocked, id=7404, stack(0x000000001bfa0000,0x000000001c0a0000)]
  0x00000000182aa000 JavaThread "AWT-Windows" daemon [_thread_in_native, id=3944, stack(0x0000000019990000,0x0000000019a90000)]
  0x00000000182a9800 JavaThread "AWT-Shutdown" [_thread_blocked, id=9784, stack(0x0000000019890000,0x0000000019990000)]
  0x0000000019040000 JavaThread "Java2D Disposer" daemon [_thread_blocked, id=8372, stack(0x0000000019790000,0x0000000019890000)]
  0x0000000017f6f000 JavaThread "Service Thread" daemon [_thread_blocked, id=3384, stack(0x00000000188b0000,0x00000000189b0000)]
  0x0000000017eef800 JavaThread "C1 CompilerThread3" daemon [_thread_blocked, id=4692, stack(0x00000000187b0000,0x00000000188b0000)]
  0x0000000017eec800 JavaThread "C2 CompilerThread2" daemon [_thread_blocked, id=3500, stack(0x00000000186b0000,0x00000000187b0000)]
  0x0000000017edb800 JavaThread "C2 CompilerThread1" daemon [_thread_blocked, id=5780, stack(0x00000000185b0000,0x00000000186b0000)]
  0x0000000017ed9800 JavaThread "C2 CompilerThread0" daemon [_thread_blocked, id=4028, stack(0x00000000184b0000,0x00000000185b0000)]
  0x0000000017ed7000 JavaThread "Attach Listener" daemon [_thread_blocked, id=7652, stack(0x00000000183b0000,0x00000000184b0000)]
  0x0000000017ed5800 JavaThread "Signal Dispatcher" daemon [_thread_blocked, id=8680, stack(0x00000000182b0000,0x00000000183b0000)]
  0x0000000002188800 JavaThread "Finalizer" daemon [_thread_blocked, id=6696, stack(0x0000000017db0000,0x0000000017eb0000)]
  0x0000000015edc800 JavaThread "Reference Handler" daemon [_thread_blocked, id=836, stack(0x0000000017cb0000,0x0000000017db0000)]

Other Threads:
  0x0000000015ed8800 VMThread [stack: 0x0000000017bb0000,0x0000000017cb0000] [id=9540]
  0x0000000017f79000 WatcherThread [stack: 0x00000000189b0000,0x0000000018ab0000] [id=6972]

VM state:not at safepoint (normal execution)

VM Mutex/Monitor currently owned by a thread: None

Heap:
 PSYoungGen      total 261120K, used 217447K [0x00000000e0400000, 0x00000000f3780000, 0x0000000100000000)
  eden space 219648K, 94% used [0x00000000e0400000,0x00000000ecf8e158,0x00000000eda80000)
  from space 41472K, 21% used [0x00000000f0f00000,0x00000000f17cbb50,0x00000000f3780000)
  to   space 47616K, 0% used [0x00000000eda80000,0x00000000eda80000,0x00000000f0900000)
 ParOldGen       total 228352K, used 145305K [0x00000000a0c00000, 0x00000000aeb00000, 0x00000000e0400000)
  object space 228352K, 63% used [0x00000000a0c00000,0x00000000a99e65b0,0x00000000aeb00000)
 Metaspace       used 17750K, capacity 17961K, committed 18304K, reserved 1064960K
  class space    used 1734K, capacity 1793K, committed 1920K, reserved 1048576K

Card table byte_map: [0x0000000011550000,0x0000000011850000] byte_map_base: 0x000000001104a000

Marking Bits: (ParMarkBitMap*) 0x000000006ab8d490
 Begin Bits: [0x0000000012250000, 0x0000000013a20000)
 End Bits:   [0x0000000013a20000, 0x00000000151f0000)

Polling page: 0x00000000006f0000

CodeCache: size=245760Kb used=7050Kb max_used=7061Kb free=238709Kb
 bounds [0x0000000002190000, 0x0000000002880000, 0x0000000011190000]
 total_blobs=2764 nmethods=1894 adapters=784
 compilation: enabled

Compilation events (10 events):
Event: 7.945 Thread 0x0000000017eec800 nmethod 1890 0x0000000002820d10 code [0x0000000002820e40, 0x0000000002820ed8]
Event: 7.946 Thread 0x0000000017eef800 nmethod 1889 0x0000000002874510 code [0x00000000028746a0, 0x0000000002874b58]
Event: 7.994 Thread 0x0000000017eef800 1892       3       java.awt.EventQueue::coalesceEvent (86 bytes)
Event: 7.995 Thread 0x0000000017eef800 nmethod 1892 0x0000000002875f50 code [0x0000000002876140, 0x0000000002876e58]
Event: 7.995 Thread 0x0000000017eef800 1893       3       java.util.concurrent.locks.ReentrantLock$NonfairSync::tryAcquire (6 bytes)
Event: 7.995 Thread 0x0000000017eef800 nmethod 1893 0x0000000002875b50 code [0x0000000002875cc0, 0x0000000002875ec8]
Event: 7.995 Thread 0x0000000017eef800 1894       3       java.util.concurrent.locks.ReentrantLock$Sync::nonfairTryAcquire (67 bytes)
Event: 7.995 Thread 0x0000000017eef800 nmethod 1894 0x0000000002873910 code [0x0000000002873aa0, 0x00000000028741a8]
Event: 8.011 Thread 0x0000000017ed9800 1895       4       java.util.AbstractCollection::<init> (5 bytes)
Event: 8.011 Thread 0x0000000017ed9800 nmethod 1895 0x00000000028758d0 code [0x0000000002875a00, 0x0000000002875a58]

GC Heap History (10 events):
Event: 4.254 GC heap before
{Heap before GC invocations=15 (full 3):
 PSYoungGen      total 198144K, used 142531K [0x00000000e0400000, 0x00000000f2080000, 0x0000000100000000)
  eden space 142336K, 99% used [0x00000000e0400000,0x00000000e8e4a3e8,0x00000000e8f00000)
  from space 55808K, 1% used [0x00000000e8f00000,0x00000000e8fe6b30,0x00000000ec580000)
  to   space 56320K, 0% used [0x00000000ee980000,0x00000000ee980000,0x00000000f2080000)
 ParOldGen       total 228352K, used 145265K [0x00000000a0c00000, 0x00000000aeb00000, 0x00000000e0400000)
  object space 228352K, 63% used [0x00000000a0c00000,0x00000000a99dc5b0,0x00000000aeb00000)
 Metaspace       used 17458K, capacity 17697K, committed 18048K, reserved 1064960K
  class space    used 1723K, capacity 1793K, committed 1920K, reserved 1048576K
Event: 4.259 GC heap after
Heap after GC invocations=15 (full 3):
 PSYoungGen      total 220672K, used 8990K [0x00000000e0400000, 0x00000000f1800000, 0x0000000100000000)
  eden space 173056K, 0% used [0x00000000e0400000,0x00000000e0400000,0x00000000ead00000)
  from space 47616K, 18% used [0x00000000ee980000,0x00000000ef247b40,0x00000000f1800000)
  to   space 54784K, 0% used [0x00000000ead00000,0x00000000ead00000,0x00000000ee280000)
 ParOldGen       total 228352K, used 145273K [0x00000000a0c00000, 0x00000000aeb00000, 0x00000000e0400000)
  object space 228352K, 63% used [0x00000000a0c00000,0x00000000a99de5b0,0x00000000aeb00000)
 Metaspace       used 17458K, capacity 17697K, committed 18048K, reserved 1064960K
  class space    used 1723K, capacity 1793K, committed 1920K, reserved 1048576K
}
Event: 4.921 GC heap before
{Heap before GC invocations=16 (full 3):
 PSYoungGen      total 220672K, used 175264K [0x00000000e0400000, 0x00000000f1800000, 0x0000000100000000)
  eden space 173056K, 96% used [0x00000000e0400000,0x00000000ea660608,0x00000000ead00000)
  from space 47616K, 18% used [0x00000000ee980000,0x00000000ef247b40,0x00000000f1800000)
  to   space 54784K, 0% used [0x00000000ead00000,0x00000000ead00000,0x00000000ee280000)
 ParOldGen       total 228352K, used 145273K [0x00000000a0c00000, 0x00000000aeb00000, 0x00000000e0400000)
  object space 228352K, 63% used [0x00000000a0c00000,0x00000000a99de5b0,0x00000000aeb00000)
 Metaspace       used 17504K, capacity 17761K, committed 18048K, reserved 1064960K
  class space    used 1723K, capacity 1793K, committed 1920K, reserved 1048576K
Event: 4.924 GC heap after
Heap after GC invocations=16 (full 3):
 PSYoungGen      total 227840K, used 9006K [0x00000000e0400000, 0x00000000f3380000, 0x0000000100000000)
  eden space 173056K, 0% used [0x00000000e0400000,0x00000000e0400000,0x00000000ead00000)
  from space 54784K, 16% used [0x00000000ead00000,0x00000000eb5cbb50,0x00000000ee280000)
  to   space 53248K, 0% used [0x00000000eff80000,0x00000000eff80000,0x00000000f3380000)
 ParOldGen       total 228352K, used 145281K [0x00000000a0c00000, 0x00000000aeb00000, 0x00000000e0400000)
  object space 228352K, 63% used [0x00000000a0c00000,0x00000000a99e05b0,0x00000000aeb00000)
 Metaspace       used 17504K, capacity 17761K, committed 18048K, reserved 1064960K
  class space    used 1723K, capacity 1793K, committed 1920K, reserved 1048576K
}
Event: 5.587 GC heap before
{Heap before GC invocations=17 (full 3):
 PSYoungGen      total 227840K, used 174968K [0x00000000e0400000, 0x00000000f3380000, 0x0000000100000000)
  eden space 173056K, 95% used [0x00000000e0400000,0x00000000ea612728,0x00000000ead00000)
  from space 54784K, 16% used [0x00000000ead00000,0x00000000eb5cbb50,0x00000000ee280000)
  to   space 53248K, 0% used [0x00000000eff80000,0x00000000eff80000,0x00000000f3380000)
 ParOldGen       total 228352K, used 145281K [0x00000000a0c00000, 0x00000000aeb00000, 0x00000000e0400000)
  object space 228352K, 63% used [0x00000000a0c00000,0x00000000a99e05b0,0x00000000aeb00000)
 Metaspace       used 17522K, capacity 17761K, committed 18048K, reserved 1064960K
  class space    used 1723K, capacity 1793K, committed 1920K, reserved 1048576K
Event: 5.592 GC heap after
Heap after GC invocations=17 (full 3):
 PSYoungGen      total 243200K, used 8990K [0x00000000e0400000, 0x00000000f2a80000, 0x0000000100000000)
  eden space 199168K, 0% used [0x00000000e0400000,0x00000000e0400000,0x00000000ec680000)
  from space 44032K, 20% used [0x00000000eff80000,0x00000000f0847b40,0x00000000f2a80000)
  to   space 51200K, 0% used [0x00000000ec680000,0x00000000ec680000,0x00000000ef880000)
 ParOldGen       total 228352K, used 145289K [0x00000000a0c00000, 0x00000000aeb00000, 0x00000000e0400000)
  object space 228352K, 63% used [0x00000000a0c00000,0x00000000a99e25b0,0x00000000aeb00000)
 Metaspace       used 17522K, capacity 17761K, committed 18048K, reserved 1064960K
  class space    used 1723K, capacity 1793K, committed 1920K, reserved 1048576K
}
Event: 6.388 GC heap before
{Heap before GC invocations=18 (full 3):
 PSYoungGen      total 243200K, used 207719K [0x00000000e0400000, 0x00000000f2a80000, 0x0000000100000000)
  eden space 199168K, 99% used [0x00000000e0400000,0x00000000ec6121d0,0x00000000ec680000)
  from space 44032K, 20% used [0x00000000eff80000,0x00000000f0847b40,0x00000000f2a80000)
  to   space 51200K, 0% used [0x00000000ec680000,0x00000000ec680000,0x00000000ef880000)
 ParOldGen       total 228352K, used 145289K [0x00000000a0c00000, 0x00000000aeb00000, 0x00000000e0400000)
  object space 228352K, 63% used [0x00000000a0c00000,0x00000000a99e25b0,0x00000000aeb00000)
 Metaspace       used 17549K, capacity 17825K, committed 18048K, reserved 1064960K
  class space    used 1723K, capacity 1793K, committed 1920K, reserved 1048576K
Event: 6.392 GC heap after
Heap after GC invocations=18 (full 3):
 PSYoungGen      total 250368K, used 8974K [0x00000000e0400000, 0x00000000f3f80000, 0x0000000100000000)
  eden space 199168K, 0% used [0x00000000e0400000,0x00000000e0400000,0x00000000ec680000)
  from space 51200K, 17% used [0x00000000ec680000,0x00000000ecf43b50,0x00000000ef880000)
  to   space 49664K, 0% used [0x00000000f0f00000,0x00000000f0f00000,0x00000000f3f80000)
 ParOldGen       total 228352K, used 145297K [0x00000000a0c00000, 0x00000000aeb00000, 0x00000000e0400000)
  object space 228352K, 63% used [0x00000000a0c00000,0x00000000a99e45b0,0x00000000aeb00000)
 Metaspace       used 17549K, capacity 17825K, committed 18048K, reserved 1064960K
  class space    used 1723K, capacity 1793K, committed 1920K, reserved 1048576K
}
Event: 7.187 GC heap before
{Heap before GC invocations=19 (full 3):
 PSYoungGen      total 250368K, used 207556K [0x00000000e0400000, 0x00000000f3f80000, 0x0000000100000000)
  eden space 199168K, 99% used [0x00000000e0400000,0x00000000ec5ed560,0x00000000ec680000)
  from space 51200K, 17% used [0x00000000ec680000,0x00000000ecf43b50,0x00000000ef880000)
  to   space 49664K, 0% used [0x00000000f0f00000,0x00000000f0f00000,0x00000000f3f80000)
 ParOldGen       total 228352K, used 145297K [0x00000000a0c00000, 0x00000000aeb00000, 0x00000000e0400000)
  object space 228352K, 63% used [0x00000000a0c00000,0x00000000a99e45b0,0x00000000aeb00000)
 Metaspace       used 17600K, capacity 17825K, committed 18048K, reserved 1064960K
  class space    used 1723K, capacity 1793K, committed 1920K, reserved 1048576K
Event: 7.192 GC heap after
Heap after GC invocations=19 (full 3):
 PSYoungGen      total 261120K, used 9006K [0x00000000e0400000, 0x00000000f3780000, 0x0000000100000000)
  eden space 219648K, 0% used [0x00000000e0400000,0x00000000e0400000,0x00000000eda80000)
  from space 41472K, 21% used [0x00000000f0f00000,0x00000000f17cbb50,0x00000000f3780000)
  to   space 47616K, 0% used [0x00000000eda80000,0x00000000eda80000,0x00000000f0900000)
 ParOldGen       total 228352K, used 145305K [0x00000000a0c00000, 0x00000000aeb00000, 0x00000000e0400000)
  object space 228352K, 63% used [0x00000000a0c00000,0x00000000a99e65b0,0x00000000aeb00000)
 Metaspace       used 17600K, capacity 17825K, committed 18048K, reserved 1064960K
  class space    used 1723K, capacity 1793K, committed 1920K, reserved 1048576K
}

Deoptimization events (10 events):
Event: 2.803 Thread 0x00000000190bb800 Uncommon trap: reason=class_check action=maybe_recompile pc=0x000000000249a444 method=com.jogamp.common.nio.Buffers.getDirectBufferByteOffset(Ljava/lang/Object;)I @ 7
Event: 2.803 Thread 0x00000000190bb800 Uncommon trap: reason=class_check action=maybe_recompile pc=0x000000000249cd80 method=com.jogamp.common.nio.Buffers.isDirect(Ljava/lang/Object;)Z @ 13
Event: 2.803 Thread 0x00000000190bb800 Uncommon trap: reason=class_check action=maybe_recompile pc=0x000000000249a444 method=com.jogamp.common.nio.Buffers.getDirectBufferByteOffset(Ljava/lang/Object;)I @ 7
Event: 2.804 Thread 0x00000000190bb800 Uncommon trap: reason=predicate action=maybe_recompile pc=0x0000000002575ac4 method=java.util.ArrayList.indexOf(Ljava/lang/Object;)I @ 44
Event: 2.828 Thread 0x00000000190bb800 Uncommon trap: reason=class_check action=maybe_recompile pc=0x000000000249cd80 method=com.jogamp.common.nio.Buffers.isDirect(Ljava/lang/Object;)Z @ 13
Event: 2.828 Thread 0x00000000190bb800 Uncommon trap: reason=class_check action=maybe_recompile pc=0x000000000249a444 method=com.jogamp.common.nio.Buffers.getDirectBufferByteOffset(Ljava/lang/Object;)I @ 7
Event: 3.482 Thread 0x00000000190bb800 Uncommon trap: reason=unreached action=reinterpret pc=0x000000000258eec0 method=processing.opengl.PGraphicsOpenGL$InGeometry.addVertex(FFFIFFFFFIFIIIFIZ)I @ 218
Event: 3.762 Thread 0x00000000190bb800 Uncommon trap: reason=unreached action=reinterpret pc=0x00000000024468b0 method=java.lang.reflect.AccessibleObject.setAccessible0(Ljava/lang/reflect/AccessibleObject;Z)V @ 4
Event: 7.258 Thread 0x00000000182aa000 Uncommon trap: reason=unreached action=reinterpret pc=0x0000000002810c7c method=java.util.WeakHashMap.get(Ljava/lang/Object;)Ljava/lang/Object; @ 35
Event: 8.010 Thread 0x0000000019157800 Uncommon trap: reason=unreached action=reinterpret pc=0x00000000028124ec method=java.util.HashMap.keySet()Ljava/util/Set; @ 6

Internal exceptions (10 events):
Event: 3.215 Thread 0x00000000190bb800 Exception <a 'java/security/PrivilegedActionException'> (0x00000000e46ac7c8) thrown at [D:\re\workspace\8-2-build-windows-amd64-cygwin\jdk8u25\1677\hotspot\src\share\vm\prims\jvm.cpp, line 1312]
Event: 3.215 Thread 0x00000000190bb800 Exception <a 'java/security/PrivilegedActionException'> (0x00000000e46b0bd0) thrown at [D:\re\workspace\8-2-build-windows-amd64-cygwin\jdk8u25\1677\hotspot\src\share\vm\prims\jvm.cpp, line 1312]
Event: 3.215 Thread 0x00000000190bb800 Exception <a 'java/security/PrivilegedActionException'> (0x00000000e46b4fb8) thrown at [D:\re\workspace\8-2-build-windows-amd64-cygwin\jdk8u25\1677\hotspot\src\share\vm\prims\jvm.cpp, line 1312]
Event: 3.215 Thread 0x00000000190bb800 Exception <a 'java/security/PrivilegedActionException'> (0x00000000e46b8b10) thrown at [D:\re\workspace\8-2-build-windows-amd64-cygwin\jdk8u25\1677\hotspot\src\share\vm\prims\jvm.cpp, line 1312]
Event: 3.216 Thread 0x00000000190bb800 Exception <a 'java/security/PrivilegedActionException'> (0x00000000e46bd310) thrown at [D:\re\workspace\8-2-build-windows-amd64-cygwin\jdk8u25\1677\hotspot\src\share\vm\prims\jvm.cpp, line 1312]
Event: 3.216 Thread 0x00000000190bb800 Exception <a 'java/security/PrivilegedActionException'> (0x00000000e46c0a48) thrown at [D:\re\workspace\8-2-build-windows-amd64-cygwin\jdk8u25\1677\hotspot\src\share\vm\prims\jvm.cpp, line 1312]
Event: 3.216 Thread 0x00000000190bb800 Exception <a 'java/security/PrivilegedActionException'> (0x00000000e46c4990) thrown at [D:\re\workspace\8-2-build-windows-amd64-cygwin\jdk8u25\1677\hotspot\src\share\vm\prims\jvm.cpp, line 1312]
Event: 3.217 Thread 0x00000000190bb800 Exception <a 'java/security/PrivilegedActionException'> (0x00000000e46ca8a0) thrown at [D:\re\workspace\8-2-build-windows-amd64-cygwin\jdk8u25\1677\hotspot\src\share\vm\prims\jvm.cpp, line 1312]
Event: 3.232 Thread 0x00000000190bb800 Exception <a 'java/security/PrivilegedActionException'> (0x00000000e4fdc478) thrown at [D:\re\workspace\8-2-build-windows-amd64-cygwin\jdk8u25\1677\hotspot\src\share\vm\prims\jvm.cpp, line 1312]
Event: 8.010 Thread 0x0000000019157800 Implicit null exception at 0x0000000002812227 to 0x00000000028124dd

Events (10 events):
Event: 7.978 loading class javax/swing/Popup$HeavyWeightWindow
Event: 7.978 loading class sun/awt/ModalExclude
Event: 7.978 loading class sun/awt/ModalExclude done
Event: 7.978 loading class javax/swing/JWindow
Event: 7.978 loading class javax/swing/JWindow done
Event: 7.978 loading class javax/swing/Popup$HeavyWeightWindow done
Event: 8.010 Thread 0x0000000019157800 Uncommon trap: trap_request=0xffffffad fr.pc=0x00000000028124ec
Event: 8.010 Thread 0x0000000019157800 DEOPT PACKING pc=0x00000000028124ec sp=0x000000001c29ee80
Event: 8.010 Thread 0x0000000019157800 DEOPT UNPACKING pc=0x00000000021d556a sp=0x000000001c29edd8 mode 2
Event: 8.014 Thread 0x000000001d4f8000 Thread exited: 0x000000001d4f8000


Dynamic libraries:
0x00007ff745f80000 - 0x00007ff745fb4000 	C:\Program Files\Java\jre1.8.0_25\bin\javaw.exe
0x00007ffee8210000 - 0x00007ffee83bc000 	C:\WINDOWS\SYSTEM32\ntdll.dll
0x00007ffee60e0000 - 0x00007ffee621e000 	C:\WINDOWS\system32\KERNEL32.DLL
0x00007ffee54e0000 - 0x00007ffee55f5000 	C:\WINDOWS\system32\KERNELBASE.dll
0x00007ffee3ee0000 - 0x00007ffee3f6e000 	C:\WINDOWS\system32\apphelp.dll
0x00007ffecebf0000 - 0x00007ffecec43000 	C:\WINDOWS\AppPatch\AppPatch64\AcGenral.DLL
0x00007ffee6010000 - 0x00007ffee60ba000 	C:\WINDOWS\system32\msvcrt.dll
0x00007ffee5190000 - 0x00007ffee51be000 	C:\WINDOWS\SYSTEM32\SspiCli.dll
0x00007ffee5fb0000 - 0x00007ffee6004000 	C:\WINDOWS\system32\SHLWAPI.dll
0x00007ffee7fd0000 - 0x00007ffee8147000 	C:\WINDOWS\system32\USER32.dll
0x00007ffee5bc0000 - 0x00007ffee5d54000 	C:\WINDOWS\system32\ole32.dll
0x00007ffee66a0000 - 0x00007ffee7bb8000 	C:\WINDOWS\system32\SHELL32.dll
0x00007ffee48f0000 - 0x00007ffee4911000 	C:\WINDOWS\SYSTEM32\USERENV.dll
0x00007ffee5e20000 - 0x00007ffee5eca000 	C:\WINDOWS\system32\ADVAPI32.dll
0x00007ffed7630000 - 0x00007ffed764e000 	C:\WINDOWS\SYSTEM32\MPR.dll
0x00007ffee63f0000 - 0x00007ffee6531000 	C:\WINDOWS\system32\RPCRT4.dll
0x00007ffee5ed0000 - 0x00007ffee5f29000 	C:\WINDOWS\SYSTEM32\sechost.dll
0x00007ffee7db0000 - 0x00007ffee7fc1000 	C:\WINDOWS\SYSTEM32\combase.dll
0x00007ffee6540000 - 0x00007ffee6691000 	C:\WINDOWS\system32\GDI32.dll
0x00007ffee5360000 - 0x00007ffee5375000 	C:\WINDOWS\SYSTEM32\profapi.dll
0x00007ffee3700000 - 0x00007ffee37b2000 	C:\WINDOWS\SYSTEM32\SHCORE.dll
0x00007ffee5a40000 - 0x00007ffee5a76000 	C:\WINDOWS\system32\IMM32.DLL
0x00007ffee6220000 - 0x00007ffee6372000 	C:\WINDOWS\system32\MSCTF.dll
0x00007ffee2a70000 - 0x00007ffee2ceb000 	C:\WINDOWS\WinSxS\amd64_microsoft.windows.common-controls_6595b64144ccf1df_6.0.9600.17415_none_6240486fecbd8abb\COMCTL32.dll
0x00000000696c0000 - 0x0000000069792000 	C:\Program Files\Java\jre1.8.0_25\bin\msvcr100.dll
0x000000006a3b0000 - 0x000000006ac0a000 	C:\Program Files\Java\jre1.8.0_25\bin\server\jvm.dll
0x00007ffecd2f0000 - 0x00007ffecd2f9000 	C:\WINDOWS\SYSTEM32\WSOCK32.dll
0x00007ffed77f0000 - 0x00007ffed7812000 	C:\WINDOWS\SYSTEM32\WINMM.dll
0x00007ffee7da0000 - 0x00007ffee7da7000 	C:\WINDOWS\system32\PSAPI.DLL
0x00007ffee5a80000 - 0x00007ffee5ada000 	C:\WINDOWS\system32\WS2_32.dll
0x00007ffed75d0000 - 0x00007ffed75fa000 	C:\WINDOWS\SYSTEM32\WINMMBASE.dll
0x00007ffee60d0000 - 0x00007ffee60d9000 	C:\WINDOWS\system32\NSI.dll
0x00007ffee5840000 - 0x00007ffee588f000 	C:\WINDOWS\SYSTEM32\cfgmgr32.dll
0x00007ffee4150000 - 0x00007ffee4178000 	C:\WINDOWS\SYSTEM32\DEVOBJ.dll
0x000000006b5e0000 - 0x000000006b5ef000 	C:\Program Files\Java\jre1.8.0_25\bin\verify.dll
0x000000006b5b0000 - 0x000000006b5d8000 	C:\Program Files\Java\jre1.8.0_25\bin\java.dll
0x000000006b590000 - 0x000000006b5a6000 	C:\Program Files\Java\jre1.8.0_25\bin\zip.dll
0x0000000069520000 - 0x00000000696b8000 	C:\Program Files\Java\jre1.8.0_25\bin\awt.dll
0x00007ffee5ae0000 - 0x00007ffee5ba1000 	C:\WINDOWS\system32\OLEAUT32.dll
0x00007ffee3500000 - 0x00007ffee3521000 	C:\WINDOWS\system32\DWMAPI.DLL
0x00007ffee3fd0000 - 0x00007ffee40f9000 	C:\WINDOWS\system32\uxtheme.dll
0x00007ffee41a0000 - 0x00007ffee41ab000 	C:\WINDOWS\SYSTEM32\kernel.appcore.dll
0x00007ffee5230000 - 0x00007ffee523b000 	C:\WINDOWS\SYSTEM32\CRYPTBASE.dll
0x00007ffee51c0000 - 0x00007ffee5223000 	C:\WINDOWS\SYSTEM32\bcryptPrimitives.dll
0x00007ffedaca0000 - 0x00007ffedaec1000 	C:\WINDOWS\system32\d3d9.dll
0x00007ffee3010000 - 0x00007ffee301a000 	C:\WINDOWS\SYSTEM32\VERSION.dll
0x00007ffee2870000 - 0x00007ffee29bb000 	C:\WINDOWS\SYSTEM32\aticfx64.dll
0x00007ffec0180000 - 0x00007ffec01a1000 	C:\WINDOWS\SYSTEM32\atiu9p64.dll
0x00007ffebed60000 - 0x00007ffebf545000 	C:\WINDOWS\SYSTEM32\atiumd64.dll
0x000000006acf0000 - 0x000000006b4a7000 	C:\WINDOWS\SYSTEM32\atiumd6a.dll
0x00000000694d0000 - 0x0000000069517000 	C:\Program Files\Java\jre1.8.0_25\bin\fontmanager.dll
0x00007ffee4d60000 - 0x00007ffee4d80000 	C:\WINDOWS\SYSTEM32\CRYPTSP.dll
0x00007ffee47e0000 - 0x00007ffee4816000 	C:\WINDOWS\system32\rsaenh.dll
0x00007ffee4e80000 - 0x00007ffee4ea6000 	C:\WINDOWS\SYSTEM32\bcrypt.dll
0x000000006b570000 - 0x000000006b58a000 	C:\Program Files\Java\jre1.8.0_25\bin\net.dll
0x00007ffee4b20000 - 0x00007ffee4b79000 	C:\WINDOWS\system32\mswsock.dll
0x00007ffee1080000 - 0x00007ffee10aa000 	C:\WINDOWS\SYSTEM32\IPHLPAPI.DLL
0x00007ffee2670000 - 0x00007ffee267a000 	C:\WINDOWS\SYSTEM32\WINNSI.DLL
0x00007ffee0160000 - 0x00007ffee0176000 	C:\WINDOWS\SYSTEM32\dhcpcsvc6.DLL
0x00007ffee02b0000 - 0x00007ffee02ca000 	C:\WINDOWS\SYSTEM32\dhcpcsvc.DLL
0x000000006a390000 - 0x000000006a3a1000 	C:\Program Files\Java\jre1.8.0_25\bin\nio.dll
0x00000000637c0000 - 0x00000000637cd000 	S:\Users\Ben\AppData\Local\Temp\jogamp_0000\file_cache\jln9121761325919505601\jln8915585991960848\gluegen-rt.dll
0x00000000694c0000 - 0x00000000694c7000 	C:\Program Files\Java\jre1.8.0_25\bin\jawt.dll
0x0000000001f70000 - 0x0000000001f7d000 	S:\Users\Ben\AppData\Local\Temp\jogamp_0000\file_cache\jln9121761325919505601\jln8915585991960848\nativewindow_awt.dll
0x000000006c100000 - 0x000000006c10f000 	S:\Users\Ben\AppData\Local\Temp\jogamp_0000\file_cache\jln9121761325919505601\jln8915585991960848\nativewindow_win32.dll
0x00007ffec1490000 - 0x00007ffec15bb000 	C:\WINDOWS\SYSTEM32\OpenGL32.dll
0x00007ffedaaf0000 - 0x00007ffedab1e000 	C:\WINDOWS\SYSTEM32\GLU32.dll
0x00007ffecee10000 - 0x00007ffecef08000 	C:\WINDOWS\SYSTEM32\DDRAW.dll
0x00007ffee0ca0000 - 0x00007ffee0ca9000 	C:\WINDOWS\SYSTEM32\DCIMAN32.dll
0x0000000064500000 - 0x00000000645a2000 	S:\Users\Ben\AppData\Local\Temp\jogamp_0000\file_cache\jln9121761325919505601\jln8915585991960848\jogl_desktop.dll
0x00007ffeda9e0000 - 0x00007ffeda9f8000 	C:\WINDOWS\SYSTEM32\atig6pxx.dll
0x0000000067910000 - 0x00000000694bf000 	C:\WINDOWS\SYSTEM32\atio6axx.dll
0x00007ffee7bc0000 - 0x00007ffee7d9a000 	C:\WINDOWS\system32\SETUPAPI.dll
0x00007ffee10e0000 - 0x00007ffee1217000 	C:\WINDOWS\SYSTEM32\atiadlxx.dll
0x00007ffee16b0000 - 0x00007ffee182f000 	C:\WINDOWS\SYSTEM32\PROPSYS.dll
0x00007ffee3f70000 - 0x00007ffee3f82000 	C:\WINDOWS\SYSTEM32\WTSAPI32.dll
0x00007ffee57e0000 - 0x00007ffee5831000 	C:\WINDOWS\system32\WINTRUST.dll
0x00007ffee5600000 - 0x00007ffee57df000 	C:\WINDOWS\system32\CRYPT32.dll
0x00007ffee5410000 - 0x00007ffee5421000 	C:\WINDOWS\system32\MSASN1.dll
0x00007ffeda9b0000 - 0x00007ffeda9d9000 	C:\WINDOWS\SYSTEM32\atig6txx.dll
0x00007ffebf580000 - 0x00007ffebf71c000 	O:\OneDrive\Workspace\ZZavatar\lib\user\KinectPV2\Kinect20.Face.dll
0x00007ffed76f0000 - 0x00007ffed7797000 	C:\WINDOWS\SYSTEM32\MSVCP110.dll
0x00007ffeddd70000 - 0x00007ffedde3e000 	C:\WINDOWS\SYSTEM32\MSVCR110.dll
0x00007ffedc8b0000 - 0x00007ffedc8c0000 	O:\OneDrive\Workspace\ZZavatar\lib\user\KinectPV2\KinectPV2.dll
0x00007ffeda070000 - 0x00007ffeda12a000 	C:\WINDOWS\SYSTEM32\Kinect20.dll
0x00007ffed7820000 - 0x00007ffed790b000 	C:\WINDOWS\SYSTEM32\MFPlat.DLL
0x00007ffed7650000 - 0x00007ffed7677000 	C:\WINDOWS\SYSTEM32\RTWorkQ.DLL
0x00007ffee3130000 - 0x00007ffee313c000 	C:\WINDOWS\SYSTEM32\AVRT.dll
0x00007ffebeae0000 - 0x00007ffebec6a000 	C:\WINDOWS\SYSTEM32\dbghelp.dll

VM Arguments:
jvm_args: -Djava.library.path=O:\OneDrive\Workspace\ZZavatar\lib\base\video;O:\OneDrive\Workspace\ZZavatar\lib\base\video;O:\OneDrive\Workspace\ZZavatar\lib\base\video;O:\OneDrive\Workspace\ZZavatar\lib\base\core;O:\OneDrive\Workspace\ZZavatar\lib\base\core;O:\OneDrive\Workspace\ZZavatar\lib\base\core;O:\OneDrive\Workspace\ZZavatar\lib\base\core;O:\OneDrive\Workspace\ZZavatar\lib\base\core;O:\OneDrive\Workspace\ZZavatar\lib\base\core;O:\OneDrive\Workspace\ZZavatar\lib\base\core;O:\OneDrive\Workspace\ZZavatar\lib\base\core;O:\OneDrive\Workspace\ZZavatar\lib\base\core;O:\OneDrive\Workspace\ZZavatar\lib\base\core;O:\OneDrive\Workspace\ZZavatar\lib\base\core;O:\OneDrive\Workspace\ZZavatar\lib\base\core;O:\OneDrive\Workspace\ZZavatar\lib\base\core;O:\OneDrive\Workspace\ZZavatar\lib\base\core;O:\OneDrive\Workspace\ZZavatar\lib\base\core;O:\OneDrive\Workspace\ZZavatar\lib\user\Kinect4WinSDK;O:\OneDrive\Workspace\ZZavatar\lib\user\KinectPV2;O:\OneDrive\Workspace\ZZavatar\lib\user\SimpleOpenNI -Dfile.encoding=Cp1252 
java_command: zzavatar.ZZavatar
java_class_path (initial): O:\OneDrive\Workspace\ZZavatar\lib\base\video\gstreamer-java.jar;O:\OneDrive\Workspace\ZZavatar\lib\base\video\jna.jar;O:\OneDrive\Workspace\ZZavatar\lib\base\video\video.jar;O:\OneDrive\Workspace\ZZavatar\lib\base\core\core.jar;O:\OneDrive\Workspace\ZZavatar\lib\base\core\gluegen-rt-natives-linux-amd64.jar;O:\OneDrive\Workspace\ZZavatar\lib\base\core\gluegen-rt-natives-linux-armv6hf.jar;O:\OneDrive\Workspace\ZZavatar\lib\base\core\gluegen-rt-natives-linux-i586.jar;O:\OneDrive\Workspace\ZZavatar\lib\base\core\gluegen-rt-natives-macosx-universal.jar;O:\OneDrive\Workspace\ZZavatar\lib\base\core\gluegen-rt-natives-windows-amd64.jar;O:\OneDrive\Workspace\ZZavatar\lib\base\core\gluegen-rt-natives-windows-i586.jar;O:\OneDrive\Workspace\ZZavatar\lib\base\core\gluegen-rt.jar;O:\OneDrive\Workspace\ZZavatar\lib\base\core\jogl-all-natives-linux-amd64.jar;O:\OneDrive\Workspace\ZZavatar\lib\base\core\jogl-all-natives-linux-armv6hf.jar;O:\OneDrive\Workspace\ZZavatar\lib\base\core\jogl-all-natives-linux-i586.jar;O:\OneDrive\Workspace\ZZavatar\lib\base\core\jogl-all-natives-macosx-universal.jar;O:\OneDrive\Workspace\ZZavatar\lib\base\core\jogl-all-natives-windows-amd64.jar;O:\OneDrive\Workspace\ZZavatar\lib\base\core\jogl-all-natives-windows-i586.jar;O:\OneDrive\Workspace\ZZavatar\lib\base\core\jogl-all.jar;O:\OneDrive\Workspace\ZZavatar\lib\user\Kinect4WinSDK\Kinect4WinSDK.jar;O:\OneDrive\Workspace\ZZavatar\lib\user\KinectPV2\KinectPV2.jar;O:\OneDrive\Workspace\ZZavatar\lib\user\SimpleOpenNI\SimpleOpenNI.jar;O:\OneDrive\Workspace\ZZavatar\bin
Launcher Type: SUN_STANDARD

Environment Variables:
JAVA_HOME=C:\Program Files\Java\jdk1.8.0_25
PATH=C:/Program Files/Java/jre1.8.0_25/bin/server;C:/Program Files/Java/jre1.8.0_25/bin;C:/Program Files/Java/jre1.8.0_25/lib/amd64;C:\Program Files (x86)\NVIDIA Corporation\PhysX\Common;C:\ProgramData\Oracle\Java\javapath;C:\Program Files (x86)\Common Files\Intel\Shared Libraries\redist\intel64\compiler;C:\Program Files (x86)\Common Files\Intel\Shared Libraries\redist\ia32\compiler;C:\Program Files (x86)\Intel\iCLS Client\;C:\Program Files\Intel\iCLS Client\;C:\Program Files (x86)\AMD APP\bin\x86_64;C:\Program Files (x86)\AMD APP\bin\x86;C:\WINDOWS\system32;C:\WINDOWS;C:\WINDOWS\System32\Wbem;C:\WINDOWS\System32\WindowsPowerShell\v1.0\;C:\Program Files (x86)\ATI Technologies\ATI.ACE\Core-Static;C:\Program Files\Intel\Intel(R) Management Engine Components\DAL;C:\Program Files\Intel\Intel(R) Management Engine Components\IPT;C:\Program Files (x86)\Intel\Intel(R) Management Engine Components\DAL;C:\Program Files (x86)\Intel\Intel(R) Management Engine Components\IPT;C:\Program Files\Sony\VAIO Improvement\;C:\Program Files (x86)\Sony\VAIO Startup Setting Tool;C:\Program Files (x86)\Windows Kits\8.1\Windows Performance Toolkit\;C:\Program Files\Microsoft SQL Server\110\Tools\Binn\;C:\Program Files (x86)\Microsoft SDKs\TypeScript\1.0\;C:\Program Files\Microsoft\Web Platform Installer\;C:\Program Files (x86)\Java\jre1.8.0_25\bin;P:\Programs\Python27\Scripts;P:\Programs\Python27;C:\Program Files\Common Files\Autodesk Shared\;P:\Program Files\Programs;P:\Program Files\Games;P:\Programs\Eclipse;
USERNAME=Benoît
OS=Windows_NT
PROCESSOR_IDENTIFIER=Intel64 Family 6 Model 58 Stepping 9, GenuineIntel



---------------  S Y S T E M  ---------------

OS: Windows 8.1 , 64 bit Build 9600 

CPU:total 8 (4 cores per cpu, 2 threads per core) family 6 model 58 stepping 9, cmov, cx8, fxsr, mmx, sse, sse2, sse3, ssse3, sse4.1, sse4.2, popcnt, avx, aes, clmul, erms, ht, tsc, tscinvbit, tscinv

Memory: 4k page, physical 6237468k(1658716k free), swap 10431772k(3855520k free)

vm_info: Java HotSpot(TM) 64-Bit Server VM (25.25-b02) for windows-amd64 JRE (1.8.0_25-b18), built on Oct  7 2014 14:25:37 by "java_re" with MS VC++ 10.0 (VS2010)

time: Thu Apr 23 16:17:18 2015
elapsed time: 8 seconds (0d 0h 0m 8s)

