#
# A fatal error has been detected by the Java Runtime Environment:
#
#  EXCEPTION_ACCESS_VIOLATION (0xc0000005) at pc=0x00007ffae0044126, pid=5084, tid=4408
#
# JRE version: Java(TM) SE Runtime Environment (8.0_25-b18) (build 1.8.0_25-b18)
# Java VM: Java HotSpot(TM) 64-Bit Server VM (25.25-b02 mixed mode windows-amd64 compressed oops)
# Problematic frame:
# C  [KinectPV2.dll+0x4126]
#
# Failed to write core dump. Minidumps are not enabled by default on client versions of Windows
#
# If you would like to submit a bug report, please visit:
#   http://bugreport.sun.com/bugreport/crash.jsp
# The crash happened outside the Java Virtual Machine in native code.
# See problematic frame for where to report the bug.
#

---------------  T H R E A D  ---------------

Current thread (0x00000000190b1000):  JavaThread "Animation Thread" [_thread_in_native, id=4408, stack(0x000000001c0c0000,0x000000001c1c0000)]

siginfo: ExceptionCode=0xc0000005, reading address 0xffffffffffffffff

Registers:
RAX=0x0000000000000001, RBX=0x000000002e225040, RCX=0x6e692e0000000000, RDX=0x0000000000000000
RSP=0x000000001c1be620, RBP=0x0000000000000006, RSI=0x0000000000000000, RDI=0x000000001ef83268
R8 =0x000000001c1be2e8, R9 =0x0000000000008000, R10=0x0000000000000000, R11=0x000000001c1be520
R12=0x0000000000000000, R13=0x000000001f6ce9e0, R14=0x0000000000000000, R15=0x00000000190b1000
RIP=0x00007ffae0044126, EFLAGS=0x0000000000010206

Top of Stack: (sp=0x000000001c1be620)
0x000000001c1be620:   000000001ef83238 000000001fac8a28
0x000000001c1be630:   000000001ef83238 0000000000000000
0x000000001c1be640:   000000001c1be710 00007ffae0041fba
0x000000001c1be650:   000000001c1be710 000000001c1be6f0
0x000000001c1be660:   00000000190b11e8 0000000019077530
0x000000001c1be670:   00000000a38c3e18 0000000002015b74
0x000000001c1be680:   000000001f6ce9e0 0000000000000021
0x000000001c1be690:   0000000000000021 00000000190b1000
0x000000001c1be6a0:   000000001c1be768 00000000020158a2
0x000000001c1be6b0:   000000001c1be6b0 000000001f6ce9e0
0x000000001c1be6c0:   000000001c1be710 000000001f6d0028
0x000000001c1be6d0:   0000000000000000 000000001f6ce9e0
0x000000001c1be6e0:   0000000000000000 000000001c1be710
0x000000001c1be6f0:   000000001c1be758 0000000002007a2d
0x000000001c1be700:   0000000000000000 000000000200f6b8
0x000000001c1be710:   00000000a3877a50 000000001c1be718 

Instructions: (pc=0x00007ffae0044126)
0x00007ffae0044106:   8f 90 00 00 00 48 85 c9 74 0d 48 8b 01 ff 50 10
0x00007ffae0044116:   4c 89 b7 90 00 00 00 48 8b 4f 30 48 85 c9 74 0a
0x00007ffae0044126:   48 8b 01 ff 50 10 4c 89 77 30 48 8b 4f 60 48 85
0x00007ffae0044136:   c9 74 0a 48 8b 01 ff 50 10 4c 89 77 60 48 83 c7 


Register to memory mapping:

RAX=0x0000000000000001 is an unknown value
RBX=0x000000002e225040 is an unknown value
RCX=0x6e692e0000000000 is an unknown value
RDX=0x0000000000000000 is an unknown value
RSP=0x000000001c1be620 is pointing into the stack for thread: 0x00000000190b1000
RBP=0x0000000000000006 is an unknown value
RSI=0x0000000000000000 is an unknown value
RDI=0x000000001ef83268 is an unknown value
R8 =0x000000001c1be2e8 is pointing into the stack for thread: 0x00000000190b1000
R9 =0x0000000000008000 is an unknown value
R10=0x0000000000000000 is an unknown value
R11=0x000000001c1be520 is pointing into the stack for thread: 0x00000000190b1000
R12=0x0000000000000000 is an unknown value
R13={method} {0x000000001f6ce9e8} 'jniStopDevice' '()V' in 'KinectPV2/Device'
R14=0x0000000000000000 is an unknown value
R15=0x00000000190b1000 is a thread


Stack: [0x000000001c0c0000,0x000000001c1c0000],  sp=0x000000001c1be620,  free space=1017k
Native frames: (J=compiled Java code, j=interpreted, Vv=VM code, C=native code)
C  [KinectPV2.dll+0x4126]
C  [KinectPV2.dll+0x1fba]
C  0x0000000002015b74

Java frames: (J=compiled Java code, j=interpreted, Vv=VM code)
j  KinectPV2.Device.jniStopDevice()V+0
j  KinectPV2.Device.stopDevice()V+41
j  KinectPV2.KinectPV2.dispose()V+14
v  ~StubRoutines::call_stub
j  sun.reflect.NativeMethodAccessorImpl.invoke0(Ljava/lang/reflect/Method;Ljava/lang/Object;[Ljava/lang/Object;)Ljava/lang/Object;+0
j  sun.reflect.NativeMethodAccessorImpl.invoke(Ljava/lang/Object;[Ljava/lang/Object;)Ljava/lang/Object;+100
j  sun.reflect.DelegatingMethodAccessorImpl.invoke(Ljava/lang/Object;[Ljava/lang/Object;)Ljava/lang/Object;+6
j  java.lang.reflect.Method.invoke(Ljava/lang/Object;[Ljava/lang/Object;)Ljava/lang/Object;+56
j  processing.core.PApplet$RegisteredMethods.handle([Ljava/lang/Object;)V+18
J 1645 C1 processing.core.PApplet.handleMethods(Ljava/lang/String;)V (21 bytes) @ 0x00000000026430dc [0x0000000002642e20+0x2bc]
j  processing.core.PApplet.dispose()V+35
j  processing.core.PApplet.run()V+283
j  java.lang.Thread.run()V+11
v  ~StubRoutines::call_stub

---------------  P R O C E S S  ---------------

Java Threads: ( => current thread )
  0x000000001d760800 JavaThread "Animation Thread-SharedResourceRunner" daemon [_thread_blocked, id=1676, stack(0x000000001e710000,0x000000001e810000)]
  0x0000000001ffe800 JavaThread "DestroyJavaVM" [_thread_blocked, id=2896, stack(0x0000000001d10000,0x0000000001e10000)]
  0x00000000190b3000 JavaThread "D3D Screen Updater" daemon [_thread_blocked, id=7460, stack(0x000000001c3c0000,0x000000001c4c0000)]
=>0x00000000190b1000 JavaThread "Animation Thread" [_thread_in_native, id=4408, stack(0x000000001c0c0000,0x000000001c1c0000)]
  0x0000000019082000 JavaThread "Image Fetcher 0" daemon [_thread_blocked, id=5688, stack(0x000000001bfc0000,0x000000001c0c0000)]
  0x0000000019073800 JavaThread "AWT-EventQueue-0" [_thread_blocked, id=6168, stack(0x000000001bec0000,0x000000001bfc0000)]
  0x0000000018fde000 JavaThread "AWT-Windows" daemon [_thread_in_native, id=8008, stack(0x00000000198e0000,0x00000000199e0000)]
  0x0000000018fdd800 JavaThread "AWT-Shutdown" [_thread_blocked, id=7920, stack(0x00000000197e0000,0x00000000198e0000)]
  0x0000000018fda800 JavaThread "Java2D Disposer" daemon [_thread_blocked, id=968, stack(0x00000000196e0000,0x00000000197e0000)]
  0x0000000017dd1800 JavaThread "Service Thread" daemon [_thread_blocked, id=7000, stack(0x0000000018720000,0x0000000018820000)]
  0x0000000017d59000 JavaThread "C1 CompilerThread3" daemon [_thread_blocked, id=6824, stack(0x0000000018620000,0x0000000018720000)]
  0x0000000017d56000 JavaThread "C2 CompilerThread2" daemon [_thread_blocked, id=6180, stack(0x0000000018520000,0x0000000018620000)]
  0x0000000017d4a800 JavaThread "C2 CompilerThread1" daemon [_thread_blocked, id=3300, stack(0x0000000018420000,0x0000000018520000)]
  0x0000000017d48800 JavaThread "C2 CompilerThread0" daemon [_thread_blocked, id=7616, stack(0x0000000018320000,0x0000000018420000)]
  0x0000000017d46800 JavaThread "Attach Listener" daemon [_thread_blocked, id=6840, stack(0x0000000018220000,0x0000000018320000)]
  0x0000000017d45800 JavaThread "Signal Dispatcher" daemon [_thread_blocked, id=7348, stack(0x0000000018120000,0x0000000018220000)]
  0x0000000001f39800 JavaThread "Finalizer" daemon [_thread_blocked, id=6216, stack(0x0000000017c20000,0x0000000017d20000)]
  0x0000000001f31000 JavaThread "Reference Handler" daemon [_thread_blocked, id=6064, stack(0x0000000017b20000,0x0000000017c20000)]

Other Threads:
  0x0000000015d48800 VMThread [stack: 0x0000000017a20000,0x0000000017b20000] [id=6312]
  0x0000000017ddb800 WatcherThread [stack: 0x0000000018820000,0x0000000018920000] [id=7544]

VM state:not at safepoint (normal execution)

VM Mutex/Monitor currently owned by a thread: None

Heap:
 PSYoungGen      total 155648K, used 125029K [0x00000000e0400000, 0x00000000ede80000, 0x0000000100000000)
  eden space 118272K, 74% used [0x00000000e0400000,0x00000000e599ece8,0x00000000e7780000)
  from space 37376K, 99% used [0x00000000ea700000,0x00000000ecb7aa30,0x00000000ecb80000)
  to   space 48640K, 0% used [0x00000000e7780000,0x00000000e7780000,0x00000000ea700000)
 ParOldGen       total 153088K, used 95455K [0x00000000a0c00000, 0x00000000aa180000, 0x00000000e0400000)
  object space 153088K, 62% used [0x00000000a0c00000,0x00000000a6937e60,0x00000000aa180000)
 Metaspace       used 17619K, capacity 17825K, committed 18048K, reserved 1064960K
  class space    used 1735K, capacity 1793K, committed 1920K, reserved 1048576K

Card table byte_map: [0x00000000113c0000,0x00000000116c0000] byte_map_base: 0x0000000010eba000

Marking Bits: (ParMarkBitMap*) 0x000000007515d490
 Begin Bits: [0x00000000120c0000, 0x0000000013890000)
 End Bits:   [0x0000000013890000, 0x0000000015060000)

Polling page: 0x0000000001e20000

CodeCache: size=245760Kb used=6603Kb max_used=6603Kb free=239156Kb
 bounds [0x0000000002000000, 0x0000000002680000, 0x0000000011000000]
 total_blobs=2603 nmethods=1732 adapters=785
 compilation: enabled

Compilation events (10 events):
Event: 6.316 Thread 0x0000000017d59000 1728       1       zzavatar.ZZkinect::getVersion (5 bytes)
Event: 6.316 Thread 0x0000000017d59000 nmethod 1728 0x00000000026735d0 code [0x0000000002673720, 0x0000000002673830]
Event: 6.331 Thread 0x0000000017d59000 1730       3       processing.opengl.PGraphicsOpenGL$InGeometry::calcQuadsNormals (62 bytes)
Event: 6.331 Thread 0x0000000017d59000 nmethod 1730 0x0000000002673890 code [0x0000000002673a20, 0x0000000002673d18]
Event: 6.331 Thread 0x0000000017d59000 1731       3       processing.opengl.PGraphicsOpenGL$Tessellator::tessellateQuads (173 bytes)
Event: 6.333 Thread 0x0000000017d59000 nmethod 1731 0x0000000002673e90 code [0x00000000026740c0, 0x0000000002674bc8]
Event: 6.393 Thread 0x0000000017d59000 1732   !   3       sun.awt.AWTAutoShutdown::setToolkitBusy (124 bytes)
Event: 6.394 Thread 0x0000000017d59000 nmethod 1732 0x0000000002675490 code [0x0000000002675660, 0x0000000002675ee8]
Event: 6.398 Thread 0x0000000017d59000 1733       3       java.lang.Integer::numberOfLeadingZeros (76 bytes)
Event: 6.398 Thread 0x0000000017d59000 nmethod 1733 0x00000000026762d0 code [0x0000000002676440, 0x00000000026766f0]

GC Heap History (10 events):
Event: 2.715 GC heap before
{Heap before GC invocations=6 (full 1):
 PSYoungGen      total 53248K, used 34590K [0x00000000e0400000, 0x00000000e3c00000, 0x0000000100000000)
  eden space 49152K, 70% used [0x00000000e0400000,0x00000000e25c78e8,0x00000000e3400000)
  from space 4096K, 0% used [0x00000000e3800000,0x00000000e3800000,0x00000000e3c00000)
  to   space 4096K, 0% used [0x00000000e3400000,0x00000000e3400000,0x00000000e3800000)
 ParOldGen       total 100864K, used 48694K [0x00000000a0c00000, 0x00000000a6e80000, 0x00000000e0400000)
  object space 100864K, 48% used [0x00000000a0c00000,0x00000000a3b8d918,0x00000000a6e80000)
 Metaspace       used 16689K, capacity 16955K, committed 17152K, reserved 1064960K
  class space    used 1687K, capacity 1760K, committed 1792K, reserved 1048576K
Event: 2.726 GC heap after
Heap after GC invocations=6 (full 1):
 PSYoungGen      total 53248K, used 4084K [0x00000000e0400000, 0x00000000eb180000, 0x0000000100000000)
  eden space 49152K, 0% used [0x00000000e0400000,0x00000000e0400000,0x00000000e3400000)
  from space 4096K, 99% used [0x00000000e3400000,0x00000000e37fd050,0x00000000e3800000)
  to   space 40448K, 0% used [0x00000000e8a00000,0x00000000e8a00000,0x00000000eb180000)
 ParOldGen       total 100864K, used 78708K [0x00000000a0c00000, 0x00000000a6e80000, 0x00000000e0400000)
  object space 100864K, 78% used [0x00000000a0c00000,0x00000000a58dd158,0x00000000a6e80000)
 Metaspace       used 16689K, capacity 16955K, committed 17152K, reserved 1064960K
  class space    used 1687K, capacity 1760K, committed 1792K, reserved 1048576K
}
Event: 2.726 GC heap before
{Heap before GC invocations=7 (full 2):
 PSYoungGen      total 53248K, used 4084K [0x00000000e0400000, 0x00000000eb180000, 0x0000000100000000)
  eden space 49152K, 0% used [0x00000000e0400000,0x00000000e0400000,0x00000000e3400000)
  from space 4096K, 99% used [0x00000000e3400000,0x00000000e37fd050,0x00000000e3800000)
  to   space 40448K, 0% used [0x00000000e8a00000,0x00000000e8a00000,0x00000000eb180000)
 ParOldGen       total 100864K, used 78708K [0x00000000a0c00000, 0x00000000a6e80000, 0x00000000e0400000)
  object space 100864K, 78% used [0x00000000a0c00000,0x00000000a58dd158,0x00000000a6e80000)
 Metaspace       used 16689K, capacity 16955K, committed 17152K, reserved 1064960K
  class space    used 1687K, capacity 1760K, committed 1792K, reserved 1048576K
Event: 2.747 GC heap after
Heap after GC invocations=7 (full 2):
 PSYoungGen      total 53248K, used 0K [0x00000000e0400000, 0x00000000eb180000, 0x0000000100000000)
  eden space 49152K, 0% used [0x00000000e0400000,0x00000000e0400000,0x00000000e3400000)
  from space 4096K, 0% used [0x00000000e3400000,0x00000000e3400000,0x00000000e3800000)
  to   space 40448K, 0% used [0x00000000e8a00000,0x00000000e8a00000,0x00000000eb180000)
 ParOldGen       total 153088K, used 82639K [0x00000000a0c00000, 0x00000000aa180000, 0x00000000e0400000)
  object space 153088K, 53% used [0x00000000a0c00000,0x00000000a5cb3e60,0x00000000aa180000)
 Metaspace       used 16689K, capacity 16955K, committed 17152K, reserved 1064960K
  class space    used 1687K, capacity 1760K, committed 1792K, reserved 1048576K
}
Event: 2.770 GC heap before
{Heap before GC invocations=8 (full 2):
 PSYoungGen      total 53248K, used 25902K [0x00000000e0400000, 0x00000000eb180000, 0x0000000100000000)
  eden space 49152K, 52% used [0x00000000e0400000,0x00000000e1d4b938,0x00000000e3400000)
  from space 4096K, 0% used [0x00000000e3400000,0x00000000e3400000,0x00000000e3800000)
  to   space 40448K, 0% used [0x00000000e8a00000,0x00000000e8a00000,0x00000000eb180000)
 ParOldGen       total 153088K, used 82639K [0x00000000a0c00000, 0x00000000aa180000, 0x00000000e0400000)
  object space 153088K, 53% used [0x00000000a0c00000,0x00000000a5cb3e60,0x00000000aa180000)
 Metaspace       used 16708K, capacity 16955K, committed 17152K, reserved 1064960K
  class space    used 1691K, capacity 1760K, committed 1792K, reserved 1048576K
Event: 2.781 GC heap after
Heap after GC invocations=8 (full 2):
 PSYoungGen      total 106496K, used 25084K [0x00000000e0400000, 0x00000000ea280000, 0x0000000100000000)
  eden space 81408K, 0% used [0x00000000e0400000,0x00000000e0400000,0x00000000e5380000)
  from space 25088K, 99% used [0x00000000e8a00000,0x00000000ea27f020,0x00000000ea280000)
  to   space 40448K, 0% used [0x00000000e5380000,0x00000000e5380000,0x00000000e7b00000)
 ParOldGen       total 153088K, used 82639K [0x00000000a0c00000, 0x00000000aa180000, 0x00000000e0400000)
  object space 153088K, 53% used [0x00000000a0c00000,0x00000000a5cb3e60,0x00000000aa180000)
 Metaspace       used 16708K, capacity 16955K, committed 17152K, reserved 1064960K
  class space    used 1691K, capacity 1760K, committed 1792K, reserved 1048576K
}
Event: 3.104 GC heap before
{Heap before GC invocations=9 (full 2):
 PSYoungGen      total 106496K, used 106492K [0x00000000e0400000, 0x00000000ea280000, 0x0000000100000000)
  eden space 81408K, 100% used [0x00000000e0400000,0x00000000e5380000,0x00000000e5380000)
  from space 25088K, 99% used [0x00000000e8a00000,0x00000000ea27f020,0x00000000ea280000)
  to   space 40448K, 0% used [0x00000000e5380000,0x00000000e5380000,0x00000000e7b00000)
 ParOldGen       total 153088K, used 82639K [0x00000000a0c00000, 0x00000000aa180000, 0x00000000e0400000)
  object space 153088K, 53% used [0x00000000a0c00000,0x00000000a5cb3e60,0x00000000aa180000)
 Metaspace       used 16861K, capacity 17083K, committed 17152K, reserved 1064960K
  class space    used 1693K, capacity 1760K, committed 1792K, reserved 1048576K
Event: 3.113 GC heap after
Heap after GC invocations=9 (full 2):
 PSYoungGen      total 121856K, used 19544K [0x00000000e0400000, 0x00000000ecb80000, 0x0000000100000000)
  eden space 81408K, 0% used [0x00000000e0400000,0x00000000e0400000,0x00000000e5380000)
  from space 40448K, 48% used [0x00000000e5380000,0x00000000e66961e8,0x00000000e7b00000)
  to   space 37376K, 0% used [0x00000000ea700000,0x00000000ea700000,0x00000000ecb80000)
 ParOldGen       total 153088K, used 82647K [0x00000000a0c00000, 0x00000000aa180000, 0x00000000e0400000)
  object space 153088K, 53% used [0x00000000a0c00000,0x00000000a5cb5e60,0x00000000aa180000)
 Metaspace       used 16861K, capacity 17083K, committed 17152K, reserved 1064960K
  class space    used 1693K, capacity 1760K, committed 1792K, reserved 1048576K
}
Event: 3.506 GC heap before
{Heap before GC invocations=10 (full 2):
 PSYoungGen      total 121856K, used 100833K [0x00000000e0400000, 0x00000000ecb80000, 0x0000000100000000)
  eden space 81408K, 99% used [0x00000000e0400000,0x00000000e53624e8,0x00000000e5380000)
  from space 40448K, 48% used [0x00000000e5380000,0x00000000e66961e8,0x00000000e7b00000)
  to   space 37376K, 0% used [0x00000000ea700000,0x00000000ea700000,0x00000000ecb80000)
 ParOldGen       total 153088K, used 82647K [0x00000000a0c00000, 0x00000000aa180000, 0x00000000e0400000)
  object space 153088K, 53% used [0x00000000a0c00000,0x00000000a5cb5e60,0x00000000aa180000)
 Metaspace       used 16906K, capacity 17147K, committed 17408K, reserved 1064960K
  class space    used 1693K, capacity 1760K, committed 1792K, reserved 1048576K
Event: 3.543 GC heap after
Heap after GC invocations=10 (full 2):
 PSYoungGen      total 155648K, used 37354K [0x00000000e0400000, 0x00000000ede80000, 0x0000000100000000)
  eden space 118272K, 0% used [0x00000000e0400000,0x00000000e0400000,0x00000000e7780000)
  from space 37376K, 99% used [0x00000000ea700000,0x00000000ecb7aa30,0x00000000ecb80000)
  to   space 48640K, 0% used [0x00000000e7780000,0x00000000e7780000,0x00000000ea700000)
 ParOldGen       total 153088K, used 95455K [0x00000000a0c00000, 0x00000000aa180000, 0x00000000e0400000)
  object space 153088K, 62% used [0x00000000a0c00000,0x00000000a6937e60,0x00000000aa180000)
 Metaspace       used 16906K, capacity 17147K, committed 17408K, reserved 1064960K
  class space    used 1693K, capacity 1760K, committed 1792K, reserved 1048576K
}

Deoptimization events (10 events):
Event: 2.268 Thread 0x0000000019073800 Uncommon trap: reason=unreached action=reinterpret pc=0x000000000231560c method=com.jogamp.common.nio.Buffers.getDirectBufferByteOffset(Ljava/lang/Object;)I @ 1
Event: 2.605 Thread 0x0000000019073800 Uncommon trap: reason=unreached action=reinterpret pc=0x0000000002317b90 method=com.jogamp.common.util.IntIntHashMap.get(I)I @ 19
Event: 2.954 Thread 0x0000000019073800 Uncommon trap: reason=array_check action=maybe_recompile pc=0x00000000023d80b8 method=java.util.AbstractCollection.toArray([Ljava/lang/Object;)[Ljava/lang/Object; @ 119
Event: 2.954 Thread 0x0000000019073800 Uncommon trap: reason=array_check action=maybe_recompile pc=0x00000000023d80b8 method=java.util.AbstractCollection.toArray([Ljava/lang/Object;)[Ljava/lang/Object; @ 119
Event: 2.954 Thread 0x0000000019073800 Uncommon trap: reason=array_check action=maybe_recompile pc=0x00000000023d80b8 method=java.util.AbstractCollection.toArray([Ljava/lang/Object;)[Ljava/lang/Object; @ 119
Event: 2.954 Thread 0x0000000019073800 Uncommon trap: reason=array_check action=maybe_recompile pc=0x00000000023d80b8 method=java.util.AbstractCollection.toArray([Ljava/lang/Object;)[Ljava/lang/Object; @ 119
Event: 3.021 Thread 0x0000000019082000 Uncommon trap: reason=range_check action=make_not_entrant pc=0x00000000023a1250 method=java.awt.image.DirectColorModel.setFields()V @ 65
Event: 3.684 Thread 0x0000000019073800 Uncommon trap: reason=predicate action=maybe_recompile pc=0x00000000023f1204 method=java.util.ArrayList.indexOf(Ljava/lang/Object;)I @ 44
Event: 4.170 Thread 0x0000000019073800 Uncommon trap: reason=unreached action=reinterpret pc=0x000000000240e900 method=processing.opengl.PGraphicsOpenGL$InGeometry.addVertex(FFFIFFFFFIFIIIFIZ)I @ 218
Event: 4.390 Thread 0x0000000019073800 Uncommon trap: reason=unreached action=reinterpret pc=0x00000000022ccef0 method=java.lang.reflect.AccessibleObject.setAccessible0(Ljava/lang/reflect/AccessibleObject;Z)V @ 4

Internal exceptions (10 events):
Event: 4.046 Thread 0x0000000019073800 Exception <a 'java/security/PrivilegedActionException'> (0x00000000e454a958) thrown at [D:\re\workspace\8-2-build-windows-amd64-cygwin\jdk8u25\1677\hotspot\src\share\vm\prims\jvm.cpp, line 1312]
Event: 4.046 Thread 0x0000000019073800 Exception <a 'java/security/PrivilegedActionException'> (0x00000000e454e818) thrown at [D:\re\workspace\8-2-build-windows-amd64-cygwin\jdk8u25\1677\hotspot\src\share\vm\prims\jvm.cpp, line 1312]
Event: 4.046 Thread 0x0000000019073800 Exception <a 'java/security/PrivilegedActionException'> (0x00000000e4552c20) thrown at [D:\re\workspace\8-2-build-windows-amd64-cygwin\jdk8u25\1677\hotspot\src\share\vm\prims\jvm.cpp, line 1312]
Event: 4.047 Thread 0x0000000019073800 Exception <a 'java/security/PrivilegedActionException'> (0x00000000e4557008) thrown at [D:\re\workspace\8-2-build-windows-amd64-cygwin\jdk8u25\1677\hotspot\src\share\vm\prims\jvm.cpp, line 1312]
Event: 4.047 Thread 0x0000000019073800 Exception <a 'java/security/PrivilegedActionException'> (0x00000000e455ab60) thrown at [D:\re\workspace\8-2-build-windows-amd64-cygwin\jdk8u25\1677\hotspot\src\share\vm\prims\jvm.cpp, line 1312]
Event: 4.047 Thread 0x0000000019073800 Exception <a 'java/security/PrivilegedActionException'> (0x00000000e455f360) thrown at [D:\re\workspace\8-2-build-windows-amd64-cygwin\jdk8u25\1677\hotspot\src\share\vm\prims\jvm.cpp, line 1312]
Event: 4.047 Thread 0x0000000019073800 Exception <a 'java/security/PrivilegedActionException'> (0x00000000e4562a98) thrown at [D:\re\workspace\8-2-build-windows-amd64-cygwin\jdk8u25\1677\hotspot\src\share\vm\prims\jvm.cpp, line 1312]
Event: 4.048 Thread 0x0000000019073800 Exception <a 'java/security/PrivilegedActionException'> (0x00000000e45669e0) thrown at [D:\re\workspace\8-2-build-windows-amd64-cygwin\jdk8u25\1677\hotspot\src\share\vm\prims\jvm.cpp, line 1312]
Event: 4.048 Thread 0x0000000019073800 Exception <a 'java/security/PrivilegedActionException'> (0x00000000e456c8f0) thrown at [D:\re\workspace\8-2-build-windows-amd64-cygwin\jdk8u25\1677\hotspot\src\share\vm\prims\jvm.cpp, line 1312]
Event: 4.060 Thread 0x0000000019073800 Exception <a 'java/security/PrivilegedActionException'> (0x00000000e4646130) thrown at [D:\re\workspace\8-2-build-windows-amd64-cygwin\jdk8u25\1677\hotspot\src\share\vm\prims\jvm.cpp, line 1312]

Events (10 events):
Event: 6.395 loading class javax/swing/JComponent$IntVector done
Event: 6.396 loading class javax/swing/KeyboardManager
Event: 6.396 loading class javax/swing/KeyboardManager done
Event: 6.396 loading class javax/swing/Popup$HeavyWeightWindow
Event: 6.396 loading class sun/awt/ModalExclude
Event: 6.396 loading class sun/awt/ModalExclude done
Event: 6.396 loading class javax/swing/JWindow
Event: 6.396 loading class javax/swing/JWindow done
Event: 6.396 loading class javax/swing/Popup$HeavyWeightWindow done
Event: 6.421 Thread 0x000000001d790000 Thread exited: 0x000000001d790000


Dynamic libraries:
0x00007ff6d4b70000 - 0x00007ff6d4ba4000 	C:\Program Files\Java\jre1.8.0_25\bin\javaw.exe
0x00007ffaea010000 - 0x00007ffaea1bc000 	C:\WINDOWS\SYSTEM32\ntdll.dll
0x00007ffae8140000 - 0x00007ffae827e000 	C:\WINDOWS\system32\KERNEL32.DLL
0x00007ffae7230000 - 0x00007ffae7345000 	C:\WINDOWS\system32\KERNELBASE.dll
0x00007ffae5ce0000 - 0x00007ffae5d6e000 	C:\WINDOWS\system32\apphelp.dll
0x00007ffadb8d0000 - 0x00007ffadb923000 	C:\WINDOWS\AppPatch\AppPatch64\AcGenral.DLL
0x00007ffae87f0000 - 0x00007ffae889a000 	C:\WINDOWS\system32\msvcrt.dll
0x00007ffae6f90000 - 0x00007ffae6fbe000 	C:\WINDOWS\SYSTEM32\SspiCli.dll
0x00007ffae83f0000 - 0x00007ffae8444000 	C:\WINDOWS\system32\SHLWAPI.dll
0x00007ffae84c0000 - 0x00007ffae8637000 	C:\WINDOWS\system32\USER32.dll
0x00007ffae8640000 - 0x00007ffae87d4000 	C:\WINDOWS\system32\ole32.dll
0x00007ffae8a40000 - 0x00007ffae9f58000 	C:\WINDOWS\system32\SHELL32.dll
0x00007ffae6760000 - 0x00007ffae6781000 	C:\WINDOWS\SYSTEM32\USERENV.dll
0x00007ffae7900000 - 0x00007ffae79aa000 	C:\WINDOWS\system32\ADVAPI32.dll
0x00007ffad9a00000 - 0x00007ffad9a1e000 	C:\WINDOWS\SYSTEM32\MPR.dll
0x00007ffae7be0000 - 0x00007ffae7d21000 	C:\WINDOWS\system32\RPCRT4.dll
0x00007ffae9fa0000 - 0x00007ffae9ff9000 	C:\WINDOWS\SYSTEM32\sechost.dll
0x00007ffae79c0000 - 0x00007ffae7bd1000 	C:\WINDOWS\SYSTEM32\combase.dll
0x00007ffae8290000 - 0x00007ffae83e1000 	C:\WINDOWS\system32\GDI32.dll
0x00007ffae7160000 - 0x00007ffae7175000 	C:\WINDOWS\SYSTEM32\profapi.dll
0x00007ffae5500000 - 0x00007ffae55b2000 	C:\WINDOWS\SYSTEM32\SHCORE.dll
0x00007ffae9f60000 - 0x00007ffae9f96000 	C:\WINDOWS\system32\IMM32.DLL
0x00007ffae7e00000 - 0x00007ffae7f52000 	C:\WINDOWS\system32\MSCTF.dll
0x00007ffae4920000 - 0x00007ffae4b9b000 	C:\WINDOWS\WinSxS\amd64_microsoft.windows.common-controls_6595b64144ccf1df_6.0.9600.17415_none_6240486fecbd8abb\COMCTL32.dll
0x0000000074850000 - 0x0000000074922000 	C:\Program Files\Java\jre1.8.0_25\bin\msvcr100.dll
0x0000000074980000 - 0x00000000751da000 	C:\Program Files\Java\jre1.8.0_25\bin\server\jvm.dll
0x00007ffad8390000 - 0x00007ffad8399000 	C:\WINDOWS\SYSTEM32\WSOCK32.dll
0x00007ffad9c00000 - 0x00007ffad9c22000 	C:\WINDOWS\SYSTEM32\WINMM.dll
0x00007ffae79b0000 - 0x00007ffae79b7000 	C:\WINDOWS\system32\PSAPI.DLL
0x00007ffae8960000 - 0x00007ffae89ba000 	C:\WINDOWS\system32\WS2_32.dll
0x00007ffad9a60000 - 0x00007ffad9a8a000 	C:\WINDOWS\SYSTEM32\WINMMBASE.dll
0x00007ffaea000000 - 0x00007ffaea009000 	C:\WINDOWS\system32\NSI.dll
0x00007ffae7350000 - 0x00007ffae739f000 	C:\WINDOWS\SYSTEM32\cfgmgr32.dll
0x00007ffae5f50000 - 0x00007ffae5f78000 	C:\WINDOWS\SYSTEM32\DEVOBJ.dll
0x0000000075ad0000 - 0x0000000075adf000 	C:\Program Files\Java\jre1.8.0_25\bin\verify.dll
0x0000000075aa0000 - 0x0000000075ac8000 	C:\Program Files\Java\jre1.8.0_25\bin\java.dll
0x0000000075a80000 - 0x0000000075a96000 	C:\Program Files\Java\jre1.8.0_25\bin\zip.dll
0x00000000746b0000 - 0x0000000074848000 	C:\Program Files\Java\jre1.8.0_25\bin\awt.dll
0x00007ffae7d30000 - 0x00007ffae7df1000 	C:\WINDOWS\system32\OLEAUT32.dll
0x00007ffae5300000 - 0x00007ffae5321000 	C:\WINDOWS\system32\DWMAPI.DLL
0x00007ffae5dd0000 - 0x00007ffae5ef9000 	C:\WINDOWS\system32\uxtheme.dll
0x00007ffae5fa0000 - 0x00007ffae5fab000 	C:\WINDOWS\SYSTEM32\kernel.appcore.dll
0x00007ffae7030000 - 0x00007ffae703b000 	C:\WINDOWS\SYSTEM32\CRYPTBASE.dll
0x00007ffae6fc0000 - 0x00007ffae7023000 	C:\WINDOWS\SYSTEM32\bcryptPrimitives.dll
0x00007ffadc5d0000 - 0x00007ffadc7f1000 	C:\WINDOWS\system32\d3d9.dll
0x00007ffae4cc0000 - 0x00007ffae4cca000 	C:\WINDOWS\SYSTEM32\VERSION.dll
0x00007ffae46c0000 - 0x00007ffae480b000 	C:\WINDOWS\SYSTEM32\aticfx64.dll
0x00007ffac18c0000 - 0x00007ffac18e1000 	C:\WINDOWS\SYSTEM32\atiu9p64.dll
0x00007ffac10d0000 - 0x00007ffac18b5000 	C:\WINDOWS\SYSTEM32\atiumd64.dll
0x00000000751e0000 - 0x0000000075997000 	C:\WINDOWS\SYSTEM32\atiumd6a.dll
0x0000000074660000 - 0x00000000746a7000 	C:\Program Files\Java\jre1.8.0_25\bin\fontmanager.dll
0x00007ffae6a30000 - 0x00007ffae6a50000 	C:\WINDOWS\SYSTEM32\CRYPTSP.dll
0x00007ffae6650000 - 0x00007ffae6686000 	C:\WINDOWS\system32\rsaenh.dll
0x00007ffae6c80000 - 0x00007ffae6ca6000 	C:\WINDOWS\SYSTEM32\bcrypt.dll
0x0000000075a60000 - 0x0000000075a7a000 	C:\Program Files\Java\jre1.8.0_25\bin\net.dll
0x00007ffae69d0000 - 0x00007ffae6a29000 	C:\WINDOWS\system32\mswsock.dll
0x00007ffae2e30000 - 0x00007ffae2e5a000 	C:\WINDOWS\SYSTEM32\IPHLPAPI.DLL
0x00007ffae46b0000 - 0x00007ffae46ba000 	C:\WINDOWS\SYSTEM32\WINNSI.DLL
0x00007ffae2460000 - 0x00007ffae2476000 	C:\WINDOWS\SYSTEM32\dhcpcsvc6.DLL
0x00007ffae25b0000 - 0x00007ffae25ca000 	C:\WINDOWS\SYSTEM32\dhcpcsvc.DLL
0x0000000074960000 - 0x0000000074971000 	C:\Program Files\Java\jre1.8.0_25\bin\nio.dll
0x00000000637c0000 - 0x00000000637cd000 	S:\Users\Ben\AppData\Local\Temp\jogamp_0000\file_cache\jln8464225263740028545\jln4658200159337738741\gluegen-rt.dll
0x0000000075a50000 - 0x0000000075a57000 	C:\Program Files\Java\jre1.8.0_25\bin\jawt.dll
0x000000006a440000 - 0x000000006a44d000 	S:\Users\Ben\AppData\Local\Temp\jogamp_0000\file_cache\jln8464225263740028545\jln4658200159337738741\nativewindow_awt.dll
0x000000006c100000 - 0x000000006c10f000 	S:\Users\Ben\AppData\Local\Temp\jogamp_0000\file_cache\jln8464225263740028545\jln4658200159337738741\nativewindow_win32.dll
0x00007ffac09f0000 - 0x00007ffac0b1b000 	C:\WINDOWS\SYSTEM32\OpenGL32.dll
0x00007ffadcd80000 - 0x00007ffadcdae000 	C:\WINDOWS\SYSTEM32\GLU32.dll
0x00007ffac2af0000 - 0x00007ffac2be8000 	C:\WINDOWS\SYSTEM32\DDRAW.dll
0x00007ffae2b20000 - 0x00007ffae2b29000 	C:\WINDOWS\SYSTEM32\DCIMAN32.dll
0x0000000064500000 - 0x00000000645a2000 	S:\Users\Ben\AppData\Local\Temp\jogamp_0000\file_cache\jln8464225263740028545\jln4658200159337738741\jogl_desktop.dll
0x00007ffadcd60000 - 0x00007ffadcd78000 	C:\WINDOWS\SYSTEM32\atig6pxx.dll
0x0000000072ab0000 - 0x000000007465f000 	C:\WINDOWS\SYSTEM32\atio6axx.dll
0x00007ffae7f60000 - 0x00007ffae813a000 	C:\WINDOWS\system32\SETUPAPI.dll
0x00007ffae2e80000 - 0x00007ffae2fb7000 	C:\WINDOWS\SYSTEM32\atiadlxx.dll
0x00007ffae3470000 - 0x00007ffae35ef000 	C:\WINDOWS\SYSTEM32\PROPSYS.dll
0x00007ffae5d70000 - 0x00007ffae5d82000 	C:\WINDOWS\SYSTEM32\WTSAPI32.dll
0x00007ffae7450000 - 0x00007ffae74a1000 	C:\WINDOWS\system32\WINTRUST.dll
0x00007ffae74b0000 - 0x00007ffae768f000 	C:\WINDOWS\system32\CRYPT32.dll
0x00007ffae7210000 - 0x00007ffae7221000 	C:\WINDOWS\system32\MSASN1.dll
0x00007ffadbb20000 - 0x00007ffadbb49000 	C:\WINDOWS\SYSTEM32\atig6txx.dll
0x00007ffabff30000 - 0x00007ffac00cc000 	O:\OneDrive\Workspace\ZZavatar\lib\user\KinectPV2\Kinect20.Face.dll
0x00007ffad9b00000 - 0x00007ffad9ba7000 	C:\WINDOWS\SYSTEM32\MSVCP110.dll
0x00007ffadf8b0000 - 0x00007ffadf97e000 	C:\WINDOWS\SYSTEM32\MSVCR110.dll
0x00007ffae0040000 - 0x00007ffae0050000 	O:\OneDrive\Workspace\ZZavatar\lib\user\KinectPV2\KinectPV2.dll
0x00007ffadb810000 - 0x00007ffadb8ca000 	C:\WINDOWS\SYSTEM32\Kinect20.dll
0x00007ffad9c30000 - 0x00007ffad9d1b000 	C:\WINDOWS\SYSTEM32\MFPlat.DLL
0x00007ffad9a30000 - 0x00007ffad9a57000 	C:\WINDOWS\SYSTEM32\RTWorkQ.DLL
0x00007ffae4f10000 - 0x00007ffae4f1c000 	C:\WINDOWS\SYSTEM32\AVRT.dll
0x00007ffabe020000 - 0x00007ffabe1a9000 	C:\WINDOWS\SYSTEM32\dbghelp.dll

VM Arguments:
jvm_args: -Djava.library.path=O:\OneDrive\Workspace\ZZavatar\lib\base\video;O:\OneDrive\Workspace\ZZavatar\lib\base\video;O:\OneDrive\Workspace\ZZavatar\lib\base\video;O:\OneDrive\Workspace\ZZavatar\lib\base\core;O:\OneDrive\Workspace\ZZavatar\lib\base\core;O:\OneDrive\Workspace\ZZavatar\lib\base\core;O:\OneDrive\Workspace\ZZavatar\lib\base\core;O:\OneDrive\Workspace\ZZavatar\lib\base\core;O:\OneDrive\Workspace\ZZavatar\lib\base\core;O:\OneDrive\Workspace\ZZavatar\lib\base\core;O:\OneDrive\Workspace\ZZavatar\lib\base\core;O:\OneDrive\Workspace\ZZavatar\lib\base\core;O:\OneDrive\Workspace\ZZavatar\lib\base\core;O:\OneDrive\Workspace\ZZavatar\lib\base\core;O:\OneDrive\Workspace\ZZavatar\lib\base\core;O:\OneDrive\Workspace\ZZavatar\lib\base\core;O:\OneDrive\Workspace\ZZavatar\lib\base\core;O:\OneDrive\Workspace\ZZavatar\lib\base\core;O:\OneDrive\Workspace\ZZavatar\lib\user\Kinect4WinSDK;O:\OneDrive\Workspace\ZZavatar\lib\user\KinectPV2;O:\OneDrive\Workspace\ZZavatar\lib\user\SimpleOpenNI -Dfile.encoding=Cp1252 
java_command: zzavatar.ZZavatar
java_class_path (initial): O:\OneDrive\Workspace\ZZavatar\lib\base\video\gstreamer-java.jar;O:\OneDrive\Workspace\ZZavatar\lib\base\video\jna.jar;O:\OneDrive\Workspace\ZZavatar\lib\base\video\video.jar;O:\OneDrive\Workspace\ZZavatar\lib\base\core\core.jar;O:\OneDrive\Workspace\ZZavatar\lib\base\core\gluegen-rt-natives-linux-amd64.jar;O:\OneDrive\Workspace\ZZavatar\lib\base\core\gluegen-rt-natives-linux-armv6hf.jar;O:\OneDrive\Workspace\ZZavatar\lib\base\core\gluegen-rt-natives-linux-i586.jar;O:\OneDrive\Workspace\ZZavatar\lib\base\core\gluegen-rt-natives-macosx-universal.jar;O:\OneDrive\Workspace\ZZavatar\lib\base\core\gluegen-rt-natives-windows-amd64.jar;O:\OneDrive\Workspace\ZZavatar\lib\base\core\gluegen-rt-natives-windows-i586.jar;O:\OneDrive\Workspace\ZZavatar\lib\base\core\gluegen-rt.jar;O:\OneDrive\Workspace\ZZavatar\lib\base\core\jogl-all-natives-linux-amd64.jar;O:\OneDrive\Workspace\ZZavatar\lib\base\core\jogl-all-natives-linux-armv6hf.jar;O:\OneDrive\Workspace\ZZavatar\lib\base\core\jogl-all-natives-linux-i586.jar;O:\OneDrive\Workspace\ZZavatar\lib\base\core\jogl-all-natives-macosx-universal.jar;O:\OneDrive\Workspace\ZZavatar\lib\base\core\jogl-all-natives-windows-amd64.jar;O:\OneDrive\Workspace\ZZavatar\lib\base\core\jogl-all-natives-windows-i586.jar;O:\OneDrive\Workspace\ZZavatar\lib\base\core\jogl-all.jar;O:\OneDrive\Workspace\ZZavatar\lib\user\Kinect4WinSDK\Kinect4WinSDK.jar;O:\OneDrive\Workspace\ZZavatar\lib\user\KinectPV2\KinectPV2.jar;O:\OneDrive\Workspace\ZZavatar\lib\user\SimpleOpenNI\SimpleOpenNI.jar;O:\OneDrive\Workspace\ZZavatar\bin
Launcher Type: SUN_STANDARD

Environment Variables:
JAVA_HOME=C:\Program Files\Java\jdk1.8.0_25
PATH=C:/Program Files/Java/jre1.8.0_25/bin/server;C:/Program Files/Java/jre1.8.0_25/bin;C:/Program Files/Java/jre1.8.0_25/lib/amd64;C:\Program Files (x86)\NVIDIA Corporation\PhysX\Common;C:\ProgramData\Oracle\Java\javapath;C:\Program Files (x86)\Common Files\Intel\Shared Libraries\redist\intel64\compiler;C:\Program Files (x86)\Common Files\Intel\Shared Libraries\redist\ia32\compiler;C:\Program Files (x86)\Intel\iCLS Client\;C:\Program Files\Intel\iCLS Client\;C:\Program Files (x86)\AMD APP\bin\x86_64;C:\Program Files (x86)\AMD APP\bin\x86;C:\WINDOWS\system32;C:\WINDOWS;C:\WINDOWS\System32\Wbem;C:\WINDOWS\System32\WindowsPowerShell\v1.0\;C:\Program Files (x86)\ATI Technologies\ATI.ACE\Core-Static;C:\Program Files\Intel\Intel(R) Management Engine Components\DAL;C:\Program Files\Intel\Intel(R) Management Engine Components\IPT;C:\Program Files (x86)\Intel\Intel(R) Management Engine Components\DAL;C:\Program Files (x86)\Intel\Intel(R) Management Engine Components\IPT;C:\Program Files\Sony\VAIO Improvement\;C:\Program Files (x86)\Sony\VAIO Startup Setting Tool;C:\Program Files (x86)\Windows Kits\8.1\Windows Performance Toolkit\;C:\Program Files\Microsoft SQL Server\110\Tools\Binn\;C:\Program Files (x86)\Microsoft SDKs\TypeScript\1.0\;C:\Program Files\Microsoft\Web Platform Installer\;C:\Program Files (x86)\Java\jre1.8.0_25\bin;P:\Programs\Python27\Scripts;P:\Programs\Python27;C:\Program Files\Common Files\Autodesk Shared\;P:\Program Files\Programs;P:\Program Files\Games;F:\Documents\Processing\libraries\SimpleOpenNI\library;P:\Programs\Eclipse;
USERNAME=Benoît
OS=Windows_NT
PROCESSOR_IDENTIFIER=Intel64 Family 6 Model 58 Stepping 9, GenuineIntel



---------------  S Y S T E M  ---------------

OS: Windows 8.1 , 64 bit Build 9600 

CPU:total 8 (4 cores per cpu, 2 threads per core) family 6 model 58 stepping 9, cmov, cx8, fxsr, mmx, sse, sse2, sse3, ssse3, sse4.1, sse4.2, popcnt, avx, aes, clmul, erms, ht, tsc, tscinvbit, tscinv

Memory: 4k page, physical 6237468k(2602720k free), swap 10431772k(5658872k free)

vm_info: Java HotSpot(TM) 64-Bit Server VM (25.25-b02) for windows-amd64 JRE (1.8.0_25-b18), built on Oct  7 2014 14:25:37 by "java_re" with MS VC++ 10.0 (VS2010)

time: Tue May 12 09:54:20 2015
elapsed time: 6 seconds (0d 0h 0m 6s)

