#
# A fatal error has been detected by the Java Runtime Environment:
#
#  EXCEPTION_ACCESS_VIOLATION (0xc0000005) at pc=0x00007ff980284113, pid=7888, tid=6384
#
# JRE version: Java(TM) SE Runtime Environment (8.0_25-b18) (build 1.8.0_25-b18)
# Java VM: Java HotSpot(TM) 64-Bit Server VM (25.25-b02 mixed mode windows-amd64 compressed oops)
# Problematic frame:
# C  [KinectPV2.dll+0x4113]
#
# Failed to write core dump. Minidumps are not enabled by default on client versions of Windows
#
# If you would like to submit a bug report, please visit:
#   http://bugreport.sun.com/bugreport/crash.jsp
# The crash happened outside the Java Virtual Machine in native code.
# See problematic frame for where to report the bug.
#

---------------  T H R E A D  ---------------

Current thread (0x00000000190b0000):  JavaThread "Animation Thread" [_thread_in_native, id=6384, stack(0x000000001c000000,0x000000001c100000)]

siginfo: ExceptionCode=0xc0000005, reading address 0x00000000000000d0

Registers:
RAX=0x00000000000000c0, RBX=0x000000002dd42040, RCX=0x0000000100000001, RDX=0x0000000000000000
RSP=0x000000001c0fe740, RBP=0x0000000000000006, RSI=0x0000000000000000, RDI=0x000000001eb42678
R8 =0x000000001c0fe408, R9 =0x0000000000008000, R10=0x0000000000000000, R11=0x000000001c0fe640
R12=0x0000000000000000, R13=0x000000001f2bd198, R14=0x0000000000000000, R15=0x00000000190b0000
RIP=0x00007ff980284113, EFLAGS=0x0000000000010202

Top of Stack: (sp=0x000000001c0fe740)
0x000000001c0fe740:   000000001eb42648 000000001ed3f1c8
0x000000001c0fe750:   000000001eb42648 0000000000000000
0x000000001c0fe760:   000000001c0fe830 00007ff980281fba
0x000000001c0fe770:   000000001c0fe830 000000001c0fe810
0x000000001c0fe780:   00000000190b01e8 00000000190771d0
0x000000001c0fe790:   00000000a46ad718 0000000002035b74
0x000000001c0fe7a0:   000000001f2bd198 0000000000000019
0x000000001c0fe7b0:   0000000000000019 00000000190b0000
0x000000001c0fe7c0:   000000001c0fe888 00000000020358a2
0x000000001c0fe7d0:   000000001c0fe7d0 000000001f2bd198
0x000000001c0fe7e0:   000000001c0fe830 000000001f2be128
0x000000001c0fe7f0:   0000000000000000 000000001f2bd198
0x000000001c0fe800:   0000000000000000 000000001c0fe830
0x000000001c0fe810:   000000001c0fe878 0000000002027a2d
0x000000001c0fe820:   0000000000000000 000000000202f6b8
0x000000001c0fe830:   00000000a4353238 000000001c0fe838 

Instructions: (pc=0x00007ff980284113)
0x00007ff9802840f3:   48 8b 0f 48 85 c9 74 09 48 8b 01 ff 50 10 4c 89
0x00007ff980284103:   37 48 8b 8f 90 00 00 00 48 85 c9 74 0d 48 8b 01
0x00007ff980284113:   ff 50 10 4c 89 b7 90 00 00 00 48 8b 4f 30 48 85
0x00007ff980284123:   c9 74 0a 48 8b 01 ff 50 10 4c 89 77 30 48 8b 4f 


Register to memory mapping:

RAX=0x00000000000000c0 is an unknown value
RBX=0x000000002dd42040 is an unknown value
RCX=0x0000000100000001 is pointing into metadata
RDX=0x0000000000000000 is an unknown value
RSP=0x000000001c0fe740 is pointing into the stack for thread: 0x00000000190b0000
RBP=0x0000000000000006 is an unknown value
RSI=0x0000000000000000 is an unknown value
RDI=0x000000001eb42678 is an unknown value
R8 =0x000000001c0fe408 is pointing into the stack for thread: 0x00000000190b0000
R9 =0x0000000000008000 is an unknown value
R10=0x0000000000000000 is an unknown value
R11=0x000000001c0fe640 is pointing into the stack for thread: 0x00000000190b0000
R12=0x0000000000000000 is an unknown value
R13={method} {0x000000001f2bd1a0} 'jniStopDevice' '()V' in 'KinectPV2/Device'
R14=0x0000000000000000 is an unknown value
R15=0x00000000190b0000 is a thread


Stack: [0x000000001c000000,0x000000001c100000],  sp=0x000000001c0fe740,  free space=1017k
Native frames: (J=compiled Java code, j=interpreted, Vv=VM code, C=native code)
C  [KinectPV2.dll+0x4113]
C  [KinectPV2.dll+0x1fba]
C  0x0000000002035b74

Java frames: (J=compiled Java code, j=interpreted, Vv=VM code)
j  KinectPV2.Device.jniStopDevice()V+0
j  KinectPV2.Device.stopDevice()V+41
j  KinectPV2.KinectPV2.dispose()V+14
v  ~StubRoutines::call_stub
j  sun.reflect.NativeMethodAccessorImpl.invoke0(Ljava/lang/reflect/Method;Ljava/lang/Object;[Ljava/lang/Object;)Ljava/lang/Object;+0
j  sun.reflect.NativeMethodAccessorImpl.invoke(Ljava/lang/Object;[Ljava/lang/Object;)Ljava/lang/Object;+100
j  sun.reflect.DelegatingMethodAccessorImpl.invoke(Ljava/lang/Object;[Ljava/lang/Object;)Ljava/lang/Object;+6
j  java.lang.reflect.Method.invoke(Ljava/lang/Object;[Ljava/lang/Object;)Ljava/lang/Object;+56
j  processing.core.PApplet$RegisteredMethods.handle([Ljava/lang/Object;)V+18
J 1734 C1 processing.core.PApplet.handleMethods(Ljava/lang/String;)V (21 bytes) @ 0x00000000026ceb1c [0x00000000026ce860+0x2bc]
j  processing.core.PApplet.dispose()V+35
j  processing.core.PApplet.run()V+283
j  java.lang.Thread.run()V+11
v  ~StubRoutines::call_stub

---------------  P R O C E S S  ---------------

Java Threads: ( => current thread )
  0x00000000192dc000 JavaThread "Animation Thread-SharedResourceRunner" daemon [_thread_blocked, id=7708, stack(0x000000001e2d0000,0x000000001e3d0000)]
  0x00000000005be800 JavaThread "DestroyJavaVM" [_thread_blocked, id=8908, stack(0x0000000001d20000,0x0000000001e20000)]
  0x00000000190b3000 JavaThread "D3D Screen Updater" daemon [_thread_blocked, id=7608, stack(0x000000001c300000,0x000000001c400000)]
=>0x00000000190b0000 JavaThread "Animation Thread" [_thread_in_native, id=6384, stack(0x000000001c000000,0x000000001c100000)]
  0x0000000019009000 JavaThread "AWT-EventQueue-0" [_thread_blocked, id=7196, stack(0x000000001be00000,0x000000001bf00000)]
  0x0000000018fdb800 JavaThread "AWT-Windows" daemon [_thread_in_native, id=7024, stack(0x00000000198f0000,0x00000000199f0000)]
  0x0000000018fdb000 JavaThread "AWT-Shutdown" [_thread_blocked, id=8436, stack(0x00000000197f0000,0x00000000198f0000)]
  0x0000000018fd8000 JavaThread "Java2D Disposer" daemon [_thread_blocked, id=4340, stack(0x00000000196f0000,0x00000000197f0000)]
  0x0000000017de0000 JavaThread "Service Thread" daemon [_thread_blocked, id=9212, stack(0x0000000018730000,0x0000000018830000)]
  0x0000000017d66000 JavaThread "C1 CompilerThread3" daemon [_thread_blocked, id=8852, stack(0x0000000018630000,0x0000000018730000)]
  0x0000000017d61800 JavaThread "C2 CompilerThread2" daemon [_thread_blocked, id=7932, stack(0x0000000018530000,0x0000000018630000)]
  0x0000000017d5b800 JavaThread "C2 CompilerThread1" daemon [_thread_blocked, id=3792, stack(0x0000000018430000,0x0000000018530000)]
  0x0000000017d59000 JavaThread "C2 CompilerThread0" daemon [_thread_blocked, id=7052, stack(0x0000000018330000,0x0000000018430000)]
  0x0000000017d56800 JavaThread "Attach Listener" daemon [_thread_blocked, id=7112, stack(0x0000000018230000,0x0000000018330000)]
  0x0000000017d56000 JavaThread "Signal Dispatcher" daemon [_thread_blocked, id=4684, stack(0x0000000018130000,0x0000000018230000)]
  0x0000000002019800 JavaThread "Finalizer" daemon [_thread_blocked, id=8788, stack(0x0000000017c30000,0x0000000017d30000)]
  0x0000000015d6c800 JavaThread "Reference Handler" daemon [_thread_blocked, id=5612, stack(0x0000000017b30000,0x0000000017c30000)]

Other Threads:
  0x0000000015d68800 VMThread [stack: 0x0000000017a30000,0x0000000017b30000] [id=1568]
  0x0000000017de2000 WatcherThread [stack: 0x0000000018830000,0x0000000018930000] [id=8080]

VM state:not at safepoint (normal execution)

VM Mutex/Monitor currently owned by a thread: None

Heap:
 PSYoungGen      total 432128K, used 403291K [0x00000000e0400000, 0x00000000ff600000, 0x0000000100000000)
  eden space 380928K, 96% used [0x00000000e0400000,0x00000000f6b15570,0x00000000f7800000)
  from space 51200K, 69% used [0x00000000f7800000,0x00000000f9ac1948,0x00000000faa00000)
  to   space 50176K, 0% used [0x00000000fc500000,0x00000000fc500000,0x00000000ff600000)
 ParOldGen       total 210944K, used 120227K [0x00000000a0c00000, 0x00000000ada00000, 0x00000000e0400000)
  object space 210944K, 56% used [0x00000000a0c00000,0x00000000a8168fe0,0x00000000ada00000)
 Metaspace       used 17602K, capacity 17793K, committed 17920K, reserved 1064960K
  class space    used 1719K, capacity 1761K, committed 1792K, reserved 1048576K

Card table byte_map: [0x00000000113e0000,0x00000000116e0000] byte_map_base: 0x0000000010eda000

Marking Bits: (ParMarkBitMap*) 0x00000000772bd490
 Begin Bits: [0x00000000120e0000, 0x00000000138b0000)
 End Bits:   [0x00000000138b0000, 0x0000000015080000)

Polling page: 0x0000000000570000

CodeCache: size=245760Kb used=7028Kb max_used=7028Kb free=238731Kb
 bounds [0x0000000002020000, 0x0000000002710000, 0x0000000011020000]
 total_blobs=2696 nmethods=1828 adapters=782
 compilation: enabled

Compilation events (10 events):
Event: 7.843 Thread 0x0000000017d66000 1827       3       jogamp.opengl.gl4.GL4bcImpl::glGenerateMipmap (50 bytes)
Event: 7.844 Thread 0x0000000017d66000 nmethod 1827 0x0000000002701150 code [0x00000000027013a0, 0x0000000002702268]
Event: 7.844 Thread 0x0000000017d66000 1828       3       processing.opengl.Texture::releasePixelBuffer (35 bytes)
Event: 7.845 Thread 0x0000000017d66000 nmethod 1828 0x00000000026fbfd0 code [0x00000000026fc180, 0x00000000026fc468]
Event: 7.845 Thread 0x0000000017d66000 1829       3       processing.opengl.Texture::releaseRGBAPixels (35 bytes)
Event: 7.845 Thread 0x0000000017d66000 nmethod 1829 0x00000000026fe490 code [0x00000000026fe640, 0x00000000026fe928]
Event: 7.910 Thread 0x0000000017d66000 1830       3       processing.core.PImage::setModified (6 bytes)
Event: 7.911 Thread 0x0000000017d66000 nmethod 1830 0x00000000026fe150 code [0x00000000026fe2a0, 0x00000000026fe3f0]
Event: 8.018 Thread 0x0000000017d66000 1831       3       processing.opengl.PGraphicsOpenGL::popMatrix (97 bytes)
Event: 8.019 Thread 0x0000000017d66000 nmethod 1831 0x0000000002700310 code [0x0000000002700500, 0x0000000002700d68]

GC Heap History (10 events):
Event: 5.534 GC heap before
{Heap before GC invocations=15 (full 2):
 PSYoungGen      total 343552K, used 330486K [0x00000000e0400000, 0x00000000f8400000, 0x0000000100000000)
  eden space 294912K, 100% used [0x00000000e0400000,0x00000000f2400000,0x00000000f2400000)
  from space 48640K, 73% used [0x00000000f5400000,0x00000000f76bd938,0x00000000f8380000)
  to   space 49152K, 0% used [0x00000000f2400000,0x00000000f2400000,0x00000000f5400000)
 ParOldGen       total 210944K, used 120195K [0x00000000a0c00000, 0x00000000ada00000, 0x00000000e0400000)
  object space 210944K, 56% used [0x00000000a0c00000,0x00000000a8160fe0,0x00000000ada00000)
 Metaspace       used 17489K, capacity 17665K, committed 17920K, reserved 1064960K
  class space    used 1706K, capacity 1761K, committed 1792K, reserved 1048576K
Event: 5.542 GC heap after
Heap after GC invocations=15 (full 2):
 PSYoungGen      total 344064K, used 35536K [0x00000000e0400000, 0x00000000fb100000, 0x0000000100000000)
  eden space 294912K, 0% used [0x00000000e0400000,0x00000000e0400000,0x00000000f2400000)
  from space 49152K, 72% used [0x00000000f2400000,0x00000000f46b4120,0x00000000f5400000)
  to   space 49152K, 0% used [0x00000000f8100000,0x00000000f8100000,0x00000000fb100000)
 ParOldGen       total 210944K, used 120203K [0x00000000a0c00000, 0x00000000ada00000, 0x00000000e0400000)
  object space 210944K, 56% used [0x00000000a0c00000,0x00000000a8162fe0,0x00000000ada00000)
 Metaspace       used 17489K, capacity 17665K, committed 17920K, reserved 1064960K
  class space    used 1706K, capacity 1761K, committed 1792K, reserved 1048576K
}
Event: 5.984 GC heap before
{Heap before GC invocations=16 (full 2):
 PSYoungGen      total 344064K, used 329744K [0x00000000e0400000, 0x00000000fb100000, 0x0000000100000000)
  eden space 294912K, 99% used [0x00000000e0400000,0x00000000f2350228,0x00000000f2400000)
  from space 49152K, 72% used [0x00000000f2400000,0x00000000f46b4120,0x00000000f5400000)
  to   space 49152K, 0% used [0x00000000f8100000,0x00000000f8100000,0x00000000fb100000)
 ParOldGen       total 210944K, used 120203K [0x00000000a0c00000, 0x00000000ada00000, 0x00000000e0400000)
  object space 210944K, 56% used [0x00000000a0c00000,0x00000000a8162fe0,0x00000000ada00000)
 Metaspace       used 17503K, capacity 17665K, committed 17920K, reserved 1064960K
  class space    used 1706K, capacity 1761K, committed 1792K, reserved 1048576K
Event: 6.000 GC heap after
Heap after GC invocations=16 (full 2):
 PSYoungGen      total 387072K, used 43594K [0x00000000e0400000, 0x00000000fb500000, 0x0000000100000000)
  eden space 337920K, 0% used [0x00000000e0400000,0x00000000e0400000,0x00000000f4e00000)
  from space 49152K, 88% used [0x00000000f8100000,0x00000000fab92958,0x00000000fb100000)
  to   space 52224K, 0% used [0x00000000f4e00000,0x00000000f4e00000,0x00000000f8100000)
 ParOldGen       total 210944K, used 120211K [0x00000000a0c00000, 0x00000000ada00000, 0x00000000e0400000)
  object space 210944K, 56% used [0x00000000a0c00000,0x00000000a8164fe0,0x00000000ada00000)
 Metaspace       used 17503K, capacity 17665K, committed 17920K, reserved 1064960K
  class space    used 1706K, capacity 1761K, committed 1792K, reserved 1048576K
}
Event: 6.470 GC heap before
{Heap before GC invocations=17 (full 2):
 PSYoungGen      total 387072K, used 381514K [0x00000000e0400000, 0x00000000fb500000, 0x0000000100000000)
  eden space 337920K, 100% used [0x00000000e0400000,0x00000000f4e00000,0x00000000f4e00000)
  from space 49152K, 88% used [0x00000000f8100000,0x00000000fab92958,0x00000000fb100000)
  to   space 52224K, 0% used [0x00000000f4e00000,0x00000000f4e00000,0x00000000f8100000)
 ParOldGen       total 210944K, used 120211K [0x00000000a0c00000, 0x00000000ada00000, 0x00000000e0400000)
  object space 210944K, 56% used [0x00000000a0c00000,0x00000000a8164fe0,0x00000000ada00000)
 Metaspace       used 17520K, capacity 17793K, committed 17920K, reserved 1064960K
  class space    used 1706K, capacity 1761K, committed 1792K, reserved 1048576K
Event: 6.480 GC heap after
Heap after GC invocations=17 (full 2):
 PSYoungGen      total 390144K, used 35494K [0x00000000e0400000, 0x00000000fdf80000, 0x0000000100000000)
  eden space 337920K, 0% used [0x00000000e0400000,0x00000000e0400000,0x00000000f4e00000)
  from space 52224K, 67% used [0x00000000f4e00000,0x00000000f70a9948,0x00000000f8100000)
  to   space 51712K, 0% used [0x00000000fad00000,0x00000000fad00000,0x00000000fdf80000)
 ParOldGen       total 210944K, used 120219K [0x00000000a0c00000, 0x00000000ada00000, 0x00000000e0400000)
  object space 210944K, 56% used [0x00000000a0c00000,0x00000000a8166fe0,0x00000000ada00000)
 Metaspace       used 17520K, capacity 17793K, committed 17920K, reserved 1064960K
  class space    used 1706K, capacity 1761K, committed 1792K, reserved 1048576K
}
Event: 6.979 GC heap before
{Heap before GC invocations=18 (full 2):
 PSYoungGen      total 390144K, used 372277K [0x00000000e0400000, 0x00000000fdf80000, 0x0000000100000000)
  eden space 337920K, 99% used [0x00000000e0400000,0x00000000f4ce3e48,0x00000000f4e00000)
  from space 52224K, 67% used [0x00000000f4e00000,0x00000000f70a9948,0x00000000f8100000)
  to   space 51712K, 0% used [0x00000000fad00000,0x00000000fad00000,0x00000000fdf80000)
 ParOldGen       total 210944K, used 120219K [0x00000000a0c00000, 0x00000000ada00000, 0x00000000e0400000)
  object space 210944K, 56% used [0x00000000a0c00000,0x00000000a8166fe0,0x00000000ada00000)
 Metaspace       used 17566K, capacity 17793K, committed 17920K, reserved 1064960K
  class space    used 1719K, capacity 1761K, committed 1792K, reserved 1048576K
Event: 6.992 GC heap after
Heap after GC invocations=18 (full 2):
 PSYoungGen      total 429056K, used 35613K [0x00000000e0400000, 0x00000000fdc00000, 0x0000000100000000)
  eden space 380928K, 0% used [0x00000000e0400000,0x00000000e0400000,0x00000000f7800000)
  from space 48128K, 73% used [0x00000000fad00000,0x00000000fcfc7790,0x00000000fdc00000)
  to   space 51200K, 0% used [0x00000000f7800000,0x00000000f7800000,0x00000000faa00000)
 ParOldGen       total 210944K, used 120219K [0x00000000a0c00000, 0x00000000ada00000, 0x00000000e0400000)
  object space 210944K, 56% used [0x00000000a0c00000,0x00000000a8166fe0,0x00000000ada00000)
 Metaspace       used 17566K, capacity 17793K, committed 17920K, reserved 1064960K
  class space    used 1719K, capacity 1761K, committed 1792K, reserved 1048576K
}
Event: 7.578 GC heap before
{Heap before GC invocations=19 (full 2):
 PSYoungGen      total 429056K, used 409890K [0x00000000e0400000, 0x00000000fdc00000, 0x0000000100000000)
  eden space 380928K, 98% used [0x00000000e0400000,0x00000000f7181278,0x00000000f7800000)
  from space 48128K, 73% used [0x00000000fad00000,0x00000000fcfc7790,0x00000000fdc00000)
  to   space 51200K, 0% used [0x00000000f7800000,0x00000000f7800000,0x00000000faa00000)
 ParOldGen       total 210944K, used 120219K [0x00000000a0c00000, 0x00000000ada00000, 0x00000000e0400000)
  object space 210944K, 56% used [0x00000000a0c00000,0x00000000a8166fe0,0x00000000ada00000)
 Metaspace       used 17598K, capacity 17793K, committed 17920K, reserved 1064960K
  class space    used 1719K, capacity 1761K, committed 1792K, reserved 1048576K
Event: 7.587 GC heap after
Heap after GC invocations=19 (full 2):
 PSYoungGen      total 432128K, used 35590K [0x00000000e0400000, 0x00000000ff600000, 0x0000000100000000)
  eden space 380928K, 0% used [0x00000000e0400000,0x00000000e0400000,0x00000000f7800000)
  from space 51200K, 69% used [0x00000000f7800000,0x00000000f9ac1948,0x00000000faa00000)
  to   space 50176K, 0% used [0x00000000fc500000,0x00000000fc500000,0x00000000ff600000)
 ParOldGen       total 210944K, used 120227K [0x00000000a0c00000, 0x00000000ada00000, 0x00000000e0400000)
  object space 210944K, 56% used [0x00000000a0c00000,0x00000000a8168fe0,0x00000000ada00000)
 Metaspace       used 17598K, capacity 17793K, committed 17920K, reserved 1064960K
  class space    used 1719K, capacity 1761K, committed 1792K, reserved 1048576K
}

Deoptimization events (10 events):
Event: 2.831 Thread 0x0000000019009000 Uncommon trap: reason=class_check action=maybe_recompile pc=0x000000000232dbc4 method=com.jogamp.common.nio.Buffers.getDirectBufferByteOffset(Ljava/lang/Object;)I @ 7
Event: 2.831 Thread 0x0000000019009000 Uncommon trap: reason=class_check action=maybe_recompile pc=0x0000000002330500 method=com.jogamp.common.nio.Buffers.isDirect(Ljava/lang/Object;)Z @ 13
Event: 2.831 Thread 0x0000000019009000 Uncommon trap: reason=class_check action=maybe_recompile pc=0x000000000232dbc4 method=com.jogamp.common.nio.Buffers.getDirectBufferByteOffset(Ljava/lang/Object;)I @ 7
Event: 2.831 Thread 0x0000000019009000 Uncommon trap: reason=class_check action=maybe_recompile pc=0x0000000002330500 method=com.jogamp.common.nio.Buffers.isDirect(Ljava/lang/Object;)Z @ 13
Event: 2.831 Thread 0x0000000019009000 Uncommon trap: reason=class_check action=maybe_recompile pc=0x000000000232dbc4 method=com.jogamp.common.nio.Buffers.getDirectBufferByteOffset(Ljava/lang/Object;)I @ 7
Event: 2.832 Thread 0x0000000019009000 Uncommon trap: reason=predicate action=maybe_recompile pc=0x0000000002400884 method=java.util.ArrayList.indexOf(Ljava/lang/Object;)I @ 44
Event: 2.853 Thread 0x0000000019009000 Uncommon trap: reason=class_check action=maybe_recompile pc=0x0000000002330500 method=com.jogamp.common.nio.Buffers.isDirect(Ljava/lang/Object;)Z @ 13
Event: 2.853 Thread 0x0000000019009000 Uncommon trap: reason=class_check action=maybe_recompile pc=0x000000000232dbc4 method=com.jogamp.common.nio.Buffers.getDirectBufferByteOffset(Ljava/lang/Object;)I @ 7
Event: 3.385 Thread 0x0000000019009000 Uncommon trap: reason=unreached action=reinterpret pc=0x00000000024317c0 method=processing.opengl.PGraphicsOpenGL$InGeometry.addVertex(FFFIFFFFFIFIIIFIZ)I @ 218
Event: 3.935 Thread 0x0000000019009000 Uncommon trap: reason=unreached action=reinterpret pc=0x00000000022d8cf0 method=java.lang.reflect.AccessibleObject.setAccessible0(Ljava/lang/reflect/AccessibleObject;Z)V @ 4

Internal exceptions (10 events):
Event: 3.223 Thread 0x0000000019009000 Exception <a 'java/security/PrivilegedActionException'> (0x00000000e32eb190) thrown at [D:\re\workspace\8-2-build-windows-amd64-cygwin\jdk8u25\1677\hotspot\src\share\vm\prims\jvm.cpp, line 1312]
Event: 3.223 Thread 0x0000000019009000 Exception <a 'java/security/PrivilegedActionException'> (0x00000000e32ef050) thrown at [D:\re\workspace\8-2-build-windows-amd64-cygwin\jdk8u25\1677\hotspot\src\share\vm\prims\jvm.cpp, line 1312]
Event: 3.223 Thread 0x0000000019009000 Exception <a 'java/security/PrivilegedActionException'> (0x00000000e32f3458) thrown at [D:\re\workspace\8-2-build-windows-amd64-cygwin\jdk8u25\1677\hotspot\src\share\vm\prims\jvm.cpp, line 1312]
Event: 3.224 Thread 0x0000000019009000 Exception <a 'java/security/PrivilegedActionException'> (0x00000000e32f7840) thrown at [D:\re\workspace\8-2-build-windows-amd64-cygwin\jdk8u25\1677\hotspot\src\share\vm\prims\jvm.cpp, line 1312]
Event: 3.224 Thread 0x0000000019009000 Exception <a 'java/security/PrivilegedActionException'> (0x00000000e32fb398) thrown at [D:\re\workspace\8-2-build-windows-amd64-cygwin\jdk8u25\1677\hotspot\src\share\vm\prims\jvm.cpp, line 1312]
Event: 3.224 Thread 0x0000000019009000 Exception <a 'java/security/PrivilegedActionException'> (0x00000000e32ffb98) thrown at [D:\re\workspace\8-2-build-windows-amd64-cygwin\jdk8u25\1677\hotspot\src\share\vm\prims\jvm.cpp, line 1312]
Event: 3.224 Thread 0x0000000019009000 Exception <a 'java/security/PrivilegedActionException'> (0x00000000e33032d0) thrown at [D:\re\workspace\8-2-build-windows-amd64-cygwin\jdk8u25\1677\hotspot\src\share\vm\prims\jvm.cpp, line 1312]
Event: 3.224 Thread 0x0000000019009000 Exception <a 'java/security/PrivilegedActionException'> (0x00000000e3307218) thrown at [D:\re\workspace\8-2-build-windows-amd64-cygwin\jdk8u25\1677\hotspot\src\share\vm\prims\jvm.cpp, line 1312]
Event: 3.225 Thread 0x0000000019009000 Exception <a 'java/security/PrivilegedActionException'> (0x00000000e330d128) thrown at [D:\re\workspace\8-2-build-windows-amd64-cygwin\jdk8u25\1677\hotspot\src\share\vm\prims\jvm.cpp, line 1312]
Event: 3.239 Thread 0x0000000019009000 Exception <a 'java/security/PrivilegedActionException'> (0x00000000e33e8738) thrown at [D:\re\workspace\8-2-build-windows-amd64-cygwin\jdk8u25\1677\hotspot\src\share\vm\prims\jvm.cpp, line 1312]

Events (10 events):
Event: 6.685 loading class java/awt/AWTEvent$2
Event: 6.686 loading class java/awt/AWTEvent$2 done
Event: 6.978 Executing VM operation: ParallelGCFailedAllocation
Event: 6.992 Executing VM operation: ParallelGCFailedAllocation done
Event: 7.578 Executing VM operation: ParallelGCFailedAllocation
Event: 7.587 Executing VM operation: ParallelGCFailedAllocation done
Event: 7.735 Thread 0x000000001907f800 Thread exited: 0x000000001907f800
Event: 7.768 Thread 0x0000000019009000 DEOPT PACKING pc=0x00000000026c27af sp=0x000000001befd8b0
Event: 7.768 Thread 0x0000000019009000 DEOPT UNPACKING pc=0x00000000020675bf sp=0x000000001befd648 mode 0
Event: 8.153 Thread 0x0000000019554800 Thread exited: 0x0000000019554800


Dynamic libraries:
0x00007ff669010000 - 0x00007ff669044000 	C:\Program Files\Java\jre1.8.0_25\bin\javaw.exe
0x00007ff98c320000 - 0x00007ff98c4cc000 	C:\WINDOWS\SYSTEM32\ntdll.dll
0x00007ff989d20000 - 0x00007ff989e5e000 	C:\WINDOWS\system32\KERNEL32.DLL
0x00007ff9897d0000 - 0x00007ff9898e5000 	C:\WINDOWS\system32\KERNELBASE.dll
0x00007ff987ff0000 - 0x00007ff98807e000 	C:\WINDOWS\system32\apphelp.dll
0x00007ff973750000 - 0x00007ff9737a3000 	C:\WINDOWS\AppPatch\AppPatch64\AcGenral.DLL
0x00007ff98a220000 - 0x00007ff98a2ca000 	C:\WINDOWS\system32\msvcrt.dll
0x00007ff9892a0000 - 0x00007ff9892ce000 	C:\WINDOWS\SYSTEM32\SspiCli.dll
0x00007ff98b980000 - 0x00007ff98b9d4000 	C:\WINDOWS\system32\SHLWAPI.dll
0x00007ff989f00000 - 0x00007ff98a077000 	C:\WINDOWS\system32\USER32.dll
0x00007ff98bb50000 - 0x00007ff98bce4000 	C:\WINDOWS\system32\ole32.dll
0x00007ff98a390000 - 0x00007ff98b8a8000 	C:\WINDOWS\system32\SHELL32.dll
0x00007ff988a10000 - 0x00007ff988a31000 	C:\WINDOWS\SYSTEM32\USERENV.dll
0x00007ff989c10000 - 0x00007ff989cba000 	C:\WINDOWS\system32\ADVAPI32.dll
0x00007ff97c880000 - 0x00007ff97c89e000 	C:\WINDOWS\SYSTEM32\MPR.dll
0x00007ff98b9e0000 - 0x00007ff98bb21000 	C:\WINDOWS\system32\RPCRT4.dll
0x00007ff9899a0000 - 0x00007ff9899f9000 	C:\WINDOWS\SYSTEM32\sechost.dll
0x00007ff98bed0000 - 0x00007ff98c0e1000 	C:\WINDOWS\SYSTEM32\combase.dll
0x00007ff98a0c0000 - 0x00007ff98a211000 	C:\WINDOWS\system32\GDI32.dll
0x00007ff989470000 - 0x00007ff989485000 	C:\WINDOWS\SYSTEM32\profapi.dll
0x00007ff987810000 - 0x00007ff9878c2000 	C:\WINDOWS\SYSTEM32\SHCORE.dll
0x00007ff98a080000 - 0x00007ff98a0b6000 	C:\WINDOWS\system32\IMM32.DLL
0x00007ff98c1c0000 - 0x00007ff98c312000 	C:\WINDOWS\system32\MSCTF.dll
0x00007ff986b90000 - 0x00007ff986e0b000 	C:\WINDOWS\WinSxS\amd64_microsoft.windows.common-controls_6595b64144ccf1df_6.0.9600.17415_none_6240486fecbd8abb\COMCTL32.dll
0x0000000075f50000 - 0x0000000076022000 	C:\Program Files\Java\jre1.8.0_25\bin\msvcr100.dll
0x0000000076ae0000 - 0x000000007733a000 	C:\Program Files\Java\jre1.8.0_25\bin\server\jvm.dll
0x00007ff9707d0000 - 0x00007ff9707d9000 	C:\WINDOWS\SYSTEM32\WSOCK32.dll
0x00007ff97ca00000 - 0x00007ff97ca22000 	C:\WINDOWS\SYSTEM32\WINMM.dll
0x00007ff989e80000 - 0x00007ff989e87000 	C:\WINDOWS\system32\PSAPI.DLL
0x00007ff989a00000 - 0x00007ff989a5a000 	C:\WINDOWS\system32\WS2_32.dll
0x00007ff97c8d0000 - 0x00007ff97c8fa000 	C:\WINDOWS\SYSTEM32\WINMMBASE.dll
0x00007ff98bb30000 - 0x00007ff98bb39000 	C:\WINDOWS\system32\NSI.dll
0x00007ff989950000 - 0x00007ff98999f000 	C:\WINDOWS\SYSTEM32\cfgmgr32.dll
0x00007ff988260000 - 0x00007ff988288000 	C:\WINDOWS\SYSTEM32\DEVOBJ.dll
0x0000000076ad0000 - 0x0000000076adf000 	C:\Program Files\Java\jre1.8.0_25\bin\verify.dll
0x0000000076aa0000 - 0x0000000076ac8000 	C:\Program Files\Java\jre1.8.0_25\bin\java.dll
0x0000000076a80000 - 0x0000000076a96000 	C:\Program Files\Java\jre1.8.0_25\bin\zip.dll
0x0000000075db0000 - 0x0000000075f48000 	C:\Program Files\Java\jre1.8.0_25\bin\awt.dll
0x00007ff98c0f0000 - 0x00007ff98c1b1000 	C:\WINDOWS\system32\OLEAUT32.dll
0x00007ff987610000 - 0x00007ff987631000 	C:\WINDOWS\system32\DWMAPI.DLL
0x00007ff988130000 - 0x00007ff988259000 	C:\WINDOWS\system32\uxtheme.dll
0x00007ff9882b0000 - 0x00007ff9882bb000 	C:\WINDOWS\SYSTEM32\kernel.appcore.dll
0x00007ff989340000 - 0x00007ff98934b000 	C:\WINDOWS\SYSTEM32\CRYPTBASE.dll
0x00007ff9892d0000 - 0x00007ff989333000 	C:\WINDOWS\SYSTEM32\bcryptPrimitives.dll
0x00007ff97e8c0000 - 0x00007ff97eae1000 	C:\WINDOWS\system32\d3d9.dll
0x00007ff987180000 - 0x00007ff98718a000 	C:\WINDOWS\SYSTEM32\VERSION.dll
0x00007ff986970000 - 0x00007ff986abb000 	C:\WINDOWS\SYSTEM32\aticfx64.dll
0x00007ff965270000 - 0x00007ff965291000 	C:\WINDOWS\SYSTEM32\atiu9p64.dll
0x00007ff964a80000 - 0x00007ff965265000 	C:\WINDOWS\SYSTEM32\atiumd64.dll
0x0000000076110000 - 0x00000000768c7000 	C:\WINDOWS\SYSTEM32\atiumd6a.dll
0x00000000769f0000 - 0x0000000076a37000 	C:\Program Files\Java\jre1.8.0_25\bin\fontmanager.dll
0x00007ff988ce0000 - 0x00007ff988d00000 	C:\WINDOWS\SYSTEM32\CRYPTSP.dll
0x00007ff988900000 - 0x00007ff988936000 	C:\WINDOWS\system32\rsaenh.dll
0x00007ff988f90000 - 0x00007ff988fb6000 	C:\WINDOWS\SYSTEM32\bcrypt.dll
0x0000000076a60000 - 0x0000000076a7a000 	C:\Program Files\Java\jre1.8.0_25\bin\net.dll
0x00007ff988c80000 - 0x00007ff988cd9000 	C:\WINDOWS\system32\mswsock.dll
0x00007ff9860b0000 - 0x00007ff9860da000 	C:\WINDOWS\SYSTEM32\IPHLPAPI.DLL
0x00007ff986050000 - 0x00007ff98605a000 	C:\WINDOWS\SYSTEM32\WINNSI.DLL
0x00007ff9841e0000 - 0x00007ff9841f6000 	C:\WINDOWS\SYSTEM32\dhcpcsvc6.DLL
0x00007ff984380000 - 0x00007ff98439a000 	C:\WINDOWS\SYSTEM32\dhcpcsvc.DLL
0x0000000076a40000 - 0x0000000076a51000 	C:\Program Files\Java\jre1.8.0_25\bin\nio.dll
0x00000000637c0000 - 0x00000000637cd000 	S:\Users\Ben\AppData\Local\Temp\jogamp_0000\file_cache\jln7804436208343158794\jln8398722407549612758\gluegen-rt.dll
0x00000000769e0000 - 0x00000000769e7000 	C:\Program Files\Java\jre1.8.0_25\bin\jawt.dll
0x000000006a440000 - 0x000000006a44d000 	S:\Users\Ben\AppData\Local\Temp\jogamp_0000\file_cache\jln7804436208343158794\jln8398722407549612758\nativewindow_awt.dll
0x000000006c100000 - 0x000000006c10f000 	S:\Users\Ben\AppData\Local\Temp\jogamp_0000\file_cache\jln7804436208343158794\jln8398722407549612758\nativewindow_win32.dll
0x00007ff960620000 - 0x00007ff96074b000 	C:\WINDOWS\SYSTEM32\OpenGL32.dll
0x00007ff97d7c0000 - 0x00007ff97d7ee000 	C:\WINDOWS\SYSTEM32\GLU32.dll
0x00007ff966bf0000 - 0x00007ff966ce8000 	C:\WINDOWS\SYSTEM32\DDRAW.dll
0x00007ff980290000 - 0x00007ff980299000 	C:\WINDOWS\SYSTEM32\DCIMAN32.dll
0x0000000064500000 - 0x00000000645a2000 	S:\Users\Ben\AppData\Local\Temp\jogamp_0000\file_cache\jln7804436208343158794\jln8398722407549612758\jogl_desktop.dll
0x00007ff97d720000 - 0x00007ff97d738000 	C:\WINDOWS\SYSTEM32\atig6pxx.dll
0x0000000074200000 - 0x0000000075daf000 	C:\WINDOWS\SYSTEM32\atio6axx.dll
0x00007ff98bcf0000 - 0x00007ff98beca000 	C:\WINDOWS\system32\SETUPAPI.dll
0x00007ff986120000 - 0x00007ff986257000 	C:\WINDOWS\SYSTEM32\atiadlxx.dll
0x00007ff986710000 - 0x00007ff98688f000 	C:\WINDOWS\SYSTEM32\PROPSYS.dll
0x00007ff988080000 - 0x00007ff988092000 	C:\WINDOWS\SYSTEM32\WTSAPI32.dll
0x00007ff9898f0000 - 0x00007ff989941000 	C:\WINDOWS\system32\WINTRUST.dll
0x00007ff989540000 - 0x00007ff98971f000 	C:\WINDOWS\system32\CRYPT32.dll
0x00007ff989520000 - 0x00007ff989531000 	C:\WINDOWS\system32\MSASN1.dll
0x00007ff973720000 - 0x00007ff973749000 	C:\WINDOWS\SYSTEM32\atig6txx.dll
0x00007ff95c1a0000 - 0x00007ff95c33c000 	O:\OneDrive\Workspace\ZZavatar\lib\user\KinectPV2\Kinect20.Face.dll
0x00007ff97c900000 - 0x00007ff97c9a7000 	C:\WINDOWS\SYSTEM32\MSVCP110.dll
0x00007ff981bc0000 - 0x00007ff981c8e000 	C:\WINDOWS\SYSTEM32\MSVCR110.dll
0x00007ff980280000 - 0x00007ff980290000 	O:\OneDrive\Workspace\ZZavatar\lib\user\KinectPV2\KinectPV2.dll
0x00007ff960560000 - 0x00007ff96061a000 	C:\WINDOWS\SYSTEM32\Kinect20.dll
0x00007ff97ca30000 - 0x00007ff97cb1b000 	C:\WINDOWS\SYSTEM32\MFPlat.DLL
0x00007ff97c8a0000 - 0x00007ff97c8c7000 	C:\WINDOWS\SYSTEM32\RTWorkQ.DLL
0x00007ff987050000 - 0x00007ff98705c000 	C:\WINDOWS\SYSTEM32\AVRT.dll
0x00007ff963e10000 - 0x00007ff963f9a000 	C:\WINDOWS\SYSTEM32\dbghelp.dll

VM Arguments:
jvm_args: -Djava.library.path=O:\OneDrive\Workspace\ZZavatar\lib\base\video;O:\OneDrive\Workspace\ZZavatar\lib\base\video;O:\OneDrive\Workspace\ZZavatar\lib\base\video;O:\OneDrive\Workspace\ZZavatar\lib\base\core;O:\OneDrive\Workspace\ZZavatar\lib\base\core;O:\OneDrive\Workspace\ZZavatar\lib\base\core;O:\OneDrive\Workspace\ZZavatar\lib\base\core;O:\OneDrive\Workspace\ZZavatar\lib\base\core;O:\OneDrive\Workspace\ZZavatar\lib\base\core;O:\OneDrive\Workspace\ZZavatar\lib\base\core;O:\OneDrive\Workspace\ZZavatar\lib\base\core;O:\OneDrive\Workspace\ZZavatar\lib\base\core;O:\OneDrive\Workspace\ZZavatar\lib\base\core;O:\OneDrive\Workspace\ZZavatar\lib\base\core;O:\OneDrive\Workspace\ZZavatar\lib\base\core;O:\OneDrive\Workspace\ZZavatar\lib\base\core;O:\OneDrive\Workspace\ZZavatar\lib\base\core;O:\OneDrive\Workspace\ZZavatar\lib\base\core;O:\OneDrive\Workspace\ZZavatar\lib\user\Kinect4WinSDK;O:\OneDrive\Workspace\ZZavatar\lib\user\KinectPV2;O:\OneDrive\Workspace\ZZavatar\lib\user\SimpleOpenNI -Dfile.encoding=Cp1252 
java_command: zzavatar.ZZavatar
java_class_path (initial): O:\OneDrive\Workspace\ZZavatar\lib\base\video\gstreamer-java.jar;O:\OneDrive\Workspace\ZZavatar\lib\base\video\jna.jar;O:\OneDrive\Workspace\ZZavatar\lib\base\video\video.jar;O:\OneDrive\Workspace\ZZavatar\lib\base\core\core.jar;O:\OneDrive\Workspace\ZZavatar\lib\base\core\gluegen-rt-natives-linux-amd64.jar;O:\OneDrive\Workspace\ZZavatar\lib\base\core\gluegen-rt-natives-linux-armv6hf.jar;O:\OneDrive\Workspace\ZZavatar\lib\base\core\gluegen-rt-natives-linux-i586.jar;O:\OneDrive\Workspace\ZZavatar\lib\base\core\gluegen-rt-natives-macosx-universal.jar;O:\OneDrive\Workspace\ZZavatar\lib\base\core\gluegen-rt-natives-windows-amd64.jar;O:\OneDrive\Workspace\ZZavatar\lib\base\core\gluegen-rt-natives-windows-i586.jar;O:\OneDrive\Workspace\ZZavatar\lib\base\core\gluegen-rt.jar;O:\OneDrive\Workspace\ZZavatar\lib\base\core\jogl-all-natives-linux-amd64.jar;O:\OneDrive\Workspace\ZZavatar\lib\base\core\jogl-all-natives-linux-armv6hf.jar;O:\OneDrive\Workspace\ZZavatar\lib\base\core\jogl-all-natives-linux-i586.jar;O:\OneDrive\Workspace\ZZavatar\lib\base\core\jogl-all-natives-macosx-universal.jar;O:\OneDrive\Workspace\ZZavatar\lib\base\core\jogl-all-natives-windows-amd64.jar;O:\OneDrive\Workspace\ZZavatar\lib\base\core\jogl-all-natives-windows-i586.jar;O:\OneDrive\Workspace\ZZavatar\lib\base\core\jogl-all.jar;O:\OneDrive\Workspace\ZZavatar\lib\user\Kinect4WinSDK\Kinect4WinSDK.jar;O:\OneDrive\Workspace\ZZavatar\lib\user\KinectPV2\KinectPV2.jar;O:\OneDrive\Workspace\ZZavatar\lib\user\SimpleOpenNI\SimpleOpenNI.jar;O:\OneDrive\Workspace\ZZavatar\bin
Launcher Type: SUN_STANDARD

Environment Variables:
JAVA_HOME=C:\Program Files\Java\jdk1.8.0_25
PATH=C:/Program Files/Java/jre1.8.0_25/bin/server;C:/Program Files/Java/jre1.8.0_25/bin;C:/Program Files/Java/jre1.8.0_25/lib/amd64;C:\Program Files (x86)\NVIDIA Corporation\PhysX\Common;C:\ProgramData\Oracle\Java\javapath;C:\Program Files (x86)\Common Files\Intel\Shared Libraries\redist\intel64\compiler;C:\Program Files (x86)\Common Files\Intel\Shared Libraries\redist\ia32\compiler;C:\Program Files (x86)\Intel\iCLS Client\;C:\Program Files\Intel\iCLS Client\;C:\Program Files (x86)\AMD APP\bin\x86_64;C:\Program Files (x86)\AMD APP\bin\x86;C:\WINDOWS\system32;C:\WINDOWS;C:\WINDOWS\System32\Wbem;C:\WINDOWS\System32\WindowsPowerShell\v1.0\;C:\Program Files (x86)\ATI Technologies\ATI.ACE\Core-Static;C:\Program Files\Intel\Intel(R) Management Engine Components\DAL;C:\Program Files\Intel\Intel(R) Management Engine Components\IPT;C:\Program Files (x86)\Intel\Intel(R) Management Engine Components\DAL;C:\Program Files (x86)\Intel\Intel(R) Management Engine Components\IPT;C:\Program Files\Sony\VAIO Improvement\;C:\Program Files (x86)\Sony\VAIO Startup Setting Tool;C:\Program Files (x86)\Windows Kits\8.1\Windows Performance Toolkit\;C:\Program Files\Microsoft SQL Server\110\Tools\Binn\;C:\Program Files (x86)\Microsoft SDKs\TypeScript\1.0\;C:\Program Files\Microsoft\Web Platform Installer\;C:\Program Files (x86)\Java\jre1.8.0_25\bin;P:\Programs\Python27\Scripts;P:\Programs\Python27;C:\Program Files\Common Files\Autodesk Shared\;P:\Program Files\Programs;P:\Program Files\Games;P:\Programs\Eclipse;
USERNAME=Benoît
OS=Windows_NT
PROCESSOR_IDENTIFIER=Intel64 Family 6 Model 58 Stepping 9, GenuineIntel



---------------  S Y S T E M  ---------------

OS: Windows 8.1 , 64 bit Build 9600 

CPU:total 8 (4 cores per cpu, 2 threads per core) family 6 model 58 stepping 9, cmov, cx8, fxsr, mmx, sse, sse2, sse3, ssse3, sse4.1, sse4.2, popcnt, avx, aes, clmul, erms, ht, tsc, tscinvbit, tscinv

Memory: 4k page, physical 6237468k(1719740k free), swap 10431772k(4550000k free)

vm_info: Java HotSpot(TM) 64-Bit Server VM (25.25-b02) for windows-amd64 JRE (1.8.0_25-b18), built on Oct  7 2014 14:25:37 by "java_re" with MS VC++ 10.0 (VS2010)

time: Fri Apr 24 12:39:26 2015
elapsed time: 8 seconds (0d 0h 0m 8s)

