#
# A fatal error has been detected by the Java Runtime Environment:
#
#  EXCEPTION_ACCESS_VIOLATION (0xc0000005) at pc=0x00007ff96057464a, pid=8912, tid=5184
#
# JRE version: Java(TM) SE Runtime Environment (8.0_25-b18) (build 1.8.0_25-b18)
# Java VM: Java HotSpot(TM) 64-Bit Server VM (25.25-b02 mixed mode windows-amd64 compressed oops)
# Problematic frame:
# C  [Kinect20.dll+0x1464a]
#
# Failed to write core dump. Minidumps are not enabled by default on client versions of Windows
#
# If you would like to submit a bug report, please visit:
#   http://bugreport.sun.com/bugreport/crash.jsp
# The crash happened outside the Java Virtual Machine in native code.
# See problematic frame for where to report the bug.
#

---------------  T H R E A D  ---------------

Current thread (0x0000000019f73000):  JavaThread "Thread-4" [_thread_in_native, id=5184, stack(0x000000002e810000,0x000000002e910000)]

siginfo: ExceptionCode=0xc0000005, writing address 0x0000000025905040

Registers:
RAX=0x00000000007e9000, RBX=0x00000000003f4800, RCX=0x000000002f000010, RDX=0x000000000000e480
RSP=0x000000002e90ea60, RBP=0x000000002e90ea80, RSI=0x000000002ecf0000, RDI=0x00000000252e5040
R8 =0x0000000025905060, R9 =0x00000000007e9000, R10=0x000000001f8f01f0, R11=0x000000002e90eb58
R12=0x00000000007e9000, R13=0x0000000020b4e0f8, R14=0x000000002ecf0000, R15=0x00000000003f4800
RIP=0x00007ff96057464a, EFLAGS=0x0000000000010202

Top of Stack: (sp=0x000000002e90ea60)
0x000000002e90ea60:   0000000020b4e150 000000002e90eaf8
0x000000002e90ea70:   000000002e90eb10 000001b3003f4800
0x000000002e90ea80:   0000000000000000 0000000000000000
0x000000002e90ea90:   0000000000000000 0000000000000000
0x000000002e90eaa0:   0000000000000000 0000000000000000
0x000000002e90eab0:   0000000000000000 0000000000000000
0x000000002e90eac0:   0000000000000000 0000000000000000
0x000000002e90ead0:   0000000000000000 0000000000000000
0x000000002e90eae0:   0000000000000000 0000000000000000
0x000000002e90eaf0:   0000000000000000 0000000000000000
0x000000002e90eb00:   0000000000000000 0000000000000000
0x000000002e90eb10:   0000000000000000 0000000000000000
0x000000002e90eb20:   00000000007e9000 00007ff96056365f
0x000000002e90eb30:   fffffffffffffffe 0000cb5aa8c71810
0x000000002e90eb40:   0000000000000003 00000000252e5040
0x000000002e90eb50:   0000000000000000 00007ff960597bd2 

Instructions: (pc=0x00007ff96057464a)
0x00007ff96057462a:   ca c5 7c 28 1d 6d fb 05 00 c4 e2 41 2b c0 4d 8d
0x00007ff96057463a:   40 20 c5 f1 67 d0 48 8d 49 10 c4 e3 6d 18 db 01
0x00007ff96057464a:   c4 c1 7e 7f 58 e0 ff ca 0f 85 28 fe ff ff c5 f8
0x00007ff96057465a:   77 4c 8d 9c 24 c0 00 00 00 c4 c1 78 28 73 f0 c4 


Register to memory mapping:

RAX=0x00000000007e9000 is an unknown value
RBX=0x00000000003f4800 is an unknown value
RCX=0x000000002f000010 is an unknown value
RDX=0x000000000000e480 is an unknown value
RSP=0x000000002e90ea60 is pointing into the stack for thread: 0x0000000019f73000
RBP=0x000000002e90ea80 is pointing into the stack for thread: 0x0000000019f73000
RSI=0x000000002ecf0000 is an unknown value
RDI=0x00000000252e5040 is an unknown value
R8 =0x0000000025905060 is an unknown value
R9 =0x00000000007e9000 is an unknown value
R10=0x000000001f8f01f0 is an unknown value
R11=0x000000002e90eb58 is pointing into the stack for thread: 0x0000000019f73000
R12=0x00000000007e9000 is an unknown value
R13=0x0000000020b4e0f8 is an unknown value
R14=0x000000002ecf0000 is an unknown value
R15=0x00000000003f4800 is an unknown value


Stack: [0x000000002e810000,0x000000002e910000],  sp=0x000000002e90ea60,  free space=1018k
Native frames: (J=compiled Java code, j=interpreted, Vv=VM code, C=native code)
C  [Kinect20.dll+0x1464a]
C  [Kinect20.dll+0x365f]
C  [Kinect20.dll+0x37bd2]
C  [KinectPV2.dll+0x42cb]
C  [KinectPV2.dll+0x16a2]
C  0x0000000002e587f9

Java frames: (J=compiled Java code, j=interpreted, Vv=VM code)
J 1098  KinectPV2.Device.jniUpdate()Z (0 bytes) @ 0x0000000002e5877b [0x0000000002e58740+0x3b]
J 1032 C1 KinectPV2.Device.updateDevice()Z (7 bytes) @ 0x0000000002df813c [0x0000000002df80c0+0x7c]
j  KinectPV2.Device.run()V+4
j  java.lang.Thread.run()V+11
v  ~StubRoutines::call_stub

---------------  P R O C E S S  ---------------

Java Threads: ( => current thread )
  0x0000000019c82000 JavaThread "Thread-0" daemon [_thread_in_native, id=6364, stack(0x000000001c320000,0x000000001c420000)]
=>0x0000000019f73000 JavaThread "Thread-4" [_thread_in_native, id=5184, stack(0x000000002e810000,0x000000002e910000)]
  0x000000000271e800 JavaThread "DestroyJavaVM" [_thread_blocked, id=6124, stack(0x00000000027f0000,0x00000000028f0000)]
  0x00000000199ba800 JavaThread "Animation Thread" [_thread_blocked, id=5768, stack(0x000000001cb10000,0x000000001cc10000)]
  0x00000000199a5800 JavaThread "AWT-EventQueue-0" [_thread_blocked, id=3008, stack(0x000000001c910000,0x000000001ca10000)]
  0x0000000018b4d800 JavaThread "AWT-Windows" daemon [_thread_in_native, id=7884, stack(0x000000001a270000,0x000000001a370000)]
  0x0000000018b4c800 JavaThread "AWT-Shutdown" [_thread_blocked, id=1632, stack(0x000000001a170000,0x000000001a270000)]
  0x0000000019963000 JavaThread "Java2D Disposer" daemon [_thread_blocked, id=8864, stack(0x000000001a070000,0x000000001a170000)]
  0x0000000018802000 JavaThread "Service Thread" daemon [_thread_blocked, id=8384, stack(0x0000000019150000,0x0000000019250000)]
  0x0000000018787800 JavaThread "C1 CompilerThread3" daemon [_thread_blocked, id=8968, stack(0x0000000019050000,0x0000000019150000)]
  0x0000000018786800 JavaThread "C2 CompilerThread2" daemon [_thread_blocked, id=2816, stack(0x0000000018f50000,0x0000000019050000)]
  0x0000000018780800 JavaThread "C2 CompilerThread1" daemon [_thread_blocked, id=3272, stack(0x0000000018e50000,0x0000000018f50000)]
  0x0000000018779800 JavaThread "C2 CompilerThread0" daemon [_thread_blocked, id=1568, stack(0x0000000018d50000,0x0000000018e50000)]
  0x0000000018777000 JavaThread "Attach Listener" daemon [_thread_blocked, id=7088, stack(0x0000000018c50000,0x0000000018d50000)]
  0x0000000018776000 JavaThread "Signal Dispatcher" daemon [_thread_blocked, id=4844, stack(0x0000000018b50000,0x0000000018c50000)]
  0x00000000029e8800 JavaThread "Finalizer" daemon [_thread_blocked, id=7772, stack(0x0000000018650000,0x0000000018750000)]
  0x000000001673c800 JavaThread "Reference Handler" daemon [_thread_blocked, id=4072, stack(0x0000000018550000,0x0000000018650000)]

Other Threads:
  0x0000000016738800 VMThread [stack: 0x0000000018450000,0x0000000018550000] [id=8132]
  0x0000000018804000 WatcherThread [stack: 0x0000000019250000,0x0000000019350000] [id=7444]

VM state:not at safepoint (normal execution)

VM Mutex/Monitor currently owned by a thread: None

Heap:
 PSYoungGen      total 408064K, used 36159K [0x00000000e0400000, 0x0000000100000000, 0x0000000100000000)
  eden space 407552K, 8% used [0x00000000e0400000,0x00000000e2727e48,0x00000000f9200000)
  from space 512K, 31% used [0x00000000f9200000,0x00000000f9228000,0x00000000f9280000)
  to   space 57856K, 0% used [0x00000000fc780000,0x00000000fc780000,0x0000000100000000)
 ParOldGen       total 210432K, used 155868K [0x00000000a0c00000, 0x00000000ad980000, 0x00000000e0400000)
  object space 210432K, 74% used [0x00000000a0c00000,0x00000000aa4370e0,0x00000000ad980000)
 Metaspace       used 17976K, capacity 18217K, committed 18560K, reserved 1067008K
  class space    used 1737K, capacity 1793K, committed 1920K, reserved 1048576K

Card table byte_map: [0x0000000011db0000,0x00000000120b0000] byte_map_base: 0x00000000118aa000

Marking Bits: (ParMarkBitMap*) 0x00000000772bd490
 Begin Bits: [0x0000000012ab0000, 0x0000000014280000)
 End Bits:   [0x0000000014280000, 0x0000000015a50000)

Polling page: 0x00000000010f0000

CodeCache: size=245760Kb used=8260Kb max_used=8276Kb free=237499Kb
 bounds [0x00000000029f0000, 0x0000000003210000, 0x00000000119f0000]
 total_blobs=3086 nmethods=2213 adapters=786
 compilation: enabled

Compilation events (10 events):
Event: 16.490 Thread 0x0000000018787800 2212       3       processing.core.PMatrix3D::determinant (388 bytes)
Event: 16.491 Thread 0x0000000018787800 nmethod 2212 0x0000000003207850 code [0x00000000032079a0, 0x0000000003207d10]
Event: 16.501 Thread 0x0000000018779800 2213       4       java.util.concurrent.locks.ReentrantLock$Sync::tryRelease (45 bytes)
Event: 16.501 Thread 0x0000000018786800 2214       4       java.nio.Buffer::limit (62 bytes)
Event: 16.502 Thread 0x0000000018780800 2215       4       processing.opengl.PGraphicsOpenGL::lightFalloff (16 bytes)
Event: 16.502 Thread 0x0000000018779800 nmethod 2213 0x00000000031f3450 code [0x00000000031f3580, 0x00000000031f3638]
Event: 16.502 Thread 0x0000000018786800 nmethod 2214 0x0000000003104bd0 code [0x0000000003104d00, 0x0000000003104d98]
Event: 16.502 Thread 0x0000000018780800 nmethod 2215 0x000000000302cd50 code [0x000000000302ce80, 0x000000000302cef8]
Event: 16.917 Thread 0x0000000018779800 2216       4       java.nio.DirectIntBufferU::put (18 bytes)
Event: 16.918 Thread 0x0000000018779800 nmethod 2216 0x00000000031f79d0 code [0x00000000031f7b00, 0x00000000031f7b98]

GC Heap History (10 events):
Event: 11.392 GC heap before
{Heap before GC invocations=23 (full 2):
 PSYoungGen      total 446976K, used 434353K [0x00000000e0400000, 0x00000000fed00000, 0x0000000100000000)
  eden space 398848K, 98% used [0x00000000e0400000,0x00000000f81cbe80,0x00000000f8980000)
  from space 48128K, 90% used [0x00000000fba80000,0x00000000fe4e07a0,0x00000000fe980000)
  to   space 50176K, 0% used [0x00000000f8980000,0x00000000f8980000,0x00000000fba80000)
 ParOldGen       total 210432K, used 120465K [0x00000000a0c00000, 0x00000000ad980000, 0x00000000e0400000)
  object space 210432K, 57% used [0x00000000a0c00000,0x00000000a81a4480,0x00000000ad980000)
 Metaspace       used 17766K, capacity 17961K, committed 18304K, reserved 1064960K
  class space    used 1723K, capacity 1793K, committed 1920K, reserved 1048576K
Event: 11.402 GC heap after
Heap after GC invocations=23 (full 2):
 PSYoungGen      total 449024K, used 15037K [0x00000000e0400000, 0x0000000100000000, 0x0000000100000000)
  eden space 398848K, 0% used [0x00000000e0400000,0x00000000e0400000,0x00000000f8980000)
  from space 50176K, 29% used [0x00000000f8980000,0x00000000f982f750,0x00000000fba80000)
  to   space 52224K, 0% used [0x00000000fcd00000,0x00000000fcd00000,0x0000000100000000)
 ParOldGen       total 210432K, used 140894K [0x00000000a0c00000, 0x00000000ad980000, 0x00000000e0400000)
  object space 210432K, 66% used [0x00000000a0c00000,0x00000000a95979c0,0x00000000ad980000)
 Metaspace       used 17766K, capacity 17961K, committed 18304K, reserved 1064960K
  class space    used 1723K, capacity 1793K, committed 1920K, reserved 1048576K
}
Event: 12.725 GC heap before
{Heap before GC invocations=24 (full 2):
 PSYoungGen      total 449024K, used 410631K [0x00000000e0400000, 0x0000000100000000, 0x0000000100000000)
  eden space 398848K, 99% used [0x00000000e0400000,0x00000000f86525b0,0x00000000f8980000)
  from space 50176K, 29% used [0x00000000f8980000,0x00000000f982f750,0x00000000fba80000)
  to   space 52224K, 0% used [0x00000000fcd00000,0x00000000fcd00000,0x0000000100000000)
 ParOldGen       total 210432K, used 140894K [0x00000000a0c00000, 0x00000000ad980000, 0x00000000e0400000)
  object space 210432K, 66% used [0x00000000a0c00000,0x00000000a95979c0,0x00000000ad980000)
 Metaspace       used 17844K, capacity 18089K, committed 18304K, reserved 1064960K
  class space    used 1723K, capacity 1793K, committed 1920K, reserved 1048576K
Event: 12.729 GC heap after
Heap after GC invocations=24 (full 2):
 PSYoungGen      total 464896K, used 10189K [0x00000000e0400000, 0x0000000100000000, 0x0000000100000000)
  eden space 412672K, 0% used [0x00000000e0400000,0x00000000e0400000,0x00000000f9700000)
  from space 52224K, 19% used [0x00000000fcd00000,0x00000000fd6f3750,0x0000000100000000)
  to   space 53760K, 0% used [0x00000000f9700000,0x00000000f9700000,0x00000000fcb80000)
 ParOldGen       total 210432K, used 145774K [0x00000000a0c00000, 0x00000000ad980000, 0x00000000e0400000)
  object space 210432K, 69% used [0x00000000a0c00000,0x00000000a9a5b9d0,0x00000000ad980000)
 Metaspace       used 17844K, capacity 18089K, committed 18304K, reserved 1064960K
  class space    used 1723K, capacity 1793K, committed 1920K, reserved 1048576K
}
Event: 14.094 GC heap before
{Heap before GC invocations=25 (full 2):
 PSYoungGen      total 464896K, used 422590K [0x00000000e0400000, 0x0000000100000000, 0x0000000100000000)
  eden space 412672K, 99% used [0x00000000e0400000,0x00000000f96bc1f8,0x00000000f9700000)
  from space 52224K, 19% used [0x00000000fcd00000,0x00000000fd6f3750,0x0000000100000000)
  to   space 53760K, 0% used [0x00000000f9700000,0x00000000f9700000,0x00000000fcb80000)
 ParOldGen       total 210432K, used 145774K [0x00000000a0c00000, 0x00000000ad980000, 0x00000000e0400000)
  object space 210432K, 69% used [0x00000000a0c00000,0x00000000a9a5b9d0,0x00000000ad980000)
 Metaspace       used 17848K, capacity 18089K, committed 18304K, reserved 1064960K
  class space    used 1723K, capacity 1793K, committed 1920K, reserved 1048576K
Event: 14.099 GC heap after
Heap after GC invocations=25 (full 2):
 PSYoungGen      total 466432K, used 17240K [0x00000000e0400000, 0x0000000100000000, 0x0000000100000000)
  eden space 412672K, 0% used [0x00000000e0400000,0x00000000e0400000,0x00000000f9700000)
  from space 53760K, 32% used [0x00000000f9700000,0x00000000fa7d6030,0x00000000fcb80000)
  to   space 53760K, 0% used [0x00000000fcb80000,0x00000000fcb80000,0x0000000100000000)
 ParOldGen       total 210432K, used 146856K [0x00000000a0c00000, 0x00000000ad980000, 0x00000000e0400000)
  object space 210432K, 69% used [0x00000000a0c00000,0x00000000a9b6a0c0,0x00000000ad980000)
 Metaspace       used 17848K, capacity 18089K, committed 18304K, reserved 1064960K
  class space    used 1723K, capacity 1793K, committed 1920K, reserved 1048576K
}
Event: 15.491 GC heap before
{Heap before GC invocations=26 (full 2):
 PSYoungGen      total 466432K, used 422823K [0x00000000e0400000, 0x0000000100000000, 0x0000000100000000)
  eden space 412672K, 98% used [0x00000000e0400000,0x00000000f9013db8,0x00000000f9700000)
  from space 53760K, 32% used [0x00000000f9700000,0x00000000fa7d6030,0x00000000fcb80000)
  to   space 53760K, 0% used [0x00000000fcb80000,0x00000000fcb80000,0x0000000100000000)
 ParOldGen       total 210432K, used 146856K [0x00000000a0c00000, 0x00000000ad980000, 0x00000000e0400000)
  object space 210432K, 69% used [0x00000000a0c00000,0x00000000a9b6a0c0,0x00000000ad980000)
 Metaspace       used 17907K, capacity 18153K, committed 18304K, reserved 1064960K
  class space    used 1723K, capacity 1793K, committed 1920K, reserved 1048576K
Event: 15.495 GC heap after
Heap after GC invocations=26 (full 2):
 PSYoungGen      total 461312K, used 192K [0x00000000e0400000, 0x0000000100000000, 0x0000000100000000)
  eden space 407552K, 0% used [0x00000000e0400000,0x00000000e0400000,0x00000000f9200000)
  from space 53760K, 0% used [0x00000000fcb80000,0x00000000fcbb0000,0x0000000100000000)
  to   space 56320K, 0% used [0x00000000f9200000,0x00000000f9200000,0x00000000fc900000)
 ParOldGen       total 210432K, used 155836K [0x00000000a0c00000, 0x00000000ad980000, 0x00000000e0400000)
  object space 210432K, 74% used [0x00000000a0c00000,0x00000000aa42f0e0,0x00000000ad980000)
 Metaspace       used 17907K, capacity 18153K, committed 18304K, reserved 1064960K
  class space    used 1723K, capacity 1793K, committed 1920K, reserved 1048576K
}
Event: 16.858 GC heap before
{Heap before GC invocations=27 (full 2):
 PSYoungGen      total 461312K, used 403166K [0x00000000e0400000, 0x0000000100000000, 0x0000000100000000)
  eden space 407552K, 98% used [0x00000000e0400000,0x00000000f8d87bc8,0x00000000f9200000)
  from space 53760K, 0% used [0x00000000fcb80000,0x00000000fcbb0000,0x0000000100000000)
  to   space 56320K, 0% used [0x00000000f9200000,0x00000000f9200000,0x00000000fc900000)
 ParOldGen       total 210432K, used 155836K [0x00000000a0c00000, 0x00000000ad980000, 0x00000000e0400000)
  object space 210432K, 74% used [0x00000000a0c00000,0x00000000aa42f0e0,0x00000000ad980000)
 Metaspace       used 17924K, capacity 18153K, committed 18304K, reserved 1064960K
  class space    used 1723K, capacity 1793K, committed 1920K, reserved 1048576K
Event: 16.859 GC heap after
Heap after GC invocations=27 (full 2):
 PSYoungGen      total 408064K, used 160K [0x00000000e0400000, 0x0000000100000000, 0x0000000100000000)
  eden space 407552K, 0% used [0x00000000e0400000,0x00000000e0400000,0x00000000f9200000)
  from space 512K, 31% used [0x00000000f9200000,0x00000000f9228000,0x00000000f9280000)
  to   space 57856K, 0% used [0x00000000fc780000,0x00000000fc780000,0x0000000100000000)
 ParOldGen       total 210432K, used 155868K [0x00000000a0c00000, 0x00000000ad980000, 0x00000000e0400000)
  object space 210432K, 74% used [0x00000000a0c00000,0x00000000aa4370e0,0x00000000ad980000)
 Metaspace       used 17924K, capacity 18153K, committed 18304K, reserved 1064960K
  class space    used 1723K, capacity 1793K, committed 1920K, reserved 1048576K
}

Deoptimization events (10 events):
Event: 2.747 Thread 0x00000000199a5800 Uncommon trap: reason=class_check action=maybe_recompile pc=0x0000000002d02740 method=com.jogamp.common.nio.Buffers.isDirect(Ljava/lang/Object;)Z @ 13
Event: 2.747 Thread 0x00000000199a5800 Uncommon trap: reason=class_check action=maybe_recompile pc=0x0000000002cffd04 method=com.jogamp.common.nio.Buffers.getDirectBufferByteOffset(Ljava/lang/Object;)I @ 7
Event: 2.747 Thread 0x00000000199a5800 Uncommon trap: reason=class_check action=maybe_recompile pc=0x0000000002d02740 method=com.jogamp.common.nio.Buffers.isDirect(Ljava/lang/Object;)Z @ 13
Event: 2.747 Thread 0x00000000199a5800 Uncommon trap: reason=class_check action=maybe_recompile pc=0x0000000002cffd04 method=com.jogamp.common.nio.Buffers.getDirectBufferByteOffset(Ljava/lang/Object;)I @ 7
Event: 2.748 Thread 0x00000000199a5800 Uncommon trap: reason=predicate action=maybe_recompile pc=0x0000000002dea8c4 method=java.util.ArrayList.indexOf(Ljava/lang/Object;)I @ 44
Event: 2.769 Thread 0x00000000199a5800 Uncommon trap: reason=class_check action=maybe_recompile pc=0x0000000002d02740 method=com.jogamp.common.nio.Buffers.isDirect(Ljava/lang/Object;)Z @ 13
Event: 2.769 Thread 0x00000000199a5800 Uncommon trap: reason=class_check action=maybe_recompile pc=0x0000000002cffd04 method=com.jogamp.common.nio.Buffers.getDirectBufferByteOffset(Ljava/lang/Object;)I @ 7
Event: 3.319 Thread 0x00000000199a5800 Uncommon trap: reason=unreached action=reinterpret pc=0x0000000002df5b00 method=processing.opengl.PGraphicsOpenGL$InGeometry.addVertex(FFFIFFFFFIFIIIFIZ)I @ 218
Event: 3.618 Thread 0x00000000199a5800 Uncommon trap: reason=unreached action=reinterpret pc=0x0000000002cb5ab0 method=java.lang.reflect.AccessibleObject.setAccessible0(Ljava/lang/reflect/AccessibleObject;Z)V @ 4
Event: 16.917 Thread 0x00000000199ba800 Uncommon trap: reason=unreached action=reinterpret pc=0x00000000030f6fb0 method=java.util.HashMap.keySet()Ljava/util/Set; @ 6

Internal exceptions (10 events):
Event: 3.145 Thread 0x00000000199a5800 Exception <a 'java/security/PrivilegedActionException'> (0x00000000e0c26740) thrown at [D:\re\workspace\8-2-build-windows-amd64-cygwin\jdk8u25\1677\hotspot\src\share\vm\prims\jvm.cpp, line 1312]
Event: 3.146 Thread 0x00000000199a5800 Exception <a 'java/security/PrivilegedActionException'> (0x00000000e0c2ab48) thrown at [D:\re\workspace\8-2-build-windows-amd64-cygwin\jdk8u25\1677\hotspot\src\share\vm\prims\jvm.cpp, line 1312]
Event: 3.146 Thread 0x00000000199a5800 Exception <a 'java/security/PrivilegedActionException'> (0x00000000e0c2ef30) thrown at [D:\re\workspace\8-2-build-windows-amd64-cygwin\jdk8u25\1677\hotspot\src\share\vm\prims\jvm.cpp, line 1312]
Event: 3.146 Thread 0x00000000199a5800 Exception <a 'java/security/PrivilegedActionException'> (0x00000000e0c32a88) thrown at [D:\re\workspace\8-2-build-windows-amd64-cygwin\jdk8u25\1677\hotspot\src\share\vm\prims\jvm.cpp, line 1312]
Event: 3.146 Thread 0x00000000199a5800 Exception <a 'java/security/PrivilegedActionException'> (0x00000000e0c37288) thrown at [D:\re\workspace\8-2-build-windows-amd64-cygwin\jdk8u25\1677\hotspot\src\share\vm\prims\jvm.cpp, line 1312]
Event: 3.147 Thread 0x00000000199a5800 Exception <a 'java/security/PrivilegedActionException'> (0x00000000e0c3a9c0) thrown at [D:\re\workspace\8-2-build-windows-amd64-cygwin\jdk8u25\1677\hotspot\src\share\vm\prims\jvm.cpp, line 1312]
Event: 3.147 Thread 0x00000000199a5800 Exception <a 'java/security/PrivilegedActionException'> (0x00000000e0c3e908) thrown at [D:\re\workspace\8-2-build-windows-amd64-cygwin\jdk8u25\1677\hotspot\src\share\vm\prims\jvm.cpp, line 1312]
Event: 3.148 Thread 0x00000000199a5800 Exception <a 'java/security/PrivilegedActionException'> (0x00000000e0c44818) thrown at [D:\re\workspace\8-2-build-windows-amd64-cygwin\jdk8u25\1677\hotspot\src\share\vm\prims\jvm.cpp, line 1312]
Event: 3.162 Thread 0x00000000199a5800 Exception <a 'java/security/PrivilegedActionException'> (0x00000000e0d1fe28) thrown at [D:\re\workspace\8-2-build-windows-amd64-cygwin\jdk8u25\1677\hotspot\src\share\vm\prims\jvm.cpp, line 1312]
Event: 16.917 Thread 0x00000000199ba800 Implicit null exception at 0x00000000030f6ce7 to 0x00000000030f6fa1

Events (10 events):
Event: 16.885 loading class javax/swing/KeyboardManager done
Event: 16.885 loading class javax/swing/Popup$HeavyWeightWindow
Event: 16.885 loading class sun/awt/ModalExclude
Event: 16.885 loading class sun/awt/ModalExclude done
Event: 16.885 loading class javax/swing/JWindow
Event: 16.885 loading class javax/swing/JWindow done
Event: 16.885 loading class javax/swing/Popup$HeavyWeightWindow done
Event: 16.917 Thread 0x00000000199ba800 Uncommon trap: trap_request=0xffffffad fr.pc=0x00000000030f6fb0
Event: 16.917 Thread 0x00000000199ba800 DEOPT PACKING pc=0x00000000030f6fb0 sp=0x000000001cc0f000
Event: 16.917 Thread 0x00000000199ba800 DEOPT UNPACKING pc=0x0000000002a3556a sp=0x000000001cc0ef58 mode 2


Dynamic libraries:
0x00007ff669010000 - 0x00007ff669044000 	C:\Program Files\Java\jre1.8.0_25\bin\javaw.exe
0x00007ff98c320000 - 0x00007ff98c4cc000 	C:\WINDOWS\SYSTEM32\ntdll.dll
0x00007ff989d20000 - 0x00007ff989e5e000 	C:\WINDOWS\system32\KERNEL32.DLL
0x00007ff9897d0000 - 0x00007ff9898e5000 	C:\WINDOWS\system32\KERNELBASE.dll
0x00007ff987ff0000 - 0x00007ff98807e000 	C:\WINDOWS\system32\apphelp.dll
0x00007ff973750000 - 0x00007ff9737a3000 	C:\WINDOWS\AppPatch\AppPatch64\AcGenral.DLL
0x00007ff98a220000 - 0x00007ff98a2ca000 	C:\WINDOWS\system32\msvcrt.dll
0x00007ff9892a0000 - 0x00007ff9892ce000 	C:\WINDOWS\SYSTEM32\SspiCli.dll
0x00007ff98b980000 - 0x00007ff98b9d4000 	C:\WINDOWS\system32\SHLWAPI.dll
0x00007ff989f00000 - 0x00007ff98a077000 	C:\WINDOWS\system32\USER32.dll
0x00007ff98bb50000 - 0x00007ff98bce4000 	C:\WINDOWS\system32\ole32.dll
0x00007ff98a390000 - 0x00007ff98b8a8000 	C:\WINDOWS\system32\SHELL32.dll
0x00007ff988a10000 - 0x00007ff988a31000 	C:\WINDOWS\SYSTEM32\USERENV.dll
0x00007ff989c10000 - 0x00007ff989cba000 	C:\WINDOWS\system32\ADVAPI32.dll
0x00007ff97c880000 - 0x00007ff97c89e000 	C:\WINDOWS\SYSTEM32\MPR.dll
0x00007ff98b9e0000 - 0x00007ff98bb21000 	C:\WINDOWS\system32\RPCRT4.dll
0x00007ff9899a0000 - 0x00007ff9899f9000 	C:\WINDOWS\SYSTEM32\sechost.dll
0x00007ff98bed0000 - 0x00007ff98c0e1000 	C:\WINDOWS\SYSTEM32\combase.dll
0x00007ff98a0c0000 - 0x00007ff98a211000 	C:\WINDOWS\system32\GDI32.dll
0x00007ff989470000 - 0x00007ff989485000 	C:\WINDOWS\SYSTEM32\profapi.dll
0x00007ff987810000 - 0x00007ff9878c2000 	C:\WINDOWS\SYSTEM32\SHCORE.dll
0x00007ff98a080000 - 0x00007ff98a0b6000 	C:\WINDOWS\system32\IMM32.DLL
0x00007ff98c1c0000 - 0x00007ff98c312000 	C:\WINDOWS\system32\MSCTF.dll
0x00007ff986b90000 - 0x00007ff986e0b000 	C:\WINDOWS\WinSxS\amd64_microsoft.windows.common-controls_6595b64144ccf1df_6.0.9600.17415_none_6240486fecbd8abb\COMCTL32.dll
0x0000000075f50000 - 0x0000000076022000 	C:\Program Files\Java\jre1.8.0_25\bin\msvcr100.dll
0x0000000076ae0000 - 0x000000007733a000 	C:\Program Files\Java\jre1.8.0_25\bin\server\jvm.dll
0x00007ff9707d0000 - 0x00007ff9707d9000 	C:\WINDOWS\SYSTEM32\WSOCK32.dll
0x00007ff97ca00000 - 0x00007ff97ca22000 	C:\WINDOWS\SYSTEM32\WINMM.dll
0x00007ff989e80000 - 0x00007ff989e87000 	C:\WINDOWS\system32\PSAPI.DLL
0x00007ff989a00000 - 0x00007ff989a5a000 	C:\WINDOWS\system32\WS2_32.dll
0x00007ff97c8d0000 - 0x00007ff97c8fa000 	C:\WINDOWS\SYSTEM32\WINMMBASE.dll
0x00007ff98bb30000 - 0x00007ff98bb39000 	C:\WINDOWS\system32\NSI.dll
0x00007ff989950000 - 0x00007ff98999f000 	C:\WINDOWS\SYSTEM32\cfgmgr32.dll
0x00007ff988260000 - 0x00007ff988288000 	C:\WINDOWS\SYSTEM32\DEVOBJ.dll
0x0000000076ad0000 - 0x0000000076adf000 	C:\Program Files\Java\jre1.8.0_25\bin\verify.dll
0x0000000076aa0000 - 0x0000000076ac8000 	C:\Program Files\Java\jre1.8.0_25\bin\java.dll
0x0000000076a80000 - 0x0000000076a96000 	C:\Program Files\Java\jre1.8.0_25\bin\zip.dll
0x0000000075db0000 - 0x0000000075f48000 	C:\Program Files\Java\jre1.8.0_25\bin\awt.dll
0x00007ff98c0f0000 - 0x00007ff98c1b1000 	C:\WINDOWS\system32\OLEAUT32.dll
0x00007ff987610000 - 0x00007ff987631000 	C:\WINDOWS\system32\DWMAPI.DLL
0x00007ff988130000 - 0x00007ff988259000 	C:\WINDOWS\system32\uxtheme.dll
0x00007ff9882b0000 - 0x00007ff9882bb000 	C:\WINDOWS\SYSTEM32\kernel.appcore.dll
0x00007ff989340000 - 0x00007ff98934b000 	C:\WINDOWS\SYSTEM32\CRYPTBASE.dll
0x00007ff9892d0000 - 0x00007ff989333000 	C:\WINDOWS\SYSTEM32\bcryptPrimitives.dll
0x00007ff987180000 - 0x00007ff98718a000 	C:\WINDOWS\SYSTEM32\VERSION.dll
0x00000000769f0000 - 0x0000000076a37000 	C:\Program Files\Java\jre1.8.0_25\bin\fontmanager.dll
0x00007ff988ce0000 - 0x00007ff988d00000 	C:\WINDOWS\SYSTEM32\CRYPTSP.dll
0x00007ff988900000 - 0x00007ff988936000 	C:\WINDOWS\system32\rsaenh.dll
0x00007ff988f90000 - 0x00007ff988fb6000 	C:\WINDOWS\SYSTEM32\bcrypt.dll
0x0000000076a60000 - 0x0000000076a7a000 	C:\Program Files\Java\jre1.8.0_25\bin\net.dll
0x00007ff988c80000 - 0x00007ff988cd9000 	C:\WINDOWS\system32\mswsock.dll
0x00007ff9860b0000 - 0x00007ff9860da000 	C:\WINDOWS\SYSTEM32\IPHLPAPI.DLL
0x00007ff986050000 - 0x00007ff98605a000 	C:\WINDOWS\SYSTEM32\WINNSI.DLL
0x00007ff9841e0000 - 0x00007ff9841f6000 	C:\WINDOWS\SYSTEM32\dhcpcsvc6.DLL
0x00007ff984380000 - 0x00007ff98439a000 	C:\WINDOWS\SYSTEM32\dhcpcsvc.DLL
0x0000000076a40000 - 0x0000000076a51000 	C:\Program Files\Java\jre1.8.0_25\bin\nio.dll
0x00000000637c0000 - 0x00000000637cd000 	S:\Users\Ben\AppData\Local\Temp\jogamp_0000\file_cache\jln3182222219800810613\jln1981510483808191442\gluegen-rt.dll
0x00000000769e0000 - 0x00000000769e7000 	C:\Program Files\Java\jre1.8.0_25\bin\jawt.dll
0x000000006a440000 - 0x000000006a44d000 	S:\Users\Ben\AppData\Local\Temp\jogamp_0000\file_cache\jln3182222219800810613\jln1981510483808191442\nativewindow_awt.dll
0x000000006c100000 - 0x000000006c10f000 	S:\Users\Ben\AppData\Local\Temp\jogamp_0000\file_cache\jln3182222219800810613\jln1981510483808191442\nativewindow_win32.dll
0x00007ff960620000 - 0x00007ff96074b000 	C:\WINDOWS\SYSTEM32\OpenGL32.dll
0x00007ff97d7c0000 - 0x00007ff97d7ee000 	C:\WINDOWS\SYSTEM32\GLU32.dll
0x00007ff966bf0000 - 0x00007ff966ce8000 	C:\WINDOWS\SYSTEM32\DDRAW.dll
0x00007ff980290000 - 0x00007ff980299000 	C:\WINDOWS\SYSTEM32\DCIMAN32.dll
0x0000000064500000 - 0x00000000645a2000 	S:\Users\Ben\AppData\Local\Temp\jogamp_0000\file_cache\jln3182222219800810613\jln1981510483808191442\jogl_desktop.dll
0x00007ff97d720000 - 0x00007ff97d738000 	C:\WINDOWS\SYSTEM32\atig6pxx.dll
0x0000000074200000 - 0x0000000075daf000 	C:\WINDOWS\SYSTEM32\atio6axx.dll
0x00007ff98bcf0000 - 0x00007ff98beca000 	C:\WINDOWS\system32\SETUPAPI.dll
0x00007ff986120000 - 0x00007ff986257000 	C:\WINDOWS\SYSTEM32\atiadlxx.dll
0x00007ff986710000 - 0x00007ff98688f000 	C:\WINDOWS\SYSTEM32\PROPSYS.dll
0x00007ff988080000 - 0x00007ff988092000 	C:\WINDOWS\SYSTEM32\WTSAPI32.dll
0x00007ff9898f0000 - 0x00007ff989941000 	C:\WINDOWS\system32\WINTRUST.dll
0x00007ff989540000 - 0x00007ff98971f000 	C:\WINDOWS\system32\CRYPT32.dll
0x00007ff989520000 - 0x00007ff989531000 	C:\WINDOWS\system32\MSASN1.dll
0x00007ff973720000 - 0x00007ff973749000 	C:\WINDOWS\SYSTEM32\atig6txx.dll
0x00007ff95c1a0000 - 0x00007ff95c33c000 	O:\OneDrive\Workspace\ZZavatar\lib\user\KinectPV2\Kinect20.Face.dll
0x00007ff97c900000 - 0x00007ff97c9a7000 	C:\WINDOWS\SYSTEM32\MSVCP110.dll
0x00007ff981bc0000 - 0x00007ff981c8e000 	C:\WINDOWS\SYSTEM32\MSVCR110.dll
0x00007ff980280000 - 0x00007ff980290000 	O:\OneDrive\Workspace\ZZavatar\lib\user\KinectPV2\KinectPV2.dll
0x00007ff960560000 - 0x00007ff96061a000 	C:\WINDOWS\SYSTEM32\Kinect20.dll
0x00007ff97ca30000 - 0x00007ff97cb1b000 	C:\WINDOWS\SYSTEM32\MFPlat.DLL
0x00007ff97c8a0000 - 0x00007ff97c8c7000 	C:\WINDOWS\SYSTEM32\RTWorkQ.DLL
0x00007ff987050000 - 0x00007ff98705c000 	C:\WINDOWS\SYSTEM32\AVRT.dll
0x00007ff963e10000 - 0x00007ff963f9a000 	C:\WINDOWS\SYSTEM32\dbghelp.dll

VM Arguments:
jvm_args: -Djava.library.path=O:\OneDrive\Workspace\ZZavatar\lib\base\video;O:\OneDrive\Workspace\ZZavatar\lib\base\video;O:\OneDrive\Workspace\ZZavatar\lib\base\video;O:\OneDrive\Workspace\ZZavatar\lib\base\core;O:\OneDrive\Workspace\ZZavatar\lib\base\core;O:\OneDrive\Workspace\ZZavatar\lib\base\core;O:\OneDrive\Workspace\ZZavatar\lib\base\core;O:\OneDrive\Workspace\ZZavatar\lib\base\core;O:\OneDrive\Workspace\ZZavatar\lib\base\core;O:\OneDrive\Workspace\ZZavatar\lib\base\core;O:\OneDrive\Workspace\ZZavatar\lib\base\core;O:\OneDrive\Workspace\ZZavatar\lib\base\core;O:\OneDrive\Workspace\ZZavatar\lib\base\core;O:\OneDrive\Workspace\ZZavatar\lib\base\core;O:\OneDrive\Workspace\ZZavatar\lib\base\core;O:\OneDrive\Workspace\ZZavatar\lib\base\core;O:\OneDrive\Workspace\ZZavatar\lib\base\core;O:\OneDrive\Workspace\ZZavatar\lib\base\core;O:\OneDrive\Workspace\ZZavatar\lib\user\Kinect4WinSDK;O:\OneDrive\Workspace\ZZavatar\lib\user\KinectPV2;O:\OneDrive\Workspace\ZZavatar\lib\user\SimpleOpenNI -Dfile.encoding=Cp1252 
java_command: zzavatar.ZZavatar
java_class_path (initial): O:\OneDrive\Workspace\ZZavatar\lib\base\video\gstreamer-java.jar;O:\OneDrive\Workspace\ZZavatar\lib\base\video\jna.jar;O:\OneDrive\Workspace\ZZavatar\lib\base\video\video.jar;O:\OneDrive\Workspace\ZZavatar\lib\base\core\core.jar;O:\OneDrive\Workspace\ZZavatar\lib\base\core\gluegen-rt-natives-linux-amd64.jar;O:\OneDrive\Workspace\ZZavatar\lib\base\core\gluegen-rt-natives-linux-armv6hf.jar;O:\OneDrive\Workspace\ZZavatar\lib\base\core\gluegen-rt-natives-linux-i586.jar;O:\OneDrive\Workspace\ZZavatar\lib\base\core\gluegen-rt-natives-macosx-universal.jar;O:\OneDrive\Workspace\ZZavatar\lib\base\core\gluegen-rt-natives-windows-amd64.jar;O:\OneDrive\Workspace\ZZavatar\lib\base\core\gluegen-rt-natives-windows-i586.jar;O:\OneDrive\Workspace\ZZavatar\lib\base\core\gluegen-rt.jar;O:\OneDrive\Workspace\ZZavatar\lib\base\core\jogl-all-natives-linux-amd64.jar;O:\OneDrive\Workspace\ZZavatar\lib\base\core\jogl-all-natives-linux-armv6hf.jar;O:\OneDrive\Workspace\ZZavatar\lib\base\core\jogl-all-natives-linux-i586.jar;O:\OneDrive\Workspace\ZZavatar\lib\base\core\jogl-all-natives-macosx-universal.jar;O:\OneDrive\Workspace\ZZavatar\lib\base\core\jogl-all-natives-windows-amd64.jar;O:\OneDrive\Workspace\ZZavatar\lib\base\core\jogl-all-natives-windows-i586.jar;O:\OneDrive\Workspace\ZZavatar\lib\base\core\jogl-all.jar;O:\OneDrive\Workspace\ZZavatar\lib\user\Kinect4WinSDK\Kinect4WinSDK.jar;O:\OneDrive\Workspace\ZZavatar\lib\user\KinectPV2\KinectPV2.jar;O:\OneDrive\Workspace\ZZavatar\lib\user\SimpleOpenNI\SimpleOpenNI.jar;O:\OneDrive\Workspace\ZZavatar\bin
Launcher Type: SUN_STANDARD

Environment Variables:
JAVA_HOME=C:\Program Files\Java\jdk1.8.0_25
PATH=C:/Program Files/Java/jre1.8.0_25/bin/server;C:/Program Files/Java/jre1.8.0_25/bin;C:/Program Files/Java/jre1.8.0_25/lib/amd64;C:\Program Files (x86)\NVIDIA Corporation\PhysX\Common;C:\ProgramData\Oracle\Java\javapath;C:\Program Files (x86)\Common Files\Intel\Shared Libraries\redist\intel64\compiler;C:\Program Files (x86)\Common Files\Intel\Shared Libraries\redist\ia32\compiler;C:\Program Files (x86)\Intel\iCLS Client\;C:\Program Files\Intel\iCLS Client\;C:\Program Files (x86)\AMD APP\bin\x86_64;C:\Program Files (x86)\AMD APP\bin\x86;C:\WINDOWS\system32;C:\WINDOWS;C:\WINDOWS\System32\Wbem;C:\WINDOWS\System32\WindowsPowerShell\v1.0\;C:\Program Files (x86)\ATI Technologies\ATI.ACE\Core-Static;C:\Program Files\Intel\Intel(R) Management Engine Components\DAL;C:\Program Files\Intel\Intel(R) Management Engine Components\IPT;C:\Program Files (x86)\Intel\Intel(R) Management Engine Components\DAL;C:\Program Files (x86)\Intel\Intel(R) Management Engine Components\IPT;C:\Program Files\Sony\VAIO Improvement\;C:\Program Files (x86)\Sony\VAIO Startup Setting Tool;C:\Program Files (x86)\Windows Kits\8.1\Windows Performance Toolkit\;C:\Program Files\Microsoft SQL Server\110\Tools\Binn\;C:\Program Files (x86)\Microsoft SDKs\TypeScript\1.0\;C:\Program Files\Microsoft\Web Platform Installer\;C:\Program Files (x86)\Java\jre1.8.0_25\bin;P:\Programs\Python27\Scripts;P:\Programs\Python27;C:\Program Files\Common Files\Autodesk Shared\;P:\Program Files\Programs;P:\Program Files\Games;P:\Programs\Eclipse;
USERNAME=Benoît
OS=Windows_NT
PROCESSOR_IDENTIFIER=Intel64 Family 6 Model 58 Stepping 9, GenuineIntel



---------------  S Y S T E M  ---------------

OS: Windows 8.1 , 64 bit Build 9600 

CPU:total 8 (4 cores per cpu, 2 threads per core) family 6 model 58 stepping 9, cmov, cx8, fxsr, mmx, sse, sse2, sse3, ssse3, sse4.1, sse4.2, popcnt, avx, aes, clmul, erms, ht, tsc, tscinvbit, tscinv

Memory: 4k page, physical 6237468k(1662604k free), swap 10431772k(4591716k free)

vm_info: Java HotSpot(TM) 64-Bit Server VM (25.25-b02) for windows-amd64 JRE (1.8.0_25-b18), built on Oct  7 2014 14:25:37 by "java_re" with MS VC++ 10.0 (VS2010)

time: Fri Apr 24 12:59:43 2015
elapsed time: 16 seconds (0d 0h 0m 16s)

