#
# A fatal error has been detected by the Java Runtime Environment:
#
#  EXCEPTION_ACCESS_VIOLATION (0xc0000005) at pc=0x00007ffedc7f4113, pid=612, tid=3996
#
# JRE version: Java(TM) SE Runtime Environment (8.0_25-b18) (build 1.8.0_25-b18)
# Java VM: Java HotSpot(TM) 64-Bit Server VM (25.25-b02 mixed mode windows-amd64 compressed oops)
# Problematic frame:
# C  [KinectPV2.dll+0x4113]
#
# Failed to write core dump. Minidumps are not enabled by default on client versions of Windows
#
# If you would like to submit a bug report, please visit:
#   http://bugreport.sun.com/bugreport/crash.jsp
# The crash happened outside the Java Virtual Machine in native code.
# See problematic frame for where to report the bug.
#

---------------  T H R E A D  ---------------

Current thread (0x000000001957f000):  JavaThread "Animation Thread" [_thread_in_native, id=3996, stack(0x000000001c530000,0x000000001c630000)]

siginfo: ExceptionCode=0xc0000005, reading address 0xffffffffffffffff

Registers:
RAX=0x74000138a9f93d80, RBX=0x000000002db71040, RCX=0x0000000067fa9670, RDX=0x0000000000000000
RSP=0x000000001c62e5e0, RBP=0x0000000000000006, RSI=0x0000000000000000, RDI=0x000000001eca67e8
R8 =0x000000001c62e2a8, R9 =0x0000000000008000, R10=0x0000000000000000, R11=0x000000001c62e4e0
R12=0x0000000000000000, R13=0x000000001f1fccb8, R14=0x0000000000000000, R15=0x000000001957f000
RIP=0x00007ffedc7f4113, EFLAGS=0x0000000000010202

Top of Stack: (sp=0x000000001c62e5e0)
0x000000001c62e5e0:   000000001eca67b8 000000001f581c78
0x000000001c62e5f0:   000000001eca67b8 0000000000000000
0x000000001c62e600:   000000001c62e6d0 00007ffedc7f1fba
0x000000001c62e610:   000000001c62e6d0 000000001c62e6b0
0x000000001c62e620:   000000001957f1e8 00000000194eaeb0
0x000000001c62e630:   00000000a3904390 00000000024c5b74
0x000000001c62e640:   000000001f1fccb8 00000000a3904370
0x000000001c62e650:   00000000a3904370 000000001957f000
0x000000001c62e660:   000000001c62e728 00000000024c58a2
0x000000001c62e670:   000000001c62e670 000000001f1fccb8
0x000000001c62e680:   000000001c62e6d0 000000001f1fdc48
0x000000001c62e690:   0000000000000000 000000001f1fccb8
0x000000001c62e6a0:   0000000000000000 000000001c62e6d0
0x000000001c62e6b0:   000000001c62e718 00000000024b7a2d
0x000000001c62e6c0:   0000000000000000 00000000024bf6b8
0x000000001c62e6d0:   00000000a3866ed8 000000001c62e6d8 

Instructions: (pc=0x00007ffedc7f4113)
0x00007ffedc7f40f3:   48 8b 0f 48 85 c9 74 09 48 8b 01 ff 50 10 4c 89
0x00007ffedc7f4103:   37 48 8b 8f 90 00 00 00 48 85 c9 74 0d 48 8b 01
0x00007ffedc7f4113:   ff 50 10 4c 89 b7 90 00 00 00 48 8b 4f 30 48 85
0x00007ffedc7f4123:   c9 74 0a 48 8b 01 ff 50 10 4c 89 77 30 48 8b 4f 


Register to memory mapping:

RAX=0x74000138a9f93d80 is an unknown value
RBX=0x000000002db71040 is an unknown value
RCX=0x0000000067fa9670 is an unknown value
RDX=0x0000000000000000 is an unknown value
RSP=0x000000001c62e5e0 is pointing into the stack for thread: 0x000000001957f000
RBP=0x0000000000000006 is an unknown value
RSI=0x0000000000000000 is an unknown value
RDI=0x000000001eca67e8 is an unknown value
R8 =0x000000001c62e2a8 is pointing into the stack for thread: 0x000000001957f000
R9 =0x0000000000008000 is an unknown value
R10=0x0000000000000000 is an unknown value
R11=0x000000001c62e4e0 is pointing into the stack for thread: 0x000000001957f000
R12=0x0000000000000000 is an unknown value
R13={method} {0x000000001f1fccc0} 'jniStopDevice' '()V' in 'KinectPV2/Device'
R14=0x0000000000000000 is an unknown value
R15=0x000000001957f000 is a thread


Stack: [0x000000001c530000,0x000000001c630000],  sp=0x000000001c62e5e0,  free space=1017k
Native frames: (J=compiled Java code, j=interpreted, Vv=VM code, C=native code)
C  [KinectPV2.dll+0x4113]
C  [KinectPV2.dll+0x1fba]
C  0x00000000024c5b74

Java frames: (J=compiled Java code, j=interpreted, Vv=VM code)
j  KinectPV2.Device.jniStopDevice()V+0
j  KinectPV2.Device.stopDevice()V+41
j  KinectPV2.KinectPV2.dispose()V+14
v  ~StubRoutines::call_stub
j  sun.reflect.NativeMethodAccessorImpl.invoke0(Ljava/lang/reflect/Method;Ljava/lang/Object;[Ljava/lang/Object;)Ljava/lang/Object;+0
j  sun.reflect.NativeMethodAccessorImpl.invoke(Ljava/lang/Object;[Ljava/lang/Object;)Ljava/lang/Object;+100
J 1826 C1 sun.reflect.DelegatingMethodAccessorImpl.invoke(Ljava/lang/Object;[Ljava/lang/Object;)Ljava/lang/Object; (10 bytes) @ 0x0000000002b404c4 [0x0000000002b403c0+0x104]
J 1825 C1 java.lang.reflect.Method.invoke(Ljava/lang/Object;[Ljava/lang/Object;)Ljava/lang/Object; (62 bytes) @ 0x0000000002b37824 [0x0000000002b37440+0x3e4]
j  processing.core.PApplet$RegisteredMethods.handle([Ljava/lang/Object;)V+18
J 1669 C1 processing.core.PApplet.handleMethods(Ljava/lang/String;)V (21 bytes) @ 0x0000000002aecb9c [0x0000000002aec8e0+0x2bc]
j  processing.core.PApplet.dispose()V+35
j  processing.core.PApplet.run()V+283
j  java.lang.Thread.run()V+11
v  ~StubRoutines::call_stub

---------------  P R O C E S S  ---------------

Java Threads: ( => current thread )
  0x0000000019a95000 JavaThread "Animation Thread-SharedResourceRunner" daemon [_thread_blocked, id=4976, stack(0x000000001e0e0000,0x000000001e1e0000)]
  0x00000000024ae800 JavaThread "DestroyJavaVM" [_thread_blocked, id=2056, stack(0x00000000021c0000,0x00000000022c0000)]
  0x0000000019580000 JavaThread "D3D Screen Updater" daemon [_thread_blocked, id=4692, stack(0x000000001c830000,0x000000001c930000)]
=>0x000000001957f000 JavaThread "Animation Thread" [_thread_in_native, id=3996, stack(0x000000001c530000,0x000000001c630000)]
  0x00000000194ea000 JavaThread "AWT-EventQueue-0" [_thread_blocked, id=9160, stack(0x000000001c330000,0x000000001c430000)]
  0x000000001949b800 JavaThread "AWT-Windows" daemon [_thread_in_native, id=5128, stack(0x0000000019db0000,0x0000000019eb0000)]
  0x000000001949b000 JavaThread "AWT-Shutdown" [_thread_blocked, id=5824, stack(0x0000000019cb0000,0x0000000019db0000)]
  0x000000001949a000 JavaThread "Java2D Disposer" daemon [_thread_blocked, id=6780, stack(0x0000000019bb0000,0x0000000019cb0000)]
  0x0000000018287000 JavaThread "Service Thread" daemon [_thread_blocked, id=6688, stack(0x0000000018bd0000,0x0000000018cd0000)]
  0x0000000018207800 JavaThread "C1 CompilerThread3" daemon [_thread_blocked, id=8356, stack(0x0000000018ad0000,0x0000000018bd0000)]
  0x0000000018207000 JavaThread "C2 CompilerThread2" daemon [_thread_blocked, id=1416, stack(0x00000000189d0000,0x0000000018ad0000)]
  0x00000000181fb800 JavaThread "C2 CompilerThread1" daemon [_thread_blocked, id=3888, stack(0x00000000188d0000,0x00000000189d0000)]
  0x00000000181f9800 JavaThread "C2 CompilerThread0" daemon [_thread_blocked, id=9896, stack(0x00000000187d0000,0x00000000188d0000)]
  0x00000000181f7000 JavaThread "Attach Listener" daemon [_thread_blocked, id=5544, stack(0x00000000186d0000,0x00000000187d0000)]
  0x00000000181f5800 JavaThread "Signal Dispatcher" daemon [_thread_blocked, id=8880, stack(0x00000000185d0000,0x00000000186d0000)]
  0x00000000023f9800 JavaThread "Finalizer" daemon [_thread_blocked, id=964, stack(0x00000000180d0000,0x00000000181d0000)]
  0x00000000161fc800 JavaThread "Reference Handler" daemon [_thread_blocked, id=4180, stack(0x0000000017fd0000,0x00000000180d0000)]

Other Threads:
  0x00000000161f8800 VMThread [stack: 0x0000000017ed0000,0x0000000017fd0000] [id=9828]
  0x000000001828b000 WatcherThread [stack: 0x0000000018cd0000,0x0000000018dd0000] [id=7980]

VM state:not at safepoint (normal execution)

VM Mutex/Monitor currently owned by a thread: None

Heap:
 PSYoungGen      total 309248K, used 117024K [0x00000000e0400000, 0x00000000f5400000, 0x0000000100000000)
  eden space 275456K, 42% used [0x00000000e0400000,0x00000000e76180d0,0x00000000f1100000)
  from space 33792K, 0% used [0x00000000f1100000,0x00000000f1130000,0x00000000f3200000)
  to   space 33280K, 0% used [0x00000000f3380000,0x00000000f3380000,0x00000000f5400000)
 ParOldGen       total 226816K, used 155209K [0x00000000a0c00000, 0x00000000ae980000, 0x00000000e0400000)
  object space 226816K, 68% used [0x00000000a0c00000,0x00000000aa392618,0x00000000ae980000)
 Metaspace       used 18042K, capacity 18249K, committed 18432K, reserved 1067008K
  class space    used 1721K, capacity 1761K, committed 1792K, reserved 1048576K

Card table byte_map: [0x0000000011870000,0x0000000011b70000] byte_map_base: 0x000000001136a000

Marking Bits: (ParMarkBitMap*) 0x000000006ab8d490
 Begin Bits: [0x0000000012570000, 0x0000000013d40000)
 End Bits:   [0x0000000013d40000, 0x0000000015510000)

Polling page: 0x0000000000be0000

CodeCache: size=245760Kb used=8341Kb max_used=8347Kb free=237418Kb
 bounds [0x00000000024b0000, 0x0000000002ce0000, 0x00000000114b0000]
 total_blobs=3092 nmethods=2219 adapters=786
 compilation: enabled

Compilation events (10 events):
Event: 18.335 Thread 0x00000000181f9800 2216   !   4       jogamp.common.os.MachineDescriptionRuntime::getStatic (106 bytes)
Event: 18.339 Thread 0x00000000181f9800 nmethod 2216 0x0000000002cd42d0 code [0x0000000002cd4460, 0x0000000002cd4b18]
Event: 18.367 Thread 0x0000000018207000 2217   !   4       jogamp.common.util.locks.RecursiveLockImpl01Unfairish::validateLocked (147 bytes)
Event: 18.370 Thread 0x0000000018207000 nmethod 2217 0x0000000002cdb750 code [0x0000000002cdb8a0, 0x0000000002cdbb98]
Event: 18.419 Thread 0x00000000181fb800 2218       4       processing.opengl.PGraphicsOpenGL::flush (277 bytes)
Event: 18.429 Thread 0x00000000181fb800 nmethod 2218 0x0000000002cd9190 code [0x0000000002cd9340, 0x0000000002cd9b40]
Event: 19.001 Thread 0x0000000018207800 2219   !   3       java.awt.EventQueue::wakeup (79 bytes)
Event: 19.002 Thread 0x0000000018207800 nmethod 2219 0x0000000002cda890 code [0x0000000002cdaaa0, 0x0000000002cdb318]
Event: 19.018 Thread 0x0000000018207800 2220       3       sun.awt.windows.WInputMethod::dispatchEvent (66 bytes)
Event: 19.019 Thread 0x0000000018207800 nmethod 2220 0x0000000002cd8590 code [0x0000000002cd8740, 0x0000000002cd8ff8]

GC Heap History (10 events):
Event: 15.351 GC heap before
{Heap before GC invocations=28 (full 3):
 PSYoungGen      total 304640K, used 278985K [0x00000000e0400000, 0x00000000f5480000, 0x0000000100000000)
  eden space 269824K, 99% used [0x00000000e0400000,0x00000000f0ac6b08,0x00000000f0b80000)
  from space 34816K, 28% used [0x00000000f3280000,0x00000000f3c2bb50,0x00000000f5480000)
  to   space 37376K, 0% used [0x00000000f0b80000,0x00000000f0b80000,0x00000000f3000000)
 ParOldGen       total 226816K, used 145378K [0x00000000a0c00000, 0x00000000ae980000, 0x00000000e0400000)
  object space 226816K, 64% used [0x00000000a0c00000,0x00000000a99f89a8,0x00000000ae980000)
 Metaspace       used 17924K, capacity 18121K, committed 18176K, reserved 1064960K
  class space    used 1709K, capacity 1761K, committed 1792K, reserved 1048576K
Event: 15.354 GC heap after
Heap after GC invocations=28 (full 3):
 PSYoungGen      total 307200K, used 9822K [0x00000000e0400000, 0x00000000f5500000, 0x0000000100000000)
  eden space 269824K, 0% used [0x00000000e0400000,0x00000000e0400000,0x00000000f0b80000)
  from space 37376K, 26% used [0x00000000f0b80000,0x00000000f1517b60,0x00000000f3000000)
  to   space 35840K, 0% used [0x00000000f3200000,0x00000000f3200000,0x00000000f5500000)
 ParOldGen       total 226816K, used 145378K [0x00000000a0c00000, 0x00000000ae980000, 0x00000000e0400000)
  object space 226816K, 64% used [0x00000000a0c00000,0x00000000a99f89a8,0x00000000ae980000)
 Metaspace       used 17924K, capacity 18121K, committed 18176K, reserved 1064960K
  class space    used 1709K, capacity 1761K, committed 1792K, reserved 1048576K
}
Event: 16.319 GC heap before
{Heap before GC invocations=29 (full 3):
 PSYoungGen      total 307200K, used 273382K [0x00000000e0400000, 0x00000000f5500000, 0x0000000100000000)
  eden space 269824K, 97% used [0x00000000e0400000,0x00000000f0561ed0,0x00000000f0b80000)
  from space 37376K, 26% used [0x00000000f0b80000,0x00000000f1517b60,0x00000000f3000000)
  to   space 35840K, 0% used [0x00000000f3200000,0x00000000f3200000,0x00000000f5500000)
 ParOldGen       total 226816K, used 145378K [0x00000000a0c00000, 0x00000000ae980000, 0x00000000e0400000)
  object space 226816K, 64% used [0x00000000a0c00000,0x00000000a99f89a8,0x00000000ae980000)
 Metaspace       used 17997K, capacity 18185K, committed 18432K, reserved 1067008K
  class space    used 1709K, capacity 1761K, committed 1792K, reserved 1048576K
Event: 16.322 GC heap after
Heap after GC invocations=29 (full 3):
 PSYoungGen      total 305152K, used 9204K [0x00000000e0400000, 0x00000000f5180000, 0x0000000100000000)
  eden space 272896K, 0% used [0x00000000e0400000,0x00000000e0400000,0x00000000f0e80000)
  from space 32256K, 28% used [0x00000000f3200000,0x00000000f3afd020,0x00000000f5180000)
  to   space 34304K, 0% used [0x00000000f0e80000,0x00000000f0e80000,0x00000000f3000000)
 ParOldGen       total 226816K, used 146165K [0x00000000a0c00000, 0x00000000ae980000, 0x00000000e0400000)
  object space 226816K, 64% used [0x00000000a0c00000,0x00000000a9abd5f8,0x00000000ae980000)
 Metaspace       used 17997K, capacity 18185K, committed 18432K, reserved 1067008K
  class space    used 1709K, capacity 1761K, committed 1792K, reserved 1048576K
}
Event: 17.317 GC heap before
{Heap before GC invocations=30 (full 3):
 PSYoungGen      total 305152K, used 278168K [0x00000000e0400000, 0x00000000f5180000, 0x0000000100000000)
  eden space 272896K, 98% used [0x00000000e0400000,0x00000000f0aa9198,0x00000000f0e80000)
  from space 32256K, 28% used [0x00000000f3200000,0x00000000f3afd020,0x00000000f5180000)
  to   space 34304K, 0% used [0x00000000f0e80000,0x00000000f0e80000,0x00000000f3000000)
 ParOldGen       total 226816K, used 146165K [0x00000000a0c00000, 0x00000000ae980000, 0x00000000e0400000)
  object space 226816K, 64% used [0x00000000a0c00000,0x00000000a9abd5f8,0x00000000ae980000)
 Metaspace       used 18005K, capacity 18249K, committed 18432K, reserved 1067008K
  class space    used 1709K, capacity 1761K, committed 1792K, reserved 1048576K
Event: 17.322 GC heap after
Heap after GC invocations=30 (full 3):
 PSYoungGen      total 307200K, used 224K [0x00000000e0400000, 0x00000000f5480000, 0x0000000100000000)
  eden space 272896K, 0% used [0x00000000e0400000,0x00000000e0400000,0x00000000f0e80000)
  from space 34304K, 0% used [0x00000000f0e80000,0x00000000f0eb8000,0x00000000f3000000)
  to   space 34304K, 0% used [0x00000000f3300000,0x00000000f3300000,0x00000000f5480000)
 ParOldGen       total 226816K, used 155145K [0x00000000a0c00000, 0x00000000ae980000, 0x00000000e0400000)
  object space 226816K, 68% used [0x00000000a0c00000,0x00000000aa382618,0x00000000ae980000)
 Metaspace       used 18005K, capacity 18249K, committed 18432K, reserved 1067008K
  class space    used 1709K, capacity 1761K, committed 1792K, reserved 1048576K
}
Event: 18.317 GC heap before
{Heap before GC invocations=31 (full 3):
 PSYoungGen      total 307200K, used 269195K [0x00000000e0400000, 0x00000000f5480000, 0x0000000100000000)
  eden space 272896K, 98% used [0x00000000e0400000,0x00000000f0aaaf80,0x00000000f0e80000)
  from space 34304K, 0% used [0x00000000f0e80000,0x00000000f0eb8000,0x00000000f3000000)
  to   space 34304K, 0% used [0x00000000f3300000,0x00000000f3300000,0x00000000f5480000)
 ParOldGen       total 226816K, used 155145K [0x00000000a0c00000, 0x00000000ae980000, 0x00000000e0400000)
  object space 226816K, 68% used [0x00000000a0c00000,0x00000000aa382618,0x00000000ae980000)
 Metaspace       used 18005K, capacity 18249K, committed 18432K, reserved 1067008K
  class space    used 1709K, capacity 1761K, committed 1792K, reserved 1048576K
Event: 18.318 GC heap after
Heap after GC invocations=31 (full 3):
 PSYoungGen      total 308224K, used 224K [0x00000000e0400000, 0x00000000f5300000, 0x0000000100000000)
  eden space 275456K, 0% used [0x00000000e0400000,0x00000000e0400000,0x00000000f1100000)
  from space 32768K, 0% used [0x00000000f3300000,0x00000000f3338000,0x00000000f5300000)
  to   space 33792K, 0% used [0x00000000f1100000,0x00000000f1100000,0x00000000f3200000)
 ParOldGen       total 226816K, used 155185K [0x00000000a0c00000, 0x00000000ae980000, 0x00000000e0400000)
  object space 226816K, 68% used [0x00000000a0c00000,0x00000000aa38c618,0x00000000ae980000)
 Metaspace       used 18005K, capacity 18249K, committed 18432K, reserved 1067008K
  class space    used 1709K, capacity 1761K, committed 1792K, reserved 1048576K
}
Event: 19.317 GC heap before
{Heap before GC invocations=32 (full 3):
 PSYoungGen      total 308224K, used 269265K [0x00000000e0400000, 0x00000000f5300000, 0x0000000100000000)
  eden space 275456K, 97% used [0x00000000e0400000,0x00000000f0abc4f8,0x00000000f1100000)
  from space 32768K, 0% used [0x00000000f3300000,0x00000000f3338000,0x00000000f5300000)
  to   space 33792K, 0% used [0x00000000f1100000,0x00000000f1100000,0x00000000f3200000)
 ParOldGen       total 226816K, used 155185K [0x00000000a0c00000, 0x00000000ae980000, 0x00000000e0400000)
  object space 226816K, 68% used [0x00000000a0c00000,0x00000000aa38c618,0x00000000ae980000)
 Metaspace       used 18007K, capacity 18249K, committed 18432K, reserved 1067008K
  class space    used 1709K, capacity 1761K, committed 1792K, reserved 1048576K
Event: 19.318 GC heap after
Heap after GC invocations=32 (full 3):
 PSYoungGen      total 309248K, used 192K [0x00000000e0400000, 0x00000000f5400000, 0x0000000100000000)
  eden space 275456K, 0% used [0x00000000e0400000,0x00000000e0400000,0x00000000f1100000)
  from space 33792K, 0% used [0x00000000f1100000,0x00000000f1130000,0x00000000f3200000)
  to   space 33280K, 0% used [0x00000000f3380000,0x00000000f3380000,0x00000000f5400000)
 ParOldGen       total 226816K, used 155209K [0x00000000a0c00000, 0x00000000ae980000, 0x00000000e0400000)
  object space 226816K, 68% used [0x00000000a0c00000,0x00000000aa392618,0x00000000ae980000)
 Metaspace       used 18007K, capacity 18249K, committed 18432K, reserved 1067008K
  class space    used 1709K, capacity 1761K, committed 1792K, reserved 1048576K
}

Deoptimization events (10 events):
Event: 2.714 Thread 0x00000000194ea000 Uncommon trap: reason=class_check action=maybe_recompile pc=0x00000000027cddc0 method=com.jogamp.common.nio.Buffers.isDirect(Ljava/lang/Object;)Z @ 13
Event: 2.714 Thread 0x00000000194ea000 Uncommon trap: reason=class_check action=maybe_recompile pc=0x00000000027cb144 method=com.jogamp.common.nio.Buffers.getDirectBufferByteOffset(Ljava/lang/Object;)I @ 7
Event: 2.715 Thread 0x00000000194ea000 Uncommon trap: reason=class_check action=maybe_recompile pc=0x00000000027cddc0 method=com.jogamp.common.nio.Buffers.isDirect(Ljava/lang/Object;)Z @ 13
Event: 2.715 Thread 0x00000000194ea000 Uncommon trap: reason=class_check action=maybe_recompile pc=0x00000000027cb144 method=com.jogamp.common.nio.Buffers.getDirectBufferByteOffset(Ljava/lang/Object;)I @ 7
Event: 2.715 Thread 0x00000000194ea000 Uncommon trap: reason=predicate action=maybe_recompile pc=0x00000000028ad804 method=java.util.ArrayList.indexOf(Ljava/lang/Object;)I @ 44
Event: 2.736 Thread 0x00000000194ea000 Uncommon trap: reason=class_check action=maybe_recompile pc=0x00000000027cddc0 method=com.jogamp.common.nio.Buffers.isDirect(Ljava/lang/Object;)Z @ 13
Event: 2.736 Thread 0x00000000194ea000 Uncommon trap: reason=class_check action=maybe_recompile pc=0x00000000027cb144 method=com.jogamp.common.nio.Buffers.getDirectBufferByteOffset(Ljava/lang/Object;)I @ 7
Event: 3.374 Thread 0x00000000194ea000 Uncommon trap: reason=unreached action=reinterpret pc=0x00000000028c5e00 method=processing.opengl.PGraphicsOpenGL$InGeometry.addVertex(FFFIFFFFFIFIIIFIZ)I @ 218
Event: 3.602 Thread 0x00000000194ea000 Uncommon trap: reason=unreached action=reinterpret pc=0x0000000002781bb0 method=java.lang.reflect.AccessibleObject.setAccessible0(Ljava/lang/reflect/AccessibleObject;Z)V @ 4
Event: 19.734 Thread 0x000000001957f000 Uncommon trap: reason=unreached action=reinterpret pc=0x0000000002b661ac method=java.util.HashMap.keySet()Ljava/util/Set; @ 6

Internal exceptions (10 events):
Event: 3.109 Thread 0x00000000194ea000 Exception <a 'java/security/PrivilegedActionException'> (0x00000000e4368170) thrown at [D:\re\workspace\8-2-build-windows-amd64-cygwin\jdk8u25\1677\hotspot\src\share\vm\prims\jvm.cpp, line 1312]
Event: 3.110 Thread 0x00000000194ea000 Exception <a 'java/security/PrivilegedActionException'> (0x00000000e436c578) thrown at [D:\re\workspace\8-2-build-windows-amd64-cygwin\jdk8u25\1677\hotspot\src\share\vm\prims\jvm.cpp, line 1312]
Event: 3.110 Thread 0x00000000194ea000 Exception <a 'java/security/PrivilegedActionException'> (0x00000000e4370960) thrown at [D:\re\workspace\8-2-build-windows-amd64-cygwin\jdk8u25\1677\hotspot\src\share\vm\prims\jvm.cpp, line 1312]
Event: 3.110 Thread 0x00000000194ea000 Exception <a 'java/security/PrivilegedActionException'> (0x00000000e43744b8) thrown at [D:\re\workspace\8-2-build-windows-amd64-cygwin\jdk8u25\1677\hotspot\src\share\vm\prims\jvm.cpp, line 1312]
Event: 3.111 Thread 0x00000000194ea000 Exception <a 'java/security/PrivilegedActionException'> (0x00000000e4378cb8) thrown at [D:\re\workspace\8-2-build-windows-amd64-cygwin\jdk8u25\1677\hotspot\src\share\vm\prims\jvm.cpp, line 1312]
Event: 3.111 Thread 0x00000000194ea000 Exception <a 'java/security/PrivilegedActionException'> (0x00000000e437c3f0) thrown at [D:\re\workspace\8-2-build-windows-amd64-cygwin\jdk8u25\1677\hotspot\src\share\vm\prims\jvm.cpp, line 1312]
Event: 3.111 Thread 0x00000000194ea000 Exception <a 'java/security/PrivilegedActionException'> (0x00000000e4380338) thrown at [D:\re\workspace\8-2-build-windows-amd64-cygwin\jdk8u25\1677\hotspot\src\share\vm\prims\jvm.cpp, line 1312]
Event: 3.112 Thread 0x00000000194ea000 Exception <a 'java/security/PrivilegedActionException'> (0x00000000e4386248) thrown at [D:\re\workspace\8-2-build-windows-amd64-cygwin\jdk8u25\1677\hotspot\src\share\vm\prims\jvm.cpp, line 1312]
Event: 3.124 Thread 0x00000000194ea000 Exception <a 'java/security/PrivilegedActionException'> (0x00000000e4c97bf0) thrown at [D:\re\workspace\8-2-build-windows-amd64-cygwin\jdk8u25\1677\hotspot\src\share\vm\prims\jvm.cpp, line 1312]
Event: 19.734 Thread 0x000000001957f000 Implicit null exception at 0x0000000002b65ee7 to 0x0000000002b6619d

Events (10 events):
Event: 19.702 loading class javax/swing/Popup$HeavyWeightWindow
Event: 19.702 loading class sun/awt/ModalExclude
Event: 19.702 loading class sun/awt/ModalExclude done
Event: 19.702 loading class javax/swing/JWindow
Event: 19.702 loading class javax/swing/JWindow done
Event: 19.702 loading class javax/swing/Popup$HeavyWeightWindow done
Event: 19.734 Thread 0x000000001957f000 Uncommon trap: trap_request=0xffffffad fr.pc=0x0000000002b661ac
Event: 19.734 Thread 0x000000001957f000 DEOPT PACKING pc=0x0000000002b661ac sp=0x000000001c62ef40
Event: 19.734 Thread 0x000000001957f000 DEOPT UNPACKING pc=0x00000000024f556a sp=0x000000001c62ee98 mode 2
Event: 19.736 Thread 0x000000001955f000 Thread exited: 0x000000001955f000


Dynamic libraries:
0x00007ff745f80000 - 0x00007ff745fb4000 	C:\Program Files\Java\jre1.8.0_25\bin\javaw.exe
0x00007ffee8210000 - 0x00007ffee83bc000 	C:\WINDOWS\SYSTEM32\ntdll.dll
0x00007ffee60e0000 - 0x00007ffee621e000 	C:\WINDOWS\system32\KERNEL32.DLL
0x00007ffee54e0000 - 0x00007ffee55f5000 	C:\WINDOWS\system32\KERNELBASE.dll
0x00007ffee3ee0000 - 0x00007ffee3f6e000 	C:\WINDOWS\system32\apphelp.dll
0x00007ffecebf0000 - 0x00007ffecec43000 	C:\WINDOWS\AppPatch\AppPatch64\AcGenral.DLL
0x00007ffee6010000 - 0x00007ffee60ba000 	C:\WINDOWS\system32\msvcrt.dll
0x00007ffee5190000 - 0x00007ffee51be000 	C:\WINDOWS\SYSTEM32\SspiCli.dll
0x00007ffee5fb0000 - 0x00007ffee6004000 	C:\WINDOWS\system32\SHLWAPI.dll
0x00007ffee7fd0000 - 0x00007ffee8147000 	C:\WINDOWS\system32\USER32.dll
0x00007ffee5bc0000 - 0x00007ffee5d54000 	C:\WINDOWS\system32\ole32.dll
0x00007ffee66a0000 - 0x00007ffee7bb8000 	C:\WINDOWS\system32\SHELL32.dll
0x00007ffee48f0000 - 0x00007ffee4911000 	C:\WINDOWS\SYSTEM32\USERENV.dll
0x00007ffee5e20000 - 0x00007ffee5eca000 	C:\WINDOWS\system32\ADVAPI32.dll
0x00007ffed7630000 - 0x00007ffed764e000 	C:\WINDOWS\SYSTEM32\MPR.dll
0x00007ffee63f0000 - 0x00007ffee6531000 	C:\WINDOWS\system32\RPCRT4.dll
0x00007ffee5ed0000 - 0x00007ffee5f29000 	C:\WINDOWS\SYSTEM32\sechost.dll
0x00007ffee7db0000 - 0x00007ffee7fc1000 	C:\WINDOWS\SYSTEM32\combase.dll
0x00007ffee6540000 - 0x00007ffee6691000 	C:\WINDOWS\system32\GDI32.dll
0x00007ffee5360000 - 0x00007ffee5375000 	C:\WINDOWS\SYSTEM32\profapi.dll
0x00007ffee3700000 - 0x00007ffee37b2000 	C:\WINDOWS\SYSTEM32\SHCORE.dll
0x00007ffee5a40000 - 0x00007ffee5a76000 	C:\WINDOWS\system32\IMM32.DLL
0x00007ffee6220000 - 0x00007ffee6372000 	C:\WINDOWS\system32\MSCTF.dll
0x00007ffee2a70000 - 0x00007ffee2ceb000 	C:\WINDOWS\WinSxS\amd64_microsoft.windows.common-controls_6595b64144ccf1df_6.0.9600.17415_none_6240486fecbd8abb\COMCTL32.dll
0x00000000696c0000 - 0x0000000069792000 	C:\Program Files\Java\jre1.8.0_25\bin\msvcr100.dll
0x000000006a3b0000 - 0x000000006ac0a000 	C:\Program Files\Java\jre1.8.0_25\bin\server\jvm.dll
0x00007ffecd2f0000 - 0x00007ffecd2f9000 	C:\WINDOWS\SYSTEM32\WSOCK32.dll
0x00007ffed77f0000 - 0x00007ffed7812000 	C:\WINDOWS\SYSTEM32\WINMM.dll
0x00007ffee7da0000 - 0x00007ffee7da7000 	C:\WINDOWS\system32\PSAPI.DLL
0x00007ffee5a80000 - 0x00007ffee5ada000 	C:\WINDOWS\system32\WS2_32.dll
0x00007ffed75d0000 - 0x00007ffed75fa000 	C:\WINDOWS\SYSTEM32\WINMMBASE.dll
0x00007ffee60d0000 - 0x00007ffee60d9000 	C:\WINDOWS\system32\NSI.dll
0x00007ffee5840000 - 0x00007ffee588f000 	C:\WINDOWS\SYSTEM32\cfgmgr32.dll
0x00007ffee4150000 - 0x00007ffee4178000 	C:\WINDOWS\SYSTEM32\DEVOBJ.dll
0x000000006b5e0000 - 0x000000006b5ef000 	C:\Program Files\Java\jre1.8.0_25\bin\verify.dll
0x000000006b5b0000 - 0x000000006b5d8000 	C:\Program Files\Java\jre1.8.0_25\bin\java.dll
0x000000006b590000 - 0x000000006b5a6000 	C:\Program Files\Java\jre1.8.0_25\bin\zip.dll
0x0000000069520000 - 0x00000000696b8000 	C:\Program Files\Java\jre1.8.0_25\bin\awt.dll
0x00007ffee5ae0000 - 0x00007ffee5ba1000 	C:\WINDOWS\system32\OLEAUT32.dll
0x00007ffee3500000 - 0x00007ffee3521000 	C:\WINDOWS\system32\DWMAPI.DLL
0x00007ffee3fd0000 - 0x00007ffee40f9000 	C:\WINDOWS\system32\uxtheme.dll
0x00007ffee41a0000 - 0x00007ffee41ab000 	C:\WINDOWS\SYSTEM32\kernel.appcore.dll
0x00007ffee5230000 - 0x00007ffee523b000 	C:\WINDOWS\SYSTEM32\CRYPTBASE.dll
0x00007ffee51c0000 - 0x00007ffee5223000 	C:\WINDOWS\SYSTEM32\bcryptPrimitives.dll
0x00007ffedaca0000 - 0x00007ffedaec1000 	C:\WINDOWS\system32\d3d9.dll
0x00007ffee3010000 - 0x00007ffee301a000 	C:\WINDOWS\SYSTEM32\VERSION.dll
0x00007ffee2870000 - 0x00007ffee29bb000 	C:\WINDOWS\SYSTEM32\aticfx64.dll
0x00007ffec0180000 - 0x00007ffec01a1000 	C:\WINDOWS\SYSTEM32\atiu9p64.dll
0x00007ffebed60000 - 0x00007ffebf545000 	C:\WINDOWS\SYSTEM32\atiumd64.dll
0x000000006acf0000 - 0x000000006b4a7000 	C:\WINDOWS\SYSTEM32\atiumd6a.dll
0x00000000694d0000 - 0x0000000069517000 	C:\Program Files\Java\jre1.8.0_25\bin\fontmanager.dll
0x00007ffee4d60000 - 0x00007ffee4d80000 	C:\WINDOWS\SYSTEM32\CRYPTSP.dll
0x00007ffee47e0000 - 0x00007ffee4816000 	C:\WINDOWS\system32\rsaenh.dll
0x00007ffee4e80000 - 0x00007ffee4ea6000 	C:\WINDOWS\SYSTEM32\bcrypt.dll
0x000000006b570000 - 0x000000006b58a000 	C:\Program Files\Java\jre1.8.0_25\bin\net.dll
0x00007ffee4b20000 - 0x00007ffee4b79000 	C:\WINDOWS\system32\mswsock.dll
0x00007ffee1080000 - 0x00007ffee10aa000 	C:\WINDOWS\SYSTEM32\IPHLPAPI.DLL
0x00007ffee2670000 - 0x00007ffee267a000 	C:\WINDOWS\SYSTEM32\WINNSI.DLL
0x00007ffee0160000 - 0x00007ffee0176000 	C:\WINDOWS\SYSTEM32\dhcpcsvc6.DLL
0x00007ffee02b0000 - 0x00007ffee02ca000 	C:\WINDOWS\SYSTEM32\dhcpcsvc.DLL
0x000000006a390000 - 0x000000006a3a1000 	C:\Program Files\Java\jre1.8.0_25\bin\nio.dll
0x00000000637c0000 - 0x00000000637cd000 	S:\Users\Ben\AppData\Local\Temp\jogamp_0000\file_cache\jln3659994110943292733\jln3275366773590488151\gluegen-rt.dll
0x00000000694c0000 - 0x00000000694c7000 	C:\Program Files\Java\jre1.8.0_25\bin\jawt.dll
0x0000000019240000 - 0x000000001924d000 	S:\Users\Ben\AppData\Local\Temp\jogamp_0000\file_cache\jln3659994110943292733\jln3275366773590488151\nativewindow_awt.dll
0x000000006c100000 - 0x000000006c10f000 	S:\Users\Ben\AppData\Local\Temp\jogamp_0000\file_cache\jln3659994110943292733\jln3275366773590488151\nativewindow_win32.dll
0x00007ffecea70000 - 0x00007ffeceb9b000 	C:\WINDOWS\SYSTEM32\OpenGL32.dll
0x00007ffedc620000 - 0x00007ffedc64e000 	C:\WINDOWS\SYSTEM32\GLU32.dll
0x00007ffedc2f0000 - 0x00007ffedc3e8000 	C:\WINDOWS\SYSTEM32\DDRAW.dll
0x00007ffee0d60000 - 0x00007ffee0d69000 	C:\WINDOWS\SYSTEM32\DCIMAN32.dll
0x0000000064500000 - 0x00000000645a2000 	S:\Users\Ben\AppData\Local\Temp\jogamp_0000\file_cache\jln3659994110943292733\jln3275366773590488151\jogl_desktop.dll
0x00007ffedc8d0000 - 0x00007ffedc8e8000 	C:\WINDOWS\SYSTEM32\atig6pxx.dll
0x0000000067910000 - 0x00000000694bf000 	C:\WINDOWS\SYSTEM32\atio6axx.dll
0x00007ffee7bc0000 - 0x00007ffee7d9a000 	C:\WINDOWS\system32\SETUPAPI.dll
0x00007ffee10e0000 - 0x00007ffee1217000 	C:\WINDOWS\SYSTEM32\atiadlxx.dll
0x00007ffee16b0000 - 0x00007ffee182f000 	C:\WINDOWS\SYSTEM32\PROPSYS.dll
0x00007ffee3f70000 - 0x00007ffee3f82000 	C:\WINDOWS\SYSTEM32\WTSAPI32.dll
0x00007ffee57e0000 - 0x00007ffee5831000 	C:\WINDOWS\system32\WINTRUST.dll
0x00007ffee5600000 - 0x00007ffee57df000 	C:\WINDOWS\system32\CRYPT32.dll
0x00007ffee5410000 - 0x00007ffee5421000 	C:\WINDOWS\system32\MSASN1.dll
0x00007ffedc550000 - 0x00007ffedc579000 	C:\WINDOWS\SYSTEM32\atig6txx.dll
0x00007ffece8d0000 - 0x00007ffecea6c000 	O:\OneDrive\Workspace\ZZavatar\lib\user\KinectPV2\Kinect20.Face.dll
0x00007ffed76f0000 - 0x00007ffed7797000 	C:\WINDOWS\SYSTEM32\MSVCP110.dll
0x00007ffeddd70000 - 0x00007ffedde3e000 	C:\WINDOWS\SYSTEM32\MSVCR110.dll
0x00007ffedc7f0000 - 0x00007ffedc800000 	O:\OneDrive\Workspace\ZZavatar\lib\user\KinectPV2\KinectPV2.dll
0x00007ffeda070000 - 0x00007ffeda12a000 	C:\WINDOWS\SYSTEM32\Kinect20.dll
0x00007ffed7820000 - 0x00007ffed790b000 	C:\WINDOWS\SYSTEM32\MFPlat.DLL
0x00007ffed7650000 - 0x00007ffed7677000 	C:\WINDOWS\SYSTEM32\RTWorkQ.DLL
0x00007ffee3130000 - 0x00007ffee313c000 	C:\WINDOWS\SYSTEM32\AVRT.dll
0x00007ffebeae0000 - 0x00007ffebec6a000 	C:\WINDOWS\SYSTEM32\dbghelp.dll

VM Arguments:
jvm_args: -Djava.library.path=O:\OneDrive\Workspace\ZZavatar\lib\base\video;O:\OneDrive\Workspace\ZZavatar\lib\base\video;O:\OneDrive\Workspace\ZZavatar\lib\base\video;O:\OneDrive\Workspace\ZZavatar\lib\base\core;O:\OneDrive\Workspace\ZZavatar\lib\base\core;O:\OneDrive\Workspace\ZZavatar\lib\base\core;O:\OneDrive\Workspace\ZZavatar\lib\base\core;O:\OneDrive\Workspace\ZZavatar\lib\base\core;O:\OneDrive\Workspace\ZZavatar\lib\base\core;O:\OneDrive\Workspace\ZZavatar\lib\base\core;O:\OneDrive\Workspace\ZZavatar\lib\base\core;O:\OneDrive\Workspace\ZZavatar\lib\base\core;O:\OneDrive\Workspace\ZZavatar\lib\base\core;O:\OneDrive\Workspace\ZZavatar\lib\base\core;O:\OneDrive\Workspace\ZZavatar\lib\base\core;O:\OneDrive\Workspace\ZZavatar\lib\base\core;O:\OneDrive\Workspace\ZZavatar\lib\base\core;O:\OneDrive\Workspace\ZZavatar\lib\base\core;O:\OneDrive\Workspace\ZZavatar\lib\user\Kinect4WinSDK;O:\OneDrive\Workspace\ZZavatar\lib\user\KinectPV2;O:\OneDrive\Workspace\ZZavatar\lib\user\SimpleOpenNI -Dfile.encoding=Cp1252 
java_command: zzavatar.ZZavatar
java_class_path (initial): O:\OneDrive\Workspace\ZZavatar\lib\base\video\gstreamer-java.jar;O:\OneDrive\Workspace\ZZavatar\lib\base\video\jna.jar;O:\OneDrive\Workspace\ZZavatar\lib\base\video\video.jar;O:\OneDrive\Workspace\ZZavatar\lib\base\core\core.jar;O:\OneDrive\Workspace\ZZavatar\lib\base\core\gluegen-rt-natives-linux-amd64.jar;O:\OneDrive\Workspace\ZZavatar\lib\base\core\gluegen-rt-natives-linux-armv6hf.jar;O:\OneDrive\Workspace\ZZavatar\lib\base\core\gluegen-rt-natives-linux-i586.jar;O:\OneDrive\Workspace\ZZavatar\lib\base\core\gluegen-rt-natives-macosx-universal.jar;O:\OneDrive\Workspace\ZZavatar\lib\base\core\gluegen-rt-natives-windows-amd64.jar;O:\OneDrive\Workspace\ZZavatar\lib\base\core\gluegen-rt-natives-windows-i586.jar;O:\OneDrive\Workspace\ZZavatar\lib\base\core\gluegen-rt.jar;O:\OneDrive\Workspace\ZZavatar\lib\base\core\jogl-all-natives-linux-amd64.jar;O:\OneDrive\Workspace\ZZavatar\lib\base\core\jogl-all-natives-linux-armv6hf.jar;O:\OneDrive\Workspace\ZZavatar\lib\base\core\jogl-all-natives-linux-i586.jar;O:\OneDrive\Workspace\ZZavatar\lib\base\core\jogl-all-natives-macosx-universal.jar;O:\OneDrive\Workspace\ZZavatar\lib\base\core\jogl-all-natives-windows-amd64.jar;O:\OneDrive\Workspace\ZZavatar\lib\base\core\jogl-all-natives-windows-i586.jar;O:\OneDrive\Workspace\ZZavatar\lib\base\core\jogl-all.jar;O:\OneDrive\Workspace\ZZavatar\lib\user\Kinect4WinSDK\Kinect4WinSDK.jar;O:\OneDrive\Workspace\ZZavatar\lib\user\KinectPV2\KinectPV2.jar;O:\OneDrive\Workspace\ZZavatar\lib\user\SimpleOpenNI\SimpleOpenNI.jar;O:\OneDrive\Workspace\ZZavatar\bin
Launcher Type: SUN_STANDARD

Environment Variables:
JAVA_HOME=C:\Program Files\Java\jdk1.8.0_25
PATH=C:/Program Files/Java/jre1.8.0_25/bin/server;C:/Program Files/Java/jre1.8.0_25/bin;C:/Program Files/Java/jre1.8.0_25/lib/amd64;C:\Program Files (x86)\NVIDIA Corporation\PhysX\Common;C:\ProgramData\Oracle\Java\javapath;C:\Program Files (x86)\Common Files\Intel\Shared Libraries\redist\intel64\compiler;C:\Program Files (x86)\Common Files\Intel\Shared Libraries\redist\ia32\compiler;C:\Program Files (x86)\Intel\iCLS Client\;C:\Program Files\Intel\iCLS Client\;C:\Program Files (x86)\AMD APP\bin\x86_64;C:\Program Files (x86)\AMD APP\bin\x86;C:\WINDOWS\system32;C:\WINDOWS;C:\WINDOWS\System32\Wbem;C:\WINDOWS\System32\WindowsPowerShell\v1.0\;C:\Program Files (x86)\ATI Technologies\ATI.ACE\Core-Static;C:\Program Files\Intel\Intel(R) Management Engine Components\DAL;C:\Program Files\Intel\Intel(R) Management Engine Components\IPT;C:\Program Files (x86)\Intel\Intel(R) Management Engine Components\DAL;C:\Program Files (x86)\Intel\Intel(R) Management Engine Components\IPT;C:\Program Files\Sony\VAIO Improvement\;C:\Program Files (x86)\Sony\VAIO Startup Setting Tool;C:\Program Files (x86)\Windows Kits\8.1\Windows Performance Toolkit\;C:\Program Files\Microsoft SQL Server\110\Tools\Binn\;C:\Program Files (x86)\Microsoft SDKs\TypeScript\1.0\;C:\Program Files\Microsoft\Web Platform Installer\;C:\Program Files (x86)\Java\jre1.8.0_25\bin;P:\Programs\Python27\Scripts;P:\Programs\Python27;C:\Program Files\Common Files\Autodesk Shared\;P:\Program Files\Programs;P:\Program Files\Games;P:\Programs\Eclipse;
USERNAME=Benoît
OS=Windows_NT
PROCESSOR_IDENTIFIER=Intel64 Family 6 Model 58 Stepping 9, GenuineIntel



---------------  S Y S T E M  ---------------

OS: Windows 8.1 , 64 bit Build 9600 

CPU:total 8 (4 cores per cpu, 2 threads per core) family 6 model 58 stepping 9, cmov, cx8, fxsr, mmx, sse, sse2, sse3, ssse3, sse4.1, sse4.2, popcnt, avx, aes, clmul, erms, ht, tsc, tscinvbit, tscinv

Memory: 4k page, physical 6237468k(1821996k free), swap 10431772k(3804084k free)

vm_info: Java HotSpot(TM) 64-Bit Server VM (25.25-b02) for windows-amd64 JRE (1.8.0_25-b18), built on Oct  7 2014 14:25:37 by "java_re" with MS VC++ 10.0 (VS2010)

time: Thu Apr 23 17:09:40 2015
elapsed time: 19 seconds (0d 0h 0m 19s)

