#
# A fatal error has been detected by the Java Runtime Environment:
#
#  EXCEPTION_ACCESS_VIOLATION (0xc0000005) at pc=0x00007ffe7d904113, pid=6444, tid=4708
#
# JRE version: Java(TM) SE Runtime Environment (8.0_25-b18) (build 1.8.0_25-b18)
# Java VM: Java HotSpot(TM) 64-Bit Server VM (25.25-b02 mixed mode windows-amd64 compressed oops)
# Problematic frame:
# C  [KinectPV2.dll+0x4113]
#
# Failed to write core dump. Minidumps are not enabled by default on client versions of Windows
#
# If you would like to submit a bug report, please visit:
#   http://bugreport.sun.com/bugreport/crash.jsp
# The crash happened outside the Java Virtual Machine in native code.
# See problematic frame for where to report the bug.
#

---------------  T H R E A D  ---------------

Current thread (0x00000000191a1800):  JavaThread "Animation Thread" [_thread_in_native, id=4708, stack(0x000000001c410000,0x000000001c510000)]

siginfo: ExceptionCode=0xc0000005, reading address 0xffffffffffffffff

Registers:
RAX=0x74000138a9f93d80, RBX=0x000000002e31a040, RCX=0x0000000065079670, RDX=0x0000000000000000
RSP=0x000000001c50e770, RBP=0x0000000000000006, RSI=0x0000000000000000, RDI=0x000000001f451e28
R8 =0x000000001c50e438, R9 =0x0000000000008000, R10=0x0000000000000000, R11=0x000000001c50e670
R12=0x0000000000000000, R13=0x000000001f9ee0e0, R14=0x0000000000000000, R15=0x00000000191a1800
RIP=0x00007ffe7d904113, EFLAGS=0x0000000000010202

Top of Stack: (sp=0x000000001c50e770)
0x000000001c50e770:   000000001f451df8 000000001fdb1cb8
0x000000001c50e780:   000000001f451df8 0000000000000000
0x000000001c50e790:   000000001c50e860 00007ffe7d901fba
0x000000001c50e7a0:   000000001c50e860 000000001c50e840
0x000000001c50e7b0:   00000000191a19e8 0000000019169770
0x000000001c50e7c0:   00000000a3b3c940 00000000020d5b74
0x000000001c50e7d0:   000000001f9ee0e0 0000000000000021
0x000000001c50e7e0:   0000000000000021 00000000191a1800
0x000000001c50e7f0:   000000001c50e8b8 00000000020d58a2
0x000000001c50e800:   000000001c50e800 000000001f9ee0e0
0x000000001c50e810:   000000001c50e860 000000001f9ef070
0x000000001c50e820:   0000000000000000 000000001f9ee0e0
0x000000001c50e830:   0000000000000000 000000001c50e860
0x000000001c50e840:   000000001c50e8a8 00000000020c7a2d
0x000000001c50e850:   0000000000000000 00000000020cf6b8
0x000000001c50e860:   00000000a3882cf8 000000001c50e868 

Instructions: (pc=0x00007ffe7d904113)
0x00007ffe7d9040f3:   48 8b 0f 48 85 c9 74 09 48 8b 01 ff 50 10 4c 89
0x00007ffe7d904103:   37 48 8b 8f 90 00 00 00 48 85 c9 74 0d 48 8b 01
0x00007ffe7d904113:   ff 50 10 4c 89 b7 90 00 00 00 48 8b 4f 30 48 85
0x00007ffe7d904123:   c9 74 0a 48 8b 01 ff 50 10 4c 89 77 30 48 8b 4f 


Register to memory mapping:

RAX=0x74000138a9f93d80 is an unknown value
RBX=0x000000002e31a040 is an unknown value
RCX=0x0000000065079670 is an unknown value
RDX=0x0000000000000000 is an unknown value
RSP=0x000000001c50e770 is pointing into the stack for thread: 0x00000000191a1800
RBP=0x0000000000000006 is an unknown value
RSI=0x0000000000000000 is an unknown value
RDI=0x000000001f451e28 is an unknown value
R8 =0x000000001c50e438 is pointing into the stack for thread: 0x00000000191a1800
R9 =0x0000000000008000 is an unknown value
R10=0x0000000000000000 is an unknown value
R11=0x000000001c50e670 is pointing into the stack for thread: 0x00000000191a1800
R12=0x0000000000000000 is an unknown value
R13={method} {0x000000001f9ee0e8} 'jniStopDevice' '()V' in 'KinectPV2/Device'
R14=0x0000000000000000 is an unknown value
R15=0x00000000191a1800 is a thread


Stack: [0x000000001c410000,0x000000001c510000],  sp=0x000000001c50e770,  free space=1017k
Native frames: (J=compiled Java code, j=interpreted, Vv=VM code, C=native code)
C  [KinectPV2.dll+0x4113]
C  [KinectPV2.dll+0x1fba]
C  0x00000000020d5b74

Java frames: (J=compiled Java code, j=interpreted, Vv=VM code)
j  KinectPV2.Device.jniStopDevice()V+0
j  KinectPV2.Device.stopDevice()V+41
j  KinectPV2.KinectPV2.dispose()V+14
v  ~StubRoutines::call_stub
j  sun.reflect.NativeMethodAccessorImpl.invoke0(Ljava/lang/reflect/Method;Ljava/lang/Object;[Ljava/lang/Object;)Ljava/lang/Object;+0
j  sun.reflect.NativeMethodAccessorImpl.invoke(Ljava/lang/Object;[Ljava/lang/Object;)Ljava/lang/Object;+100
J 2040 C1 sun.reflect.DelegatingMethodAccessorImpl.invoke(Ljava/lang/Object;[Ljava/lang/Object;)Ljava/lang/Object; (10 bytes) @ 0x0000000002816904 [0x0000000002816800+0x104]
J 2039 C1 java.lang.reflect.Method.invoke(Ljava/lang/Object;[Ljava/lang/Object;)Ljava/lang/Object; (62 bytes) @ 0x0000000002814564 [0x0000000002814180+0x3e4]
j  processing.core.PApplet$RegisteredMethods.handle([Ljava/lang/Object;)V+18
J 1841 C1 processing.core.PApplet.handleMethods(Ljava/lang/String;)V (21 bytes) @ 0x000000000278e51c [0x000000000278e260+0x2bc]
j  processing.core.PApplet.dispose()V+35
j  processing.core.PApplet.run()V+283
j  java.lang.Thread.run()V+11
v  ~StubRoutines::call_stub

---------------  P R O C E S S  ---------------

Java Threads: ( => current thread )
  0x0000000019193800 JavaThread "Thread-4" [_thread_in_native, id=8040, stack(0x000000002eb60000,0x000000002ec60000)]
  0x00000000195e6800 JavaThread "Animation Thread-SharedResourceRunner" daemon [_thread_blocked, id=7592, stack(0x000000001e860000,0x000000001e960000)]
  0x00000000006ae800 JavaThread "DestroyJavaVM" [_thread_blocked, id=7396, stack(0x0000000001ec0000,0x0000000001fc0000)]
  0x000000001915e000 JavaThread "D3D Screen Updater" daemon [_thread_blocked, id=8120, stack(0x000000001c710000,0x000000001c810000)]
=>0x00000000191a1800 JavaThread "Animation Thread" [_thread_in_native, id=4708, stack(0x000000001c410000,0x000000001c510000)]
  0x0000000019108000 JavaThread "AWT-EventQueue-0" [_thread_blocked, id=8004, stack(0x000000001c210000,0x000000001c310000)]
  0x00000000190cb800 JavaThread "AWT-Windows" daemon [_thread_in_native, id=1032, stack(0x00000000199e0000,0x0000000019ae0000)]
  0x00000000190cb000 JavaThread "AWT-Shutdown" [_thread_blocked, id=4340, stack(0x00000000198e0000,0x00000000199e0000)]
  0x00000000190c8000 JavaThread "Java2D Disposer" daemon [_thread_blocked, id=7640, stack(0x00000000197e0000,0x00000000198e0000)]
  0x0000000017eba800 JavaThread "Service Thread" daemon [_thread_blocked, id=8148, stack(0x0000000018800000,0x0000000018900000)]
  0x0000000017e35000 JavaThread "C1 CompilerThread3" daemon [_thread_blocked, id=4028, stack(0x0000000018700000,0x0000000018800000)]
  0x0000000017e2f000 JavaThread "C2 CompilerThread2" daemon [_thread_blocked, id=7532, stack(0x0000000018600000,0x0000000018700000)]
  0x0000000017e2b000 JavaThread "C2 CompilerThread1" daemon [_thread_blocked, id=3012, stack(0x0000000018500000,0x0000000018600000)]
  0x0000000017e29000 JavaThread "C2 CompilerThread0" daemon [_thread_blocked, id=8160, stack(0x0000000018400000,0x0000000018500000)]
  0x0000000017e27000 JavaThread "Attach Listener" daemon [_thread_blocked, id=2688, stack(0x0000000018300000,0x0000000018400000)]
  0x0000000017e26000 JavaThread "Signal Dispatcher" daemon [_thread_blocked, id=5696, stack(0x0000000018200000,0x0000000018300000)]
  0x00000000020ba000 JavaThread "Finalizer" daemon [_thread_blocked, id=1764, stack(0x0000000017d00000,0x0000000017e00000)]
  0x00000000020b1000 JavaThread "Reference Handler" daemon [_thread_blocked, id=2376, stack(0x0000000017c00000,0x0000000017d00000)]

Other Threads:
  0x0000000015e09000 VMThread [stack: 0x0000000017b00000,0x0000000017c00000] [id=7916]
  0x0000000017ebc800 WatcherThread [stack: 0x0000000018900000,0x0000000018a00000] [id=6560]

VM state:not at safepoint (normal execution)

VM Mutex/Monitor currently owned by a thread: None

Heap:
 PSYoungGen      total 380416K, used 164241K [0x00000000e0400000, 0x00000000f9080000, 0x0000000100000000)
  eden space 356352K, 43% used [0x00000000e0400000,0x00000000e9b6f490,0x00000000f6000000)
  from space 24064K, 38% used [0x00000000f6000000,0x00000000f68f5020,0x00000000f7780000)
  to   space 23040K, 0% used [0x00000000f7a00000,0x00000000f7a00000,0x00000000f9080000)
 ParOldGen       total 231936K, used 162780K [0x00000000a0c00000, 0x00000000aee80000, 0x00000000e0400000)
  object space 231936K, 70% used [0x00000000a0c00000,0x00000000aaaf7098,0x00000000aee80000)
 Metaspace       used 17915K, capacity 18121K, committed 18176K, reserved 1064960K
  class space    used 1723K, capacity 1761K, committed 1792K, reserved 1048576K

Card table byte_map: [0x0000000011480000,0x0000000011780000] byte_map_base: 0x0000000010f7a000

Marking Bits: (ParMarkBitMap*) 0x000000006708d490
 Begin Bits: [0x0000000012180000, 0x0000000013950000)
 End Bits:   [0x0000000013950000, 0x0000000015120000)

Polling page: 0x0000000000680000

CodeCache: size=245760Kb used=8700Kb max_used=8712Kb free=237059Kb
 bounds [0x00000000020c0000, 0x0000000002950000, 0x00000000110c0000]
 total_blobs=3185 nmethods=2314 adapters=785
 compilation: enabled

Compilation events (10 events):
Event: 16.680 Thread 0x0000000017e2b000 2318       4       processing.opengl.PGraphicsOpenGL::updateProjmodelview (23 bytes)
Event: 16.680 Thread 0x0000000017e2f000 2319       4       processing.core.PMatrix3D::apply (69 bytes)
Event: 16.681 Thread 0x0000000017e2f000 nmethod 2319 0x0000000002944ed0 code [0x0000000002945020, 0x0000000002945148]
Event: 16.682 Thread 0x0000000017e2b000 nmethod 2318 0x0000000002943510 code [0x0000000002943660, 0x0000000002943888]
Event: 16.705 Thread 0x0000000017e29000 2320  s    4       jogamp.opengl.GLBufferObjectTracker::createBufferStorage (459 bytes)
Event: 16.705 Thread 0x0000000017e2f000 2321       4       com.jogamp.common.util.IntObjectHashMap::get (52 bytes)
Event: 16.707 Thread 0x0000000017e2f000 nmethod 2321 0x0000000002943210 code [0x0000000002943340, 0x0000000002943418]
Event: 16.725 Thread 0x0000000017e29000 nmethod 2320 0x0000000002949450 code [0x00000000029496e0, 0x000000000294a8b8]
Event: 16.781 Thread 0x0000000017e2b000 2322       4       processing.opengl.PGraphicsOpenGL$Tessellator::tessellateLines3D (120 bytes)
Event: 16.789 Thread 0x0000000017e2b000 nmethod 2322 0x0000000002946750 code [0x0000000002946940, 0x0000000002946e88]

GC Heap History (10 events):
Event: 14.964 GC heap before
{Heap before GC invocations=36 (full 3):
 PSYoungGen      total 378368K, used 357380K [0x00000000e0400000, 0x00000000f9500000, 0x0000000100000000)
  eden space 349184K, 100% used [0x00000000e0400000,0x00000000f5900000,0x00000000f5900000)
  from space 29184K, 28% used [0x00000000f7880000,0x00000000f8081010,0x00000000f9500000)
  to   space 30720K, 0% used [0x00000000f5900000,0x00000000f5900000,0x00000000f7700000)
 ParOldGen       total 231936K, used 162732K [0x00000000a0c00000, 0x00000000aee80000, 0x00000000e0400000)
  object space 231936K, 70% used [0x00000000a0c00000,0x00000000aaaeb098,0x00000000aee80000)
 Metaspace       used 17803K, capacity 17993K, committed 18176K, reserved 1064960K
  class space    used 1712K, capacity 1761K, committed 1792K, reserved 1048576K
Event: 14.966 GC heap after
Heap after GC invocations=36 (full 3):
 PSYoungGen      total 379904K, used 128K [0x00000000e0400000, 0x00000000f9780000, 0x0000000100000000)
  eden space 349184K, 0% used [0x00000000e0400000,0x00000000e0400000,0x00000000f5900000)
  from space 30720K, 0% used [0x00000000f5900000,0x00000000f5920000,0x00000000f7700000)
  to   space 30208K, 0% used [0x00000000f7a00000,0x00000000f7a00000,0x00000000f9780000)
 ParOldGen       total 231936K, used 162740K [0x00000000a0c00000, 0x00000000aee80000, 0x00000000e0400000)
  object space 231936K, 70% used [0x00000000a0c00000,0x00000000aaaed098,0x00000000aee80000)
 Metaspace       used 17803K, capacity 17993K, committed 18176K, reserved 1064960K
  class space    used 1712K, capacity 1761K, committed 1792K, reserved 1048576K
}
Event: 15.502 GC heap before
{Heap before GC invocations=37 (full 3):
 PSYoungGen      total 379904K, used 349312K [0x00000000e0400000, 0x00000000f9780000, 0x0000000100000000)
  eden space 349184K, 100% used [0x00000000e0400000,0x00000000f5900000,0x00000000f5900000)
  from space 30720K, 0% used [0x00000000f5900000,0x00000000f5920000,0x00000000f7700000)
  to   space 30208K, 0% used [0x00000000f7a00000,0x00000000f7a00000,0x00000000f9780000)
 ParOldGen       total 231936K, used 162740K [0x00000000a0c00000, 0x00000000aee80000, 0x00000000e0400000)
  object space 231936K, 70% used [0x00000000a0c00000,0x00000000aaaed098,0x00000000aee80000)
 Metaspace       used 17812K, capacity 17993K, committed 18176K, reserved 1064960K
  class space    used 1712K, capacity 1761K, committed 1792K, reserved 1048576K
Event: 15.505 GC heap after
Heap after GC invocations=37 (full 3):
 PSYoungGen      total 377856K, used 8260K [0x00000000e0400000, 0x00000000f9280000, 0x0000000100000000)
  eden space 352768K, 0% used [0x00000000e0400000,0x00000000e0400000,0x00000000f5c80000)
  from space 25088K, 32% used [0x00000000f7a00000,0x00000000f8211010,0x00000000f9280000)
  to   space 27648K, 0% used [0x00000000f5c80000,0x00000000f5c80000,0x00000000f7780000)
 ParOldGen       total 231936K, used 162748K [0x00000000a0c00000, 0x00000000aee80000, 0x00000000e0400000)
  object space 231936K, 70% used [0x00000000a0c00000,0x00000000aaaef098,0x00000000aee80000)
 Metaspace       used 17812K, capacity 17993K, committed 18176K, reserved 1064960K
  class space    used 1712K, capacity 1761K, committed 1792K, reserved 1048576K
}
Event: 16.070 GC heap before
{Heap before GC invocations=38 (full 3):
 PSYoungGen      total 377856K, used 361028K [0x00000000e0400000, 0x00000000f9280000, 0x0000000100000000)
  eden space 352768K, 100% used [0x00000000e0400000,0x00000000f5c80000,0x00000000f5c80000)
  from space 25088K, 32% used [0x00000000f7a00000,0x00000000f8211010,0x00000000f9280000)
  to   space 27648K, 0% used [0x00000000f5c80000,0x00000000f5c80000,0x00000000f7780000)
 ParOldGen       total 231936K, used 162748K [0x00000000a0c00000, 0x00000000aee80000, 0x00000000e0400000)
  object space 231936K, 70% used [0x00000000a0c00000,0x00000000aaaef098,0x00000000aee80000)
 Metaspace       used 17813K, capacity 17993K, committed 18176K, reserved 1064960K
  class space    used 1712K, capacity 1761K, committed 1792K, reserved 1048576K
Event: 16.073 GC heap after
Heap after GC invocations=38 (full 3):
 PSYoungGen      total 380416K, used 8292K [0x00000000e0400000, 0x00000000f9300000, 0x0000000100000000)
  eden space 352768K, 0% used [0x00000000e0400000,0x00000000e0400000,0x00000000f5c80000)
  from space 27648K, 29% used [0x00000000f5c80000,0x00000000f6499010,0x00000000f7780000)
  to   space 26112K, 0% used [0x00000000f7980000,0x00000000f7980000,0x00000000f9300000)
 ParOldGen       total 231936K, used 162756K [0x00000000a0c00000, 0x00000000aee80000, 0x00000000e0400000)
  object space 231936K, 70% used [0x00000000a0c00000,0x00000000aaaf1098,0x00000000aee80000)
 Metaspace       used 17813K, capacity 17993K, committed 18176K, reserved 1064960K
  class space    used 1712K, capacity 1761K, committed 1792K, reserved 1048576K
}
Event: 16.634 GC heap before
{Heap before GC invocations=39 (full 3):
 PSYoungGen      total 380416K, used 361060K [0x00000000e0400000, 0x00000000f9300000, 0x0000000100000000)
  eden space 352768K, 100% used [0x00000000e0400000,0x00000000f5c80000,0x00000000f5c80000)
  from space 27648K, 29% used [0x00000000f5c80000,0x00000000f6499010,0x00000000f7780000)
  to   space 26112K, 0% used [0x00000000f7980000,0x00000000f7980000,0x00000000f9300000)
 ParOldGen       total 231936K, used 162756K [0x00000000a0c00000, 0x00000000aee80000, 0x00000000e0400000)
  object space 231936K, 70% used [0x00000000a0c00000,0x00000000aaaf1098,0x00000000aee80000)
 Metaspace       used 17880K, capacity 18121K, committed 18176K, reserved 1064960K
  class space    used 1712K, capacity 1761K, committed 1792K, reserved 1048576K
Event: 16.636 GC heap after
Heap after GC invocations=39 (full 3):
 PSYoungGen      total 378368K, used 8260K [0x00000000e0400000, 0x00000000f8f00000, 0x0000000100000000)
  eden space 356352K, 0% used [0x00000000e0400000,0x00000000e0400000,0x00000000f6000000)
  from space 22016K, 37% used [0x00000000f7980000,0x00000000f8191010,0x00000000f8f00000)
  to   space 24064K, 0% used [0x00000000f6000000,0x00000000f6000000,0x00000000f7780000)
 ParOldGen       total 231936K, used 162780K [0x00000000a0c00000, 0x00000000aee80000, 0x00000000e0400000)
  object space 231936K, 70% used [0x00000000a0c00000,0x00000000aaaf7098,0x00000000aee80000)
 Metaspace       used 17880K, capacity 18121K, committed 18176K, reserved 1064960K
  class space    used 1712K, capacity 1761K, committed 1792K, reserved 1048576K
}
Event: 17.201 GC heap before
{Heap before GC invocations=40 (full 3):
 PSYoungGen      total 378368K, used 364612K [0x00000000e0400000, 0x00000000f8f00000, 0x0000000100000000)
  eden space 356352K, 100% used [0x00000000e0400000,0x00000000f6000000,0x00000000f6000000)
  from space 22016K, 37% used [0x00000000f7980000,0x00000000f8191010,0x00000000f8f00000)
  to   space 24064K, 0% used [0x00000000f6000000,0x00000000f6000000,0x00000000f7780000)
 ParOldGen       total 231936K, used 162780K [0x00000000a0c00000, 0x00000000aee80000, 0x00000000e0400000)
  object space 231936K, 70% used [0x00000000a0c00000,0x00000000aaaf7098,0x00000000aee80000)
 Metaspace       used 17880K, capacity 18121K, committed 18176K, reserved 1064960K
  class space    used 1712K, capacity 1761K, committed 1792K, reserved 1048576K
Event: 17.203 GC heap after
Heap after GC invocations=40 (full 3):
 PSYoungGen      total 380416K, used 9172K [0x00000000e0400000, 0x00000000f9080000, 0x0000000100000000)
  eden space 356352K, 0% used [0x00000000e0400000,0x00000000e0400000,0x00000000f6000000)
  from space 24064K, 38% used [0x00000000f6000000,0x00000000f68f5020,0x00000000f7780000)
  to   space 23040K, 0% used [0x00000000f7a00000,0x00000000f7a00000,0x00000000f9080000)
 ParOldGen       total 231936K, used 162780K [0x00000000a0c00000, 0x00000000aee80000, 0x00000000e0400000)
  object space 231936K, 70% used [0x00000000a0c00000,0x00000000aaaf7098,0x00000000aee80000)
 Metaspace       used 17880K, capacity 18121K, committed 18176K, reserved 1064960K
  class space    used 1712K, capacity 1761K, committed 1792K, reserved 1048576K
}

Deoptimization events (10 events):
Event: 1.683 Thread 0x0000000019108000 Uncommon trap: reason=unreached action=reinterpret pc=0x00000000023d0f8c method=com.jogamp.common.nio.Buffers.getDirectBufferByteOffset(Ljava/lang/Object;)I @ 1
Event: 2.023 Thread 0x0000000019108000 Uncommon trap: reason=unreached action=reinterpret pc=0x00000000023d38d0 method=com.jogamp.common.util.IntIntHashMap.get(I)I @ 19
Event: 2.365 Thread 0x0000000019108000 Uncommon trap: reason=array_check action=maybe_recompile pc=0x0000000002489e38 method=java.util.AbstractCollection.toArray([Ljava/lang/Object;)[Ljava/lang/Object; @ 119
Event: 2.365 Thread 0x0000000019108000 Uncommon trap: reason=array_check action=maybe_recompile pc=0x0000000002489e38 method=java.util.AbstractCollection.toArray([Ljava/lang/Object;)[Ljava/lang/Object; @ 119
Event: 2.365 Thread 0x0000000019108000 Uncommon trap: reason=array_check action=maybe_recompile pc=0x0000000002489e38 method=java.util.AbstractCollection.toArray([Ljava/lang/Object;)[Ljava/lang/Object; @ 119
Event: 2.365 Thread 0x0000000019108000 Uncommon trap: reason=array_check action=maybe_recompile pc=0x0000000002489e38 method=java.util.AbstractCollection.toArray([Ljava/lang/Object;)[Ljava/lang/Object; @ 119
Event: 2.435 Thread 0x000000001915c000 Uncommon trap: reason=range_check action=make_not_entrant pc=0x0000000002457408 method=java.awt.image.DirectColorModel.setFields()V @ 65
Event: 2.961 Thread 0x0000000019108000 Uncommon trap: reason=predicate action=maybe_recompile pc=0x00000000024b31c4 method=java.util.ArrayList.indexOf(Ljava/lang/Object;)I @ 44
Event: 3.445 Thread 0x0000000019108000 Uncommon trap: reason=unreached action=reinterpret pc=0x00000000024bcd80 method=processing.opengl.PGraphicsOpenGL$InGeometry.addVertex(FFFIFFFFFIFIIIFIZ)I @ 218
Event: 3.757 Thread 0x0000000019108000 Uncommon trap: reason=unreached action=reinterpret pc=0x0000000002387e30 method=java.lang.reflect.AccessibleObject.setAccessible0(Ljava/lang/reflect/AccessibleObject;Z)V @ 4

Internal exceptions (10 events):
Event: 3.323 Thread 0x0000000019108000 Exception <a 'java/security/PrivilegedActionException'> (0x00000000e4397940) thrown at [D:\re\workspace\8-2-build-windows-amd64-cygwin\jdk8u25\1677\hotspot\src\share\vm\prims\jvm.cpp, line 1312]
Event: 3.323 Thread 0x0000000019108000 Exception <a 'java/security/PrivilegedActionException'> (0x00000000e439b800) thrown at [D:\re\workspace\8-2-build-windows-amd64-cygwin\jdk8u25\1677\hotspot\src\share\vm\prims\jvm.cpp, line 1312]
Event: 3.324 Thread 0x0000000019108000 Exception <a 'java/security/PrivilegedActionException'> (0x00000000e439fc08) thrown at [D:\re\workspace\8-2-build-windows-amd64-cygwin\jdk8u25\1677\hotspot\src\share\vm\prims\jvm.cpp, line 1312]
Event: 3.324 Thread 0x0000000019108000 Exception <a 'java/security/PrivilegedActionException'> (0x00000000e43a3ff0) thrown at [D:\re\workspace\8-2-build-windows-amd64-cygwin\jdk8u25\1677\hotspot\src\share\vm\prims\jvm.cpp, line 1312]
Event: 3.324 Thread 0x0000000019108000 Exception <a 'java/security/PrivilegedActionException'> (0x00000000e43a7b48) thrown at [D:\re\workspace\8-2-build-windows-amd64-cygwin\jdk8u25\1677\hotspot\src\share\vm\prims\jvm.cpp, line 1312]
Event: 3.324 Thread 0x0000000019108000 Exception <a 'java/security/PrivilegedActionException'> (0x00000000e43ac348) thrown at [D:\re\workspace\8-2-build-windows-amd64-cygwin\jdk8u25\1677\hotspot\src\share\vm\prims\jvm.cpp, line 1312]
Event: 3.324 Thread 0x0000000019108000 Exception <a 'java/security/PrivilegedActionException'> (0x00000000e43afa80) thrown at [D:\re\workspace\8-2-build-windows-amd64-cygwin\jdk8u25\1677\hotspot\src\share\vm\prims\jvm.cpp, line 1312]
Event: 3.325 Thread 0x0000000019108000 Exception <a 'java/security/PrivilegedActionException'> (0x00000000e43b39c8) thrown at [D:\re\workspace\8-2-build-windows-amd64-cygwin\jdk8u25\1677\hotspot\src\share\vm\prims\jvm.cpp, line 1312]
Event: 3.325 Thread 0x0000000019108000 Exception <a 'java/security/PrivilegedActionException'> (0x00000000e43b98d8) thrown at [D:\re\workspace\8-2-build-windows-amd64-cygwin\jdk8u25\1677\hotspot\src\share\vm\prims\jvm.cpp, line 1312]
Event: 3.337 Thread 0x0000000019108000 Exception <a 'java/security/PrivilegedActionException'> (0x00000000e4494ee8) thrown at [D:\re\workspace\8-2-build-windows-amd64-cygwin\jdk8u25\1677\hotspot\src\share\vm\prims\jvm.cpp, line 1312]

Events (10 events):
Event: 17.414 loading class javax/swing/JComponent$IntVector
Event: 17.414 loading class javax/swing/JComponent$IntVector done
Event: 17.414 loading class javax/swing/KeyboardManager
Event: 17.414 loading class javax/swing/KeyboardManager done
Event: 17.414 loading class javax/swing/Popup$HeavyWeightWindow
Event: 17.414 loading class sun/awt/ModalExclude
Event: 17.414 loading class sun/awt/ModalExclude done
Event: 17.414 loading class javax/swing/JWindow
Event: 17.415 loading class javax/swing/JWindow done
Event: 17.415 loading class javax/swing/Popup$HeavyWeightWindow done


Dynamic libraries:
0x00007ff68d590000 - 0x00007ff68d5c4000 	C:\Program Files\Java\jre1.8.0_25\bin\javaw.exe
0x00007ffe8a980000 - 0x00007ffe8ab2c000 	C:\WINDOWS\SYSTEM32\ntdll.dll
0x00007ffe880e0000 - 0x00007ffe8821e000 	C:\WINDOWS\system32\KERNEL32.DLL
0x00007ffe87c50000 - 0x00007ffe87d65000 	C:\WINDOWS\system32\KERNELBASE.dll
0x00007ffe86650000 - 0x00007ffe866de000 	C:\WINDOWS\system32\apphelp.dll
0x00007ffe7bde0000 - 0x00007ffe7be33000 	C:\WINDOWS\AppPatch\AppPatch64\AcGenral.DLL
0x00007ffe88c10000 - 0x00007ffe88cba000 	C:\WINDOWS\system32\msvcrt.dll
0x00007ffe87900000 - 0x00007ffe8792e000 	C:\WINDOWS\SYSTEM32\SspiCli.dll
0x00007ffe885f0000 - 0x00007ffe88644000 	C:\WINDOWS\system32\SHLWAPI.dll
0x00007ffe88290000 - 0x00007ffe88407000 	C:\WINDOWS\system32\USER32.dll
0x00007ffe8a400000 - 0x00007ffe8a594000 	C:\WINDOWS\system32\ole32.dll
0x00007ffe88ee0000 - 0x00007ffe8a3f8000 	C:\WINDOWS\system32\SHELL32.dll
0x00007ffe87070000 - 0x00007ffe87091000 	C:\WINDOWS\SYSTEM32\USERENV.dll
0x00007ffe889f0000 - 0x00007ffe88a9a000 	C:\WINDOWS\system32\ADVAPI32.dll
0x00007ffe7af60000 - 0x00007ffe7af7e000 	C:\WINDOWS\SYSTEM32\MPR.dll
0x00007ffe88840000 - 0x00007ffe88981000 	C:\WINDOWS\system32\RPCRT4.dll
0x00007ffe88b60000 - 0x00007ffe88bb9000 	C:\WINDOWS\SYSTEM32\sechost.dll
0x00007ffe88cc0000 - 0x00007ffe88ed1000 	C:\WINDOWS\SYSTEM32\combase.dll
0x00007ffe8a5a0000 - 0x00007ffe8a6f1000 	C:\WINDOWS\system32\GDI32.dll
0x00007ffe87ad0000 - 0x00007ffe87ae5000 	C:\WINDOWS\SYSTEM32\profapi.dll
0x00007ffe85e70000 - 0x00007ffe85f22000 	C:\WINDOWS\SYSTEM32\SHCORE.dll
0x00007ffe88bd0000 - 0x00007ffe88c06000 	C:\WINDOWS\system32\IMM32.DLL
0x00007ffe88650000 - 0x00007ffe887a2000 	C:\WINDOWS\system32\MSCTF.dll
0x00007ffe851d0000 - 0x00007ffe8544b000 	C:\WINDOWS\WinSxS\amd64_microsoft.windows.common-controls_6595b64144ccf1df_6.0.9600.17415_none_6240486fecbd8abb\COMCTL32.dll
0x0000000066780000 - 0x0000000066852000 	C:\Program Files\Java\jre1.8.0_25\bin\msvcr100.dll
0x00000000668b0000 - 0x000000006710a000 	C:\Program Files\Java\jre1.8.0_25\bin\server\jvm.dll
0x00007ffe6eb60000 - 0x00007ffe6eb69000 	C:\WINDOWS\SYSTEM32\WSOCK32.dll
0x00007ffe7b5d0000 - 0x00007ffe7b5f2000 	C:\WINDOWS\SYSTEM32\WINMM.dll
0x00007ffe88bc0000 - 0x00007ffe88bc7000 	C:\WINDOWS\system32\PSAPI.DLL
0x00007ffe887e0000 - 0x00007ffe8883a000 	C:\WINDOWS\system32\WS2_32.dll
0x00007ffe7b5a0000 - 0x00007ffe7b5ca000 	C:\WINDOWS\SYSTEM32\WINMMBASE.dll
0x00007ffe880d0000 - 0x00007ffe880d9000 	C:\WINDOWS\system32\NSI.dll
0x00007ffe87fb0000 - 0x00007ffe87fff000 	C:\WINDOWS\SYSTEM32\cfgmgr32.dll
0x00007ffe868c0000 - 0x00007ffe868e8000 	C:\WINDOWS\SYSTEM32\DEVOBJ.dll
0x0000000067ae0000 - 0x0000000067aef000 	C:\Program Files\Java\jre1.8.0_25\bin\verify.dll
0x0000000067ab0000 - 0x0000000067ad8000 	C:\Program Files\Java\jre1.8.0_25\bin\java.dll
0x0000000067a90000 - 0x0000000067aa6000 	C:\Program Files\Java\jre1.8.0_25\bin\zip.dll
0x00000000665e0000 - 0x0000000066778000 	C:\Program Files\Java\jre1.8.0_25\bin\awt.dll
0x00007ffe8a700000 - 0x00007ffe8a7c1000 	C:\WINDOWS\system32\OLEAUT32.dll
0x00007ffe85c70000 - 0x00007ffe85c91000 	C:\WINDOWS\system32\DWMAPI.DLL
0x00007ffe86790000 - 0x00007ffe868b9000 	C:\WINDOWS\system32\uxtheme.dll
0x00007ffe868f0000 - 0x00007ffe868fb000 	C:\WINDOWS\SYSTEM32\kernel.appcore.dll
0x00007ffe879a0000 - 0x00007ffe879ab000 	C:\WINDOWS\SYSTEM32\CRYPTBASE.dll
0x00007ffe87930000 - 0x00007ffe87993000 	C:\WINDOWS\SYSTEM32\bcryptPrimitives.dll
0x00007ffe7cd90000 - 0x00007ffe7cfb1000 	C:\WINDOWS\system32\d3d9.dll
0x00007ffe857e0000 - 0x00007ffe857ea000 	C:\WINDOWS\SYSTEM32\VERSION.dll
0x00007ffe85080000 - 0x00007ffe851cb000 	C:\WINDOWS\SYSTEM32\aticfx64.dll
0x00007ffe63110000 - 0x00007ffe63131000 	C:\WINDOWS\SYSTEM32\atiu9p64.dll
0x00007ffe62920000 - 0x00007ffe63105000 	C:\WINDOWS\SYSTEM32\atiumd64.dll
0x00000000671f0000 - 0x00000000679a7000 	C:\WINDOWS\SYSTEM32\atiumd6a.dll
0x0000000066590000 - 0x00000000665d7000 	C:\Program Files\Java\jre1.8.0_25\bin\fontmanager.dll
0x00007ffe87340000 - 0x00007ffe87360000 	C:\WINDOWS\SYSTEM32\CRYPTSP.dll
0x00007ffe86f60000 - 0x00007ffe86f96000 	C:\WINDOWS\system32\rsaenh.dll
0x00007ffe875f0000 - 0x00007ffe87616000 	C:\WINDOWS\SYSTEM32\bcrypt.dll
0x0000000067a70000 - 0x0000000067a8a000 	C:\Program Files\Java\jre1.8.0_25\bin\net.dll
0x00007ffe872e0000 - 0x00007ffe87339000 	C:\WINDOWS\system32\mswsock.dll
0x00007ffe83800000 - 0x00007ffe8382a000 	C:\WINDOWS\SYSTEM32\IPHLPAPI.DLL
0x00007ffe84f70000 - 0x00007ffe84f7a000 	C:\WINDOWS\SYSTEM32\WINNSI.DLL
0x00007ffe82890000 - 0x00007ffe828a6000 	C:\WINDOWS\SYSTEM32\dhcpcsvc6.DLL
0x00007ffe829e0000 - 0x00007ffe829fa000 	C:\WINDOWS\SYSTEM32\dhcpcsvc.DLL
0x0000000066890000 - 0x00000000668a1000 	C:\Program Files\Java\jre1.8.0_25\bin\nio.dll
0x00000000637c0000 - 0x00000000637cd000 	S:\Users\Ben\AppData\Local\Temp\jogamp_0000\file_cache\jln7237422996760136341\jln6126612275114918390\gluegen-rt.dll
0x0000000067a60000 - 0x0000000067a67000 	C:\Program Files\Java\jre1.8.0_25\bin\jawt.dll
0x000000006a440000 - 0x000000006a44d000 	S:\Users\Ben\AppData\Local\Temp\jogamp_0000\file_cache\jln7237422996760136341\jln6126612275114918390\nativewindow_awt.dll
0x000000006c100000 - 0x000000006c10f000 	S:\Users\Ben\AppData\Local\Temp\jogamp_0000\file_cache\jln7237422996760136341\jln6126612275114918390\nativewindow_win32.dll
0x00007ffe72140000 - 0x00007ffe7226b000 	C:\WINDOWS\SYSTEM32\OpenGL32.dll
0x00007ffe7d130000 - 0x00007ffe7d15e000 	C:\WINDOWS\SYSTEM32\GLU32.dll
0x00007ffe769d0000 - 0x00007ffe76ac8000 	C:\WINDOWS\SYSTEM32\DDRAW.dll
0x00007ffe83400000 - 0x00007ffe83409000 	C:\WINDOWS\SYSTEM32\DCIMAN32.dll
0x0000000064500000 - 0x00000000645a2000 	S:\Users\Ben\AppData\Local\Temp\jogamp_0000\file_cache\jln7237422996760136341\jln6126612275114918390\jogl_desktop.dll
0x00007ffe7d110000 - 0x00007ffe7d128000 	C:\WINDOWS\SYSTEM32\atig6pxx.dll
0x00000000649e0000 - 0x000000006658f000 	C:\WINDOWS\SYSTEM32\atio6axx.dll
0x00007ffe88410000 - 0x00007ffe885ea000 	C:\WINDOWS\system32\SETUPAPI.dll
0x00007ffe83830000 - 0x00007ffe83967000 	C:\WINDOWS\SYSTEM32\atiadlxx.dll
0x00007ffe83e00000 - 0x00007ffe83f7f000 	C:\WINDOWS\SYSTEM32\PROPSYS.dll
0x00007ffe866e0000 - 0x00007ffe866f2000 	C:\WINDOWS\SYSTEM32\WTSAPI32.dll
0x00007ffe87f50000 - 0x00007ffe87fa1000 	C:\WINDOWS\system32\WINTRUST.dll
0x00007ffe87d70000 - 0x00007ffe87f4f000 	C:\WINDOWS\system32\CRYPT32.dll
0x00007ffe87b80000 - 0x00007ffe87b91000 	C:\WINDOWS\system32\MSASN1.dll
0x00007ffe7b3c0000 - 0x00007ffe7b3e9000 	C:\WINDOWS\SYSTEM32\atig6txx.dll
0x00007ffe6f0f0000 - 0x00007ffe6f28c000 	O:\OneDrive\Workspace\ZZavatar\lib\user\KinectPV2\Kinect20.Face.dll
0x00007ffe7b0e0000 - 0x00007ffe7b187000 	C:\WINDOWS\SYSTEM32\MSVCP110.dll
0x00007ffe80220000 - 0x00007ffe802ee000 	C:\WINDOWS\SYSTEM32\MSVCR110.dll
0x00007ffe7d900000 - 0x00007ffe7d910000 	O:\OneDrive\Workspace\ZZavatar\lib\user\KinectPV2\KinectPV2.dll
0x00007ffe725a0000 - 0x00007ffe7265a000 	C:\WINDOWS\SYSTEM32\Kinect20.dll
0x00007ffe7b1e0000 - 0x00007ffe7b2cb000 	C:\WINDOWS\SYSTEM32\MFPlat.DLL
0x00007ffe7af80000 - 0x00007ffe7afa7000 	C:\WINDOWS\SYSTEM32\RTWorkQ.DLL
0x00007ffe856b0000 - 0x00007ffe856bc000 	C:\WINDOWS\SYSTEM32\AVRT.dll
0x00007ffe62090000 - 0x00007ffe6221a000 	C:\WINDOWS\SYSTEM32\dbghelp.dll

VM Arguments:
jvm_args: -Djava.library.path=O:\OneDrive\Workspace\ZZavatar\lib\base\video;O:\OneDrive\Workspace\ZZavatar\lib\base\video;O:\OneDrive\Workspace\ZZavatar\lib\base\video;O:\OneDrive\Workspace\ZZavatar\lib\base\core;O:\OneDrive\Workspace\ZZavatar\lib\base\core;O:\OneDrive\Workspace\ZZavatar\lib\base\core;O:\OneDrive\Workspace\ZZavatar\lib\base\core;O:\OneDrive\Workspace\ZZavatar\lib\base\core;O:\OneDrive\Workspace\ZZavatar\lib\base\core;O:\OneDrive\Workspace\ZZavatar\lib\base\core;O:\OneDrive\Workspace\ZZavatar\lib\base\core;O:\OneDrive\Workspace\ZZavatar\lib\base\core;O:\OneDrive\Workspace\ZZavatar\lib\base\core;O:\OneDrive\Workspace\ZZavatar\lib\base\core;O:\OneDrive\Workspace\ZZavatar\lib\base\core;O:\OneDrive\Workspace\ZZavatar\lib\base\core;O:\OneDrive\Workspace\ZZavatar\lib\base\core;O:\OneDrive\Workspace\ZZavatar\lib\base\core;O:\OneDrive\Workspace\ZZavatar\lib\user\Kinect4WinSDK;O:\OneDrive\Workspace\ZZavatar\lib\user\KinectPV2;O:\OneDrive\Workspace\ZZavatar\lib\user\SimpleOpenNI -Dfile.encoding=Cp1252 
java_command: zzavatar.ZZavatar
java_class_path (initial): O:\OneDrive\Workspace\ZZavatar\lib\base\video\gstreamer-java.jar;O:\OneDrive\Workspace\ZZavatar\lib\base\video\jna.jar;O:\OneDrive\Workspace\ZZavatar\lib\base\video\video.jar;O:\OneDrive\Workspace\ZZavatar\lib\base\core\core.jar;O:\OneDrive\Workspace\ZZavatar\lib\base\core\gluegen-rt-natives-linux-amd64.jar;O:\OneDrive\Workspace\ZZavatar\lib\base\core\gluegen-rt-natives-linux-armv6hf.jar;O:\OneDrive\Workspace\ZZavatar\lib\base\core\gluegen-rt-natives-linux-i586.jar;O:\OneDrive\Workspace\ZZavatar\lib\base\core\gluegen-rt-natives-macosx-universal.jar;O:\OneDrive\Workspace\ZZavatar\lib\base\core\gluegen-rt-natives-windows-amd64.jar;O:\OneDrive\Workspace\ZZavatar\lib\base\core\gluegen-rt-natives-windows-i586.jar;O:\OneDrive\Workspace\ZZavatar\lib\base\core\gluegen-rt.jar;O:\OneDrive\Workspace\ZZavatar\lib\base\core\jogl-all-natives-linux-amd64.jar;O:\OneDrive\Workspace\ZZavatar\lib\base\core\jogl-all-natives-linux-armv6hf.jar;O:\OneDrive\Workspace\ZZavatar\lib\base\core\jogl-all-natives-linux-i586.jar;O:\OneDrive\Workspace\ZZavatar\lib\base\core\jogl-all-natives-macosx-universal.jar;O:\OneDrive\Workspace\ZZavatar\lib\base\core\jogl-all-natives-windows-amd64.jar;O:\OneDrive\Workspace\ZZavatar\lib\base\core\jogl-all-natives-windows-i586.jar;O:\OneDrive\Workspace\ZZavatar\lib\base\core\jogl-all.jar;O:\OneDrive\Workspace\ZZavatar\lib\user\Kinect4WinSDK\Kinect4WinSDK.jar;O:\OneDrive\Workspace\ZZavatar\lib\user\KinectPV2\KinectPV2.jar;O:\OneDrive\Workspace\ZZavatar\lib\user\SimpleOpenNI\SimpleOpenNI.jar;O:\OneDrive\Workspace\ZZavatar\bin
Launcher Type: SUN_STANDARD

Environment Variables:
JAVA_HOME=C:\Program Files\Java\jdk1.8.0_25
PATH=C:/Program Files/Java/jre1.8.0_25/bin/server;C:/Program Files/Java/jre1.8.0_25/bin;C:/Program Files/Java/jre1.8.0_25/lib/amd64;C:\Program Files (x86)\NVIDIA Corporation\PhysX\Common;C:\ProgramData\Oracle\Java\javapath;C:\Program Files (x86)\Common Files\Intel\Shared Libraries\redist\intel64\compiler;C:\Program Files (x86)\Common Files\Intel\Shared Libraries\redist\ia32\compiler;C:\Program Files (x86)\Intel\iCLS Client\;C:\Program Files\Intel\iCLS Client\;C:\Program Files (x86)\AMD APP\bin\x86_64;C:\Program Files (x86)\AMD APP\bin\x86;C:\WINDOWS\system32;C:\WINDOWS;C:\WINDOWS\System32\Wbem;C:\WINDOWS\System32\WindowsPowerShell\v1.0\;C:\Program Files (x86)\ATI Technologies\ATI.ACE\Core-Static;C:\Program Files\Intel\Intel(R) Management Engine Components\DAL;C:\Program Files\Intel\Intel(R) Management Engine Components\IPT;C:\Program Files (x86)\Intel\Intel(R) Management Engine Components\DAL;C:\Program Files (x86)\Intel\Intel(R) Management Engine Components\IPT;C:\Program Files\Sony\VAIO Improvement\;C:\Program Files (x86)\Sony\VAIO Startup Setting Tool;C:\Program Files (x86)\Windows Kits\8.1\Windows Performance Toolkit\;C:\Program Files\Microsoft SQL Server\110\Tools\Binn\;C:\Program Files (x86)\Microsoft SDKs\TypeScript\1.0\;C:\Program Files\Microsoft\Web Platform Installer\;C:\Program Files (x86)\Java\jre1.8.0_25\bin;P:\Programs\Python27\Scripts;P:\Programs\Python27;C:\Program Files\Common Files\Autodesk Shared\;P:\Program Files\Programs;P:\Program Files\Games;P:\Programs\Eclipse;
USERNAME=Benoît
OS=Windows_NT
PROCESSOR_IDENTIFIER=Intel64 Family 6 Model 58 Stepping 9, GenuineIntel



---------------  S Y S T E M  ---------------

OS: Windows 8.1 , 64 bit Build 9600 

CPU:total 8 (4 cores per cpu, 2 threads per core) family 6 model 58 stepping 9, cmov, cx8, fxsr, mmx, sse, sse2, sse3, ssse3, sse4.1, sse4.2, popcnt, avx, aes, clmul, erms, ht, tsc, tscinvbit, tscinv

Memory: 4k page, physical 6237468k(2081536k free), swap 10431772k(5162160k free)

vm_info: Java HotSpot(TM) 64-Bit Server VM (25.25-b02) for windows-amd64 JRE (1.8.0_25-b18), built on Oct  7 2014 14:25:37 by "java_re" with MS VC++ 10.0 (VS2010)

time: Sat Apr 25 17:52:19 2015
elapsed time: 17 seconds (0d 0h 0m 17s)

