#
# A fatal error has been detected by the Java Runtime Environment:
#
#  EXCEPTION_ACCESS_VIOLATION (0xc0000005) at pc=0x00000000667bc220, pid=4780, tid=4900
#
# JRE version: Java(TM) SE Runtime Environment (8.0_25-b18) (build 1.8.0_25-b18)
# Java VM: Java HotSpot(TM) 64-Bit Server VM (25.25-b02 mixed mode windows-amd64 compressed oops)
# Problematic frame:
# C  [msvcr100.dll+0x3c220]
#
# Failed to write core dump. Minidumps are not enabled by default on client versions of Windows
#
# If you would like to submit a bug report, please visit:
#   http://bugreport.sun.com/bugreport/crash.jsp
#

---------------  T H R E A D  ---------------

Current thread (0x000000001a2a6000):  JavaThread "Thread-4" [_thread_in_vm, id=4900, stack(0x000000002f4c0000,0x000000002f5c0000)]

siginfo: ExceptionCode=0xc0000005, reading address 0x0000000025938ff8

Registers:
RAX=0x000000000000003f, RBX=0x000000001a2a6000, RCX=0x00000000e4b3af70, RDX=0xffffffff40dfe090
RSP=0x000000002f5bf048, RBP=0x000000001a0e5d98, RSI=0x0000000000000000, RDI=0x00000000007e9000
R8 =0x000000000018e000, R9 =0xfffefefefffefefe, R10=0xfffefefefffefefe, R11=0x00000000e49acfb0
R12=0x0000000000000001, R13=0x000000002f5bf1a0, R14=0x000000002f5bf120, R15=0x000000001a0e5d90
RIP=0x00000000667bc220, EFLAGS=0x0000000000010216

Top of Stack: (sp=0x000000002f5bf048)
0x000000002f5bf048:   00000000669fc312 000000001a2a61e8
0x000000002f5bf058:   00000000669e123d 00000000001fa400
0x000000002f5bf068:   000000001a2a6000 000000001fb30840
0x000000002f5bf078:   0000000000000000 000000001a2a6000
0x000000002f5bf088:   0000000000000000 000000002f5bf1a0
0x000000002f5bf098:   0000000000000000 000000001a0e5d98
0x000000002f5bf0a8:   00007ffe7e1116f8 00000000257ab040
0x000000002f5bf0b8:   000000001fb30840 000000001a2a61e8
0x000000002f5bf0c8:   00000000202b2d88 00000000257ab040
0x000000002f5bf0d8:   000000001a19a300 000000001a2a6000
0x000000002f5bf0e8:   0000000000000000 0000000000000000
0x000000002f5bf0f8:   00000000032207f9 000000002026dde8
0x000000002f5bf108:   00000000202b2d88 000000002f5bf160
0x000000002f5bf118:   00000000a3886280 00000000a3886280
0x000000002f5bf128:   000000002f5bf150 000000002026e110
0x000000002f5bf138:   00000000a3886280 00000000a3886280 

Instructions: (pc=0x00000000667bc220)
0x00000000667bc200:   48 81 e9 80 00 00 00 0f 18 04 0a 0f 18 44 0a 40
0x00000000667bc210:   ff c8 75 ec 48 81 c1 00 10 00 00 b8 40 00 00 00
0x00000000667bc220:   4c 8b 4c 0a f8 4c 8b 54 0a f0 4c 0f c3 49 f8 4c
0x00000000667bc230:   0f c3 51 f0 4c 8b 4c 0a e8 4c 8b 54 0a e0 4c 0f 


Register to memory mapping:

RAX=0x000000000000003f is an unknown value
RBX=0x000000001a2a6000 is a thread
RCX=0x00000000e4b3af70 is an oop

[error occurred during error reporting (printing register info), id 0xc0000005]

Stack: [0x000000002f4c0000,0x000000002f5c0000],  sp=0x000000002f5bf048,  free space=1020k
Native frames: (J=compiled Java code, j=interpreted, Vv=VM code, C=native code)
C  [msvcr100.dll+0x3c220]
V  [jvm.dll+0x14c312]
C  [KinectPV2.dll+0x16f8]
C  0x00000000032207f9

Java frames: (J=compiled Java code, j=interpreted, Vv=VM code)
J 1092  KinectPV2.Device.jniUpdate()Z (0 bytes) @ 0x000000000322077b [0x0000000003220740+0x3b]
J 2106 C2 KinectPV2.Device.updateDevice()Z (7 bytes) @ 0x0000000003530b54 [0x0000000003530b20+0x34]
j  KinectPV2.Device.run()V+4
j  java.lang.Thread.run()V+11
v  ~StubRoutines::call_stub

---------------  P R O C E S S  ---------------

Java Threads: ( => current thread )
=>0x000000001a2a6000 JavaThread "Thread-4" [_thread_in_vm, id=4900, stack(0x000000002f4c0000,0x000000002f5c0000)]
  0x000000001a2c1800 JavaThread "Animation Thread-SharedResourceRunner" daemon [_thread_blocked, id=2504, stack(0x000000001f120000,0x000000001f220000)]
  0x0000000002b4e800 JavaThread "DestroyJavaVM" [_thread_blocked, id=2992, stack(0x0000000002b50000,0x0000000002c50000)]
  0x0000000019e4d000 JavaThread "D3D Screen Updater" daemon [_thread_blocked, id=1368, stack(0x000000001d150000,0x000000001d250000)]
  0x0000000019e59800 JavaThread "Animation Thread" [_thread_in_native, id=3984, stack(0x000000001ce50000,0x000000001cf50000)]
  0x0000000019dcc000 JavaThread "AWT-EventQueue-0" [_thread_blocked, id=6772, stack(0x000000001cc50000,0x000000001cd50000)]
  0x0000000019d7a000 JavaThread "AWT-Windows" daemon [_thread_in_native, id=3060, stack(0x000000001a680000,0x000000001a780000)]
  0x0000000019d79000 JavaThread "AWT-Shutdown" [_thread_blocked, id=7128, stack(0x000000001a580000,0x000000001a680000)]
  0x0000000019d78800 JavaThread "Java2D Disposer" daemon [_thread_blocked, id=3128, stack(0x000000001a480000,0x000000001a580000)]
  0x0000000018b87000 JavaThread "Service Thread" daemon [_thread_blocked, id=1148, stack(0x00000000194d0000,0x00000000195d0000)]
  0x0000000018b0a800 JavaThread "C1 CompilerThread3" daemon [_thread_blocked, id=4004, stack(0x00000000193d0000,0x00000000194d0000)]
  0x0000000018b0a000 JavaThread "C2 CompilerThread2" daemon [_thread_blocked, id=1336, stack(0x00000000192d0000,0x00000000193d0000)]
  0x0000000018b04000 JavaThread "C2 CompilerThread1" daemon [_thread_blocked, id=4604, stack(0x00000000191d0000,0x00000000192d0000)]
  0x0000000018af9000 JavaThread "C2 CompilerThread0" daemon [_thread_blocked, id=2184, stack(0x00000000190d0000,0x00000000191d0000)]
  0x0000000018af7000 JavaThread "Attach Listener" daemon [_thread_blocked, id=5496, stack(0x0000000018fd0000,0x00000000190d0000)]
  0x0000000018af5800 JavaThread "Signal Dispatcher" daemon [_thread_blocked, id=6052, stack(0x0000000018ed0000,0x0000000018fd0000)]
  0x0000000002d6a000 JavaThread "Finalizer" daemon [_thread_blocked, id=5472, stack(0x00000000189c0000,0x0000000018ac0000)]
  0x0000000002d61000 JavaThread "Reference Handler" daemon [_thread_blocked, id=2076, stack(0x00000000188c0000,0x00000000189c0000)]

Other Threads:
  0x0000000016ae9000 VMThread [stack: 0x00000000187c0000,0x00000000188c0000] [id=5468]
  0x0000000018b8b000 WatcherThread [stack: 0x00000000195d0000,0x00000000196d0000] [id=3692]

VM state:not at safepoint (normal execution)

VM Mutex/Monitor currently owned by a thread: None

Heap:
 PSYoungGen      total 450048K, used 79865K [0x00000000e0400000, 0x00000000fdd80000, 0x0000000100000000)
  eden space 413696K, 19% used [0x00000000e0400000,0x00000000e51967b0,0x00000000f9800000)
  from space 36352K, 1% used [0x00000000f9800000,0x00000000f9868020,0x00000000fbb80000)
  to   space 34304K, 0% used [0x00000000fbc00000,0x00000000fbc00000,0x00000000fdd80000)
 ParOldGen       total 247296K, used 162944K [0x00000000a0c00000, 0x00000000afd80000, 0x00000000e0400000)
  object space 247296K, 65% used [0x00000000a0c00000,0x00000000aab20328,0x00000000afd80000)
 Metaspace       used 17817K, capacity 18057K, committed 18176K, reserved 1064960K
  class space    used 1717K, capacity 1761K, committed 1792K, reserved 1048576K

Card table byte_map: [0x0000000012140000,0x0000000012440000] byte_map_base: 0x0000000011c3a000

Marking Bits: (ParMarkBitMap*) 0x000000006708d490
 Begin Bits: [0x0000000012e40000, 0x0000000014610000)
 End Bits:   [0x0000000014610000, 0x0000000015de0000)

Polling page: 0x0000000002c50000

CodeCache: size=245760Kb used=7995Kb max_used=7995Kb free=237764Kb
 bounds [0x0000000002d80000, 0x0000000003560000, 0x0000000011d80000]
 total_blobs=2991 nmethods=2120 adapters=785
 compilation: enabled

Compilation events (10 events):
Event: 23.710 Thread 0x0000000018b0a800 2119       3       sun.awt.AWTAutoShutdown::notifyToolkitThreadFree (8 bytes)
Event: 23.710 Thread 0x0000000018b0a800 nmethod 2119 0x0000000003538210 code [0x0000000003538380, 0x0000000003538548]
Event: 23.831 Thread 0x0000000018b0a800 2121       3       java.awt.EventQueue::coalesceEvent (86 bytes)
Event: 23.831 Thread 0x0000000018b0a800 nmethod 2121 0x0000000003553c10 code [0x0000000003553e00, 0x0000000003554b18]
Event: 23.831 Thread 0x0000000018b0a800 2120   !   3       java.awt.EventQueue::postEventPrivate (104 bytes)
Event: 23.832 Thread 0x0000000018b0a800 nmethod 2120 0x0000000003537350 code [0x0000000003537560, 0x0000000003537e08]
Event: 23.848 Thread 0x0000000018b0a800 2122       3       java.util.AbstractSet::<init> (5 bytes)
Event: 23.849 Thread 0x0000000018b0a800 nmethod 2122 0x00000000035537d0 code [0x0000000003553940, 0x0000000003553b50]
Event: 23.849 Thread 0x0000000018b0a800 2123       3       sun.awt.AWTAccessor::getComponentAccessor (18 bytes)
Event: 23.850 Thread 0x0000000018b0a800 nmethod 2123 0x0000000003553390 code [0x0000000003553500, 0x0000000003553748]

GC Heap History (10 events):
Event: 18.380 GC heap before
{Heap before GC invocations=26 (full 3):
 PSYoungGen      total 445440K, used 405312K [0x00000000e0400000, 0x00000000fe580000, 0x0000000100000000)
  eden space 404992K, 100% used [0x00000000e0400000,0x00000000f8f80000,0x00000000f8f80000)
  from space 40448K, 0% used [0x00000000fbe00000,0x00000000fbe50020,0x00000000fe580000)
  to   space 44032K, 0% used [0x00000000f8f80000,0x00000000f8f80000,0x00000000fba80000)
 ParOldGen       total 247296K, used 162936K [0x00000000a0c00000, 0x00000000afd80000, 0x00000000e0400000)
  object space 247296K, 65% used [0x00000000a0c00000,0x00000000aab1e328,0x00000000afd80000)
 Metaspace       used 17771K, capacity 17993K, committed 18176K, reserved 1064960K
  class space    used 1706K, capacity 1761K, committed 1792K, reserved 1048576K
Event: 18.382 GC heap after
Heap after GC invocations=26 (full 3):
 PSYoungGen      total 449024K, used 352K [0x00000000e0400000, 0x00000000fe880000, 0x0000000100000000)
  eden space 404992K, 0% used [0x00000000e0400000,0x00000000e0400000,0x00000000f8f80000)
  from space 44032K, 0% used [0x00000000f8f80000,0x00000000f8fd8020,0x00000000fba80000)
  to   space 41984K, 0% used [0x00000000fbf80000,0x00000000fbf80000,0x00000000fe880000)
 ParOldGen       total 247296K, used 162936K [0x00000000a0c00000, 0x00000000afd80000, 0x00000000e0400000)
  object space 247296K, 65% used [0x00000000a0c00000,0x00000000aab1e328,0x00000000afd80000)
 Metaspace       used 17771K, capacity 17993K, committed 18176K, reserved 1064960K
  class space    used 1706K, capacity 1761K, committed 1792K, reserved 1048576K
}
Event: 19.681 GC heap before
{Heap before GC invocations=27 (full 3):
 PSYoungGen      total 449024K, used 397372K [0x00000000e0400000, 0x00000000fe880000, 0x0000000100000000)
  eden space 404992K, 98% used [0x00000000e0400000,0x00000000f87b72a0,0x00000000f8f80000)
  from space 44032K, 0% used [0x00000000f8f80000,0x00000000f8fd8020,0x00000000fba80000)
  to   space 41984K, 0% used [0x00000000fbf80000,0x00000000fbf80000,0x00000000fe880000)
 ParOldGen       total 247296K, used 162936K [0x00000000a0c00000, 0x00000000afd80000, 0x00000000e0400000)
  object space 247296K, 65% used [0x00000000a0c00000,0x00000000aab1e328,0x00000000afd80000)
 Metaspace       used 17773K, capacity 17993K, committed 18176K, reserved 1064960K
  class space    used 1706K, capacity 1761K, committed 1792K, reserved 1048576K
Event: 19.683 GC heap after
Heap after GC invocations=27 (full 3):
 PSYoungGen      total 448000K, used 352K [0x00000000e0400000, 0x00000000fe400000, 0x0000000100000000)
  eden space 410624K, 0% used [0x00000000e0400000,0x00000000e0400000,0x00000000f9500000)
  from space 37376K, 0% used [0x00000000fbf80000,0x00000000fbfd8020,0x00000000fe400000)
  to   space 40448K, 0% used [0x00000000f9500000,0x00000000f9500000,0x00000000fbc80000)
 ParOldGen       total 247296K, used 162936K [0x00000000a0c00000, 0x00000000afd80000, 0x00000000e0400000)
  object space 247296K, 65% used [0x00000000a0c00000,0x00000000aab1e328,0x00000000afd80000)
 Metaspace       used 17773K, capacity 17993K, committed 18176K, reserved 1064960K
  class space    used 1706K, capacity 1761K, committed 1792K, reserved 1048576K
}
Event: 20.981 GC heap before
{Heap before GC invocations=28 (full 3):
 PSYoungGen      total 448000K, used 405884K [0x00000000e0400000, 0x00000000fe400000, 0x0000000100000000)
  eden space 410624K, 98% used [0x00000000e0400000,0x00000000f9007138,0x00000000f9500000)
  from space 37376K, 0% used [0x00000000fbf80000,0x00000000fbfd8020,0x00000000fe400000)
  to   space 40448K, 0% used [0x00000000f9500000,0x00000000f9500000,0x00000000fbc80000)
 ParOldGen       total 247296K, used 162936K [0x00000000a0c00000, 0x00000000afd80000, 0x00000000e0400000)
  object space 247296K, 65% used [0x00000000a0c00000,0x00000000aab1e328,0x00000000afd80000)
 Metaspace       used 17776K, capacity 17993K, committed 18176K, reserved 1064960K
  class space    used 1706K, capacity 1761K, committed 1792K, reserved 1048576K
Event: 20.982 GC heap after
Heap after GC invocations=28 (full 3):
 PSYoungGen      total 451072K, used 352K [0x00000000e0400000, 0x00000000fe380000, 0x0000000100000000)
  eden space 410624K, 0% used [0x00000000e0400000,0x00000000e0400000,0x00000000f9500000)
  from space 40448K, 0% used [0x00000000f9500000,0x00000000f9558020,0x00000000fbc80000)
  to   space 38400K, 0% used [0x00000000fbe00000,0x00000000fbe00000,0x00000000fe380000)
 ParOldGen       total 247296K, used 162936K [0x00000000a0c00000, 0x00000000afd80000, 0x00000000e0400000)
  object space 247296K, 65% used [0x00000000a0c00000,0x00000000aab1e328,0x00000000afd80000)
 Metaspace       used 17776K, capacity 17993K, committed 18176K, reserved 1064960K
  class space    used 1706K, capacity 1761K, committed 1792K, reserved 1048576K
}
Event: 22.313 GC heap before
{Heap before GC invocations=29 (full 3):
 PSYoungGen      total 451072K, used 407776K [0x00000000e0400000, 0x00000000fe380000, 0x0000000100000000)
  eden space 410624K, 99% used [0x00000000e0400000,0x00000000f91e0210,0x00000000f9500000)
  from space 40448K, 0% used [0x00000000f9500000,0x00000000f9558020,0x00000000fbc80000)
  to   space 38400K, 0% used [0x00000000fbe00000,0x00000000fbe00000,0x00000000fe380000)
 ParOldGen       total 247296K, used 162936K [0x00000000a0c00000, 0x00000000afd80000, 0x00000000e0400000)
  object space 247296K, 65% used [0x00000000a0c00000,0x00000000aab1e328,0x00000000afd80000)
 Metaspace       used 17776K, capacity 17993K, committed 18176K, reserved 1064960K
  class space    used 1706K, capacity 1761K, committed 1792K, reserved 1048576K
Event: 22.314 GC heap after
Heap after GC invocations=29 (full 3):
 PSYoungGen      total 447488K, used 352K [0x00000000e0400000, 0x00000000fdf00000, 0x0000000100000000)
  eden space 413696K, 0% used [0x00000000e0400000,0x00000000e0400000,0x00000000f9800000)
  from space 33792K, 1% used [0x00000000fbe00000,0x00000000fbe58020,0x00000000fdf00000)
  to   space 36352K, 0% used [0x00000000f9800000,0x00000000f9800000,0x00000000fbb80000)
 ParOldGen       total 247296K, used 162936K [0x00000000a0c00000, 0x00000000afd80000, 0x00000000e0400000)
  object space 247296K, 65% used [0x00000000a0c00000,0x00000000aab1e328,0x00000000afd80000)
 Metaspace       used 17776K, capacity 17993K, committed 18176K, reserved 1064960K
  class space    used 1706K, capacity 1761K, committed 1792K, reserved 1048576K
}
Event: 23.648 GC heap before
{Heap before GC invocations=30 (full 3):
 PSYoungGen      total 447488K, used 406011K [0x00000000e0400000, 0x00000000fdf00000, 0x0000000100000000)
  eden space 413696K, 98% used [0x00000000e0400000,0x00000000f9026d50,0x00000000f9800000)
  from space 33792K, 1% used [0x00000000fbe00000,0x00000000fbe58020,0x00000000fdf00000)
  to   space 36352K, 0% used [0x00000000f9800000,0x00000000f9800000,0x00000000fbb80000)
 ParOldGen       total 247296K, used 162936K [0x00000000a0c00000, 0x00000000afd80000, 0x00000000e0400000)
  object space 247296K, 65% used [0x00000000a0c00000,0x00000000aab1e328,0x00000000afd80000)
 Metaspace       used 17810K, capacity 17993K, committed 18176K, reserved 1064960K
  class space    used 1717K, capacity 1761K, committed 1792K, reserved 1048576K
Event: 23.649 GC heap after
Heap after GC invocations=30 (full 3):
 PSYoungGen      total 450048K, used 416K [0x00000000e0400000, 0x00000000fdd80000, 0x0000000100000000)
  eden space 413696K, 0% used [0x00000000e0400000,0x00000000e0400000,0x00000000f9800000)
  from space 36352K, 1% used [0x00000000f9800000,0x00000000f9868020,0x00000000fbb80000)
  to   space 34304K, 0% used [0x00000000fbc00000,0x00000000fbc00000,0x00000000fdd80000)
 ParOldGen       total 247296K, used 162944K [0x00000000a0c00000, 0x00000000afd80000, 0x00000000e0400000)
  object space 247296K, 65% used [0x00000000a0c00000,0x00000000aab20328,0x00000000afd80000)
 Metaspace       used 17810K, capacity 17993K, committed 18176K, reserved 1064960K
  class space    used 1717K, capacity 1761K, committed 1792K, reserved 1048576K
}

Deoptimization events (10 events):
Event: 2.829 Thread 0x0000000019dcc000 Uncommon trap: reason=class_check action=maybe_recompile pc=0x0000000003086d84 method=com.jogamp.common.nio.Buffers.getDirectBufferByteOffset(Ljava/lang/Object;)I @ 7
Event: 2.829 Thread 0x0000000019dcc000 Uncommon trap: reason=class_check action=maybe_recompile pc=0x0000000003089a80 method=com.jogamp.common.nio.Buffers.isDirect(Ljava/lang/Object;)Z @ 13
Event: 2.829 Thread 0x0000000019dcc000 Uncommon trap: reason=class_check action=maybe_recompile pc=0x0000000003086d84 method=com.jogamp.common.nio.Buffers.getDirectBufferByteOffset(Ljava/lang/Object;)I @ 7
Event: 2.830 Thread 0x0000000019dcc000 Uncommon trap: reason=predicate action=maybe_recompile pc=0x000000000317a2c4 method=java.util.ArrayList.indexOf(Ljava/lang/Object;)I @ 44
Event: 2.849 Thread 0x0000000019dcc000 Uncommon trap: reason=class_check action=maybe_recompile pc=0x0000000003089a80 method=com.jogamp.common.nio.Buffers.isDirect(Ljava/lang/Object;)Z @ 13
Event: 2.849 Thread 0x0000000019dcc000 Uncommon trap: reason=class_check action=maybe_recompile pc=0x0000000003086d84 method=com.jogamp.common.nio.Buffers.getDirectBufferByteOffset(Ljava/lang/Object;)I @ 7
Event: 3.307 Thread 0x0000000019dcc000 Uncommon trap: reason=unreached action=reinterpret pc=0x000000000317d680 method=processing.opengl.PGraphicsOpenGL$InGeometry.addVertex(FFFIFFFFFIFIIIFIZ)I @ 218
Event: 3.533 Thread 0x0000000019dcc000 Uncommon trap: reason=unreached action=reinterpret pc=0x000000000303feb0 method=java.lang.reflect.AccessibleObject.setAccessible0(Ljava/lang/reflect/AccessibleObject;Z)V @ 4
Event: 8.307 Thread 0x0000000019dcc000 Uncommon trap: reason=unreached action=reinterpret pc=0x0000000003428d18 method=java.util.HashMap.keySet()Ljava/util/Set; @ 6
Event: 23.115 Thread 0x0000000019d7a000 Uncommon trap: reason=unreached action=reinterpret pc=0x000000000341217c method=java.util.WeakHashMap.get(Ljava/lang/Object;)Ljava/lang/Object; @ 35

Internal exceptions (10 events):
Event: 3.143 Thread 0x0000000019dcc000 Exception <a 'java/security/PrivilegedActionException'> (0x00000000e10af1c8) thrown at [D:\re\workspace\8-2-build-windows-amd64-cygwin\jdk8u25\1677\hotspot\src\share\vm\prims\jvm.cpp, line 1312]
Event: 3.144 Thread 0x0000000019dcc000 Exception <a 'java/security/PrivilegedActionException'> (0x00000000e10b3088) thrown at [D:\re\workspace\8-2-build-windows-amd64-cygwin\jdk8u25\1677\hotspot\src\share\vm\prims\jvm.cpp, line 1312]
Event: 3.144 Thread 0x0000000019dcc000 Exception <a 'java/security/PrivilegedActionException'> (0x00000000e10b7490) thrown at [D:\re\workspace\8-2-build-windows-amd64-cygwin\jdk8u25\1677\hotspot\src\share\vm\prims\jvm.cpp, line 1312]
Event: 3.144 Thread 0x0000000019dcc000 Exception <a 'java/security/PrivilegedActionException'> (0x00000000e10bb878) thrown at [D:\re\workspace\8-2-build-windows-amd64-cygwin\jdk8u25\1677\hotspot\src\share\vm\prims\jvm.cpp, line 1312]
Event: 3.145 Thread 0x0000000019dcc000 Exception <a 'java/security/PrivilegedActionException'> (0x00000000e10bf3d0) thrown at [D:\re\workspace\8-2-build-windows-amd64-cygwin\jdk8u25\1677\hotspot\src\share\vm\prims\jvm.cpp, line 1312]
Event: 3.145 Thread 0x0000000019dcc000 Exception <a 'java/security/PrivilegedActionException'> (0x00000000e10c3bd0) thrown at [D:\re\workspace\8-2-build-windows-amd64-cygwin\jdk8u25\1677\hotspot\src\share\vm\prims\jvm.cpp, line 1312]
Event: 3.145 Thread 0x0000000019dcc000 Exception <a 'java/security/PrivilegedActionException'> (0x00000000e10c7308) thrown at [D:\re\workspace\8-2-build-windows-amd64-cygwin\jdk8u25\1677\hotspot\src\share\vm\prims\jvm.cpp, line 1312]
Event: 3.146 Thread 0x0000000019dcc000 Exception <a 'java/security/PrivilegedActionException'> (0x00000000e10cb250) thrown at [D:\re\workspace\8-2-build-windows-amd64-cygwin\jdk8u25\1677\hotspot\src\share\vm\prims\jvm.cpp, line 1312]
Event: 3.146 Thread 0x0000000019dcc000 Exception <a 'java/security/PrivilegedActionException'> (0x00000000e2431ec0) thrown at [D:\re\workspace\8-2-build-windows-amd64-cygwin\jdk8u25\1677\hotspot\src\share\vm\prims\jvm.cpp, line 1312]
Event: 3.160 Thread 0x0000000019dcc000 Exception <a 'java/security/PrivilegedActionException'> (0x00000000e250d4d0) thrown at [D:\re\workspace\8-2-build-windows-amd64-cygwin\jdk8u25\1677\hotspot\src\share\vm\prims\jvm.cpp, line 1312]

Events (10 events):
Event: 22.799 loading class sun/awt/ModalExclude
Event: 22.799 loading class sun/awt/ModalExclude done
Event: 22.799 loading class javax/swing/JWindow
Event: 22.799 loading class javax/swing/JWindow done
Event: 22.799 loading class javax/swing/Popup$HeavyWeightWindow done
Event: 23.115 Thread 0x0000000019d7a000 Uncommon trap: trap_request=0xffffffad fr.pc=0x000000000341217c
Event: 23.115 Thread 0x0000000019d7a000 DEOPT PACKING pc=0x000000000341217c sp=0x000000001a77e370
Event: 23.115 Thread 0x0000000019d7a000 DEOPT UNPACKING pc=0x0000000002dc556a sp=0x000000001a77e310 mode 2
Event: 23.648 Executing VM operation: ParallelGCFailedAllocation
Event: 23.649 Executing VM operation: ParallelGCFailedAllocation done


Dynamic libraries:
0x00007ff68d590000 - 0x00007ff68d5c4000 	C:\Program Files\Java\jre1.8.0_25\bin\javaw.exe
0x00007ffe8a980000 - 0x00007ffe8ab2c000 	C:\WINDOWS\SYSTEM32\ntdll.dll
0x00007ffe880e0000 - 0x00007ffe8821e000 	C:\WINDOWS\system32\KERNEL32.DLL
0x00007ffe87c50000 - 0x00007ffe87d65000 	C:\WINDOWS\system32\KERNELBASE.dll
0x00007ffe86650000 - 0x00007ffe866de000 	C:\WINDOWS\system32\apphelp.dll
0x00007ffe78310000 - 0x00007ffe78363000 	C:\WINDOWS\AppPatch\AppPatch64\AcGenral.DLL
0x00007ffe88c10000 - 0x00007ffe88cba000 	C:\WINDOWS\system32\msvcrt.dll
0x00007ffe87900000 - 0x00007ffe8792e000 	C:\WINDOWS\SYSTEM32\SspiCli.dll
0x00007ffe885f0000 - 0x00007ffe88644000 	C:\WINDOWS\system32\SHLWAPI.dll
0x00007ffe88290000 - 0x00007ffe88407000 	C:\WINDOWS\system32\USER32.dll
0x00007ffe8a400000 - 0x00007ffe8a594000 	C:\WINDOWS\system32\ole32.dll
0x00007ffe88ee0000 - 0x00007ffe8a3f8000 	C:\WINDOWS\system32\SHELL32.dll
0x00007ffe87070000 - 0x00007ffe87091000 	C:\WINDOWS\SYSTEM32\USERENV.dll
0x00007ffe889f0000 - 0x00007ffe88a9a000 	C:\WINDOWS\system32\ADVAPI32.dll
0x00007ffe7af60000 - 0x00007ffe7af7e000 	C:\WINDOWS\SYSTEM32\MPR.dll
0x00007ffe88840000 - 0x00007ffe88981000 	C:\WINDOWS\system32\RPCRT4.dll
0x00007ffe88b60000 - 0x00007ffe88bb9000 	C:\WINDOWS\SYSTEM32\sechost.dll
0x00007ffe88cc0000 - 0x00007ffe88ed1000 	C:\WINDOWS\SYSTEM32\combase.dll
0x00007ffe8a5a0000 - 0x00007ffe8a6f1000 	C:\WINDOWS\system32\GDI32.dll
0x00007ffe87ad0000 - 0x00007ffe87ae5000 	C:\WINDOWS\SYSTEM32\profapi.dll
0x00007ffe85e70000 - 0x00007ffe85f22000 	C:\WINDOWS\SYSTEM32\SHCORE.dll
0x00007ffe88bd0000 - 0x00007ffe88c06000 	C:\WINDOWS\system32\IMM32.DLL
0x00007ffe88650000 - 0x00007ffe887a2000 	C:\WINDOWS\system32\MSCTF.dll
0x00007ffe851d0000 - 0x00007ffe8544b000 	C:\WINDOWS\WinSxS\amd64_microsoft.windows.common-controls_6595b64144ccf1df_6.0.9600.17415_none_6240486fecbd8abb\COMCTL32.dll
0x0000000066780000 - 0x0000000066852000 	C:\Program Files\Java\jre1.8.0_25\bin\msvcr100.dll
0x00000000668b0000 - 0x000000006710a000 	C:\Program Files\Java\jre1.8.0_25\bin\server\jvm.dll
0x00007ffe6eb60000 - 0x00007ffe6eb69000 	C:\WINDOWS\SYSTEM32\WSOCK32.dll
0x00007ffe7b5d0000 - 0x00007ffe7b5f2000 	C:\WINDOWS\SYSTEM32\WINMM.dll
0x00007ffe88bc0000 - 0x00007ffe88bc7000 	C:\WINDOWS\system32\PSAPI.DLL
0x00007ffe887e0000 - 0x00007ffe8883a000 	C:\WINDOWS\system32\WS2_32.dll
0x00007ffe7b5a0000 - 0x00007ffe7b5ca000 	C:\WINDOWS\SYSTEM32\WINMMBASE.dll
0x00007ffe880d0000 - 0x00007ffe880d9000 	C:\WINDOWS\system32\NSI.dll
0x00007ffe87fb0000 - 0x00007ffe87fff000 	C:\WINDOWS\SYSTEM32\cfgmgr32.dll
0x00007ffe868c0000 - 0x00007ffe868e8000 	C:\WINDOWS\SYSTEM32\DEVOBJ.dll
0x0000000067ae0000 - 0x0000000067aef000 	C:\Program Files\Java\jre1.8.0_25\bin\verify.dll
0x0000000067ab0000 - 0x0000000067ad8000 	C:\Program Files\Java\jre1.8.0_25\bin\java.dll
0x0000000067a90000 - 0x0000000067aa6000 	C:\Program Files\Java\jre1.8.0_25\bin\zip.dll
0x00000000665e0000 - 0x0000000066778000 	C:\Program Files\Java\jre1.8.0_25\bin\awt.dll
0x00007ffe8a700000 - 0x00007ffe8a7c1000 	C:\WINDOWS\system32\OLEAUT32.dll
0x00007ffe85c70000 - 0x00007ffe85c91000 	C:\WINDOWS\system32\DWMAPI.DLL
0x00007ffe86790000 - 0x00007ffe868b9000 	C:\WINDOWS\system32\uxtheme.dll
0x00007ffe868f0000 - 0x00007ffe868fb000 	C:\WINDOWS\SYSTEM32\kernel.appcore.dll
0x00007ffe879a0000 - 0x00007ffe879ab000 	C:\WINDOWS\SYSTEM32\CRYPTBASE.dll
0x00007ffe87930000 - 0x00007ffe87993000 	C:\WINDOWS\SYSTEM32\bcryptPrimitives.dll
0x00007ffe7cd90000 - 0x00007ffe7cfb1000 	C:\WINDOWS\system32\d3d9.dll
0x00007ffe857e0000 - 0x00007ffe857ea000 	C:\WINDOWS\SYSTEM32\VERSION.dll
0x00007ffe85080000 - 0x00007ffe851cb000 	C:\WINDOWS\SYSTEM32\aticfx64.dll
0x00007ffe63110000 - 0x00007ffe63131000 	C:\WINDOWS\SYSTEM32\atiu9p64.dll
0x00007ffe62920000 - 0x00007ffe63105000 	C:\WINDOWS\SYSTEM32\atiumd64.dll
0x00000000671f0000 - 0x00000000679a7000 	C:\WINDOWS\SYSTEM32\atiumd6a.dll
0x0000000066590000 - 0x00000000665d7000 	C:\Program Files\Java\jre1.8.0_25\bin\fontmanager.dll
0x00007ffe87340000 - 0x00007ffe87360000 	C:\WINDOWS\SYSTEM32\CRYPTSP.dll
0x00007ffe86f60000 - 0x00007ffe86f96000 	C:\WINDOWS\system32\rsaenh.dll
0x00007ffe875f0000 - 0x00007ffe87616000 	C:\WINDOWS\SYSTEM32\bcrypt.dll
0x0000000067a70000 - 0x0000000067a8a000 	C:\Program Files\Java\jre1.8.0_25\bin\net.dll
0x00007ffe872e0000 - 0x00007ffe87339000 	C:\WINDOWS\system32\mswsock.dll
0x00007ffe83800000 - 0x00007ffe8382a000 	C:\WINDOWS\SYSTEM32\IPHLPAPI.DLL
0x00007ffe84f70000 - 0x00007ffe84f7a000 	C:\WINDOWS\SYSTEM32\WINNSI.DLL
0x00007ffe82890000 - 0x00007ffe828a6000 	C:\WINDOWS\SYSTEM32\dhcpcsvc6.DLL
0x00007ffe829e0000 - 0x00007ffe829fa000 	C:\WINDOWS\SYSTEM32\dhcpcsvc.DLL
0x0000000066890000 - 0x00000000668a1000 	C:\Program Files\Java\jre1.8.0_25\bin\nio.dll
0x00000000637c0000 - 0x00000000637cd000 	S:\Users\Ben\AppData\Local\Temp\jogamp_0000\file_cache\jln1055812733928529373\jln3724887045115640464\gluegen-rt.dll
0x0000000067a60000 - 0x0000000067a67000 	C:\Program Files\Java\jre1.8.0_25\bin\jawt.dll
0x000000006a440000 - 0x000000006a44d000 	S:\Users\Ben\AppData\Local\Temp\jogamp_0000\file_cache\jln1055812733928529373\jln3724887045115640464\nativewindow_awt.dll
0x000000006c100000 - 0x000000006c10f000 	S:\Users\Ben\AppData\Local\Temp\jogamp_0000\file_cache\jln1055812733928529373\jln3724887045115640464\nativewindow_win32.dll
0x00007ffe781e0000 - 0x00007ffe7830b000 	C:\WINDOWS\SYSTEM32\OpenGL32.dll
0x00007ffe83400000 - 0x00007ffe8342e000 	C:\WINDOWS\SYSTEM32\GLU32.dll
0x00007ffe76a50000 - 0x00007ffe76b48000 	C:\WINDOWS\SYSTEM32\DDRAW.dll
0x00007ffe83480000 - 0x00007ffe83489000 	C:\WINDOWS\SYSTEM32\DCIMAN32.dll
0x0000000064500000 - 0x00000000645a2000 	S:\Users\Ben\AppData\Local\Temp\jogamp_0000\file_cache\jln1055812733928529373\jln3724887045115640464\jogl_desktop.dll
0x00007ffe7d930000 - 0x00007ffe7d948000 	C:\WINDOWS\SYSTEM32\atig6pxx.dll
0x00000000649e0000 - 0x000000006658f000 	C:\WINDOWS\SYSTEM32\atio6axx.dll
0x00007ffe88410000 - 0x00007ffe885ea000 	C:\WINDOWS\system32\SETUPAPI.dll
0x00007ffe83830000 - 0x00007ffe83967000 	C:\WINDOWS\SYSTEM32\atiadlxx.dll
0x00007ffe83e00000 - 0x00007ffe83f7f000 	C:\WINDOWS\SYSTEM32\PROPSYS.dll
0x00007ffe866e0000 - 0x00007ffe866f2000 	C:\WINDOWS\SYSTEM32\WTSAPI32.dll
0x00007ffe87f50000 - 0x00007ffe87fa1000 	C:\WINDOWS\system32\WINTRUST.dll
0x00007ffe87d70000 - 0x00007ffe87f4f000 	C:\WINDOWS\system32\CRYPT32.dll
0x00007ffe87b80000 - 0x00007ffe87b91000 	C:\WINDOWS\system32\MSASN1.dll
0x00007ffe7d900000 - 0x00007ffe7d929000 	C:\WINDOWS\SYSTEM32\atig6txx.dll
0x00007ffe720d0000 - 0x00007ffe7226c000 	O:\OneDrive\Workspace\ZZavatar\lib\user\KinectPV2\Kinect20.Face.dll
0x00007ffe7b0e0000 - 0x00007ffe7b187000 	C:\WINDOWS\SYSTEM32\MSVCP110.dll
0x00007ffe80220000 - 0x00007ffe802ee000 	C:\WINDOWS\SYSTEM32\MSVCR110.dll
0x00007ffe7e110000 - 0x00007ffe7e120000 	O:\OneDrive\Workspace\ZZavatar\lib\user\KinectPV2\KinectPV2.dll
0x00007ffe74d90000 - 0x00007ffe74e4a000 	C:\WINDOWS\SYSTEM32\Kinect20.dll
0x00007ffe7b1e0000 - 0x00007ffe7b2cb000 	C:\WINDOWS\SYSTEM32\MFPlat.DLL
0x00007ffe7af80000 - 0x00007ffe7afa7000 	C:\WINDOWS\SYSTEM32\RTWorkQ.DLL
0x00007ffe856b0000 - 0x00007ffe856bc000 	C:\WINDOWS\SYSTEM32\AVRT.dll
0x00007ffe62090000 - 0x00007ffe6221a000 	C:\WINDOWS\SYSTEM32\dbghelp.dll

VM Arguments:
jvm_args: -Djava.library.path=O:\OneDrive\Workspace\ZZavatar\lib\base\video;O:\OneDrive\Workspace\ZZavatar\lib\base\video;O:\OneDrive\Workspace\ZZavatar\lib\base\video;O:\OneDrive\Workspace\ZZavatar\lib\base\core;O:\OneDrive\Workspace\ZZavatar\lib\base\core;O:\OneDrive\Workspace\ZZavatar\lib\base\core;O:\OneDrive\Workspace\ZZavatar\lib\base\core;O:\OneDrive\Workspace\ZZavatar\lib\base\core;O:\OneDrive\Workspace\ZZavatar\lib\base\core;O:\OneDrive\Workspace\ZZavatar\lib\base\core;O:\OneDrive\Workspace\ZZavatar\lib\base\core;O:\OneDrive\Workspace\ZZavatar\lib\base\core;O:\OneDrive\Workspace\ZZavatar\lib\base\core;O:\OneDrive\Workspace\ZZavatar\lib\base\core;O:\OneDrive\Workspace\ZZavatar\lib\base\core;O:\OneDrive\Workspace\ZZavatar\lib\base\core;O:\OneDrive\Workspace\ZZavatar\lib\base\core;O:\OneDrive\Workspace\ZZavatar\lib\base\core;O:\OneDrive\Workspace\ZZavatar\lib\user\Kinect4WinSDK;O:\OneDrive\Workspace\ZZavatar\lib\user\KinectPV2;O:\OneDrive\Workspace\ZZavatar\lib\user\SimpleOpenNI -Dfile.encoding=Cp1252 
java_command: zzavatar.ZZavatar
java_class_path (initial): O:\OneDrive\Workspace\ZZavatar\lib\base\video\gstreamer-java.jar;O:\OneDrive\Workspace\ZZavatar\lib\base\video\jna.jar;O:\OneDrive\Workspace\ZZavatar\lib\base\video\video.jar;O:\OneDrive\Workspace\ZZavatar\lib\base\core\core.jar;O:\OneDrive\Workspace\ZZavatar\lib\base\core\gluegen-rt-natives-linux-amd64.jar;O:\OneDrive\Workspace\ZZavatar\lib\base\core\gluegen-rt-natives-linux-armv6hf.jar;O:\OneDrive\Workspace\ZZavatar\lib\base\core\gluegen-rt-natives-linux-i586.jar;O:\OneDrive\Workspace\ZZavatar\lib\base\core\gluegen-rt-natives-macosx-universal.jar;O:\OneDrive\Workspace\ZZavatar\lib\base\core\gluegen-rt-natives-windows-amd64.jar;O:\OneDrive\Workspace\ZZavatar\lib\base\core\gluegen-rt-natives-windows-i586.jar;O:\OneDrive\Workspace\ZZavatar\lib\base\core\gluegen-rt.jar;O:\OneDrive\Workspace\ZZavatar\lib\base\core\jogl-all-natives-linux-amd64.jar;O:\OneDrive\Workspace\ZZavatar\lib\base\core\jogl-all-natives-linux-armv6hf.jar;O:\OneDrive\Workspace\ZZavatar\lib\base\core\jogl-all-natives-linux-i586.jar;O:\OneDrive\Workspace\ZZavatar\lib\base\core\jogl-all-natives-macosx-universal.jar;O:\OneDrive\Workspace\ZZavatar\lib\base\core\jogl-all-natives-windows-amd64.jar;O:\OneDrive\Workspace\ZZavatar\lib\base\core\jogl-all-natives-windows-i586.jar;O:\OneDrive\Workspace\ZZavatar\lib\base\core\jogl-all.jar;O:\OneDrive\Workspace\ZZavatar\lib\user\Kinect4WinSDK\Kinect4WinSDK.jar;O:\OneDrive\Workspace\ZZavatar\lib\user\KinectPV2\KinectPV2.jar;O:\OneDrive\Workspace\ZZavatar\lib\user\SimpleOpenNI\SimpleOpenNI.jar;O:\OneDrive\Workspace\ZZavatar\bin
Launcher Type: SUN_STANDARD

Environment Variables:
JAVA_HOME=C:\Program Files\Java\jdk1.8.0_25
PATH=C:/Program Files/Java/jre1.8.0_25/bin/server;C:/Program Files/Java/jre1.8.0_25/bin;C:/Program Files/Java/jre1.8.0_25/lib/amd64;C:\Program Files (x86)\NVIDIA Corporation\PhysX\Common;C:\ProgramData\Oracle\Java\javapath;C:\Program Files (x86)\Common Files\Intel\Shared Libraries\redist\intel64\compiler;C:\Program Files (x86)\Common Files\Intel\Shared Libraries\redist\ia32\compiler;C:\Program Files (x86)\Intel\iCLS Client\;C:\Program Files\Intel\iCLS Client\;C:\Program Files (x86)\AMD APP\bin\x86_64;C:\Program Files (x86)\AMD APP\bin\x86;C:\WINDOWS\system32;C:\WINDOWS;C:\WINDOWS\System32\Wbem;C:\WINDOWS\System32\WindowsPowerShell\v1.0\;C:\Program Files (x86)\ATI Technologies\ATI.ACE\Core-Static;C:\Program Files\Intel\Intel(R) Management Engine Components\DAL;C:\Program Files\Intel\Intel(R) Management Engine Components\IPT;C:\Program Files (x86)\Intel\Intel(R) Management Engine Components\DAL;C:\Program Files (x86)\Intel\Intel(R) Management Engine Components\IPT;C:\Program Files\Sony\VAIO Improvement\;C:\Program Files (x86)\Sony\VAIO Startup Setting Tool;C:\Program Files (x86)\Windows Kits\8.1\Windows Performance Toolkit\;C:\Program Files\Microsoft SQL Server\110\Tools\Binn\;C:\Program Files (x86)\Microsoft SDKs\TypeScript\1.0\;C:\Program Files\Microsoft\Web Platform Installer\;C:\Program Files (x86)\Java\jre1.8.0_25\bin;P:\Programs\Python27\Scripts;P:\Programs\Python27;C:\Program Files\Common Files\Autodesk Shared\;P:\Program Files\Programs;P:\Program Files\Games;P:\Programs\Eclipse;
USERNAME=Benoît
OS=Windows_NT
PROCESSOR_IDENTIFIER=Intel64 Family 6 Model 58 Stepping 9, GenuineIntel



---------------  S Y S T E M  ---------------

OS: Windows 8.1 , 64 bit Build 9600 

CPU:total 8 (4 cores per cpu, 2 threads per core) family 6 model 58 stepping 9, cmov, cx8, fxsr, mmx, sse, sse2, sse3, ssse3, sse4.1, sse4.2, popcnt, avx, aes, clmul, erms, ht, tsc, tscinvbit, tscinv

Memory: 4k page, physical 6237468k(2475540k free), swap 10431772k(5665540k free)

vm_info: Java HotSpot(TM) 64-Bit Server VM (25.25-b02) for windows-amd64 JRE (1.8.0_25-b18), built on Oct  7 2014 14:25:37 by "java_re" with MS VC++ 10.0 (VS2010)

time: Sat Apr 25 16:03:45 2015
elapsed time: 23 seconds (0d 0h 0m 23s)

