#
# A fatal error has been detected by the Java Runtime Environment:
#
#  EXCEPTION_ACCESS_VIOLATION (0xc0000005) at pc=0x00007ff980284110, pid=7124, tid=4088
#
# JRE version: Java(TM) SE Runtime Environment (8.0_25-b18) (build 1.8.0_25-b18)
# Java VM: Java HotSpot(TM) 64-Bit Server VM (25.25-b02 mixed mode windows-amd64 compressed oops)
# Problematic frame:
# C  [KinectPV2.dll+0x4110]
#
# Failed to write core dump. Minidumps are not enabled by default on client versions of Windows
#
# If you would like to submit a bug report, please visit:
#   http://bugreport.sun.com/bugreport/crash.jsp
# The crash happened outside the Java Virtual Machine in native code.
# See problematic frame for where to report the bug.
#

---------------  T H R E A D  ---------------

Current thread (0x0000000018e50800):  JavaThread "Animation Thread" [_thread_in_native, id=4088, stack(0x000000001bfa0000,0x000000001c0a0000)]

siginfo: ExceptionCode=0xc0000005, reading address 0xffffffffffffffff

Registers:
RAX=0x0000000000000001, RBX=0x000000002dbd2040, RCX=0x004d0f110a00000a, RDX=0x0000000000000000
RSP=0x000000001c09e3e0, RBP=0x0000000000000006, RSI=0x0000000000000000, RDI=0x000000001ee35f98
R8 =0x000000001c09e0a8, R9 =0x0000000000008000, R10=0x0000000000000000, R11=0x000000001c09e2e0
R12=0x0000000000000000, R13=0x000000001f234e48, R14=0x0000000000000000, R15=0x0000000018e50800
RIP=0x00007ff980284110, EFLAGS=0x0000000000010206

Top of Stack: (sp=0x000000001c09e3e0)
0x000000001c09e3e0:   000000001ee35f68 000000001f5c85e8
0x000000001c09e3f0:   000000001ee35f68 0000000000000000
0x000000001c09e400:   000000001c09e4d0 00007ff980281fba
0x000000001c09e410:   000000001c09e4d0 000000001c09e4b0
0x000000001c09e420:   0000000018e509e8 0000000018e491e0
0x000000001c09e430:   00000000a3aefee8 0000000001eb5b74
0x000000001c09e440:   000000001f234e48 0000000000000021
0x000000001c09e450:   0000000000000021 0000000018e50800
0x000000001c09e460:   000000001c09e528 0000000001eb58a2
0x000000001c09e470:   000000001c09e470 000000001f234e48
0x000000001c09e480:   000000001c09e4d0 000000001f235dd8
0x000000001c09e490:   0000000000000000 000000001f234e48
0x000000001c09e4a0:   0000000000000000 000000001c09e4d0
0x000000001c09e4b0:   000000001c09e518 0000000001ea7a2d
0x000000001c09e4c0:   0000000000000000 0000000001eaf6b8
0x000000001c09e4d0:   00000000a3870638 000000001c09e4d8 

Instructions: (pc=0x00007ff980284110)
0x00007ff9802840f0:   89 77 d0 48 8b 0f 48 85 c9 74 09 48 8b 01 ff 50
0x00007ff980284100:   10 4c 89 37 48 8b 8f 90 00 00 00 48 85 c9 74 0d
0x00007ff980284110:   48 8b 01 ff 50 10 4c 89 b7 90 00 00 00 48 8b 4f
0x00007ff980284120:   30 48 85 c9 74 0a 48 8b 01 ff 50 10 4c 89 77 30 


Register to memory mapping:

RAX=0x0000000000000001 is an unknown value
RBX=0x000000002dbd2040 is an unknown value
RCX=0x004d0f110a00000a is an unknown value
RDX=0x0000000000000000 is an unknown value
RSP=0x000000001c09e3e0 is pointing into the stack for thread: 0x0000000018e50800
RBP=0x0000000000000006 is an unknown value
RSI=0x0000000000000000 is an unknown value
RDI=0x000000001ee35f98 is an unknown value
R8 =0x000000001c09e0a8 is pointing into the stack for thread: 0x0000000018e50800
R9 =0x0000000000008000 is an unknown value
R10=0x0000000000000000 is an unknown value
R11=0x000000001c09e2e0 is pointing into the stack for thread: 0x0000000018e50800
R12=0x0000000000000000 is an unknown value
R13={method} {0x000000001f234e50} 'jniStopDevice' '()V' in 'KinectPV2/Device'
R14=0x0000000000000000 is an unknown value
R15=0x0000000018e50800 is a thread


Stack: [0x000000001bfa0000,0x000000001c0a0000],  sp=0x000000001c09e3e0,  free space=1016k
Native frames: (J=compiled Java code, j=interpreted, Vv=VM code, C=native code)
C  [KinectPV2.dll+0x4110]
C  [KinectPV2.dll+0x1fba]
C  0x0000000001eb5b74

Java frames: (J=compiled Java code, j=interpreted, Vv=VM code)
j  KinectPV2.Device.jniStopDevice()V+0
j  KinectPV2.Device.stopDevice()V+41
j  KinectPV2.KinectPV2.dispose()V+14
v  ~StubRoutines::call_stub
j  sun.reflect.NativeMethodAccessorImpl.invoke0(Ljava/lang/reflect/Method;Ljava/lang/Object;[Ljava/lang/Object;)Ljava/lang/Object;+0
j  sun.reflect.NativeMethodAccessorImpl.invoke(Ljava/lang/Object;[Ljava/lang/Object;)Ljava/lang/Object;+100
J 1882 C1 sun.reflect.DelegatingMethodAccessorImpl.invoke(Ljava/lang/Object;[Ljava/lang/Object;)Ljava/lang/Object; (10 bytes) @ 0x0000000002584784 [0x0000000002584680+0x104]
J 1881 C1 java.lang.reflect.Method.invoke(Ljava/lang/Object;[Ljava/lang/Object;)Ljava/lang/Object; (62 bytes) @ 0x000000000257bd24 [0x000000000257b940+0x3e4]
j  processing.core.PApplet$RegisteredMethods.handle([Ljava/lang/Object;)V+18
J 1739 C1 processing.core.PApplet.handleMethods(Ljava/lang/String;)V (21 bytes) @ 0x0000000002525ddc [0x0000000002525b20+0x2bc]
j  processing.core.PApplet.dispose()V+35
j  processing.core.PApplet.run()V+283
j  java.lang.Thread.run()V+11
v  ~StubRoutines::call_stub

---------------  P R O C E S S  ---------------

Java Threads: ( => current thread )
  0x000000001d284000 JavaThread "Animation Thread-SharedResourceRunner" daemon [_thread_blocked, id=7200, stack(0x000000001e270000,0x000000001e370000)]
  0x0000000001c9e800 JavaThread "DestroyJavaVM" [_thread_blocked, id=872, stack(0x0000000001ca0000,0x0000000001da0000)]
  0x0000000018ea7800 JavaThread "D3D Screen Updater" daemon [_thread_blocked, id=5304, stack(0x000000001c2a0000,0x000000001c3a0000)]
=>0x0000000018e50800 JavaThread "Animation Thread" [_thread_in_native, id=4088, stack(0x000000001bfa0000,0x000000001c0a0000)]
  0x0000000018dda000 JavaThread "AWT-EventQueue-0" [_thread_blocked, id=7876, stack(0x000000001bda0000,0x000000001bea0000)]
  0x0000000018da1000 JavaThread "AWT-Windows" daemon [_thread_in_native, id=4724, stack(0x00000000196b0000,0x00000000197b0000)]
  0x0000000017fcd000 JavaThread "AWT-Shutdown" [_thread_blocked, id=8904, stack(0x00000000195b0000,0x00000000196b0000)]
  0x0000000018da0800 JavaThread "Java2D Disposer" daemon [_thread_blocked, id=4524, stack(0x00000000194b0000,0x00000000195b0000)]
  0x0000000017c91000 JavaThread "Service Thread" daemon [_thread_blocked, id=6488, stack(0x00000000185d0000,0x00000000186d0000)]
  0x0000000017c0b000 JavaThread "C1 CompilerThread3" daemon [_thread_blocked, id=8248, stack(0x00000000184d0000,0x00000000185d0000)]
  0x0000000017c07000 JavaThread "C2 CompilerThread2" daemon [_thread_blocked, id=7084, stack(0x00000000183d0000,0x00000000184d0000)]
  0x0000000017bfd800 JavaThread "C2 CompilerThread1" daemon [_thread_blocked, id=8392, stack(0x00000000182d0000,0x00000000183d0000)]
  0x0000000017bf7800 JavaThread "C2 CompilerThread0" daemon [_thread_blocked, id=8620, stack(0x00000000181d0000,0x00000000182d0000)]
  0x0000000017bf6800 JavaThread "Attach Listener" daemon [_thread_blocked, id=7380, stack(0x00000000180d0000,0x00000000181d0000)]
  0x0000000017bf6000 JavaThread "Signal Dispatcher" daemon [_thread_blocked, id=7960, stack(0x0000000017fd0000,0x00000000180d0000)]
  0x0000000001e99800 JavaThread "Finalizer" daemon [_thread_blocked, id=2228, stack(0x0000000017ad0000,0x0000000017bd0000)]
  0x0000000015bec000 JavaThread "Reference Handler" daemon [_thread_blocked, id=8984, stack(0x00000000179d0000,0x0000000017ad0000)]

Other Threads:
  0x0000000015be8000 VMThread [stack: 0x00000000178d0000,0x00000000179d0000] [id=6828]
  0x0000000017c92800 WatcherThread [stack: 0x00000000186d0000,0x00000000187d0000] [id=7172]

VM state:not at safepoint (normal execution)

VM Mutex/Monitor currently owned by a thread: None

Heap:
 PSYoungGen      total 334336K, used 258170K [0x00000000e0400000, 0x00000000f6500000, 0x0000000100000000)
  eden space 310272K, 80% used [0x00000000e0400000,0x00000000ef80da98,0x00000000f3300000)
  from space 24064K, 34% used [0x00000000f3300000,0x00000000f3b11010,0x00000000f4a80000)
  to   space 24064K, 0% used [0x00000000f4d80000,0x00000000f4d80000,0x00000000f6500000)
 ParOldGen       total 228864K, used 155177K [0x00000000a0c00000, 0x00000000aeb80000, 0x00000000e0400000)
  object space 228864K, 67% used [0x00000000a0c00000,0x00000000aa38a7a8,0x00000000aeb80000)
 Metaspace       used 17963K, capacity 18149K, committed 18304K, reserved 1064960K
  class space    used 1732K, capacity 1793K, committed 1920K, reserved 1048576K

Card table byte_map: [0x0000000011260000,0x0000000011560000] byte_map_base: 0x0000000010d5a000

Marking Bits: (ParMarkBitMap*) 0x00000000772bd490
 Begin Bits: [0x0000000011f60000, 0x0000000013730000)
 End Bits:   [0x0000000013730000, 0x0000000014f00000)

Polling page: 0x0000000000440000

CodeCache: size=245760Kb used=8367Kb max_used=8377Kb free=237392Kb
 bounds [0x0000000001ea0000, 0x00000000026e0000, 0x0000000010ea0000]
 total_blobs=3096 nmethods=2225 adapters=785
 compilation: enabled

Compilation events (10 events):
Event: 15.143 Thread 0x0000000017c0b000 2241       3       processing.opengl.PGraphicsOpenGL::lightDiffuse (51 bytes)
Event: 15.144 Thread 0x0000000017c0b000 nmethod 2241 0x0000000001fca190 code [0x0000000001fca300, 0x0000000001fca688]
Event: 15.144 Thread 0x0000000017c0b000 2242       3       processing.opengl.PGraphicsOpenGL::lightSpecular (35 bytes)
Event: 15.144 Thread 0x0000000017c0b000 nmethod 2242 0x0000000001fa0cd0 code [0x0000000001fa0e40, 0x0000000001fa1010]
Event: 15.144 Thread 0x0000000017c0b000 2243       3       processing.opengl.PGraphicsOpenGL::noLightFalloff (34 bytes)
Event: 15.144 Thread 0x0000000017c0b000 nmethod 2243 0x0000000001faa9d0 code [0x0000000001faab40, 0x0000000001faad10]
Event: 15.663 Thread 0x0000000017bfd800 2244       4       java.util.concurrent.locks.ReentrantLock::lock (8 bytes)
Event: 15.663 Thread 0x0000000017bf7800 2245       4       java.util.concurrent.locks.ReentrantLock::unlock (10 bytes)
Event: 15.665 Thread 0x0000000017bfd800 nmethod 2244 0x0000000001fdae50 code [0x0000000001fdafa0, 0x0000000001fdb068]
Event: 15.667 Thread 0x0000000017bf7800 nmethod 2245 0x0000000001fac090 code [0x0000000001fac1e0, 0x0000000001fac368]

GC Heap History (10 events):
Event: 13.674 GC heap before
{Heap before GC invocations=38 (full 3):
 PSYoungGen      total 334336K, used 306336K [0x00000000e0400000, 0x00000000f6900000, 0x0000000100000000)
  eden space 306176K, 100% used [0x00000000e0400000,0x00000000f2f00000,0x00000000f2f00000)
  from space 28160K, 0% used [0x00000000f4d80000,0x00000000f4da8000,0x00000000f6900000)
  to   space 29696K, 0% used [0x00000000f2f00000,0x00000000f2f00000,0x00000000f4c00000)
 ParOldGen       total 228864K, used 155089K [0x00000000a0c00000, 0x00000000aeb80000, 0x00000000e0400000)
  object space 228864K, 67% used [0x00000000a0c00000,0x00000000aa3747a8,0x00000000aeb80000)
 Metaspace       used 17862K, capacity 18085K, committed 18304K, reserved 1064960K
  class space    used 1721K, capacity 1793K, committed 1920K, reserved 1048576K
Event: 13.675 GC heap after
Heap after GC invocations=38 (full 3):
 PSYoungGen      total 335872K, used 224K [0x00000000e0400000, 0x00000000f6880000, 0x0000000100000000)
  eden space 306176K, 0% used [0x00000000e0400000,0x00000000e0400000,0x00000000f2f00000)
  from space 29696K, 0% used [0x00000000f2f00000,0x00000000f2f38000,0x00000000f4c00000)
  to   space 28160K, 0% used [0x00000000f4d00000,0x00000000f4d00000,0x00000000f6880000)
 ParOldGen       total 228864K, used 155105K [0x00000000a0c00000, 0x00000000aeb80000, 0x00000000e0400000)
  object space 228864K, 67% used [0x00000000a0c00000,0x00000000aa3787a8,0x00000000aeb80000)
 Metaspace       used 17862K, capacity 18085K, committed 18304K, reserved 1064960K
  class space    used 1721K, capacity 1793K, committed 1920K, reserved 1048576K
}
Event: 14.160 GC heap before
{Heap before GC invocations=39 (full 3):
 PSYoungGen      total 335872K, used 306400K [0x00000000e0400000, 0x00000000f6880000, 0x0000000100000000)
  eden space 306176K, 100% used [0x00000000e0400000,0x00000000f2f00000,0x00000000f2f00000)
  from space 29696K, 0% used [0x00000000f2f00000,0x00000000f2f38000,0x00000000f4c00000)
  to   space 28160K, 0% used [0x00000000f4d00000,0x00000000f4d00000,0x00000000f6880000)
 ParOldGen       total 228864K, used 155105K [0x00000000a0c00000, 0x00000000aeb80000, 0x00000000e0400000)
  object space 228864K, 67% used [0x00000000a0c00000,0x00000000aa3787a8,0x00000000aeb80000)
 Metaspace       used 17865K, capacity 18085K, committed 18304K, reserved 1064960K
  class space    used 1721K, capacity 1793K, committed 1920K, reserved 1048576K
Event: 14.161 GC heap after
Heap after GC invocations=39 (full 3):
 PSYoungGen      total 333824K, used 256K [0x00000000e0400000, 0x00000000f6600000, 0x0000000100000000)
  eden space 308224K, 0% used [0x00000000e0400000,0x00000000e0400000,0x00000000f3100000)
  from space 25600K, 1% used [0x00000000f4d00000,0x00000000f4d40000,0x00000000f6600000)
  to   space 27136K, 0% used [0x00000000f3100000,0x00000000f3100000,0x00000000f4b80000)
 ParOldGen       total 228864K, used 155121K [0x00000000a0c00000, 0x00000000aeb80000, 0x00000000e0400000)
  object space 228864K, 67% used [0x00000000a0c00000,0x00000000aa37c7a8,0x00000000aeb80000)
 Metaspace       used 17865K, capacity 18085K, committed 18304K, reserved 1064960K
  class space    used 1721K, capacity 1793K, committed 1920K, reserved 1048576K
}
Event: 14.665 GC heap before
{Heap before GC invocations=40 (full 3):
 PSYoungGen      total 333824K, used 303041K [0x00000000e0400000, 0x00000000f6600000, 0x0000000100000000)
  eden space 308224K, 98% used [0x00000000e0400000,0x00000000f2bb07d8,0x00000000f3100000)
  from space 25600K, 1% used [0x00000000f4d00000,0x00000000f4d40000,0x00000000f6600000)
  to   space 27136K, 0% used [0x00000000f3100000,0x00000000f3100000,0x00000000f4b80000)
 ParOldGen       total 228864K, used 155121K [0x00000000a0c00000, 0x00000000aeb80000, 0x00000000e0400000)
  object space 228864K, 67% used [0x00000000a0c00000,0x00000000aa37c7a8,0x00000000aeb80000)
 Metaspace       used 17874K, capacity 18085K, committed 18304K, reserved 1064960K
  class space    used 1721K, capacity 1793K, committed 1920K, reserved 1048576K
Event: 14.666 GC heap after
Heap after GC invocations=40 (full 3):
 PSYoungGen      total 335360K, used 224K [0x00000000e0400000, 0x00000000f6500000, 0x0000000100000000)
  eden space 308224K, 0% used [0x00000000e0400000,0x00000000e0400000,0x00000000f3100000)
  from space 27136K, 0% used [0x00000000f3100000,0x00000000f3138000,0x00000000f4b80000)
  to   space 25600K, 0% used [0x00000000f4c00000,0x00000000f4c00000,0x00000000f6500000)
 ParOldGen       total 228864K, used 155129K [0x00000000a0c00000, 0x00000000aeb80000, 0x00000000e0400000)
  object space 228864K, 67% used [0x00000000a0c00000,0x00000000aa37e7a8,0x00000000aeb80000)
 Metaspace       used 17874K, capacity 18085K, committed 18304K, reserved 1064960K
  class space    used 1721K, capacity 1793K, committed 1920K, reserved 1048576K
}
Event: 15.134 GC heap before
{Heap before GC invocations=41 (full 3):
 PSYoungGen      total 335360K, used 302717K [0x00000000e0400000, 0x00000000f6500000, 0x0000000100000000)
  eden space 308224K, 98% used [0x00000000e0400000,0x00000000f2b675b0,0x00000000f3100000)
  from space 27136K, 0% used [0x00000000f3100000,0x00000000f3138000,0x00000000f4b80000)
  to   space 25600K, 0% used [0x00000000f4c00000,0x00000000f4c00000,0x00000000f6500000)
 ParOldGen       total 228864K, used 155129K [0x00000000a0c00000, 0x00000000aeb80000, 0x00000000e0400000)
  object space 228864K, 67% used [0x00000000a0c00000,0x00000000aa37e7a8,0x00000000aeb80000)
 Metaspace       used 17927K, capacity 18149K, committed 18304K, reserved 1064960K
  class space    used 1721K, capacity 1793K, committed 1920K, reserved 1048576K
Event: 15.135 GC heap after
Heap after GC invocations=41 (full 3):
 PSYoungGen      total 332800K, used 160K [0x00000000e0400000, 0x00000000f6200000, 0x0000000100000000)
  eden space 310272K, 0% used [0x00000000e0400000,0x00000000e0400000,0x00000000f3300000)
  from space 22528K, 0% used [0x00000000f4c00000,0x00000000f4c28000,0x00000000f6200000)
  to   space 24064K, 0% used [0x00000000f3300000,0x00000000f3300000,0x00000000f4a80000)
 ParOldGen       total 228864K, used 155145K [0x00000000a0c00000, 0x00000000aeb80000, 0x00000000e0400000)
  object space 228864K, 67% used [0x00000000a0c00000,0x00000000aa3827a8,0x00000000aeb80000)
 Metaspace       used 17927K, capacity 18149K, committed 18304K, reserved 1064960K
  class space    used 1721K, capacity 1793K, committed 1920K, reserved 1048576K
}
Event: 15.610 GC heap before
{Heap before GC invocations=42 (full 3):
 PSYoungGen      total 332800K, used 310432K [0x00000000e0400000, 0x00000000f6200000, 0x0000000100000000)
  eden space 310272K, 100% used [0x00000000e0400000,0x00000000f3300000,0x00000000f3300000)
  from space 22528K, 0% used [0x00000000f4c00000,0x00000000f4c28000,0x00000000f6200000)
  to   space 24064K, 0% used [0x00000000f3300000,0x00000000f3300000,0x00000000f4a80000)
 ParOldGen       total 228864K, used 155145K [0x00000000a0c00000, 0x00000000aeb80000, 0x00000000e0400000)
  object space 228864K, 67% used [0x00000000a0c00000,0x00000000aa3827a8,0x00000000aeb80000)
 Metaspace       used 17928K, capacity 18149K, committed 18304K, reserved 1064960K
  class space    used 1721K, capacity 1793K, committed 1920K, reserved 1048576K
Event: 15.616 GC heap after
Heap after GC invocations=42 (full 3):
 PSYoungGen      total 334336K, used 8260K [0x00000000e0400000, 0x00000000f6500000, 0x0000000100000000)
  eden space 310272K, 0% used [0x00000000e0400000,0x00000000e0400000,0x00000000f3300000)
  from space 24064K, 34% used [0x00000000f3300000,0x00000000f3b11010,0x00000000f4a80000)
  to   space 24064K, 0% used [0x00000000f4d80000,0x00000000f4d80000,0x00000000f6500000)
 ParOldGen       total 228864K, used 155177K [0x00000000a0c00000, 0x00000000aeb80000, 0x00000000e0400000)
  object space 228864K, 67% used [0x00000000a0c00000,0x00000000aa38a7a8,0x00000000aeb80000)
 Metaspace       used 17928K, capacity 18149K, committed 18304K, reserved 1064960K
  class space    used 1721K, capacity 1793K, committed 1920K, reserved 1048576K
}

Deoptimization events (10 events):
Event: 12.852 Thread 0x0000000018dda000 Uncommon trap: reason=speculate_class_check action=maybe_recompile pc=0x00000000026834a4 method=com.jogamp.common.nio.Buffers.getDirectBufferByteOffset(Ljava/lang/Object;)I @ 42
Event: 13.066 Thread 0x0000000018dda000 Uncommon trap: reason=speculate_class_check action=maybe_recompile pc=0x0000000002682d3c method=com.jogamp.common.nio.Buffers.getDirectBufferByteOffset(Ljava/lang/Object;)I @ 53
Event: 13.075 Thread 0x0000000018dda000 Uncommon trap: reason=speculate_class_check action=maybe_recompile pc=0x0000000002682d3c method=com.jogamp.common.nio.Buffers.getDirectBufferByteOffset(Ljava/lang/Object;)I @ 53
Event: 13.897 Thread 0x0000000018dda000 Uncommon trap: reason=speculate_class_check action=maybe_recompile pc=0x0000000002695864 method=com.jogamp.common.nio.Buffers.getDirectBufferByteOffset(Ljava/lang/Object;)I @ 22
Event: 13.897 Thread 0x0000000018dda000 Uncommon trap: reason=speculate_class_check action=maybe_recompile pc=0x0000000002695864 method=com.jogamp.common.nio.Buffers.getDirectBufferByteOffset(Ljava/lang/Object;)I @ 22
Event: 14.114 Thread 0x0000000018dda000 Uncommon trap: reason=speculate_class_check action=maybe_recompile pc=0x000000000269ac7c method=com.jogamp.common.nio.Buffers.getDirectBufferByteOffset(Ljava/lang/Object;)I @ 31
Event: 14.114 Thread 0x0000000018dda000 Uncommon trap: reason=speculate_class_check action=maybe_recompile pc=0x000000000269ac7c method=com.jogamp.common.nio.Buffers.getDirectBufferByteOffset(Ljava/lang/Object;)I @ 31
Event: 14.337 Thread 0x0000000018dda000 Uncommon trap: reason=speculate_class_check action=maybe_recompile pc=0x00000000026a53e4 method=com.jogamp.common.nio.Buffers.getDirectBufferByteOffset(Ljava/lang/Object;)I @ 42
Event: 14.348 Thread 0x0000000018dda000 Uncommon trap: reason=speculate_class_check action=maybe_recompile pc=0x00000000026a53e4 method=com.jogamp.common.nio.Buffers.getDirectBufferByteOffset(Ljava/lang/Object;)I @ 42
Event: 16.012 Thread 0x0000000018e50800 Uncommon trap: reason=unreached action=reinterpret pc=0x000000000259552c method=java.util.HashMap.keySet()Ljava/util/Set; @ 6

Internal exceptions (10 events):
Event: 2.868 Thread 0x0000000018dda000 Exception <a 'java/security/PrivilegedActionException'> (0x00000000e4014400) thrown at [D:\re\workspace\8-2-build-windows-amd64-cygwin\jdk8u25\1677\hotspot\src\share\vm\prims\jvm.cpp, line 1312]
Event: 2.868 Thread 0x0000000018dda000 Exception <a 'java/security/PrivilegedActionException'> (0x00000000e4018808) thrown at [D:\re\workspace\8-2-build-windows-amd64-cygwin\jdk8u25\1677\hotspot\src\share\vm\prims\jvm.cpp, line 1312]
Event: 2.868 Thread 0x0000000018dda000 Exception <a 'java/security/PrivilegedActionException'> (0x00000000e401cbf0) thrown at [D:\re\workspace\8-2-build-windows-amd64-cygwin\jdk8u25\1677\hotspot\src\share\vm\prims\jvm.cpp, line 1312]
Event: 2.869 Thread 0x0000000018dda000 Exception <a 'java/security/PrivilegedActionException'> (0x00000000e4020748) thrown at [D:\re\workspace\8-2-build-windows-amd64-cygwin\jdk8u25\1677\hotspot\src\share\vm\prims\jvm.cpp, line 1312]
Event: 2.869 Thread 0x0000000018dda000 Exception <a 'java/security/PrivilegedActionException'> (0x00000000e4024f48) thrown at [D:\re\workspace\8-2-build-windows-amd64-cygwin\jdk8u25\1677\hotspot\src\share\vm\prims\jvm.cpp, line 1312]
Event: 2.869 Thread 0x0000000018dda000 Exception <a 'java/security/PrivilegedActionException'> (0x00000000e4028680) thrown at [D:\re\workspace\8-2-build-windows-amd64-cygwin\jdk8u25\1677\hotspot\src\share\vm\prims\jvm.cpp, line 1312]
Event: 2.869 Thread 0x0000000018dda000 Exception <a 'java/security/PrivilegedActionException'> (0x00000000e402c5c8) thrown at [D:\re\workspace\8-2-build-windows-amd64-cygwin\jdk8u25\1677\hotspot\src\share\vm\prims\jvm.cpp, line 1312]
Event: 2.870 Thread 0x0000000018dda000 Exception <a 'java/security/PrivilegedActionException'> (0x00000000e40324d8) thrown at [D:\re\workspace\8-2-build-windows-amd64-cygwin\jdk8u25\1677\hotspot\src\share\vm\prims\jvm.cpp, line 1312]
Event: 2.882 Thread 0x0000000018dda000 Exception <a 'java/security/PrivilegedActionException'> (0x00000000e410dae8) thrown at [D:\re\workspace\8-2-build-windows-amd64-cygwin\jdk8u25\1677\hotspot\src\share\vm\prims\jvm.cpp, line 1312]
Event: 16.012 Thread 0x0000000018e50800 Implicit null exception at 0x0000000002595267 to 0x000000000259551d

Events (10 events):
Event: 15.980 loading class javax/swing/Popup$HeavyWeightWindow
Event: 15.980 loading class sun/awt/ModalExclude
Event: 15.980 loading class sun/awt/ModalExclude done
Event: 15.980 loading class javax/swing/JWindow
Event: 15.980 loading class javax/swing/JWindow done
Event: 15.980 loading class javax/swing/Popup$HeavyWeightWindow done
Event: 16.012 Thread 0x0000000018e50800 Uncommon trap: trap_request=0xffffffad fr.pc=0x000000000259552c
Event: 16.012 Thread 0x0000000018e50800 DEOPT PACKING pc=0x000000000259552c sp=0x000000001c09ed40
Event: 16.012 Thread 0x0000000018e50800 DEOPT UNPACKING pc=0x0000000001ee556a sp=0x000000001c09ec98 mode 2
Event: 16.013 Thread 0x0000000018e70800 Thread exited: 0x0000000018e70800


Dynamic libraries:
0x00007ff669010000 - 0x00007ff669044000 	C:\Program Files\Java\jre1.8.0_25\bin\javaw.exe
0x00007ff98c320000 - 0x00007ff98c4cc000 	C:\WINDOWS\SYSTEM32\ntdll.dll
0x00007ff989d20000 - 0x00007ff989e5e000 	C:\WINDOWS\system32\KERNEL32.DLL
0x00007ff9897d0000 - 0x00007ff9898e5000 	C:\WINDOWS\system32\KERNELBASE.dll
0x00007ff987ff0000 - 0x00007ff98807e000 	C:\WINDOWS\system32\apphelp.dll
0x00007ff973750000 - 0x00007ff9737a3000 	C:\WINDOWS\AppPatch\AppPatch64\AcGenral.DLL
0x00007ff98a220000 - 0x00007ff98a2ca000 	C:\WINDOWS\system32\msvcrt.dll
0x00007ff9892a0000 - 0x00007ff9892ce000 	C:\WINDOWS\SYSTEM32\SspiCli.dll
0x00007ff98b980000 - 0x00007ff98b9d4000 	C:\WINDOWS\system32\SHLWAPI.dll
0x00007ff989f00000 - 0x00007ff98a077000 	C:\WINDOWS\system32\USER32.dll
0x00007ff98bb50000 - 0x00007ff98bce4000 	C:\WINDOWS\system32\ole32.dll
0x00007ff98a390000 - 0x00007ff98b8a8000 	C:\WINDOWS\system32\SHELL32.dll
0x00007ff988a10000 - 0x00007ff988a31000 	C:\WINDOWS\SYSTEM32\USERENV.dll
0x00007ff989c10000 - 0x00007ff989cba000 	C:\WINDOWS\system32\ADVAPI32.dll
0x00007ff97c880000 - 0x00007ff97c89e000 	C:\WINDOWS\SYSTEM32\MPR.dll
0x00007ff98b9e0000 - 0x00007ff98bb21000 	C:\WINDOWS\system32\RPCRT4.dll
0x00007ff9899a0000 - 0x00007ff9899f9000 	C:\WINDOWS\SYSTEM32\sechost.dll
0x00007ff98bed0000 - 0x00007ff98c0e1000 	C:\WINDOWS\SYSTEM32\combase.dll
0x00007ff98a0c0000 - 0x00007ff98a211000 	C:\WINDOWS\system32\GDI32.dll
0x00007ff989470000 - 0x00007ff989485000 	C:\WINDOWS\SYSTEM32\profapi.dll
0x00007ff987810000 - 0x00007ff9878c2000 	C:\WINDOWS\SYSTEM32\SHCORE.dll
0x00007ff98a080000 - 0x00007ff98a0b6000 	C:\WINDOWS\system32\IMM32.DLL
0x00007ff98c1c0000 - 0x00007ff98c312000 	C:\WINDOWS\system32\MSCTF.dll
0x00007ff986b90000 - 0x00007ff986e0b000 	C:\WINDOWS\WinSxS\amd64_microsoft.windows.common-controls_6595b64144ccf1df_6.0.9600.17415_none_6240486fecbd8abb\COMCTL32.dll
0x0000000075f50000 - 0x0000000076022000 	C:\Program Files\Java\jre1.8.0_25\bin\msvcr100.dll
0x0000000076ae0000 - 0x000000007733a000 	C:\Program Files\Java\jre1.8.0_25\bin\server\jvm.dll
0x00007ff9707d0000 - 0x00007ff9707d9000 	C:\WINDOWS\SYSTEM32\WSOCK32.dll
0x00007ff97ca00000 - 0x00007ff97ca22000 	C:\WINDOWS\SYSTEM32\WINMM.dll
0x00007ff989e80000 - 0x00007ff989e87000 	C:\WINDOWS\system32\PSAPI.DLL
0x00007ff989a00000 - 0x00007ff989a5a000 	C:\WINDOWS\system32\WS2_32.dll
0x00007ff97c8d0000 - 0x00007ff97c8fa000 	C:\WINDOWS\SYSTEM32\WINMMBASE.dll
0x00007ff98bb30000 - 0x00007ff98bb39000 	C:\WINDOWS\system32\NSI.dll
0x00007ff989950000 - 0x00007ff98999f000 	C:\WINDOWS\SYSTEM32\cfgmgr32.dll
0x00007ff988260000 - 0x00007ff988288000 	C:\WINDOWS\SYSTEM32\DEVOBJ.dll
0x0000000076ad0000 - 0x0000000076adf000 	C:\Program Files\Java\jre1.8.0_25\bin\verify.dll
0x0000000076aa0000 - 0x0000000076ac8000 	C:\Program Files\Java\jre1.8.0_25\bin\java.dll
0x0000000076a80000 - 0x0000000076a96000 	C:\Program Files\Java\jre1.8.0_25\bin\zip.dll
0x0000000075db0000 - 0x0000000075f48000 	C:\Program Files\Java\jre1.8.0_25\bin\awt.dll
0x00007ff98c0f0000 - 0x00007ff98c1b1000 	C:\WINDOWS\system32\OLEAUT32.dll
0x00007ff987610000 - 0x00007ff987631000 	C:\WINDOWS\system32\DWMAPI.DLL
0x00007ff988130000 - 0x00007ff988259000 	C:\WINDOWS\system32\uxtheme.dll
0x00007ff9882b0000 - 0x00007ff9882bb000 	C:\WINDOWS\SYSTEM32\kernel.appcore.dll
0x00007ff989340000 - 0x00007ff98934b000 	C:\WINDOWS\SYSTEM32\CRYPTBASE.dll
0x00007ff9892d0000 - 0x00007ff989333000 	C:\WINDOWS\SYSTEM32\bcryptPrimitives.dll
0x00007ff97e8c0000 - 0x00007ff97eae1000 	C:\WINDOWS\system32\d3d9.dll
0x00007ff987180000 - 0x00007ff98718a000 	C:\WINDOWS\SYSTEM32\VERSION.dll
0x00007ff986970000 - 0x00007ff986abb000 	C:\WINDOWS\SYSTEM32\aticfx64.dll
0x00007ff965270000 - 0x00007ff965291000 	C:\WINDOWS\SYSTEM32\atiu9p64.dll
0x00007ff964a80000 - 0x00007ff965265000 	C:\WINDOWS\SYSTEM32\atiumd64.dll
0x0000000076110000 - 0x00000000768c7000 	C:\WINDOWS\SYSTEM32\atiumd6a.dll
0x00000000769f0000 - 0x0000000076a37000 	C:\Program Files\Java\jre1.8.0_25\bin\fontmanager.dll
0x00007ff988ce0000 - 0x00007ff988d00000 	C:\WINDOWS\SYSTEM32\CRYPTSP.dll
0x00007ff988900000 - 0x00007ff988936000 	C:\WINDOWS\system32\rsaenh.dll
0x00007ff988f90000 - 0x00007ff988fb6000 	C:\WINDOWS\SYSTEM32\bcrypt.dll
0x0000000076a60000 - 0x0000000076a7a000 	C:\Program Files\Java\jre1.8.0_25\bin\net.dll
0x00007ff988c80000 - 0x00007ff988cd9000 	C:\WINDOWS\system32\mswsock.dll
0x00007ff9860b0000 - 0x00007ff9860da000 	C:\WINDOWS\SYSTEM32\IPHLPAPI.DLL
0x00007ff986050000 - 0x00007ff98605a000 	C:\WINDOWS\SYSTEM32\WINNSI.DLL
0x00007ff9841e0000 - 0x00007ff9841f6000 	C:\WINDOWS\SYSTEM32\dhcpcsvc6.DLL
0x00007ff984380000 - 0x00007ff98439a000 	C:\WINDOWS\SYSTEM32\dhcpcsvc.DLL
0x0000000076a40000 - 0x0000000076a51000 	C:\Program Files\Java\jre1.8.0_25\bin\nio.dll
0x00000000637c0000 - 0x00000000637cd000 	S:\Users\Ben\AppData\Local\Temp\jogamp_0000\file_cache\jln2419030875875185695\jln2264156430300678121\gluegen-rt.dll
0x00000000769e0000 - 0x00000000769e7000 	C:\Program Files\Java\jre1.8.0_25\bin\jawt.dll
0x000000006a440000 - 0x000000006a44d000 	S:\Users\Ben\AppData\Local\Temp\jogamp_0000\file_cache\jln2419030875875185695\jln2264156430300678121\nativewindow_awt.dll
0x000000006c100000 - 0x000000006c10f000 	S:\Users\Ben\AppData\Local\Temp\jogamp_0000\file_cache\jln2419030875875185695\jln2264156430300678121\nativewindow_win32.dll
0x00007ff960620000 - 0x00007ff96074b000 	C:\WINDOWS\SYSTEM32\OpenGL32.dll
0x00007ff97d7c0000 - 0x00007ff97d7ee000 	C:\WINDOWS\SYSTEM32\GLU32.dll
0x00007ff966bf0000 - 0x00007ff966ce8000 	C:\WINDOWS\SYSTEM32\DDRAW.dll
0x00007ff980290000 - 0x00007ff980299000 	C:\WINDOWS\SYSTEM32\DCIMAN32.dll
0x0000000064500000 - 0x00000000645a2000 	S:\Users\Ben\AppData\Local\Temp\jogamp_0000\file_cache\jln2419030875875185695\jln2264156430300678121\jogl_desktop.dll
0x00007ff97d720000 - 0x00007ff97d738000 	C:\WINDOWS\SYSTEM32\atig6pxx.dll
0x0000000074200000 - 0x0000000075daf000 	C:\WINDOWS\SYSTEM32\atio6axx.dll
0x00007ff98bcf0000 - 0x00007ff98beca000 	C:\WINDOWS\system32\SETUPAPI.dll
0x00007ff986120000 - 0x00007ff986257000 	C:\WINDOWS\SYSTEM32\atiadlxx.dll
0x00007ff986710000 - 0x00007ff98688f000 	C:\WINDOWS\SYSTEM32\PROPSYS.dll
0x00007ff988080000 - 0x00007ff988092000 	C:\WINDOWS\SYSTEM32\WTSAPI32.dll
0x00007ff9898f0000 - 0x00007ff989941000 	C:\WINDOWS\system32\WINTRUST.dll
0x00007ff989540000 - 0x00007ff98971f000 	C:\WINDOWS\system32\CRYPT32.dll
0x00007ff989520000 - 0x00007ff989531000 	C:\WINDOWS\system32\MSASN1.dll
0x00007ff973720000 - 0x00007ff973749000 	C:\WINDOWS\SYSTEM32\atig6txx.dll
0x00007ff95c1a0000 - 0x00007ff95c33c000 	O:\OneDrive\Workspace\ZZavatar\lib\user\KinectPV2\Kinect20.Face.dll
0x00007ff97c900000 - 0x00007ff97c9a7000 	C:\WINDOWS\SYSTEM32\MSVCP110.dll
0x00007ff981bc0000 - 0x00007ff981c8e000 	C:\WINDOWS\SYSTEM32\MSVCR110.dll
0x00007ff980280000 - 0x00007ff980290000 	O:\OneDrive\Workspace\ZZavatar\lib\user\KinectPV2\KinectPV2.dll
0x00007ff960560000 - 0x00007ff96061a000 	C:\WINDOWS\SYSTEM32\Kinect20.dll
0x00007ff97ca30000 - 0x00007ff97cb1b000 	C:\WINDOWS\SYSTEM32\MFPlat.DLL
0x00007ff97c8a0000 - 0x00007ff97c8c7000 	C:\WINDOWS\SYSTEM32\RTWorkQ.DLL
0x00007ff987050000 - 0x00007ff98705c000 	C:\WINDOWS\SYSTEM32\AVRT.dll
0x00007ff963e10000 - 0x00007ff963f9a000 	C:\WINDOWS\SYSTEM32\dbghelp.dll

VM Arguments:
jvm_args: -Djava.library.path=O:\OneDrive\Workspace\ZZavatar\lib\base\video;O:\OneDrive\Workspace\ZZavatar\lib\base\video;O:\OneDrive\Workspace\ZZavatar\lib\base\video;O:\OneDrive\Workspace\ZZavatar\lib\base\core;O:\OneDrive\Workspace\ZZavatar\lib\base\core;O:\OneDrive\Workspace\ZZavatar\lib\base\core;O:\OneDrive\Workspace\ZZavatar\lib\base\core;O:\OneDrive\Workspace\ZZavatar\lib\base\core;O:\OneDrive\Workspace\ZZavatar\lib\base\core;O:\OneDrive\Workspace\ZZavatar\lib\base\core;O:\OneDrive\Workspace\ZZavatar\lib\base\core;O:\OneDrive\Workspace\ZZavatar\lib\base\core;O:\OneDrive\Workspace\ZZavatar\lib\base\core;O:\OneDrive\Workspace\ZZavatar\lib\base\core;O:\OneDrive\Workspace\ZZavatar\lib\base\core;O:\OneDrive\Workspace\ZZavatar\lib\base\core;O:\OneDrive\Workspace\ZZavatar\lib\base\core;O:\OneDrive\Workspace\ZZavatar\lib\base\core;O:\OneDrive\Workspace\ZZavatar\lib\user\Kinect4WinSDK;O:\OneDrive\Workspace\ZZavatar\lib\user\KinectPV2;O:\OneDrive\Workspace\ZZavatar\lib\user\SimpleOpenNI -Dfile.encoding=Cp1252 
java_command: zzavatar.ZZavatar
java_class_path (initial): O:\OneDrive\Workspace\ZZavatar\lib\base\video\gstreamer-java.jar;O:\OneDrive\Workspace\ZZavatar\lib\base\video\jna.jar;O:\OneDrive\Workspace\ZZavatar\lib\base\video\video.jar;O:\OneDrive\Workspace\ZZavatar\lib\base\core\core.jar;O:\OneDrive\Workspace\ZZavatar\lib\base\core\gluegen-rt-natives-linux-amd64.jar;O:\OneDrive\Workspace\ZZavatar\lib\base\core\gluegen-rt-natives-linux-armv6hf.jar;O:\OneDrive\Workspace\ZZavatar\lib\base\core\gluegen-rt-natives-linux-i586.jar;O:\OneDrive\Workspace\ZZavatar\lib\base\core\gluegen-rt-natives-macosx-universal.jar;O:\OneDrive\Workspace\ZZavatar\lib\base\core\gluegen-rt-natives-windows-amd64.jar;O:\OneDrive\Workspace\ZZavatar\lib\base\core\gluegen-rt-natives-windows-i586.jar;O:\OneDrive\Workspace\ZZavatar\lib\base\core\gluegen-rt.jar;O:\OneDrive\Workspace\ZZavatar\lib\base\core\jogl-all-natives-linux-amd64.jar;O:\OneDrive\Workspace\ZZavatar\lib\base\core\jogl-all-natives-linux-armv6hf.jar;O:\OneDrive\Workspace\ZZavatar\lib\base\core\jogl-all-natives-linux-i586.jar;O:\OneDrive\Workspace\ZZavatar\lib\base\core\jogl-all-natives-macosx-universal.jar;O:\OneDrive\Workspace\ZZavatar\lib\base\core\jogl-all-natives-windows-amd64.jar;O:\OneDrive\Workspace\ZZavatar\lib\base\core\jogl-all-natives-windows-i586.jar;O:\OneDrive\Workspace\ZZavatar\lib\base\core\jogl-all.jar;O:\OneDrive\Workspace\ZZavatar\lib\user\Kinect4WinSDK\Kinect4WinSDK.jar;O:\OneDrive\Workspace\ZZavatar\lib\user\KinectPV2\KinectPV2.jar;O:\OneDrive\Workspace\ZZavatar\lib\user\SimpleOpenNI\SimpleOpenNI.jar;O:\OneDrive\Workspace\ZZavatar\bin
Launcher Type: SUN_STANDARD

Environment Variables:
JAVA_HOME=C:\Program Files\Java\jdk1.8.0_25
PATH=C:/Program Files/Java/jre1.8.0_25/bin/server;C:/Program Files/Java/jre1.8.0_25/bin;C:/Program Files/Java/jre1.8.0_25/lib/amd64;C:\Program Files (x86)\NVIDIA Corporation\PhysX\Common;C:\ProgramData\Oracle\Java\javapath;C:\Program Files (x86)\Common Files\Intel\Shared Libraries\redist\intel64\compiler;C:\Program Files (x86)\Common Files\Intel\Shared Libraries\redist\ia32\compiler;C:\Program Files (x86)\Intel\iCLS Client\;C:\Program Files\Intel\iCLS Client\;C:\Program Files (x86)\AMD APP\bin\x86_64;C:\Program Files (x86)\AMD APP\bin\x86;C:\WINDOWS\system32;C:\WINDOWS;C:\WINDOWS\System32\Wbem;C:\WINDOWS\System32\WindowsPowerShell\v1.0\;C:\Program Files (x86)\ATI Technologies\ATI.ACE\Core-Static;C:\Program Files\Intel\Intel(R) Management Engine Components\DAL;C:\Program Files\Intel\Intel(R) Management Engine Components\IPT;C:\Program Files (x86)\Intel\Intel(R) Management Engine Components\DAL;C:\Program Files (x86)\Intel\Intel(R) Management Engine Components\IPT;C:\Program Files\Sony\VAIO Improvement\;C:\Program Files (x86)\Sony\VAIO Startup Setting Tool;C:\Program Files (x86)\Windows Kits\8.1\Windows Performance Toolkit\;C:\Program Files\Microsoft SQL Server\110\Tools\Binn\;C:\Program Files (x86)\Microsoft SDKs\TypeScript\1.0\;C:\Program Files\Microsoft\Web Platform Installer\;C:\Program Files (x86)\Java\jre1.8.0_25\bin;P:\Programs\Python27\Scripts;P:\Programs\Python27;C:\Program Files\Common Files\Autodesk Shared\;P:\Program Files\Programs;P:\Program Files\Games;P:\Programs\Eclipse;
USERNAME=Benoît
OS=Windows_NT
PROCESSOR_IDENTIFIER=Intel64 Family 6 Model 58 Stepping 9, GenuineIntel



---------------  S Y S T E M  ---------------

OS: Windows 8.1 , 64 bit Build 9600 

CPU:total 8 (4 cores per cpu, 2 threads per core) family 6 model 58 stepping 9, cmov, cx8, fxsr, mmx, sse, sse2, sse3, ssse3, sse4.1, sse4.2, popcnt, avx, aes, clmul, erms, ht, tsc, tscinvbit, tscinv

Memory: 4k page, physical 6237468k(2086840k free), swap 10431772k(4026420k free)

vm_info: Java HotSpot(TM) 64-Bit Server VM (25.25-b02) for windows-amd64 JRE (1.8.0_25-b18), built on Oct  7 2014 14:25:37 by "java_re" with MS VC++ 10.0 (VS2010)

time: Fri Apr 24 19:13:20 2015
elapsed time: 16 seconds (0d 0h 0m 16s)

