#
# A fatal error has been detected by the Java Runtime Environment:
#
#  EXCEPTION_ACCESS_VIOLATION (0xc0000005) at pc=0x00007ff980284110, pid=8696, tid=4484
#
# JRE version: Java(TM) SE Runtime Environment (8.0_25-b18) (build 1.8.0_25-b18)
# Java VM: Java HotSpot(TM) 64-Bit Server VM (25.25-b02 mixed mode windows-amd64 compressed oops)
# Problematic frame:
# C  [KinectPV2.dll+0x4110]
#
# Failed to write core dump. Minidumps are not enabled by default on client versions of Windows
#
# If you would like to submit a bug report, please visit:
#   http://bugreport.sun.com/bugreport/crash.jsp
# The crash happened outside the Java Virtual Machine in native code.
# See problematic frame for where to report the bug.
#

---------------  T H R E A D  ---------------

Current thread (0x0000000019a23000):  JavaThread "Animation Thread" [_thread_in_native, id=4484, stack(0x000000001ca60000,0x000000001cb60000)]

siginfo: ExceptionCode=0xc0000005, reading address 0xffffffffffffffff

Registers:
RAX=0x0000000000000001, RBX=0x000000002e6ff040, RCX=0x004d50e80a00000a, RDX=0x0000000000000000
RSP=0x000000001cb5e640, RBP=0x0000000000000006, RSI=0x0000000000000000, RDI=0x000000001f8facb8
R8 =0x000000001cb5e308, R9 =0x0000000000008000, R10=0x0000000000000000, R11=0x000000001cb5e540
R12=0x0000000000000000, R13=0x000000001fdfd198, R14=0x0000000000000000, R15=0x0000000019a23000
RIP=0x00007ff980284110, EFLAGS=0x0000000000010206

Top of Stack: (sp=0x000000001cb5e640)
0x000000001cb5e640:   000000001f8fac88 000000001f832458
0x000000001cb5e650:   000000001f8fac88 0000000000000000
0x000000001cb5e660:   000000001cb5e730 00007ff980281fba
0x000000001cb5e670:   000000001cb5e730 000000001cb5e710
0x000000001cb5e680:   0000000019a231e8 00000000199e2600
0x000000001cb5e690:   00000000a38f8808 0000000002985b74
0x000000001cb5e6a0:   000000001fdfd198 0000000000000021
0x000000001cb5e6b0:   0000000000000021 0000000019a23000
0x000000001cb5e6c0:   000000001cb5e788 00000000029858a2
0x000000001cb5e6d0:   000000001cb5e6d0 000000001fdfd198
0x000000001cb5e6e0:   000000001cb5e730 000000001fdfe128
0x000000001cb5e6f0:   0000000000000000 000000001fdfd198
0x000000001cb5e700:   0000000000000000 000000001cb5e730
0x000000001cb5e710:   000000001cb5e778 0000000002977a2d
0x000000001cb5e720:   0000000000000000 000000000297f6b8
0x000000001cb5e730:   00000000a38aeb90 000000001cb5e738 

Instructions: (pc=0x00007ff980284110)
0x00007ff9802840f0:   89 77 d0 48 8b 0f 48 85 c9 74 09 48 8b 01 ff 50
0x00007ff980284100:   10 4c 89 37 48 8b 8f 90 00 00 00 48 85 c9 74 0d
0x00007ff980284110:   48 8b 01 ff 50 10 4c 89 b7 90 00 00 00 48 8b 4f
0x00007ff980284120:   30 48 85 c9 74 0a 48 8b 01 ff 50 10 4c 89 77 30 


Register to memory mapping:

RAX=0x0000000000000001 is an unknown value
RBX=0x000000002e6ff040 is an unknown value
RCX=0x004d50e80a00000a is an unknown value
RDX=0x0000000000000000 is an unknown value
RSP=0x000000001cb5e640 is pointing into the stack for thread: 0x0000000019a23000
RBP=0x0000000000000006 is an unknown value
RSI=0x0000000000000000 is an unknown value
RDI=0x000000001f8facb8 is an unknown value
R8 =0x000000001cb5e308 is pointing into the stack for thread: 0x0000000019a23000
R9 =0x0000000000008000 is an unknown value
R10=0x0000000000000000 is an unknown value
R11=0x000000001cb5e540 is pointing into the stack for thread: 0x0000000019a23000
R12=0x0000000000000000 is an unknown value
R13={method} {0x000000001fdfd1a0} 'jniStopDevice' '()V' in 'KinectPV2/Device'
R14=0x0000000000000000 is an unknown value
R15=0x0000000019a23000 is a thread


Stack: [0x000000001ca60000,0x000000001cb60000],  sp=0x000000001cb5e640,  free space=1017k
Native frames: (J=compiled Java code, j=interpreted, Vv=VM code, C=native code)
C  [KinectPV2.dll+0x4110]
C  [KinectPV2.dll+0x1fba]
C  0x0000000002985b74

Java frames: (J=compiled Java code, j=interpreted, Vv=VM code)
j  KinectPV2.Device.jniStopDevice()V+0
j  KinectPV2.Device.stopDevice()V+41
j  KinectPV2.KinectPV2.dispose()V+14
v  ~StubRoutines::call_stub
j  sun.reflect.NativeMethodAccessorImpl.invoke0(Ljava/lang/reflect/Method;Ljava/lang/Object;[Ljava/lang/Object;)Ljava/lang/Object;+0
j  sun.reflect.NativeMethodAccessorImpl.invoke(Ljava/lang/Object;[Ljava/lang/Object;)Ljava/lang/Object;+100
J 1766 C1 sun.reflect.DelegatingMethodAccessorImpl.invoke(Ljava/lang/Object;[Ljava/lang/Object;)Ljava/lang/Object; (10 bytes) @ 0x0000000002fcd984 [0x0000000002fcd880+0x104]
J 1765 C1 java.lang.reflect.Method.invoke(Ljava/lang/Object;[Ljava/lang/Object;)Ljava/lang/Object; (62 bytes) @ 0x0000000002fc5764 [0x0000000002fc5380+0x3e4]
j  processing.core.PApplet$RegisteredMethods.handle([Ljava/lang/Object;)V+18
J 1635 C1 processing.core.PApplet.handleMethods(Ljava/lang/String;)V (21 bytes) @ 0x0000000002f8321c [0x0000000002f82f60+0x2bc]
j  processing.core.PApplet.dispose()V+35
j  processing.core.PApplet.run()V+283
j  java.lang.Thread.run()V+11
v  ~StubRoutines::call_stub

---------------  P R O C E S S  ---------------

Java Threads: ( => current thread )
  0x0000000019ec6800 JavaThread "Thread-4" [_thread_in_native, id=8364, stack(0x000000002ef40000,0x000000002f040000)]
  0x0000000019ddb000 JavaThread "Animation Thread-SharedResourceRunner" daemon [_thread_blocked, id=404, stack(0x000000001ed30000,0x000000001ee30000)]
  0x000000000286e800 JavaThread "DestroyJavaVM" [_thread_blocked, id=6368, stack(0x0000000002730000,0x0000000002830000)]
  0x0000000019a46000 JavaThread "D3D Screen Updater" daemon [_thread_blocked, id=2100, stack(0x000000001cd60000,0x000000001ce60000)]
=>0x0000000019a23000 JavaThread "Animation Thread" [_thread_in_native, id=4484, stack(0x000000001ca60000,0x000000001cb60000)]
  0x0000000019994000 JavaThread "AWT-EventQueue-0" [_thread_blocked, id=5168, stack(0x000000001c860000,0x000000001c960000)]
  0x0000000019949800 JavaThread "AWT-Windows" daemon [_thread_in_native, id=1484, stack(0x000000001a250000,0x000000001a350000)]
  0x0000000019949000 JavaThread "AWT-Shutdown" [_thread_blocked, id=8556, stack(0x000000001a150000,0x000000001a250000)]
  0x0000000019948000 JavaThread "Java2D Disposer" daemon [_thread_blocked, id=8712, stack(0x000000001a050000,0x000000001a150000)]
  0x0000000018756000 JavaThread "Service Thread" daemon [_thread_blocked, id=8828, stack(0x0000000019090000,0x0000000019190000)]
  0x00000000186cf800 JavaThread "C1 CompilerThread3" daemon [_thread_blocked, id=8724, stack(0x0000000018f90000,0x0000000019090000)]
  0x00000000186ce800 JavaThread "C2 CompilerThread2" daemon [_thread_blocked, id=7092, stack(0x0000000018e90000,0x0000000018f90000)]
  0x00000000186bc000 JavaThread "C2 CompilerThread1" daemon [_thread_blocked, id=6660, stack(0x0000000018d90000,0x0000000018e90000)]
  0x00000000186b9800 JavaThread "C2 CompilerThread0" daemon [_thread_blocked, id=5808, stack(0x0000000018c90000,0x0000000018d90000)]
  0x00000000186b7000 JavaThread "Attach Listener" daemon [_thread_blocked, id=832, stack(0x0000000018b90000,0x0000000018c90000)]
  0x00000000186b5800 JavaThread "Signal Dispatcher" daemon [_thread_blocked, id=8268, stack(0x0000000018a90000,0x0000000018b90000)]
  0x0000000002968800 JavaThread "Finalizer" daemon [_thread_blocked, id=1408, stack(0x0000000018590000,0x0000000018690000)]
  0x00000000166bc800 JavaThread "Reference Handler" daemon [_thread_blocked, id=2812, stack(0x0000000018490000,0x0000000018590000)]

Other Threads:
  0x00000000166b8800 VMThread [stack: 0x0000000018390000,0x0000000018490000] [id=3132]
  0x0000000018758000 WatcherThread [stack: 0x0000000019190000,0x0000000019290000] [id=8980]

VM state:not at safepoint (normal execution)

VM Mutex/Monitor currently owned by a thread: None

Heap:
 PSYoungGen      total 376832K, used 181106K [0x00000000e0400000, 0x00000000f7580000, 0x0000000100000000)
  eden space 375296K, 48% used [0x00000000e0400000,0x00000000eb4b4aa0,0x00000000f7280000)
  from space 1536K, 10% used [0x00000000f7400000,0x00000000f7428000,0x00000000f7580000)
  to   space 1536K, 0% used [0x00000000f7280000,0x00000000f7280000,0x00000000f7400000)
 ParOldGen       total 227840K, used 180447K [0x00000000a0c00000, 0x00000000aea80000, 0x00000000e0400000)
  object space 227840K, 79% used [0x00000000a0c00000,0x00000000abc37d58,0x00000000aea80000)
 Metaspace       used 18495K, capacity 18729K, committed 19072K, reserved 1067008K
  class space    used 1762K, capacity 1793K, committed 1920K, reserved 1048576K

Card table byte_map: [0x0000000011d30000,0x0000000012030000] byte_map_base: 0x000000001182a000

Marking Bits: (ParMarkBitMap*) 0x00000000772bd490
 Begin Bits: [0x0000000012a30000, 0x0000000014200000)
 End Bits:   [0x0000000014200000, 0x00000000159d0000)

Polling page: 0x0000000000f60000

CodeCache: size=245760Kb used=8058Kb max_used=8926Kb free=237701Kb
 bounds [0x0000000002970000, 0x0000000003250000, 0x0000000011970000]
 total_blobs=3149 nmethods=2266 adapters=797
 compilation: enabled

Compilation events (10 events):
Event: 49.853 Thread 0x00000000186ce800 2677       4       processing.opengl.PGraphicsOpenGL::flushPolys (509 bytes)
Event: 49.924 Thread 0x00000000186ce800 nmethod 2677 0x000000000319c250 code [0x000000000319c8a0, 0x000000000319f0c8]
Event: 50.135 Thread 0x00000000186bc000 2678       4       processing.core.PFont::indexActual (36 bytes)
Event: 50.136 Thread 0x00000000186bc000 nmethod 2678 0x0000000002ab2710 code [0x0000000002ab2860, 0x0000000002ab2928]
Event: 50.168 Thread 0x00000000186b9800 2679       4       java.awt.Font::hashCode (76 bytes)
Event: 50.169 Thread 0x00000000186b9800 nmethod 2679 0x0000000002e82210 code [0x0000000002e82360, 0x0000000002e82478]
Event: 50.618 Thread 0x00000000186ce800 2680       4       processing.opengl.PGraphicsOpenGL::textCharImpl (198 bytes)
Event: 50.638 Thread 0x00000000186ce800 nmethod 2680 0x0000000002ef1a90 code [0x0000000002ef1cc0, 0x0000000002ef2c68]
Event: 51.085 Thread 0x00000000186bc000 2681       4       processing.opengl.PGraphicsOpenGL::textWidthImpl (51 bytes)
Event: 51.110 Thread 0x00000000186bc000 nmethod 2681 0x0000000002ed48d0 code [0x0000000002ed4b80, 0x0000000002ed5f50]

GC Heap History (10 events):
Event: 49.273 GC heap before
{Heap before GC invocations=99 (full 3):
 PSYoungGen      total 371200K, used 368745K [0x00000000e0400000, 0x00000000f7380000, 0x0000000100000000)
  eden space 369664K, 99% used [0x00000000e0400000,0x00000000f6b2e5a0,0x00000000f6d00000)
  from space 1536K, 61% used [0x00000000f6d00000,0x00000000f6dec010,0x00000000f6e80000)
  to   space 2048K, 0% used [0x00000000f7180000,0x00000000f7180000,0x00000000f7380000)
 ParOldGen       total 227840K, used 180399K [0x00000000a0c00000, 0x00000000aea80000, 0x00000000e0400000)
  object space 227840K, 79% used [0x00000000a0c00000,0x00000000abc2bd58,0x00000000aea80000)
 Metaspace       used 18494K, capacity 18729K, committed 19072K, reserved 1067008K
  class space    used 1762K, capacity 1793K, committed 1920K, reserved 1048576K
Event: 49.274 GC heap after
Heap after GC invocations=99 (full 3):
 PSYoungGen      total 372224K, used 96K [0x00000000e0400000, 0x00000000f7200000, 0x0000000100000000)
  eden space 371712K, 0% used [0x00000000e0400000,0x00000000e0400000,0x00000000f6f00000)
  from space 512K, 18% used [0x00000000f7180000,0x00000000f7198000,0x00000000f7200000)
  to   space 1536K, 0% used [0x00000000f6f00000,0x00000000f6f00000,0x00000000f7080000)
 ParOldGen       total 227840K, used 180407K [0x00000000a0c00000, 0x00000000aea80000, 0x00000000e0400000)
  object space 227840K, 79% used [0x00000000a0c00000,0x00000000abc2dd58,0x00000000aea80000)
 Metaspace       used 18494K, capacity 18729K, committed 19072K, reserved 1067008K
  class space    used 1762K, capacity 1793K, committed 1920K, reserved 1048576K
}
Event: 49.867 GC heap before
{Heap before GC invocations=100 (full 3):
 PSYoungGen      total 372224K, used 371808K [0x00000000e0400000, 0x00000000f7200000, 0x0000000100000000)
  eden space 371712K, 100% used [0x00000000e0400000,0x00000000f6f00000,0x00000000f6f00000)
  from space 512K, 18% used [0x00000000f7180000,0x00000000f7198000,0x00000000f7200000)
  to   space 1536K, 0% used [0x00000000f6f00000,0x00000000f6f00000,0x00000000f7080000)
 ParOldGen       total 227840K, used 180407K [0x00000000a0c00000, 0x00000000aea80000, 0x00000000e0400000)
  object space 227840K, 79% used [0x00000000a0c00000,0x00000000abc2dd58,0x00000000aea80000)
 Metaspace       used 18494K, capacity 18729K, committed 19072K, reserved 1067008K
  class space    used 1762K, capacity 1793K, committed 1920K, reserved 1048576K
Event: 49.869 GC heap after
Heap after GC invocations=100 (full 3):
 PSYoungGen      total 373248K, used 128K [0x00000000e0400000, 0x00000000f7400000, 0x0000000100000000)
  eden space 371712K, 0% used [0x00000000e0400000,0x00000000e0400000,0x00000000f6f00000)
  from space 1536K, 8% used [0x00000000f6f00000,0x00000000f6f20000,0x00000000f7080000)
  to   space 1536K, 0% used [0x00000000f7280000,0x00000000f7280000,0x00000000f7400000)
 ParOldGen       total 227840K, used 180423K [0x00000000a0c00000, 0x00000000aea80000, 0x00000000e0400000)
  object space 227840K, 79% used [0x00000000a0c00000,0x00000000abc31d58,0x00000000aea80000)
 Metaspace       used 18494K, capacity 18729K, committed 19072K, reserved 1067008K
  class space    used 1762K, capacity 1793K, committed 1920K, reserved 1048576K
}
Event: 50.440 GC heap before
{Heap before GC invocations=101 (full 3):
 PSYoungGen      total 373248K, used 369657K [0x00000000e0400000, 0x00000000f7400000, 0x0000000100000000)
  eden space 371712K, 99% used [0x00000000e0400000,0x00000000f6cde520,0x00000000f6f00000)
  from space 1536K, 8% used [0x00000000f6f00000,0x00000000f6f20000,0x00000000f7080000)
  to   space 1536K, 0% used [0x00000000f7280000,0x00000000f7280000,0x00000000f7400000)
 ParOldGen       total 227840K, used 180423K [0x00000000a0c00000, 0x00000000aea80000, 0x00000000e0400000)
  object space 227840K, 79% used [0x00000000a0c00000,0x00000000abc31d58,0x00000000aea80000)
 Metaspace       used 18494K, capacity 18729K, committed 19072K, reserved 1067008K
  class space    used 1762K, capacity 1793K, committed 1920K, reserved 1048576K
Event: 50.441 GC heap after
Heap after GC invocations=101 (full 3):
 PSYoungGen      total 375296K, used 128K [0x00000000e0400000, 0x00000000f7400000, 0x0000000100000000)
  eden space 373760K, 0% used [0x00000000e0400000,0x00000000e0400000,0x00000000f7100000)
  from space 1536K, 8% used [0x00000000f7280000,0x00000000f72a0000,0x00000000f7400000)
  to   space 1536K, 0% used [0x00000000f7100000,0x00000000f7100000,0x00000000f7280000)
 ParOldGen       total 227840K, used 180423K [0x00000000a0c00000, 0x00000000aea80000, 0x00000000e0400000)
  object space 227840K, 79% used [0x00000000a0c00000,0x00000000abc31d58,0x00000000aea80000)
 Metaspace       used 18494K, capacity 18729K, committed 19072K, reserved 1067008K
  class space    used 1762K, capacity 1793K, committed 1920K, reserved 1048576K
}
Event: 51.035 GC heap before
{Heap before GC invocations=102 (full 3):
 PSYoungGen      total 375296K, used 373888K [0x00000000e0400000, 0x00000000f7400000, 0x0000000100000000)
  eden space 373760K, 100% used [0x00000000e0400000,0x00000000f7100000,0x00000000f7100000)
  from space 1536K, 8% used [0x00000000f7280000,0x00000000f72a0000,0x00000000f7400000)
  to   space 1536K, 0% used [0x00000000f7100000,0x00000000f7100000,0x00000000f7280000)
 ParOldGen       total 227840K, used 180423K [0x00000000a0c00000, 0x00000000aea80000, 0x00000000e0400000)
  object space 227840K, 79% used [0x00000000a0c00000,0x00000000abc31d58,0x00000000aea80000)
 Metaspace       used 18494K, capacity 18729K, committed 19072K, reserved 1067008K
  class space    used 1762K, capacity 1793K, committed 1920K, reserved 1048576K
Event: 51.036 GC heap after
Heap after GC invocations=102 (full 3):
 PSYoungGen      total 375296K, used 128K [0x00000000e0400000, 0x00000000f7580000, 0x0000000100000000)
  eden space 373760K, 0% used [0x00000000e0400000,0x00000000e0400000,0x00000000f7100000)
  from space 1536K, 8% used [0x00000000f7100000,0x00000000f7120000,0x00000000f7280000)
  to   space 1536K, 0% used [0x00000000f7400000,0x00000000f7400000,0x00000000f7580000)
 ParOldGen       total 227840K, used 180447K [0x00000000a0c00000, 0x00000000aea80000, 0x00000000e0400000)
  object space 227840K, 79% used [0x00000000a0c00000,0x00000000abc37d58,0x00000000aea80000)
 Metaspace       used 18494K, capacity 18729K, committed 19072K, reserved 1067008K
  class space    used 1762K, capacity 1793K, committed 1920K, reserved 1048576K
}
Event: 51.635 GC heap before
{Heap before GC invocations=103 (full 3):
 PSYoungGen      total 375296K, used 373888K [0x00000000e0400000, 0x00000000f7580000, 0x0000000100000000)
  eden space 373760K, 100% used [0x00000000e0400000,0x00000000f7100000,0x00000000f7100000)
  from space 1536K, 8% used [0x00000000f7100000,0x00000000f7120000,0x00000000f7280000)
  to   space 1536K, 0% used [0x00000000f7400000,0x00000000f7400000,0x00000000f7580000)
 ParOldGen       total 227840K, used 180447K [0x00000000a0c00000, 0x00000000aea80000, 0x00000000e0400000)
  object space 227840K, 79% used [0x00000000a0c00000,0x00000000abc37d58,0x00000000aea80000)
 Metaspace       used 18494K, capacity 18729K, committed 19072K, reserved 1067008K
  class space    used 1762K, capacity 1793K, committed 1920K, reserved 1048576K
Event: 51.636 GC heap after
Heap after GC invocations=103 (full 3):
 PSYoungGen      total 376832K, used 160K [0x00000000e0400000, 0x00000000f7580000, 0x0000000100000000)
  eden space 375296K, 0% used [0x00000000e0400000,0x00000000e0400000,0x00000000f7280000)
  from space 1536K, 10% used [0x00000000f7400000,0x00000000f7428000,0x00000000f7580000)
  to   space 1536K, 0% used [0x00000000f7280000,0x00000000f7280000,0x00000000f7400000)
 ParOldGen       total 227840K, used 180447K [0x00000000a0c00000, 0x00000000aea80000, 0x00000000e0400000)
  object space 227840K, 79% used [0x00000000a0c00000,0x00000000abc37d58,0x00000000aea80000)
 Metaspace       used 18494K, capacity 18729K, committed 19072K, reserved 1067008K
  class space    used 1762K, capacity 1793K, committed 1920K, reserved 1048576K
}

Deoptimization events (10 events):
Event: 30.368 Thread 0x0000000019994000 Uncommon trap: reason=class_check action=maybe_recompile pc=0x0000000002b668a8 method=java.lang.String.equals(Ljava/lang/Object;)Z @ 8
Event: 30.368 Thread 0x0000000019994000 Uncommon trap: reason=class_check action=maybe_recompile pc=0x0000000002b668a8 method=java.lang.String.equals(Ljava/lang/Object;)Z @ 8
Event: 30.368 Thread 0x0000000019994000 Uncommon trap: reason=class_check action=maybe_recompile pc=0x0000000002b668a8 method=java.lang.String.equals(Ljava/lang/Object;)Z @ 8
Event: 30.383 Thread 0x0000000019994000 Uncommon trap: reason=class_check action=maybe_recompile pc=0x0000000003065374 method=java.util.AbstractCollection.toArray()[Ljava/lang/Object; @ 1
Event: 30.392 Thread 0x0000000019994000 Uncommon trap: reason=unreached action=reinterpret pc=0x0000000002fe7afc method=java.util.WeakHashMap.get(Ljava/lang/Object;)Ljava/lang/Object; @ 35
Event: 30.426 Thread 0x0000000019994000 Uncommon trap: reason=unreached action=reinterpret pc=0x0000000003033d08 method=processing.opengl.PGraphicsOpenGL$Tessellator.setLastTexIndex(II)V @ 15
Event: 30.429 Thread 0x0000000019994000 Uncommon trap: reason=unreached action=reinterpret pc=0x0000000003195c00 method=processing.opengl.PGraphicsOpenGL$InGeometry.addVertex(FFFIFFFFFIFIIIFIZ)I @ 243
Event: 30.429 Thread 0x0000000019994000 Uncommon trap: reason=unreached action=reinterpret pc=0x0000000003063ab0 method=processing.opengl.PGraphicsOpenGL$Tessellator.setLastTexIndex(II)V @ 15
Event: 30.431 Thread 0x0000000019994000 Uncommon trap: reason=unreached action=reinterpret pc=0x00000000031a47f8 method=com.jogamp.common.util.IntObjectHashMap.get(I)Ljava/lang/Object; @ 19
Event: 30.431 Thread 0x0000000019994000 Uncommon trap: reason=unreached action=reinterpret pc=0x0000000003194010 method=com.jogamp.common.util.IntObjectHashMap.get(I)Ljava/lang/Object; @ 19

Internal exceptions (10 events):
Event: 3.290 Thread 0x0000000019994000 Exception <a 'java/security/PrivilegedActionException'> (0x00000000e0484fa0) thrown at [D:\re\workspace\8-2-build-windows-amd64-cygwin\jdk8u25\1677\hotspot\src\share\vm\prims\jvm.cpp, line 1312]
Event: 3.290 Thread 0x0000000019994000 Exception <a 'java/security/PrivilegedActionException'> (0x00000000e0488af8) thrown at [D:\re\workspace\8-2-build-windows-amd64-cygwin\jdk8u25\1677\hotspot\src\share\vm\prims\jvm.cpp, line 1312]
Event: 3.290 Thread 0x0000000019994000 Exception <a 'java/security/PrivilegedActionException'> (0x00000000e048d2f8) thrown at [D:\re\workspace\8-2-build-windows-amd64-cygwin\jdk8u25\1677\hotspot\src\share\vm\prims\jvm.cpp, line 1312]
Event: 3.291 Thread 0x0000000019994000 Exception <a 'java/security/PrivilegedActionException'> (0x00000000e0490a30) thrown at [D:\re\workspace\8-2-build-windows-amd64-cygwin\jdk8u25\1677\hotspot\src\share\vm\prims\jvm.cpp, line 1312]
Event: 3.291 Thread 0x0000000019994000 Exception <a 'java/security/PrivilegedActionException'> (0x00000000e0494978) thrown at [D:\re\workspace\8-2-build-windows-amd64-cygwin\jdk8u25\1677\hotspot\src\share\vm\prims\jvm.cpp, line 1312]
Event: 3.292 Thread 0x0000000019994000 Exception <a 'java/security/PrivilegedActionException'> (0x00000000e049a888) thrown at [D:\re\workspace\8-2-build-windows-amd64-cygwin\jdk8u25\1677\hotspot\src\share\vm\prims\jvm.cpp, line 1312]
Event: 3.306 Thread 0x0000000019994000 Exception <a 'java/security/PrivilegedActionException'> (0x00000000e0f73770) thrown at [D:\re\workspace\8-2-build-windows-amd64-cygwin\jdk8u25\1677\hotspot\src\share\vm\prims\jvm.cpp, line 1312]
Event: 30.386 Thread 0x0000000019994000 Exception <a 'java/security/PrivilegedActionException'> (0x00000000ef1bf528) thrown at [D:\re\workspace\8-2-build-windows-amd64-cygwin\jdk8u25\1677\hotspot\src\share\vm\prims\jvm.cpp, line 1312]
Event: 30.393 Thread 0x0000000019994000 Exception <a 'java/security/PrivilegedActionException'> (0x00000000ef1cc080) thrown at [D:\re\workspace\8-2-build-windows-amd64-cygwin\jdk8u25\1677\hotspot\src\share\vm\prims\jvm.cpp, line 1312]
Event: 30.424 Thread 0x0000000019994000 Exception <a 'java/security/PrivilegedActionException'> (0x00000000ef1d5140) thrown at [D:\re\workspace\8-2-build-windows-amd64-cygwin\jdk8u25\1677\hotspot\src\share\vm\prims\jvm.cpp, line 1312]

Events (10 events):
Event: 50.169 Thread 0x00000000186b9800 flushing nmethod 0x0000000002b1ef50
Event: 50.170 Thread 0x00000000186b9800 flushing nmethod 0x0000000002b59950
Event: 50.440 Executing VM operation: ParallelGCFailedAllocation
Event: 50.441 Executing VM operation: ParallelGCFailedAllocation done
Event: 50.639 Thread 0x00000000186ce800 flushing nmethod 0x0000000002b66550
Event: 50.639 Thread 0x00000000186ce800 flushing nmethod 0x0000000002b7b150
Event: 51.035 Executing VM operation: ParallelGCFailedAllocation
Event: 51.036 Executing VM operation: ParallelGCFailedAllocation done
Event: 51.635 Executing VM operation: ParallelGCFailedAllocation
Event: 51.636 Executing VM operation: ParallelGCFailedAllocation done


Dynamic libraries:
0x00007ff669010000 - 0x00007ff669044000 	C:\Program Files\Java\jre1.8.0_25\bin\javaw.exe
0x00007ff98c320000 - 0x00007ff98c4cc000 	C:\WINDOWS\SYSTEM32\ntdll.dll
0x00007ff989d20000 - 0x00007ff989e5e000 	C:\WINDOWS\system32\KERNEL32.DLL
0x00007ff9897d0000 - 0x00007ff9898e5000 	C:\WINDOWS\system32\KERNELBASE.dll
0x00007ff987ff0000 - 0x00007ff98807e000 	C:\WINDOWS\system32\apphelp.dll
0x00007ff973750000 - 0x00007ff9737a3000 	C:\WINDOWS\AppPatch\AppPatch64\AcGenral.DLL
0x00007ff98a220000 - 0x00007ff98a2ca000 	C:\WINDOWS\system32\msvcrt.dll
0x00007ff9892a0000 - 0x00007ff9892ce000 	C:\WINDOWS\SYSTEM32\SspiCli.dll
0x00007ff98b980000 - 0x00007ff98b9d4000 	C:\WINDOWS\system32\SHLWAPI.dll
0x00007ff989f00000 - 0x00007ff98a077000 	C:\WINDOWS\system32\USER32.dll
0x00007ff98bb50000 - 0x00007ff98bce4000 	C:\WINDOWS\system32\ole32.dll
0x00007ff98a390000 - 0x00007ff98b8a8000 	C:\WINDOWS\system32\SHELL32.dll
0x00007ff988a10000 - 0x00007ff988a31000 	C:\WINDOWS\SYSTEM32\USERENV.dll
0x00007ff989c10000 - 0x00007ff989cba000 	C:\WINDOWS\system32\ADVAPI32.dll
0x00007ff97c880000 - 0x00007ff97c89e000 	C:\WINDOWS\SYSTEM32\MPR.dll
0x00007ff98b9e0000 - 0x00007ff98bb21000 	C:\WINDOWS\system32\RPCRT4.dll
0x00007ff9899a0000 - 0x00007ff9899f9000 	C:\WINDOWS\SYSTEM32\sechost.dll
0x00007ff98bed0000 - 0x00007ff98c0e1000 	C:\WINDOWS\SYSTEM32\combase.dll
0x00007ff98a0c0000 - 0x00007ff98a211000 	C:\WINDOWS\system32\GDI32.dll
0x00007ff989470000 - 0x00007ff989485000 	C:\WINDOWS\SYSTEM32\profapi.dll
0x00007ff987810000 - 0x00007ff9878c2000 	C:\WINDOWS\SYSTEM32\SHCORE.dll
0x00007ff98a080000 - 0x00007ff98a0b6000 	C:\WINDOWS\system32\IMM32.DLL
0x00007ff98c1c0000 - 0x00007ff98c312000 	C:\WINDOWS\system32\MSCTF.dll
0x00007ff986b90000 - 0x00007ff986e0b000 	C:\WINDOWS\WinSxS\amd64_microsoft.windows.common-controls_6595b64144ccf1df_6.0.9600.17415_none_6240486fecbd8abb\COMCTL32.dll
0x0000000075f50000 - 0x0000000076022000 	C:\Program Files\Java\jre1.8.0_25\bin\msvcr100.dll
0x0000000076ae0000 - 0x000000007733a000 	C:\Program Files\Java\jre1.8.0_25\bin\server\jvm.dll
0x00007ff9707d0000 - 0x00007ff9707d9000 	C:\WINDOWS\SYSTEM32\WSOCK32.dll
0x00007ff97ca00000 - 0x00007ff97ca22000 	C:\WINDOWS\SYSTEM32\WINMM.dll
0x00007ff989e80000 - 0x00007ff989e87000 	C:\WINDOWS\system32\PSAPI.DLL
0x00007ff989a00000 - 0x00007ff989a5a000 	C:\WINDOWS\system32\WS2_32.dll
0x00007ff97c8d0000 - 0x00007ff97c8fa000 	C:\WINDOWS\SYSTEM32\WINMMBASE.dll
0x00007ff98bb30000 - 0x00007ff98bb39000 	C:\WINDOWS\system32\NSI.dll
0x00007ff989950000 - 0x00007ff98999f000 	C:\WINDOWS\SYSTEM32\cfgmgr32.dll
0x00007ff988260000 - 0x00007ff988288000 	C:\WINDOWS\SYSTEM32\DEVOBJ.dll
0x0000000076ad0000 - 0x0000000076adf000 	C:\Program Files\Java\jre1.8.0_25\bin\verify.dll
0x0000000076aa0000 - 0x0000000076ac8000 	C:\Program Files\Java\jre1.8.0_25\bin\java.dll
0x0000000076a80000 - 0x0000000076a96000 	C:\Program Files\Java\jre1.8.0_25\bin\zip.dll
0x0000000075db0000 - 0x0000000075f48000 	C:\Program Files\Java\jre1.8.0_25\bin\awt.dll
0x00007ff98c0f0000 - 0x00007ff98c1b1000 	C:\WINDOWS\system32\OLEAUT32.dll
0x00007ff987610000 - 0x00007ff987631000 	C:\WINDOWS\system32\DWMAPI.DLL
0x00007ff988130000 - 0x00007ff988259000 	C:\WINDOWS\system32\uxtheme.dll
0x00007ff9882b0000 - 0x00007ff9882bb000 	C:\WINDOWS\SYSTEM32\kernel.appcore.dll
0x00007ff989340000 - 0x00007ff98934b000 	C:\WINDOWS\SYSTEM32\CRYPTBASE.dll
0x00007ff9892d0000 - 0x00007ff989333000 	C:\WINDOWS\SYSTEM32\bcryptPrimitives.dll
0x00007ff97e8c0000 - 0x00007ff97eae1000 	C:\WINDOWS\system32\d3d9.dll
0x00007ff987180000 - 0x00007ff98718a000 	C:\WINDOWS\SYSTEM32\VERSION.dll
0x00007ff986970000 - 0x00007ff986abb000 	C:\WINDOWS\SYSTEM32\aticfx64.dll
0x00007ff965270000 - 0x00007ff965291000 	C:\WINDOWS\SYSTEM32\atiu9p64.dll
0x00007ff964a80000 - 0x00007ff965265000 	C:\WINDOWS\SYSTEM32\atiumd64.dll
0x0000000076110000 - 0x00000000768c7000 	C:\WINDOWS\SYSTEM32\atiumd6a.dll
0x00000000769f0000 - 0x0000000076a37000 	C:\Program Files\Java\jre1.8.0_25\bin\fontmanager.dll
0x00007ff988ce0000 - 0x00007ff988d00000 	C:\WINDOWS\SYSTEM32\CRYPTSP.dll
0x00007ff988900000 - 0x00007ff988936000 	C:\WINDOWS\system32\rsaenh.dll
0x00007ff988f90000 - 0x00007ff988fb6000 	C:\WINDOWS\SYSTEM32\bcrypt.dll
0x0000000076a60000 - 0x0000000076a7a000 	C:\Program Files\Java\jre1.8.0_25\bin\net.dll
0x00007ff988c80000 - 0x00007ff988cd9000 	C:\WINDOWS\system32\mswsock.dll
0x00007ff9860b0000 - 0x00007ff9860da000 	C:\WINDOWS\SYSTEM32\IPHLPAPI.DLL
0x00007ff986050000 - 0x00007ff98605a000 	C:\WINDOWS\SYSTEM32\WINNSI.DLL
0x00007ff9841e0000 - 0x00007ff9841f6000 	C:\WINDOWS\SYSTEM32\dhcpcsvc6.DLL
0x00007ff984380000 - 0x00007ff98439a000 	C:\WINDOWS\SYSTEM32\dhcpcsvc.DLL
0x0000000076a40000 - 0x0000000076a51000 	C:\Program Files\Java\jre1.8.0_25\bin\nio.dll
0x00000000637c0000 - 0x00000000637cd000 	S:\Users\Ben\AppData\Local\Temp\jogamp_0000\file_cache\jln4204238837353040491\jln2167549101844846301\gluegen-rt.dll
0x00000000769e0000 - 0x00000000769e7000 	C:\Program Files\Java\jre1.8.0_25\bin\jawt.dll
0x000000006a440000 - 0x000000006a44d000 	S:\Users\Ben\AppData\Local\Temp\jogamp_0000\file_cache\jln4204238837353040491\jln2167549101844846301\nativewindow_awt.dll
0x000000006c100000 - 0x000000006c10f000 	S:\Users\Ben\AppData\Local\Temp\jogamp_0000\file_cache\jln4204238837353040491\jln2167549101844846301\nativewindow_win32.dll
0x00007ff960620000 - 0x00007ff96074b000 	C:\WINDOWS\SYSTEM32\OpenGL32.dll
0x00007ff97d7c0000 - 0x00007ff97d7ee000 	C:\WINDOWS\SYSTEM32\GLU32.dll
0x00007ff966bf0000 - 0x00007ff966ce8000 	C:\WINDOWS\SYSTEM32\DDRAW.dll
0x00007ff980290000 - 0x00007ff980299000 	C:\WINDOWS\SYSTEM32\DCIMAN32.dll
0x0000000064500000 - 0x00000000645a2000 	S:\Users\Ben\AppData\Local\Temp\jogamp_0000\file_cache\jln4204238837353040491\jln2167549101844846301\jogl_desktop.dll
0x00007ff97d720000 - 0x00007ff97d738000 	C:\WINDOWS\SYSTEM32\atig6pxx.dll
0x0000000074200000 - 0x0000000075daf000 	C:\WINDOWS\SYSTEM32\atio6axx.dll
0x00007ff98bcf0000 - 0x00007ff98beca000 	C:\WINDOWS\system32\SETUPAPI.dll
0x00007ff986120000 - 0x00007ff986257000 	C:\WINDOWS\SYSTEM32\atiadlxx.dll
0x00007ff986710000 - 0x00007ff98688f000 	C:\WINDOWS\SYSTEM32\PROPSYS.dll
0x00007ff988080000 - 0x00007ff988092000 	C:\WINDOWS\SYSTEM32\WTSAPI32.dll
0x00007ff9898f0000 - 0x00007ff989941000 	C:\WINDOWS\system32\WINTRUST.dll
0x00007ff989540000 - 0x00007ff98971f000 	C:\WINDOWS\system32\CRYPT32.dll
0x00007ff989520000 - 0x00007ff989531000 	C:\WINDOWS\system32\MSASN1.dll
0x00007ff973720000 - 0x00007ff973749000 	C:\WINDOWS\SYSTEM32\atig6txx.dll
0x00007ff95c1a0000 - 0x00007ff95c33c000 	O:\OneDrive\Workspace\ZZavatar\lib\user\KinectPV2\Kinect20.Face.dll
0x00007ff97c900000 - 0x00007ff97c9a7000 	C:\WINDOWS\SYSTEM32\MSVCP110.dll
0x00007ff981bc0000 - 0x00007ff981c8e000 	C:\WINDOWS\SYSTEM32\MSVCR110.dll
0x00007ff980280000 - 0x00007ff980290000 	O:\OneDrive\Workspace\ZZavatar\lib\user\KinectPV2\KinectPV2.dll
0x00007ff960560000 - 0x00007ff96061a000 	C:\WINDOWS\SYSTEM32\Kinect20.dll
0x00007ff97ca30000 - 0x00007ff97cb1b000 	C:\WINDOWS\SYSTEM32\MFPlat.DLL
0x00007ff97c8a0000 - 0x00007ff97c8c7000 	C:\WINDOWS\SYSTEM32\RTWorkQ.DLL
0x00007ff987050000 - 0x00007ff98705c000 	C:\WINDOWS\SYSTEM32\AVRT.dll
0x00000000741b0000 - 0x00000000741f1000 	C:\Program Files\Java\jre1.8.0_25\bin\t2k.dll
0x00007ff963e10000 - 0x00007ff963f9a000 	C:\WINDOWS\SYSTEM32\dbghelp.dll

VM Arguments:
jvm_args: -Djava.library.path=O:\OneDrive\Workspace\ZZavatar\lib\base\video;O:\OneDrive\Workspace\ZZavatar\lib\base\video;O:\OneDrive\Workspace\ZZavatar\lib\base\video;O:\OneDrive\Workspace\ZZavatar\lib\base\core;O:\OneDrive\Workspace\ZZavatar\lib\base\core;O:\OneDrive\Workspace\ZZavatar\lib\base\core;O:\OneDrive\Workspace\ZZavatar\lib\base\core;O:\OneDrive\Workspace\ZZavatar\lib\base\core;O:\OneDrive\Workspace\ZZavatar\lib\base\core;O:\OneDrive\Workspace\ZZavatar\lib\base\core;O:\OneDrive\Workspace\ZZavatar\lib\base\core;O:\OneDrive\Workspace\ZZavatar\lib\base\core;O:\OneDrive\Workspace\ZZavatar\lib\base\core;O:\OneDrive\Workspace\ZZavatar\lib\base\core;O:\OneDrive\Workspace\ZZavatar\lib\base\core;O:\OneDrive\Workspace\ZZavatar\lib\base\core;O:\OneDrive\Workspace\ZZavatar\lib\base\core;O:\OneDrive\Workspace\ZZavatar\lib\base\core;O:\OneDrive\Workspace\ZZavatar\lib\user\Kinect4WinSDK;O:\OneDrive\Workspace\ZZavatar\lib\user\KinectPV2;O:\OneDrive\Workspace\ZZavatar\lib\user\SimpleOpenNI -Dfile.encoding=Cp1252 
java_command: zzavatar.ZZavatar
java_class_path (initial): O:\OneDrive\Workspace\ZZavatar\lib\base\video\gstreamer-java.jar;O:\OneDrive\Workspace\ZZavatar\lib\base\video\jna.jar;O:\OneDrive\Workspace\ZZavatar\lib\base\video\video.jar;O:\OneDrive\Workspace\ZZavatar\lib\base\core\core.jar;O:\OneDrive\Workspace\ZZavatar\lib\base\core\gluegen-rt-natives-linux-amd64.jar;O:\OneDrive\Workspace\ZZavatar\lib\base\core\gluegen-rt-natives-linux-armv6hf.jar;O:\OneDrive\Workspace\ZZavatar\lib\base\core\gluegen-rt-natives-linux-i586.jar;O:\OneDrive\Workspace\ZZavatar\lib\base\core\gluegen-rt-natives-macosx-universal.jar;O:\OneDrive\Workspace\ZZavatar\lib\base\core\gluegen-rt-natives-windows-amd64.jar;O:\OneDrive\Workspace\ZZavatar\lib\base\core\gluegen-rt-natives-windows-i586.jar;O:\OneDrive\Workspace\ZZavatar\lib\base\core\gluegen-rt.jar;O:\OneDrive\Workspace\ZZavatar\lib\base\core\jogl-all-natives-linux-amd64.jar;O:\OneDrive\Workspace\ZZavatar\lib\base\core\jogl-all-natives-linux-armv6hf.jar;O:\OneDrive\Workspace\ZZavatar\lib\base\core\jogl-all-natives-linux-i586.jar;O:\OneDrive\Workspace\ZZavatar\lib\base\core\jogl-all-natives-macosx-universal.jar;O:\OneDrive\Workspace\ZZavatar\lib\base\core\jogl-all-natives-windows-amd64.jar;O:\OneDrive\Workspace\ZZavatar\lib\base\core\jogl-all-natives-windows-i586.jar;O:\OneDrive\Workspace\ZZavatar\lib\base\core\jogl-all.jar;O:\OneDrive\Workspace\ZZavatar\lib\user\Kinect4WinSDK\Kinect4WinSDK.jar;O:\OneDrive\Workspace\ZZavatar\lib\user\KinectPV2\KinectPV2.jar;O:\OneDrive\Workspace\ZZavatar\lib\user\SimpleOpenNI\SimpleOpenNI.jar;O:\OneDrive\Workspace\ZZavatar\bin
Launcher Type: SUN_STANDARD

Environment Variables:
JAVA_HOME=C:\Program Files\Java\jdk1.8.0_25
PATH=C:/Program Files/Java/jre1.8.0_25/bin/server;C:/Program Files/Java/jre1.8.0_25/bin;C:/Program Files/Java/jre1.8.0_25/lib/amd64;C:\Program Files (x86)\NVIDIA Corporation\PhysX\Common;C:\ProgramData\Oracle\Java\javapath;C:\Program Files (x86)\Common Files\Intel\Shared Libraries\redist\intel64\compiler;C:\Program Files (x86)\Common Files\Intel\Shared Libraries\redist\ia32\compiler;C:\Program Files (x86)\Intel\iCLS Client\;C:\Program Files\Intel\iCLS Client\;C:\Program Files (x86)\AMD APP\bin\x86_64;C:\Program Files (x86)\AMD APP\bin\x86;C:\WINDOWS\system32;C:\WINDOWS;C:\WINDOWS\System32\Wbem;C:\WINDOWS\System32\WindowsPowerShell\v1.0\;C:\Program Files (x86)\ATI Technologies\ATI.ACE\Core-Static;C:\Program Files\Intel\Intel(R) Management Engine Components\DAL;C:\Program Files\Intel\Intel(R) Management Engine Components\IPT;C:\Program Files (x86)\Intel\Intel(R) Management Engine Components\DAL;C:\Program Files (x86)\Intel\Intel(R) Management Engine Components\IPT;C:\Program Files\Sony\VAIO Improvement\;C:\Program Files (x86)\Sony\VAIO Startup Setting Tool;C:\Program Files (x86)\Windows Kits\8.1\Windows Performance Toolkit\;C:\Program Files\Microsoft SQL Server\110\Tools\Binn\;C:\Program Files (x86)\Microsoft SDKs\TypeScript\1.0\;C:\Program Files\Microsoft\Web Platform Installer\;C:\Program Files (x86)\Java\jre1.8.0_25\bin;P:\Programs\Python27\Scripts;P:\Programs\Python27;C:\Program Files\Common Files\Autodesk Shared\;P:\Program Files\Programs;P:\Program Files\Games;P:\Programs\Eclipse;
USERNAME=Benoît
OS=Windows_NT
PROCESSOR_IDENTIFIER=Intel64 Family 6 Model 58 Stepping 9, GenuineIntel



---------------  S Y S T E M  ---------------

OS: Windows 8.1 , 64 bit Build 9600 

CPU:total 8 (4 cores per cpu, 2 threads per core) family 6 model 58 stepping 9, cmov, cx8, fxsr, mmx, sse, sse2, sse3, ssse3, sse4.1, sse4.2, popcnt, avx, aes, clmul, erms, ht, tsc, tscinvbit, tscinv

Memory: 4k page, physical 6237468k(1739840k free), swap 10431772k(4669960k free)

vm_info: Java HotSpot(TM) 64-Bit Server VM (25.25-b02) for windows-amd64 JRE (1.8.0_25-b18), built on Oct  7 2014 14:25:37 by "java_re" with MS VC++ 10.0 (VS2010)

time: Fri Apr 24 12:57:25 2015
elapsed time: 51 seconds (0d 0h 0m 51s)

