#
# A fatal error has been detected by the Java Runtime Environment:
#
#  EXCEPTION_ACCESS_VIOLATION (0xc0000005) at pc=0x0000000200000000, pid=124, tid=8588
#
# JRE version: Java(TM) SE Runtime Environment (8.0_25-b18) (build 1.8.0_25-b18)
# Java VM: Java HotSpot(TM) 64-Bit Server VM (25.25-b02 mixed mode windows-amd64 compressed oops)
# Problematic frame:
# C  0x0000000200000000
#
# Failed to write core dump. Minidumps are not enabled by default on client versions of Windows
#
# If you would like to submit a bug report, please visit:
#   http://bugreport.sun.com/bugreport/crash.jsp
# The crash happened outside the Java Virtual Machine in native code.
# See problematic frame for where to report the bug.
#

---------------  T H R E A D  ---------------

Current thread (0x00000000198d1800):  JavaThread "Animation Thread" [_thread_in_native, id=8588, stack(0x000000001c9f0000,0x000000001caf0000)]

siginfo: ExceptionCode=0xc0000005, ExceptionInformation=0x0000000000000008 0x0000000200000000

Registers:
RAX=0x000000001d6f91c0, RBX=0x000000002e708040, RCX=0x000000001d6ff2f0, RDX=0x0000000000000000
RSP=0x000000001caee9f8, RBP=0x0000000000000006, RSI=0x0000000000000000, RDI=0x000000001f606118
R8 =0x000000001caee6c8, R9 =0x0000000000008000, R10=0x0000000000000000, R11=0x000000001caee900
R12=0x0000000000000000, R13=0x000000001fc7d198, R14=0x0000000000000000, R15=0x00000000198d1800
RIP=0x0000000200000000, EFLAGS=0x0000000000010206

Top of Stack: (sp=0x000000001caee9f8)
0x000000001caee9f8:   00007ff980284116 000000001f6060e8
0x000000001caeea08:   000000001fff47c8 000000001f6060e8
0x000000001caeea18:   0000000000000000 000000001caeeaf0
0x000000001caeea28:   00007ff980281fba 000000001caeeaf0
0x000000001caeea38:   000000001caeead0 00000000198d19e8
0x000000001caeea48:   000000001989f320 0000000000000000
0x000000001caeea58:   0000000002945b74 000000001fc7d198
0x000000001caeea68:   00000000a3b28c98 00000000a3b28c98
0x000000001caeea78:   00000000198d1800 000000001caeeb48
0x000000001caeea88:   00000000029458a2 000000001caeea90
0x000000001caeea98:   000000001fc7d198 000000001caeeaf0
0x000000001caeeaa8:   000000001fc7e128 0000000000000000
0x000000001caeeab8:   000000001fc7d198 0000000000000000
0x000000001caeeac8:   000000001caeeaf0 000000001caeeb38
0x000000001caeead8:   0000000002937a2d 0000000000000000
0x000000001caeeae8:   000000000293f6b8 00000000a3852300 

Instructions: (pc=0x0000000200000000)
0x00000001ffffffe0:   
[error occurred during error reporting (printing registers, top of stack, instructions near pc), id 0xc0000005]

Register to memory mapping:

RAX=0x000000001d6f91c0 is an unknown value
RBX=0x000000002e708040 is an unknown value
RCX=0x000000001d6ff2f0 is an unknown value
RDX=0x0000000000000000 is an unknown value
RSP=0x000000001caee9f8 is pointing into the stack for thread: 0x00000000198d1800
RBP=0x0000000000000006 is an unknown value
RSI=0x0000000000000000 is an unknown value
RDI=0x000000001f606118 is an unknown value
R8 =0x000000001caee6c8 is pointing into the stack for thread: 0x00000000198d1800
R9 =0x0000000000008000 is an unknown value
R10=0x0000000000000000 is an unknown value
R11=0x000000001caee900 is pointing into the stack for thread: 0x00000000198d1800
R12=0x0000000000000000 is an unknown value
R13={method} {0x000000001fc7d1a0} 'jniStopDevice' '()V' in 'KinectPV2/Device'
R14=0x0000000000000000 is an unknown value
R15=0x00000000198d1800 is a thread


Stack: [0x000000001c9f0000,0x000000001caf0000],  sp=0x000000001caee9f8,  free space=1018k
Native frames: (J=compiled Java code, j=interpreted, Vv=VM code, C=native code)
C  0x0000000200000000

Java frames: (J=compiled Java code, j=interpreted, Vv=VM code)
j  KinectPV2.Device.jniStopDevice()V+0
j  KinectPV2.Device.stopDevice()V+41
j  KinectPV2.KinectPV2.dispose()V+14
v  ~StubRoutines::call_stub
j  sun.reflect.NativeMethodAccessorImpl.invoke0(Ljava/lang/reflect/Method;Ljava/lang/Object;[Ljava/lang/Object;)Ljava/lang/Object;+0
j  sun.reflect.NativeMethodAccessorImpl.invoke(Ljava/lang/Object;[Ljava/lang/Object;)Ljava/lang/Object;+100
J 1774 C1 sun.reflect.DelegatingMethodAccessorImpl.invoke(Ljava/lang/Object;[Ljava/lang/Object;)Ljava/lang/Object; (10 bytes) @ 0x0000000002fb5f04 [0x0000000002fb5e00+0x104]
J 1773 C1 java.lang.reflect.Method.invoke(Ljava/lang/Object;[Ljava/lang/Object;)Ljava/lang/Object; (62 bytes) @ 0x0000000002fadce4 [0x0000000002fad900+0x3e4]
j  processing.core.PApplet$RegisteredMethods.handle([Ljava/lang/Object;)V+18
J 1639 C1 processing.core.PApplet.handleMethods(Ljava/lang/String;)V (21 bytes) @ 0x0000000002f6fc1c [0x0000000002f6f960+0x2bc]
j  processing.core.PApplet.dispose()V+35
j  processing.core.PApplet.run()V+283
j  java.lang.Thread.run()V+11
v  ~StubRoutines::call_stub

---------------  P R O C E S S  ---------------

Java Threads: ( => current thread )
  0x0000000019aef800 JavaThread "Animation Thread-SharedResourceRunner" daemon [_thread_blocked, id=4212, stack(0x000000001ecc0000,0x000000001edc0000)]
  0x000000000282e800 JavaThread "DestroyJavaVM" [_thread_blocked, id=8020, stack(0x00000000026e0000,0x00000000027e0000)]
  0x0000000019903800 JavaThread "D3D Screen Updater" daemon [_thread_blocked, id=3704, stack(0x000000001ccf0000,0x000000001cdf0000)]
=>0x00000000198d1800 JavaThread "Animation Thread" [_thread_in_native, id=8588, stack(0x000000001c9f0000,0x000000001caf0000)]
  0x000000001989a000 JavaThread "AWT-EventQueue-0" [_thread_blocked, id=8856, stack(0x000000001c7f0000,0x000000001c8f0000)]
  0x0000000019804000 JavaThread "AWT-Windows" daemon [_thread_in_native, id=8308, stack(0x000000001a120000,0x000000001a220000)]
  0x0000000019803000 JavaThread "AWT-Shutdown" [_thread_blocked, id=9172, stack(0x000000001a020000,0x000000001a120000)]
  0x0000000019800000 JavaThread "Java2D Disposer" daemon [_thread_blocked, id=7048, stack(0x0000000019f20000,0x000000001a020000)]
  0x00000000186fa000 JavaThread "Service Thread" daemon [_thread_blocked, id=6668, stack(0x0000000019040000,0x0000000019140000)]
  0x0000000018678800 JavaThread "C1 CompilerThread3" daemon [_thread_blocked, id=8248, stack(0x0000000018f40000,0x0000000019040000)]
  0x0000000018677800 JavaThread "C2 CompilerThread2" daemon [_thread_blocked, id=4768, stack(0x0000000018e40000,0x0000000018f40000)]
  0x000000001866f800 JavaThread "C2 CompilerThread1" daemon [_thread_blocked, id=8148, stack(0x0000000018d40000,0x0000000018e40000)]
  0x000000001866a000 JavaThread "C2 CompilerThread0" daemon [_thread_blocked, id=8584, stack(0x0000000018c40000,0x0000000018d40000)]
  0x0000000018667800 JavaThread "Attach Listener" daemon [_thread_blocked, id=6120, stack(0x0000000018b40000,0x0000000018c40000)]
  0x0000000018666800 JavaThread "Signal Dispatcher" daemon [_thread_blocked, id=8352, stack(0x0000000018a40000,0x0000000018b40000)]
  0x000000000292a800 JavaThread "Finalizer" daemon [_thread_blocked, id=5628, stack(0x0000000018540000,0x0000000018640000)]
  0x0000000002921000 JavaThread "Reference Handler" daemon [_thread_blocked, id=6364, stack(0x0000000018440000,0x0000000018540000)]

Other Threads:
  0x0000000016678800 VMThread [stack: 0x0000000018340000,0x0000000018440000] [id=5836]
  0x00000000186fc000 WatcherThread [stack: 0x0000000019140000,0x0000000019240000] [id=8992]

VM state:not at safepoint (normal execution)

VM Mutex/Monitor currently owned by a thread: None

Heap:
 PSYoungGen      total 517632K, used 161105K [0x00000000e0400000, 0x0000000100000000, 0x0000000100000000)
  eden space 515072K, 31% used [0x00000000e0400000,0x00000000ea13c660,0x00000000ffb00000)
  from space 2560K, 3% used [0x00000000ffd80000,0x00000000ffd98000,0x0000000100000000)
  to   space 2560K, 0% used [0x00000000ffb00000,0x00000000ffb00000,0x00000000ffd80000)
 ParOldGen       total 208384K, used 187985K [0x00000000a0c00000, 0x00000000ad780000, 0x00000000e0400000)
  object space 208384K, 90% used [0x00000000a0c00000,0x00000000ac3946b8,0x00000000ad780000)
 Metaspace       used 17967K, capacity 18185K, committed 18432K, reserved 1067008K
  class space    used 1717K, capacity 1761K, committed 1792K, reserved 1048576K

Card table byte_map: [0x0000000011cf0000,0x0000000011ff0000] byte_map_base: 0x00000000117ea000

Marking Bits: (ParMarkBitMap*) 0x00000000772bd490
 Begin Bits: [0x00000000129f0000, 0x00000000141c0000)
 End Bits:   [0x00000000141c0000, 0x0000000015990000)

Polling page: 0x0000000000ec0000

CodeCache: size=245760Kb used=7902Kb max_used=8817Kb free=237857Kb
 bounds [0x0000000002930000, 0x00000000031f0000, 0x0000000011930000]
 total_blobs=2956 nmethods=2085 adapters=785
 compilation: enabled

Compilation events (10 events):
Event: 56.811 Thread 0x0000000018677800 nmethod 2403 0x0000000002e98d90 code [0x0000000002e98f20, 0x0000000002e99770]
Event: 56.811 Thread 0x000000001866f800 2404       4       java.lang.Integer::formatUnsignedInt (48 bytes)
Event: 56.816 Thread 0x000000001866f800 nmethod 2404 0x0000000002aca990 code [0x0000000002acaae0, 0x0000000002acaeb8]
Event: 57.995 Thread 0x000000001866a000 2405   !   4       java.io.PrintStream::write (69 bytes)
Event: 58.003 Thread 0x000000001866a000 nmethod 2405 0x0000000002bca0d0 code [0x0000000002bca260, 0x0000000002bcaea8]
Event: 60.645 Thread 0x0000000018677800 2406       4       java.awt.EventQueue::eventToCacheIndex (80 bytes)
Event: 60.646 Thread 0x0000000018677800 nmethod 2406 0x0000000002ae3010 code [0x0000000002ae3160, 0x0000000002ae3238]
Event: 61.925 Thread 0x000000001866f800 2407       4       processing.opengl.PJOGL::clearColor (15 bytes)
Event: 61.927 Thread 0x000000001866f800 nmethod 2407 0x0000000002c38b10 code [0x0000000002c38ca0, 0x0000000002c38f48]
Event: 62.844 Thread 0x000000001866a000 2408   !   4       java.nio.charset.CharsetEncoder::encode (285 bytes)

GC Heap History (10 events):
Event: 60.294 GC heap before
{Heap before GC invocations=113 (full 3):
 PSYoungGen      total 515584K, used 510814K [0x00000000e0400000, 0x00000000fff00000, 0x0000000100000000)
  eden space 512000K, 99% used [0x00000000e0400000,0x00000000ff6afaa0,0x00000000ff800000)
  from space 3584K, 4% used [0x00000000ff800000,0x00000000ff828000,0x00000000ffb80000)
  to   space 3072K, 0% used [0x00000000ffc00000,0x00000000ffc00000,0x00000000fff00000)
 ParOldGen       total 208384K, used 179861K [0x00000000a0c00000, 0x00000000ad780000, 0x00000000e0400000)
  object space 208384K, 86% used [0x00000000a0c00000,0x00000000abba56a8,0x00000000ad780000)
 Metaspace       used 17932K, capacity 18185K, committed 18432K, reserved 1067008K
  class space    used 1706K, capacity 1761K, committed 1792K, reserved 1048576K
Event: 60.296 GC heap after
Heap after GC invocations=113 (full 3):
 PSYoungGen      total 516096K, used 160K [0x00000000e0400000, 0x00000000fff80000, 0x0000000100000000)
  eden space 513024K, 0% used [0x00000000e0400000,0x00000000e0400000,0x00000000ff900000)
  from space 3072K, 5% used [0x00000000ffc00000,0x00000000ffc28000,0x00000000fff00000)
  to   space 3072K, 0% used [0x00000000ff900000,0x00000000ff900000,0x00000000ffc00000)
 ParOldGen       total 208384K, used 179861K [0x00000000a0c00000, 0x00000000ad780000, 0x00000000e0400000)
  object space 208384K, 86% used [0x00000000a0c00000,0x00000000abba56a8,0x00000000ad780000)
 Metaspace       used 17932K, capacity 18185K, committed 18432K, reserved 1067008K
  class space    used 1706K, capacity 1761K, committed 1792K, reserved 1048576K
}
Event: 60.862 GC heap before
{Heap before GC invocations=114 (full 3):
 PSYoungGen      total 516096K, used 509559K [0x00000000e0400000, 0x00000000fff80000, 0x0000000100000000)
  eden space 513024K, 99% used [0x00000000e0400000,0x00000000ff575f50,0x00000000ff900000)
  from space 3072K, 5% used [0x00000000ffc00000,0x00000000ffc28000,0x00000000fff00000)
  to   space 3072K, 0% used [0x00000000ff900000,0x00000000ff900000,0x00000000ffc00000)
 ParOldGen       total 208384K, used 179861K [0x00000000a0c00000, 0x00000000ad780000, 0x00000000e0400000)
  object space 208384K, 86% used [0x00000000a0c00000,0x00000000abba56a8,0x00000000ad780000)
 Metaspace       used 17932K, capacity 18185K, committed 18432K, reserved 1067008K
  class space    used 1706K, capacity 1761K, committed 1792K, reserved 1048576K
Event: 60.863 GC heap after
Heap after GC invocations=114 (full 3):
 PSYoungGen      total 516096K, used 160K [0x00000000e0400000, 0x0000000100000000, 0x0000000100000000)
  eden space 513024K, 0% used [0x00000000e0400000,0x00000000e0400000,0x00000000ff900000)
  from space 3072K, 5% used [0x00000000ff900000,0x00000000ff928000,0x00000000ffc00000)
  to   space 3072K, 0% used [0x00000000ffd00000,0x00000000ffd00000,0x0000000100000000)
 ParOldGen       total 208384K, used 179861K [0x00000000a0c00000, 0x00000000ad780000, 0x00000000e0400000)
  object space 208384K, 86% used [0x00000000a0c00000,0x00000000abba56a8,0x00000000ad780000)
 Metaspace       used 17932K, capacity 18185K, committed 18432K, reserved 1067008K
  class space    used 1706K, capacity 1761K, committed 1792K, reserved 1048576K
}
Event: 61.422 GC heap before
{Heap before GC invocations=115 (full 3):
 PSYoungGen      total 516096K, used 513184K [0x00000000e0400000, 0x0000000100000000, 0x0000000100000000)
  eden space 513024K, 100% used [0x00000000e0400000,0x00000000ff900000,0x00000000ff900000)
  from space 3072K, 5% used [0x00000000ff900000,0x00000000ff928000,0x00000000ffc00000)
  to   space 3072K, 0% used [0x00000000ffd00000,0x00000000ffd00000,0x0000000100000000)
 ParOldGen       total 208384K, used 179861K [0x00000000a0c00000, 0x00000000ad780000, 0x00000000e0400000)
  object space 208384K, 86% used [0x00000000a0c00000,0x00000000abba56a8,0x00000000ad780000)
 Metaspace       used 17932K, capacity 18185K, committed 18432K, reserved 1067008K
  class space    used 1706K, capacity 1761K, committed 1792K, reserved 1048576K
Event: 61.424 GC heap after
Heap after GC invocations=115 (full 3):
 PSYoungGen      total 516096K, used 128K [0x00000000e0400000, 0x00000000fff00000, 0x0000000100000000)
  eden space 514048K, 0% used [0x00000000e0400000,0x00000000e0400000,0x00000000ffa00000)
  from space 2048K, 6% used [0x00000000ffd00000,0x00000000ffd20000,0x00000000fff00000)
  to   space 2560K, 0% used [0x00000000ffa00000,0x00000000ffa00000,0x00000000ffc80000)
 ParOldGen       total 208384K, used 179885K [0x00000000a0c00000, 0x00000000ad780000, 0x00000000e0400000)
  object space 208384K, 86% used [0x00000000a0c00000,0x00000000abbab6a8,0x00000000ad780000)
 Metaspace       used 17932K, capacity 18185K, committed 18432K, reserved 1067008K
  class space    used 1706K, capacity 1761K, committed 1792K, reserved 1048576K
}
Event: 62.000 GC heap before
{Heap before GC invocations=116 (full 3):
 PSYoungGen      total 516096K, used 513953K [0x00000000e0400000, 0x00000000fff00000, 0x0000000100000000)
  eden space 514048K, 99% used [0x00000000e0400000,0x00000000ff9c84b0,0x00000000ffa00000)
  from space 2048K, 6% used [0x00000000ffd00000,0x00000000ffd20000,0x00000000fff00000)
  to   space 2560K, 0% used [0x00000000ffa00000,0x00000000ffa00000,0x00000000ffc80000)
 ParOldGen       total 208384K, used 179885K [0x00000000a0c00000, 0x00000000ad780000, 0x00000000e0400000)
  object space 208384K, 86% used [0x00000000a0c00000,0x00000000abbab6a8,0x00000000ad780000)
 Metaspace       used 17932K, capacity 18185K, committed 18432K, reserved 1067008K
  class space    used 1706K, capacity 1761K, committed 1792K, reserved 1048576K
Event: 62.004 GC heap after
Heap after GC invocations=116 (full 3):
 PSYoungGen      total 516608K, used 1008K [0x00000000e0400000, 0x0000000100000000, 0x0000000100000000)
  eden space 514048K, 0% used [0x00000000e0400000,0x00000000e0400000,0x00000000ffa00000)
  from space 2560K, 39% used [0x00000000ffa00000,0x00000000ffafc010,0x00000000ffc80000)
  to   space 2560K, 0% used [0x00000000ffd80000,0x00000000ffd80000,0x0000000100000000)
 ParOldGen       total 208384K, used 187985K [0x00000000a0c00000, 0x00000000ad780000, 0x00000000e0400000)
  object space 208384K, 90% used [0x00000000a0c00000,0x00000000ac3946b8,0x00000000ad780000)
 Metaspace       used 17932K, capacity 18185K, committed 18432K, reserved 1067008K
  class space    used 1706K, capacity 1761K, committed 1792K, reserved 1048576K
}
Event: 62.561 GC heap before
{Heap before GC invocations=117 (full 3):
 PSYoungGen      total 516608K, used 512645K [0x00000000e0400000, 0x0000000100000000, 0x0000000100000000)
  eden space 514048K, 99% used [0x00000000e0400000,0x00000000ff7a5410,0x00000000ffa00000)
  from space 2560K, 39% used [0x00000000ffa00000,0x00000000ffafc010,0x00000000ffc80000)
  to   space 2560K, 0% used [0x00000000ffd80000,0x00000000ffd80000,0x0000000100000000)
 ParOldGen       total 208384K, used 187985K [0x00000000a0c00000, 0x00000000ad780000, 0x00000000e0400000)
  object space 208384K, 90% used [0x00000000a0c00000,0x00000000ac3946b8,0x00000000ad780000)
 Metaspace       used 17932K, capacity 18185K, committed 18432K, reserved 1067008K
  class space    used 1706K, capacity 1761K, committed 1792K, reserved 1048576K
Event: 62.562 GC heap after
Heap after GC invocations=117 (full 3):
 PSYoungGen      total 517632K, used 96K [0x00000000e0400000, 0x0000000100000000, 0x0000000100000000)
  eden space 515072K, 0% used [0x00000000e0400000,0x00000000e0400000,0x00000000ffb00000)
  from space 2560K, 3% used [0x00000000ffd80000,0x00000000ffd98000,0x0000000100000000)
  to   space 2560K, 0% used [0x00000000ffb00000,0x00000000ffb00000,0x00000000ffd80000)
 ParOldGen       total 208384K, used 187985K [0x00000000a0c00000, 0x00000000ad780000, 0x00000000e0400000)
  object space 208384K, 90% used [0x00000000a0c00000,0x00000000ac3946b8,0x00000000ad780000)
 Metaspace       used 17932K, capacity 18185K, committed 18432K, reserved 1067008K
  class space    used 1706K, capacity 1761K, committed 1792K, reserved 1048576K
}

Deoptimization events (10 events):
Event: 16.579 Thread 0x000000001989a000 Uncommon trap: reason=speculate_class_check action=maybe_recompile pc=0x00000000031b5528 method=com.jogamp.common.nio.Buffers.getDirectBufferByteOffset(Ljava/lang/Object;)I @ 42
Event: 16.592 Thread 0x000000001989a000 Uncommon trap: reason=speculate_class_check action=maybe_recompile pc=0x00000000031b5528 method=com.jogamp.common.nio.Buffers.getDirectBufferByteOffset(Ljava/lang/Object;)I @ 42
Event: 62.811 Thread 0x000000001989a000 Uncommon trap: reason=unreached action=reinterpret pc=0x00000000031d2910 method=sun.awt.PostEventQueue.flush()V @ 37
Event: 62.811 Thread 0x000000001989a000 Uncommon trap: reason=speculate_class_check action=maybe_recompile pc=0x0000000002ae3204 method=java.awt.EventQueue.eventToCacheIndex(Ljava/awt/AWTEvent;)I @ 68
Event: 62.811 Thread 0x000000001989a000 Uncommon trap: reason=speculate_class_check action=maybe_recompile pc=0x0000000002ae3204 method=java.awt.EventQueue.eventToCacheIndex(Ljava/awt/AWTEvent;)I @ 68
Event: 62.811 Thread 0x000000001989a000 Uncommon trap: reason=unreached action=reinterpret pc=0x0000000002a52e40 method=java.awt.EventQueue.getNextEventPrivate()Ljava/awt/AWTEvent; @ 45
Event: 62.811 Thread 0x000000001989a000 Uncommon trap: reason=speculate_class_check action=maybe_recompile pc=0x0000000002ae3204 method=java.awt.EventQueue.eventToCacheIndex(Ljava/awt/AWTEvent;)I @ 68
Event: 62.813 Thread 0x000000001989a000 Uncommon trap: reason=speculate_class_check action=maybe_recompile pc=0x0000000002ae3204 method=java.awt.EventQueue.eventToCacheIndex(Ljava/awt/AWTEvent;)I @ 68
Event: 62.844 Thread 0x00000000198d1800 Uncommon trap: reason=unreached action=reinterpret pc=0x0000000002fe59d8 method=java.util.HashMap.keySet()Ljava/util/Set; @ 6
Event: 62.844 Thread 0x00000000198d1800 Uncommon trap: reason=unreached action=reinterpret pc=0x0000000002fa2380 method=java.util.HashMap$HashIterator.<init>(Ljava/util/HashMap;)V @ 38

Internal exceptions (10 events):
Event: 3.111 Thread 0x000000001989a000 Exception <a 'java/security/PrivilegedActionException'> (0x00000000e58cf690) thrown at [D:\re\workspace\8-2-build-windows-amd64-cygwin\jdk8u25\1677\hotspot\src\share\vm\prims\jvm.cpp, line 1312]
Event: 3.111 Thread 0x000000001989a000 Exception <a 'java/security/PrivilegedActionException'> (0x00000000e58d3a98) thrown at [D:\re\workspace\8-2-build-windows-amd64-cygwin\jdk8u25\1677\hotspot\src\share\vm\prims\jvm.cpp, line 1312]
Event: 3.111 Thread 0x000000001989a000 Exception <a 'java/security/PrivilegedActionException'> (0x00000000e58d7e80) thrown at [D:\re\workspace\8-2-build-windows-amd64-cygwin\jdk8u25\1677\hotspot\src\share\vm\prims\jvm.cpp, line 1312]
Event: 3.111 Thread 0x000000001989a000 Exception <a 'java/security/PrivilegedActionException'> (0x00000000e58db9d8) thrown at [D:\re\workspace\8-2-build-windows-amd64-cygwin\jdk8u25\1677\hotspot\src\share\vm\prims\jvm.cpp, line 1312]
Event: 3.112 Thread 0x000000001989a000 Exception <a 'java/security/PrivilegedActionException'> (0x00000000e58e01d8) thrown at [D:\re\workspace\8-2-build-windows-amd64-cygwin\jdk8u25\1677\hotspot\src\share\vm\prims\jvm.cpp, line 1312]
Event: 3.112 Thread 0x000000001989a000 Exception <a 'java/security/PrivilegedActionException'> (0x00000000e58e3910) thrown at [D:\re\workspace\8-2-build-windows-amd64-cygwin\jdk8u25\1677\hotspot\src\share\vm\prims\jvm.cpp, line 1312]
Event: 3.112 Thread 0x000000001989a000 Exception <a 'java/security/PrivilegedActionException'> (0x00000000e58e7858) thrown at [D:\re\workspace\8-2-build-windows-amd64-cygwin\jdk8u25\1677\hotspot\src\share\vm\prims\jvm.cpp, line 1312]
Event: 3.113 Thread 0x000000001989a000 Exception <a 'java/security/PrivilegedActionException'> (0x00000000e58ed768) thrown at [D:\re\workspace\8-2-build-windows-amd64-cygwin\jdk8u25\1677\hotspot\src\share\vm\prims\jvm.cpp, line 1312]
Event: 3.125 Thread 0x000000001989a000 Exception <a 'java/security/PrivilegedActionException'> (0x00000000e59c8d78) thrown at [D:\re\workspace\8-2-build-windows-amd64-cygwin\jdk8u25\1677\hotspot\src\share\vm\prims\jvm.cpp, line 1312]
Event: 62.844 Thread 0x00000000198d1800 Implicit null exception at 0x0000000002fa217b to 0x0000000002fa236d

Events (10 events):
Event: 62.812 Thread 0x000000001989a000 Uncommon trap: trap_request=0xffffff76 fr.pc=0x0000000002ae3204
Event: 62.813 Thread 0x000000001989a000 DEOPT PACKING pc=0x0000000002ae3204 sp=0x000000001c8eecc0
Event: 62.813 Thread 0x000000001989a000 DEOPT UNPACKING pc=0x000000000297556a sp=0x000000001c8eec50 mode 2
Event: 62.844 Thread 0x00000000198d1800 Uncommon trap: trap_request=0xffffffad fr.pc=0x0000000002fe59d8
Event: 62.844 Thread 0x00000000198d1800 DEOPT PACKING pc=0x0000000002fe59d8 sp=0x000000001caef330
Event: 62.844 Thread 0x00000000198d1800 DEOPT UNPACKING pc=0x000000000297556a sp=0x000000001caef2c8 mode 2
Event: 62.844 Thread 0x00000000198d1800 Uncommon trap: trap_request=0xffffffad fr.pc=0x0000000002fa2380
Event: 62.844 Thread 0x00000000198d1800 DEOPT PACKING pc=0x0000000002fa2380 sp=0x000000001caef2c0
Event: 62.844 Thread 0x00000000198d1800 DEOPT UNPACKING pc=0x000000000297556a sp=0x000000001caef260 mode 2
Event: 62.846 Thread 0x000000001dd3c000 Thread exited: 0x000000001dd3c000


Dynamic libraries:
0x00007ff669010000 - 0x00007ff669044000 	C:\Program Files\Java\jre1.8.0_25\bin\javaw.exe
0x00007ff98c320000 - 0x00007ff98c4cc000 	C:\WINDOWS\SYSTEM32\ntdll.dll
0x00007ff989d20000 - 0x00007ff989e5e000 	C:\WINDOWS\system32\KERNEL32.DLL
0x00007ff9897d0000 - 0x00007ff9898e5000 	C:\WINDOWS\system32\KERNELBASE.dll
0x00007ff987ff0000 - 0x00007ff98807e000 	C:\WINDOWS\system32\apphelp.dll
0x00007ff973750000 - 0x00007ff9737a3000 	C:\WINDOWS\AppPatch\AppPatch64\AcGenral.DLL
0x00007ff98a220000 - 0x00007ff98a2ca000 	C:\WINDOWS\system32\msvcrt.dll
0x00007ff9892a0000 - 0x00007ff9892ce000 	C:\WINDOWS\SYSTEM32\SspiCli.dll
0x00007ff98b980000 - 0x00007ff98b9d4000 	C:\WINDOWS\system32\SHLWAPI.dll
0x00007ff989f00000 - 0x00007ff98a077000 	C:\WINDOWS\system32\USER32.dll
0x00007ff98bb50000 - 0x00007ff98bce4000 	C:\WINDOWS\system32\ole32.dll
0x00007ff98a390000 - 0x00007ff98b8a8000 	C:\WINDOWS\system32\SHELL32.dll
0x00007ff988a10000 - 0x00007ff988a31000 	C:\WINDOWS\SYSTEM32\USERENV.dll
0x00007ff989c10000 - 0x00007ff989cba000 	C:\WINDOWS\system32\ADVAPI32.dll
0x00007ff97c880000 - 0x00007ff97c89e000 	C:\WINDOWS\SYSTEM32\MPR.dll
0x00007ff98b9e0000 - 0x00007ff98bb21000 	C:\WINDOWS\system32\RPCRT4.dll
0x00007ff9899a0000 - 0x00007ff9899f9000 	C:\WINDOWS\SYSTEM32\sechost.dll
0x00007ff98bed0000 - 0x00007ff98c0e1000 	C:\WINDOWS\SYSTEM32\combase.dll
0x00007ff98a0c0000 - 0x00007ff98a211000 	C:\WINDOWS\system32\GDI32.dll
0x00007ff989470000 - 0x00007ff989485000 	C:\WINDOWS\SYSTEM32\profapi.dll
0x00007ff987810000 - 0x00007ff9878c2000 	C:\WINDOWS\SYSTEM32\SHCORE.dll
0x00007ff98a080000 - 0x00007ff98a0b6000 	C:\WINDOWS\system32\IMM32.DLL
0x00007ff98c1c0000 - 0x00007ff98c312000 	C:\WINDOWS\system32\MSCTF.dll
0x00007ff986b90000 - 0x00007ff986e0b000 	C:\WINDOWS\WinSxS\amd64_microsoft.windows.common-controls_6595b64144ccf1df_6.0.9600.17415_none_6240486fecbd8abb\COMCTL32.dll
0x0000000075f50000 - 0x0000000076022000 	C:\Program Files\Java\jre1.8.0_25\bin\msvcr100.dll
0x0000000076ae0000 - 0x000000007733a000 	C:\Program Files\Java\jre1.8.0_25\bin\server\jvm.dll
0x00007ff9707d0000 - 0x00007ff9707d9000 	C:\WINDOWS\SYSTEM32\WSOCK32.dll
0x00007ff97ca00000 - 0x00007ff97ca22000 	C:\WINDOWS\SYSTEM32\WINMM.dll
0x00007ff989e80000 - 0x00007ff989e87000 	C:\WINDOWS\system32\PSAPI.DLL
0x00007ff989a00000 - 0x00007ff989a5a000 	C:\WINDOWS\system32\WS2_32.dll
0x00007ff97c8d0000 - 0x00007ff97c8fa000 	C:\WINDOWS\SYSTEM32\WINMMBASE.dll
0x00007ff98bb30000 - 0x00007ff98bb39000 	C:\WINDOWS\system32\NSI.dll
0x00007ff989950000 - 0x00007ff98999f000 	C:\WINDOWS\SYSTEM32\cfgmgr32.dll
0x00007ff988260000 - 0x00007ff988288000 	C:\WINDOWS\SYSTEM32\DEVOBJ.dll
0x0000000076ad0000 - 0x0000000076adf000 	C:\Program Files\Java\jre1.8.0_25\bin\verify.dll
0x0000000076aa0000 - 0x0000000076ac8000 	C:\Program Files\Java\jre1.8.0_25\bin\java.dll
0x0000000076a80000 - 0x0000000076a96000 	C:\Program Files\Java\jre1.8.0_25\bin\zip.dll
0x0000000075db0000 - 0x0000000075f48000 	C:\Program Files\Java\jre1.8.0_25\bin\awt.dll
0x00007ff98c0f0000 - 0x00007ff98c1b1000 	C:\WINDOWS\system32\OLEAUT32.dll
0x00007ff987610000 - 0x00007ff987631000 	C:\WINDOWS\system32\DWMAPI.DLL
0x00007ff988130000 - 0x00007ff988259000 	C:\WINDOWS\system32\uxtheme.dll
0x00007ff9882b0000 - 0x00007ff9882bb000 	C:\WINDOWS\SYSTEM32\kernel.appcore.dll
0x00007ff989340000 - 0x00007ff98934b000 	C:\WINDOWS\SYSTEM32\CRYPTBASE.dll
0x00007ff9892d0000 - 0x00007ff989333000 	C:\WINDOWS\SYSTEM32\bcryptPrimitives.dll
0x00007ff97e8c0000 - 0x00007ff97eae1000 	C:\WINDOWS\system32\d3d9.dll
0x00007ff987180000 - 0x00007ff98718a000 	C:\WINDOWS\SYSTEM32\VERSION.dll
0x00007ff986970000 - 0x00007ff986abb000 	C:\WINDOWS\SYSTEM32\aticfx64.dll
0x00007ff965270000 - 0x00007ff965291000 	C:\WINDOWS\SYSTEM32\atiu9p64.dll
0x00007ff964a80000 - 0x00007ff965265000 	C:\WINDOWS\SYSTEM32\atiumd64.dll
0x0000000076110000 - 0x00000000768c7000 	C:\WINDOWS\SYSTEM32\atiumd6a.dll
0x00000000769f0000 - 0x0000000076a37000 	C:\Program Files\Java\jre1.8.0_25\bin\fontmanager.dll
0x00007ff988ce0000 - 0x00007ff988d00000 	C:\WINDOWS\SYSTEM32\CRYPTSP.dll
0x00007ff988900000 - 0x00007ff988936000 	C:\WINDOWS\system32\rsaenh.dll
0x00007ff988f90000 - 0x00007ff988fb6000 	C:\WINDOWS\SYSTEM32\bcrypt.dll
0x0000000076a60000 - 0x0000000076a7a000 	C:\Program Files\Java\jre1.8.0_25\bin\net.dll
0x00007ff988c80000 - 0x00007ff988cd9000 	C:\WINDOWS\system32\mswsock.dll
0x00007ff9860b0000 - 0x00007ff9860da000 	C:\WINDOWS\SYSTEM32\IPHLPAPI.DLL
0x00007ff986050000 - 0x00007ff98605a000 	C:\WINDOWS\SYSTEM32\WINNSI.DLL
0x00007ff9841e0000 - 0x00007ff9841f6000 	C:\WINDOWS\SYSTEM32\dhcpcsvc6.DLL
0x00007ff984380000 - 0x00007ff98439a000 	C:\WINDOWS\SYSTEM32\dhcpcsvc.DLL
0x0000000076a40000 - 0x0000000076a51000 	C:\Program Files\Java\jre1.8.0_25\bin\nio.dll
0x00000000637c0000 - 0x00000000637cd000 	S:\Users\Ben\AppData\Local\Temp\jogamp_0000\file_cache\jln2329841087083977913\jln1194468549649314062\gluegen-rt.dll
0x00000000769e0000 - 0x00000000769e7000 	C:\Program Files\Java\jre1.8.0_25\bin\jawt.dll
0x000000006a440000 - 0x000000006a44d000 	S:\Users\Ben\AppData\Local\Temp\jogamp_0000\file_cache\jln2329841087083977913\jln1194468549649314062\nativewindow_awt.dll
0x000000006c100000 - 0x000000006c10f000 	S:\Users\Ben\AppData\Local\Temp\jogamp_0000\file_cache\jln2329841087083977913\jln1194468549649314062\nativewindow_win32.dll
0x00007ff960620000 - 0x00007ff96074b000 	C:\WINDOWS\SYSTEM32\OpenGL32.dll
0x00007ff97d7c0000 - 0x00007ff97d7ee000 	C:\WINDOWS\SYSTEM32\GLU32.dll
0x00007ff966bf0000 - 0x00007ff966ce8000 	C:\WINDOWS\SYSTEM32\DDRAW.dll
0x00007ff980290000 - 0x00007ff980299000 	C:\WINDOWS\SYSTEM32\DCIMAN32.dll
0x0000000064500000 - 0x00000000645a2000 	S:\Users\Ben\AppData\Local\Temp\jogamp_0000\file_cache\jln2329841087083977913\jln1194468549649314062\jogl_desktop.dll
0x00007ff97d720000 - 0x00007ff97d738000 	C:\WINDOWS\SYSTEM32\atig6pxx.dll
0x0000000074200000 - 0x0000000075daf000 	C:\WINDOWS\SYSTEM32\atio6axx.dll
0x00007ff98bcf0000 - 0x00007ff98beca000 	C:\WINDOWS\system32\SETUPAPI.dll
0x00007ff986120000 - 0x00007ff986257000 	C:\WINDOWS\SYSTEM32\atiadlxx.dll
0x00007ff986710000 - 0x00007ff98688f000 	C:\WINDOWS\SYSTEM32\PROPSYS.dll
0x00007ff988080000 - 0x00007ff988092000 	C:\WINDOWS\SYSTEM32\WTSAPI32.dll
0x00007ff9898f0000 - 0x00007ff989941000 	C:\WINDOWS\system32\WINTRUST.dll
0x00007ff989540000 - 0x00007ff98971f000 	C:\WINDOWS\system32\CRYPT32.dll
0x00007ff989520000 - 0x00007ff989531000 	C:\WINDOWS\system32\MSASN1.dll
0x00007ff973720000 - 0x00007ff973749000 	C:\WINDOWS\SYSTEM32\atig6txx.dll
0x00007ff95c1a0000 - 0x00007ff95c33c000 	O:\OneDrive\Workspace\ZZavatar\lib\user\KinectPV2\Kinect20.Face.dll
0x00007ff97c900000 - 0x00007ff97c9a7000 	C:\WINDOWS\SYSTEM32\MSVCP110.dll
0x00007ff981bc0000 - 0x00007ff981c8e000 	C:\WINDOWS\SYSTEM32\MSVCR110.dll
0x00007ff980280000 - 0x00007ff980290000 	O:\OneDrive\Workspace\ZZavatar\lib\user\KinectPV2\KinectPV2.dll
0x00007ff960560000 - 0x00007ff96061a000 	C:\WINDOWS\SYSTEM32\Kinect20.dll
0x00007ff97ca30000 - 0x00007ff97cb1b000 	C:\WINDOWS\SYSTEM32\MFPlat.DLL
0x00007ff97c8a0000 - 0x00007ff97c8c7000 	C:\WINDOWS\SYSTEM32\RTWorkQ.DLL
0x00007ff987050000 - 0x00007ff98705c000 	C:\WINDOWS\SYSTEM32\AVRT.dll
0x00007ff963e10000 - 0x00007ff963f9a000 	C:\WINDOWS\SYSTEM32\dbghelp.dll

VM Arguments:
jvm_args: -Djava.library.path=O:\OneDrive\Workspace\ZZavatar\lib\base\video;O:\OneDrive\Workspace\ZZavatar\lib\base\video;O:\OneDrive\Workspace\ZZavatar\lib\base\video;O:\OneDrive\Workspace\ZZavatar\lib\base\core;O:\OneDrive\Workspace\ZZavatar\lib\base\core;O:\OneDrive\Workspace\ZZavatar\lib\base\core;O:\OneDrive\Workspace\ZZavatar\lib\base\core;O:\OneDrive\Workspace\ZZavatar\lib\base\core;O:\OneDrive\Workspace\ZZavatar\lib\base\core;O:\OneDrive\Workspace\ZZavatar\lib\base\core;O:\OneDrive\Workspace\ZZavatar\lib\base\core;O:\OneDrive\Workspace\ZZavatar\lib\base\core;O:\OneDrive\Workspace\ZZavatar\lib\base\core;O:\OneDrive\Workspace\ZZavatar\lib\base\core;O:\OneDrive\Workspace\ZZavatar\lib\base\core;O:\OneDrive\Workspace\ZZavatar\lib\base\core;O:\OneDrive\Workspace\ZZavatar\lib\base\core;O:\OneDrive\Workspace\ZZavatar\lib\base\core;O:\OneDrive\Workspace\ZZavatar\lib\user\Kinect4WinSDK;O:\OneDrive\Workspace\ZZavatar\lib\user\KinectPV2;O:\OneDrive\Workspace\ZZavatar\lib\user\SimpleOpenNI -Dfile.encoding=Cp1252 
java_command: zzavatar.ZZavatar
java_class_path (initial): O:\OneDrive\Workspace\ZZavatar\lib\base\video\gstreamer-java.jar;O:\OneDrive\Workspace\ZZavatar\lib\base\video\jna.jar;O:\OneDrive\Workspace\ZZavatar\lib\base\video\video.jar;O:\OneDrive\Workspace\ZZavatar\lib\base\core\core.jar;O:\OneDrive\Workspace\ZZavatar\lib\base\core\gluegen-rt-natives-linux-amd64.jar;O:\OneDrive\Workspace\ZZavatar\lib\base\core\gluegen-rt-natives-linux-armv6hf.jar;O:\OneDrive\Workspace\ZZavatar\lib\base\core\gluegen-rt-natives-linux-i586.jar;O:\OneDrive\Workspace\ZZavatar\lib\base\core\gluegen-rt-natives-macosx-universal.jar;O:\OneDrive\Workspace\ZZavatar\lib\base\core\gluegen-rt-natives-windows-amd64.jar;O:\OneDrive\Workspace\ZZavatar\lib\base\core\gluegen-rt-natives-windows-i586.jar;O:\OneDrive\Workspace\ZZavatar\lib\base\core\gluegen-rt.jar;O:\OneDrive\Workspace\ZZavatar\lib\base\core\jogl-all-natives-linux-amd64.jar;O:\OneDrive\Workspace\ZZavatar\lib\base\core\jogl-all-natives-linux-armv6hf.jar;O:\OneDrive\Workspace\ZZavatar\lib\base\core\jogl-all-natives-linux-i586.jar;O:\OneDrive\Workspace\ZZavatar\lib\base\core\jogl-all-natives-macosx-universal.jar;O:\OneDrive\Workspace\ZZavatar\lib\base\core\jogl-all-natives-windows-amd64.jar;O:\OneDrive\Workspace\ZZavatar\lib\base\core\jogl-all-natives-windows-i586.jar;O:\OneDrive\Workspace\ZZavatar\lib\base\core\jogl-all.jar;O:\OneDrive\Workspace\ZZavatar\lib\user\Kinect4WinSDK\Kinect4WinSDK.jar;O:\OneDrive\Workspace\ZZavatar\lib\user\KinectPV2\KinectPV2.jar;O:\OneDrive\Workspace\ZZavatar\lib\user\SimpleOpenNI\SimpleOpenNI.jar;O:\OneDrive\Workspace\ZZavatar\bin
Launcher Type: SUN_STANDARD

Environment Variables:
JAVA_HOME=C:\Program Files\Java\jdk1.8.0_25
PATH=C:/Program Files/Java/jre1.8.0_25/bin/server;C:/Program Files/Java/jre1.8.0_25/bin;C:/Program Files/Java/jre1.8.0_25/lib/amd64;C:\Program Files (x86)\NVIDIA Corporation\PhysX\Common;C:\ProgramData\Oracle\Java\javapath;C:\Program Files (x86)\Common Files\Intel\Shared Libraries\redist\intel64\compiler;C:\Program Files (x86)\Common Files\Intel\Shared Libraries\redist\ia32\compiler;C:\Program Files (x86)\Intel\iCLS Client\;C:\Program Files\Intel\iCLS Client\;C:\Program Files (x86)\AMD APP\bin\x86_64;C:\Program Files (x86)\AMD APP\bin\x86;C:\WINDOWS\system32;C:\WINDOWS;C:\WINDOWS\System32\Wbem;C:\WINDOWS\System32\WindowsPowerShell\v1.0\;C:\Program Files (x86)\ATI Technologies\ATI.ACE\Core-Static;C:\Program Files\Intel\Intel(R) Management Engine Components\DAL;C:\Program Files\Intel\Intel(R) Management Engine Components\IPT;C:\Program Files (x86)\Intel\Intel(R) Management Engine Components\DAL;C:\Program Files (x86)\Intel\Intel(R) Management Engine Components\IPT;C:\Program Files\Sony\VAIO Improvement\;C:\Program Files (x86)\Sony\VAIO Startup Setting Tool;C:\Program Files (x86)\Windows Kits\8.1\Windows Performance Toolkit\;C:\Program Files\Microsoft SQL Server\110\Tools\Binn\;C:\Program Files (x86)\Microsoft SDKs\TypeScript\1.0\;C:\Program Files\Microsoft\Web Platform Installer\;C:\Program Files (x86)\Java\jre1.8.0_25\bin;P:\Programs\Python27\Scripts;P:\Programs\Python27;C:\Program Files\Common Files\Autodesk Shared\;P:\Program Files\Programs;P:\Program Files\Games;P:\Programs\Eclipse;
USERNAME=Benoît
OS=Windows_NT
PROCESSOR_IDENTIFIER=Intel64 Family 6 Model 58 Stepping 9, GenuineIntel



---------------  S Y S T E M  ---------------

OS: Windows 8.1 , 64 bit Build 9600 

CPU:total 8 (4 cores per cpu, 2 threads per core) family 6 model 58 stepping 9, cmov, cx8, fxsr, mmx, sse, sse2, sse3, ssse3, sse4.1, sse4.2, popcnt, avx, aes, clmul, erms, ht, tsc, tscinvbit, tscinv

Memory: 4k page, physical 6237468k(1648136k free), swap 10431772k(4575476k free)

vm_info: Java HotSpot(TM) 64-Bit Server VM (25.25-b02) for windows-amd64 JRE (1.8.0_25-b18), built on Oct  7 2014 14:25:37 by "java_re" with MS VC++ 10.0 (VS2010)

time: Fri Apr 24 13:11:27 2015
elapsed time: 62 seconds (0d 0h 1m 2s)

