#
# A fatal error has been detected by the Java Runtime Environment:
#
#  EXCEPTION_ACCESS_VIOLATION (0xc0000005) at pc=0x00007ff980284110, pid=8216, tid=7656
#
# JRE version: Java(TM) SE Runtime Environment (8.0_25-b18) (build 1.8.0_25-b18)
# Java VM: Java HotSpot(TM) 64-Bit Server VM (25.25-b02 mixed mode windows-amd64 compressed oops)
# Problematic frame:
# C  [KinectPV2.dll+0x4110]
#
# Failed to write core dump. Minidumps are not enabled by default on client versions of Windows
#
# If you would like to submit a bug report, please visit:
#   http://bugreport.sun.com/bugreport/crash.jsp
# The crash happened outside the Java Virtual Machine in native code.
# See problematic frame for where to report the bug.
#

---------------  T H R E A D  ---------------

Current thread (0x0000000018f44800):  JavaThread "Animation Thread" [_thread_in_native, id=7656, stack(0x000000001bfa0000,0x000000001c0a0000)]

siginfo: ExceptionCode=0xc0000005, reading address 0xffffffffffffffff

Registers:
RAX=0x0000000000000001, RBX=0x000000002dd28040, RCX=0xb6d0000000000000, RDX=0x0000000000000000
RSP=0x000000001c09e840, RBP=0x0000000000000006, RSI=0x0000000000000000, RDI=0x000000001ec41838
R8 =0x000000001c09e508, R9 =0x0000000000008000, R10=0x0000000000000000, R11=0x000000001c09e740
R12=0x0000000000000000, R13=0x000000001f22e1a8, R14=0x0000000000000000, R15=0x0000000018f44800
RIP=0x00007ff980284110, EFLAGS=0x0000000000010286

Top of Stack: (sp=0x000000001c09e840)
0x000000001c09e840:   000000001ec41808 000000001f5ab6c8
0x000000001c09e850:   000000001ec41808 0000000000000000
0x000000001c09e860:   000000001c09e930 00007ff980281fba
0x000000001c09e870:   000000001c09e930 000000001c09e910
0x000000001c09e880:   0000000018f449e8 0000000018ebfa80
0x000000001c09e890:   00000000a3b39768 0000000001f75b74
0x000000001c09e8a0:   000000001f22e1a8 00000000a3b39748
0x000000001c09e8b0:   00000000a3b39748 0000000018f44800
0x000000001c09e8c0:   000000001c09e988 0000000001f758a2
0x000000001c09e8d0:   000000001c09e8d0 000000001f22e1a8
0x000000001c09e8e0:   000000001c09e930 000000001f22f138
0x000000001c09e8f0:   0000000000000000 000000001f22e1a8
0x000000001c09e900:   0000000000000000 000000001c09e930
0x000000001c09e910:   000000001c09e978 0000000001f67a2d
0x000000001c09e920:   0000000000000000 0000000001f6f6b8
0x000000001c09e930:   00000000a38a1830 000000001c09e938 

Instructions: (pc=0x00007ff980284110)
0x00007ff9802840f0:   89 77 d0 48 8b 0f 48 85 c9 74 09 48 8b 01 ff 50
0x00007ff980284100:   10 4c 89 37 48 8b 8f 90 00 00 00 48 85 c9 74 0d
0x00007ff980284110:   48 8b 01 ff 50 10 4c 89 b7 90 00 00 00 48 8b 4f
0x00007ff980284120:   30 48 85 c9 74 0a 48 8b 01 ff 50 10 4c 89 77 30 


Register to memory mapping:

RAX=0x0000000000000001 is an unknown value
RBX=0x000000002dd28040 is an unknown value
RCX=0xb6d0000000000000 is an unknown value
RDX=0x0000000000000000 is an unknown value
RSP=0x000000001c09e840 is pointing into the stack for thread: 0x0000000018f44800
RBP=0x0000000000000006 is an unknown value
RSI=0x0000000000000000 is an unknown value
RDI=0x000000001ec41838 is an unknown value
R8 =0x000000001c09e508 is pointing into the stack for thread: 0x0000000018f44800
R9 =0x0000000000008000 is an unknown value
R10=0x0000000000000000 is an unknown value
R11=0x000000001c09e740 is pointing into the stack for thread: 0x0000000018f44800
R12=0x0000000000000000 is an unknown value
R13={method} {0x000000001f22e1b0} 'jniStopDevice' '()V' in 'KinectPV2/Device'
R14=0x0000000000000000 is an unknown value
R15=0x0000000018f44800 is a thread


Stack: [0x000000001bfa0000,0x000000001c0a0000],  sp=0x000000001c09e840,  free space=1018k
Native frames: (J=compiled Java code, j=interpreted, Vv=VM code, C=native code)
C  [KinectPV2.dll+0x4110]
C  [KinectPV2.dll+0x1fba]
C  0x0000000001f75b74

Java frames: (J=compiled Java code, j=interpreted, Vv=VM code)
j  KinectPV2.Device.jniStopDevice()V+0
j  KinectPV2.Device.stopDevice()V+41
j  KinectPV2.KinectPV2.dispose()V+14
v  ~StubRoutines::call_stub
j  sun.reflect.NativeMethodAccessorImpl.invoke0(Ljava/lang/reflect/Method;Ljava/lang/Object;[Ljava/lang/Object;)Ljava/lang/Object;+0
j  sun.reflect.NativeMethodAccessorImpl.invoke(Ljava/lang/Object;[Ljava/lang/Object;)Ljava/lang/Object;+100
J 1945 C1 sun.reflect.DelegatingMethodAccessorImpl.invoke(Ljava/lang/Object;[Ljava/lang/Object;)Ljava/lang/Object; (10 bytes) @ 0x0000000002666e04 [0x0000000002666d00+0x104]
J 1944 C1 java.lang.reflect.Method.invoke(Ljava/lang/Object;[Ljava/lang/Object;)Ljava/lang/Object; (62 bytes) @ 0x000000000266a9e4 [0x000000000266a600+0x3e4]
j  processing.core.PApplet$RegisteredMethods.handle([Ljava/lang/Object;)V+18
J 1666 C1 processing.core.PApplet.handleMethods(Ljava/lang/String;)V (21 bytes) @ 0x00000000025a5c1c [0x00000000025a5960+0x2bc]
j  processing.core.PApplet.dispose()V+35
j  processing.core.PApplet.run()V+283
j  java.lang.Thread.run()V+11
v  ~StubRoutines::call_stub

---------------  P R O C E S S  ---------------

Java Threads: ( => current thread )
  0x0000000019113800 JavaThread "Animation Thread-SharedResourceRunner" daemon [_thread_blocked, id=1640, stack(0x000000001e270000,0x000000001e370000)]
  0x000000000057e800 JavaThread "DestroyJavaVM" [_thread_blocked, id=8592, stack(0x0000000001cb0000,0x0000000001db0000)]
  0x0000000018f48000 JavaThread "D3D Screen Updater" daemon [_thread_blocked, id=9016, stack(0x000000001c2a0000,0x000000001c3a0000)]
=>0x0000000018f44800 JavaThread "Animation Thread" [_thread_in_native, id=7656, stack(0x000000001bfa0000,0x000000001c0a0000)]
  0x0000000018eb7800 JavaThread "AWT-EventQueue-0" [_thread_blocked, id=4368, stack(0x000000001bda0000,0x000000001bea0000)]
  0x000000001808c800 JavaThread "AWT-Windows" daemon [_thread_in_native, id=7060, stack(0x0000000019770000,0x0000000019870000)]
  0x000000001808b000 JavaThread "AWT-Shutdown" [_thread_blocked, id=7944, stack(0x0000000019670000,0x0000000019770000)]
  0x0000000018e48000 JavaThread "Java2D Disposer" daemon [_thread_blocked, id=8444, stack(0x0000000019570000,0x0000000019670000)]
  0x0000000017d42800 JavaThread "Service Thread" daemon [_thread_blocked, id=6532, stack(0x0000000018690000,0x0000000018790000)]
  0x0000000017cc6000 JavaThread "C1 CompilerThread3" daemon [_thread_blocked, id=6120, stack(0x0000000018590000,0x0000000018690000)]
  0x0000000017cc5000 JavaThread "C2 CompilerThread2" daemon [_thread_blocked, id=2748, stack(0x0000000018490000,0x0000000018590000)]
  0x0000000017cbf000 JavaThread "C2 CompilerThread1" daemon [_thread_blocked, id=8248, stack(0x0000000018390000,0x0000000018490000)]
  0x0000000017cb9800 JavaThread "C2 CompilerThread0" daemon [_thread_in_native, id=7424, stack(0x0000000018290000,0x0000000018390000)]
  0x0000000017cb7800 JavaThread "Attach Listener" daemon [_thread_blocked, id=2480, stack(0x0000000018190000,0x0000000018290000)]
  0x0000000017cb6800 JavaThread "Signal Dispatcher" daemon [_thread_blocked, id=8608, stack(0x0000000018090000,0x0000000018190000)]
  0x0000000001f5a000 JavaThread "Finalizer" daemon [_thread_blocked, id=8252, stack(0x0000000017b90000,0x0000000017c90000)]
  0x0000000015cac800 JavaThread "Reference Handler" daemon [_thread_blocked, id=6768, stack(0x0000000017a90000,0x0000000017b90000)]

Other Threads:
  0x0000000015ca8000 VMThread [stack: 0x0000000017990000,0x0000000017a90000] [id=7608]
  0x0000000017d46800 WatcherThread [stack: 0x0000000018790000,0x0000000018890000] [id=8748]

VM state:not at safepoint (normal execution)

VM Mutex/Monitor currently owned by a thread: None

Heap:
 PSYoungGen      total 441344K, used 27847K [0x00000000e0400000, 0x00000000ff880000, 0x0000000100000000)
  eden space 388608K, 7% used [0x00000000e0400000,0x00000000e1ed9f88,0x00000000f7f80000)
  from space 52736K, 0% used [0x00000000f7f80000,0x00000000f7fd8020,0x00000000fb300000)
  to   space 50688K, 0% used [0x00000000fc700000,0x00000000fc700000,0x00000000ff880000)
 ParOldGen       total 223744K, used 154885K [0x00000000a0c00000, 0x00000000ae680000, 0x00000000e0400000)
  object space 223744K, 69% used [0x00000000a0c00000,0x00000000aa341680,0x00000000ae680000)
 Metaspace       used 17827K, capacity 18089K, committed 18304K, reserved 1064960K
  class space    used 1735K, capacity 1793K, committed 1920K, reserved 1048576K

Card table byte_map: [0x0000000011320000,0x0000000011620000] byte_map_base: 0x0000000010e1a000

Marking Bits: (ParMarkBitMap*) 0x00000000772bd490
 Begin Bits: [0x0000000012020000, 0x00000000137f0000)
 End Bits:   [0x00000000137f0000, 0x0000000014fc0000)

Polling page: 0x0000000000330000

CodeCache: size=245760Kb used=8031Kb max_used=8031Kb free=237728Kb
 bounds [0x0000000001f60000, 0x0000000002740000, 0x0000000010f60000]
 total_blobs=3033 nmethods=2162 adapters=785
 compilation: enabled

Compilation events (10 events):
Event: 10.226 Thread 0x0000000017cbf000 2165       4       java.lang.Integer::stringSize (21 bytes)
Event: 10.229 Thread 0x0000000017cbf000 nmethod 2165 0x000000000272b7d0 code [0x000000000272b900, 0x000000000272b9f8]
Event: 10.255 Thread 0x0000000017cc6000 2166       3       java.awt.EventQueue$3::run (5 bytes)
Event: 10.255 Thread 0x0000000017cc6000 nmethod 2166 0x0000000002728910 code [0x0000000002728a80, 0x0000000002728c28]
Event: 10.255 Thread 0x0000000017cc6000 2167       3       java.awt.EventQueue$3::run (60 bytes)
Event: 10.255 Thread 0x0000000017cc6000 nmethod 2167 0x0000000002739a10 code [0x0000000002739bc0, 0x000000000273a078]
Event: 10.255 Thread 0x0000000017cc6000 2168       3       java.awt.EventQueue::access$400 (7 bytes)
Event: 10.255 Thread 0x0000000017cc6000 nmethod 2168 0x000000000273eed0 code [0x000000000273f040, 0x000000000273f1a8]
Event: 10.256 Thread 0x0000000017cc6000 2169       3       java.awt.EventQueue::dispatchEventImpl (149 bytes)
Event: 10.257 Thread 0x0000000017cc6000 nmethod 2169 0x000000000273c590 code [0x000000000273c8c0, 0x000000000273e558]

GC Heap History (10 events):
Event: 7.937 GC heap before
{Heap before GC invocations=18 (full 3):
 PSYoungGen      total 367616K, used 317808K [0x00000000e0400000, 0x00000000fb100000, 0x0000000100000000)
  eden space 317440K, 100% used [0x00000000e0400000,0x00000000f3a00000,0x00000000f3a00000)
  from space 50176K, 0% used [0x00000000f8000000,0x00000000f805c030,0x00000000fb100000)
  to   space 60928K, 0% used [0x00000000f3a00000,0x00000000f3a00000,0x00000000f7580000)
 ParOldGen       total 223744K, used 154877K [0x00000000a0c00000, 0x00000000ae680000, 0x00000000e0400000)
  object space 223744K, 69% used [0x00000000a0c00000,0x00000000aa33f680,0x00000000ae680000)
 Metaspace       used 17695K, capacity 17961K, committed 18304K, reserved 1064960K
  class space    used 1723K, capacity 1793K, committed 1920K, reserved 1048576K
Event: 7.939 GC heap after
Heap after GC invocations=18 (full 3):
 PSYoungGen      total 378368K, used 272K [0x00000000e0400000, 0x00000000fe380000, 0x0000000100000000)
  eden space 317440K, 0% used [0x00000000e0400000,0x00000000e0400000,0x00000000f3a00000)
  from space 60928K, 0% used [0x00000000f3a00000,0x00000000f3a44030,0x00000000f7580000)
  to   space 59392K, 0% used [0x00000000fa980000,0x00000000fa980000,0x00000000fe380000)
 ParOldGen       total 223744K, used 154877K [0x00000000a0c00000, 0x00000000ae680000, 0x00000000e0400000)
  object space 223744K, 69% used [0x00000000a0c00000,0x00000000aa33f680,0x00000000ae680000)
 Metaspace       used 17695K, capacity 17961K, committed 18304K, reserved 1064960K
  class space    used 1723K, capacity 1793K, committed 1920K, reserved 1048576K
}
Event: 8.451 GC heap before
{Heap before GC invocations=19 (full 3):
 PSYoungGen      total 378368K, used 317712K [0x00000000e0400000, 0x00000000fe380000, 0x0000000100000000)
  eden space 317440K, 100% used [0x00000000e0400000,0x00000000f3a00000,0x00000000f3a00000)
  from space 60928K, 0% used [0x00000000f3a00000,0x00000000f3a44030,0x00000000f7580000)
  to   space 59392K, 0% used [0x00000000fa980000,0x00000000fa980000,0x00000000fe380000)
 ParOldGen       total 223744K, used 154877K [0x00000000a0c00000, 0x00000000ae680000, 0x00000000e0400000)
  object space 223744K, 69% used [0x00000000a0c00000,0x00000000aa33f680,0x00000000ae680000)
 Metaspace       used 17729K, capacity 17961K, committed 18304K, reserved 1064960K
  class space    used 1723K, capacity 1793K, committed 1920K, reserved 1048576K
Event: 8.453 GC heap after
Heap after GC invocations=19 (full 3):
 PSYoungGen      total 410112K, used 368K [0x00000000e0400000, 0x00000000fd780000, 0x0000000100000000)
  eden space 363008K, 0% used [0x00000000e0400000,0x00000000e0400000,0x00000000f6680000)
  from space 47104K, 0% used [0x00000000fa980000,0x00000000fa9dc030,0x00000000fd780000)
  to   space 57856K, 0% used [0x00000000f6680000,0x00000000f6680000,0x00000000f9f00000)
 ParOldGen       total 223744K, used 154877K [0x00000000a0c00000, 0x00000000ae680000, 0x00000000e0400000)
  object space 223744K, 69% used [0x00000000a0c00000,0x00000000aa33f680,0x00000000ae680000)
 Metaspace       used 17729K, capacity 17961K, committed 18304K, reserved 1064960K
  class space    used 1723K, capacity 1793K, committed 1920K, reserved 1048576K
}
Event: 9.037 GC heap before
{Heap before GC invocations=20 (full 3):
 PSYoungGen      total 410112K, used 363376K [0x00000000e0400000, 0x00000000fd780000, 0x0000000100000000)
  eden space 363008K, 100% used [0x00000000e0400000,0x00000000f6680000,0x00000000f6680000)
  from space 47104K, 0% used [0x00000000fa980000,0x00000000fa9dc030,0x00000000fd780000)
  to   space 57856K, 0% used [0x00000000f6680000,0x00000000f6680000,0x00000000f9f00000)
 ParOldGen       total 223744K, used 154877K [0x00000000a0c00000, 0x00000000ae680000, 0x00000000e0400000)
  object space 223744K, 69% used [0x00000000a0c00000,0x00000000aa33f680,0x00000000ae680000)
 Metaspace       used 17776K, capacity 18025K, committed 18304K, reserved 1064960K
  class space    used 1723K, capacity 1793K, committed 1920K, reserved 1048576K
Event: 9.043 GC heap after
Heap after GC invocations=20 (full 3):
 PSYoungGen      total 420864K, used 8404K [0x00000000e0400000, 0x00000000fef00000, 0x0000000100000000)
  eden space 363008K, 0% used [0x00000000e0400000,0x00000000e0400000,0x00000000f6680000)
  from space 57856K, 14% used [0x00000000f6680000,0x00000000f6eb5040,0x00000000f9f00000)
  to   space 54272K, 0% used [0x00000000fba00000,0x00000000fba00000,0x00000000fef00000)
 ParOldGen       total 223744K, used 154885K [0x00000000a0c00000, 0x00000000ae680000, 0x00000000e0400000)
  object space 223744K, 69% used [0x00000000a0c00000,0x00000000aa341680,0x00000000ae680000)
 Metaspace       used 17776K, capacity 18025K, committed 18304K, reserved 1064960K
  class space    used 1723K, capacity 1793K, committed 1920K, reserved 1048576K
}
Event: 9.586 GC heap before
{Heap before GC invocations=21 (full 3):
 PSYoungGen      total 420864K, used 371412K [0x00000000e0400000, 0x00000000fef00000, 0x0000000100000000)
  eden space 363008K, 100% used [0x00000000e0400000,0x00000000f6680000,0x00000000f6680000)
  from space 57856K, 14% used [0x00000000f6680000,0x00000000f6eb5040,0x00000000f9f00000)
  to   space 54272K, 0% used [0x00000000fba00000,0x00000000fba00000,0x00000000fef00000)
 ParOldGen       total 223744K, used 154885K [0x00000000a0c00000, 0x00000000ae680000, 0x00000000e0400000)
  object space 223744K, 69% used [0x00000000a0c00000,0x00000000aa341680,0x00000000ae680000)
 Metaspace       used 17781K, capacity 18025K, committed 18304K, reserved 1064960K
  class space    used 1723K, capacity 1793K, committed 1920K, reserved 1048576K
Event: 9.588 GC heap after
Heap after GC invocations=21 (full 3):
 PSYoungGen      total 434176K, used 352K [0x00000000e0400000, 0x00000000fe680000, 0x0000000100000000)
  eden space 388608K, 0% used [0x00000000e0400000,0x00000000e0400000,0x00000000f7f80000)
  from space 45568K, 0% used [0x00000000fba00000,0x00000000fba58020,0x00000000fe680000)
  to   space 52736K, 0% used [0x00000000f7f80000,0x00000000f7f80000,0x00000000fb300000)
 ParOldGen       total 223744K, used 154885K [0x00000000a0c00000, 0x00000000ae680000, 0x00000000e0400000)
  object space 223744K, 69% used [0x00000000a0c00000,0x00000000aa341680,0x00000000ae680000)
 Metaspace       used 17781K, capacity 18025K, committed 18304K, reserved 1064960K
  class space    used 1723K, capacity 1793K, committed 1920K, reserved 1048576K
}
Event: 10.205 GC heap before
{Heap before GC invocations=22 (full 3):
 PSYoungGen      total 434176K, used 388960K [0x00000000e0400000, 0x00000000fe680000, 0x0000000100000000)
  eden space 388608K, 100% used [0x00000000e0400000,0x00000000f7f80000,0x00000000f7f80000)
  from space 45568K, 0% used [0x00000000fba00000,0x00000000fba58020,0x00000000fe680000)
  to   space 52736K, 0% used [0x00000000f7f80000,0x00000000f7f80000,0x00000000fb300000)
 ParOldGen       total 223744K, used 154885K [0x00000000a0c00000, 0x00000000ae680000, 0x00000000e0400000)
  object space 223744K, 69% used [0x00000000a0c00000,0x00000000aa341680,0x00000000ae680000)
 Metaspace       used 17786K, capacity 18025K, committed 18304K, reserved 1064960K
  class space    used 1723K, capacity 1793K, committed 1920K, reserved 1048576K
Event: 10.207 GC heap after
Heap after GC invocations=22 (full 3):
 PSYoungGen      total 441344K, used 352K [0x00000000e0400000, 0x00000000ff880000, 0x0000000100000000)
  eden space 388608K, 0% used [0x00000000e0400000,0x00000000e0400000,0x00000000f7f80000)
  from space 52736K, 0% used [0x00000000f7f80000,0x00000000f7fd8020,0x00000000fb300000)
  to   space 50688K, 0% used [0x00000000fc700000,0x00000000fc700000,0x00000000ff880000)
 ParOldGen       total 223744K, used 154885K [0x00000000a0c00000, 0x00000000ae680000, 0x00000000e0400000)
  object space 223744K, 69% used [0x00000000a0c00000,0x00000000aa341680,0x00000000ae680000)
 Metaspace       used 17786K, capacity 18025K, committed 18304K, reserved 1064960K
  class space    used 1723K, capacity 1793K, committed 1920K, reserved 1048576K
}

Deoptimization events (10 events):
Event: 2.669 Thread 0x0000000018eb7800 Uncommon trap: reason=class_check action=maybe_recompile pc=0x0000000002273444 method=com.jogamp.common.nio.Buffers.getDirectBufferByteOffset(Ljava/lang/Object;)I @ 7
Event: 2.669 Thread 0x0000000018eb7800 Uncommon trap: reason=class_check action=maybe_recompile pc=0x0000000002276140 method=com.jogamp.common.nio.Buffers.isDirect(Ljava/lang/Object;)Z @ 13
Event: 2.670 Thread 0x0000000018eb7800 Uncommon trap: reason=class_check action=maybe_recompile pc=0x0000000002273444 method=com.jogamp.common.nio.Buffers.getDirectBufferByteOffset(Ljava/lang/Object;)I @ 7
Event: 2.670 Thread 0x0000000018eb7800 Uncommon trap: reason=class_check action=maybe_recompile pc=0x0000000002276140 method=com.jogamp.common.nio.Buffers.isDirect(Ljava/lang/Object;)Z @ 13
Event: 2.670 Thread 0x0000000018eb7800 Uncommon trap: reason=class_check action=maybe_recompile pc=0x0000000002273444 method=com.jogamp.common.nio.Buffers.getDirectBufferByteOffset(Ljava/lang/Object;)I @ 7
Event: 2.671 Thread 0x0000000018eb7800 Uncommon trap: reason=predicate action=maybe_recompile pc=0x000000000235de84 method=java.util.ArrayList.indexOf(Ljava/lang/Object;)I @ 44
Event: 2.690 Thread 0x0000000018eb7800 Uncommon trap: reason=class_check action=maybe_recompile pc=0x0000000002276140 method=com.jogamp.common.nio.Buffers.isDirect(Ljava/lang/Object;)Z @ 13
Event: 2.690 Thread 0x0000000018eb7800 Uncommon trap: reason=class_check action=maybe_recompile pc=0x0000000002273444 method=com.jogamp.common.nio.Buffers.getDirectBufferByteOffset(Ljava/lang/Object;)I @ 7
Event: 3.211 Thread 0x0000000018eb7800 Uncommon trap: reason=unreached action=reinterpret pc=0x0000000002369c80 method=processing.opengl.PGraphicsOpenGL$InGeometry.addVertex(FFFIFFFFFIFIIIFIZ)I @ 218
Event: 3.439 Thread 0x0000000018eb7800 Uncommon trap: reason=unreached action=reinterpret pc=0x0000000002225f30 method=java.lang.reflect.AccessibleObject.setAccessible0(Ljava/lang/reflect/AccessibleObject;Z)V @ 4

Internal exceptions (10 events):
Event: 3.033 Thread 0x0000000018eb7800 Exception <a 'java/security/PrivilegedActionException'> (0x00000000e57d8ab8) thrown at [D:\re\workspace\8-2-build-windows-amd64-cygwin\jdk8u25\1677\hotspot\src\share\vm\prims\jvm.cpp, line 1312]
Event: 3.033 Thread 0x0000000018eb7800 Exception <a 'java/security/PrivilegedActionException'> (0x00000000e57dc978) thrown at [D:\re\workspace\8-2-build-windows-amd64-cygwin\jdk8u25\1677\hotspot\src\share\vm\prims\jvm.cpp, line 1312]
Event: 3.033 Thread 0x0000000018eb7800 Exception <a 'java/security/PrivilegedActionException'> (0x00000000e57e0d80) thrown at [D:\re\workspace\8-2-build-windows-amd64-cygwin\jdk8u25\1677\hotspot\src\share\vm\prims\jvm.cpp, line 1312]
Event: 3.034 Thread 0x0000000018eb7800 Exception <a 'java/security/PrivilegedActionException'> (0x00000000e57e5168) thrown at [D:\re\workspace\8-2-build-windows-amd64-cygwin\jdk8u25\1677\hotspot\src\share\vm\prims\jvm.cpp, line 1312]
Event: 3.034 Thread 0x0000000018eb7800 Exception <a 'java/security/PrivilegedActionException'> (0x00000000e57e8cc0) thrown at [D:\re\workspace\8-2-build-windows-amd64-cygwin\jdk8u25\1677\hotspot\src\share\vm\prims\jvm.cpp, line 1312]
Event: 3.034 Thread 0x0000000018eb7800 Exception <a 'java/security/PrivilegedActionException'> (0x00000000e57ed4c0) thrown at [D:\re\workspace\8-2-build-windows-amd64-cygwin\jdk8u25\1677\hotspot\src\share\vm\prims\jvm.cpp, line 1312]
Event: 3.034 Thread 0x0000000018eb7800 Exception <a 'java/security/PrivilegedActionException'> (0x00000000e57f0bf8) thrown at [D:\re\workspace\8-2-build-windows-amd64-cygwin\jdk8u25\1677\hotspot\src\share\vm\prims\jvm.cpp, line 1312]
Event: 3.035 Thread 0x0000000018eb7800 Exception <a 'java/security/PrivilegedActionException'> (0x00000000e57f4b40) thrown at [D:\re\workspace\8-2-build-windows-amd64-cygwin\jdk8u25\1677\hotspot\src\share\vm\prims\jvm.cpp, line 1312]
Event: 3.035 Thread 0x0000000018eb7800 Exception <a 'java/security/PrivilegedActionException'> (0x00000000e57faa50) thrown at [D:\re\workspace\8-2-build-windows-amd64-cygwin\jdk8u25\1677\hotspot\src\share\vm\prims\jvm.cpp, line 1312]
Event: 3.048 Thread 0x0000000018eb7800 Exception <a 'java/security/PrivilegedActionException'> (0x00000000e58d6060) thrown at [D:\re\workspace\8-2-build-windows-amd64-cygwin\jdk8u25\1677\hotspot\src\share\vm\prims\jvm.cpp, line 1312]

Events (10 events):
Event: 10.222 loading class javax/swing/JComponent$IntVector done
Event: 10.223 loading class javax/swing/KeyboardManager
Event: 10.223 loading class javax/swing/KeyboardManager done
Event: 10.223 loading class javax/swing/Popup$HeavyWeightWindow
Event: 10.223 loading class sun/awt/ModalExclude
Event: 10.223 loading class sun/awt/ModalExclude done
Event: 10.223 loading class javax/swing/JWindow
Event: 10.223 loading class javax/swing/JWindow done
Event: 10.223 loading class javax/swing/Popup$HeavyWeightWindow done
Event: 10.273 Thread 0x0000000018f3a000 Thread exited: 0x0000000018f3a000


Dynamic libraries:
0x00007ff669010000 - 0x00007ff669044000 	C:\Program Files\Java\jre1.8.0_25\bin\javaw.exe
0x00007ff98c320000 - 0x00007ff98c4cc000 	C:\WINDOWS\SYSTEM32\ntdll.dll
0x00007ff989d20000 - 0x00007ff989e5e000 	C:\WINDOWS\system32\KERNEL32.DLL
0x00007ff9897d0000 - 0x00007ff9898e5000 	C:\WINDOWS\system32\KERNELBASE.dll
0x00007ff987ff0000 - 0x00007ff98807e000 	C:\WINDOWS\system32\apphelp.dll
0x00007ff973750000 - 0x00007ff9737a3000 	C:\WINDOWS\AppPatch\AppPatch64\AcGenral.DLL
0x00007ff98a220000 - 0x00007ff98a2ca000 	C:\WINDOWS\system32\msvcrt.dll
0x00007ff9892a0000 - 0x00007ff9892ce000 	C:\WINDOWS\SYSTEM32\SspiCli.dll
0x00007ff98b980000 - 0x00007ff98b9d4000 	C:\WINDOWS\system32\SHLWAPI.dll
0x00007ff989f00000 - 0x00007ff98a077000 	C:\WINDOWS\system32\USER32.dll
0x00007ff98bb50000 - 0x00007ff98bce4000 	C:\WINDOWS\system32\ole32.dll
0x00007ff98a390000 - 0x00007ff98b8a8000 	C:\WINDOWS\system32\SHELL32.dll
0x00007ff988a10000 - 0x00007ff988a31000 	C:\WINDOWS\SYSTEM32\USERENV.dll
0x00007ff989c10000 - 0x00007ff989cba000 	C:\WINDOWS\system32\ADVAPI32.dll
0x00007ff97c880000 - 0x00007ff97c89e000 	C:\WINDOWS\SYSTEM32\MPR.dll
0x00007ff98b9e0000 - 0x00007ff98bb21000 	C:\WINDOWS\system32\RPCRT4.dll
0x00007ff9899a0000 - 0x00007ff9899f9000 	C:\WINDOWS\SYSTEM32\sechost.dll
0x00007ff98bed0000 - 0x00007ff98c0e1000 	C:\WINDOWS\SYSTEM32\combase.dll
0x00007ff98a0c0000 - 0x00007ff98a211000 	C:\WINDOWS\system32\GDI32.dll
0x00007ff989470000 - 0x00007ff989485000 	C:\WINDOWS\SYSTEM32\profapi.dll
0x00007ff987810000 - 0x00007ff9878c2000 	C:\WINDOWS\SYSTEM32\SHCORE.dll
0x00007ff98a080000 - 0x00007ff98a0b6000 	C:\WINDOWS\system32\IMM32.DLL
0x00007ff98c1c0000 - 0x00007ff98c312000 	C:\WINDOWS\system32\MSCTF.dll
0x00007ff986b90000 - 0x00007ff986e0b000 	C:\WINDOWS\WinSxS\amd64_microsoft.windows.common-controls_6595b64144ccf1df_6.0.9600.17415_none_6240486fecbd8abb\COMCTL32.dll
0x0000000075f50000 - 0x0000000076022000 	C:\Program Files\Java\jre1.8.0_25\bin\msvcr100.dll
0x0000000076ae0000 - 0x000000007733a000 	C:\Program Files\Java\jre1.8.0_25\bin\server\jvm.dll
0x00007ff9707d0000 - 0x00007ff9707d9000 	C:\WINDOWS\SYSTEM32\WSOCK32.dll
0x00007ff97ca00000 - 0x00007ff97ca22000 	C:\WINDOWS\SYSTEM32\WINMM.dll
0x00007ff989e80000 - 0x00007ff989e87000 	C:\WINDOWS\system32\PSAPI.DLL
0x00007ff989a00000 - 0x00007ff989a5a000 	C:\WINDOWS\system32\WS2_32.dll
0x00007ff97c8d0000 - 0x00007ff97c8fa000 	C:\WINDOWS\SYSTEM32\WINMMBASE.dll
0x00007ff98bb30000 - 0x00007ff98bb39000 	C:\WINDOWS\system32\NSI.dll
0x00007ff989950000 - 0x00007ff98999f000 	C:\WINDOWS\SYSTEM32\cfgmgr32.dll
0x00007ff988260000 - 0x00007ff988288000 	C:\WINDOWS\SYSTEM32\DEVOBJ.dll
0x0000000076ad0000 - 0x0000000076adf000 	C:\Program Files\Java\jre1.8.0_25\bin\verify.dll
0x0000000076aa0000 - 0x0000000076ac8000 	C:\Program Files\Java\jre1.8.0_25\bin\java.dll
0x0000000076a80000 - 0x0000000076a96000 	C:\Program Files\Java\jre1.8.0_25\bin\zip.dll
0x0000000075db0000 - 0x0000000075f48000 	C:\Program Files\Java\jre1.8.0_25\bin\awt.dll
0x00007ff98c0f0000 - 0x00007ff98c1b1000 	C:\WINDOWS\system32\OLEAUT32.dll
0x00007ff987610000 - 0x00007ff987631000 	C:\WINDOWS\system32\DWMAPI.DLL
0x00007ff988130000 - 0x00007ff988259000 	C:\WINDOWS\system32\uxtheme.dll
0x00007ff9882b0000 - 0x00007ff9882bb000 	C:\WINDOWS\SYSTEM32\kernel.appcore.dll
0x00007ff989340000 - 0x00007ff98934b000 	C:\WINDOWS\SYSTEM32\CRYPTBASE.dll
0x00007ff9892d0000 - 0x00007ff989333000 	C:\WINDOWS\SYSTEM32\bcryptPrimitives.dll
0x00007ff97e8c0000 - 0x00007ff97eae1000 	C:\WINDOWS\system32\d3d9.dll
0x00007ff987180000 - 0x00007ff98718a000 	C:\WINDOWS\SYSTEM32\VERSION.dll
0x00007ff986970000 - 0x00007ff986abb000 	C:\WINDOWS\SYSTEM32\aticfx64.dll
0x00007ff965270000 - 0x00007ff965291000 	C:\WINDOWS\SYSTEM32\atiu9p64.dll
0x00007ff964a80000 - 0x00007ff965265000 	C:\WINDOWS\SYSTEM32\atiumd64.dll
0x0000000076110000 - 0x00000000768c7000 	C:\WINDOWS\SYSTEM32\atiumd6a.dll
0x00000000769f0000 - 0x0000000076a37000 	C:\Program Files\Java\jre1.8.0_25\bin\fontmanager.dll
0x00007ff988ce0000 - 0x00007ff988d00000 	C:\WINDOWS\SYSTEM32\CRYPTSP.dll
0x00007ff988900000 - 0x00007ff988936000 	C:\WINDOWS\system32\rsaenh.dll
0x00007ff988f90000 - 0x00007ff988fb6000 	C:\WINDOWS\SYSTEM32\bcrypt.dll
0x0000000076a60000 - 0x0000000076a7a000 	C:\Program Files\Java\jre1.8.0_25\bin\net.dll
0x00007ff988c80000 - 0x00007ff988cd9000 	C:\WINDOWS\system32\mswsock.dll
0x00007ff9860b0000 - 0x00007ff9860da000 	C:\WINDOWS\SYSTEM32\IPHLPAPI.DLL
0x00007ff986050000 - 0x00007ff98605a000 	C:\WINDOWS\SYSTEM32\WINNSI.DLL
0x00007ff9841e0000 - 0x00007ff9841f6000 	C:\WINDOWS\SYSTEM32\dhcpcsvc6.DLL
0x00007ff984380000 - 0x00007ff98439a000 	C:\WINDOWS\SYSTEM32\dhcpcsvc.DLL
0x0000000076a40000 - 0x0000000076a51000 	C:\Program Files\Java\jre1.8.0_25\bin\nio.dll
0x00000000637c0000 - 0x00000000637cd000 	S:\Users\Ben\AppData\Local\Temp\jogamp_0000\file_cache\jln3899027570676700270\jln6178276177414097562\gluegen-rt.dll
0x00000000769e0000 - 0x00000000769e7000 	C:\Program Files\Java\jre1.8.0_25\bin\jawt.dll
0x000000006a440000 - 0x000000006a44d000 	S:\Users\Ben\AppData\Local\Temp\jogamp_0000\file_cache\jln3899027570676700270\jln6178276177414097562\nativewindow_awt.dll
0x000000006c100000 - 0x000000006c10f000 	S:\Users\Ben\AppData\Local\Temp\jogamp_0000\file_cache\jln3899027570676700270\jln6178276177414097562\nativewindow_win32.dll
0x00007ff960620000 - 0x00007ff96074b000 	C:\WINDOWS\SYSTEM32\OpenGL32.dll
0x00007ff97d7c0000 - 0x00007ff97d7ee000 	C:\WINDOWS\SYSTEM32\GLU32.dll
0x00007ff966bf0000 - 0x00007ff966ce8000 	C:\WINDOWS\SYSTEM32\DDRAW.dll
0x00007ff980290000 - 0x00007ff980299000 	C:\WINDOWS\SYSTEM32\DCIMAN32.dll
0x0000000064500000 - 0x00000000645a2000 	S:\Users\Ben\AppData\Local\Temp\jogamp_0000\file_cache\jln3899027570676700270\jln6178276177414097562\jogl_desktop.dll
0x00007ff97d720000 - 0x00007ff97d738000 	C:\WINDOWS\SYSTEM32\atig6pxx.dll
0x0000000074200000 - 0x0000000075daf000 	C:\WINDOWS\SYSTEM32\atio6axx.dll
0x00007ff98bcf0000 - 0x00007ff98beca000 	C:\WINDOWS\system32\SETUPAPI.dll
0x00007ff986120000 - 0x00007ff986257000 	C:\WINDOWS\SYSTEM32\atiadlxx.dll
0x00007ff986710000 - 0x00007ff98688f000 	C:\WINDOWS\SYSTEM32\PROPSYS.dll
0x00007ff988080000 - 0x00007ff988092000 	C:\WINDOWS\SYSTEM32\WTSAPI32.dll
0x00007ff9898f0000 - 0x00007ff989941000 	C:\WINDOWS\system32\WINTRUST.dll
0x00007ff989540000 - 0x00007ff98971f000 	C:\WINDOWS\system32\CRYPT32.dll
0x00007ff989520000 - 0x00007ff989531000 	C:\WINDOWS\system32\MSASN1.dll
0x00007ff973720000 - 0x00007ff973749000 	C:\WINDOWS\SYSTEM32\atig6txx.dll
0x00007ff95c1a0000 - 0x00007ff95c33c000 	O:\OneDrive\Workspace\ZZavatar\lib\user\KinectPV2\Kinect20.Face.dll
0x00007ff97c900000 - 0x00007ff97c9a7000 	C:\WINDOWS\SYSTEM32\MSVCP110.dll
0x00007ff981bc0000 - 0x00007ff981c8e000 	C:\WINDOWS\SYSTEM32\MSVCR110.dll
0x00007ff980280000 - 0x00007ff980290000 	O:\OneDrive\Workspace\ZZavatar\lib\user\KinectPV2\KinectPV2.dll
0x00007ff960560000 - 0x00007ff96061a000 	C:\WINDOWS\SYSTEM32\Kinect20.dll
0x00007ff97ca30000 - 0x00007ff97cb1b000 	C:\WINDOWS\SYSTEM32\MFPlat.DLL
0x00007ff97c8a0000 - 0x00007ff97c8c7000 	C:\WINDOWS\SYSTEM32\RTWorkQ.DLL
0x00007ff987050000 - 0x00007ff98705c000 	C:\WINDOWS\SYSTEM32\AVRT.dll
0x00007ff963e10000 - 0x00007ff963f9a000 	C:\WINDOWS\SYSTEM32\dbghelp.dll

VM Arguments:
jvm_args: -Djava.library.path=O:\OneDrive\Workspace\ZZavatar\lib\base\video;O:\OneDrive\Workspace\ZZavatar\lib\base\video;O:\OneDrive\Workspace\ZZavatar\lib\base\video;O:\OneDrive\Workspace\ZZavatar\lib\base\core;O:\OneDrive\Workspace\ZZavatar\lib\base\core;O:\OneDrive\Workspace\ZZavatar\lib\base\core;O:\OneDrive\Workspace\ZZavatar\lib\base\core;O:\OneDrive\Workspace\ZZavatar\lib\base\core;O:\OneDrive\Workspace\ZZavatar\lib\base\core;O:\OneDrive\Workspace\ZZavatar\lib\base\core;O:\OneDrive\Workspace\ZZavatar\lib\base\core;O:\OneDrive\Workspace\ZZavatar\lib\base\core;O:\OneDrive\Workspace\ZZavatar\lib\base\core;O:\OneDrive\Workspace\ZZavatar\lib\base\core;O:\OneDrive\Workspace\ZZavatar\lib\base\core;O:\OneDrive\Workspace\ZZavatar\lib\base\core;O:\OneDrive\Workspace\ZZavatar\lib\base\core;O:\OneDrive\Workspace\ZZavatar\lib\base\core;O:\OneDrive\Workspace\ZZavatar\lib\user\Kinect4WinSDK;O:\OneDrive\Workspace\ZZavatar\lib\user\KinectPV2;O:\OneDrive\Workspace\ZZavatar\lib\user\SimpleOpenNI -Dfile.encoding=Cp1252 
java_command: zzavatar.ZZavatar
java_class_path (initial): O:\OneDrive\Workspace\ZZavatar\lib\base\video\gstreamer-java.jar;O:\OneDrive\Workspace\ZZavatar\lib\base\video\jna.jar;O:\OneDrive\Workspace\ZZavatar\lib\base\video\video.jar;O:\OneDrive\Workspace\ZZavatar\lib\base\core\core.jar;O:\OneDrive\Workspace\ZZavatar\lib\base\core\gluegen-rt-natives-linux-amd64.jar;O:\OneDrive\Workspace\ZZavatar\lib\base\core\gluegen-rt-natives-linux-armv6hf.jar;O:\OneDrive\Workspace\ZZavatar\lib\base\core\gluegen-rt-natives-linux-i586.jar;O:\OneDrive\Workspace\ZZavatar\lib\base\core\gluegen-rt-natives-macosx-universal.jar;O:\OneDrive\Workspace\ZZavatar\lib\base\core\gluegen-rt-natives-windows-amd64.jar;O:\OneDrive\Workspace\ZZavatar\lib\base\core\gluegen-rt-natives-windows-i586.jar;O:\OneDrive\Workspace\ZZavatar\lib\base\core\gluegen-rt.jar;O:\OneDrive\Workspace\ZZavatar\lib\base\core\jogl-all-natives-linux-amd64.jar;O:\OneDrive\Workspace\ZZavatar\lib\base\core\jogl-all-natives-linux-armv6hf.jar;O:\OneDrive\Workspace\ZZavatar\lib\base\core\jogl-all-natives-linux-i586.jar;O:\OneDrive\Workspace\ZZavatar\lib\base\core\jogl-all-natives-macosx-universal.jar;O:\OneDrive\Workspace\ZZavatar\lib\base\core\jogl-all-natives-windows-amd64.jar;O:\OneDrive\Workspace\ZZavatar\lib\base\core\jogl-all-natives-windows-i586.jar;O:\OneDrive\Workspace\ZZavatar\lib\base\core\jogl-all.jar;O:\OneDrive\Workspace\ZZavatar\lib\user\Kinect4WinSDK\Kinect4WinSDK.jar;O:\OneDrive\Workspace\ZZavatar\lib\user\KinectPV2\KinectPV2.jar;O:\OneDrive\Workspace\ZZavatar\lib\user\SimpleOpenNI\SimpleOpenNI.jar;O:\OneDrive\Workspace\ZZavatar\bin
Launcher Type: SUN_STANDARD

Environment Variables:
JAVA_HOME=C:\Program Files\Java\jdk1.8.0_25
PATH=C:/Program Files/Java/jre1.8.0_25/bin/server;C:/Program Files/Java/jre1.8.0_25/bin;C:/Program Files/Java/jre1.8.0_25/lib/amd64;C:\Program Files (x86)\NVIDIA Corporation\PhysX\Common;C:\ProgramData\Oracle\Java\javapath;C:\Program Files (x86)\Common Files\Intel\Shared Libraries\redist\intel64\compiler;C:\Program Files (x86)\Common Files\Intel\Shared Libraries\redist\ia32\compiler;C:\Program Files (x86)\Intel\iCLS Client\;C:\Program Files\Intel\iCLS Client\;C:\Program Files (x86)\AMD APP\bin\x86_64;C:\Program Files (x86)\AMD APP\bin\x86;C:\WINDOWS\system32;C:\WINDOWS;C:\WINDOWS\System32\Wbem;C:\WINDOWS\System32\WindowsPowerShell\v1.0\;C:\Program Files (x86)\ATI Technologies\ATI.ACE\Core-Static;C:\Program Files\Intel\Intel(R) Management Engine Components\DAL;C:\Program Files\Intel\Intel(R) Management Engine Components\IPT;C:\Program Files (x86)\Intel\Intel(R) Management Engine Components\DAL;C:\Program Files (x86)\Intel\Intel(R) Management Engine Components\IPT;C:\Program Files\Sony\VAIO Improvement\;C:\Program Files (x86)\Sony\VAIO Startup Setting Tool;C:\Program Files (x86)\Windows Kits\8.1\Windows Performance Toolkit\;C:\Program Files\Microsoft SQL Server\110\Tools\Binn\;C:\Program Files (x86)\Microsoft SDKs\TypeScript\1.0\;C:\Program Files\Microsoft\Web Platform Installer\;C:\Program Files (x86)\Java\jre1.8.0_25\bin;P:\Programs\Python27\Scripts;P:\Programs\Python27;C:\Program Files\Common Files\Autodesk Shared\;P:\Program Files\Programs;P:\Program Files\Games;P:\Programs\Eclipse;
USERNAME=Benoît
OS=Windows_NT
PROCESSOR_IDENTIFIER=Intel64 Family 6 Model 58 Stepping 9, GenuineIntel



---------------  S Y S T E M  ---------------

OS: Windows 8.1 , 64 bit Build 9600 

CPU:total 8 (4 cores per cpu, 2 threads per core) family 6 model 58 stepping 9, cmov, cx8, fxsr, mmx, sse, sse2, sse3, ssse3, sse4.1, sse4.2, popcnt, avx, aes, clmul, erms, ht, tsc, tscinvbit, tscinv

Memory: 4k page, physical 6237468k(2119376k free), swap 10431772k(4253052k free)

vm_info: Java HotSpot(TM) 64-Bit Server VM (25.25-b02) for windows-amd64 JRE (1.8.0_25-b18), built on Oct  7 2014 14:25:37 by "java_re" with MS VC++ 10.0 (VS2010)

time: Fri Apr 24 19:30:01 2015
elapsed time: 10 seconds (0d 0h 0m 10s)

