#
# A fatal error has been detected by the Java Runtime Environment:
#
#  EXCEPTION_ACCESS_VIOLATION (0xc0000005) at pc=0x00007ffedc7f4113, pid=3464, tid=1928
#
# JRE version: Java(TM) SE Runtime Environment (8.0_25-b18) (build 1.8.0_25-b18)
# Java VM: Java HotSpot(TM) 64-Bit Server VM (25.25-b02 mixed mode windows-amd64 compressed oops)
# Problematic frame:
# C  [KinectPV2.dll+0x4113]
#
# Failed to write core dump. Minidumps are not enabled by default on client versions of Windows
#
# If you would like to submit a bug report, please visit:
#   http://bugreport.sun.com/bugreport/crash.jsp
# The crash happened outside the Java Virtual Machine in native code.
# See problematic frame for where to report the bug.
#

---------------  T H R E A D  ---------------

Current thread (0x00000000196cb800):  JavaThread "Animation Thread" [_thread_in_native, id=1928, stack(0x000000001c6c0000,0x000000001c7c0000)]

siginfo: ExceptionCode=0xc0000005, reading address 0xffffffffffffffff

Registers:
RAX=0x74000138a9f93d80, RBX=0x000000002dd29040, RCX=0x0000000067fa9670, RDX=0x0000000000000000
RSP=0x000000001c7be9f0, RBP=0x0000000000000006, RSI=0x0000000000000000, RDI=0x000000001f57bae8
R8 =0x000000001c7be6b8, R9 =0x0000000000008000, R10=0x0000000000000000, R11=0x000000001c7be8f0
R12=0x0000000000000000, R13=0x000000001f94d0b8, R14=0x0000000000000000, R15=0x00000000196cb800
RIP=0x00007ffedc7f4113, EFLAGS=0x0000000000010202

Top of Stack: (sp=0x000000001c7be9f0)
0x000000001c7be9f0:   000000001f57bab8 000000001f4c3498
0x000000001c7bea00:   000000001f57bab8 0000000000000000
0x000000001c7bea10:   000000001c7beae0 00007ffedc7f1fba
0x000000001c7bea20:   000000001c7beae0 000000001c7beac0
0x000000001c7bea30:   00000000196cb9e8 00000000196a2060
0x000000001c7bea40:   00000000a3b36808 0000000002695b74
0x000000001c7bea50:   000000001f94d0b8 0000000000000021
0x000000001c7bea60:   0000000000000021 00000000196cb800
0x000000001c7bea70:   000000001c7beb38 00000000026958a2
0x000000001c7bea80:   000000001c7bea80 000000001f94d0b8
0x000000001c7bea90:   000000001c7beae0 000000001f94e048
0x000000001c7beaa0:   0000000000000000 000000001f94d0b8
0x000000001c7beab0:   0000000000000000 000000001c7beae0
0x000000001c7beac0:   000000001c7beb28 0000000002687a2d
0x000000001c7bead0:   0000000000000000 000000000268f6b8
0x000000001c7beae0:   00000000a3857f40 000000001c7beae8 

Instructions: (pc=0x00007ffedc7f4113)
0x00007ffedc7f40f3:   48 8b 0f 48 85 c9 74 09 48 8b 01 ff 50 10 4c 89
0x00007ffedc7f4103:   37 48 8b 8f 90 00 00 00 48 85 c9 74 0d 48 8b 01
0x00007ffedc7f4113:   ff 50 10 4c 89 b7 90 00 00 00 48 8b 4f 30 48 85
0x00007ffedc7f4123:   c9 74 0a 48 8b 01 ff 50 10 4c 89 77 30 48 8b 4f 


Register to memory mapping:

RAX=0x74000138a9f93d80 is an unknown value
RBX=0x000000002dd29040 is an unknown value
RCX=0x0000000067fa9670 is an unknown value
RDX=0x0000000000000000 is an unknown value
RSP=0x000000001c7be9f0 is pointing into the stack for thread: 0x00000000196cb800
RBP=0x0000000000000006 is an unknown value
RSI=0x0000000000000000 is an unknown value
RDI=0x000000001f57bae8 is an unknown value
R8 =0x000000001c7be6b8 is pointing into the stack for thread: 0x00000000196cb800
R9 =0x0000000000008000 is an unknown value
R10=0x0000000000000000 is an unknown value
R11=0x000000001c7be8f0 is pointing into the stack for thread: 0x00000000196cb800
R12=0x0000000000000000 is an unknown value
R13={method} {0x000000001f94d0c0} 'jniStopDevice' '()V' in 'KinectPV2/Device'
R14=0x0000000000000000 is an unknown value
R15=0x00000000196cb800 is a thread


Stack: [0x000000001c6c0000,0x000000001c7c0000],  sp=0x000000001c7be9f0,  free space=1018k
Native frames: (J=compiled Java code, j=interpreted, Vv=VM code, C=native code)
C  [KinectPV2.dll+0x4113]
C  [KinectPV2.dll+0x1fba]
C  0x0000000002695b74

Java frames: (J=compiled Java code, j=interpreted, Vv=VM code)
j  KinectPV2.Device.jniStopDevice()V+0
j  KinectPV2.Device.stopDevice()V+41
j  KinectPV2.KinectPV2.dispose()V+14
v  ~StubRoutines::call_stub
j  sun.reflect.NativeMethodAccessorImpl.invoke0(Ljava/lang/reflect/Method;Ljava/lang/Object;[Ljava/lang/Object;)Ljava/lang/Object;+0
j  sun.reflect.NativeMethodAccessorImpl.invoke(Ljava/lang/Object;[Ljava/lang/Object;)Ljava/lang/Object;+100
J 1767 C1 sun.reflect.DelegatingMethodAccessorImpl.invoke(Ljava/lang/Object;[Ljava/lang/Object;)Ljava/lang/Object; (10 bytes) @ 0x0000000002d06fc4 [0x0000000002d06ec0+0x104]
J 1766 C1 java.lang.reflect.Method.invoke(Ljava/lang/Object;[Ljava/lang/Object;)Ljava/lang/Object; (62 bytes) @ 0x0000000002cfeda4 [0x0000000002cfe9c0+0x3e4]
j  processing.core.PApplet$RegisteredMethods.handle([Ljava/lang/Object;)V+18
J 1626 C1 processing.core.PApplet.handleMethods(Ljava/lang/String;)V (21 bytes) @ 0x0000000002cb57dc [0x0000000002cb5520+0x2bc]
j  processing.core.PApplet.dispose()V+35
j  processing.core.PApplet.run()V+283
j  java.lang.Thread.run()V+11
v  ~StubRoutines::call_stub

---------------  P R O C E S S  ---------------

Java Threads: ( => current thread )
  0x00000000199e6800 JavaThread "Animation Thread-SharedResourceRunner" daemon [_thread_blocked, id=1496, stack(0x000000001e990000,0x000000001ea90000)]
  0x0000000000bfe800 JavaThread "DestroyJavaVM" [_thread_blocked, id=7404, stack(0x0000000002380000,0x0000000002480000)]
  0x00000000196d2800 JavaThread "D3D Screen Updater" daemon [_thread_blocked, id=9268, stack(0x000000001c9c0000,0x000000001cac0000)]
=>0x00000000196cb800 JavaThread "Animation Thread" [_thread_in_native, id=1928, stack(0x000000001c6c0000,0x000000001c7c0000)]
  0x000000001963b000 JavaThread "AWT-EventQueue-0" [_thread_blocked, id=2004, stack(0x000000001c4c0000,0x000000001c5c0000)]
  0x0000000019605800 JavaThread "AWT-Windows" daemon [_thread_in_native, id=1040, stack(0x0000000019f10000,0x000000001a010000)]
  0x0000000019605000 JavaThread "AWT-Shutdown" [_thread_blocked, id=4952, stack(0x0000000019e10000,0x0000000019f10000)]
  0x00000000187ae000 JavaThread "Java2D Disposer" daemon [_thread_blocked, id=1124, stack(0x0000000019d10000,0x0000000019e10000)]
  0x000000001845e000 JavaThread "Service Thread" daemon [_thread_blocked, id=8200, stack(0x0000000018db0000,0x0000000018eb0000)]
  0x00000000183e7800 JavaThread "C1 CompilerThread3" daemon [_thread_blocked, id=8936, stack(0x0000000018cb0000,0x0000000018db0000)]
  0x00000000183e7000 JavaThread "C2 CompilerThread2" daemon [_thread_blocked, id=6260, stack(0x0000000018bb0000,0x0000000018cb0000)]
  0x00000000183de800 JavaThread "C2 CompilerThread1" daemon [_thread_blocked, id=4764, stack(0x0000000018ab0000,0x0000000018bb0000)]
  0x00000000183d9800 JavaThread "C2 CompilerThread0" daemon [_thread_blocked, id=8100, stack(0x00000000189b0000,0x0000000018ab0000)]
  0x00000000183d7000 JavaThread "Attach Listener" daemon [_thread_blocked, id=8356, stack(0x00000000188b0000,0x00000000189b0000)]
  0x00000000183d6000 JavaThread "Signal Dispatcher" daemon [_thread_blocked, id=9652, stack(0x00000000187b0000,0x00000000188b0000)]
  0x0000000002678800 JavaThread "Finalizer" daemon [_thread_blocked, id=9668, stack(0x00000000182b0000,0x00000000183b0000)]
  0x00000000163cc800 JavaThread "Reference Handler" daemon [_thread_blocked, id=10188, stack(0x00000000181b0000,0x00000000182b0000)]

Other Threads:
  0x00000000163c8800 VMThread [stack: 0x00000000180b0000,0x00000000181b0000] [id=9920]
  0x0000000018460000 WatcherThread [stack: 0x0000000018eb0000,0x0000000018fb0000] [id=6512]

VM state:not at safepoint (normal execution)

VM Mutex/Monitor currently owned by a thread: None

Heap:
 PSYoungGen      total 311296K, used 117832K [0x00000000e0400000, 0x00000000f5d80000, 0x0000000100000000)
  eden space 271360K, 40% used [0x00000000e0400000,0x00000000e6e252e8,0x00000000f0d00000)
  from space 39936K, 22% used [0x00000000f0d00000,0x00000000f15ed020,0x00000000f3400000)
  to   space 38912K, 0% used [0x00000000f3780000,0x00000000f3780000,0x00000000f5d80000)
 ParOldGen       total 235520K, used 154173K [0x00000000a0c00000, 0x00000000af200000, 0x00000000e0400000)
  object space 235520K, 65% used [0x00000000a0c00000,0x00000000aa28f5d8,0x00000000af200000)
 Metaspace       used 17951K, capacity 18121K, committed 18176K, reserved 1064960K
  class space    used 1721K, capacity 1761K, committed 1792K, reserved 1048576K

Card table byte_map: [0x0000000011a40000,0x0000000011d40000] byte_map_base: 0x000000001153a000

Marking Bits: (ParMarkBitMap*) 0x000000006ab8d490
 Begin Bits: [0x0000000012740000, 0x0000000013f10000)
 End Bits:   [0x0000000013f10000, 0x00000000156e0000)

Polling page: 0x0000000000a80000

CodeCache: size=245760Kb used=8162Kb max_used=8172Kb free=237598Kb
 bounds [0x0000000002680000, 0x0000000002e90000, 0x0000000011680000]
 total_blobs=3036 nmethods=2165 adapters=785
 compilation: enabled

Compilation events (10 events):
Event: 13.464 Thread 0x00000000183e7000 2162       4       processing.opengl.PGraphicsOpenGL$InGeometry::addVertex (360 bytes)
Event: 13.476 Thread 0x00000000183e7000 nmethod 2162 0x0000000002e78bd0 code [0x0000000002e78de0, 0x0000000002e79908]
Event: 13.530 Thread 0x00000000183e7800 2163       3       processing.opengl.PGraphicsOpenGL::createPolyBuffers (479 bytes)
Event: 13.532 Thread 0x00000000183e7800 nmethod 2163 0x0000000002e7ba10 code [0x0000000002e7bd80, 0x0000000002e7d708]
Event: 13.532 Thread 0x00000000183e7800 2164       3       processing.opengl.PGraphicsOpenGL$TessGeometry::updatePolyNormalsBuffer (18 bytes)
Event: 13.533 Thread 0x00000000183e7800 nmethod 2164 0x0000000002e7b650 code [0x0000000002e7b7c0, 0x0000000002e7b968]
Event: 13.731 Thread 0x00000000183de800 2165       4       java.lang.AbstractStringBuilder::expandCapacity (50 bytes)
Event: 13.733 Thread 0x00000000183de800 nmethod 2165 0x0000000002e7b150 code [0x0000000002e7b2a0, 0x0000000002e7b518]
Event: 14.048 Thread 0x00000000183e7800 2166       3       java.util.Stack::push (7 bytes)
Event: 14.048 Thread 0x00000000183e7800 nmethod 2166 0x0000000002e7ad10 code [0x0000000002e7ae80, 0x0000000002e7b0a8]

GC Heap History (10 events):
Event: 10.794 GC heap before
{Heap before GC invocations=24 (full 3):
 PSYoungGen      total 302080K, used 265207K [0x00000000e0400000, 0x00000000f5d00000, 0x0000000100000000)
  eden space 258048K, 99% used [0x00000000e0400000,0x00000000efe08f88,0x00000000f0000000)
  from space 44032K, 20% used [0x00000000f3200000,0x00000000f3af5020,0x00000000f5d00000)
  to   space 47616K, 0% used [0x00000000f0000000,0x00000000f0000000,0x00000000f2e80000)
 ParOldGen       total 235520K, used 154149K [0x00000000a0c00000, 0x00000000af200000, 0x00000000e0400000)
  object space 235520K, 65% used [0x00000000a0c00000,0x00000000aa2895d8,0x00000000af200000)
 Metaspace       used 17879K, capacity 18057K, committed 18176K, reserved 1064960K
  class space    used 1721K, capacity 1761K, committed 1792K, reserved 1048576K
Event: 10.797 GC heap after
Heap after GC invocations=24 (full 3):
 PSYoungGen      total 305664K, used 9108K [0x00000000e0400000, 0x00000000f6100000, 0x0000000100000000)
  eden space 258048K, 0% used [0x00000000e0400000,0x00000000e0400000,0x00000000f0000000)
  from space 47616K, 19% used [0x00000000f0000000,0x00000000f08e5020,0x00000000f2e80000)
  to   space 45568K, 0% used [0x00000000f3480000,0x00000000f3480000,0x00000000f6100000)
 ParOldGen       total 235520K, used 154157K [0x00000000a0c00000, 0x00000000af200000, 0x00000000e0400000)
  object space 235520K, 65% used [0x00000000a0c00000,0x00000000aa28b5d8,0x00000000af200000)
 Metaspace       used 17879K, capacity 18057K, committed 18176K, reserved 1064960K
  class space    used 1721K, capacity 1761K, committed 1792K, reserved 1048576K
}
Event: 11.662 GC heap before
{Heap before GC invocations=25 (full 3):
 PSYoungGen      total 305664K, used 265129K [0x00000000e0400000, 0x00000000f6100000, 0x0000000100000000)
  eden space 258048K, 99% used [0x00000000e0400000,0x00000000efe057b8,0x00000000f0000000)
  from space 47616K, 19% used [0x00000000f0000000,0x00000000f08e5020,0x00000000f2e80000)
  to   space 45568K, 0% used [0x00000000f3480000,0x00000000f3480000,0x00000000f6100000)
 ParOldGen       total 235520K, used 154157K [0x00000000a0c00000, 0x00000000af200000, 0x00000000e0400000)
  object space 235520K, 65% used [0x00000000a0c00000,0x00000000aa28b5d8,0x00000000af200000)
 Metaspace       used 17889K, capacity 18057K, committed 18176K, reserved 1064960K
  class space    used 1721K, capacity 1761K, committed 1792K, reserved 1048576K
Event: 11.665 GC heap after
Heap after GC invocations=25 (full 3):
 PSYoungGen      total 304640K, used 9172K [0x00000000e0400000, 0x00000000f5b80000, 0x0000000100000000)
  eden space 264704K, 0% used [0x00000000e0400000,0x00000000e0400000,0x00000000f0680000)
  from space 39936K, 22% used [0x00000000f3480000,0x00000000f3d75020,0x00000000f5b80000)
  to   space 43520K, 0% used [0x00000000f0680000,0x00000000f0680000,0x00000000f3100000)
 ParOldGen       total 235520K, used 154157K [0x00000000a0c00000, 0x00000000af200000, 0x00000000e0400000)
  object space 235520K, 65% used [0x00000000a0c00000,0x00000000aa28b5d8,0x00000000af200000)
 Metaspace       used 17889K, capacity 18057K, committed 18176K, reserved 1064960K
  class space    used 1721K, capacity 1761K, committed 1792K, reserved 1048576K
}
Event: 12.532 GC heap before
{Heap before GC invocations=26 (full 3):
 PSYoungGen      total 304640K, used 273876K [0x00000000e0400000, 0x00000000f5b80000, 0x0000000100000000)
  eden space 264704K, 100% used [0x00000000e0400000,0x00000000f0680000,0x00000000f0680000)
  from space 39936K, 22% used [0x00000000f3480000,0x00000000f3d75020,0x00000000f5b80000)
  to   space 43520K, 0% used [0x00000000f0680000,0x00000000f0680000,0x00000000f3100000)
 ParOldGen       total 235520K, used 154157K [0x00000000a0c00000, 0x00000000af200000, 0x00000000e0400000)
  object space 235520K, 65% used [0x00000000a0c00000,0x00000000aa28b5d8,0x00000000af200000)
 Metaspace       used 17891K, capacity 18057K, committed 18176K, reserved 1064960K
  class space    used 1721K, capacity 1761K, committed 1792K, reserved 1048576K
Event: 12.539 GC heap after
Heap after GC invocations=26 (full 3):
 PSYoungGen      total 308224K, used 18120K [0x00000000e0400000, 0x00000000f5f00000, 0x0000000100000000)
  eden space 264704K, 0% used [0x00000000e0400000,0x00000000e0400000,0x00000000f0680000)
  from space 43520K, 41% used [0x00000000f0680000,0x00000000f1832040,0x00000000f3100000)
  to   space 41984K, 0% used [0x00000000f3600000,0x00000000f3600000,0x00000000f5f00000)
 ParOldGen       total 235520K, used 154157K [0x00000000a0c00000, 0x00000000af200000, 0x00000000e0400000)
  object space 235520K, 65% used [0x00000000a0c00000,0x00000000aa28b5d8,0x00000000af200000)
 Metaspace       used 17891K, capacity 18057K, committed 18176K, reserved 1064960K
  class space    used 1721K, capacity 1761K, committed 1792K, reserved 1048576K
}
Event: 13.432 GC heap before
{Heap before GC invocations=27 (full 3):
 PSYoungGen      total 308224K, used 282666K [0x00000000e0400000, 0x00000000f5f00000, 0x0000000100000000)
  eden space 264704K, 99% used [0x00000000e0400000,0x00000000f06588e8,0x00000000f0680000)
  from space 43520K, 41% used [0x00000000f0680000,0x00000000f1832040,0x00000000f3100000)
  to   space 41984K, 0% used [0x00000000f3600000,0x00000000f3600000,0x00000000f5f00000)
 ParOldGen       total 235520K, used 154157K [0x00000000a0c00000, 0x00000000af200000, 0x00000000e0400000)
  object space 235520K, 65% used [0x00000000a0c00000,0x00000000aa28b5d8,0x00000000af200000)
 Metaspace       used 17949K, capacity 18121K, committed 18176K, reserved 1064960K
  class space    used 1721K, capacity 1761K, committed 1792K, reserved 1048576K
Event: 13.440 GC heap after
Heap after GC invocations=27 (full 3):
 PSYoungGen      total 309248K, used 17240K [0x00000000e0400000, 0x00000000f5b00000, 0x0000000100000000)
  eden space 271360K, 0% used [0x00000000e0400000,0x00000000e0400000,0x00000000f0d00000)
  from space 37888K, 45% used [0x00000000f3600000,0x00000000f46d6030,0x00000000f5b00000)
  to   space 39936K, 0% used [0x00000000f0d00000,0x00000000f0d00000,0x00000000f3400000)
 ParOldGen       total 235520K, used 154165K [0x00000000a0c00000, 0x00000000af200000, 0x00000000e0400000)
  object space 235520K, 65% used [0x00000000a0c00000,0x00000000aa28d5d8,0x00000000af200000)
 Metaspace       used 17949K, capacity 18121K, committed 18176K, reserved 1064960K
  class space    used 1721K, capacity 1761K, committed 1792K, reserved 1048576K
}
Event: 14.362 GC heap before
{Heap before GC invocations=28 (full 3):
 PSYoungGen      total 309248K, used 284186K [0x00000000e0400000, 0x00000000f5b00000, 0x0000000100000000)
  eden space 271360K, 98% used [0x00000000e0400000,0x00000000f08b0828,0x00000000f0d00000)
  from space 37888K, 45% used [0x00000000f3600000,0x00000000f46d6030,0x00000000f5b00000)
  to   space 39936K, 0% used [0x00000000f0d00000,0x00000000f0d00000,0x00000000f3400000)
 ParOldGen       total 235520K, used 154165K [0x00000000a0c00000, 0x00000000af200000, 0x00000000e0400000)
  object space 235520K, 65% used [0x00000000a0c00000,0x00000000aa28d5d8,0x00000000af200000)
 Metaspace       used 17950K, capacity 18121K, committed 18176K, reserved 1064960K
  class space    used 1721K, capacity 1761K, committed 1792K, reserved 1048576K
Event: 14.364 GC heap after
Heap after GC invocations=28 (full 3):
 PSYoungGen      total 311296K, used 9140K [0x00000000e0400000, 0x00000000f5d80000, 0x0000000100000000)
  eden space 271360K, 0% used [0x00000000e0400000,0x00000000e0400000,0x00000000f0d00000)
  from space 39936K, 22% used [0x00000000f0d00000,0x00000000f15ed020,0x00000000f3400000)
  to   space 38912K, 0% used [0x00000000f3780000,0x00000000f3780000,0x00000000f5d80000)
 ParOldGen       total 235520K, used 154173K [0x00000000a0c00000, 0x00000000af200000, 0x00000000e0400000)
  object space 235520K, 65% used [0x00000000a0c00000,0x00000000aa28f5d8,0x00000000af200000)
 Metaspace       used 17950K, capacity 18121K, committed 18176K, reserved 1064960K
  class space    used 1721K, capacity 1761K, committed 1792K, reserved 1048576K
}

Deoptimization events (10 events):
Event: 2.581 Thread 0x000000001963b000 Uncommon trap: reason=class_check action=maybe_recompile pc=0x000000000298f940 method=com.jogamp.common.nio.Buffers.isDirect(Ljava/lang/Object;)Z @ 13
Event: 2.581 Thread 0x000000001963b000 Uncommon trap: reason=class_check action=maybe_recompile pc=0x000000000298cc44 method=com.jogamp.common.nio.Buffers.getDirectBufferByteOffset(Ljava/lang/Object;)I @ 7
Event: 2.581 Thread 0x000000001963b000 Uncommon trap: reason=class_check action=maybe_recompile pc=0x000000000298f940 method=com.jogamp.common.nio.Buffers.isDirect(Ljava/lang/Object;)Z @ 13
Event: 2.581 Thread 0x000000001963b000 Uncommon trap: reason=class_check action=maybe_recompile pc=0x000000000298cc44 method=com.jogamp.common.nio.Buffers.getDirectBufferByteOffset(Ljava/lang/Object;)I @ 7
Event: 2.582 Thread 0x000000001963b000 Uncommon trap: reason=predicate action=maybe_recompile pc=0x0000000002a77a84 method=java.util.ArrayList.indexOf(Ljava/lang/Object;)I @ 44
Event: 2.614 Thread 0x000000001963b000 Uncommon trap: reason=class_check action=maybe_recompile pc=0x000000000298f940 method=com.jogamp.common.nio.Buffers.isDirect(Ljava/lang/Object;)Z @ 13
Event: 2.614 Thread 0x000000001963b000 Uncommon trap: reason=class_check action=maybe_recompile pc=0x000000000298cc44 method=com.jogamp.common.nio.Buffers.getDirectBufferByteOffset(Ljava/lang/Object;)I @ 7
Event: 3.151 Thread 0x000000001963b000 Uncommon trap: reason=unreached action=reinterpret pc=0x0000000002a84380 method=processing.opengl.PGraphicsOpenGL$InGeometry.addVertex(FFFIFFFFFIFIIIFIZ)I @ 218
Event: 3.647 Thread 0x000000001963b000 Uncommon trap: reason=unreached action=reinterpret pc=0x0000000002943f30 method=java.lang.reflect.AccessibleObject.setAccessible0(Ljava/lang/reflect/AccessibleObject;Z)V @ 4
Event: 14.696 Thread 0x00000000196cb800 Uncommon trap: reason=unreached action=reinterpret pc=0x0000000002d11298 method=java.util.HashMap.keySet()Ljava/util/Set; @ 6

Internal exceptions (10 events):
Event: 3.001 Thread 0x000000001963b000 Exception <a 'java/security/PrivilegedActionException'> (0x00000000e34a71e8) thrown at [D:\re\workspace\8-2-build-windows-amd64-cygwin\jdk8u25\1677\hotspot\src\share\vm\prims\jvm.cpp, line 1312]
Event: 3.001 Thread 0x000000001963b000 Exception <a 'java/security/PrivilegedActionException'> (0x00000000e34ab0a8) thrown at [D:\re\workspace\8-2-build-windows-amd64-cygwin\jdk8u25\1677\hotspot\src\share\vm\prims\jvm.cpp, line 1312]
Event: 3.001 Thread 0x000000001963b000 Exception <a 'java/security/PrivilegedActionException'> (0x00000000e34af4b0) thrown at [D:\re\workspace\8-2-build-windows-amd64-cygwin\jdk8u25\1677\hotspot\src\share\vm\prims\jvm.cpp, line 1312]
Event: 3.001 Thread 0x000000001963b000 Exception <a 'java/security/PrivilegedActionException'> (0x00000000e34b3898) thrown at [D:\re\workspace\8-2-build-windows-amd64-cygwin\jdk8u25\1677\hotspot\src\share\vm\prims\jvm.cpp, line 1312]
Event: 3.001 Thread 0x000000001963b000 Exception <a 'java/security/PrivilegedActionException'> (0x00000000e34b73f0) thrown at [D:\re\workspace\8-2-build-windows-amd64-cygwin\jdk8u25\1677\hotspot\src\share\vm\prims\jvm.cpp, line 1312]
Event: 3.002 Thread 0x000000001963b000 Exception <a 'java/security/PrivilegedActionException'> (0x00000000e34bbbf0) thrown at [D:\re\workspace\8-2-build-windows-amd64-cygwin\jdk8u25\1677\hotspot\src\share\vm\prims\jvm.cpp, line 1312]
Event: 3.002 Thread 0x000000001963b000 Exception <a 'java/security/PrivilegedActionException'> (0x00000000e34bf328) thrown at [D:\re\workspace\8-2-build-windows-amd64-cygwin\jdk8u25\1677\hotspot\src\share\vm\prims\jvm.cpp, line 1312]
Event: 3.002 Thread 0x000000001963b000 Exception <a 'java/security/PrivilegedActionException'> (0x00000000e34c3270) thrown at [D:\re\workspace\8-2-build-windows-amd64-cygwin\jdk8u25\1677\hotspot\src\share\vm\prims\jvm.cpp, line 1312]
Event: 3.003 Thread 0x000000001963b000 Exception <a 'java/security/PrivilegedActionException'> (0x00000000e34c9180) thrown at [D:\re\workspace\8-2-build-windows-amd64-cygwin\jdk8u25\1677\hotspot\src\share\vm\prims\jvm.cpp, line 1312]
Event: 3.015 Thread 0x000000001963b000 Exception <a 'java/security/PrivilegedActionException'> (0x00000000e379c4d0) thrown at [D:\re\workspace\8-2-build-windows-amd64-cygwin\jdk8u25\1677\hotspot\src\share\vm\prims\jvm.cpp, line 1312]

Events (10 events):
Event: 12.532 Executing VM operation: ParallelGCFailedAllocation
Event: 12.539 Executing VM operation: ParallelGCFailedAllocation done
Event: 13.432 Executing VM operation: ParallelGCFailedAllocation
Event: 13.440 Executing VM operation: ParallelGCFailedAllocation done
Event: 14.361 Executing VM operation: ParallelGCFailedAllocation
Event: 14.364 Executing VM operation: ParallelGCFailedAllocation done
Event: 14.696 Thread 0x00000000196cb800 Uncommon trap: trap_request=0xffffffad fr.pc=0x0000000002d11298
Event: 14.696 Thread 0x00000000196cb800 DEOPT PACKING pc=0x0000000002d11298 sp=0x000000001c7bf320
Event: 14.696 Thread 0x00000000196cb800 DEOPT UNPACKING pc=0x00000000026c556a sp=0x000000001c7bf2b8 mode 2
Event: 14.700 Thread 0x00000000198c8800 Thread exited: 0x00000000198c8800


Dynamic libraries:
0x00007ff745f80000 - 0x00007ff745fb4000 	C:\Program Files\Java\jre1.8.0_25\bin\javaw.exe
0x00007ffee8210000 - 0x00007ffee83bc000 	C:\WINDOWS\SYSTEM32\ntdll.dll
0x00007ffee60e0000 - 0x00007ffee621e000 	C:\WINDOWS\system32\KERNEL32.DLL
0x00007ffee54e0000 - 0x00007ffee55f5000 	C:\WINDOWS\system32\KERNELBASE.dll
0x00007ffee3ee0000 - 0x00007ffee3f6e000 	C:\WINDOWS\system32\apphelp.dll
0x00007ffecebf0000 - 0x00007ffecec43000 	C:\WINDOWS\AppPatch\AppPatch64\AcGenral.DLL
0x00007ffee6010000 - 0x00007ffee60ba000 	C:\WINDOWS\system32\msvcrt.dll
0x00007ffee5190000 - 0x00007ffee51be000 	C:\WINDOWS\SYSTEM32\SspiCli.dll
0x00007ffee5fb0000 - 0x00007ffee6004000 	C:\WINDOWS\system32\SHLWAPI.dll
0x00007ffee7fd0000 - 0x00007ffee8147000 	C:\WINDOWS\system32\USER32.dll
0x00007ffee5bc0000 - 0x00007ffee5d54000 	C:\WINDOWS\system32\ole32.dll
0x00007ffee66a0000 - 0x00007ffee7bb8000 	C:\WINDOWS\system32\SHELL32.dll
0x00007ffee48f0000 - 0x00007ffee4911000 	C:\WINDOWS\SYSTEM32\USERENV.dll
0x00007ffee5e20000 - 0x00007ffee5eca000 	C:\WINDOWS\system32\ADVAPI32.dll
0x00007ffed7630000 - 0x00007ffed764e000 	C:\WINDOWS\SYSTEM32\MPR.dll
0x00007ffee63f0000 - 0x00007ffee6531000 	C:\WINDOWS\system32\RPCRT4.dll
0x00007ffee5ed0000 - 0x00007ffee5f29000 	C:\WINDOWS\SYSTEM32\sechost.dll
0x00007ffee7db0000 - 0x00007ffee7fc1000 	C:\WINDOWS\SYSTEM32\combase.dll
0x00007ffee6540000 - 0x00007ffee6691000 	C:\WINDOWS\system32\GDI32.dll
0x00007ffee5360000 - 0x00007ffee5375000 	C:\WINDOWS\SYSTEM32\profapi.dll
0x00007ffee3700000 - 0x00007ffee37b2000 	C:\WINDOWS\SYSTEM32\SHCORE.dll
0x00007ffee5a40000 - 0x00007ffee5a76000 	C:\WINDOWS\system32\IMM32.DLL
0x00007ffee6220000 - 0x00007ffee6372000 	C:\WINDOWS\system32\MSCTF.dll
0x00007ffee2a70000 - 0x00007ffee2ceb000 	C:\WINDOWS\WinSxS\amd64_microsoft.windows.common-controls_6595b64144ccf1df_6.0.9600.17415_none_6240486fecbd8abb\COMCTL32.dll
0x00000000696c0000 - 0x0000000069792000 	C:\Program Files\Java\jre1.8.0_25\bin\msvcr100.dll
0x000000006a3b0000 - 0x000000006ac0a000 	C:\Program Files\Java\jre1.8.0_25\bin\server\jvm.dll
0x00007ffecd2f0000 - 0x00007ffecd2f9000 	C:\WINDOWS\SYSTEM32\WSOCK32.dll
0x00007ffed77f0000 - 0x00007ffed7812000 	C:\WINDOWS\SYSTEM32\WINMM.dll
0x00007ffee7da0000 - 0x00007ffee7da7000 	C:\WINDOWS\system32\PSAPI.DLL
0x00007ffee5a80000 - 0x00007ffee5ada000 	C:\WINDOWS\system32\WS2_32.dll
0x00007ffed75d0000 - 0x00007ffed75fa000 	C:\WINDOWS\SYSTEM32\WINMMBASE.dll
0x00007ffee60d0000 - 0x00007ffee60d9000 	C:\WINDOWS\system32\NSI.dll
0x00007ffee5840000 - 0x00007ffee588f000 	C:\WINDOWS\SYSTEM32\cfgmgr32.dll
0x00007ffee4150000 - 0x00007ffee4178000 	C:\WINDOWS\SYSTEM32\DEVOBJ.dll
0x000000006b5e0000 - 0x000000006b5ef000 	C:\Program Files\Java\jre1.8.0_25\bin\verify.dll
0x000000006b5b0000 - 0x000000006b5d8000 	C:\Program Files\Java\jre1.8.0_25\bin\java.dll
0x000000006b590000 - 0x000000006b5a6000 	C:\Program Files\Java\jre1.8.0_25\bin\zip.dll
0x0000000069520000 - 0x00000000696b8000 	C:\Program Files\Java\jre1.8.0_25\bin\awt.dll
0x00007ffee5ae0000 - 0x00007ffee5ba1000 	C:\WINDOWS\system32\OLEAUT32.dll
0x00007ffee3500000 - 0x00007ffee3521000 	C:\WINDOWS\system32\DWMAPI.DLL
0x00007ffee3fd0000 - 0x00007ffee40f9000 	C:\WINDOWS\system32\uxtheme.dll
0x00007ffee41a0000 - 0x00007ffee41ab000 	C:\WINDOWS\SYSTEM32\kernel.appcore.dll
0x00007ffee5230000 - 0x00007ffee523b000 	C:\WINDOWS\SYSTEM32\CRYPTBASE.dll
0x00007ffee51c0000 - 0x00007ffee5223000 	C:\WINDOWS\SYSTEM32\bcryptPrimitives.dll
0x00007ffedaca0000 - 0x00007ffedaec1000 	C:\WINDOWS\system32\d3d9.dll
0x00007ffee3010000 - 0x00007ffee301a000 	C:\WINDOWS\SYSTEM32\VERSION.dll
0x00007ffee2870000 - 0x00007ffee29bb000 	C:\WINDOWS\SYSTEM32\aticfx64.dll
0x00007ffec0180000 - 0x00007ffec01a1000 	C:\WINDOWS\SYSTEM32\atiu9p64.dll
0x00007ffebed60000 - 0x00007ffebf545000 	C:\WINDOWS\SYSTEM32\atiumd64.dll
0x000000006acf0000 - 0x000000006b4a7000 	C:\WINDOWS\SYSTEM32\atiumd6a.dll
0x00000000694d0000 - 0x0000000069517000 	C:\Program Files\Java\jre1.8.0_25\bin\fontmanager.dll
0x00007ffee4d60000 - 0x00007ffee4d80000 	C:\WINDOWS\SYSTEM32\CRYPTSP.dll
0x00007ffee47e0000 - 0x00007ffee4816000 	C:\WINDOWS\system32\rsaenh.dll
0x00007ffee4e80000 - 0x00007ffee4ea6000 	C:\WINDOWS\SYSTEM32\bcrypt.dll
0x000000006b570000 - 0x000000006b58a000 	C:\Program Files\Java\jre1.8.0_25\bin\net.dll
0x00007ffee4b20000 - 0x00007ffee4b79000 	C:\WINDOWS\system32\mswsock.dll
0x00007ffee1080000 - 0x00007ffee10aa000 	C:\WINDOWS\SYSTEM32\IPHLPAPI.DLL
0x00007ffee2670000 - 0x00007ffee267a000 	C:\WINDOWS\SYSTEM32\WINNSI.DLL
0x00007ffee0160000 - 0x00007ffee0176000 	C:\WINDOWS\SYSTEM32\dhcpcsvc6.DLL
0x00007ffee02b0000 - 0x00007ffee02ca000 	C:\WINDOWS\SYSTEM32\dhcpcsvc.DLL
0x000000006a390000 - 0x000000006a3a1000 	C:\Program Files\Java\jre1.8.0_25\bin\nio.dll
0x00000000637c0000 - 0x00000000637cd000 	S:\Users\Ben\AppData\Local\Temp\jogamp_0000\file_cache\jln7128173351814389946\jln3686651899810714696\gluegen-rt.dll
0x00000000694c0000 - 0x00000000694c7000 	C:\Program Files\Java\jre1.8.0_25\bin\jawt.dll
0x00000000024c0000 - 0x00000000024cd000 	S:\Users\Ben\AppData\Local\Temp\jogamp_0000\file_cache\jln7128173351814389946\jln3686651899810714696\nativewindow_awt.dll
0x000000006c100000 - 0x000000006c10f000 	S:\Users\Ben\AppData\Local\Temp\jogamp_0000\file_cache\jln7128173351814389946\jln3686651899810714696\nativewindow_win32.dll
0x00007ffeda9f0000 - 0x00007ffedab1b000 	C:\WINDOWS\SYSTEM32\OpenGL32.dll
0x00007ffedc550000 - 0x00007ffedc57e000 	C:\WINDOWS\SYSTEM32\GLU32.dll
0x00007ffecf530000 - 0x00007ffecf628000 	C:\WINDOWS\SYSTEM32\DDRAW.dll
0x00007ffee0d60000 - 0x00007ffee0d69000 	C:\WINDOWS\SYSTEM32\DCIMAN32.dll
0x0000000064500000 - 0x00000000645a2000 	S:\Users\Ben\AppData\Local\Temp\jogamp_0000\file_cache\jln7128173351814389946\jln3686651899810714696\jogl_desktop.dll
0x00007ffedc8d0000 - 0x00007ffedc8e8000 	C:\WINDOWS\SYSTEM32\atig6pxx.dll
0x0000000067910000 - 0x00000000694bf000 	C:\WINDOWS\SYSTEM32\atio6axx.dll
0x00007ffee7bc0000 - 0x00007ffee7d9a000 	C:\WINDOWS\system32\SETUPAPI.dll
0x00007ffee10e0000 - 0x00007ffee1217000 	C:\WINDOWS\SYSTEM32\atiadlxx.dll
0x00007ffee16b0000 - 0x00007ffee182f000 	C:\WINDOWS\SYSTEM32\PROPSYS.dll
0x00007ffee3f70000 - 0x00007ffee3f82000 	C:\WINDOWS\SYSTEM32\WTSAPI32.dll
0x00007ffee57e0000 - 0x00007ffee5831000 	C:\WINDOWS\system32\WINTRUST.dll
0x00007ffee5600000 - 0x00007ffee57df000 	C:\WINDOWS\system32\CRYPT32.dll
0x00007ffee5410000 - 0x00007ffee5421000 	C:\WINDOWS\system32\MSASN1.dll
0x00007ffeda9c0000 - 0x00007ffeda9e9000 	C:\WINDOWS\SYSTEM32\atig6txx.dll
0x00007ffecea00000 - 0x00007ffeceb9c000 	O:\OneDrive\Workspace\ZZavatar\lib\user\KinectPV2\Kinect20.Face.dll
0x00007ffed76f0000 - 0x00007ffed7797000 	C:\WINDOWS\SYSTEM32\MSVCP110.dll
0x00007ffeddd70000 - 0x00007ffedde3e000 	C:\WINDOWS\SYSTEM32\MSVCR110.dll
0x00007ffedc7f0000 - 0x00007ffedc800000 	O:\OneDrive\Workspace\ZZavatar\lib\user\KinectPV2\KinectPV2.dll
0x00007ffeda070000 - 0x00007ffeda12a000 	C:\WINDOWS\SYSTEM32\Kinect20.dll
0x00007ffed7820000 - 0x00007ffed790b000 	C:\WINDOWS\SYSTEM32\MFPlat.DLL
0x00007ffed7650000 - 0x00007ffed7677000 	C:\WINDOWS\SYSTEM32\RTWorkQ.DLL
0x00007ffee3130000 - 0x00007ffee313c000 	C:\WINDOWS\SYSTEM32\AVRT.dll
0x00007ffebeae0000 - 0x00007ffebec6a000 	C:\WINDOWS\SYSTEM32\dbghelp.dll

VM Arguments:
jvm_args: -Djava.library.path=O:\OneDrive\Workspace\ZZavatar\lib\base\video;O:\OneDrive\Workspace\ZZavatar\lib\base\video;O:\OneDrive\Workspace\ZZavatar\lib\base\video;O:\OneDrive\Workspace\ZZavatar\lib\base\core;O:\OneDrive\Workspace\ZZavatar\lib\base\core;O:\OneDrive\Workspace\ZZavatar\lib\base\core;O:\OneDrive\Workspace\ZZavatar\lib\base\core;O:\OneDrive\Workspace\ZZavatar\lib\base\core;O:\OneDrive\Workspace\ZZavatar\lib\base\core;O:\OneDrive\Workspace\ZZavatar\lib\base\core;O:\OneDrive\Workspace\ZZavatar\lib\base\core;O:\OneDrive\Workspace\ZZavatar\lib\base\core;O:\OneDrive\Workspace\ZZavatar\lib\base\core;O:\OneDrive\Workspace\ZZavatar\lib\base\core;O:\OneDrive\Workspace\ZZavatar\lib\base\core;O:\OneDrive\Workspace\ZZavatar\lib\base\core;O:\OneDrive\Workspace\ZZavatar\lib\base\core;O:\OneDrive\Workspace\ZZavatar\lib\base\core;O:\OneDrive\Workspace\ZZavatar\lib\user\Kinect4WinSDK;O:\OneDrive\Workspace\ZZavatar\lib\user\KinectPV2;O:\OneDrive\Workspace\ZZavatar\lib\user\SimpleOpenNI -Dfile.encoding=Cp1252 
java_command: zzavatar.ZZavatar
java_class_path (initial): O:\OneDrive\Workspace\ZZavatar\lib\base\video\gstreamer-java.jar;O:\OneDrive\Workspace\ZZavatar\lib\base\video\jna.jar;O:\OneDrive\Workspace\ZZavatar\lib\base\video\video.jar;O:\OneDrive\Workspace\ZZavatar\lib\base\core\core.jar;O:\OneDrive\Workspace\ZZavatar\lib\base\core\gluegen-rt-natives-linux-amd64.jar;O:\OneDrive\Workspace\ZZavatar\lib\base\core\gluegen-rt-natives-linux-armv6hf.jar;O:\OneDrive\Workspace\ZZavatar\lib\base\core\gluegen-rt-natives-linux-i586.jar;O:\OneDrive\Workspace\ZZavatar\lib\base\core\gluegen-rt-natives-macosx-universal.jar;O:\OneDrive\Workspace\ZZavatar\lib\base\core\gluegen-rt-natives-windows-amd64.jar;O:\OneDrive\Workspace\ZZavatar\lib\base\core\gluegen-rt-natives-windows-i586.jar;O:\OneDrive\Workspace\ZZavatar\lib\base\core\gluegen-rt.jar;O:\OneDrive\Workspace\ZZavatar\lib\base\core\jogl-all-natives-linux-amd64.jar;O:\OneDrive\Workspace\ZZavatar\lib\base\core\jogl-all-natives-linux-armv6hf.jar;O:\OneDrive\Workspace\ZZavatar\lib\base\core\jogl-all-natives-linux-i586.jar;O:\OneDrive\Workspace\ZZavatar\lib\base\core\jogl-all-natives-macosx-universal.jar;O:\OneDrive\Workspace\ZZavatar\lib\base\core\jogl-all-natives-windows-amd64.jar;O:\OneDrive\Workspace\ZZavatar\lib\base\core\jogl-all-natives-windows-i586.jar;O:\OneDrive\Workspace\ZZavatar\lib\base\core\jogl-all.jar;O:\OneDrive\Workspace\ZZavatar\lib\user\Kinect4WinSDK\Kinect4WinSDK.jar;O:\OneDrive\Workspace\ZZavatar\lib\user\KinectPV2\KinectPV2.jar;O:\OneDrive\Workspace\ZZavatar\lib\user\SimpleOpenNI\SimpleOpenNI.jar;O:\OneDrive\Workspace\ZZavatar\bin
Launcher Type: SUN_STANDARD

Environment Variables:
JAVA_HOME=C:\Program Files\Java\jdk1.8.0_25
PATH=C:/Program Files/Java/jre1.8.0_25/bin/server;C:/Program Files/Java/jre1.8.0_25/bin;C:/Program Files/Java/jre1.8.0_25/lib/amd64;C:\Program Files (x86)\NVIDIA Corporation\PhysX\Common;C:\ProgramData\Oracle\Java\javapath;C:\Program Files (x86)\Common Files\Intel\Shared Libraries\redist\intel64\compiler;C:\Program Files (x86)\Common Files\Intel\Shared Libraries\redist\ia32\compiler;C:\Program Files (x86)\Intel\iCLS Client\;C:\Program Files\Intel\iCLS Client\;C:\Program Files (x86)\AMD APP\bin\x86_64;C:\Program Files (x86)\AMD APP\bin\x86;C:\WINDOWS\system32;C:\WINDOWS;C:\WINDOWS\System32\Wbem;C:\WINDOWS\System32\WindowsPowerShell\v1.0\;C:\Program Files (x86)\ATI Technologies\ATI.ACE\Core-Static;C:\Program Files\Intel\Intel(R) Management Engine Components\DAL;C:\Program Files\Intel\Intel(R) Management Engine Components\IPT;C:\Program Files (x86)\Intel\Intel(R) Management Engine Components\DAL;C:\Program Files (x86)\Intel\Intel(R) Management Engine Components\IPT;C:\Program Files\Sony\VAIO Improvement\;C:\Program Files (x86)\Sony\VAIO Startup Setting Tool;C:\Program Files (x86)\Windows Kits\8.1\Windows Performance Toolkit\;C:\Program Files\Microsoft SQL Server\110\Tools\Binn\;C:\Program Files (x86)\Microsoft SDKs\TypeScript\1.0\;C:\Program Files\Microsoft\Web Platform Installer\;C:\Program Files (x86)\Java\jre1.8.0_25\bin;P:\Programs\Python27\Scripts;P:\Programs\Python27;C:\Program Files\Common Files\Autodesk Shared\;P:\Program Files\Programs;P:\Program Files\Games;P:\Programs\Eclipse;
USERNAME=Benoît
OS=Windows_NT
PROCESSOR_IDENTIFIER=Intel64 Family 6 Model 58 Stepping 9, GenuineIntel



---------------  S Y S T E M  ---------------

OS: Windows 8.1 , 64 bit Build 9600 

CPU:total 8 (4 cores per cpu, 2 threads per core) family 6 model 58 stepping 9, cmov, cx8, fxsr, mmx, sse, sse2, sse3, ssse3, sse4.1, sse4.2, popcnt, avx, aes, clmul, erms, ht, tsc, tscinvbit, tscinv

Memory: 4k page, physical 6237468k(1203596k free), swap 10431772k(2630696k free)

vm_info: Java HotSpot(TM) 64-Bit Server VM (25.25-b02) for windows-amd64 JRE (1.8.0_25-b18), built on Oct  7 2014 14:25:37 by "java_re" with MS VC++ 10.0 (VS2010)

time: Thu Apr 23 19:23:12 2015
elapsed time: 14 seconds (0d 0h 0m 14s)

