#
# A fatal error has been detected by the Java Runtime Environment:
#
#  EXCEPTION_ACCESS_VIOLATION (0xc0000005) at pc=0x00000000750d8af4, pid=6312, tid=7368
#
# JRE version: Java(TM) SE Runtime Environment (8.0_25-b18) (build 1.8.0_25-b18)
# Java VM: Java HotSpot(TM) 64-Bit Server VM (25.25-b02 mixed mode windows-amd64 compressed oops)
# Problematic frame:
# C  [atio6axx.dll+0xed8af4]
#
# Failed to write core dump. Minidumps are not enabled by default on client versions of Windows
#
# If you would like to submit a bug report, please visit:
#   http://bugreport.sun.com/bugreport/crash.jsp
# The crash happened outside the Java Virtual Machine in native code.
# See problematic frame for where to report the bug.
#

---------------  T H R E A D  ---------------

Current thread (0x0000000019427800):  JavaThread "Animation Thread" [_thread_in_native, id=7368, stack(0x000000001c4f0000,0x000000001c5f0000)]

siginfo: ExceptionCode=0xc0000005, reading address 0x0000000000000010

Registers:
RAX=0x0000000075977b78, RBX=0x000000002db92040, RCX=0x000000001bea2000, RDX=0x0000000000000000
RSP=0x000000001c5eebd0, RBP=0x0000000000000006, RSI=0x0000000000000000, RDI=0x000000001eb36d08
R8 =0x000000001c5ee968, R9 =0x0000000000008000, R10=0x0000000000000000, R11=0x000000001c5eec98
R12=0x0000000000000000, R13=0x000000001f27e0e0, R14=0x000000001c5eed90, R15=0x0000000019427800
RIP=0x00000000750d8af4, EFLAGS=0x0000000000010202

Top of Stack: (sp=0x000000001c5eebd0)
0x000000001c5eebd0:   0000000000780000 000000002db92040
0x000000001c5eebe0:   0000000000000000 0000000000000002
0x000000001c5eebf0:   0000000019427800 000000001edda748
0x000000001c5eec00:   0000000000000006 00007ff960573252
0x000000001c5eec10:   0000000000000000 00007ff9605920b0
0x000000001c5eec20:   0000000019427800 000000001edda748
0x000000001c5eec30:   0000000019427800 00007ff96056d83c
0x000000001c5eec40:   0000000000000000 000000001eb36b60
0x000000001c5eec50:   0000000000000000 0000000000000006
0x000000001c5eec60:   000000002db92040 00007ff981c26388
0x000000001c5eec70:   0000000000000000 0000000000000000
0x000000001c5eec80:   000000001f27e0e0 000000001eb36d08
0x000000001c5eec90:   0000000000000006 00007ff980284116
0x000000001c5eeca0:   000000001bea2000 000000001edda718
0x000000001c5eecb0:   000000001c5ee968 0000000000008000
0x000000001c5eecc0:   000000001c5eed90 00007ff980281fba 

Instructions: (pc=0x00000000750d8af4)
0x00000000750d8ad4:   89 4b 20 4d 89 43 18 49 89 4b 08 55 57 41 55 41
0x00000000750d8ae4:   56 48 81 ec a8 00 00 00 4c 8b b4 24 f0 00 00 00
0x00000000750d8af4:   48 8b 7a 10 45 8b d1 4d 8b c8 4c 8b ea 4c 8b c1
0x00000000750d8b04:   4d 85 f6 0f 84 62 02 00 00 8b ac 24 f8 00 00 00 


Register to memory mapping:

RAX=0x0000000075977b78 is an unknown value
RBX=0x000000002db92040 is an unknown value
RCX=0x000000001bea2000 is an unknown value
RDX=0x0000000000000000 is an unknown value
RSP=0x000000001c5eebd0 is pointing into the stack for thread: 0x0000000019427800
RBP=0x0000000000000006 is an unknown value
RSI=0x0000000000000000 is an unknown value
RDI=0x000000001eb36d08 is an unknown value
R8 =0x000000001c5ee968 is pointing into the stack for thread: 0x0000000019427800
R9 =0x0000000000008000 is an unknown value
R10=0x0000000000000000 is an unknown value
R11=0x000000001c5eec98 is pointing into the stack for thread: 0x0000000019427800
R12=0x0000000000000000 is an unknown value
R13={method} {0x000000001f27e0e8} 'jniStopDevice' '()V' in 'KinectPV2/Device'
R14=0x000000001c5eed90 is pointing into the stack for thread: 0x0000000019427800
R15=0x0000000019427800 is a thread


Stack: [0x000000001c4f0000,0x000000001c5f0000],  sp=0x000000001c5eebd0,  free space=1018k
Native frames: (J=compiled Java code, j=interpreted, Vv=VM code, C=native code)
C  [atio6axx.dll+0xed8af4]
C  [KinectPV2.dll+0x4116]
C  [KinectPV2.dll+0x1fba]
C  0x0000000002465b74

Java frames: (J=compiled Java code, j=interpreted, Vv=VM code)
j  KinectPV2.Device.jniStopDevice()V+0
j  KinectPV2.Device.stopDevice()V+41
j  KinectPV2.KinectPV2.dispose()V+14
v  ~StubRoutines::call_stub
j  sun.reflect.NativeMethodAccessorImpl.invoke0(Ljava/lang/reflect/Method;Ljava/lang/Object;[Ljava/lang/Object;)Ljava/lang/Object;+0
j  sun.reflect.NativeMethodAccessorImpl.invoke(Ljava/lang/Object;[Ljava/lang/Object;)Ljava/lang/Object;+100
J 2053 C1 sun.reflect.DelegatingMethodAccessorImpl.invoke(Ljava/lang/Object;[Ljava/lang/Object;)Ljava/lang/Object; (10 bytes) @ 0x0000000002bdf484 [0x0000000002bdf380+0x104]
J 2052 C1 java.lang.reflect.Method.invoke(Ljava/lang/Object;[Ljava/lang/Object;)Ljava/lang/Object; (62 bytes) @ 0x0000000002bdeea4 [0x0000000002bdeac0+0x3e4]
j  processing.core.PApplet$RegisteredMethods.handle([Ljava/lang/Object;)V+18
J 1855 C1 processing.core.PApplet.handleMethods(Ljava/lang/String;)V (21 bytes) @ 0x0000000002b3a09c [0x0000000002b39de0+0x2bc]
j  processing.core.PApplet.dispose()V+35
j  processing.core.PApplet.run()V+283
j  java.lang.Thread.run()V+11
v  ~StubRoutines::call_stub

---------------  P R O C E S S  ---------------

Java Threads: ( => current thread )
  0x0000000019601800 JavaThread "Animation Thread-SharedResourceRunner" daemon [_thread_blocked, id=3996, stack(0x000000001e7c0000,0x000000001e8c0000)]
  0x000000000224e800 JavaThread "DestroyJavaVM" [_thread_blocked, id=3924, stack(0x0000000002250000,0x0000000002350000)]
  0x0000000019429000 JavaThread "D3D Screen Updater" daemon [_thread_blocked, id=3956, stack(0x000000001c7f0000,0x000000001c8f0000)]
=>0x0000000019427800 JavaThread "Animation Thread" [_thread_in_native, id=7368, stack(0x000000001c4f0000,0x000000001c5f0000)]
  0x00000000193e7000 JavaThread "AWT-EventQueue-0" [_thread_blocked, id=9036, stack(0x000000001c2f0000,0x000000001c3f0000)]
  0x0000000019354800 JavaThread "AWT-Windows" daemon [_thread_in_native, id=5416, stack(0x0000000019c70000,0x0000000019d70000)]
  0x0000000019354000 JavaThread "AWT-Shutdown" [_thread_blocked, id=936, stack(0x0000000019b70000,0x0000000019c70000)]
  0x0000000019353000 JavaThread "Java2D Disposer" daemon [_thread_blocked, id=8492, stack(0x0000000019a70000,0x0000000019b70000)]
  0x0000000018242000 JavaThread "Service Thread" daemon [_thread_blocked, id=4400, stack(0x0000000018b90000,0x0000000018c90000)]
  0x00000000181c8800 JavaThread "C1 CompilerThread3" daemon [_thread_blocked, id=5752, stack(0x0000000018a90000,0x0000000018b90000)]
  0x00000000181c7800 JavaThread "C2 CompilerThread2" daemon [_thread_blocked, id=3876, stack(0x0000000018990000,0x0000000018a90000)]
  0x00000000181be800 JavaThread "C2 CompilerThread1" daemon [_thread_blocked, id=3652, stack(0x0000000018890000,0x0000000018990000)]
  0x00000000181b8800 JavaThread "C2 CompilerThread0" daemon [_thread_blocked, id=4344, stack(0x0000000018790000,0x0000000018890000)]
  0x00000000181b6800 JavaThread "Attach Listener" daemon [_thread_blocked, id=8804, stack(0x0000000018690000,0x0000000018790000)]
  0x00000000181b5800 JavaThread "Signal Dispatcher" daemon [_thread_blocked, id=9044, stack(0x0000000018590000,0x0000000018690000)]
  0x0000000002449800 JavaThread "Finalizer" daemon [_thread_blocked, id=5256, stack(0x0000000018090000,0x0000000018190000)]
  0x000000001619c800 JavaThread "Reference Handler" daemon [_thread_blocked, id=8860, stack(0x0000000017f90000,0x0000000018090000)]

Other Threads:
  0x0000000016198800 VMThread [stack: 0x0000000017e90000,0x0000000017f90000] [id=8924]
  0x0000000018244000 WatcherThread [stack: 0x0000000018c90000,0x0000000018d90000] [id=5772]

VM state:not at safepoint (normal execution)

VM Mutex/Monitor currently owned by a thread: None

Heap:
 PSYoungGen      total 459264K, used 347715K [0x00000000e0400000, 0x00000000fe380000, 0x0000000100000000)
  eden space 428544K, 81% used [0x00000000e0400000,0x00000000f5760c80,0x00000000fa680000)
  from space 30720K, 0% used [0x00000000fa680000,0x00000000fa6b0000,0x00000000fc480000)
  to   space 29184K, 0% used [0x00000000fc700000,0x00000000fc700000,0x00000000fe380000)
 ParOldGen       total 222720K, used 155223K [0x00000000a0c00000, 0x00000000ae580000, 0x00000000e0400000)
  object space 222720K, 69% used [0x00000000a0c00000,0x00000000aa395ea8,0x00000000ae580000)
 Metaspace       used 17943K, capacity 18121K, committed 18176K, reserved 1064960K
  class space    used 1717K, capacity 1761K, committed 1792K, reserved 1048576K

Card table byte_map: [0x0000000011810000,0x0000000011b10000] byte_map_base: 0x000000001130a000

Marking Bits: (ParMarkBitMap*) 0x00000000772bd490
 Begin Bits: [0x0000000012510000, 0x0000000013ce0000)
 End Bits:   [0x0000000013ce0000, 0x00000000154b0000)

Polling page: 0x0000000002150000

CodeCache: size=245760Kb used=8894Kb max_used=8905Kb free=236865Kb
 bounds [0x0000000002450000, 0x0000000002d10000, 0x0000000011450000]
 total_blobs=3201 nmethods=2330 adapters=785
 compilation: enabled

Compilation events (10 events):
Event: 14.355 Thread 0x00000000181c8800 2331       1       java.nio.DirectShortBufferU::isDirect (2 bytes)
Event: 14.355 Thread 0x00000000181c8800 nmethod 2331 0x0000000002d02dd0 code [0x0000000002d02f20, 0x0000000002d03030]
Event: 14.621 Thread 0x00000000181c8800 2332       3       java.util.concurrent.locks.AbstractQueuedSynchronizer::transferForSignal (45 bytes)
Event: 14.621 Thread 0x00000000181c8800 nmethod 2332 0x0000000002d025d0 code [0x0000000002d02760, 0x0000000002d02c18]
Event: 14.887 Thread 0x00000000181c8800 2333       3       processing.opengl.PGraphicsOpenGL::createPolyBuffers (479 bytes)
Event: 14.888 Thread 0x00000000181c8800 nmethod 2333 0x0000000002d06b90 code [0x0000000002d06f00, 0x0000000002d08888]
Event: 14.904 Thread 0x00000000181be800 2334       4       processing.opengl.PGraphicsOpenGL::updateProjmodelview (23 bytes)
Event: 14.906 Thread 0x00000000181be800 nmethod 2334 0x0000000002d00c10 code [0x0000000002d00d60, 0x0000000002d00f88]
Event: 15.171 Thread 0x00000000181c7800 2335       4       jogamp.common.util.locks.RecursiveLockImpl01Unfairish$SingleThreadSync::isOwner (14 bytes)
Event: 15.172 Thread 0x00000000181c7800 nmethod 2335 0x0000000002b466d0 code [0x0000000002b46800, 0x0000000002b46878]

GC Heap History (10 events):
Event: 12.428 GC heap before
{Heap before GC invocations=28 (full 3):
 PSYoungGen      total 453120K, used 418672K [0x00000000e0400000, 0x00000000fe780000, 0x0000000100000000)
  eden space 418304K, 100% used [0x00000000e0400000,0x00000000f9c80000,0x00000000f9c80000)
  from space 34816K, 1% used [0x00000000fc580000,0x00000000fc5dc030,0x00000000fe780000)
  to   space 38400K, 0% used [0x00000000f9c80000,0x00000000f9c80000,0x00000000fc200000)
 ParOldGen       total 222720K, used 154915K [0x00000000a0c00000, 0x00000000ae580000, 0x00000000e0400000)
  object space 222720K, 69% used [0x00000000a0c00000,0x00000000aa348e08,0x00000000ae580000)
 Metaspace       used 17859K, capacity 18121K, committed 18176K, reserved 1064960K
  class space    used 1706K, capacity 1761K, committed 1792K, reserved 1048576K
Event: 12.429 GC heap after
Heap after GC invocations=28 (full 3):
 PSYoungGen      total 456704K, used 352K [0x00000000e0400000, 0x00000000fea80000, 0x0000000100000000)
  eden space 418304K, 0% used [0x00000000e0400000,0x00000000e0400000,0x00000000f9c80000)
  from space 38400K, 0% used [0x00000000f9c80000,0x00000000f9cd8020,0x00000000fc200000)
  to   space 36864K, 0% used [0x00000000fc680000,0x00000000fc680000,0x00000000fea80000)
 ParOldGen       total 222720K, used 154923K [0x00000000a0c00000, 0x00000000ae580000, 0x00000000e0400000)
  object space 222720K, 69% used [0x00000000a0c00000,0x00000000aa34ae08,0x00000000ae580000)
 Metaspace       used 17859K, capacity 18121K, committed 18176K, reserved 1064960K
  class space    used 1706K, capacity 1761K, committed 1792K, reserved 1048576K
}
Event: 13.026 GC heap before
{Heap before GC invocations=29 (full 3):
 PSYoungGen      total 456704K, used 418656K [0x00000000e0400000, 0x00000000fea80000, 0x0000000100000000)
  eden space 418304K, 100% used [0x00000000e0400000,0x00000000f9c80000,0x00000000f9c80000)
  from space 38400K, 0% used [0x00000000f9c80000,0x00000000f9cd8020,0x00000000fc200000)
  to   space 36864K, 0% used [0x00000000fc680000,0x00000000fc680000,0x00000000fea80000)
 ParOldGen       total 222720K, used 154923K [0x00000000a0c00000, 0x00000000ae580000, 0x00000000e0400000)
  object space 222720K, 69% used [0x00000000a0c00000,0x00000000aa34ae08,0x00000000ae580000)
 Metaspace       used 17864K, capacity 18121K, committed 18176K, reserved 1064960K
  class space    used 1706K, capacity 1761K, committed 1792K, reserved 1048576K
Event: 13.028 GC heap after
Heap after GC invocations=29 (full 3):
 PSYoungGen      total 456192K, used 384K [0x00000000e0400000, 0x00000000fe600000, 0x0000000100000000)
  eden space 423936K, 0% used [0x00000000e0400000,0x00000000e0400000,0x00000000fa200000)
  from space 32256K, 1% used [0x00000000fc680000,0x00000000fc6e0020,0x00000000fe600000)
  to   space 34816K, 0% used [0x00000000fa200000,0x00000000fa200000,0x00000000fc400000)
 ParOldGen       total 222720K, used 154931K [0x00000000a0c00000, 0x00000000ae580000, 0x00000000e0400000)
  object space 222720K, 69% used [0x00000000a0c00000,0x00000000aa34ce08,0x00000000ae580000)
 Metaspace       used 17864K, capacity 18121K, committed 18176K, reserved 1064960K
  class space    used 1706K, capacity 1761K, committed 1792K, reserved 1048576K
}
Event: 13.602 GC heap before
{Heap before GC invocations=30 (full 3):
 PSYoungGen      total 456192K, used 424320K [0x00000000e0400000, 0x00000000fe600000, 0x0000000100000000)
  eden space 423936K, 100% used [0x00000000e0400000,0x00000000fa200000,0x00000000fa200000)
  from space 32256K, 1% used [0x00000000fc680000,0x00000000fc6e0020,0x00000000fe600000)
  to   space 34816K, 0% used [0x00000000fa200000,0x00000000fa200000,0x00000000fc400000)
 ParOldGen       total 222720K, used 154931K [0x00000000a0c00000, 0x00000000ae580000, 0x00000000e0400000)
  object space 222720K, 69% used [0x00000000a0c00000,0x00000000aa34ce08,0x00000000ae580000)
 Metaspace       used 17908K, capacity 18121K, committed 18176K, reserved 1064960K
  class space    used 1706K, capacity 1761K, committed 1792K, reserved 1048576K
Event: 13.604 GC heap after
Heap after GC invocations=30 (full 3):
 PSYoungGen      total 458752K, used 352K [0x00000000e0400000, 0x00000000fe700000, 0x0000000100000000)
  eden space 423936K, 0% used [0x00000000e0400000,0x00000000e0400000,0x00000000fa200000)
  from space 34816K, 1% used [0x00000000fa200000,0x00000000fa258020,0x00000000fc400000)
  to   space 32768K, 0% used [0x00000000fc700000,0x00000000fc700000,0x00000000fe700000)
 ParOldGen       total 222720K, used 154939K [0x00000000a0c00000, 0x00000000ae580000, 0x00000000e0400000)
  object space 222720K, 69% used [0x00000000a0c00000,0x00000000aa34ee08,0x00000000ae580000)
 Metaspace       used 17908K, capacity 18121K, committed 18176K, reserved 1064960K
  class space    used 1706K, capacity 1761K, committed 1792K, reserved 1048576K
}
Event: 14.201 GC heap before
{Heap before GC invocations=31 (full 3):
 PSYoungGen      total 458752K, used 424288K [0x00000000e0400000, 0x00000000fe700000, 0x0000000100000000)
  eden space 423936K, 100% used [0x00000000e0400000,0x00000000fa200000,0x00000000fa200000)
  from space 34816K, 1% used [0x00000000fa200000,0x00000000fa258020,0x00000000fc400000)
  to   space 32768K, 0% used [0x00000000fc700000,0x00000000fc700000,0x00000000fe700000)
 ParOldGen       total 222720K, used 154939K [0x00000000a0c00000, 0x00000000ae580000, 0x00000000e0400000)
  object space 222720K, 69% used [0x00000000a0c00000,0x00000000aa34ee08,0x00000000ae580000)
 Metaspace       used 17908K, capacity 18121K, committed 18176K, reserved 1064960K
  class space    used 1706K, capacity 1761K, committed 1792K, reserved 1048576K
Event: 14.203 GC heap after
Heap after GC invocations=31 (full 3):
 PSYoungGen      total 456704K, used 192K [0x00000000e0400000, 0x00000000fe280000, 0x0000000100000000)
  eden space 428544K, 0% used [0x00000000e0400000,0x00000000e0400000,0x00000000fa680000)
  from space 28160K, 0% used [0x00000000fc700000,0x00000000fc730000,0x00000000fe280000)
  to   space 30720K, 0% used [0x00000000fa680000,0x00000000fa680000,0x00000000fc480000)
 ParOldGen       total 222720K, used 155199K [0x00000000a0c00000, 0x00000000ae580000, 0x00000000e0400000)
  object space 222720K, 69% used [0x00000000a0c00000,0x00000000aa38fea8,0x00000000ae580000)
 Metaspace       used 17908K, capacity 18121K, committed 18176K, reserved 1064960K
  class space    used 1706K, capacity 1761K, committed 1792K, reserved 1048576K
}
Event: 14.759 GC heap before
{Heap before GC invocations=32 (full 3):
 PSYoungGen      total 456704K, used 428736K [0x00000000e0400000, 0x00000000fe280000, 0x0000000100000000)
  eden space 428544K, 100% used [0x00000000e0400000,0x00000000fa680000,0x00000000fa680000)
  from space 28160K, 0% used [0x00000000fc700000,0x00000000fc730000,0x00000000fe280000)
  to   space 30720K, 0% used [0x00000000fa680000,0x00000000fa680000,0x00000000fc480000)
 ParOldGen       total 222720K, used 155199K [0x00000000a0c00000, 0x00000000ae580000, 0x00000000e0400000)
  object space 222720K, 69% used [0x00000000a0c00000,0x00000000aa38fea8,0x00000000ae580000)
 Metaspace       used 17908K, capacity 18121K, committed 18176K, reserved 1064960K
  class space    used 1706K, capacity 1761K, committed 1792K, reserved 1048576K
Event: 14.761 GC heap after
Heap after GC invocations=32 (full 3):
 PSYoungGen      total 459264K, used 192K [0x00000000e0400000, 0x00000000fe380000, 0x0000000100000000)
  eden space 428544K, 0% used [0x00000000e0400000,0x00000000e0400000,0x00000000fa680000)
  from space 30720K, 0% used [0x00000000fa680000,0x00000000fa6b0000,0x00000000fc480000)
  to   space 29184K, 0% used [0x00000000fc700000,0x00000000fc700000,0x00000000fe380000)
 ParOldGen       total 222720K, used 155223K [0x00000000a0c00000, 0x00000000ae580000, 0x00000000e0400000)
  object space 222720K, 69% used [0x00000000a0c00000,0x00000000aa395ea8,0x00000000ae580000)
 Metaspace       used 17908K, capacity 18121K, committed 18176K, reserved 1064960K
  class space    used 1706K, capacity 1761K, committed 1792K, reserved 1048576K
}

Deoptimization events (10 events):
Event: 11.810 Thread 0x00000000193e7000 Uncommon trap: reason=speculate_class_check action=maybe_recompile pc=0x0000000002c7555c method=com.jogamp.common.nio.Buffers.getDirectBufferByteOffset(Ljava/lang/Object;)I @ 22
Event: 11.839 Thread 0x00000000193e7000 Uncommon trap: reason=speculate_class_check action=maybe_recompile pc=0x0000000002c82838 method=com.jogamp.common.nio.Buffers.getDirectBufferByteOffset(Ljava/lang/Object;)I @ 31
Event: 11.839 Thread 0x00000000193e7000 Uncommon trap: reason=speculate_class_check action=maybe_recompile pc=0x0000000002c82838 method=com.jogamp.common.nio.Buffers.getDirectBufferByteOffset(Ljava/lang/Object;)I @ 31
Event: 11.972 Thread 0x00000000193e7000 Uncommon trap: reason=speculate_class_check action=maybe_recompile pc=0x0000000002c8a348 method=com.jogamp.common.nio.Buffers.getDirectBufferByteOffset(Ljava/lang/Object;)I @ 31
Event: 11.972 Thread 0x00000000193e7000 Uncommon trap: reason=speculate_class_check action=maybe_recompile pc=0x0000000002c8a348 method=com.jogamp.common.nio.Buffers.getDirectBufferByteOffset(Ljava/lang/Object;)I @ 31
Event: 11.997 Thread 0x00000000193e7000 Uncommon trap: reason=speculate_class_check action=maybe_recompile pc=0x0000000002c85cc8 method=com.jogamp.common.nio.Buffers.getDirectBufferByteOffset(Ljava/lang/Object;)I @ 42
Event: 12.003 Thread 0x00000000193e7000 Uncommon trap: reason=speculate_class_check action=maybe_recompile pc=0x0000000002c85cc8 method=com.jogamp.common.nio.Buffers.getDirectBufferByteOffset(Ljava/lang/Object;)I @ 42
Event: 12.154 Thread 0x00000000193e7000 Uncommon trap: reason=speculate_class_check action=maybe_recompile pc=0x0000000002c75efc method=com.jogamp.common.nio.Buffers.getDirectBufferByteOffset(Ljava/lang/Object;)I @ 53
Event: 12.154 Thread 0x00000000193e7000 Uncommon trap: reason=speculate_class_check action=maybe_recompile pc=0x0000000002c75efc method=com.jogamp.common.nio.Buffers.getDirectBufferByteOffset(Ljava/lang/Object;)I @ 53
Event: 12.161 Thread 0x00000000193e7000 Uncommon trap: reason=speculate_class_check action=maybe_recompile pc=0x0000000002ca4b5c method=com.jogamp.common.nio.Buffers.getDirectBufferByteOffset(Ljava/lang/Object;)I @ 53

Internal exceptions (10 events):
Event: 3.057 Thread 0x00000000193e7000 Exception <a 'java/security/PrivilegedActionException'> (0x00000000e583ce28) thrown at [D:\re\workspace\8-2-build-windows-amd64-cygwin\jdk8u25\1677\hotspot\src\share\vm\prims\jvm.cpp, line 1312]
Event: 3.058 Thread 0x00000000193e7000 Exception <a 'java/security/PrivilegedActionException'> (0x00000000e5840ce8) thrown at [D:\re\workspace\8-2-build-windows-amd64-cygwin\jdk8u25\1677\hotspot\src\share\vm\prims\jvm.cpp, line 1312]
Event: 3.058 Thread 0x00000000193e7000 Exception <a 'java/security/PrivilegedActionException'> (0x00000000e58450f0) thrown at [D:\re\workspace\8-2-build-windows-amd64-cygwin\jdk8u25\1677\hotspot\src\share\vm\prims\jvm.cpp, line 1312]
Event: 3.058 Thread 0x00000000193e7000 Exception <a 'java/security/PrivilegedActionException'> (0x00000000e58494d8) thrown at [D:\re\workspace\8-2-build-windows-amd64-cygwin\jdk8u25\1677\hotspot\src\share\vm\prims\jvm.cpp, line 1312]
Event: 3.058 Thread 0x00000000193e7000 Exception <a 'java/security/PrivilegedActionException'> (0x00000000e584d030) thrown at [D:\re\workspace\8-2-build-windows-amd64-cygwin\jdk8u25\1677\hotspot\src\share\vm\prims\jvm.cpp, line 1312]
Event: 3.059 Thread 0x00000000193e7000 Exception <a 'java/security/PrivilegedActionException'> (0x00000000e5851830) thrown at [D:\re\workspace\8-2-build-windows-amd64-cygwin\jdk8u25\1677\hotspot\src\share\vm\prims\jvm.cpp, line 1312]
Event: 3.059 Thread 0x00000000193e7000 Exception <a 'java/security/PrivilegedActionException'> (0x00000000e5854f68) thrown at [D:\re\workspace\8-2-build-windows-amd64-cygwin\jdk8u25\1677\hotspot\src\share\vm\prims\jvm.cpp, line 1312]
Event: 3.059 Thread 0x00000000193e7000 Exception <a 'java/security/PrivilegedActionException'> (0x00000000e5858eb0) thrown at [D:\re\workspace\8-2-build-windows-amd64-cygwin\jdk8u25\1677\hotspot\src\share\vm\prims\jvm.cpp, line 1312]
Event: 3.060 Thread 0x00000000193e7000 Exception <a 'java/security/PrivilegedActionException'> (0x00000000e585edc0) thrown at [D:\re\workspace\8-2-build-windows-amd64-cygwin\jdk8u25\1677\hotspot\src\share\vm\prims\jvm.cpp, line 1312]
Event: 3.073 Thread 0x00000000193e7000 Exception <a 'java/security/PrivilegedActionException'> (0x00000000e593a3d0) thrown at [D:\re\workspace\8-2-build-windows-amd64-cygwin\jdk8u25\1677\hotspot\src\share\vm\prims\jvm.cpp, line 1312]

Events (10 events):
Event: 15.221 loading class javax/swing/JComponent$IntVector done
Event: 15.221 loading class javax/swing/KeyboardManager
Event: 15.221 loading class javax/swing/KeyboardManager done
Event: 15.221 loading class javax/swing/Popup$HeavyWeightWindow
Event: 15.221 loading class sun/awt/ModalExclude
Event: 15.221 loading class sun/awt/ModalExclude done
Event: 15.221 loading class javax/swing/JWindow
Event: 15.221 loading class javax/swing/JWindow done
Event: 15.221 loading class javax/swing/Popup$HeavyWeightWindow done
Event: 15.254 Thread 0x0000000019414800 Thread exited: 0x0000000019414800


Dynamic libraries:
0x00007ff669010000 - 0x00007ff669044000 	C:\Program Files\Java\jre1.8.0_25\bin\javaw.exe
0x00007ff98c320000 - 0x00007ff98c4cc000 	C:\WINDOWS\SYSTEM32\ntdll.dll
0x00007ff989d20000 - 0x00007ff989e5e000 	C:\WINDOWS\system32\KERNEL32.DLL
0x00007ff9897d0000 - 0x00007ff9898e5000 	C:\WINDOWS\system32\KERNELBASE.dll
0x00007ff987ff0000 - 0x00007ff98807e000 	C:\WINDOWS\system32\apphelp.dll
0x00007ff973750000 - 0x00007ff9737a3000 	C:\WINDOWS\AppPatch\AppPatch64\AcGenral.DLL
0x00007ff98a220000 - 0x00007ff98a2ca000 	C:\WINDOWS\system32\msvcrt.dll
0x00007ff9892a0000 - 0x00007ff9892ce000 	C:\WINDOWS\SYSTEM32\SspiCli.dll
0x00007ff98b980000 - 0x00007ff98b9d4000 	C:\WINDOWS\system32\SHLWAPI.dll
0x00007ff989f00000 - 0x00007ff98a077000 	C:\WINDOWS\system32\USER32.dll
0x00007ff98bb50000 - 0x00007ff98bce4000 	C:\WINDOWS\system32\ole32.dll
0x00007ff98a390000 - 0x00007ff98b8a8000 	C:\WINDOWS\system32\SHELL32.dll
0x00007ff988a10000 - 0x00007ff988a31000 	C:\WINDOWS\SYSTEM32\USERENV.dll
0x00007ff989c10000 - 0x00007ff989cba000 	C:\WINDOWS\system32\ADVAPI32.dll
0x00007ff97c880000 - 0x00007ff97c89e000 	C:\WINDOWS\SYSTEM32\MPR.dll
0x00007ff98b9e0000 - 0x00007ff98bb21000 	C:\WINDOWS\system32\RPCRT4.dll
0x00007ff9899a0000 - 0x00007ff9899f9000 	C:\WINDOWS\SYSTEM32\sechost.dll
0x00007ff98bed0000 - 0x00007ff98c0e1000 	C:\WINDOWS\SYSTEM32\combase.dll
0x00007ff98a0c0000 - 0x00007ff98a211000 	C:\WINDOWS\system32\GDI32.dll
0x00007ff989470000 - 0x00007ff989485000 	C:\WINDOWS\SYSTEM32\profapi.dll
0x00007ff987810000 - 0x00007ff9878c2000 	C:\WINDOWS\SYSTEM32\SHCORE.dll
0x00007ff98a080000 - 0x00007ff98a0b6000 	C:\WINDOWS\system32\IMM32.DLL
0x00007ff98c1c0000 - 0x00007ff98c312000 	C:\WINDOWS\system32\MSCTF.dll
0x00007ff986b90000 - 0x00007ff986e0b000 	C:\WINDOWS\WinSxS\amd64_microsoft.windows.common-controls_6595b64144ccf1df_6.0.9600.17415_none_6240486fecbd8abb\COMCTL32.dll
0x0000000075f50000 - 0x0000000076022000 	C:\Program Files\Java\jre1.8.0_25\bin\msvcr100.dll
0x0000000076ae0000 - 0x000000007733a000 	C:\Program Files\Java\jre1.8.0_25\bin\server\jvm.dll
0x00007ff9707d0000 - 0x00007ff9707d9000 	C:\WINDOWS\SYSTEM32\WSOCK32.dll
0x00007ff97ca00000 - 0x00007ff97ca22000 	C:\WINDOWS\SYSTEM32\WINMM.dll
0x00007ff989e80000 - 0x00007ff989e87000 	C:\WINDOWS\system32\PSAPI.DLL
0x00007ff989a00000 - 0x00007ff989a5a000 	C:\WINDOWS\system32\WS2_32.dll
0x00007ff97c8d0000 - 0x00007ff97c8fa000 	C:\WINDOWS\SYSTEM32\WINMMBASE.dll
0x00007ff98bb30000 - 0x00007ff98bb39000 	C:\WINDOWS\system32\NSI.dll
0x00007ff989950000 - 0x00007ff98999f000 	C:\WINDOWS\SYSTEM32\cfgmgr32.dll
0x00007ff988260000 - 0x00007ff988288000 	C:\WINDOWS\SYSTEM32\DEVOBJ.dll
0x0000000076ad0000 - 0x0000000076adf000 	C:\Program Files\Java\jre1.8.0_25\bin\verify.dll
0x0000000076aa0000 - 0x0000000076ac8000 	C:\Program Files\Java\jre1.8.0_25\bin\java.dll
0x0000000076a80000 - 0x0000000076a96000 	C:\Program Files\Java\jre1.8.0_25\bin\zip.dll
0x0000000075db0000 - 0x0000000075f48000 	C:\Program Files\Java\jre1.8.0_25\bin\awt.dll
0x00007ff98c0f0000 - 0x00007ff98c1b1000 	C:\WINDOWS\system32\OLEAUT32.dll
0x00007ff987610000 - 0x00007ff987631000 	C:\WINDOWS\system32\DWMAPI.DLL
0x00007ff988130000 - 0x00007ff988259000 	C:\WINDOWS\system32\uxtheme.dll
0x00007ff9882b0000 - 0x00007ff9882bb000 	C:\WINDOWS\SYSTEM32\kernel.appcore.dll
0x00007ff989340000 - 0x00007ff98934b000 	C:\WINDOWS\SYSTEM32\CRYPTBASE.dll
0x00007ff9892d0000 - 0x00007ff989333000 	C:\WINDOWS\SYSTEM32\bcryptPrimitives.dll
0x00007ff97e8c0000 - 0x00007ff97eae1000 	C:\WINDOWS\system32\d3d9.dll
0x00007ff987180000 - 0x00007ff98718a000 	C:\WINDOWS\SYSTEM32\VERSION.dll
0x00007ff986970000 - 0x00007ff986abb000 	C:\WINDOWS\SYSTEM32\aticfx64.dll
0x00007ff965270000 - 0x00007ff965291000 	C:\WINDOWS\SYSTEM32\atiu9p64.dll
0x00007ff964a80000 - 0x00007ff965265000 	C:\WINDOWS\SYSTEM32\atiumd64.dll
0x0000000076110000 - 0x00000000768c7000 	C:\WINDOWS\SYSTEM32\atiumd6a.dll
0x00000000769f0000 - 0x0000000076a37000 	C:\Program Files\Java\jre1.8.0_25\bin\fontmanager.dll
0x00007ff988ce0000 - 0x00007ff988d00000 	C:\WINDOWS\SYSTEM32\CRYPTSP.dll
0x00007ff988900000 - 0x00007ff988936000 	C:\WINDOWS\system32\rsaenh.dll
0x00007ff988f90000 - 0x00007ff988fb6000 	C:\WINDOWS\SYSTEM32\bcrypt.dll
0x0000000076a60000 - 0x0000000076a7a000 	C:\Program Files\Java\jre1.8.0_25\bin\net.dll
0x00007ff988c80000 - 0x00007ff988cd9000 	C:\WINDOWS\system32\mswsock.dll
0x00007ff9860b0000 - 0x00007ff9860da000 	C:\WINDOWS\SYSTEM32\IPHLPAPI.DLL
0x00007ff986050000 - 0x00007ff98605a000 	C:\WINDOWS\SYSTEM32\WINNSI.DLL
0x00007ff9841e0000 - 0x00007ff9841f6000 	C:\WINDOWS\SYSTEM32\dhcpcsvc6.DLL
0x00007ff984380000 - 0x00007ff98439a000 	C:\WINDOWS\SYSTEM32\dhcpcsvc.DLL
0x0000000076a40000 - 0x0000000076a51000 	C:\Program Files\Java\jre1.8.0_25\bin\nio.dll
0x00000000637c0000 - 0x00000000637cd000 	S:\Users\Ben\AppData\Local\Temp\jogamp_0000\file_cache\jln6856606527653310700\jln3362073601906858614\gluegen-rt.dll
0x00000000769e0000 - 0x00000000769e7000 	C:\Program Files\Java\jre1.8.0_25\bin\jawt.dll
0x000000006a440000 - 0x000000006a44d000 	S:\Users\Ben\AppData\Local\Temp\jogamp_0000\file_cache\jln6856606527653310700\jln3362073601906858614\nativewindow_awt.dll
0x000000006c100000 - 0x000000006c10f000 	S:\Users\Ben\AppData\Local\Temp\jogamp_0000\file_cache\jln6856606527653310700\jln3362073601906858614\nativewindow_win32.dll
0x00007ff960620000 - 0x00007ff96074b000 	C:\WINDOWS\SYSTEM32\OpenGL32.dll
0x00007ff97d7c0000 - 0x00007ff97d7ee000 	C:\WINDOWS\SYSTEM32\GLU32.dll
0x00007ff966bf0000 - 0x00007ff966ce8000 	C:\WINDOWS\SYSTEM32\DDRAW.dll
0x00007ff980290000 - 0x00007ff980299000 	C:\WINDOWS\SYSTEM32\DCIMAN32.dll
0x0000000064500000 - 0x00000000645a2000 	S:\Users\Ben\AppData\Local\Temp\jogamp_0000\file_cache\jln6856606527653310700\jln3362073601906858614\jogl_desktop.dll
0x00007ff97d720000 - 0x00007ff97d738000 	C:\WINDOWS\SYSTEM32\atig6pxx.dll
0x0000000074200000 - 0x0000000075daf000 	C:\WINDOWS\SYSTEM32\atio6axx.dll
0x00007ff98bcf0000 - 0x00007ff98beca000 	C:\WINDOWS\system32\SETUPAPI.dll
0x00007ff986120000 - 0x00007ff986257000 	C:\WINDOWS\SYSTEM32\atiadlxx.dll
0x00007ff986710000 - 0x00007ff98688f000 	C:\WINDOWS\SYSTEM32\PROPSYS.dll
0x00007ff988080000 - 0x00007ff988092000 	C:\WINDOWS\SYSTEM32\WTSAPI32.dll
0x00007ff9898f0000 - 0x00007ff989941000 	C:\WINDOWS\system32\WINTRUST.dll
0x00007ff989540000 - 0x00007ff98971f000 	C:\WINDOWS\system32\CRYPT32.dll
0x00007ff989520000 - 0x00007ff989531000 	C:\WINDOWS\system32\MSASN1.dll
0x00007ff973720000 - 0x00007ff973749000 	C:\WINDOWS\SYSTEM32\atig6txx.dll
0x00007ff95c1a0000 - 0x00007ff95c33c000 	O:\OneDrive\Workspace\ZZavatar\lib\user\KinectPV2\Kinect20.Face.dll
0x00007ff97c900000 - 0x00007ff97c9a7000 	C:\WINDOWS\SYSTEM32\MSVCP110.dll
0x00007ff981bc0000 - 0x00007ff981c8e000 	C:\WINDOWS\SYSTEM32\MSVCR110.dll
0x00007ff980280000 - 0x00007ff980290000 	O:\OneDrive\Workspace\ZZavatar\lib\user\KinectPV2\KinectPV2.dll
0x00007ff960560000 - 0x00007ff96061a000 	C:\WINDOWS\SYSTEM32\Kinect20.dll
0x00007ff97ca30000 - 0x00007ff97cb1b000 	C:\WINDOWS\SYSTEM32\MFPlat.DLL
0x00007ff97c8a0000 - 0x00007ff97c8c7000 	C:\WINDOWS\SYSTEM32\RTWorkQ.DLL
0x00007ff987050000 - 0x00007ff98705c000 	C:\WINDOWS\SYSTEM32\AVRT.dll
0x00007ff963e10000 - 0x00007ff963f9a000 	C:\WINDOWS\SYSTEM32\dbghelp.dll

VM Arguments:
jvm_args: -Djava.library.path=O:\OneDrive\Workspace\ZZavatar\lib\base\video;O:\OneDrive\Workspace\ZZavatar\lib\base\video;O:\OneDrive\Workspace\ZZavatar\lib\base\video;O:\OneDrive\Workspace\ZZavatar\lib\base\core;O:\OneDrive\Workspace\ZZavatar\lib\base\core;O:\OneDrive\Workspace\ZZavatar\lib\base\core;O:\OneDrive\Workspace\ZZavatar\lib\base\core;O:\OneDrive\Workspace\ZZavatar\lib\base\core;O:\OneDrive\Workspace\ZZavatar\lib\base\core;O:\OneDrive\Workspace\ZZavatar\lib\base\core;O:\OneDrive\Workspace\ZZavatar\lib\base\core;O:\OneDrive\Workspace\ZZavatar\lib\base\core;O:\OneDrive\Workspace\ZZavatar\lib\base\core;O:\OneDrive\Workspace\ZZavatar\lib\base\core;O:\OneDrive\Workspace\ZZavatar\lib\base\core;O:\OneDrive\Workspace\ZZavatar\lib\base\core;O:\OneDrive\Workspace\ZZavatar\lib\base\core;O:\OneDrive\Workspace\ZZavatar\lib\base\core;O:\OneDrive\Workspace\ZZavatar\lib\user\Kinect4WinSDK;O:\OneDrive\Workspace\ZZavatar\lib\user\KinectPV2;O:\OneDrive\Workspace\ZZavatar\lib\user\SimpleOpenNI -Dfile.encoding=Cp1252 
java_command: zzavatar.ZZavatar
java_class_path (initial): O:\OneDrive\Workspace\ZZavatar\lib\base\video\gstreamer-java.jar;O:\OneDrive\Workspace\ZZavatar\lib\base\video\jna.jar;O:\OneDrive\Workspace\ZZavatar\lib\base\video\video.jar;O:\OneDrive\Workspace\ZZavatar\lib\base\core\core.jar;O:\OneDrive\Workspace\ZZavatar\lib\base\core\gluegen-rt-natives-linux-amd64.jar;O:\OneDrive\Workspace\ZZavatar\lib\base\core\gluegen-rt-natives-linux-armv6hf.jar;O:\OneDrive\Workspace\ZZavatar\lib\base\core\gluegen-rt-natives-linux-i586.jar;O:\OneDrive\Workspace\ZZavatar\lib\base\core\gluegen-rt-natives-macosx-universal.jar;O:\OneDrive\Workspace\ZZavatar\lib\base\core\gluegen-rt-natives-windows-amd64.jar;O:\OneDrive\Workspace\ZZavatar\lib\base\core\gluegen-rt-natives-windows-i586.jar;O:\OneDrive\Workspace\ZZavatar\lib\base\core\gluegen-rt.jar;O:\OneDrive\Workspace\ZZavatar\lib\base\core\jogl-all-natives-linux-amd64.jar;O:\OneDrive\Workspace\ZZavatar\lib\base\core\jogl-all-natives-linux-armv6hf.jar;O:\OneDrive\Workspace\ZZavatar\lib\base\core\jogl-all-natives-linux-i586.jar;O:\OneDrive\Workspace\ZZavatar\lib\base\core\jogl-all-natives-macosx-universal.jar;O:\OneDrive\Workspace\ZZavatar\lib\base\core\jogl-all-natives-windows-amd64.jar;O:\OneDrive\Workspace\ZZavatar\lib\base\core\jogl-all-natives-windows-i586.jar;O:\OneDrive\Workspace\ZZavatar\lib\base\core\jogl-all.jar;O:\OneDrive\Workspace\ZZavatar\lib\user\Kinect4WinSDK\Kinect4WinSDK.jar;O:\OneDrive\Workspace\ZZavatar\lib\user\KinectPV2\KinectPV2.jar;O:\OneDrive\Workspace\ZZavatar\lib\user\SimpleOpenNI\SimpleOpenNI.jar;O:\OneDrive\Workspace\ZZavatar\bin
Launcher Type: SUN_STANDARD

Environment Variables:
JAVA_HOME=C:\Program Files\Java\jdk1.8.0_25
PATH=C:/Program Files/Java/jre1.8.0_25/bin/server;C:/Program Files/Java/jre1.8.0_25/bin;C:/Program Files/Java/jre1.8.0_25/lib/amd64;C:\Program Files (x86)\NVIDIA Corporation\PhysX\Common;C:\ProgramData\Oracle\Java\javapath;C:\Program Files (x86)\Common Files\Intel\Shared Libraries\redist\intel64\compiler;C:\Program Files (x86)\Common Files\Intel\Shared Libraries\redist\ia32\compiler;C:\Program Files (x86)\Intel\iCLS Client\;C:\Program Files\Intel\iCLS Client\;C:\Program Files (x86)\AMD APP\bin\x86_64;C:\Program Files (x86)\AMD APP\bin\x86;C:\WINDOWS\system32;C:\WINDOWS;C:\WINDOWS\System32\Wbem;C:\WINDOWS\System32\WindowsPowerShell\v1.0\;C:\Program Files (x86)\ATI Technologies\ATI.ACE\Core-Static;C:\Program Files\Intel\Intel(R) Management Engine Components\DAL;C:\Program Files\Intel\Intel(R) Management Engine Components\IPT;C:\Program Files (x86)\Intel\Intel(R) Management Engine Components\DAL;C:\Program Files (x86)\Intel\Intel(R) Management Engine Components\IPT;C:\Program Files\Sony\VAIO Improvement\;C:\Program Files (x86)\Sony\VAIO Startup Setting Tool;C:\Program Files (x86)\Windows Kits\8.1\Windows Performance Toolkit\;C:\Program Files\Microsoft SQL Server\110\Tools\Binn\;C:\Program Files (x86)\Microsoft SDKs\TypeScript\1.0\;C:\Program Files\Microsoft\Web Platform Installer\;C:\Program Files (x86)\Java\jre1.8.0_25\bin;P:\Programs\Python27\Scripts;P:\Programs\Python27;C:\Program Files\Common Files\Autodesk Shared\;P:\Program Files\Programs;P:\Program Files\Games;P:\Programs\Eclipse;
USERNAME=Benoît
OS=Windows_NT
PROCESSOR_IDENTIFIER=Intel64 Family 6 Model 58 Stepping 9, GenuineIntel



---------------  S Y S T E M  ---------------

OS: Windows 8.1 , 64 bit Build 9600 

CPU:total 8 (4 cores per cpu, 2 threads per core) family 6 model 58 stepping 9, cmov, cx8, fxsr, mmx, sse, sse2, sse3, ssse3, sse4.1, sse4.2, popcnt, avx, aes, clmul, erms, ht, tsc, tscinvbit, tscinv

Memory: 4k page, physical 6237468k(1536476k free), swap 10431772k(4353884k free)

vm_info: Java HotSpot(TM) 64-Bit Server VM (25.25-b02) for windows-amd64 JRE (1.8.0_25-b18), built on Oct  7 2014 14:25:37 by "java_re" with MS VC++ 10.0 (VS2010)

time: Fri Apr 24 16:30:05 2015
elapsed time: 15 seconds (0d 0h 0m 15s)

