#
# A fatal error has been detected by the Java Runtime Environment:
#
#  EXCEPTION_ACCESS_VIOLATION (0xc0000005) at pc=0x00007ff965884139, pid=2076, tid=2596
#
# JRE version: Java(TM) SE Runtime Environment (8.0_31-b13) (build 1.8.0_31-b13)
# Java VM: Java HotSpot(TM) 64-Bit Server VM (25.31-b07 mixed mode windows-amd64 compressed oops)
# Problematic frame:
# C  [KinectPV2.dll+0x4139]
#
# Failed to write core dump. Minidumps are not enabled by default on client versions of Windows
#
# If you would like to submit a bug report, please visit:
#   http://bugreport.java.com/bugreport/crash.jsp
# The crash happened outside the Java Virtual Machine in native code.
# See problematic frame for where to report the bug.
#

---------------  T H R E A D  ---------------

Current thread (0x000000001f397800):  JavaThread "Animation Thread" [_thread_in_native, id=2596, stack(0x0000000022510000,0x0000000022610000)]

siginfo: ExceptionCode=0xc0000005, reading address 0x0000000000000004

Registers:
RAX=0x0000000000000001, RBX=0x0000000034bf5040, RCX=0x0000000000000004, RDX=0x0000000000000000
RSP=0x000000002260e630, RBP=0x0000000000000006, RSI=0x0000000000000000, RDI=0x00000000255cf358
R8 =0x000000002260e2f8, R9 =0x0000000000008000, R10=0x0000000000000000, R11=0x000000002260e530
R12=0x0000000000000000, R13=0x000000002629e9e0, R14=0x0000000000000000, R15=0x000000001f397800
RIP=0x00007ff965884139, EFLAGS=0x0000000000010202

Top of Stack: (sp=0x000000002260e630)
0x000000002260e630:   00000000255cf328 0000000025154278
0x000000002260e640:   00000000255cf328 0000000000000000
0x000000002260e650:   000000002260e720 00007ff965881fba
0x000000002260e660:   000000002260e720 000000002260e700
0x000000002260e670:   000000001f3979e8 000000001f349900
0x000000002260e680:   0000000000000000 0000000002965534
0x000000002260e690:   000000002629e9e0 00000006cbe52350
0x000000002260e6a0:   00000006cbe52350 000000001f397800
0x000000002260e6b0:   000000002260e778 0000000002965262
0x000000002260e6c0:   000000002260e6c0 000000002629e9e0
0x000000002260e6d0:   000000002260e720 00000000262a0028
0x000000002260e6e0:   0000000000000000 000000002629e9e0
0x000000002260e6f0:   0000000000000000 000000002260e720
0x000000002260e700:   000000002260e768 0000000002957a2d
0x000000002260e710:   0000000000000000 000000000295f6b8
0x000000002260e720:   00000006cb643b40 000000002260e728 

Instructions: (pc=0x00007ff965884139)
0x00007ff965884119:   90 00 00 00 48 8b 4f 30 48 85 c9 74 0a 48 8b 01
0x00007ff965884129:   ff 50 10 4c 89 77 30 48 8b 4f 60 48 85 c9 74 0a
0x00007ff965884139:   48 8b 01 ff 50 10 4c 89 77 60 48 83 c7 08 48 ff
0x00007ff965884149:   cd 75 94 48 8b 5c 24 30 48 8b 6c 24 38 48 8b 74 


Register to memory mapping:

RAX=0x0000000000000001 is an unknown value
RBX=0x0000000034bf5040 is an unknown value
RCX=0x0000000000000004 is an unknown value
RDX=0x0000000000000000 is an unknown value
RSP=0x000000002260e630 is pointing into the stack for thread: 0x000000001f397800
RBP=0x0000000000000006 is an unknown value
RSI=0x0000000000000000 is an unknown value
RDI=0x00000000255cf358 is an unknown value
R8 =0x000000002260e2f8 is pointing into the stack for thread: 0x000000001f397800
R9 =0x0000000000008000 is an unknown value
R10=0x0000000000000000 is an unknown value
R11=0x000000002260e530 is pointing into the stack for thread: 0x000000001f397800
R12=0x0000000000000000 is an unknown value
R13={method} {0x000000002629e9e8} 'jniStopDevice' '()V' in 'KinectPV2/Device'
R14=0x0000000000000000 is an unknown value
R15=0x000000001f397800 is a thread


Stack: [0x0000000022510000,0x0000000022610000],  sp=0x000000002260e630,  free space=1017k
Native frames: (J=compiled Java code, j=interpreted, Vv=VM code, C=native code)
C  [KinectPV2.dll+0x4139]
C  [KinectPV2.dll+0x1fba]
C  0x0000000002965534

Java frames: (J=compiled Java code, j=interpreted, Vv=VM code)
j  KinectPV2.Device.jniStopDevice()V+0
j  KinectPV2.Device.stopDevice()V+41
j  KinectPV2.KinectPV2.dispose()V+14
v  ~StubRoutines::call_stub
j  sun.reflect.NativeMethodAccessorImpl.invoke0(Ljava/lang/reflect/Method;Ljava/lang/Object;[Ljava/lang/Object;)Ljava/lang/Object;+0
j  sun.reflect.NativeMethodAccessorImpl.invoke(Ljava/lang/Object;[Ljava/lang/Object;)Ljava/lang/Object;+100
J 2068 C1 sun.reflect.DelegatingMethodAccessorImpl.invoke(Ljava/lang/Object;[Ljava/lang/Object;)Ljava/lang/Object; (10 bytes) @ 0x0000000003093c4c [0x0000000003093b40+0x10c]
J 2067 C1 java.lang.reflect.Method.invoke(Ljava/lang/Object;[Ljava/lang/Object;)Ljava/lang/Object; (62 bytes) @ 0x000000000308f9ac [0x000000000308f5c0+0x3ec]
j  processing.core.PApplet$RegisteredMethods.handle([Ljava/lang/Object;)V+18
J 1850 C1 processing.core.PApplet.handleMethods(Ljava/lang/String;)V (21 bytes) @ 0x000000000300c91c [0x000000000300c660+0x2bc]
j  processing.core.PApplet.dispose()V+35
j  processing.core.PApplet.run()V+283
j  java.lang.Thread.run()V+11
v  ~StubRoutines::call_stub

---------------  P R O C E S S  ---------------

Java Threads: ( => current thread )
  0x0000000023dd8800 JavaThread "Animation Thread-SharedResourceRunner" daemon [_thread_blocked, id=4820, stack(0x0000000024d80000,0x0000000024e80000)]
  0x0000000002752800 JavaThread "DestroyJavaVM" [_thread_blocked, id=5928, stack(0x00000000025b0000,0x00000000026b0000)]
  0x000000001f3a9800 JavaThread "D3D Screen Updater" daemon [_thread_blocked, id=6516, stack(0x0000000022810000,0x0000000022910000)]
=>0x000000001f397800 JavaThread "Animation Thread" [_thread_in_native, id=2596, stack(0x0000000022510000,0x0000000022610000)]
  0x000000001f364800 JavaThread "AWT-EventQueue-0" [_thread_blocked, id=6080, stack(0x0000000022310000,0x0000000022410000)]
  0x000000001f2aa000 JavaThread "AWT-Windows" daemon [_thread_in_native, id=5060, stack(0x000000001fbc0000,0x000000001fcc0000)]
  0x000000001f2a9000 JavaThread "AWT-Shutdown" [_thread_blocked, id=4576, stack(0x000000001fac0000,0x000000001fbc0000)]
  0x000000001e77e800 JavaThread "Java2D Disposer" daemon [_thread_blocked, id=1004, stack(0x000000001f9c0000,0x000000001fac0000)]
  0x000000001e43e800 JavaThread "Service Thread" daemon [_thread_blocked, id=5580, stack(0x000000001ed80000,0x000000001ee80000)]
  0x000000001e3be800 JavaThread "C1 CompilerThread3" daemon [_thread_blocked, id=5084, stack(0x000000001ec80000,0x000000001ed80000)]
  0x000000001e3b0000 JavaThread "C2 CompilerThread2" daemon [_thread_blocked, id=5656, stack(0x000000001eb80000,0x000000001ec80000)]
  0x000000001e3a9000 JavaThread "C2 CompilerThread1" daemon [_thread_blocked, id=7136, stack(0x000000001ea80000,0x000000001eb80000)]
  0x000000001e3a6800 JavaThread "C2 CompilerThread0" daemon [_thread_blocked, id=4744, stack(0x000000001e980000,0x000000001ea80000)]
  0x000000001e3a5000 JavaThread "Attach Listener" daemon [_thread_blocked, id=2252, stack(0x000000001e880000,0x000000001e980000)]
  0x000000001e3af800 JavaThread "Signal Dispatcher" daemon [_thread_blocked, id=3280, stack(0x000000001e780000,0x000000001e880000)]
  0x0000000002847800 JavaThread "Finalizer" daemon [_thread_blocked, id=5420, stack(0x000000001e280000,0x000000001e380000)]
  0x0000000002840800 JavaThread "Reference Handler" daemon [_thread_blocked, id=2480, stack(0x000000001e180000,0x000000001e280000)]

Other Threads:
  0x000000001c389000 VMThread [stack: 0x000000001e080000,0x000000001e180000] [id=5312]
  0x000000001e440800 WatcherThread [stack: 0x000000001ee80000,0x000000001ef80000] [id=672]

VM state:not at safepoint (normal execution)

VM Mutex/Monitor currently owned by a thread: None

Heap:
 PSYoungGen      total 897024K, used 47457K [0x000000076b300000, 0x00000007a2d00000, 0x00000007c0000000)
  eden space 884736K, 5% used [0x000000076b300000,0x000000076e148518,0x00000007a1300000)
  from space 12288K, 0% used [0x00000007a2100000,0x00000007a2110000,0x00000007a2d00000)
  to   space 13312K, 0% used [0x00000007a1300000,0x00000007a1300000,0x00000007a2000000)
 ParOldGen       total 325120K, used 182077K [0x00000006c1800000, 0x00000006d5580000, 0x000000076b300000)
  object space 325120K, 56% used [0x00000006c1800000,0x00000006cc9cf5a8,0x00000006d5580000)
 Metaspace       used 18056K, capacity 18291K, committed 18560K, reserved 1067008K
  class space    used 1729K, capacity 1794K, committed 1920K, reserved 1048576K

Card table byte_map: [0x0000000011d10000,0x0000000012510000] byte_map_base: 0x000000000e704000

Marking Bits: (ParMarkBitMap*) 0x000000006a28d4f0
 Begin Bits: [0x0000000013260000, 0x0000000017200000)
 End Bits:   [0x0000000017200000, 0x000000001b1a0000)

Polling page: 0x0000000000cf0000

CodeCache: size=245760Kb used=8872Kb max_used=8894Kb free=236887Kb
 bounds [0x0000000002950000, 0x0000000003210000, 0x0000000011950000]
 total_blobs=3329 nmethods=2459 adapters=785
 compilation: enabled

Compilation events (10 events):
Event: 51.936 Thread 0x000000001e3a6800 2485       4       processing.core.PMatrix3D::determinant (388 bytes)
Event: 51.938 Thread 0x000000001e3a6800 nmethod 2485 0x0000000002a77550 code [0x0000000002a77680, 0x0000000002a77898]
Event: 52.768 Thread 0x000000001e3a9000 2486   !   4       sun.awt.PostEventQueue::flush (168 bytes)
Event: 52.861 Thread 0x000000001e3a9000 nmethod 2486 0x0000000003200d10 code [0x00000000032011e0, 0x0000000003205478]
Event: 53.695 Thread 0x000000001e3be800 2487       3       java.awt.event.ComponentEvent::<init> (7 bytes)
Event: 53.696 Thread 0x000000001e3be800 nmethod 2487 0x0000000002a82690 code [0x0000000002a82800, 0x0000000002a82988]
Event: 53.795 Thread 0x000000001e3be800 2488       3       sun.awt.windows.WComponentPeer::postEvent (17 bytes)
Event: 53.795 Thread 0x000000001e3be800 nmethod 2488 0x0000000002aeb410 code [0x0000000002aeb5e0, 0x0000000002aebd38]
Event: 53.885 Thread 0x000000001e3be800 2489       3       java.awt.KeyboardFocusManager::checkKFMSecurity (11 bytes)
Event: 53.885 Thread 0x000000001e3be800 nmethod 2489 0x00000000031ee290 code [0x00000000031ee460, 0x00000000031ee978]

GC Heap History (10 events):
Event: 48.450 GC heap before
{Heap before GC invocations=47 (full 1):
 PSYoungGen      total 877056K, used 860768K [0x000000076b300000, 0x00000007a2280000, 0x00000007c0000000)
  eden space 860672K, 100% used [0x000000076b300000,0x000000079fb80000,0x000000079fb80000)
  from space 16384K, 0% used [0x000000079fb80000,0x000000079fb98000,0x00000007a0b80000)
  to   space 15360K, 0% used [0x00000007a1380000,0x00000007a1380000,0x00000007a2280000)
 ParOldGen       total 325120K, used 182045K [0x00000006c1800000, 0x00000006d5580000, 0x000000076b300000)
  object space 325120K, 55% used [0x00000006c1800000,0x00000006cc9c75a8,0x00000006d5580000)
 Metaspace       used 18018K, capacity 18227K, committed 18560K, reserved 1067008K
  class space    used 1717K, capacity 1794K, committed 1920K, reserved 1048576K
Event: 48.451 GC heap after
Heap after GC invocations=47 (full 1):
 PSYoungGen      total 881152K, used 64K [0x000000076b300000, 0x00000007a1f80000, 0x00000007c0000000)
  eden space 868864K, 0% used [0x000000076b300000,0x000000076b300000,0x00000007a0380000)
  from space 12288K, 0% used [0x00000007a1380000,0x00000007a1390000,0x00000007a1f80000)
  to   space 14336K, 0% used [0x00000007a0380000,0x00000007a0380000,0x00000007a1180000)
 ParOldGen       total 325120K, used 182045K [0x00000006c1800000, 0x00000006d5580000, 0x000000076b300000)
  object space 325120K, 55% used [0x00000006c1800000,0x00000006cc9c75a8,0x00000006d5580000)
 Metaspace       used 18018K, capacity 18227K, committed 18560K, reserved 1067008K
  class space    used 1717K, capacity 1794K, committed 1920K, reserved 1048576K
}
Event: 49.789 GC heap before
{Heap before GC invocations=48 (full 1):
 PSYoungGen      total 881152K, used 868928K [0x000000076b300000, 0x00000007a1f80000, 0x00000007c0000000)
  eden space 868864K, 100% used [0x000000076b300000,0x00000007a0380000,0x00000007a0380000)
  from space 12288K, 0% used [0x00000007a1380000,0x00000007a1390000,0x00000007a1f80000)
  to   space 14336K, 0% used [0x00000007a0380000,0x00000007a0380000,0x00000007a1180000)
 ParOldGen       total 325120K, used 182045K [0x00000006c1800000, 0x00000006d5580000, 0x000000076b300000)
  object space 325120K, 55% used [0x00000006c1800000,0x00000006cc9c75a8,0x00000006d5580000)
 Metaspace       used 18018K, capacity 18227K, committed 18560K, reserved 1067008K
  class space    used 1717K, capacity 1794K, committed 1920K, reserved 1048576K
Event: 49.791 GC heap after
Heap after GC invocations=48 (full 1):
 PSYoungGen      total 883200K, used 64K [0x000000076b300000, 0x00000007a2580000, 0x00000007c0000000)
  eden space 868864K, 0% used [0x000000076b300000,0x000000076b300000,0x00000007a0380000)
  from space 14336K, 0% used [0x00000007a0380000,0x00000007a0390000,0x00000007a1180000)
  to   space 13312K, 0% used [0x00000007a1880000,0x00000007a1880000,0x00000007a2580000)
 ParOldGen       total 325120K, used 182053K [0x00000006c1800000, 0x00000006d5580000, 0x000000076b300000)
  object space 325120K, 55% used [0x00000006c1800000,0x00000006cc9c95a8,0x00000006d5580000)
 Metaspace       used 18018K, capacity 18227K, committed 18560K, reserved 1067008K
  class space    used 1717K, capacity 1794K, committed 1920K, reserved 1048576K
}
Event: 51.184 GC heap before
{Heap before GC invocations=49 (full 1):
 PSYoungGen      total 883200K, used 868557K [0x000000076b300000, 0x00000007a2580000, 0x00000007c0000000)
  eden space 868864K, 99% used [0x000000076b300000,0x00000007a0323660,0x00000007a0380000)
  from space 14336K, 0% used [0x00000007a0380000,0x00000007a0390000,0x00000007a1180000)
  to   space 13312K, 0% used [0x00000007a1880000,0x00000007a1880000,0x00000007a2580000)
 ParOldGen       total 325120K, used 182053K [0x00000006c1800000, 0x00000006d5580000, 0x000000076b300000)
  object space 325120K, 55% used [0x00000006c1800000,0x00000006cc9c95a8,0x00000006d5580000)
 Metaspace       used 18018K, capacity 18227K, committed 18560K, reserved 1067008K
  class space    used 1717K, capacity 1794K, committed 1920K, reserved 1048576K
Event: 51.191 GC heap after
Heap after GC invocations=49 (full 1):
 PSYoungGen      total 888832K, used 8164K [0x000000076b300000, 0x00000007a2b80000, 0x00000007c0000000)
  eden space 875520K, 0% used [0x000000076b300000,0x000000076b300000,0x00000007a0a00000)
  from space 13312K, 61% used [0x00000007a1880000,0x00000007a2079010,0x00000007a2580000)
  to   space 14848K, 0% used [0x00000007a0a00000,0x00000007a0a00000,0x00000007a1880000)
 ParOldGen       total 325120K, used 182061K [0x00000006c1800000, 0x00000006d5580000, 0x000000076b300000)
  object space 325120K, 55% used [0x00000006c1800000,0x00000006cc9cb5a8,0x00000006d5580000)
 Metaspace       used 18018K, capacity 18227K, committed 18560K, reserved 1067008K
  class space    used 1717K, capacity 1794K, committed 1920K, reserved 1048576K
}
Event: 52.554 GC heap before
{Heap before GC invocations=50 (full 1):
 PSYoungGen      total 888832K, used 883684K [0x000000076b300000, 0x00000007a2b80000, 0x00000007c0000000)
  eden space 875520K, 100% used [0x000000076b300000,0x00000007a0a00000,0x00000007a0a00000)
  from space 13312K, 61% used [0x00000007a1880000,0x00000007a2079010,0x00000007a2580000)
  to   space 14848K, 0% used [0x00000007a0a00000,0x00000007a0a00000,0x00000007a1880000)
 ParOldGen       total 325120K, used 182061K [0x00000006c1800000, 0x00000006d5580000, 0x000000076b300000)
  object space 325120K, 55% used [0x00000006c1800000,0x00000006cc9cb5a8,0x00000006d5580000)
 Metaspace       used 18018K, capacity 18227K, committed 18560K, reserved 1067008K
  class space    used 1717K, capacity 1794K, committed 1920K, reserved 1048576K
Event: 52.556 GC heap after
Heap after GC invocations=50 (full 1):
 PSYoungGen      total 890368K, used 96K [0x000000076b300000, 0x00000007a2e80000, 0x00000007c0000000)
  eden space 875520K, 0% used [0x000000076b300000,0x000000076b300000,0x00000007a0a00000)
  from space 14848K, 0% used [0x00000007a0a00000,0x00000007a0a18000,0x00000007a1880000)
  to   space 13824K, 0% used [0x00000007a2100000,0x00000007a2100000,0x00000007a2e80000)
 ParOldGen       total 325120K, used 182077K [0x00000006c1800000, 0x00000006d5580000, 0x000000076b300000)
  object space 325120K, 56% used [0x00000006c1800000,0x00000006cc9cf5a8,0x00000006d5580000)
 Metaspace       used 18018K, capacity 18227K, committed 18560K, reserved 1067008K
  class space    used 1717K, capacity 1794K, committed 1920K, reserved 1048576K
}
Event: 53.958 GC heap before
{Heap before GC invocations=51 (full 1):
 PSYoungGen      total 890368K, used 875616K [0x000000076b300000, 0x00000007a2e80000, 0x00000007c0000000)
  eden space 875520K, 100% used [0x000000076b300000,0x00000007a0a00000,0x00000007a0a00000)
  from space 14848K, 0% used [0x00000007a0a00000,0x00000007a0a18000,0x00000007a1880000)
  to   space 13824K, 0% used [0x00000007a2100000,0x00000007a2100000,0x00000007a2e80000)
 ParOldGen       total 325120K, used 182077K [0x00000006c1800000, 0x00000006d5580000, 0x000000076b300000)
  object space 325120K, 56% used [0x00000006c1800000,0x00000006cc9cf5a8,0x00000006d5580000)
 Metaspace       used 18020K, capacity 18227K, committed 18560K, reserved 1067008K
  class space    used 1717K, capacity 1794K, committed 1920K, reserved 1048576K
Event: 53.961 GC heap after
Heap after GC invocations=51 (full 1):
 PSYoungGen      total 897024K, used 64K [0x000000076b300000, 0x00000007a2d00000, 0x00000007c0000000)
  eden space 884736K, 0% used [0x000000076b300000,0x000000076b300000,0x00000007a1300000)
  from space 12288K, 0% used [0x00000007a2100000,0x00000007a2110000,0x00000007a2d00000)
  to   space 13312K, 0% used [0x00000007a1300000,0x00000007a1300000,0x00000007a2000000)
 ParOldGen       total 325120K, used 182077K [0x00000006c1800000, 0x00000006d5580000, 0x000000076b300000)
  object space 325120K, 56% used [0x00000006c1800000,0x00000006cc9cf5a8,0x00000006d5580000)
 Metaspace       used 18020K, capacity 18227K, committed 18560K, reserved 1067008K
  class space    used 1717K, capacity 1794K, committed 1920K, reserved 1048576K
}

Deoptimization events (10 events):
Event: 1.884 Thread 0x000000001f364800 Uncommon trap: reason=unreached action=reinterpret pc=0x0000000002c7444c method=com.jogamp.common.nio.Buffers.getDirectBufferByteOffset(Ljava/lang/Object;)I @ 1
Event: 2.045 Thread 0x000000001f364800 Uncommon trap: reason=unreached action=reinterpret pc=0x0000000002c76994 method=com.jogamp.common.util.IntIntHashMap.get(I)I @ 19
Event: 2.343 Thread 0x000000001f364800 Uncommon trap: reason=array_check action=maybe_recompile pc=0x0000000002d166ac method=java.util.AbstractCollection.toArray([Ljava/lang/Object;)[Ljava/lang/Object; @ 119
Event: 2.343 Thread 0x000000001f364800 Uncommon trap: reason=array_check action=maybe_recompile pc=0x0000000002d166ac method=java.util.AbstractCollection.toArray([Ljava/lang/Object;)[Ljava/lang/Object; @ 119
Event: 2.343 Thread 0x000000001f364800 Uncommon trap: reason=array_check action=maybe_recompile pc=0x0000000002d166ac method=java.util.AbstractCollection.toArray([Ljava/lang/Object;)[Ljava/lang/Object; @ 119
Event: 2.343 Thread 0x000000001f364800 Uncommon trap: reason=array_check action=maybe_recompile pc=0x0000000002d166ac method=java.util.AbstractCollection.toArray([Ljava/lang/Object;)[Ljava/lang/Object; @ 119
Event: 2.393 Thread 0x000000001f36d000 Uncommon trap: reason=range_check action=make_not_entrant pc=0x0000000002cdb610 method=java.awt.image.DirectColorModel.setFields()V @ 65
Event: 2.931 Thread 0x000000001f364800 Uncommon trap: reason=predicate action=maybe_recompile pc=0x0000000002d405c8 method=java.util.ArrayList.indexOf(Ljava/lang/Object;)I @ 44
Event: 3.142 Thread 0x000000001f364800 Uncommon trap: reason=unreached action=reinterpret pc=0x0000000002d5d538 method=processing.opengl.PGraphicsOpenGL$InGeometry.addVertex(FFFIFFFFFIFIIIFIZ)I @ 218
Event: 3.369 Thread 0x000000001f364800 Uncommon trap: reason=unreached action=reinterpret pc=0x0000000002c24df0 method=java.lang.reflect.AccessibleObject.setAccessible0(Ljava/lang/reflect/AccessibleObject;Z)V @ 4

Internal exceptions (10 events):
Event: 3.062 Thread 0x000000001f364800 Exception <a 'java/security/PrivilegedActionException'> (0x000000076f1458c8) thrown at [C:\workspace\8-2-build-windows-amd64-cygwin\jdk8u31\2394\hotspot\src\share\vm\prims\jvm.cpp, line 1312]
Event: 3.062 Thread 0x000000001f364800 Exception <a 'java/security/PrivilegedActionException'> (0x000000076f149a78) thrown at [C:\workspace\8-2-build-windows-amd64-cygwin\jdk8u31\2394\hotspot\src\share\vm\prims\jvm.cpp, line 1312]
Event: 3.063 Thread 0x000000001f364800 Exception <a 'java/security/PrivilegedActionException'> (0x000000076f14e180) thrown at [C:\workspace\8-2-build-windows-amd64-cygwin\jdk8u31\2394\hotspot\src\share\vm\prims\jvm.cpp, line 1312]
Event: 3.063 Thread 0x000000001f364800 Exception <a 'java/security/PrivilegedActionException'> (0x000000076f152868) thrown at [C:\workspace\8-2-build-windows-amd64-cygwin\jdk8u31\2394\hotspot\src\share\vm\prims\jvm.cpp, line 1312]
Event: 3.064 Thread 0x000000001f364800 Exception <a 'java/security/PrivilegedActionException'> (0x000000076f1566c0) thrown at [C:\workspace\8-2-build-windows-amd64-cygwin\jdk8u31\2394\hotspot\src\share\vm\prims\jvm.cpp, line 1312]
Event: 3.064 Thread 0x000000001f364800 Exception <a 'java/security/PrivilegedActionException'> (0x000000076f15b1b0) thrown at [C:\workspace\8-2-build-windows-amd64-cygwin\jdk8u31\2394\hotspot\src\share\vm\prims\jvm.cpp, line 1312]
Event: 3.064 Thread 0x000000001f364800 Exception <a 'java/security/PrivilegedActionException'> (0x000000076f15ebd8) thrown at [C:\workspace\8-2-build-windows-amd64-cygwin\jdk8u31\2394\hotspot\src\share\vm\prims\jvm.cpp, line 1312]
Event: 3.065 Thread 0x000000001f364800 Exception <a 'java/security/PrivilegedActionException'> (0x000000076f162e10) thrown at [C:\workspace\8-2-build-windows-amd64-cygwin\jdk8u31\2394\hotspot\src\share\vm\prims\jvm.cpp, line 1312]
Event: 3.065 Thread 0x000000001f364800 Exception <a 'java/security/PrivilegedActionException'> (0x000000076f169010) thrown at [C:\workspace\8-2-build-windows-amd64-cygwin\jdk8u31\2394\hotspot\src\share\vm\prims\jvm.cpp, line 1312]
Event: 3.078 Thread 0x000000001f364800 Exception <a 'java/security/PrivilegedActionException'> (0x000000076f244910) thrown at [C:\workspace\8-2-build-windows-amd64-cygwin\jdk8u31\2394\hotspot\src\share\vm\prims\jvm.cpp, line 1312]

Events (10 events):
Event: 53.986 loading class javax/swing/JComponent$IntVector
Event: 53.986 loading class javax/swing/JComponent$IntVector done
Event: 53.986 loading class javax/swing/KeyboardManager
Event: 53.986 loading class javax/swing/KeyboardManager done
Event: 53.986 loading class javax/swing/Popup$HeavyWeightWindow
Event: 53.986 loading class sun/awt/ModalExclude
Event: 53.986 loading class sun/awt/ModalExclude done
Event: 53.986 loading class javax/swing/JWindow
Event: 53.987 loading class javax/swing/JWindow done
Event: 53.987 loading class javax/swing/Popup$HeavyWeightWindow done


Dynamic libraries:
0x00007ff7c70d0000 - 0x00007ff7c7104000 	C:\Program Files\Java\jre1.8.0_31\bin\javaw.exe
0x00007ff96b710000 - 0x00007ff96b8bc000 	C:\Windows\SYSTEM32\ntdll.dll
0x00007ff9693f0000 - 0x00007ff96952e000 	C:\Windows\system32\KERNEL32.DLL
0x00007ff968b60000 - 0x00007ff968c75000 	C:\Windows\system32\KERNELBASE.dll
0x00007ff967400000 - 0x00007ff96748e000 	C:\Windows\system32\apphelp.dll
0x00007ff959690000 - 0x00007ff9596e3000 	C:\Windows\AppPatch\AppPatch64\AcGenral.DLL
0x00007ff969060000 - 0x00007ff96910a000 	C:\Windows\system32\msvcrt.dll
0x00007ff968690000 - 0x00007ff9686be000 	C:\Windows\SYSTEM32\SspiCli.dll
0x00007ff96b640000 - 0x00007ff96b694000 	C:\Windows\system32\SHLWAPI.dll
0x00007ff969110000 - 0x00007ff969287000 	C:\Windows\system32\USER32.dll
0x00007ff96acf0000 - 0x00007ff96ae84000 	C:\Windows\system32\ole32.dll
0x00007ff969530000 - 0x00007ff96aa48000 	C:\Windows\system32\SHELL32.dll
0x00007ff967df0000 - 0x00007ff967e11000 	C:\Windows\SYSTEM32\USERENV.dll
0x00007ff96b210000 - 0x00007ff96b2ba000 	C:\Windows\system32\ADVAPI32.dll
0x00007ff9609a0000 - 0x00007ff9609be000 	C:\Windows\SYSTEM32\MPR.dll
0x00007ff969290000 - 0x00007ff9693d1000 	C:\Windows\system32\RPCRT4.dll
0x00007ff96b420000 - 0x00007ff96b479000 	C:\Windows\SYSTEM32\sechost.dll
0x00007ff96aff0000 - 0x00007ff96b201000 	C:\Windows\SYSTEM32\combase.dll
0x00007ff96ae90000 - 0x00007ff96afe1000 	C:\Windows\system32\GDI32.dll
0x00007ff968860000 - 0x00007ff968875000 	C:\Windows\SYSTEM32\profapi.dll
0x00007ff966db0000 - 0x00007ff966e62000 	C:\Windows\SYSTEM32\SHCORE.dll
0x00007ff968d90000 - 0x00007ff968dc6000 	C:\Windows\system32\IMM32.DLL
0x00007ff96b2c0000 - 0x00007ff96b412000 	C:\Windows\system32\MSCTF.dll
0x00007ff9662f0000 - 0x00007ff96656b000 	C:\Windows\WinSxS\amd64_microsoft.windows.common-controls_6595b64144ccf1df_6.0.9600.17415_none_6240486fecbd8abb\COMCTL32.dll
0x000000006ae40000 - 0x000000006af12000 	C:\Program Files\Java\jre1.8.0_31\bin\msvcr100.dll
0x0000000069ab0000 - 0x000000006a30a000 	C:\Program Files\Java\jre1.8.0_31\bin\server\jvm.dll
0x00007ff966a30000 - 0x00007ff966a39000 	C:\Windows\SYSTEM32\WSOCK32.dll
0x00007ff962a70000 - 0x00007ff962a92000 	C:\Windows\SYSTEM32\WINMM.dll
0x00007ff969050000 - 0x00007ff969057000 	C:\Windows\system32\PSAPI.DLL
0x00007ff96b6a0000 - 0x00007ff96b6fa000 	C:\Windows\system32\WS2_32.dll
0x00007ff95fb30000 - 0x00007ff95fb5a000 	C:\Windows\SYSTEM32\WINMMBASE.dll
0x00007ff96b5a0000 - 0x00007ff96b5a9000 	C:\Windows\system32\NSI.dll
0x00007ff968930000 - 0x00007ff96897f000 	C:\Windows\SYSTEM32\cfgmgr32.dll
0x00007ff967680000 - 0x00007ff9676a8000 	C:\Windows\SYSTEM32\DEVOBJ.dll
0x0000000069aa0000 - 0x0000000069aaf000 	C:\Program Files\Java\jre1.8.0_31\bin\verify.dll
0x0000000069a70000 - 0x0000000069a98000 	C:\Program Files\Java\jre1.8.0_31\bin\java.dll
0x0000000069a50000 - 0x0000000069a66000 	C:\Program Files\Java\jre1.8.0_31\bin\zip.dll
0x000000006aca0000 - 0x000000006ae38000 	C:\Program Files\Java\jre1.8.0_31\bin\awt.dll
0x00007ff968dd0000 - 0x00007ff968e91000 	C:\Windows\system32\OLEAUT32.dll
0x00007ff966bb0000 - 0x00007ff966bd1000 	C:\Windows\system32\DWMAPI.DLL
0x00007ff9674d0000 - 0x00007ff9675f9000 	C:\Windows\system32\uxtheme.dll
0x00007ff967650000 - 0x00007ff96765b000 	C:\Windows\SYSTEM32\kernel.appcore.dll
0x00007ff968730000 - 0x00007ff96873b000 	C:\Windows\SYSTEM32\CRYPTBASE.dll
0x00007ff9686c0000 - 0x00007ff968723000 	C:\Windows\SYSTEM32\bcryptPrimitives.dll
0x00007ff95dc40000 - 0x00007ff95de61000 	C:\Windows\system32\d3d9.dll
0x00007ff965f40000 - 0x00007ff965f4a000 	C:\Windows\SYSTEM32\VERSION.dll
0x00007ff965fb0000 - 0x00007ff9660f4000 	C:\Windows\SYSTEM32\aticfx64.dll
0x00007ff95ff30000 - 0x00007ff95ff50000 	C:\Windows\SYSTEM32\atiu9p64.dll
0x00007ff948af0000 - 0x00007ff949251000 	C:\Windows\SYSTEM32\atiumd64.dll
0x000000006afd0000 - 0x000000006b85d000 	C:\Windows\SYSTEM32\atiumd6a.dll
0x000000006ac50000 - 0x000000006ac97000 	C:\Program Files\Java\jre1.8.0_31\bin\fontmanager.dll
0x00007ff968230000 - 0x00007ff968250000 	C:\Windows\SYSTEM32\CRYPTSP.dll
0x00007ff967c40000 - 0x00007ff967c76000 	C:\Windows\system32\rsaenh.dll
0x00007ff968380000 - 0x00007ff9683a6000 	C:\Windows\SYSTEM32\bcrypt.dll
0x0000000069a30000 - 0x0000000069a4a000 	C:\Program Files\Java\jre1.8.0_31\bin\net.dll
0x00007ff9681d0000 - 0x00007ff968229000 	C:\Windows\system32\mswsock.dll
0x00007ff963a70000 - 0x00007ff963a9a000 	C:\Windows\SYSTEM32\IPHLPAPI.DLL
0x00007ff963a60000 - 0x00007ff963a6a000 	C:\Windows\SYSTEM32\WINNSI.DLL
0x00007ff962db0000 - 0x00007ff962dc6000 	C:\Windows\SYSTEM32\dhcpcsvc6.DLL
0x00007ff963090000 - 0x00007ff9630aa000 	C:\Windows\SYSTEM32\dhcpcsvc.DLL
0x0000000069a10000 - 0x0000000069a21000 	C:\Program Files\Java\jre1.8.0_31\bin\nio.dll
0x00000000637c0000 - 0x00000000637cd000 	C:\Users\Admin\AppData\Local\Temp\jogamp_0000\file_cache\jln7035934383648460923\jln800552668187758497\gluegen-rt.dll
0x000000006ac40000 - 0x000000006ac47000 	C:\Program Files\Java\jre1.8.0_31\bin\jawt.dll
0x000000006a440000 - 0x000000006a44d000 	C:\Users\Admin\AppData\Local\Temp\jogamp_0000\file_cache\jln7035934383648460923\jln800552668187758497\nativewindow_awt.dll
0x000000006c100000 - 0x000000006c10f000 	C:\Users\Admin\AppData\Local\Temp\jogamp_0000\file_cache\jln7035934383648460923\jln800552668187758497\nativewindow_win32.dll
0x00007ff953960000 - 0x00007ff953a8b000 	C:\Windows\SYSTEM32\OpenGL32.dll
0x00007ff962ab0000 - 0x00007ff962ade000 	C:\Windows\SYSTEM32\GLU32.dll
0x00007ff947720000 - 0x00007ff947818000 	C:\Windows\SYSTEM32\DDRAW.dll
0x00007ff963790000 - 0x00007ff963799000 	C:\Windows\SYSTEM32\DCIMAN32.dll
0x0000000064500000 - 0x00000000645a2000 	C:\Users\Admin\AppData\Local\Temp\jogamp_0000\file_cache\jln7035934383648460923\jln800552668187758497\jogl_desktop.dll
0x00007ff965720000 - 0x00007ff965738000 	C:\Windows\SYSTEM32\atig6pxx.dll
0x0000000068030000 - 0x00000000699d1000 	C:\Windows\SYSTEM32\atio6axx.dll
0x00007ff96ab10000 - 0x00007ff96acea000 	C:\Windows\system32\SETUPAPI.dll
0x00007ff963f20000 - 0x00007ff964048000 	C:\Windows\SYSTEM32\atiadlxx.dll
0x00007ff9650a0000 - 0x00007ff96521f000 	C:\Windows\SYSTEM32\PROPSYS.dll
0x00007ff9673e0000 - 0x00007ff9673f2000 	C:\Windows\SYSTEM32\WTSAPI32.dll
0x00007ff968c80000 - 0x00007ff968cd1000 	C:\Windows\system32\WINTRUST.dll
0x00007ff968980000 - 0x00007ff968b5f000 	C:\Windows\system32\CRYPT32.dll
0x00007ff968910000 - 0x00007ff968921000 	C:\Windows\system32\MSASN1.dll
0x00007ff9635e0000 - 0x00007ff9635fe000 	C:\Windows\SYSTEM32\atig6txx.dll
0x00007ff948460000 - 0x00007ff9485fc000 	C:\Users\Admin\Documents\GitHub\ZZ1-Project\src\Eclipse\ZZavatar\lib\user\KinectPV2\Kinect20.Face.dll
0x00007ff962190000 - 0x00007ff962237000 	C:\Windows\SYSTEM32\MSVCP110.dll
0x00007ff961f70000 - 0x00007ff962044000 	C:\Windows\SYSTEM32\MSVCR110.dll
0x00007ff965880000 - 0x00007ff965890000 	C:\Users\Admin\Documents\GitHub\ZZ1-Project\src\Eclipse\ZZavatar\lib\user\KinectPV2\KinectPV2.dll
0x00007ff9595d0000 - 0x00007ff95968a000 	C:\Windows\SYSTEM32\Kinect20.dll
0x00007ff95c6a0000 - 0x00007ff95c78b000 	C:\Windows\SYSTEM32\MFPlat.DLL
0x00007ff965630000 - 0x00007ff965657000 	C:\Windows\SYSTEM32\RTWorkQ.DLL
0x00007ff966840000 - 0x00007ff96684c000 	C:\Windows\SYSTEM32\AVRT.dll
0x00007ff965aa0000 - 0x00007ff965c2a000 	C:\Windows\SYSTEM32\dbghelp.dll

VM Arguments:
jvm_args: -Djava.library.path=C:\Users\Admin\Documents\GitHub\ZZ1-Project\src\Eclipse\ZZavatar\lib\base\video;C:\Users\Admin\Documents\GitHub\ZZ1-Project\src\Eclipse\ZZavatar\lib\base\video;C:\Users\Admin\Documents\GitHub\ZZ1-Project\src\Eclipse\ZZavatar\lib\base\video;C:\Users\Admin\Documents\GitHub\ZZ1-Project\src\Eclipse\ZZavatar\lib\base\core;C:\Users\Admin\Documents\GitHub\ZZ1-Project\src\Eclipse\ZZavatar\lib\base\core;C:\Users\Admin\Documents\GitHub\ZZ1-Project\src\Eclipse\ZZavatar\lib\base\core;C:\Users\Admin\Documents\GitHub\ZZ1-Project\src\Eclipse\ZZavatar\lib\base\core;C:\Users\Admin\Documents\GitHub\ZZ1-Project\src\Eclipse\ZZavatar\lib\base\core;C:\Users\Admin\Documents\GitHub\ZZ1-Project\src\Eclipse\ZZavatar\lib\base\core;C:\Users\Admin\Documents\GitHub\ZZ1-Project\src\Eclipse\ZZavatar\lib\base\core;C:\Users\Admin\Documents\GitHub\ZZ1-Project\src\Eclipse\ZZavatar\lib\base\core;C:\Users\Admin\Documents\GitHub\ZZ1-Project\src\Eclipse\ZZavatar\lib\base\core;C:\Users\Admin\Documents\GitHub\ZZ1-Project\src\Eclipse\ZZavatar\lib\base\core;C:\Users\Admin\Documents\GitHub\ZZ1-Project\src\Eclipse\ZZavatar\lib\base\core;C:\Users\Admin\Documents\GitHub\ZZ1-Project\src\Eclipse\ZZavatar\lib\base\core;C:\Users\Admin\Documents\GitHub\ZZ1-Project\src\Eclipse\ZZavatar\lib\base\core;C:\Users\Admin\Documents\GitHub\ZZ1-Project\src\Eclipse\ZZavatar\lib\base\core;C:\Users\Admin\Documents\GitHub\ZZ1-Project\src\Eclipse\ZZavatar\lib\base\core;C:\Users\Admin\Documents\GitHub\ZZ1-Project\src\Eclipse\ZZavatar\lib\user\Kinect4WinSDK;C:\Users\Admin\Documents\GitHub\ZZ1-Project\src\Eclipse\ZZavatar\lib\user\KinectPV2;C:\Users\Admin\Documents\GitHub\ZZ1-Project\src\Eclipse\ZZavatar\lib\user\SimpleOpenNI -Dfile.encoding=Cp1252 
java_command: zzavatar.ZZavatar
java_class_path (initial): C:\Users\Admin\Documents\GitHub\ZZ1-Project\src\Eclipse\ZZavatar\lib\base\video\gstreamer-java.jar;C:\Users\Admin\Documents\GitHub\ZZ1-Project\src\Eclipse\ZZavatar\lib\base\video\jna.jar;C:\Users\Admin\Documents\GitHub\ZZ1-Project\src\Eclipse\ZZavatar\lib\base\video\video.jar;C:\Users\Admin\Documents\GitHub\ZZ1-Project\src\Eclipse\ZZavatar\lib\base\core\core.jar;C:\Users\Admin\Documents\GitHub\ZZ1-Project\src\Eclipse\ZZavatar\lib\base\core\gluegen-rt-natives-linux-amd64.jar;C:\Users\Admin\Documents\GitHub\ZZ1-Project\src\Eclipse\ZZavatar\lib\base\core\gluegen-rt-natives-linux-armv6hf.jar;C:\Users\Admin\Documents\GitHub\ZZ1-Project\src\Eclipse\ZZavatar\lib\base\core\gluegen-rt-natives-linux-i586.jar;C:\Users\Admin\Documents\GitHub\ZZ1-Project\src\Eclipse\ZZavatar\lib\base\core\gluegen-rt-natives-macosx-universal.jar;C:\Users\Admin\Documents\GitHub\ZZ1-Project\src\Eclipse\ZZavatar\lib\base\core\gluegen-rt-natives-windows-amd64.jar;C:\Users\Admin\Documents\GitHub\ZZ1-Project\src\Eclipse\ZZavatar\lib\base\core\gluegen-rt-natives-windows-i586.jar;C:\Users\Admin\Documents\GitHub\ZZ1-Project\src\Eclipse\ZZavatar\lib\base\core\gluegen-rt.jar;C:\Users\Admin\Documents\GitHub\ZZ1-Project\src\Eclipse\ZZavatar\lib\base\core\jogl-all-natives-linux-amd64.jar;C:\Users\Admin\Documents\GitHub\ZZ1-Project\src\Eclipse\ZZavatar\lib\base\core\jogl-all-natives-linux-armv6hf.jar;C:\Users\Admin\Documents\GitHub\ZZ1-Project\src\Eclipse\ZZavatar\lib\base\core\jogl-all-natives-linux-i586.jar;C:\Users\Admin\Documents\GitHub\ZZ1-Project\src\Eclipse\ZZavatar\lib\base\core\jogl-all-natives-macosx-universal.jar;C:\Users\Admin\Documents\GitHub\ZZ1-Project\src\Eclipse\ZZavatar\lib\base\core\jogl-all-natives-windows-amd64.jar;C:\Users\Admin\Documents\GitHub\ZZ1-Project\src\Eclipse\ZZavatar\lib\base\core\jogl-all-natives-windows-i586.jar;C:\Users\Admin\Documents\GitHub\ZZ1-Project\src\Eclipse\ZZavatar\lib\base\core\jogl-all.jar;C:\Users\Admin\Documents\GitHub\ZZ1-Project\sr
Launcher Type: SUN_STANDARD

Environment Variables:
PATH=C:/Program Files/Java/jre1.8.0_31/bin/server;C:/Program Files/Java/jre1.8.0_31/bin;C:/Program Files/Java/jre1.8.0_31/lib/amd64;C:\Program Files (x86)\NVIDIA Corporation\PhysX\Common;C:\ProgramData\Oracle\Java\javapath;C:\Windows\system32;C:\Windows;C:\Windows\System32\Wbem;C:\Windows\System32\WindowsPowerShell\v1.0\;C:\Program Files (x86)\ATI Technologies\ATI.ACE\Core-Static;C:\Program Files (x86)\Windows Kits\8.1\Windows Performance Toolkit\;C:\Program Files\Microsoft SQL Server\120\Tools\Binn\;C:\Program Files (x86)\Microsoft SDKs\TypeScript\1.1\;C:\Program Files (x86)\nodejs\;C:\Users\Admin\AppData\Roaming\npm;C:\Program Files\eclipse;
USERNAME=Admin
OS=Windows_NT
PROCESSOR_IDENTIFIER=AMD64 Family 21 Model 2 Stepping 0, AuthenticAMD



---------------  S Y S T E M  ---------------

OS: Windows 8.1 , 64 bit Build 9600 

CPU:total 8 (8 cores per cpu, 1 threads per core) family 21 model 2 stepping 0, cmov, cx8, fxsr, mmx, sse, sse2, sse3, ssse3, sse4.1, sse4.2, popcnt, avx, aes, clmul, mmxext, 3dnowpref, lzcnt, sse4a, tsc, tscinvbit, tscinv, bmi1

Memory: 4k page, physical 16674296k(11576040k free), swap 19164664k(12514776k free)

vm_info: Java HotSpot(TM) 64-Bit Server VM (25.31-b07) for windows-amd64 JRE (1.8.0_31-b13), built on Dec 17 2014 21:00:28 by "java_re" with MS VC++ 10.0 (VS2010)

time: Sun May 10 15:38:39 2015
elapsed time: 54 seconds (0d 0h 0m 54s)

