#
# A fatal error has been detected by the Java Runtime Environment:
#
#  EXCEPTION_ACCESS_VIOLATION (0xc0000005) at pc=0x00007ffe7819464a, pid=6308, tid=6448
#
# JRE version: Java(TM) SE Runtime Environment (8.0_25-b18) (build 1.8.0_25-b18)
# Java VM: Java HotSpot(TM) 64-Bit Server VM (25.25-b02 mixed mode windows-amd64 compressed oops)
# Problematic frame:
# C  [Kinect20.dll+0x1464a]
#
# Failed to write core dump. Minidumps are not enabled by default on client versions of Windows
#
# If you would like to submit a bug report, please visit:
#   http://bugreport.sun.com/bugreport/crash.jsp
# The crash happened outside the Java Virtual Machine in native code.
# See problematic frame for where to report the bug.
#

---------------  T H R E A D  ---------------

Current thread (0x0000000019d14800):  JavaThread "Thread-4" [_thread_in_native, id=6448, stack(0x000000002f160000,0x000000002f260000)]

siginfo: ExceptionCode=0xc0000005, writing address 0x0000000026306040

Registers:
RAX=0x00000000007e9000, RBX=0x00000000003f4800, RCX=0x0000000030850010, RDX=0x0000000000001480
RSP=0x000000002f25e840, RBP=0x000000002f25e860, RSI=0x0000000030470000, RDI=0x0000000025b46040
R8 =0x0000000026306060, R9 =0x00000000007e9000, R10=0x000000001f7acd30, R11=0x000000002f25e938
R12=0x00000000007e9000, R13=0x0000000020c52d68, R14=0x0000000030470000, R15=0x00000000003f4800
RIP=0x00007ffe7819464a, EFLAGS=0x0000000000010202

Top of Stack: (sp=0x000000002f25e840)
0x000000002f25e840:   0000000020c52dc0 000000002f25e8d8
0x000000002f25e850:   000000002f25e8f0 0000024e003f4800
0x000000002f25e860:   0000000000000000 0000000000000000
0x000000002f25e870:   0000000000000000 0000000000000000
0x000000002f25e880:   0000000000000000 0000000000000000
0x000000002f25e890:   0000000000000000 0000000000000000
0x000000002f25e8a0:   0000000000000000 0000000000000000
0x000000002f25e8b0:   0000000000000000 0000000000000000
0x000000002f25e8c0:   0000000000000000 0000000000000000
0x000000002f25e8d0:   0000000000000000 0000000000000000
0x000000002f25e8e0:   0000000000000000 0000000000000000
0x000000002f25e8f0:   0000000000000000 0000000000000000
0x000000002f25e900:   00000000007e9000 00007ffe7818365f
0x000000002f25e910:   fffffffffffffffe 0000a310df72a882
0x000000002f25e920:   0000000000000003 0000000025b46040
0x000000002f25e930:   0000000000000000 00007ffe781b7bd2 

Instructions: (pc=0x00007ffe7819464a)
0x00007ffe7819462a:   ca c5 7c 28 1d 6d fb 05 00 c4 e2 41 2b c0 4d 8d
0x00007ffe7819463a:   40 20 c5 f1 67 d0 48 8d 49 10 c4 e3 6d 18 db 01
0x00007ffe7819464a:   c4 c1 7e 7f 58 e0 ff ca 0f 85 28 fe ff ff c5 f8
0x00007ffe7819465a:   77 4c 8d 9c 24 c0 00 00 00 c4 c1 78 28 73 f0 c4 


Register to memory mapping:

RAX=0x00000000007e9000 is an unknown value
RBX=0x00000000003f4800 is an unknown value
RCX=0x0000000030850010 is an unknown value
RDX=0x0000000000001480 is an unknown value
RSP=0x000000002f25e840 is pointing into the stack for thread: 0x0000000019d14800
RBP=0x000000002f25e860 is pointing into the stack for thread: 0x0000000019d14800
RSI=0x0000000030470000 is an unknown value
RDI=0x0000000025b46040 is an unknown value
R8 =0x0000000026306060 is an unknown value
R9 =0x00000000007e9000 is an unknown value
R10=0x000000001f7acd30 is an unknown value
R11=0x000000002f25e938 is pointing into the stack for thread: 0x0000000019d14800
R12=0x00000000007e9000 is an unknown value
R13=0x0000000020c52d68 is an unknown value
R14=0x0000000030470000 is an unknown value
R15=0x00000000003f4800 is an unknown value


Stack: [0x000000002f160000,0x000000002f260000],  sp=0x000000002f25e840,  free space=1018k
Native frames: (J=compiled Java code, j=interpreted, Vv=VM code, C=native code)
C  [Kinect20.dll+0x1464a]
C  [Kinect20.dll+0x365f]
C  [Kinect20.dll+0x37bd2]
C  [KinectPV2.dll+0x42cb]
C  [KinectPV2.dll+0x16a2]
C  0x0000000002edca79

Java frames: (J=compiled Java code, j=interpreted, Vv=VM code)
J 1035  KinectPV2.Device.jniUpdate()Z (0 bytes) @ 0x0000000002edc9fb [0x0000000002edc9c0+0x3b]
J 2412 C2 KinectPV2.Device.updateDevice()Z (7 bytes) @ 0x0000000002bdc094 [0x0000000002bdc060+0x34]
j  KinectPV2.Device.run()V+4
j  java.lang.Thread.run()V+11
v  ~StubRoutines::call_stub

---------------  P R O C E S S  ---------------

Java Threads: ( => current thread )
  0x00000000322fa800 JavaThread "NativeWindowFactory_ShutdownHook" [_thread_blocked, id=3224, stack(0x0000000025340000,0x0000000025440000)]
  0x000000001eafc800 JavaThread "Thread-0" daemon [_thread_in_native, id=932, stack(0x000000001ca90000,0x000000001cb90000)]
=>0x0000000019d14800 JavaThread "Thread-4" [_thread_in_native, id=6448, stack(0x000000002f160000,0x000000002f260000)]
  0x000000001deb8800 JavaThread "Animation Thread-SharedResourceRunner" daemon [_thread_in_native, id=6320, stack(0x000000001ee60000,0x000000001ef60000)]
  0x000000000111e800 JavaThread "DestroyJavaVM" [_thread_blocked, id=7092, stack(0x00000000028d0000,0x00000000029d0000)]
  0x0000000019b90800 JavaThread "Animation Thread" [_thread_blocked, id=4240, stack(0x000000001cb90000,0x000000001cc90000)]
  0x0000000019b4b800 JavaThread "AWT-EventQueue-0" [_thread_blocked, id=7048, stack(0x000000001c990000,0x000000001ca90000)]
  0x0000000019ac2000 JavaThread "AWT-Windows" daemon [_thread_in_native, id=2568, stack(0x000000001a3c0000,0x000000001a4c0000)]
  0x0000000019ac1000 JavaThread "AWT-Shutdown" [_thread_blocked, id=32, stack(0x000000001a2c0000,0x000000001a3c0000)]
  0x0000000019ac0800 JavaThread "Java2D Disposer" daemon [_thread_blocked, id=5656, stack(0x000000001a1c0000,0x000000001a2c0000)]
  0x00000000188ae800 JavaThread "Service Thread" daemon [_thread_blocked, id=5636, stack(0x00000000191f0000,0x00000000192f0000)]
  0x0000000018832800 JavaThread "C1 CompilerThread3" daemon [_thread_blocked, id=4920, stack(0x00000000190f0000,0x00000000191f0000)]
  0x000000001882e800 JavaThread "C2 CompilerThread2" daemon [_thread_blocked, id=7004, stack(0x0000000018ff0000,0x00000000190f0000)]
  0x000000001881f800 JavaThread "C2 CompilerThread1" daemon [_thread_blocked, id=5668, stack(0x0000000018ef0000,0x0000000018ff0000)]
  0x000000001881d800 JavaThread "C2 CompilerThread0" daemon [_thread_blocked, id=7128, stack(0x0000000018df0000,0x0000000018ef0000)]
  0x0000000018817000 JavaThread "Attach Listener" daemon [_thread_blocked, id=6612, stack(0x0000000018cf0000,0x0000000018df0000)]
  0x0000000018816000 JavaThread "Signal Dispatcher" daemon [_thread_blocked, id=3188, stack(0x0000000018bf0000,0x0000000018cf0000)]
  0x0000000002aca000 JavaThread "Finalizer" daemon [_thread_blocked, id=7060, stack(0x00000000186f0000,0x00000000187f0000)]
  0x0000000002ac1000 JavaThread "Reference Handler" daemon [_thread_blocked, id=5084, stack(0x00000000185f0000,0x00000000186f0000)]

Other Threads:
  0x0000000016819000 VMThread [stack: 0x00000000184f0000,0x00000000185f0000] [id=4488]
  0x00000000188b2800 WatcherThread [stack: 0x00000000192f0000,0x00000000193f0000] [id=5136]

VM state:not at safepoint (normal execution)

VM Mutex/Monitor currently owned by a thread: None

Heap:
 PSYoungGen      total 450560K, used 144066K [0x00000000e0400000, 0x00000000fcc00000, 0x0000000100000000)
  eden space 434688K, 33% used [0x00000000e0400000,0x00000000e9080918,0x00000000fac80000)
  from space 15872K, 1% used [0x00000000fac80000,0x00000000facb0000,0x00000000fbc00000)
  to   space 14848K, 0% used [0x00000000fbd80000,0x00000000fbd80000,0x00000000fcc00000)
 ParOldGen       total 223744K, used 155510K [0x00000000a0c00000, 0x00000000ae680000, 0x00000000e0400000)
  object space 223744K, 69% used [0x00000000a0c00000,0x00000000aa3dd9b0,0x00000000ae680000)
 Metaspace       used 18016K, capacity 18217K, committed 18560K, reserved 1067008K
  class space    used 1736K, capacity 1793K, committed 1920K, reserved 1048576K

Card table byte_map: [0x0000000011e90000,0x0000000012190000] byte_map_base: 0x000000001198a000

Marking Bits: (ParMarkBitMap*) 0x000000006708d490
 Begin Bits: [0x0000000012b90000, 0x0000000014360000)
 End Bits:   [0x0000000014360000, 0x0000000015b30000)

Polling page: 0x0000000001070000

CodeCache: size=245760Kb used=9091Kb max_used=9098Kb free=236668Kb
 bounds [0x0000000002ad0000, 0x00000000033c0000, 0x0000000011ad0000]
 total_blobs=3255 nmethods=2383 adapters=785
 compilation: enabled

Compilation events (10 events):
Event: 21.402 Thread 0x000000001881d800 2415       4       KinectPV2.Skeleton::createSkeletonDepth (199 bytes)
Event: 21.405 Thread 0x000000001881d800 nmethod 2415 0x0000000002c01310 code [0x0000000002c01480, 0x0000000002c016d8]
Event: 21.412 Thread 0x000000001882e800 2416   !   4       jogamp.common.os.MachineDescriptionRuntime::getStatic (106 bytes)
Event: 21.415 Thread 0x000000001882e800 nmethod 2416 0x0000000002c00990 code [0x0000000002c00b20, 0x0000000002c011d8]
Event: 21.445 Thread 0x000000001881f800 2417   !   4       jogamp.common.util.locks.RecursiveLockImpl01Unfairish::validateLocked (147 bytes)
Event: 21.446 Thread 0x000000001881f800 nmethod 2417 0x00000000033b1fd0 code [0x00000000033b2120, 0x00000000033b2418]
Event: 21.662 Thread 0x000000001881d800 2418       4       sun.awt.AppContext::getAppContext (51 bytes)
Event: 21.663 Thread 0x000000001881d800 nmethod 2418 0x0000000002c1ec10 code [0x0000000002c1ed60, 0x0000000002c1ee28]
Event: 22.264 Thread 0x0000000018832800 2419       1       sun.awt.AWTAutoShutdown::getInstance (4 bytes)
Event: 22.264 Thread 0x0000000018832800 nmethod 2419 0x0000000002c00710 code [0x0000000002c00860, 0x0000000002c00950]

GC Heap History (10 events):
Event: 19.633 GC heap before
{Heap before GC invocations=50 (full 3):
 PSYoungGen      total 448000K, used 434511K [0x00000000e0400000, 0x00000000fcd00000, 0x0000000100000000)
  eden space 429056K, 99% used [0x00000000e0400000,0x00000000fa44ae70,0x00000000fa700000)
  from space 18944K, 43% used [0x00000000fb980000,0x00000000fc189010,0x00000000fcc00000)
  to   space 18944K, 0% used [0x00000000fa700000,0x00000000fa700000,0x00000000fb980000)
 ParOldGen       total 223744K, used 155502K [0x00000000a0c00000, 0x00000000ae680000, 0x00000000e0400000)
  object space 223744K, 69% used [0x00000000a0c00000,0x00000000aa3db9b0,0x00000000ae680000)
 Metaspace       used 17975K, capacity 18217K, committed 18560K, reserved 1067008K
  class space    used 1724K, capacity 1793K, committed 1920K, reserved 1048576K
Event: 19.634 GC heap after
Heap after GC invocations=50 (full 3):
 PSYoungGen      total 448000K, used 128K [0x00000000e0400000, 0x00000000fce80000, 0x0000000100000000)
  eden space 429056K, 0% used [0x00000000e0400000,0x00000000e0400000,0x00000000fa700000)
  from space 18944K, 0% used [0x00000000fa700000,0x00000000fa720000,0x00000000fb980000)
  to   space 18432K, 0% used [0x00000000fbc80000,0x00000000fbc80000,0x00000000fce80000)
 ParOldGen       total 223744K, used 155510K [0x00000000a0c00000, 0x00000000ae680000, 0x00000000e0400000)
  object space 223744K, 69% used [0x00000000a0c00000,0x00000000aa3dd9b0,0x00000000ae680000)
 Metaspace       used 17975K, capacity 18217K, committed 18560K, reserved 1067008K
  class space    used 1724K, capacity 1793K, committed 1920K, reserved 1048576K
}
Event: 20.090 GC heap before
{Heap before GC invocations=51 (full 3):
 PSYoungGen      total 448000K, used 429184K [0x00000000e0400000, 0x00000000fce80000, 0x0000000100000000)
  eden space 429056K, 100% used [0x00000000e0400000,0x00000000fa700000,0x00000000fa700000)
  from space 18944K, 0% used [0x00000000fa700000,0x00000000fa720000,0x00000000fb980000)
  to   space 18432K, 0% used [0x00000000fbc80000,0x00000000fbc80000,0x00000000fce80000)
 ParOldGen       total 223744K, used 155510K [0x00000000a0c00000, 0x00000000ae680000, 0x00000000e0400000)
  object space 223744K, 69% used [0x00000000a0c00000,0x00000000aa3dd9b0,0x00000000ae680000)
 Metaspace       used 17975K, capacity 18217K, committed 18560K, reserved 1067008K
  class space    used 1724K, capacity 1793K, committed 1920K, reserved 1048576K
Event: 20.092 GC heap after
Heap after GC invocations=51 (full 3):
 PSYoungGen      total 448000K, used 96K [0x00000000e0400000, 0x00000000fcc00000, 0x0000000100000000)
  eden space 432128K, 0% used [0x00000000e0400000,0x00000000e0400000,0x00000000faa00000)
  from space 15872K, 0% used [0x00000000fbc80000,0x00000000fbc98000,0x00000000fcc00000)
  to   space 17408K, 0% used [0x00000000faa00000,0x00000000faa00000,0x00000000fbb00000)
 ParOldGen       total 223744K, used 155510K [0x00000000a0c00000, 0x00000000ae680000, 0x00000000e0400000)
  object space 223744K, 69% used [0x00000000a0c00000,0x00000000aa3dd9b0,0x00000000ae680000)
 Metaspace       used 17975K, capacity 18217K, committed 18560K, reserved 1067008K
  class space    used 1724K, capacity 1793K, committed 1920K, reserved 1048576K
}
Event: 20.557 GC heap before
{Heap before GC invocations=52 (full 3):
 PSYoungGen      total 448000K, used 432224K [0x00000000e0400000, 0x00000000fcc00000, 0x0000000100000000)
  eden space 432128K, 100% used [0x00000000e0400000,0x00000000faa00000,0x00000000faa00000)
  from space 15872K, 0% used [0x00000000fbc80000,0x00000000fbc98000,0x00000000fcc00000)
  to   space 17408K, 0% used [0x00000000faa00000,0x00000000faa00000,0x00000000fbb00000)
 ParOldGen       total 223744K, used 155510K [0x00000000a0c00000, 0x00000000ae680000, 0x00000000e0400000)
  object space 223744K, 69% used [0x00000000a0c00000,0x00000000aa3dd9b0,0x00000000ae680000)
 Metaspace       used 17975K, capacity 18217K, committed 18560K, reserved 1067008K
  class space    used 1724K, capacity 1793K, committed 1920K, reserved 1048576K
Event: 20.558 GC heap after
Heap after GC invocations=52 (full 3):
 PSYoungGen      total 449536K, used 192K [0x00000000e0400000, 0x00000000fcd00000, 0x0000000100000000)
  eden space 432128K, 0% used [0x00000000e0400000,0x00000000e0400000,0x00000000faa00000)
  from space 17408K, 1% used [0x00000000faa00000,0x00000000faa30000,0x00000000fbb00000)
  to   space 16384K, 0% used [0x00000000fbd00000,0x00000000fbd00000,0x00000000fcd00000)
 ParOldGen       total 223744K, used 155510K [0x00000000a0c00000, 0x00000000ae680000, 0x00000000e0400000)
  object space 223744K, 69% used [0x00000000a0c00000,0x00000000aa3dd9b0,0x00000000ae680000)
 Metaspace       used 17975K, capacity 18217K, committed 18560K, reserved 1067008K
  class space    used 1724K, capacity 1793K, committed 1920K, reserved 1048576K
}
Event: 21.031 GC heap before
{Heap before GC invocations=53 (full 3):
 PSYoungGen      total 449536K, used 432320K [0x00000000e0400000, 0x00000000fcd00000, 0x0000000100000000)
  eden space 432128K, 100% used [0x00000000e0400000,0x00000000faa00000,0x00000000faa00000)
  from space 17408K, 1% used [0x00000000faa00000,0x00000000faa30000,0x00000000fbb00000)
  to   space 16384K, 0% used [0x00000000fbd00000,0x00000000fbd00000,0x00000000fcd00000)
 ParOldGen       total 223744K, used 155510K [0x00000000a0c00000, 0x00000000ae680000, 0x00000000e0400000)
  object space 223744K, 69% used [0x00000000a0c00000,0x00000000aa3dd9b0,0x00000000ae680000)
 Metaspace       used 17975K, capacity 18217K, committed 18560K, reserved 1067008K
  class space    used 1724K, capacity 1793K, committed 1920K, reserved 1048576K
Event: 21.032 GC heap after
Heap after GC invocations=53 (full 3):
 PSYoungGen      total 449536K, used 160K [0x00000000e0400000, 0x00000000fcb80000, 0x0000000100000000)
  eden space 434688K, 0% used [0x00000000e0400000,0x00000000e0400000,0x00000000fac80000)
  from space 14848K, 1% used [0x00000000fbd00000,0x00000000fbd28000,0x00000000fcb80000)
  to   space 15872K, 0% used [0x00000000fac80000,0x00000000fac80000,0x00000000fbc00000)
 ParOldGen       total 223744K, used 155510K [0x00000000a0c00000, 0x00000000ae680000, 0x00000000e0400000)
  object space 223744K, 69% used [0x00000000a0c00000,0x00000000aa3dd9b0,0x00000000ae680000)
 Metaspace       used 17975K, capacity 18217K, committed 18560K, reserved 1067008K
  class space    used 1724K, capacity 1793K, committed 1920K, reserved 1048576K
}
Event: 21.864 GC heap before
{Heap before GC invocations=54 (full 3):
 PSYoungGen      total 449536K, used 434172K [0x00000000e0400000, 0x00000000fcb80000, 0x0000000100000000)
  eden space 434688K, 99% used [0x00000000e0400000,0x00000000fabd7330,0x00000000fac80000)
  from space 14848K, 1% used [0x00000000fbd00000,0x00000000fbd28000,0x00000000fcb80000)
  to   space 15872K, 0% used [0x00000000fac80000,0x00000000fac80000,0x00000000fbc00000)
 ParOldGen       total 223744K, used 155510K [0x00000000a0c00000, 0x00000000ae680000, 0x00000000e0400000)
  object space 223744K, 69% used [0x00000000a0c00000,0x00000000aa3dd9b0,0x00000000ae680000)
 Metaspace       used 17975K, capacity 18217K, committed 18560K, reserved 1067008K
  class space    used 1724K, capacity 1793K, committed 1920K, reserved 1048576K
Event: 21.865 GC heap after
Heap after GC invocations=54 (full 3):
 PSYoungGen      total 450560K, used 192K [0x00000000e0400000, 0x00000000fcc00000, 0x0000000100000000)
  eden space 434688K, 0% used [0x00000000e0400000,0x00000000e0400000,0x00000000fac80000)
  from space 15872K, 1% used [0x00000000fac80000,0x00000000facb0000,0x00000000fbc00000)
  to   space 14848K, 0% used [0x00000000fbd80000,0x00000000fbd80000,0x00000000fcc00000)
 ParOldGen       total 223744K, used 155510K [0x00000000a0c00000, 0x00000000ae680000, 0x00000000e0400000)
  object space 223744K, 69% used [0x00000000a0c00000,0x00000000aa3dd9b0,0x00000000ae680000)
 Metaspace       used 17975K, capacity 18217K, committed 18560K, reserved 1067008K
  class space    used 1724K, capacity 1793K, committed 1920K, reserved 1048576K
}

Deoptimization events (10 events):
Event: 11.354 Thread 0x0000000019b4b800 Uncommon trap: reason=speculate_class_check action=maybe_recompile pc=0x00000000032f4ee4 method=com.jogamp.common.nio.Buffers.getDirectBufferByteOffset(Ljava/lang/Object;)I @ 22
Event: 11.354 Thread 0x0000000019b4b800 Uncommon trap: reason=speculate_class_check action=maybe_recompile pc=0x00000000032f4ee4 method=com.jogamp.common.nio.Buffers.getDirectBufferByteOffset(Ljava/lang/Object;)I @ 22
Event: 11.354 Thread 0x0000000019b4b800 Uncommon trap: reason=speculate_class_check action=maybe_recompile pc=0x00000000032f4ee4 method=com.jogamp.common.nio.Buffers.getDirectBufferByteOffset(Ljava/lang/Object;)I @ 22
Event: 11.359 Thread 0x0000000019b4b800 Uncommon trap: reason=speculate_class_check action=maybe_recompile pc=0x00000000032f4ee4 method=com.jogamp.common.nio.Buffers.getDirectBufferByteOffset(Ljava/lang/Object;)I @ 22
Event: 11.480 Thread 0x0000000019b4b800 Uncommon trap: reason=speculate_class_check action=maybe_recompile pc=0x00000000032fe950 method=com.jogamp.common.nio.Buffers.getDirectBufferByteOffset(Ljava/lang/Object;)I @ 31
Event: 11.481 Thread 0x0000000019b4b800 Uncommon trap: reason=speculate_class_check action=maybe_recompile pc=0x00000000032fe950 method=com.jogamp.common.nio.Buffers.getDirectBufferByteOffset(Ljava/lang/Object;)I @ 31
Event: 11.596 Thread 0x0000000019b4b800 Uncommon trap: reason=speculate_class_check action=maybe_recompile pc=0x00000000033070ec method=com.jogamp.common.nio.Buffers.getDirectBufferByteOffset(Ljava/lang/Object;)I @ 42
Event: 11.597 Thread 0x0000000019b4b800 Uncommon trap: reason=speculate_class_check action=maybe_recompile pc=0x00000000033070ec method=com.jogamp.common.nio.Buffers.getDirectBufferByteOffset(Ljava/lang/Object;)I @ 42
Event: 11.748 Thread 0x0000000019b4b800 Uncommon trap: reason=speculate_class_check action=maybe_recompile pc=0x000000000330c360 method=com.jogamp.common.nio.Buffers.getDirectBufferByteOffset(Ljava/lang/Object;)I @ 53
Event: 11.754 Thread 0x0000000019b4b800 Uncommon trap: reason=speculate_class_check action=maybe_recompile pc=0x000000000330c360 method=com.jogamp.common.nio.Buffers.getDirectBufferByteOffset(Ljava/lang/Object;)I @ 53

Internal exceptions (10 events):
Event: 3.012 Thread 0x0000000019b4b800 Exception <a 'java/security/PrivilegedActionException'> (0x00000000e198a0e8) thrown at [D:\re\workspace\8-2-build-windows-amd64-cygwin\jdk8u25\1677\hotspot\src\share\vm\prims\jvm.cpp, line 1312]
Event: 3.012 Thread 0x0000000019b4b800 Exception <a 'java/security/PrivilegedActionException'> (0x00000000e198dfa8) thrown at [D:\re\workspace\8-2-build-windows-amd64-cygwin\jdk8u25\1677\hotspot\src\share\vm\prims\jvm.cpp, line 1312]
Event: 3.012 Thread 0x0000000019b4b800 Exception <a 'java/security/PrivilegedActionException'> (0x00000000e4840540) thrown at [D:\re\workspace\8-2-build-windows-amd64-cygwin\jdk8u25\1677\hotspot\src\share\vm\prims\jvm.cpp, line 1312]
Event: 3.012 Thread 0x0000000019b4b800 Exception <a 'java/security/PrivilegedActionException'> (0x00000000e4844928) thrown at [D:\re\workspace\8-2-build-windows-amd64-cygwin\jdk8u25\1677\hotspot\src\share\vm\prims\jvm.cpp, line 1312]
Event: 3.012 Thread 0x0000000019b4b800 Exception <a 'java/security/PrivilegedActionException'> (0x00000000e4848480) thrown at [D:\re\workspace\8-2-build-windows-amd64-cygwin\jdk8u25\1677\hotspot\src\share\vm\prims\jvm.cpp, line 1312]
Event: 3.013 Thread 0x0000000019b4b800 Exception <a 'java/security/PrivilegedActionException'> (0x00000000e484cc80) thrown at [D:\re\workspace\8-2-build-windows-amd64-cygwin\jdk8u25\1677\hotspot\src\share\vm\prims\jvm.cpp, line 1312]
Event: 3.013 Thread 0x0000000019b4b800 Exception <a 'java/security/PrivilegedActionException'> (0x00000000e48503b8) thrown at [D:\re\workspace\8-2-build-windows-amd64-cygwin\jdk8u25\1677\hotspot\src\share\vm\prims\jvm.cpp, line 1312]
Event: 3.013 Thread 0x0000000019b4b800 Exception <a 'java/security/PrivilegedActionException'> (0x00000000e4854300) thrown at [D:\re\workspace\8-2-build-windows-amd64-cygwin\jdk8u25\1677\hotspot\src\share\vm\prims\jvm.cpp, line 1312]
Event: 3.014 Thread 0x0000000019b4b800 Exception <a 'java/security/PrivilegedActionException'> (0x00000000e485a210) thrown at [D:\re\workspace\8-2-build-windows-amd64-cygwin\jdk8u25\1677\hotspot\src\share\vm\prims\jvm.cpp, line 1312]
Event: 3.026 Thread 0x0000000019b4b800 Exception <a 'java/security/PrivilegedActionException'> (0x00000000e4935700) thrown at [D:\re\workspace\8-2-build-windows-amd64-cygwin\jdk8u25\1677\hotspot\src\share\vm\prims\jvm.cpp, line 1312]

Events (10 events):
Event: 22.263 loading class javax/swing/JComponent$IntVector
Event: 22.263 loading class javax/swing/JComponent$IntVector done
Event: 22.263 loading class javax/swing/KeyboardManager
Event: 22.263 loading class javax/swing/KeyboardManager done
Event: 22.263 loading class javax/swing/Popup$HeavyWeightWindow
Event: 22.263 loading class sun/awt/ModalExclude
Event: 22.263 loading class sun/awt/ModalExclude done
Event: 22.264 loading class javax/swing/JWindow
Event: 22.264 loading class javax/swing/JWindow done
Event: 22.264 loading class javax/swing/Popup$HeavyWeightWindow done


Dynamic libraries:
0x00007ff68d590000 - 0x00007ff68d5c4000 	C:\Program Files\Java\jre1.8.0_25\bin\javaw.exe
0x00007ffe8a980000 - 0x00007ffe8ab2c000 	C:\WINDOWS\SYSTEM32\ntdll.dll
0x00007ffe880e0000 - 0x00007ffe8821e000 	C:\WINDOWS\system32\KERNEL32.DLL
0x00007ffe87c50000 - 0x00007ffe87d65000 	C:\WINDOWS\system32\KERNELBASE.dll
0x00007ffe86650000 - 0x00007ffe866de000 	C:\WINDOWS\system32\apphelp.dll
0x00007ffe7d210000 - 0x00007ffe7d263000 	C:\WINDOWS\AppPatch\AppPatch64\AcGenral.DLL
0x00007ffe88c10000 - 0x00007ffe88cba000 	C:\WINDOWS\system32\msvcrt.dll
0x00007ffe87900000 - 0x00007ffe8792e000 	C:\WINDOWS\SYSTEM32\SspiCli.dll
0x00007ffe885f0000 - 0x00007ffe88644000 	C:\WINDOWS\system32\SHLWAPI.dll
0x00007ffe88290000 - 0x00007ffe88407000 	C:\WINDOWS\system32\USER32.dll
0x00007ffe8a400000 - 0x00007ffe8a594000 	C:\WINDOWS\system32\ole32.dll
0x00007ffe88ee0000 - 0x00007ffe8a3f8000 	C:\WINDOWS\system32\SHELL32.dll
0x00007ffe87070000 - 0x00007ffe87091000 	C:\WINDOWS\SYSTEM32\USERENV.dll
0x00007ffe889f0000 - 0x00007ffe88a9a000 	C:\WINDOWS\system32\ADVAPI32.dll
0x00007ffe7af60000 - 0x00007ffe7af7e000 	C:\WINDOWS\SYSTEM32\MPR.dll
0x00007ffe88840000 - 0x00007ffe88981000 	C:\WINDOWS\system32\RPCRT4.dll
0x00007ffe88b60000 - 0x00007ffe88bb9000 	C:\WINDOWS\SYSTEM32\sechost.dll
0x00007ffe88cc0000 - 0x00007ffe88ed1000 	C:\WINDOWS\SYSTEM32\combase.dll
0x00007ffe8a5a0000 - 0x00007ffe8a6f1000 	C:\WINDOWS\system32\GDI32.dll
0x00007ffe87ad0000 - 0x00007ffe87ae5000 	C:\WINDOWS\SYSTEM32\profapi.dll
0x00007ffe85e70000 - 0x00007ffe85f22000 	C:\WINDOWS\SYSTEM32\SHCORE.dll
0x00007ffe88bd0000 - 0x00007ffe88c06000 	C:\WINDOWS\system32\IMM32.DLL
0x00007ffe88650000 - 0x00007ffe887a2000 	C:\WINDOWS\system32\MSCTF.dll
0x00007ffe851d0000 - 0x00007ffe8544b000 	C:\WINDOWS\WinSxS\amd64_microsoft.windows.common-controls_6595b64144ccf1df_6.0.9600.17415_none_6240486fecbd8abb\COMCTL32.dll
0x0000000066780000 - 0x0000000066852000 	C:\Program Files\Java\jre1.8.0_25\bin\msvcr100.dll
0x00000000668b0000 - 0x000000006710a000 	C:\Program Files\Java\jre1.8.0_25\bin\server\jvm.dll
0x00007ffe6eb60000 - 0x00007ffe6eb69000 	C:\WINDOWS\SYSTEM32\WSOCK32.dll
0x00007ffe7b5d0000 - 0x00007ffe7b5f2000 	C:\WINDOWS\SYSTEM32\WINMM.dll
0x00007ffe88bc0000 - 0x00007ffe88bc7000 	C:\WINDOWS\system32\PSAPI.DLL
0x00007ffe887e0000 - 0x00007ffe8883a000 	C:\WINDOWS\system32\WS2_32.dll
0x00007ffe7b5a0000 - 0x00007ffe7b5ca000 	C:\WINDOWS\SYSTEM32\WINMMBASE.dll
0x00007ffe880d0000 - 0x00007ffe880d9000 	C:\WINDOWS\system32\NSI.dll
0x00007ffe87fb0000 - 0x00007ffe87fff000 	C:\WINDOWS\SYSTEM32\cfgmgr32.dll
0x00007ffe868c0000 - 0x00007ffe868e8000 	C:\WINDOWS\SYSTEM32\DEVOBJ.dll
0x0000000067ae0000 - 0x0000000067aef000 	C:\Program Files\Java\jre1.8.0_25\bin\verify.dll
0x0000000067ab0000 - 0x0000000067ad8000 	C:\Program Files\Java\jre1.8.0_25\bin\java.dll
0x0000000067a90000 - 0x0000000067aa6000 	C:\Program Files\Java\jre1.8.0_25\bin\zip.dll
0x00000000665e0000 - 0x0000000066778000 	C:\Program Files\Java\jre1.8.0_25\bin\awt.dll
0x00007ffe8a700000 - 0x00007ffe8a7c1000 	C:\WINDOWS\system32\OLEAUT32.dll
0x00007ffe85c70000 - 0x00007ffe85c91000 	C:\WINDOWS\system32\DWMAPI.DLL
0x00007ffe86790000 - 0x00007ffe868b9000 	C:\WINDOWS\system32\uxtheme.dll
0x00007ffe868f0000 - 0x00007ffe868fb000 	C:\WINDOWS\SYSTEM32\kernel.appcore.dll
0x00007ffe879a0000 - 0x00007ffe879ab000 	C:\WINDOWS\SYSTEM32\CRYPTBASE.dll
0x00007ffe87930000 - 0x00007ffe87993000 	C:\WINDOWS\SYSTEM32\bcryptPrimitives.dll
0x00007ffe7cd90000 - 0x00007ffe7cfb1000 	C:\WINDOWS\system32\d3d9.dll
0x00007ffe857e0000 - 0x00007ffe857ea000 	C:\WINDOWS\SYSTEM32\VERSION.dll
0x00007ffe85080000 - 0x00007ffe851cb000 	C:\WINDOWS\SYSTEM32\aticfx64.dll
0x00007ffe63110000 - 0x00007ffe63131000 	C:\WINDOWS\SYSTEM32\atiu9p64.dll
0x00007ffe62920000 - 0x00007ffe63105000 	C:\WINDOWS\SYSTEM32\atiumd64.dll
0x00000000671f0000 - 0x00000000679a7000 	C:\WINDOWS\SYSTEM32\atiumd6a.dll
0x0000000066590000 - 0x00000000665d7000 	C:\Program Files\Java\jre1.8.0_25\bin\fontmanager.dll
0x00007ffe87340000 - 0x00007ffe87360000 	C:\WINDOWS\SYSTEM32\CRYPTSP.dll
0x00007ffe86f60000 - 0x00007ffe86f96000 	C:\WINDOWS\system32\rsaenh.dll
0x00007ffe875f0000 - 0x00007ffe87616000 	C:\WINDOWS\SYSTEM32\bcrypt.dll
0x0000000067a70000 - 0x0000000067a8a000 	C:\Program Files\Java\jre1.8.0_25\bin\net.dll
0x00007ffe872e0000 - 0x00007ffe87339000 	C:\WINDOWS\system32\mswsock.dll
0x00007ffe83800000 - 0x00007ffe8382a000 	C:\WINDOWS\SYSTEM32\IPHLPAPI.DLL
0x00007ffe84f70000 - 0x00007ffe84f7a000 	C:\WINDOWS\SYSTEM32\WINNSI.DLL
0x00007ffe82890000 - 0x00007ffe828a6000 	C:\WINDOWS\SYSTEM32\dhcpcsvc6.DLL
0x00007ffe829e0000 - 0x00007ffe829fa000 	C:\WINDOWS\SYSTEM32\dhcpcsvc.DLL
0x0000000066890000 - 0x00000000668a1000 	C:\Program Files\Java\jre1.8.0_25\bin\nio.dll
0x00000000637c0000 - 0x00000000637cd000 	S:\Users\Ben\AppData\Local\Temp\jogamp_0000\file_cache\jln6862791359941270721\jln5516897438230146002\gluegen-rt.dll
0x0000000067a60000 - 0x0000000067a67000 	C:\Program Files\Java\jre1.8.0_25\bin\jawt.dll
0x000000006a440000 - 0x000000006a44d000 	S:\Users\Ben\AppData\Local\Temp\jogamp_0000\file_cache\jln6862791359941270721\jln5516897438230146002\nativewindow_awt.dll
0x000000006c100000 - 0x000000006c10f000 	S:\Users\Ben\AppData\Local\Temp\jogamp_0000\file_cache\jln6862791359941270721\jln5516897438230146002\nativewindow_win32.dll
0x00007ffe78240000 - 0x00007ffe7836b000 	C:\WINDOWS\SYSTEM32\OpenGL32.dll
0x00007ffe7d1e0000 - 0x00007ffe7d20e000 	C:\WINDOWS\SYSTEM32\GLU32.dll
0x00007ffe7bdc0000 - 0x00007ffe7beb8000 	C:\WINDOWS\SYSTEM32\DDRAW.dll
0x00007ffe83480000 - 0x00007ffe83489000 	C:\WINDOWS\SYSTEM32\DCIMAN32.dll
0x0000000064500000 - 0x00000000645a2000 	S:\Users\Ben\AppData\Local\Temp\jogamp_0000\file_cache\jln6862791359941270721\jln5516897438230146002\jogl_desktop.dll
0x00007ffe7d1c0000 - 0x00007ffe7d1d8000 	C:\WINDOWS\SYSTEM32\atig6pxx.dll
0x00000000649e0000 - 0x000000006658f000 	C:\WINDOWS\SYSTEM32\atio6axx.dll
0x00007ffe88410000 - 0x00007ffe885ea000 	C:\WINDOWS\system32\SETUPAPI.dll
0x00007ffe83830000 - 0x00007ffe83967000 	C:\WINDOWS\SYSTEM32\atiadlxx.dll
0x00007ffe83e00000 - 0x00007ffe83f7f000 	C:\WINDOWS\SYSTEM32\PROPSYS.dll
0x00007ffe866e0000 - 0x00007ffe866f2000 	C:\WINDOWS\SYSTEM32\WTSAPI32.dll
0x00007ffe87f50000 - 0x00007ffe87fa1000 	C:\WINDOWS\system32\WINTRUST.dll
0x00007ffe87d70000 - 0x00007ffe87f4f000 	C:\WINDOWS\system32\CRYPT32.dll
0x00007ffe87b80000 - 0x00007ffe87b91000 	C:\WINDOWS\system32\MSASN1.dll
0x00007ffe7d190000 - 0x00007ffe7d1b9000 	C:\WINDOWS\SYSTEM32\atig6txx.dll
0x00007ffe74cb0000 - 0x00007ffe74e4c000 	O:\OneDrive\Workspace\ZZavatar\lib\user\KinectPV2\Kinect20.Face.dll
0x00007ffe7b0e0000 - 0x00007ffe7b187000 	C:\WINDOWS\SYSTEM32\MSVCP110.dll
0x00007ffe80220000 - 0x00007ffe802ee000 	C:\WINDOWS\SYSTEM32\MSVCR110.dll
0x00007ffe83400000 - 0x00007ffe83410000 	O:\OneDrive\Workspace\ZZavatar\lib\user\KinectPV2\KinectPV2.dll
0x00007ffe78180000 - 0x00007ffe7823a000 	C:\WINDOWS\SYSTEM32\Kinect20.dll
0x00007ffe7b1e0000 - 0x00007ffe7b2cb000 	C:\WINDOWS\SYSTEM32\MFPlat.DLL
0x00007ffe7af80000 - 0x00007ffe7afa7000 	C:\WINDOWS\SYSTEM32\RTWorkQ.DLL
0x00007ffe856b0000 - 0x00007ffe856bc000 	C:\WINDOWS\SYSTEM32\AVRT.dll
0x00007ffe62090000 - 0x00007ffe6221a000 	C:\WINDOWS\SYSTEM32\dbghelp.dll

VM Arguments:
jvm_args: -Djava.library.path=O:\OneDrive\Workspace\ZZavatar\lib\base\video;O:\OneDrive\Workspace\ZZavatar\lib\base\video;O:\OneDrive\Workspace\ZZavatar\lib\base\video;O:\OneDrive\Workspace\ZZavatar\lib\base\core;O:\OneDrive\Workspace\ZZavatar\lib\base\core;O:\OneDrive\Workspace\ZZavatar\lib\base\core;O:\OneDrive\Workspace\ZZavatar\lib\base\core;O:\OneDrive\Workspace\ZZavatar\lib\base\core;O:\OneDrive\Workspace\ZZavatar\lib\base\core;O:\OneDrive\Workspace\ZZavatar\lib\base\core;O:\OneDrive\Workspace\ZZavatar\lib\base\core;O:\OneDrive\Workspace\ZZavatar\lib\base\core;O:\OneDrive\Workspace\ZZavatar\lib\base\core;O:\OneDrive\Workspace\ZZavatar\lib\base\core;O:\OneDrive\Workspace\ZZavatar\lib\base\core;O:\OneDrive\Workspace\ZZavatar\lib\base\core;O:\OneDrive\Workspace\ZZavatar\lib\base\core;O:\OneDrive\Workspace\ZZavatar\lib\base\core;O:\OneDrive\Workspace\ZZavatar\lib\user\Kinect4WinSDK;O:\OneDrive\Workspace\ZZavatar\lib\user\KinectPV2;O:\OneDrive\Workspace\ZZavatar\lib\user\SimpleOpenNI -Dfile.encoding=Cp1252 
java_command: zzavatar.ZZavatar
java_class_path (initial): O:\OneDrive\Workspace\ZZavatar\lib\base\video\gstreamer-java.jar;O:\OneDrive\Workspace\ZZavatar\lib\base\video\jna.jar;O:\OneDrive\Workspace\ZZavatar\lib\base\video\video.jar;O:\OneDrive\Workspace\ZZavatar\lib\base\core\core.jar;O:\OneDrive\Workspace\ZZavatar\lib\base\core\gluegen-rt-natives-linux-amd64.jar;O:\OneDrive\Workspace\ZZavatar\lib\base\core\gluegen-rt-natives-linux-armv6hf.jar;O:\OneDrive\Workspace\ZZavatar\lib\base\core\gluegen-rt-natives-linux-i586.jar;O:\OneDrive\Workspace\ZZavatar\lib\base\core\gluegen-rt-natives-macosx-universal.jar;O:\OneDrive\Workspace\ZZavatar\lib\base\core\gluegen-rt-natives-windows-amd64.jar;O:\OneDrive\Workspace\ZZavatar\lib\base\core\gluegen-rt-natives-windows-i586.jar;O:\OneDrive\Workspace\ZZavatar\lib\base\core\gluegen-rt.jar;O:\OneDrive\Workspace\ZZavatar\lib\base\core\jogl-all-natives-linux-amd64.jar;O:\OneDrive\Workspace\ZZavatar\lib\base\core\jogl-all-natives-linux-armv6hf.jar;O:\OneDrive\Workspace\ZZavatar\lib\base\core\jogl-all-natives-linux-i586.jar;O:\OneDrive\Workspace\ZZavatar\lib\base\core\jogl-all-natives-macosx-universal.jar;O:\OneDrive\Workspace\ZZavatar\lib\base\core\jogl-all-natives-windows-amd64.jar;O:\OneDrive\Workspace\ZZavatar\lib\base\core\jogl-all-natives-windows-i586.jar;O:\OneDrive\Workspace\ZZavatar\lib\base\core\jogl-all.jar;O:\OneDrive\Workspace\ZZavatar\lib\user\Kinect4WinSDK\Kinect4WinSDK.jar;O:\OneDrive\Workspace\ZZavatar\lib\user\KinectPV2\KinectPV2.jar;O:\OneDrive\Workspace\ZZavatar\lib\user\SimpleOpenNI\SimpleOpenNI.jar;O:\OneDrive\Workspace\ZZavatar\bin
Launcher Type: SUN_STANDARD

Environment Variables:
JAVA_HOME=C:\Program Files\Java\jdk1.8.0_25
PATH=C:/Program Files/Java/jre1.8.0_25/bin/server;C:/Program Files/Java/jre1.8.0_25/bin;C:/Program Files/Java/jre1.8.0_25/lib/amd64;C:\Program Files (x86)\NVIDIA Corporation\PhysX\Common;C:\ProgramData\Oracle\Java\javapath;C:\Program Files (x86)\Common Files\Intel\Shared Libraries\redist\intel64\compiler;C:\Program Files (x86)\Common Files\Intel\Shared Libraries\redist\ia32\compiler;C:\Program Files (x86)\Intel\iCLS Client\;C:\Program Files\Intel\iCLS Client\;C:\Program Files (x86)\AMD APP\bin\x86_64;C:\Program Files (x86)\AMD APP\bin\x86;C:\WINDOWS\system32;C:\WINDOWS;C:\WINDOWS\System32\Wbem;C:\WINDOWS\System32\WindowsPowerShell\v1.0\;C:\Program Files (x86)\ATI Technologies\ATI.ACE\Core-Static;C:\Program Files\Intel\Intel(R) Management Engine Components\DAL;C:\Program Files\Intel\Intel(R) Management Engine Components\IPT;C:\Program Files (x86)\Intel\Intel(R) Management Engine Components\DAL;C:\Program Files (x86)\Intel\Intel(R) Management Engine Components\IPT;C:\Program Files\Sony\VAIO Improvement\;C:\Program Files (x86)\Sony\VAIO Startup Setting Tool;C:\Program Files (x86)\Windows Kits\8.1\Windows Performance Toolkit\;C:\Program Files\Microsoft SQL Server\110\Tools\Binn\;C:\Program Files (x86)\Microsoft SDKs\TypeScript\1.0\;C:\Program Files\Microsoft\Web Platform Installer\;C:\Program Files (x86)\Java\jre1.8.0_25\bin;P:\Programs\Python27\Scripts;P:\Programs\Python27;C:\Program Files\Common Files\Autodesk Shared\;P:\Program Files\Programs;P:\Program Files\Games;P:\Programs\Eclipse;
USERNAME=Benoît
OS=Windows_NT
PROCESSOR_IDENTIFIER=Intel64 Family 6 Model 58 Stepping 9, GenuineIntel



---------------  S Y S T E M  ---------------

OS: Windows 8.1 , 64 bit Build 9600 

CPU:total 8 (4 cores per cpu, 2 threads per core) family 6 model 58 stepping 9, cmov, cx8, fxsr, mmx, sse, sse2, sse3, ssse3, sse4.1, sse4.2, popcnt, avx, aes, clmul, erms, ht, tsc, tscinvbit, tscinv

Memory: 4k page, physical 6237468k(2477536k free), swap 10431772k(5827072k free)

vm_info: Java HotSpot(TM) 64-Bit Server VM (25.25-b02) for windows-amd64 JRE (1.8.0_25-b18), built on Oct  7 2014 14:25:37 by "java_re" with MS VC++ 10.0 (VS2010)

time: Sat Apr 25 16:54:34 2015
elapsed time: 22 seconds (0d 0h 0m 22s)

