#
# A fatal error has been detected by the Java Runtime Environment:
#
#  EXCEPTION_ACCESS_VIOLATION (0xc0000005) at pc=0x00007ffe7d764110, pid=812, tid=6492
#
# JRE version: Java(TM) SE Runtime Environment (8.0_25-b18) (build 1.8.0_25-b18)
# Java VM: Java HotSpot(TM) 64-Bit Server VM (25.25-b02 mixed mode windows-amd64 compressed oops)
# Problematic frame:
# C  [KinectPV2.dll+0x4110]
#
# Failed to write core dump. Minidumps are not enabled by default on client versions of Windows
#
# If you would like to submit a bug report, please visit:
#   http://bugreport.sun.com/bugreport/crash.jsp
# The crash happened outside the Java Virtual Machine in native code.
# See problematic frame for where to report the bug.
#

---------------  T H R E A D  ---------------

Current thread (0x0000000019a50800):  JavaThread "Animation Thread" [_thread_in_native, id=6492, stack(0x000000001ca70000,0x000000001cb70000)]

siginfo: ExceptionCode=0xc0000005, reading address 0xffffffffffffffff

Registers:
RAX=0x0000000000000001, RBX=0x000000002e6c4040, RCX=0xffffffffffffffff, RDX=0x0000000000000000
RSP=0x000000001cb6e450, RBP=0x0000000000000006, RSI=0x0000000000000000, RDI=0x000000001f6a61c8
R8 =0x000000001cb6e118, R9 =0x0000000000008000, R10=0x0000000000000000, R11=0x000000001cb6e350
R12=0x0000000000000000, R13=0x000000001fdae0e0, R14=0x0000000000000000, R15=0x0000000019a50800
RIP=0x00007ffe7d764110, EFLAGS=0x0000000000010286

Top of Stack: (sp=0x000000001cb6e450)
0x000000001cb6e450:   000000001f6a6198 0000000020149eb8
0x000000001cb6e460:   000000001f6a6198 0000000000000000
0x000000001cb6e470:   000000001cb6e540 00007ffe7d761fba
0x000000001cb6e480:   000000001cb6e540 000000001cb6e520
0x000000001cb6e490:   0000000019a509e8 00000000199c9000
0x000000001cb6e4a0:   00000000a3b584b0 0000000002995b74
0x000000001cb6e4b0:   000000001fdae0e0 0000000000000021
0x000000001cb6e4c0:   0000000000000021 0000000019a50800
0x000000001cb6e4d0:   000000001cb6e598 00000000029958a2
0x000000001cb6e4e0:   000000001cb6e4e0 000000001fdae0e0
0x000000001cb6e4f0:   000000001cb6e540 000000001fdaf070
0x000000001cb6e500:   0000000000000000 000000001fdae0e0
0x000000001cb6e510:   0000000000000000 000000001cb6e540
0x000000001cb6e520:   000000001cb6e588 0000000002987a2d
0x000000001cb6e530:   0000000000000000 000000000298f6b8
0x000000001cb6e540:   00000000a38f3030 000000001cb6e548 

Instructions: (pc=0x00007ffe7d764110)
0x00007ffe7d7640f0:   89 77 d0 48 8b 0f 48 85 c9 74 09 48 8b 01 ff 50
0x00007ffe7d764100:   10 4c 89 37 48 8b 8f 90 00 00 00 48 85 c9 74 0d
0x00007ffe7d764110:   48 8b 01 ff 50 10 4c 89 b7 90 00 00 00 48 8b 4f
0x00007ffe7d764120:   30 48 85 c9 74 0a 48 8b 01 ff 50 10 4c 89 77 30 


Register to memory mapping:

RAX=0x0000000000000001 is an unknown value
RBX=0x000000002e6c4040 is an unknown value
RCX=0xffffffffffffffff is an unknown value
RDX=0x0000000000000000 is an unknown value
RSP=0x000000001cb6e450 is pointing into the stack for thread: 0x0000000019a50800
RBP=0x0000000000000006 is an unknown value
RSI=0x0000000000000000 is an unknown value
RDI=0x000000001f6a61c8 is an unknown value
R8 =0x000000001cb6e118 is pointing into the stack for thread: 0x0000000019a50800
R9 =0x0000000000008000 is an unknown value
R10=0x0000000000000000 is an unknown value
R11=0x000000001cb6e350 is pointing into the stack for thread: 0x0000000019a50800
R12=0x0000000000000000 is an unknown value
R13={method} {0x000000001fdae0e8} 'jniStopDevice' '()V' in 'KinectPV2/Device'
R14=0x0000000000000000 is an unknown value
R15=0x0000000019a50800 is a thread


Stack: [0x000000001ca70000,0x000000001cb70000],  sp=0x000000001cb6e450,  free space=1017k
Native frames: (J=compiled Java code, j=interpreted, Vv=VM code, C=native code)
C  [KinectPV2.dll+0x4110]
C  [KinectPV2.dll+0x1fba]
C  0x0000000002995b74

Java frames: (J=compiled Java code, j=interpreted, Vv=VM code)
j  KinectPV2.Device.jniStopDevice()V+0
j  KinectPV2.Device.stopDevice()V+41
j  KinectPV2.KinectPV2.dispose()V+14
v  ~StubRoutines::call_stub
j  sun.reflect.NativeMethodAccessorImpl.invoke0(Ljava/lang/reflect/Method;Ljava/lang/Object;[Ljava/lang/Object;)Ljava/lang/Object;+0
j  sun.reflect.NativeMethodAccessorImpl.invoke(Ljava/lang/Object;[Ljava/lang/Object;)Ljava/lang/Object;+100
J 2025 C1 sun.reflect.DelegatingMethodAccessorImpl.invoke(Ljava/lang/Object;[Ljava/lang/Object;)Ljava/lang/Object; (10 bytes) @ 0x00000000030be644 [0x00000000030be540+0x104]
J 2024 C1 java.lang.reflect.Method.invoke(Ljava/lang/Object;[Ljava/lang/Object;)Ljava/lang/Object; (62 bytes) @ 0x00000000030bede4 [0x00000000030bea00+0x3e4]
j  processing.core.PApplet$RegisteredMethods.handle([Ljava/lang/Object;)V+18
J 1866 C1 processing.core.PApplet.handleMethods(Ljava/lang/String;)V (21 bytes) @ 0x000000000307485c [0x00000000030745a0+0x2bc]
j  processing.core.PApplet.dispose()V+35
j  processing.core.PApplet.run()V+283
j  java.lang.Thread.run()V+11
v  ~StubRoutines::call_stub

---------------  P R O C E S S  ---------------

Java Threads: ( => current thread )
  0x000000001dd80800 JavaThread "Animation Thread-SharedResourceRunner" daemon [_thread_blocked, id=1580, stack(0x000000001ed40000,0x000000001ee40000)]
  0x000000000277e800 JavaThread "DestroyJavaVM" [_thread_blocked, id=4836, stack(0x0000000002780000,0x0000000002880000)]
  0x00000000199d3800 JavaThread "D3D Screen Updater" daemon [_thread_blocked, id=6532, stack(0x000000001cd70000,0x000000001ce70000)]
=>0x0000000019a50800 JavaThread "Animation Thread" [_thread_in_native, id=6492, stack(0x000000001ca70000,0x000000001cb70000)]
  0x00000000199c6000 JavaThread "AWT-EventQueue-0" [_thread_blocked, id=5256, stack(0x000000001c870000,0x000000001c970000)]
  0x000000001997b000 JavaThread "AWT-Windows" daemon [_thread_in_native, id=5500, stack(0x000000001a290000,0x000000001a390000)]
  0x0000000018aae800 JavaThread "AWT-Shutdown" [_thread_blocked, id=2376, stack(0x000000001a190000,0x000000001a290000)]
  0x0000000018aad800 JavaThread "Java2D Disposer" daemon [_thread_blocked, id=6536, stack(0x000000001a090000,0x000000001a190000)]
  0x0000000018763000 JavaThread "Service Thread" daemon [_thread_blocked, id=2236, stack(0x00000000190b0000,0x00000000191b0000)]
  0x00000000186e8800 JavaThread "C1 CompilerThread3" daemon [_thread_blocked, id=6080, stack(0x0000000018fb0000,0x00000000190b0000)]
  0x00000000186e7800 JavaThread "C2 CompilerThread2" daemon [_thread_blocked, id=7148, stack(0x0000000018eb0000,0x0000000018fb0000)]
  0x00000000186de000 JavaThread "C2 CompilerThread1" daemon [_thread_blocked, id=6184, stack(0x0000000018db0000,0x0000000018eb0000)]
  0x00000000186dc000 JavaThread "C2 CompilerThread0" daemon [_thread_blocked, id=6208, stack(0x0000000018cb0000,0x0000000018db0000)]
  0x00000000186d6000 JavaThread "Attach Listener" daemon [_thread_blocked, id=2092, stack(0x0000000018bb0000,0x0000000018cb0000)]
  0x00000000186d5800 JavaThread "Signal Dispatcher" daemon [_thread_blocked, id=4056, stack(0x0000000018ab0000,0x0000000018bb0000)]
  0x0000000002979000 JavaThread "Finalizer" daemon [_thread_blocked, id=3668, stack(0x00000000185b0000,0x00000000186b0000)]
  0x00000000166cc800 JavaThread "Reference Handler" daemon [_thread_blocked, id=3232, stack(0x00000000184b0000,0x00000000185b0000)]

Other Threads:
  0x00000000166c8800 VMThread [stack: 0x00000000183b0000,0x00000000184b0000] [id=6912]
  0x0000000018765000 WatcherThread [stack: 0x00000000191b0000,0x00000000192b0000] [id=4196]

VM state:not at safepoint (normal execution)

VM Mutex/Monitor currently owned by a thread: None

Heap:
 PSYoungGen      total 418816K, used 190815K [0x00000000e0400000, 0x00000000fa000000, 0x0000000100000000)
  eden space 415744K, 45% used [0x00000000e0400000,0x00000000ebe2fc88,0x00000000f9a00000)
  from space 3072K, 5% used [0x00000000f9d00000,0x00000000f9d28000,0x00000000fa000000)
  to   space 3072K, 0% used [0x00000000f9a00000,0x00000000f9a00000,0x00000000f9d00000)
 ParOldGen       total 223232K, used 163644K [0x00000000a0c00000, 0x00000000ae600000, 0x00000000e0400000)
  object space 223232K, 73% used [0x00000000a0c00000,0x00000000aabcf1e0,0x00000000ae600000)
 Metaspace       used 18013K, capacity 18217K, committed 18560K, reserved 1067008K
  class space    used 1735K, capacity 1793K, committed 1920K, reserved 1048576K

Card table byte_map: [0x0000000011d40000,0x0000000012040000] byte_map_base: 0x000000001183a000

Marking Bits: (ParMarkBitMap*) 0x000000006708d490
 Begin Bits: [0x0000000012a40000, 0x0000000014210000)
 End Bits:   [0x0000000014210000, 0x00000000159e0000)

Polling page: 0x0000000000eb0000

CodeCache: size=245760Kb used=8927Kb max_used=8936Kb free=236832Kb
 bounds [0x0000000002980000, 0x0000000003250000, 0x0000000011980000]
 total_blobs=3286 nmethods=2415 adapters=785
 compilation: enabled

Compilation events (10 events):
Event: 30.276 Thread 0x00000000186e8800 2443       1       jogamp.opengl.GLDrawableImpl::createHandle (1 bytes)
Event: 30.277 Thread 0x00000000186e8800 nmethod 2443 0x0000000003236190 code [0x00000000032362e0, 0x00000000032363f0]
Event: 30.294 Thread 0x00000000186dc000 2444       4       processing.core.PMatrix3D::determinant (388 bytes)
Event: 30.295 Thread 0x00000000186e8800 2445       1       com.jogamp.nativewindow.awt.JAWTWindow::surfaceSwap (2 bytes)
Event: 30.295 Thread 0x00000000186e8800 nmethod 2445 0x0000000003237b90 code [0x0000000003237ce0, 0x0000000003237df0]
Event: 30.295 Thread 0x00000000186dc000 nmethod 2444 0x00000000032384d0 code [0x0000000003238600, 0x0000000003238818]
Event: 30.644 Thread 0x00000000186e8800 2446       3       sun.awt.AWTAutoShutdown::notifyToolkitThreadBusy (8 bytes)
Event: 30.644 Thread 0x00000000186e8800 nmethod 2446 0x0000000002b148d0 code [0x0000000002b14a40, 0x0000000002b14c08]
Event: 30.644 Thread 0x00000000186e8800 2447       3       sun.awt.AWTAutoShutdown::notifyToolkitThreadFree (8 bytes)
Event: 30.645 Thread 0x00000000186e8800 nmethod 2447 0x0000000002b144d0 code [0x0000000002b14640, 0x0000000002b14808]

GC Heap History (10 events):
Event: 27.571 GC heap before
{Heap before GC invocations=61 (full 3):
 PSYoungGen      total 412672K, used 408192K [0x00000000e0400000, 0x00000000f9c80000, 0x0000000100000000)
  eden space 408064K, 100% used [0x00000000e0400000,0x00000000f9280000,0x00000000f9280000)
  from space 4608K, 2% used [0x00000000f9280000,0x00000000f92a0000,0x00000000f9700000)
  to   space 4096K, 0% used [0x00000000f9880000,0x00000000f9880000,0x00000000f9c80000)
 ParOldGen       total 223232K, used 155528K [0x00000000a0c00000, 0x00000000ae600000, 0x00000000e0400000)
  object space 223232K, 69% used [0x00000000a0c00000,0x00000000aa3e21d0,0x00000000ae600000)
 Metaspace       used 17977K, capacity 18217K, committed 18560K, reserved 1067008K
  class space    used 1724K, capacity 1793K, committed 1920K, reserved 1048576K
Event: 27.572 GC heap after
Heap after GC invocations=61 (full 3):
 PSYoungGen      total 414208K, used 160K [0x00000000e0400000, 0x00000000f9c80000, 0x0000000100000000)
  eden space 410112K, 0% used [0x00000000e0400000,0x00000000e0400000,0x00000000f9480000)
  from space 4096K, 3% used [0x00000000f9880000,0x00000000f98a8000,0x00000000f9c80000)
  to   space 4096K, 0% used [0x00000000f9480000,0x00000000f9480000,0x00000000f9880000)
 ParOldGen       total 223232K, used 155528K [0x00000000a0c00000, 0x00000000ae600000, 0x00000000e0400000)
  object space 223232K, 69% used [0x00000000a0c00000,0x00000000aa3e21d0,0x00000000ae600000)
 Metaspace       used 17977K, capacity 18217K, committed 18560K, reserved 1067008K
  class space    used 1724K, capacity 1793K, committed 1920K, reserved 1048576K
}
Event: 28.109 GC heap before
{Heap before GC invocations=62 (full 3):
 PSYoungGen      total 414208K, used 409632K [0x00000000e0400000, 0x00000000f9c80000, 0x0000000100000000)
  eden space 410112K, 99% used [0x00000000e0400000,0x00000000f93e03a0,0x00000000f9480000)
  from space 4096K, 3% used [0x00000000f9880000,0x00000000f98a8000,0x00000000f9c80000)
  to   space 4096K, 0% used [0x00000000f9480000,0x00000000f9480000,0x00000000f9880000)
 ParOldGen       total 223232K, used 155528K [0x00000000a0c00000, 0x00000000ae600000, 0x00000000e0400000)
  object space 223232K, 69% used [0x00000000a0c00000,0x00000000aa3e21d0,0x00000000ae600000)
 Metaspace       used 17977K, capacity 18217K, committed 18560K, reserved 1067008K
  class space    used 1724K, capacity 1793K, committed 1920K, reserved 1048576K
Event: 28.113 GC heap after
Heap after GC invocations=62 (full 3):
 PSYoungGen      total 414208K, used 128K [0x00000000e0400000, 0x00000000f9e80000, 0x0000000100000000)
  eden space 410112K, 0% used [0x00000000e0400000,0x00000000e0400000,0x00000000f9480000)
  from space 4096K, 3% used [0x00000000f9480000,0x00000000f94a0000,0x00000000f9880000)
  to   space 3584K, 0% used [0x00000000f9b00000,0x00000000f9b00000,0x00000000f9e80000)
 ParOldGen       total 223232K, used 163628K [0x00000000a0c00000, 0x00000000ae600000, 0x00000000e0400000)
  object space 223232K, 73% used [0x00000000a0c00000,0x00000000aabcb1e0,0x00000000ae600000)
 Metaspace       used 17977K, capacity 18217K, committed 18560K, reserved 1067008K
  class space    used 1724K, capacity 1793K, committed 1920K, reserved 1048576K
}
Event: 28.692 GC heap before
{Heap before GC invocations=63 (full 3):
 PSYoungGen      total 414208K, used 410240K [0x00000000e0400000, 0x00000000f9e80000, 0x0000000100000000)
  eden space 410112K, 100% used [0x00000000e0400000,0x00000000f9480000,0x00000000f9480000)
  from space 4096K, 3% used [0x00000000f9480000,0x00000000f94a0000,0x00000000f9880000)
  to   space 3584K, 0% used [0x00000000f9b00000,0x00000000f9b00000,0x00000000f9e80000)
 ParOldGen       total 223232K, used 163628K [0x00000000a0c00000, 0x00000000ae600000, 0x00000000e0400000)
  object space 223232K, 73% used [0x00000000a0c00000,0x00000000aabcb1e0,0x00000000ae600000)
 Metaspace       used 17977K, capacity 18217K, committed 18560K, reserved 1067008K
  class space    used 1724K, capacity 1793K, committed 1920K, reserved 1048576K
Event: 28.694 GC heap after
Heap after GC invocations=63 (full 3):
 PSYoungGen      total 416768K, used 160K [0x00000000e0400000, 0x00000000f9e80000, 0x0000000100000000)
  eden space 413184K, 0% used [0x00000000e0400000,0x00000000e0400000,0x00000000f9780000)
  from space 3584K, 4% used [0x00000000f9b00000,0x00000000f9b28000,0x00000000f9e80000)
  to   space 3584K, 0% used [0x00000000f9780000,0x00000000f9780000,0x00000000f9b00000)
 ParOldGen       total 223232K, used 163628K [0x00000000a0c00000, 0x00000000ae600000, 0x00000000e0400000)
  object space 223232K, 73% used [0x00000000a0c00000,0x00000000aabcb1e0,0x00000000ae600000)
 Metaspace       used 17977K, capacity 18217K, committed 18560K, reserved 1067008K
  class space    used 1724K, capacity 1793K, committed 1920K, reserved 1048576K
}
Event: 29.265 GC heap before
{Heap before GC invocations=64 (full 3):
 PSYoungGen      total 416768K, used 413344K [0x00000000e0400000, 0x00000000f9e80000, 0x0000000100000000)
  eden space 413184K, 100% used [0x00000000e0400000,0x00000000f9780000,0x00000000f9780000)
  from space 3584K, 4% used [0x00000000f9b00000,0x00000000f9b28000,0x00000000f9e80000)
  to   space 3584K, 0% used [0x00000000f9780000,0x00000000f9780000,0x00000000f9b00000)
 ParOldGen       total 223232K, used 163628K [0x00000000a0c00000, 0x00000000ae600000, 0x00000000e0400000)
  object space 223232K, 73% used [0x00000000a0c00000,0x00000000aabcb1e0,0x00000000ae600000)
 Metaspace       used 17977K, capacity 18217K, committed 18560K, reserved 1067008K
  class space    used 1724K, capacity 1793K, committed 1920K, reserved 1048576K
Event: 29.267 GC heap after
Heap after GC invocations=64 (full 3):
 PSYoungGen      total 416768K, used 128K [0x00000000e0400000, 0x00000000fa000000, 0x0000000100000000)
  eden space 413184K, 0% used [0x00000000e0400000,0x00000000e0400000,0x00000000f9780000)
  from space 3584K, 3% used [0x00000000f9780000,0x00000000f97a0000,0x00000000f9b00000)
  to   space 3072K, 0% used [0x00000000f9d00000,0x00000000f9d00000,0x00000000fa000000)
 ParOldGen       total 223232K, used 163644K [0x00000000a0c00000, 0x00000000ae600000, 0x00000000e0400000)
  object space 223232K, 73% used [0x00000000a0c00000,0x00000000aabcf1e0,0x00000000ae600000)
 Metaspace       used 17977K, capacity 18217K, committed 18560K, reserved 1067008K
  class space    used 1724K, capacity 1793K, committed 1920K, reserved 1048576K
}
Event: 29.812 GC heap before
{Heap before GC invocations=65 (full 3):
 PSYoungGen      total 416768K, used 413312K [0x00000000e0400000, 0x00000000fa000000, 0x0000000100000000)
  eden space 413184K, 100% used [0x00000000e0400000,0x00000000f9780000,0x00000000f9780000)
  from space 3584K, 3% used [0x00000000f9780000,0x00000000f97a0000,0x00000000f9b00000)
  to   space 3072K, 0% used [0x00000000f9d00000,0x00000000f9d00000,0x00000000fa000000)
 ParOldGen       total 223232K, used 163644K [0x00000000a0c00000, 0x00000000ae600000, 0x00000000e0400000)
  object space 223232K, 73% used [0x00000000a0c00000,0x00000000aabcf1e0,0x00000000ae600000)
 Metaspace       used 17977K, capacity 18217K, committed 18560K, reserved 1067008K
  class space    used 1724K, capacity 1793K, committed 1920K, reserved 1048576K
Event: 29.813 GC heap after
Heap after GC invocations=65 (full 3):
 PSYoungGen      total 418816K, used 160K [0x00000000e0400000, 0x00000000fa000000, 0x0000000100000000)
  eden space 415744K, 0% used [0x00000000e0400000,0x00000000e0400000,0x00000000f9a00000)
  from space 3072K, 5% used [0x00000000f9d00000,0x00000000f9d28000,0x00000000fa000000)
  to   space 3072K, 0% used [0x00000000f9a00000,0x00000000f9a00000,0x00000000f9d00000)
 ParOldGen       total 223232K, used 163644K [0x00000000a0c00000, 0x00000000ae600000, 0x00000000e0400000)
  object space 223232K, 73% used [0x00000000a0c00000,0x00000000aabcf1e0,0x00000000ae600000)
 Metaspace       used 17977K, capacity 18217K, committed 18560K, reserved 1067008K
  class space    used 1724K, capacity 1793K, committed 1920K, reserved 1048576K
}

Deoptimization events (10 events):
Event: 10.745 Thread 0x00000000199c6000 Uncommon trap: reason=speculate_class_check action=maybe_recompile pc=0x000000000317c6cc method=com.jogamp.common.nio.Buffers.getDirectBufferByteOffset(Ljava/lang/Object;)I @ 22
Event: 10.878 Thread 0x00000000199c6000 Uncommon trap: reason=speculate_class_check action=maybe_recompile pc=0x0000000003179b08 method=com.jogamp.common.nio.Buffers.getDirectBufferByteOffset(Ljava/lang/Object;)I @ 31
Event: 10.878 Thread 0x00000000199c6000 Uncommon trap: reason=speculate_class_check action=maybe_recompile pc=0x0000000003179b08 method=com.jogamp.common.nio.Buffers.getDirectBufferByteOffset(Ljava/lang/Object;)I @ 31
Event: 10.895 Thread 0x00000000199c6000 Uncommon trap: reason=speculate_class_check action=maybe_recompile pc=0x000000000317f1d0 method=com.jogamp.common.nio.Buffers.getDirectBufferByteOffset(Ljava/lang/Object;)I @ 31
Event: 10.895 Thread 0x00000000199c6000 Uncommon trap: reason=speculate_class_check action=maybe_recompile pc=0x000000000317f1d0 method=com.jogamp.common.nio.Buffers.getDirectBufferByteOffset(Ljava/lang/Object;)I @ 31
Event: 11.016 Thread 0x00000000199c6000 Uncommon trap: reason=speculate_class_check action=maybe_recompile pc=0x0000000003181cec method=com.jogamp.common.nio.Buffers.getDirectBufferByteOffset(Ljava/lang/Object;)I @ 42
Event: 11.027 Thread 0x00000000199c6000 Uncommon trap: reason=speculate_class_check action=maybe_recompile pc=0x0000000003181cec method=com.jogamp.common.nio.Buffers.getDirectBufferByteOffset(Ljava/lang/Object;)I @ 42
Event: 11.028 Thread 0x00000000199c6000 Uncommon trap: reason=speculate_class_check action=maybe_recompile pc=0x000000000317b324 method=com.jogamp.common.nio.Buffers.getDirectBufferByteOffset(Ljava/lang/Object;)I @ 42
Event: 11.168 Thread 0x00000000199c6000 Uncommon trap: reason=speculate_class_check action=maybe_recompile pc=0x000000000318ba60 method=com.jogamp.common.nio.Buffers.getDirectBufferByteOffset(Ljava/lang/Object;)I @ 53
Event: 11.179 Thread 0x00000000199c6000 Uncommon trap: reason=speculate_class_check action=maybe_recompile pc=0x000000000318ba60 method=com.jogamp.common.nio.Buffers.getDirectBufferByteOffset(Ljava/lang/Object;)I @ 53

Internal exceptions (10 events):
Event: 3.144 Thread 0x00000000199c6000 Exception <a 'java/security/PrivilegedActionException'> (0x00000000e10a2de8) thrown at [D:\re\workspace\8-2-build-windows-amd64-cygwin\jdk8u25\1677\hotspot\src\share\vm\prims\jvm.cpp, line 1312]
Event: 3.144 Thread 0x00000000199c6000 Exception <a 'java/security/PrivilegedActionException'> (0x00000000e10a6ca8) thrown at [D:\re\workspace\8-2-build-windows-amd64-cygwin\jdk8u25\1677\hotspot\src\share\vm\prims\jvm.cpp, line 1312]
Event: 3.144 Thread 0x00000000199c6000 Exception <a 'java/security/PrivilegedActionException'> (0x00000000e10ab0b0) thrown at [D:\re\workspace\8-2-build-windows-amd64-cygwin\jdk8u25\1677\hotspot\src\share\vm\prims\jvm.cpp, line 1312]
Event: 3.144 Thread 0x00000000199c6000 Exception <a 'java/security/PrivilegedActionException'> (0x00000000e10af498) thrown at [D:\re\workspace\8-2-build-windows-amd64-cygwin\jdk8u25\1677\hotspot\src\share\vm\prims\jvm.cpp, line 1312]
Event: 3.144 Thread 0x00000000199c6000 Exception <a 'java/security/PrivilegedActionException'> (0x00000000e10b2ff0) thrown at [D:\re\workspace\8-2-build-windows-amd64-cygwin\jdk8u25\1677\hotspot\src\share\vm\prims\jvm.cpp, line 1312]
Event: 3.145 Thread 0x00000000199c6000 Exception <a 'java/security/PrivilegedActionException'> (0x00000000e10b77f0) thrown at [D:\re\workspace\8-2-build-windows-amd64-cygwin\jdk8u25\1677\hotspot\src\share\vm\prims\jvm.cpp, line 1312]
Event: 3.145 Thread 0x00000000199c6000 Exception <a 'java/security/PrivilegedActionException'> (0x00000000e10baf28) thrown at [D:\re\workspace\8-2-build-windows-amd64-cygwin\jdk8u25\1677\hotspot\src\share\vm\prims\jvm.cpp, line 1312]
Event: 3.145 Thread 0x00000000199c6000 Exception <a 'java/security/PrivilegedActionException'> (0x00000000e10bee70) thrown at [D:\re\workspace\8-2-build-windows-amd64-cygwin\jdk8u25\1677\hotspot\src\share\vm\prims\jvm.cpp, line 1312]
Event: 3.146 Thread 0x00000000199c6000 Exception <a 'java/security/PrivilegedActionException'> (0x00000000e10c4d80) thrown at [D:\re\workspace\8-2-build-windows-amd64-cygwin\jdk8u25\1677\hotspot\src\share\vm\prims\jvm.cpp, line 1312]
Event: 3.159 Thread 0x00000000199c6000 Exception <a 'java/security/PrivilegedActionException'> (0x00000000e11a0390) thrown at [D:\re\workspace\8-2-build-windows-amd64-cygwin\jdk8u25\1677\hotspot\src\share\vm\prims\jvm.cpp, line 1312]

Events (10 events):
Event: 30.643 loading class javax/swing/JComponent$IntVector done
Event: 30.643 loading class javax/swing/KeyboardManager
Event: 30.643 loading class javax/swing/KeyboardManager done
Event: 30.644 loading class javax/swing/Popup$HeavyWeightWindow
Event: 30.644 loading class sun/awt/ModalExclude
Event: 30.644 loading class sun/awt/ModalExclude done
Event: 30.644 loading class javax/swing/JWindow
Event: 30.644 loading class javax/swing/JWindow done
Event: 30.644 loading class javax/swing/Popup$HeavyWeightWindow done
Event: 30.678 Thread 0x000000001dda0800 Thread exited: 0x000000001dda0800


Dynamic libraries:
0x00007ff68d590000 - 0x00007ff68d5c4000 	C:\Program Files\Java\jre1.8.0_25\bin\javaw.exe
0x00007ffe8a980000 - 0x00007ffe8ab2c000 	C:\WINDOWS\SYSTEM32\ntdll.dll
0x00007ffe880e0000 - 0x00007ffe8821e000 	C:\WINDOWS\system32\KERNEL32.DLL
0x00007ffe87c50000 - 0x00007ffe87d65000 	C:\WINDOWS\system32\KERNELBASE.dll
0x00007ffe86650000 - 0x00007ffe866de000 	C:\WINDOWS\system32\apphelp.dll
0x00007ffe7bde0000 - 0x00007ffe7be33000 	C:\WINDOWS\AppPatch\AppPatch64\AcGenral.DLL
0x00007ffe88c10000 - 0x00007ffe88cba000 	C:\WINDOWS\system32\msvcrt.dll
0x00007ffe87900000 - 0x00007ffe8792e000 	C:\WINDOWS\SYSTEM32\SspiCli.dll
0x00007ffe885f0000 - 0x00007ffe88644000 	C:\WINDOWS\system32\SHLWAPI.dll
0x00007ffe88290000 - 0x00007ffe88407000 	C:\WINDOWS\system32\USER32.dll
0x00007ffe8a400000 - 0x00007ffe8a594000 	C:\WINDOWS\system32\ole32.dll
0x00007ffe88ee0000 - 0x00007ffe8a3f8000 	C:\WINDOWS\system32\SHELL32.dll
0x00007ffe87070000 - 0x00007ffe87091000 	C:\WINDOWS\SYSTEM32\USERENV.dll
0x00007ffe889f0000 - 0x00007ffe88a9a000 	C:\WINDOWS\system32\ADVAPI32.dll
0x00007ffe7af60000 - 0x00007ffe7af7e000 	C:\WINDOWS\SYSTEM32\MPR.dll
0x00007ffe88840000 - 0x00007ffe88981000 	C:\WINDOWS\system32\RPCRT4.dll
0x00007ffe88b60000 - 0x00007ffe88bb9000 	C:\WINDOWS\SYSTEM32\sechost.dll
0x00007ffe88cc0000 - 0x00007ffe88ed1000 	C:\WINDOWS\SYSTEM32\combase.dll
0x00007ffe8a5a0000 - 0x00007ffe8a6f1000 	C:\WINDOWS\system32\GDI32.dll
0x00007ffe87ad0000 - 0x00007ffe87ae5000 	C:\WINDOWS\SYSTEM32\profapi.dll
0x00007ffe85e70000 - 0x00007ffe85f22000 	C:\WINDOWS\SYSTEM32\SHCORE.dll
0x00007ffe88bd0000 - 0x00007ffe88c06000 	C:\WINDOWS\system32\IMM32.DLL
0x00007ffe88650000 - 0x00007ffe887a2000 	C:\WINDOWS\system32\MSCTF.dll
0x00007ffe851d0000 - 0x00007ffe8544b000 	C:\WINDOWS\WinSxS\amd64_microsoft.windows.common-controls_6595b64144ccf1df_6.0.9600.17415_none_6240486fecbd8abb\COMCTL32.dll
0x0000000066780000 - 0x0000000066852000 	C:\Program Files\Java\jre1.8.0_25\bin\msvcr100.dll
0x00000000668b0000 - 0x000000006710a000 	C:\Program Files\Java\jre1.8.0_25\bin\server\jvm.dll
0x00007ffe6eb60000 - 0x00007ffe6eb69000 	C:\WINDOWS\SYSTEM32\WSOCK32.dll
0x00007ffe7b5d0000 - 0x00007ffe7b5f2000 	C:\WINDOWS\SYSTEM32\WINMM.dll
0x00007ffe88bc0000 - 0x00007ffe88bc7000 	C:\WINDOWS\system32\PSAPI.DLL
0x00007ffe887e0000 - 0x00007ffe8883a000 	C:\WINDOWS\system32\WS2_32.dll
0x00007ffe7b5a0000 - 0x00007ffe7b5ca000 	C:\WINDOWS\SYSTEM32\WINMMBASE.dll
0x00007ffe880d0000 - 0x00007ffe880d9000 	C:\WINDOWS\system32\NSI.dll
0x00007ffe87fb0000 - 0x00007ffe87fff000 	C:\WINDOWS\SYSTEM32\cfgmgr32.dll
0x00007ffe868c0000 - 0x00007ffe868e8000 	C:\WINDOWS\SYSTEM32\DEVOBJ.dll
0x0000000067ae0000 - 0x0000000067aef000 	C:\Program Files\Java\jre1.8.0_25\bin\verify.dll
0x0000000067ab0000 - 0x0000000067ad8000 	C:\Program Files\Java\jre1.8.0_25\bin\java.dll
0x0000000067a90000 - 0x0000000067aa6000 	C:\Program Files\Java\jre1.8.0_25\bin\zip.dll
0x00000000665e0000 - 0x0000000066778000 	C:\Program Files\Java\jre1.8.0_25\bin\awt.dll
0x00007ffe8a700000 - 0x00007ffe8a7c1000 	C:\WINDOWS\system32\OLEAUT32.dll
0x00007ffe85c70000 - 0x00007ffe85c91000 	C:\WINDOWS\system32\DWMAPI.DLL
0x00007ffe86790000 - 0x00007ffe868b9000 	C:\WINDOWS\system32\uxtheme.dll
0x00007ffe868f0000 - 0x00007ffe868fb000 	C:\WINDOWS\SYSTEM32\kernel.appcore.dll
0x00007ffe879a0000 - 0x00007ffe879ab000 	C:\WINDOWS\SYSTEM32\CRYPTBASE.dll
0x00007ffe87930000 - 0x00007ffe87993000 	C:\WINDOWS\SYSTEM32\bcryptPrimitives.dll
0x00007ffe7cd90000 - 0x00007ffe7cfb1000 	C:\WINDOWS\system32\d3d9.dll
0x00007ffe857e0000 - 0x00007ffe857ea000 	C:\WINDOWS\SYSTEM32\VERSION.dll
0x00007ffe85080000 - 0x00007ffe851cb000 	C:\WINDOWS\SYSTEM32\aticfx64.dll
0x00007ffe63110000 - 0x00007ffe63131000 	C:\WINDOWS\SYSTEM32\atiu9p64.dll
0x00007ffe62920000 - 0x00007ffe63105000 	C:\WINDOWS\SYSTEM32\atiumd64.dll
0x00000000671f0000 - 0x00000000679a7000 	C:\WINDOWS\SYSTEM32\atiumd6a.dll
0x0000000066590000 - 0x00000000665d7000 	C:\Program Files\Java\jre1.8.0_25\bin\fontmanager.dll
0x00007ffe87340000 - 0x00007ffe87360000 	C:\WINDOWS\SYSTEM32\CRYPTSP.dll
0x00007ffe86f60000 - 0x00007ffe86f96000 	C:\WINDOWS\system32\rsaenh.dll
0x00007ffe875f0000 - 0x00007ffe87616000 	C:\WINDOWS\SYSTEM32\bcrypt.dll
0x0000000067a70000 - 0x0000000067a8a000 	C:\Program Files\Java\jre1.8.0_25\bin\net.dll
0x00007ffe872e0000 - 0x00007ffe87339000 	C:\WINDOWS\system32\mswsock.dll
0x00007ffe83800000 - 0x00007ffe8382a000 	C:\WINDOWS\SYSTEM32\IPHLPAPI.DLL
0x00007ffe84f70000 - 0x00007ffe84f7a000 	C:\WINDOWS\SYSTEM32\WINNSI.DLL
0x00007ffe82890000 - 0x00007ffe828a6000 	C:\WINDOWS\SYSTEM32\dhcpcsvc6.DLL
0x00007ffe829e0000 - 0x00007ffe829fa000 	C:\WINDOWS\SYSTEM32\dhcpcsvc.DLL
0x0000000066890000 - 0x00000000668a1000 	C:\Program Files\Java\jre1.8.0_25\bin\nio.dll
0x00000000637c0000 - 0x00000000637cd000 	S:\Users\Ben\AppData\Local\Temp\jogamp_0000\file_cache\jln3792707958819638470\jln8084595109994522548\gluegen-rt.dll
0x0000000067a60000 - 0x0000000067a67000 	C:\Program Files\Java\jre1.8.0_25\bin\jawt.dll
0x000000006a440000 - 0x000000006a44d000 	S:\Users\Ben\AppData\Local\Temp\jogamp_0000\file_cache\jln3792707958819638470\jln8084595109994522548\nativewindow_awt.dll
0x000000006c100000 - 0x000000006c10f000 	S:\Users\Ben\AppData\Local\Temp\jogamp_0000\file_cache\jln3792707958819638470\jln8084595109994522548\nativewindow_win32.dll
0x00007ffe78240000 - 0x00007ffe7836b000 	C:\WINDOWS\SYSTEM32\OpenGL32.dll
0x00007ffe7d220000 - 0x00007ffe7d24e000 	C:\WINDOWS\SYSTEM32\GLU32.dll
0x00007ffe769b0000 - 0x00007ffe76aa8000 	C:\WINDOWS\SYSTEM32\DDRAW.dll
0x00007ffe7d900000 - 0x00007ffe7d909000 	C:\WINDOWS\SYSTEM32\DCIMAN32.dll
0x0000000064500000 - 0x00000000645a2000 	S:\Users\Ben\AppData\Local\Temp\jogamp_0000\file_cache\jln3792707958819638470\jln8084595109994522548\jogl_desktop.dll
0x00007ffe7d180000 - 0x00007ffe7d198000 	C:\WINDOWS\SYSTEM32\atig6pxx.dll
0x00000000649e0000 - 0x000000006658f000 	C:\WINDOWS\SYSTEM32\atio6axx.dll
0x00007ffe88410000 - 0x00007ffe885ea000 	C:\WINDOWS\system32\SETUPAPI.dll
0x00007ffe83830000 - 0x00007ffe83967000 	C:\WINDOWS\SYSTEM32\atiadlxx.dll
0x00007ffe83e00000 - 0x00007ffe83f7f000 	C:\WINDOWS\SYSTEM32\PROPSYS.dll
0x00007ffe866e0000 - 0x00007ffe866f2000 	C:\WINDOWS\SYSTEM32\WTSAPI32.dll
0x00007ffe87f50000 - 0x00007ffe87fa1000 	C:\WINDOWS\system32\WINTRUST.dll
0x00007ffe87d70000 - 0x00007ffe87f4f000 	C:\WINDOWS\system32\CRYPT32.dll
0x00007ffe87b80000 - 0x00007ffe87b91000 	C:\WINDOWS\system32\MSASN1.dll
0x00007ffe72630000 - 0x00007ffe72659000 	C:\WINDOWS\SYSTEM32\atig6txx.dll
0x00007ffe720d0000 - 0x00007ffe7226c000 	O:\OneDrive\Workspace\ZZavatar\lib\user\KinectPV2\Kinect20.Face.dll
0x00007ffe7b0e0000 - 0x00007ffe7b187000 	C:\WINDOWS\SYSTEM32\MSVCP110.dll
0x00007ffe80220000 - 0x00007ffe802ee000 	C:\WINDOWS\SYSTEM32\MSVCR110.dll
0x00007ffe7d760000 - 0x00007ffe7d770000 	O:\OneDrive\Workspace\ZZavatar\lib\user\KinectPV2\KinectPV2.dll
0x00007ffe72570000 - 0x00007ffe7262a000 	C:\WINDOWS\SYSTEM32\Kinect20.dll
0x00007ffe7b1e0000 - 0x00007ffe7b2cb000 	C:\WINDOWS\SYSTEM32\MFPlat.DLL
0x00007ffe7af80000 - 0x00007ffe7afa7000 	C:\WINDOWS\SYSTEM32\RTWorkQ.DLL
0x00007ffe856b0000 - 0x00007ffe856bc000 	C:\WINDOWS\SYSTEM32\AVRT.dll
0x00007ffe62090000 - 0x00007ffe6221a000 	C:\WINDOWS\SYSTEM32\dbghelp.dll

VM Arguments:
jvm_args: -Djava.library.path=O:\OneDrive\Workspace\ZZavatar\lib\base\video;O:\OneDrive\Workspace\ZZavatar\lib\base\video;O:\OneDrive\Workspace\ZZavatar\lib\base\video;O:\OneDrive\Workspace\ZZavatar\lib\base\core;O:\OneDrive\Workspace\ZZavatar\lib\base\core;O:\OneDrive\Workspace\ZZavatar\lib\base\core;O:\OneDrive\Workspace\ZZavatar\lib\base\core;O:\OneDrive\Workspace\ZZavatar\lib\base\core;O:\OneDrive\Workspace\ZZavatar\lib\base\core;O:\OneDrive\Workspace\ZZavatar\lib\base\core;O:\OneDrive\Workspace\ZZavatar\lib\base\core;O:\OneDrive\Workspace\ZZavatar\lib\base\core;O:\OneDrive\Workspace\ZZavatar\lib\base\core;O:\OneDrive\Workspace\ZZavatar\lib\base\core;O:\OneDrive\Workspace\ZZavatar\lib\base\core;O:\OneDrive\Workspace\ZZavatar\lib\base\core;O:\OneDrive\Workspace\ZZavatar\lib\base\core;O:\OneDrive\Workspace\ZZavatar\lib\base\core;O:\OneDrive\Workspace\ZZavatar\lib\user\Kinect4WinSDK;O:\OneDrive\Workspace\ZZavatar\lib\user\KinectPV2;O:\OneDrive\Workspace\ZZavatar\lib\user\SimpleOpenNI -Dfile.encoding=Cp1252 
java_command: zzavatar.ZZavatar
java_class_path (initial): O:\OneDrive\Workspace\ZZavatar\lib\base\video\gstreamer-java.jar;O:\OneDrive\Workspace\ZZavatar\lib\base\video\jna.jar;O:\OneDrive\Workspace\ZZavatar\lib\base\video\video.jar;O:\OneDrive\Workspace\ZZavatar\lib\base\core\core.jar;O:\OneDrive\Workspace\ZZavatar\lib\base\core\gluegen-rt-natives-linux-amd64.jar;O:\OneDrive\Workspace\ZZavatar\lib\base\core\gluegen-rt-natives-linux-armv6hf.jar;O:\OneDrive\Workspace\ZZavatar\lib\base\core\gluegen-rt-natives-linux-i586.jar;O:\OneDrive\Workspace\ZZavatar\lib\base\core\gluegen-rt-natives-macosx-universal.jar;O:\OneDrive\Workspace\ZZavatar\lib\base\core\gluegen-rt-natives-windows-amd64.jar;O:\OneDrive\Workspace\ZZavatar\lib\base\core\gluegen-rt-natives-windows-i586.jar;O:\OneDrive\Workspace\ZZavatar\lib\base\core\gluegen-rt.jar;O:\OneDrive\Workspace\ZZavatar\lib\base\core\jogl-all-natives-linux-amd64.jar;O:\OneDrive\Workspace\ZZavatar\lib\base\core\jogl-all-natives-linux-armv6hf.jar;O:\OneDrive\Workspace\ZZavatar\lib\base\core\jogl-all-natives-linux-i586.jar;O:\OneDrive\Workspace\ZZavatar\lib\base\core\jogl-all-natives-macosx-universal.jar;O:\OneDrive\Workspace\ZZavatar\lib\base\core\jogl-all-natives-windows-amd64.jar;O:\OneDrive\Workspace\ZZavatar\lib\base\core\jogl-all-natives-windows-i586.jar;O:\OneDrive\Workspace\ZZavatar\lib\base\core\jogl-all.jar;O:\OneDrive\Workspace\ZZavatar\lib\user\Kinect4WinSDK\Kinect4WinSDK.jar;O:\OneDrive\Workspace\ZZavatar\lib\user\KinectPV2\KinectPV2.jar;O:\OneDrive\Workspace\ZZavatar\lib\user\SimpleOpenNI\SimpleOpenNI.jar;O:\OneDrive\Workspace\ZZavatar\bin
Launcher Type: SUN_STANDARD

Environment Variables:
JAVA_HOME=C:\Program Files\Java\jdk1.8.0_25
PATH=C:/Program Files/Java/jre1.8.0_25/bin/server;C:/Program Files/Java/jre1.8.0_25/bin;C:/Program Files/Java/jre1.8.0_25/lib/amd64;C:\Program Files (x86)\NVIDIA Corporation\PhysX\Common;C:\ProgramData\Oracle\Java\javapath;C:\Program Files (x86)\Common Files\Intel\Shared Libraries\redist\intel64\compiler;C:\Program Files (x86)\Common Files\Intel\Shared Libraries\redist\ia32\compiler;C:\Program Files (x86)\Intel\iCLS Client\;C:\Program Files\Intel\iCLS Client\;C:\Program Files (x86)\AMD APP\bin\x86_64;C:\Program Files (x86)\AMD APP\bin\x86;C:\WINDOWS\system32;C:\WINDOWS;C:\WINDOWS\System32\Wbem;C:\WINDOWS\System32\WindowsPowerShell\v1.0\;C:\Program Files (x86)\ATI Technologies\ATI.ACE\Core-Static;C:\Program Files\Intel\Intel(R) Management Engine Components\DAL;C:\Program Files\Intel\Intel(R) Management Engine Components\IPT;C:\Program Files (x86)\Intel\Intel(R) Management Engine Components\DAL;C:\Program Files (x86)\Intel\Intel(R) Management Engine Components\IPT;C:\Program Files\Sony\VAIO Improvement\;C:\Program Files (x86)\Sony\VAIO Startup Setting Tool;C:\Program Files (x86)\Windows Kits\8.1\Windows Performance Toolkit\;C:\Program Files\Microsoft SQL Server\110\Tools\Binn\;C:\Program Files (x86)\Microsoft SDKs\TypeScript\1.0\;C:\Program Files\Microsoft\Web Platform Installer\;C:\Program Files (x86)\Java\jre1.8.0_25\bin;P:\Programs\Python27\Scripts;P:\Programs\Python27;C:\Program Files\Common Files\Autodesk Shared\;P:\Program Files\Programs;P:\Program Files\Games;P:\Programs\Eclipse;
USERNAME=Benoît
OS=Windows_NT
PROCESSOR_IDENTIFIER=Intel64 Family 6 Model 58 Stepping 9, GenuineIntel



---------------  S Y S T E M  ---------------

OS: Windows 8.1 , 64 bit Build 9600 

CPU:total 8 (4 cores per cpu, 2 threads per core) family 6 model 58 stepping 9, cmov, cx8, fxsr, mmx, sse, sse2, sse3, ssse3, sse4.1, sse4.2, popcnt, avx, aes, clmul, erms, ht, tsc, tscinvbit, tscinv

Memory: 4k page, physical 6237468k(2401840k free), swap 10431772k(5765828k free)

vm_info: Java HotSpot(TM) 64-Bit Server VM (25.25-b02) for windows-amd64 JRE (1.8.0_25-b18), built on Oct  7 2014 14:25:37 by "java_re" with MS VC++ 10.0 (VS2010)

time: Sat Apr 25 17:04:55 2015
elapsed time: 30 seconds (0d 0h 0m 30s)

