#
# A fatal error has been detected by the Java Runtime Environment:
#
#  EXCEPTION_ACCESS_VIOLATION (0xc0000005) at pc=0x00007ffb79d64113, pid=6756, tid=6060
#
# JRE version: Java(TM) SE Runtime Environment (8.0_25-b18) (build 1.8.0_25-b18)
# Java VM: Java HotSpot(TM) 64-Bit Server VM (25.25-b02 mixed mode windows-amd64 compressed oops)
# Problematic frame:
# C  [KinectPV2.dll+0x4113]
#
# Failed to write core dump. Minidumps are not enabled by default on client versions of Windows
#
# If you would like to submit a bug report, please visit:
#   http://bugreport.sun.com/bugreport/crash.jsp
# The crash happened outside the Java Virtual Machine in native code.
# See problematic frame for where to report the bug.
#

---------------  T H R E A D  ---------------

Current thread (0x00000000197d8000):  JavaThread "Animation Thread" [_thread_in_native, id=6060, stack(0x000000001c880000,0x000000001c980000)]

siginfo: ExceptionCode=0xc0000005, reading address 0xffffffffffffffff

Registers:
RAX=0x74000138a9f93d80, RBX=0x000000002e63e040, RCX=0x000000006ccf9670, RDX=0x0000000000000000
RSP=0x000000001c97e830, RBP=0x0000000000000006, RSI=0x0000000000000000, RDI=0x000000001f718598
R8 =0x000000001c97e4f8, R9 =0x0000000000008000, R10=0x0000000000000000, R11=0x000000001c97e730
R12=0x0000000000000000, R13=0x000000001fcde1a8, R14=0x0000000000000000, R15=0x00000000197d8000
RIP=0x00007ffb79d64113, EFLAGS=0x0000000000010202

Top of Stack: (sp=0x000000001c97e830)
0x000000001c97e830:   000000001f718568 00000000200a85c8
0x000000001c97e840:   000000001f718568 0000000000000000
0x000000001c97e850:   000000001c97e920 00007ffb79d61fba
0x000000001c97e860:   000000001c97e920 000000001c97e900
0x000000001c97e870:   00000000197d81e8 00000000197501b0
0x000000001c97e880:   00000000a3b023e0 0000000002785b74
0x000000001c97e890:   000000001fcde1a8 00000000a3b023c0
0x000000001c97e8a0:   00000000a3b023c0 00000000197d8000
0x000000001c97e8b0:   000000001c97e978 00000000027858a2
0x000000001c97e8c0:   000000001c97e8c0 000000001fcde1a8
0x000000001c97e8d0:   000000001c97e920 000000001fcdf138
0x000000001c97e8e0:   0000000000000000 000000001fcde1a8
0x000000001c97e8f0:   0000000000000000 000000001c97e920
0x000000001c97e900:   000000001c97e968 0000000002777a2d
0x000000001c97e910:   0000000000000000 000000000277f6b8
0x000000001c97e920:   00000000a389d1c8 000000001c97e928 

Instructions: (pc=0x00007ffb79d64113)
0x00007ffb79d640f3:   48 8b 0f 48 85 c9 74 09 48 8b 01 ff 50 10 4c 89
0x00007ffb79d64103:   37 48 8b 8f 90 00 00 00 48 85 c9 74 0d 48 8b 01
0x00007ffb79d64113:   ff 50 10 4c 89 b7 90 00 00 00 48 8b 4f 30 48 85
0x00007ffb79d64123:   c9 74 0a 48 8b 01 ff 50 10 4c 89 77 30 48 8b 4f 


Register to memory mapping:

RAX=0x74000138a9f93d80 is an unknown value
RBX=0x000000002e63e040 is an unknown value
RCX=0x000000006ccf9670 is an unknown value
RDX=0x0000000000000000 is an unknown value
RSP=0x000000001c97e830 is pointing into the stack for thread: 0x00000000197d8000
RBP=0x0000000000000006 is an unknown value
RSI=0x0000000000000000 is an unknown value
RDI=0x000000001f718598 is an unknown value
R8 =0x000000001c97e4f8 is pointing into the stack for thread: 0x00000000197d8000
R9 =0x0000000000008000 is an unknown value
R10=0x0000000000000000 is an unknown value
R11=0x000000001c97e730 is pointing into the stack for thread: 0x00000000197d8000
R12=0x0000000000000000 is an unknown value
R13={method} {0x000000001fcde1b0} 'jniStopDevice' '()V' in 'KinectPV2/Device'
R14=0x0000000000000000 is an unknown value
R15=0x00000000197d8000 is a thread


Stack: [0x000000001c880000,0x000000001c980000],  sp=0x000000001c97e830,  free space=1018k
Native frames: (J=compiled Java code, j=interpreted, Vv=VM code, C=native code)
C  [KinectPV2.dll+0x4113]
C  [KinectPV2.dll+0x1fba]
C  0x0000000002785b74

Java frames: (J=compiled Java code, j=interpreted, Vv=VM code)
j  KinectPV2.Device.jniStopDevice()V+0
j  KinectPV2.Device.stopDevice()V+41
j  KinectPV2.KinectPV2.dispose()V+14
v  ~StubRoutines::call_stub
j  sun.reflect.NativeMethodAccessorImpl.invoke0(Ljava/lang/reflect/Method;Ljava/lang/Object;[Ljava/lang/Object;)Ljava/lang/Object;+0
j  sun.reflect.NativeMethodAccessorImpl.invoke(Ljava/lang/Object;[Ljava/lang/Object;)Ljava/lang/Object;+100
J 1986 C1 sun.reflect.DelegatingMethodAccessorImpl.invoke(Ljava/lang/Object;[Ljava/lang/Object;)Ljava/lang/Object; (10 bytes) @ 0x0000000002eacbc4 [0x0000000002eacac0+0x104]
J 1985 C1 java.lang.reflect.Method.invoke(Ljava/lang/Object;[Ljava/lang/Object;)Ljava/lang/Object; (62 bytes) @ 0x0000000002eab5e4 [0x0000000002eab200+0x3e4]
j  processing.core.PApplet$RegisteredMethods.handle([Ljava/lang/Object;)V+18
J 1772 C1 processing.core.PApplet.handleMethods(Ljava/lang/String;)V (21 bytes) @ 0x0000000002de969c [0x0000000002de93e0+0x2bc]
j  processing.core.PApplet.dispose()V+35
j  processing.core.PApplet.run()V+283
j  java.lang.Thread.run()V+11
v  ~StubRoutines::call_stub

---------------  P R O C E S S  ---------------

Java Threads: ( => current thread )
  0x0000000019be2000 JavaThread "Animation Thread-SharedResourceRunner" daemon [_thread_blocked, id=1496, stack(0x000000001eb50000,0x000000001ec50000)]
  0x000000000266e800 JavaThread "DestroyJavaVM" [_thread_blocked, id=3432, stack(0x00000000024a0000,0x00000000025a0000)]
  0x00000000197d9800 JavaThread "D3D Screen Updater" daemon [_thread_blocked, id=2036, stack(0x000000001cb80000,0x000000001cc80000)]
=>0x00000000197d8000 JavaThread "Animation Thread" [_thread_in_native, id=6060, stack(0x000000001c880000,0x000000001c980000)]
  0x00000000197a4000 JavaThread "Image Fetcher 0" daemon [_thread_blocked, id=4100, stack(0x000000001c780000,0x000000001c880000)]
  0x0000000019745000 JavaThread "AWT-EventQueue-0" [_thread_blocked, id=5620, stack(0x000000001c680000,0x000000001c780000)]
  0x00000000188db800 JavaThread "AWT-Windows" daemon [_thread_in_native, id=6440, stack(0x000000001a010000,0x000000001a110000)]
  0x00000000188da800 JavaThread "AWT-Shutdown" [_thread_blocked, id=6680, stack(0x0000000019f10000,0x000000001a010000)]
  0x0000000019708800 JavaThread "Java2D Disposer" daemon [_thread_blocked, id=7036, stack(0x0000000019e10000,0x0000000019f10000)]
  0x0000000018595000 JavaThread "Service Thread" daemon [_thread_blocked, id=5852, stack(0x0000000018ee0000,0x0000000018fe0000)]
  0x0000000018518800 JavaThread "C1 CompilerThread3" daemon [_thread_blocked, id=3856, stack(0x0000000018de0000,0x0000000018ee0000)]
  0x0000000018518000 JavaThread "C2 CompilerThread2" daemon [_thread_blocked, id=1484, stack(0x0000000018ce0000,0x0000000018de0000)]
  0x0000000018510800 JavaThread "C2 CompilerThread1" daemon [_thread_blocked, id=3364, stack(0x0000000018be0000,0x0000000018ce0000)]
  0x0000000018508800 JavaThread "C2 CompilerThread0" daemon [_thread_blocked, id=3908, stack(0x0000000018ae0000,0x0000000018be0000)]
  0x0000000018506000 JavaThread "Attach Listener" daemon [_thread_blocked, id=2132, stack(0x00000000189e0000,0x0000000018ae0000)]
  0x0000000018505000 JavaThread "Signal Dispatcher" daemon [_thread_blocked, id=6872, stack(0x00000000188e0000,0x00000000189e0000)]
  0x0000000002768800 JavaThread "Finalizer" daemon [_thread_blocked, id=6328, stack(0x00000000183e0000,0x00000000184e0000)]
  0x00000000164bc800 JavaThread "Reference Handler" daemon [_thread_blocked, id=5548, stack(0x00000000182e0000,0x00000000183e0000)]

Other Threads:
  0x00000000164b8800 VMThread [stack: 0x00000000181e0000,0x00000000182e0000] [id=3404]
  0x0000000018597000 WatcherThread [stack: 0x0000000018fe0000,0x00000000190e0000] [id=6772]

VM state:not at safepoint (normal execution)

VM Mutex/Monitor currently owned by a thread: None

Heap:
 PSYoungGen      total 269312K, used 73322K [0x00000000e0400000, 0x00000000f5880000, 0x0000000100000000)
  eden space 215040K, 29% used [0x00000000e0400000,0x00000000e4271b90,0x00000000ed600000)
  from space 54272K, 17% used [0x00000000ed600000,0x00000000edf29050,0x00000000f0b00000)
  to   space 52224K, 0% used [0x00000000f2580000,0x00000000f2580000,0x00000000f5880000)
 ParOldGen       total 227328K, used 145896K [0x00000000a0c00000, 0x00000000aea00000, 0x00000000e0400000)
  object space 227328K, 64% used [0x00000000a0c00000,0x00000000a9a7a008,0x00000000aea00000)
 Metaspace       used 17723K, capacity 17921K, committed 18176K, reserved 1064960K
  class space    used 1717K, capacity 1761K, committed 1792K, reserved 1048576K

Card table byte_map: [0x0000000011b30000,0x0000000011e30000] byte_map_base: 0x000000001162a000

Marking Bits: (ParMarkBitMap*) 0x000000006ecbd490
 Begin Bits: [0x0000000012830000, 0x0000000014000000)
 End Bits:   [0x0000000014000000, 0x00000000157d0000)

Polling page: 0x00000000023b0000

CodeCache: size=245760Kb used=7388Kb max_used=7388Kb free=238371Kb
 bounds [0x0000000002770000, 0x0000000002eb0000, 0x0000000011770000]
 total_blobs=2862 nmethods=1991 adapters=785
 compilation: enabled

Compilation events (10 events):
Event: 6.602 Thread 0x0000000018518800 1986       3       sun.reflect.DelegatingMethodAccessorImpl::invoke (10 bytes)
Event: 6.602 Thread 0x0000000018518800 nmethod 1986 0x0000000002eac950 code [0x0000000002eacac0, 0x0000000002eacce8]
Event: 6.603 Thread 0x0000000018518800 1989       3       processing.opengl.PGraphicsOpenGL::noLightSpot (23 bytes)
Event: 6.603 Thread 0x0000000018518800 nmethod 1989 0x0000000002eacdd0 code [0x0000000002eacf20, 0x0000000002ead0d0]
Event: 6.603 Thread 0x0000000018518800 1990       3       sun.java2d.SunGraphics2D::invalidatePipe (41 bytes)
Event: 6.603 Thread 0x0000000018518800 nmethod 1990 0x0000000002ead1d0 code [0x0000000002ead320, 0x0000000002ead4f0]
Event: 6.618 Thread 0x0000000018518800 1991       3       java.lang.Integer::toHexString (6 bytes)
Event: 6.618 Thread 0x0000000018518800 nmethod 1991 0x0000000002ead550 code [0x0000000002ead6c0, 0x0000000002ead828]
Event: 6.618 Thread 0x0000000018518800 1992       3       java.lang.Integer::toUnsignedString0 (46 bytes)
Event: 6.619 Thread 0x0000000018518800 nmethod 1992 0x0000000002ead8d0 code [0x0000000002eada60, 0x0000000002eadeb8]

GC Heap History (10 events):
Event: 4.203 GC heap before
{Heap before GC invocations=14 (full 3):
 PSYoungGen      total 206336K, used 149029K [0x00000000e0400000, 0x00000000f0c80000, 0x0000000100000000)
  eden space 150016K, 99% used [0x00000000e0400000,0x00000000e95894b8,0x00000000e9680000)
  from space 56320K, 0% used [0x00000000ed580000,0x00000000ed580000,0x00000000f0c80000)
  to   space 60416K, 0% used [0x00000000e9680000,0x00000000e9680000,0x00000000ed180000)
 ParOldGen       total 227328K, used 145864K [0x00000000a0c00000, 0x00000000aea00000, 0x00000000e0400000)
  object space 227328K, 64% used [0x00000000a0c00000,0x00000000a9a72008,0x00000000aea00000)
 Metaspace       used 17483K, capacity 17729K, committed 17920K, reserved 1064960K
  class space    used 1706K, capacity 1761K, committed 1792K, reserved 1048576K
Event: 4.205 GC heap after
Heap after GC invocations=14 (full 3):
 PSYoungGen      total 210432K, used 9140K [0x00000000e0400000, 0x00000000f3200000, 0x0000000100000000)
  eden space 150016K, 0% used [0x00000000e0400000,0x00000000e0400000,0x00000000e9680000)
  from space 60416K, 15% used [0x00000000e9680000,0x00000000e9f6d020,0x00000000ed180000)
  to   space 59392K, 0% used [0x00000000ef800000,0x00000000ef800000,0x00000000f3200000)
 ParOldGen       total 227328K, used 145872K [0x00000000a0c00000, 0x00000000aea00000, 0x00000000e0400000)
  object space 227328K, 64% used [0x00000000a0c00000,0x00000000a9a74008,0x00000000aea00000)
 Metaspace       used 17483K, capacity 17729K, committed 17920K, reserved 1064960K
  class space    used 1706K, capacity 1761K, committed 1792K, reserved 1048576K
}
Event: 4.672 GC heap before
{Heap before GC invocations=15 (full 3):
 PSYoungGen      total 210432K, used 157115K [0x00000000e0400000, 0x00000000f3200000, 0x0000000100000000)
  eden space 150016K, 98% used [0x00000000e0400000,0x00000000e9481ea0,0x00000000e9680000)
  from space 60416K, 15% used [0x00000000e9680000,0x00000000e9f6d020,0x00000000ed180000)
  to   space 59392K, 0% used [0x00000000ef800000,0x00000000ef800000,0x00000000f3200000)
 ParOldGen       total 227328K, used 145872K [0x00000000a0c00000, 0x00000000aea00000, 0x00000000e0400000)
  object space 227328K, 64% used [0x00000000a0c00000,0x00000000a9a74008,0x00000000aea00000)
 Metaspace       used 17570K, capacity 17793K, committed 17920K, reserved 1064960K
  class space    used 1706K, capacity 1761K, committed 1792K, reserved 1048576K
Event: 4.676 GC heap after
Heap after GC invocations=15 (full 3):
 PSYoungGen      total 235520K, used 9412K [0x00000000e0400000, 0x00000000f2980000, 0x0000000100000000)
  eden space 184832K, 0% used [0x00000000e0400000,0x00000000e0400000,0x00000000eb880000)
  from space 50688K, 18% used [0x00000000ef800000,0x00000000f0131050,0x00000000f2980000)
  to   space 57856K, 0% used [0x00000000eb880000,0x00000000eb880000,0x00000000ef100000)
 ParOldGen       total 227328K, used 145880K [0x00000000a0c00000, 0x00000000aea00000, 0x00000000e0400000)
  object space 227328K, 64% used [0x00000000a0c00000,0x00000000a9a76008,0x00000000aea00000)
 Metaspace       used 17570K, capacity 17793K, committed 17920K, reserved 1064960K
  class space    used 1706K, capacity 1761K, committed 1792K, reserved 1048576K
}
Event: 5.239 GC heap before
{Heap before GC invocations=16 (full 3):
 PSYoungGen      total 235520K, used 189956K [0x00000000e0400000, 0x00000000f2980000, 0x0000000100000000)
  eden space 184832K, 97% used [0x00000000e0400000,0x00000000eb4502e8,0x00000000eb880000)
  from space 50688K, 18% used [0x00000000ef800000,0x00000000f0131050,0x00000000f2980000)
  to   space 57856K, 0% used [0x00000000eb880000,0x00000000eb880000,0x00000000ef100000)
 ParOldGen       total 227328K, used 145880K [0x00000000a0c00000, 0x00000000aea00000, 0x00000000e0400000)
  object space 227328K, 64% used [0x00000000a0c00000,0x00000000a9a76008,0x00000000aea00000)
 Metaspace       used 17629K, capacity 17857K, committed 17920K, reserved 1064960K
  class space    used 1706K, capacity 1761K, committed 1792K, reserved 1048576K
Event: 5.242 GC heap after
Heap after GC invocations=16 (full 3):
 PSYoungGen      total 242688K, used 9332K [0x00000000e0400000, 0x00000000f4a00000, 0x0000000100000000)
  eden space 184832K, 0% used [0x00000000e0400000,0x00000000e0400000,0x00000000eb880000)
  from space 57856K, 16% used [0x00000000eb880000,0x00000000ec19d040,0x00000000ef100000)
  to   space 56320K, 0% used [0x00000000f1300000,0x00000000f1300000,0x00000000f4a00000)
 ParOldGen       total 227328K, used 145888K [0x00000000a0c00000, 0x00000000aea00000, 0x00000000e0400000)
  object space 227328K, 64% used [0x00000000a0c00000,0x00000000a9a78008,0x00000000aea00000)
 Metaspace       used 17629K, capacity 17857K, committed 17920K, reserved 1064960K
  class space    used 1706K, capacity 1761K, committed 1792K, reserved 1048576K
}
Event: 5.806 GC heap before
{Heap before GC invocations=17 (full 3):
 PSYoungGen      total 242688K, used 188633K [0x00000000e0400000, 0x00000000f4a00000, 0x0000000100000000)
  eden space 184832K, 97% used [0x00000000e0400000,0x00000000eb3195f0,0x00000000eb880000)
  from space 57856K, 16% used [0x00000000eb880000,0x00000000ec19d040,0x00000000ef100000)
  to   space 56320K, 0% used [0x00000000f1300000,0x00000000f1300000,0x00000000f4a00000)
 ParOldGen       total 227328K, used 145888K [0x00000000a0c00000, 0x00000000aea00000, 0x00000000e0400000)
  object space 227328K, 64% used [0x00000000a0c00000,0x00000000a9a78008,0x00000000aea00000)
 Metaspace       used 17653K, capacity 17857K, committed 17920K, reserved 1064960K
  class space    used 1706K, capacity 1761K, committed 1792K, reserved 1048576K
Event: 5.810 GC heap after
Heap after GC invocations=17 (full 3):
 PSYoungGen      total 261120K, used 9396K [0x00000000e0400000, 0x00000000f4000000, 0x0000000100000000)
  eden space 215040K, 0% used [0x00000000e0400000,0x00000000e0400000,0x00000000ed600000)
  from space 46080K, 20% used [0x00000000f1300000,0x00000000f1c2d040,0x00000000f4000000)
  to   space 54272K, 0% used [0x00000000ed600000,0x00000000ed600000,0x00000000f0b00000)
 ParOldGen       total 227328K, used 145896K [0x00000000a0c00000, 0x00000000aea00000, 0x00000000e0400000)
  object space 227328K, 64% used [0x00000000a0c00000,0x00000000a9a7a008,0x00000000aea00000)
 Metaspace       used 17653K, capacity 17857K, committed 17920K, reserved 1064960K
  class space    used 1706K, capacity 1761K, committed 1792K, reserved 1048576K
}
Event: 6.470 GC heap before
{Heap before GC invocations=18 (full 3):
 PSYoungGen      total 261120K, used 220649K [0x00000000e0400000, 0x00000000f4000000, 0x0000000100000000)
  eden space 215040K, 98% used [0x00000000e0400000,0x00000000ed24d4b0,0x00000000ed600000)
  from space 46080K, 20% used [0x00000000f1300000,0x00000000f1c2d040,0x00000000f4000000)
  to   space 54272K, 0% used [0x00000000ed600000,0x00000000ed600000,0x00000000f0b00000)
 ParOldGen       total 227328K, used 145896K [0x00000000a0c00000, 0x00000000aea00000, 0x00000000e0400000)
  object space 227328K, 64% used [0x00000000a0c00000,0x00000000a9a7a008,0x00000000aea00000)
 Metaspace       used 17676K, capacity 17857K, committed 17920K, reserved 1064960K
  class space    used 1706K, capacity 1761K, committed 1792K, reserved 1048576K
Event: 6.473 GC heap after
Heap after GC invocations=18 (full 3):
 PSYoungGen      total 269312K, used 9380K [0x00000000e0400000, 0x00000000f5880000, 0x0000000100000000)
  eden space 215040K, 0% used [0x00000000e0400000,0x00000000e0400000,0x00000000ed600000)
  from space 54272K, 17% used [0x00000000ed600000,0x00000000edf29050,0x00000000f0b00000)
  to   space 52224K, 0% used [0x00000000f2580000,0x00000000f2580000,0x00000000f5880000)
 ParOldGen       total 227328K, used 145896K [0x00000000a0c00000, 0x00000000aea00000, 0x00000000e0400000)
  object space 227328K, 64% used [0x00000000a0c00000,0x00000000a9a7a008,0x00000000aea00000)
 Metaspace       used 17676K, capacity 17857K, committed 17920K, reserved 1064960K
  class space    used 1706K, capacity 1761K, committed 1792K, reserved 1048576K
}

Deoptimization events (10 events):
Event: 2.667 Thread 0x0000000019745000 Uncommon trap: reason=class_check action=maybe_recompile pc=0x0000000002a7fb84 method=com.jogamp.common.nio.Buffers.getDirectBufferByteOffset(Ljava/lang/Object;)I @ 7
Event: 2.667 Thread 0x0000000019745000 Uncommon trap: reason=class_check action=maybe_recompile pc=0x0000000002a824c0 method=com.jogamp.common.nio.Buffers.isDirect(Ljava/lang/Object;)Z @ 13
Event: 2.667 Thread 0x0000000019745000 Uncommon trap: reason=class_check action=maybe_recompile pc=0x0000000002a7fb84 method=com.jogamp.common.nio.Buffers.getDirectBufferByteOffset(Ljava/lang/Object;)I @ 7
Event: 2.667 Thread 0x0000000019745000 Uncommon trap: reason=class_check action=maybe_recompile pc=0x0000000002a824c0 method=com.jogamp.common.nio.Buffers.isDirect(Ljava/lang/Object;)Z @ 13
Event: 2.667 Thread 0x0000000019745000 Uncommon trap: reason=class_check action=maybe_recompile pc=0x0000000002a7fb84 method=com.jogamp.common.nio.Buffers.getDirectBufferByteOffset(Ljava/lang/Object;)I @ 7
Event: 2.668 Thread 0x0000000019745000 Uncommon trap: reason=predicate action=maybe_recompile pc=0x0000000002b514c4 method=java.util.ArrayList.indexOf(Ljava/lang/Object;)I @ 44
Event: 2.701 Thread 0x0000000019745000 Uncommon trap: reason=class_check action=maybe_recompile pc=0x0000000002a824c0 method=com.jogamp.common.nio.Buffers.isDirect(Ljava/lang/Object;)Z @ 13
Event: 2.701 Thread 0x0000000019745000 Uncommon trap: reason=class_check action=maybe_recompile pc=0x0000000002a7fb84 method=com.jogamp.common.nio.Buffers.getDirectBufferByteOffset(Ljava/lang/Object;)I @ 7
Event: 3.149 Thread 0x0000000019745000 Uncommon trap: reason=unreached action=reinterpret pc=0x0000000002b6c0c0 method=processing.opengl.PGraphicsOpenGL$InGeometry.addVertex(FFFIFFFFFIFIIIFIZ)I @ 218
Event: 3.368 Thread 0x0000000019745000 Uncommon trap: reason=unreached action=reinterpret pc=0x0000000002a365b0 method=java.lang.reflect.AccessibleObject.setAccessible0(Ljava/lang/reflect/AccessibleObject;Z)V @ 4

Internal exceptions (10 events):
Event: 3.005 Thread 0x0000000019745000 Exception <a 'java/security/PrivilegedActionException'> (0x00000000e3cf4ba8) thrown at [D:\re\workspace\8-2-build-windows-amd64-cygwin\jdk8u25\1677\hotspot\src\share\vm\prims\jvm.cpp, line 1312]
Event: 3.005 Thread 0x0000000019745000 Exception <a 'java/security/PrivilegedActionException'> (0x00000000e3cf8a68) thrown at [D:\re\workspace\8-2-build-windows-amd64-cygwin\jdk8u25\1677\hotspot\src\share\vm\prims\jvm.cpp, line 1312]
Event: 3.006 Thread 0x0000000019745000 Exception <a 'java/security/PrivilegedActionException'> (0x00000000e3cfce70) thrown at [D:\re\workspace\8-2-build-windows-amd64-cygwin\jdk8u25\1677\hotspot\src\share\vm\prims\jvm.cpp, line 1312]
Event: 3.006 Thread 0x0000000019745000 Exception <a 'java/security/PrivilegedActionException'> (0x00000000e3d01258) thrown at [D:\re\workspace\8-2-build-windows-amd64-cygwin\jdk8u25\1677\hotspot\src\share\vm\prims\jvm.cpp, line 1312]
Event: 3.006 Thread 0x0000000019745000 Exception <a 'java/security/PrivilegedActionException'> (0x00000000e3d04db0) thrown at [D:\re\workspace\8-2-build-windows-amd64-cygwin\jdk8u25\1677\hotspot\src\share\vm\prims\jvm.cpp, line 1312]
Event: 3.006 Thread 0x0000000019745000 Exception <a 'java/security/PrivilegedActionException'> (0x00000000e3d095b0) thrown at [D:\re\workspace\8-2-build-windows-amd64-cygwin\jdk8u25\1677\hotspot\src\share\vm\prims\jvm.cpp, line 1312]
Event: 3.007 Thread 0x0000000019745000 Exception <a 'java/security/PrivilegedActionException'> (0x00000000e3d0cce8) thrown at [D:\re\workspace\8-2-build-windows-amd64-cygwin\jdk8u25\1677\hotspot\src\share\vm\prims\jvm.cpp, line 1312]
Event: 3.007 Thread 0x0000000019745000 Exception <a 'java/security/PrivilegedActionException'> (0x00000000e3d10c30) thrown at [D:\re\workspace\8-2-build-windows-amd64-cygwin\jdk8u25\1677\hotspot\src\share\vm\prims\jvm.cpp, line 1312]
Event: 3.007 Thread 0x0000000019745000 Exception <a 'java/security/PrivilegedActionException'> (0x00000000e3d16b40) thrown at [D:\re\workspace\8-2-build-windows-amd64-cygwin\jdk8u25\1677\hotspot\src\share\vm\prims\jvm.cpp, line 1312]
Event: 3.021 Thread 0x0000000019745000 Exception <a 'java/security/PrivilegedActionException'> (0x00000000e3f169b8) thrown at [D:\re\workspace\8-2-build-windows-amd64-cygwin\jdk8u25\1677\hotspot\src\share\vm\prims\jvm.cpp, line 1312]

Events (10 events):
Event: 6.617 loading class javax/swing/JComponent$IntVector done
Event: 6.617 loading class javax/swing/KeyboardManager
Event: 6.617 loading class javax/swing/KeyboardManager done
Event: 6.617 loading class javax/swing/Popup$HeavyWeightWindow
Event: 6.617 loading class sun/awt/ModalExclude
Event: 6.617 loading class sun/awt/ModalExclude done
Event: 6.617 loading class javax/swing/JWindow
Event: 6.617 loading class javax/swing/JWindow done
Event: 6.617 loading class javax/swing/Popup$HeavyWeightWindow done
Event: 6.652 Thread 0x0000000019904800 Thread exited: 0x0000000019904800


Dynamic libraries:
0x00007ff69ddf0000 - 0x00007ff69de24000 	C:\Program Files\Java\jre1.8.0_25\bin\javaw.exe
0x00007ffb80c70000 - 0x00007ffb80e1c000 	C:\WINDOWS\SYSTEM32\ntdll.dll
0x00007ffb80620000 - 0x00007ffb8075e000 	C:\WINDOWS\system32\KERNEL32.DLL
0x00007ffb7e0d0000 - 0x00007ffb7e1e5000 	C:\WINDOWS\system32\KERNELBASE.dll
0x00007ffb7c940000 - 0x00007ffb7c9ce000 	C:\WINDOWS\system32\apphelp.dll
0x00007ffb6b4d0000 - 0x00007ffb6b523000 	C:\WINDOWS\AppPatch\AppPatch64\AcGenral.DLL
0x00007ffb7e5f0000 - 0x00007ffb7e69a000 	C:\WINDOWS\system32\msvcrt.dll
0x00007ffb7db90000 - 0x00007ffb7dbbe000 	C:\WINDOWS\SYSTEM32\SspiCli.dll
0x00007ffb7e8c0000 - 0x00007ffb7e914000 	C:\WINDOWS\system32\SHLWAPI.dll
0x00007ffb80760000 - 0x00007ffb808d7000 	C:\WINDOWS\system32\USER32.dll
0x00007ffb7e410000 - 0x00007ffb7e5a4000 	C:\WINDOWS\system32\ole32.dll
0x00007ffb7f100000 - 0x00007ffb80618000 	C:\WINDOWS\system32\SHELL32.dll
0x00007ffb7d360000 - 0x00007ffb7d381000 	C:\WINDOWS\SYSTEM32\USERENV.dll
0x00007ffb7eea0000 - 0x00007ffb7ef4a000 	C:\WINDOWS\system32\ADVAPI32.dll
0x00007ffb72030000 - 0x00007ffb7204e000 	C:\WINDOWS\SYSTEM32\MPR.dll
0x00007ffb7e920000 - 0x00007ffb7ea61000 	C:\WINDOWS\system32\RPCRT4.dll
0x00007ffb7e3b0000 - 0x00007ffb7e409000 	C:\WINDOWS\SYSTEM32\sechost.dll
0x00007ffb7e6a0000 - 0x00007ffb7e8b1000 	C:\WINDOWS\SYSTEM32\combase.dll
0x00007ffb7ea70000 - 0x00007ffb7ebc1000 	C:\WINDOWS\system32\GDI32.dll
0x00007ffb7ddc0000 - 0x00007ffb7ddd5000 	C:\WINDOWS\SYSTEM32\profapi.dll
0x00007ffb7c160000 - 0x00007ffb7c212000 	C:\WINDOWS\SYSTEM32\SHCORE.dll
0x00007ffb7e5b0000 - 0x00007ffb7e5e6000 	C:\WINDOWS\system32\IMM32.DLL
0x00007ffb80920000 - 0x00007ffb80a72000 	C:\WINDOWS\system32\MSCTF.dll
0x00007ffb7b4f0000 - 0x00007ffb7b76b000 	C:\WINDOWS\WinSxS\amd64_microsoft.windows.common-controls_6595b64144ccf1df_6.0.9600.17415_none_6240486fecbd8abb\COMCTL32.dll
0x000000006e3b0000 - 0x000000006e482000 	C:\Program Files\Java\jre1.8.0_25\bin\msvcr100.dll
0x000000006e4e0000 - 0x000000006ed3a000 	C:\Program Files\Java\jre1.8.0_25\bin\server\jvm.dll
0x00007ffb71710000 - 0x00007ffb71719000 	C:\WINDOWS\SYSTEM32\WSOCK32.dll
0x00007ffb750e0000 - 0x00007ffb75102000 	C:\WINDOWS\SYSTEM32\WINMM.dll
0x00007ffb808e0000 - 0x00007ffb808e7000 	C:\WINDOWS\system32\PSAPI.DLL
0x00007ffb80b50000 - 0x00007ffb80baa000 	C:\WINDOWS\system32\WS2_32.dll
0x00007ffb74fb0000 - 0x00007ffb74fda000 	C:\WINDOWS\SYSTEM32\WINMMBASE.dll
0x00007ffb7ebd0000 - 0x00007ffb7ebd9000 	C:\WINDOWS\system32\NSI.dll
0x00007ffb7e2a0000 - 0x00007ffb7e2ef000 	C:\WINDOWS\SYSTEM32\cfgmgr32.dll
0x00007ffb7cbb0000 - 0x00007ffb7cbd8000 	C:\WINDOWS\SYSTEM32\DEVOBJ.dll
0x00000000701e0000 - 0x00000000701ef000 	C:\Program Files\Java\jre1.8.0_25\bin\verify.dll
0x00000000701b0000 - 0x00000000701d8000 	C:\Program Files\Java\jre1.8.0_25\bin\java.dll
0x0000000070190000 - 0x00000000701a6000 	C:\Program Files\Java\jre1.8.0_25\bin\zip.dll
0x000000006e210000 - 0x000000006e3a8000 	C:\Program Files\Java\jre1.8.0_25\bin\awt.dll
0x00007ffb7edd0000 - 0x00007ffb7ee91000 	C:\WINDOWS\system32\OLEAUT32.dll
0x00007ffb7bf60000 - 0x00007ffb7bf81000 	C:\WINDOWS\system32\DWMAPI.DLL
0x00007ffb7ca30000 - 0x00007ffb7cb59000 	C:\WINDOWS\system32\uxtheme.dll
0x00007ffb7cc00000 - 0x00007ffb7cc0b000 	C:\WINDOWS\SYSTEM32\kernel.appcore.dll
0x00007ffb7dc30000 - 0x00007ffb7dc3b000 	C:\WINDOWS\SYSTEM32\CRYPTBASE.dll
0x00007ffb7dbc0000 - 0x00007ffb7dc23000 	C:\WINDOWS\SYSTEM32\bcryptPrimitives.dll
0x00007ffb73570000 - 0x00007ffb73791000 	C:\WINDOWS\system32\d3d9.dll
0x00007ffb7b9f0000 - 0x00007ffb7b9fa000 	C:\WINDOWS\SYSTEM32\VERSION.dll
0x00007ffb7b220000 - 0x00007ffb7b36b000 	C:\WINDOWS\SYSTEM32\aticfx64.dll
0x00007ffb59650000 - 0x00007ffb59671000 	C:\WINDOWS\SYSTEM32\atiu9p64.dll
0x00007ffb58e60000 - 0x00007ffb59645000 	C:\WINDOWS\SYSTEM32\atiumd64.dll
0x000000006ed40000 - 0x000000006f4f7000 	C:\WINDOWS\SYSTEM32\atiumd6a.dll
0x000000006f5f0000 - 0x000000006f637000 	C:\Program Files\Java\jre1.8.0_25\bin\fontmanager.dll
0x00007ffb7d630000 - 0x00007ffb7d650000 	C:\WINDOWS\SYSTEM32\CRYPTSP.dll
0x00007ffb7d250000 - 0x00007ffb7d286000 	C:\WINDOWS\system32\rsaenh.dll
0x00007ffb7d880000 - 0x00007ffb7d8a6000 	C:\WINDOWS\SYSTEM32\bcrypt.dll
0x0000000070170000 - 0x000000007018a000 	C:\Program Files\Java\jre1.8.0_25\bin\net.dll
0x00007ffb7d5d0000 - 0x00007ffb7d629000 	C:\WINDOWS\system32\mswsock.dll
0x00007ffb79b50000 - 0x00007ffb79b7a000 	C:\WINDOWS\SYSTEM32\IPHLPAPI.DLL
0x00007ffb79b10000 - 0x00007ffb79b1a000 	C:\WINDOWS\SYSTEM32\WINNSI.DLL
0x00007ffb78b80000 - 0x00007ffb78b96000 	C:\WINDOWS\SYSTEM32\dhcpcsvc6.DLL
0x00007ffb78d10000 - 0x00007ffb78d2a000 	C:\WINDOWS\SYSTEM32\dhcpcsvc.DLL
0x000000006e4c0000 - 0x000000006e4d1000 	C:\Program Files\Java\jre1.8.0_25\bin\nio.dll
0x00000000637c0000 - 0x00000000637cd000 	S:\Users\Ben\AppData\Local\Temp\jogamp_0000\file_cache\jln3899718530597025790\jln4765388885141182170\gluegen-rt.dll
0x000000006f5e0000 - 0x000000006f5e7000 	C:\Program Files\Java\jre1.8.0_25\bin\jawt.dll
0x000000006a440000 - 0x000000006a44d000 	S:\Users\Ben\AppData\Local\Temp\jogamp_0000\file_cache\jln3899718530597025790\jln4765388885141182170\nativewindow_awt.dll
0x000000006c100000 - 0x000000006c10f000 	S:\Users\Ben\AppData\Local\Temp\jogamp_0000\file_cache\jln3899718530597025790\jln4765388885141182170\nativewindow_win32.dll
0x00007ffb74890000 - 0x00007ffb749bb000 	C:\WINDOWS\SYSTEM32\OpenGL32.dll
0x00007ffb733e0000 - 0x00007ffb7340e000 	C:\WINDOWS\SYSTEM32\GLU32.dll
0x00007ffb732e0000 - 0x00007ffb733d8000 	C:\WINDOWS\SYSTEM32\DDRAW.dll
0x00007ffb7a0b0000 - 0x00007ffb7a0b9000 	C:\WINDOWS\SYSTEM32\DCIMAN32.dll
0x0000000064500000 - 0x00000000645a2000 	S:\Users\Ben\AppData\Local\Temp\jogamp_0000\file_cache\jln3899718530597025790\jln4765388885141182170\jogl_desktop.dll
0x00007ffb76ff0000 - 0x00007ffb77008000 	C:\WINDOWS\SYSTEM32\atig6pxx.dll
0x000000006c660000 - 0x000000006e20f000 	C:\WINDOWS\SYSTEM32\atio6axx.dll
0x00007ffb7ebf0000 - 0x00007ffb7edca000 	C:\WINDOWS\system32\SETUPAPI.dll
0x00007ffb79b80000 - 0x00007ffb79cb7000 	C:\WINDOWS\SYSTEM32\atiadlxx.dll
0x00007ffb7a150000 - 0x00007ffb7a2cf000 	C:\WINDOWS\SYSTEM32\PROPSYS.dll
0x00007ffb7c9d0000 - 0x00007ffb7c9e2000 	C:\WINDOWS\SYSTEM32\WTSAPI32.dll
0x00007ffb7e070000 - 0x00007ffb7e0c1000 	C:\WINDOWS\system32\WINTRUST.dll
0x00007ffb7de90000 - 0x00007ffb7e06f000 	C:\WINDOWS\system32\CRYPT32.dll
0x00007ffb7de70000 - 0x00007ffb7de81000 	C:\WINDOWS\system32\MSASN1.dll
0x00007ffb720c0000 - 0x00007ffb720e9000 	C:\WINDOWS\SYSTEM32\atig6txx.dll
0x00007ffb510c0000 - 0x00007ffb5125c000 	O:\OneDrive\Workspace\ZZavatar\lib\user\KinectPV2\Kinect20.Face.dll
0x00007ffb74fe0000 - 0x00007ffb75087000 	C:\WINDOWS\SYSTEM32\MSVCP110.dll
0x00007ffb76510000 - 0x00007ffb765de000 	C:\WINDOWS\SYSTEM32\MSVCR110.dll
0x00007ffb79d60000 - 0x00007ffb79d70000 	O:\OneDrive\Workspace\ZZavatar\lib\user\KinectPV2\KinectPV2.dll
0x00007ffb6bd60000 - 0x00007ffb6be1a000 	C:\WINDOWS\SYSTEM32\Kinect20.dll
0x00007ffb75110000 - 0x00007ffb751fb000 	C:\WINDOWS\SYSTEM32\MFPlat.DLL
0x00007ffb74f70000 - 0x00007ffb74f97000 	C:\WINDOWS\SYSTEM32\RTWorkQ.DLL
0x00007ffb7bb70000 - 0x00007ffb7bb7c000 	C:\WINDOWS\SYSTEM32\AVRT.dll
0x00007ffb70940000 - 0x00007ffb70aca000 	C:\WINDOWS\SYSTEM32\dbghelp.dll

VM Arguments:
jvm_args: -Djava.library.path=O:\OneDrive\Workspace\ZZavatar\lib\base\video;O:\OneDrive\Workspace\ZZavatar\lib\base\video;O:\OneDrive\Workspace\ZZavatar\lib\base\video;O:\OneDrive\Workspace\ZZavatar\lib\base\core;O:\OneDrive\Workspace\ZZavatar\lib\base\core;O:\OneDrive\Workspace\ZZavatar\lib\base\core;O:\OneDrive\Workspace\ZZavatar\lib\base\core;O:\OneDrive\Workspace\ZZavatar\lib\base\core;O:\OneDrive\Workspace\ZZavatar\lib\base\core;O:\OneDrive\Workspace\ZZavatar\lib\base\core;O:\OneDrive\Workspace\ZZavatar\lib\base\core;O:\OneDrive\Workspace\ZZavatar\lib\base\core;O:\OneDrive\Workspace\ZZavatar\lib\base\core;O:\OneDrive\Workspace\ZZavatar\lib\base\core;O:\OneDrive\Workspace\ZZavatar\lib\base\core;O:\OneDrive\Workspace\ZZavatar\lib\base\core;O:\OneDrive\Workspace\ZZavatar\lib\base\core;O:\OneDrive\Workspace\ZZavatar\lib\base\core;O:\OneDrive\Workspace\ZZavatar\lib\user\Kinect4WinSDK;O:\OneDrive\Workspace\ZZavatar\lib\user\KinectPV2;O:\OneDrive\Workspace\ZZavatar\lib\user\SimpleOpenNI -Dfile.encoding=Cp1252 
java_command: zzavatar.ZZavatar
java_class_path (initial): O:\OneDrive\Workspace\ZZavatar\lib\base\video\gstreamer-java.jar;O:\OneDrive\Workspace\ZZavatar\lib\base\video\jna.jar;O:\OneDrive\Workspace\ZZavatar\lib\base\video\video.jar;O:\OneDrive\Workspace\ZZavatar\lib\base\core\core.jar;O:\OneDrive\Workspace\ZZavatar\lib\base\core\gluegen-rt-natives-linux-amd64.jar;O:\OneDrive\Workspace\ZZavatar\lib\base\core\gluegen-rt-natives-linux-armv6hf.jar;O:\OneDrive\Workspace\ZZavatar\lib\base\core\gluegen-rt-natives-linux-i586.jar;O:\OneDrive\Workspace\ZZavatar\lib\base\core\gluegen-rt-natives-macosx-universal.jar;O:\OneDrive\Workspace\ZZavatar\lib\base\core\gluegen-rt-natives-windows-amd64.jar;O:\OneDrive\Workspace\ZZavatar\lib\base\core\gluegen-rt-natives-windows-i586.jar;O:\OneDrive\Workspace\ZZavatar\lib\base\core\gluegen-rt.jar;O:\OneDrive\Workspace\ZZavatar\lib\base\core\jogl-all-natives-linux-amd64.jar;O:\OneDrive\Workspace\ZZavatar\lib\base\core\jogl-all-natives-linux-armv6hf.jar;O:\OneDrive\Workspace\ZZavatar\lib\base\core\jogl-all-natives-linux-i586.jar;O:\OneDrive\Workspace\ZZavatar\lib\base\core\jogl-all-natives-macosx-universal.jar;O:\OneDrive\Workspace\ZZavatar\lib\base\core\jogl-all-natives-windows-amd64.jar;O:\OneDrive\Workspace\ZZavatar\lib\base\core\jogl-all-natives-windows-i586.jar;O:\OneDrive\Workspace\ZZavatar\lib\base\core\jogl-all.jar;O:\OneDrive\Workspace\ZZavatar\lib\user\Kinect4WinSDK\Kinect4WinSDK.jar;O:\OneDrive\Workspace\ZZavatar\lib\user\KinectPV2\KinectPV2.jar;O:\OneDrive\Workspace\ZZavatar\lib\user\SimpleOpenNI\SimpleOpenNI.jar;O:\OneDrive\Workspace\ZZavatar\bin
Launcher Type: SUN_STANDARD

Environment Variables:
JAVA_HOME=C:\Program Files\Java\jdk1.8.0_25
PATH=C:/Program Files/Java/jre1.8.0_25/bin/server;C:/Program Files/Java/jre1.8.0_25/bin;C:/Program Files/Java/jre1.8.0_25/lib/amd64;C:\Program Files (x86)\NVIDIA Corporation\PhysX\Common;C:\ProgramData\Oracle\Java\javapath;C:\Program Files (x86)\Common Files\Intel\Shared Libraries\redist\intel64\compiler;C:\Program Files (x86)\Common Files\Intel\Shared Libraries\redist\ia32\compiler;C:\Program Files (x86)\Intel\iCLS Client\;C:\Program Files\Intel\iCLS Client\;C:\Program Files (x86)\AMD APP\bin\x86_64;C:\Program Files (x86)\AMD APP\bin\x86;C:\WINDOWS\system32;C:\WINDOWS;C:\WINDOWS\System32\Wbem;C:\WINDOWS\System32\WindowsPowerShell\v1.0\;C:\Program Files (x86)\ATI Technologies\ATI.ACE\Core-Static;C:\Program Files\Intel\Intel(R) Management Engine Components\DAL;C:\Program Files\Intel\Intel(R) Management Engine Components\IPT;C:\Program Files (x86)\Intel\Intel(R) Management Engine Components\DAL;C:\Program Files (x86)\Intel\Intel(R) Management Engine Components\IPT;C:\Program Files\Sony\VAIO Improvement\;C:\Program Files (x86)\Sony\VAIO Startup Setting Tool;C:\Program Files (x86)\Windows Kits\8.1\Windows Performance Toolkit\;C:\Program Files\Microsoft SQL Server\110\Tools\Binn\;C:\Program Files (x86)\Microsoft SDKs\TypeScript\1.0\;C:\Program Files\Microsoft\Web Platform Installer\;C:\Program Files (x86)\Java\jre1.8.0_25\bin;P:\Programs\Python27\Scripts;P:\Programs\Python27;C:\Program Files\Common Files\Autodesk Shared\;P:\Program Files\Programs;P:\Program Files\Games;P:\Programs\Eclipse;
USERNAME=Benoît
OS=Windows_NT
PROCESSOR_IDENTIFIER=Intel64 Family 6 Model 58 Stepping 9, GenuineIntel



---------------  S Y S T E M  ---------------

OS: Windows 8.1 , 64 bit Build 9600 

CPU:total 8 (4 cores per cpu, 2 threads per core) family 6 model 58 stepping 9, cmov, cx8, fxsr, mmx, sse, sse2, sse3, ssse3, sse4.1, sse4.2, popcnt, avx, aes, clmul, erms, ht, tsc, tscinvbit, tscinv

Memory: 4k page, physical 6237468k(2297880k free), swap 10431772k(5191940k free)

vm_info: Java HotSpot(TM) 64-Bit Server VM (25.25-b02) for windows-amd64 JRE (1.8.0_25-b18), built on Oct  7 2014 14:25:37 by "java_re" with MS VC++ 10.0 (VS2010)

time: Sat Apr 25 11:29:44 2015
elapsed time: 6 seconds (0d 0h 0m 6s)

