#
# A fatal error has been detected by the Java Runtime Environment:
#
#  EXCEPTION_ACCESS_VIOLATION (0xc0000005) at pc=0x00007ffb77004110, pid=164, tid=2100
#
# JRE version: Java(TM) SE Runtime Environment (8.0_25-b18) (build 1.8.0_25-b18)
# Java VM: Java HotSpot(TM) 64-Bit Server VM (25.25-b02 mixed mode windows-amd64 compressed oops)
# Problematic frame:
# C  [KinectPV2.dll+0x4110]
#
# Failed to write core dump. Minidumps are not enabled by default on client versions of Windows
#
# If you would like to submit a bug report, please visit:
#   http://bugreport.sun.com/bugreport/crash.jsp
# The crash happened outside the Java Virtual Machine in native code.
# See problematic frame for where to report the bug.
#

---------------  T H R E A D  ---------------

Current thread (0x0000000018f45000):  JavaThread "Animation Thread" [_thread_in_native, id=2100, stack(0x000000001c0a0000,0x000000001c1a0000)]

siginfo: ExceptionCode=0xc0000005, reading address 0xffffffffffffffff

Registers:
RAX=0x0000000000000001, RBX=0x000000002deb9040, RCX=0x004a6fbd11000011, RDX=0x0000000000000000
RSP=0x000000001c19eac0, RBP=0x0000000000000006, RSI=0x0000000000000000, RDI=0x000000001ef09a18
R8 =0x000000001c19e788, R9 =0x0000000000008000, R10=0x0000000000000000, R11=0x000000001c19e9c0
R12=0x0000000000000000, R13=0x000000001f47e1a8, R14=0x0000000000000000, R15=0x0000000018f45000
RIP=0x00007ffb77004110, EFLAGS=0x0000000000010206

Top of Stack: (sp=0x000000001c19eac0)
0x000000001c19eac0:   000000001ef099e8 000000001f810f58
0x000000001c19ead0:   000000001ef099e8 0000000000000000
0x000000001c19eae0:   000000001c19ebb0 00007ffb77001fba
0x000000001c19eaf0:   000000001c19ebb0 000000001c19eb90
0x000000001c19eb00:   0000000018f451e8 0000000018f9ff30
0x000000001c19eb10:   00000000a3ab5c80 0000000001f85b74
0x000000001c19eb20:   000000001f47e1a8 0000000000000021
0x000000001c19eb30:   0000000000000021 0000000018f45000
0x000000001c19eb40:   000000001c19ec08 0000000001f858a2
0x000000001c19eb50:   000000001c19eb50 000000001f47e1a8
0x000000001c19eb60:   000000001c19ebb0 000000001f47f138
0x000000001c19eb70:   0000000000000000 000000001f47e1a8
0x000000001c19eb80:   0000000000000000 000000001c19ebb0
0x000000001c19eb90:   000000001c19ebf8 0000000001f77a2d
0x000000001c19eba0:   0000000000000000 0000000001f7f6b8
0x000000001c19ebb0:   00000000a386d170 000000001c19ebb8 

Instructions: (pc=0x00007ffb77004110)
0x00007ffb770040f0:   89 77 d0 48 8b 0f 48 85 c9 74 09 48 8b 01 ff 50
0x00007ffb77004100:   10 4c 89 37 48 8b 8f 90 00 00 00 48 85 c9 74 0d
0x00007ffb77004110:   48 8b 01 ff 50 10 4c 89 b7 90 00 00 00 48 8b 4f
0x00007ffb77004120:   30 48 85 c9 74 0a 48 8b 01 ff 50 10 4c 89 77 30 


Register to memory mapping:

RAX=0x0000000000000001 is an unknown value
RBX=0x000000002deb9040 is an unknown value
RCX=0x004a6fbd11000011 is an unknown value
RDX=0x0000000000000000 is an unknown value
RSP=0x000000001c19eac0 is pointing into the stack for thread: 0x0000000018f45000
RBP=0x0000000000000006 is an unknown value
RSI=0x0000000000000000 is an unknown value
RDI=0x000000001ef09a18 is an unknown value
R8 =0x000000001c19e788 is pointing into the stack for thread: 0x0000000018f45000
R9 =0x0000000000008000 is an unknown value
R10=0x0000000000000000 is an unknown value
R11=0x000000001c19e9c0 is pointing into the stack for thread: 0x0000000018f45000
R12=0x0000000000000000 is an unknown value
R13={method} {0x000000001f47e1b0} 'jniStopDevice' '()V' in 'KinectPV2/Device'
R14=0x0000000000000000 is an unknown value
R15=0x0000000018f45000 is a thread


Stack: [0x000000001c0a0000,0x000000001c1a0000],  sp=0x000000001c19eac0,  free space=1018k
Native frames: (J=compiled Java code, j=interpreted, Vv=VM code, C=native code)
C  [KinectPV2.dll+0x4110]
C  [KinectPV2.dll+0x1fba]
C  0x0000000001f85b74

Java frames: (J=compiled Java code, j=interpreted, Vv=VM code)
j  KinectPV2.Device.jniStopDevice()V+0
j  KinectPV2.Device.stopDevice()V+41
j  KinectPV2.KinectPV2.dispose()V+14
v  ~StubRoutines::call_stub
j  sun.reflect.NativeMethodAccessorImpl.invoke0(Ljava/lang/reflect/Method;Ljava/lang/Object;[Ljava/lang/Object;)Ljava/lang/Object;+0
j  sun.reflect.NativeMethodAccessorImpl.invoke(Ljava/lang/Object;[Ljava/lang/Object;)Ljava/lang/Object;+100
J 1768 C1 sun.reflect.DelegatingMethodAccessorImpl.invoke(Ljava/lang/Object;[Ljava/lang/Object;)Ljava/lang/Object; (10 bytes) @ 0x00000000025e0444 [0x00000000025e0340+0x104]
J 1767 C1 java.lang.reflect.Method.invoke(Ljava/lang/Object;[Ljava/lang/Object;)Ljava/lang/Object; (62 bytes) @ 0x00000000025d7664 [0x00000000025d7280+0x3e4]
j  processing.core.PApplet$RegisteredMethods.handle([Ljava/lang/Object;)V+18
J 1643 C1 processing.core.PApplet.handleMethods(Ljava/lang/String;)V (21 bytes) @ 0x0000000002599d1c [0x0000000002599a60+0x2bc]
j  processing.core.PApplet.dispose()V+35
j  processing.core.PApplet.run()V+283
j  java.lang.Thread.run()V+11
v  ~StubRoutines::call_stub

---------------  P R O C E S S  ---------------

Java Threads: ( => current thread )
  0x00000000190b3000 JavaThread "Animation Thread-SharedResourceRunner" daemon [_thread_blocked, id=4488, stack(0x000000001e370000,0x000000001e470000)]
  0x0000000001d6e800 JavaThread "DestroyJavaVM" [_thread_blocked, id=6036, stack(0x0000000001d70000,0x0000000001e70000)]
  0x0000000018fcf000 JavaThread "D3D Screen Updater" daemon [_thread_blocked, id=5092, stack(0x000000001c3a0000,0x000000001c4a0000)]
=>0x0000000018f45000 JavaThread "Animation Thread" [_thread_in_native, id=2100, stack(0x000000001c0a0000,0x000000001c1a0000)]
  0x0000000018f9d800 JavaThread "AWT-EventQueue-0" [_thread_blocked, id=4924, stack(0x000000001bea0000,0x000000001bfa0000)]
  0x0000000018f03800 JavaThread "AWT-Windows" daemon [_thread_in_native, id=5844, stack(0x0000000019810000,0x0000000019910000)]
  0x0000000018f02800 JavaThread "AWT-Shutdown" [_thread_blocked, id=4692, stack(0x0000000019710000,0x0000000019810000)]
  0x00000000180cc800 JavaThread "Java2D Disposer" daemon [_thread_blocked, id=2032, stack(0x0000000019610000,0x0000000019710000)]
  0x0000000017d81800 JavaThread "Service Thread" daemon [_thread_blocked, id=5232, stack(0x00000000186d0000,0x00000000187d0000)]
  0x0000000017d17000 JavaThread "C1 CompilerThread3" daemon [_thread_blocked, id=1108, stack(0x00000000185d0000,0x00000000186d0000)]
  0x0000000017d06800 JavaThread "C2 CompilerThread2" daemon [_thread_blocked, id=1988, stack(0x00000000184d0000,0x00000000185d0000)]
  0x0000000017d00800 JavaThread "C2 CompilerThread1" daemon [_thread_blocked, id=5644, stack(0x00000000183d0000,0x00000000184d0000)]
  0x0000000017cfb000 JavaThread "C2 CompilerThread0" daemon [_thread_blocked, id=1992, stack(0x00000000182d0000,0x00000000183d0000)]
  0x0000000017cf7000 JavaThread "Attach Listener" daemon [_thread_blocked, id=5168, stack(0x00000000181d0000,0x00000000182d0000)]
  0x0000000017cf6000 JavaThread "Signal Dispatcher" daemon [_thread_blocked, id=4060, stack(0x00000000180d0000,0x00000000181d0000)]
  0x0000000001f68800 JavaThread "Finalizer" daemon [_thread_blocked, id=1900, stack(0x0000000017bd0000,0x0000000017cd0000)]
  0x0000000015cdc800 JavaThread "Reference Handler" daemon [_thread_blocked, id=1252, stack(0x0000000017ad0000,0x0000000017bd0000)]

Other Threads:
  0x0000000015cd8800 VMThread [stack: 0x00000000179d0000,0x0000000017ad0000] [id=1112]
  0x0000000017d83800 WatcherThread [stack: 0x00000000187d0000,0x00000000188d0000] [id=2132]

VM state:not at safepoint (normal execution)

VM Mutex/Monitor currently owned by a thread: None

Heap:
 PSYoungGen      total 465920K, used 147869K [0x00000000e0400000, 0x00000000fcd00000, 0x0000000100000000)
  eden space 465408K, 31% used [0x00000000e0400000,0x00000000e9437538,0x00000000fca80000)
  from space 512K, 37% used [0x00000000fca80000,0x00000000fcab0000,0x00000000fcb00000)
  to   space 512K, 0% used [0x00000000fcc80000,0x00000000fcc80000,0x00000000fcd00000)
 ParOldGen       total 224256K, used 163931K [0x00000000a0c00000, 0x00000000ae700000, 0x00000000e0400000)
  object space 224256K, 73% used [0x00000000a0c00000,0x00000000aac16d48,0x00000000ae700000)
 Metaspace       used 18023K, capacity 18185K, committed 18432K, reserved 1067008K
  class space    used 1718K, capacity 1761K, committed 1792K, reserved 1048576K

Card table byte_map: [0x0000000011330000,0x0000000011630000] byte_map_base: 0x0000000010e2a000

Marking Bits: (ParMarkBitMap*) 0x000000006ecbd490
 Begin Bits: [0x0000000012030000, 0x0000000013800000)
 End Bits:   [0x0000000013800000, 0x0000000014fd0000)

Polling page: 0x0000000000740000

CodeCache: size=245760Kb used=7579Kb max_used=9273Kb free=238180Kb
 bounds [0x0000000001f70000, 0x0000000002890000, 0x0000000010f70000]
 total_blobs=2939 nmethods=2068 adapters=785
 compilation: enabled

Compilation events (10 events):
Event: 63.760 Thread 0x0000000017cfb000 2539       4       javax.media.opengl.GLContext::setCurrent (101 bytes)
Event: 63.764 Thread 0x0000000017cfb000 nmethod 2539 0x00000000027e4bd0 code [0x00000000027e4d20, 0x00000000027e4e98]
Event: 64.192 Thread 0x0000000017d00800 2540       4       processing.core.PGraphics::colorCalc (206 bytes)
Event: 64.193 Thread 0x0000000017d00800 nmethod 2540 0x000000000230e6d0 code [0x000000000230e840, 0x000000000230e9d8]
Event: 64.959 Thread 0x0000000017d06800 2541       4       java.util.HashSet::remove (20 bytes)
Event: 64.964 Thread 0x0000000017d06800 nmethod 2541 0x00000000020f9090 code [0x00000000020f9200, 0x00000000020f95f8]
Event: 65.217 Thread 0x0000000017cfb000 2542       4       processing.opengl.PGraphicsOpenGL::lightNormal (158 bytes)
Event: 65.218 Thread 0x0000000017cfb000 nmethod 2542 0x00000000023ed510 code [0x00000000023ed680, 0x00000000023ed818]
Event: 65.493 Thread 0x0000000017d00800 2543       4       java.awt.EventQueue::eventToCacheIndex (80 bytes)
Event: 65.494 Thread 0x0000000017d00800 nmethod 2543 0x000000000272e4d0 code [0x000000000272e620, 0x000000000272e6f8]

GC Heap History (10 events):
Event: 65.795 GC heap before
{Heap before GC invocations=112 (full 3):
 PSYoungGen      total 461312K, used 460992K [0x00000000e0400000, 0x00000000fc700000, 0x0000000100000000)
  eden space 460800K, 100% used [0x00000000e0400000,0x00000000fc600000,0x00000000fc600000)
  from space 512K, 37% used [0x00000000fc680000,0x00000000fc6b0000,0x00000000fc700000)
  to   space 512K, 0% used [0x00000000fc600000,0x00000000fc600000,0x00000000fc680000)
 ParOldGen       total 224256K, used 163891K [0x00000000a0c00000, 0x00000000ae700000, 0x00000000e0400000)
  object space 224256K, 73% used [0x00000000a0c00000,0x00000000aac0cd48,0x00000000ae700000)
 Metaspace       used 18022K, capacity 18185K, committed 18432K, reserved 1067008K
  class space    used 1718K, capacity 1761K, committed 1792K, reserved 1048576K
Event: 65.796 GC heap after
Heap after GC invocations=112 (full 3):
 PSYoungGen      total 461312K, used 128K [0x00000000e0400000, 0x00000000fc900000, 0x0000000100000000)
  eden space 460800K, 0% used [0x00000000e0400000,0x00000000e0400000,0x00000000fc600000)
  from space 512K, 25% used [0x00000000fc600000,0x00000000fc620000,0x00000000fc680000)
  to   space 512K, 0% used [0x00000000fc880000,0x00000000fc880000,0x00000000fc900000)
 ParOldGen       total 224256K, used 163891K [0x00000000a0c00000, 0x00000000ae700000, 0x00000000e0400000)
  object space 224256K, 73% used [0x00000000a0c00000,0x00000000aac0cd48,0x00000000ae700000)
 Metaspace       used 18022K, capacity 18185K, committed 18432K, reserved 1067008K
  class space    used 1718K, capacity 1761K, committed 1792K, reserved 1048576K
}
Event: 66.491 GC heap before
{Heap before GC invocations=113 (full 3):
 PSYoungGen      total 461312K, used 460928K [0x00000000e0400000, 0x00000000fc900000, 0x0000000100000000)
  eden space 460800K, 100% used [0x00000000e0400000,0x00000000fc600000,0x00000000fc600000)
  from space 512K, 25% used [0x00000000fc600000,0x00000000fc620000,0x00000000fc680000)
  to   space 512K, 0% used [0x00000000fc880000,0x00000000fc880000,0x00000000fc900000)
 ParOldGen       total 224256K, used 163891K [0x00000000a0c00000, 0x00000000ae700000, 0x00000000e0400000)
  object space 224256K, 73% used [0x00000000a0c00000,0x00000000aac0cd48,0x00000000ae700000)
 Metaspace       used 18022K, capacity 18185K, committed 18432K, reserved 1067008K
  class space    used 1718K, capacity 1761K, committed 1792K, reserved 1048576K
Event: 66.494 GC heap after
Heap after GC invocations=113 (full 3):
 PSYoungGen      total 463360K, used 192K [0x00000000e0400000, 0x00000000fc980000, 0x0000000100000000)
  eden space 462848K, 0% used [0x00000000e0400000,0x00000000e0400000,0x00000000fc800000)
  from space 512K, 37% used [0x00000000fc880000,0x00000000fc8b0000,0x00000000fc900000)
  to   space 512K, 0% used [0x00000000fc800000,0x00000000fc800000,0x00000000fc880000)
 ParOldGen       total 224256K, used 163931K [0x00000000a0c00000, 0x00000000ae700000, 0x00000000e0400000)
  object space 224256K, 73% used [0x00000000a0c00000,0x00000000aac16d48,0x00000000ae700000)
 Metaspace       used 18022K, capacity 18185K, committed 18432K, reserved 1067008K
  class space    used 1718K, capacity 1761K, committed 1792K, reserved 1048576K
}
Event: 67.196 GC heap before
{Heap before GC invocations=114 (full 3):
 PSYoungGen      total 463360K, used 463040K [0x00000000e0400000, 0x00000000fc980000, 0x0000000100000000)
  eden space 462848K, 100% used [0x00000000e0400000,0x00000000fc800000,0x00000000fc800000)
  from space 512K, 37% used [0x00000000fc880000,0x00000000fc8b0000,0x00000000fc900000)
  to   space 512K, 0% used [0x00000000fc800000,0x00000000fc800000,0x00000000fc880000)
 ParOldGen       total 224256K, used 163931K [0x00000000a0c00000, 0x00000000ae700000, 0x00000000e0400000)
  object space 224256K, 73% used [0x00000000a0c00000,0x00000000aac16d48,0x00000000ae700000)
 Metaspace       used 18022K, capacity 18185K, committed 18432K, reserved 1067008K
  class space    used 1718K, capacity 1761K, committed 1792K, reserved 1048576K
Event: 67.197 GC heap after
Heap after GC invocations=114 (full 3):
 PSYoungGen      total 463360K, used 224K [0x00000000e0400000, 0x00000000fcb80000, 0x0000000100000000)
  eden space 462848K, 0% used [0x00000000e0400000,0x00000000e0400000,0x00000000fc800000)
  from space 512K, 43% used [0x00000000fc800000,0x00000000fc838000,0x00000000fc880000)
  to   space 512K, 0% used [0x00000000fcb00000,0x00000000fcb00000,0x00000000fcb80000)
 ParOldGen       total 224256K, used 163931K [0x00000000a0c00000, 0x00000000ae700000, 0x00000000e0400000)
  object space 224256K, 73% used [0x00000000a0c00000,0x00000000aac16d48,0x00000000ae700000)
 Metaspace       used 18022K, capacity 18185K, committed 18432K, reserved 1067008K
  class space    used 1718K, capacity 1761K, committed 1792K, reserved 1048576K
}
Event: 67.884 GC heap before
{Heap before GC invocations=115 (full 3):
 PSYoungGen      total 463360K, used 456001K [0x00000000e0400000, 0x00000000fcb80000, 0x0000000100000000)
  eden space 462848K, 98% used [0x00000000e0400000,0x00000000fc1185b0,0x00000000fc800000)
  from space 512K, 43% used [0x00000000fc800000,0x00000000fc838000,0x00000000fc880000)
  to   space 512K, 0% used [0x00000000fcb00000,0x00000000fcb00000,0x00000000fcb80000)
 ParOldGen       total 224256K, used 163931K [0x00000000a0c00000, 0x00000000ae700000, 0x00000000e0400000)
  object space 224256K, 73% used [0x00000000a0c00000,0x00000000aac16d48,0x00000000ae700000)
 Metaspace       used 18022K, capacity 18185K, committed 18432K, reserved 1067008K
  class space    used 1718K, capacity 1761K, committed 1792K, reserved 1048576K
Event: 67.885 GC heap after
Heap after GC invocations=115 (full 3):
 PSYoungGen      total 465408K, used 128K [0x00000000e0400000, 0x00000000fcb80000, 0x0000000100000000)
  eden space 464896K, 0% used [0x00000000e0400000,0x00000000e0400000,0x00000000fca00000)
  from space 512K, 25% used [0x00000000fcb00000,0x00000000fcb20000,0x00000000fcb80000)
  to   space 512K, 0% used [0x00000000fca80000,0x00000000fca80000,0x00000000fcb00000)
 ParOldGen       total 224256K, used 163931K [0x00000000a0c00000, 0x00000000ae700000, 0x00000000e0400000)
  object space 224256K, 73% used [0x00000000a0c00000,0x00000000aac16d48,0x00000000ae700000)
 Metaspace       used 18022K, capacity 18185K, committed 18432K, reserved 1067008K
  class space    used 1718K, capacity 1761K, committed 1792K, reserved 1048576K
}
Event: 68.599 GC heap before
{Heap before GC invocations=116 (full 3):
 PSYoungGen      total 465408K, used 465024K [0x00000000e0400000, 0x00000000fcb80000, 0x0000000100000000)
  eden space 464896K, 100% used [0x00000000e0400000,0x00000000fca00000,0x00000000fca00000)
  from space 512K, 25% used [0x00000000fcb00000,0x00000000fcb20000,0x00000000fcb80000)
  to   space 512K, 0% used [0x00000000fca80000,0x00000000fca80000,0x00000000fcb00000)
 ParOldGen       total 224256K, used 163931K [0x00000000a0c00000, 0x00000000ae700000, 0x00000000e0400000)
  object space 224256K, 73% used [0x00000000a0c00000,0x00000000aac16d48,0x00000000ae700000)
 Metaspace       used 18022K, capacity 18185K, committed 18432K, reserved 1067008K
  class space    used 1718K, capacity 1761K, committed 1792K, reserved 1048576K
Event: 68.601 GC heap after
Heap after GC invocations=116 (full 3):
 PSYoungGen      total 465920K, used 192K [0x00000000e0400000, 0x00000000fcd00000, 0x0000000100000000)
  eden space 465408K, 0% used [0x00000000e0400000,0x00000000e0400000,0x00000000fca80000)
  from space 512K, 37% used [0x00000000fca80000,0x00000000fcab0000,0x00000000fcb00000)
  to   space 512K, 0% used [0x00000000fcc80000,0x00000000fcc80000,0x00000000fcd00000)
 ParOldGen       total 224256K, used 163931K [0x00000000a0c00000, 0x00000000ae700000, 0x00000000e0400000)
  object space 224256K, 73% used [0x00000000a0c00000,0x00000000aac16d48,0x00000000ae700000)
 Metaspace       used 18022K, capacity 18185K, committed 18432K, reserved 1067008K
  class space    used 1718K, capacity 1761K, committed 1792K, reserved 1048576K
}

Deoptimization events (10 events):
Event: 13.151 Thread 0x0000000018f9d800 Uncommon trap: reason=speculate_class_check action=maybe_recompile pc=0x00000000027f297c method=com.jogamp.common.nio.Buffers.getDirectBufferByteOffset(Ljava/lang/Object;)I @ 53
Event: 13.161 Thread 0x0000000018f9d800 Uncommon trap: reason=speculate_class_check action=maybe_recompile pc=0x00000000027f297c method=com.jogamp.common.nio.Buffers.getDirectBufferByteOffset(Ljava/lang/Object;)I @ 53
Event: 13.771 Thread 0x0000000018f9d800 Uncommon trap: reason=speculate_class_check action=maybe_recompile pc=0x00000000027fc0cc method=com.jogamp.common.nio.Buffers.getDirectBufferByteOffset(Ljava/lang/Object;)I @ 22
Event: 13.772 Thread 0x0000000018f9d800 Uncommon trap: reason=speculate_class_check action=maybe_recompile pc=0x00000000027fc0cc method=com.jogamp.common.nio.Buffers.getDirectBufferByteOffset(Ljava/lang/Object;)I @ 22
Event: 13.945 Thread 0x0000000018f9d800 Uncommon trap: reason=speculate_class_check action=maybe_recompile pc=0x0000000002809138 method=com.jogamp.common.nio.Buffers.getDirectBufferByteOffset(Ljava/lang/Object;)I @ 31
Event: 13.945 Thread 0x0000000018f9d800 Uncommon trap: reason=speculate_class_check action=maybe_recompile pc=0x0000000002809138 method=com.jogamp.common.nio.Buffers.getDirectBufferByteOffset(Ljava/lang/Object;)I @ 31
Event: 14.105 Thread 0x0000000018f9d800 Uncommon trap: reason=speculate_class_check action=maybe_recompile pc=0x0000000002830208 method=com.jogamp.common.nio.Buffers.getDirectBufferByteOffset(Ljava/lang/Object;)I @ 42
Event: 14.112 Thread 0x0000000018f9d800 Uncommon trap: reason=speculate_class_check action=maybe_recompile pc=0x0000000002830208 method=com.jogamp.common.nio.Buffers.getDirectBufferByteOffset(Ljava/lang/Object;)I @ 42
Event: 68.792 Thread 0x0000000018f45000 Uncommon trap: reason=unreached action=reinterpret pc=0x000000000241a8ac method=sun.awt.PostEventQueue.flush()V @ 23
Event: 68.826 Thread 0x0000000018f45000 Uncommon trap: reason=unreached action=reinterpret pc=0x000000000272f4e4 method=processing.opengl.PGL.threadIsCurrent()Z @ 7

Internal exceptions (10 events):
Event: 3.085 Thread 0x0000000018f9d800 Exception <a 'java/security/PrivilegedActionException'> (0x00000000e40498b8) thrown at [D:\re\workspace\8-2-build-windows-amd64-cygwin\jdk8u25\1677\hotspot\src\share\vm\prims\jvm.cpp, line 1312]
Event: 3.086 Thread 0x0000000018f9d800 Exception <a 'java/security/PrivilegedActionException'> (0x00000000e404d778) thrown at [D:\re\workspace\8-2-build-windows-amd64-cygwin\jdk8u25\1677\hotspot\src\share\vm\prims\jvm.cpp, line 1312]
Event: 3.086 Thread 0x0000000018f9d800 Exception <a 'java/security/PrivilegedActionException'> (0x00000000e4051b80) thrown at [D:\re\workspace\8-2-build-windows-amd64-cygwin\jdk8u25\1677\hotspot\src\share\vm\prims\jvm.cpp, line 1312]
Event: 3.086 Thread 0x0000000018f9d800 Exception <a 'java/security/PrivilegedActionException'> (0x00000000e4055f68) thrown at [D:\re\workspace\8-2-build-windows-amd64-cygwin\jdk8u25\1677\hotspot\src\share\vm\prims\jvm.cpp, line 1312]
Event: 3.087 Thread 0x0000000018f9d800 Exception <a 'java/security/PrivilegedActionException'> (0x00000000e4059ac0) thrown at [D:\re\workspace\8-2-build-windows-amd64-cygwin\jdk8u25\1677\hotspot\src\share\vm\prims\jvm.cpp, line 1312]
Event: 3.087 Thread 0x0000000018f9d800 Exception <a 'java/security/PrivilegedActionException'> (0x00000000e405e2c0) thrown at [D:\re\workspace\8-2-build-windows-amd64-cygwin\jdk8u25\1677\hotspot\src\share\vm\prims\jvm.cpp, line 1312]
Event: 3.088 Thread 0x0000000018f9d800 Exception <a 'java/security/PrivilegedActionException'> (0x00000000e40619f8) thrown at [D:\re\workspace\8-2-build-windows-amd64-cygwin\jdk8u25\1677\hotspot\src\share\vm\prims\jvm.cpp, line 1312]
Event: 3.089 Thread 0x0000000018f9d800 Exception <a 'java/security/PrivilegedActionException'> (0x00000000e4065940) thrown at [D:\re\workspace\8-2-build-windows-amd64-cygwin\jdk8u25\1677\hotspot\src\share\vm\prims\jvm.cpp, line 1312]
Event: 3.089 Thread 0x0000000018f9d800 Exception <a 'java/security/PrivilegedActionException'> (0x00000000e406b850) thrown at [D:\re\workspace\8-2-build-windows-amd64-cygwin\jdk8u25\1677\hotspot\src\share\vm\prims\jvm.cpp, line 1312]
Event: 3.102 Thread 0x0000000018f9d800 Exception <a 'java/security/PrivilegedActionException'> (0x00000000e4b11ed8) thrown at [D:\re\workspace\8-2-build-windows-amd64-cygwin\jdk8u25\1677\hotspot\src\share\vm\prims\jvm.cpp, line 1312]

Events (10 events):
Event: 67.885 Executing VM operation: ParallelGCFailedAllocation done
Event: 68.599 Executing VM operation: ParallelGCFailedAllocation
Event: 68.601 Executing VM operation: ParallelGCFailedAllocation done
Event: 68.792 Thread 0x0000000018f45000 Uncommon trap: trap_request=0xffffffad fr.pc=0x000000000241a8ac
Event: 68.792 Thread 0x0000000018f45000 DEOPT PACKING pc=0x000000000241a8ac sp=0x000000001c19f090
Event: 68.792 Thread 0x0000000018f45000 DEOPT UNPACKING pc=0x0000000001fb556a sp=0x000000001c19f060 mode 2
Event: 68.826 Thread 0x0000000018f45000 Uncommon trap: trap_request=0xffffffad fr.pc=0x000000000272f4e4
Event: 68.826 Thread 0x0000000018f45000 DEOPT PACKING pc=0x000000000272f4e4 sp=0x000000001c19f430
Event: 68.826 Thread 0x0000000018f45000 DEOPT UNPACKING pc=0x0000000001fb556a sp=0x000000001c19f3d0 mode 2
Event: 68.827 Thread 0x00000000194ec000 Thread exited: 0x00000000194ec000


Dynamic libraries:
0x00007ff69ddf0000 - 0x00007ff69de24000 	C:\Program Files\Java\jre1.8.0_25\bin\javaw.exe
0x00007ffb80c70000 - 0x00007ffb80e1c000 	C:\WINDOWS\SYSTEM32\ntdll.dll
0x00007ffb80620000 - 0x00007ffb8075e000 	C:\WINDOWS\system32\KERNEL32.DLL
0x00007ffb7e0d0000 - 0x00007ffb7e1e5000 	C:\WINDOWS\system32\KERNELBASE.dll
0x00007ffb7c940000 - 0x00007ffb7c9ce000 	C:\WINDOWS\system32\apphelp.dll
0x00007ffb6bd10000 - 0x00007ffb6bd63000 	C:\WINDOWS\AppPatch\AppPatch64\AcGenral.DLL
0x00007ffb7e5f0000 - 0x00007ffb7e69a000 	C:\WINDOWS\system32\msvcrt.dll
0x00007ffb7db90000 - 0x00007ffb7dbbe000 	C:\WINDOWS\SYSTEM32\SspiCli.dll
0x00007ffb7e8c0000 - 0x00007ffb7e914000 	C:\WINDOWS\system32\SHLWAPI.dll
0x00007ffb80760000 - 0x00007ffb808d7000 	C:\WINDOWS\system32\USER32.dll
0x00007ffb7e410000 - 0x00007ffb7e5a4000 	C:\WINDOWS\system32\ole32.dll
0x00007ffb7f100000 - 0x00007ffb80618000 	C:\WINDOWS\system32\SHELL32.dll
0x00007ffb7d360000 - 0x00007ffb7d381000 	C:\WINDOWS\SYSTEM32\USERENV.dll
0x00007ffb7eea0000 - 0x00007ffb7ef4a000 	C:\WINDOWS\system32\ADVAPI32.dll
0x00007ffb72030000 - 0x00007ffb7204e000 	C:\WINDOWS\SYSTEM32\MPR.dll
0x00007ffb7e920000 - 0x00007ffb7ea61000 	C:\WINDOWS\system32\RPCRT4.dll
0x00007ffb7e3b0000 - 0x00007ffb7e409000 	C:\WINDOWS\SYSTEM32\sechost.dll
0x00007ffb7e6a0000 - 0x00007ffb7e8b1000 	C:\WINDOWS\SYSTEM32\combase.dll
0x00007ffb7ea70000 - 0x00007ffb7ebc1000 	C:\WINDOWS\system32\GDI32.dll
0x00007ffb7ddc0000 - 0x00007ffb7ddd5000 	C:\WINDOWS\SYSTEM32\profapi.dll
0x00007ffb7c160000 - 0x00007ffb7c212000 	C:\WINDOWS\SYSTEM32\SHCORE.dll
0x00007ffb7e5b0000 - 0x00007ffb7e5e6000 	C:\WINDOWS\system32\IMM32.DLL
0x00007ffb80920000 - 0x00007ffb80a72000 	C:\WINDOWS\system32\MSCTF.dll
0x00007ffb7b4f0000 - 0x00007ffb7b76b000 	C:\WINDOWS\WinSxS\amd64_microsoft.windows.common-controls_6595b64144ccf1df_6.0.9600.17415_none_6240486fecbd8abb\COMCTL32.dll
0x000000006e3b0000 - 0x000000006e482000 	C:\Program Files\Java\jre1.8.0_25\bin\msvcr100.dll
0x000000006e4e0000 - 0x000000006ed3a000 	C:\Program Files\Java\jre1.8.0_25\bin\server\jvm.dll
0x00007ffb71710000 - 0x00007ffb71719000 	C:\WINDOWS\SYSTEM32\WSOCK32.dll
0x00007ffb750e0000 - 0x00007ffb75102000 	C:\WINDOWS\SYSTEM32\WINMM.dll
0x00007ffb808e0000 - 0x00007ffb808e7000 	C:\WINDOWS\system32\PSAPI.DLL
0x00007ffb80b50000 - 0x00007ffb80baa000 	C:\WINDOWS\system32\WS2_32.dll
0x00007ffb74fb0000 - 0x00007ffb74fda000 	C:\WINDOWS\SYSTEM32\WINMMBASE.dll
0x00007ffb7ebd0000 - 0x00007ffb7ebd9000 	C:\WINDOWS\system32\NSI.dll
0x00007ffb7e2a0000 - 0x00007ffb7e2ef000 	C:\WINDOWS\SYSTEM32\cfgmgr32.dll
0x00007ffb7cbb0000 - 0x00007ffb7cbd8000 	C:\WINDOWS\SYSTEM32\DEVOBJ.dll
0x00000000701e0000 - 0x00000000701ef000 	C:\Program Files\Java\jre1.8.0_25\bin\verify.dll
0x00000000701b0000 - 0x00000000701d8000 	C:\Program Files\Java\jre1.8.0_25\bin\java.dll
0x0000000070190000 - 0x00000000701a6000 	C:\Program Files\Java\jre1.8.0_25\bin\zip.dll
0x000000006e210000 - 0x000000006e3a8000 	C:\Program Files\Java\jre1.8.0_25\bin\awt.dll
0x00007ffb7edd0000 - 0x00007ffb7ee91000 	C:\WINDOWS\system32\OLEAUT32.dll
0x00007ffb7bf60000 - 0x00007ffb7bf81000 	C:\WINDOWS\system32\DWMAPI.DLL
0x00007ffb7ca30000 - 0x00007ffb7cb59000 	C:\WINDOWS\system32\uxtheme.dll
0x00007ffb7cc00000 - 0x00007ffb7cc0b000 	C:\WINDOWS\SYSTEM32\kernel.appcore.dll
0x00007ffb7dc30000 - 0x00007ffb7dc3b000 	C:\WINDOWS\SYSTEM32\CRYPTBASE.dll
0x00007ffb7dbc0000 - 0x00007ffb7dc23000 	C:\WINDOWS\SYSTEM32\bcryptPrimitives.dll
0x00007ffb73570000 - 0x00007ffb73791000 	C:\WINDOWS\system32\d3d9.dll
0x00007ffb7b9f0000 - 0x00007ffb7b9fa000 	C:\WINDOWS\SYSTEM32\VERSION.dll
0x00007ffb7b220000 - 0x00007ffb7b36b000 	C:\WINDOWS\SYSTEM32\aticfx64.dll
0x00007ffb59650000 - 0x00007ffb59671000 	C:\WINDOWS\SYSTEM32\atiu9p64.dll
0x00007ffb58e60000 - 0x00007ffb59645000 	C:\WINDOWS\SYSTEM32\atiumd64.dll
0x000000006ed40000 - 0x000000006f4f7000 	C:\WINDOWS\SYSTEM32\atiumd6a.dll
0x000000006f5f0000 - 0x000000006f637000 	C:\Program Files\Java\jre1.8.0_25\bin\fontmanager.dll
0x00007ffb7d630000 - 0x00007ffb7d650000 	C:\WINDOWS\SYSTEM32\CRYPTSP.dll
0x00007ffb7d250000 - 0x00007ffb7d286000 	C:\WINDOWS\system32\rsaenh.dll
0x00007ffb7d880000 - 0x00007ffb7d8a6000 	C:\WINDOWS\SYSTEM32\bcrypt.dll
0x0000000070170000 - 0x000000007018a000 	C:\Program Files\Java\jre1.8.0_25\bin\net.dll
0x00007ffb7d5d0000 - 0x00007ffb7d629000 	C:\WINDOWS\system32\mswsock.dll
0x00007ffb79b50000 - 0x00007ffb79b7a000 	C:\WINDOWS\SYSTEM32\IPHLPAPI.DLL
0x00007ffb79b10000 - 0x00007ffb79b1a000 	C:\WINDOWS\SYSTEM32\WINNSI.DLL
0x00007ffb78b80000 - 0x00007ffb78b96000 	C:\WINDOWS\SYSTEM32\dhcpcsvc6.DLL
0x00007ffb78d10000 - 0x00007ffb78d2a000 	C:\WINDOWS\SYSTEM32\dhcpcsvc.DLL
0x000000006e4c0000 - 0x000000006e4d1000 	C:\Program Files\Java\jre1.8.0_25\bin\nio.dll
0x00000000637c0000 - 0x00000000637cd000 	S:\Users\Ben\AppData\Local\Temp\jogamp_0000\file_cache\jln8050521126629689193\jln1825017006973246418\gluegen-rt.dll
0x000000006f5e0000 - 0x000000006f5e7000 	C:\Program Files\Java\jre1.8.0_25\bin\jawt.dll
0x000000006a440000 - 0x000000006a44d000 	S:\Users\Ben\AppData\Local\Temp\jogamp_0000\file_cache\jln8050521126629689193\jln1825017006973246418\nativewindow_awt.dll
0x000000006c100000 - 0x000000006c10f000 	S:\Users\Ben\AppData\Local\Temp\jogamp_0000\file_cache\jln8050521126629689193\jln1825017006973246418\nativewindow_win32.dll
0x00007ffb6b4a0000 - 0x00007ffb6b5cb000 	C:\WINDOWS\SYSTEM32\OpenGL32.dll
0x00007ffb798c0000 - 0x00007ffb798ee000 	C:\WINDOWS\SYSTEM32\GLU32.dll
0x00007ffb66ba0000 - 0x00007ffb66c98000 	C:\WINDOWS\SYSTEM32\DDRAW.dll
0x00007ffb797e0000 - 0x00007ffb797e9000 	C:\WINDOWS\SYSTEM32\DCIMAN32.dll
0x0000000064500000 - 0x00000000645a2000 	S:\Users\Ben\AppData\Local\Temp\jogamp_0000\file_cache\jln8050521126629689193\jln1825017006973246418\jogl_desktop.dll
0x00007ffb797c0000 - 0x00007ffb797d8000 	C:\WINDOWS\SYSTEM32\atig6pxx.dll
0x000000006c660000 - 0x000000006e20f000 	C:\WINDOWS\SYSTEM32\atio6axx.dll
0x00007ffb7ebf0000 - 0x00007ffb7edca000 	C:\WINDOWS\system32\SETUPAPI.dll
0x00007ffb79b80000 - 0x00007ffb79cb7000 	C:\WINDOWS\SYSTEM32\atiadlxx.dll
0x00007ffb7a150000 - 0x00007ffb7a2cf000 	C:\WINDOWS\SYSTEM32\PROPSYS.dll
0x00007ffb7c9d0000 - 0x00007ffb7c9e2000 	C:\WINDOWS\SYSTEM32\WTSAPI32.dll
0x00007ffb7e070000 - 0x00007ffb7e0c1000 	C:\WINDOWS\system32\WINTRUST.dll
0x00007ffb7de90000 - 0x00007ffb7e06f000 	C:\WINDOWS\system32\CRYPT32.dll
0x00007ffb7de70000 - 0x00007ffb7de81000 	C:\WINDOWS\system32\MSASN1.dll
0x00007ffb74bc0000 - 0x00007ffb74be9000 	C:\WINDOWS\SYSTEM32\atig6txx.dll
0x00007ffb513f0000 - 0x00007ffb5158c000 	O:\OneDrive\Workspace\ZZavatar\lib\user\KinectPV2\Kinect20.Face.dll
0x00007ffb74fe0000 - 0x00007ffb75087000 	C:\WINDOWS\SYSTEM32\MSVCP110.dll
0x00007ffb76510000 - 0x00007ffb765de000 	C:\WINDOWS\SYSTEM32\MSVCR110.dll
0x00007ffb77000000 - 0x00007ffb77010000 	O:\OneDrive\Workspace\ZZavatar\lib\user\KinectPV2\KinectPV2.dll
0x00007ffb5ac70000 - 0x00007ffb5ad2a000 	C:\WINDOWS\SYSTEM32\Kinect20.dll
0x00007ffb75110000 - 0x00007ffb751fb000 	C:\WINDOWS\SYSTEM32\MFPlat.DLL
0x00007ffb74f70000 - 0x00007ffb74f97000 	C:\WINDOWS\SYSTEM32\RTWorkQ.DLL
0x00007ffb7bb70000 - 0x00007ffb7bb7c000 	C:\WINDOWS\SYSTEM32\AVRT.dll
0x00007ffb70940000 - 0x00007ffb70aca000 	C:\WINDOWS\SYSTEM32\dbghelp.dll

VM Arguments:
jvm_args: -Djava.library.path=O:\OneDrive\Workspace\ZZavatar\lib\base\video;O:\OneDrive\Workspace\ZZavatar\lib\base\video;O:\OneDrive\Workspace\ZZavatar\lib\base\video;O:\OneDrive\Workspace\ZZavatar\lib\base\core;O:\OneDrive\Workspace\ZZavatar\lib\base\core;O:\OneDrive\Workspace\ZZavatar\lib\base\core;O:\OneDrive\Workspace\ZZavatar\lib\base\core;O:\OneDrive\Workspace\ZZavatar\lib\base\core;O:\OneDrive\Workspace\ZZavatar\lib\base\core;O:\OneDrive\Workspace\ZZavatar\lib\base\core;O:\OneDrive\Workspace\ZZavatar\lib\base\core;O:\OneDrive\Workspace\ZZavatar\lib\base\core;O:\OneDrive\Workspace\ZZavatar\lib\base\core;O:\OneDrive\Workspace\ZZavatar\lib\base\core;O:\OneDrive\Workspace\ZZavatar\lib\base\core;O:\OneDrive\Workspace\ZZavatar\lib\base\core;O:\OneDrive\Workspace\ZZavatar\lib\base\core;O:\OneDrive\Workspace\ZZavatar\lib\base\core;O:\OneDrive\Workspace\ZZavatar\lib\user\Kinect4WinSDK;O:\OneDrive\Workspace\ZZavatar\lib\user\KinectPV2;O:\OneDrive\Workspace\ZZavatar\lib\user\SimpleOpenNI -Dfile.encoding=Cp1252 
java_command: zzavatar.ZZavatar
java_class_path (initial): O:\OneDrive\Workspace\ZZavatar\lib\base\video\gstreamer-java.jar;O:\OneDrive\Workspace\ZZavatar\lib\base\video\jna.jar;O:\OneDrive\Workspace\ZZavatar\lib\base\video\video.jar;O:\OneDrive\Workspace\ZZavatar\lib\base\core\core.jar;O:\OneDrive\Workspace\ZZavatar\lib\base\core\gluegen-rt-natives-linux-amd64.jar;O:\OneDrive\Workspace\ZZavatar\lib\base\core\gluegen-rt-natives-linux-armv6hf.jar;O:\OneDrive\Workspace\ZZavatar\lib\base\core\gluegen-rt-natives-linux-i586.jar;O:\OneDrive\Workspace\ZZavatar\lib\base\core\gluegen-rt-natives-macosx-universal.jar;O:\OneDrive\Workspace\ZZavatar\lib\base\core\gluegen-rt-natives-windows-amd64.jar;O:\OneDrive\Workspace\ZZavatar\lib\base\core\gluegen-rt-natives-windows-i586.jar;O:\OneDrive\Workspace\ZZavatar\lib\base\core\gluegen-rt.jar;O:\OneDrive\Workspace\ZZavatar\lib\base\core\jogl-all-natives-linux-amd64.jar;O:\OneDrive\Workspace\ZZavatar\lib\base\core\jogl-all-natives-linux-armv6hf.jar;O:\OneDrive\Workspace\ZZavatar\lib\base\core\jogl-all-natives-linux-i586.jar;O:\OneDrive\Workspace\ZZavatar\lib\base\core\jogl-all-natives-macosx-universal.jar;O:\OneDrive\Workspace\ZZavatar\lib\base\core\jogl-all-natives-windows-amd64.jar;O:\OneDrive\Workspace\ZZavatar\lib\base\core\jogl-all-natives-windows-i586.jar;O:\OneDrive\Workspace\ZZavatar\lib\base\core\jogl-all.jar;O:\OneDrive\Workspace\ZZavatar\lib\user\Kinect4WinSDK\Kinect4WinSDK.jar;O:\OneDrive\Workspace\ZZavatar\lib\user\KinectPV2\KinectPV2.jar;O:\OneDrive\Workspace\ZZavatar\lib\user\SimpleOpenNI\SimpleOpenNI.jar;O:\OneDrive\Workspace\ZZavatar\bin
Launcher Type: SUN_STANDARD

Environment Variables:
JAVA_HOME=C:\Program Files\Java\jdk1.8.0_25
PATH=C:/Program Files/Java/jre1.8.0_25/bin/server;C:/Program Files/Java/jre1.8.0_25/bin;C:/Program Files/Java/jre1.8.0_25/lib/amd64;C:\Program Files (x86)\NVIDIA Corporation\PhysX\Common;C:\ProgramData\Oracle\Java\javapath;C:\Program Files (x86)\Common Files\Intel\Shared Libraries\redist\intel64\compiler;C:\Program Files (x86)\Common Files\Intel\Shared Libraries\redist\ia32\compiler;C:\Program Files (x86)\Intel\iCLS Client\;C:\Program Files\Intel\iCLS Client\;C:\Program Files (x86)\AMD APP\bin\x86_64;C:\Program Files (x86)\AMD APP\bin\x86;C:\WINDOWS\system32;C:\WINDOWS;C:\WINDOWS\System32\Wbem;C:\WINDOWS\System32\WindowsPowerShell\v1.0\;C:\Program Files (x86)\ATI Technologies\ATI.ACE\Core-Static;C:\Program Files\Intel\Intel(R) Management Engine Components\DAL;C:\Program Files\Intel\Intel(R) Management Engine Components\IPT;C:\Program Files (x86)\Intel\Intel(R) Management Engine Components\DAL;C:\Program Files (x86)\Intel\Intel(R) Management Engine Components\IPT;C:\Program Files\Sony\VAIO Improvement\;C:\Program Files (x86)\Sony\VAIO Startup Setting Tool;C:\Program Files (x86)\Windows Kits\8.1\Windows Performance Toolkit\;C:\Program Files\Microsoft SQL Server\110\Tools\Binn\;C:\Program Files (x86)\Microsoft SDKs\TypeScript\1.0\;C:\Program Files\Microsoft\Web Platform Installer\;C:\Program Files (x86)\Java\jre1.8.0_25\bin;P:\Programs\Python27\Scripts;P:\Programs\Python27;C:\Program Files\Common Files\Autodesk Shared\;P:\Program Files\Programs;P:\Program Files\Games;P:\Programs\Eclipse;
USERNAME=Benoît
OS=Windows_NT
PROCESSOR_IDENTIFIER=Intel64 Family 6 Model 58 Stepping 9, GenuineIntel



---------------  S Y S T E M  ---------------

OS: Windows 8.1 , 64 bit Build 9600 

CPU:total 8 (4 cores per cpu, 2 threads per core) family 6 model 58 stepping 9, cmov, cx8, fxsr, mmx, sse, sse2, sse3, ssse3, sse4.1, sse4.2, popcnt, avx, aes, clmul, erms, ht, tsc, tscinvbit, tscinv

Memory: 4k page, physical 6237468k(2469608k free), swap 10431772k(5552612k free)

vm_info: Java HotSpot(TM) 64-Bit Server VM (25.25-b02) for windows-amd64 JRE (1.8.0_25-b18), built on Oct  7 2014 14:25:37 by "java_re" with MS VC++ 10.0 (VS2010)

time: Sat Apr 25 10:29:15 2015
elapsed time: 68 seconds (0d 0h 1m 8s)

