#
# A fatal error has been detected by the Java Runtime Environment:
#
#  EXCEPTION_ACCESS_VIOLATION (0xc0000005) at pc=0x00007ff980284129, pid=4364, tid=8908
#
# JRE version: Java(TM) SE Runtime Environment (8.0_25-b18) (build 1.8.0_25-b18)
# Java VM: Java HotSpot(TM) 64-Bit Server VM (25.25-b02 mixed mode windows-amd64 compressed oops)
# Problematic frame:
# C  [KinectPV2.dll+0x4129]
#
# Failed to write core dump. Minidumps are not enabled by default on client versions of Windows
#
# If you would like to submit a bug report, please visit:
#   http://bugreport.sun.com/bugreport/crash.jsp
# The crash happened outside the Java Virtual Machine in native code.
# See problematic frame for where to report the bug.
#

---------------  T H R E A D  ---------------

Current thread (0x0000000019dd8000):  JavaThread "Animation Thread" [_thread_in_native, id=8908, stack(0x000000001ceb0000,0x000000001cfb0000)]

siginfo: ExceptionCode=0xc0000005, reading address 0x000000000000c010

Registers:
RAX=0x000000000000c000, RBX=0x000000002e689040, RCX=0x0000000100000000, RDX=0x0000000000000000
RSP=0x000000001cfae3d0, RBP=0x0000000000000006, RSI=0x0000000000000000, RDI=0x000000001fa8a748
R8 =0x000000001cfae098, R9 =0x0000000000008000, R10=0x0000000000000000, R11=0x000000001cfae2d0
R12=0x0000000000000000, R13=0x000000002023e1a8, R14=0x0000000000000000, R15=0x0000000019dd8000
RIP=0x00007ff980284129, EFLAGS=0x0000000000010206

Top of Stack: (sp=0x000000001cfae3d0)
0x000000001cfae3d0:   000000001fa8a718 00000000205c6ac8
0x000000001cfae3e0:   000000001fa8a718 0000000000000000
0x000000001cfae3f0:   000000001cfae4c0 00007ff980281fba
0x000000001cfae400:   000000001cfae4c0 000000001cfae4a0
0x000000001cfae410:   0000000019dd81e8 0000000019d47130
0x000000001cfae420:   00000000a378da20 0000000002dd5b74
0x000000001cfae430:   000000002023e1a8 00000000a378da00
0x000000001cfae440:   00000000a378da00 0000000019dd8000
0x000000001cfae450:   000000001cfae518 0000000002dd58a2
0x000000001cfae460:   000000001cfae460 000000002023e1a8
0x000000001cfae470:   000000001cfae4c0 000000002023f138
0x000000001cfae480:   0000000000000000 000000002023e1a8
0x000000001cfae490:   0000000000000000 000000001cfae4c0
0x000000001cfae4a0:   000000001cfae508 0000000002dc7a2d
0x000000001cfae4b0:   0000000000000000 0000000002dcf6b8
0x000000001cfae4c0:   00000000a436e678 000000001cfae4c8 

Instructions: (pc=0x00007ff980284129)
0x00007ff980284109:   00 00 48 85 c9 74 0d 48 8b 01 ff 50 10 4c 89 b7
0x00007ff980284119:   90 00 00 00 48 8b 4f 30 48 85 c9 74 0a 48 8b 01
0x00007ff980284129:   ff 50 10 4c 89 77 30 48 8b 4f 60 48 85 c9 74 0a
0x00007ff980284139:   48 8b 01 ff 50 10 4c 89 77 60 48 83 c7 08 48 ff 


Register to memory mapping:

RAX=0x000000000000c000 is an unknown value
RBX=0x000000002e689040 is an unknown value
RCX=0x0000000100000000 is pointing into metadata
RDX=0x0000000000000000 is an unknown value
RSP=0x000000001cfae3d0 is pointing into the stack for thread: 0x0000000019dd8000
RBP=0x0000000000000006 is an unknown value
RSI=0x0000000000000000 is an unknown value
RDI=0x000000001fa8a748 is an unknown value
R8 =0x000000001cfae098 is pointing into the stack for thread: 0x0000000019dd8000
R9 =0x0000000000008000 is an unknown value
R10=0x0000000000000000 is an unknown value
R11=0x000000001cfae2d0 is pointing into the stack for thread: 0x0000000019dd8000
R12=0x0000000000000000 is an unknown value
R13={method} {0x000000002023e1b0} 'jniStopDevice' '()V' in 'KinectPV2/Device'
R14=0x0000000000000000 is an unknown value
R15=0x0000000019dd8000 is a thread


Stack: [0x000000001ceb0000,0x000000001cfb0000],  sp=0x000000001cfae3d0,  free space=1016k
Native frames: (J=compiled Java code, j=interpreted, Vv=VM code, C=native code)
C  [KinectPV2.dll+0x4129]
C  [KinectPV2.dll+0x1fba]
C  0x0000000002dd5b74

Java frames: (J=compiled Java code, j=interpreted, Vv=VM code)
j  KinectPV2.Device.jniStopDevice()V+0
j  KinectPV2.Device.stopDevice()V+41
j  KinectPV2.KinectPV2.dispose()V+14
v  ~StubRoutines::call_stub
j  sun.reflect.NativeMethodAccessorImpl.invoke0(Ljava/lang/reflect/Method;Ljava/lang/Object;[Ljava/lang/Object;)Ljava/lang/Object;+0
j  sun.reflect.NativeMethodAccessorImpl.invoke(Ljava/lang/Object;[Ljava/lang/Object;)Ljava/lang/Object;+100
J 2005 C1 sun.reflect.DelegatingMethodAccessorImpl.invoke(Ljava/lang/Object;[Ljava/lang/Object;)Ljava/lang/Object; (10 bytes) @ 0x00000000034ffa84 [0x00000000034ff980+0x104]
J 2004 C1 java.lang.reflect.Method.invoke(Ljava/lang/Object;[Ljava/lang/Object;)Ljava/lang/Object; (62 bytes) @ 0x0000000003500224 [0x00000000034ffe40+0x3e4]
j  processing.core.PApplet$RegisteredMethods.handle([Ljava/lang/Object;)V+18
J 1818 C1 processing.core.PApplet.handleMethods(Ljava/lang/String;)V (21 bytes) @ 0x000000000349039c [0x00000000034900e0+0x2bc]
j  processing.core.PApplet.dispose()V+35
j  processing.core.PApplet.run()V+283
j  java.lang.Thread.run()V+11
v  ~StubRoutines::call_stub

---------------  P R O C E S S  ---------------

Java Threads: ( => current thread )
  0x0000000019fc4000 JavaThread "Animation Thread-SharedResourceRunner" daemon [_thread_blocked, id=7688, stack(0x000000001f180000,0x000000001f280000)]
  0x0000000002c2e800 JavaThread "DestroyJavaVM" [_thread_blocked, id=5016, stack(0x0000000002ad0000,0x0000000002bd0000)]
  0x0000000019ddb800 JavaThread "D3D Screen Updater" daemon [_thread_blocked, id=4036, stack(0x000000001d1b0000,0x000000001d2b0000)]
=>0x0000000019dd8000 JavaThread "Animation Thread" [_thread_in_native, id=8908, stack(0x000000001ceb0000,0x000000001cfb0000)]
  0x0000000019d3e800 JavaThread "AWT-EventQueue-0" [_thread_blocked, id=5112, stack(0x000000001ccb0000,0x000000001cdb0000)]
  0x0000000018eee800 JavaThread "AWT-Windows" daemon [_thread_in_native, id=6348, stack(0x000000001a610000,0x000000001a710000)]
  0x0000000018eed800 JavaThread "AWT-Shutdown" [_thread_blocked, id=3924, stack(0x000000001a510000,0x000000001a610000)]
  0x0000000019d08800 JavaThread "Java2D Disposer" daemon [_thread_blocked, id=9008, stack(0x000000001a410000,0x000000001a510000)]
  0x0000000018ba8800 JavaThread "Service Thread" daemon [_thread_blocked, id=8280, stack(0x00000000194f0000,0x00000000195f0000)]
  0x0000000018b31000 JavaThread "C1 CompilerThread3" daemon [_thread_blocked, id=3996, stack(0x00000000193f0000,0x00000000194f0000)]
  0x0000000018b2d000 JavaThread "C2 CompilerThread2" daemon [_thread_blocked, id=5792, stack(0x00000000192f0000,0x00000000193f0000)]
  0x0000000018b1b800 JavaThread "C2 CompilerThread1" daemon [_thread_blocked, id=5340, stack(0x00000000191f0000,0x00000000192f0000)]
  0x0000000018b19800 JavaThread "C2 CompilerThread0" daemon [_thread_in_native, id=8116, stack(0x00000000190f0000,0x00000000191f0000)]
  0x0000000018b17000 JavaThread "Attach Listener" daemon [_thread_blocked, id=9136, stack(0x0000000018ff0000,0x00000000190f0000)]
  0x0000000018b15800 JavaThread "Signal Dispatcher" daemon [_thread_blocked, id=936, stack(0x0000000018ef0000,0x0000000018ff0000)]
  0x0000000002db8800 JavaThread "Finalizer" daemon [_thread_blocked, id=7084, stack(0x00000000189f0000,0x0000000018af0000)]
  0x0000000016b0c800 JavaThread "Reference Handler" daemon [_thread_blocked, id=7480, stack(0x00000000188f0000,0x00000000189f0000)]

Other Threads:
  0x0000000016b08800 VMThread [stack: 0x00000000187f0000,0x00000000188f0000] [id=8504]
  0x0000000018baa800 WatcherThread [stack: 0x00000000195f0000,0x00000000196f0000] [id=2976]

VM state:not at safepoint (normal execution)

VM Mutex/Monitor currently owned by a thread: None

Heap:
 PSYoungGen      total 439808K, used 374259K [0x00000000e0400000, 0x00000000fc800000, 0x0000000100000000)
  eden space 417280K, 87% used [0x00000000e0400000,0x00000000f697bc28,0x00000000f9b80000)
  from space 22528K, 36% used [0x00000000fb180000,0x00000000fb981010,0x00000000fc780000)
  to   space 22528K, 0% used [0x00000000f9b80000,0x00000000f9b80000,0x00000000fb180000)
 ParOldGen       total 203264K, used 156481K [0x00000000a0c00000, 0x00000000ad280000, 0x00000000e0400000)
  object space 203264K, 76% used [0x00000000a0c00000,0x00000000aa4d0560,0x00000000ad280000)
 Metaspace       used 18040K, capacity 18217K, committed 18560K, reserved 1067008K
  class space    used 1733K, capacity 1793K, committed 1920K, reserved 1048576K

Card table byte_map: [0x0000000012180000,0x0000000012480000] byte_map_base: 0x0000000011c7a000

Marking Bits: (ParMarkBitMap*) 0x00000000772bd490
 Begin Bits: [0x0000000012e80000, 0x0000000014650000)
 End Bits:   [0x0000000014650000, 0x0000000015e20000)

Polling page: 0x00000000012b0000

CodeCache: size=245760Kb used=8967Kb max_used=9010Kb free=236792Kb
 bounds [0x0000000002dc0000, 0x00000000036a0000, 0x0000000011dc0000]
 total_blobs=3312 nmethods=2441 adapters=785
 compilation: enabled

Compilation events (10 events):
Event: 29.834 Thread 0x0000000018b31000 2463       3       sun.awt.AWTAutoShutdown::notifyToolkitThreadBusy (8 bytes)
Event: 29.834 Thread 0x0000000018b31000 nmethod 2463 0x00000000036900d0 code [0x0000000003690240, 0x0000000003690408]
Event: 29.835 Thread 0x0000000018b31000 2464       3       sun.awt.AWTAutoShutdown::notifyToolkitThreadFree (8 bytes)
Event: 29.835 Thread 0x0000000018b31000 nmethod 2464 0x0000000002ee9350 code [0x0000000002ee94c0, 0x0000000002ee9688]
Event: 29.924 Thread 0x0000000018b31000 2465       3       java.util.concurrent.locks.AbstractQueuedSynchronizer$ConditionObject::signalAll (33 bytes)
Event: 29.924 Thread 0x0000000018b31000 nmethod 2465 0x0000000002ee6350 code [0x0000000002ee64e0, 0x0000000002ee6848]
Event: 29.984 Thread 0x0000000018b31000 2466       3       java.awt.GraphicsEnvironment::isHeadless (4 bytes)
Event: 29.985 Thread 0x0000000018b31000 nmethod 2466 0x0000000002f67310 code [0x0000000002f674a0, 0x0000000002f67868]
Event: 29.986 Thread 0x0000000018b31000 2467       3       java.awt.GraphicsEnvironment::getHeadlessProperty (24 bytes)
Event: 29.986 Thread 0x0000000018b31000 nmethod 2467 0x0000000002f46b50 code [0x0000000002f46ce0, 0x0000000002f47048]

GC Heap History (10 events):
Event: 26.065 GC heap before
{Heap before GC invocations=46 (full 2):
 PSYoungGen      total 442368K, used 411264K [0x00000000e0400000, 0x00000000fd080000, 0x0000000100000000)
  eden space 411136K, 100% used [0x00000000e0400000,0x00000000f9580000,0x00000000f9580000)
  from space 31232K, 0% used [0x00000000f9580000,0x00000000f95a0000,0x00000000fb400000)
  to   space 29184K, 0% used [0x00000000fb400000,0x00000000fb400000,0x00000000fd080000)
 ParOldGen       total 203264K, used 156465K [0x00000000a0c00000, 0x00000000ad280000, 0x00000000e0400000)
  object space 203264K, 76% used [0x00000000a0c00000,0x00000000aa4cc560,0x00000000ad280000)
 Metaspace       used 18010K, capacity 18217K, committed 18560K, reserved 1067008K
  class space    used 1723K, capacity 1793K, committed 1920K, reserved 1048576K
Event: 26.067 GC heap after
Heap after GC invocations=46 (full 2):
 PSYoungGen      total 439296K, used 128K [0x00000000e0400000, 0x00000000fcd80000, 0x0000000100000000)
  eden space 413184K, 0% used [0x00000000e0400000,0x00000000e0400000,0x00000000f9780000)
  from space 26112K, 0% used [0x00000000fb400000,0x00000000fb420000,0x00000000fcd80000)
  to   space 27648K, 0% used [0x00000000f9780000,0x00000000f9780000,0x00000000fb280000)
 ParOldGen       total 203264K, used 156481K [0x00000000a0c00000, 0x00000000ad280000, 0x00000000e0400000)
  object space 203264K, 76% used [0x00000000a0c00000,0x00000000aa4d0560,0x00000000ad280000)
 Metaspace       used 18010K, capacity 18217K, committed 18560K, reserved 1067008K
  class space    used 1723K, capacity 1793K, committed 1920K, reserved 1048576K
}
Event: 26.710 GC heap before
{Heap before GC invocations=47 (full 2):
 PSYoungGen      total 439296K, used 413312K [0x00000000e0400000, 0x00000000fcd80000, 0x0000000100000000)
  eden space 413184K, 100% used [0x00000000e0400000,0x00000000f9780000,0x00000000f9780000)
  from space 26112K, 0% used [0x00000000fb400000,0x00000000fb420000,0x00000000fcd80000)
  to   space 27648K, 0% used [0x00000000f9780000,0x00000000f9780000,0x00000000fb280000)
 ParOldGen       total 203264K, used 156481K [0x00000000a0c00000, 0x00000000ad280000, 0x00000000e0400000)
  object space 203264K, 76% used [0x00000000a0c00000,0x00000000aa4d0560,0x00000000ad280000)
 Metaspace       used 18010K, capacity 18217K, committed 18560K, reserved 1067008K
  class space    used 1723K, capacity 1793K, committed 1920K, reserved 1048576K
Event: 26.711 GC heap after
Heap after GC invocations=47 (full 2):
 PSYoungGen      total 440832K, used 160K [0x00000000e0400000, 0x00000000fcb80000, 0x0000000100000000)
  eden space 413184K, 0% used [0x00000000e0400000,0x00000000e0400000,0x00000000f9780000)
  from space 27648K, 0% used [0x00000000f9780000,0x00000000f97a8000,0x00000000fb280000)
  to   space 25600K, 0% used [0x00000000fb280000,0x00000000fb280000,0x00000000fcb80000)
 ParOldGen       total 203264K, used 156481K [0x00000000a0c00000, 0x00000000ad280000, 0x00000000e0400000)
  object space 203264K, 76% used [0x00000000a0c00000,0x00000000aa4d0560,0x00000000ad280000)
 Metaspace       used 18010K, capacity 18217K, committed 18560K, reserved 1067008K
  class space    used 1723K, capacity 1793K, committed 1920K, reserved 1048576K
}
Event: 27.355 GC heap before
{Heap before GC invocations=48 (full 2):
 PSYoungGen      total 440832K, used 413344K [0x00000000e0400000, 0x00000000fcb80000, 0x0000000100000000)
  eden space 413184K, 100% used [0x00000000e0400000,0x00000000f9780000,0x00000000f9780000)
  from space 27648K, 0% used [0x00000000f9780000,0x00000000f97a8000,0x00000000fb280000)
  to   space 25600K, 0% used [0x00000000fb280000,0x00000000fb280000,0x00000000fcb80000)
 ParOldGen       total 203264K, used 156481K [0x00000000a0c00000, 0x00000000ad280000, 0x00000000e0400000)
  object space 203264K, 76% used [0x00000000a0c00000,0x00000000aa4d0560,0x00000000ad280000)
 Metaspace       used 18010K, capacity 18217K, committed 18560K, reserved 1067008K
  class space    used 1723K, capacity 1793K, committed 1920K, reserved 1048576K
Event: 27.357 GC heap after
Heap after GC invocations=48 (full 2):
 PSYoungGen      total 437760K, used 128K [0x00000000e0400000, 0x00000000fc880000, 0x0000000100000000)
  eden space 415232K, 0% used [0x00000000e0400000,0x00000000e0400000,0x00000000f9980000)
  from space 22528K, 0% used [0x00000000fb280000,0x00000000fb2a0000,0x00000000fc880000)
  to   space 24064K, 0% used [0x00000000f9980000,0x00000000f9980000,0x00000000fb100000)
 ParOldGen       total 203264K, used 156481K [0x00000000a0c00000, 0x00000000ad280000, 0x00000000e0400000)
  object space 203264K, 76% used [0x00000000a0c00000,0x00000000aa4d0560,0x00000000ad280000)
 Metaspace       used 18010K, capacity 18217K, committed 18560K, reserved 1067008K
  class space    used 1723K, capacity 1793K, committed 1920K, reserved 1048576K
}
Event: 28.001 GC heap before
{Heap before GC invocations=49 (full 2):
 PSYoungGen      total 437760K, used 415360K [0x00000000e0400000, 0x00000000fc880000, 0x0000000100000000)
  eden space 415232K, 100% used [0x00000000e0400000,0x00000000f9980000,0x00000000f9980000)
  from space 22528K, 0% used [0x00000000fb280000,0x00000000fb2a0000,0x00000000fc880000)
  to   space 24064K, 0% used [0x00000000f9980000,0x00000000f9980000,0x00000000fb100000)
 ParOldGen       total 203264K, used 156481K [0x00000000a0c00000, 0x00000000ad280000, 0x00000000e0400000)
  object space 203264K, 76% used [0x00000000a0c00000,0x00000000aa4d0560,0x00000000ad280000)
 Metaspace       used 18010K, capacity 18217K, committed 18560K, reserved 1067008K
  class space    used 1723K, capacity 1793K, committed 1920K, reserved 1048576K
Event: 28.002 GC heap after
Heap after GC invocations=49 (full 2):
 PSYoungGen      total 439296K, used 160K [0x00000000e0400000, 0x00000000fc780000, 0x0000000100000000)
  eden space 415232K, 0% used [0x00000000e0400000,0x00000000e0400000,0x00000000f9980000)
  from space 24064K, 0% used [0x00000000f9980000,0x00000000f99a8000,0x00000000fb100000)
  to   space 22528K, 0% used [0x00000000fb180000,0x00000000fb180000,0x00000000fc780000)
 ParOldGen       total 203264K, used 156481K [0x00000000a0c00000, 0x00000000ad280000, 0x00000000e0400000)
  object space 203264K, 76% used [0x00000000a0c00000,0x00000000aa4d0560,0x00000000ad280000)
 Metaspace       used 18010K, capacity 18217K, committed 18560K, reserved 1067008K
  class space    used 1723K, capacity 1793K, committed 1920K, reserved 1048576K
}
Event: 28.647 GC heap before
{Heap before GC invocations=50 (full 2):
 PSYoungGen      total 439296K, used 414965K [0x00000000e0400000, 0x00000000fc780000, 0x0000000100000000)
  eden space 415232K, 99% used [0x00000000e0400000,0x00000000f9915670,0x00000000f9980000)
  from space 24064K, 0% used [0x00000000f9980000,0x00000000f99a8000,0x00000000fb100000)
  to   space 22528K, 0% used [0x00000000fb180000,0x00000000fb180000,0x00000000fc780000)
 ParOldGen       total 203264K, used 156481K [0x00000000a0c00000, 0x00000000ad280000, 0x00000000e0400000)
  object space 203264K, 76% used [0x00000000a0c00000,0x00000000aa4d0560,0x00000000ad280000)
 Metaspace       used 18010K, capacity 18217K, committed 18560K, reserved 1067008K
  class space    used 1723K, capacity 1793K, committed 1920K, reserved 1048576K
Event: 28.650 GC heap after
Heap after GC invocations=50 (full 2):
 PSYoungGen      total 439808K, used 8196K [0x00000000e0400000, 0x00000000fc800000, 0x0000000100000000)
  eden space 417280K, 0% used [0x00000000e0400000,0x00000000e0400000,0x00000000f9b80000)
  from space 22528K, 36% used [0x00000000fb180000,0x00000000fb981010,0x00000000fc780000)
  to   space 22528K, 0% used [0x00000000f9b80000,0x00000000f9b80000,0x00000000fb180000)
 ParOldGen       total 203264K, used 156481K [0x00000000a0c00000, 0x00000000ad280000, 0x00000000e0400000)
  object space 203264K, 76% used [0x00000000a0c00000,0x00000000aa4d0560,0x00000000ad280000)
 Metaspace       used 18010K, capacity 18217K, committed 18560K, reserved 1067008K
  class space    used 1723K, capacity 1793K, committed 1920K, reserved 1048576K
}

Deoptimization events (10 events):
Event: 11.618 Thread 0x0000000019d3e800 Uncommon trap: reason=speculate_class_check action=maybe_recompile pc=0x00000000035c42e4 method=com.jogamp.common.nio.Buffers.getDirectBufferByteOffset(Ljava/lang/Object;)I @ 42
Event: 11.618 Thread 0x0000000019d3e800 Uncommon trap: reason=speculate_class_check action=maybe_recompile pc=0x00000000035c42e4 method=com.jogamp.common.nio.Buffers.getDirectBufferByteOffset(Ljava/lang/Object;)I @ 42
Event: 11.797 Thread 0x0000000019d3e800 Uncommon trap: reason=speculate_class_check action=maybe_recompile pc=0x00000000035b71fc method=com.jogamp.common.nio.Buffers.getDirectBufferByteOffset(Ljava/lang/Object;)I @ 53
Event: 11.802 Thread 0x0000000019d3e800 Uncommon trap: reason=speculate_class_check action=maybe_recompile pc=0x00000000035b71fc method=com.jogamp.common.nio.Buffers.getDirectBufferByteOffset(Ljava/lang/Object;)I @ 53
Event: 12.402 Thread 0x0000000019d3e800 Uncommon trap: reason=speculate_class_check action=maybe_recompile pc=0x000000000361b00c method=com.jogamp.common.nio.Buffers.getDirectBufferByteOffset(Ljava/lang/Object;)I @ 22
Event: 12.402 Thread 0x0000000019d3e800 Uncommon trap: reason=speculate_class_check action=maybe_recompile pc=0x000000000361b00c method=com.jogamp.common.nio.Buffers.getDirectBufferByteOffset(Ljava/lang/Object;)I @ 22
Event: 12.557 Thread 0x0000000019d3e800 Uncommon trap: reason=speculate_class_check action=maybe_recompile pc=0x00000000036204e4 method=com.jogamp.common.nio.Buffers.getDirectBufferByteOffset(Ljava/lang/Object;)I @ 31
Event: 12.557 Thread 0x0000000019d3e800 Uncommon trap: reason=speculate_class_check action=maybe_recompile pc=0x00000000036204e4 method=com.jogamp.common.nio.Buffers.getDirectBufferByteOffset(Ljava/lang/Object;)I @ 31
Event: 12.730 Thread 0x0000000019d3e800 Uncommon trap: reason=speculate_class_check action=maybe_recompile pc=0x0000000003623088 method=com.jogamp.common.nio.Buffers.getDirectBufferByteOffset(Ljava/lang/Object;)I @ 42
Event: 12.735 Thread 0x0000000019d3e800 Uncommon trap: reason=speculate_class_check action=maybe_recompile pc=0x0000000003623088 method=com.jogamp.common.nio.Buffers.getDirectBufferByteOffset(Ljava/lang/Object;)I @ 42

Internal exceptions (10 events):
Event: 3.213 Thread 0x0000000019d3e800 Exception <a 'java/security/PrivilegedActionException'> (0x00000000e5320cb8) thrown at [D:\re\workspace\8-2-build-windows-amd64-cygwin\jdk8u25\1677\hotspot\src\share\vm\prims\jvm.cpp, line 1312]
Event: 3.214 Thread 0x0000000019d3e800 Exception <a 'java/security/PrivilegedActionException'> (0x00000000e5324b78) thrown at [D:\re\workspace\8-2-build-windows-amd64-cygwin\jdk8u25\1677\hotspot\src\share\vm\prims\jvm.cpp, line 1312]
Event: 3.214 Thread 0x0000000019d3e800 Exception <a 'java/security/PrivilegedActionException'> (0x00000000e5328f80) thrown at [D:\re\workspace\8-2-build-windows-amd64-cygwin\jdk8u25\1677\hotspot\src\share\vm\prims\jvm.cpp, line 1312]
Event: 3.214 Thread 0x0000000019d3e800 Exception <a 'java/security/PrivilegedActionException'> (0x00000000e532d368) thrown at [D:\re\workspace\8-2-build-windows-amd64-cygwin\jdk8u25\1677\hotspot\src\share\vm\prims\jvm.cpp, line 1312]
Event: 3.214 Thread 0x0000000019d3e800 Exception <a 'java/security/PrivilegedActionException'> (0x00000000e5330ec0) thrown at [D:\re\workspace\8-2-build-windows-amd64-cygwin\jdk8u25\1677\hotspot\src\share\vm\prims\jvm.cpp, line 1312]
Event: 3.215 Thread 0x0000000019d3e800 Exception <a 'java/security/PrivilegedActionException'> (0x00000000e53356c0) thrown at [D:\re\workspace\8-2-build-windows-amd64-cygwin\jdk8u25\1677\hotspot\src\share\vm\prims\jvm.cpp, line 1312]
Event: 3.215 Thread 0x0000000019d3e800 Exception <a 'java/security/PrivilegedActionException'> (0x00000000e5338df8) thrown at [D:\re\workspace\8-2-build-windows-amd64-cygwin\jdk8u25\1677\hotspot\src\share\vm\prims\jvm.cpp, line 1312]
Event: 3.215 Thread 0x0000000019d3e800 Exception <a 'java/security/PrivilegedActionException'> (0x00000000e533cd40) thrown at [D:\re\workspace\8-2-build-windows-amd64-cygwin\jdk8u25\1677\hotspot\src\share\vm\prims\jvm.cpp, line 1312]
Event: 3.216 Thread 0x0000000019d3e800 Exception <a 'java/security/PrivilegedActionException'> (0x00000000e5342c50) thrown at [D:\re\workspace\8-2-build-windows-amd64-cygwin\jdk8u25\1677\hotspot\src\share\vm\prims\jvm.cpp, line 1312]
Event: 3.232 Thread 0x0000000019d3e800 Exception <a 'java/security/PrivilegedActionException'> (0x00000000e541e260) thrown at [D:\re\workspace\8-2-build-windows-amd64-cygwin\jdk8u25\1677\hotspot\src\share\vm\prims\jvm.cpp, line 1312]

Events (10 events):
Event: 29.836 Thread 0x0000000018b31000 flushing nmethod 0x0000000002f67310
Event: 29.985 loading class javax/swing/KeyboardManager
Event: 29.985 loading class javax/swing/KeyboardManager done
Event: 29.986 loading class javax/swing/Popup$HeavyWeightWindow
Event: 29.986 loading class sun/awt/ModalExclude
Event: 29.986 loading class sun/awt/ModalExclude done
Event: 29.986 loading class javax/swing/JWindow
Event: 29.986 loading class javax/swing/JWindow done
Event: 29.986 loading class javax/swing/Popup$HeavyWeightWindow done
Event: 30.017 Thread 0x000000001a325800 Thread exited: 0x000000001a325800


Dynamic libraries:
0x00007ff669010000 - 0x00007ff669044000 	C:\Program Files\Java\jre1.8.0_25\bin\javaw.exe
0x00007ff98c320000 - 0x00007ff98c4cc000 	C:\WINDOWS\SYSTEM32\ntdll.dll
0x00007ff989d20000 - 0x00007ff989e5e000 	C:\WINDOWS\system32\KERNEL32.DLL
0x00007ff9897d0000 - 0x00007ff9898e5000 	C:\WINDOWS\system32\KERNELBASE.dll
0x00007ff987ff0000 - 0x00007ff98807e000 	C:\WINDOWS\system32\apphelp.dll
0x00007ff973750000 - 0x00007ff9737a3000 	C:\WINDOWS\AppPatch\AppPatch64\AcGenral.DLL
0x00007ff98a220000 - 0x00007ff98a2ca000 	C:\WINDOWS\system32\msvcrt.dll
0x00007ff9892a0000 - 0x00007ff9892ce000 	C:\WINDOWS\SYSTEM32\SspiCli.dll
0x00007ff98b980000 - 0x00007ff98b9d4000 	C:\WINDOWS\system32\SHLWAPI.dll
0x00007ff989f00000 - 0x00007ff98a077000 	C:\WINDOWS\system32\USER32.dll
0x00007ff98bb50000 - 0x00007ff98bce4000 	C:\WINDOWS\system32\ole32.dll
0x00007ff98a390000 - 0x00007ff98b8a8000 	C:\WINDOWS\system32\SHELL32.dll
0x00007ff988a10000 - 0x00007ff988a31000 	C:\WINDOWS\SYSTEM32\USERENV.dll
0x00007ff989c10000 - 0x00007ff989cba000 	C:\WINDOWS\system32\ADVAPI32.dll
0x00007ff97c880000 - 0x00007ff97c89e000 	C:\WINDOWS\SYSTEM32\MPR.dll
0x00007ff98b9e0000 - 0x00007ff98bb21000 	C:\WINDOWS\system32\RPCRT4.dll
0x00007ff9899a0000 - 0x00007ff9899f9000 	C:\WINDOWS\SYSTEM32\sechost.dll
0x00007ff98bed0000 - 0x00007ff98c0e1000 	C:\WINDOWS\SYSTEM32\combase.dll
0x00007ff98a0c0000 - 0x00007ff98a211000 	C:\WINDOWS\system32\GDI32.dll
0x00007ff989470000 - 0x00007ff989485000 	C:\WINDOWS\SYSTEM32\profapi.dll
0x00007ff987810000 - 0x00007ff9878c2000 	C:\WINDOWS\SYSTEM32\SHCORE.dll
0x00007ff98a080000 - 0x00007ff98a0b6000 	C:\WINDOWS\system32\IMM32.DLL
0x00007ff98c1c0000 - 0x00007ff98c312000 	C:\WINDOWS\system32\MSCTF.dll
0x00007ff986b90000 - 0x00007ff986e0b000 	C:\WINDOWS\WinSxS\amd64_microsoft.windows.common-controls_6595b64144ccf1df_6.0.9600.17415_none_6240486fecbd8abb\COMCTL32.dll
0x0000000075f50000 - 0x0000000076022000 	C:\Program Files\Java\jre1.8.0_25\bin\msvcr100.dll
0x0000000076ae0000 - 0x000000007733a000 	C:\Program Files\Java\jre1.8.0_25\bin\server\jvm.dll
0x00007ff9707d0000 - 0x00007ff9707d9000 	C:\WINDOWS\SYSTEM32\WSOCK32.dll
0x00007ff97ca00000 - 0x00007ff97ca22000 	C:\WINDOWS\SYSTEM32\WINMM.dll
0x00007ff989e80000 - 0x00007ff989e87000 	C:\WINDOWS\system32\PSAPI.DLL
0x00007ff989a00000 - 0x00007ff989a5a000 	C:\WINDOWS\system32\WS2_32.dll
0x00007ff97c8d0000 - 0x00007ff97c8fa000 	C:\WINDOWS\SYSTEM32\WINMMBASE.dll
0x00007ff98bb30000 - 0x00007ff98bb39000 	C:\WINDOWS\system32\NSI.dll
0x00007ff989950000 - 0x00007ff98999f000 	C:\WINDOWS\SYSTEM32\cfgmgr32.dll
0x00007ff988260000 - 0x00007ff988288000 	C:\WINDOWS\SYSTEM32\DEVOBJ.dll
0x0000000076ad0000 - 0x0000000076adf000 	C:\Program Files\Java\jre1.8.0_25\bin\verify.dll
0x0000000076aa0000 - 0x0000000076ac8000 	C:\Program Files\Java\jre1.8.0_25\bin\java.dll
0x0000000076a80000 - 0x0000000076a96000 	C:\Program Files\Java\jre1.8.0_25\bin\zip.dll
0x0000000075db0000 - 0x0000000075f48000 	C:\Program Files\Java\jre1.8.0_25\bin\awt.dll
0x00007ff98c0f0000 - 0x00007ff98c1b1000 	C:\WINDOWS\system32\OLEAUT32.dll
0x00007ff987610000 - 0x00007ff987631000 	C:\WINDOWS\system32\DWMAPI.DLL
0x00007ff988130000 - 0x00007ff988259000 	C:\WINDOWS\system32\uxtheme.dll
0x00007ff9882b0000 - 0x00007ff9882bb000 	C:\WINDOWS\SYSTEM32\kernel.appcore.dll
0x00007ff989340000 - 0x00007ff98934b000 	C:\WINDOWS\SYSTEM32\CRYPTBASE.dll
0x00007ff9892d0000 - 0x00007ff989333000 	C:\WINDOWS\SYSTEM32\bcryptPrimitives.dll
0x00007ff97e8c0000 - 0x00007ff97eae1000 	C:\WINDOWS\system32\d3d9.dll
0x00007ff987180000 - 0x00007ff98718a000 	C:\WINDOWS\SYSTEM32\VERSION.dll
0x00007ff986970000 - 0x00007ff986abb000 	C:\WINDOWS\SYSTEM32\aticfx64.dll
0x00007ff965270000 - 0x00007ff965291000 	C:\WINDOWS\SYSTEM32\atiu9p64.dll
0x00007ff964a80000 - 0x00007ff965265000 	C:\WINDOWS\SYSTEM32\atiumd64.dll
0x0000000076110000 - 0x00000000768c7000 	C:\WINDOWS\SYSTEM32\atiumd6a.dll
0x00000000769f0000 - 0x0000000076a37000 	C:\Program Files\Java\jre1.8.0_25\bin\fontmanager.dll
0x00007ff988ce0000 - 0x00007ff988d00000 	C:\WINDOWS\SYSTEM32\CRYPTSP.dll
0x00007ff988900000 - 0x00007ff988936000 	C:\WINDOWS\system32\rsaenh.dll
0x00007ff988f90000 - 0x00007ff988fb6000 	C:\WINDOWS\SYSTEM32\bcrypt.dll
0x0000000076a60000 - 0x0000000076a7a000 	C:\Program Files\Java\jre1.8.0_25\bin\net.dll
0x00007ff988c80000 - 0x00007ff988cd9000 	C:\WINDOWS\system32\mswsock.dll
0x00007ff9860b0000 - 0x00007ff9860da000 	C:\WINDOWS\SYSTEM32\IPHLPAPI.DLL
0x00007ff986050000 - 0x00007ff98605a000 	C:\WINDOWS\SYSTEM32\WINNSI.DLL
0x00007ff9841e0000 - 0x00007ff9841f6000 	C:\WINDOWS\SYSTEM32\dhcpcsvc6.DLL
0x00007ff984380000 - 0x00007ff98439a000 	C:\WINDOWS\SYSTEM32\dhcpcsvc.DLL
0x0000000076a40000 - 0x0000000076a51000 	C:\Program Files\Java\jre1.8.0_25\bin\nio.dll
0x00000000637c0000 - 0x00000000637cd000 	S:\Users\Ben\AppData\Local\Temp\jogamp_0000\file_cache\jln7513717272024290646\jln8964769314546435866\gluegen-rt.dll
0x00000000769e0000 - 0x00000000769e7000 	C:\Program Files\Java\jre1.8.0_25\bin\jawt.dll
0x000000006a440000 - 0x000000006a44d000 	S:\Users\Ben\AppData\Local\Temp\jogamp_0000\file_cache\jln7513717272024290646\jln8964769314546435866\nativewindow_awt.dll
0x000000006c100000 - 0x000000006c10f000 	S:\Users\Ben\AppData\Local\Temp\jogamp_0000\file_cache\jln7513717272024290646\jln8964769314546435866\nativewindow_win32.dll
0x00007ff960620000 - 0x00007ff96074b000 	C:\WINDOWS\SYSTEM32\OpenGL32.dll
0x00007ff97d7c0000 - 0x00007ff97d7ee000 	C:\WINDOWS\SYSTEM32\GLU32.dll
0x00007ff966bf0000 - 0x00007ff966ce8000 	C:\WINDOWS\SYSTEM32\DDRAW.dll
0x00007ff980290000 - 0x00007ff980299000 	C:\WINDOWS\SYSTEM32\DCIMAN32.dll
0x0000000064500000 - 0x00000000645a2000 	S:\Users\Ben\AppData\Local\Temp\jogamp_0000\file_cache\jln7513717272024290646\jln8964769314546435866\jogl_desktop.dll
0x00007ff97d720000 - 0x00007ff97d738000 	C:\WINDOWS\SYSTEM32\atig6pxx.dll
0x0000000074200000 - 0x0000000075daf000 	C:\WINDOWS\SYSTEM32\atio6axx.dll
0x00007ff98bcf0000 - 0x00007ff98beca000 	C:\WINDOWS\system32\SETUPAPI.dll
0x00007ff986120000 - 0x00007ff986257000 	C:\WINDOWS\SYSTEM32\atiadlxx.dll
0x00007ff986710000 - 0x00007ff98688f000 	C:\WINDOWS\SYSTEM32\PROPSYS.dll
0x00007ff988080000 - 0x00007ff988092000 	C:\WINDOWS\SYSTEM32\WTSAPI32.dll
0x00007ff9898f0000 - 0x00007ff989941000 	C:\WINDOWS\system32\WINTRUST.dll
0x00007ff989540000 - 0x00007ff98971f000 	C:\WINDOWS\system32\CRYPT32.dll
0x00007ff989520000 - 0x00007ff989531000 	C:\WINDOWS\system32\MSASN1.dll
0x00007ff973720000 - 0x00007ff973749000 	C:\WINDOWS\SYSTEM32\atig6txx.dll
0x00007ff95c1a0000 - 0x00007ff95c33c000 	O:\OneDrive\Workspace\ZZavatar\lib\user\KinectPV2\Kinect20.Face.dll
0x00007ff97c900000 - 0x00007ff97c9a7000 	C:\WINDOWS\SYSTEM32\MSVCP110.dll
0x00007ff981bc0000 - 0x00007ff981c8e000 	C:\WINDOWS\SYSTEM32\MSVCR110.dll
0x00007ff980280000 - 0x00007ff980290000 	O:\OneDrive\Workspace\ZZavatar\lib\user\KinectPV2\KinectPV2.dll
0x00007ff960560000 - 0x00007ff96061a000 	C:\WINDOWS\SYSTEM32\Kinect20.dll
0x00007ff97ca30000 - 0x00007ff97cb1b000 	C:\WINDOWS\SYSTEM32\MFPlat.DLL
0x00007ff97c8a0000 - 0x00007ff97c8c7000 	C:\WINDOWS\SYSTEM32\RTWorkQ.DLL
0x00007ff987050000 - 0x00007ff98705c000 	C:\WINDOWS\SYSTEM32\AVRT.dll
0x00007ff963e10000 - 0x00007ff963f9a000 	C:\WINDOWS\SYSTEM32\dbghelp.dll

VM Arguments:
jvm_args: -Djava.library.path=O:\OneDrive\Workspace\ZZavatar\lib\base\video;O:\OneDrive\Workspace\ZZavatar\lib\base\video;O:\OneDrive\Workspace\ZZavatar\lib\base\video;O:\OneDrive\Workspace\ZZavatar\lib\base\core;O:\OneDrive\Workspace\ZZavatar\lib\base\core;O:\OneDrive\Workspace\ZZavatar\lib\base\core;O:\OneDrive\Workspace\ZZavatar\lib\base\core;O:\OneDrive\Workspace\ZZavatar\lib\base\core;O:\OneDrive\Workspace\ZZavatar\lib\base\core;O:\OneDrive\Workspace\ZZavatar\lib\base\core;O:\OneDrive\Workspace\ZZavatar\lib\base\core;O:\OneDrive\Workspace\ZZavatar\lib\base\core;O:\OneDrive\Workspace\ZZavatar\lib\base\core;O:\OneDrive\Workspace\ZZavatar\lib\base\core;O:\OneDrive\Workspace\ZZavatar\lib\base\core;O:\OneDrive\Workspace\ZZavatar\lib\base\core;O:\OneDrive\Workspace\ZZavatar\lib\base\core;O:\OneDrive\Workspace\ZZavatar\lib\base\core;O:\OneDrive\Workspace\ZZavatar\lib\user\Kinect4WinSDK;O:\OneDrive\Workspace\ZZavatar\lib\user\KinectPV2;O:\OneDrive\Workspace\ZZavatar\lib\user\SimpleOpenNI -Dfile.encoding=Cp1252 
java_command: zzavatar.ZZavatar
java_class_path (initial): O:\OneDrive\Workspace\ZZavatar\lib\base\video\gstreamer-java.jar;O:\OneDrive\Workspace\ZZavatar\lib\base\video\jna.jar;O:\OneDrive\Workspace\ZZavatar\lib\base\video\video.jar;O:\OneDrive\Workspace\ZZavatar\lib\base\core\core.jar;O:\OneDrive\Workspace\ZZavatar\lib\base\core\gluegen-rt-natives-linux-amd64.jar;O:\OneDrive\Workspace\ZZavatar\lib\base\core\gluegen-rt-natives-linux-armv6hf.jar;O:\OneDrive\Workspace\ZZavatar\lib\base\core\gluegen-rt-natives-linux-i586.jar;O:\OneDrive\Workspace\ZZavatar\lib\base\core\gluegen-rt-natives-macosx-universal.jar;O:\OneDrive\Workspace\ZZavatar\lib\base\core\gluegen-rt-natives-windows-amd64.jar;O:\OneDrive\Workspace\ZZavatar\lib\base\core\gluegen-rt-natives-windows-i586.jar;O:\OneDrive\Workspace\ZZavatar\lib\base\core\gluegen-rt.jar;O:\OneDrive\Workspace\ZZavatar\lib\base\core\jogl-all-natives-linux-amd64.jar;O:\OneDrive\Workspace\ZZavatar\lib\base\core\jogl-all-natives-linux-armv6hf.jar;O:\OneDrive\Workspace\ZZavatar\lib\base\core\jogl-all-natives-linux-i586.jar;O:\OneDrive\Workspace\ZZavatar\lib\base\core\jogl-all-natives-macosx-universal.jar;O:\OneDrive\Workspace\ZZavatar\lib\base\core\jogl-all-natives-windows-amd64.jar;O:\OneDrive\Workspace\ZZavatar\lib\base\core\jogl-all-natives-windows-i586.jar;O:\OneDrive\Workspace\ZZavatar\lib\base\core\jogl-all.jar;O:\OneDrive\Workspace\ZZavatar\lib\user\Kinect4WinSDK\Kinect4WinSDK.jar;O:\OneDrive\Workspace\ZZavatar\lib\user\KinectPV2\KinectPV2.jar;O:\OneDrive\Workspace\ZZavatar\lib\user\SimpleOpenNI\SimpleOpenNI.jar;O:\OneDrive\Workspace\ZZavatar\bin
Launcher Type: SUN_STANDARD

Environment Variables:
JAVA_HOME=C:\Program Files\Java\jdk1.8.0_25
PATH=C:/Program Files/Java/jre1.8.0_25/bin/server;C:/Program Files/Java/jre1.8.0_25/bin;C:/Program Files/Java/jre1.8.0_25/lib/amd64;C:\Program Files (x86)\NVIDIA Corporation\PhysX\Common;C:\ProgramData\Oracle\Java\javapath;C:\Program Files (x86)\Common Files\Intel\Shared Libraries\redist\intel64\compiler;C:\Program Files (x86)\Common Files\Intel\Shared Libraries\redist\ia32\compiler;C:\Program Files (x86)\Intel\iCLS Client\;C:\Program Files\Intel\iCLS Client\;C:\Program Files (x86)\AMD APP\bin\x86_64;C:\Program Files (x86)\AMD APP\bin\x86;C:\WINDOWS\system32;C:\WINDOWS;C:\WINDOWS\System32\Wbem;C:\WINDOWS\System32\WindowsPowerShell\v1.0\;C:\Program Files (x86)\ATI Technologies\ATI.ACE\Core-Static;C:\Program Files\Intel\Intel(R) Management Engine Components\DAL;C:\Program Files\Intel\Intel(R) Management Engine Components\IPT;C:\Program Files (x86)\Intel\Intel(R) Management Engine Components\DAL;C:\Program Files (x86)\Intel\Intel(R) Management Engine Components\IPT;C:\Program Files\Sony\VAIO Improvement\;C:\Program Files (x86)\Sony\VAIO Startup Setting Tool;C:\Program Files (x86)\Windows Kits\8.1\Windows Performance Toolkit\;C:\Program Files\Microsoft SQL Server\110\Tools\Binn\;C:\Program Files (x86)\Microsoft SDKs\TypeScript\1.0\;C:\Program Files\Microsoft\Web Platform Installer\;C:\Program Files (x86)\Java\jre1.8.0_25\bin;P:\Programs\Python27\Scripts;P:\Programs\Python27;C:\Program Files\Common Files\Autodesk Shared\;P:\Program Files\Programs;P:\Program Files\Games;P:\Programs\Eclipse;
USERNAME=Benoît
OS=Windows_NT
PROCESSOR_IDENTIFIER=Intel64 Family 6 Model 58 Stepping 9, GenuineIntel



---------------  S Y S T E M  ---------------

OS: Windows 8.1 , 64 bit Build 9600 

CPU:total 8 (4 cores per cpu, 2 threads per core) family 6 model 58 stepping 9, cmov, cx8, fxsr, mmx, sse, sse2, sse3, ssse3, sse4.1, sse4.2, popcnt, avx, aes, clmul, erms, ht, tsc, tscinvbit, tscinv

Memory: 4k page, physical 6237468k(1946116k free), swap 10431772k(3971304k free)

vm_info: Java HotSpot(TM) 64-Bit Server VM (25.25-b02) for windows-amd64 JRE (1.8.0_25-b18), built on Oct  7 2014 14:25:37 by "java_re" with MS VC++ 10.0 (VS2010)

time: Fri Apr 24 18:58:23 2015
elapsed time: 30 seconds (0d 0h 0m 30s)

