#
# A fatal error has been detected by the Java Runtime Environment:
#
#  EXCEPTION_ACCESS_VIOLATION (0xc0000005) at pc=0x00007ffedc7f4126, pid=2640, tid=6648
#
# JRE version: Java(TM) SE Runtime Environment (8.0_25-b18) (build 1.8.0_25-b18)
# Java VM: Java HotSpot(TM) 64-Bit Server VM (25.25-b02 mixed mode windows-amd64 compressed oops)
# Problematic frame:
# C  [KinectPV2.dll+0x4126]
#
# Failed to write core dump. Minidumps are not enabled by default on client versions of Windows
#
# If you would like to submit a bug report, please visit:
#   http://bugreport.sun.com/bugreport/crash.jsp
# The crash happened outside the Java Virtual Machine in native code.
# See problematic frame for where to report the bug.
#

---------------  T H R E A D  ---------------

Current thread (0x00000000198ae800):  JavaThread "Animation Thread" [_thread_in_native, id=6648, stack(0x000000001c920000,0x000000001ca20000)]

siginfo: ExceptionCode=0xc0000005, reading address 0xffffffffffffffff

Registers:
RAX=0x0000000000000001, RBX=0x000000002e6c4040, RCX=0x6e692e0000000000, RDX=0x0000000000000000
RSP=0x000000001ca1ea70, RBP=0x0000000000000006, RSI=0x0000000000000000, RDI=0x000000001faeeea8
R8 =0x000000001ca1e738, R9 =0x0000000000008000, R10=0x0000000000000000, R11=0x000000001ca1e970
R12=0x0000000000000000, R13=0x000000001fc6d198, R14=0x0000000000000000, R15=0x00000000198ae800
RIP=0x00007ffedc7f4126, EFLAGS=0x0000000000010206

Top of Stack: (sp=0x000000001ca1ea70)
0x000000001ca1ea70:   000000001faeee78 000000001f5f8098
0x000000001ca1ea80:   000000001faeee78 0000000000000000
0x000000001ca1ea90:   000000001ca1eb60 00007ffedc7f1fba
0x000000001ca1eaa0:   000000001ca1eb60 000000001ca1eb40
0x000000001ca1eab0:   00000000198ae9e8 0000000019829b40
0x000000001ca1eac0:   00000000a38ae3a0 0000000002815b74
0x000000001ca1ead0:   000000001fc6d198 0000000000000021
0x000000001ca1eae0:   0000000000000021 00000000198ae800
0x000000001ca1eaf0:   000000001ca1ebb8 00000000028158a2
0x000000001ca1eb00:   000000001ca1eb00 000000001fc6d198
0x000000001ca1eb10:   000000001ca1eb60 000000001fc6e128
0x000000001ca1eb20:   0000000000000000 000000001fc6d198
0x000000001ca1eb30:   0000000000000000 000000001ca1eb60
0x000000001ca1eb40:   000000001ca1eba8 0000000002807a2d
0x000000001ca1eb50:   0000000000000000 000000000280f6b8
0x000000001ca1eb60:   00000000a386aef0 000000001ca1eb68 

Instructions: (pc=0x00007ffedc7f4126)
0x00007ffedc7f4106:   8f 90 00 00 00 48 85 c9 74 0d 48 8b 01 ff 50 10
0x00007ffedc7f4116:   4c 89 b7 90 00 00 00 48 8b 4f 30 48 85 c9 74 0a
0x00007ffedc7f4126:   48 8b 01 ff 50 10 4c 89 77 30 48 8b 4f 60 48 85
0x00007ffedc7f4136:   c9 74 0a 48 8b 01 ff 50 10 4c 89 77 60 48 83 c7 


Register to memory mapping:

RAX=0x0000000000000001 is an unknown value
RBX=0x000000002e6c4040 is an unknown value
RCX=0x6e692e0000000000 is an unknown value
RDX=0x0000000000000000 is an unknown value
RSP=0x000000001ca1ea70 is pointing into the stack for thread: 0x00000000198ae800
RBP=0x0000000000000006 is an unknown value
RSI=0x0000000000000000 is an unknown value
RDI=0x000000001faeeea8 is an unknown value
R8 =0x000000001ca1e738 is pointing into the stack for thread: 0x00000000198ae800
R9 =0x0000000000008000 is an unknown value
R10=0x0000000000000000 is an unknown value
R11=0x000000001ca1e970 is pointing into the stack for thread: 0x00000000198ae800
R12=0x0000000000000000 is an unknown value
R13={method} {0x000000001fc6d1a0} 'jniStopDevice' '()V' in 'KinectPV2/Device'
R14=0x0000000000000000 is an unknown value
R15=0x00000000198ae800 is a thread


Stack: [0x000000001c920000,0x000000001ca20000],  sp=0x000000001ca1ea70,  free space=1018k
Native frames: (J=compiled Java code, j=interpreted, Vv=VM code, C=native code)
C  [KinectPV2.dll+0x4126]
C  [KinectPV2.dll+0x1fba]
C  0x0000000002815b74

Java frames: (J=compiled Java code, j=interpreted, Vv=VM code)
j  KinectPV2.Device.jniStopDevice()V+0
j  KinectPV2.Device.stopDevice()V+41
j  KinectPV2.KinectPV2.dispose()V+14
v  ~StubRoutines::call_stub
j  sun.reflect.NativeMethodAccessorImpl.invoke0(Ljava/lang/reflect/Method;Ljava/lang/Object;[Ljava/lang/Object;)Ljava/lang/Object;+0
j  sun.reflect.NativeMethodAccessorImpl.invoke(Ljava/lang/Object;[Ljava/lang/Object;)Ljava/lang/Object;+100
J 1770 C1 sun.reflect.DelegatingMethodAccessorImpl.invoke(Ljava/lang/Object;[Ljava/lang/Object;)Ljava/lang/Object; (10 bytes) @ 0x0000000002e71b44 [0x0000000002e71a40+0x104]
J 1769 C1 java.lang.reflect.Method.invoke(Ljava/lang/Object;[Ljava/lang/Object;)Ljava/lang/Object; (62 bytes) @ 0x0000000002e62924 [0x0000000002e62540+0x3e4]
j  processing.core.PApplet$RegisteredMethods.handle([Ljava/lang/Object;)V+18
J 1628 C1 processing.core.PApplet.handleMethods(Ljava/lang/String;)V (21 bytes) @ 0x0000000002e1d89c [0x0000000002e1d5e0+0x2bc]
j  processing.core.PApplet.dispose()V+35
j  processing.core.PApplet.run()V+283
j  java.lang.Thread.run()V+11
v  ~StubRoutines::call_stub

---------------  P R O C E S S  ---------------

Java Threads: ( => current thread )
  0x000000001dc7a800 JavaThread "Thread-4" [_thread_in_vm, id=4332, stack(0x000000002ee00000,0x000000002ef00000)]
  0x0000000019b09000 JavaThread "Animation Thread-SharedResourceRunner" daemon [_thread_blocked, id=2228, stack(0x000000001ebf0000,0x000000001ecf0000)]
  0x000000000259e800 JavaThread "DestroyJavaVM" [_thread_blocked, id=400, stack(0x00000000025a0000,0x00000000026a0000)]
  0x00000000198b0000 JavaThread "D3D Screen Updater" daemon [_thread_blocked, id=9224, stack(0x000000001cc20000,0x000000001cd20000)]
=>0x00000000198ae800 JavaThread "Animation Thread" [_thread_in_native, id=6648, stack(0x000000001c920000,0x000000001ca20000)]
  0x000000001981c800 JavaThread "AWT-EventQueue-0" [_thread_blocked, id=8016, stack(0x000000001c720000,0x000000001c820000)]
  0x00000000197e3000 JavaThread "AWT-Windows" daemon [_thread_in_native, id=6244, stack(0x000000001a0e0000,0x000000001a1e0000)]
  0x000000001891d800 JavaThread "AWT-Shutdown" [_thread_blocked, id=1348, stack(0x0000000019fe0000,0x000000001a0e0000)]
  0x00000000197e0000 JavaThread "Java2D Disposer" daemon [_thread_blocked, id=7744, stack(0x0000000019ee0000,0x0000000019fe0000)]
  0x00000000185e0800 JavaThread "Service Thread" daemon [_thread_blocked, id=9700, stack(0x0000000018f20000,0x0000000019020000)]
  0x000000001855c800 JavaThread "C1 CompilerThread3" daemon [_thread_blocked, id=8244, stack(0x0000000018e20000,0x0000000018f20000)]
  0x000000001855a000 JavaThread "C2 CompilerThread2" daemon [_thread_blocked, id=10008, stack(0x0000000018d20000,0x0000000018e20000)]
  0x0000000018553800 JavaThread "C2 CompilerThread1" daemon [_thread_in_native, id=6872, stack(0x0000000018c20000,0x0000000018d20000)]
  0x000000001854e000 JavaThread "C2 CompilerThread0" daemon [_thread_blocked, id=6472, stack(0x0000000018b20000,0x0000000018c20000)]
  0x0000000018547800 JavaThread "Attach Listener" daemon [_thread_blocked, id=2056, stack(0x0000000018a20000,0x0000000018b20000)]
  0x0000000018546800 JavaThread "Signal Dispatcher" daemon [_thread_blocked, id=9684, stack(0x0000000018920000,0x0000000018a20000)]
  0x00000000027fa000 JavaThread "Finalizer" daemon [_thread_blocked, id=7748, stack(0x0000000018420000,0x0000000018520000)]
  0x00000000027f1000 JavaThread "Reference Handler" daemon [_thread_blocked, id=5080, stack(0x0000000018320000,0x0000000018420000)]

Other Threads:
  0x0000000016549000 VMThread [stack: 0x0000000018220000,0x0000000018320000] [id=4296]
  0x00000000185ec000 WatcherThread [stack: 0x0000000019020000,0x0000000019120000] [id=3928]

VM state:not at safepoint (normal execution)

VM Mutex/Monitor currently owned by a thread: None

Heap:
 PSYoungGen      total 300032K, used 146316K [0x00000000e0400000, 0x00000000f3b00000, 0x0000000100000000)
  eden space 283648K, 51% used [0x00000000e0400000,0x00000000e92b3210,0x00000000f1900000)
  from space 16384K, 1% used [0x00000000f2b00000,0x00000000f2b30000,0x00000000f3b00000)
  to   space 17408K, 0% used [0x00000000f1900000,0x00000000f1900000,0x00000000f2a00000)
 ParOldGen       total 228352K, used 155563K [0x00000000a0c00000, 0x00000000aeb00000, 0x00000000e0400000)
  object space 228352K, 68% used [0x00000000a0c00000,0x00000000aa3eaea8,0x00000000aeb00000)
 Metaspace       used 17981K, capacity 18185K, committed 18432K, reserved 1067008K
  class space    used 1716K, capacity 1761K, committed 1792K, reserved 1048576K

Card table byte_map: [0x0000000011bc0000,0x0000000011ec0000] byte_map_base: 0x00000000116ba000

Marking Bits: (ParMarkBitMap*) 0x000000006ab8d490
 Begin Bits: [0x00000000128c0000, 0x0000000014090000)
 End Bits:   [0x0000000014090000, 0x0000000015860000)

Polling page: 0x0000000000e10000

CodeCache: size=245760Kb used=8428Kb max_used=8437Kb free=237331Kb
 bounds [0x0000000002800000, 0x0000000003050000, 0x0000000011800000]
 total_blobs=3170 nmethods=2299 adapters=785
 compilation: enabled

Compilation events (10 events):
Event: 33.173 Thread 0x000000001854e000 2305       4       processing.opengl.PJOGL::viewport (35 bytes)
Event: 33.174 Thread 0x000000001855a000 nmethod 2304 0x000000000290f0d0 code [0x000000000290f260, 0x000000000290f488]
Event: 33.176 Thread 0x0000000018553800 nmethod 2303 0x000000000303e850 code [0x000000000303e9c0, 0x000000000303ec98]
Event: 33.176 Thread 0x000000001854e000 nmethod 2305 0x000000000303e090 code [0x000000000303e220, 0x000000000303e4c8]
Event: 33.187 Thread 0x000000001855a000 2306       4       processing.opengl.PJOGL::clearDepth (11 bytes)
Event: 33.190 Thread 0x000000001855a000 nmethod 2306 0x00000000030399d0 code [0x0000000003039b80, 0x0000000003039e60]
Event: 33.635 Thread 0x000000001855c800 2307       3       sun.awt.AWTAccessor::getComponentAccessor (18 bytes)
Event: 33.635 Thread 0x000000001855c800 nmethod 2307 0x00000000028ff590 code [0x00000000028ff700, 0x00000000028ff948]
Event: 33.853 Thread 0x0000000018553800 2308   !   4       sun.awt.PostEventQueue::flush (168 bytes)
Event: 33.870 Thread 0x000000001854e000 2309       4       java.awt.Toolkit::getEventQueue (7 bytes)

GC Heap History (10 events):
Event: 29.675 GC heap before
{Heap before GC invocations=41 (full 3):
 PSYoungGen      total 305152K, used 275569K [0x00000000e0400000, 0x00000000f4500000, 0x0000000100000000)
  eden space 280576K, 98% used [0x00000000e0400000,0x00000000f10dc788,0x00000000f1600000)
  from space 24576K, 1% used [0x00000000f1600000,0x00000000f1640000,0x00000000f2e00000)
  to   space 23552K, 0% used [0x00000000f2e00000,0x00000000f2e00000,0x00000000f4500000)
 ParOldGen       total 228352K, used 155339K [0x00000000a0c00000, 0x00000000aeb00000, 0x00000000e0400000)
  object space 228352K, 68% used [0x00000000a0c00000,0x00000000aa3b2ea8,0x00000000aeb00000)
 Metaspace       used 17977K, capacity 18185K, committed 18432K, reserved 1067008K
  class space    used 1716K, capacity 1761K, committed 1792K, reserved 1048576K
Event: 29.676 GC heap after
Heap after GC invocations=41 (full 3):
 PSYoungGen      total 302080K, used 256K [0x00000000e0400000, 0x00000000f4200000, 0x0000000100000000)
  eden space 281600K, 0% used [0x00000000e0400000,0x00000000e0400000,0x00000000f1700000)
  from space 20480K, 1% used [0x00000000f2e00000,0x00000000f2e40000,0x00000000f4200000)
  to   space 22016K, 0% used [0x00000000f1700000,0x00000000f1700000,0x00000000f2c80000)
 ParOldGen       total 228352K, used 155387K [0x00000000a0c00000, 0x00000000aeb00000, 0x00000000e0400000)
  object space 228352K, 68% used [0x00000000a0c00000,0x00000000aa3beea8,0x00000000aeb00000)
 Metaspace       used 17977K, capacity 18185K, committed 18432K, reserved 1067008K
  class space    used 1716K, capacity 1761K, committed 1792K, reserved 1048576K
}
Event: 30.608 GC heap before
{Heap before GC invocations=42 (full 3):
 PSYoungGen      total 302080K, used 275597K [0x00000000e0400000, 0x00000000f4200000, 0x0000000100000000)
  eden space 281600K, 97% used [0x00000000e0400000,0x00000000f10e3480,0x00000000f1700000)
  from space 20480K, 1% used [0x00000000f2e00000,0x00000000f2e40000,0x00000000f4200000)
  to   space 22016K, 0% used [0x00000000f1700000,0x00000000f1700000,0x00000000f2c80000)
 ParOldGen       total 228352K, used 155387K [0x00000000a0c00000, 0x00000000aeb00000, 0x00000000e0400000)
  object space 228352K, 68% used [0x00000000a0c00000,0x00000000aa3beea8,0x00000000aeb00000)
 Metaspace       used 17977K, capacity 18185K, committed 18432K, reserved 1067008K
  class space    used 1716K, capacity 1761K, committed 1792K, reserved 1048576K
Event: 30.609 GC heap after
Heap after GC invocations=42 (full 3):
 PSYoungGen      total 303616K, used 256K [0x00000000e0400000, 0x00000000f4100000, 0x0000000100000000)
  eden space 281600K, 0% used [0x00000000e0400000,0x00000000e0400000,0x00000000f1700000)
  from space 22016K, 1% used [0x00000000f1700000,0x00000000f1740000,0x00000000f2c80000)
  to   space 20992K, 0% used [0x00000000f2c80000,0x00000000f2c80000,0x00000000f4100000)
 ParOldGen       total 228352K, used 155435K [0x00000000a0c00000, 0x00000000aeb00000, 0x00000000e0400000)
  object space 228352K, 68% used [0x00000000a0c00000,0x00000000aa3caea8,0x00000000aeb00000)
 Metaspace       used 17977K, capacity 18185K, committed 18432K, reserved 1067008K
  class space    used 1716K, capacity 1761K, committed 1792K, reserved 1048576K
}
Event: 31.542 GC heap before
{Heap before GC invocations=43 (full 3):
 PSYoungGen      total 303616K, used 275608K [0x00000000e0400000, 0x00000000f4100000, 0x0000000100000000)
  eden space 281600K, 97% used [0x00000000e0400000,0x00000000f10e62b0,0x00000000f1700000)
  from space 22016K, 1% used [0x00000000f1700000,0x00000000f1740000,0x00000000f2c80000)
  to   space 20992K, 0% used [0x00000000f2c80000,0x00000000f2c80000,0x00000000f4100000)
 ParOldGen       total 228352K, used 155435K [0x00000000a0c00000, 0x00000000aeb00000, 0x00000000e0400000)
  object space 228352K, 68% used [0x00000000a0c00000,0x00000000aa3caea8,0x00000000aeb00000)
 Metaspace       used 17977K, capacity 18185K, committed 18432K, reserved 1067008K
  class space    used 1716K, capacity 1761K, committed 1792K, reserved 1048576K
Event: 31.543 GC heap after
Heap after GC invocations=43 (full 3):
 PSYoungGen      total 300544K, used 224K [0x00000000e0400000, 0x00000000f3e00000, 0x0000000100000000)
  eden space 282624K, 0% used [0x00000000e0400000,0x00000000e0400000,0x00000000f1800000)
  from space 17920K, 1% used [0x00000000f2c80000,0x00000000f2cb8000,0x00000000f3e00000)
  to   space 19456K, 0% used [0x00000000f1800000,0x00000000f1800000,0x00000000f2b00000)
 ParOldGen       total 228352K, used 155483K [0x00000000a0c00000, 0x00000000aeb00000, 0x00000000e0400000)
  object space 228352K, 68% used [0x00000000a0c00000,0x00000000aa3d6ea8,0x00000000aeb00000)
 Metaspace       used 17977K, capacity 18185K, committed 18432K, reserved 1067008K
  class space    used 1716K, capacity 1761K, committed 1792K, reserved 1048576K
}
Event: 32.477 GC heap before
{Heap before GC invocations=44 (full 3):
 PSYoungGen      total 300544K, used 275578K [0x00000000e0400000, 0x00000000f3e00000, 0x0000000100000000)
  eden space 282624K, 97% used [0x00000000e0400000,0x00000000f10e6a00,0x00000000f1800000)
  from space 17920K, 1% used [0x00000000f2c80000,0x00000000f2cb8000,0x00000000f3e00000)
  to   space 19456K, 0% used [0x00000000f1800000,0x00000000f1800000,0x00000000f2b00000)
 ParOldGen       total 228352K, used 155483K [0x00000000a0c00000, 0x00000000aeb00000, 0x00000000e0400000)
  object space 228352K, 68% used [0x00000000a0c00000,0x00000000aa3d6ea8,0x00000000aeb00000)
 Metaspace       used 17977K, capacity 18185K, committed 18432K, reserved 1067008K
  class space    used 1716K, capacity 1761K, committed 1792K, reserved 1048576K
Event: 32.478 GC heap after
Heap after GC invocations=44 (full 3):
 PSYoungGen      total 302080K, used 192K [0x00000000e0400000, 0x00000000f3d00000, 0x0000000100000000)
  eden space 282624K, 0% used [0x00000000e0400000,0x00000000e0400000,0x00000000f1800000)
  from space 19456K, 0% used [0x00000000f1800000,0x00000000f1830000,0x00000000f2b00000)
  to   space 18432K, 0% used [0x00000000f2b00000,0x00000000f2b00000,0x00000000f3d00000)
 ParOldGen       total 228352K, used 155523K [0x00000000a0c00000, 0x00000000aeb00000, 0x00000000e0400000)
  object space 228352K, 68% used [0x00000000a0c00000,0x00000000aa3e0ea8,0x00000000aeb00000)
 Metaspace       used 17977K, capacity 18185K, committed 18432K, reserved 1067008K
  class space    used 1716K, capacity 1761K, committed 1792K, reserved 1048576K
}
Event: 33.409 GC heap before
{Heap before GC invocations=45 (full 3):
 PSYoungGen      total 302080K, used 275266K [0x00000000e0400000, 0x00000000f3d00000, 0x0000000100000000)
  eden space 282624K, 97% used [0x00000000e0400000,0x00000000f10a0a58,0x00000000f1800000)
  from space 19456K, 0% used [0x00000000f1800000,0x00000000f1830000,0x00000000f2b00000)
  to   space 18432K, 0% used [0x00000000f2b00000,0x00000000f2b00000,0x00000000f3d00000)
 ParOldGen       total 228352K, used 155523K [0x00000000a0c00000, 0x00000000aeb00000, 0x00000000e0400000)
  object space 228352K, 68% used [0x00000000a0c00000,0x00000000aa3e0ea8,0x00000000aeb00000)
 Metaspace       used 17977K, capacity 18185K, committed 18432K, reserved 1067008K
  class space    used 1716K, capacity 1761K, committed 1792K, reserved 1048576K
Event: 33.411 GC heap after
Heap after GC invocations=45 (full 3):
 PSYoungGen      total 300032K, used 192K [0x00000000e0400000, 0x00000000f3b00000, 0x0000000100000000)
  eden space 283648K, 0% used [0x00000000e0400000,0x00000000e0400000,0x00000000f1900000)
  from space 16384K, 1% used [0x00000000f2b00000,0x00000000f2b30000,0x00000000f3b00000)
  to   space 17408K, 0% used [0x00000000f1900000,0x00000000f1900000,0x00000000f2a00000)
 ParOldGen       total 228352K, used 155563K [0x00000000a0c00000, 0x00000000aeb00000, 0x00000000e0400000)
  object space 228352K, 68% used [0x00000000a0c00000,0x00000000aa3eaea8,0x00000000aeb00000)
 Metaspace       used 17977K, capacity 18185K, committed 18432K, reserved 1067008K
  class space    used 1716K, capacity 1761K, committed 1792K, reserved 1048576K
}

Deoptimization events (10 events):
Event: 25.038 Thread 0x000000001981c800 Uncommon trap: reason=speculate_class_check action=maybe_recompile pc=0x0000000003026788 method=com.jogamp.common.nio.Buffers.getDirectBufferByteOffset(Ljava/lang/Object;)I @ 31
Event: 25.038 Thread 0x000000001981c800 Uncommon trap: reason=speculate_class_check action=maybe_recompile pc=0x0000000003026788 method=com.jogamp.common.nio.Buffers.getDirectBufferByteOffset(Ljava/lang/Object;)I @ 31
Event: 25.471 Thread 0x000000001981c800 Uncommon trap: reason=speculate_class_check action=maybe_recompile pc=0x000000000302bba8 method=com.jogamp.common.nio.Buffers.getDirectBufferByteOffset(Ljava/lang/Object;)I @ 42
Event: 25.488 Thread 0x000000001981c800 Uncommon trap: reason=speculate_class_check action=maybe_recompile pc=0x000000000302bba8 method=com.jogamp.common.nio.Buffers.getDirectBufferByteOffset(Ljava/lang/Object;)I @ 42
Event: 33.497 Thread 0x00000000197e3000 Uncommon trap: reason=unreached action=reinterpret pc=0x0000000002e7b0e4 method=java.util.WeakHashMap.get(Ljava/lang/Object;)Ljava/lang/Object; @ 35
Event: 33.503 Thread 0x000000001981c800 Uncommon trap: reason=speculate_class_check action=maybe_recompile pc=0x0000000003043ec0 method=java.awt.EventQueue.coalesceEvent(Ljava/awt/AWTEvent;I)Z @ 53
Event: 33.503 Thread 0x000000001981c800 Uncommon trap: reason=speculate_class_check action=maybe_recompile pc=0x0000000003043ec0 method=java.awt.EventQueue.coalesceEvent(Ljava/awt/AWTEvent;I)Z @ 53
Event: 33.519 Thread 0x000000001981c800 Uncommon trap: reason=speculate_class_check action=maybe_recompile pc=0x0000000003043ec0 method=java.awt.EventQueue.coalesceEvent(Ljava/awt/AWTEvent;I)Z @ 53
Event: 33.536 Thread 0x000000001981c800 Uncommon trap: reason=speculate_class_check action=maybe_recompile pc=0x0000000003043ec0 method=java.awt.EventQueue.coalesceEvent(Ljava/awt/AWTEvent;I)Z @ 53
Event: 33.870 Thread 0x00000000198ae800 Uncommon trap: reason=unreached action=reinterpret pc=0x0000000002e95130 method=java.util.HashMap.keySet()Ljava/util/Set; @ 6

Internal exceptions (10 events):
Event: 2.900 Thread 0x000000001981c800 Exception <a 'java/security/PrivilegedActionException'> (0x00000000e58d3e60) thrown at [D:\re\workspace\8-2-build-windows-amd64-cygwin\jdk8u25\1677\hotspot\src\share\vm\prims\jvm.cpp, line 1312]
Event: 2.900 Thread 0x000000001981c800 Exception <a 'java/security/PrivilegedActionException'> (0x00000000e58d8268) thrown at [D:\re\workspace\8-2-build-windows-amd64-cygwin\jdk8u25\1677\hotspot\src\share\vm\prims\jvm.cpp, line 1312]
Event: 2.901 Thread 0x000000001981c800 Exception <a 'java/security/PrivilegedActionException'> (0x00000000e58dc650) thrown at [D:\re\workspace\8-2-build-windows-amd64-cygwin\jdk8u25\1677\hotspot\src\share\vm\prims\jvm.cpp, line 1312]
Event: 2.901 Thread 0x000000001981c800 Exception <a 'java/security/PrivilegedActionException'> (0x00000000e58e01a8) thrown at [D:\re\workspace\8-2-build-windows-amd64-cygwin\jdk8u25\1677\hotspot\src\share\vm\prims\jvm.cpp, line 1312]
Event: 2.901 Thread 0x000000001981c800 Exception <a 'java/security/PrivilegedActionException'> (0x00000000e58e49a8) thrown at [D:\re\workspace\8-2-build-windows-amd64-cygwin\jdk8u25\1677\hotspot\src\share\vm\prims\jvm.cpp, line 1312]
Event: 2.901 Thread 0x000000001981c800 Exception <a 'java/security/PrivilegedActionException'> (0x00000000e58e80e0) thrown at [D:\re\workspace\8-2-build-windows-amd64-cygwin\jdk8u25\1677\hotspot\src\share\vm\prims\jvm.cpp, line 1312]
Event: 2.902 Thread 0x000000001981c800 Exception <a 'java/security/PrivilegedActionException'> (0x00000000e58ec028) thrown at [D:\re\workspace\8-2-build-windows-amd64-cygwin\jdk8u25\1677\hotspot\src\share\vm\prims\jvm.cpp, line 1312]
Event: 2.902 Thread 0x000000001981c800 Exception <a 'java/security/PrivilegedActionException'> (0x00000000e58f1f38) thrown at [D:\re\workspace\8-2-build-windows-amd64-cygwin\jdk8u25\1677\hotspot\src\share\vm\prims\jvm.cpp, line 1312]
Event: 2.917 Thread 0x000000001981c800 Exception <a 'java/security/PrivilegedActionException'> (0x00000000e66fd1f0) thrown at [D:\re\workspace\8-2-build-windows-amd64-cygwin\jdk8u25\1677\hotspot\src\share\vm\prims\jvm.cpp, line 1312]
Event: 33.870 Thread 0x00000000198ae800 Implicit null exception at 0x0000000002e94e67 to 0x0000000002e95121

Events (10 events):
Event: 33.503 Thread 0x000000001981c800 DEOPT UNPACKING pc=0x000000000284556a sp=0x000000001c81ec30 mode 2
Event: 33.519 Thread 0x000000001981c800 Uncommon trap: trap_request=0xffffff76 fr.pc=0x0000000003043ec0
Event: 33.519 Thread 0x000000001981c800 DEOPT PACKING pc=0x0000000003043ec0 sp=0x000000001c81edc0
Event: 33.519 Thread 0x000000001981c800 DEOPT UNPACKING pc=0x000000000284556a sp=0x000000001c81ec30 mode 2
Event: 33.536 Thread 0x000000001981c800 Uncommon trap: trap_request=0xffffff76 fr.pc=0x0000000003043ec0
Event: 33.536 Thread 0x000000001981c800 DEOPT PACKING pc=0x0000000003043ec0 sp=0x000000001c81edc0
Event: 33.536 Thread 0x000000001981c800 DEOPT UNPACKING pc=0x000000000284556a sp=0x000000001c81ec30 mode 2
Event: 33.870 Thread 0x00000000198ae800 Uncommon trap: trap_request=0xffffffad fr.pc=0x0000000002e95130
Event: 33.870 Thread 0x00000000198ae800 DEOPT PACKING pc=0x0000000002e95130 sp=0x000000001ca1f3d0
Event: 33.870 Thread 0x00000000198ae800 DEOPT UNPACKING pc=0x000000000284556a sp=0x000000001ca1f328 mode 2


Dynamic libraries:
0x00007ff745f80000 - 0x00007ff745fb4000 	C:\Program Files\Java\jre1.8.0_25\bin\javaw.exe
0x00007ffee8210000 - 0x00007ffee83bc000 	C:\WINDOWS\SYSTEM32\ntdll.dll
0x00007ffee60e0000 - 0x00007ffee621e000 	C:\WINDOWS\system32\KERNEL32.DLL
0x00007ffee54e0000 - 0x00007ffee55f5000 	C:\WINDOWS\system32\KERNELBASE.dll
0x00007ffee3ee0000 - 0x00007ffee3f6e000 	C:\WINDOWS\system32\apphelp.dll
0x00007ffecebf0000 - 0x00007ffecec43000 	C:\WINDOWS\AppPatch\AppPatch64\AcGenral.DLL
0x00007ffee6010000 - 0x00007ffee60ba000 	C:\WINDOWS\system32\msvcrt.dll
0x00007ffee5190000 - 0x00007ffee51be000 	C:\WINDOWS\SYSTEM32\SspiCli.dll
0x00007ffee5fb0000 - 0x00007ffee6004000 	C:\WINDOWS\system32\SHLWAPI.dll
0x00007ffee7fd0000 - 0x00007ffee8147000 	C:\WINDOWS\system32\USER32.dll
0x00007ffee5bc0000 - 0x00007ffee5d54000 	C:\WINDOWS\system32\ole32.dll
0x00007ffee66a0000 - 0x00007ffee7bb8000 	C:\WINDOWS\system32\SHELL32.dll
0x00007ffee48f0000 - 0x00007ffee4911000 	C:\WINDOWS\SYSTEM32\USERENV.dll
0x00007ffee5e20000 - 0x00007ffee5eca000 	C:\WINDOWS\system32\ADVAPI32.dll
0x00007ffed7630000 - 0x00007ffed764e000 	C:\WINDOWS\SYSTEM32\MPR.dll
0x00007ffee63f0000 - 0x00007ffee6531000 	C:\WINDOWS\system32\RPCRT4.dll
0x00007ffee5ed0000 - 0x00007ffee5f29000 	C:\WINDOWS\SYSTEM32\sechost.dll
0x00007ffee7db0000 - 0x00007ffee7fc1000 	C:\WINDOWS\SYSTEM32\combase.dll
0x00007ffee6540000 - 0x00007ffee6691000 	C:\WINDOWS\system32\GDI32.dll
0x00007ffee5360000 - 0x00007ffee5375000 	C:\WINDOWS\SYSTEM32\profapi.dll
0x00007ffee3700000 - 0x00007ffee37b2000 	C:\WINDOWS\SYSTEM32\SHCORE.dll
0x00007ffee5a40000 - 0x00007ffee5a76000 	C:\WINDOWS\system32\IMM32.DLL
0x00007ffee6220000 - 0x00007ffee6372000 	C:\WINDOWS\system32\MSCTF.dll
0x00007ffee2a70000 - 0x00007ffee2ceb000 	C:\WINDOWS\WinSxS\amd64_microsoft.windows.common-controls_6595b64144ccf1df_6.0.9600.17415_none_6240486fecbd8abb\COMCTL32.dll
0x00000000696c0000 - 0x0000000069792000 	C:\Program Files\Java\jre1.8.0_25\bin\msvcr100.dll
0x000000006a3b0000 - 0x000000006ac0a000 	C:\Program Files\Java\jre1.8.0_25\bin\server\jvm.dll
0x00007ffecd2f0000 - 0x00007ffecd2f9000 	C:\WINDOWS\SYSTEM32\WSOCK32.dll
0x00007ffed77f0000 - 0x00007ffed7812000 	C:\WINDOWS\SYSTEM32\WINMM.dll
0x00007ffee7da0000 - 0x00007ffee7da7000 	C:\WINDOWS\system32\PSAPI.DLL
0x00007ffee5a80000 - 0x00007ffee5ada000 	C:\WINDOWS\system32\WS2_32.dll
0x00007ffed75d0000 - 0x00007ffed75fa000 	C:\WINDOWS\SYSTEM32\WINMMBASE.dll
0x00007ffee60d0000 - 0x00007ffee60d9000 	C:\WINDOWS\system32\NSI.dll
0x00007ffee5840000 - 0x00007ffee588f000 	C:\WINDOWS\SYSTEM32\cfgmgr32.dll
0x00007ffee4150000 - 0x00007ffee4178000 	C:\WINDOWS\SYSTEM32\DEVOBJ.dll
0x000000006b5e0000 - 0x000000006b5ef000 	C:\Program Files\Java\jre1.8.0_25\bin\verify.dll
0x000000006b5b0000 - 0x000000006b5d8000 	C:\Program Files\Java\jre1.8.0_25\bin\java.dll
0x000000006b590000 - 0x000000006b5a6000 	C:\Program Files\Java\jre1.8.0_25\bin\zip.dll
0x0000000069520000 - 0x00000000696b8000 	C:\Program Files\Java\jre1.8.0_25\bin\awt.dll
0x00007ffee5ae0000 - 0x00007ffee5ba1000 	C:\WINDOWS\system32\OLEAUT32.dll
0x00007ffee3500000 - 0x00007ffee3521000 	C:\WINDOWS\system32\DWMAPI.DLL
0x00007ffee3fd0000 - 0x00007ffee40f9000 	C:\WINDOWS\system32\uxtheme.dll
0x00007ffee41a0000 - 0x00007ffee41ab000 	C:\WINDOWS\SYSTEM32\kernel.appcore.dll
0x00007ffee5230000 - 0x00007ffee523b000 	C:\WINDOWS\SYSTEM32\CRYPTBASE.dll
0x00007ffee51c0000 - 0x00007ffee5223000 	C:\WINDOWS\SYSTEM32\bcryptPrimitives.dll
0x00007ffedaca0000 - 0x00007ffedaec1000 	C:\WINDOWS\system32\d3d9.dll
0x00007ffee3010000 - 0x00007ffee301a000 	C:\WINDOWS\SYSTEM32\VERSION.dll
0x00007ffee2870000 - 0x00007ffee29bb000 	C:\WINDOWS\SYSTEM32\aticfx64.dll
0x00007ffec0180000 - 0x00007ffec01a1000 	C:\WINDOWS\SYSTEM32\atiu9p64.dll
0x00007ffebed60000 - 0x00007ffebf545000 	C:\WINDOWS\SYSTEM32\atiumd64.dll
0x000000006acf0000 - 0x000000006b4a7000 	C:\WINDOWS\SYSTEM32\atiumd6a.dll
0x00000000694d0000 - 0x0000000069517000 	C:\Program Files\Java\jre1.8.0_25\bin\fontmanager.dll
0x00007ffee4d60000 - 0x00007ffee4d80000 	C:\WINDOWS\SYSTEM32\CRYPTSP.dll
0x00007ffee47e0000 - 0x00007ffee4816000 	C:\WINDOWS\system32\rsaenh.dll
0x00007ffee4e80000 - 0x00007ffee4ea6000 	C:\WINDOWS\SYSTEM32\bcrypt.dll
0x000000006b570000 - 0x000000006b58a000 	C:\Program Files\Java\jre1.8.0_25\bin\net.dll
0x00007ffee4b20000 - 0x00007ffee4b79000 	C:\WINDOWS\system32\mswsock.dll
0x00007ffee1080000 - 0x00007ffee10aa000 	C:\WINDOWS\SYSTEM32\IPHLPAPI.DLL
0x00007ffee2670000 - 0x00007ffee267a000 	C:\WINDOWS\SYSTEM32\WINNSI.DLL
0x00007ffee0160000 - 0x00007ffee0176000 	C:\WINDOWS\SYSTEM32\dhcpcsvc6.DLL
0x00007ffee02b0000 - 0x00007ffee02ca000 	C:\WINDOWS\SYSTEM32\dhcpcsvc.DLL
0x000000006a390000 - 0x000000006a3a1000 	C:\Program Files\Java\jre1.8.0_25\bin\nio.dll
0x00000000637c0000 - 0x00000000637cd000 	S:\Users\Ben\AppData\Local\Temp\jogamp_0000\file_cache\jln9172261961057752578\jln7914538150248325164\gluegen-rt.dll
0x00000000694c0000 - 0x00000000694c7000 	C:\Program Files\Java\jre1.8.0_25\bin\jawt.dll
0x000000001a240000 - 0x000000001a24d000 	S:\Users\Ben\AppData\Local\Temp\jogamp_0000\file_cache\jln9172261961057752578\jln7914538150248325164\nativewindow_awt.dll
0x000000006c100000 - 0x000000006c10f000 	S:\Users\Ben\AppData\Local\Temp\jogamp_0000\file_cache\jln9172261961057752578\jln7914538150248325164\nativewindow_win32.dll
0x00007ffeda9f0000 - 0x00007ffedab1b000 	C:\WINDOWS\SYSTEM32\OpenGL32.dll
0x00007ffedc550000 - 0x00007ffedc57e000 	C:\WINDOWS\SYSTEM32\GLU32.dll
0x00007ffecf530000 - 0x00007ffecf628000 	C:\WINDOWS\SYSTEM32\DDRAW.dll
0x00007ffee0d60000 - 0x00007ffee0d69000 	C:\WINDOWS\SYSTEM32\DCIMAN32.dll
0x0000000064500000 - 0x00000000645a2000 	S:\Users\Ben\AppData\Local\Temp\jogamp_0000\file_cache\jln9172261961057752578\jln7914538150248325164\jogl_desktop.dll
0x00007ffedc8d0000 - 0x00007ffedc8e8000 	C:\WINDOWS\SYSTEM32\atig6pxx.dll
0x0000000067910000 - 0x00000000694bf000 	C:\WINDOWS\SYSTEM32\atio6axx.dll
0x00007ffee7bc0000 - 0x00007ffee7d9a000 	C:\WINDOWS\system32\SETUPAPI.dll
0x00007ffee10e0000 - 0x00007ffee1217000 	C:\WINDOWS\SYSTEM32\atiadlxx.dll
0x00007ffee16b0000 - 0x00007ffee182f000 	C:\WINDOWS\SYSTEM32\PROPSYS.dll
0x00007ffee3f70000 - 0x00007ffee3f82000 	C:\WINDOWS\SYSTEM32\WTSAPI32.dll
0x00007ffee57e0000 - 0x00007ffee5831000 	C:\WINDOWS\system32\WINTRUST.dll
0x00007ffee5600000 - 0x00007ffee57df000 	C:\WINDOWS\system32\CRYPT32.dll
0x00007ffee5410000 - 0x00007ffee5421000 	C:\WINDOWS\system32\MSASN1.dll
0x00007ffeda9c0000 - 0x00007ffeda9e9000 	C:\WINDOWS\SYSTEM32\atig6txx.dll
0x00007ffecea00000 - 0x00007ffeceb9c000 	O:\OneDrive\Workspace\ZZavatar\lib\user\KinectPV2\Kinect20.Face.dll
0x00007ffed76f0000 - 0x00007ffed7797000 	C:\WINDOWS\SYSTEM32\MSVCP110.dll
0x00007ffeddd70000 - 0x00007ffedde3e000 	C:\WINDOWS\SYSTEM32\MSVCR110.dll
0x00007ffedc7f0000 - 0x00007ffedc800000 	O:\OneDrive\Workspace\ZZavatar\lib\user\KinectPV2\KinectPV2.dll
0x00007ffeda070000 - 0x00007ffeda12a000 	C:\WINDOWS\SYSTEM32\Kinect20.dll
0x00007ffed7820000 - 0x00007ffed790b000 	C:\WINDOWS\SYSTEM32\MFPlat.DLL
0x00007ffed7650000 - 0x00007ffed7677000 	C:\WINDOWS\SYSTEM32\RTWorkQ.DLL
0x00007ffee3130000 - 0x00007ffee313c000 	C:\WINDOWS\SYSTEM32\AVRT.dll
0x00007ffebeae0000 - 0x00007ffebec6a000 	C:\WINDOWS\SYSTEM32\dbghelp.dll

VM Arguments:
jvm_args: -Djava.library.path=O:\OneDrive\Workspace\ZZavatar\lib\base\video;O:\OneDrive\Workspace\ZZavatar\lib\base\video;O:\OneDrive\Workspace\ZZavatar\lib\base\video;O:\OneDrive\Workspace\ZZavatar\lib\base\core;O:\OneDrive\Workspace\ZZavatar\lib\base\core;O:\OneDrive\Workspace\ZZavatar\lib\base\core;O:\OneDrive\Workspace\ZZavatar\lib\base\core;O:\OneDrive\Workspace\ZZavatar\lib\base\core;O:\OneDrive\Workspace\ZZavatar\lib\base\core;O:\OneDrive\Workspace\ZZavatar\lib\base\core;O:\OneDrive\Workspace\ZZavatar\lib\base\core;O:\OneDrive\Workspace\ZZavatar\lib\base\core;O:\OneDrive\Workspace\ZZavatar\lib\base\core;O:\OneDrive\Workspace\ZZavatar\lib\base\core;O:\OneDrive\Workspace\ZZavatar\lib\base\core;O:\OneDrive\Workspace\ZZavatar\lib\base\core;O:\OneDrive\Workspace\ZZavatar\lib\base\core;O:\OneDrive\Workspace\ZZavatar\lib\base\core;O:\OneDrive\Workspace\ZZavatar\lib\user\Kinect4WinSDK;O:\OneDrive\Workspace\ZZavatar\lib\user\KinectPV2;O:\OneDrive\Workspace\ZZavatar\lib\user\SimpleOpenNI -Dfile.encoding=Cp1252 
java_command: zzavatar.ZZavatar
java_class_path (initial): O:\OneDrive\Workspace\ZZavatar\lib\base\video\gstreamer-java.jar;O:\OneDrive\Workspace\ZZavatar\lib\base\video\jna.jar;O:\OneDrive\Workspace\ZZavatar\lib\base\video\video.jar;O:\OneDrive\Workspace\ZZavatar\lib\base\core\core.jar;O:\OneDrive\Workspace\ZZavatar\lib\base\core\gluegen-rt-natives-linux-amd64.jar;O:\OneDrive\Workspace\ZZavatar\lib\base\core\gluegen-rt-natives-linux-armv6hf.jar;O:\OneDrive\Workspace\ZZavatar\lib\base\core\gluegen-rt-natives-linux-i586.jar;O:\OneDrive\Workspace\ZZavatar\lib\base\core\gluegen-rt-natives-macosx-universal.jar;O:\OneDrive\Workspace\ZZavatar\lib\base\core\gluegen-rt-natives-windows-amd64.jar;O:\OneDrive\Workspace\ZZavatar\lib\base\core\gluegen-rt-natives-windows-i586.jar;O:\OneDrive\Workspace\ZZavatar\lib\base\core\gluegen-rt.jar;O:\OneDrive\Workspace\ZZavatar\lib\base\core\jogl-all-natives-linux-amd64.jar;O:\OneDrive\Workspace\ZZavatar\lib\base\core\jogl-all-natives-linux-armv6hf.jar;O:\OneDrive\Workspace\ZZavatar\lib\base\core\jogl-all-natives-linux-i586.jar;O:\OneDrive\Workspace\ZZavatar\lib\base\core\jogl-all-natives-macosx-universal.jar;O:\OneDrive\Workspace\ZZavatar\lib\base\core\jogl-all-natives-windows-amd64.jar;O:\OneDrive\Workspace\ZZavatar\lib\base\core\jogl-all-natives-windows-i586.jar;O:\OneDrive\Workspace\ZZavatar\lib\base\core\jogl-all.jar;O:\OneDrive\Workspace\ZZavatar\lib\user\Kinect4WinSDK\Kinect4WinSDK.jar;O:\OneDrive\Workspace\ZZavatar\lib\user\KinectPV2\KinectPV2.jar;O:\OneDrive\Workspace\ZZavatar\lib\user\SimpleOpenNI\SimpleOpenNI.jar;O:\OneDrive\Workspace\ZZavatar\bin
Launcher Type: SUN_STANDARD

Environment Variables:
JAVA_HOME=C:\Program Files\Java\jdk1.8.0_25
PATH=C:/Program Files/Java/jre1.8.0_25/bin/server;C:/Program Files/Java/jre1.8.0_25/bin;C:/Program Files/Java/jre1.8.0_25/lib/amd64;C:\Program Files (x86)\NVIDIA Corporation\PhysX\Common;C:\ProgramData\Oracle\Java\javapath;C:\Program Files (x86)\Common Files\Intel\Shared Libraries\redist\intel64\compiler;C:\Program Files (x86)\Common Files\Intel\Shared Libraries\redist\ia32\compiler;C:\Program Files (x86)\Intel\iCLS Client\;C:\Program Files\Intel\iCLS Client\;C:\Program Files (x86)\AMD APP\bin\x86_64;C:\Program Files (x86)\AMD APP\bin\x86;C:\WINDOWS\system32;C:\WINDOWS;C:\WINDOWS\System32\Wbem;C:\WINDOWS\System32\WindowsPowerShell\v1.0\;C:\Program Files (x86)\ATI Technologies\ATI.ACE\Core-Static;C:\Program Files\Intel\Intel(R) Management Engine Components\DAL;C:\Program Files\Intel\Intel(R) Management Engine Components\IPT;C:\Program Files (x86)\Intel\Intel(R) Management Engine Components\DAL;C:\Program Files (x86)\Intel\Intel(R) Management Engine Components\IPT;C:\Program Files\Sony\VAIO Improvement\;C:\Program Files (x86)\Sony\VAIO Startup Setting Tool;C:\Program Files (x86)\Windows Kits\8.1\Windows Performance Toolkit\;C:\Program Files\Microsoft SQL Server\110\Tools\Binn\;C:\Program Files (x86)\Microsoft SDKs\TypeScript\1.0\;C:\Program Files\Microsoft\Web Platform Installer\;C:\Program Files (x86)\Java\jre1.8.0_25\bin;P:\Programs\Python27\Scripts;P:\Programs\Python27;C:\Program Files\Common Files\Autodesk Shared\;P:\Program Files\Programs;P:\Program Files\Games;P:\Programs\Eclipse;
USERNAME=Benoît
OS=Windows_NT
PROCESSOR_IDENTIFIER=Intel64 Family 6 Model 58 Stepping 9, GenuineIntel



---------------  S Y S T E M  ---------------

OS: Windows 8.1 , 64 bit Build 9600 

CPU:total 8 (4 cores per cpu, 2 threads per core) family 6 model 58 stepping 9, cmov, cx8, fxsr, mmx, sse, sse2, sse3, ssse3, sse4.1, sse4.2, popcnt, avx, aes, clmul, erms, ht, tsc, tscinvbit, tscinv

Memory: 4k page, physical 6237468k(1453276k free), swap 10431772k(3225692k free)

vm_info: Java HotSpot(TM) 64-Bit Server VM (25.25-b02) for windows-amd64 JRE (1.8.0_25-b18), built on Oct  7 2014 14:25:37 by "java_re" with MS VC++ 10.0 (VS2010)

time: Thu Apr 23 19:36:35 2015
elapsed time: 33 seconds (0d 0h 0m 33s)

