#
# A fatal error has been detected by the Java Runtime Environment:
#
#  EXCEPTION_ACCESS_VIOLATION (0xc0000005) at pc=0x00007ffedc7f4139, pid=5384, tid=1524
#
# JRE version: Java(TM) SE Runtime Environment (8.0_25-b18) (build 1.8.0_25-b18)
# Java VM: Java HotSpot(TM) 64-Bit Server VM (25.25-b02 mixed mode windows-amd64 compressed oops)
# Problematic frame:
# C  [KinectPV2.dll+0x4139]
#
# Failed to write core dump. Minidumps are not enabled by default on client versions of Windows
#
# If you would like to submit a bug report, please visit:
#   http://bugreport.sun.com/bugreport/crash.jsp
# The crash happened outside the Java Virtual Machine in native code.
# See problematic frame for where to report the bug.
#

---------------  T H R E A D  ---------------

Current thread (0x0000000019cc3000):  JavaThread "Animation Thread" [_thread_in_native, id=1524, stack(0x000000001cd60000,0x000000001ce60000)]

siginfo: ExceptionCode=0xc0000005, reading address 0xffffffffffffffff

Registers:
RAX=0x0000000000000001, RBX=0x000000002e3e7040, RCX=0x80002800447c25bf, RDX=0x0000000000000000
RSP=0x000000001ce5e680, RBP=0x0000000000000006, RSI=0x0000000000000000, RDI=0x000000001f6bf578
R8 =0x000000001ce5e348, R9 =0x0000000000008000, R10=0x0000000000000000, R11=0x000000001ce5e580
R12=0x0000000000000000, R13=0x000000001ca1ccb8, R14=0x0000000000000000, R15=0x0000000019cc3000
RIP=0x00007ffedc7f4139, EFLAGS=0x0000000000010282

Top of Stack: (sp=0x000000001ce5e680)
0x000000001ce5e680:   000000001f6bf548 000000001fc844a8
0x000000001ce5e690:   000000001f6bf548 0000000000000000
0x000000001ce5e6a0:   000000001ce5e770 00007ffedc7f1fba
0x000000001ce5e6b0:   000000001ce5e770 000000001ce5e750
0x000000001ce5e6c0:   0000000019cc31e8 0000000019c3b980
0x000000001ce5e6d0:   00000000a397a5e8 0000000002c45b74
0x000000001ce5e6e0:   000000001ca1ccb8 0000000000000021
0x000000001ce5e6f0:   0000000000000021 0000000019cc3000
0x000000001ce5e700:   000000001ce5e7c8 0000000002c458a2
0x000000001ce5e710:   000000001ce5e710 000000001ca1ccb8
0x000000001ce5e720:   000000001ce5e770 000000001ca1dc48
0x000000001ce5e730:   0000000000000000 000000001ca1ccb8
0x000000001ce5e740:   0000000000000000 000000001ce5e770
0x000000001ce5e750:   000000001ce5e7b8 0000000002c37a2d
0x000000001ce5e760:   0000000000000000 0000000002c3f6b8
0x000000001ce5e770:   00000000a387ae20 000000001ce5e778 

Instructions: (pc=0x00007ffedc7f4139)
0x00007ffedc7f4119:   90 00 00 00 48 8b 4f 30 48 85 c9 74 0a 48 8b 01
0x00007ffedc7f4129:   ff 50 10 4c 89 77 30 48 8b 4f 60 48 85 c9 74 0a
0x00007ffedc7f4139:   48 8b 01 ff 50 10 4c 89 77 60 48 83 c7 08 48 ff
0x00007ffedc7f4149:   cd 75 94 48 8b 5c 24 30 48 8b 6c 24 38 48 8b 74 


Register to memory mapping:

RAX=0x0000000000000001 is an unknown value
RBX=0x000000002e3e7040 is an unknown value
RCX=0x80002800447c25bf is an unknown value
RDX=0x0000000000000000 is an unknown value
RSP=0x000000001ce5e680 is pointing into the stack for thread: 0x0000000019cc3000
RBP=0x0000000000000006 is an unknown value
RSI=0x0000000000000000 is an unknown value
RDI=0x000000001f6bf578 is an unknown value
R8 =0x000000001ce5e348 is pointing into the stack for thread: 0x0000000019cc3000
R9 =0x0000000000008000 is an unknown value
R10=0x0000000000000000 is an unknown value
R11=0x000000001ce5e580 is pointing into the stack for thread: 0x0000000019cc3000
R12=0x0000000000000000 is an unknown value
R13={method} {0x000000001ca1ccc0} 'jniStopDevice' '()V' in 'KinectPV2/Device'
R14=0x0000000000000000 is an unknown value
R15=0x0000000019cc3000 is a thread


Stack: [0x000000001cd60000,0x000000001ce60000],  sp=0x000000001ce5e680,  free space=1017k
Native frames: (J=compiled Java code, j=interpreted, Vv=VM code, C=native code)
C  [KinectPV2.dll+0x4139]
C  [KinectPV2.dll+0x1fba]
C  0x0000000002c45b74

Java frames: (J=compiled Java code, j=interpreted, Vv=VM code)
j  KinectPV2.Device.jniStopDevice()V+0
j  KinectPV2.Device.stopDevice()V+41
j  KinectPV2.KinectPV2.dispose()V+14
v  ~StubRoutines::call_stub
j  sun.reflect.NativeMethodAccessorImpl.invoke0(Ljava/lang/reflect/Method;Ljava/lang/Object;[Ljava/lang/Object;)Ljava/lang/Object;+0
j  sun.reflect.NativeMethodAccessorImpl.invoke(Ljava/lang/Object;[Ljava/lang/Object;)Ljava/lang/Object;+100
J 2122 C1 sun.reflect.DelegatingMethodAccessorImpl.invoke(Ljava/lang/Object;[Ljava/lang/Object;)Ljava/lang/Object; (10 bytes) @ 0x00000000033b2d84 [0x00000000033b2c80+0x104]
J 2121 C1 java.lang.reflect.Method.invoke(Ljava/lang/Object;[Ljava/lang/Object;)Ljava/lang/Object; (62 bytes) @ 0x00000000033b27a4 [0x00000000033b23c0+0x3e4]
j  processing.core.PApplet$RegisteredMethods.handle([Ljava/lang/Object;)V+18
J 1897 C1 processing.core.PApplet.handleMethods(Ljava/lang/String;)V (21 bytes) @ 0x00000000032fd89c [0x00000000032fd5e0+0x2bc]
j  processing.core.PApplet.dispose()V+35
j  processing.core.PApplet.run()V+283
j  java.lang.Thread.run()V+11
v  ~StubRoutines::call_stub

---------------  P R O C E S S  ---------------

Java Threads: ( => current thread )
  0x0000000019fff800 JavaThread "Animation Thread-SharedResourceRunner" daemon [_thread_blocked, id=10216, stack(0x000000001c570000,0x000000001c670000)]
  0x0000000002b2e800 JavaThread "DestroyJavaVM" [_thread_blocked, id=9848, stack(0x00000000029f0000,0x0000000002af0000)]
  0x0000000019cb7000 JavaThread "D3D Screen Updater" daemon [_thread_blocked, id=9252, stack(0x000000001d060000,0x000000001d160000)]
=>0x0000000019cc3000 JavaThread "Animation Thread" [_thread_in_native, id=1524, stack(0x000000001cd60000,0x000000001ce60000)]
  0x0000000019c2e000 JavaThread "AWT-EventQueue-0" [_thread_blocked, id=9896, stack(0x000000001cb60000,0x000000001cc60000)]
  0x0000000018d9e000 JavaThread "AWT-Windows" daemon [_thread_in_native, id=7024, stack(0x000000001a500000,0x000000001a600000)]
  0x0000000018d9a800 JavaThread "AWT-Shutdown" [_thread_blocked, id=8888, stack(0x000000001a400000,0x000000001a500000)]
  0x0000000018d97800 JavaThread "Java2D Disposer" daemon [_thread_blocked, id=5580, stack(0x000000001a300000,0x000000001a400000)]
  0x0000000018a5c800 JavaThread "Service Thread" daemon [_thread_blocked, id=8488, stack(0x00000000193a0000,0x00000000194a0000)]
  0x00000000189dc000 JavaThread "C1 CompilerThread3" daemon [_thread_blocked, id=7276, stack(0x00000000192a0000,0x00000000193a0000)]
  0x00000000189d9800 JavaThread "C2 CompilerThread2" daemon [_thread_blocked, id=2232, stack(0x00000000191a0000,0x00000000192a0000)]
  0x00000000189d3000 JavaThread "C2 CompilerThread1" daemon [_thread_blocked, id=6840, stack(0x00000000190a0000,0x00000000191a0000)]
  0x00000000189c8800 JavaThread "C2 CompilerThread0" daemon [_thread_blocked, id=9752, stack(0x0000000018fa0000,0x00000000190a0000)]
  0x00000000189c6000 JavaThread "Attach Listener" daemon [_thread_blocked, id=6140, stack(0x0000000018ea0000,0x0000000018fa0000)]
  0x00000000189c5000 JavaThread "Signal Dispatcher" daemon [_thread_blocked, id=5916, stack(0x0000000018da0000,0x0000000018ea0000)]
  0x0000000002c28800 JavaThread "Finalizer" daemon [_thread_blocked, id=4296, stack(0x0000000018890000,0x0000000018990000)]
  0x000000001699c800 JavaThread "Reference Handler" daemon [_thread_blocked, id=4448, stack(0x0000000018790000,0x0000000018890000)]

Other Threads:
  0x0000000016998800 VMThread [stack: 0x0000000018690000,0x0000000018790000] [id=4796]
  0x0000000018a60800 WatcherThread [stack: 0x00000000194a0000,0x00000000195a0000] [id=9540]

VM state:not at safepoint (normal execution)

VM Mutex/Monitor currently owned by a thread: None

Heap:
 PSYoungGen      total 339456K, used 55879K [0x00000000e0400000, 0x00000000f8f00000, 0x0000000100000000)
  eden space 291840K, 19% used [0x00000000e0400000,0x00000000e3a59fa0,0x00000000f2100000)
  from space 47616K, 0% used [0x00000000f6080000,0x00000000f60b8000,0x00000000f8f00000)
  to   space 56320K, 0% used [0x00000000f2100000,0x00000000f2100000,0x00000000f5800000)
 ParOldGen       total 224256K, used 155426K [0x00000000a0c00000, 0x00000000ae700000, 0x00000000e0400000)
  object space 224256K, 69% used [0x00000000a0c00000,0x00000000aa3c8ac0,0x00000000ae700000)
 Metaspace       used 18290K, capacity 18473K, committed 18816K, reserved 1067008K
  class space    used 1756K, capacity 1793K, committed 1920K, reserved 1048576K

Card table byte_map: [0x0000000011ff0000,0x00000000122f0000] byte_map_base: 0x0000000011aea000

Marking Bits: (ParMarkBitMap*) 0x000000006ab8d490
 Begin Bits: [0x0000000012cf0000, 0x00000000144c0000)
 End Bits:   [0x00000000144c0000, 0x0000000015c90000)

Polling page: 0x0000000002af0000

CodeCache: size=245760Kb used=8158Kb max_used=8158Kb free=237601Kb
 bounds [0x0000000002c30000, 0x0000000003430000, 0x0000000011c30000]
 total_blobs=3159 nmethods=2277 adapters=796
 compilation: enabled

Compilation events (10 events):
Event: 9.176 Thread 0x00000000189dc000 2274       3       java.awt.EventQueue$3::run (60 bytes)
Event: 9.176 Thread 0x00000000189dc000 nmethod 2274 0x0000000003428a90 code [0x0000000003428c40, 0x00000000034290f8]
Event: 9.176 Thread 0x00000000189dc000 2275       3       java.awt.EventQueue::access$400 (7 bytes)
Event: 9.177 Thread 0x00000000189dc000 nmethod 2275 0x00000000034286d0 code [0x0000000003428840, 0x00000000034289a8]
Event: 9.177 Thread 0x00000000189dc000 2276       3       java.awt.EventQueue::dispatchEventImpl (149 bytes)
Event: 9.178 Thread 0x00000000189dc000 nmethod 2276 0x000000000342b090 code [0x000000000342b3c0, 0x000000000342d058]
Event: 9.209 Thread 0x00000000189dc000 2277   !   3       java.awt.EventQueue::getNextEvent (84 bytes)
Event: 9.209 Thread 0x00000000189dc000 nmethod 2277 0x0000000003427690 code [0x00000000034278a0, 0x0000000003428248]
Event: 9.209 Thread 0x00000000189dc000 2278       3       java.awt.EventDispatchThread$HierarchyEventFilter::acceptEvent (225 bytes)
Event: 9.210 Thread 0x00000000189dc000 nmethod 2278 0x000000000342d910 code [0x000000000342db40, 0x000000000342ed48]

GC Heap History (10 events):
Event: 5.571 GC heap before
{Heap before GC invocations=15 (full 3):
 PSYoungGen      total 238592K, used 172992K [0x00000000e0400000, 0x00000000f5b80000, 0x0000000100000000)
  eden space 179200K, 96% used [0x00000000e0400000,0x00000000eac40050,0x00000000eb300000)
  from space 59392K, 1% used [0x00000000eb300000,0x00000000eb3b0000,0x00000000eed00000)
  to   space 60416K, 0% used [0x00000000f2080000,0x00000000f2080000,0x00000000f5b80000)
 ParOldGen       total 224256K, used 154834K [0x00000000a0c00000, 0x00000000ae700000, 0x00000000e0400000)
  object space 224256K, 69% used [0x00000000a0c00000,0x00000000aa334aa0,0x00000000ae700000)
 Metaspace       used 18039K, capacity 18209K, committed 18560K, reserved 1067008K
  class space    used 1756K, capacity 1793K, committed 1920K, reserved 1048576K
Event: 5.572 GC heap after
Heap after GC invocations=15 (full 3):
 PSYoungGen      total 276992K, used 96K [0x00000000e0400000, 0x00000000f5480000, 0x0000000100000000)
  eden space 223744K, 0% used [0x00000000e0400000,0x00000000e0400000,0x00000000ede80000)
  from space 53248K, 0% used [0x00000000f2080000,0x00000000f2098000,0x00000000f5480000)
  to   space 60416K, 0% used [0x00000000ede80000,0x00000000ede80000,0x00000000f1980000)
 ParOldGen       total 224256K, used 155402K [0x00000000a0c00000, 0x00000000ae700000, 0x00000000e0400000)
  object space 224256K, 69% used [0x00000000a0c00000,0x00000000aa3c2ac0,0x00000000ae700000)
 Metaspace       used 18039K, capacity 18209K, committed 18560K, reserved 1067008K
  class space    used 1756K, capacity 1793K, committed 1920K, reserved 1048576K
}
Event: 6.370 GC heap before
{Heap before GC invocations=16 (full 3):
 PSYoungGen      total 276992K, used 216549K [0x00000000e0400000, 0x00000000f5480000, 0x0000000100000000)
  eden space 223744K, 96% used [0x00000000e0400000,0x00000000ed7616e8,0x00000000ede80000)
  from space 53248K, 0% used [0x00000000f2080000,0x00000000f2098000,0x00000000f5480000)
  to   space 60416K, 0% used [0x00000000ede80000,0x00000000ede80000,0x00000000f1980000)
 ParOldGen       total 224256K, used 155402K [0x00000000a0c00000, 0x00000000ae700000, 0x00000000e0400000)
  object space 224256K, 69% used [0x00000000a0c00000,0x00000000aa3c2ac0,0x00000000ae700000)
 Metaspace       used 18079K, capacity 18273K, committed 18560K, reserved 1067008K
  class space    used 1756K, capacity 1793K, committed 1920K, reserved 1048576K
Event: 6.371 GC heap after
Heap after GC invocations=16 (full 3):
 PSYoungGen      total 284160K, used 128K [0x00000000e0400000, 0x00000000f8100000, 0x0000000100000000)
  eden space 223744K, 0% used [0x00000000e0400000,0x00000000e0400000,0x00000000ede80000)
  from space 60416K, 0% used [0x00000000ede80000,0x00000000edea0000,0x00000000f1980000)
  to   space 59904K, 0% used [0x00000000f4680000,0x00000000f4680000,0x00000000f8100000)
 ParOldGen       total 224256K, used 155410K [0x00000000a0c00000, 0x00000000ae700000, 0x00000000e0400000)
  object space 224256K, 69% used [0x00000000a0c00000,0x00000000aa3c4ac0,0x00000000ae700000)
 Metaspace       used 18079K, capacity 18273K, committed 18560K, reserved 1067008K
  class space    used 1756K, capacity 1793K, committed 1920K, reserved 1048576K
}
Event: 7.172 GC heap before
{Heap before GC invocations=17 (full 3):
 PSYoungGen      total 284160K, used 216983K [0x00000000e0400000, 0x00000000f8100000, 0x0000000100000000)
  eden space 223744K, 96% used [0x00000000e0400000,0x00000000ed7c5ee8,0x00000000ede80000)
  from space 60416K, 0% used [0x00000000ede80000,0x00000000edea0000,0x00000000f1980000)
  to   space 59904K, 0% used [0x00000000f4680000,0x00000000f4680000,0x00000000f8100000)
 ParOldGen       total 224256K, used 155410K [0x00000000a0c00000, 0x00000000ae700000, 0x00000000e0400000)
  object space 224256K, 69% used [0x00000000a0c00000,0x00000000aa3c4ac0,0x00000000ae700000)
 Metaspace       used 18120K, capacity 18337K, committed 18560K, reserved 1067008K
  class space    used 1756K, capacity 1793K, committed 1920K, reserved 1048576K
Event: 7.173 GC heap after
Heap after GC invocations=17 (full 3):
 PSYoungGen      total 312832K, used 128K [0x00000000e0400000, 0x00000000f7800000, 0x0000000100000000)
  eden space 262144K, 0% used [0x00000000e0400000,0x00000000e0400000,0x00000000f0400000)
  from space 50688K, 0% used [0x00000000f4680000,0x00000000f46a0000,0x00000000f7800000)
  to   space 59392K, 0% used [0x00000000f0400000,0x00000000f0400000,0x00000000f3e00000)
 ParOldGen       total 224256K, used 155410K [0x00000000a0c00000, 0x00000000ae700000, 0x00000000e0400000)
  object space 224256K, 69% used [0x00000000a0c00000,0x00000000aa3c4ac0,0x00000000ae700000)
 Metaspace       used 18120K, capacity 18337K, committed 18560K, reserved 1067008K
  class space    used 1756K, capacity 1793K, committed 1920K, reserved 1048576K
}
Event: 8.139 GC heap before
{Heap before GC invocations=18 (full 3):
 PSYoungGen      total 312832K, used 261456K [0x00000000e0400000, 0x00000000f7800000, 0x0000000100000000)
  eden space 262144K, 99% used [0x00000000e0400000,0x00000000f0334278,0x00000000f0400000)
  from space 50688K, 0% used [0x00000000f4680000,0x00000000f46a0000,0x00000000f7800000)
  to   space 59392K, 0% used [0x00000000f0400000,0x00000000f0400000,0x00000000f3e00000)
 ParOldGen       total 224256K, used 155410K [0x00000000a0c00000, 0x00000000ae700000, 0x00000000e0400000)
  object space 224256K, 69% used [0x00000000a0c00000,0x00000000aa3c4ac0,0x00000000ae700000)
 Metaspace       used 18178K, capacity 18345K, committed 18560K, reserved 1067008K
  class space    used 1756K, capacity 1793K, committed 1920K, reserved 1048576K
Event: 8.140 GC heap after
Heap after GC invocations=18 (full 3):
 PSYoungGen      total 321536K, used 160K [0x00000000e0400000, 0x00000000f9900000, 0x0000000100000000)
  eden space 262144K, 0% used [0x00000000e0400000,0x00000000e0400000,0x00000000f0400000)
  from space 59392K, 0% used [0x00000000f0400000,0x00000000f0428000,0x00000000f3e00000)
  to   space 57856K, 0% used [0x00000000f6080000,0x00000000f6080000,0x00000000f9900000)
 ParOldGen       total 224256K, used 155418K [0x00000000a0c00000, 0x00000000ae700000, 0x00000000e0400000)
  object space 224256K, 69% used [0x00000000a0c00000,0x00000000aa3c6ac0,0x00000000ae700000)
 Metaspace       used 18178K, capacity 18345K, committed 18560K, reserved 1067008K
  class space    used 1756K, capacity 1793K, committed 1920K, reserved 1048576K
}
Event: 9.103 GC heap before
{Heap before GC invocations=19 (full 3):
 PSYoungGen      total 321536K, used 261180K [0x00000000e0400000, 0x00000000f9900000, 0x0000000100000000)
  eden space 262144K, 99% used [0x00000000e0400000,0x00000000f02e7250,0x00000000f0400000)
  from space 59392K, 0% used [0x00000000f0400000,0x00000000f0428000,0x00000000f3e00000)
  to   space 57856K, 0% used [0x00000000f6080000,0x00000000f6080000,0x00000000f9900000)
 ParOldGen       total 224256K, used 155418K [0x00000000a0c00000, 0x00000000ae700000, 0x00000000e0400000)
  object space 224256K, 69% used [0x00000000a0c00000,0x00000000aa3c6ac0,0x00000000ae700000)
 Metaspace       used 18281K, capacity 18473K, committed 18816K, reserved 1067008K
  class space    used 1756K, capacity 1793K, committed 1920K, reserved 1048576K
Event: 9.104 GC heap after
Heap after GC invocations=19 (full 3):
 PSYoungGen      total 339456K, used 224K [0x00000000e0400000, 0x00000000f8f00000, 0x0000000100000000)
  eden space 291840K, 0% used [0x00000000e0400000,0x00000000e0400000,0x00000000f2100000)
  from space 47616K, 0% used [0x00000000f6080000,0x00000000f60b8000,0x00000000f8f00000)
  to   space 56320K, 0% used [0x00000000f2100000,0x00000000f2100000,0x00000000f5800000)
 ParOldGen       total 224256K, used 155426K [0x00000000a0c00000, 0x00000000ae700000, 0x00000000e0400000)
  object space 224256K, 69% used [0x00000000a0c00000,0x00000000aa3c8ac0,0x00000000ae700000)
 Metaspace       used 18281K, capacity 18473K, committed 18816K, reserved 1067008K
  class space    used 1756K, capacity 1793K, committed 1920K, reserved 1048576K
}

Deoptimization events (10 events):
Event: 2.638 Thread 0x0000000019c2e000 Uncommon trap: reason=class_check action=maybe_recompile pc=0x0000000002f40784 method=com.jogamp.common.nio.Buffers.getDirectBufferByteOffset(Ljava/lang/Object;)I @ 7
Event: 2.638 Thread 0x0000000019c2e000 Uncommon trap: reason=predicate action=maybe_recompile pc=0x0000000003032484 method=java.util.ArrayList.indexOf(Ljava/lang/Object;)I @ 44
Event: 2.659 Thread 0x0000000019c2e000 Uncommon trap: reason=class_check action=maybe_recompile pc=0x0000000002f43480 method=com.jogamp.common.nio.Buffers.isDirect(Ljava/lang/Object;)Z @ 13
Event: 2.659 Thread 0x0000000019c2e000 Uncommon trap: reason=class_check action=maybe_recompile pc=0x0000000002f40784 method=com.jogamp.common.nio.Buffers.getDirectBufferByteOffset(Ljava/lang/Object;)I @ 7
Event: 3.130 Thread 0x0000000019c2e000 Uncommon trap: reason=unreached action=reinterpret pc=0x0000000003036d80 method=processing.opengl.PGraphicsOpenGL$InGeometry.addVertex(FFFIFFFFFIFIIIFIZ)I @ 218
Event: 3.343 Thread 0x0000000019c2e000 Uncommon trap: reason=unreached action=reinterpret pc=0x0000000002ef9bb0 method=java.lang.reflect.AccessibleObject.setAccessible0(Ljava/lang/reflect/AccessibleObject;Z)V @ 4
Event: 4.523 Thread 0x0000000019c2e000 Uncommon trap: reason=class_check action=maybe_recompile pc=0x0000000002e242e8 method=java.lang.String.equals(Ljava/lang/Object;)Z @ 8
Event: 4.523 Thread 0x0000000019c2e000 Uncommon trap: reason=class_check action=maybe_recompile pc=0x0000000002e242e8 method=java.lang.String.equals(Ljava/lang/Object;)Z @ 8
Event: 4.523 Thread 0x0000000019c2e000 Uncommon trap: reason=class_check action=maybe_recompile pc=0x0000000002e242e8 method=java.lang.String.equals(Ljava/lang/Object;)Z @ 8
Event: 4.523 Thread 0x0000000019c2e000 Uncommon trap: reason=class_check action=maybe_recompile pc=0x0000000002e242e8 method=java.lang.String.equals(Ljava/lang/Object;)Z @ 8

Internal exceptions (10 events):
Event: 2.954 Thread 0x0000000019c2e000 Exception <a 'java/security/PrivilegedActionException'> (0x00000000e2362ce8) thrown at [D:\re\workspace\8-2-build-windows-amd64-cygwin\jdk8u25\1677\hotspot\src\share\vm\prims\jvm.cpp, line 1312]
Event: 2.954 Thread 0x0000000019c2e000 Exception <a 'java/security/PrivilegedActionException'> (0x00000000e2366840) thrown at [D:\re\workspace\8-2-build-windows-amd64-cygwin\jdk8u25\1677\hotspot\src\share\vm\prims\jvm.cpp, line 1312]
Event: 2.955 Thread 0x0000000019c2e000 Exception <a 'java/security/PrivilegedActionException'> (0x00000000e236b040) thrown at [D:\re\workspace\8-2-build-windows-amd64-cygwin\jdk8u25\1677\hotspot\src\share\vm\prims\jvm.cpp, line 1312]
Event: 2.955 Thread 0x0000000019c2e000 Exception <a 'java/security/PrivilegedActionException'> (0x00000000e236e778) thrown at [D:\re\workspace\8-2-build-windows-amd64-cygwin\jdk8u25\1677\hotspot\src\share\vm\prims\jvm.cpp, line 1312]
Event: 2.955 Thread 0x0000000019c2e000 Exception <a 'java/security/PrivilegedActionException'> (0x00000000e23726c0) thrown at [D:\re\workspace\8-2-build-windows-amd64-cygwin\jdk8u25\1677\hotspot\src\share\vm\prims\jvm.cpp, line 1312]
Event: 2.956 Thread 0x0000000019c2e000 Exception <a 'java/security/PrivilegedActionException'> (0x00000000e23785d0) thrown at [D:\re\workspace\8-2-build-windows-amd64-cygwin\jdk8u25\1677\hotspot\src\share\vm\prims\jvm.cpp, line 1312]
Event: 2.972 Thread 0x0000000019c2e000 Exception <a 'java/security/PrivilegedActionException'> (0x00000000e248e1e8) thrown at [D:\re\workspace\8-2-build-windows-amd64-cygwin\jdk8u25\1677\hotspot\src\share\vm\prims\jvm.cpp, line 1312]
Event: 4.536 Thread 0x0000000019c2e000 Exception <a 'java/security/PrivilegedActionException'> (0x00000000e471bb80) thrown at [D:\re\workspace\8-2-build-windows-amd64-cygwin\jdk8u25\1677\hotspot\src\share\vm\prims\jvm.cpp, line 1312]
Event: 4.546 Thread 0x0000000019c2e000 Exception <a 'java/security/PrivilegedActionException'> (0x00000000e47286d8) thrown at [D:\re\workspace\8-2-build-windows-amd64-cygwin\jdk8u25\1677\hotspot\src\share\vm\prims\jvm.cpp, line 1312]
Event: 4.576 Thread 0x0000000019c2e000 Exception <a 'java/security/PrivilegedActionException'> (0x00000000e4731798) thrown at [D:\re\workspace\8-2-build-windows-amd64-cygwin\jdk8u25\1677\hotspot\src\share\vm\prims\jvm.cpp, line 1312]

Events (10 events):
Event: 6.372 Executing VM operation: ParallelGCFailedAllocation done
Event: 7.172 Executing VM operation: ParallelGCFailedAllocation
Event: 7.173 Executing VM operation: ParallelGCFailedAllocation done
Event: 7.553 Thread 0x000000001e431800 Thread exited: 0x000000001e431800
Event: 7.554 Thread 0x0000000019c48000 Thread exited: 0x0000000019c48000
Event: 8.139 Executing VM operation: ParallelGCFailedAllocation
Event: 8.140 Executing VM operation: ParallelGCFailedAllocation done
Event: 9.103 Executing VM operation: ParallelGCFailedAllocation
Event: 9.104 Executing VM operation: ParallelGCFailedAllocation done
Event: 9.280 Thread 0x0000000019caa800 Thread exited: 0x0000000019caa800


Dynamic libraries:
0x00007ff745f80000 - 0x00007ff745fb4000 	C:\Program Files\Java\jre1.8.0_25\bin\javaw.exe
0x00007ffee8210000 - 0x00007ffee83bc000 	C:\WINDOWS\SYSTEM32\ntdll.dll
0x00007ffee60e0000 - 0x00007ffee621e000 	C:\WINDOWS\system32\KERNEL32.DLL
0x00007ffee54e0000 - 0x00007ffee55f5000 	C:\WINDOWS\system32\KERNELBASE.dll
0x00007ffee3ee0000 - 0x00007ffee3f6e000 	C:\WINDOWS\system32\apphelp.dll
0x00007ffecebf0000 - 0x00007ffecec43000 	C:\WINDOWS\AppPatch\AppPatch64\AcGenral.DLL
0x00007ffee6010000 - 0x00007ffee60ba000 	C:\WINDOWS\system32\msvcrt.dll
0x00007ffee5190000 - 0x00007ffee51be000 	C:\WINDOWS\SYSTEM32\SspiCli.dll
0x00007ffee5fb0000 - 0x00007ffee6004000 	C:\WINDOWS\system32\SHLWAPI.dll
0x00007ffee7fd0000 - 0x00007ffee8147000 	C:\WINDOWS\system32\USER32.dll
0x00007ffee5bc0000 - 0x00007ffee5d54000 	C:\WINDOWS\system32\ole32.dll
0x00007ffee66a0000 - 0x00007ffee7bb8000 	C:\WINDOWS\system32\SHELL32.dll
0x00007ffee48f0000 - 0x00007ffee4911000 	C:\WINDOWS\SYSTEM32\USERENV.dll
0x00007ffee5e20000 - 0x00007ffee5eca000 	C:\WINDOWS\system32\ADVAPI32.dll
0x00007ffed7630000 - 0x00007ffed764e000 	C:\WINDOWS\SYSTEM32\MPR.dll
0x00007ffee63f0000 - 0x00007ffee6531000 	C:\WINDOWS\system32\RPCRT4.dll
0x00007ffee5ed0000 - 0x00007ffee5f29000 	C:\WINDOWS\SYSTEM32\sechost.dll
0x00007ffee7db0000 - 0x00007ffee7fc1000 	C:\WINDOWS\SYSTEM32\combase.dll
0x00007ffee6540000 - 0x00007ffee6691000 	C:\WINDOWS\system32\GDI32.dll
0x00007ffee5360000 - 0x00007ffee5375000 	C:\WINDOWS\SYSTEM32\profapi.dll
0x00007ffee3700000 - 0x00007ffee37b2000 	C:\WINDOWS\SYSTEM32\SHCORE.dll
0x00007ffee5a40000 - 0x00007ffee5a76000 	C:\WINDOWS\system32\IMM32.DLL
0x00007ffee6220000 - 0x00007ffee6372000 	C:\WINDOWS\system32\MSCTF.dll
0x00007ffee2a70000 - 0x00007ffee2ceb000 	C:\WINDOWS\WinSxS\amd64_microsoft.windows.common-controls_6595b64144ccf1df_6.0.9600.17415_none_6240486fecbd8abb\COMCTL32.dll
0x00000000696c0000 - 0x0000000069792000 	C:\Program Files\Java\jre1.8.0_25\bin\msvcr100.dll
0x000000006a3b0000 - 0x000000006ac0a000 	C:\Program Files\Java\jre1.8.0_25\bin\server\jvm.dll
0x00007ffecd2f0000 - 0x00007ffecd2f9000 	C:\WINDOWS\SYSTEM32\WSOCK32.dll
0x00007ffed77f0000 - 0x00007ffed7812000 	C:\WINDOWS\SYSTEM32\WINMM.dll
0x00007ffee7da0000 - 0x00007ffee7da7000 	C:\WINDOWS\system32\PSAPI.DLL
0x00007ffee5a80000 - 0x00007ffee5ada000 	C:\WINDOWS\system32\WS2_32.dll
0x00007ffed75d0000 - 0x00007ffed75fa000 	C:\WINDOWS\SYSTEM32\WINMMBASE.dll
0x00007ffee60d0000 - 0x00007ffee60d9000 	C:\WINDOWS\system32\NSI.dll
0x00007ffee5840000 - 0x00007ffee588f000 	C:\WINDOWS\SYSTEM32\cfgmgr32.dll
0x00007ffee4150000 - 0x00007ffee4178000 	C:\WINDOWS\SYSTEM32\DEVOBJ.dll
0x000000006b5e0000 - 0x000000006b5ef000 	C:\Program Files\Java\jre1.8.0_25\bin\verify.dll
0x000000006b5b0000 - 0x000000006b5d8000 	C:\Program Files\Java\jre1.8.0_25\bin\java.dll
0x000000006b590000 - 0x000000006b5a6000 	C:\Program Files\Java\jre1.8.0_25\bin\zip.dll
0x0000000069520000 - 0x00000000696b8000 	C:\Program Files\Java\jre1.8.0_25\bin\awt.dll
0x00007ffee5ae0000 - 0x00007ffee5ba1000 	C:\WINDOWS\system32\OLEAUT32.dll
0x00007ffee3500000 - 0x00007ffee3521000 	C:\WINDOWS\system32\DWMAPI.DLL
0x00007ffee3fd0000 - 0x00007ffee40f9000 	C:\WINDOWS\system32\uxtheme.dll
0x00007ffee41a0000 - 0x00007ffee41ab000 	C:\WINDOWS\SYSTEM32\kernel.appcore.dll
0x00007ffee5230000 - 0x00007ffee523b000 	C:\WINDOWS\SYSTEM32\CRYPTBASE.dll
0x00007ffee51c0000 - 0x00007ffee5223000 	C:\WINDOWS\SYSTEM32\bcryptPrimitives.dll
0x00007ffedaca0000 - 0x00007ffedaec1000 	C:\WINDOWS\system32\d3d9.dll
0x00007ffee3010000 - 0x00007ffee301a000 	C:\WINDOWS\SYSTEM32\VERSION.dll
0x00007ffee2870000 - 0x00007ffee29bb000 	C:\WINDOWS\SYSTEM32\aticfx64.dll
0x00007ffec0180000 - 0x00007ffec01a1000 	C:\WINDOWS\SYSTEM32\atiu9p64.dll
0x00007ffebed60000 - 0x00007ffebf545000 	C:\WINDOWS\SYSTEM32\atiumd64.dll
0x000000006acf0000 - 0x000000006b4a7000 	C:\WINDOWS\SYSTEM32\atiumd6a.dll
0x00000000694d0000 - 0x0000000069517000 	C:\Program Files\Java\jre1.8.0_25\bin\fontmanager.dll
0x00007ffee4d60000 - 0x00007ffee4d80000 	C:\WINDOWS\SYSTEM32\CRYPTSP.dll
0x00007ffee47e0000 - 0x00007ffee4816000 	C:\WINDOWS\system32\rsaenh.dll
0x00007ffee4e80000 - 0x00007ffee4ea6000 	C:\WINDOWS\SYSTEM32\bcrypt.dll
0x000000006b570000 - 0x000000006b58a000 	C:\Program Files\Java\jre1.8.0_25\bin\net.dll
0x00007ffee4b20000 - 0x00007ffee4b79000 	C:\WINDOWS\system32\mswsock.dll
0x00007ffee1080000 - 0x00007ffee10aa000 	C:\WINDOWS\SYSTEM32\IPHLPAPI.DLL
0x00007ffee2670000 - 0x00007ffee267a000 	C:\WINDOWS\SYSTEM32\WINNSI.DLL
0x00007ffee0160000 - 0x00007ffee0176000 	C:\WINDOWS\SYSTEM32\dhcpcsvc6.DLL
0x00007ffee02b0000 - 0x00007ffee02ca000 	C:\WINDOWS\SYSTEM32\dhcpcsvc.DLL
0x000000006a390000 - 0x000000006a3a1000 	C:\Program Files\Java\jre1.8.0_25\bin\nio.dll
0x00000000637c0000 - 0x00000000637cd000 	S:\Users\Ben\AppData\Local\Temp\jogamp_0000\file_cache\jln8821712656091941048\jln8250687679264647809\gluegen-rt.dll
0x00000000694c0000 - 0x00000000694c7000 	C:\Program Files\Java\jre1.8.0_25\bin\jawt.dll
0x000000001a670000 - 0x000000001a67d000 	S:\Users\Ben\AppData\Local\Temp\jogamp_0000\file_cache\jln8821712656091941048\jln8250687679264647809\nativewindow_awt.dll
0x000000006c100000 - 0x000000006c10f000 	S:\Users\Ben\AppData\Local\Temp\jogamp_0000\file_cache\jln8821712656091941048\jln8250687679264647809\nativewindow_win32.dll
0x00007ffeda9f0000 - 0x00007ffedab1b000 	C:\WINDOWS\SYSTEM32\OpenGL32.dll
0x00007ffedc550000 - 0x00007ffedc57e000 	C:\WINDOWS\SYSTEM32\GLU32.dll
0x00007ffecf530000 - 0x00007ffecf628000 	C:\WINDOWS\SYSTEM32\DDRAW.dll
0x00007ffee0d60000 - 0x00007ffee0d69000 	C:\WINDOWS\SYSTEM32\DCIMAN32.dll
0x0000000064500000 - 0x00000000645a2000 	S:\Users\Ben\AppData\Local\Temp\jogamp_0000\file_cache\jln8821712656091941048\jln8250687679264647809\jogl_desktop.dll
0x00007ffedc8d0000 - 0x00007ffedc8e8000 	C:\WINDOWS\SYSTEM32\atig6pxx.dll
0x0000000067910000 - 0x00000000694bf000 	C:\WINDOWS\SYSTEM32\atio6axx.dll
0x00007ffee7bc0000 - 0x00007ffee7d9a000 	C:\WINDOWS\system32\SETUPAPI.dll
0x00007ffee10e0000 - 0x00007ffee1217000 	C:\WINDOWS\SYSTEM32\atiadlxx.dll
0x00007ffee16b0000 - 0x00007ffee182f000 	C:\WINDOWS\SYSTEM32\PROPSYS.dll
0x00007ffee3f70000 - 0x00007ffee3f82000 	C:\WINDOWS\SYSTEM32\WTSAPI32.dll
0x00007ffee57e0000 - 0x00007ffee5831000 	C:\WINDOWS\system32\WINTRUST.dll
0x00007ffee5600000 - 0x00007ffee57df000 	C:\WINDOWS\system32\CRYPT32.dll
0x00007ffee5410000 - 0x00007ffee5421000 	C:\WINDOWS\system32\MSASN1.dll
0x00007ffeda9c0000 - 0x00007ffeda9e9000 	C:\WINDOWS\SYSTEM32\atig6txx.dll
0x00007ffecea00000 - 0x00007ffeceb9c000 	O:\OneDrive\Workspace\ZZavatar\lib\user\KinectPV2\Kinect20.Face.dll
0x00007ffed76f0000 - 0x00007ffed7797000 	C:\WINDOWS\SYSTEM32\MSVCP110.dll
0x00007ffeddd70000 - 0x00007ffedde3e000 	C:\WINDOWS\SYSTEM32\MSVCR110.dll
0x00007ffedc7f0000 - 0x00007ffedc800000 	O:\OneDrive\Workspace\ZZavatar\lib\user\KinectPV2\KinectPV2.dll
0x00007ffeda070000 - 0x00007ffeda12a000 	C:\WINDOWS\SYSTEM32\Kinect20.dll
0x00007ffed7820000 - 0x00007ffed790b000 	C:\WINDOWS\SYSTEM32\MFPlat.DLL
0x00007ffed7650000 - 0x00007ffed7677000 	C:\WINDOWS\SYSTEM32\RTWorkQ.DLL
0x00007ffee3130000 - 0x00007ffee313c000 	C:\WINDOWS\SYSTEM32\AVRT.dll
0x00000000678c0000 - 0x0000000067901000 	C:\Program Files\Java\jre1.8.0_25\bin\t2k.dll
0x00007ffebeae0000 - 0x00007ffebec6a000 	C:\WINDOWS\SYSTEM32\dbghelp.dll

VM Arguments:
jvm_args: -Djava.library.path=O:\OneDrive\Workspace\ZZavatar\lib\base\video;O:\OneDrive\Workspace\ZZavatar\lib\base\video;O:\OneDrive\Workspace\ZZavatar\lib\base\video;O:\OneDrive\Workspace\ZZavatar\lib\base\core;O:\OneDrive\Workspace\ZZavatar\lib\base\core;O:\OneDrive\Workspace\ZZavatar\lib\base\core;O:\OneDrive\Workspace\ZZavatar\lib\base\core;O:\OneDrive\Workspace\ZZavatar\lib\base\core;O:\OneDrive\Workspace\ZZavatar\lib\base\core;O:\OneDrive\Workspace\ZZavatar\lib\base\core;O:\OneDrive\Workspace\ZZavatar\lib\base\core;O:\OneDrive\Workspace\ZZavatar\lib\base\core;O:\OneDrive\Workspace\ZZavatar\lib\base\core;O:\OneDrive\Workspace\ZZavatar\lib\base\core;O:\OneDrive\Workspace\ZZavatar\lib\base\core;O:\OneDrive\Workspace\ZZavatar\lib\base\core;O:\OneDrive\Workspace\ZZavatar\lib\base\core;O:\OneDrive\Workspace\ZZavatar\lib\base\core;O:\OneDrive\Workspace\ZZavatar\lib\user\Kinect4WinSDK;O:\OneDrive\Workspace\ZZavatar\lib\user\KinectPV2;O:\OneDrive\Workspace\ZZavatar\lib\user\SimpleOpenNI -Dfile.encoding=Cp1252 
java_command: zzavatar.ZZavatar
java_class_path (initial): O:\OneDrive\Workspace\ZZavatar\lib\base\video\gstreamer-java.jar;O:\OneDrive\Workspace\ZZavatar\lib\base\video\jna.jar;O:\OneDrive\Workspace\ZZavatar\lib\base\video\video.jar;O:\OneDrive\Workspace\ZZavatar\lib\base\core\core.jar;O:\OneDrive\Workspace\ZZavatar\lib\base\core\gluegen-rt-natives-linux-amd64.jar;O:\OneDrive\Workspace\ZZavatar\lib\base\core\gluegen-rt-natives-linux-armv6hf.jar;O:\OneDrive\Workspace\ZZavatar\lib\base\core\gluegen-rt-natives-linux-i586.jar;O:\OneDrive\Workspace\ZZavatar\lib\base\core\gluegen-rt-natives-macosx-universal.jar;O:\OneDrive\Workspace\ZZavatar\lib\base\core\gluegen-rt-natives-windows-amd64.jar;O:\OneDrive\Workspace\ZZavatar\lib\base\core\gluegen-rt-natives-windows-i586.jar;O:\OneDrive\Workspace\ZZavatar\lib\base\core\gluegen-rt.jar;O:\OneDrive\Workspace\ZZavatar\lib\base\core\jogl-all-natives-linux-amd64.jar;O:\OneDrive\Workspace\ZZavatar\lib\base\core\jogl-all-natives-linux-armv6hf.jar;O:\OneDrive\Workspace\ZZavatar\lib\base\core\jogl-all-natives-linux-i586.jar;O:\OneDrive\Workspace\ZZavatar\lib\base\core\jogl-all-natives-macosx-universal.jar;O:\OneDrive\Workspace\ZZavatar\lib\base\core\jogl-all-natives-windows-amd64.jar;O:\OneDrive\Workspace\ZZavatar\lib\base\core\jogl-all-natives-windows-i586.jar;O:\OneDrive\Workspace\ZZavatar\lib\base\core\jogl-all.jar;O:\OneDrive\Workspace\ZZavatar\lib\user\Kinect4WinSDK\Kinect4WinSDK.jar;O:\OneDrive\Workspace\ZZavatar\lib\user\KinectPV2\KinectPV2.jar;O:\OneDrive\Workspace\ZZavatar\lib\user\SimpleOpenNI\SimpleOpenNI.jar;O:\OneDrive\Workspace\ZZavatar\bin
Launcher Type: SUN_STANDARD

Environment Variables:
JAVA_HOME=C:\Program Files\Java\jdk1.8.0_25
PATH=C:/Program Files/Java/jre1.8.0_25/bin/server;C:/Program Files/Java/jre1.8.0_25/bin;C:/Program Files/Java/jre1.8.0_25/lib/amd64;C:\Program Files (x86)\NVIDIA Corporation\PhysX\Common;C:\ProgramData\Oracle\Java\javapath;C:\Program Files (x86)\Common Files\Intel\Shared Libraries\redist\intel64\compiler;C:\Program Files (x86)\Common Files\Intel\Shared Libraries\redist\ia32\compiler;C:\Program Files (x86)\Intel\iCLS Client\;C:\Program Files\Intel\iCLS Client\;C:\Program Files (x86)\AMD APP\bin\x86_64;C:\Program Files (x86)\AMD APP\bin\x86;C:\WINDOWS\system32;C:\WINDOWS;C:\WINDOWS\System32\Wbem;C:\WINDOWS\System32\WindowsPowerShell\v1.0\;C:\Program Files (x86)\ATI Technologies\ATI.ACE\Core-Static;C:\Program Files\Intel\Intel(R) Management Engine Components\DAL;C:\Program Files\Intel\Intel(R) Management Engine Components\IPT;C:\Program Files (x86)\Intel\Intel(R) Management Engine Components\DAL;C:\Program Files (x86)\Intel\Intel(R) Management Engine Components\IPT;C:\Program Files\Sony\VAIO Improvement\;C:\Program Files (x86)\Sony\VAIO Startup Setting Tool;C:\Program Files (x86)\Windows Kits\8.1\Windows Performance Toolkit\;C:\Program Files\Microsoft SQL Server\110\Tools\Binn\;C:\Program Files (x86)\Microsoft SDKs\TypeScript\1.0\;C:\Program Files\Microsoft\Web Platform Installer\;C:\Program Files (x86)\Java\jre1.8.0_25\bin;P:\Programs\Python27\Scripts;P:\Programs\Python27;C:\Program Files\Common Files\Autodesk Shared\;P:\Program Files\Programs;P:\Program Files\Games;P:\Programs\Eclipse;
USERNAME=Benoît
OS=Windows_NT
PROCESSOR_IDENTIFIER=Intel64 Family 6 Model 58 Stepping 9, GenuineIntel



---------------  S Y S T E M  ---------------

OS: Windows 8.1 , 64 bit Build 9600 

CPU:total 8 (4 cores per cpu, 2 threads per core) family 6 model 58 stepping 9, cmov, cx8, fxsr, mmx, sse, sse2, sse3, ssse3, sse4.1, sse4.2, popcnt, avx, aes, clmul, erms, ht, tsc, tscinvbit, tscinv

Memory: 4k page, physical 6237468k(1749108k free), swap 10431772k(3669432k free)

vm_info: Java HotSpot(TM) 64-Bit Server VM (25.25-b02) for windows-amd64 JRE (1.8.0_25-b18), built on Oct  7 2014 14:25:37 by "java_re" with MS VC++ 10.0 (VS2010)

time: Thu Apr 23 17:25:05 2015
elapsed time: 9 seconds (0d 0h 0m 9s)

