#
# A fatal error has been detected by the Java Runtime Environment:
#
#  EXCEPTION_ACCESS_VIOLATION (0xc0000005) at pc=0x00007ff97ff74110, pid=4612, tid=7304
#
# JRE version: Java(TM) SE Runtime Environment (8.0_25-b18) (build 1.8.0_25-b18)
# Java VM: Java HotSpot(TM) 64-Bit Server VM (25.25-b02 mixed mode windows-amd64 compressed oops)
# Problematic frame:
# C  [KinectPV2.dll+0x4110]
#
# Failed to write core dump. Minidumps are not enabled by default on client versions of Windows
#
# If you would like to submit a bug report, please visit:
#   http://bugreport.sun.com/bugreport/crash.jsp
# The crash happened outside the Java Virtual Machine in native code.
# See problematic frame for where to report the bug.
#

---------------  T H R E A D  ---------------

Current thread (0x0000000019f0b800):  JavaThread "Animation Thread" [_thread_in_native, id=7304, stack(0x000000001cf80000,0x000000001d080000)]

siginfo: ExceptionCode=0xc0000005, reading address 0x0000003a00000000

Registers:
RAX=0x0000000000000001, RBX=0x000000002e475040, RCX=0x0000003a00000000, RDX=0x0000000000000000
RSP=0x000000001d07e850, RBP=0x0000000000000006, RSI=0x0000000000000000, RDI=0x000000001f683dc8
R8 =0x000000001d07e518, R9 =0x0000000000008000, R10=0x0000000000000000, R11=0x000000001d07e750
R12=0x0000000000000000, R13=0x000000001fd0d198, R14=0x0000000000000000, R15=0x0000000019f0b800
RIP=0x00007ff97ff74110, EFLAGS=0x0000000000010206

Top of Stack: (sp=0x000000001d07e850)
0x000000001d07e850:   000000001f683d98 00000000200c5fe8
0x000000001d07e860:   000000001f683d98 0000000000000000
0x000000001d07e870:   000000001d07e940 00007ff97ff71fba
0x000000001d07e880:   000000001d07e940 000000001d07e920
0x000000001d07e890:   0000000019f0b9e8 0000000019ed2860
0x000000001d07e8a0:   00000000a3b3b480 0000000002e95b74
0x000000001d07e8b0:   000000001fd0d198 0000000000000021
0x000000001d07e8c0:   0000000000000021 0000000019f0b800
0x000000001d07e8d0:   000000001d07e998 0000000002e958a2
0x000000001d07e8e0:   000000001d07e8e0 000000001fd0d198
0x000000001d07e8f0:   000000001d07e940 000000001fd0e128
0x000000001d07e900:   0000000000000000 000000001fd0d198
0x000000001d07e910:   0000000000000000 000000001d07e940
0x000000001d07e920:   000000001d07e988 0000000002e87a2d
0x000000001d07e930:   0000000000000000 0000000002e8f6b8
0x000000001d07e940:   00000000a3864290 000000001d07e948 

Instructions: (pc=0x00007ff97ff74110)
0x00007ff97ff740f0:   89 77 d0 48 8b 0f 48 85 c9 74 09 48 8b 01 ff 50
0x00007ff97ff74100:   10 4c 89 37 48 8b 8f 90 00 00 00 48 85 c9 74 0d
0x00007ff97ff74110:   48 8b 01 ff 50 10 4c 89 b7 90 00 00 00 48 8b 4f
0x00007ff97ff74120:   30 48 85 c9 74 0a 48 8b 01 ff 50 10 4c 89 77 30 


Register to memory mapping:

RAX=0x0000000000000001 is an unknown value
RBX=0x000000002e475040 is an unknown value
RCX=0x0000003a00000000 is an unknown value
RDX=0x0000000000000000 is an unknown value
RSP=0x000000001d07e850 is pointing into the stack for thread: 0x0000000019f0b800
RBP=0x0000000000000006 is an unknown value
RSI=0x0000000000000000 is an unknown value
RDI=0x000000001f683dc8 is an unknown value
R8 =0x000000001d07e518 is pointing into the stack for thread: 0x0000000019f0b800
R9 =0x0000000000008000 is an unknown value
R10=0x0000000000000000 is an unknown value
R11=0x000000001d07e750 is pointing into the stack for thread: 0x0000000019f0b800
R12=0x0000000000000000 is an unknown value
R13={method} {0x000000001fd0d1a0} 'jniStopDevice' '()V' in 'KinectPV2/Device'
R14=0x0000000000000000 is an unknown value
R15=0x0000000019f0b800 is a thread


Stack: [0x000000001cf80000,0x000000001d080000],  sp=0x000000001d07e850,  free space=1018k
Native frames: (J=compiled Java code, j=interpreted, Vv=VM code, C=native code)
C  [KinectPV2.dll+0x4110]
C  [KinectPV2.dll+0x1fba]
C  0x0000000002e95b74

Java frames: (J=compiled Java code, j=interpreted, Vv=VM code)
j  KinectPV2.Device.jniStopDevice()V+0
j  KinectPV2.Device.stopDevice()V+41
j  KinectPV2.KinectPV2.dispose()V+14
v  ~StubRoutines::call_stub
j  sun.reflect.NativeMethodAccessorImpl.invoke0(Ljava/lang/reflect/Method;Ljava/lang/Object;[Ljava/lang/Object;)Ljava/lang/Object;+0
j  sun.reflect.NativeMethodAccessorImpl.invoke(Ljava/lang/Object;[Ljava/lang/Object;)Ljava/lang/Object;+100
J 1784 C1 sun.reflect.DelegatingMethodAccessorImpl.invoke(Ljava/lang/Object;[Ljava/lang/Object;)Ljava/lang/Object; (10 bytes) @ 0x00000000034f3b04 [0x00000000034f3a00+0x104]
J 1783 C1 java.lang.reflect.Method.invoke(Ljava/lang/Object;[Ljava/lang/Object;)Ljava/lang/Object; (62 bytes) @ 0x00000000034ebee4 [0x00000000034ebb00+0x3e4]
j  processing.core.PApplet$RegisteredMethods.handle([Ljava/lang/Object;)V+18
J 1655 C1 processing.core.PApplet.handleMethods(Ljava/lang/String;)V (21 bytes) @ 0x00000000034b051c [0x00000000034b0260+0x2bc]
j  processing.core.PApplet.dispose()V+35
j  processing.core.PApplet.run()V+283
j  java.lang.Thread.run()V+11
v  ~StubRoutines::call_stub

---------------  P R O C E S S  ---------------

Java Threads: ( => current thread )
  0x000000001e29d000 JavaThread "Thread-4" [_thread_in_vm, id=6772, stack(0x000000002ecc0000,0x000000002edc0000)]
  0x000000001a310800 JavaThread "Animation Thread-SharedResourceRunner" daemon [_thread_blocked, id=7640, stack(0x000000001f250000,0x000000001f350000)]
  0x0000000002d7e800 JavaThread "DestroyJavaVM" [_thread_blocked, id=6496, stack(0x0000000002ba0000,0x0000000002ca0000)]
  0x0000000019f0d000 JavaThread "D3D Screen Updater" daemon [_thread_blocked, id=2344, stack(0x000000001d280000,0x000000001d380000)]
=>0x0000000019f0b800 JavaThread "Animation Thread" [_thread_in_native, id=7304, stack(0x000000001cf80000,0x000000001d080000)]
  0x0000000019e83000 JavaThread "AWT-EventQueue-0" [_thread_blocked, id=6712, stack(0x000000001cd80000,0x000000001ce80000)]
  0x0000000019e38800 JavaThread "AWT-Windows" daemon [_thread_in_native, id=6368, stack(0x000000001a750000,0x000000001a850000)]
  0x0000000019e37800 JavaThread "AWT-Shutdown" [_thread_blocked, id=2532, stack(0x000000001a650000,0x000000001a750000)]
  0x0000000019e35000 JavaThread "Java2D Disposer" daemon [_thread_blocked, id=8092, stack(0x000000001a550000,0x000000001a650000)]
  0x0000000018c65000 JavaThread "Service Thread" daemon [_thread_blocked, id=4704, stack(0x00000000195b0000,0x00000000196b0000)]
  0x0000000018be7800 JavaThread "C1 CompilerThread3" daemon [_thread_blocked, id=7916, stack(0x00000000194b0000,0x00000000195b0000)]
  0x0000000018be7000 JavaThread "C2 CompilerThread2" daemon [_thread_blocked, id=7672, stack(0x00000000193b0000,0x00000000194b0000)]
  0x0000000018bde800 JavaThread "C2 CompilerThread1" daemon [_thread_blocked, id=7632, stack(0x00000000192b0000,0x00000000193b0000)]
  0x0000000018bd9000 JavaThread "C2 CompilerThread0" daemon [_thread_blocked, id=4008, stack(0x00000000191b0000,0x00000000192b0000)]
  0x0000000018bd6800 JavaThread "Attach Listener" daemon [_thread_blocked, id=6116, stack(0x00000000190b0000,0x00000000191b0000)]
  0x0000000018bd6000 JavaThread "Signal Dispatcher" daemon [_thread_blocked, id=6640, stack(0x0000000018fb0000,0x00000000190b0000)]
  0x0000000002e78800 JavaThread "Finalizer" daemon [_thread_blocked, id=2148, stack(0x0000000018ab0000,0x0000000018bb0000)]
  0x0000000016bcc800 JavaThread "Reference Handler" daemon [_thread_blocked, id=1396, stack(0x00000000189b0000,0x0000000018ab0000)]

Other Threads:
  0x0000000016bc8800 VMThread [stack: 0x00000000188b0000,0x00000000189b0000] [id=7652]
  0x0000000018c67000 WatcherThread [stack: 0x00000000196b0000,0x00000000197b0000] [id=3548]

VM state:not at safepoint (normal execution)

VM Mutex/Monitor currently owned by a thread: None

Heap:
 PSYoungGen      total 465920K, used 290307K [0x00000000e0400000, 0x00000000fce80000, 0x0000000100000000)
  eden space 463360K, 62% used [0x00000000e0400000,0x00000000f1f58e88,0x00000000fc880000)
  from space 2560K, 6% used [0x00000000fcb00000,0x00000000fcb28000,0x00000000fcd80000)
  to   space 2560K, 0% used [0x00000000fc880000,0x00000000fc880000,0x00000000fcb00000)
 ParOldGen       total 241664K, used 171943K [0x00000000a0c00000, 0x00000000af800000, 0x00000000e0400000)
  object space 241664K, 71% used [0x00000000a0c00000,0x00000000ab3e9f88,0x00000000af800000)
 Metaspace       used 17944K, capacity 18185K, committed 18432K, reserved 1067008K
  class space    used 1723K, capacity 1761K, committed 1792K, reserved 1048576K

Card table byte_map: [0x0000000012240000,0x0000000012540000] byte_map_base: 0x0000000011d3a000

Marking Bits: (ParMarkBitMap*) 0x00000000772bd490
 Begin Bits: [0x0000000012f40000, 0x0000000014710000)
 End Bits:   [0x0000000014710000, 0x0000000015ee0000)

Polling page: 0x0000000001350000

CodeCache: size=245760Kb used=7806Kb max_used=8752Kb free=237953Kb
 bounds [0x0000000002e80000, 0x0000000003720000, 0x0000000011e80000]
 total_blobs=2984 nmethods=2113 adapters=785
 compilation: enabled

Compilation events (10 events):
Event: 45.961 Thread 0x0000000018be7000 2349       4       zzavatar.ZZavatar::draw (201 bytes)
Event: 46.240 Thread 0x0000000018be7000 nmethod 2349 0x00000000031ce710 code [0x00000000031cefc0, 0x00000000031d51a8]
Event: 46.677 Thread 0x0000000018bd9000 2350       4       sun.awt.AWTAutoShutdown::isReadyToShutdown (37 bytes)
Event: 46.678 Thread 0x0000000018bd9000 nmethod 2350 0x000000000300c590 code [0x000000000300c6e0, 0x000000000300c7b8]
Event: 47.577 Thread 0x0000000018bde800 2351       4       javax.media.opengl.GLContext::isGL2 (27 bytes)
Event: 47.578 Thread 0x0000000018bde800 nmethod 2351 0x00000000031881d0 code [0x0000000003188300, 0x0000000003188398]
Event: 48.277 Thread 0x0000000018be7000 2352       4       java.lang.ThreadLocal::get (38 bytes)
Event: 48.279 Thread 0x0000000018be7000 nmethod 2352 0x0000000003110e10 code [0x0000000003110f80, 0x00000000031110f8]
Event: 48.327 Thread 0x0000000018be7800 2353       3       processing.core.PApplet::lights (22 bytes)
Event: 48.327 Thread 0x0000000018be7800 nmethod 2353 0x000000000311e6d0 code [0x000000000311e840, 0x000000000311eb58]

GC Heap History (10 events):
Event: 47.919 GC heap before
{Heap before GC invocations=84 (full 3):
 PSYoungGen      total 455680K, used 453312K [0x00000000e0400000, 0x00000000fc480000, 0x0000000100000000)
  eden space 453120K, 100% used [0x00000000e0400000,0x00000000fbe80000,0x00000000fbe80000)
  from space 2560K, 7% used [0x00000000fc200000,0x00000000fc230000,0x00000000fc480000)
  to   space 3072K, 0% used [0x00000000fbe80000,0x00000000fbe80000,0x00000000fc180000)
 ParOldGen       total 223744K, used 196756K [0x00000000a0c00000, 0x00000000ae680000, 0x00000000e0400000)
  object space 223744K, 87% used [0x00000000a0c00000,0x00000000acc253f0,0x00000000ae680000)
 Metaspace       used 17909K, capacity 18185K, committed 18432K, reserved 1067008K
  class space    used 1711K, capacity 1761K, committed 1792K, reserved 1048576K
Event: 47.921 GC heap after
Heap after GC invocations=84 (full 3):
 PSYoungGen      total 456192K, used 192K [0x00000000e0400000, 0x00000000fc780000, 0x0000000100000000)
  eden space 453120K, 0% used [0x00000000e0400000,0x00000000e0400000,0x00000000fbe80000)
  from space 3072K, 6% used [0x00000000fbe80000,0x00000000fbeb0000,0x00000000fc180000)
  to   space 2560K, 0% used [0x00000000fc500000,0x00000000fc500000,0x00000000fc780000)
 ParOldGen       total 223744K, used 196756K [0x00000000a0c00000, 0x00000000ae680000, 0x00000000e0400000)
  object space 223744K, 87% used [0x00000000a0c00000,0x00000000acc253f0,0x00000000ae680000)
 Metaspace       used 17909K, capacity 18185K, committed 18432K, reserved 1067008K
  class space    used 1711K, capacity 1761K, committed 1792K, reserved 1048576K
}
Event: 48.401 GC heap before
{Heap before GC invocations=85 (full 3):
 PSYoungGen      total 456192K, used 453120K [0x00000000e0400000, 0x00000000fc780000, 0x0000000100000000)
  eden space 453120K, 99% used [0x00000000e0400000,0x00000000fbe503a0,0x00000000fbe80000)
  from space 3072K, 6% used [0x00000000fbe80000,0x00000000fbeb0000,0x00000000fc180000)
  to   space 2560K, 0% used [0x00000000fc500000,0x00000000fc500000,0x00000000fc780000)
 ParOldGen       total 223744K, used 196756K [0x00000000a0c00000, 0x00000000ae680000, 0x00000000e0400000)
  object space 223744K, 87% used [0x00000000a0c00000,0x00000000acc253f0,0x00000000ae680000)
 Metaspace       used 17909K, capacity 18185K, committed 18432K, reserved 1067008K
  class space    used 1711K, capacity 1761K, committed 1792K, reserved 1048576K
Event: 48.407 GC heap after
Heap after GC invocations=85 (full 3):
 PSYoungGen      total 459776K, used 976K [0x00000000e0400000, 0x00000000fc900000, 0x0000000100000000)
  eden space 457216K, 0% used [0x00000000e0400000,0x00000000e0400000,0x00000000fc280000)
  from space 2560K, 38% used [0x00000000fc500000,0x00000000fc5f4010,0x00000000fc780000)
  to   space 2560K, 0% used [0x00000000fc280000,0x00000000fc280000,0x00000000fc500000)
 ParOldGen       total 223744K, used 204857K [0x00000000a0c00000, 0x00000000ae680000, 0x00000000e0400000)
  object space 223744K, 91% used [0x00000000a0c00000,0x00000000ad40e400,0x00000000ae680000)
 Metaspace       used 17909K, capacity 18185K, committed 18432K, reserved 1067008K
  class space    used 1711K, capacity 1761K, committed 1792K, reserved 1048576K
}
Event: 48.935 GC heap before
{Heap before GC invocations=86 (full 3):
 PSYoungGen      total 459776K, used 457458K [0x00000000e0400000, 0x00000000fc900000, 0x0000000100000000)
  eden space 457216K, 99% used [0x00000000e0400000,0x00000000fc1c88d0,0x00000000fc280000)
  from space 2560K, 38% used [0x00000000fc500000,0x00000000fc5f4010,0x00000000fc780000)
  to   space 2560K, 0% used [0x00000000fc280000,0x00000000fc280000,0x00000000fc500000)
 ParOldGen       total 223744K, used 204857K [0x00000000a0c00000, 0x00000000ae680000, 0x00000000e0400000)
  object space 223744K, 91% used [0x00000000a0c00000,0x00000000ad40e400,0x00000000ae680000)
 Metaspace       used 17909K, capacity 18185K, committed 18432K, reserved 1067008K
  class space    used 1711K, capacity 1761K, committed 1792K, reserved 1048576K
Event: 48.941 GC heap after
Heap after GC invocations=86 (full 3):
 PSYoungGen      total 459776K, used 1008K [0x00000000e0400000, 0x00000000fcd80000, 0x0000000100000000)
  eden space 457216K, 0% used [0x00000000e0400000,0x00000000e0400000,0x00000000fc280000)
  from space 2560K, 39% used [0x00000000fc280000,0x00000000fc37c010,0x00000000fc500000)
  to   space 2560K, 0% used [0x00000000fcb00000,0x00000000fcb00000,0x00000000fcd80000)
 ParOldGen       total 223744K, used 212957K [0x00000000a0c00000, 0x00000000ae680000, 0x00000000e0400000)
  object space 223744K, 95% used [0x00000000a0c00000,0x00000000adbf7410,0x00000000ae680000)
 Metaspace       used 17909K, capacity 18185K, committed 18432K, reserved 1067008K
  class space    used 1711K, capacity 1761K, committed 1792K, reserved 1048576K
}
Event: 48.941 GC heap before
{Heap before GC invocations=87 (full 4):
 PSYoungGen      total 459776K, used 1008K [0x00000000e0400000, 0x00000000fcd80000, 0x0000000100000000)
  eden space 457216K, 0% used [0x00000000e0400000,0x00000000e0400000,0x00000000fc280000)
  from space 2560K, 39% used [0x00000000fc280000,0x00000000fc37c010,0x00000000fc500000)
  to   space 2560K, 0% used [0x00000000fcb00000,0x00000000fcb00000,0x00000000fcd80000)
 ParOldGen       total 223744K, used 212957K [0x00000000a0c00000, 0x00000000ae680000, 0x00000000e0400000)
  object space 223744K, 95% used [0x00000000a0c00000,0x00000000adbf7410,0x00000000ae680000)
 Metaspace       used 17909K, capacity 18185K, committed 18432K, reserved 1067008K
  class space    used 1711K, capacity 1761K, committed 1792K, reserved 1048576K
Event: 48.985 GC heap after
Heap after GC invocations=87 (full 4):
 PSYoungGen      total 459776K, used 0K [0x00000000e0400000, 0x00000000fcd80000, 0x0000000100000000)
  eden space 457216K, 0% used [0x00000000e0400000,0x00000000e0400000,0x00000000fc280000)
  from space 2560K, 0% used [0x00000000fc280000,0x00000000fc280000,0x00000000fc500000)
  to   space 2560K, 0% used [0x00000000fcb00000,0x00000000fcb00000,0x00000000fcd80000)
 ParOldGen       total 241664K, used 163843K [0x00000000a0c00000, 0x00000000af800000, 0x00000000e0400000)
  object space 241664K, 67% used [0x00000000a0c00000,0x00000000aac00f78,0x00000000af800000)
 Metaspace       used 17909K, capacity 18185K, committed 18432K, reserved 1067008K
  class space    used 1711K, capacity 1761K, committed 1792K, reserved 1048576K
}
Event: 49.501 GC heap before
{Heap before GC invocations=88 (full 4):
 PSYoungGen      total 459776K, used 456522K [0x00000000e0400000, 0x00000000fcd80000, 0x0000000100000000)
  eden space 457216K, 99% used [0x00000000e0400000,0x00000000fc1d2af0,0x00000000fc280000)
  from space 2560K, 0% used [0x00000000fc280000,0x00000000fc280000,0x00000000fc500000)
  to   space 2560K, 0% used [0x00000000fcb00000,0x00000000fcb00000,0x00000000fcd80000)
 ParOldGen       total 241664K, used 163843K [0x00000000a0c00000, 0x00000000af800000, 0x00000000e0400000)
  object space 241664K, 67% used [0x00000000a0c00000,0x00000000aac00f78,0x00000000af800000)
 Metaspace       used 17909K, capacity 18185K, committed 18432K, reserved 1067008K
  class space    used 1711K, capacity 1761K, committed 1792K, reserved 1048576K
Event: 49.503 GC heap after
Heap after GC invocations=88 (full 4):
 PSYoungGen      total 465920K, used 160K [0x00000000e0400000, 0x00000000fce80000, 0x0000000100000000)
  eden space 463360K, 0% used [0x00000000e0400000,0x00000000e0400000,0x00000000fc880000)
  from space 2560K, 6% used [0x00000000fcb00000,0x00000000fcb28000,0x00000000fcd80000)
  to   space 2560K, 0% used [0x00000000fc880000,0x00000000fc880000,0x00000000fcb00000)
 ParOldGen       total 241664K, used 171943K [0x00000000a0c00000, 0x00000000af800000, 0x00000000e0400000)
  object space 241664K, 71% used [0x00000000a0c00000,0x00000000ab3e9f88,0x00000000af800000)
 Metaspace       used 17909K, capacity 18185K, committed 18432K, reserved 1067008K
  class space    used 1711K, capacity 1761K, committed 1792K, reserved 1048576K
}

Deoptimization events (10 events):
Event: 18.128 Thread 0x0000000019e83000 Uncommon trap: reason=speculate_class_check action=maybe_recompile pc=0x00000000036e4948 method=com.jogamp.common.nio.Buffers.getDirectBufferByteOffset(Ljava/lang/Object;)I @ 31
Event: 18.128 Thread 0x0000000019e83000 Uncommon trap: reason=speculate_class_check action=maybe_recompile pc=0x00000000036e4948 method=com.jogamp.common.nio.Buffers.getDirectBufferByteOffset(Ljava/lang/Object;)I @ 31
Event: 18.145 Thread 0x0000000019e83000 Uncommon trap: reason=speculate_class_check action=maybe_recompile pc=0x00000000036ef528 method=com.jogamp.common.nio.Buffers.getDirectBufferByteOffset(Ljava/lang/Object;)I @ 42
Event: 18.156 Thread 0x0000000019e83000 Uncommon trap: reason=speculate_class_check action=maybe_recompile pc=0x00000000036ef528 method=com.jogamp.common.nio.Buffers.getDirectBufferByteOffset(Ljava/lang/Object;)I @ 42
Event: 18.301 Thread 0x0000000019e83000 Uncommon trap: reason=speculate_class_check action=maybe_recompile pc=0x00000000036e28fc method=com.jogamp.common.nio.Buffers.getDirectBufferByteOffset(Ljava/lang/Object;)I @ 53
Event: 18.313 Thread 0x0000000019e83000 Uncommon trap: reason=speculate_class_check action=maybe_recompile pc=0x00000000036f479c method=com.jogamp.common.nio.Buffers.getDirectBufferByteOffset(Ljava/lang/Object;)I @ 53
Event: 18.326 Thread 0x0000000019e83000 Uncommon trap: reason=speculate_class_check action=maybe_recompile pc=0x00000000036e28fc method=com.jogamp.common.nio.Buffers.getDirectBufferByteOffset(Ljava/lang/Object;)I @ 53
Event: 49.810 Thread 0x0000000019e83000 Uncommon trap: reason=unreached action=reinterpret pc=0x0000000003011690 method=sun.awt.PostEventQueue.flush()V @ 37
Event: 49.810 Thread 0x0000000019e83000 Uncommon trap: reason=unreached action=reinterpret pc=0x000000000301bf40 method=java.awt.EventQueue.getNextEventPrivate()Ljava/awt/AWTEvent; @ 45
Event: 49.860 Thread 0x0000000019f0b800 Uncommon trap: reason=unreached action=reinterpret pc=0x000000000350b570 method=java.util.HashMap.keySet()Ljava/util/Set; @ 6

Internal exceptions (10 events):
Event: 3.099 Thread 0x0000000019e83000 Exception <a 'java/security/PrivilegedActionException'> (0x00000000e2b27a38) thrown at [D:\re\workspace\8-2-build-windows-amd64-cygwin\jdk8u25\1677\hotspot\src\share\vm\prims\jvm.cpp, line 1312]
Event: 3.099 Thread 0x0000000019e83000 Exception <a 'java/security/PrivilegedActionException'> (0x00000000e5b3b780) thrown at [D:\re\workspace\8-2-build-windows-amd64-cygwin\jdk8u25\1677\hotspot\src\share\vm\prims\jvm.cpp, line 1312]
Event: 3.099 Thread 0x0000000019e83000 Exception <a 'java/security/PrivilegedActionException'> (0x00000000e5b3fb68) thrown at [D:\re\workspace\8-2-build-windows-amd64-cygwin\jdk8u25\1677\hotspot\src\share\vm\prims\jvm.cpp, line 1312]
Event: 3.099 Thread 0x0000000019e83000 Exception <a 'java/security/PrivilegedActionException'> (0x00000000e5b436c0) thrown at [D:\re\workspace\8-2-build-windows-amd64-cygwin\jdk8u25\1677\hotspot\src\share\vm\prims\jvm.cpp, line 1312]
Event: 3.100 Thread 0x0000000019e83000 Exception <a 'java/security/PrivilegedActionException'> (0x00000000e5b47ec0) thrown at [D:\re\workspace\8-2-build-windows-amd64-cygwin\jdk8u25\1677\hotspot\src\share\vm\prims\jvm.cpp, line 1312]
Event: 3.100 Thread 0x0000000019e83000 Exception <a 'java/security/PrivilegedActionException'> (0x00000000e5b4b5f8) thrown at [D:\re\workspace\8-2-build-windows-amd64-cygwin\jdk8u25\1677\hotspot\src\share\vm\prims\jvm.cpp, line 1312]
Event: 3.100 Thread 0x0000000019e83000 Exception <a 'java/security/PrivilegedActionException'> (0x00000000e5b4f540) thrown at [D:\re\workspace\8-2-build-windows-amd64-cygwin\jdk8u25\1677\hotspot\src\share\vm\prims\jvm.cpp, line 1312]
Event: 3.101 Thread 0x0000000019e83000 Exception <a 'java/security/PrivilegedActionException'> (0x00000000e5b55450) thrown at [D:\re\workspace\8-2-build-windows-amd64-cygwin\jdk8u25\1677\hotspot\src\share\vm\prims\jvm.cpp, line 1312]
Event: 3.113 Thread 0x0000000019e83000 Exception <a 'java/security/PrivilegedActionException'> (0x00000000e5c30a60) thrown at [D:\re\workspace\8-2-build-windows-amd64-cygwin\jdk8u25\1677\hotspot\src\share\vm\prims\jvm.cpp, line 1312]
Event: 49.860 Thread 0x0000000019f0b800 Implicit null exception at 0x000000000350b2a7 to 0x000000000350b561

Events (10 events):
Event: 49.811 loading class javax/swing/KeyboardManager done
Event: 49.811 loading class javax/swing/Popup$HeavyWeightWindow
Event: 49.811 loading class sun/awt/ModalExclude
Event: 49.811 loading class sun/awt/ModalExclude done
Event: 49.811 loading class javax/swing/JWindow
Event: 49.811 loading class javax/swing/JWindow done
Event: 49.811 loading class javax/swing/Popup$HeavyWeightWindow done
Event: 49.860 Thread 0x0000000019f0b800 Uncommon trap: trap_request=0xffffffad fr.pc=0x000000000350b570
Event: 49.860 Thread 0x0000000019f0b800 DEOPT PACKING pc=0x000000000350b570 sp=0x000000001d07f1b0
Event: 49.860 Thread 0x0000000019f0b800 DEOPT UNPACKING pc=0x0000000002ec556a sp=0x000000001d07f108 mode 2


Dynamic libraries:
0x00007ff669010000 - 0x00007ff669044000 	C:\Program Files\Java\jre1.8.0_25\bin\javaw.exe
0x00007ff98c320000 - 0x00007ff98c4cc000 	C:\WINDOWS\SYSTEM32\ntdll.dll
0x00007ff989d20000 - 0x00007ff989e5e000 	C:\WINDOWS\system32\KERNEL32.DLL
0x00007ff9897d0000 - 0x00007ff9898e5000 	C:\WINDOWS\system32\KERNELBASE.dll
0x00007ff987ff0000 - 0x00007ff98807e000 	C:\WINDOWS\system32\apphelp.dll
0x00007ff9736d0000 - 0x00007ff973723000 	C:\WINDOWS\AppPatch\AppPatch64\AcGenral.DLL
0x00007ff98a220000 - 0x00007ff98a2ca000 	C:\WINDOWS\system32\msvcrt.dll
0x00007ff9892a0000 - 0x00007ff9892ce000 	C:\WINDOWS\SYSTEM32\SspiCli.dll
0x00007ff98b980000 - 0x00007ff98b9d4000 	C:\WINDOWS\system32\SHLWAPI.dll
0x00007ff989f00000 - 0x00007ff98a077000 	C:\WINDOWS\system32\USER32.dll
0x00007ff98bb50000 - 0x00007ff98bce4000 	C:\WINDOWS\system32\ole32.dll
0x00007ff98a390000 - 0x00007ff98b8a8000 	C:\WINDOWS\system32\SHELL32.dll
0x00007ff988a10000 - 0x00007ff988a31000 	C:\WINDOWS\SYSTEM32\USERENV.dll
0x00007ff989c10000 - 0x00007ff989cba000 	C:\WINDOWS\system32\ADVAPI32.dll
0x00007ff97c880000 - 0x00007ff97c89e000 	C:\WINDOWS\SYSTEM32\MPR.dll
0x00007ff98b9e0000 - 0x00007ff98bb21000 	C:\WINDOWS\system32\RPCRT4.dll
0x00007ff9899a0000 - 0x00007ff9899f9000 	C:\WINDOWS\SYSTEM32\sechost.dll
0x00007ff98bed0000 - 0x00007ff98c0e1000 	C:\WINDOWS\SYSTEM32\combase.dll
0x00007ff98a0c0000 - 0x00007ff98a211000 	C:\WINDOWS\system32\GDI32.dll
0x00007ff989470000 - 0x00007ff989485000 	C:\WINDOWS\SYSTEM32\profapi.dll
0x00007ff987810000 - 0x00007ff9878c2000 	C:\WINDOWS\SYSTEM32\SHCORE.dll
0x00007ff98a080000 - 0x00007ff98a0b6000 	C:\WINDOWS\system32\IMM32.DLL
0x00007ff98c1c0000 - 0x00007ff98c312000 	C:\WINDOWS\system32\MSCTF.dll
0x00007ff986b90000 - 0x00007ff986e0b000 	C:\WINDOWS\WinSxS\amd64_microsoft.windows.common-controls_6595b64144ccf1df_6.0.9600.17415_none_6240486fecbd8abb\COMCTL32.dll
0x0000000075f50000 - 0x0000000076022000 	C:\Program Files\Java\jre1.8.0_25\bin\msvcr100.dll
0x0000000076ae0000 - 0x000000007733a000 	C:\Program Files\Java\jre1.8.0_25\bin\server\jvm.dll
0x00007ff9707d0000 - 0x00007ff9707d9000 	C:\WINDOWS\SYSTEM32\WSOCK32.dll
0x00007ff97ca00000 - 0x00007ff97ca22000 	C:\WINDOWS\SYSTEM32\WINMM.dll
0x00007ff989e80000 - 0x00007ff989e87000 	C:\WINDOWS\system32\PSAPI.DLL
0x00007ff989a00000 - 0x00007ff989a5a000 	C:\WINDOWS\system32\WS2_32.dll
0x00007ff97c8d0000 - 0x00007ff97c8fa000 	C:\WINDOWS\SYSTEM32\WINMMBASE.dll
0x00007ff98bb30000 - 0x00007ff98bb39000 	C:\WINDOWS\system32\NSI.dll
0x00007ff989950000 - 0x00007ff98999f000 	C:\WINDOWS\SYSTEM32\cfgmgr32.dll
0x00007ff988260000 - 0x00007ff988288000 	C:\WINDOWS\SYSTEM32\DEVOBJ.dll
0x0000000076ad0000 - 0x0000000076adf000 	C:\Program Files\Java\jre1.8.0_25\bin\verify.dll
0x0000000076aa0000 - 0x0000000076ac8000 	C:\Program Files\Java\jre1.8.0_25\bin\java.dll
0x0000000076a80000 - 0x0000000076a96000 	C:\Program Files\Java\jre1.8.0_25\bin\zip.dll
0x0000000075db0000 - 0x0000000075f48000 	C:\Program Files\Java\jre1.8.0_25\bin\awt.dll
0x00007ff98c0f0000 - 0x00007ff98c1b1000 	C:\WINDOWS\system32\OLEAUT32.dll
0x00007ff987610000 - 0x00007ff987631000 	C:\WINDOWS\system32\DWMAPI.DLL
0x00007ff988130000 - 0x00007ff988259000 	C:\WINDOWS\system32\uxtheme.dll
0x00007ff9882b0000 - 0x00007ff9882bb000 	C:\WINDOWS\SYSTEM32\kernel.appcore.dll
0x00007ff989340000 - 0x00007ff98934b000 	C:\WINDOWS\SYSTEM32\CRYPTBASE.dll
0x00007ff9892d0000 - 0x00007ff989333000 	C:\WINDOWS\SYSTEM32\bcryptPrimitives.dll
0x00007ff97e8c0000 - 0x00007ff97eae1000 	C:\WINDOWS\system32\d3d9.dll
0x00007ff987180000 - 0x00007ff98718a000 	C:\WINDOWS\SYSTEM32\VERSION.dll
0x00007ff986970000 - 0x00007ff986abb000 	C:\WINDOWS\SYSTEM32\aticfx64.dll
0x00007ff965270000 - 0x00007ff965291000 	C:\WINDOWS\SYSTEM32\atiu9p64.dll
0x00007ff964a80000 - 0x00007ff965265000 	C:\WINDOWS\SYSTEM32\atiumd64.dll
0x0000000076110000 - 0x00000000768c7000 	C:\WINDOWS\SYSTEM32\atiumd6a.dll
0x00000000769f0000 - 0x0000000076a37000 	C:\Program Files\Java\jre1.8.0_25\bin\fontmanager.dll
0x00007ff988ce0000 - 0x00007ff988d00000 	C:\WINDOWS\SYSTEM32\CRYPTSP.dll
0x00007ff988900000 - 0x00007ff988936000 	C:\WINDOWS\system32\rsaenh.dll
0x00007ff988f90000 - 0x00007ff988fb6000 	C:\WINDOWS\SYSTEM32\bcrypt.dll
0x0000000076a60000 - 0x0000000076a7a000 	C:\Program Files\Java\jre1.8.0_25\bin\net.dll
0x00007ff988c80000 - 0x00007ff988cd9000 	C:\WINDOWS\system32\mswsock.dll
0x00007ff9860b0000 - 0x00007ff9860da000 	C:\WINDOWS\SYSTEM32\IPHLPAPI.DLL
0x00007ff986050000 - 0x00007ff98605a000 	C:\WINDOWS\SYSTEM32\WINNSI.DLL
0x00007ff9841e0000 - 0x00007ff9841f6000 	C:\WINDOWS\SYSTEM32\dhcpcsvc6.DLL
0x00007ff984380000 - 0x00007ff98439a000 	C:\WINDOWS\SYSTEM32\dhcpcsvc.DLL
0x0000000076a40000 - 0x0000000076a51000 	C:\Program Files\Java\jre1.8.0_25\bin\nio.dll
0x00000000637c0000 - 0x00000000637cd000 	S:\Users\Ben\AppData\Local\Temp\jogamp_0000\file_cache\jln2591228472190410033\jln407410414220195666\gluegen-rt.dll
0x00000000769e0000 - 0x00000000769e7000 	C:\Program Files\Java\jre1.8.0_25\bin\jawt.dll
0x000000006a440000 - 0x000000006a44d000 	S:\Users\Ben\AppData\Local\Temp\jogamp_0000\file_cache\jln2591228472190410033\jln407410414220195666\nativewindow_awt.dll
0x000000006c100000 - 0x000000006c10f000 	S:\Users\Ben\AppData\Local\Temp\jogamp_0000\file_cache\jln2591228472190410033\jln407410414220195666\nativewindow_win32.dll
0x00007ff95c180000 - 0x00007ff95c2ab000 	C:\WINDOWS\SYSTEM32\OpenGL32.dll
0x00007ff97d710000 - 0x00007ff97d73e000 	C:\WINDOWS\SYSTEM32\GLU32.dll
0x00007ff95c080000 - 0x00007ff95c178000 	C:\WINDOWS\SYSTEM32\DDRAW.dll
0x00007ff97ffb0000 - 0x00007ff97ffb9000 	C:\WINDOWS\SYSTEM32\DCIMAN32.dll
0x0000000064500000 - 0x00000000645a2000 	S:\Users\Ben\AppData\Local\Temp\jogamp_0000\file_cache\jln2591228472190410033\jln407410414220195666\jogl_desktop.dll
0x00007ff9765f0000 - 0x00007ff976608000 	C:\WINDOWS\SYSTEM32\atig6pxx.dll
0x0000000074200000 - 0x0000000075daf000 	C:\WINDOWS\SYSTEM32\atio6axx.dll
0x00007ff98bcf0000 - 0x00007ff98beca000 	C:\WINDOWS\system32\SETUPAPI.dll
0x00007ff986120000 - 0x00007ff986257000 	C:\WINDOWS\SYSTEM32\atiadlxx.dll
0x00007ff986710000 - 0x00007ff98688f000 	C:\WINDOWS\SYSTEM32\PROPSYS.dll
0x00007ff988080000 - 0x00007ff988092000 	C:\WINDOWS\SYSTEM32\WTSAPI32.dll
0x00007ff9898f0000 - 0x00007ff989941000 	C:\WINDOWS\system32\WINTRUST.dll
0x00007ff989540000 - 0x00007ff98971f000 	C:\WINDOWS\system32\CRYPT32.dll
0x00007ff989520000 - 0x00007ff989531000 	C:\WINDOWS\system32\MSASN1.dll
0x00007ff9736a0000 - 0x00007ff9736c9000 	C:\WINDOWS\SYSTEM32\atig6txx.dll
0x00007ff95b6a0000 - 0x00007ff95b83c000 	O:\OneDrive\Workspace\ZZavatar\lib\user\KinectPV2\Kinect20.Face.dll
0x00007ff97c900000 - 0x00007ff97c9a7000 	C:\WINDOWS\SYSTEM32\MSVCP110.dll
0x00007ff981bc0000 - 0x00007ff981c8e000 	C:\WINDOWS\SYSTEM32\MSVCR110.dll
0x00007ff97ff70000 - 0x00007ff97ff80000 	O:\OneDrive\Workspace\ZZavatar\lib\user\KinectPV2\KinectPV2.dll
0x00007ff95bfc0000 - 0x00007ff95c07a000 	C:\WINDOWS\SYSTEM32\Kinect20.dll
0x00007ff97ca30000 - 0x00007ff97cb1b000 	C:\WINDOWS\SYSTEM32\MFPlat.DLL
0x00007ff97c8a0000 - 0x00007ff97c8c7000 	C:\WINDOWS\SYSTEM32\RTWorkQ.DLL
0x00007ff987050000 - 0x00007ff98705c000 	C:\WINDOWS\SYSTEM32\AVRT.dll
0x00007ff963e10000 - 0x00007ff963f9a000 	C:\WINDOWS\SYSTEM32\dbghelp.dll

VM Arguments:
jvm_args: -Djava.library.path=O:\OneDrive\Workspace\ZZavatar\lib\base\video;O:\OneDrive\Workspace\ZZavatar\lib\base\video;O:\OneDrive\Workspace\ZZavatar\lib\base\video;O:\OneDrive\Workspace\ZZavatar\lib\base\core;O:\OneDrive\Workspace\ZZavatar\lib\base\core;O:\OneDrive\Workspace\ZZavatar\lib\base\core;O:\OneDrive\Workspace\ZZavatar\lib\base\core;O:\OneDrive\Workspace\ZZavatar\lib\base\core;O:\OneDrive\Workspace\ZZavatar\lib\base\core;O:\OneDrive\Workspace\ZZavatar\lib\base\core;O:\OneDrive\Workspace\ZZavatar\lib\base\core;O:\OneDrive\Workspace\ZZavatar\lib\base\core;O:\OneDrive\Workspace\ZZavatar\lib\base\core;O:\OneDrive\Workspace\ZZavatar\lib\base\core;O:\OneDrive\Workspace\ZZavatar\lib\base\core;O:\OneDrive\Workspace\ZZavatar\lib\base\core;O:\OneDrive\Workspace\ZZavatar\lib\base\core;O:\OneDrive\Workspace\ZZavatar\lib\base\core;O:\OneDrive\Workspace\ZZavatar\lib\user\Kinect4WinSDK;O:\OneDrive\Workspace\ZZavatar\lib\user\KinectPV2;O:\OneDrive\Workspace\ZZavatar\lib\user\SimpleOpenNI -Dfile.encoding=Cp1252 
java_command: zzavatar.ZZavatar
java_class_path (initial): O:\OneDrive\Workspace\ZZavatar\lib\base\video\gstreamer-java.jar;O:\OneDrive\Workspace\ZZavatar\lib\base\video\jna.jar;O:\OneDrive\Workspace\ZZavatar\lib\base\video\video.jar;O:\OneDrive\Workspace\ZZavatar\lib\base\core\core.jar;O:\OneDrive\Workspace\ZZavatar\lib\base\core\gluegen-rt-natives-linux-amd64.jar;O:\OneDrive\Workspace\ZZavatar\lib\base\core\gluegen-rt-natives-linux-armv6hf.jar;O:\OneDrive\Workspace\ZZavatar\lib\base\core\gluegen-rt-natives-linux-i586.jar;O:\OneDrive\Workspace\ZZavatar\lib\base\core\gluegen-rt-natives-macosx-universal.jar;O:\OneDrive\Workspace\ZZavatar\lib\base\core\gluegen-rt-natives-windows-amd64.jar;O:\OneDrive\Workspace\ZZavatar\lib\base\core\gluegen-rt-natives-windows-i586.jar;O:\OneDrive\Workspace\ZZavatar\lib\base\core\gluegen-rt.jar;O:\OneDrive\Workspace\ZZavatar\lib\base\core\jogl-all-natives-linux-amd64.jar;O:\OneDrive\Workspace\ZZavatar\lib\base\core\jogl-all-natives-linux-armv6hf.jar;O:\OneDrive\Workspace\ZZavatar\lib\base\core\jogl-all-natives-linux-i586.jar;O:\OneDrive\Workspace\ZZavatar\lib\base\core\jogl-all-natives-macosx-universal.jar;O:\OneDrive\Workspace\ZZavatar\lib\base\core\jogl-all-natives-windows-amd64.jar;O:\OneDrive\Workspace\ZZavatar\lib\base\core\jogl-all-natives-windows-i586.jar;O:\OneDrive\Workspace\ZZavatar\lib\base\core\jogl-all.jar;O:\OneDrive\Workspace\ZZavatar\lib\user\Kinect4WinSDK\Kinect4WinSDK.jar;O:\OneDrive\Workspace\ZZavatar\lib\user\KinectPV2\KinectPV2.jar;O:\OneDrive\Workspace\ZZavatar\lib\user\SimpleOpenNI\SimpleOpenNI.jar;O:\OneDrive\Workspace\ZZavatar\bin
Launcher Type: SUN_STANDARD

Environment Variables:
JAVA_HOME=C:\Program Files\Java\jdk1.8.0_25
PATH=C:/Program Files/Java/jre1.8.0_25/bin/server;C:/Program Files/Java/jre1.8.0_25/bin;C:/Program Files/Java/jre1.8.0_25/lib/amd64;C:\Program Files (x86)\NVIDIA Corporation\PhysX\Common;C:\ProgramData\Oracle\Java\javapath;C:\Program Files (x86)\Common Files\Intel\Shared Libraries\redist\intel64\compiler;C:\Program Files (x86)\Common Files\Intel\Shared Libraries\redist\ia32\compiler;C:\Program Files (x86)\Intel\iCLS Client\;C:\Program Files\Intel\iCLS Client\;C:\Program Files (x86)\AMD APP\bin\x86_64;C:\Program Files (x86)\AMD APP\bin\x86;C:\WINDOWS\system32;C:\WINDOWS;C:\WINDOWS\System32\Wbem;C:\WINDOWS\System32\WindowsPowerShell\v1.0\;C:\Program Files (x86)\ATI Technologies\ATI.ACE\Core-Static;C:\Program Files\Intel\Intel(R) Management Engine Components\DAL;C:\Program Files\Intel\Intel(R) Management Engine Components\IPT;C:\Program Files (x86)\Intel\Intel(R) Management Engine Components\DAL;C:\Program Files (x86)\Intel\Intel(R) Management Engine Components\IPT;C:\Program Files\Sony\VAIO Improvement\;C:\Program Files (x86)\Sony\VAIO Startup Setting Tool;C:\Program Files (x86)\Windows Kits\8.1\Windows Performance Toolkit\;C:\Program Files\Microsoft SQL Server\110\Tools\Binn\;C:\Program Files (x86)\Microsoft SDKs\TypeScript\1.0\;C:\Program Files\Microsoft\Web Platform Installer\;C:\Program Files (x86)\Java\jre1.8.0_25\bin;P:\Programs\Python27\Scripts;P:\Programs\Python27;C:\Program Files\Common Files\Autodesk Shared\;P:\Program Files\Programs;P:\Program Files\Games;P:\Programs\Eclipse;
USERNAME=Benoît
OS=Windows_NT
PROCESSOR_IDENTIFIER=Intel64 Family 6 Model 58 Stepping 9, GenuineIntel



---------------  S Y S T E M  ---------------

OS: Windows 8.1 , 64 bit Build 9600 

CPU:total 8 (4 cores per cpu, 2 threads per core) family 6 model 58 stepping 9, cmov, cx8, fxsr, mmx, sse, sse2, sse3, ssse3, sse4.1, sse4.2, popcnt, avx, aes, clmul, erms, ht, tsc, tscinvbit, tscinv

Memory: 4k page, physical 6237468k(2058600k free), swap 10431772k(5229140k free)

vm_info: Java HotSpot(TM) 64-Bit Server VM (25.25-b02) for windows-amd64 JRE (1.8.0_25-b18), built on Oct  7 2014 14:25:37 by "java_re" with MS VC++ 10.0 (VS2010)

time: Fri Apr 24 11:39:44 2015
elapsed time: 49 seconds (0d 0h 0m 49s)

