#
# A fatal error has been detected by the Java Runtime Environment:
#
#  EXCEPTION_ACCESS_VIOLATION (0xc0000005) at pc=0x00000000750d8af4, pid=5784, tid=7004
#
# JRE version: Java(TM) SE Runtime Environment (8.0_25-b18) (build 1.8.0_25-b18)
# Java VM: Java HotSpot(TM) 64-Bit Server VM (25.25-b02 mixed mode windows-amd64 compressed oops)
# Problematic frame:
# C  [atio6axx.dll+0xed8af4]
#
# Failed to write core dump. Minidumps are not enabled by default on client versions of Windows
#
# If you would like to submit a bug report, please visit:
#   http://bugreport.sun.com/bugreport/crash.jsp
# The crash happened outside the Java Virtual Machine in native code.
# See problematic frame for where to report the bug.
#

---------------  T H R E A D  ---------------

Current thread (0x0000000019746800):  JavaThread "Animation Thread" [_thread_in_native, id=7004, stack(0x000000001c770000,0x000000001c870000)]

siginfo: ExceptionCode=0xc0000005, reading address 0x0000000000000010

Registers:
RAX=0x0000000075979618, RBX=0x000000002e445040, RCX=0x000000001f5d5e80, RDX=0x0000000000000000
RSP=0x000000001c86ebe0, RBP=0x0000000000000006, RSI=0x0000000000000000, RDI=0x000000001f36eb08
R8 =0x000000001c86e978, R9 =0x0000000000008000, R10=0x0000000000000000, R11=0x000000001c86eca8
R12=0x0000000000000000, R13=0x000000001fa8d198, R14=0x000000001c86eda0, R15=0x0000000019746800
RIP=0x00000000750d8af4, EFLAGS=0x0000000000010202

Top of Stack: (sp=0x000000001c86ebe0)
0x000000001c86ebe0:   0000000000b80000 000000002e445040
0x000000001c86ebf0:   0000000000000000 0000000000000002
0x000000001c86ec00:   0000000019746800 000000001fe27eb8
0x000000001c86ec10:   0000000000000006 00007ff960573252
0x000000001c86ec20:   0000000000000000 00007ff9605920b0
0x000000001c86ec30:   0000000019746800 000000001fe27eb8
0x000000001c86ec40:   0000000019746800 00007ff96056d83c
0x000000001c86ec50:   0000000000000000 000000001f36e960
0x000000001c86ec60:   0000000000000000 0000000000000006
0x000000001c86ec70:   000000002e445040 00007ff981c26388
0x000000001c86ec80:   0000000000000000 0000000000000000
0x000000001c86ec90:   000000001fa8d198 000000001f36eb08
0x000000001c86eca0:   0000000000000006 00007ff980284116
0x000000001c86ecb0:   000000001f5d5e80 000000001fe27e88
0x000000001c86ecc0:   000000001c86e978 0000000000008000
0x000000001c86ecd0:   000000001c86eda0 00007ff980281fba 

Instructions: (pc=0x00000000750d8af4)
0x00000000750d8ad4:   89 4b 20 4d 89 43 18 49 89 4b 08 55 57 41 55 41
0x00000000750d8ae4:   56 48 81 ec a8 00 00 00 4c 8b b4 24 f0 00 00 00
0x00000000750d8af4:   48 8b 7a 10 45 8b d1 4d 8b c8 4c 8b ea 4c 8b c1
0x00000000750d8b04:   4d 85 f6 0f 84 62 02 00 00 8b ac 24 f8 00 00 00 


Register to memory mapping:

RAX=0x0000000075979618 is an unknown value
RBX=0x000000002e445040 is an unknown value
RCX=0x000000001f5d5e80 is an unknown value
RDX=0x0000000000000000 is an unknown value
RSP=0x000000001c86ebe0 is pointing into the stack for thread: 0x0000000019746800
RBP=0x0000000000000006 is an unknown value
RSI=0x0000000000000000 is an unknown value
RDI=0x000000001f36eb08 is an unknown value
R8 =0x000000001c86e978 is pointing into the stack for thread: 0x0000000019746800
R9 =0x0000000000008000 is an unknown value
R10=0x0000000000000000 is an unknown value
R11=0x000000001c86eca8 is pointing into the stack for thread: 0x0000000019746800
R12=0x0000000000000000 is an unknown value
R13={method} {0x000000001fa8d1a0} 'jniStopDevice' '()V' in 'KinectPV2/Device'
R14=0x000000001c86eda0 is pointing into the stack for thread: 0x0000000019746800
R15=0x0000000019746800 is a thread


Stack: [0x000000001c770000,0x000000001c870000],  sp=0x000000001c86ebe0,  free space=1018k
Native frames: (J=compiled Java code, j=interpreted, Vv=VM code, C=native code)
C  [atio6axx.dll+0xed8af4]
C  [KinectPV2.dll+0x4116]
C  [KinectPV2.dll+0x1fba]
C  0x0000000002755b74

Java frames: (J=compiled Java code, j=interpreted, Vv=VM code)
j  KinectPV2.Device.jniStopDevice()V+0
j  KinectPV2.Device.stopDevice()V+41
j  KinectPV2.KinectPV2.dispose()V+14
v  ~StubRoutines::call_stub
j  sun.reflect.NativeMethodAccessorImpl.invoke0(Ljava/lang/reflect/Method;Ljava/lang/Object;[Ljava/lang/Object;)Ljava/lang/Object;+0
j  sun.reflect.NativeMethodAccessorImpl.invoke(Ljava/lang/Object;[Ljava/lang/Object;)Ljava/lang/Object;+100
J 1858 C1 sun.reflect.DelegatingMethodAccessorImpl.invoke(Ljava/lang/Object;[Ljava/lang/Object;)Ljava/lang/Object; (10 bytes) @ 0x0000000002e06444 [0x0000000002e06340+0x104]
J 1857 C1 java.lang.reflect.Method.invoke(Ljava/lang/Object;[Ljava/lang/Object;)Ljava/lang/Object; (62 bytes) @ 0x0000000002dfd724 [0x0000000002dfd340+0x3e4]
j  processing.core.PApplet$RegisteredMethods.handle([Ljava/lang/Object;)V+18
J 1735 C1 processing.core.PApplet.handleMethods(Ljava/lang/String;)V (21 bytes) @ 0x0000000002dbef5c [0x0000000002dbeca0+0x2bc]
j  processing.core.PApplet.dispose()V+35
j  processing.core.PApplet.run()V+283
j  java.lang.Thread.run()V+11
v  ~StubRoutines::call_stub

---------------  P R O C E S S  ---------------

Java Threads: ( => current thread )
  0x0000000019815800 JavaThread "Animation Thread-SharedResourceRunner" daemon [_thread_blocked, id=2600, stack(0x000000001ea40000,0x000000001eb40000)]
  0x000000000261e800 JavaThread "DestroyJavaVM" [_thread_blocked, id=6784, stack(0x0000000002470000,0x0000000002570000)]
  0x000000001973a000 JavaThread "D3D Screen Updater" daemon [_thread_blocked, id=7596, stack(0x000000001ca70000,0x000000001cb70000)]
=>0x0000000019746800 JavaThread "Animation Thread" [_thread_in_native, id=7004, stack(0x000000001c770000,0x000000001c870000)]
  0x0000000019710000 JavaThread "AWT-EventQueue-0" [_thread_blocked, id=6712, stack(0x000000001c570000,0x000000001c670000)]
  0x0000000019674000 JavaThread "AWT-Windows" daemon [_thread_in_native, id=8548, stack(0x0000000019f80000,0x000000001a080000)]
  0x0000000019673000 JavaThread "AWT-Shutdown" [_thread_blocked, id=8340, stack(0x0000000019e80000,0x0000000019f80000)]
  0x0000000019670800 JavaThread "Java2D Disposer" daemon [_thread_blocked, id=6212, stack(0x0000000019d80000,0x0000000019e80000)]
  0x0000000018528000 JavaThread "Service Thread" daemon [_thread_blocked, id=5704, stack(0x0000000018e80000,0x0000000018f80000)]
  0x00000000184b9800 JavaThread "C1 CompilerThread3" daemon [_thread_blocked, id=7736, stack(0x0000000018d80000,0x0000000018e80000)]
  0x00000000184b5000 JavaThread "C2 CompilerThread2" daemon [_thread_blocked, id=7052, stack(0x0000000018c80000,0x0000000018d80000)]
  0x00000000184ae800 JavaThread "C2 CompilerThread1" daemon [_thread_blocked, id=8488, stack(0x0000000018b80000,0x0000000018c80000)]
  0x00000000184a9800 JavaThread "C2 CompilerThread0" daemon [_thread_blocked, id=6044, stack(0x0000000018a80000,0x0000000018b80000)]
  0x00000000184a7000 JavaThread "Attach Listener" daemon [_thread_blocked, id=6848, stack(0x0000000018980000,0x0000000018a80000)]
  0x00000000184a6000 JavaThread "Signal Dispatcher" daemon [_thread_blocked, id=7812, stack(0x0000000018880000,0x0000000018980000)]
  0x0000000002738800 JavaThread "Finalizer" daemon [_thread_blocked, id=5404, stack(0x0000000018380000,0x0000000018480000)]
  0x000000001648c800 JavaThread "Reference Handler" daemon [_thread_blocked, id=8284, stack(0x0000000018280000,0x0000000018380000)]

Other Threads:
  0x0000000016488800 VMThread [stack: 0x0000000018180000,0x0000000018280000] [id=7876]
  0x0000000018532000 WatcherThread [stack: 0x0000000018f80000,0x0000000019080000] [id=8880]

VM state:not at safepoint (normal execution)

VM Mutex/Monitor currently owned by a thread: None

Heap:
 PSYoungGen      total 379392K, used 89276K [0x00000000e0400000, 0x00000000f9c80000, 0x0000000100000000)
  eden space 348672K, 25% used [0x00000000e0400000,0x00000000e5b07370,0x00000000f5880000)
  from space 30720K, 0% used [0x00000000f5880000,0x00000000f58a8000,0x00000000f7680000)
  to   space 30720K, 0% used [0x00000000f7e80000,0x00000000f7e80000,0x00000000f9c80000)
 ParOldGen       total 226816K, used 154981K [0x00000000a0c00000, 0x00000000ae980000, 0x00000000e0400000)
  object space 226816K, 68% used [0x00000000a0c00000,0x00000000aa3596b8,0x00000000ae980000)
 Metaspace       used 17860K, capacity 18057K, committed 18176K, reserved 1064960K
  class space    used 1718K, capacity 1761K, committed 1792K, reserved 1048576K

Card table byte_map: [0x0000000011b00000,0x0000000011e00000] byte_map_base: 0x00000000115fa000

Marking Bits: (ParMarkBitMap*) 0x00000000772bd490
 Begin Bits: [0x0000000012800000, 0x0000000013fd0000)
 End Bits:   [0x0000000013fd0000, 0x00000000157a0000)

Polling page: 0x0000000000b60000

CodeCache: size=245760Kb used=8080Kb max_used=8093Kb free=237680Kb
 bounds [0x0000000002740000, 0x0000000002f30000, 0x0000000011740000]
 total_blobs=3010 nmethods=2142 adapters=782
 compilation: enabled

Compilation events (10 events):
Event: 10.563 Thread 0x00000000184b5000 2142       4       jogamp.opengl.gl4.GL4bcImpl$1::create (56 bytes)
Event: 10.563 Thread 0x00000000184ae800 2143       4       jogamp.opengl.GLBufferObjectTracker$GLBufferStorageImpl::reset (9 bytes)
Event: 10.563 Thread 0x00000000184b9800 2144       2       javax.media.opengl.GLBufferStorage::reset (22 bytes)
Event: 10.563 Thread 0x00000000184b9800 nmethod 2144 0x0000000002f26390 code [0x0000000002f264e0, 0x0000000002f26650]
Event: 10.563 Thread 0x00000000184ae800 nmethod 2143 0x0000000002e77f50 code [0x0000000002e78080, 0x0000000002e780f8]
Event: 10.565 Thread 0x00000000184b5000 nmethod 2142 0x0000000002f27850 code [0x0000000002f279c0, 0x0000000002f27bc8]
Event: 10.575 Thread 0x00000000184a9800 2145  s    4       jogamp.opengl.GLBufferObjectTracker::createBufferStorage (459 bytes)
Event: 10.591 Thread 0x00000000184a9800 nmethod 2145 0x0000000002f2d510 code [0x0000000002f2d780, 0x0000000002f2e8e8]
Event: 10.623 Thread 0x00000000184b9800 2146       3       java.util.HashSet::<init> (16 bytes)
Event: 10.623 Thread 0x00000000184b9800 nmethod 2146 0x0000000002f270d0 code [0x0000000002f27260, 0x0000000002f27670]

GC Heap History (10 events):
Event: 8.731 GC heap before
{Heap before GC invocations=28 (full 3):
 PSYoungGen      total 363008K, used 340916K [0x00000000e0400000, 0x00000000f8a00000, 0x0000000100000000)
  eden space 331776K, 100% used [0x00000000e0400000,0x00000000f4800000,0x00000000f4800000)
  from space 31232K, 29% used [0x00000000f6b80000,0x00000000f746d020,0x00000000f8a00000)
  to   space 33792K, 0% used [0x00000000f4800000,0x00000000f4800000,0x00000000f6900000)
 ParOldGen       total 226816K, used 145945K [0x00000000a0c00000, 0x00000000ae980000, 0x00000000e0400000)
  object space 226816K, 64% used [0x00000000a0c00000,0x00000000a9a86698,0x00000000ae980000)
 Metaspace       used 17726K, capacity 17929K, committed 18176K, reserved 1064960K
  class space    used 1705K, capacity 1761K, committed 1792K, reserved 1048576K
Event: 8.734 GC heap after
Heap after GC invocations=28 (full 3):
 PSYoungGen      total 365568K, used 9172K [0x00000000e0400000, 0x00000000f8f80000, 0x0000000100000000)
  eden space 331776K, 0% used [0x00000000e0400000,0x00000000e0400000,0x00000000f4800000)
  from space 33792K, 27% used [0x00000000f4800000,0x00000000f50f5020,0x00000000f6900000)
  to   space 32256K, 0% used [0x00000000f7000000,0x00000000f7000000,0x00000000f8f80000)
 ParOldGen       total 226816K, used 145953K [0x00000000a0c00000, 0x00000000ae980000, 0x00000000e0400000)
  object space 226816K, 64% used [0x00000000a0c00000,0x00000000a9a88698,0x00000000ae980000)
 Metaspace       used 17726K, capacity 17929K, committed 18176K, reserved 1064960K
  class space    used 1705K, capacity 1761K, committed 1792K, reserved 1048576K
}
Event: 9.177 GC heap before
{Heap before GC invocations=29 (full 3):
 PSYoungGen      total 365568K, used 340948K [0x00000000e0400000, 0x00000000f8f80000, 0x0000000100000000)
  eden space 331776K, 100% used [0x00000000e0400000,0x00000000f4800000,0x00000000f4800000)
  from space 33792K, 27% used [0x00000000f4800000,0x00000000f50f5020,0x00000000f6900000)
  to   space 32256K, 0% used [0x00000000f7000000,0x00000000f7000000,0x00000000f8f80000)
 ParOldGen       total 226816K, used 145953K [0x00000000a0c00000, 0x00000000ae980000, 0x00000000e0400000)
  object space 226816K, 64% used [0x00000000a0c00000,0x00000000a9a88698,0x00000000ae980000)
 Metaspace       used 17729K, capacity 17929K, committed 18176K, reserved 1064960K
  class space    used 1705K, capacity 1761K, committed 1792K, reserved 1048576K
Event: 9.182 GC heap after
Heap after GC invocations=29 (full 3):
 PSYoungGen      total 372736K, used 17208K [0x00000000e0400000, 0x00000000f8f80000, 0x0000000100000000)
  eden space 340480K, 0% used [0x00000000e0400000,0x00000000e0400000,0x00000000f5080000)
  from space 32256K, 53% used [0x00000000f7000000,0x00000000f80ce030,0x00000000f8f80000)
  to   space 32256K, 0% used [0x00000000f5080000,0x00000000f5080000,0x00000000f7000000)
 ParOldGen       total 226816K, used 146001K [0x00000000a0c00000, 0x00000000ae980000, 0x00000000e0400000)
  object space 226816K, 64% used [0x00000000a0c00000,0x00000000a9a94698,0x00000000ae980000)
 Metaspace       used 17729K, capacity 17929K, committed 18176K, reserved 1064960K
  class space    used 1705K, capacity 1761K, committed 1792K, reserved 1048576K
}
Event: 9.628 GC heap before
{Heap before GC invocations=30 (full 3):
 PSYoungGen      total 372736K, used 357688K [0x00000000e0400000, 0x00000000f8f80000, 0x0000000100000000)
  eden space 340480K, 100% used [0x00000000e0400000,0x00000000f5080000,0x00000000f5080000)
  from space 32256K, 53% used [0x00000000f7000000,0x00000000f80ce030,0x00000000f8f80000)
  to   space 32256K, 0% used [0x00000000f5080000,0x00000000f5080000,0x00000000f7000000)
 ParOldGen       total 226816K, used 146001K [0x00000000a0c00000, 0x00000000ae980000, 0x00000000e0400000)
  object space 226816K, 64% used [0x00000000a0c00000,0x00000000a9a94698,0x00000000ae980000)
 Metaspace       used 17730K, capacity 17929K, committed 18176K, reserved 1064960K
  class space    used 1705K, capacity 1761K, committed 1792K, reserved 1048576K
Event: 9.632 GC heap after
Heap after GC invocations=30 (full 3):
 PSYoungGen      total 372736K, used 9172K [0x00000000e0400000, 0x00000000f9480000, 0x0000000100000000)
  eden space 340480K, 0% used [0x00000000e0400000,0x00000000e0400000,0x00000000f5080000)
  from space 32256K, 28% used [0x00000000f5080000,0x00000000f5975020,0x00000000f7000000)
  to   space 30720K, 0% used [0x00000000f7680000,0x00000000f7680000,0x00000000f9480000)
 ParOldGen       total 226816K, used 146001K [0x00000000a0c00000, 0x00000000ae980000, 0x00000000e0400000)
  object space 226816K, 64% used [0x00000000a0c00000,0x00000000a9a94698,0x00000000ae980000)
 Metaspace       used 17730K, capacity 17929K, committed 18176K, reserved 1064960K
  class space    used 1705K, capacity 1761K, committed 1792K, reserved 1048576K
}
Event: 10.051 GC heap before
{Heap before GC invocations=31 (full 3):
 PSYoungGen      total 372736K, used 343697K [0x00000000e0400000, 0x00000000f9480000, 0x0000000100000000)
  eden space 340480K, 98% used [0x00000000e0400000,0x00000000f4aaf648,0x00000000f5080000)
  from space 32256K, 28% used [0x00000000f5080000,0x00000000f5975020,0x00000000f7000000)
  to   space 30720K, 0% used [0x00000000f7680000,0x00000000f7680000,0x00000000f9480000)
 ParOldGen       total 226816K, used 146001K [0x00000000a0c00000, 0x00000000ae980000, 0x00000000e0400000)
  object space 226816K, 64% used [0x00000000a0c00000,0x00000000a9a94698,0x00000000ae980000)
 Metaspace       used 17740K, capacity 17929K, committed 18176K, reserved 1064960K
  class space    used 1705K, capacity 1761K, committed 1792K, reserved 1048576K
Event: 10.060 GC heap after
Heap after GC invocations=31 (full 3):
 PSYoungGen      total 379392K, used 224K [0x00000000e0400000, 0x00000000f9600000, 0x0000000100000000)
  eden space 348672K, 0% used [0x00000000e0400000,0x00000000e0400000,0x00000000f5880000)
  from space 30720K, 0% used [0x00000000f7680000,0x00000000f76b8000,0x00000000f9480000)
  to   space 30720K, 0% used [0x00000000f5880000,0x00000000f5880000,0x00000000f7680000)
 ParOldGen       total 226816K, used 154973K [0x00000000a0c00000, 0x00000000ae980000, 0x00000000e0400000)
  object space 226816K, 68% used [0x00000000a0c00000,0x00000000aa3576b8,0x00000000ae980000)
 Metaspace       used 17740K, capacity 17929K, committed 18176K, reserved 1064960K
  class space    used 1705K, capacity 1761K, committed 1792K, reserved 1048576K
}
Event: 10.507 GC heap before
{Heap before GC invocations=32 (full 3):
 PSYoungGen      total 379392K, used 348694K [0x00000000e0400000, 0x00000000f9600000, 0x0000000100000000)
  eden space 348672K, 99% used [0x00000000e0400000,0x00000000f584da58,0x00000000f5880000)
  from space 30720K, 0% used [0x00000000f7680000,0x00000000f76b8000,0x00000000f9480000)
  to   space 30720K, 0% used [0x00000000f5880000,0x00000000f5880000,0x00000000f7680000)
 ParOldGen       total 226816K, used 154973K [0x00000000a0c00000, 0x00000000ae980000, 0x00000000e0400000)
  object space 226816K, 68% used [0x00000000a0c00000,0x00000000aa3576b8,0x00000000ae980000)
 Metaspace       used 17815K, capacity 17993K, committed 18176K, reserved 1064960K
  class space    used 1705K, capacity 1761K, committed 1792K, reserved 1048576K
Event: 10.508 GC heap after
Heap after GC invocations=32 (full 3):
 PSYoungGen      total 379392K, used 160K [0x00000000e0400000, 0x00000000f9c80000, 0x0000000100000000)
  eden space 348672K, 0% used [0x00000000e0400000,0x00000000e0400000,0x00000000f5880000)
  from space 30720K, 0% used [0x00000000f5880000,0x00000000f58a8000,0x00000000f7680000)
  to   space 30720K, 0% used [0x00000000f7e80000,0x00000000f7e80000,0x00000000f9c80000)
 ParOldGen       total 226816K, used 154981K [0x00000000a0c00000, 0x00000000ae980000, 0x00000000e0400000)
  object space 226816K, 68% used [0x00000000a0c00000,0x00000000aa3596b8,0x00000000ae980000)
 Metaspace       used 17815K, capacity 17993K, committed 18176K, reserved 1064960K
  class space    used 1705K, capacity 1761K, committed 1792K, reserved 1048576K
}

Deoptimization events (10 events):
Event: 3.155 Thread 0x0000000019710000 Uncommon trap: reason=unreached action=reinterpret pc=0x0000000002b3f9c0 method=processing.opengl.PGraphicsOpenGL$InGeometry.addVertex(FFFIFFFFFIFIIIFIZ)I @ 218
Event: 3.707 Thread 0x0000000019710000 Uncommon trap: reason=unreached action=reinterpret pc=0x0000000002a03970 method=java.lang.reflect.AccessibleObject.setAccessible0(Ljava/lang/reflect/AccessibleObject;Z)V @ 4
Event: 10.431 Thread 0x0000000019710000 Uncommon trap: reason=speculate_class_check action=maybe_recompile pc=0x0000000002f1e464 method=com.jogamp.common.nio.Buffers.getDirectBufferByteOffset(Ljava/lang/Object;)I @ 22
Event: 10.440 Thread 0x0000000019710000 Uncommon trap: reason=speculate_class_check action=maybe_recompile pc=0x0000000002f1e464 method=com.jogamp.common.nio.Buffers.getDirectBufferByteOffset(Ljava/lang/Object;)I @ 22
Event: 10.441 Thread 0x0000000019710000 Uncommon trap: reason=speculate_class_check action=maybe_recompile pc=0x0000000002f1e464 method=com.jogamp.common.nio.Buffers.getDirectBufferByteOffset(Ljava/lang/Object;)I @ 22
Event: 10.441 Thread 0x0000000019710000 Uncommon trap: reason=speculate_class_check action=maybe_recompile pc=0x0000000002f1e464 method=com.jogamp.common.nio.Buffers.getDirectBufferByteOffset(Ljava/lang/Object;)I @ 22
Event: 10.575 Thread 0x0000000019710000 Uncommon trap: reason=speculate_class_check action=maybe_recompile pc=0x0000000002f27b5c method=com.jogamp.common.nio.Buffers.getDirectBufferByteOffset(Ljava/lang/Object;)I @ 22
Event: 10.575 Thread 0x0000000019710000 Uncommon trap: reason=speculate_class_check action=maybe_recompile pc=0x0000000002f27b5c method=com.jogamp.common.nio.Buffers.getDirectBufferByteOffset(Ljava/lang/Object;)I @ 22
Event: 10.592 Thread 0x0000000019710000 Uncommon trap: reason=speculate_class_check action=maybe_recompile pc=0x0000000002f2e5d0 method=com.jogamp.common.nio.Buffers.getDirectBufferByteOffset(Ljava/lang/Object;)I @ 31
Event: 10.592 Thread 0x0000000019710000 Uncommon trap: reason=speculate_class_check action=maybe_recompile pc=0x0000000002f2e5d0 method=com.jogamp.common.nio.Buffers.getDirectBufferByteOffset(Ljava/lang/Object;)I @ 31

Internal exceptions (10 events):
Event: 2.997 Thread 0x0000000019710000 Exception <a 'java/security/PrivilegedActionException'> (0x00000000e3d44488) thrown at [D:\re\workspace\8-2-build-windows-amd64-cygwin\jdk8u25\1677\hotspot\src\share\vm\prims\jvm.cpp, line 1312]
Event: 2.998 Thread 0x0000000019710000 Exception <a 'java/security/PrivilegedActionException'> (0x00000000e3d48348) thrown at [D:\re\workspace\8-2-build-windows-amd64-cygwin\jdk8u25\1677\hotspot\src\share\vm\prims\jvm.cpp, line 1312]
Event: 2.998 Thread 0x0000000019710000 Exception <a 'java/security/PrivilegedActionException'> (0x00000000e3d4c750) thrown at [D:\re\workspace\8-2-build-windows-amd64-cygwin\jdk8u25\1677\hotspot\src\share\vm\prims\jvm.cpp, line 1312]
Event: 2.998 Thread 0x0000000019710000 Exception <a 'java/security/PrivilegedActionException'> (0x00000000e3d50b38) thrown at [D:\re\workspace\8-2-build-windows-amd64-cygwin\jdk8u25\1677\hotspot\src\share\vm\prims\jvm.cpp, line 1312]
Event: 2.998 Thread 0x0000000019710000 Exception <a 'java/security/PrivilegedActionException'> (0x00000000e3d54690) thrown at [D:\re\workspace\8-2-build-windows-amd64-cygwin\jdk8u25\1677\hotspot\src\share\vm\prims\jvm.cpp, line 1312]
Event: 2.998 Thread 0x0000000019710000 Exception <a 'java/security/PrivilegedActionException'> (0x00000000e3d58e90) thrown at [D:\re\workspace\8-2-build-windows-amd64-cygwin\jdk8u25\1677\hotspot\src\share\vm\prims\jvm.cpp, line 1312]
Event: 2.999 Thread 0x0000000019710000 Exception <a 'java/security/PrivilegedActionException'> (0x00000000e3d5c5c8) thrown at [D:\re\workspace\8-2-build-windows-amd64-cygwin\jdk8u25\1677\hotspot\src\share\vm\prims\jvm.cpp, line 1312]
Event: 2.999 Thread 0x0000000019710000 Exception <a 'java/security/PrivilegedActionException'> (0x00000000e3d60510) thrown at [D:\re\workspace\8-2-build-windows-amd64-cygwin\jdk8u25\1677\hotspot\src\share\vm\prims\jvm.cpp, line 1312]
Event: 3.000 Thread 0x0000000019710000 Exception <a 'java/security/PrivilegedActionException'> (0x00000000e3d66420) thrown at [D:\re\workspace\8-2-build-windows-amd64-cygwin\jdk8u25\1677\hotspot\src\share\vm\prims\jvm.cpp, line 1312]
Event: 3.013 Thread 0x0000000019710000 Exception <a 'java/security/PrivilegedActionException'> (0x00000000e3e41a30) thrown at [D:\re\workspace\8-2-build-windows-amd64-cygwin\jdk8u25\1677\hotspot\src\share\vm\prims\jvm.cpp, line 1312]

Events (10 events):
Event: 10.591 loading class javax/swing/Popup$HeavyWeightWindow done
Event: 10.591 loading class java/awt/AWTEvent$2
Event: 10.591 loading class java/awt/AWTEvent$2 done
Event: 10.592 Thread 0x0000000019710000 Uncommon trap: trap_request=0xffffff76 fr.pc=0x0000000002f2e5d0
Event: 10.592 Thread 0x0000000019710000 DEOPT PACKING pc=0x0000000002f2e5d0 sp=0x000000001c66d4f0
Event: 10.592 Thread 0x0000000019710000 DEOPT UNPACKING pc=0x000000000278556a sp=0x000000001c66d340 mode 2
Event: 10.592 Thread 0x0000000019710000 Uncommon trap: trap_request=0xffffff76 fr.pc=0x0000000002f2e5d0
Event: 10.592 Thread 0x0000000019710000 DEOPT PACKING pc=0x0000000002f2e5d0 sp=0x000000001c66d4f0
Event: 10.592 Thread 0x0000000019710000 DEOPT UNPACKING pc=0x000000000278556a sp=0x000000001c66d340 mode 2
Event: 10.624 Thread 0x0000000019814800 Thread exited: 0x0000000019814800


Dynamic libraries:
0x00007ff669010000 - 0x00007ff669044000 	C:\Program Files\Java\jre1.8.0_25\bin\javaw.exe
0x00007ff98c320000 - 0x00007ff98c4cc000 	C:\WINDOWS\SYSTEM32\ntdll.dll
0x00007ff989d20000 - 0x00007ff989e5e000 	C:\WINDOWS\system32\KERNEL32.DLL
0x00007ff9897d0000 - 0x00007ff9898e5000 	C:\WINDOWS\system32\KERNELBASE.dll
0x00007ff987ff0000 - 0x00007ff98807e000 	C:\WINDOWS\system32\apphelp.dll
0x00007ff973750000 - 0x00007ff9737a3000 	C:\WINDOWS\AppPatch\AppPatch64\AcGenral.DLL
0x00007ff98a220000 - 0x00007ff98a2ca000 	C:\WINDOWS\system32\msvcrt.dll
0x00007ff9892a0000 - 0x00007ff9892ce000 	C:\WINDOWS\SYSTEM32\SspiCli.dll
0x00007ff98b980000 - 0x00007ff98b9d4000 	C:\WINDOWS\system32\SHLWAPI.dll
0x00007ff989f00000 - 0x00007ff98a077000 	C:\WINDOWS\system32\USER32.dll
0x00007ff98bb50000 - 0x00007ff98bce4000 	C:\WINDOWS\system32\ole32.dll
0x00007ff98a390000 - 0x00007ff98b8a8000 	C:\WINDOWS\system32\SHELL32.dll
0x00007ff988a10000 - 0x00007ff988a31000 	C:\WINDOWS\SYSTEM32\USERENV.dll
0x00007ff989c10000 - 0x00007ff989cba000 	C:\WINDOWS\system32\ADVAPI32.dll
0x00007ff97c880000 - 0x00007ff97c89e000 	C:\WINDOWS\SYSTEM32\MPR.dll
0x00007ff98b9e0000 - 0x00007ff98bb21000 	C:\WINDOWS\system32\RPCRT4.dll
0x00007ff9899a0000 - 0x00007ff9899f9000 	C:\WINDOWS\SYSTEM32\sechost.dll
0x00007ff98bed0000 - 0x00007ff98c0e1000 	C:\WINDOWS\SYSTEM32\combase.dll
0x00007ff98a0c0000 - 0x00007ff98a211000 	C:\WINDOWS\system32\GDI32.dll
0x00007ff989470000 - 0x00007ff989485000 	C:\WINDOWS\SYSTEM32\profapi.dll
0x00007ff987810000 - 0x00007ff9878c2000 	C:\WINDOWS\SYSTEM32\SHCORE.dll
0x00007ff98a080000 - 0x00007ff98a0b6000 	C:\WINDOWS\system32\IMM32.DLL
0x00007ff98c1c0000 - 0x00007ff98c312000 	C:\WINDOWS\system32\MSCTF.dll
0x00007ff986b90000 - 0x00007ff986e0b000 	C:\WINDOWS\WinSxS\amd64_microsoft.windows.common-controls_6595b64144ccf1df_6.0.9600.17415_none_6240486fecbd8abb\COMCTL32.dll
0x0000000075f50000 - 0x0000000076022000 	C:\Program Files\Java\jre1.8.0_25\bin\msvcr100.dll
0x0000000076ae0000 - 0x000000007733a000 	C:\Program Files\Java\jre1.8.0_25\bin\server\jvm.dll
0x00007ff9707d0000 - 0x00007ff9707d9000 	C:\WINDOWS\SYSTEM32\WSOCK32.dll
0x00007ff97ca00000 - 0x00007ff97ca22000 	C:\WINDOWS\SYSTEM32\WINMM.dll
0x00007ff989e80000 - 0x00007ff989e87000 	C:\WINDOWS\system32\PSAPI.DLL
0x00007ff989a00000 - 0x00007ff989a5a000 	C:\WINDOWS\system32\WS2_32.dll
0x00007ff97c8d0000 - 0x00007ff97c8fa000 	C:\WINDOWS\SYSTEM32\WINMMBASE.dll
0x00007ff98bb30000 - 0x00007ff98bb39000 	C:\WINDOWS\system32\NSI.dll
0x00007ff989950000 - 0x00007ff98999f000 	C:\WINDOWS\SYSTEM32\cfgmgr32.dll
0x00007ff988260000 - 0x00007ff988288000 	C:\WINDOWS\SYSTEM32\DEVOBJ.dll
0x0000000076ad0000 - 0x0000000076adf000 	C:\Program Files\Java\jre1.8.0_25\bin\verify.dll
0x0000000076aa0000 - 0x0000000076ac8000 	C:\Program Files\Java\jre1.8.0_25\bin\java.dll
0x0000000076a80000 - 0x0000000076a96000 	C:\Program Files\Java\jre1.8.0_25\bin\zip.dll
0x0000000075db0000 - 0x0000000075f48000 	C:\Program Files\Java\jre1.8.0_25\bin\awt.dll
0x00007ff98c0f0000 - 0x00007ff98c1b1000 	C:\WINDOWS\system32\OLEAUT32.dll
0x00007ff987610000 - 0x00007ff987631000 	C:\WINDOWS\system32\DWMAPI.DLL
0x00007ff988130000 - 0x00007ff988259000 	C:\WINDOWS\system32\uxtheme.dll
0x00007ff9882b0000 - 0x00007ff9882bb000 	C:\WINDOWS\SYSTEM32\kernel.appcore.dll
0x00007ff989340000 - 0x00007ff98934b000 	C:\WINDOWS\SYSTEM32\CRYPTBASE.dll
0x00007ff9892d0000 - 0x00007ff989333000 	C:\WINDOWS\SYSTEM32\bcryptPrimitives.dll
0x00007ff97e8c0000 - 0x00007ff97eae1000 	C:\WINDOWS\system32\d3d9.dll
0x00007ff987180000 - 0x00007ff98718a000 	C:\WINDOWS\SYSTEM32\VERSION.dll
0x00007ff986970000 - 0x00007ff986abb000 	C:\WINDOWS\SYSTEM32\aticfx64.dll
0x00007ff965270000 - 0x00007ff965291000 	C:\WINDOWS\SYSTEM32\atiu9p64.dll
0x00007ff964a80000 - 0x00007ff965265000 	C:\WINDOWS\SYSTEM32\atiumd64.dll
0x0000000076110000 - 0x00000000768c7000 	C:\WINDOWS\SYSTEM32\atiumd6a.dll
0x00000000769f0000 - 0x0000000076a37000 	C:\Program Files\Java\jre1.8.0_25\bin\fontmanager.dll
0x00007ff988ce0000 - 0x00007ff988d00000 	C:\WINDOWS\SYSTEM32\CRYPTSP.dll
0x00007ff988900000 - 0x00007ff988936000 	C:\WINDOWS\system32\rsaenh.dll
0x00007ff988f90000 - 0x00007ff988fb6000 	C:\WINDOWS\SYSTEM32\bcrypt.dll
0x0000000076a60000 - 0x0000000076a7a000 	C:\Program Files\Java\jre1.8.0_25\bin\net.dll
0x00007ff988c80000 - 0x00007ff988cd9000 	C:\WINDOWS\system32\mswsock.dll
0x00007ff9860b0000 - 0x00007ff9860da000 	C:\WINDOWS\SYSTEM32\IPHLPAPI.DLL
0x00007ff986050000 - 0x00007ff98605a000 	C:\WINDOWS\SYSTEM32\WINNSI.DLL
0x00007ff9841e0000 - 0x00007ff9841f6000 	C:\WINDOWS\SYSTEM32\dhcpcsvc6.DLL
0x00007ff984380000 - 0x00007ff98439a000 	C:\WINDOWS\SYSTEM32\dhcpcsvc.DLL
0x0000000076a40000 - 0x0000000076a51000 	C:\Program Files\Java\jre1.8.0_25\bin\nio.dll
0x00000000637c0000 - 0x00000000637cd000 	S:\Users\Ben\AppData\Local\Temp\jogamp_0000\file_cache\jln5782294836736809818\jln2305141639206311511\gluegen-rt.dll
0x00000000769e0000 - 0x00000000769e7000 	C:\Program Files\Java\jre1.8.0_25\bin\jawt.dll
0x000000006a440000 - 0x000000006a44d000 	S:\Users\Ben\AppData\Local\Temp\jogamp_0000\file_cache\jln5782294836736809818\jln2305141639206311511\nativewindow_awt.dll
0x000000006c100000 - 0x000000006c10f000 	S:\Users\Ben\AppData\Local\Temp\jogamp_0000\file_cache\jln5782294836736809818\jln2305141639206311511\nativewindow_win32.dll
0x00007ff960620000 - 0x00007ff96074b000 	C:\WINDOWS\SYSTEM32\OpenGL32.dll
0x00007ff97d7c0000 - 0x00007ff97d7ee000 	C:\WINDOWS\SYSTEM32\GLU32.dll
0x00007ff966bf0000 - 0x00007ff966ce8000 	C:\WINDOWS\SYSTEM32\DDRAW.dll
0x00007ff980290000 - 0x00007ff980299000 	C:\WINDOWS\SYSTEM32\DCIMAN32.dll
0x0000000064500000 - 0x00000000645a2000 	S:\Users\Ben\AppData\Local\Temp\jogamp_0000\file_cache\jln5782294836736809818\jln2305141639206311511\jogl_desktop.dll
0x00007ff97d720000 - 0x00007ff97d738000 	C:\WINDOWS\SYSTEM32\atig6pxx.dll
0x0000000074200000 - 0x0000000075daf000 	C:\WINDOWS\SYSTEM32\atio6axx.dll
0x00007ff98bcf0000 - 0x00007ff98beca000 	C:\WINDOWS\system32\SETUPAPI.dll
0x00007ff986120000 - 0x00007ff986257000 	C:\WINDOWS\SYSTEM32\atiadlxx.dll
0x00007ff986710000 - 0x00007ff98688f000 	C:\WINDOWS\SYSTEM32\PROPSYS.dll
0x00007ff988080000 - 0x00007ff988092000 	C:\WINDOWS\SYSTEM32\WTSAPI32.dll
0x00007ff9898f0000 - 0x00007ff989941000 	C:\WINDOWS\system32\WINTRUST.dll
0x00007ff989540000 - 0x00007ff98971f000 	C:\WINDOWS\system32\CRYPT32.dll
0x00007ff989520000 - 0x00007ff989531000 	C:\WINDOWS\system32\MSASN1.dll
0x00007ff973720000 - 0x00007ff973749000 	C:\WINDOWS\SYSTEM32\atig6txx.dll
0x00007ff95c1a0000 - 0x00007ff95c33c000 	O:\OneDrive\Workspace\ZZavatar\lib\user\KinectPV2\Kinect20.Face.dll
0x00007ff97c900000 - 0x00007ff97c9a7000 	C:\WINDOWS\SYSTEM32\MSVCP110.dll
0x00007ff981bc0000 - 0x00007ff981c8e000 	C:\WINDOWS\SYSTEM32\MSVCR110.dll
0x00007ff980280000 - 0x00007ff980290000 	O:\OneDrive\Workspace\ZZavatar\lib\user\KinectPV2\KinectPV2.dll
0x00007ff960560000 - 0x00007ff96061a000 	C:\WINDOWS\SYSTEM32\Kinect20.dll
0x00007ff97ca30000 - 0x00007ff97cb1b000 	C:\WINDOWS\SYSTEM32\MFPlat.DLL
0x00007ff97c8a0000 - 0x00007ff97c8c7000 	C:\WINDOWS\SYSTEM32\RTWorkQ.DLL
0x00007ff987050000 - 0x00007ff98705c000 	C:\WINDOWS\SYSTEM32\AVRT.dll
0x00007ff963e10000 - 0x00007ff963f9a000 	C:\WINDOWS\SYSTEM32\dbghelp.dll

VM Arguments:
jvm_args: -Djava.library.path=O:\OneDrive\Workspace\ZZavatar\lib\base\video;O:\OneDrive\Workspace\ZZavatar\lib\base\video;O:\OneDrive\Workspace\ZZavatar\lib\base\video;O:\OneDrive\Workspace\ZZavatar\lib\base\core;O:\OneDrive\Workspace\ZZavatar\lib\base\core;O:\OneDrive\Workspace\ZZavatar\lib\base\core;O:\OneDrive\Workspace\ZZavatar\lib\base\core;O:\OneDrive\Workspace\ZZavatar\lib\base\core;O:\OneDrive\Workspace\ZZavatar\lib\base\core;O:\OneDrive\Workspace\ZZavatar\lib\base\core;O:\OneDrive\Workspace\ZZavatar\lib\base\core;O:\OneDrive\Workspace\ZZavatar\lib\base\core;O:\OneDrive\Workspace\ZZavatar\lib\base\core;O:\OneDrive\Workspace\ZZavatar\lib\base\core;O:\OneDrive\Workspace\ZZavatar\lib\base\core;O:\OneDrive\Workspace\ZZavatar\lib\base\core;O:\OneDrive\Workspace\ZZavatar\lib\base\core;O:\OneDrive\Workspace\ZZavatar\lib\base\core;O:\OneDrive\Workspace\ZZavatar\lib\user\Kinect4WinSDK;O:\OneDrive\Workspace\ZZavatar\lib\user\KinectPV2;O:\OneDrive\Workspace\ZZavatar\lib\user\SimpleOpenNI -Dfile.encoding=Cp1252 
java_command: zzavatar.ZZavatar
java_class_path (initial): O:\OneDrive\Workspace\ZZavatar\lib\base\video\gstreamer-java.jar;O:\OneDrive\Workspace\ZZavatar\lib\base\video\jna.jar;O:\OneDrive\Workspace\ZZavatar\lib\base\video\video.jar;O:\OneDrive\Workspace\ZZavatar\lib\base\core\core.jar;O:\OneDrive\Workspace\ZZavatar\lib\base\core\gluegen-rt-natives-linux-amd64.jar;O:\OneDrive\Workspace\ZZavatar\lib\base\core\gluegen-rt-natives-linux-armv6hf.jar;O:\OneDrive\Workspace\ZZavatar\lib\base\core\gluegen-rt-natives-linux-i586.jar;O:\OneDrive\Workspace\ZZavatar\lib\base\core\gluegen-rt-natives-macosx-universal.jar;O:\OneDrive\Workspace\ZZavatar\lib\base\core\gluegen-rt-natives-windows-amd64.jar;O:\OneDrive\Workspace\ZZavatar\lib\base\core\gluegen-rt-natives-windows-i586.jar;O:\OneDrive\Workspace\ZZavatar\lib\base\core\gluegen-rt.jar;O:\OneDrive\Workspace\ZZavatar\lib\base\core\jogl-all-natives-linux-amd64.jar;O:\OneDrive\Workspace\ZZavatar\lib\base\core\jogl-all-natives-linux-armv6hf.jar;O:\OneDrive\Workspace\ZZavatar\lib\base\core\jogl-all-natives-linux-i586.jar;O:\OneDrive\Workspace\ZZavatar\lib\base\core\jogl-all-natives-macosx-universal.jar;O:\OneDrive\Workspace\ZZavatar\lib\base\core\jogl-all-natives-windows-amd64.jar;O:\OneDrive\Workspace\ZZavatar\lib\base\core\jogl-all-natives-windows-i586.jar;O:\OneDrive\Workspace\ZZavatar\lib\base\core\jogl-all.jar;O:\OneDrive\Workspace\ZZavatar\lib\user\Kinect4WinSDK\Kinect4WinSDK.jar;O:\OneDrive\Workspace\ZZavatar\lib\user\KinectPV2\KinectPV2.jar;O:\OneDrive\Workspace\ZZavatar\lib\user\SimpleOpenNI\SimpleOpenNI.jar;O:\OneDrive\Workspace\ZZavatar\bin
Launcher Type: SUN_STANDARD

Environment Variables:
JAVA_HOME=C:\Program Files\Java\jdk1.8.0_25
PATH=C:/Program Files/Java/jre1.8.0_25/bin/server;C:/Program Files/Java/jre1.8.0_25/bin;C:/Program Files/Java/jre1.8.0_25/lib/amd64;C:\Program Files (x86)\NVIDIA Corporation\PhysX\Common;C:\ProgramData\Oracle\Java\javapath;C:\Program Files (x86)\Common Files\Intel\Shared Libraries\redist\intel64\compiler;C:\Program Files (x86)\Common Files\Intel\Shared Libraries\redist\ia32\compiler;C:\Program Files (x86)\Intel\iCLS Client\;C:\Program Files\Intel\iCLS Client\;C:\Program Files (x86)\AMD APP\bin\x86_64;C:\Program Files (x86)\AMD APP\bin\x86;C:\WINDOWS\system32;C:\WINDOWS;C:\WINDOWS\System32\Wbem;C:\WINDOWS\System32\WindowsPowerShell\v1.0\;C:\Program Files (x86)\ATI Technologies\ATI.ACE\Core-Static;C:\Program Files\Intel\Intel(R) Management Engine Components\DAL;C:\Program Files\Intel\Intel(R) Management Engine Components\IPT;C:\Program Files (x86)\Intel\Intel(R) Management Engine Components\DAL;C:\Program Files (x86)\Intel\Intel(R) Management Engine Components\IPT;C:\Program Files\Sony\VAIO Improvement\;C:\Program Files (x86)\Sony\VAIO Startup Setting Tool;C:\Program Files (x86)\Windows Kits\8.1\Windows Performance Toolkit\;C:\Program Files\Microsoft SQL Server\110\Tools\Binn\;C:\Program Files (x86)\Microsoft SDKs\TypeScript\1.0\;C:\Program Files\Microsoft\Web Platform Installer\;C:\Program Files (x86)\Java\jre1.8.0_25\bin;P:\Programs\Python27\Scripts;P:\Programs\Python27;C:\Program Files\Common Files\Autodesk Shared\;P:\Program Files\Programs;P:\Program Files\Games;P:\Programs\Eclipse;
USERNAME=Benoît
OS=Windows_NT
PROCESSOR_IDENTIFIER=Intel64 Family 6 Model 58 Stepping 9, GenuineIntel



---------------  S Y S T E M  ---------------

OS: Windows 8.1 , 64 bit Build 9600 

CPU:total 8 (4 cores per cpu, 2 threads per core) family 6 model 58 stepping 9, cmov, cx8, fxsr, mmx, sse, sse2, sse3, ssse3, sse4.1, sse4.2, popcnt, avx, aes, clmul, erms, ht, tsc, tscinvbit, tscinv

Memory: 4k page, physical 6237468k(1720268k free), swap 10431772k(4512260k free)

vm_info: Java HotSpot(TM) 64-Bit Server VM (25.25-b02) for windows-amd64 JRE (1.8.0_25-b18), built on Oct  7 2014 14:25:37 by "java_re" with MS VC++ 10.0 (VS2010)

time: Fri Apr 24 15:13:45 2015
elapsed time: 10 seconds (0d 0h 0m 10s)

