#
# A fatal error has been detected by the Java Runtime Environment:
#
#  EXCEPTION_ACCESS_VIOLATION (0xc0000005) at pc=0x00007ff966a14110, pid=4776, tid=6700
#
# JRE version: Java(TM) SE Runtime Environment (8.0_31-b13) (build 1.8.0_31-b13)
# Java VM: Java HotSpot(TM) 64-Bit Server VM (25.31-b07 mixed mode windows-amd64 compressed oops)
# Problematic frame:
# C  [KinectPV2.dll+0x4110]
#
# Failed to write core dump. Minidumps are not enabled by default on client versions of Windows
#
# If you would like to submit a bug report, please visit:
#   http://bugreport.java.com/bugreport/crash.jsp
# The crash happened outside the Java Virtual Machine in native code.
# See problematic frame for where to report the bug.
#

---------------  T H R E A D  ---------------

Current thread (0x000000001f517000):  JavaThread "Animation Thread" [_thread_in_native, id=6700, stack(0x0000000022540000,0x0000000022640000)]

siginfo: ExceptionCode=0xc0000005, reading address 0xffffffffffffffff

Registers:
RAX=0x0000000000000001, RBX=0x0000000034c87040, RCX=0x002073760b00000b, RDX=0x0000000000000000
RSP=0x000000002263ecc0, RBP=0x0000000000000006, RSI=0x0000000000000000, RDI=0x00000000256ea6d8
R8 =0x000000002263e988, R9 =0x0000000000008000, R10=0x0000000000000000, R11=0x000000002263ebc0
R12=0x0000000000000000, R13=0x000000002634e9e0, R14=0x0000000000000000, R15=0x000000001f517000
RIP=0x00007ff966a14110, EFLAGS=0x0000000000010202

Top of Stack: (sp=0x000000002263ecc0)
0x000000002263ecc0:   00000000256ea6a8 0000000025f0e3c8
0x000000002263ecd0:   00000000256ea6a8 0000000000000000
0x000000002263ece0:   000000002263edb0 00007ff966a11fba
0x000000002263ecf0:   000000002263edb0 000000002263ed90
0x000000002263ed00:   000000001f5171e8 000000001f4cdae0
0x000000002263ed10:   00000006cacb2000 0000000002ae5534
0x000000002263ed20:   000000002634e9e0 0000000000000029
0x000000002263ed30:   0000000000000029 000000001f517000
0x000000002263ed40:   000000002263ee08 0000000002ae5262
0x000000002263ed50:   000000002263ed50 000000002634e9e0
0x000000002263ed60:   000000002263edb0 0000000026350028
0x000000002263ed70:   0000000000000000 000000002634e9e0
0x000000002263ed80:   0000000000000000 000000002263edb0
0x000000002263ed90:   000000002263edf8 0000000002ad7a2d
0x000000002263eda0:   0000000000000000 0000000002adf6b8
0x000000002263edb0:   00000006ca491c50 000000002263edb8 

Instructions: (pc=0x00007ff966a14110)
0x00007ff966a140f0:   89 77 d0 48 8b 0f 48 85 c9 74 09 48 8b 01 ff 50
0x00007ff966a14100:   10 4c 89 37 48 8b 8f 90 00 00 00 48 85 c9 74 0d
0x00007ff966a14110:   48 8b 01 ff 50 10 4c 89 b7 90 00 00 00 48 8b 4f
0x00007ff966a14120:   30 48 85 c9 74 0a 48 8b 01 ff 50 10 4c 89 77 30 


Register to memory mapping:

RAX=0x0000000000000001 is an unknown value
RBX=0x0000000034c87040 is an unknown value
RCX=0x002073760b00000b is an unknown value
RDX=0x0000000000000000 is an unknown value
RSP=0x000000002263ecc0 is pointing into the stack for thread: 0x000000001f517000
RBP=0x0000000000000006 is an unknown value
RSI=0x0000000000000000 is an unknown value
RDI=0x00000000256ea6d8 is an unknown value
R8 =0x000000002263e988 is pointing into the stack for thread: 0x000000001f517000
R9 =0x0000000000008000 is an unknown value
R10=0x0000000000000000 is an unknown value
R11=0x000000002263ebc0 is pointing into the stack for thread: 0x000000001f517000
R12=0x0000000000000000 is an unknown value
R13={method} {0x000000002634e9e8} 'jniStopDevice' '()V' in 'KinectPV2/Device'
R14=0x0000000000000000 is an unknown value
R15=0x000000001f517000 is a thread


Stack: [0x0000000022540000,0x0000000022640000],  sp=0x000000002263ecc0,  free space=1019k
Native frames: (J=compiled Java code, j=interpreted, Vv=VM code, C=native code)
C  [KinectPV2.dll+0x4110]
C  [KinectPV2.dll+0x1fba]
C  0x0000000002ae5534

Java frames: (J=compiled Java code, j=interpreted, Vv=VM code)
j  KinectPV2.Device.jniStopDevice()V+0
j  KinectPV2.Device.stopDevice()V+41
j  KinectPV2.KinectPV2.dispose()V+14
v  ~StubRoutines::call_stub
j  sun.reflect.NativeMethodAccessorImpl.invoke0(Ljava/lang/reflect/Method;Ljava/lang/Object;[Ljava/lang/Object;)Ljava/lang/Object;+0
j  sun.reflect.NativeMethodAccessorImpl.invoke(Ljava/lang/Object;[Ljava/lang/Object;)Ljava/lang/Object;+100
J 2002 C1 sun.reflect.DelegatingMethodAccessorImpl.invoke(Ljava/lang/Object;[Ljava/lang/Object;)Ljava/lang/Object; (10 bytes) @ 0x000000000321828c [0x0000000003218180+0x10c]
J 2001 C1 java.lang.reflect.Method.invoke(Ljava/lang/Object;[Ljava/lang/Object;)Ljava/lang/Object; (62 bytes) @ 0x0000000003218a2c [0x0000000003218640+0x3ec]
j  processing.core.PApplet$RegisteredMethods.handle([Ljava/lang/Object;)V+18
J 1816 C1 processing.core.PApplet.handleMethods(Ljava/lang/String;)V (21 bytes) @ 0x00000000031b301c [0x00000000031b2d60+0x2bc]
j  processing.core.PApplet.dispose()V+35
j  processing.core.PApplet.run()V+283
j  java.lang.Thread.run()V+11
v  ~StubRoutines::call_stub

---------------  P R O C E S S  ---------------

Java Threads: ( => current thread )
  0x000000001f634000 JavaThread "Animation Thread-SharedResourceRunner" daemon [_thread_blocked, id=5824, stack(0x0000000024fb0000,0x00000000250b0000)]
  0x00000000029d2800 JavaThread "DestroyJavaVM" [_thread_blocked, id=6932, stack(0x00000000028d0000,0x00000000029d0000)]
  0x000000001f50c000 JavaThread "D3D Screen Updater" daemon [_thread_blocked, id=3904, stack(0x0000000022840000,0x0000000022940000)]
=>0x000000001f517000 JavaThread "Animation Thread" [_thread_in_native, id=6700, stack(0x0000000022540000,0x0000000022640000)]
  0x000000001f46f800 JavaThread "AWT-EventQueue-0" [_thread_blocked, id=776, stack(0x0000000022340000,0x0000000022440000)]
  0x000000001f433800 JavaThread "AWT-Windows" daemon [_thread_in_native, id=4380, stack(0x000000001fd50000,0x000000001fe50000)]
  0x000000001f432800 JavaThread "AWT-Shutdown" [_thread_blocked, id=3248, stack(0x000000001fc50000,0x000000001fd50000)]
  0x000000001e8ce800 JavaThread "Java2D Disposer" daemon [_thread_blocked, id=2488, stack(0x000000001fb50000,0x000000001fc50000)]
  0x000000001e57e800 JavaThread "Service Thread" daemon [_thread_blocked, id=6668, stack(0x000000001eed0000,0x000000001efd0000)]
  0x000000001e50e800 JavaThread "C1 CompilerThread3" daemon [_thread_blocked, id=6324, stack(0x000000001edd0000,0x000000001eed0000)]
  0x000000001e502000 JavaThread "C2 CompilerThread2" daemon [_thread_blocked, id=4432, stack(0x000000001ecd0000,0x000000001edd0000)]
  0x000000001e4fb800 JavaThread "C2 CompilerThread1" daemon [_thread_blocked, id=2028, stack(0x000000001ebd0000,0x000000001ecd0000)]
  0x000000001e4f7800 JavaThread "C2 CompilerThread0" daemon [_thread_blocked, id=3980, stack(0x000000001ead0000,0x000000001ebd0000)]
  0x000000001e4f6000 JavaThread "Attach Listener" daemon [_thread_blocked, id=3820, stack(0x000000001e9d0000,0x000000001ead0000)]
  0x000000001e4f4800 JavaThread "Signal Dispatcher" daemon [_thread_blocked, id=6724, stack(0x000000001e8d0000,0x000000001e9d0000)]
  0x0000000002ac7800 JavaThread "Finalizer" daemon [_thread_blocked, id=3320, stack(0x000000001e3d0000,0x000000001e4d0000)]
  0x0000000002ac0800 JavaThread "Reference Handler" daemon [_thread_blocked, id=3336, stack(0x000000001e2d0000,0x000000001e3d0000)]

Other Threads:
  0x000000001c509000 VMThread [stack: 0x000000001e1d0000,0x000000001e2d0000] [id=1096]
  0x000000001e580800 WatcherThread [stack: 0x000000001efd0000,0x000000001f0d0000] [id=4716]

VM state:not at safepoint (normal execution)

VM Mutex/Monitor currently owned by a thread: None

Heap:
 PSYoungGen      total 975360K, used 222209K [0x000000076b300000, 0x00000007af080000, 0x00000007c0000000)
  eden space 909824K, 23% used [0x000000076b300000,0x0000000778407798,0x00000007a2b80000)
  from space 65536K, 12% used [0x00000007a2b80000,0x00000007a3379010,0x00000007a6b80000)
  to   space 61952K, 0% used [0x00000007ab400000,0x00000007ab400000,0x00000007af080000)
 ParOldGen       total 306688K, used 164766K [0x00000006c1800000, 0x00000006d4380000, 0x000000076b300000)
  object space 306688K, 53% used [0x00000006c1800000,0x00000006cb8e7918,0x00000006d4380000)
 Metaspace       used 17882K, capacity 18063K, committed 18176K, reserved 1064960K
  class space    used 1722K, capacity 1762K, committed 1792K, reserved 1048576K

Card table byte_map: [0x0000000011e90000,0x0000000012690000] byte_map_base: 0x000000000e884000

Marking Bits: (ParMarkBitMap*) 0x000000006a28d4f0
 Begin Bits: [0x00000000133e0000, 0x0000000017380000)
 End Bits:   [0x0000000017380000, 0x000000001b320000)

Polling page: 0x00000000010e0000

CodeCache: size=245760Kb used=8221Kb max_used=8221Kb free=237538Kb
 bounds [0x0000000002ad0000, 0x00000000032f0000, 0x0000000011ad0000]
 total_blobs=3080 nmethods=2210 adapters=785
 compilation: enabled

Compilation events (10 events):
Event: 13.918 Thread 0x000000001e50e800 2207       3       zzavatar.ZZkinect::drawSkeletons (148 bytes)
Event: 13.919 Thread 0x000000001e50e800 nmethod 2207 0x00000000032d6710 code [0x00000000032d6a80, 0x00000000032d8948]
Event: 13.920 Thread 0x000000001e50e800 2208       3       zzavatar.ZZavatar::draw (188 bytes)
Event: 13.922 Thread 0x000000001e50e800 nmethod 2208 0x00000000032d9590 code [0x00000000032d9aa0, 0x00000000032dcf18]
Event: 13.940 Thread 0x000000001e502000 2209       4       jogamp.opengl.gl4.GL4bcImpl$1::create (56 bytes)
Event: 13.942 Thread 0x000000001e502000 nmethod 2209 0x00000000032d3b50 code [0x00000000032d3cc0, 0x00000000032d3f08]
Event: 13.970 Thread 0x000000001e50e800 2210       3       sun.java2d.SunGraphics2D::invalidatePipe (41 bytes)
Event: 13.970 Thread 0x000000001e50e800 nmethod 2210 0x00000000032c35d0 code [0x00000000032c3720, 0x00000000032c3910]
Event: 14.019 Thread 0x000000001e50e800 2211       3       processing.opengl.PGraphicsOpenGL::updatePolyBuffers (453 bytes)
Event: 14.021 Thread 0x000000001e50e800 nmethod 2211 0x00000000032dfd10 code [0x00000000032e0100, 0x00000000032e20f8]

GC Heap History (10 events):
Event: 8.796 GC heap before
{Heap before GC invocations=14 (full 1):
 PSYoungGen      total 715264K, used 660537K [0x000000076b300000, 0x000000079ca00000, 0x00000007c0000000)
  eden space 659456K, 98% used [0x000000076b300000,0x0000000792f39620,0x0000000793700000)
  from space 55808K, 16% used [0x0000000799380000,0x0000000799c55020,0x000000079ca00000)
  to   space 75264K, 0% used [0x0000000793700000,0x0000000793700000,0x0000000798080000)
 ParOldGen       total 306688K, used 164742K [0x00000006c1800000, 0x00000006d4380000, 0x000000076b300000)
  object space 306688K, 53% used [0x00000006c1800000,0x00000006cb8e1918,0x00000006d4380000)
 Metaspace       used 17667K, capacity 17863K, committed 17920K, reserved 1064960K
  class space    used 1711K, capacity 1762K, committed 1792K, reserved 1048576K
Event: 8.797 GC heap after
Heap after GC invocations=14 (full 1):
 PSYoungGen      total 734720K, used 128K [0x000000076b300000, 0x00000007a5b80000, 0x00000007c0000000)
  eden space 659456K, 0% used [0x000000076b300000,0x000000076b300000,0x0000000793700000)
  from space 75264K, 0% used [0x0000000793700000,0x0000000793720000,0x0000000798080000)
  to   space 73728K, 0% used [0x00000007a1380000,0x00000007a1380000,0x00000007a5b80000)
 ParOldGen       total 306688K, used 164742K [0x00000006c1800000, 0x00000006d4380000, 0x000000076b300000)
  object space 306688K, 53% used [0x00000006c1800000,0x00000006cb8e1918,0x00000006d4380000)
 Metaspace       used 17667K, capacity 17863K, committed 17920K, reserved 1064960K
  class space    used 1711K, capacity 1762K, committed 1792K, reserved 1048576K
}
Event: 9.836 GC heap before
{Heap before GC invocations=15 (full 1):
 PSYoungGen      total 734720K, used 659584K [0x000000076b300000, 0x00000007a5b80000, 0x00000007c0000000)
  eden space 659456K, 100% used [0x000000076b300000,0x0000000793700000,0x0000000793700000)
  from space 75264K, 0% used [0x0000000793700000,0x0000000793720000,0x0000000798080000)
  to   space 73728K, 0% used [0x00000007a1380000,0x00000007a1380000,0x00000007a5b80000)
 ParOldGen       total 306688K, used 164742K [0x00000006c1800000, 0x00000006d4380000, 0x000000076b300000)
  object space 306688K, 53% used [0x00000006c1800000,0x00000006cb8e1918,0x00000006d4380000)
 Metaspace       used 17712K, capacity 17927K, committed 18176K, reserved 1064960K
  class space    used 1711K, capacity 1762K, committed 1792K, reserved 1048576K
Event: 9.842 GC heap after
Heap after GC invocations=15 (full 1):
 PSYoungGen      total 843264K, used 9044K [0x000000076b300000, 0x00000007a4400000, 0x00000007c0000000)
  eden space 793600K, 0% used [0x000000076b300000,0x000000076b300000,0x000000079ba00000)
  from space 49664K, 18% used [0x00000007a1380000,0x00000007a1c55020,0x00000007a4400000)
  to   space 70656K, 0% used [0x000000079ba00000,0x000000079ba00000,0x000000079ff00000)
 ParOldGen       total 306688K, used 164750K [0x00000006c1800000, 0x00000006d4380000, 0x000000076b300000)
  object space 306688K, 53% used [0x00000006c1800000,0x00000006cb8e3918,0x00000006d4380000)
 Metaspace       used 17712K, capacity 17927K, committed 18176K, reserved 1064960K
  class space    used 1711K, capacity 1762K, committed 1792K, reserved 1048576K
}
Event: 11.109 GC heap before
{Heap before GC invocations=16 (full 1):
 PSYoungGen      total 843264K, used 802644K [0x000000076b300000, 0x00000007a4400000, 0x00000007c0000000)
  eden space 793600K, 100% used [0x000000076b300000,0x000000079ba00000,0x000000079ba00000)
  from space 49664K, 18% used [0x00000007a1380000,0x00000007a1c55020,0x00000007a4400000)
  to   space 70656K, 0% used [0x000000079ba00000,0x000000079ba00000,0x000000079ff00000)
 ParOldGen       total 306688K, used 164750K [0x00000006c1800000, 0x00000006d4380000, 0x000000076b300000)
  object space 306688K, 53% used [0x00000006c1800000,0x00000006cb8e3918,0x00000006d4380000)
 Metaspace       used 17791K, capacity 17999K, committed 18176K, reserved 1064960K
  class space    used 1711K, capacity 1762K, committed 1792K, reserved 1048576K
Event: 11.115 GC heap after
Heap after GC invocations=16 (full 1):
 PSYoungGen      total 864256K, used 8196K [0x000000076b300000, 0x00000007ac780000, 0x00000007c0000000)
  eden space 793600K, 0% used [0x000000076b300000,0x000000076b300000,0x000000079ba00000)
  from space 70656K, 11% used [0x000000079ba00000,0x000000079c201010,0x000000079ff00000)
  to   space 67584K, 0% used [0x00000007a8580000,0x00000007a8580000,0x00000007ac780000)
 ParOldGen       total 306688K, used 164758K [0x00000006c1800000, 0x00000006d4380000, 0x000000076b300000)
  object space 306688K, 53% used [0x00000006c1800000,0x00000006cb8e5918,0x00000006d4380000)
 Metaspace       used 17791K, capacity 17999K, committed 18176K, reserved 1064960K
  class space    used 1711K, capacity 1762K, committed 1792K, reserved 1048576K
}
Event: 12.361 GC heap before
{Heap before GC invocations=17 (full 1):
 PSYoungGen      total 864256K, used 796372K [0x000000076b300000, 0x00000007ac780000, 0x00000007c0000000)
  eden space 793600K, 99% used [0x000000076b300000,0x000000079b4b4010,0x000000079ba00000)
  from space 70656K, 11% used [0x000000079ba00000,0x000000079c201010,0x000000079ff00000)
  to   space 67584K, 0% used [0x00000007a8580000,0x00000007a8580000,0x00000007ac780000)
 ParOldGen       total 306688K, used 164758K [0x00000006c1800000, 0x00000006d4380000, 0x000000076b300000)
  object space 306688K, 53% used [0x00000006c1800000,0x00000006cb8e5918,0x00000006d4380000)
 Metaspace       used 17805K, capacity 18063K, committed 18176K, reserved 1064960K
  class space    used 1711K, capacity 1762K, committed 1792K, reserved 1048576K
Event: 12.363 GC heap after
Heap after GC invocations=17 (full 1):
 PSYoungGen      total 948736K, used 96K [0x000000076b300000, 0x00000007aab80000, 0x00000007c0000000)
  eden space 909824K, 0% used [0x000000076b300000,0x000000076b300000,0x00000007a2b80000)
  from space 38912K, 0% used [0x00000007a8580000,0x00000007a8598000,0x00000007aab80000)
  to   space 65536K, 0% used [0x00000007a2b80000,0x00000007a2b80000,0x00000007a6b80000)
 ParOldGen       total 306688K, used 164758K [0x00000006c1800000, 0x00000006d4380000, 0x000000076b300000)
  object space 306688K, 53% used [0x00000006c1800000,0x00000006cb8e5918,0x00000006d4380000)
 Metaspace       used 17805K, capacity 18063K, committed 18176K, reserved 1064960K
  class space    used 1711K, capacity 1762K, committed 1792K, reserved 1048576K
}
Event: 13.773 GC heap before
{Heap before GC invocations=18 (full 1):
 PSYoungGen      total 948736K, used 909920K [0x000000076b300000, 0x00000007aab80000, 0x00000007c0000000)
  eden space 909824K, 100% used [0x000000076b300000,0x00000007a2b80000,0x00000007a2b80000)
  from space 38912K, 0% used [0x00000007a8580000,0x00000007a8598000,0x00000007aab80000)
  to   space 65536K, 0% used [0x00000007a2b80000,0x00000007a2b80000,0x00000007a6b80000)
 ParOldGen       total 306688K, used 164758K [0x00000006c1800000, 0x00000006d4380000, 0x000000076b300000)
  object space 306688K, 53% used [0x00000006c1800000,0x00000006cb8e5918,0x00000006d4380000)
 Metaspace       used 17836K, capacity 18063K, committed 18176K, reserved 1064960K
  class space    used 1711K, capacity 1762K, committed 1792K, reserved 1048576K
Event: 13.779 GC heap after
Heap after GC invocations=18 (full 1):
 PSYoungGen      total 975360K, used 8164K [0x000000076b300000, 0x00000007af080000, 0x00000007c0000000)
  eden space 909824K, 0% used [0x000000076b300000,0x000000076b300000,0x00000007a2b80000)
  from space 65536K, 12% used [0x00000007a2b80000,0x00000007a3379010,0x00000007a6b80000)
  to   space 61952K, 0% used [0x00000007ab400000,0x00000007ab400000,0x00000007af080000)
 ParOldGen       total 306688K, used 164766K [0x00000006c1800000, 0x00000006d4380000, 0x000000076b300000)
  object space 306688K, 53% used [0x00000006c1800000,0x00000006cb8e7918,0x00000006d4380000)
 Metaspace       used 17836K, capacity 18063K, committed 18176K, reserved 1064960K
  class space    used 1711K, capacity 1762K, committed 1792K, reserved 1048576K
}

Deoptimization events (10 events):
Event: 1.873 Thread 0x000000001f46f800 Uncommon trap: reason=unreached action=reinterpret pc=0x0000000002de1dcc method=com.jogamp.common.nio.Buffers.getDirectBufferByteOffset(Ljava/lang/Object;)I @ 1
Event: 2.036 Thread 0x000000001f46f800 Uncommon trap: reason=unreached action=reinterpret pc=0x0000000002de4054 method=com.jogamp.common.util.IntIntHashMap.get(I)I @ 19
Event: 2.371 Thread 0x000000001f46f800 Uncommon trap: reason=array_check action=maybe_recompile pc=0x0000000002e9966c method=java.util.AbstractCollection.toArray([Ljava/lang/Object;)[Ljava/lang/Object; @ 119
Event: 2.371 Thread 0x000000001f46f800 Uncommon trap: reason=array_check action=maybe_recompile pc=0x0000000002e9966c method=java.util.AbstractCollection.toArray([Ljava/lang/Object;)[Ljava/lang/Object; @ 119
Event: 2.371 Thread 0x000000001f46f800 Uncommon trap: reason=array_check action=maybe_recompile pc=0x0000000002e9966c method=java.util.AbstractCollection.toArray([Ljava/lang/Object;)[Ljava/lang/Object; @ 119
Event: 2.371 Thread 0x000000001f46f800 Uncommon trap: reason=array_check action=maybe_recompile pc=0x0000000002e9966c method=java.util.AbstractCollection.toArray([Ljava/lang/Object;)[Ljava/lang/Object; @ 119
Event: 2.420 Thread 0x000000001f4de000 Uncommon trap: reason=range_check action=make_not_entrant pc=0x0000000002e5b6dc method=java.awt.image.DirectColorModel.setFields()V @ 65
Event: 2.949 Thread 0x000000001f46f800 Uncommon trap: reason=predicate action=maybe_recompile pc=0x0000000002ecd008 method=java.util.ArrayList.indexOf(Ljava/lang/Object;)I @ 44
Event: 3.333 Thread 0x000000001f46f800 Uncommon trap: reason=unreached action=reinterpret pc=0x0000000002ed40f8 method=processing.opengl.PGraphicsOpenGL$InGeometry.addVertex(FFFIFFFFFIFIIIFIZ)I @ 218
Event: 3.552 Thread 0x000000001f46f800 Uncommon trap: reason=unreached action=reinterpret pc=0x0000000002d95630 method=java.lang.reflect.AccessibleObject.setAccessible0(Ljava/lang/reflect/AccessibleObject;Z)V @ 4

Internal exceptions (10 events):
Event: 3.091 Thread 0x000000001f46f800 Exception <a 'java/security/PrivilegedActionException'> (0x0000000772d43ec0) thrown at [C:\workspace\8-2-build-windows-amd64-cygwin\jdk8u31\2394\hotspot\src\share\vm\prims\jvm.cpp, line 1312]
Event: 3.091 Thread 0x000000001f46f800 Exception <a 'java/security/PrivilegedActionException'> (0x0000000772d48070) thrown at [C:\workspace\8-2-build-windows-amd64-cygwin\jdk8u31\2394\hotspot\src\share\vm\prims\jvm.cpp, line 1312]
Event: 3.092 Thread 0x000000001f46f800 Exception <a 'java/security/PrivilegedActionException'> (0x0000000772d4c778) thrown at [C:\workspace\8-2-build-windows-amd64-cygwin\jdk8u31\2394\hotspot\src\share\vm\prims\jvm.cpp, line 1312]
Event: 3.092 Thread 0x000000001f46f800 Exception <a 'java/security/PrivilegedActionException'> (0x0000000772d50e60) thrown at [C:\workspace\8-2-build-windows-amd64-cygwin\jdk8u31\2394\hotspot\src\share\vm\prims\jvm.cpp, line 1312]
Event: 3.092 Thread 0x000000001f46f800 Exception <a 'java/security/PrivilegedActionException'> (0x0000000772d54cb8) thrown at [C:\workspace\8-2-build-windows-amd64-cygwin\jdk8u31\2394\hotspot\src\share\vm\prims\jvm.cpp, line 1312]
Event: 3.092 Thread 0x000000001f46f800 Exception <a 'java/security/PrivilegedActionException'> (0x0000000772d597a8) thrown at [C:\workspace\8-2-build-windows-amd64-cygwin\jdk8u31\2394\hotspot\src\share\vm\prims\jvm.cpp, line 1312]
Event: 3.092 Thread 0x000000001f46f800 Exception <a 'java/security/PrivilegedActionException'> (0x0000000772d5d1d0) thrown at [C:\workspace\8-2-build-windows-amd64-cygwin\jdk8u31\2394\hotspot\src\share\vm\prims\jvm.cpp, line 1312]
Event: 3.093 Thread 0x000000001f46f800 Exception <a 'java/security/PrivilegedActionException'> (0x0000000772d61408) thrown at [C:\workspace\8-2-build-windows-amd64-cygwin\jdk8u31\2394\hotspot\src\share\vm\prims\jvm.cpp, line 1312]
Event: 3.093 Thread 0x000000001f46f800 Exception <a 'java/security/PrivilegedActionException'> (0x0000000772d67608) thrown at [C:\workspace\8-2-build-windows-amd64-cygwin\jdk8u31\2394\hotspot\src\share\vm\prims\jvm.cpp, line 1312]
Event: 3.106 Thread 0x000000001f46f800 Exception <a 'java/security/PrivilegedActionException'> (0x0000000772e42f08) thrown at [C:\workspace\8-2-build-windows-amd64-cygwin\jdk8u31\2394\hotspot\src\share\vm\prims\jvm.cpp, line 1312]

Events (10 events):
Event: 14.052 loading class javax/swing/JComponent$IntVector done
Event: 14.052 loading class javax/swing/KeyboardManager
Event: 14.052 loading class javax/swing/KeyboardManager done
Event: 14.052 loading class javax/swing/Popup$HeavyWeightWindow
Event: 14.052 loading class sun/awt/ModalExclude
Event: 14.052 loading class sun/awt/ModalExclude done
Event: 14.052 loading class javax/swing/JWindow
Event: 14.052 loading class javax/swing/JWindow done
Event: 14.052 loading class javax/swing/Popup$HeavyWeightWindow done
Event: 14.108 Thread 0x000000001f7d1000 Thread exited: 0x000000001f7d1000


Dynamic libraries:
0x00007ff7c70d0000 - 0x00007ff7c7104000 	C:\Program Files\Java\jre1.8.0_31\bin\javaw.exe
0x00007ff96b710000 - 0x00007ff96b8bc000 	C:\Windows\SYSTEM32\ntdll.dll
0x00007ff9693f0000 - 0x00007ff96952e000 	C:\Windows\system32\KERNEL32.DLL
0x00007ff968b60000 - 0x00007ff968c75000 	C:\Windows\system32\KERNELBASE.dll
0x00007ff967400000 - 0x00007ff96748e000 	C:\Windows\system32\apphelp.dll
0x00007ff959e10000 - 0x00007ff959e63000 	C:\Windows\AppPatch\AppPatch64\AcGenral.DLL
0x00007ff969060000 - 0x00007ff96910a000 	C:\Windows\system32\msvcrt.dll
0x00007ff968690000 - 0x00007ff9686be000 	C:\Windows\SYSTEM32\SspiCli.dll
0x00007ff96b640000 - 0x00007ff96b694000 	C:\Windows\system32\SHLWAPI.dll
0x00007ff969110000 - 0x00007ff969287000 	C:\Windows\system32\USER32.dll
0x00007ff96acf0000 - 0x00007ff96ae84000 	C:\Windows\system32\ole32.dll
0x00007ff969530000 - 0x00007ff96aa48000 	C:\Windows\system32\SHELL32.dll
0x00007ff967df0000 - 0x00007ff967e11000 	C:\Windows\SYSTEM32\USERENV.dll
0x00007ff96b210000 - 0x00007ff96b2ba000 	C:\Windows\system32\ADVAPI32.dll
0x00007ff9609a0000 - 0x00007ff9609be000 	C:\Windows\SYSTEM32\MPR.dll
0x00007ff969290000 - 0x00007ff9693d1000 	C:\Windows\system32\RPCRT4.dll
0x00007ff96b420000 - 0x00007ff96b479000 	C:\Windows\SYSTEM32\sechost.dll
0x00007ff96aff0000 - 0x00007ff96b201000 	C:\Windows\SYSTEM32\combase.dll
0x00007ff96ae90000 - 0x00007ff96afe1000 	C:\Windows\system32\GDI32.dll
0x00007ff968860000 - 0x00007ff968875000 	C:\Windows\SYSTEM32\profapi.dll
0x00007ff966db0000 - 0x00007ff966e62000 	C:\Windows\SYSTEM32\SHCORE.dll
0x00007ff968d90000 - 0x00007ff968dc6000 	C:\Windows\system32\IMM32.DLL
0x00007ff96b2c0000 - 0x00007ff96b412000 	C:\Windows\system32\MSCTF.dll
0x00007ff9662f0000 - 0x00007ff96656b000 	C:\Windows\WinSxS\amd64_microsoft.windows.common-controls_6595b64144ccf1df_6.0.9600.17415_none_6240486fecbd8abb\COMCTL32.dll
0x000000006ae40000 - 0x000000006af12000 	C:\Program Files\Java\jre1.8.0_31\bin\msvcr100.dll
0x0000000069ab0000 - 0x000000006a30a000 	C:\Program Files\Java\jre1.8.0_31\bin\server\jvm.dll
0x00007ff966a30000 - 0x00007ff966a39000 	C:\Windows\SYSTEM32\WSOCK32.dll
0x00007ff962a70000 - 0x00007ff962a92000 	C:\Windows\SYSTEM32\WINMM.dll
0x00007ff969050000 - 0x00007ff969057000 	C:\Windows\system32\PSAPI.DLL
0x00007ff96b6a0000 - 0x00007ff96b6fa000 	C:\Windows\system32\WS2_32.dll
0x00007ff95fb30000 - 0x00007ff95fb5a000 	C:\Windows\SYSTEM32\WINMMBASE.dll
0x00007ff96b5a0000 - 0x00007ff96b5a9000 	C:\Windows\system32\NSI.dll
0x00007ff968930000 - 0x00007ff96897f000 	C:\Windows\SYSTEM32\cfgmgr32.dll
0x00007ff967680000 - 0x00007ff9676a8000 	C:\Windows\SYSTEM32\DEVOBJ.dll
0x0000000069aa0000 - 0x0000000069aaf000 	C:\Program Files\Java\jre1.8.0_31\bin\verify.dll
0x0000000069a70000 - 0x0000000069a98000 	C:\Program Files\Java\jre1.8.0_31\bin\java.dll
0x0000000069a50000 - 0x0000000069a66000 	C:\Program Files\Java\jre1.8.0_31\bin\zip.dll
0x000000006aca0000 - 0x000000006ae38000 	C:\Program Files\Java\jre1.8.0_31\bin\awt.dll
0x00007ff968dd0000 - 0x00007ff968e91000 	C:\Windows\system32\OLEAUT32.dll
0x00007ff966bb0000 - 0x00007ff966bd1000 	C:\Windows\system32\DWMAPI.DLL
0x00007ff9674d0000 - 0x00007ff9675f9000 	C:\Windows\system32\uxtheme.dll
0x00007ff967650000 - 0x00007ff96765b000 	C:\Windows\SYSTEM32\kernel.appcore.dll
0x00007ff968730000 - 0x00007ff96873b000 	C:\Windows\SYSTEM32\CRYPTBASE.dll
0x00007ff9686c0000 - 0x00007ff968723000 	C:\Windows\SYSTEM32\bcryptPrimitives.dll
0x00007ff95dc40000 - 0x00007ff95de61000 	C:\Windows\system32\d3d9.dll
0x00007ff965f40000 - 0x00007ff965f4a000 	C:\Windows\SYSTEM32\VERSION.dll
0x00007ff965fb0000 - 0x00007ff9660f4000 	C:\Windows\SYSTEM32\aticfx64.dll
0x00007ff95ff30000 - 0x00007ff95ff50000 	C:\Windows\SYSTEM32\atiu9p64.dll
0x00007ff948af0000 - 0x00007ff949251000 	C:\Windows\SYSTEM32\atiumd64.dll
0x000000006afd0000 - 0x000000006b85d000 	C:\Windows\SYSTEM32\atiumd6a.dll
0x000000006ac50000 - 0x000000006ac97000 	C:\Program Files\Java\jre1.8.0_31\bin\fontmanager.dll
0x0000000069a30000 - 0x0000000069a4a000 	C:\Program Files\Java\jre1.8.0_31\bin\net.dll
0x00007ff9681d0000 - 0x00007ff968229000 	C:\Windows\system32\mswsock.dll
0x00007ff963a70000 - 0x00007ff963a9a000 	C:\Windows\SYSTEM32\IPHLPAPI.DLL
0x00007ff963a60000 - 0x00007ff963a6a000 	C:\Windows\SYSTEM32\WINNSI.DLL
0x00007ff962db0000 - 0x00007ff962dc6000 	C:\Windows\SYSTEM32\dhcpcsvc6.DLL
0x00007ff963090000 - 0x00007ff9630aa000 	C:\Windows\SYSTEM32\dhcpcsvc.DLL
0x00007ff968230000 - 0x00007ff968250000 	C:\Windows\SYSTEM32\CRYPTSP.dll
0x00007ff967c40000 - 0x00007ff967c76000 	C:\Windows\system32\rsaenh.dll
0x00007ff968380000 - 0x00007ff9683a6000 	C:\Windows\SYSTEM32\bcrypt.dll
0x0000000069a10000 - 0x0000000069a21000 	C:\Program Files\Java\jre1.8.0_31\bin\nio.dll
0x00000000637c0000 - 0x00000000637cd000 	C:\Users\Admin\AppData\Local\Temp\jogamp_0000\file_cache\jln7471756666351080748\jln926522164957478329\gluegen-rt.dll
0x000000006ac40000 - 0x000000006ac47000 	C:\Program Files\Java\jre1.8.0_31\bin\jawt.dll
0x000000006a440000 - 0x000000006a44d000 	C:\Users\Admin\AppData\Local\Temp\jogamp_0000\file_cache\jln7471756666351080748\jln926522164957478329\nativewindow_awt.dll
0x000000006c100000 - 0x000000006c10f000 	C:\Users\Admin\AppData\Local\Temp\jogamp_0000\file_cache\jln7471756666351080748\jln926522164957478329\nativewindow_win32.dll
0x00007ff952960000 - 0x00007ff952a8b000 	C:\Windows\SYSTEM32\OpenGL32.dll
0x00007ff963760000 - 0x00007ff96378e000 	C:\Windows\SYSTEM32\GLU32.dll
0x00007ff947720000 - 0x00007ff947818000 	C:\Windows\SYSTEM32\DDRAW.dll
0x00007ff963790000 - 0x00007ff963799000 	C:\Windows\SYSTEM32\DCIMAN32.dll
0x0000000064500000 - 0x00000000645a2000 	C:\Users\Admin\AppData\Local\Temp\jogamp_0000\file_cache\jln7471756666351080748\jln926522164957478329\jogl_desktop.dll
0x00007ff9635e0000 - 0x00007ff9635f8000 	C:\Windows\SYSTEM32\atig6pxx.dll
0x0000000068030000 - 0x00000000699d1000 	C:\Windows\SYSTEM32\atio6axx.dll
0x00007ff96ab10000 - 0x00007ff96acea000 	C:\Windows\system32\SETUPAPI.dll
0x00007ff963f20000 - 0x00007ff964048000 	C:\Windows\SYSTEM32\atiadlxx.dll
0x00007ff9650a0000 - 0x00007ff96521f000 	C:\Windows\SYSTEM32\PROPSYS.dll
0x00007ff9673e0000 - 0x00007ff9673f2000 	C:\Windows\SYSTEM32\WTSAPI32.dll
0x00007ff968c80000 - 0x00007ff968cd1000 	C:\Windows\system32\WINTRUST.dll
0x00007ff968980000 - 0x00007ff968b5f000 	C:\Windows\system32\CRYPT32.dll
0x00007ff968910000 - 0x00007ff968921000 	C:\Windows\system32\MSASN1.dll
0x00007ff95fb70000 - 0x00007ff95fb8e000 	C:\Windows\SYSTEM32\atig6txx.dll
0x00007ff947150000 - 0x00007ff9472ec000 	C:\Users\Admin\Documents\GitHub\ZZ1-Project\src\Eclipse\ZZavatar\lib\user\KinectPV2\Kinect20.Face.dll
0x00007ff962190000 - 0x00007ff962237000 	C:\Windows\SYSTEM32\MSVCP110.dll
0x00007ff961f70000 - 0x00007ff962044000 	C:\Windows\SYSTEM32\MSVCR110.dll
0x00007ff966a10000 - 0x00007ff966a20000 	C:\Users\Admin\Documents\GitHub\ZZ1-Project\src\Eclipse\ZZavatar\lib\user\KinectPV2\KinectPV2.dll
0x00007ff9576f0000 - 0x00007ff9577aa000 	C:\Windows\SYSTEM32\Kinect20.dll
0x00007ff95c6a0000 - 0x00007ff95c78b000 	C:\Windows\SYSTEM32\MFPlat.DLL
0x00007ff965630000 - 0x00007ff965657000 	C:\Windows\SYSTEM32\RTWorkQ.DLL
0x00007ff966840000 - 0x00007ff96684c000 	C:\Windows\SYSTEM32\AVRT.dll
0x00007ff965aa0000 - 0x00007ff965c2a000 	C:\Windows\SYSTEM32\dbghelp.dll

VM Arguments:
jvm_args: -Djava.library.path=C:\Users\Admin\Documents\GitHub\ZZ1-Project\src\Eclipse\ZZavatar\lib\base\video;C:\Users\Admin\Documents\GitHub\ZZ1-Project\src\Eclipse\ZZavatar\lib\base\video;C:\Users\Admin\Documents\GitHub\ZZ1-Project\src\Eclipse\ZZavatar\lib\base\video;C:\Users\Admin\Documents\GitHub\ZZ1-Project\src\Eclipse\ZZavatar\lib\base\core;C:\Users\Admin\Documents\GitHub\ZZ1-Project\src\Eclipse\ZZavatar\lib\base\core;C:\Users\Admin\Documents\GitHub\ZZ1-Project\src\Eclipse\ZZavatar\lib\base\core;C:\Users\Admin\Documents\GitHub\ZZ1-Project\src\Eclipse\ZZavatar\lib\base\core;C:\Users\Admin\Documents\GitHub\ZZ1-Project\src\Eclipse\ZZavatar\lib\base\core;C:\Users\Admin\Documents\GitHub\ZZ1-Project\src\Eclipse\ZZavatar\lib\base\core;C:\Users\Admin\Documents\GitHub\ZZ1-Project\src\Eclipse\ZZavatar\lib\base\core;C:\Users\Admin\Documents\GitHub\ZZ1-Project\src\Eclipse\ZZavatar\lib\base\core;C:\Users\Admin\Documents\GitHub\ZZ1-Project\src\Eclipse\ZZavatar\lib\base\core;C:\Users\Admin\Documents\GitHub\ZZ1-Project\src\Eclipse\ZZavatar\lib\base\core;C:\Users\Admin\Documents\GitHub\ZZ1-Project\src\Eclipse\ZZavatar\lib\base\core;C:\Users\Admin\Documents\GitHub\ZZ1-Project\src\Eclipse\ZZavatar\lib\base\core;C:\Users\Admin\Documents\GitHub\ZZ1-Project\src\Eclipse\ZZavatar\lib\base\core;C:\Users\Admin\Documents\GitHub\ZZ1-Project\src\Eclipse\ZZavatar\lib\base\core;C:\Users\Admin\Documents\GitHub\ZZ1-Project\src\Eclipse\ZZavatar\lib\base\core;C:\Users\Admin\Documents\GitHub\ZZ1-Project\src\Eclipse\ZZavatar\lib\user\Kinect4WinSDK;C:\Users\Admin\Documents\GitHub\ZZ1-Project\src\Eclipse\ZZavatar\lib\user\KinectPV2;C:\Users\Admin\Documents\GitHub\ZZ1-Project\src\Eclipse\ZZavatar\lib\user\SimpleOpenNI -Dfile.encoding=Cp1252 
java_command: zzavatar.ZZavatar
java_class_path (initial): C:\Users\Admin\Documents\GitHub\ZZ1-Project\src\Eclipse\ZZavatar\lib\base\video\gstreamer-java.jar;C:\Users\Admin\Documents\GitHub\ZZ1-Project\src\Eclipse\ZZavatar\lib\base\video\jna.jar;C:\Users\Admin\Documents\GitHub\ZZ1-Project\src\Eclipse\ZZavatar\lib\base\video\video.jar;C:\Users\Admin\Documents\GitHub\ZZ1-Project\src\Eclipse\ZZavatar\lib\base\core\core.jar;C:\Users\Admin\Documents\GitHub\ZZ1-Project\src\Eclipse\ZZavatar\lib\base\core\gluegen-rt-natives-linux-amd64.jar;C:\Users\Admin\Documents\GitHub\ZZ1-Project\src\Eclipse\ZZavatar\lib\base\core\gluegen-rt-natives-linux-armv6hf.jar;C:\Users\Admin\Documents\GitHub\ZZ1-Project\src\Eclipse\ZZavatar\lib\base\core\gluegen-rt-natives-linux-i586.jar;C:\Users\Admin\Documents\GitHub\ZZ1-Project\src\Eclipse\ZZavatar\lib\base\core\gluegen-rt-natives-macosx-universal.jar;C:\Users\Admin\Documents\GitHub\ZZ1-Project\src\Eclipse\ZZavatar\lib\base\core\gluegen-rt-natives-windows-amd64.jar;C:\Users\Admin\Documents\GitHub\ZZ1-Project\src\Eclipse\ZZavatar\lib\base\core\gluegen-rt-natives-windows-i586.jar;C:\Users\Admin\Documents\GitHub\ZZ1-Project\src\Eclipse\ZZavatar\lib\base\core\gluegen-rt.jar;C:\Users\Admin\Documents\GitHub\ZZ1-Project\src\Eclipse\ZZavatar\lib\base\core\jogl-all-natives-linux-amd64.jar;C:\Users\Admin\Documents\GitHub\ZZ1-Project\src\Eclipse\ZZavatar\lib\base\core\jogl-all-natives-linux-armv6hf.jar;C:\Users\Admin\Documents\GitHub\ZZ1-Project\src\Eclipse\ZZavatar\lib\base\core\jogl-all-natives-linux-i586.jar;C:\Users\Admin\Documents\GitHub\ZZ1-Project\src\Eclipse\ZZavatar\lib\base\core\jogl-all-natives-macosx-universal.jar;C:\Users\Admin\Documents\GitHub\ZZ1-Project\src\Eclipse\ZZavatar\lib\base\core\jogl-all-natives-windows-amd64.jar;C:\Users\Admin\Documents\GitHub\ZZ1-Project\src\Eclipse\ZZavatar\lib\base\core\jogl-all-natives-windows-i586.jar;C:\Users\Admin\Documents\GitHub\ZZ1-Project\src\Eclipse\ZZavatar\lib\base\core\jogl-all.jar;C:\Users\Admin\Documents\GitHub\ZZ1-Project\sr
Launcher Type: SUN_STANDARD

Environment Variables:
PATH=C:/Program Files/Java/jre1.8.0_31/bin/server;C:/Program Files/Java/jre1.8.0_31/bin;C:/Program Files/Java/jre1.8.0_31/lib/amd64;C:\Program Files (x86)\NVIDIA Corporation\PhysX\Common;C:\ProgramData\Oracle\Java\javapath;C:\Windows\system32;C:\Windows;C:\Windows\System32\Wbem;C:\Windows\System32\WindowsPowerShell\v1.0\;C:\Program Files (x86)\ATI Technologies\ATI.ACE\Core-Static;C:\Program Files (x86)\Windows Kits\8.1\Windows Performance Toolkit\;C:\Program Files\Microsoft SQL Server\120\Tools\Binn\;C:\Program Files (x86)\Microsoft SDKs\TypeScript\1.1\;C:\Program Files (x86)\nodejs\;C:\Users\Admin\AppData\Roaming\npm;C:\Program Files\eclipse;
USERNAME=Admin
OS=Windows_NT
PROCESSOR_IDENTIFIER=AMD64 Family 21 Model 2 Stepping 0, AuthenticAMD



---------------  S Y S T E M  ---------------

OS: Windows 8.1 , 64 bit Build 9600 

CPU:total 8 (8 cores per cpu, 1 threads per core) family 21 model 2 stepping 0, cmov, cx8, fxsr, mmx, sse, sse2, sse3, ssse3, sse4.1, sse4.2, popcnt, avx, aes, clmul, mmxext, 3dnowpref, lzcnt, sse4a, tsc, tscinvbit, tscinv, bmi1

Memory: 4k page, physical 16674296k(11464164k free), swap 19164664k(12200240k free)

vm_info: Java HotSpot(TM) 64-Bit Server VM (25.31-b07) for windows-amd64 JRE (1.8.0_31-b13), built on Dec 17 2014 21:00:28 by "java_re" with MS VC++ 10.0 (VS2010)

time: Sun May 10 15:58:36 2015
elapsed time: 14 seconds (0d 0h 0m 14s)

