#
# A fatal error has been detected by the Java Runtime Environment:
#
#  EXCEPTION_ACCESS_VIOLATION (0xc0000005) at pc=0x00007ffe834b4113, pid=5640, tid=5916
#
# JRE version: Java(TM) SE Runtime Environment (8.0_25-b18) (build 1.8.0_25-b18)
# Java VM: Java HotSpot(TM) 64-Bit Server VM (25.25-b02 mixed mode windows-amd64 compressed oops)
# Problematic frame:
# C  [KinectPV2.dll+0x4113]
#
# Failed to write core dump. Minidumps are not enabled by default on client versions of Windows
#
# If you would like to submit a bug report, please visit:
#   http://bugreport.sun.com/bugreport/crash.jsp
# The crash happened outside the Java Virtual Machine in native code.
# See problematic frame for where to report the bug.
#

---------------  T H R E A D  ---------------

Current thread (0x000000001963a800):  JavaThread "Animation Thread" [_thread_in_native, id=5916, stack(0x000000001c7c0000,0x000000001c8c0000)]

siginfo: ExceptionCode=0xc0000005, reading address 0xffffffffffffffff

Registers:
RAX=0x74000138a9f93d80, RBX=0x000000002e520040, RCX=0x0000000065079670, RDX=0x0000000000000000
RSP=0x000000001c8be980, RBP=0x0000000000000006, RSI=0x0000000000000000, RDI=0x000000001f6533e8
R8 =0x000000001c8be648, R9 =0x0000000000008000, R10=0x0000000000000000, R11=0x000000001c8be880
R12=0x0000000000000000, R13=0x000000001fbde0e0, R14=0x0000000000000000, R15=0x000000001963a800
RIP=0x00007ffe834b4113, EFLAGS=0x0000000000010202

Top of Stack: (sp=0x000000001c8be980)
0x000000001c8be980:   000000001f6533b8 000000001ff79398
0x000000001c8be990:   000000001f6533b8 0000000000000000
0x000000001c8be9a0:   000000001c8bea70 00007ffe834b1fba
0x000000001c8be9b0:   000000001c8bea70 000000001c8bea50
0x000000001c8be9c0:   000000001963a9e8 00000000195ad1e0
0x000000001c8be9d0:   00000000a3afaa80 00000000025b5b74
0x000000001c8be9e0:   000000001fbde0e0 0000000000000021
0x000000001c8be9f0:   0000000000000021 000000001963a800
0x000000001c8bea00:   000000001c8beac8 00000000025b58a2
0x000000001c8bea10:   000000001c8bea10 000000001fbde0e0
0x000000001c8bea20:   000000001c8bea70 000000001fbdf070
0x000000001c8bea30:   0000000000000000 000000001fbde0e0
0x000000001c8bea40:   0000000000000000 000000001c8bea70
0x000000001c8bea50:   000000001c8beab8 00000000025a7a2d
0x000000001c8bea60:   0000000000000000 00000000025af6b8
0x000000001c8bea70:   00000000a383ff20 000000001c8bea78 

Instructions: (pc=0x00007ffe834b4113)
0x00007ffe834b40f3:   48 8b 0f 48 85 c9 74 09 48 8b 01 ff 50 10 4c 89
0x00007ffe834b4103:   37 48 8b 8f 90 00 00 00 48 85 c9 74 0d 48 8b 01
0x00007ffe834b4113:   ff 50 10 4c 89 b7 90 00 00 00 48 8b 4f 30 48 85
0x00007ffe834b4123:   c9 74 0a 48 8b 01 ff 50 10 4c 89 77 30 48 8b 4f 


Register to memory mapping:

RAX=0x74000138a9f93d80 is an unknown value
RBX=0x000000002e520040 is an unknown value
RCX=0x0000000065079670 is an unknown value
RDX=0x0000000000000000 is an unknown value
RSP=0x000000001c8be980 is pointing into the stack for thread: 0x000000001963a800
RBP=0x0000000000000006 is an unknown value
RSI=0x0000000000000000 is an unknown value
RDI=0x000000001f6533e8 is an unknown value
R8 =0x000000001c8be648 is pointing into the stack for thread: 0x000000001963a800
R9 =0x0000000000008000 is an unknown value
R10=0x0000000000000000 is an unknown value
R11=0x000000001c8be880 is pointing into the stack for thread: 0x000000001963a800
R12=0x0000000000000000 is an unknown value
R13={method} {0x000000001fbde0e8} 'jniStopDevice' '()V' in 'KinectPV2/Device'
R14=0x0000000000000000 is an unknown value
R15=0x000000001963a800 is a thread


Stack: [0x000000001c7c0000,0x000000001c8c0000],  sp=0x000000001c8be980,  free space=1018k
Native frames: (J=compiled Java code, j=interpreted, Vv=VM code, C=native code)
C  [KinectPV2.dll+0x4113]
C  [KinectPV2.dll+0x1fba]
C  0x00000000025b5b74

Java frames: (J=compiled Java code, j=interpreted, Vv=VM code)
j  KinectPV2.Device.jniStopDevice()V+0
j  KinectPV2.Device.stopDevice()V+41
j  KinectPV2.KinectPV2.dispose()V+14
v  ~StubRoutines::call_stub
j  sun.reflect.NativeMethodAccessorImpl.invoke0(Ljava/lang/reflect/Method;Ljava/lang/Object;[Ljava/lang/Object;)Ljava/lang/Object;+0
j  sun.reflect.NativeMethodAccessorImpl.invoke(Ljava/lang/Object;[Ljava/lang/Object;)Ljava/lang/Object;+100
J 1769 C1 sun.reflect.DelegatingMethodAccessorImpl.invoke(Ljava/lang/Object;[Ljava/lang/Object;)Ljava/lang/Object; (10 bytes) @ 0x0000000002c0dcc4 [0x0000000002c0dbc0+0x104]
J 1768 C1 java.lang.reflect.Method.invoke(Ljava/lang/Object;[Ljava/lang/Object;)Ljava/lang/Object; (62 bytes) @ 0x0000000002c04b24 [0x0000000002c04740+0x3e4]
j  processing.core.PApplet$RegisteredMethods.handle([Ljava/lang/Object;)V+18
J 1643 C1 processing.core.PApplet.handleMethods(Ljava/lang/String;)V (21 bytes) @ 0x0000000002bc851c [0x0000000002bc8260+0x2bc]
j  processing.core.PApplet.dispose()V+35
j  processing.core.PApplet.run()V+283
j  java.lang.Thread.run()V+11
v  ~StubRoutines::call_stub

---------------  P R O C E S S  ---------------

Java Threads: ( => current thread )
  0x0000000019ae4000 JavaThread "Animation Thread-SharedResourceRunner" daemon [_thread_blocked, id=2944, stack(0x000000001ea90000,0x000000001eb90000)]
  0x0000000000b4e800 JavaThread "DestroyJavaVM" [_thread_blocked, id=5804, stack(0x00000000023a0000,0x00000000024a0000)]
  0x000000001963c000 JavaThread "D3D Screen Updater" daemon [_thread_blocked, id=1428, stack(0x000000001cac0000,0x000000001cbc0000)]
=>0x000000001963a800 JavaThread "Animation Thread" [_thread_in_native, id=5916, stack(0x000000001c7c0000,0x000000001c8c0000)]
  0x0000000019610800 JavaThread "AWT-EventQueue-0" [_thread_blocked, id=4644, stack(0x000000001c5c0000,0x000000001c6c0000)]
  0x000000001955a000 JavaThread "AWT-Windows" daemon [_thread_in_native, id=6620, stack(0x0000000019e60000,0x0000000019f60000)]
  0x0000000019559000 JavaThread "AWT-Shutdown" [_thread_blocked, id=4864, stack(0x0000000019d60000,0x0000000019e60000)]
  0x0000000019558000 JavaThread "Java2D Disposer" daemon [_thread_blocked, id=6516, stack(0x0000000019c60000,0x0000000019d60000)]
  0x000000001839d000 JavaThread "Service Thread" daemon [_thread_blocked, id=2600, stack(0x0000000018ce0000,0x0000000018de0000)]
  0x000000001830d000 JavaThread "C1 CompilerThread3" daemon [_thread_blocked, id=1644, stack(0x0000000018be0000,0x0000000018ce0000)]
  0x000000001830b800 JavaThread "C2 CompilerThread2" daemon [_thread_blocked, id=5660, stack(0x0000000018ae0000,0x0000000018be0000)]
  0x000000001830d800 JavaThread "C2 CompilerThread1" daemon [_thread_blocked, id=4024, stack(0x00000000189e0000,0x0000000018ae0000)]
  0x0000000018309800 JavaThread "C2 CompilerThread0" daemon [_thread_blocked, id=6140, stack(0x00000000188e0000,0x00000000189e0000)]
  0x0000000018307000 JavaThread "Attach Listener" daemon [_thread_blocked, id=2452, stack(0x00000000187e0000,0x00000000188e0000)]
  0x0000000018305800 JavaThread "Signal Dispatcher" daemon [_thread_blocked, id=4484, stack(0x00000000186e0000,0x00000000187e0000)]
  0x0000000002598800 JavaThread "Finalizer" daemon [_thread_blocked, id=1276, stack(0x00000000181e0000,0x00000000182e0000)]
  0x00000000162ec800 JavaThread "Reference Handler" daemon [_thread_blocked, id=5520, stack(0x00000000180e0000,0x00000000181e0000)]

Other Threads:
  0x00000000162e8800 VMThread [stack: 0x0000000017fe0000,0x00000000180e0000] [id=6504]
  0x00000000183a7800 WatcherThread [stack: 0x0000000018de0000,0x0000000018ee0000] [id=1544]

VM state:not at safepoint (normal execution)

VM Mutex/Monitor currently owned by a thread: None

Heap:
 PSYoungGen      total 330752K, used 40094K [0x00000000e0400000, 0x00000000f4c00000, 0x0000000100000000)
  eden space 328704K, 11% used [0x00000000e0400000,0x00000000e2a339e0,0x00000000f4500000)
  from space 2048K, 47% used [0x00000000f4500000,0x00000000f45f4010,0x00000000f4700000)
  to   space 2048K, 0% used [0x00000000f4a00000,0x00000000f4a00000,0x00000000f4c00000)
 ParOldGen       total 227840K, used 171768K [0x00000000a0c00000, 0x00000000aea80000, 0x00000000e0400000)
  object space 227840K, 75% used [0x00000000a0c00000,0x00000000ab3be258,0x00000000aea80000)
 Metaspace       used 18003K, capacity 18185K, committed 18432K, reserved 1067008K
  class space    used 1724K, capacity 1761K, committed 1792K, reserved 1048576K

Card table byte_map: [0x0000000011960000,0x0000000011c60000] byte_map_base: 0x000000001145a000

Marking Bits: (ParMarkBitMap*) 0x000000006708d490
 Begin Bits: [0x0000000012660000, 0x0000000013e30000)
 End Bits:   [0x0000000013e30000, 0x0000000015600000)

Polling page: 0x0000000000b20000

CodeCache: size=245760Kb used=8134Kb max_used=9052Kb free=237625Kb
 bounds [0x00000000025a0000, 0x0000000002e90000, 0x00000000115a0000]
 total_blobs=3104 nmethods=2233 adapters=785
 compilation: enabled

Compilation events (10 events):
Event: 29.980 Thread 0x000000001830d000 2449       1       jogamp.opengl.GLDrawableImpl::createHandle (1 bytes)
Event: 29.980 Thread 0x000000001830d000 nmethod 2449 0x000000000272e310 code [0x000000000272e460, 0x000000000272e570]
Event: 30.013 Thread 0x0000000018309800 2450       4       processing.core.PMatrix3D::determinant (388 bytes)
Event: 30.015 Thread 0x0000000018309800 nmethod 2450 0x00000000026dafd0 code [0x00000000026db100, 0x00000000026db318]
Event: 30.021 Thread 0x000000001830d000 2451       1       com.jogamp.nativewindow.awt.JAWTWindow::surfaceSwap (2 bytes)
Event: 30.021 Thread 0x000000001830d000 nmethod 2451 0x000000000286c0d0 code [0x000000000286c220, 0x000000000286c330]
Event: 31.414 Thread 0x000000001830d000 2452       3       sun.awt.AWTAutoShutdown::notifyToolkitThreadBusy (8 bytes)
Event: 31.414 Thread 0x000000001830d000 nmethod 2452 0x00000000028db550 code [0x00000000028db6c0, 0x00000000028db888]
Event: 31.415 Thread 0x000000001830d000 2453       3       sun.awt.AWTAutoShutdown::notifyToolkitThreadFree (8 bytes)
Event: 31.415 Thread 0x000000001830d000 nmethod 2453 0x00000000027a1a10 code [0x00000000027a1b80, 0x00000000027a1d48]

GC Heap History (10 events):
Event: 29.524 GC heap before
{Heap before GC invocations=72 (full 3):
 PSYoungGen      total 327680K, used 325248K [0x00000000e0400000, 0x00000000f4680000, 0x0000000100000000)
  eden space 325120K, 100% used [0x00000000e0400000,0x00000000f4180000,0x00000000f4180000)
  from space 2560K, 5% used [0x00000000f4400000,0x00000000f4420000,0x00000000f4680000)
  to   space 2560K, 0% used [0x00000000f4180000,0x00000000f4180000,0x00000000f4400000)
 ParOldGen       total 227840K, used 155568K [0x00000000a0c00000, 0x00000000aea80000, 0x00000000e0400000)
  object space 227840K, 68% used [0x00000000a0c00000,0x00000000aa3ec238,0x00000000aea80000)
 Metaspace       used 17963K, capacity 18185K, committed 18432K, reserved 1067008K
  class space    used 1712K, capacity 1761K, committed 1792K, reserved 1048576K
Event: 29.525 GC heap after
Heap after GC invocations=72 (full 3):
 PSYoungGen      total 327680K, used 192K [0x00000000e0400000, 0x00000000f4800000, 0x0000000100000000)
  eden space 325120K, 0% used [0x00000000e0400000,0x00000000e0400000,0x00000000f4180000)
  from space 2560K, 7% used [0x00000000f4180000,0x00000000f41b0000,0x00000000f4400000)
  to   space 2560K, 0% used [0x00000000f4580000,0x00000000f4580000,0x00000000f4800000)
 ParOldGen       total 227840K, used 155568K [0x00000000a0c00000, 0x00000000aea80000, 0x00000000e0400000)
  object space 227840K, 68% used [0x00000000a0c00000,0x00000000aa3ec238,0x00000000aea80000)
 Metaspace       used 17963K, capacity 18185K, committed 18432K, reserved 1067008K
  class space    used 1712K, capacity 1761K, committed 1792K, reserved 1048576K
}
Event: 30.016 GC heap before
{Heap before GC invocations=73 (full 3):
 PSYoungGen      total 327680K, used 325312K [0x00000000e0400000, 0x00000000f4800000, 0x0000000100000000)
  eden space 325120K, 100% used [0x00000000e0400000,0x00000000f4180000,0x00000000f4180000)
  from space 2560K, 7% used [0x00000000f4180000,0x00000000f41b0000,0x00000000f4400000)
  to   space 2560K, 0% used [0x00000000f4580000,0x00000000f4580000,0x00000000f4800000)
 ParOldGen       total 227840K, used 155568K [0x00000000a0c00000, 0x00000000aea80000, 0x00000000e0400000)
  object space 227840K, 68% used [0x00000000a0c00000,0x00000000aa3ec238,0x00000000aea80000)
 Metaspace       used 17963K, capacity 18185K, committed 18432K, reserved 1067008K
  class space    used 1712K, capacity 1761K, committed 1792K, reserved 1048576K
Event: 30.017 GC heap after
Heap after GC invocations=73 (full 3):
 PSYoungGen      total 328192K, used 160K [0x00000000e0400000, 0x00000000f4700000, 0x0000000100000000)
  eden space 326656K, 0% used [0x00000000e0400000,0x00000000e0400000,0x00000000f4300000)
  from space 1536K, 10% used [0x00000000f4580000,0x00000000f45a8000,0x00000000f4700000)
  to   space 2048K, 0% used [0x00000000f4300000,0x00000000f4300000,0x00000000f4500000)
 ParOldGen       total 227840K, used 155568K [0x00000000a0c00000, 0x00000000aea80000, 0x00000000e0400000)
  object space 227840K, 68% used [0x00000000a0c00000,0x00000000aa3ec238,0x00000000aea80000)
 Metaspace       used 17963K, capacity 18185K, committed 18432K, reserved 1067008K
  class space    used 1712K, capacity 1761K, committed 1792K, reserved 1048576K
}
Event: 30.443 GC heap before
{Heap before GC invocations=74 (full 3):
 PSYoungGen      total 328192K, used 326483K [0x00000000e0400000, 0x00000000f4700000, 0x0000000100000000)
  eden space 326656K, 99% used [0x00000000e0400000,0x00000000f42ace40,0x00000000f4300000)
  from space 1536K, 10% used [0x00000000f4580000,0x00000000f45a8000,0x00000000f4700000)
  to   space 2048K, 0% used [0x00000000f4300000,0x00000000f4300000,0x00000000f4500000)
 ParOldGen       total 227840K, used 155568K [0x00000000a0c00000, 0x00000000aea80000, 0x00000000e0400000)
  object space 227840K, 68% used [0x00000000a0c00000,0x00000000aa3ec238,0x00000000aea80000)
 Metaspace       used 17963K, capacity 18185K, committed 18432K, reserved 1067008K
  class space    used 1712K, capacity 1761K, committed 1792K, reserved 1048576K
Event: 30.447 GC heap after
Heap after GC invocations=74 (full 3):
 PSYoungGen      total 328704K, used 160K [0x00000000e0400000, 0x00000000f4900000, 0x0000000100000000)
  eden space 326656K, 0% used [0x00000000e0400000,0x00000000e0400000,0x00000000f4300000)
  from space 2048K, 7% used [0x00000000f4300000,0x00000000f4328000,0x00000000f4500000)
  to   space 2048K, 0% used [0x00000000f4700000,0x00000000f4700000,0x00000000f4900000)
 ParOldGen       total 227840K, used 163668K [0x00000000a0c00000, 0x00000000aea80000, 0x00000000e0400000)
  object space 227840K, 71% used [0x00000000a0c00000,0x00000000aabd5248,0x00000000aea80000)
 Metaspace       used 17963K, capacity 18185K, committed 18432K, reserved 1067008K
  class space    used 1712K, capacity 1761K, committed 1792K, reserved 1048576K
}
Event: 30.922 GC heap before
{Heap before GC invocations=75 (full 3):
 PSYoungGen      total 328704K, used 326816K [0x00000000e0400000, 0x00000000f4900000, 0x0000000100000000)
  eden space 326656K, 100% used [0x00000000e0400000,0x00000000f4300000,0x00000000f4300000)
  from space 2048K, 7% used [0x00000000f4300000,0x00000000f4328000,0x00000000f4500000)
  to   space 2048K, 0% used [0x00000000f4700000,0x00000000f4700000,0x00000000f4900000)
 ParOldGen       total 227840K, used 163668K [0x00000000a0c00000, 0x00000000aea80000, 0x00000000e0400000)
  object space 227840K, 71% used [0x00000000a0c00000,0x00000000aabd5248,0x00000000aea80000)
 Metaspace       used 17963K, capacity 18185K, committed 18432K, reserved 1067008K
  class space    used 1712K, capacity 1761K, committed 1792K, reserved 1048576K
Event: 30.923 GC heap after
Heap after GC invocations=75 (full 3):
 PSYoungGen      total 330752K, used 128K [0x00000000e0400000, 0x00000000f4900000, 0x0000000100000000)
  eden space 328704K, 0% used [0x00000000e0400000,0x00000000e0400000,0x00000000f4500000)
  from space 2048K, 6% used [0x00000000f4700000,0x00000000f4720000,0x00000000f4900000)
  to   space 2048K, 0% used [0x00000000f4500000,0x00000000f4500000,0x00000000f4700000)
 ParOldGen       total 227840K, used 163668K [0x00000000a0c00000, 0x00000000aea80000, 0x00000000e0400000)
  object space 227840K, 71% used [0x00000000a0c00000,0x00000000aabd5248,0x00000000aea80000)
 Metaspace       used 17963K, capacity 18185K, committed 18432K, reserved 1067008K
  class space    used 1712K, capacity 1761K, committed 1792K, reserved 1048576K
}
Event: 31.381 GC heap before
{Heap before GC invocations=76 (full 3):
 PSYoungGen      total 330752K, used 328300K [0x00000000e0400000, 0x00000000f4900000, 0x0000000100000000)
  eden space 328704K, 99% used [0x00000000e0400000,0x00000000f447b038,0x00000000f4500000)
  from space 2048K, 6% used [0x00000000f4700000,0x00000000f4720000,0x00000000f4900000)
  to   space 2048K, 0% used [0x00000000f4500000,0x00000000f4500000,0x00000000f4700000)
 ParOldGen       total 227840K, used 163668K [0x00000000a0c00000, 0x00000000aea80000, 0x00000000e0400000)
  object space 227840K, 71% used [0x00000000a0c00000,0x00000000aabd5248,0x00000000aea80000)
 Metaspace       used 17963K, capacity 18185K, committed 18432K, reserved 1067008K
  class space    used 1712K, capacity 1761K, committed 1792K, reserved 1048576K
Event: 31.387 GC heap after
Heap after GC invocations=76 (full 3):
 PSYoungGen      total 330752K, used 976K [0x00000000e0400000, 0x00000000f4c00000, 0x0000000100000000)
  eden space 328704K, 0% used [0x00000000e0400000,0x00000000e0400000,0x00000000f4500000)
  from space 2048K, 47% used [0x00000000f4500000,0x00000000f45f4010,0x00000000f4700000)
  to   space 2048K, 0% used [0x00000000f4a00000,0x00000000f4a00000,0x00000000f4c00000)
 ParOldGen       total 227840K, used 171768K [0x00000000a0c00000, 0x00000000aea80000, 0x00000000e0400000)
  object space 227840K, 75% used [0x00000000a0c00000,0x00000000ab3be258,0x00000000aea80000)
 Metaspace       used 17963K, capacity 18185K, committed 18432K, reserved 1067008K
  class space    used 1712K, capacity 1761K, committed 1792K, reserved 1048576K
}

Deoptimization events (10 events):
Event: 12.248 Thread 0x0000000019610800 Uncommon trap: reason=speculate_class_check action=maybe_recompile pc=0x0000000002e133e4 method=com.jogamp.common.nio.Buffers.getDirectBufferByteOffset(Ljava/lang/Object;)I @ 42
Event: 12.393 Thread 0x0000000019610800 Uncommon trap: reason=speculate_class_check action=maybe_recompile pc=0x0000000002e1707c method=com.jogamp.common.nio.Buffers.getDirectBufferByteOffset(Ljava/lang/Object;)I @ 53
Event: 12.399 Thread 0x0000000019610800 Uncommon trap: reason=speculate_class_check action=maybe_recompile pc=0x0000000002e1707c method=com.jogamp.common.nio.Buffers.getDirectBufferByteOffset(Ljava/lang/Object;)I @ 53
Event: 12.953 Thread 0x0000000019610800 Uncommon trap: reason=speculate_class_check action=maybe_recompile pc=0x0000000002e1f34c method=com.jogamp.common.nio.Buffers.getDirectBufferByteOffset(Ljava/lang/Object;)I @ 22
Event: 12.954 Thread 0x0000000019610800 Uncommon trap: reason=speculate_class_check action=maybe_recompile pc=0x0000000002e1f34c method=com.jogamp.common.nio.Buffers.getDirectBufferByteOffset(Ljava/lang/Object;)I @ 22
Event: 13.106 Thread 0x0000000019610800 Uncommon trap: reason=speculate_class_check action=maybe_recompile pc=0x0000000002e411f8 method=com.jogamp.common.nio.Buffers.getDirectBufferByteOffset(Ljava/lang/Object;)I @ 31
Event: 13.106 Thread 0x0000000019610800 Uncommon trap: reason=speculate_class_check action=maybe_recompile pc=0x0000000002e411f8 method=com.jogamp.common.nio.Buffers.getDirectBufferByteOffset(Ljava/lang/Object;)I @ 31
Event: 13.260 Thread 0x0000000019610800 Uncommon trap: reason=speculate_class_check action=maybe_recompile pc=0x0000000002e4a048 method=com.jogamp.common.nio.Buffers.getDirectBufferByteOffset(Ljava/lang/Object;)I @ 42
Event: 13.266 Thread 0x0000000019610800 Uncommon trap: reason=speculate_class_check action=maybe_recompile pc=0x0000000002e4a048 method=com.jogamp.common.nio.Buffers.getDirectBufferByteOffset(Ljava/lang/Object;)I @ 42
Event: 31.447 Thread 0x000000001963a800 Uncommon trap: reason=unreached action=reinterpret pc=0x0000000002cd5be4 method=processing.opengl.PGL.threadIsCurrent()Z @ 7

Internal exceptions (10 events):
Event: 3.013 Thread 0x0000000019610800 Exception <a 'java/security/PrivilegedActionException'> (0x00000000e5e3ba80) thrown at [D:\re\workspace\8-2-build-windows-amd64-cygwin\jdk8u25\1677\hotspot\src\share\vm\prims\jvm.cpp, line 1312]
Event: 3.025 Thread 0x0000000019610800 Exception <a 'java/security/PrivilegedActionException'> (0x00000000e5f16fe8) thrown at [D:\re\workspace\8-2-build-windows-amd64-cygwin\jdk8u25\1677\hotspot\src\share\vm\prims\jvm.cpp, line 1312]
Event: 31.447 Thread 0x0000000019aad800 Implicit null exception at 0x00000000026d1f4b to 0x00000000026d2319
Event: 31.447 Thread 0x0000000019aad800 Exception <a 'java/lang/NullPointerException'> (0x00000000e0ab5b60) thrown at [D:\re\workspace\8-2-build-windows-amd64-cygwin\jdk8u25\1677\hotspot\src\share\vm\runtime\sharedRuntime.cpp, line 604]
Event: 31.448 Thread 0x0000000019aad800 Implicit null exception at 0x00000000026eedcc to 0x00000000026ef2d1
Event: 31.448 Thread 0x0000000019aad800 Exception <a 'java/lang/NullPointerException'> (0x00000000e0ab5d10) thrown at [D:\re\workspace\8-2-build-windows-amd64-cygwin\jdk8u25\1677\hotspot\src\share\vm\runtime\sharedRuntime.cpp, line 604]
Event: 31.448 Thread 0x0000000019aad800 Implicit null exception at 0x000000000274596f to 0x0000000002745a67
Event: 31.448 Thread 0x0000000019aad800 Exception <a 'java/lang/NullPointerException'> (0x00000000e0ab74c0) thrown at [D:\re\workspace\8-2-build-windows-amd64-cygwin\jdk8u25\1677\hotspot\src\share\vm\runtime\sharedRuntime.cpp, line 604]
Event: 31.448 Thread 0x0000000019aad800 Implicit null exception at 0x00000000026c57af to 0x00000000026c58a7
Event: 31.448 Thread 0x0000000019aad800 Exception <a 'java/lang/NullPointerException'> (0x00000000e0ab8c70) thrown at [D:\re\workspace\8-2-build-windows-amd64-cygwin\jdk8u25\1677\hotspot\src\share\vm\runtime\sharedRuntime.cpp, line 604]

Events (10 events):
Event: 31.416 Thread 0x000000001830d000 flushing nmethod 0x0000000002a41d90
Event: 31.416 Thread 0x000000001830d000 flushing nmethod 0x0000000002a47fd0
Event: 31.416 Thread 0x000000001830d000 flushing nmethod 0x0000000002a4b3d0
Event: 31.416 Thread 0x000000001830d000 flushing nmethod 0x0000000002a4d050
Event: 31.416 Thread 0x000000001830d000 flushing nmethod 0x0000000002a6b390
Event: 31.447 Thread 0x000000001963a800 Uncommon trap: trap_request=0xffffffad fr.pc=0x0000000002cd5be4
Event: 31.447 Thread 0x000000001963a800 DEOPT PACKING pc=0x0000000002cd5be4 sp=0x000000001c8bf2f0
Event: 31.447 Thread 0x000000001963a800 DEOPT UNPACKING pc=0x00000000025e556a sp=0x000000001c8bf290 mode 2
Event: 31.448 loading class java/lang/Throwable$WrappedPrintStream
Event: 31.448 loading class java/lang/Throwable$PrintStreamOrWriter


Dynamic libraries:
0x00007ff68d590000 - 0x00007ff68d5c4000 	C:\Program Files\Java\jre1.8.0_25\bin\javaw.exe
0x00007ffe8a980000 - 0x00007ffe8ab2c000 	C:\WINDOWS\SYSTEM32\ntdll.dll
0x00007ffe880e0000 - 0x00007ffe8821e000 	C:\WINDOWS\system32\KERNEL32.DLL
0x00007ffe87c50000 - 0x00007ffe87d65000 	C:\WINDOWS\system32\KERNELBASE.dll
0x00007ffe86650000 - 0x00007ffe866de000 	C:\WINDOWS\system32\apphelp.dll
0x00007ffe7d230000 - 0x00007ffe7d283000 	C:\WINDOWS\AppPatch\AppPatch64\AcGenral.DLL
0x00007ffe88c10000 - 0x00007ffe88cba000 	C:\WINDOWS\system32\msvcrt.dll
0x00007ffe87900000 - 0x00007ffe8792e000 	C:\WINDOWS\SYSTEM32\SspiCli.dll
0x00007ffe885f0000 - 0x00007ffe88644000 	C:\WINDOWS\system32\SHLWAPI.dll
0x00007ffe88290000 - 0x00007ffe88407000 	C:\WINDOWS\system32\USER32.dll
0x00007ffe8a400000 - 0x00007ffe8a594000 	C:\WINDOWS\system32\ole32.dll
0x00007ffe88ee0000 - 0x00007ffe8a3f8000 	C:\WINDOWS\system32\SHELL32.dll
0x00007ffe87070000 - 0x00007ffe87091000 	C:\WINDOWS\SYSTEM32\USERENV.dll
0x00007ffe889f0000 - 0x00007ffe88a9a000 	C:\WINDOWS\system32\ADVAPI32.dll
0x00007ffe7af60000 - 0x00007ffe7af7e000 	C:\WINDOWS\SYSTEM32\MPR.dll
0x00007ffe88840000 - 0x00007ffe88981000 	C:\WINDOWS\system32\RPCRT4.dll
0x00007ffe88b60000 - 0x00007ffe88bb9000 	C:\WINDOWS\SYSTEM32\sechost.dll
0x00007ffe88cc0000 - 0x00007ffe88ed1000 	C:\WINDOWS\SYSTEM32\combase.dll
0x00007ffe8a5a0000 - 0x00007ffe8a6f1000 	C:\WINDOWS\system32\GDI32.dll
0x00007ffe87ad0000 - 0x00007ffe87ae5000 	C:\WINDOWS\SYSTEM32\profapi.dll
0x00007ffe85e70000 - 0x00007ffe85f22000 	C:\WINDOWS\SYSTEM32\SHCORE.dll
0x00007ffe88bd0000 - 0x00007ffe88c06000 	C:\WINDOWS\system32\IMM32.DLL
0x00007ffe88650000 - 0x00007ffe887a2000 	C:\WINDOWS\system32\MSCTF.dll
0x00007ffe851d0000 - 0x00007ffe8544b000 	C:\WINDOWS\WinSxS\amd64_microsoft.windows.common-controls_6595b64144ccf1df_6.0.9600.17415_none_6240486fecbd8abb\COMCTL32.dll
0x0000000066780000 - 0x0000000066852000 	C:\Program Files\Java\jre1.8.0_25\bin\msvcr100.dll
0x00000000668b0000 - 0x000000006710a000 	C:\Program Files\Java\jre1.8.0_25\bin\server\jvm.dll
0x00007ffe6eb60000 - 0x00007ffe6eb69000 	C:\WINDOWS\SYSTEM32\WSOCK32.dll
0x00007ffe7b5d0000 - 0x00007ffe7b5f2000 	C:\WINDOWS\SYSTEM32\WINMM.dll
0x00007ffe88bc0000 - 0x00007ffe88bc7000 	C:\WINDOWS\system32\PSAPI.DLL
0x00007ffe887e0000 - 0x00007ffe8883a000 	C:\WINDOWS\system32\WS2_32.dll
0x00007ffe7b5a0000 - 0x00007ffe7b5ca000 	C:\WINDOWS\SYSTEM32\WINMMBASE.dll
0x00007ffe880d0000 - 0x00007ffe880d9000 	C:\WINDOWS\system32\NSI.dll
0x00007ffe87fb0000 - 0x00007ffe87fff000 	C:\WINDOWS\SYSTEM32\cfgmgr32.dll
0x00007ffe868c0000 - 0x00007ffe868e8000 	C:\WINDOWS\SYSTEM32\DEVOBJ.dll
0x0000000067ae0000 - 0x0000000067aef000 	C:\Program Files\Java\jre1.8.0_25\bin\verify.dll
0x0000000067ab0000 - 0x0000000067ad8000 	C:\Program Files\Java\jre1.8.0_25\bin\java.dll
0x0000000067a90000 - 0x0000000067aa6000 	C:\Program Files\Java\jre1.8.0_25\bin\zip.dll
0x00000000665e0000 - 0x0000000066778000 	C:\Program Files\Java\jre1.8.0_25\bin\awt.dll
0x00007ffe8a700000 - 0x00007ffe8a7c1000 	C:\WINDOWS\system32\OLEAUT32.dll
0x00007ffe85c70000 - 0x00007ffe85c91000 	C:\WINDOWS\system32\DWMAPI.DLL
0x00007ffe86790000 - 0x00007ffe868b9000 	C:\WINDOWS\system32\uxtheme.dll
0x00007ffe868f0000 - 0x00007ffe868fb000 	C:\WINDOWS\SYSTEM32\kernel.appcore.dll
0x00007ffe879a0000 - 0x00007ffe879ab000 	C:\WINDOWS\SYSTEM32\CRYPTBASE.dll
0x00007ffe87930000 - 0x00007ffe87993000 	C:\WINDOWS\SYSTEM32\bcryptPrimitives.dll
0x00007ffe7cd90000 - 0x00007ffe7cfb1000 	C:\WINDOWS\system32\d3d9.dll
0x00007ffe857e0000 - 0x00007ffe857ea000 	C:\WINDOWS\SYSTEM32\VERSION.dll
0x00007ffe85080000 - 0x00007ffe851cb000 	C:\WINDOWS\SYSTEM32\aticfx64.dll
0x00007ffe63110000 - 0x00007ffe63131000 	C:\WINDOWS\SYSTEM32\atiu9p64.dll
0x00007ffe62920000 - 0x00007ffe63105000 	C:\WINDOWS\SYSTEM32\atiumd64.dll
0x00000000671f0000 - 0x00000000679a7000 	C:\WINDOWS\SYSTEM32\atiumd6a.dll
0x0000000066590000 - 0x00000000665d7000 	C:\Program Files\Java\jre1.8.0_25\bin\fontmanager.dll
0x00007ffe87340000 - 0x00007ffe87360000 	C:\WINDOWS\SYSTEM32\CRYPTSP.dll
0x00007ffe86f60000 - 0x00007ffe86f96000 	C:\WINDOWS\system32\rsaenh.dll
0x00007ffe875f0000 - 0x00007ffe87616000 	C:\WINDOWS\SYSTEM32\bcrypt.dll
0x0000000067a70000 - 0x0000000067a8a000 	C:\Program Files\Java\jre1.8.0_25\bin\net.dll
0x00007ffe872e0000 - 0x00007ffe87339000 	C:\WINDOWS\system32\mswsock.dll
0x00007ffe83800000 - 0x00007ffe8382a000 	C:\WINDOWS\SYSTEM32\IPHLPAPI.DLL
0x00007ffe84f70000 - 0x00007ffe84f7a000 	C:\WINDOWS\SYSTEM32\WINNSI.DLL
0x00007ffe82890000 - 0x00007ffe828a6000 	C:\WINDOWS\SYSTEM32\dhcpcsvc6.DLL
0x00007ffe829e0000 - 0x00007ffe829fa000 	C:\WINDOWS\SYSTEM32\dhcpcsvc.DLL
0x0000000066890000 - 0x00000000668a1000 	C:\Program Files\Java\jre1.8.0_25\bin\nio.dll
0x00000000637c0000 - 0x00000000637cd000 	S:\Users\Ben\AppData\Local\Temp\jogamp_0000\file_cache\jln140808851911368454\jln6541265688560135862\gluegen-rt.dll
0x0000000067a60000 - 0x0000000067a67000 	C:\Program Files\Java\jre1.8.0_25\bin\jawt.dll
0x000000006a440000 - 0x000000006a44d000 	S:\Users\Ben\AppData\Local\Temp\jogamp_0000\file_cache\jln140808851911368454\jln6541265688560135862\nativewindow_awt.dll
0x000000006c100000 - 0x000000006c10f000 	S:\Users\Ben\AppData\Local\Temp\jogamp_0000\file_cache\jln140808851911368454\jln6541265688560135862\nativewindow_win32.dll
0x00007ffe78240000 - 0x00007ffe7836b000 	C:\WINDOWS\SYSTEM32\OpenGL32.dll
0x00007ffe7d900000 - 0x00007ffe7d92e000 	C:\WINDOWS\SYSTEM32\GLU32.dll
0x00007ffe7d130000 - 0x00007ffe7d228000 	C:\WINDOWS\SYSTEM32\DDRAW.dll
0x00007ffe83c30000 - 0x00007ffe83c39000 	C:\WINDOWS\SYSTEM32\DCIMAN32.dll
0x0000000064500000 - 0x00000000645a2000 	S:\Users\Ben\AppData\Local\Temp\jogamp_0000\file_cache\jln140808851911368454\jln6541265688560135862\jogl_desktop.dll
0x00007ffe7d110000 - 0x00007ffe7d128000 	C:\WINDOWS\SYSTEM32\atig6pxx.dll
0x00000000649e0000 - 0x000000006658f000 	C:\WINDOWS\SYSTEM32\atio6axx.dll
0x00007ffe88410000 - 0x00007ffe885ea000 	C:\WINDOWS\system32\SETUPAPI.dll
0x00007ffe83830000 - 0x00007ffe83967000 	C:\WINDOWS\SYSTEM32\atiadlxx.dll
0x00007ffe83e00000 - 0x00007ffe83f7f000 	C:\WINDOWS\SYSTEM32\PROPSYS.dll
0x00007ffe866e0000 - 0x00007ffe866f2000 	C:\WINDOWS\SYSTEM32\WTSAPI32.dll
0x00007ffe87f50000 - 0x00007ffe87fa1000 	C:\WINDOWS\system32\WINTRUST.dll
0x00007ffe87d70000 - 0x00007ffe87f4f000 	C:\WINDOWS\system32\CRYPT32.dll
0x00007ffe87b80000 - 0x00007ffe87b91000 	C:\WINDOWS\system32\MSASN1.dll
0x00007ffe7be90000 - 0x00007ffe7beb9000 	C:\WINDOWS\SYSTEM32\atig6txx.dll
0x00007ffe769b0000 - 0x00007ffe76b4c000 	O:\OneDrive\Workspace\ZZavatar\lib\user\KinectPV2\Kinect20.Face.dll
0x00007ffe7b0e0000 - 0x00007ffe7b187000 	C:\WINDOWS\SYSTEM32\MSVCP110.dll
0x00007ffe80220000 - 0x00007ffe802ee000 	C:\WINDOWS\SYSTEM32\MSVCR110.dll
0x00007ffe834b0000 - 0x00007ffe834c0000 	O:\OneDrive\Workspace\ZZavatar\lib\user\KinectPV2\KinectPV2.dll
0x00007ffe7bdd0000 - 0x00007ffe7be8a000 	C:\WINDOWS\SYSTEM32\Kinect20.dll
0x00007ffe7b1e0000 - 0x00007ffe7b2cb000 	C:\WINDOWS\SYSTEM32\MFPlat.DLL
0x00007ffe7af80000 - 0x00007ffe7afa7000 	C:\WINDOWS\SYSTEM32\RTWorkQ.DLL
0x00007ffe856b0000 - 0x00007ffe856bc000 	C:\WINDOWS\SYSTEM32\AVRT.dll
0x00007ffe62090000 - 0x00007ffe6221a000 	C:\WINDOWS\SYSTEM32\dbghelp.dll

VM Arguments:
jvm_args: -Djava.library.path=O:\OneDrive\Workspace\ZZavatar\lib\base\video;O:\OneDrive\Workspace\ZZavatar\lib\base\video;O:\OneDrive\Workspace\ZZavatar\lib\base\video;O:\OneDrive\Workspace\ZZavatar\lib\base\core;O:\OneDrive\Workspace\ZZavatar\lib\base\core;O:\OneDrive\Workspace\ZZavatar\lib\base\core;O:\OneDrive\Workspace\ZZavatar\lib\base\core;O:\OneDrive\Workspace\ZZavatar\lib\base\core;O:\OneDrive\Workspace\ZZavatar\lib\base\core;O:\OneDrive\Workspace\ZZavatar\lib\base\core;O:\OneDrive\Workspace\ZZavatar\lib\base\core;O:\OneDrive\Workspace\ZZavatar\lib\base\core;O:\OneDrive\Workspace\ZZavatar\lib\base\core;O:\OneDrive\Workspace\ZZavatar\lib\base\core;O:\OneDrive\Workspace\ZZavatar\lib\base\core;O:\OneDrive\Workspace\ZZavatar\lib\base\core;O:\OneDrive\Workspace\ZZavatar\lib\base\core;O:\OneDrive\Workspace\ZZavatar\lib\base\core;O:\OneDrive\Workspace\ZZavatar\lib\user\Kinect4WinSDK;O:\OneDrive\Workspace\ZZavatar\lib\user\KinectPV2;O:\OneDrive\Workspace\ZZavatar\lib\user\SimpleOpenNI -Dfile.encoding=Cp1252 
java_command: zzavatar.ZZavatar
java_class_path (initial): O:\OneDrive\Workspace\ZZavatar\lib\base\video\gstreamer-java.jar;O:\OneDrive\Workspace\ZZavatar\lib\base\video\jna.jar;O:\OneDrive\Workspace\ZZavatar\lib\base\video\video.jar;O:\OneDrive\Workspace\ZZavatar\lib\base\core\core.jar;O:\OneDrive\Workspace\ZZavatar\lib\base\core\gluegen-rt-natives-linux-amd64.jar;O:\OneDrive\Workspace\ZZavatar\lib\base\core\gluegen-rt-natives-linux-armv6hf.jar;O:\OneDrive\Workspace\ZZavatar\lib\base\core\gluegen-rt-natives-linux-i586.jar;O:\OneDrive\Workspace\ZZavatar\lib\base\core\gluegen-rt-natives-macosx-universal.jar;O:\OneDrive\Workspace\ZZavatar\lib\base\core\gluegen-rt-natives-windows-amd64.jar;O:\OneDrive\Workspace\ZZavatar\lib\base\core\gluegen-rt-natives-windows-i586.jar;O:\OneDrive\Workspace\ZZavatar\lib\base\core\gluegen-rt.jar;O:\OneDrive\Workspace\ZZavatar\lib\base\core\jogl-all-natives-linux-amd64.jar;O:\OneDrive\Workspace\ZZavatar\lib\base\core\jogl-all-natives-linux-armv6hf.jar;O:\OneDrive\Workspace\ZZavatar\lib\base\core\jogl-all-natives-linux-i586.jar;O:\OneDrive\Workspace\ZZavatar\lib\base\core\jogl-all-natives-macosx-universal.jar;O:\OneDrive\Workspace\ZZavatar\lib\base\core\jogl-all-natives-windows-amd64.jar;O:\OneDrive\Workspace\ZZavatar\lib\base\core\jogl-all-natives-windows-i586.jar;O:\OneDrive\Workspace\ZZavatar\lib\base\core\jogl-all.jar;O:\OneDrive\Workspace\ZZavatar\lib\user\Kinect4WinSDK\Kinect4WinSDK.jar;O:\OneDrive\Workspace\ZZavatar\lib\user\KinectPV2\KinectPV2.jar;O:\OneDrive\Workspace\ZZavatar\lib\user\SimpleOpenNI\SimpleOpenNI.jar;O:\OneDrive\Workspace\ZZavatar\bin
Launcher Type: SUN_STANDARD

Environment Variables:
JAVA_HOME=C:\Program Files\Java\jdk1.8.0_25
PATH=C:/Program Files/Java/jre1.8.0_25/bin/server;C:/Program Files/Java/jre1.8.0_25/bin;C:/Program Files/Java/jre1.8.0_25/lib/amd64;C:\Program Files (x86)\NVIDIA Corporation\PhysX\Common;C:\ProgramData\Oracle\Java\javapath;C:\Program Files (x86)\Common Files\Intel\Shared Libraries\redist\intel64\compiler;C:\Program Files (x86)\Common Files\Intel\Shared Libraries\redist\ia32\compiler;C:\Program Files (x86)\Intel\iCLS Client\;C:\Program Files\Intel\iCLS Client\;C:\Program Files (x86)\AMD APP\bin\x86_64;C:\Program Files (x86)\AMD APP\bin\x86;C:\WINDOWS\system32;C:\WINDOWS;C:\WINDOWS\System32\Wbem;C:\WINDOWS\System32\WindowsPowerShell\v1.0\;C:\Program Files (x86)\ATI Technologies\ATI.ACE\Core-Static;C:\Program Files\Intel\Intel(R) Management Engine Components\DAL;C:\Program Files\Intel\Intel(R) Management Engine Components\IPT;C:\Program Files (x86)\Intel\Intel(R) Management Engine Components\DAL;C:\Program Files (x86)\Intel\Intel(R) Management Engine Components\IPT;C:\Program Files\Sony\VAIO Improvement\;C:\Program Files (x86)\Sony\VAIO Startup Setting Tool;C:\Program Files (x86)\Windows Kits\8.1\Windows Performance Toolkit\;C:\Program Files\Microsoft SQL Server\110\Tools\Binn\;C:\Program Files (x86)\Microsoft SDKs\TypeScript\1.0\;C:\Program Files\Microsoft\Web Platform Installer\;C:\Program Files (x86)\Java\jre1.8.0_25\bin;P:\Programs\Python27\Scripts;P:\Programs\Python27;C:\Program Files\Common Files\Autodesk Shared\;P:\Program Files\Programs;P:\Program Files\Games;P:\Programs\Eclipse;
USERNAME=Benoît
OS=Windows_NT
PROCESSOR_IDENTIFIER=Intel64 Family 6 Model 58 Stepping 9, GenuineIntel



---------------  S Y S T E M  ---------------

OS: Windows 8.1 , 64 bit Build 9600 

CPU:total 8 (4 cores per cpu, 2 threads per core) family 6 model 58 stepping 9, cmov, cx8, fxsr, mmx, sse, sse2, sse3, ssse3, sse4.1, sse4.2, popcnt, avx, aes, clmul, erms, ht, tsc, tscinvbit, tscinv

Memory: 4k page, physical 6237468k(2656468k free), swap 10431772k(5969972k free)

vm_info: Java HotSpot(TM) 64-Bit Server VM (25.25-b02) for windows-amd64 JRE (1.8.0_25-b18), built on Oct  7 2014 14:25:37 by "java_re" with MS VC++ 10.0 (VS2010)

time: Sat Apr 25 16:40:13 2015
elapsed time: 31 seconds (0d 0h 0m 31s)

