#
# A fatal error has been detected by the Java Runtime Environment:
#
#  EXCEPTION_ACCESS_VIOLATION (0xc0000005) at pc=0x00007ffb75204110, pid=1148, tid=328
#
# JRE version: Java(TM) SE Runtime Environment (8.0_25-b18) (build 1.8.0_25-b18)
# Java VM: Java HotSpot(TM) 64-Bit Server VM (25.25-b02 mixed mode windows-amd64 compressed oops)
# Problematic frame:
# C  [KinectPV2.dll+0x4110]
#
# Failed to write core dump. Minidumps are not enabled by default on client versions of Windows
#
# If you would like to submit a bug report, please visit:
#   http://bugreport.sun.com/bugreport/crash.jsp
# The crash happened outside the Java Virtual Machine in native code.
# See problematic frame for where to report the bug.
#

---------------  T H R E A D  ---------------

Current thread (0x000000001989d800):  JavaThread "Animation Thread" [_thread_in_native, id=328, stack(0x000000001c940000,0x000000001ca40000)]

siginfo: ExceptionCode=0xc0000005, reading address 0x0000000080000014

Registers:
RAX=0x0000000000000001, RBX=0x000000002e761040, RCX=0x0000000080000014, RDX=0x0000000000000000
RSP=0x000000001ca3e540, RBP=0x0000000000000006, RSI=0x0000000000000000, RDI=0x000000001f521758
R8 =0x000000001ca3e208, R9 =0x0000000000008000, R10=0x0000000000000000, R11=0x000000001ca3e440
R12=0x0000000000000000, R13=0x000000001fcbe1a8, R14=0x0000000000000000, R15=0x000000001989d800
RIP=0x00007ffb75204110, EFLAGS=0x0000000000010206

Top of Stack: (sp=0x000000001ca3e540)
0x000000001ca3e540:   000000001f521728 000000002003c458
0x000000001ca3e550:   000000001f521728 0000000000000000
0x000000001ca3e560:   000000001ca3e630 00007ffb75201fba
0x000000001ca3e570:   000000001ca3e630 000000001ca3e610
0x000000001ca3e580:   000000001989d9e8 000000001985db50
0x000000001ca3e590:   00000000a4651c20 0000000002905b74
0x000000001ca3e5a0:   000000001fcbe1a8 0000000000000019
0x000000001ca3e5b0:   0000000000000019 000000001989d800
0x000000001ca3e5c0:   000000001ca3e688 00000000029058a2
0x000000001ca3e5d0:   000000001ca3e5d0 000000001fcbe1a8
0x000000001ca3e5e0:   000000001ca3e630 000000001fcbf138
0x000000001ca3e5f0:   0000000000000000 000000001fcbe1a8
0x000000001ca3e600:   0000000000000000 000000001ca3e630
0x000000001ca3e610:   000000001ca3e678 00000000028f7a2d
0x000000001ca3e620:   0000000000000000 00000000028ff6b8
0x000000001ca3e630:   00000000a4372340 000000001ca3e638 

Instructions: (pc=0x00007ffb75204110)
0x00007ffb752040f0:   89 77 d0 48 8b 0f 48 85 c9 74 09 48 8b 01 ff 50
0x00007ffb75204100:   10 4c 89 37 48 8b 8f 90 00 00 00 48 85 c9 74 0d
0x00007ffb75204110:   48 8b 01 ff 50 10 4c 89 b7 90 00 00 00 48 8b 4f
0x00007ffb75204120:   30 48 85 c9 74 0a 48 8b 01 ff 50 10 4c 89 77 30 


Register to memory mapping:

RAX=0x0000000000000001 is an unknown value
RBX=0x000000002e761040 is an unknown value
RCX=0x0000000080000014 is an unknown value
RDX=0x0000000000000000 is an unknown value
RSP=0x000000001ca3e540 is pointing into the stack for thread: 0x000000001989d800
RBP=0x0000000000000006 is an unknown value
RSI=0x0000000000000000 is an unknown value
RDI=0x000000001f521758 is an unknown value
R8 =0x000000001ca3e208 is pointing into the stack for thread: 0x000000001989d800
R9 =0x0000000000008000 is an unknown value
R10=0x0000000000000000 is an unknown value
R11=0x000000001ca3e440 is pointing into the stack for thread: 0x000000001989d800
R12=0x0000000000000000 is an unknown value
R13={method} {0x000000001fcbe1b0} 'jniStopDevice' '()V' in 'KinectPV2/Device'
R14=0x0000000000000000 is an unknown value
R15=0x000000001989d800 is a thread


Stack: [0x000000001c940000,0x000000001ca40000],  sp=0x000000001ca3e540,  free space=1017k
Native frames: (J=compiled Java code, j=interpreted, Vv=VM code, C=native code)
C  [KinectPV2.dll+0x4110]
C  [KinectPV2.dll+0x1fba]
C  0x0000000002905b74

Java frames: (J=compiled Java code, j=interpreted, Vv=VM code)
j  KinectPV2.Device.jniStopDevice()V+0
j  KinectPV2.Device.stopDevice()V+41
j  KinectPV2.KinectPV2.dispose()V+14
v  ~StubRoutines::call_stub
j  sun.reflect.NativeMethodAccessorImpl.invoke0(Ljava/lang/reflect/Method;Ljava/lang/Object;[Ljava/lang/Object;)Ljava/lang/Object;+0
j  sun.reflect.NativeMethodAccessorImpl.invoke(Ljava/lang/Object;[Ljava/lang/Object;)Ljava/lang/Object;+100
J 2017 C1 sun.reflect.DelegatingMethodAccessorImpl.invoke(Ljava/lang/Object;[Ljava/lang/Object;)Ljava/lang/Object; (10 bytes) @ 0x0000000003033884 [0x0000000003033780+0x104]
J 2016 C1 java.lang.reflect.Method.invoke(Ljava/lang/Object;[Ljava/lang/Object;)Ljava/lang/Object; (62 bytes) @ 0x000000000302d964 [0x000000000302d580+0x3e4]
j  processing.core.PApplet$RegisteredMethods.handle([Ljava/lang/Object;)V+18
J 1839 C1 processing.core.PApplet.handleMethods(Ljava/lang/String;)V (21 bytes) @ 0x0000000002fbfc9c [0x0000000002fbf9e0+0x2bc]
j  processing.core.PApplet.dispose()V+35
j  processing.core.PApplet.run()V+283
j  java.lang.Thread.run()V+11
v  ~StubRoutines::call_stub

---------------  P R O C E S S  ---------------

Java Threads: ( => current thread )
  0x0000000019cb4800 JavaThread "Animation Thread-SharedResourceRunner" daemon [_thread_blocked, id=3032, stack(0x000000001ec10000,0x000000001ed10000)]
  0x00000000028ee800 JavaThread "DestroyJavaVM" [_thread_blocked, id=1044, stack(0x00000000025c0000,0x00000000026c0000)]
  0x0000000019892800 JavaThread "D3D Screen Updater" daemon [_thread_blocked, id=1220, stack(0x000000001cc40000,0x000000001cd40000)]
=>0x000000001989d800 JavaThread "Animation Thread" [_thread_in_native, id=328, stack(0x000000001c940000,0x000000001ca40000)]
  0x000000001985b000 JavaThread "AWT-EventQueue-0" [_thread_blocked, id=1900, stack(0x000000001c740000,0x000000001c840000)]
  0x00000000197c3800 JavaThread "AWT-Windows" daemon [_thread_in_native, id=1172, stack(0x000000001a0e0000,0x000000001a1e0000)]
  0x00000000197c3000 JavaThread "AWT-Shutdown" [_thread_blocked, id=6072, stack(0x0000000019fe0000,0x000000001a0e0000)]
  0x00000000189fe000 JavaThread "Java2D Disposer" daemon [_thread_blocked, id=4092, stack(0x0000000019ee0000,0x0000000019fe0000)]
  0x00000000186b1000 JavaThread "Service Thread" daemon [_thread_blocked, id=6096, stack(0x0000000019000000,0x0000000019100000)]
  0x0000000018637800 JavaThread "C1 CompilerThread3" daemon [_thread_blocked, id=4180, stack(0x0000000018f00000,0x0000000019000000)]
  0x0000000018637000 JavaThread "C2 CompilerThread2" daemon [_thread_blocked, id=5944, stack(0x0000000018e00000,0x0000000018f00000)]
  0x000000001862e800 JavaThread "C2 CompilerThread1" daemon [_thread_blocked, id=3404, stack(0x0000000018d00000,0x0000000018e00000)]
  0x0000000018629800 JavaThread "C2 CompilerThread0" daemon [_thread_blocked, id=5856, stack(0x0000000018c00000,0x0000000018d00000)]
  0x0000000018627000 JavaThread "Attach Listener" daemon [_thread_blocked, id=2100, stack(0x0000000018b00000,0x0000000018c00000)]
  0x0000000018626000 JavaThread "Signal Dispatcher" daemon [_thread_blocked, id=5524, stack(0x0000000018a00000,0x0000000018b00000)]
  0x00000000027f9800 JavaThread "Finalizer" daemon [_thread_blocked, id=2328, stack(0x0000000018500000,0x0000000018600000)]
  0x000000001663c800 JavaThread "Reference Handler" daemon [_thread_blocked, id=5064, stack(0x0000000018400000,0x0000000018500000)]

Other Threads:
  0x0000000016638800 VMThread [stack: 0x0000000018300000,0x0000000018400000] [id=4052]
  0x00000000186b3000 WatcherThread [stack: 0x0000000019100000,0x0000000019200000] [id=5600]

VM state:not at safepoint (normal execution)

VM Mutex/Monitor currently owned by a thread: None

Heap:
 PSYoungGen      total 452096K, used 302281K [0x00000000e0400000, 0x00000000fbf00000, 0x0000000100000000)
  eden space 450560K, 66% used [0x00000000e0400000,0x00000000f2a92440,0x00000000fbc00000)
  from space 1536K, 41% used [0x00000000fbd80000,0x00000000fbe20000,0x00000000fbf00000)
  to   space 1536K, 0% used [0x00000000fbc00000,0x00000000fbc00000,0x00000000fbd80000)
 ParOldGen       total 203776K, used 156807K [0x00000000a0c00000, 0x00000000ad300000, 0x00000000e0400000)
  object space 203776K, 76% used [0x00000000a0c00000,0x00000000aa521c58,0x00000000ad300000)
 Metaspace       used 18507K, capacity 18701K, committed 18816K, reserved 1067008K
  class space    used 1774K, capacity 1825K, committed 1920K, reserved 1048576K

Card table byte_map: [0x0000000011cb0000,0x0000000011fb0000] byte_map_base: 0x00000000117aa000

Marking Bits: (ParMarkBitMap*) 0x000000006ecbd490
 Begin Bits: [0x00000000129b0000, 0x0000000014180000)
 End Bits:   [0x0000000014180000, 0x0000000015950000)

Polling page: 0x0000000000fb0000

CodeCache: size=245760Kb used=7994Kb max_used=8981Kb free=237765Kb
 bounds [0x00000000028f0000, 0x00000000031d0000, 0x00000000118f0000]
 total_blobs=3166 nmethods=2283 adapters=797
 compilation: enabled

Compilation events (10 events):
Event: 60.704 Thread 0x0000000018637800 2758       3       processing.opengl.PGraphicsOpenGL::textLineImpl (256 bytes)
Event: 60.706 Thread 0x0000000018637800 nmethod 2758 0x0000000002f23bd0 code [0x0000000002f23e80, 0x0000000002f25578]
Event: 60.706 Thread 0x0000000018637800 2759       3       processing.opengl.PGraphicsOpenGL::getFontTexture (15 bytes)
Event: 60.706 Thread 0x0000000018637800 nmethod 2759 0x0000000002f35050 code [0x0000000002f351e0, 0x0000000002f356e8]
Event: 60.770 Thread 0x000000001862e800 2760       4       processing.opengl.PGraphicsOpenGL$InGeometry::addVertex (56 bytes)
Event: 60.771 Thread 0x000000001862e800 nmethod 2760 0x00000000030c3fd0 code [0x00000000030c4120, 0x00000000030c41e8]
Event: 60.987 Thread 0x0000000018637800 2761       3       java.text.DecimalFormat::subformat (1238 bytes)
Event: 60.996 Thread 0x0000000018637800 nmethod 2761 0x0000000002eace10 code [0x0000000002ead5e0, 0x0000000002eb7918]
Event: 61.086 Thread 0x0000000018637800 2762       3       processing.opengl.PGraphicsOpenGL$InGeometry::closeEdge (43 bytes)
Event: 61.087 Thread 0x0000000018637800 nmethod 2762 0x0000000002f4c010 code [0x0000000002f4c1a0, 0x0000000002f4c748]

GC Heap History (10 events):
Event: 58.203 GC heap before
{Heap before GC invocations=96 (full 2):
 PSYoungGen      total 447488K, used 446624K [0x00000000e0400000, 0x00000000fbc00000, 0x0000000100000000)
  eden space 445952K, 100% used [0x00000000e0400000,0x00000000fb780000,0x00000000fb780000)
  from space 1536K, 43% used [0x00000000fb780000,0x00000000fb828000,0x00000000fb900000)
  to   space 1536K, 0% used [0x00000000fba80000,0x00000000fba80000,0x00000000fbc00000)
 ParOldGen       total 203776K, used 156791K [0x00000000a0c00000, 0x00000000ad300000, 0x00000000e0400000)
  object space 203776K, 76% used [0x00000000a0c00000,0x00000000aa51dc58,0x00000000ad300000)
 Metaspace       used 18467K, capacity 18701K, committed 18816K, reserved 1067008K
  class space    used 1774K, capacity 1825K, committed 1920K, reserved 1048576K
Event: 58.205 GC heap after
Heap after GC invocations=96 (full 2):
 PSYoungGen      total 449024K, used 704K [0x00000000e0400000, 0x00000000fbc00000, 0x0000000100000000)
  eden space 447488K, 0% used [0x00000000e0400000,0x00000000e0400000,0x00000000fb900000)
  from space 1536K, 45% used [0x00000000fba80000,0x00000000fbb30000,0x00000000fbc00000)
  to   space 1536K, 0% used [0x00000000fb900000,0x00000000fb900000,0x00000000fba80000)
 ParOldGen       total 203776K, used 156799K [0x00000000a0c00000, 0x00000000ad300000, 0x00000000e0400000)
  object space 203776K, 76% used [0x00000000a0c00000,0x00000000aa51fc58,0x00000000ad300000)
 Metaspace       used 18467K, capacity 18701K, committed 18816K, reserved 1067008K
  class space    used 1774K, capacity 1825K, committed 1920K, reserved 1048576K
}
Event: 58.909 GC heap before
{Heap before GC invocations=97 (full 2):
 PSYoungGen      total 449024K, used 448192K [0x00000000e0400000, 0x00000000fbc00000, 0x0000000100000000)
  eden space 447488K, 100% used [0x00000000e0400000,0x00000000fb900000,0x00000000fb900000)
  from space 1536K, 45% used [0x00000000fba80000,0x00000000fbb30000,0x00000000fbc00000)
  to   space 1536K, 0% used [0x00000000fb900000,0x00000000fb900000,0x00000000fba80000)
 ParOldGen       total 203776K, used 156799K [0x00000000a0c00000, 0x00000000ad300000, 0x00000000e0400000)
  object space 203776K, 76% used [0x00000000a0c00000,0x00000000aa51fc58,0x00000000ad300000)
 Metaspace       used 18467K, capacity 18701K, committed 18816K, reserved 1067008K
  class space    used 1774K, capacity 1825K, committed 1920K, reserved 1048576K
Event: 58.911 GC heap after
Heap after GC invocations=97 (full 2):
 PSYoungGen      total 449024K, used 704K [0x00000000e0400000, 0x00000000fbd80000, 0x0000000100000000)
  eden space 447488K, 0% used [0x00000000e0400000,0x00000000e0400000,0x00000000fb900000)
  from space 1536K, 45% used [0x00000000fb900000,0x00000000fb9b0000,0x00000000fba80000)
  to   space 1536K, 0% used [0x00000000fbc00000,0x00000000fbc00000,0x00000000fbd80000)
 ParOldGen       total 203776K, used 156799K [0x00000000a0c00000, 0x00000000ad300000, 0x00000000e0400000)
  object space 203776K, 76% used [0x00000000a0c00000,0x00000000aa51fc58,0x00000000ad300000)
 Metaspace       used 18467K, capacity 18701K, committed 18816K, reserved 1067008K
  class space    used 1774K, capacity 1825K, committed 1920K, reserved 1048576K
}
Event: 59.604 GC heap before
{Heap before GC invocations=98 (full 2):
 PSYoungGen      total 449024K, used 448192K [0x00000000e0400000, 0x00000000fbd80000, 0x0000000100000000)
  eden space 447488K, 100% used [0x00000000e0400000,0x00000000fb900000,0x00000000fb900000)
  from space 1536K, 45% used [0x00000000fb900000,0x00000000fb9b0000,0x00000000fba80000)
  to   space 1536K, 0% used [0x00000000fbc00000,0x00000000fbc00000,0x00000000fbd80000)
 ParOldGen       total 203776K, used 156799K [0x00000000a0c00000, 0x00000000ad300000, 0x00000000e0400000)
  object space 203776K, 76% used [0x00000000a0c00000,0x00000000aa51fc58,0x00000000ad300000)
 Metaspace       used 18491K, capacity 18701K, committed 18816K, reserved 1067008K
  class space    used 1774K, capacity 1825K, committed 1920K, reserved 1048576K
Event: 59.605 GC heap after
Heap after GC invocations=98 (full 2):
 PSYoungGen      total 450560K, used 640K [0x00000000e0400000, 0x00000000fbd80000, 0x0000000100000000)
  eden space 449024K, 0% used [0x00000000e0400000,0x00000000e0400000,0x00000000fba80000)
  from space 1536K, 41% used [0x00000000fbc00000,0x00000000fbca0000,0x00000000fbd80000)
  to   space 1536K, 0% used [0x00000000fba80000,0x00000000fba80000,0x00000000fbc00000)
 ParOldGen       total 203776K, used 156799K [0x00000000a0c00000, 0x00000000ad300000, 0x00000000e0400000)
  object space 203776K, 76% used [0x00000000a0c00000,0x00000000aa51fc58,0x00000000ad300000)
 Metaspace       used 18491K, capacity 18701K, committed 18816K, reserved 1067008K
  class space    used 1774K, capacity 1825K, committed 1920K, reserved 1048576K
}
Event: 60.353 GC heap before
{Heap before GC invocations=99 (full 2):
 PSYoungGen      total 450560K, used 449664K [0x00000000e0400000, 0x00000000fbd80000, 0x0000000100000000)
  eden space 449024K, 100% used [0x00000000e0400000,0x00000000fba80000,0x00000000fba80000)
  from space 1536K, 41% used [0x00000000fbc00000,0x00000000fbca0000,0x00000000fbd80000)
  to   space 1536K, 0% used [0x00000000fba80000,0x00000000fba80000,0x00000000fbc00000)
 ParOldGen       total 203776K, used 156799K [0x00000000a0c00000, 0x00000000ad300000, 0x00000000e0400000)
  object space 203776K, 76% used [0x00000000a0c00000,0x00000000aa51fc58,0x00000000ad300000)
 Metaspace       used 18491K, capacity 18701K, committed 18816K, reserved 1067008K
  class space    used 1774K, capacity 1825K, committed 1920K, reserved 1048576K
Event: 60.354 GC heap after
Heap after GC invocations=99 (full 2):
 PSYoungGen      total 450560K, used 608K [0x00000000e0400000, 0x00000000fbf00000, 0x0000000100000000)
  eden space 449024K, 0% used [0x00000000e0400000,0x00000000e0400000,0x00000000fba80000)
  from space 1536K, 39% used [0x00000000fba80000,0x00000000fbb18000,0x00000000fbc00000)
  to   space 1536K, 0% used [0x00000000fbd80000,0x00000000fbd80000,0x00000000fbf00000)
 ParOldGen       total 203776K, used 156799K [0x00000000a0c00000, 0x00000000ad300000, 0x00000000e0400000)
  object space 203776K, 76% used [0x00000000a0c00000,0x00000000aa51fc58,0x00000000ad300000)
 Metaspace       used 18491K, capacity 18701K, committed 18816K, reserved 1067008K
  class space    used 1774K, capacity 1825K, committed 1920K, reserved 1048576K
}
Event: 61.044 GC heap before
{Heap before GC invocations=100 (full 2):
 PSYoungGen      total 450560K, used 449632K [0x00000000e0400000, 0x00000000fbf00000, 0x0000000100000000)
  eden space 449024K, 100% used [0x00000000e0400000,0x00000000fba80000,0x00000000fba80000)
  from space 1536K, 39% used [0x00000000fba80000,0x00000000fbb18000,0x00000000fbc00000)
  to   space 1536K, 0% used [0x00000000fbd80000,0x00000000fbd80000,0x00000000fbf00000)
 ParOldGen       total 203776K, used 156799K [0x00000000a0c00000, 0x00000000ad300000, 0x00000000e0400000)
  object space 203776K, 76% used [0x00000000a0c00000,0x00000000aa51fc58,0x00000000ad300000)
 Metaspace       used 18506K, capacity 18701K, committed 18816K, reserved 1067008K
  class space    used 1774K, capacity 1825K, committed 1920K, reserved 1048576K
Event: 61.046 GC heap after
Heap after GC invocations=100 (full 2):
 PSYoungGen      total 452096K, used 640K [0x00000000e0400000, 0x00000000fbf00000, 0x0000000100000000)
  eden space 450560K, 0% used [0x00000000e0400000,0x00000000e0400000,0x00000000fbc00000)
  from space 1536K, 41% used [0x00000000fbd80000,0x00000000fbe20000,0x00000000fbf00000)
  to   space 1536K, 0% used [0x00000000fbc00000,0x00000000fbc00000,0x00000000fbd80000)
 ParOldGen       total 203776K, used 156807K [0x00000000a0c00000, 0x00000000ad300000, 0x00000000e0400000)
  object space 203776K, 76% used [0x00000000a0c00000,0x00000000aa521c58,0x00000000ad300000)
 Metaspace       used 18506K, capacity 18701K, committed 18816K, reserved 1067008K
  class space    used 1774K, capacity 1825K, committed 1920K, reserved 1048576K
}

Deoptimization events (10 events):
Event: 56.255 Thread 0x000000001985b000 Uncommon trap: reason=unreached action=reinterpret pc=0x0000000002adf2d8 method=java.lang.ThreadLocal$ThreadLocalMap.set(Ljava/lang/ThreadLocal;Ljava/lang/Object;)V @ 28
Event: 56.286 Thread 0x000000001985b000 Uncommon trap: reason=bimorphic action=maybe_recompile pc=0x0000000002a84610 method=java.util.ArrayList.indexOf(Ljava/lang/Object;)I @ 51
Event: 56.287 Thread 0x000000001985b000 Uncommon trap: reason=bimorphic action=maybe_recompile pc=0x0000000002a84610 method=java.util.ArrayList.indexOf(Ljava/lang/Object;)I @ 51
Event: 56.287 Thread 0x000000001985b000 Uncommon trap: reason=bimorphic action=maybe_recompile pc=0x0000000002a84610 method=java.util.ArrayList.indexOf(Ljava/lang/Object;)I @ 51
Event: 56.287 Thread 0x000000001985b000 Uncommon trap: reason=bimorphic action=maybe_recompile pc=0x0000000002a84610 method=java.util.ArrayList.indexOf(Ljava/lang/Object;)I @ 51
Event: 56.352 Thread 0x000000001985b000 Uncommon trap: reason=class_check action=maybe_recompile pc=0x0000000002ae2ba8 method=java.lang.String.equals(Ljava/lang/Object;)Z @ 8
Event: 56.352 Thread 0x000000001985b000 Uncommon trap: reason=class_check action=maybe_recompile pc=0x0000000002ae2ba8 method=java.lang.String.equals(Ljava/lang/Object;)Z @ 8
Event: 56.352 Thread 0x000000001985b000 Uncommon trap: reason=class_check action=maybe_recompile pc=0x0000000002ae2ba8 method=java.lang.String.equals(Ljava/lang/Object;)Z @ 8
Event: 56.352 Thread 0x000000001985b000 Uncommon trap: reason=class_check action=maybe_recompile pc=0x0000000002ae2ba8 method=java.lang.String.equals(Ljava/lang/Object;)Z @ 8
Event: 56.366 Thread 0x000000001985b000 Uncommon trap: reason=speculate_class_check action=maybe_recompile pc=0x0000000002b8e018 method=java.util.HashMap.removeNode(ILjava/lang/Object;Ljava/lang/Object;ZZ)Ljava/util/HashMap$Node; @ 283

Internal exceptions (10 events):
Event: 3.167 Thread 0x000000001985b000 Exception <a 'java/security/PrivilegedActionException'> (0x00000000e2b0c5c8) thrown at [D:\re\workspace\8-2-build-windows-amd64-cygwin\jdk8u25\1677\hotspot\src\share\vm\prims\jvm.cpp, line 1312]
Event: 3.168 Thread 0x000000001985b000 Exception <a 'java/security/PrivilegedActionException'> (0x00000000e2b10dc8) thrown at [D:\re\workspace\8-2-build-windows-amd64-cygwin\jdk8u25\1677\hotspot\src\share\vm\prims\jvm.cpp, line 1312]
Event: 3.168 Thread 0x000000001985b000 Exception <a 'java/security/PrivilegedActionException'> (0x00000000e2b14500) thrown at [D:\re\workspace\8-2-build-windows-amd64-cygwin\jdk8u25\1677\hotspot\src\share\vm\prims\jvm.cpp, line 1312]
Event: 3.168 Thread 0x000000001985b000 Exception <a 'java/security/PrivilegedActionException'> (0x00000000e2b18448) thrown at [D:\re\workspace\8-2-build-windows-amd64-cygwin\jdk8u25\1677\hotspot\src\share\vm\prims\jvm.cpp, line 1312]
Event: 3.169 Thread 0x000000001985b000 Exception <a 'java/security/PrivilegedActionException'> (0x00000000e2b1e358) thrown at [D:\re\workspace\8-2-build-windows-amd64-cygwin\jdk8u25\1677\hotspot\src\share\vm\prims\jvm.cpp, line 1312]
Event: 3.182 Thread 0x000000001985b000 Exception <a 'java/security/PrivilegedActionException'> (0x00000000e2bf9968) thrown at [D:\re\workspace\8-2-build-windows-amd64-cygwin\jdk8u25\1677\hotspot\src\share\vm\prims\jvm.cpp, line 1312]
Event: 56.255 Thread 0x000000001985b000 Implicit null exception at 0x0000000002adf1af to 0x0000000002adf2ad
Event: 56.363 Thread 0x000000001985b000 Exception <a 'java/security/PrivilegedActionException'> (0x00000000ea914df8) thrown at [D:\re\workspace\8-2-build-windows-amd64-cygwin\jdk8u25\1677\hotspot\src\share\vm\prims\jvm.cpp, line 1312]
Event: 56.371 Thread 0x000000001985b000 Exception <a 'java/security/PrivilegedActionException'> (0x00000000ea921640) thrown at [D:\re\workspace\8-2-build-windows-amd64-cygwin\jdk8u25\1677\hotspot\src\share\vm\prims\jvm.cpp, line 1312]
Event: 56.402 Thread 0x000000001985b000 Exception <a 'java/security/PrivilegedActionException'> (0x00000000ea92a700) thrown at [D:\re\workspace\8-2-build-windows-amd64-cygwin\jdk8u25\1677\hotspot\src\share\vm\prims\jvm.cpp, line 1312]

Events (10 events):
Event: 58.205 Executing VM operation: ParallelGCFailedAllocation done
Event: 58.909 Executing VM operation: ParallelGCFailedAllocation
Event: 58.911 Executing VM operation: ParallelGCFailedAllocation done
Event: 59.604 Executing VM operation: ParallelGCFailedAllocation
Event: 59.605 Executing VM operation: ParallelGCFailedAllocation done
Event: 60.353 Executing VM operation: ParallelGCFailedAllocation
Event: 60.354 Executing VM operation: ParallelGCFailedAllocation done
Event: 61.044 Executing VM operation: ParallelGCFailedAllocation
Event: 61.046 Executing VM operation: ParallelGCFailedAllocation done
Event: 61.522 Thread 0x000000001dc61000 Thread exited: 0x000000001dc61000


Dynamic libraries:
0x00007ff69ddf0000 - 0x00007ff69de24000 	C:\Program Files\Java\jre1.8.0_25\bin\javaw.exe
0x00007ffb80c70000 - 0x00007ffb80e1c000 	C:\WINDOWS\SYSTEM32\ntdll.dll
0x00007ffb80620000 - 0x00007ffb8075e000 	C:\WINDOWS\system32\KERNEL32.DLL
0x00007ffb7e0d0000 - 0x00007ffb7e1e5000 	C:\WINDOWS\system32\KERNELBASE.dll
0x00007ffb7c940000 - 0x00007ffb7c9ce000 	C:\WINDOWS\system32\apphelp.dll
0x00007ffb6bd10000 - 0x00007ffb6bd63000 	C:\WINDOWS\AppPatch\AppPatch64\AcGenral.DLL
0x00007ffb7e5f0000 - 0x00007ffb7e69a000 	C:\WINDOWS\system32\msvcrt.dll
0x00007ffb7db90000 - 0x00007ffb7dbbe000 	C:\WINDOWS\SYSTEM32\SspiCli.dll
0x00007ffb7e8c0000 - 0x00007ffb7e914000 	C:\WINDOWS\system32\SHLWAPI.dll
0x00007ffb80760000 - 0x00007ffb808d7000 	C:\WINDOWS\system32\USER32.dll
0x00007ffb7e410000 - 0x00007ffb7e5a4000 	C:\WINDOWS\system32\ole32.dll
0x00007ffb7f100000 - 0x00007ffb80618000 	C:\WINDOWS\system32\SHELL32.dll
0x00007ffb7d360000 - 0x00007ffb7d381000 	C:\WINDOWS\SYSTEM32\USERENV.dll
0x00007ffb7eea0000 - 0x00007ffb7ef4a000 	C:\WINDOWS\system32\ADVAPI32.dll
0x00007ffb72030000 - 0x00007ffb7204e000 	C:\WINDOWS\SYSTEM32\MPR.dll
0x00007ffb7e920000 - 0x00007ffb7ea61000 	C:\WINDOWS\system32\RPCRT4.dll
0x00007ffb7e3b0000 - 0x00007ffb7e409000 	C:\WINDOWS\SYSTEM32\sechost.dll
0x00007ffb7e6a0000 - 0x00007ffb7e8b1000 	C:\WINDOWS\SYSTEM32\combase.dll
0x00007ffb7ea70000 - 0x00007ffb7ebc1000 	C:\WINDOWS\system32\GDI32.dll
0x00007ffb7ddc0000 - 0x00007ffb7ddd5000 	C:\WINDOWS\SYSTEM32\profapi.dll
0x00007ffb7c160000 - 0x00007ffb7c212000 	C:\WINDOWS\SYSTEM32\SHCORE.dll
0x00007ffb7e5b0000 - 0x00007ffb7e5e6000 	C:\WINDOWS\system32\IMM32.DLL
0x00007ffb80920000 - 0x00007ffb80a72000 	C:\WINDOWS\system32\MSCTF.dll
0x00007ffb7b4f0000 - 0x00007ffb7b76b000 	C:\WINDOWS\WinSxS\amd64_microsoft.windows.common-controls_6595b64144ccf1df_6.0.9600.17415_none_6240486fecbd8abb\COMCTL32.dll
0x000000006e3b0000 - 0x000000006e482000 	C:\Program Files\Java\jre1.8.0_25\bin\msvcr100.dll
0x000000006e4e0000 - 0x000000006ed3a000 	C:\Program Files\Java\jre1.8.0_25\bin\server\jvm.dll
0x00007ffb71710000 - 0x00007ffb71719000 	C:\WINDOWS\SYSTEM32\WSOCK32.dll
0x00007ffb750e0000 - 0x00007ffb75102000 	C:\WINDOWS\SYSTEM32\WINMM.dll
0x00007ffb808e0000 - 0x00007ffb808e7000 	C:\WINDOWS\system32\PSAPI.DLL
0x00007ffb80b50000 - 0x00007ffb80baa000 	C:\WINDOWS\system32\WS2_32.dll
0x00007ffb74fb0000 - 0x00007ffb74fda000 	C:\WINDOWS\SYSTEM32\WINMMBASE.dll
0x00007ffb7ebd0000 - 0x00007ffb7ebd9000 	C:\WINDOWS\system32\NSI.dll
0x00007ffb7e2a0000 - 0x00007ffb7e2ef000 	C:\WINDOWS\SYSTEM32\cfgmgr32.dll
0x00007ffb7cbb0000 - 0x00007ffb7cbd8000 	C:\WINDOWS\SYSTEM32\DEVOBJ.dll
0x00000000701e0000 - 0x00000000701ef000 	C:\Program Files\Java\jre1.8.0_25\bin\verify.dll
0x00000000701b0000 - 0x00000000701d8000 	C:\Program Files\Java\jre1.8.0_25\bin\java.dll
0x0000000070190000 - 0x00000000701a6000 	C:\Program Files\Java\jre1.8.0_25\bin\zip.dll
0x000000006e210000 - 0x000000006e3a8000 	C:\Program Files\Java\jre1.8.0_25\bin\awt.dll
0x00007ffb7edd0000 - 0x00007ffb7ee91000 	C:\WINDOWS\system32\OLEAUT32.dll
0x00007ffb7bf60000 - 0x00007ffb7bf81000 	C:\WINDOWS\system32\DWMAPI.DLL
0x00007ffb7ca30000 - 0x00007ffb7cb59000 	C:\WINDOWS\system32\uxtheme.dll
0x00007ffb7cc00000 - 0x00007ffb7cc0b000 	C:\WINDOWS\SYSTEM32\kernel.appcore.dll
0x00007ffb7dc30000 - 0x00007ffb7dc3b000 	C:\WINDOWS\SYSTEM32\CRYPTBASE.dll
0x00007ffb7dbc0000 - 0x00007ffb7dc23000 	C:\WINDOWS\SYSTEM32\bcryptPrimitives.dll
0x00007ffb73570000 - 0x00007ffb73791000 	C:\WINDOWS\system32\d3d9.dll
0x00007ffb7b9f0000 - 0x00007ffb7b9fa000 	C:\WINDOWS\SYSTEM32\VERSION.dll
0x00007ffb7b220000 - 0x00007ffb7b36b000 	C:\WINDOWS\SYSTEM32\aticfx64.dll
0x00007ffb59650000 - 0x00007ffb59671000 	C:\WINDOWS\SYSTEM32\atiu9p64.dll
0x00007ffb58e60000 - 0x00007ffb59645000 	C:\WINDOWS\SYSTEM32\atiumd64.dll
0x000000006ed40000 - 0x000000006f4f7000 	C:\WINDOWS\SYSTEM32\atiumd6a.dll
0x000000006f5f0000 - 0x000000006f637000 	C:\Program Files\Java\jre1.8.0_25\bin\fontmanager.dll
0x00007ffb7d630000 - 0x00007ffb7d650000 	C:\WINDOWS\SYSTEM32\CRYPTSP.dll
0x00007ffb7d250000 - 0x00007ffb7d286000 	C:\WINDOWS\system32\rsaenh.dll
0x00007ffb7d880000 - 0x00007ffb7d8a6000 	C:\WINDOWS\SYSTEM32\bcrypt.dll
0x0000000070170000 - 0x000000007018a000 	C:\Program Files\Java\jre1.8.0_25\bin\net.dll
0x00007ffb7d5d0000 - 0x00007ffb7d629000 	C:\WINDOWS\system32\mswsock.dll
0x00007ffb79b50000 - 0x00007ffb79b7a000 	C:\WINDOWS\SYSTEM32\IPHLPAPI.DLL
0x00007ffb79b10000 - 0x00007ffb79b1a000 	C:\WINDOWS\SYSTEM32\WINNSI.DLL
0x00007ffb78b80000 - 0x00007ffb78b96000 	C:\WINDOWS\SYSTEM32\dhcpcsvc6.DLL
0x00007ffb78d10000 - 0x00007ffb78d2a000 	C:\WINDOWS\SYSTEM32\dhcpcsvc.DLL
0x000000006e4c0000 - 0x000000006e4d1000 	C:\Program Files\Java\jre1.8.0_25\bin\nio.dll
0x00000000637c0000 - 0x00000000637cd000 	S:\Users\Ben\AppData\Local\Temp\jogamp_0000\file_cache\jln1047934735966683120\jln3380090912360678944\gluegen-rt.dll
0x000000006f5e0000 - 0x000000006f5e7000 	C:\Program Files\Java\jre1.8.0_25\bin\jawt.dll
0x000000006a440000 - 0x000000006a44d000 	S:\Users\Ben\AppData\Local\Temp\jogamp_0000\file_cache\jln1047934735966683120\jln3380090912360678944\nativewindow_awt.dll
0x000000006c100000 - 0x000000006c10f000 	S:\Users\Ben\AppData\Local\Temp\jogamp_0000\file_cache\jln1047934735966683120\jln3380090912360678944\nativewindow_win32.dll
0x00007ffb6b4a0000 - 0x00007ffb6b5cb000 	C:\WINDOWS\SYSTEM32\OpenGL32.dll
0x00007ffb74bc0000 - 0x00007ffb74bee000 	C:\WINDOWS\SYSTEM32\GLU32.dll
0x00007ffb5ac30000 - 0x00007ffb5ad28000 	C:\WINDOWS\SYSTEM32\DDRAW.dll
0x00007ffb798c0000 - 0x00007ffb798c9000 	C:\WINDOWS\SYSTEM32\DCIMAN32.dll
0x0000000064500000 - 0x00000000645a2000 	S:\Users\Ben\AppData\Local\Temp\jogamp_0000\file_cache\jln1047934735966683120\jln3380090912360678944\jogl_desktop.dll
0x00007ffb797d0000 - 0x00007ffb797e8000 	C:\WINDOWS\SYSTEM32\atig6pxx.dll
0x000000006c660000 - 0x000000006e20f000 	C:\WINDOWS\SYSTEM32\atio6axx.dll
0x00007ffb7ebf0000 - 0x00007ffb7edca000 	C:\WINDOWS\system32\SETUPAPI.dll
0x00007ffb79b80000 - 0x00007ffb79cb7000 	C:\WINDOWS\SYSTEM32\atiadlxx.dll
0x00007ffb7a150000 - 0x00007ffb7a2cf000 	C:\WINDOWS\SYSTEM32\PROPSYS.dll
0x00007ffb7c9d0000 - 0x00007ffb7c9e2000 	C:\WINDOWS\SYSTEM32\WTSAPI32.dll
0x00007ffb7e070000 - 0x00007ffb7e0c1000 	C:\WINDOWS\system32\WINTRUST.dll
0x00007ffb7de90000 - 0x00007ffb7e06f000 	C:\WINDOWS\system32\CRYPT32.dll
0x00007ffb7de70000 - 0x00007ffb7de81000 	C:\WINDOWS\system32\MSASN1.dll
0x00007ffb720c0000 - 0x00007ffb720e9000 	C:\WINDOWS\SYSTEM32\atig6txx.dll
0x00007ffb50370000 - 0x00007ffb5050c000 	O:\OneDrive\Workspace\ZZavatar\lib\user\KinectPV2\Kinect20.Face.dll
0x00007ffb74fe0000 - 0x00007ffb75087000 	C:\WINDOWS\SYSTEM32\MSVCP110.dll
0x00007ffb76510000 - 0x00007ffb765de000 	C:\WINDOWS\SYSTEM32\MSVCR110.dll
0x00007ffb75200000 - 0x00007ffb75210000 	O:\OneDrive\Workspace\ZZavatar\lib\user\KinectPV2\KinectPV2.dll
0x00007ffb502b0000 - 0x00007ffb5036a000 	C:\WINDOWS\SYSTEM32\Kinect20.dll
0x00007ffb75110000 - 0x00007ffb751fb000 	C:\WINDOWS\SYSTEM32\MFPlat.DLL
0x00007ffb74f70000 - 0x00007ffb74f97000 	C:\WINDOWS\SYSTEM32\RTWorkQ.DLL
0x00007ffb7bb70000 - 0x00007ffb7bb7c000 	C:\WINDOWS\SYSTEM32\AVRT.dll
0x000000006c610000 - 0x000000006c651000 	C:\Program Files\Java\jre1.8.0_25\bin\t2k.dll
0x00007ffb70940000 - 0x00007ffb70aca000 	C:\WINDOWS\SYSTEM32\dbghelp.dll

VM Arguments:
jvm_args: -Djava.library.path=O:\OneDrive\Workspace\ZZavatar\lib\base\video;O:\OneDrive\Workspace\ZZavatar\lib\base\video;O:\OneDrive\Workspace\ZZavatar\lib\base\video;O:\OneDrive\Workspace\ZZavatar\lib\base\core;O:\OneDrive\Workspace\ZZavatar\lib\base\core;O:\OneDrive\Workspace\ZZavatar\lib\base\core;O:\OneDrive\Workspace\ZZavatar\lib\base\core;O:\OneDrive\Workspace\ZZavatar\lib\base\core;O:\OneDrive\Workspace\ZZavatar\lib\base\core;O:\OneDrive\Workspace\ZZavatar\lib\base\core;O:\OneDrive\Workspace\ZZavatar\lib\base\core;O:\OneDrive\Workspace\ZZavatar\lib\base\core;O:\OneDrive\Workspace\ZZavatar\lib\base\core;O:\OneDrive\Workspace\ZZavatar\lib\base\core;O:\OneDrive\Workspace\ZZavatar\lib\base\core;O:\OneDrive\Workspace\ZZavatar\lib\base\core;O:\OneDrive\Workspace\ZZavatar\lib\base\core;O:\OneDrive\Workspace\ZZavatar\lib\base\core;O:\OneDrive\Workspace\ZZavatar\lib\user\Kinect4WinSDK;O:\OneDrive\Workspace\ZZavatar\lib\user\KinectPV2;O:\OneDrive\Workspace\ZZavatar\lib\user\SimpleOpenNI -Dfile.encoding=Cp1252 
java_command: zzavatar.ZZavatar
java_class_path (initial): O:\OneDrive\Workspace\ZZavatar\lib\base\video\gstreamer-java.jar;O:\OneDrive\Workspace\ZZavatar\lib\base\video\jna.jar;O:\OneDrive\Workspace\ZZavatar\lib\base\video\video.jar;O:\OneDrive\Workspace\ZZavatar\lib\base\core\core.jar;O:\OneDrive\Workspace\ZZavatar\lib\base\core\gluegen-rt-natives-linux-amd64.jar;O:\OneDrive\Workspace\ZZavatar\lib\base\core\gluegen-rt-natives-linux-armv6hf.jar;O:\OneDrive\Workspace\ZZavatar\lib\base\core\gluegen-rt-natives-linux-i586.jar;O:\OneDrive\Workspace\ZZavatar\lib\base\core\gluegen-rt-natives-macosx-universal.jar;O:\OneDrive\Workspace\ZZavatar\lib\base\core\gluegen-rt-natives-windows-amd64.jar;O:\OneDrive\Workspace\ZZavatar\lib\base\core\gluegen-rt-natives-windows-i586.jar;O:\OneDrive\Workspace\ZZavatar\lib\base\core\gluegen-rt.jar;O:\OneDrive\Workspace\ZZavatar\lib\base\core\jogl-all-natives-linux-amd64.jar;O:\OneDrive\Workspace\ZZavatar\lib\base\core\jogl-all-natives-linux-armv6hf.jar;O:\OneDrive\Workspace\ZZavatar\lib\base\core\jogl-all-natives-linux-i586.jar;O:\OneDrive\Workspace\ZZavatar\lib\base\core\jogl-all-natives-macosx-universal.jar;O:\OneDrive\Workspace\ZZavatar\lib\base\core\jogl-all-natives-windows-amd64.jar;O:\OneDrive\Workspace\ZZavatar\lib\base\core\jogl-all-natives-windows-i586.jar;O:\OneDrive\Workspace\ZZavatar\lib\base\core\jogl-all.jar;O:\OneDrive\Workspace\ZZavatar\lib\user\Kinect4WinSDK\Kinect4WinSDK.jar;O:\OneDrive\Workspace\ZZavatar\lib\user\KinectPV2\KinectPV2.jar;O:\OneDrive\Workspace\ZZavatar\lib\user\SimpleOpenNI\SimpleOpenNI.jar;O:\OneDrive\Workspace\ZZavatar\bin
Launcher Type: SUN_STANDARD

Environment Variables:
JAVA_HOME=C:\Program Files\Java\jdk1.8.0_25
PATH=C:/Program Files/Java/jre1.8.0_25/bin/server;C:/Program Files/Java/jre1.8.0_25/bin;C:/Program Files/Java/jre1.8.0_25/lib/amd64;C:\Program Files (x86)\NVIDIA Corporation\PhysX\Common;C:\ProgramData\Oracle\Java\javapath;C:\Program Files (x86)\Common Files\Intel\Shared Libraries\redist\intel64\compiler;C:\Program Files (x86)\Common Files\Intel\Shared Libraries\redist\ia32\compiler;C:\Program Files (x86)\Intel\iCLS Client\;C:\Program Files\Intel\iCLS Client\;C:\Program Files (x86)\AMD APP\bin\x86_64;C:\Program Files (x86)\AMD APP\bin\x86;C:\WINDOWS\system32;C:\WINDOWS;C:\WINDOWS\System32\Wbem;C:\WINDOWS\System32\WindowsPowerShell\v1.0\;C:\Program Files (x86)\ATI Technologies\ATI.ACE\Core-Static;C:\Program Files\Intel\Intel(R) Management Engine Components\DAL;C:\Program Files\Intel\Intel(R) Management Engine Components\IPT;C:\Program Files (x86)\Intel\Intel(R) Management Engine Components\DAL;C:\Program Files (x86)\Intel\Intel(R) Management Engine Components\IPT;C:\Program Files\Sony\VAIO Improvement\;C:\Program Files (x86)\Sony\VAIO Startup Setting Tool;C:\Program Files (x86)\Windows Kits\8.1\Windows Performance Toolkit\;C:\Program Files\Microsoft SQL Server\110\Tools\Binn\;C:\Program Files (x86)\Microsoft SDKs\TypeScript\1.0\;C:\Program Files\Microsoft\Web Platform Installer\;C:\Program Files (x86)\Java\jre1.8.0_25\bin;P:\Programs\Python27\Scripts;P:\Programs\Python27;C:\Program Files\Common Files\Autodesk Shared\;P:\Program Files\Programs;P:\Program Files\Games;P:\Programs\Eclipse;
USERNAME=Benoît
OS=Windows_NT
PROCESSOR_IDENTIFIER=Intel64 Family 6 Model 58 Stepping 9, GenuineIntel



---------------  S Y S T E M  ---------------

OS: Windows 8.1 , 64 bit Build 9600 

CPU:total 8 (4 cores per cpu, 2 threads per core) family 6 model 58 stepping 9, cmov, cx8, fxsr, mmx, sse, sse2, sse3, ssse3, sse4.1, sse4.2, popcnt, avx, aes, clmul, erms, ht, tsc, tscinvbit, tscinv

Memory: 4k page, physical 6237468k(2514588k free), swap 10431772k(5575248k free)

vm_info: Java HotSpot(TM) 64-Bit Server VM (25.25-b02) for windows-amd64 JRE (1.8.0_25-b18), built on Oct  7 2014 14:25:37 by "java_re" with MS VC++ 10.0 (VS2010)

time: Sat Apr 25 10:25:38 2015
elapsed time: 61 seconds (0d 0h 1m 1s)

