#
# A fatal error has been detected by the Java Runtime Environment:
#
#  EXCEPTION_ACCESS_VIOLATION (0xc0000005) at pc=0x00007ff96057464a, pid=5096, tid=7100
#
# JRE version: Java(TM) SE Runtime Environment (8.0_25-b18) (build 1.8.0_25-b18)
# Java VM: Java HotSpot(TM) 64-Bit Server VM (25.25-b02 mixed mode windows-amd64 compressed oops)
# Problematic frame:
# C  [Kinect20.dll+0x1464a]
#
# Failed to write core dump. Minidumps are not enabled by default on client versions of Windows
#
# If you would like to submit a bug report, please visit:
#   http://bugreport.sun.com/bugreport/crash.jsp
# The crash happened outside the Java Virtual Machine in native code.
# See problematic frame for where to report the bug.
#

---------------  T H R E A D  ---------------

Current thread (0x000000001d8e8000):  JavaThread "Thread-4" [_thread_in_native, id=7100, stack(0x000000002eb00000,0x000000002ec00000)]

siginfo: ExceptionCode=0xc0000005, writing address 0x0000000025b43040

Registers:
RAX=0x00000000007e9000, RBX=0x00000000003f4800, RCX=0x0000000031d10010, RDX=0x000000000000b480
RSP=0x000000002ebfe8d0, RBP=0x000000002ebfe8e0, RSI=0x00000000319d0000, RDI=0x00000000254c3040
R8 =0x0000000025b43060, R9 =0x00000000007e9000, R10=0x000000001f653de0, R11=0x000000002ebfe9c8
R12=0x00000000007e9000, R13=0x00000000205c3588, R14=0x00000000319d0000, R15=0x00000000003f4800
RIP=0x00007ff96057464a, EFLAGS=0x0000000000010202

Top of Stack: (sp=0x000000002ebfe8d0)
0x000000002ebfe8d0:   00000000205c35e0 000000002ebfe968
0x000000002ebfe8e0:   000000002ebfe980 000000c9003f4800
0x000000002ebfe8f0:   0000000000000000 0000000000000000
0x000000002ebfe900:   0000000000000000 0000000000000000
0x000000002ebfe910:   0000000000000000 0000000000000000
0x000000002ebfe920:   0000000000000000 0000000000000000
0x000000002ebfe930:   0000000000000000 0000000000000000
0x000000002ebfe940:   0000000000000000 0000000000000000
0x000000002ebfe950:   0000000000000000 0000000000000000
0x000000002ebfe960:   0000000000000000 0000000000000000
0x000000002ebfe970:   0000000000000000 0000000000000000
0x000000002ebfe980:   0000000000000000 0000000000000000
0x000000002ebfe990:   00000000007e9000 00007ff96056365f
0x000000002ebfe9a0:   fffffffffffffffe 0000a479efed57bb
0x000000002ebfe9b0:   0000000000000003 00000000254c3040
0x000000002ebfe9c0:   0000000000000000 00007ff960597bd2 

Instructions: (pc=0x00007ff96057464a)
0x00007ff96057462a:   ca c5 7c 28 1d 6d fb 05 00 c4 e2 41 2b c0 4d 8d
0x00007ff96057463a:   40 20 c5 f1 67 d0 48 8d 49 10 c4 e3 6d 18 db 01
0x00007ff96057464a:   c4 c1 7e 7f 58 e0 ff ca 0f 85 28 fe ff ff c5 f8
0x00007ff96057465a:   77 4c 8d 9c 24 c0 00 00 00 c4 c1 78 28 73 f0 c4 


Register to memory mapping:

RAX=0x00000000007e9000 is an unknown value
RBX=0x00000000003f4800 is an unknown value
RCX=0x0000000031d10010 is an unknown value
RDX=0x000000000000b480 is an unknown value
RSP=0x000000002ebfe8d0 is pointing into the stack for thread: 0x000000001d8e8000
RBP=0x000000002ebfe8e0 is pointing into the stack for thread: 0x000000001d8e8000
RSI=0x00000000319d0000 is an unknown value
RDI=0x00000000254c3040 is an unknown value
R8 =0x0000000025b43060 is an unknown value
R9 =0x00000000007e9000 is an unknown value
R10=0x000000001f653de0 is an unknown value
R11=0x000000002ebfe9c8 is pointing into the stack for thread: 0x000000001d8e8000
R12=0x00000000007e9000 is an unknown value
R13=0x00000000205c3588 is an unknown value
R14=0x00000000319d0000 is an unknown value
R15=0x00000000003f4800 is an unknown value


Stack: [0x000000002eb00000,0x000000002ec00000],  sp=0x000000002ebfe8d0,  free space=1018k
Native frames: (J=compiled Java code, j=interpreted, Vv=VM code, C=native code)
C  [Kinect20.dll+0x1464a]
C  [Kinect20.dll+0x365f]
C  [Kinect20.dll+0x37bd2]
C  [KinectPV2.dll+0x42cb]
C  [KinectPV2.dll+0x16a2]
C  0x00000000028b0ff9

Java frames: (J=compiled Java code, j=interpreted, Vv=VM code)
J 1027  KinectPV2.Device.jniUpdate()Z (0 bytes) @ 0x00000000028b0f7b [0x00000000028b0f40+0x3b]
J 1026 C1 KinectPV2.Device.updateDevice()Z (7 bytes) @ 0x00000000028cee7c [0x00000000028cee00+0x7c]
j  KinectPV2.Device.run()V+4
j  java.lang.Thread.run()V+11
v  ~StubRoutines::call_stub

---------------  P R O C E S S  ---------------

Java Threads: ( => current thread )
=>0x000000001d8e8000 JavaThread "Thread-4" [_thread_in_native, id=7100, stack(0x000000002eb00000,0x000000002ec00000)]
  0x00000000198e9000 JavaThread "Animation Thread-SharedResourceRunner" daemon [_thread_blocked, id=6260, stack(0x000000001e880000,0x000000001e980000)]
  0x00000000024ae800 JavaThread "DestroyJavaVM" [_thread_blocked, id=7980, stack(0x00000000021c0000,0x00000000022c0000)]
  0x00000000195b2800 JavaThread "D3D Screen Updater" daemon [_thread_blocked, id=5728, stack(0x000000001c8b0000,0x000000001c9b0000)]
  0x000000001958c000 JavaThread "Animation Thread" [_thread_in_native, id=2624, stack(0x000000001c5b0000,0x000000001c6b0000)]
  0x00000000194ed800 JavaThread "AWT-EventQueue-0" [_thread_blocked, id=7968, stack(0x000000001c3b0000,0x000000001c4b0000)]
  0x00000000194bb800 JavaThread "AWT-Windows" daemon [_thread_in_native, id=3692, stack(0x0000000019dd0000,0x0000000019ed0000)]
  0x00000000194bb000 JavaThread "AWT-Shutdown" [_thread_blocked, id=7132, stack(0x0000000019cd0000,0x0000000019dd0000)]
  0x00000000194b8000 JavaThread "Java2D Disposer" daemon [_thread_blocked, id=5788, stack(0x0000000019bd0000,0x0000000019cd0000)]
  0x00000000182a7000 JavaThread "Service Thread" daemon [_thread_blocked, id=6352, stack(0x0000000018bf0000,0x0000000018cf0000)]
  0x0000000018227800 JavaThread "C1 CompilerThread3" daemon [_thread_blocked, id=5056, stack(0x0000000018af0000,0x0000000018bf0000)]
  0x0000000018226800 JavaThread "C2 CompilerThread2" daemon [_thread_blocked, id=4088, stack(0x00000000189f0000,0x0000000018af0000)]
  0x0000000018220800 JavaThread "C2 CompilerThread1" daemon [_thread_in_native, id=7404, stack(0x00000000188f0000,0x00000000189f0000)]
  0x000000001821b800 JavaThread "C2 CompilerThread0" daemon [_thread_in_native, id=5696, stack(0x00000000187f0000,0x00000000188f0000)]
  0x0000000018216000 JavaThread "Attach Listener" daemon [_thread_blocked, id=7780, stack(0x00000000186f0000,0x00000000187f0000)]
  0x0000000018215000 JavaThread "Signal Dispatcher" daemon [_thread_blocked, id=5972, stack(0x00000000185f0000,0x00000000186f0000)]
  0x0000000002429800 JavaThread "Finalizer" daemon [_thread_blocked, id=2752, stack(0x00000000180f0000,0x00000000181f0000)]
  0x00000000161fc800 JavaThread "Reference Handler" daemon [_thread_blocked, id=6868, stack(0x0000000017ff0000,0x00000000180f0000)]

Other Threads:
  0x00000000161f8800 VMThread [stack: 0x0000000017ef0000,0x0000000017ff0000] [id=7924]
  0x00000000182ab000 WatcherThread [stack: 0x0000000018cf0000,0x0000000018df0000] [id=6976]

VM state:not at safepoint (normal execution)

VM Mutex/Monitor currently owned by a thread: None

Heap:
 PSYoungGen      total 328192K, used 303531K [0x00000000e0400000, 0x00000000f6900000, 0x0000000100000000)
  eden space 294912K, 99% used [0x00000000e0400000,0x00000000f2283f78,0x00000000f2400000)
  from space 33280K, 30% used [0x00000000f2400000,0x00000000f2de6dc0,0x00000000f4480000)
  to   space 31744K, 0% used [0x00000000f4a00000,0x00000000f4a00000,0x00000000f6900000)
 ParOldGen       total 228352K, used 145268K [0x00000000a0c00000, 0x00000000aeb00000, 0x00000000e0400000)
  object space 228352K, 63% used [0x00000000a0c00000,0x00000000a99dd3a0,0x00000000aeb00000)
 Metaspace       used 17639K, capacity 17889K, committed 18048K, reserved 1064960K
  class space    used 1734K, capacity 1793K, committed 1920K, reserved 1048576K

Card table byte_map: [0x0000000011870000,0x0000000011b70000] byte_map_base: 0x000000001136a000

Marking Bits: (ParMarkBitMap*) 0x00000000772bd490
 Begin Bits: [0x0000000012570000, 0x0000000013d40000)
 End Bits:   [0x0000000013d40000, 0x0000000015510000)

Polling page: 0x0000000000a60000

CodeCache: size=245760Kb used=7148Kb max_used=7151Kb free=238611Kb
 bounds [0x00000000024b0000, 0x0000000002bc0000, 0x00000000114b0000]
 total_blobs=2789 nmethods=1918 adapters=785
 compilation: enabled

Compilation events (10 events):
Event: 8.905 Thread 0x0000000018227800 1920       3       java.awt.Component::isVisible (5 bytes)
Event: 8.905 Thread 0x0000000018227800 nmethod 1920 0x0000000002baec90 code [0x0000000002baede0, 0x0000000002baefd0]
Event: 9.155 Thread 0x0000000018227800 1921       3       java.awt.EventQueue::postEvent (13 bytes)
Event: 9.155 Thread 0x0000000018227800 nmethod 1921 0x0000000002bb2d90 code [0x0000000002bb2f20, 0x0000000002bb3328]
Event: 9.155 Thread 0x0000000018227800 1922       3       java.lang.Object::wait (6 bytes)
Event: 9.155 Thread 0x0000000018227800 nmethod 1922 0x0000000002bb2990 code [0x0000000002bb2b00, 0x0000000002bb2d08]
Event: 9.173 Thread 0x0000000018227800 1923       3       sun.awt.SunToolkit::getContainingWindow (24 bytes)
Event: 9.173 Thread 0x0000000018227800 nmethod 1923 0x0000000002bb2250 code [0x0000000002bb23e0, 0x0000000002bb2888]
Event: 9.223 Thread 0x0000000018227800 1924       3       java.lang.Thread::isInterrupted (6 bytes)
Event: 9.223 Thread 0x0000000018227800 nmethod 1924 0x0000000002bb1ed0 code [0x0000000002bb2040, 0x0000000002bb21c8]

GC Heap History (10 events):
Event: 6.979 GC heap before
{Heap before GC invocations=24 (full 3):
 PSYoungGen      total 310272K, used 282842K [0x00000000e0400000, 0x00000000f5c80000, 0x0000000100000000)
  eden space 272896K, 99% used [0x00000000e0400000,0x00000000f0e5fb90,0x00000000f0e80000)
  from space 37376K, 26% used [0x00000000f3800000,0x00000000f41d6dc0,0x00000000f5c80000)
  to   space 39936K, 0% used [0x00000000f0e80000,0x00000000f0e80000,0x00000000f3580000)
 ParOldGen       total 228352K, used 145260K [0x00000000a0c00000, 0x00000000aeb00000, 0x00000000e0400000)
  object space 228352K, 63% used [0x00000000a0c00000,0x00000000a99db3a0,0x00000000aeb00000)
 Metaspace       used 17563K, capacity 17825K, committed 18048K, reserved 1064960K
  class space    used 1722K, capacity 1793K, committed 1920K, reserved 1048576K
Event: 6.982 GC heap after
Heap after GC invocations=24 (full 3):
 PSYoungGen      total 312832K, used 10093K [0x00000000e0400000, 0x00000000f6580000, 0x0000000100000000)
  eden space 272896K, 0% used [0x00000000e0400000,0x00000000e0400000,0x00000000f0e80000)
  from space 39936K, 25% used [0x00000000f0e80000,0x00000000f185b750,0x00000000f3580000)
  to   space 38400K, 0% used [0x00000000f4000000,0x00000000f4000000,0x00000000f6580000)
 ParOldGen       total 228352K, used 145260K [0x00000000a0c00000, 0x00000000aeb00000, 0x00000000e0400000)
  object space 228352K, 63% used [0x00000000a0c00000,0x00000000a99db3a0,0x00000000aeb00000)
 Metaspace       used 17563K, capacity 17825K, committed 18048K, reserved 1064960K
  class space    used 1722K, capacity 1793K, committed 1920K, reserved 1048576K
}
Event: 7.414 GC heap before
{Heap before GC invocations=25 (full 3):
 PSYoungGen      total 312832K, used 282786K [0x00000000e0400000, 0x00000000f6580000, 0x0000000100000000)
  eden space 272896K, 99% used [0x00000000e0400000,0x00000000f0e4d1a8,0x00000000f0e80000)
  from space 39936K, 25% used [0x00000000f0e80000,0x00000000f185b750,0x00000000f3580000)
  to   space 38400K, 0% used [0x00000000f4000000,0x00000000f4000000,0x00000000f6580000)
 ParOldGen       total 228352K, used 145260K [0x00000000a0c00000, 0x00000000aeb00000, 0x00000000e0400000)
  object space 228352K, 63% used [0x00000000a0c00000,0x00000000a99db3a0,0x00000000aeb00000)
 Metaspace       used 17580K, capacity 17825K, committed 18048K, reserved 1064960K
  class space    used 1722K, capacity 1793K, committed 1920K, reserved 1048576K
Event: 7.419 GC heap after
Heap after GC invocations=25 (full 3):
 PSYoungGen      total 317440K, used 10057K [0x00000000e0400000, 0x00000000f6080000, 0x0000000100000000)
  eden space 284160K, 0% used [0x00000000e0400000,0x00000000e0400000,0x00000000f1980000)
  from space 33280K, 30% used [0x00000000f4000000,0x00000000f49d2430,0x00000000f6080000)
  to   space 36352K, 0% used [0x00000000f1980000,0x00000000f1980000,0x00000000f3d00000)
 ParOldGen       total 228352K, used 145268K [0x00000000a0c00000, 0x00000000aeb00000, 0x00000000e0400000)
  object space 228352K, 63% used [0x00000000a0c00000,0x00000000a99dd3a0,0x00000000aeb00000)
 Metaspace       used 17580K, capacity 17825K, committed 18048K, reserved 1064960K
  class space    used 1722K, capacity 1793K, committed 1920K, reserved 1048576K
}
Event: 7.868 GC heap before
{Heap before GC invocations=26 (full 3):
 PSYoungGen      total 317440K, used 294217K [0x00000000e0400000, 0x00000000f6080000, 0x0000000100000000)
  eden space 284160K, 100% used [0x00000000e0400000,0x00000000f1980000,0x00000000f1980000)
  from space 33280K, 30% used [0x00000000f4000000,0x00000000f49d2430,0x00000000f6080000)
  to   space 36352K, 0% used [0x00000000f1980000,0x00000000f1980000,0x00000000f3d00000)
 ParOldGen       total 228352K, used 145268K [0x00000000a0c00000, 0x00000000aeb00000, 0x00000000e0400000)
  object space 228352K, 63% used [0x00000000a0c00000,0x00000000a99dd3a0,0x00000000aeb00000)
 Metaspace       used 17599K, capacity 17825K, committed 18048K, reserved 1064960K
  class space    used 1722K, capacity 1793K, committed 1920K, reserved 1048576K
Event: 7.875 GC heap after
Heap after GC invocations=26 (full 3):
 PSYoungGen      total 320512K, used 10203K [0x00000000e0400000, 0x00000000f6880000, 0x0000000100000000)
  eden space 284160K, 0% used [0x00000000e0400000,0x00000000e0400000,0x00000000f1980000)
  from space 36352K, 28% used [0x00000000f1980000,0x00000000f2376dc0,0x00000000f3d00000)
  to   space 34816K, 0% used [0x00000000f4680000,0x00000000f4680000,0x00000000f6880000)
 ParOldGen       total 228352K, used 145268K [0x00000000a0c00000, 0x00000000aeb00000, 0x00000000e0400000)
  object space 228352K, 63% used [0x00000000a0c00000,0x00000000a99dd3a0,0x00000000aeb00000)
 Metaspace       used 17599K, capacity 17825K, committed 18048K, reserved 1064960K
  class space    used 1722K, capacity 1793K, committed 1920K, reserved 1048576K
}
Event: 8.326 GC heap before
{Heap before GC invocations=27 (full 3):
 PSYoungGen      total 320512K, used 294363K [0x00000000e0400000, 0x00000000f6880000, 0x0000000100000000)
  eden space 284160K, 100% used [0x00000000e0400000,0x00000000f1980000,0x00000000f1980000)
  from space 36352K, 28% used [0x00000000f1980000,0x00000000f2376dc0,0x00000000f3d00000)
  to   space 34816K, 0% used [0x00000000f4680000,0x00000000f4680000,0x00000000f6880000)
 ParOldGen       total 228352K, used 145268K [0x00000000a0c00000, 0x00000000aeb00000, 0x00000000e0400000)
  object space 228352K, 63% used [0x00000000a0c00000,0x00000000a99dd3a0,0x00000000aeb00000)
 Metaspace       used 17600K, capacity 17825K, committed 18048K, reserved 1064960K
  class space    used 1722K, capacity 1793K, committed 1920K, reserved 1048576K
Event: 8.331 GC heap after
Heap after GC invocations=27 (full 3):
 PSYoungGen      total 326144K, used 10141K [0x00000000e0400000, 0x00000000f6500000, 0x0000000100000000)
  eden space 294912K, 0% used [0x00000000e0400000,0x00000000e0400000,0x00000000f2400000)
  from space 31232K, 32% used [0x00000000f4680000,0x00000000f5067740,0x00000000f6500000)
  to   space 33280K, 0% used [0x00000000f2400000,0x00000000f2400000,0x00000000f4480000)
 ParOldGen       total 228352K, used 145268K [0x00000000a0c00000, 0x00000000aeb00000, 0x00000000e0400000)
  object space 228352K, 63% used [0x00000000a0c00000,0x00000000a99dd3a0,0x00000000aeb00000)
 Metaspace       used 17600K, capacity 17825K, committed 18048K, reserved 1064960K
  class space    used 1722K, capacity 1793K, committed 1920K, reserved 1048576K
}
Event: 8.815 GC heap before
{Heap before GC invocations=28 (full 3):
 PSYoungGen      total 326144K, used 302160K [0x00000000e0400000, 0x00000000f6500000, 0x0000000100000000)
  eden space 294912K, 99% used [0x00000000e0400000,0x00000000f212cae8,0x00000000f2400000)
  from space 31232K, 32% used [0x00000000f4680000,0x00000000f5067740,0x00000000f6500000)
  to   space 33280K, 0% used [0x00000000f2400000,0x00000000f2400000,0x00000000f4480000)
 ParOldGen       total 228352K, used 145268K [0x00000000a0c00000, 0x00000000aeb00000, 0x00000000e0400000)
  object space 228352K, 63% used [0x00000000a0c00000,0x00000000a99dd3a0,0x00000000aeb00000)
 Metaspace       used 17602K, capacity 17825K, committed 18048K, reserved 1064960K
  class space    used 1722K, capacity 1793K, committed 1920K, reserved 1048576K
Event: 8.819 GC heap after
Heap after GC invocations=28 (full 3):
 PSYoungGen      total 328192K, used 10139K [0x00000000e0400000, 0x00000000f6900000, 0x0000000100000000)
  eden space 294912K, 0% used [0x00000000e0400000,0x00000000e0400000,0x00000000f2400000)
  from space 33280K, 30% used [0x00000000f2400000,0x00000000f2de6dc0,0x00000000f4480000)
  to   space 31744K, 0% used [0x00000000f4a00000,0x00000000f4a00000,0x00000000f6900000)
 ParOldGen       total 228352K, used 145268K [0x00000000a0c00000, 0x00000000aeb00000, 0x00000000e0400000)
  object space 228352K, 63% used [0x00000000a0c00000,0x00000000a99dd3a0,0x00000000aeb00000)
 Metaspace       used 17602K, capacity 17825K, committed 18048K, reserved 1064960K
  class space    used 1722K, capacity 1793K, committed 1920K, reserved 1048576K
}

Deoptimization events (10 events):
Event: 2.733 Thread 0x00000000194ed800 Uncommon trap: reason=class_check action=maybe_recompile pc=0x00000000027c03c4 method=com.jogamp.common.nio.Buffers.getDirectBufferByteOffset(Ljava/lang/Object;)I @ 7
Event: 2.733 Thread 0x00000000194ed800 Uncommon trap: reason=class_check action=maybe_recompile pc=0x00000000027c2d00 method=com.jogamp.common.nio.Buffers.isDirect(Ljava/lang/Object;)Z @ 13
Event: 2.733 Thread 0x00000000194ed800 Uncommon trap: reason=class_check action=maybe_recompile pc=0x00000000027c03c4 method=com.jogamp.common.nio.Buffers.getDirectBufferByteOffset(Ljava/lang/Object;)I @ 7
Event: 2.734 Thread 0x00000000194ed800 Uncommon trap: reason=class_check action=maybe_recompile pc=0x00000000027c2d00 method=com.jogamp.common.nio.Buffers.isDirect(Ljava/lang/Object;)Z @ 13
Event: 2.734 Thread 0x00000000194ed800 Uncommon trap: reason=class_check action=maybe_recompile pc=0x00000000027c03c4 method=com.jogamp.common.nio.Buffers.getDirectBufferByteOffset(Ljava/lang/Object;)I @ 7
Event: 2.734 Thread 0x00000000194ed800 Uncommon trap: reason=predicate action=maybe_recompile pc=0x0000000002893904 method=java.util.ArrayList.indexOf(Ljava/lang/Object;)I @ 44
Event: 2.756 Thread 0x00000000194ed800 Uncommon trap: reason=class_check action=maybe_recompile pc=0x00000000027c2d00 method=com.jogamp.common.nio.Buffers.isDirect(Ljava/lang/Object;)Z @ 13
Event: 2.756 Thread 0x00000000194ed800 Uncommon trap: reason=class_check action=maybe_recompile pc=0x00000000027c03c4 method=com.jogamp.common.nio.Buffers.getDirectBufferByteOffset(Ljava/lang/Object;)I @ 7
Event: 3.431 Thread 0x00000000194ed800 Uncommon trap: reason=unreached action=reinterpret pc=0x00000000028b37c0 method=processing.opengl.PGraphicsOpenGL$InGeometry.addVertex(FFFIFFFFFIFIIIFIZ)I @ 218
Event: 3.856 Thread 0x00000000194ed800 Uncommon trap: reason=unreached action=reinterpret pc=0x00000000027762f0 method=java.lang.reflect.AccessibleObject.setAccessible0(Ljava/lang/reflect/AccessibleObject;Z)V @ 4

Internal exceptions (10 events):
Event: 3.121 Thread 0x00000000194ed800 Exception <a 'java/security/PrivilegedActionException'> (0x00000000e63d32e8) thrown at [D:\re\workspace\8-2-build-windows-amd64-cygwin\jdk8u25\1677\hotspot\src\share\vm\prims\jvm.cpp, line 1312]
Event: 3.121 Thread 0x00000000194ed800 Exception <a 'java/security/PrivilegedActionException'> (0x00000000e63d71a8) thrown at [D:\re\workspace\8-2-build-windows-amd64-cygwin\jdk8u25\1677\hotspot\src\share\vm\prims\jvm.cpp, line 1312]
Event: 3.121 Thread 0x00000000194ed800 Exception <a 'java/security/PrivilegedActionException'> (0x00000000e63db5b0) thrown at [D:\re\workspace\8-2-build-windows-amd64-cygwin\jdk8u25\1677\hotspot\src\share\vm\prims\jvm.cpp, line 1312]
Event: 3.121 Thread 0x00000000194ed800 Exception <a 'java/security/PrivilegedActionException'> (0x00000000e63df998) thrown at [D:\re\workspace\8-2-build-windows-amd64-cygwin\jdk8u25\1677\hotspot\src\share\vm\prims\jvm.cpp, line 1312]
Event: 3.122 Thread 0x00000000194ed800 Exception <a 'java/security/PrivilegedActionException'> (0x00000000e63e34f0) thrown at [D:\re\workspace\8-2-build-windows-amd64-cygwin\jdk8u25\1677\hotspot\src\share\vm\prims\jvm.cpp, line 1312]
Event: 3.122 Thread 0x00000000194ed800 Exception <a 'java/security/PrivilegedActionException'> (0x00000000e63e7cf0) thrown at [D:\re\workspace\8-2-build-windows-amd64-cygwin\jdk8u25\1677\hotspot\src\share\vm\prims\jvm.cpp, line 1312]
Event: 3.122 Thread 0x00000000194ed800 Exception <a 'java/security/PrivilegedActionException'> (0x00000000e63eb428) thrown at [D:\re\workspace\8-2-build-windows-amd64-cygwin\jdk8u25\1677\hotspot\src\share\vm\prims\jvm.cpp, line 1312]
Event: 3.122 Thread 0x00000000194ed800 Exception <a 'java/security/PrivilegedActionException'> (0x00000000e63ef370) thrown at [D:\re\workspace\8-2-build-windows-amd64-cygwin\jdk8u25\1677\hotspot\src\share\vm\prims\jvm.cpp, line 1312]
Event: 3.123 Thread 0x00000000194ed800 Exception <a 'java/security/PrivilegedActionException'> (0x00000000e63f5280) thrown at [D:\re\workspace\8-2-build-windows-amd64-cygwin\jdk8u25\1677\hotspot\src\share\vm\prims\jvm.cpp, line 1312]
Event: 3.135 Thread 0x00000000194ed800 Exception <a 'java/security/PrivilegedActionException'> (0x00000000e65206e0) thrown at [D:\re\workspace\8-2-build-windows-amd64-cygwin\jdk8u25\1677\hotspot\src\share\vm\prims\jvm.cpp, line 1312]

Events (10 events):
Event: 9.222 loading class javax/swing/JComponent$IntVector
Event: 9.222 loading class javax/swing/JComponent$IntVector done
Event: 9.222 loading class javax/swing/KeyboardManager
Event: 9.223 loading class javax/swing/KeyboardManager done
Event: 9.223 loading class javax/swing/Popup$HeavyWeightWindow
Event: 9.223 loading class sun/awt/ModalExclude
Event: 9.223 loading class sun/awt/ModalExclude done
Event: 9.223 loading class javax/swing/JWindow
Event: 9.223 loading class javax/swing/JWindow done
Event: 9.223 loading class javax/swing/Popup$HeavyWeightWindow done


Dynamic libraries:
0x00007ff669010000 - 0x00007ff669044000 	C:\Program Files\Java\jre1.8.0_25\bin\javaw.exe
0x00007ff98c320000 - 0x00007ff98c4cc000 	C:\WINDOWS\SYSTEM32\ntdll.dll
0x00007ff989d20000 - 0x00007ff989e5e000 	C:\WINDOWS\system32\KERNEL32.DLL
0x00007ff9897d0000 - 0x00007ff9898e5000 	C:\WINDOWS\system32\KERNELBASE.dll
0x00007ff987ff0000 - 0x00007ff98807e000 	C:\WINDOWS\system32\apphelp.dll
0x00007ff973750000 - 0x00007ff9737a3000 	C:\WINDOWS\AppPatch\AppPatch64\AcGenral.DLL
0x00007ff98a220000 - 0x00007ff98a2ca000 	C:\WINDOWS\system32\msvcrt.dll
0x00007ff9892a0000 - 0x00007ff9892ce000 	C:\WINDOWS\SYSTEM32\SspiCli.dll
0x00007ff98b980000 - 0x00007ff98b9d4000 	C:\WINDOWS\system32\SHLWAPI.dll
0x00007ff989f00000 - 0x00007ff98a077000 	C:\WINDOWS\system32\USER32.dll
0x00007ff98bb50000 - 0x00007ff98bce4000 	C:\WINDOWS\system32\ole32.dll
0x00007ff98a390000 - 0x00007ff98b8a8000 	C:\WINDOWS\system32\SHELL32.dll
0x00007ff988a10000 - 0x00007ff988a31000 	C:\WINDOWS\SYSTEM32\USERENV.dll
0x00007ff989c10000 - 0x00007ff989cba000 	C:\WINDOWS\system32\ADVAPI32.dll
0x00007ff97c880000 - 0x00007ff97c89e000 	C:\WINDOWS\SYSTEM32\MPR.dll
0x00007ff98b9e0000 - 0x00007ff98bb21000 	C:\WINDOWS\system32\RPCRT4.dll
0x00007ff9899a0000 - 0x00007ff9899f9000 	C:\WINDOWS\SYSTEM32\sechost.dll
0x00007ff98bed0000 - 0x00007ff98c0e1000 	C:\WINDOWS\SYSTEM32\combase.dll
0x00007ff98a0c0000 - 0x00007ff98a211000 	C:\WINDOWS\system32\GDI32.dll
0x00007ff989470000 - 0x00007ff989485000 	C:\WINDOWS\SYSTEM32\profapi.dll
0x00007ff987810000 - 0x00007ff9878c2000 	C:\WINDOWS\SYSTEM32\SHCORE.dll
0x00007ff98a080000 - 0x00007ff98a0b6000 	C:\WINDOWS\system32\IMM32.DLL
0x00007ff98c1c0000 - 0x00007ff98c312000 	C:\WINDOWS\system32\MSCTF.dll
0x00007ff986b90000 - 0x00007ff986e0b000 	C:\WINDOWS\WinSxS\amd64_microsoft.windows.common-controls_6595b64144ccf1df_6.0.9600.17415_none_6240486fecbd8abb\COMCTL32.dll
0x0000000075f50000 - 0x0000000076022000 	C:\Program Files\Java\jre1.8.0_25\bin\msvcr100.dll
0x0000000076ae0000 - 0x000000007733a000 	C:\Program Files\Java\jre1.8.0_25\bin\server\jvm.dll
0x00007ff9707d0000 - 0x00007ff9707d9000 	C:\WINDOWS\SYSTEM32\WSOCK32.dll
0x00007ff97ca00000 - 0x00007ff97ca22000 	C:\WINDOWS\SYSTEM32\WINMM.dll
0x00007ff989e80000 - 0x00007ff989e87000 	C:\WINDOWS\system32\PSAPI.DLL
0x00007ff989a00000 - 0x00007ff989a5a000 	C:\WINDOWS\system32\WS2_32.dll
0x00007ff97c8d0000 - 0x00007ff97c8fa000 	C:\WINDOWS\SYSTEM32\WINMMBASE.dll
0x00007ff98bb30000 - 0x00007ff98bb39000 	C:\WINDOWS\system32\NSI.dll
0x00007ff989950000 - 0x00007ff98999f000 	C:\WINDOWS\SYSTEM32\cfgmgr32.dll
0x00007ff988260000 - 0x00007ff988288000 	C:\WINDOWS\SYSTEM32\DEVOBJ.dll
0x0000000076ad0000 - 0x0000000076adf000 	C:\Program Files\Java\jre1.8.0_25\bin\verify.dll
0x0000000076aa0000 - 0x0000000076ac8000 	C:\Program Files\Java\jre1.8.0_25\bin\java.dll
0x0000000076a80000 - 0x0000000076a96000 	C:\Program Files\Java\jre1.8.0_25\bin\zip.dll
0x0000000075db0000 - 0x0000000075f48000 	C:\Program Files\Java\jre1.8.0_25\bin\awt.dll
0x00007ff98c0f0000 - 0x00007ff98c1b1000 	C:\WINDOWS\system32\OLEAUT32.dll
0x00007ff987610000 - 0x00007ff987631000 	C:\WINDOWS\system32\DWMAPI.DLL
0x00007ff988130000 - 0x00007ff988259000 	C:\WINDOWS\system32\uxtheme.dll
0x00007ff9882b0000 - 0x00007ff9882bb000 	C:\WINDOWS\SYSTEM32\kernel.appcore.dll
0x00007ff989340000 - 0x00007ff98934b000 	C:\WINDOWS\SYSTEM32\CRYPTBASE.dll
0x00007ff9892d0000 - 0x00007ff989333000 	C:\WINDOWS\SYSTEM32\bcryptPrimitives.dll
0x00007ff97e8c0000 - 0x00007ff97eae1000 	C:\WINDOWS\system32\d3d9.dll
0x00007ff987180000 - 0x00007ff98718a000 	C:\WINDOWS\SYSTEM32\VERSION.dll
0x00007ff986970000 - 0x00007ff986abb000 	C:\WINDOWS\SYSTEM32\aticfx64.dll
0x00007ff965270000 - 0x00007ff965291000 	C:\WINDOWS\SYSTEM32\atiu9p64.dll
0x00007ff964a80000 - 0x00007ff965265000 	C:\WINDOWS\SYSTEM32\atiumd64.dll
0x0000000076110000 - 0x00000000768c7000 	C:\WINDOWS\SYSTEM32\atiumd6a.dll
0x00000000769f0000 - 0x0000000076a37000 	C:\Program Files\Java\jre1.8.0_25\bin\fontmanager.dll
0x00007ff988ce0000 - 0x00007ff988d00000 	C:\WINDOWS\SYSTEM32\CRYPTSP.dll
0x00007ff988900000 - 0x00007ff988936000 	C:\WINDOWS\system32\rsaenh.dll
0x00007ff988f90000 - 0x00007ff988fb6000 	C:\WINDOWS\SYSTEM32\bcrypt.dll
0x0000000076a60000 - 0x0000000076a7a000 	C:\Program Files\Java\jre1.8.0_25\bin\net.dll
0x00007ff988c80000 - 0x00007ff988cd9000 	C:\WINDOWS\system32\mswsock.dll
0x00007ff9860b0000 - 0x00007ff9860da000 	C:\WINDOWS\SYSTEM32\IPHLPAPI.DLL
0x00007ff986050000 - 0x00007ff98605a000 	C:\WINDOWS\SYSTEM32\WINNSI.DLL
0x00007ff9841e0000 - 0x00007ff9841f6000 	C:\WINDOWS\SYSTEM32\dhcpcsvc6.DLL
0x00007ff984380000 - 0x00007ff98439a000 	C:\WINDOWS\SYSTEM32\dhcpcsvc.DLL
0x0000000076a40000 - 0x0000000076a51000 	C:\Program Files\Java\jre1.8.0_25\bin\nio.dll
0x00000000637c0000 - 0x00000000637cd000 	S:\Users\Ben\AppData\Local\Temp\jogamp_0000\file_cache\jln4432741352032093611\jln5452843437067529388\gluegen-rt.dll
0x00000000769e0000 - 0x00000000769e7000 	C:\Program Files\Java\jre1.8.0_25\bin\jawt.dll
0x000000006a440000 - 0x000000006a44d000 	S:\Users\Ben\AppData\Local\Temp\jogamp_0000\file_cache\jln4432741352032093611\jln5452843437067529388\nativewindow_awt.dll
0x000000006c100000 - 0x000000006c10f000 	S:\Users\Ben\AppData\Local\Temp\jogamp_0000\file_cache\jln4432741352032093611\jln5452843437067529388\nativewindow_win32.dll
0x00007ff960620000 - 0x00007ff96074b000 	C:\WINDOWS\SYSTEM32\OpenGL32.dll
0x00007ff97d7c0000 - 0x00007ff97d7ee000 	C:\WINDOWS\SYSTEM32\GLU32.dll
0x00007ff966bf0000 - 0x00007ff966ce8000 	C:\WINDOWS\SYSTEM32\DDRAW.dll
0x00007ff980290000 - 0x00007ff980299000 	C:\WINDOWS\SYSTEM32\DCIMAN32.dll
0x0000000064500000 - 0x00000000645a2000 	S:\Users\Ben\AppData\Local\Temp\jogamp_0000\file_cache\jln4432741352032093611\jln5452843437067529388\jogl_desktop.dll
0x00007ff97d720000 - 0x00007ff97d738000 	C:\WINDOWS\SYSTEM32\atig6pxx.dll
0x0000000074200000 - 0x0000000075daf000 	C:\WINDOWS\SYSTEM32\atio6axx.dll
0x00007ff98bcf0000 - 0x00007ff98beca000 	C:\WINDOWS\system32\SETUPAPI.dll
0x00007ff986120000 - 0x00007ff986257000 	C:\WINDOWS\SYSTEM32\atiadlxx.dll
0x00007ff986710000 - 0x00007ff98688f000 	C:\WINDOWS\SYSTEM32\PROPSYS.dll
0x00007ff988080000 - 0x00007ff988092000 	C:\WINDOWS\SYSTEM32\WTSAPI32.dll
0x00007ff9898f0000 - 0x00007ff989941000 	C:\WINDOWS\system32\WINTRUST.dll
0x00007ff989540000 - 0x00007ff98971f000 	C:\WINDOWS\system32\CRYPT32.dll
0x00007ff989520000 - 0x00007ff989531000 	C:\WINDOWS\system32\MSASN1.dll
0x00007ff973720000 - 0x00007ff973749000 	C:\WINDOWS\SYSTEM32\atig6txx.dll
0x00007ff95c1a0000 - 0x00007ff95c33c000 	O:\OneDrive\Workspace\ZZavatar\lib\user\KinectPV2\Kinect20.Face.dll
0x00007ff97c900000 - 0x00007ff97c9a7000 	C:\WINDOWS\SYSTEM32\MSVCP110.dll
0x00007ff981bc0000 - 0x00007ff981c8e000 	C:\WINDOWS\SYSTEM32\MSVCR110.dll
0x00007ff980280000 - 0x00007ff980290000 	O:\OneDrive\Workspace\ZZavatar\lib\user\KinectPV2\KinectPV2.dll
0x00007ff960560000 - 0x00007ff96061a000 	C:\WINDOWS\SYSTEM32\Kinect20.dll
0x00007ff97ca30000 - 0x00007ff97cb1b000 	C:\WINDOWS\SYSTEM32\MFPlat.DLL
0x00007ff97c8a0000 - 0x00007ff97c8c7000 	C:\WINDOWS\SYSTEM32\RTWorkQ.DLL
0x00007ff987050000 - 0x00007ff98705c000 	C:\WINDOWS\SYSTEM32\AVRT.dll
0x00007ff963e10000 - 0x00007ff963f9a000 	C:\WINDOWS\SYSTEM32\dbghelp.dll

VM Arguments:
jvm_args: -Djava.library.path=O:\OneDrive\Workspace\ZZavatar\lib\base\video;O:\OneDrive\Workspace\ZZavatar\lib\base\video;O:\OneDrive\Workspace\ZZavatar\lib\base\video;O:\OneDrive\Workspace\ZZavatar\lib\base\core;O:\OneDrive\Workspace\ZZavatar\lib\base\core;O:\OneDrive\Workspace\ZZavatar\lib\base\core;O:\OneDrive\Workspace\ZZavatar\lib\base\core;O:\OneDrive\Workspace\ZZavatar\lib\base\core;O:\OneDrive\Workspace\ZZavatar\lib\base\core;O:\OneDrive\Workspace\ZZavatar\lib\base\core;O:\OneDrive\Workspace\ZZavatar\lib\base\core;O:\OneDrive\Workspace\ZZavatar\lib\base\core;O:\OneDrive\Workspace\ZZavatar\lib\base\core;O:\OneDrive\Workspace\ZZavatar\lib\base\core;O:\OneDrive\Workspace\ZZavatar\lib\base\core;O:\OneDrive\Workspace\ZZavatar\lib\base\core;O:\OneDrive\Workspace\ZZavatar\lib\base\core;O:\OneDrive\Workspace\ZZavatar\lib\base\core;O:\OneDrive\Workspace\ZZavatar\lib\user\Kinect4WinSDK;O:\OneDrive\Workspace\ZZavatar\lib\user\KinectPV2;O:\OneDrive\Workspace\ZZavatar\lib\user\SimpleOpenNI -Dfile.encoding=Cp1252 
java_command: zzavatar.ZZavatar
java_class_path (initial): O:\OneDrive\Workspace\ZZavatar\lib\base\video\gstreamer-java.jar;O:\OneDrive\Workspace\ZZavatar\lib\base\video\jna.jar;O:\OneDrive\Workspace\ZZavatar\lib\base\video\video.jar;O:\OneDrive\Workspace\ZZavatar\lib\base\core\core.jar;O:\OneDrive\Workspace\ZZavatar\lib\base\core\gluegen-rt-natives-linux-amd64.jar;O:\OneDrive\Workspace\ZZavatar\lib\base\core\gluegen-rt-natives-linux-armv6hf.jar;O:\OneDrive\Workspace\ZZavatar\lib\base\core\gluegen-rt-natives-linux-i586.jar;O:\OneDrive\Workspace\ZZavatar\lib\base\core\gluegen-rt-natives-macosx-universal.jar;O:\OneDrive\Workspace\ZZavatar\lib\base\core\gluegen-rt-natives-windows-amd64.jar;O:\OneDrive\Workspace\ZZavatar\lib\base\core\gluegen-rt-natives-windows-i586.jar;O:\OneDrive\Workspace\ZZavatar\lib\base\core\gluegen-rt.jar;O:\OneDrive\Workspace\ZZavatar\lib\base\core\jogl-all-natives-linux-amd64.jar;O:\OneDrive\Workspace\ZZavatar\lib\base\core\jogl-all-natives-linux-armv6hf.jar;O:\OneDrive\Workspace\ZZavatar\lib\base\core\jogl-all-natives-linux-i586.jar;O:\OneDrive\Workspace\ZZavatar\lib\base\core\jogl-all-natives-macosx-universal.jar;O:\OneDrive\Workspace\ZZavatar\lib\base\core\jogl-all-natives-windows-amd64.jar;O:\OneDrive\Workspace\ZZavatar\lib\base\core\jogl-all-natives-windows-i586.jar;O:\OneDrive\Workspace\ZZavatar\lib\base\core\jogl-all.jar;O:\OneDrive\Workspace\ZZavatar\lib\user\Kinect4WinSDK\Kinect4WinSDK.jar;O:\OneDrive\Workspace\ZZavatar\lib\user\KinectPV2\KinectPV2.jar;O:\OneDrive\Workspace\ZZavatar\lib\user\SimpleOpenNI\SimpleOpenNI.jar;O:\OneDrive\Workspace\ZZavatar\bin
Launcher Type: SUN_STANDARD

Environment Variables:
JAVA_HOME=C:\Program Files\Java\jdk1.8.0_25
PATH=C:/Program Files/Java/jre1.8.0_25/bin/server;C:/Program Files/Java/jre1.8.0_25/bin;C:/Program Files/Java/jre1.8.0_25/lib/amd64;C:\Program Files (x86)\NVIDIA Corporation\PhysX\Common;C:\ProgramData\Oracle\Java\javapath;C:\Program Files (x86)\Common Files\Intel\Shared Libraries\redist\intel64\compiler;C:\Program Files (x86)\Common Files\Intel\Shared Libraries\redist\ia32\compiler;C:\Program Files (x86)\Intel\iCLS Client\;C:\Program Files\Intel\iCLS Client\;C:\Program Files (x86)\AMD APP\bin\x86_64;C:\Program Files (x86)\AMD APP\bin\x86;C:\WINDOWS\system32;C:\WINDOWS;C:\WINDOWS\System32\Wbem;C:\WINDOWS\System32\WindowsPowerShell\v1.0\;C:\Program Files (x86)\ATI Technologies\ATI.ACE\Core-Static;C:\Program Files\Intel\Intel(R) Management Engine Components\DAL;C:\Program Files\Intel\Intel(R) Management Engine Components\IPT;C:\Program Files (x86)\Intel\Intel(R) Management Engine Components\DAL;C:\Program Files (x86)\Intel\Intel(R) Management Engine Components\IPT;C:\Program Files\Sony\VAIO Improvement\;C:\Program Files (x86)\Sony\VAIO Startup Setting Tool;C:\Program Files (x86)\Windows Kits\8.1\Windows Performance Toolkit\;C:\Program Files\Microsoft SQL Server\110\Tools\Binn\;C:\Program Files (x86)\Microsoft SDKs\TypeScript\1.0\;C:\Program Files\Microsoft\Web Platform Installer\;C:\Program Files (x86)\Java\jre1.8.0_25\bin;P:\Programs\Python27\Scripts;P:\Programs\Python27;C:\Program Files\Common Files\Autodesk Shared\;P:\Program Files\Programs;P:\Program Files\Games;P:\Programs\Eclipse;
USERNAME=Benoît
OS=Windows_NT
PROCESSOR_IDENTIFIER=Intel64 Family 6 Model 58 Stepping 9, GenuineIntel



---------------  S Y S T E M  ---------------

OS: Windows 8.1 , 64 bit Build 9600 

CPU:total 8 (4 cores per cpu, 2 threads per core) family 6 model 58 stepping 9, cmov, cx8, fxsr, mmx, sse, sse2, sse3, ssse3, sse4.1, sse4.2, popcnt, avx, aes, clmul, erms, ht, tsc, tscinvbit, tscinv

Memory: 4k page, physical 6237468k(1633240k free), swap 10431772k(4706252k free)

vm_info: Java HotSpot(TM) 64-Bit Server VM (25.25-b02) for windows-amd64 JRE (1.8.0_25-b18), built on Oct  7 2014 14:25:37 by "java_re" with MS VC++ 10.0 (VS2010)

time: Fri Apr 24 12:05:03 2015
elapsed time: 9 seconds (0d 0h 0m 9s)

