#
# A fatal error has been detected by the Java Runtime Environment:
#
#  EXCEPTION_ACCESS_VIOLATION (0xc0000005) at pc=0x00007ff980284139, pid=9208, tid=2468
#
# JRE version: Java(TM) SE Runtime Environment (8.0_25-b18) (build 1.8.0_25-b18)
# Java VM: Java HotSpot(TM) 64-Bit Server VM (25.25-b02 mixed mode windows-amd64 compressed oops)
# Problematic frame:
# C  [KinectPV2.dll+0x4139]
#
# Failed to write core dump. Minidumps are not enabled by default on client versions of Windows
#
# If you would like to submit a bug report, please visit:
#   http://bugreport.sun.com/bugreport/crash.jsp
# The crash happened outside the Java Virtual Machine in native code.
# See problematic frame for where to report the bug.
#

---------------  T H R E A D  ---------------

Current thread (0x0000000019e4d000):  JavaThread "Animation Thread" [_thread_in_native, id=2468, stack(0x000000001cf70000,0x000000001d070000)]

siginfo: ExceptionCode=0xc0000005, reading address 0xffffffffffffffff

Registers:
RAX=0x0000000000000001, RBX=0x000000002eccb040, RCX=0x800028006df79b3f, RDX=0x0000000000000000
RSP=0x000000001d06ea90, RBP=0x0000000000000006, RSI=0x0000000000000000, RDI=0x000000001fdd8ce8
R8 =0x000000001d06e758, R9 =0x0000000000008000, R10=0x0000000000000000, R11=0x000000001d06e990
R12=0x0000000000000000, R13=0x00000000201fe1a8, R14=0x0000000000000000, R15=0x0000000019e4d000
RIP=0x00007ff980284139, EFLAGS=0x0000000000010286

Top of Stack: (sp=0x000000001d06ea90)
0x000000001d06ea90:   000000001fdd8cb8 00000000204c8428
0x000000001d06eaa0:   000000001fdd8cb8 0000000000000000
0x000000001d06eab0:   000000001d06eb80 00007ff980281fba
0x000000001d06eac0:   000000001d06eb80 000000001d06eb60
0x000000001d06ead0:   0000000019e4d1e8 0000000019dc41a0
0x000000001d06eae0:   00000000a38f8b48 0000000002e65b74
0x000000001d06eaf0:   00000000201fe1a8 00000000a38f8b28
0x000000001d06eb00:   00000000a38f8b28 0000000019e4d000
0x000000001d06eb10:   000000001d06ebd8 0000000002e658a2
0x000000001d06eb20:   000000001d06eb20 00000000201fe1a8
0x000000001d06eb30:   000000001d06eb80 00000000201ff138
0x000000001d06eb40:   0000000000000000 00000000201fe1a8
0x000000001d06eb50:   0000000000000000 000000001d06eb80
0x000000001d06eb60:   000000001d06ebc8 0000000002e57a2d
0x000000001d06eb70:   0000000000000000 0000000002e5f6b8
0x000000001d06eb80:   00000000a3879a20 000000001d06eb88 

Instructions: (pc=0x00007ff980284139)
0x00007ff980284119:   90 00 00 00 48 8b 4f 30 48 85 c9 74 0a 48 8b 01
0x00007ff980284129:   ff 50 10 4c 89 77 30 48 8b 4f 60 48 85 c9 74 0a
0x00007ff980284139:   48 8b 01 ff 50 10 4c 89 77 60 48 83 c7 08 48 ff
0x00007ff980284149:   cd 75 94 48 8b 5c 24 30 48 8b 6c 24 38 48 8b 74 


Register to memory mapping:

RAX=0x0000000000000001 is an unknown value
RBX=0x000000002eccb040 is an unknown value
RCX=0x800028006df79b3f is an unknown value
RDX=0x0000000000000000 is an unknown value
RSP=0x000000001d06ea90 is pointing into the stack for thread: 0x0000000019e4d000
RBP=0x0000000000000006 is an unknown value
RSI=0x0000000000000000 is an unknown value
RDI=0x000000001fdd8ce8 is an unknown value
R8 =0x000000001d06e758 is pointing into the stack for thread: 0x0000000019e4d000
R9 =0x0000000000008000 is an unknown value
R10=0x0000000000000000 is an unknown value
R11=0x000000001d06e990 is pointing into the stack for thread: 0x0000000019e4d000
R12=0x0000000000000000 is an unknown value
R13={method} {0x00000000201fe1b0} 'jniStopDevice' '()V' in 'KinectPV2/Device'
R14=0x0000000000000000 is an unknown value
R15=0x0000000019e4d000 is a thread


Stack: [0x000000001cf70000,0x000000001d070000],  sp=0x000000001d06ea90,  free space=1018k
Native frames: (J=compiled Java code, j=interpreted, Vv=VM code, C=native code)
C  [KinectPV2.dll+0x4139]
C  [KinectPV2.dll+0x1fba]
C  0x0000000002e65b74

Java frames: (J=compiled Java code, j=interpreted, Vv=VM code)
j  KinectPV2.Device.jniStopDevice()V+0
j  KinectPV2.Device.stopDevice()V+41
j  KinectPV2.KinectPV2.dispose()V+14
v  ~StubRoutines::call_stub
j  sun.reflect.NativeMethodAccessorImpl.invoke0(Ljava/lang/reflect/Method;Ljava/lang/Object;[Ljava/lang/Object;)Ljava/lang/Object;+0
j  sun.reflect.NativeMethodAccessorImpl.invoke(Ljava/lang/Object;[Ljava/lang/Object;)Ljava/lang/Object;+100
J 2024 C1 sun.reflect.DelegatingMethodAccessorImpl.invoke(Ljava/lang/Object;[Ljava/lang/Object;)Ljava/lang/Object; (10 bytes) @ 0x0000000003596a84 [0x0000000003596980+0x104]
J 2023 C1 java.lang.reflect.Method.invoke(Ljava/lang/Object;[Ljava/lang/Object;)Ljava/lang/Object; (62 bytes) @ 0x000000000359f564 [0x000000000359f180+0x3e4]
j  processing.core.PApplet$RegisteredMethods.handle([Ljava/lang/Object;)V+18
J 1651 C1 processing.core.PApplet.handleMethods(Ljava/lang/String;)V (21 bytes) @ 0x000000000346779c [0x00000000034674e0+0x2bc]
j  processing.core.PApplet.dispose()V+35
j  processing.core.PApplet.run()V+283
j  java.lang.Thread.run()V+11
v  ~StubRoutines::call_stub

---------------  P R O C E S S  ---------------

Java Threads: ( => current thread )
  0x000000001e2a0800 JavaThread "Animation Thread-SharedResourceRunner" daemon [_thread_blocked, id=8356, stack(0x000000001f240000,0x000000001f340000)]
  0x0000000002c4e800 JavaThread "DestroyJavaVM" [_thread_blocked, id=2596, stack(0x0000000002c50000,0x0000000002d50000)]
  0x0000000019e4e800 JavaThread "D3D Screen Updater" daemon [_thread_blocked, id=6660, stack(0x000000001d270000,0x000000001d370000)]
=>0x0000000019e4d000 JavaThread "Animation Thread" [_thread_in_native, id=2468, stack(0x000000001cf70000,0x000000001d070000)]
  0x0000000019dc3000 JavaThread "AWT-EventQueue-0" [_thread_blocked, id=8040, stack(0x000000001cd70000,0x000000001ce70000)]
  0x0000000019d83800 JavaThread "AWT-Windows" daemon [_thread_in_native, id=8464, stack(0x000000001a690000,0x000000001a790000)]
  0x0000000019d82800 JavaThread "AWT-Shutdown" [_thread_blocked, id=2952, stack(0x000000001a590000,0x000000001a690000)]
  0x0000000018f8c800 JavaThread "Java2D Disposer" daemon [_thread_blocked, id=5224, stack(0x000000001a490000,0x000000001a590000)]
  0x0000000018c3e800 JavaThread "Service Thread" daemon [_thread_blocked, id=4820, stack(0x0000000019590000,0x0000000019690000)]
  0x0000000018bc6800 JavaThread "C1 CompilerThread3" daemon [_thread_blocked, id=1124, stack(0x0000000019490000,0x0000000019590000)]
  0x0000000018bc5000 JavaThread "C2 CompilerThread2" daemon [_thread_blocked, id=8408, stack(0x0000000019390000,0x0000000019490000)]
  0x0000000018bbd800 JavaThread "C2 CompilerThread1" daemon [_thread_blocked, id=2764, stack(0x0000000019290000,0x0000000019390000)]
  0x0000000018bb8800 JavaThread "C2 CompilerThread0" daemon [_thread_blocked, id=8592, stack(0x0000000019190000,0x0000000019290000)]
  0x0000000018bb6000 JavaThread "Attach Listener" daemon [_thread_blocked, id=7768, stack(0x0000000019090000,0x0000000019190000)]
  0x0000000018bb4800 JavaThread "Signal Dispatcher" daemon [_thread_blocked, id=9140, stack(0x0000000018f90000,0x0000000019090000)]
  0x0000000002e48800 JavaThread "Finalizer" daemon [_thread_blocked, id=5780, stack(0x0000000018a90000,0x0000000018b90000)]
  0x0000000016b9c800 JavaThread "Reference Handler" daemon [_thread_blocked, id=2624, stack(0x0000000018990000,0x0000000018a90000)]

Other Threads:
  0x0000000016b98800 VMThread [stack: 0x0000000018890000,0x0000000018990000] [id=6492]
  0x0000000018c4a000 WatcherThread [stack: 0x0000000019690000,0x0000000019790000] [id=6952]

VM state:not at safepoint (normal execution)

VM Mutex/Monitor currently owned by a thread: None

Heap:
 PSYoungGen      total 416768K, used 17200K [0x00000000e0400000, 0x00000000fa780000, 0x0000000100000000)
  eden space 405504K, 4% used [0x00000000e0400000,0x00000000e14943a8,0x00000000f9000000)
  from space 11264K, 1% used [0x00000000f9000000,0x00000000f9038000,0x00000000f9b00000)
  to   space 10752K, 0% used [0x00000000f9d00000,0x00000000f9d00000,0x00000000fa780000)
 ParOldGen       total 222720K, used 155672K [0x00000000a0c00000, 0x00000000ae580000, 0x00000000e0400000)
  object space 222720K, 69% used [0x00000000a0c00000,0x00000000aa4062e0,0x00000000ae580000)
 Metaspace       used 18188K, capacity 18409K, committed 18560K, reserved 1067008K
  class space    used 1735K, capacity 1793K, committed 1920K, reserved 1048576K

Card table byte_map: [0x0000000012210000,0x0000000012510000] byte_map_base: 0x0000000011d0a000

Marking Bits: (ParMarkBitMap*) 0x00000000772bd490
 Begin Bits: [0x0000000012f10000, 0x00000000146e0000)
 End Bits:   [0x00000000146e0000, 0x0000000015eb0000)

Polling page: 0x00000000013c0000

CodeCache: size=245760Kb used=8509Kb max_used=9375Kb free=237250Kb
 bounds [0x0000000002e50000, 0x0000000003790000, 0x0000000011e50000]
 total_blobs=3214 nmethods=2343 adapters=785
 compilation: enabled

Compilation events (10 events):
Event: 33.857 Thread 0x0000000018bc5000 2582   !   4       sun.awt.AWTAutoShutdown::setToolkitBusy (124 bytes)
Event: 33.861 Thread 0x0000000018bc5000 nmethod 2582 0x0000000003208950 code [0x0000000003208ac0, 0x0000000003209398]
Event: 34.298 Thread 0x0000000018bc6800 2583       1       jogamp.opengl.GLDrawableImpl::createHandle (1 bytes)
Event: 34.298 Thread 0x0000000018bc6800 nmethod 2583 0x000000000311b890 code [0x000000000311b9e0, 0x000000000311baf0]
Event: 34.330 Thread 0x0000000018bc6800 2584       1       com.jogamp.nativewindow.awt.JAWTWindow::surfaceSwap (2 bytes)
Event: 34.331 Thread 0x0000000018bc6800 nmethod 2584 0x0000000002ffbad0 code [0x0000000002ffbc20, 0x0000000002ffbd30]
Event: 34.347 Thread 0x0000000018bc6800 2585       1       jogamp.opengl.GLDrawableImpl::destroyHandle (1 bytes)
Event: 34.347 Thread 0x0000000018bc6800 nmethod 2585 0x0000000003054ed0 code [0x0000000003055020, 0x0000000003055130]
Event: 35.331 Thread 0x0000000018bc6800 2586       1       sun.awt.windows.WComponentPeer::preprocessPostEvent (1 bytes)
Event: 35.331 Thread 0x0000000018bc6800 nmethod 2586 0x000000000331ab10 code [0x000000000331ac60, 0x000000000331ad70]

GC Heap History (10 events):
Event: 33.262 GC heap before
{Heap before GC invocations=66 (full 3):
 PSYoungGen      total 411136K, used 403104K [0x00000000e0400000, 0x00000000f9e80000, 0x0000000100000000)
  eden space 402944K, 100% used [0x00000000e0400000,0x00000000f8d80000,0x00000000f8d80000)
  from space 8192K, 1% used [0x00000000f9680000,0x00000000f96a8000,0x00000000f9e80000)
  to   space 8704K, 0% used [0x00000000f8d80000,0x00000000f8d80000,0x00000000f9600000)
 ParOldGen       total 222720K, used 155616K [0x00000000a0c00000, 0x00000000ae580000, 0x00000000e0400000)
  object space 222720K, 69% used [0x00000000a0c00000,0x00000000aa3f82e0,0x00000000ae580000)
 Metaspace       used 18154K, capacity 18345K, committed 18560K, reserved 1067008K
  class space    used 1723K, capacity 1793K, committed 1920K, reserved 1048576K
Event: 33.264 GC heap after
Heap after GC invocations=66 (full 3):
 PSYoungGen      total 411648K, used 160K [0x00000000e0400000, 0x00000000f9f80000, 0x0000000100000000)
  eden space 402944K, 0% used [0x00000000e0400000,0x00000000e0400000,0x00000000f8d80000)
  from space 8704K, 1% used [0x00000000f8d80000,0x00000000f8da8000,0x00000000f9600000)
  to   space 8192K, 0% used [0x00000000f9780000,0x00000000f9780000,0x00000000f9f80000)
 ParOldGen       total 222720K, used 155632K [0x00000000a0c00000, 0x00000000ae580000, 0x00000000e0400000)
  object space 222720K, 69% used [0x00000000a0c00000,0x00000000aa3fc2e0,0x00000000ae580000)
 Metaspace       used 18154K, capacity 18345K, committed 18560K, reserved 1067008K
  class space    used 1723K, capacity 1793K, committed 1920K, reserved 1048576K
}
Event: 33.903 GC heap before
{Heap before GC invocations=67 (full 3):
 PSYoungGen      total 411648K, used 403104K [0x00000000e0400000, 0x00000000f9f80000, 0x0000000100000000)
  eden space 402944K, 100% used [0x00000000e0400000,0x00000000f8d80000,0x00000000f8d80000)
  from space 8704K, 1% used [0x00000000f8d80000,0x00000000f8da8000,0x00000000f9600000)
  to   space 8192K, 0% used [0x00000000f9780000,0x00000000f9780000,0x00000000f9f80000)
 ParOldGen       total 222720K, used 155632K [0x00000000a0c00000, 0x00000000ae580000, 0x00000000e0400000)
  object space 222720K, 69% used [0x00000000a0c00000,0x00000000aa3fc2e0,0x00000000ae580000)
 Metaspace       used 18154K, capacity 18345K, committed 18560K, reserved 1067008K
  class space    used 1723K, capacity 1793K, committed 1920K, reserved 1048576K
Event: 33.906 GC heap after
Heap after GC invocations=67 (full 3):
 PSYoungGen      total 411136K, used 8164K [0x00000000e0400000, 0x00000000fa400000, 0x0000000100000000)
  eden space 402944K, 0% used [0x00000000e0400000,0x00000000e0400000,0x00000000f8d80000)
  from space 8192K, 99% used [0x00000000f9780000,0x00000000f9f79010,0x00000000f9f80000)
  to   space 10240K, 0% used [0x00000000f8d80000,0x00000000f8d80000,0x00000000f9780000)
 ParOldGen       total 222720K, used 155664K [0x00000000a0c00000, 0x00000000ae580000, 0x00000000e0400000)
  object space 222720K, 69% used [0x00000000a0c00000,0x00000000aa4042e0,0x00000000ae580000)
 Metaspace       used 18154K, capacity 18345K, committed 18560K, reserved 1067008K
  class space    used 1723K, capacity 1793K, committed 1920K, reserved 1048576K
}
Event: 34.505 GC heap before
{Heap before GC invocations=68 (full 3):
 PSYoungGen      total 411136K, used 411108K [0x00000000e0400000, 0x00000000fa400000, 0x0000000100000000)
  eden space 402944K, 100% used [0x00000000e0400000,0x00000000f8d80000,0x00000000f8d80000)
  from space 8192K, 99% used [0x00000000f9780000,0x00000000f9f79010,0x00000000f9f80000)
  to   space 10240K, 0% used [0x00000000f8d80000,0x00000000f8d80000,0x00000000f9780000)
 ParOldGen       total 222720K, used 155664K [0x00000000a0c00000, 0x00000000ae580000, 0x00000000e0400000)
  object space 222720K, 69% used [0x00000000a0c00000,0x00000000aa4042e0,0x00000000ae580000)
 Metaspace       used 18154K, capacity 18345K, committed 18560K, reserved 1067008K
  class space    used 1723K, capacity 1793K, committed 1920K, reserved 1048576K
Event: 34.508 GC heap after
Heap after GC invocations=68 (full 3):
 PSYoungGen      total 413184K, used 8292K [0x00000000e0400000, 0x00000000fa700000, 0x0000000100000000)
  eden space 402944K, 0% used [0x00000000e0400000,0x00000000e0400000,0x00000000f8d80000)
  from space 10240K, 80% used [0x00000000f8d80000,0x00000000f9599010,0x00000000f9780000)
  to   space 11776K, 0% used [0x00000000f9b80000,0x00000000f9b80000,0x00000000fa700000)
 ParOldGen       total 222720K, used 155672K [0x00000000a0c00000, 0x00000000ae580000, 0x00000000e0400000)
  object space 222720K, 69% used [0x00000000a0c00000,0x00000000aa4062e0,0x00000000ae580000)
 Metaspace       used 18154K, capacity 18345K, committed 18560K, reserved 1067008K
  class space    used 1723K, capacity 1793K, committed 1920K, reserved 1048576K
}
Event: 35.065 GC heap before
{Heap before GC invocations=69 (full 3):
 PSYoungGen      total 413184K, used 411236K [0x00000000e0400000, 0x00000000fa700000, 0x0000000100000000)
  eden space 402944K, 100% used [0x00000000e0400000,0x00000000f8d80000,0x00000000f8d80000)
  from space 10240K, 80% used [0x00000000f8d80000,0x00000000f9599010,0x00000000f9780000)
  to   space 11776K, 0% used [0x00000000f9b80000,0x00000000f9b80000,0x00000000fa700000)
 ParOldGen       total 222720K, used 155672K [0x00000000a0c00000, 0x00000000ae580000, 0x00000000e0400000)
  object space 222720K, 69% used [0x00000000a0c00000,0x00000000aa4062e0,0x00000000ae580000)
 Metaspace       used 18154K, capacity 18345K, committed 18560K, reserved 1067008K
  class space    used 1723K, capacity 1793K, committed 1920K, reserved 1048576K
Event: 35.066 GC heap after
Heap after GC invocations=69 (full 3):
 PSYoungGen      total 416256K, used 192K [0x00000000e0400000, 0x00000000fa600000, 0x0000000100000000)
  eden space 405504K, 0% used [0x00000000e0400000,0x00000000e0400000,0x00000000f9000000)
  from space 10752K, 1% used [0x00000000f9b80000,0x00000000f9bb0000,0x00000000fa600000)
  to   space 11264K, 0% used [0x00000000f9000000,0x00000000f9000000,0x00000000f9b00000)
 ParOldGen       total 222720K, used 155672K [0x00000000a0c00000, 0x00000000ae580000, 0x00000000e0400000)
  object space 222720K, 69% used [0x00000000a0c00000,0x00000000aa4062e0,0x00000000ae580000)
 Metaspace       used 18154K, capacity 18345K, committed 18560K, reserved 1067008K
  class space    used 1723K, capacity 1793K, committed 1920K, reserved 1048576K
}
Event: 35.831 GC heap before
{Heap before GC invocations=70 (full 3):
 PSYoungGen      total 416256K, used 399715K [0x00000000e0400000, 0x00000000fa600000, 0x0000000100000000)
  eden space 405504K, 98% used [0x00000000e0400000,0x00000000f8a28fb0,0x00000000f9000000)
  from space 10752K, 1% used [0x00000000f9b80000,0x00000000f9bb0000,0x00000000fa600000)
  to   space 11264K, 0% used [0x00000000f9000000,0x00000000f9000000,0x00000000f9b00000)
 ParOldGen       total 222720K, used 155672K [0x00000000a0c00000, 0x00000000ae580000, 0x00000000e0400000)
  object space 222720K, 69% used [0x00000000a0c00000,0x00000000aa4062e0,0x00000000ae580000)
 Metaspace       used 18188K, capacity 18409K, committed 18560K, reserved 1067008K
  class space    used 1735K, capacity 1793K, committed 1920K, reserved 1048576K
Event: 35.833 GC heap after
Heap after GC invocations=70 (full 3):
 PSYoungGen      total 416768K, used 224K [0x00000000e0400000, 0x00000000fa780000, 0x0000000100000000)
  eden space 405504K, 0% used [0x00000000e0400000,0x00000000e0400000,0x00000000f9000000)
  from space 11264K, 1% used [0x00000000f9000000,0x00000000f9038000,0x00000000f9b00000)
  to   space 10752K, 0% used [0x00000000f9d00000,0x00000000f9d00000,0x00000000fa780000)
 ParOldGen       total 222720K, used 155672K [0x00000000a0c00000, 0x00000000ae580000, 0x00000000e0400000)
  object space 222720K, 69% used [0x00000000a0c00000,0x00000000aa4062e0,0x00000000ae580000)
 Metaspace       used 18188K, capacity 18409K, committed 18560K, reserved 1067008K
  class space    used 1735K, capacity 1793K, committed 1920K, reserved 1048576K
}

Deoptimization events (10 events):
Event: 12.148 Thread 0x0000000019dc3000 Uncommon trap: reason=speculate_class_check action=maybe_recompile pc=0x000000000369a8a4 method=com.jogamp.common.nio.Buffers.getDirectBufferByteOffset(Ljava/lang/Object;)I @ 42
Event: 12.308 Thread 0x0000000019dc3000 Uncommon trap: reason=speculate_class_check action=maybe_recompile pc=0x000000000369a1fc method=com.jogamp.common.nio.Buffers.getDirectBufferByteOffset(Ljava/lang/Object;)I @ 53
Event: 12.315 Thread 0x0000000019dc3000 Uncommon trap: reason=speculate_class_check action=maybe_recompile pc=0x000000000369a1fc method=com.jogamp.common.nio.Buffers.getDirectBufferByteOffset(Ljava/lang/Object;)I @ 53
Event: 12.930 Thread 0x0000000019dc3000 Uncommon trap: reason=speculate_class_check action=maybe_recompile pc=0x00000000036ae38c method=com.jogamp.common.nio.Buffers.getDirectBufferByteOffset(Ljava/lang/Object;)I @ 22
Event: 12.930 Thread 0x0000000019dc3000 Uncommon trap: reason=speculate_class_check action=maybe_recompile pc=0x00000000036ae38c method=com.jogamp.common.nio.Buffers.getDirectBufferByteOffset(Ljava/lang/Object;)I @ 22
Event: 13.081 Thread 0x0000000019dc3000 Uncommon trap: reason=speculate_class_check action=maybe_recompile pc=0x00000000036b0ef8 method=com.jogamp.common.nio.Buffers.getDirectBufferByteOffset(Ljava/lang/Object;)I @ 31
Event: 13.081 Thread 0x0000000019dc3000 Uncommon trap: reason=speculate_class_check action=maybe_recompile pc=0x00000000036b0ef8 method=com.jogamp.common.nio.Buffers.getDirectBufferByteOffset(Ljava/lang/Object;)I @ 31
Event: 13.261 Thread 0x0000000019dc3000 Uncommon trap: reason=speculate_class_check action=maybe_recompile pc=0x00000000036b63c8 method=com.jogamp.common.nio.Buffers.getDirectBufferByteOffset(Ljava/lang/Object;)I @ 42
Event: 13.268 Thread 0x0000000019dc3000 Uncommon trap: reason=speculate_class_check action=maybe_recompile pc=0x00000000036b63c8 method=com.jogamp.common.nio.Buffers.getDirectBufferByteOffset(Ljava/lang/Object;)I @ 42
Event: 35.813 Thread 0x0000000019dc3000 Uncommon trap: reason=speculate_class_check action=maybe_recompile pc=0x000000000323817c method=java.awt.EventQueue.coalesceEvent(Ljava/awt/AWTEvent;I)Z @ 53

Internal exceptions (10 events):
Event: 3.126 Thread 0x0000000019dc3000 Exception <a 'java/security/PrivilegedActionException'> (0x00000000e0c0a8a0) thrown at [D:\re\workspace\8-2-build-windows-amd64-cygwin\jdk8u25\1677\hotspot\src\share\vm\prims\jvm.cpp, line 1312]
Event: 3.126 Thread 0x0000000019dc3000 Exception <a 'java/security/PrivilegedActionException'> (0x00000000e0c0e760) thrown at [D:\re\workspace\8-2-build-windows-amd64-cygwin\jdk8u25\1677\hotspot\src\share\vm\prims\jvm.cpp, line 1312]
Event: 3.126 Thread 0x0000000019dc3000 Exception <a 'java/security/PrivilegedActionException'> (0x00000000e0c12b68) thrown at [D:\re\workspace\8-2-build-windows-amd64-cygwin\jdk8u25\1677\hotspot\src\share\vm\prims\jvm.cpp, line 1312]
Event: 3.127 Thread 0x0000000019dc3000 Exception <a 'java/security/PrivilegedActionException'> (0x00000000e0c16f50) thrown at [D:\re\workspace\8-2-build-windows-amd64-cygwin\jdk8u25\1677\hotspot\src\share\vm\prims\jvm.cpp, line 1312]
Event: 3.127 Thread 0x0000000019dc3000 Exception <a 'java/security/PrivilegedActionException'> (0x00000000e0c1aaa8) thrown at [D:\re\workspace\8-2-build-windows-amd64-cygwin\jdk8u25\1677\hotspot\src\share\vm\prims\jvm.cpp, line 1312]
Event: 3.127 Thread 0x0000000019dc3000 Exception <a 'java/security/PrivilegedActionException'> (0x00000000e0c1f2a8) thrown at [D:\re\workspace\8-2-build-windows-amd64-cygwin\jdk8u25\1677\hotspot\src\share\vm\prims\jvm.cpp, line 1312]
Event: 3.127 Thread 0x0000000019dc3000 Exception <a 'java/security/PrivilegedActionException'> (0x00000000e0c229e0) thrown at [D:\re\workspace\8-2-build-windows-amd64-cygwin\jdk8u25\1677\hotspot\src\share\vm\prims\jvm.cpp, line 1312]
Event: 3.128 Thread 0x0000000019dc3000 Exception <a 'java/security/PrivilegedActionException'> (0x00000000e0c26928) thrown at [D:\re\workspace\8-2-build-windows-amd64-cygwin\jdk8u25\1677\hotspot\src\share\vm\prims\jvm.cpp, line 1312]
Event: 3.128 Thread 0x0000000019dc3000 Exception <a 'java/security/PrivilegedActionException'> (0x00000000e0c2c838) thrown at [D:\re\workspace\8-2-build-windows-amd64-cygwin\jdk8u25\1677\hotspot\src\share\vm\prims\jvm.cpp, line 1312]
Event: 3.141 Thread 0x0000000019dc3000 Exception <a 'java/security/PrivilegedActionException'> (0x00000000e0d00a68) thrown at [D:\re\workspace\8-2-build-windows-amd64-cygwin\jdk8u25\1677\hotspot\src\share\vm\prims\jvm.cpp, line 1312]

Events (10 events):
Event: 35.814 loading class javax/swing/KeyboardManager done
Event: 35.815 loading class javax/swing/Popup$HeavyWeightWindow
Event: 35.815 loading class sun/awt/ModalExclude
Event: 35.815 loading class sun/awt/ModalExclude done
Event: 35.815 loading class javax/swing/JWindow
Event: 35.815 loading class javax/swing/JWindow done
Event: 35.815 loading class javax/swing/Popup$HeavyWeightWindow done
Event: 35.831 Executing VM operation: ParallelGCFailedAllocation
Event: 35.833 Executing VM operation: ParallelGCFailedAllocation done
Event: 35.848 Thread 0x000000001a435800 Thread exited: 0x000000001a435800


Dynamic libraries:
0x00007ff669010000 - 0x00007ff669044000 	C:\Program Files\Java\jre1.8.0_25\bin\javaw.exe
0x00007ff98c320000 - 0x00007ff98c4cc000 	C:\WINDOWS\SYSTEM32\ntdll.dll
0x00007ff989d20000 - 0x00007ff989e5e000 	C:\WINDOWS\system32\KERNEL32.DLL
0x00007ff9897d0000 - 0x00007ff9898e5000 	C:\WINDOWS\system32\KERNELBASE.dll
0x00007ff987ff0000 - 0x00007ff98807e000 	C:\WINDOWS\system32\apphelp.dll
0x00007ff973750000 - 0x00007ff9737a3000 	C:\WINDOWS\AppPatch\AppPatch64\AcGenral.DLL
0x00007ff98a220000 - 0x00007ff98a2ca000 	C:\WINDOWS\system32\msvcrt.dll
0x00007ff9892a0000 - 0x00007ff9892ce000 	C:\WINDOWS\SYSTEM32\SspiCli.dll
0x00007ff98b980000 - 0x00007ff98b9d4000 	C:\WINDOWS\system32\SHLWAPI.dll
0x00007ff989f00000 - 0x00007ff98a077000 	C:\WINDOWS\system32\USER32.dll
0x00007ff98bb50000 - 0x00007ff98bce4000 	C:\WINDOWS\system32\ole32.dll
0x00007ff98a390000 - 0x00007ff98b8a8000 	C:\WINDOWS\system32\SHELL32.dll
0x00007ff988a10000 - 0x00007ff988a31000 	C:\WINDOWS\SYSTEM32\USERENV.dll
0x00007ff989c10000 - 0x00007ff989cba000 	C:\WINDOWS\system32\ADVAPI32.dll
0x00007ff97c880000 - 0x00007ff97c89e000 	C:\WINDOWS\SYSTEM32\MPR.dll
0x00007ff98b9e0000 - 0x00007ff98bb21000 	C:\WINDOWS\system32\RPCRT4.dll
0x00007ff9899a0000 - 0x00007ff9899f9000 	C:\WINDOWS\SYSTEM32\sechost.dll
0x00007ff98bed0000 - 0x00007ff98c0e1000 	C:\WINDOWS\SYSTEM32\combase.dll
0x00007ff98a0c0000 - 0x00007ff98a211000 	C:\WINDOWS\system32\GDI32.dll
0x00007ff989470000 - 0x00007ff989485000 	C:\WINDOWS\SYSTEM32\profapi.dll
0x00007ff987810000 - 0x00007ff9878c2000 	C:\WINDOWS\SYSTEM32\SHCORE.dll
0x00007ff98a080000 - 0x00007ff98a0b6000 	C:\WINDOWS\system32\IMM32.DLL
0x00007ff98c1c0000 - 0x00007ff98c312000 	C:\WINDOWS\system32\MSCTF.dll
0x00007ff986b90000 - 0x00007ff986e0b000 	C:\WINDOWS\WinSxS\amd64_microsoft.windows.common-controls_6595b64144ccf1df_6.0.9600.17415_none_6240486fecbd8abb\COMCTL32.dll
0x0000000075f50000 - 0x0000000076022000 	C:\Program Files\Java\jre1.8.0_25\bin\msvcr100.dll
0x0000000076ae0000 - 0x000000007733a000 	C:\Program Files\Java\jre1.8.0_25\bin\server\jvm.dll
0x00007ff9707d0000 - 0x00007ff9707d9000 	C:\WINDOWS\SYSTEM32\WSOCK32.dll
0x00007ff97ca00000 - 0x00007ff97ca22000 	C:\WINDOWS\SYSTEM32\WINMM.dll
0x00007ff989e80000 - 0x00007ff989e87000 	C:\WINDOWS\system32\PSAPI.DLL
0x00007ff989a00000 - 0x00007ff989a5a000 	C:\WINDOWS\system32\WS2_32.dll
0x00007ff97c8d0000 - 0x00007ff97c8fa000 	C:\WINDOWS\SYSTEM32\WINMMBASE.dll
0x00007ff98bb30000 - 0x00007ff98bb39000 	C:\WINDOWS\system32\NSI.dll
0x00007ff989950000 - 0x00007ff98999f000 	C:\WINDOWS\SYSTEM32\cfgmgr32.dll
0x00007ff988260000 - 0x00007ff988288000 	C:\WINDOWS\SYSTEM32\DEVOBJ.dll
0x0000000076ad0000 - 0x0000000076adf000 	C:\Program Files\Java\jre1.8.0_25\bin\verify.dll
0x0000000076aa0000 - 0x0000000076ac8000 	C:\Program Files\Java\jre1.8.0_25\bin\java.dll
0x0000000076a80000 - 0x0000000076a96000 	C:\Program Files\Java\jre1.8.0_25\bin\zip.dll
0x0000000075db0000 - 0x0000000075f48000 	C:\Program Files\Java\jre1.8.0_25\bin\awt.dll
0x00007ff98c0f0000 - 0x00007ff98c1b1000 	C:\WINDOWS\system32\OLEAUT32.dll
0x00007ff987610000 - 0x00007ff987631000 	C:\WINDOWS\system32\DWMAPI.DLL
0x00007ff988130000 - 0x00007ff988259000 	C:\WINDOWS\system32\uxtheme.dll
0x00007ff9882b0000 - 0x00007ff9882bb000 	C:\WINDOWS\SYSTEM32\kernel.appcore.dll
0x00007ff989340000 - 0x00007ff98934b000 	C:\WINDOWS\SYSTEM32\CRYPTBASE.dll
0x00007ff9892d0000 - 0x00007ff989333000 	C:\WINDOWS\SYSTEM32\bcryptPrimitives.dll
0x00007ff97e8c0000 - 0x00007ff97eae1000 	C:\WINDOWS\system32\d3d9.dll
0x00007ff987180000 - 0x00007ff98718a000 	C:\WINDOWS\SYSTEM32\VERSION.dll
0x00007ff986970000 - 0x00007ff986abb000 	C:\WINDOWS\SYSTEM32\aticfx64.dll
0x00007ff965270000 - 0x00007ff965291000 	C:\WINDOWS\SYSTEM32\atiu9p64.dll
0x00007ff964a80000 - 0x00007ff965265000 	C:\WINDOWS\SYSTEM32\atiumd64.dll
0x0000000076110000 - 0x00000000768c7000 	C:\WINDOWS\SYSTEM32\atiumd6a.dll
0x00000000769f0000 - 0x0000000076a37000 	C:\Program Files\Java\jre1.8.0_25\bin\fontmanager.dll
0x00007ff988ce0000 - 0x00007ff988d00000 	C:\WINDOWS\SYSTEM32\CRYPTSP.dll
0x00007ff988900000 - 0x00007ff988936000 	C:\WINDOWS\system32\rsaenh.dll
0x00007ff988f90000 - 0x00007ff988fb6000 	C:\WINDOWS\SYSTEM32\bcrypt.dll
0x0000000076a60000 - 0x0000000076a7a000 	C:\Program Files\Java\jre1.8.0_25\bin\net.dll
0x00007ff988c80000 - 0x00007ff988cd9000 	C:\WINDOWS\system32\mswsock.dll
0x00007ff9860b0000 - 0x00007ff9860da000 	C:\WINDOWS\SYSTEM32\IPHLPAPI.DLL
0x00007ff986050000 - 0x00007ff98605a000 	C:\WINDOWS\SYSTEM32\WINNSI.DLL
0x00007ff9841e0000 - 0x00007ff9841f6000 	C:\WINDOWS\SYSTEM32\dhcpcsvc6.DLL
0x00007ff984380000 - 0x00007ff98439a000 	C:\WINDOWS\SYSTEM32\dhcpcsvc.DLL
0x0000000076a40000 - 0x0000000076a51000 	C:\Program Files\Java\jre1.8.0_25\bin\nio.dll
0x00000000637c0000 - 0x00000000637cd000 	S:\Users\Ben\AppData\Local\Temp\jogamp_0000\file_cache\jln4664968590087134188\jln5764703754842944715\gluegen-rt.dll
0x00000000769e0000 - 0x00000000769e7000 	C:\Program Files\Java\jre1.8.0_25\bin\jawt.dll
0x000000006a440000 - 0x000000006a44d000 	S:\Users\Ben\AppData\Local\Temp\jogamp_0000\file_cache\jln4664968590087134188\jln5764703754842944715\nativewindow_awt.dll
0x000000006c100000 - 0x000000006c10f000 	S:\Users\Ben\AppData\Local\Temp\jogamp_0000\file_cache\jln4664968590087134188\jln5764703754842944715\nativewindow_win32.dll
0x00007ff960620000 - 0x00007ff96074b000 	C:\WINDOWS\SYSTEM32\OpenGL32.dll
0x00007ff97d7c0000 - 0x00007ff97d7ee000 	C:\WINDOWS\SYSTEM32\GLU32.dll
0x00007ff966bf0000 - 0x00007ff966ce8000 	C:\WINDOWS\SYSTEM32\DDRAW.dll
0x00007ff980290000 - 0x00007ff980299000 	C:\WINDOWS\SYSTEM32\DCIMAN32.dll
0x0000000064500000 - 0x00000000645a2000 	S:\Users\Ben\AppData\Local\Temp\jogamp_0000\file_cache\jln4664968590087134188\jln5764703754842944715\jogl_desktop.dll
0x00007ff97d720000 - 0x00007ff97d738000 	C:\WINDOWS\SYSTEM32\atig6pxx.dll
0x0000000074200000 - 0x0000000075daf000 	C:\WINDOWS\SYSTEM32\atio6axx.dll
0x00007ff98bcf0000 - 0x00007ff98beca000 	C:\WINDOWS\system32\SETUPAPI.dll
0x00007ff986120000 - 0x00007ff986257000 	C:\WINDOWS\SYSTEM32\atiadlxx.dll
0x00007ff986710000 - 0x00007ff98688f000 	C:\WINDOWS\SYSTEM32\PROPSYS.dll
0x00007ff988080000 - 0x00007ff988092000 	C:\WINDOWS\SYSTEM32\WTSAPI32.dll
0x00007ff9898f0000 - 0x00007ff989941000 	C:\WINDOWS\system32\WINTRUST.dll
0x00007ff989540000 - 0x00007ff98971f000 	C:\WINDOWS\system32\CRYPT32.dll
0x00007ff989520000 - 0x00007ff989531000 	C:\WINDOWS\system32\MSASN1.dll
0x00007ff973720000 - 0x00007ff973749000 	C:\WINDOWS\SYSTEM32\atig6txx.dll
0x00007ff95c1a0000 - 0x00007ff95c33c000 	O:\OneDrive\Workspace\ZZavatar\lib\user\KinectPV2\Kinect20.Face.dll
0x00007ff97c900000 - 0x00007ff97c9a7000 	C:\WINDOWS\SYSTEM32\MSVCP110.dll
0x00007ff981bc0000 - 0x00007ff981c8e000 	C:\WINDOWS\SYSTEM32\MSVCR110.dll
0x00007ff980280000 - 0x00007ff980290000 	O:\OneDrive\Workspace\ZZavatar\lib\user\KinectPV2\KinectPV2.dll
0x00007ff960560000 - 0x00007ff96061a000 	C:\WINDOWS\SYSTEM32\Kinect20.dll
0x00007ff97ca30000 - 0x00007ff97cb1b000 	C:\WINDOWS\SYSTEM32\MFPlat.DLL
0x00007ff97c8a0000 - 0x00007ff97c8c7000 	C:\WINDOWS\SYSTEM32\RTWorkQ.DLL
0x00007ff987050000 - 0x00007ff98705c000 	C:\WINDOWS\SYSTEM32\AVRT.dll
0x00007ff963e10000 - 0x00007ff963f9a000 	C:\WINDOWS\SYSTEM32\dbghelp.dll

VM Arguments:
jvm_args: -Djava.library.path=O:\OneDrive\Workspace\ZZavatar\lib\base\video;O:\OneDrive\Workspace\ZZavatar\lib\base\video;O:\OneDrive\Workspace\ZZavatar\lib\base\video;O:\OneDrive\Workspace\ZZavatar\lib\base\core;O:\OneDrive\Workspace\ZZavatar\lib\base\core;O:\OneDrive\Workspace\ZZavatar\lib\base\core;O:\OneDrive\Workspace\ZZavatar\lib\base\core;O:\OneDrive\Workspace\ZZavatar\lib\base\core;O:\OneDrive\Workspace\ZZavatar\lib\base\core;O:\OneDrive\Workspace\ZZavatar\lib\base\core;O:\OneDrive\Workspace\ZZavatar\lib\base\core;O:\OneDrive\Workspace\ZZavatar\lib\base\core;O:\OneDrive\Workspace\ZZavatar\lib\base\core;O:\OneDrive\Workspace\ZZavatar\lib\base\core;O:\OneDrive\Workspace\ZZavatar\lib\base\core;O:\OneDrive\Workspace\ZZavatar\lib\base\core;O:\OneDrive\Workspace\ZZavatar\lib\base\core;O:\OneDrive\Workspace\ZZavatar\lib\base\core;O:\OneDrive\Workspace\ZZavatar\lib\user\Kinect4WinSDK;O:\OneDrive\Workspace\ZZavatar\lib\user\KinectPV2;O:\OneDrive\Workspace\ZZavatar\lib\user\SimpleOpenNI -Dfile.encoding=Cp1252 
java_command: zzavatar.ZZavatar
java_class_path (initial): O:\OneDrive\Workspace\ZZavatar\lib\base\video\gstreamer-java.jar;O:\OneDrive\Workspace\ZZavatar\lib\base\video\jna.jar;O:\OneDrive\Workspace\ZZavatar\lib\base\video\video.jar;O:\OneDrive\Workspace\ZZavatar\lib\base\core\core.jar;O:\OneDrive\Workspace\ZZavatar\lib\base\core\gluegen-rt-natives-linux-amd64.jar;O:\OneDrive\Workspace\ZZavatar\lib\base\core\gluegen-rt-natives-linux-armv6hf.jar;O:\OneDrive\Workspace\ZZavatar\lib\base\core\gluegen-rt-natives-linux-i586.jar;O:\OneDrive\Workspace\ZZavatar\lib\base\core\gluegen-rt-natives-macosx-universal.jar;O:\OneDrive\Workspace\ZZavatar\lib\base\core\gluegen-rt-natives-windows-amd64.jar;O:\OneDrive\Workspace\ZZavatar\lib\base\core\gluegen-rt-natives-windows-i586.jar;O:\OneDrive\Workspace\ZZavatar\lib\base\core\gluegen-rt.jar;O:\OneDrive\Workspace\ZZavatar\lib\base\core\jogl-all-natives-linux-amd64.jar;O:\OneDrive\Workspace\ZZavatar\lib\base\core\jogl-all-natives-linux-armv6hf.jar;O:\OneDrive\Workspace\ZZavatar\lib\base\core\jogl-all-natives-linux-i586.jar;O:\OneDrive\Workspace\ZZavatar\lib\base\core\jogl-all-natives-macosx-universal.jar;O:\OneDrive\Workspace\ZZavatar\lib\base\core\jogl-all-natives-windows-amd64.jar;O:\OneDrive\Workspace\ZZavatar\lib\base\core\jogl-all-natives-windows-i586.jar;O:\OneDrive\Workspace\ZZavatar\lib\base\core\jogl-all.jar;O:\OneDrive\Workspace\ZZavatar\lib\user\Kinect4WinSDK\Kinect4WinSDK.jar;O:\OneDrive\Workspace\ZZavatar\lib\user\KinectPV2\KinectPV2.jar;O:\OneDrive\Workspace\ZZavatar\lib\user\SimpleOpenNI\SimpleOpenNI.jar;O:\OneDrive\Workspace\ZZavatar\bin
Launcher Type: SUN_STANDARD

Environment Variables:
JAVA_HOME=C:\Program Files\Java\jdk1.8.0_25
PATH=C:/Program Files/Java/jre1.8.0_25/bin/server;C:/Program Files/Java/jre1.8.0_25/bin;C:/Program Files/Java/jre1.8.0_25/lib/amd64;C:\Program Files (x86)\NVIDIA Corporation\PhysX\Common;C:\ProgramData\Oracle\Java\javapath;C:\Program Files (x86)\Common Files\Intel\Shared Libraries\redist\intel64\compiler;C:\Program Files (x86)\Common Files\Intel\Shared Libraries\redist\ia32\compiler;C:\Program Files (x86)\Intel\iCLS Client\;C:\Program Files\Intel\iCLS Client\;C:\Program Files (x86)\AMD APP\bin\x86_64;C:\Program Files (x86)\AMD APP\bin\x86;C:\WINDOWS\system32;C:\WINDOWS;C:\WINDOWS\System32\Wbem;C:\WINDOWS\System32\WindowsPowerShell\v1.0\;C:\Program Files (x86)\ATI Technologies\ATI.ACE\Core-Static;C:\Program Files\Intel\Intel(R) Management Engine Components\DAL;C:\Program Files\Intel\Intel(R) Management Engine Components\IPT;C:\Program Files (x86)\Intel\Intel(R) Management Engine Components\DAL;C:\Program Files (x86)\Intel\Intel(R) Management Engine Components\IPT;C:\Program Files\Sony\VAIO Improvement\;C:\Program Files (x86)\Sony\VAIO Startup Setting Tool;C:\Program Files (x86)\Windows Kits\8.1\Windows Performance Toolkit\;C:\Program Files\Microsoft SQL Server\110\Tools\Binn\;C:\Program Files (x86)\Microsoft SDKs\TypeScript\1.0\;C:\Program Files\Microsoft\Web Platform Installer\;C:\Program Files (x86)\Java\jre1.8.0_25\bin;P:\Programs\Python27\Scripts;P:\Programs\Python27;C:\Program Files\Common Files\Autodesk Shared\;P:\Program Files\Programs;P:\Program Files\Games;P:\Programs\Eclipse;
USERNAME=Benoît
OS=Windows_NT
PROCESSOR_IDENTIFIER=Intel64 Family 6 Model 58 Stepping 9, GenuineIntel



---------------  S Y S T E M  ---------------

OS: Windows 8.1 , 64 bit Build 9600 

CPU:total 8 (4 cores per cpu, 2 threads per core) family 6 model 58 stepping 9, cmov, cx8, fxsr, mmx, sse, sse2, sse3, ssse3, sse4.1, sse4.2, popcnt, avx, aes, clmul, erms, ht, tsc, tscinvbit, tscinv

Memory: 4k page, physical 6237468k(2017060k free), swap 10431772k(3951544k free)

vm_info: Java HotSpot(TM) 64-Bit Server VM (25.25-b02) for windows-amd64 JRE (1.8.0_25-b18), built on Oct  7 2014 14:25:37 by "java_re" with MS VC++ 10.0 (VS2010)

time: Fri Apr 24 18:47:43 2015
elapsed time: 35 seconds (0d 0h 0m 35s)

