#
# A fatal error has been detected by the Java Runtime Environment:
#
#  EXCEPTION_ACCESS_VIOLATION (0xc0000005) at pc=0x00007ffedc7f4113, pid=8904, tid=8428
#
# JRE version: Java(TM) SE Runtime Environment (8.0_25-b18) (build 1.8.0_25-b18)
# Java VM: Java HotSpot(TM) 64-Bit Server VM (25.25-b02 mixed mode windows-amd64 compressed oops)
# Problematic frame:
# C  [KinectPV2.dll+0x4113]
#
# Failed to write core dump. Minidumps are not enabled by default on client versions of Windows
#
# If you would like to submit a bug report, please visit:
#   http://bugreport.sun.com/bugreport/crash.jsp
# The crash happened outside the Java Virtual Machine in native code.
# See problematic frame for where to report the bug.
#

---------------  T H R E A D  ---------------

Current thread (0x0000000019074000):  JavaThread "Animation Thread" [_thread_in_native, id=8428, stack(0x000000001c0f0000,0x000000001c1f0000)]

siginfo: ExceptionCode=0xc0000005, reading address 0xffffffffffffffff

Registers:
RAX=0x74000138a9f93d80, RBX=0x000000002d7c7040, RCX=0x0000000067fa9670, RDX=0x0000000000000000
RSP=0x000000001c1eea60, RBP=0x0000000000000006, RSI=0x0000000000000000, RDI=0x000000001ea8bac8
R8 =0x000000001c1ee728, R9 =0x0000000000008000, R10=0x0000000000000000, R11=0x000000001c1ee960
R12=0x0000000000000000, R13=0x000000001ee7d0b8, R14=0x0000000000000000, R15=0x0000000019074000
RIP=0x00007ffedc7f4113, EFLAGS=0x0000000000010202

Top of Stack: (sp=0x000000001c1eea60)
0x000000001c1eea60:   000000001ea8ba98 000000001f237748
0x000000001c1eea70:   000000001ea8ba98 0000000000000000
0x000000001c1eea80:   000000001c1eeb50 00007ffedc7f1fba
0x000000001c1eea90:   000000001c1eeb50 000000001c1eeb30
0x000000001c1eeaa0:   00000000190741e8 0000000019021840
0x000000001c1eeab0:   00000000a3b1b6e0 0000000002025b74
0x000000001c1eeac0:   000000001ee7d0b8 0000000000000021
0x000000001c1eead0:   0000000000000021 0000000019074000
0x000000001c1eeae0:   000000001c1eeba8 00000000020258a2
0x000000001c1eeaf0:   000000001c1eeaf0 000000001ee7d0b8
0x000000001c1eeb00:   000000001c1eeb50 000000001ee7e048
0x000000001c1eeb10:   0000000000000000 000000001ee7d0b8
0x000000001c1eeb20:   0000000000000000 000000001c1eeb50
0x000000001c1eeb30:   000000001c1eeb98 0000000002017a2d
0x000000001c1eeb40:   0000000000000000 000000000201f6b8
0x000000001c1eeb50:   00000000a3817220 000000001c1eeb58 

Instructions: (pc=0x00007ffedc7f4113)
0x00007ffedc7f40f3:   48 8b 0f 48 85 c9 74 09 48 8b 01 ff 50 10 4c 89
0x00007ffedc7f4103:   37 48 8b 8f 90 00 00 00 48 85 c9 74 0d 48 8b 01
0x00007ffedc7f4113:   ff 50 10 4c 89 b7 90 00 00 00 48 8b 4f 30 48 85
0x00007ffedc7f4123:   c9 74 0a 48 8b 01 ff 50 10 4c 89 77 30 48 8b 4f 


Register to memory mapping:

RAX=0x74000138a9f93d80 is an unknown value
RBX=0x000000002d7c7040 is an unknown value
RCX=0x0000000067fa9670 is an unknown value
RDX=0x0000000000000000 is an unknown value
RSP=0x000000001c1eea60 is pointing into the stack for thread: 0x0000000019074000
RBP=0x0000000000000006 is an unknown value
RSI=0x0000000000000000 is an unknown value
RDI=0x000000001ea8bac8 is an unknown value
R8 =0x000000001c1ee728 is pointing into the stack for thread: 0x0000000019074000
R9 =0x0000000000008000 is an unknown value
R10=0x0000000000000000 is an unknown value
R11=0x000000001c1ee960 is pointing into the stack for thread: 0x0000000019074000
R12=0x0000000000000000 is an unknown value
R13={method} {0x000000001ee7d0c0} 'jniStopDevice' '()V' in 'KinectPV2/Device'
R14=0x0000000000000000 is an unknown value
R15=0x0000000019074000 is a thread


Stack: [0x000000001c0f0000,0x000000001c1f0000],  sp=0x000000001c1eea60,  free space=1018k
Native frames: (J=compiled Java code, j=interpreted, Vv=VM code, C=native code)
C  [KinectPV2.dll+0x4113]
C  [KinectPV2.dll+0x1fba]
C  0x0000000002025b74

Java frames: (J=compiled Java code, j=interpreted, Vv=VM code)
j  KinectPV2.Device.jniStopDevice()V+0
j  KinectPV2.Device.stopDevice()V+41
j  KinectPV2.KinectPV2.dispose()V+14
v  ~StubRoutines::call_stub
j  sun.reflect.NativeMethodAccessorImpl.invoke0(Ljava/lang/reflect/Method;Ljava/lang/Object;[Ljava/lang/Object;)Ljava/lang/Object;+0
j  sun.reflect.NativeMethodAccessorImpl.invoke(Ljava/lang/Object;[Ljava/lang/Object;)Ljava/lang/Object;+100
J 1797 C1 sun.reflect.DelegatingMethodAccessorImpl.invoke(Ljava/lang/Object;[Ljava/lang/Object;)Ljava/lang/Object; (10 bytes) @ 0x0000000002692d84 [0x0000000002692c80+0x104]
J 1796 C1 java.lang.reflect.Method.invoke(Ljava/lang/Object;[Ljava/lang/Object;)Ljava/lang/Object; (62 bytes) @ 0x0000000002689a24 [0x0000000002689640+0x3e4]
j  processing.core.PApplet$RegisteredMethods.handle([Ljava/lang/Object;)V+18
J 1635 C1 processing.core.PApplet.handleMethods(Ljava/lang/String;)V (21 bytes) @ 0x000000000263339c [0x00000000026330e0+0x2bc]
j  processing.core.PApplet.dispose()V+35
j  processing.core.PApplet.run()V+283
j  java.lang.Thread.run()V+11
v  ~StubRoutines::call_stub

---------------  P R O C E S S  ---------------

Java Threads: ( => current thread )
  0x0000000019698800 JavaThread "Animation Thread-SharedResourceRunner" daemon [_thread_blocked, id=4940, stack(0x000000001b900000,0x000000001ba00000)]
  0x00000000006ae800 JavaThread "DestroyJavaVM" [_thread_blocked, id=6508, stack(0x0000000001e10000,0x0000000001f10000)]
  0x0000000019056000 JavaThread "D3D Screen Updater" daemon [_thread_blocked, id=9876, stack(0x000000001c3f0000,0x000000001c4f0000)]
=>0x0000000019074000 JavaThread "Animation Thread" [_thread_in_native, id=8428, stack(0x000000001c0f0000,0x000000001c1f0000)]
  0x0000000018fc4000 JavaThread "AWT-EventQueue-0" [_thread_blocked, id=10040, stack(0x000000001bef0000,0x000000001bff0000)]
  0x0000000018f92800 JavaThread "AWT-Windows" daemon [_thread_in_native, id=7312, stack(0x00000000198a0000,0x00000000199a0000)]
  0x000000001813e800 JavaThread "AWT-Shutdown" [_thread_blocked, id=2548, stack(0x00000000197a0000,0x00000000198a0000)]
  0x000000001813d800 JavaThread "Java2D Disposer" daemon [_thread_blocked, id=10236, stack(0x00000000196a0000,0x00000000197a0000)]
  0x0000000017df2000 JavaThread "Service Thread" daemon [_thread_blocked, id=9420, stack(0x0000000018740000,0x0000000018840000)]
  0x0000000017d78800 JavaThread "C1 CompilerThread3" daemon [_thread_blocked, id=8680, stack(0x0000000018640000,0x0000000018740000)]
  0x0000000017d72800 JavaThread "C2 CompilerThread2" daemon [_thread_blocked, id=6812, stack(0x0000000018540000,0x0000000018640000)]
  0x0000000017d6e800 JavaThread "C2 CompilerThread1" daemon [_thread_blocked, id=5092, stack(0x0000000018440000,0x0000000018540000)]
  0x0000000017d68800 JavaThread "C2 CompilerThread0" daemon [_thread_blocked, id=1448, stack(0x0000000018340000,0x0000000018440000)]
  0x0000000017d66000 JavaThread "Attach Listener" daemon [_thread_blocked, id=6704, stack(0x0000000018240000,0x0000000018340000)]
  0x0000000017d65000 JavaThread "Signal Dispatcher" daemon [_thread_blocked, id=6756, stack(0x0000000018140000,0x0000000018240000)]
  0x0000000002009800 JavaThread "Finalizer" daemon [_thread_blocked, id=3952, stack(0x0000000017c40000,0x0000000017d40000)]
  0x0000000002001000 JavaThread "Reference Handler" daemon [_thread_blocked, id=8732, stack(0x0000000017b40000,0x0000000017c40000)]

Other Threads:
  0x0000000015d58800 VMThread [stack: 0x0000000017a40000,0x0000000017b40000] [id=4876]
  0x0000000017df4000 WatcherThread [stack: 0x0000000018840000,0x0000000018940000] [id=10200]

VM state:not at safepoint (normal execution)

VM Mutex/Monitor currently owned by a thread: None

Heap:
 PSYoungGen      total 278528K, used 30817K [0x00000000e0400000, 0x00000000f1b00000, 0x0000000100000000)
  eden space 272384K, 11% used [0x00000000e0400000,0x00000000e21e86a8,0x00000000f0e00000)
  from space 6144K, 3% used [0x00000000f1500000,0x00000000f1530000,0x00000000f1b00000)
  to   space 6656K, 0% used [0x00000000f0e00000,0x00000000f0e00000,0x00000000f1480000)
 ParOldGen       total 228864K, used 156814K [0x00000000a0c00000, 0x00000000aeb80000, 0x00000000e0400000)
  object space 228864K, 68% used [0x00000000a0c00000,0x00000000aa523bf8,0x00000000aeb80000)
 Metaspace       used 18707K, capacity 18959K, committed 19072K, reserved 1067008K
  class space    used 1774K, capacity 1826K, committed 1920K, reserved 1048576K

Card table byte_map: [0x00000000113d0000,0x00000000116d0000] byte_map_base: 0x0000000010eca000

Marking Bits: (ParMarkBitMap*) 0x000000006ab8d490
 Begin Bits: [0x00000000120d0000, 0x00000000138a0000)
 End Bits:   [0x00000000138a0000, 0x0000000015070000)

Polling page: 0x00000000004c0000

CodeCache: size=245760Kb used=9080Kb max_used=9441Kb free=236679Kb
 bounds [0x0000000002010000, 0x0000000002970000, 0x0000000011010000]
 total_blobs=3431 nmethods=2545 adapters=799
 compilation: enabled

Compilation events (10 events):
Event: 40.866 Thread 0x0000000017d72800 2767       4       processing.opengl.PJOGL::getBooleanv (90 bytes)
Event: 40.879 Thread 0x0000000017d72800 nmethod 2767 0x00000000021b4850 code [0x00000000021b4a20, 0x00000000021b4fe0]
Event: 41.068 Thread 0x0000000017d68800 2768       4       processing.opengl.PGraphicsOpenGL$InGeometry::closeEdge (43 bytes)
Event: 41.070 Thread 0x0000000017d68800 nmethod 2768 0x0000000002148150 code [0x00000000021482a0, 0x0000000002148408]
Event: 41.585 Thread 0x0000000017d6e800 2769       4       java.lang.Integer::formatUnsignedInt (48 bytes)
Event: 41.591 Thread 0x0000000017d6e800 nmethod 2769 0x000000000250d790 code [0x000000000250d8e0, 0x000000000250dcf8]
Event: 42.718 Thread 0x0000000017d78800 2770       3       sun.reflect.ClassFileAssembler::emitShort (24 bytes)
Event: 42.718 Thread 0x0000000017d78800 nmethod 2770 0x00000000022faa90 code [0x00000000022fac20, 0x00000000022faf38]
Event: 42.719 Thread 0x0000000017d78800 2771       3       sun.reflect.ByteVectorImpl::getLength (7 bytes)
Event: 42.719 Thread 0x0000000017d78800 nmethod 2771 0x00000000021c3fd0 code [0x00000000021c4120, 0x00000000021c4270]

GC Heap History (10 events):
Event: 39.078 GC heap before
{Heap before GC invocations=57 (full 3):
 PSYoungGen      total 280576K, used 265901K [0x00000000e0400000, 0x00000000f1f00000, 0x0000000100000000)
  eden space 270848K, 97% used [0x00000000e0400000,0x00000000f06fb6b0,0x00000000f0c80000)
  from space 9728K, 7% used [0x00000000f0c80000,0x00000000f0d30000,0x00000000f1600000)
  to   space 9216K, 0% used [0x00000000f1600000,0x00000000f1600000,0x00000000f1f00000)
 ParOldGen       total 228864K, used 156077K [0x00000000a0c00000, 0x00000000aeb80000, 0x00000000e0400000)
  object space 228864K, 68% used [0x00000000a0c00000,0x00000000aa46b798,0x00000000aeb80000)
 Metaspace       used 18700K, capacity 18953K, committed 19072K, reserved 1067008K
  class space    used 1773K, capacity 1825K, committed 1920K, reserved 1048576K
Event: 39.080 GC heap after
Heap after GC invocations=57 (full 3):
 PSYoungGen      total 279552K, used 224K [0x00000000e0400000, 0x00000000f1e00000, 0x0000000100000000)
  eden space 271360K, 0% used [0x00000000e0400000,0x00000000e0400000,0x00000000f0d00000)
  from space 8192K, 2% used [0x00000000f1600000,0x00000000f1638000,0x00000000f1e00000)
  to   space 8704K, 0% used [0x00000000f0d00000,0x00000000f0d00000,0x00000000f1580000)
 ParOldGen       total 228864K, used 156654K [0x00000000a0c00000, 0x00000000aeb80000, 0x00000000e0400000)
  object space 228864K, 68% used [0x00000000a0c00000,0x00000000aa4fbbf8,0x00000000aeb80000)
 Metaspace       used 18700K, capacity 18953K, committed 19072K, reserved 1067008K
  class space    used 1773K, capacity 1825K, committed 1920K, reserved 1048576K
}
Event: 39.976 GC heap before
{Heap before GC invocations=58 (full 3):
 PSYoungGen      total 279552K, used 265432K [0x00000000e0400000, 0x00000000f1e00000, 0x0000000100000000)
  eden space 271360K, 97% used [0x00000000e0400000,0x00000000f06fe108,0x00000000f0d00000)
  from space 8192K, 2% used [0x00000000f1600000,0x00000000f1638000,0x00000000f1e00000)
  to   space 8704K, 0% used [0x00000000f0d00000,0x00000000f0d00000,0x00000000f1580000)
 ParOldGen       total 228864K, used 156654K [0x00000000a0c00000, 0x00000000aeb80000, 0x00000000e0400000)
  object space 228864K, 68% used [0x00000000a0c00000,0x00000000aa4fbbf8,0x00000000aeb80000)
 Metaspace       used 18700K, capacity 18953K, committed 19072K, reserved 1067008K
  class space    used 1773K, capacity 1825K, committed 1920K, reserved 1048576K
Event: 39.977 GC heap after
Heap after GC invocations=58 (full 3):
 PSYoungGen      total 280064K, used 224K [0x00000000e0400000, 0x00000000f1d80000, 0x0000000100000000)
  eden space 271360K, 0% used [0x00000000e0400000,0x00000000e0400000,0x00000000f0d00000)
  from space 8704K, 2% used [0x00000000f0d00000,0x00000000f0d38000,0x00000000f1580000)
  to   space 8192K, 0% used [0x00000000f1580000,0x00000000f1580000,0x00000000f1d80000)
 ParOldGen       total 228864K, used 156694K [0x00000000a0c00000, 0x00000000aeb80000, 0x00000000e0400000)
  object space 228864K, 68% used [0x00000000a0c00000,0x00000000aa505bf8,0x00000000aeb80000)
 Metaspace       used 18700K, capacity 18953K, committed 19072K, reserved 1067008K
  class space    used 1773K, capacity 1825K, committed 1920K, reserved 1048576K
}
Event: 40.877 GC heap before
{Heap before GC invocations=59 (full 3):
 PSYoungGen      total 280064K, used 265350K [0x00000000e0400000, 0x00000000f1d80000, 0x0000000100000000)
  eden space 271360K, 97% used [0x00000000e0400000,0x00000000f06e9ac8,0x00000000f0d00000)
  from space 8704K, 2% used [0x00000000f0d00000,0x00000000f0d38000,0x00000000f1580000)
  to   space 8192K, 0% used [0x00000000f1580000,0x00000000f1580000,0x00000000f1d80000)
 ParOldGen       total 228864K, used 156694K [0x00000000a0c00000, 0x00000000aeb80000, 0x00000000e0400000)
  object space 228864K, 68% used [0x00000000a0c00000,0x00000000aa505bf8,0x00000000aeb80000)
 Metaspace       used 18700K, capacity 18953K, committed 19072K, reserved 1067008K
  class space    used 1773K, capacity 1825K, committed 1920K, reserved 1048576K
Event: 40.879 GC heap after
Heap after GC invocations=59 (full 3):
 PSYoungGen      total 279040K, used 224K [0x00000000e0400000, 0x00000000f1c80000, 0x0000000100000000)
  eden space 271872K, 0% used [0x00000000e0400000,0x00000000e0400000,0x00000000f0d80000)
  from space 7168K, 3% used [0x00000000f1580000,0x00000000f15b8000,0x00000000f1c80000)
  to   space 7680K, 0% used [0x00000000f0d80000,0x00000000f0d80000,0x00000000f1500000)
 ParOldGen       total 228864K, used 156750K [0x00000000a0c00000, 0x00000000aeb80000, 0x00000000e0400000)
  object space 228864K, 68% used [0x00000000a0c00000,0x00000000aa513bf8,0x00000000aeb80000)
 Metaspace       used 18700K, capacity 18953K, committed 19072K, reserved 1067008K
  class space    used 1773K, capacity 1825K, committed 1920K, reserved 1048576K
}
Event: 41.775 GC heap before
{Heap before GC invocations=60 (full 3):
 PSYoungGen      total 279040K, used 265253K [0x00000000e0400000, 0x00000000f1c80000, 0x0000000100000000)
  eden space 271872K, 97% used [0x00000000e0400000,0x00000000f06d1560,0x00000000f0d80000)
  from space 7168K, 3% used [0x00000000f1580000,0x00000000f15b8000,0x00000000f1c80000)
  to   space 7680K, 0% used [0x00000000f0d80000,0x00000000f0d80000,0x00000000f1500000)
 ParOldGen       total 228864K, used 156750K [0x00000000a0c00000, 0x00000000aeb80000, 0x00000000e0400000)
  object space 228864K, 68% used [0x00000000a0c00000,0x00000000aa513bf8,0x00000000aeb80000)
 Metaspace       used 18700K, capacity 18953K, committed 19072K, reserved 1067008K
  class space    used 1773K, capacity 1825K, committed 1920K, reserved 1048576K
Event: 41.776 GC heap after
Heap after GC invocations=60 (full 3):
 PSYoungGen      total 279552K, used 224K [0x00000000e0400000, 0x00000000f1c00000, 0x0000000100000000)
  eden space 271872K, 0% used [0x00000000e0400000,0x00000000e0400000,0x00000000f0d80000)
  from space 7680K, 2% used [0x00000000f0d80000,0x00000000f0db8000,0x00000000f1500000)
  to   space 7168K, 0% used [0x00000000f1500000,0x00000000f1500000,0x00000000f1c00000)
 ParOldGen       total 228864K, used 156766K [0x00000000a0c00000, 0x00000000aeb80000, 0x00000000e0400000)
  object space 228864K, 68% used [0x00000000a0c00000,0x00000000aa517bf8,0x00000000aeb80000)
 Metaspace       used 18700K, capacity 18953K, committed 19072K, reserved 1067008K
  class space    used 1773K, capacity 1825K, committed 1920K, reserved 1048576K
}
Event: 42.676 GC heap before
{Heap before GC invocations=61 (full 3):
 PSYoungGen      total 279552K, used 265269K [0x00000000e0400000, 0x00000000f1c00000, 0x0000000100000000)
  eden space 271872K, 97% used [0x00000000e0400000,0x00000000f06d5480,0x00000000f0d80000)
  from space 7680K, 2% used [0x00000000f0d80000,0x00000000f0db8000,0x00000000f1500000)
  to   space 7168K, 0% used [0x00000000f1500000,0x00000000f1500000,0x00000000f1c00000)
 ParOldGen       total 228864K, used 156766K [0x00000000a0c00000, 0x00000000aeb80000, 0x00000000e0400000)
  object space 228864K, 68% used [0x00000000a0c00000,0x00000000aa517bf8,0x00000000aeb80000)
 Metaspace       used 18700K, capacity 18953K, committed 19072K, reserved 1067008K
  class space    used 1773K, capacity 1825K, committed 1920K, reserved 1048576K
Event: 42.678 GC heap after
Heap after GC invocations=61 (full 3):
 PSYoungGen      total 278528K, used 192K [0x00000000e0400000, 0x00000000f1b00000, 0x0000000100000000)
  eden space 272384K, 0% used [0x00000000e0400000,0x00000000e0400000,0x00000000f0e00000)
  from space 6144K, 3% used [0x00000000f1500000,0x00000000f1530000,0x00000000f1b00000)
  to   space 6656K, 0% used [0x00000000f0e00000,0x00000000f0e00000,0x00000000f1480000)
 ParOldGen       total 228864K, used 156814K [0x00000000a0c00000, 0x00000000aeb80000, 0x00000000e0400000)
  object space 228864K, 68% used [0x00000000a0c00000,0x00000000aa523bf8,0x00000000aeb80000)
 Metaspace       used 18700K, capacity 18953K, committed 19072K, reserved 1067008K
  class space    used 1773K, capacity 1825K, committed 1920K, reserved 1048576K
}

Deoptimization events (10 events):
Event: 25.302 Thread 0x0000000018fc4000 Uncommon trap: reason=class_check action=maybe_recompile pc=0x00000000022053e8 method=java.lang.String.equals(Ljava/lang/Object;)Z @ 8
Event: 25.302 Thread 0x0000000018fc4000 Uncommon trap: reason=class_check action=maybe_recompile pc=0x00000000022053e8 method=java.lang.String.equals(Ljava/lang/Object;)Z @ 8
Event: 25.302 Thread 0x0000000018fc4000 Uncommon trap: reason=class_check action=maybe_recompile pc=0x00000000022053e8 method=java.lang.String.equals(Ljava/lang/Object;)Z @ 8
Event: 25.302 Thread 0x0000000018fc4000 Uncommon trap: reason=class_check action=maybe_recompile pc=0x00000000022053e8 method=java.lang.String.equals(Ljava/lang/Object;)Z @ 8
Event: 25.356 Thread 0x0000000018fc4000 Uncommon trap: reason=unreached action=reinterpret pc=0x00000000027eaf40 method=processing.opengl.PGraphicsOpenGL$InGeometry.addVertex(FFFIFFFFFIFIIIFIZ)I @ 243
Event: 25.358 Thread 0x0000000018fc4000 Uncommon trap: reason=unreached action=reinterpret pc=0x0000000002861810 method=com.jogamp.common.util.IntObjectHashMap.get(I)Ljava/lang/Object; @ 19
Event: 25.419 Thread 0x0000000018fc4000 Uncommon trap: reason=speculate_class_check action=maybe_recompile pc=0x00000000028fccf8 method=com.jogamp.common.nio.Buffers.getDirectBufferByteOffset(Ljava/lang/Object;)I @ 31
Event: 25.419 Thread 0x0000000018fc4000 Uncommon trap: reason=speculate_class_check action=maybe_recompile pc=0x00000000028fccf8 method=com.jogamp.common.nio.Buffers.getDirectBufferByteOffset(Ljava/lang/Object;)I @ 31
Event: 25.452 Thread 0x0000000018fc4000 Uncommon trap: reason=speculate_class_check action=maybe_recompile pc=0x0000000002919d20 method=com.jogamp.common.nio.Buffers.getDirectBufferByteOffset(Ljava/lang/Object;)I @ 42
Event: 25.452 Thread 0x0000000018fc4000 Uncommon trap: reason=speculate_class_check action=maybe_recompile pc=0x0000000002919d20 method=com.jogamp.common.nio.Buffers.getDirectBufferByteOffset(Ljava/lang/Object;)I @ 42

Internal exceptions (10 events):
Event: 3.070 Thread 0x0000000018fc4000 Exception <a 'java/security/PrivilegedActionException'> (0x00000000e6504508) thrown at [D:\re\workspace\8-2-build-windows-amd64-cygwin\jdk8u25\1677\hotspot\src\share\vm\prims\jvm.cpp, line 1312]
Event: 3.070 Thread 0x0000000018fc4000 Exception <a 'java/security/PrivilegedActionException'> (0x00000000e6508d08) thrown at [D:\re\workspace\8-2-build-windows-amd64-cygwin\jdk8u25\1677\hotspot\src\share\vm\prims\jvm.cpp, line 1312]
Event: 3.070 Thread 0x0000000018fc4000 Exception <a 'java/security/PrivilegedActionException'> (0x00000000e650c440) thrown at [D:\re\workspace\8-2-build-windows-amd64-cygwin\jdk8u25\1677\hotspot\src\share\vm\prims\jvm.cpp, line 1312]
Event: 3.071 Thread 0x0000000018fc4000 Exception <a 'java/security/PrivilegedActionException'> (0x00000000e6510388) thrown at [D:\re\workspace\8-2-build-windows-amd64-cygwin\jdk8u25\1677\hotspot\src\share\vm\prims\jvm.cpp, line 1312]
Event: 3.071 Thread 0x0000000018fc4000 Exception <a 'java/security/PrivilegedActionException'> (0x00000000e6516298) thrown at [D:\re\workspace\8-2-build-windows-amd64-cygwin\jdk8u25\1677\hotspot\src\share\vm\prims\jvm.cpp, line 1312]
Event: 3.085 Thread 0x0000000018fc4000 Exception <a 'java/security/PrivilegedActionException'> (0x00000000e6efda10) thrown at [D:\re\workspace\8-2-build-windows-amd64-cygwin\jdk8u25\1677\hotspot\src\share\vm\prims\jvm.cpp, line 1312]
Event: 25.227 Thread 0x0000000018fc4000 Implicit null exception at 0x00000000026ac727 to 0x00000000026ac9dd
Event: 25.315 Thread 0x0000000018fc4000 Exception <a 'java/security/PrivilegedActionException'> (0x00000000ebef36f0) thrown at [D:\re\workspace\8-2-build-windows-amd64-cygwin\jdk8u25\1677\hotspot\src\share\vm\prims\jvm.cpp, line 1312]
Event: 25.322 Thread 0x0000000018fc4000 Exception <a 'java/security/PrivilegedActionException'> (0x00000000ebf003b8) thrown at [D:\re\workspace\8-2-build-windows-amd64-cygwin\jdk8u25\1677\hotspot\src\share\vm\prims\jvm.cpp, line 1312]
Event: 25.352 Thread 0x0000000018fc4000 Exception <a 'java/security/PrivilegedActionException'> (0x00000000ec89a550) thrown at [D:\re\workspace\8-2-build-windows-amd64-cygwin\jdk8u25\1677\hotspot\src\share\vm\prims\jvm.cpp, line 1312]

Events (10 events):
Event: 40.879 Thread 0x0000000017d72800 flushing nmethod 0x00000000021df510
Event: 41.591 Thread 0x0000000017d6e800 flushing nmethod 0x00000000022dc5d0
Event: 41.591 Thread 0x0000000017d6e800 flushing nmethod 0x00000000022fa8d0
Event: 41.775 Executing VM operation: ParallelGCFailedAllocation
Event: 41.776 Executing VM operation: ParallelGCFailedAllocation done
Event: 42.676 Executing VM operation: ParallelGCFailedAllocation
Event: 42.678 Executing VM operation: ParallelGCFailedAllocation done
Event: 42.718 loading class sun/reflect/BootstrapConstructorAccessorImpl
Event: 42.719 loading class sun/reflect/BootstrapConstructorAccessorImpl done
Event: 42.755 Thread 0x0000000019514000 Thread exited: 0x0000000019514000


Dynamic libraries:
0x00007ff745f80000 - 0x00007ff745fb4000 	C:\Program Files\Java\jre1.8.0_25\bin\javaw.exe
0x00007ffee8210000 - 0x00007ffee83bc000 	C:\WINDOWS\SYSTEM32\ntdll.dll
0x00007ffee60e0000 - 0x00007ffee621e000 	C:\WINDOWS\system32\KERNEL32.DLL
0x00007ffee54e0000 - 0x00007ffee55f5000 	C:\WINDOWS\system32\KERNELBASE.dll
0x00007ffee3ee0000 - 0x00007ffee3f6e000 	C:\WINDOWS\system32\apphelp.dll
0x00007ffecebf0000 - 0x00007ffecec43000 	C:\WINDOWS\AppPatch\AppPatch64\AcGenral.DLL
0x00007ffee6010000 - 0x00007ffee60ba000 	C:\WINDOWS\system32\msvcrt.dll
0x00007ffee5190000 - 0x00007ffee51be000 	C:\WINDOWS\SYSTEM32\SspiCli.dll
0x00007ffee5fb0000 - 0x00007ffee6004000 	C:\WINDOWS\system32\SHLWAPI.dll
0x00007ffee7fd0000 - 0x00007ffee8147000 	C:\WINDOWS\system32\USER32.dll
0x00007ffee5bc0000 - 0x00007ffee5d54000 	C:\WINDOWS\system32\ole32.dll
0x00007ffee66a0000 - 0x00007ffee7bb8000 	C:\WINDOWS\system32\SHELL32.dll
0x00007ffee48f0000 - 0x00007ffee4911000 	C:\WINDOWS\SYSTEM32\USERENV.dll
0x00007ffee5e20000 - 0x00007ffee5eca000 	C:\WINDOWS\system32\ADVAPI32.dll
0x00007ffed7630000 - 0x00007ffed764e000 	C:\WINDOWS\SYSTEM32\MPR.dll
0x00007ffee63f0000 - 0x00007ffee6531000 	C:\WINDOWS\system32\RPCRT4.dll
0x00007ffee5ed0000 - 0x00007ffee5f29000 	C:\WINDOWS\SYSTEM32\sechost.dll
0x00007ffee7db0000 - 0x00007ffee7fc1000 	C:\WINDOWS\SYSTEM32\combase.dll
0x00007ffee6540000 - 0x00007ffee6691000 	C:\WINDOWS\system32\GDI32.dll
0x00007ffee5360000 - 0x00007ffee5375000 	C:\WINDOWS\SYSTEM32\profapi.dll
0x00007ffee3700000 - 0x00007ffee37b2000 	C:\WINDOWS\SYSTEM32\SHCORE.dll
0x00007ffee5a40000 - 0x00007ffee5a76000 	C:\WINDOWS\system32\IMM32.DLL
0x00007ffee6220000 - 0x00007ffee6372000 	C:\WINDOWS\system32\MSCTF.dll
0x00007ffee2a70000 - 0x00007ffee2ceb000 	C:\WINDOWS\WinSxS\amd64_microsoft.windows.common-controls_6595b64144ccf1df_6.0.9600.17415_none_6240486fecbd8abb\COMCTL32.dll
0x00000000696c0000 - 0x0000000069792000 	C:\Program Files\Java\jre1.8.0_25\bin\msvcr100.dll
0x000000006a3b0000 - 0x000000006ac0a000 	C:\Program Files\Java\jre1.8.0_25\bin\server\jvm.dll
0x00007ffecd2f0000 - 0x00007ffecd2f9000 	C:\WINDOWS\SYSTEM32\WSOCK32.dll
0x00007ffed77f0000 - 0x00007ffed7812000 	C:\WINDOWS\SYSTEM32\WINMM.dll
0x00007ffee7da0000 - 0x00007ffee7da7000 	C:\WINDOWS\system32\PSAPI.DLL
0x00007ffee5a80000 - 0x00007ffee5ada000 	C:\WINDOWS\system32\WS2_32.dll
0x00007ffed75d0000 - 0x00007ffed75fa000 	C:\WINDOWS\SYSTEM32\WINMMBASE.dll
0x00007ffee60d0000 - 0x00007ffee60d9000 	C:\WINDOWS\system32\NSI.dll
0x00007ffee5840000 - 0x00007ffee588f000 	C:\WINDOWS\SYSTEM32\cfgmgr32.dll
0x00007ffee4150000 - 0x00007ffee4178000 	C:\WINDOWS\SYSTEM32\DEVOBJ.dll
0x000000006b5e0000 - 0x000000006b5ef000 	C:\Program Files\Java\jre1.8.0_25\bin\verify.dll
0x000000006b5b0000 - 0x000000006b5d8000 	C:\Program Files\Java\jre1.8.0_25\bin\java.dll
0x000000006b590000 - 0x000000006b5a6000 	C:\Program Files\Java\jre1.8.0_25\bin\zip.dll
0x0000000069520000 - 0x00000000696b8000 	C:\Program Files\Java\jre1.8.0_25\bin\awt.dll
0x00007ffee5ae0000 - 0x00007ffee5ba1000 	C:\WINDOWS\system32\OLEAUT32.dll
0x00007ffee3500000 - 0x00007ffee3521000 	C:\WINDOWS\system32\DWMAPI.DLL
0x00007ffee3fd0000 - 0x00007ffee40f9000 	C:\WINDOWS\system32\uxtheme.dll
0x00007ffee41a0000 - 0x00007ffee41ab000 	C:\WINDOWS\SYSTEM32\kernel.appcore.dll
0x00007ffee5230000 - 0x00007ffee523b000 	C:\WINDOWS\SYSTEM32\CRYPTBASE.dll
0x00007ffee51c0000 - 0x00007ffee5223000 	C:\WINDOWS\SYSTEM32\bcryptPrimitives.dll
0x00007ffedaca0000 - 0x00007ffedaec1000 	C:\WINDOWS\system32\d3d9.dll
0x00007ffee3010000 - 0x00007ffee301a000 	C:\WINDOWS\SYSTEM32\VERSION.dll
0x00007ffee2870000 - 0x00007ffee29bb000 	C:\WINDOWS\SYSTEM32\aticfx64.dll
0x00007ffec0180000 - 0x00007ffec01a1000 	C:\WINDOWS\SYSTEM32\atiu9p64.dll
0x00007ffebed60000 - 0x00007ffebf545000 	C:\WINDOWS\SYSTEM32\atiumd64.dll
0x000000006acf0000 - 0x000000006b4a7000 	C:\WINDOWS\SYSTEM32\atiumd6a.dll
0x00000000694d0000 - 0x0000000069517000 	C:\Program Files\Java\jre1.8.0_25\bin\fontmanager.dll
0x00007ffee4d60000 - 0x00007ffee4d80000 	C:\WINDOWS\SYSTEM32\CRYPTSP.dll
0x00007ffee47e0000 - 0x00007ffee4816000 	C:\WINDOWS\system32\rsaenh.dll
0x00007ffee4e80000 - 0x00007ffee4ea6000 	C:\WINDOWS\SYSTEM32\bcrypt.dll
0x000000006b570000 - 0x000000006b58a000 	C:\Program Files\Java\jre1.8.0_25\bin\net.dll
0x00007ffee4b20000 - 0x00007ffee4b79000 	C:\WINDOWS\system32\mswsock.dll
0x00007ffee1080000 - 0x00007ffee10aa000 	C:\WINDOWS\SYSTEM32\IPHLPAPI.DLL
0x00007ffee2670000 - 0x00007ffee267a000 	C:\WINDOWS\SYSTEM32\WINNSI.DLL
0x00007ffee0160000 - 0x00007ffee0176000 	C:\WINDOWS\SYSTEM32\dhcpcsvc6.DLL
0x00007ffee02b0000 - 0x00007ffee02ca000 	C:\WINDOWS\SYSTEM32\dhcpcsvc.DLL
0x000000006a390000 - 0x000000006a3a1000 	C:\Program Files\Java\jre1.8.0_25\bin\nio.dll
0x00000000637c0000 - 0x00000000637cd000 	S:\Users\Ben\AppData\Local\Temp\jogamp_0000\file_cache\jln4215390663863443369\jln2737797445523837132\gluegen-rt.dll
0x00000000694c0000 - 0x00000000694c7000 	C:\Program Files\Java\jre1.8.0_25\bin\jawt.dll
0x00000000006c0000 - 0x00000000006cd000 	S:\Users\Ben\AppData\Local\Temp\jogamp_0000\file_cache\jln4215390663863443369\jln2737797445523837132\nativewindow_awt.dll
0x000000006c100000 - 0x000000006c10f000 	S:\Users\Ben\AppData\Local\Temp\jogamp_0000\file_cache\jln4215390663863443369\jln2737797445523837132\nativewindow_win32.dll
0x00007ffeda9f0000 - 0x00007ffedab1b000 	C:\WINDOWS\SYSTEM32\OpenGL32.dll
0x00007ffedc550000 - 0x00007ffedc57e000 	C:\WINDOWS\SYSTEM32\GLU32.dll
0x00007ffecf530000 - 0x00007ffecf628000 	C:\WINDOWS\SYSTEM32\DDRAW.dll
0x00007ffee0d60000 - 0x00007ffee0d69000 	C:\WINDOWS\SYSTEM32\DCIMAN32.dll
0x0000000064500000 - 0x00000000645a2000 	S:\Users\Ben\AppData\Local\Temp\jogamp_0000\file_cache\jln4215390663863443369\jln2737797445523837132\jogl_desktop.dll
0x00007ffedc8d0000 - 0x00007ffedc8e8000 	C:\WINDOWS\SYSTEM32\atig6pxx.dll
0x0000000067910000 - 0x00000000694bf000 	C:\WINDOWS\SYSTEM32\atio6axx.dll
0x00007ffee7bc0000 - 0x00007ffee7d9a000 	C:\WINDOWS\system32\SETUPAPI.dll
0x00007ffee10e0000 - 0x00007ffee1217000 	C:\WINDOWS\SYSTEM32\atiadlxx.dll
0x00007ffee16b0000 - 0x00007ffee182f000 	C:\WINDOWS\SYSTEM32\PROPSYS.dll
0x00007ffee3f70000 - 0x00007ffee3f82000 	C:\WINDOWS\SYSTEM32\WTSAPI32.dll
0x00007ffee57e0000 - 0x00007ffee5831000 	C:\WINDOWS\system32\WINTRUST.dll
0x00007ffee5600000 - 0x00007ffee57df000 	C:\WINDOWS\system32\CRYPT32.dll
0x00007ffee5410000 - 0x00007ffee5421000 	C:\WINDOWS\system32\MSASN1.dll
0x00007ffeda9c0000 - 0x00007ffeda9e9000 	C:\WINDOWS\SYSTEM32\atig6txx.dll
0x00007ffecea00000 - 0x00007ffeceb9c000 	O:\OneDrive\Workspace\ZZavatar\lib\user\KinectPV2\Kinect20.Face.dll
0x00007ffed76f0000 - 0x00007ffed7797000 	C:\WINDOWS\SYSTEM32\MSVCP110.dll
0x00007ffeddd70000 - 0x00007ffedde3e000 	C:\WINDOWS\SYSTEM32\MSVCR110.dll
0x00007ffedc7f0000 - 0x00007ffedc800000 	O:\OneDrive\Workspace\ZZavatar\lib\user\KinectPV2\KinectPV2.dll
0x00007ffeda070000 - 0x00007ffeda12a000 	C:\WINDOWS\SYSTEM32\Kinect20.dll
0x00007ffed7820000 - 0x00007ffed790b000 	C:\WINDOWS\SYSTEM32\MFPlat.DLL
0x00007ffed7650000 - 0x00007ffed7677000 	C:\WINDOWS\SYSTEM32\RTWorkQ.DLL
0x00007ffee3130000 - 0x00007ffee313c000 	C:\WINDOWS\SYSTEM32\AVRT.dll
0x00000000678c0000 - 0x0000000067901000 	C:\Program Files\Java\jre1.8.0_25\bin\t2k.dll
0x00007ffebeae0000 - 0x00007ffebec6a000 	C:\WINDOWS\SYSTEM32\dbghelp.dll

VM Arguments:
jvm_args: -Djava.library.path=O:\OneDrive\Workspace\ZZavatar\lib\base\video;O:\OneDrive\Workspace\ZZavatar\lib\base\video;O:\OneDrive\Workspace\ZZavatar\lib\base\video;O:\OneDrive\Workspace\ZZavatar\lib\base\core;O:\OneDrive\Workspace\ZZavatar\lib\base\core;O:\OneDrive\Workspace\ZZavatar\lib\base\core;O:\OneDrive\Workspace\ZZavatar\lib\base\core;O:\OneDrive\Workspace\ZZavatar\lib\base\core;O:\OneDrive\Workspace\ZZavatar\lib\base\core;O:\OneDrive\Workspace\ZZavatar\lib\base\core;O:\OneDrive\Workspace\ZZavatar\lib\base\core;O:\OneDrive\Workspace\ZZavatar\lib\base\core;O:\OneDrive\Workspace\ZZavatar\lib\base\core;O:\OneDrive\Workspace\ZZavatar\lib\base\core;O:\OneDrive\Workspace\ZZavatar\lib\base\core;O:\OneDrive\Workspace\ZZavatar\lib\base\core;O:\OneDrive\Workspace\ZZavatar\lib\base\core;O:\OneDrive\Workspace\ZZavatar\lib\base\core;O:\OneDrive\Workspace\ZZavatar\lib\user\Kinect4WinSDK;O:\OneDrive\Workspace\ZZavatar\lib\user\KinectPV2;O:\OneDrive\Workspace\ZZavatar\lib\user\SimpleOpenNI -Dfile.encoding=Cp1252 
java_command: zzavatar.ZZavatar
java_class_path (initial): O:\OneDrive\Workspace\ZZavatar\lib\base\video\gstreamer-java.jar;O:\OneDrive\Workspace\ZZavatar\lib\base\video\jna.jar;O:\OneDrive\Workspace\ZZavatar\lib\base\video\video.jar;O:\OneDrive\Workspace\ZZavatar\lib\base\core\core.jar;O:\OneDrive\Workspace\ZZavatar\lib\base\core\gluegen-rt-natives-linux-amd64.jar;O:\OneDrive\Workspace\ZZavatar\lib\base\core\gluegen-rt-natives-linux-armv6hf.jar;O:\OneDrive\Workspace\ZZavatar\lib\base\core\gluegen-rt-natives-linux-i586.jar;O:\OneDrive\Workspace\ZZavatar\lib\base\core\gluegen-rt-natives-macosx-universal.jar;O:\OneDrive\Workspace\ZZavatar\lib\base\core\gluegen-rt-natives-windows-amd64.jar;O:\OneDrive\Workspace\ZZavatar\lib\base\core\gluegen-rt-natives-windows-i586.jar;O:\OneDrive\Workspace\ZZavatar\lib\base\core\gluegen-rt.jar;O:\OneDrive\Workspace\ZZavatar\lib\base\core\jogl-all-natives-linux-amd64.jar;O:\OneDrive\Workspace\ZZavatar\lib\base\core\jogl-all-natives-linux-armv6hf.jar;O:\OneDrive\Workspace\ZZavatar\lib\base\core\jogl-all-natives-linux-i586.jar;O:\OneDrive\Workspace\ZZavatar\lib\base\core\jogl-all-natives-macosx-universal.jar;O:\OneDrive\Workspace\ZZavatar\lib\base\core\jogl-all-natives-windows-amd64.jar;O:\OneDrive\Workspace\ZZavatar\lib\base\core\jogl-all-natives-windows-i586.jar;O:\OneDrive\Workspace\ZZavatar\lib\base\core\jogl-all.jar;O:\OneDrive\Workspace\ZZavatar\lib\user\Kinect4WinSDK\Kinect4WinSDK.jar;O:\OneDrive\Workspace\ZZavatar\lib\user\KinectPV2\KinectPV2.jar;O:\OneDrive\Workspace\ZZavatar\lib\user\SimpleOpenNI\SimpleOpenNI.jar;O:\OneDrive\Workspace\ZZavatar\bin
Launcher Type: SUN_STANDARD

Environment Variables:
JAVA_HOME=C:\Program Files\Java\jdk1.8.0_25
PATH=C:/Program Files/Java/jre1.8.0_25/bin/server;C:/Program Files/Java/jre1.8.0_25/bin;C:/Program Files/Java/jre1.8.0_25/lib/amd64;C:\Program Files (x86)\NVIDIA Corporation\PhysX\Common;C:\ProgramData\Oracle\Java\javapath;C:\Program Files (x86)\Common Files\Intel\Shared Libraries\redist\intel64\compiler;C:\Program Files (x86)\Common Files\Intel\Shared Libraries\redist\ia32\compiler;C:\Program Files (x86)\Intel\iCLS Client\;C:\Program Files\Intel\iCLS Client\;C:\Program Files (x86)\AMD APP\bin\x86_64;C:\Program Files (x86)\AMD APP\bin\x86;C:\WINDOWS\system32;C:\WINDOWS;C:\WINDOWS\System32\Wbem;C:\WINDOWS\System32\WindowsPowerShell\v1.0\;C:\Program Files (x86)\ATI Technologies\ATI.ACE\Core-Static;C:\Program Files\Intel\Intel(R) Management Engine Components\DAL;C:\Program Files\Intel\Intel(R) Management Engine Components\IPT;C:\Program Files (x86)\Intel\Intel(R) Management Engine Components\DAL;C:\Program Files (x86)\Intel\Intel(R) Management Engine Components\IPT;C:\Program Files\Sony\VAIO Improvement\;C:\Program Files (x86)\Sony\VAIO Startup Setting Tool;C:\Program Files (x86)\Windows Kits\8.1\Windows Performance Toolkit\;C:\Program Files\Microsoft SQL Server\110\Tools\Binn\;C:\Program Files (x86)\Microsoft SDKs\TypeScript\1.0\;C:\Program Files\Microsoft\Web Platform Installer\;C:\Program Files (x86)\Java\jre1.8.0_25\bin;P:\Programs\Python27\Scripts;P:\Programs\Python27;C:\Program Files\Common Files\Autodesk Shared\;P:\Program Files\Programs;P:\Program Files\Games;P:\Programs\Eclipse;
USERNAME=Benoît
OS=Windows_NT
PROCESSOR_IDENTIFIER=Intel64 Family 6 Model 58 Stepping 9, GenuineIntel



---------------  S Y S T E M  ---------------

OS: Windows 8.1 , 64 bit Build 9600 

CPU:total 8 (4 cores per cpu, 2 threads per core) family 6 model 58 stepping 9, cmov, cx8, fxsr, mmx, sse, sse2, sse3, ssse3, sse4.1, sse4.2, popcnt, avx, aes, clmul, erms, ht, tsc, tscinvbit, tscinv

Memory: 4k page, physical 6237468k(1217056k free), swap 10431772k(2697772k free)

vm_info: Java HotSpot(TM) 64-Bit Server VM (25.25-b02) for windows-amd64 JRE (1.8.0_25-b18), built on Oct  7 2014 14:25:37 by "java_re" with MS VC++ 10.0 (VS2010)

time: Thu Apr 23 19:17:49 2015
elapsed time: 42 seconds (0d 0h 0m 42s)

