#
# A fatal error has been detected by the Java Runtime Environment:
#
#  EXCEPTION_ACCESS_VIOLATION (0xc0000005) at pc=0x00007ff980284129, pid=9076, tid=7668
#
# JRE version: Java(TM) SE Runtime Environment (8.0_25-b18) (build 1.8.0_25-b18)
# Java VM: Java HotSpot(TM) 64-Bit Server VM (25.25-b02 mixed mode windows-amd64 compressed oops)
# Problematic frame:
# C  [KinectPV2.dll+0x4129]
#
# Failed to write core dump. Minidumps are not enabled by default on client versions of Windows
#
# If you would like to submit a bug report, please visit:
#   http://bugreport.sun.com/bugreport/crash.jsp
# The crash happened outside the Java Virtual Machine in native code.
# See problematic frame for where to report the bug.
#

---------------  T H R E A D  ---------------

Current thread (0x0000000019542000):  JavaThread "Animation Thread" [_thread_in_native, id=7668, stack(0x000000001c5c0000,0x000000001c6c0000)]

siginfo: ExceptionCode=0xc0000005, reading address 0xffffffffffffffff

Registers:
RAX=0x6361467265746e49, RBX=0x000000002e428040, RCX=0x000000001f6bf540, RDX=0x0000000000000000
RSP=0x000000001c6be580, RBP=0x0000000000000005, RSI=0x0000000000000000, RDI=0x000000001f458050
R8 =0x000000001c6be248, R9 =0x0000000000008000, R10=0x0000000000000000, R11=0x000000001c6be480
R12=0x0000000000000000, R13=0x000000001f94e1a8, R14=0x0000000000000000, R15=0x0000000019542000
RIP=0x00007ff980284129, EFLAGS=0x0000000000010202

Top of Stack: (sp=0x000000001c6be580)
0x000000001c6be580:   000000001f458018 000000001fce65a8
0x000000001c6be590:   000000001f458018 0000000000000000
0x000000001c6be5a0:   000000001c6be670 00007ff980281fba
0x000000001c6be5b0:   000000001c6be670 000000001c6be650
0x000000001c6be5c0:   00000000195421e8 00000000194b7dc0
0x000000001c6be5d0:   00000000a3af3ba0 00000000024a5b74
0x000000001c6be5e0:   000000001f94e1a8 0000000000000021
0x000000001c6be5f0:   0000000000000021 0000000019542000
0x000000001c6be600:   000000001c6be6c8 00000000024a58a2
0x000000001c6be610:   000000001c6be610 000000001f94e1a8
0x000000001c6be620:   000000001c6be670 000000001f94f138
0x000000001c6be630:   0000000000000000 000000001f94e1a8
0x000000001c6be640:   0000000000000000 000000001c6be670
0x000000001c6be650:   000000001c6be6b8 0000000002497a2d
0x000000001c6be660:   0000000000000000 000000000249f6b8
0x000000001c6be670:   00000000a3840d20 000000001c6be678 

Instructions: (pc=0x00007ff980284129)
0x00007ff980284109:   00 00 48 85 c9 74 0d 48 8b 01 ff 50 10 4c 89 b7
0x00007ff980284119:   90 00 00 00 48 8b 4f 30 48 85 c9 74 0a 48 8b 01
0x00007ff980284129:   ff 50 10 4c 89 77 30 48 8b 4f 60 48 85 c9 74 0a
0x00007ff980284139:   48 8b 01 ff 50 10 4c 89 77 60 48 83 c7 08 48 ff 


Register to memory mapping:

RAX=0x6361467265746e49 is an unknown value
RBX=0x000000002e428040 is an unknown value
RCX=0x000000001f6bf540 is an unknown value
RDX=0x0000000000000000 is an unknown value
RSP=0x000000001c6be580 is pointing into the stack for thread: 0x0000000019542000
RBP=0x0000000000000005 is an unknown value
RSI=0x0000000000000000 is an unknown value
RDI=0x000000001f458050 is an unknown value
R8 =0x000000001c6be248 is pointing into the stack for thread: 0x0000000019542000
R9 =0x0000000000008000 is an unknown value
R10=0x0000000000000000 is an unknown value
R11=0x000000001c6be480 is pointing into the stack for thread: 0x0000000019542000
R12=0x0000000000000000 is an unknown value
R13={method} {0x000000001f94e1b0} 'jniStopDevice' '()V' in 'KinectPV2/Device'
R14=0x0000000000000000 is an unknown value
R15=0x0000000019542000 is a thread


Stack: [0x000000001c5c0000,0x000000001c6c0000],  sp=0x000000001c6be580,  free space=1017k
Native frames: (J=compiled Java code, j=interpreted, Vv=VM code, C=native code)
C  [KinectPV2.dll+0x4129]
C  [KinectPV2.dll+0x1fba]
C  0x00000000024a5b74

Java frames: (J=compiled Java code, j=interpreted, Vv=VM code)
j  KinectPV2.Device.jniStopDevice()V+0
j  KinectPV2.Device.stopDevice()V+41
j  KinectPV2.KinectPV2.dispose()V+14
v  ~StubRoutines::call_stub
j  sun.reflect.NativeMethodAccessorImpl.invoke0(Ljava/lang/reflect/Method;Ljava/lang/Object;[Ljava/lang/Object;)Ljava/lang/Object;+0
j  sun.reflect.NativeMethodAccessorImpl.invoke(Ljava/lang/Object;[Ljava/lang/Object;)Ljava/lang/Object;+100
J 2117 C1 sun.reflect.DelegatingMethodAccessorImpl.invoke(Ljava/lang/Object;[Ljava/lang/Object;)Ljava/lang/Object; (10 bytes) @ 0x0000000002c6bdc4 [0x0000000002c6bcc0+0x104]
J 2116 C1 java.lang.reflect.Method.invoke(Ljava/lang/Object;[Ljava/lang/Object;)Ljava/lang/Object; (62 bytes) @ 0x0000000002c4e924 [0x0000000002c4e540+0x3e4]
j  processing.core.PApplet$RegisteredMethods.handle([Ljava/lang/Object;)V+18
J 1916 C1 processing.core.PApplet.handleMethods(Ljava/lang/String;)V (21 bytes) @ 0x0000000002ba56dc [0x0000000002ba5420+0x2bc]
j  processing.core.PApplet.dispose()V+35
j  processing.core.PApplet.run()V+283
j  java.lang.Thread.run()V+11
v  ~StubRoutines::call_stub

---------------  P R O C E S S  ---------------

Java Threads: ( => current thread )
  0x000000001982c800 JavaThread "Animation Thread-SharedResourceRunner" daemon [_thread_blocked, id=4352, stack(0x000000001e890000,0x000000001e990000)]
  0x000000000237e800 JavaThread "DestroyJavaVM" [_thread_blocked, id=6180, stack(0x00000000021d0000,0x00000000022d0000)]
  0x0000000019543800 JavaThread "D3D Screen Updater" daemon [_thread_blocked, id=8440, stack(0x000000001c8c0000,0x000000001c9c0000)]
=>0x0000000019542000 JavaThread "Animation Thread" [_thread_in_native, id=7668, stack(0x000000001c5c0000,0x000000001c6c0000)]
  0x00000000194ae800 JavaThread "AWT-EventQueue-0" [_thread_blocked, id=8536, stack(0x000000001c3c0000,0x000000001c4c0000)]
  0x00000000185ad800 JavaThread "AWT-Windows" daemon [_thread_in_native, id=8788, stack(0x0000000019d80000,0x0000000019e80000)]
  0x00000000185ad000 JavaThread "AWT-Shutdown" [_thread_blocked, id=4076, stack(0x0000000019c80000,0x0000000019d80000)]
  0x0000000019468000 JavaThread "Java2D Disposer" daemon [_thread_blocked, id=7320, stack(0x0000000019b80000,0x0000000019c80000)]
  0x000000001826a000 JavaThread "Service Thread" daemon [_thread_blocked, id=5300, stack(0x0000000018bb0000,0x0000000018cb0000)]
  0x00000000181e7800 JavaThread "C1 CompilerThread3" daemon [_thread_blocked, id=5064, stack(0x0000000018ab0000,0x0000000018bb0000)]
  0x00000000181e7000 JavaThread "C2 CompilerThread2" daemon [_thread_blocked, id=1084, stack(0x00000000189b0000,0x0000000018ab0000)]
  0x00000000181de800 JavaThread "C2 CompilerThread1" daemon [_thread_blocked, id=7124, stack(0x00000000188b0000,0x00000000189b0000)]
  0x00000000181d9800 JavaThread "C2 CompilerThread0" daemon [_thread_blocked, id=8924, stack(0x00000000187b0000,0x00000000188b0000)]
  0x00000000181d7000 JavaThread "Attach Listener" daemon [_thread_blocked, id=4084, stack(0x00000000186b0000,0x00000000187b0000)]
  0x00000000181d5800 JavaThread "Signal Dispatcher" daemon [_thread_blocked, id=6348, stack(0x00000000185b0000,0x00000000186b0000)]
  0x0000000002488800 JavaThread "Finalizer" daemon [_thread_blocked, id=7296, stack(0x00000000180b0000,0x00000000181b0000)]
  0x00000000161dc800 JavaThread "Reference Handler" daemon [_thread_blocked, id=7828, stack(0x0000000017fb0000,0x00000000180b0000)]

Other Threads:
  0x00000000161d8800 VMThread [stack: 0x0000000017eb0000,0x0000000017fb0000] [id=7836]
  0x000000001826c000 WatcherThread [stack: 0x0000000018cb0000,0x0000000018db0000] [id=8784]

VM state:not at safepoint (normal execution)

VM Mutex/Monitor currently owned by a thread: None

Heap:
 PSYoungGen      total 395776K, used 99791K [0x00000000e0400000, 0x00000000f9d00000, 0x0000000100000000)
  eden space 373760K, 26% used [0x00000000e0400000,0x00000000e6543fc0,0x00000000f7100000)
  from space 22016K, 0% used [0x00000000f7100000,0x00000000f7130000,0x00000000f8680000)
  to   space 20992K, 0% used [0x00000000f8880000,0x00000000f8880000,0x00000000f9d00000)
 ParOldGen       total 226304K, used 155309K [0x00000000a0c00000, 0x00000000ae900000, 0x00000000e0400000)
  object space 226304K, 68% used [0x00000000a0c00000,0x00000000aa3ab4c8,0x00000000ae900000)
 Metaspace       used 17962K, capacity 18121K, committed 18176K, reserved 1064960K
  class space    used 1723K, capacity 1761K, committed 1792K, reserved 1048576K

Card table byte_map: [0x0000000011850000,0x0000000011b50000] byte_map_base: 0x000000001134a000

Marking Bits: (ParMarkBitMap*) 0x00000000772bd490
 Begin Bits: [0x0000000012550000, 0x0000000013d20000)
 End Bits:   [0x0000000013d20000, 0x00000000154f0000)

Polling page: 0x0000000000a80000

CodeCache: size=245760Kb used=8895Kb max_used=8906Kb free=236864Kb
 bounds [0x0000000002490000, 0x0000000002d50000, 0x0000000011490000]
 total_blobs=3219 nmethods=2348 adapters=785
 compilation: enabled

Compilation events (10 events):
Event: 16.207 Thread 0x00000000181e7800 2351       3       javax.media.opengl.awt.GLCanvas::display (68 bytes)
Event: 16.207 Thread 0x00000000181e7800 nmethod 2351 0x0000000002d44490 code [0x0000000002d44660, 0x0000000002d44cc8]
Event: 16.207 Thread 0x00000000181e7800 2352       3       jogamp.opengl.awt.AWTThreadingPlugin::invokeOnOpenGLThread (118 bytes)
Event: 16.208 Thread 0x00000000181e7800 nmethod 2352 0x0000000002d44f10 code [0x0000000002d451c0, 0x0000000002d46308]
Event: 16.208 Thread 0x00000000181e7800 2353       3       jogamp.opengl.GLDrawableImpl::destroyHandle (1 bytes)
Event: 16.209 Thread 0x00000000181e7800 nmethod 2353 0x0000000002d46b10 code [0x0000000002d46c60, 0x0000000002d46db0]
Event: 16.209 Thread 0x00000000181e7800 2350       3       java.util.concurrent.locks.AbstractQueuedSynchronizer::tryAcquireSharedNanos (37 bytes)
Event: 16.209 Thread 0x00000000181e7800 nmethod 2350 0x0000000002d46e50 code [0x0000000002d47000, 0x0000000002d47478]
Event: 16.307 Thread 0x00000000181e7000 2354       4       processing.opengl.PGL::activeTexture (15 bytes)
Event: 16.311 Thread 0x00000000181e7000 nmethod 2354 0x0000000002d4a490 code [0x0000000002d4a620, 0x0000000002d4a888]

GC Heap History (10 events):
Event: 14.959 GC heap before
{Heap before GC invocations=36 (full 3):
 PSYoungGen      total 392704K, used 375332K [0x00000000e0400000, 0x00000000f9d80000, 0x0000000100000000)
  eden space 367104K, 100% used [0x00000000e0400000,0x00000000f6a80000,0x00000000f6a80000)
  from space 25600K, 32% used [0x00000000f8480000,0x00000000f8c89010,0x00000000f9d80000)
  to   space 26112K, 0% used [0x00000000f6a80000,0x00000000f6a80000,0x00000000f8400000)
 ParOldGen       total 226304K, used 155253K [0x00000000a0c00000, 0x00000000ae900000, 0x00000000e0400000)
  object space 226304K, 68% used [0x00000000a0c00000,0x00000000aa39d4c8,0x00000000ae900000)
 Metaspace       used 17857K, capacity 18057K, committed 18176K, reserved 1064960K
  class space    used 1711K, capacity 1761K, committed 1792K, reserved 1048576K
Event: 14.960 GC heap after
Heap after GC invocations=36 (full 3):
 PSYoungGen      total 393216K, used 224K [0x00000000e0400000, 0x00000000f9f00000, 0x0000000100000000)
  eden space 367104K, 0% used [0x00000000e0400000,0x00000000e0400000,0x00000000f6a80000)
  from space 26112K, 0% used [0x00000000f6a80000,0x00000000f6ab8000,0x00000000f8400000)
  to   space 25088K, 0% used [0x00000000f8680000,0x00000000f8680000,0x00000000f9f00000)
 ParOldGen       total 226304K, used 155269K [0x00000000a0c00000, 0x00000000ae900000, 0x00000000e0400000)
  object space 226304K, 68% used [0x00000000a0c00000,0x00000000aa3a14c8,0x00000000ae900000)
 Metaspace       used 17857K, capacity 18057K, committed 18176K, reserved 1064960K
  class space    used 1711K, capacity 1761K, committed 1792K, reserved 1048576K
}
Event: 15.523 GC heap before
{Heap before GC invocations=37 (full 3):
 PSYoungGen      total 393216K, used 366480K [0x00000000e0400000, 0x00000000f9f00000, 0x0000000100000000)
  eden space 367104K, 99% used [0x00000000e0400000,0x00000000f69ac190,0x00000000f6a80000)
  from space 26112K, 0% used [0x00000000f6a80000,0x00000000f6ab8000,0x00000000f8400000)
  to   space 25088K, 0% used [0x00000000f8680000,0x00000000f8680000,0x00000000f9f00000)
 ParOldGen       total 226304K, used 155269K [0x00000000a0c00000, 0x00000000ae900000, 0x00000000e0400000)
  object space 226304K, 68% used [0x00000000a0c00000,0x00000000aa3a14c8,0x00000000ae900000)
 Metaspace       used 17857K, capacity 18057K, committed 18176K, reserved 1064960K
  class space    used 1711K, capacity 1761K, committed 1792K, reserved 1048576K
Event: 15.526 GC heap after
Heap after GC invocations=37 (full 3):
 PSYoungGen      total 394752K, used 8260K [0x00000000e0400000, 0x00000000f9e00000, 0x0000000100000000)
  eden space 370688K, 0% used [0x00000000e0400000,0x00000000e0400000,0x00000000f6e00000)
  from space 24064K, 34% used [0x00000000f8680000,0x00000000f8e91010,0x00000000f9e00000)
  to   space 24576K, 0% used [0x00000000f6e00000,0x00000000f6e00000,0x00000000f8600000)
 ParOldGen       total 226304K, used 155277K [0x00000000a0c00000, 0x00000000ae900000, 0x00000000e0400000)
  object space 226304K, 68% used [0x00000000a0c00000,0x00000000aa3a34c8,0x00000000ae900000)
 Metaspace       used 17857K, capacity 18057K, committed 18176K, reserved 1064960K
  class space    used 1711K, capacity 1761K, committed 1792K, reserved 1048576K
}
Event: 16.118 GC heap before
{Heap before GC invocations=38 (full 3):
 PSYoungGen      total 394752K, used 378948K [0x00000000e0400000, 0x00000000f9e00000, 0x0000000100000000)
  eden space 370688K, 100% used [0x00000000e0400000,0x00000000f6e00000,0x00000000f6e00000)
  from space 24064K, 34% used [0x00000000f8680000,0x00000000f8e91010,0x00000000f9e00000)
  to   space 24576K, 0% used [0x00000000f6e00000,0x00000000f6e00000,0x00000000f8600000)
 ParOldGen       total 226304K, used 155277K [0x00000000a0c00000, 0x00000000ae900000, 0x00000000e0400000)
  object space 226304K, 68% used [0x00000000a0c00000,0x00000000aa3a34c8,0x00000000ae900000)
 Metaspace       used 17909K, capacity 18121K, committed 18176K, reserved 1064960K
  class space    used 1711K, capacity 1761K, committed 1792K, reserved 1048576K
Event: 16.119 GC heap after
Heap after GC invocations=38 (full 3):
 PSYoungGen      total 395264K, used 128K [0x00000000e0400000, 0x00000000f9e80000, 0x0000000100000000)
  eden space 370688K, 0% used [0x00000000e0400000,0x00000000e0400000,0x00000000f6e00000)
  from space 24576K, 0% used [0x00000000f6e00000,0x00000000f6e20000,0x00000000f8600000)
  to   space 23040K, 0% used [0x00000000f8800000,0x00000000f8800000,0x00000000f9e80000)
 ParOldGen       total 226304K, used 155293K [0x00000000a0c00000, 0x00000000ae900000, 0x00000000e0400000)
  object space 226304K, 68% used [0x00000000a0c00000,0x00000000aa3a74c8,0x00000000ae900000)
 Metaspace       used 17909K, capacity 18121K, committed 18176K, reserved 1064960K
  class space    used 1711K, capacity 1761K, committed 1792K, reserved 1048576K
}
Event: 16.684 GC heap before
{Heap before GC invocations=39 (full 3):
 PSYoungGen      total 395264K, used 366415K [0x00000000e0400000, 0x00000000f9e80000, 0x0000000100000000)
  eden space 370688K, 98% used [0x00000000e0400000,0x00000000f69b3c50,0x00000000f6e00000)
  from space 24576K, 0% used [0x00000000f6e00000,0x00000000f6e20000,0x00000000f8600000)
  to   space 23040K, 0% used [0x00000000f8800000,0x00000000f8800000,0x00000000f9e80000)
 ParOldGen       total 226304K, used 155293K [0x00000000a0c00000, 0x00000000ae900000, 0x00000000e0400000)
  object space 226304K, 68% used [0x00000000a0c00000,0x00000000aa3a74c8,0x00000000ae900000)
 Metaspace       used 17926K, capacity 18121K, committed 18176K, reserved 1064960K
  class space    used 1711K, capacity 1761K, committed 1792K, reserved 1048576K
Event: 16.686 GC heap after
Heap after GC invocations=39 (full 3):
 PSYoungGen      total 394240K, used 96K [0x00000000e0400000, 0x00000000f9c00000, 0x0000000100000000)
  eden space 373760K, 0% used [0x00000000e0400000,0x00000000e0400000,0x00000000f7100000)
  from space 20480K, 0% used [0x00000000f8800000,0x00000000f8818000,0x00000000f9c00000)
  to   space 22016K, 0% used [0x00000000f7100000,0x00000000f7100000,0x00000000f8680000)
 ParOldGen       total 226304K, used 155309K [0x00000000a0c00000, 0x00000000ae900000, 0x00000000e0400000)
  object space 226304K, 68% used [0x00000000a0c00000,0x00000000aa3ab4c8,0x00000000ae900000)
 Metaspace       used 17926K, capacity 18121K, committed 18176K, reserved 1064960K
  class space    used 1711K, capacity 1761K, committed 1792K, reserved 1048576K
}
Event: 17.250 GC heap before
{Heap before GC invocations=40 (full 3):
 PSYoungGen      total 394240K, used 367146K [0x00000000e0400000, 0x00000000f9c00000, 0x0000000100000000)
  eden space 373760K, 98% used [0x00000000e0400000,0x00000000f6a729d0,0x00000000f7100000)
  from space 20480K, 0% used [0x00000000f8800000,0x00000000f8818000,0x00000000f9c00000)
  to   space 22016K, 0% used [0x00000000f7100000,0x00000000f7100000,0x00000000f8680000)
 ParOldGen       total 226304K, used 155309K [0x00000000a0c00000, 0x00000000ae900000, 0x00000000e0400000)
  object space 226304K, 68% used [0x00000000a0c00000,0x00000000aa3ab4c8,0x00000000ae900000)
 Metaspace       used 17926K, capacity 18121K, committed 18176K, reserved 1064960K
  class space    used 1711K, capacity 1761K, committed 1792K, reserved 1048576K
Event: 17.252 GC heap after
Heap after GC invocations=40 (full 3):
 PSYoungGen      total 395776K, used 192K [0x00000000e0400000, 0x00000000f9d00000, 0x0000000100000000)
  eden space 373760K, 0% used [0x00000000e0400000,0x00000000e0400000,0x00000000f7100000)
  from space 22016K, 0% used [0x00000000f7100000,0x00000000f7130000,0x00000000f8680000)
  to   space 20992K, 0% used [0x00000000f8880000,0x00000000f8880000,0x00000000f9d00000)
 ParOldGen       total 226304K, used 155309K [0x00000000a0c00000, 0x00000000ae900000, 0x00000000e0400000)
  object space 226304K, 68% used [0x00000000a0c00000,0x00000000aa3ab4c8,0x00000000ae900000)
 Metaspace       used 17926K, capacity 18121K, committed 18176K, reserved 1064960K
  class space    used 1711K, capacity 1761K, committed 1792K, reserved 1048576K
}

Deoptimization events (10 events):
Event: 13.982 Thread 0x00000000194ae800 Uncommon trap: reason=speculate_class_check action=maybe_recompile pc=0x0000000002cf57a4 method=com.jogamp.common.nio.Buffers.getDirectBufferByteOffset(Ljava/lang/Object;)I @ 22
Event: 13.982 Thread 0x00000000194ae800 Uncommon trap: reason=speculate_class_check action=maybe_recompile pc=0x0000000002cf57a4 method=com.jogamp.common.nio.Buffers.getDirectBufferByteOffset(Ljava/lang/Object;)I @ 22
Event: 13.982 Thread 0x00000000194ae800 Uncommon trap: reason=speculate_class_check action=maybe_recompile pc=0x0000000002cf57a4 method=com.jogamp.common.nio.Buffers.getDirectBufferByteOffset(Ljava/lang/Object;)I @ 22
Event: 13.992 Thread 0x00000000194ae800 Uncommon trap: reason=speculate_class_check action=maybe_recompile pc=0x0000000002cf57a4 method=com.jogamp.common.nio.Buffers.getDirectBufferByteOffset(Ljava/lang/Object;)I @ 22
Event: 14.241 Thread 0x00000000194ae800 Uncommon trap: reason=speculate_class_check action=maybe_recompile pc=0x0000000002cf8290 method=com.jogamp.common.nio.Buffers.getDirectBufferByteOffset(Ljava/lang/Object;)I @ 31
Event: 14.241 Thread 0x00000000194ae800 Uncommon trap: reason=speculate_class_check action=maybe_recompile pc=0x0000000002cf8290 method=com.jogamp.common.nio.Buffers.getDirectBufferByteOffset(Ljava/lang/Object;)I @ 31
Event: 14.474 Thread 0x00000000194ae800 Uncommon trap: reason=speculate_class_check action=maybe_recompile pc=0x0000000002cfd6ac method=com.jogamp.common.nio.Buffers.getDirectBufferByteOffset(Ljava/lang/Object;)I @ 42
Event: 14.483 Thread 0x00000000194ae800 Uncommon trap: reason=speculate_class_check action=maybe_recompile pc=0x0000000002cfd6ac method=com.jogamp.common.nio.Buffers.getDirectBufferByteOffset(Ljava/lang/Object;)I @ 42
Event: 14.707 Thread 0x00000000194ae800 Uncommon trap: reason=speculate_class_check action=maybe_recompile pc=0x0000000002d04e60 method=com.jogamp.common.nio.Buffers.getDirectBufferByteOffset(Ljava/lang/Object;)I @ 53
Event: 14.715 Thread 0x00000000194ae800 Uncommon trap: reason=speculate_class_check action=maybe_recompile pc=0x0000000002d04e60 method=com.jogamp.common.nio.Buffers.getDirectBufferByteOffset(Ljava/lang/Object;)I @ 53

Internal exceptions (10 events):
Event: 2.982 Thread 0x00000000194ae800 Exception <a 'java/security/PrivilegedActionException'> (0x00000000e235ebd8) thrown at [D:\re\workspace\8-2-build-windows-amd64-cygwin\jdk8u25\1677\hotspot\src\share\vm\prims\jvm.cpp, line 1312]
Event: 2.982 Thread 0x00000000194ae800 Exception <a 'java/security/PrivilegedActionException'> (0x00000000e2362a98) thrown at [D:\re\workspace\8-2-build-windows-amd64-cygwin\jdk8u25\1677\hotspot\src\share\vm\prims\jvm.cpp, line 1312]
Event: 2.982 Thread 0x00000000194ae800 Exception <a 'java/security/PrivilegedActionException'> (0x00000000e2366ea0) thrown at [D:\re\workspace\8-2-build-windows-amd64-cygwin\jdk8u25\1677\hotspot\src\share\vm\prims\jvm.cpp, line 1312]
Event: 2.983 Thread 0x00000000194ae800 Exception <a 'java/security/PrivilegedActionException'> (0x00000000e236b288) thrown at [D:\re\workspace\8-2-build-windows-amd64-cygwin\jdk8u25\1677\hotspot\src\share\vm\prims\jvm.cpp, line 1312]
Event: 2.983 Thread 0x00000000194ae800 Exception <a 'java/security/PrivilegedActionException'> (0x00000000e236ede0) thrown at [D:\re\workspace\8-2-build-windows-amd64-cygwin\jdk8u25\1677\hotspot\src\share\vm\prims\jvm.cpp, line 1312]
Event: 2.983 Thread 0x00000000194ae800 Exception <a 'java/security/PrivilegedActionException'> (0x00000000e23735e0) thrown at [D:\re\workspace\8-2-build-windows-amd64-cygwin\jdk8u25\1677\hotspot\src\share\vm\prims\jvm.cpp, line 1312]
Event: 2.983 Thread 0x00000000194ae800 Exception <a 'java/security/PrivilegedActionException'> (0x00000000e2376d18) thrown at [D:\re\workspace\8-2-build-windows-amd64-cygwin\jdk8u25\1677\hotspot\src\share\vm\prims\jvm.cpp, line 1312]
Event: 2.984 Thread 0x00000000194ae800 Exception <a 'java/security/PrivilegedActionException'> (0x00000000e237ac60) thrown at [D:\re\workspace\8-2-build-windows-amd64-cygwin\jdk8u25\1677\hotspot\src\share\vm\prims\jvm.cpp, line 1312]
Event: 2.984 Thread 0x00000000194ae800 Exception <a 'java/security/PrivilegedActionException'> (0x00000000e2380b70) thrown at [D:\re\workspace\8-2-build-windows-amd64-cygwin\jdk8u25\1677\hotspot\src\share\vm\prims\jvm.cpp, line 1312]
Event: 2.997 Thread 0x00000000194ae800 Exception <a 'java/security/PrivilegedActionException'> (0x00000000e2496768) thrown at [D:\re\workspace\8-2-build-windows-amd64-cygwin\jdk8u25\1677\hotspot\src\share\vm\prims\jvm.cpp, line 1312]

Events (10 events):
Event: 17.340 loading class javax/swing/JComponent$IntVector done
Event: 17.340 loading class javax/swing/KeyboardManager
Event: 17.341 loading class javax/swing/KeyboardManager done
Event: 17.341 loading class javax/swing/Popup$HeavyWeightWindow
Event: 17.341 loading class sun/awt/ModalExclude
Event: 17.341 loading class sun/awt/ModalExclude done
Event: 17.341 loading class javax/swing/JWindow
Event: 17.341 loading class javax/swing/JWindow done
Event: 17.341 loading class javax/swing/Popup$HeavyWeightWindow done
Event: 17.392 Thread 0x000000001d900800 Thread exited: 0x000000001d900800


Dynamic libraries:
0x00007ff669010000 - 0x00007ff669044000 	C:\Program Files\Java\jre1.8.0_25\bin\javaw.exe
0x00007ff98c320000 - 0x00007ff98c4cc000 	C:\WINDOWS\SYSTEM32\ntdll.dll
0x00007ff989d20000 - 0x00007ff989e5e000 	C:\WINDOWS\system32\KERNEL32.DLL
0x00007ff9897d0000 - 0x00007ff9898e5000 	C:\WINDOWS\system32\KERNELBASE.dll
0x00007ff987ff0000 - 0x00007ff98807e000 	C:\WINDOWS\system32\apphelp.dll
0x00007ff973750000 - 0x00007ff9737a3000 	C:\WINDOWS\AppPatch\AppPatch64\AcGenral.DLL
0x00007ff98a220000 - 0x00007ff98a2ca000 	C:\WINDOWS\system32\msvcrt.dll
0x00007ff9892a0000 - 0x00007ff9892ce000 	C:\WINDOWS\SYSTEM32\SspiCli.dll
0x00007ff98b980000 - 0x00007ff98b9d4000 	C:\WINDOWS\system32\SHLWAPI.dll
0x00007ff989f00000 - 0x00007ff98a077000 	C:\WINDOWS\system32\USER32.dll
0x00007ff98bb50000 - 0x00007ff98bce4000 	C:\WINDOWS\system32\ole32.dll
0x00007ff98a390000 - 0x00007ff98b8a8000 	C:\WINDOWS\system32\SHELL32.dll
0x00007ff988a10000 - 0x00007ff988a31000 	C:\WINDOWS\SYSTEM32\USERENV.dll
0x00007ff989c10000 - 0x00007ff989cba000 	C:\WINDOWS\system32\ADVAPI32.dll
0x00007ff97c880000 - 0x00007ff97c89e000 	C:\WINDOWS\SYSTEM32\MPR.dll
0x00007ff98b9e0000 - 0x00007ff98bb21000 	C:\WINDOWS\system32\RPCRT4.dll
0x00007ff9899a0000 - 0x00007ff9899f9000 	C:\WINDOWS\SYSTEM32\sechost.dll
0x00007ff98bed0000 - 0x00007ff98c0e1000 	C:\WINDOWS\SYSTEM32\combase.dll
0x00007ff98a0c0000 - 0x00007ff98a211000 	C:\WINDOWS\system32\GDI32.dll
0x00007ff989470000 - 0x00007ff989485000 	C:\WINDOWS\SYSTEM32\profapi.dll
0x00007ff987810000 - 0x00007ff9878c2000 	C:\WINDOWS\SYSTEM32\SHCORE.dll
0x00007ff98a080000 - 0x00007ff98a0b6000 	C:\WINDOWS\system32\IMM32.DLL
0x00007ff98c1c0000 - 0x00007ff98c312000 	C:\WINDOWS\system32\MSCTF.dll
0x00007ff986b90000 - 0x00007ff986e0b000 	C:\WINDOWS\WinSxS\amd64_microsoft.windows.common-controls_6595b64144ccf1df_6.0.9600.17415_none_6240486fecbd8abb\COMCTL32.dll
0x0000000075f50000 - 0x0000000076022000 	C:\Program Files\Java\jre1.8.0_25\bin\msvcr100.dll
0x0000000076ae0000 - 0x000000007733a000 	C:\Program Files\Java\jre1.8.0_25\bin\server\jvm.dll
0x00007ff9707d0000 - 0x00007ff9707d9000 	C:\WINDOWS\SYSTEM32\WSOCK32.dll
0x00007ff97ca00000 - 0x00007ff97ca22000 	C:\WINDOWS\SYSTEM32\WINMM.dll
0x00007ff989e80000 - 0x00007ff989e87000 	C:\WINDOWS\system32\PSAPI.DLL
0x00007ff989a00000 - 0x00007ff989a5a000 	C:\WINDOWS\system32\WS2_32.dll
0x00007ff97c8d0000 - 0x00007ff97c8fa000 	C:\WINDOWS\SYSTEM32\WINMMBASE.dll
0x00007ff98bb30000 - 0x00007ff98bb39000 	C:\WINDOWS\system32\NSI.dll
0x00007ff989950000 - 0x00007ff98999f000 	C:\WINDOWS\SYSTEM32\cfgmgr32.dll
0x00007ff988260000 - 0x00007ff988288000 	C:\WINDOWS\SYSTEM32\DEVOBJ.dll
0x0000000076ad0000 - 0x0000000076adf000 	C:\Program Files\Java\jre1.8.0_25\bin\verify.dll
0x0000000076aa0000 - 0x0000000076ac8000 	C:\Program Files\Java\jre1.8.0_25\bin\java.dll
0x0000000076a80000 - 0x0000000076a96000 	C:\Program Files\Java\jre1.8.0_25\bin\zip.dll
0x0000000075db0000 - 0x0000000075f48000 	C:\Program Files\Java\jre1.8.0_25\bin\awt.dll
0x00007ff98c0f0000 - 0x00007ff98c1b1000 	C:\WINDOWS\system32\OLEAUT32.dll
0x00007ff987610000 - 0x00007ff987631000 	C:\WINDOWS\system32\DWMAPI.DLL
0x00007ff988130000 - 0x00007ff988259000 	C:\WINDOWS\system32\uxtheme.dll
0x00007ff9882b0000 - 0x00007ff9882bb000 	C:\WINDOWS\SYSTEM32\kernel.appcore.dll
0x00007ff989340000 - 0x00007ff98934b000 	C:\WINDOWS\SYSTEM32\CRYPTBASE.dll
0x00007ff9892d0000 - 0x00007ff989333000 	C:\WINDOWS\SYSTEM32\bcryptPrimitives.dll
0x00007ff97e8c0000 - 0x00007ff97eae1000 	C:\WINDOWS\system32\d3d9.dll
0x00007ff987180000 - 0x00007ff98718a000 	C:\WINDOWS\SYSTEM32\VERSION.dll
0x00007ff986970000 - 0x00007ff986abb000 	C:\WINDOWS\SYSTEM32\aticfx64.dll
0x00007ff965270000 - 0x00007ff965291000 	C:\WINDOWS\SYSTEM32\atiu9p64.dll
0x00007ff964a80000 - 0x00007ff965265000 	C:\WINDOWS\SYSTEM32\atiumd64.dll
0x0000000076110000 - 0x00000000768c7000 	C:\WINDOWS\SYSTEM32\atiumd6a.dll
0x00000000769f0000 - 0x0000000076a37000 	C:\Program Files\Java\jre1.8.0_25\bin\fontmanager.dll
0x00007ff988ce0000 - 0x00007ff988d00000 	C:\WINDOWS\SYSTEM32\CRYPTSP.dll
0x00007ff988900000 - 0x00007ff988936000 	C:\WINDOWS\system32\rsaenh.dll
0x00007ff988f90000 - 0x00007ff988fb6000 	C:\WINDOWS\SYSTEM32\bcrypt.dll
0x0000000076a60000 - 0x0000000076a7a000 	C:\Program Files\Java\jre1.8.0_25\bin\net.dll
0x00007ff988c80000 - 0x00007ff988cd9000 	C:\WINDOWS\system32\mswsock.dll
0x00007ff9860b0000 - 0x00007ff9860da000 	C:\WINDOWS\SYSTEM32\IPHLPAPI.DLL
0x00007ff986050000 - 0x00007ff98605a000 	C:\WINDOWS\SYSTEM32\WINNSI.DLL
0x00007ff9841e0000 - 0x00007ff9841f6000 	C:\WINDOWS\SYSTEM32\dhcpcsvc6.DLL
0x00007ff984380000 - 0x00007ff98439a000 	C:\WINDOWS\SYSTEM32\dhcpcsvc.DLL
0x0000000076a40000 - 0x0000000076a51000 	C:\Program Files\Java\jre1.8.0_25\bin\nio.dll
0x00000000637c0000 - 0x00000000637cd000 	S:\Users\Ben\AppData\Local\Temp\jogamp_0000\file_cache\jln3392991102414379806\jln5805497398457228291\gluegen-rt.dll
0x00000000769e0000 - 0x00000000769e7000 	C:\Program Files\Java\jre1.8.0_25\bin\jawt.dll
0x000000006a440000 - 0x000000006a44d000 	S:\Users\Ben\AppData\Local\Temp\jogamp_0000\file_cache\jln3392991102414379806\jln5805497398457228291\nativewindow_awt.dll
0x000000006c100000 - 0x000000006c10f000 	S:\Users\Ben\AppData\Local\Temp\jogamp_0000\file_cache\jln3392991102414379806\jln5805497398457228291\nativewindow_win32.dll
0x00007ff960620000 - 0x00007ff96074b000 	C:\WINDOWS\SYSTEM32\OpenGL32.dll
0x00007ff97d7c0000 - 0x00007ff97d7ee000 	C:\WINDOWS\SYSTEM32\GLU32.dll
0x00007ff966bf0000 - 0x00007ff966ce8000 	C:\WINDOWS\SYSTEM32\DDRAW.dll
0x00007ff980290000 - 0x00007ff980299000 	C:\WINDOWS\SYSTEM32\DCIMAN32.dll
0x0000000064500000 - 0x00000000645a2000 	S:\Users\Ben\AppData\Local\Temp\jogamp_0000\file_cache\jln3392991102414379806\jln5805497398457228291\jogl_desktop.dll
0x00007ff97d720000 - 0x00007ff97d738000 	C:\WINDOWS\SYSTEM32\atig6pxx.dll
0x0000000074200000 - 0x0000000075daf000 	C:\WINDOWS\SYSTEM32\atio6axx.dll
0x00007ff98bcf0000 - 0x00007ff98beca000 	C:\WINDOWS\system32\SETUPAPI.dll
0x00007ff986120000 - 0x00007ff986257000 	C:\WINDOWS\SYSTEM32\atiadlxx.dll
0x00007ff986710000 - 0x00007ff98688f000 	C:\WINDOWS\SYSTEM32\PROPSYS.dll
0x00007ff988080000 - 0x00007ff988092000 	C:\WINDOWS\SYSTEM32\WTSAPI32.dll
0x00007ff9898f0000 - 0x00007ff989941000 	C:\WINDOWS\system32\WINTRUST.dll
0x00007ff989540000 - 0x00007ff98971f000 	C:\WINDOWS\system32\CRYPT32.dll
0x00007ff989520000 - 0x00007ff989531000 	C:\WINDOWS\system32\MSASN1.dll
0x00007ff973720000 - 0x00007ff973749000 	C:\WINDOWS\SYSTEM32\atig6txx.dll
0x00007ff95c1a0000 - 0x00007ff95c33c000 	O:\OneDrive\Workspace\ZZavatar\lib\user\KinectPV2\Kinect20.Face.dll
0x00007ff97c900000 - 0x00007ff97c9a7000 	C:\WINDOWS\SYSTEM32\MSVCP110.dll
0x00007ff981bc0000 - 0x00007ff981c8e000 	C:\WINDOWS\SYSTEM32\MSVCR110.dll
0x00007ff980280000 - 0x00007ff980290000 	O:\OneDrive\Workspace\ZZavatar\lib\user\KinectPV2\KinectPV2.dll
0x00007ff960560000 - 0x00007ff96061a000 	C:\WINDOWS\SYSTEM32\Kinect20.dll
0x00007ff97ca30000 - 0x00007ff97cb1b000 	C:\WINDOWS\SYSTEM32\MFPlat.DLL
0x00007ff97c8a0000 - 0x00007ff97c8c7000 	C:\WINDOWS\SYSTEM32\RTWorkQ.DLL
0x00007ff987050000 - 0x00007ff98705c000 	C:\WINDOWS\SYSTEM32\AVRT.dll
0x00007ff963e10000 - 0x00007ff963f9a000 	C:\WINDOWS\SYSTEM32\dbghelp.dll

VM Arguments:
jvm_args: -Djava.library.path=O:\OneDrive\Workspace\ZZavatar\lib\base\video;O:\OneDrive\Workspace\ZZavatar\lib\base\video;O:\OneDrive\Workspace\ZZavatar\lib\base\video;O:\OneDrive\Workspace\ZZavatar\lib\base\core;O:\OneDrive\Workspace\ZZavatar\lib\base\core;O:\OneDrive\Workspace\ZZavatar\lib\base\core;O:\OneDrive\Workspace\ZZavatar\lib\base\core;O:\OneDrive\Workspace\ZZavatar\lib\base\core;O:\OneDrive\Workspace\ZZavatar\lib\base\core;O:\OneDrive\Workspace\ZZavatar\lib\base\core;O:\OneDrive\Workspace\ZZavatar\lib\base\core;O:\OneDrive\Workspace\ZZavatar\lib\base\core;O:\OneDrive\Workspace\ZZavatar\lib\base\core;O:\OneDrive\Workspace\ZZavatar\lib\base\core;O:\OneDrive\Workspace\ZZavatar\lib\base\core;O:\OneDrive\Workspace\ZZavatar\lib\base\core;O:\OneDrive\Workspace\ZZavatar\lib\base\core;O:\OneDrive\Workspace\ZZavatar\lib\base\core;O:\OneDrive\Workspace\ZZavatar\lib\user\Kinect4WinSDK;O:\OneDrive\Workspace\ZZavatar\lib\user\KinectPV2;O:\OneDrive\Workspace\ZZavatar\lib\user\SimpleOpenNI -Dfile.encoding=Cp1252 
java_command: zzavatar.ZZavatar
java_class_path (initial): O:\OneDrive\Workspace\ZZavatar\lib\base\video\gstreamer-java.jar;O:\OneDrive\Workspace\ZZavatar\lib\base\video\jna.jar;O:\OneDrive\Workspace\ZZavatar\lib\base\video\video.jar;O:\OneDrive\Workspace\ZZavatar\lib\base\core\core.jar;O:\OneDrive\Workspace\ZZavatar\lib\base\core\gluegen-rt-natives-linux-amd64.jar;O:\OneDrive\Workspace\ZZavatar\lib\base\core\gluegen-rt-natives-linux-armv6hf.jar;O:\OneDrive\Workspace\ZZavatar\lib\base\core\gluegen-rt-natives-linux-i586.jar;O:\OneDrive\Workspace\ZZavatar\lib\base\core\gluegen-rt-natives-macosx-universal.jar;O:\OneDrive\Workspace\ZZavatar\lib\base\core\gluegen-rt-natives-windows-amd64.jar;O:\OneDrive\Workspace\ZZavatar\lib\base\core\gluegen-rt-natives-windows-i586.jar;O:\OneDrive\Workspace\ZZavatar\lib\base\core\gluegen-rt.jar;O:\OneDrive\Workspace\ZZavatar\lib\base\core\jogl-all-natives-linux-amd64.jar;O:\OneDrive\Workspace\ZZavatar\lib\base\core\jogl-all-natives-linux-armv6hf.jar;O:\OneDrive\Workspace\ZZavatar\lib\base\core\jogl-all-natives-linux-i586.jar;O:\OneDrive\Workspace\ZZavatar\lib\base\core\jogl-all-natives-macosx-universal.jar;O:\OneDrive\Workspace\ZZavatar\lib\base\core\jogl-all-natives-windows-amd64.jar;O:\OneDrive\Workspace\ZZavatar\lib\base\core\jogl-all-natives-windows-i586.jar;O:\OneDrive\Workspace\ZZavatar\lib\base\core\jogl-all.jar;O:\OneDrive\Workspace\ZZavatar\lib\user\Kinect4WinSDK\Kinect4WinSDK.jar;O:\OneDrive\Workspace\ZZavatar\lib\user\KinectPV2\KinectPV2.jar;O:\OneDrive\Workspace\ZZavatar\lib\user\SimpleOpenNI\SimpleOpenNI.jar;O:\OneDrive\Workspace\ZZavatar\bin
Launcher Type: SUN_STANDARD

Environment Variables:
JAVA_HOME=C:\Program Files\Java\jdk1.8.0_25
PATH=C:/Program Files/Java/jre1.8.0_25/bin/server;C:/Program Files/Java/jre1.8.0_25/bin;C:/Program Files/Java/jre1.8.0_25/lib/amd64;C:\Program Files (x86)\NVIDIA Corporation\PhysX\Common;C:\ProgramData\Oracle\Java\javapath;C:\Program Files (x86)\Common Files\Intel\Shared Libraries\redist\intel64\compiler;C:\Program Files (x86)\Common Files\Intel\Shared Libraries\redist\ia32\compiler;C:\Program Files (x86)\Intel\iCLS Client\;C:\Program Files\Intel\iCLS Client\;C:\Program Files (x86)\AMD APP\bin\x86_64;C:\Program Files (x86)\AMD APP\bin\x86;C:\WINDOWS\system32;C:\WINDOWS;C:\WINDOWS\System32\Wbem;C:\WINDOWS\System32\WindowsPowerShell\v1.0\;C:\Program Files (x86)\ATI Technologies\ATI.ACE\Core-Static;C:\Program Files\Intel\Intel(R) Management Engine Components\DAL;C:\Program Files\Intel\Intel(R) Management Engine Components\IPT;C:\Program Files (x86)\Intel\Intel(R) Management Engine Components\DAL;C:\Program Files (x86)\Intel\Intel(R) Management Engine Components\IPT;C:\Program Files\Sony\VAIO Improvement\;C:\Program Files (x86)\Sony\VAIO Startup Setting Tool;C:\Program Files (x86)\Windows Kits\8.1\Windows Performance Toolkit\;C:\Program Files\Microsoft SQL Server\110\Tools\Binn\;C:\Program Files (x86)\Microsoft SDKs\TypeScript\1.0\;C:\Program Files\Microsoft\Web Platform Installer\;C:\Program Files (x86)\Java\jre1.8.0_25\bin;P:\Programs\Python27\Scripts;P:\Programs\Python27;C:\Program Files\Common Files\Autodesk Shared\;P:\Program Files\Programs;P:\Program Files\Games;P:\Programs\Eclipse;
USERNAME=Benoît
OS=Windows_NT
PROCESSOR_IDENTIFIER=Intel64 Family 6 Model 58 Stepping 9, GenuineIntel



---------------  S Y S T E M  ---------------

OS: Windows 8.1 , 64 bit Build 9600 

CPU:total 8 (4 cores per cpu, 2 threads per core) family 6 model 58 stepping 9, cmov, cx8, fxsr, mmx, sse, sse2, sse3, ssse3, sse4.1, sse4.2, popcnt, avx, aes, clmul, erms, ht, tsc, tscinvbit, tscinv

Memory: 4k page, physical 6237468k(1415408k free), swap 10431772k(4388448k free)

vm_info: Java HotSpot(TM) 64-Bit Server VM (25.25-b02) for windows-amd64 JRE (1.8.0_25-b18), built on Oct  7 2014 14:25:37 by "java_re" with MS VC++ 10.0 (VS2010)

time: Fri Apr 24 16:59:29 2015
elapsed time: 17 seconds (0d 0h 0m 17s)

