#
# A fatal error has been detected by the Java Runtime Environment:
#
#  EXCEPTION_ACCESS_VIOLATION (0xc0000005) at pc=0x00007ffedc7f4110, pid=9568, tid=7152
#
# JRE version: Java(TM) SE Runtime Environment (8.0_25-b18) (build 1.8.0_25-b18)
# Java VM: Java HotSpot(TM) 64-Bit Server VM (25.25-b02 mixed mode windows-amd64 compressed oops)
# Problematic frame:
# C  [KinectPV2.dll+0x4110]
#
# Failed to write core dump. Minidumps are not enabled by default on client versions of Windows
#
# If you would like to submit a bug report, please visit:
#   http://bugreport.sun.com/bugreport/crash.jsp
# The crash happened outside the Java Virtual Machine in native code.
# See problematic frame for where to report the bug.
#

---------------  T H R E A D  ---------------

Current thread (0x0000000019de7800):  JavaThread "Animation Thread" [_thread_in_native, id=7152, stack(0x000000001cdd0000,0x000000001ced0000)]

siginfo: ExceptionCode=0xc0000005, reading address 0xffffffffffffffff

Registers:
RAX=0x0000000000000001, RBX=0x000000002e3d5040, RCX=0x0023f17309000009, RDX=0x0000000000000000
RSP=0x000000001cece900, RBP=0x0000000000000006, RSI=0x0000000000000000, RDI=0x000000001f2af4f8
R8 =0x000000001cece5c8, R9 =0x0000000000008000, R10=0x0000000000000000, R11=0x000000001cece800
R12=0x0000000000000000, R13=0x000000001f93d038, R14=0x0000000000000000, R15=0x0000000019de7800
RIP=0x00007ffedc7f4110, EFLAGS=0x0000000000010206

Top of Stack: (sp=0x000000001cece900)
0x000000001cece900:   000000001f2af4c8 000000001f3f3bb8
0x000000001cece910:   000000001f2af4c8 0000000000000000
0x000000001cece920:   000000001cece9f0 00007ffedc7f1fba
0x000000001cece930:   000000001cece9f0 000000001cece9d0
0x000000001cece940:   0000000019de79e8 0000000019d50ad0
0x000000001cece950:   00000000a3b4e428 0000000002d15b74
0x000000001cece960:   000000001f93d038 0000000000000021
0x000000001cece970:   0000000000000021 0000000019de7800
0x000000001cece980:   000000001cecea48 0000000002d158a2
0x000000001cece990:   000000001cece990 000000001f93d038
0x000000001cece9a0:   000000001cece9f0 000000001f93dfc8
0x000000001cece9b0:   0000000000000000 000000001f93d038
0x000000001cece9c0:   0000000000000000 000000001cece9f0
0x000000001cece9d0:   000000001cecea38 0000000002d07a2d
0x000000001cece9e0:   0000000000000000 0000000002d0f6b8
0x000000001cece9f0:   00000000a3877b68 000000001cece9f8 

Instructions: (pc=0x00007ffedc7f4110)
0x00007ffedc7f40f0:   89 77 d0 48 8b 0f 48 85 c9 74 09 48 8b 01 ff 50
0x00007ffedc7f4100:   10 4c 89 37 48 8b 8f 90 00 00 00 48 85 c9 74 0d
0x00007ffedc7f4110:   48 8b 01 ff 50 10 4c 89 b7 90 00 00 00 48 8b 4f
0x00007ffedc7f4120:   30 48 85 c9 74 0a 48 8b 01 ff 50 10 4c 89 77 30 


Register to memory mapping:

RAX=0x0000000000000001 is an unknown value
RBX=0x000000002e3d5040 is an unknown value
RCX=0x0023f17309000009 is an unknown value
RDX=0x0000000000000000 is an unknown value
RSP=0x000000001cece900 is pointing into the stack for thread: 0x0000000019de7800
RBP=0x0000000000000006 is an unknown value
RSI=0x0000000000000000 is an unknown value
RDI=0x000000001f2af4f8 is an unknown value
R8 =0x000000001cece5c8 is pointing into the stack for thread: 0x0000000019de7800
R9 =0x0000000000008000 is an unknown value
R10=0x0000000000000000 is an unknown value
R11=0x000000001cece800 is pointing into the stack for thread: 0x0000000019de7800
R12=0x0000000000000000 is an unknown value
R13={method} {0x000000001f93d040} 'jniStopDevice' '()V' in 'KinectPV2/Device'
R14=0x0000000000000000 is an unknown value
R15=0x0000000019de7800 is a thread


Stack: [0x000000001cdd0000,0x000000001ced0000],  sp=0x000000001cece900,  free space=1018k
Native frames: (J=compiled Java code, j=interpreted, Vv=VM code, C=native code)
C  [KinectPV2.dll+0x4110]
C  [KinectPV2.dll+0x1fba]
C  0x0000000002d15b74

Java frames: (J=compiled Java code, j=interpreted, Vv=VM code)
j  KinectPV2.Device.jniStopDevice()V+0
j  KinectPV2.Device.stopDevice()V+41
j  KinectPV2.KinectPV2.dispose()V+14
v  ~StubRoutines::call_stub
j  sun.reflect.NativeMethodAccessorImpl.invoke0(Ljava/lang/reflect/Method;Ljava/lang/Object;[Ljava/lang/Object;)Ljava/lang/Object;+0
j  sun.reflect.NativeMethodAccessorImpl.invoke(Ljava/lang/Object;[Ljava/lang/Object;)Ljava/lang/Object;+100
J 1744 C1 sun.reflect.DelegatingMethodAccessorImpl.invoke(Ljava/lang/Object;[Ljava/lang/Object;)Ljava/lang/Object; (10 bytes) @ 0x0000000003378244 [0x0000000003378140+0x104]
J 1743 C1 java.lang.reflect.Method.invoke(Ljava/lang/Object;[Ljava/lang/Object;)Ljava/lang/Object; (62 bytes) @ 0x0000000003370264 [0x000000000336fe80+0x3e4]
j  processing.core.PApplet$RegisteredMethods.handle([Ljava/lang/Object;)V+18
J 1618 C1 processing.core.PApplet.handleMethods(Ljava/lang/String;)V (21 bytes) @ 0x000000000333665c [0x00000000033363a0+0x2bc]
j  processing.core.PApplet.dispose()V+35
j  processing.core.PApplet.run()V+283
j  java.lang.Thread.run()V+11
v  ~StubRoutines::call_stub

---------------  P R O C E S S  ---------------

Java Threads: ( => current thread )
  0x000000001a31f800 JavaThread "Animation Thread-SharedResourceRunner" daemon [_thread_blocked, id=8416, stack(0x000000001e980000,0x000000001ea80000)]
  0x000000000121e800 JavaThread "DestroyJavaVM" [_thread_blocked, id=5784, stack(0x0000000002a20000,0x0000000002b20000)]
  0x0000000019de9000 JavaThread "D3D Screen Updater" daemon [_thread_blocked, id=10124, stack(0x000000001d0d0000,0x000000001d1d0000)]
=>0x0000000019de7800 JavaThread "Animation Thread" [_thread_in_native, id=7152, stack(0x000000001cdd0000,0x000000001ced0000)]
  0x0000000019d3e000 JavaThread "AWT-EventQueue-0" [_thread_blocked, id=10136, stack(0x000000001cbd0000,0x000000001ccd0000)]
  0x0000000019d03800 JavaThread "AWT-Windows" daemon [_thread_in_native, id=7884, stack(0x000000001a610000,0x000000001a710000)]
  0x0000000019d03000 JavaThread "AWT-Shutdown" [_thread_blocked, id=7324, stack(0x000000001a510000,0x000000001a610000)]
  0x0000000019d02000 JavaThread "Java2D Disposer" daemon [_thread_blocked, id=564, stack(0x000000001a410000,0x000000001a510000)]
  0x0000000018afc800 JavaThread "Service Thread" daemon [_thread_blocked, id=8836, stack(0x0000000019440000,0x0000000019540000)]
  0x0000000018a7e000 JavaThread "C1 CompilerThread3" daemon [_thread_blocked, id=5392, stack(0x0000000019340000,0x0000000019440000)]
  0x0000000018a7d000 JavaThread "C2 CompilerThread2" daemon [_thread_blocked, id=6192, stack(0x0000000019240000,0x0000000019340000)]
  0x0000000018a75000 JavaThread "C2 CompilerThread1" daemon [_thread_blocked, id=6688, stack(0x0000000019140000,0x0000000019240000)]
  0x0000000018a69800 JavaThread "C2 CompilerThread0" daemon [_thread_blocked, id=8392, stack(0x0000000019040000,0x0000000019140000)]
  0x0000000018a67000 JavaThread "Attach Listener" daemon [_thread_blocked, id=5164, stack(0x0000000018f40000,0x0000000019040000)]
  0x0000000018a66000 JavaThread "Signal Dispatcher" daemon [_thread_blocked, id=9396, stack(0x0000000018e40000,0x0000000018f40000)]
  0x0000000002cf8800 JavaThread "Finalizer" daemon [_thread_blocked, id=2656, stack(0x0000000018940000,0x0000000018a40000)]
  0x0000000016a4c800 JavaThread "Reference Handler" daemon [_thread_blocked, id=2944, stack(0x0000000018840000,0x0000000018940000)]

Other Threads:
  0x0000000016a48800 VMThread [stack: 0x0000000018740000,0x0000000018840000] [id=6684]
  0x0000000018b06800 WatcherThread [stack: 0x0000000019540000,0x0000000019640000] [id=2988]

VM state:not at safepoint (normal execution)

VM Mutex/Monitor currently owned by a thread: None

Heap:
 PSYoungGen      total 283648K, used 39956K [0x00000000e0400000, 0x00000000f3f80000, 0x0000000100000000)
  eden space 249344K, 12% used [0x00000000e0400000,0x00000000e21982c8,0x00000000ef780000)
  from space 34304K, 28% used [0x00000000f1e00000,0x00000000f276d020,0x00000000f3f80000)
  to   space 36864K, 0% used [0x00000000ef780000,0x00000000ef780000,0x00000000f1b80000)
 ParOldGen       total 227840K, used 145961K [0x00000000a0c00000, 0x00000000aea80000, 0x00000000e0400000)
  object space 227840K, 64% used [0x00000000a0c00000,0x00000000a9a8a7e0,0x00000000aea80000)
 Metaspace       used 18378K, capacity 18597K, committed 18816K, reserved 1067008K
  class space    used 1761K, capacity 1793K, committed 1920K, reserved 1048576K

Card table byte_map: [0x00000000120c0000,0x00000000123c0000] byte_map_base: 0x0000000011bba000

Marking Bits: (ParMarkBitMap*) 0x000000006ab8d490
 Begin Bits: [0x0000000012dc0000, 0x0000000014590000)
 End Bits:   [0x0000000014590000, 0x0000000015d60000)

Polling page: 0x00000000011e0000

CodeCache: size=245760Kb used=8917Kb max_used=8930Kb free=236842Kb
 bounds [0x0000000002d00000, 0x00000000035d0000, 0x0000000011d00000]
 total_blobs=3296 nmethods=2413 adapters=797
 compilation: enabled

Compilation events (10 events):
Event: 12.135 Thread 0x0000000018a7e000 2410   !   3       sun.awt.AWTAutoShutdown::notifyThreadFree (74 bytes)
Event: 12.135 Thread 0x0000000018a7e000 nmethod 2410 0x0000000003590290 code [0x0000000003590440, 0x0000000003590b28]
Event: 12.285 Thread 0x0000000018a7e000 2412       3       java.lang.String::valueOf (18 bytes)
Event: 12.285 Thread 0x0000000018a7e000 nmethod 2412 0x000000000359d910 code [0x000000000359da80, 0x000000000359dd70]
Event: 12.417 Thread 0x0000000018a7e000 2413       3       processing.opengl.PGraphicsOpenGL$InGeometry::getNumEdgeVertices (83 bytes)
Event: 12.418 Thread 0x0000000018a7e000 nmethod 2413 0x000000000358f810 code [0x000000000358f9a0, 0x000000000358fe90]
Event: 12.418 Thread 0x0000000018a7e000 2414       3       processing.opengl.PGraphicsOpenGL$InGeometry::getNumEdgeIndices (84 bytes)
Event: 12.418 Thread 0x0000000018a7e000 nmethod 2414 0x00000000035bc8d0 code [0x00000000035bca60, 0x00000000035bcf50]
Event: 12.566 Thread 0x0000000018a69800 2415   !   4       sun.awt.AppContext::get (123 bytes)
Event: 12.573 Thread 0x0000000018a69800 nmethod 2415 0x00000000035c0810 code [0x00000000035c0980, 0x00000000035c11f8]

GC Heap History (10 events):
Event: 8.995 GC heap before
{Heap before GC invocations=21 (full 3):
 PSYoungGen      total 271872K, used 230640K [0x00000000e0400000, 0x00000000f4580000, 0x0000000100000000)
  eden space 223744K, 98% used [0x00000000e0400000,0x00000000edbbf088,0x00000000ede80000)
  from space 48128K, 20% used [0x00000000ede80000,0x00000000ee7fd020,0x00000000f0d80000)
  to   space 46080K, 0% used [0x00000000f1880000,0x00000000f1880000,0x00000000f4580000)
 ParOldGen       total 227840K, used 145921K [0x00000000a0c00000, 0x00000000aea80000, 0x00000000e0400000)
  object space 227840K, 64% used [0x00000000a0c00000,0x00000000a9a807e0,0x00000000aea80000)
 Metaspace       used 18241K, capacity 18469K, committed 18816K, reserved 1067008K
  class space    used 1761K, capacity 1793K, committed 1920K, reserved 1048576K
Event: 9.000 GC heap after
Heap after GC invocations=21 (full 3):
 PSYoungGen      total 274944K, used 9652K [0x00000000e0400000, 0x00000000f3f80000, 0x0000000100000000)
  eden space 235008K, 0% used [0x00000000e0400000,0x00000000e0400000,0x00000000ee980000)
  from space 39936K, 24% used [0x00000000f1880000,0x00000000f21ed020,0x00000000f3f80000)
  to   space 44032K, 0% used [0x00000000ee980000,0x00000000ee980000,0x00000000f1480000)
 ParOldGen       total 227840K, used 145929K [0x00000000a0c00000, 0x00000000aea80000, 0x00000000e0400000)
  object space 227840K, 64% used [0x00000000a0c00000,0x00000000a9a827e0,0x00000000aea80000)
 Metaspace       used 18241K, capacity 18469K, committed 18816K, reserved 1067008K
  class space    used 1761K, capacity 1793K, committed 1920K, reserved 1048576K
}
Event: 9.861 GC heap before
{Heap before GC invocations=22 (full 3):
 PSYoungGen      total 274944K, used 243247K [0x00000000e0400000, 0x00000000f3f80000, 0x0000000100000000)
  eden space 235008K, 99% used [0x00000000e0400000,0x00000000ee81ec88,0x00000000ee980000)
  from space 39936K, 24% used [0x00000000f1880000,0x00000000f21ed020,0x00000000f3f80000)
  to   space 44032K, 0% used [0x00000000ee980000,0x00000000ee980000,0x00000000f1480000)
 ParOldGen       total 227840K, used 145929K [0x00000000a0c00000, 0x00000000aea80000, 0x00000000e0400000)
  object space 227840K, 64% used [0x00000000a0c00000,0x00000000a9a827e0,0x00000000aea80000)
 Metaspace       used 18257K, capacity 18469K, committed 18816K, reserved 1067008K
  class space    used 1761K, capacity 1793K, committed 1920K, reserved 1048576K
Event: 9.864 GC heap after
Heap after GC invocations=22 (full 3):
 PSYoungGen      total 279040K, used 9652K [0x00000000e0400000, 0x00000000f4600000, 0x0000000100000000)
  eden space 235008K, 0% used [0x00000000e0400000,0x00000000e0400000,0x00000000ee980000)
  from space 44032K, 21% used [0x00000000ee980000,0x00000000ef2ed020,0x00000000f1480000)
  to   space 42496K, 0% used [0x00000000f1c80000,0x00000000f1c80000,0x00000000f4600000)
 ParOldGen       total 227840K, used 145937K [0x00000000a0c00000, 0x00000000aea80000, 0x00000000e0400000)
  object space 227840K, 64% used [0x00000000a0c00000,0x00000000a9a847e0,0x00000000aea80000)
 Metaspace       used 18257K, capacity 18469K, committed 18816K, reserved 1067008K
  class space    used 1761K, capacity 1793K, committed 1920K, reserved 1048576K
}
Event: 10.729 GC heap before
{Heap before GC invocations=23 (full 3):
 PSYoungGen      total 279040K, used 243068K [0x00000000e0400000, 0x00000000f4600000, 0x0000000100000000)
  eden space 235008K, 99% used [0x00000000e0400000,0x00000000ee7f2398,0x00000000ee980000)
  from space 44032K, 21% used [0x00000000ee980000,0x00000000ef2ed020,0x00000000f1480000)
  to   space 42496K, 0% used [0x00000000f1c80000,0x00000000f1c80000,0x00000000f4600000)
 ParOldGen       total 227840K, used 145937K [0x00000000a0c00000, 0x00000000aea80000, 0x00000000e0400000)
  object space 227840K, 64% used [0x00000000a0c00000,0x00000000a9a847e0,0x00000000aea80000)
 Metaspace       used 18290K, capacity 18469K, committed 18816K, reserved 1067008K
  class space    used 1761K, capacity 1793K, committed 1920K, reserved 1048576K
Event: 10.734 GC heap after
Heap after GC invocations=23 (full 3):
 PSYoungGen      total 280064K, used 9684K [0x00000000e0400000, 0x00000000f4080000, 0x0000000100000000)
  eden space 243200K, 0% used [0x00000000e0400000,0x00000000e0400000,0x00000000ef180000)
  from space 36864K, 26% used [0x00000000f1c80000,0x00000000f25f5020,0x00000000f4080000)
  to   space 40448K, 0% used [0x00000000ef180000,0x00000000ef180000,0x00000000f1900000)
 ParOldGen       total 227840K, used 145945K [0x00000000a0c00000, 0x00000000aea80000, 0x00000000e0400000)
  object space 227840K, 64% used [0x00000000a0c00000,0x00000000a9a867e0,0x00000000aea80000)
 Metaspace       used 18290K, capacity 18469K, committed 18816K, reserved 1067008K
  class space    used 1761K, capacity 1793K, committed 1920K, reserved 1048576K
}
Event: 11.629 GC heap before
{Heap before GC invocations=24 (full 3):
 PSYoungGen      total 280064K, used 252011K [0x00000000e0400000, 0x00000000f4080000, 0x0000000100000000)
  eden space 243200K, 99% used [0x00000000e0400000,0x00000000ef0a5e48,0x00000000ef180000)
  from space 36864K, 26% used [0x00000000f1c80000,0x00000000f25f5020,0x00000000f4080000)
  to   space 40448K, 0% used [0x00000000ef180000,0x00000000ef180000,0x00000000f1900000)
 ParOldGen       total 227840K, used 145945K [0x00000000a0c00000, 0x00000000aea80000, 0x00000000e0400000)
  object space 227840K, 64% used [0x00000000a0c00000,0x00000000a9a867e0,0x00000000aea80000)
 Metaspace       used 18365K, capacity 18533K, committed 18816K, reserved 1067008K
  class space    used 1761K, capacity 1793K, committed 1920K, reserved 1048576K
Event: 11.633 GC heap after
Heap after GC invocations=24 (full 3):
 PSYoungGen      total 283648K, used 9684K [0x00000000e0400000, 0x00000000f4380000, 0x0000000100000000)
  eden space 243200K, 0% used [0x00000000e0400000,0x00000000e0400000,0x00000000ef180000)
  from space 40448K, 23% used [0x00000000ef180000,0x00000000efaf5020,0x00000000f1900000)
  to   space 38400K, 0% used [0x00000000f1e00000,0x00000000f1e00000,0x00000000f4380000)
 ParOldGen       total 227840K, used 145953K [0x00000000a0c00000, 0x00000000aea80000, 0x00000000e0400000)
  object space 227840K, 64% used [0x00000000a0c00000,0x00000000a9a887e0,0x00000000aea80000)
 Metaspace       used 18365K, capacity 18533K, committed 18816K, reserved 1067008K
  class space    used 1761K, capacity 1793K, committed 1920K, reserved 1048576K
}
Event: 12.529 GC heap before
{Heap before GC invocations=25 (full 3):
 PSYoungGen      total 283648K, used 252042K [0x00000000e0400000, 0x00000000f4380000, 0x0000000100000000)
  eden space 243200K, 99% used [0x00000000e0400000,0x00000000ef0ad910,0x00000000ef180000)
  from space 40448K, 23% used [0x00000000ef180000,0x00000000efaf5020,0x00000000f1900000)
  to   space 38400K, 0% used [0x00000000f1e00000,0x00000000f1e00000,0x00000000f4380000)
 ParOldGen       total 227840K, used 145953K [0x00000000a0c00000, 0x00000000aea80000, 0x00000000e0400000)
  object space 227840K, 64% used [0x00000000a0c00000,0x00000000a9a887e0,0x00000000aea80000)
 Metaspace       used 18377K, capacity 18597K, committed 18816K, reserved 1067008K
  class space    used 1761K, capacity 1793K, committed 1920K, reserved 1048576K
Event: 12.532 GC heap after
Heap after GC invocations=25 (full 3):
 PSYoungGen      total 283648K, used 9652K [0x00000000e0400000, 0x00000000f3f80000, 0x0000000100000000)
  eden space 249344K, 0% used [0x00000000e0400000,0x00000000e0400000,0x00000000ef780000)
  from space 34304K, 28% used [0x00000000f1e00000,0x00000000f276d020,0x00000000f3f80000)
  to   space 36864K, 0% used [0x00000000ef780000,0x00000000ef780000,0x00000000f1b80000)
 ParOldGen       total 227840K, used 145961K [0x00000000a0c00000, 0x00000000aea80000, 0x00000000e0400000)
  object space 227840K, 64% used [0x00000000a0c00000,0x00000000a9a8a7e0,0x00000000aea80000)
 Metaspace       used 18377K, capacity 18597K, committed 18816K, reserved 1067008K
  class space    used 1761K, capacity 1793K, committed 1920K, reserved 1048576K
}

Deoptimization events (10 events):
Event: 8.668 Thread 0x0000000019d3e000 Uncommon trap: reason=speculate_class_check action=maybe_recompile pc=0x00000000034ea964 method=com.jogamp.common.nio.Buffers.getDirectBufferByteOffset(Ljava/lang/Object;)I @ 42
Event: 8.668 Thread 0x0000000019d3e000 Uncommon trap: reason=speculate_class_check action=maybe_recompile pc=0x00000000034ea964 method=com.jogamp.common.nio.Buffers.getDirectBufferByteOffset(Ljava/lang/Object;)I @ 42
Event: 8.703 Thread 0x0000000019d3e000 Uncommon trap: reason=speculate_class_check action=maybe_recompile pc=0x00000000034d32fc method=com.jogamp.common.nio.Buffers.getDirectBufferByteOffset(Ljava/lang/Object;)I @ 53
Event: 8.704 Thread 0x0000000019d3e000 Uncommon trap: reason=speculate_class_check action=maybe_recompile pc=0x00000000034d32fc method=com.jogamp.common.nio.Buffers.getDirectBufferByteOffset(Ljava/lang/Object;)I @ 53
Event: 8.835 Thread 0x0000000019d3e000 Uncommon trap: reason=speculate_class_check action=maybe_recompile pc=0x00000000034f74cc method=com.jogamp.common.nio.Buffers.getDirectBufferByteOffset(Ljava/lang/Object;)I @ 22
Event: 8.835 Thread 0x0000000019d3e000 Uncommon trap: reason=speculate_class_check action=maybe_recompile pc=0x00000000034f74cc method=com.jogamp.common.nio.Buffers.getDirectBufferByteOffset(Ljava/lang/Object;)I @ 22
Event: 8.870 Thread 0x0000000019d3e000 Uncommon trap: reason=speculate_class_check action=maybe_recompile pc=0x00000000034fe3b8 method=com.jogamp.common.nio.Buffers.getDirectBufferByteOffset(Ljava/lang/Object;)I @ 31
Event: 8.870 Thread 0x0000000019d3e000 Uncommon trap: reason=speculate_class_check action=maybe_recompile pc=0x00000000034fe3b8 method=com.jogamp.common.nio.Buffers.getDirectBufferByteOffset(Ljava/lang/Object;)I @ 31
Event: 8.934 Thread 0x0000000019d3e000 Uncommon trap: reason=speculate_class_check action=maybe_recompile pc=0x0000000003500f48 method=com.jogamp.common.nio.Buffers.getDirectBufferByteOffset(Ljava/lang/Object;)I @ 42
Event: 8.935 Thread 0x0000000019d3e000 Uncommon trap: reason=speculate_class_check action=maybe_recompile pc=0x0000000003500f48 method=com.jogamp.common.nio.Buffers.getDirectBufferByteOffset(Ljava/lang/Object;)I @ 42

Internal exceptions (10 events):
Event: 3.145 Thread 0x0000000019d3e000 Exception <a 'java/security/PrivilegedActionException'> (0x00000000e3e38238) thrown at [D:\re\workspace\8-2-build-windows-amd64-cygwin\jdk8u25\1677\hotspot\src\share\vm\prims\jvm.cpp, line 1312]
Event: 3.146 Thread 0x0000000019d3e000 Exception <a 'java/security/PrivilegedActionException'> (0x00000000e3e3ca38) thrown at [D:\re\workspace\8-2-build-windows-amd64-cygwin\jdk8u25\1677\hotspot\src\share\vm\prims\jvm.cpp, line 1312]
Event: 3.146 Thread 0x0000000019d3e000 Exception <a 'java/security/PrivilegedActionException'> (0x00000000e3e40170) thrown at [D:\re\workspace\8-2-build-windows-amd64-cygwin\jdk8u25\1677\hotspot\src\share\vm\prims\jvm.cpp, line 1312]
Event: 3.146 Thread 0x0000000019d3e000 Exception <a 'java/security/PrivilegedActionException'> (0x00000000e3e440b8) thrown at [D:\re\workspace\8-2-build-windows-amd64-cygwin\jdk8u25\1677\hotspot\src\share\vm\prims\jvm.cpp, line 1312]
Event: 3.147 Thread 0x0000000019d3e000 Exception <a 'java/security/PrivilegedActionException'> (0x00000000e3e49fc8) thrown at [D:\re\workspace\8-2-build-windows-amd64-cygwin\jdk8u25\1677\hotspot\src\share\vm\prims\jvm.cpp, line 1312]
Event: 3.159 Thread 0x0000000019d3e000 Exception <a 'java/security/PrivilegedActionException'> (0x00000000e3f255d8) thrown at [D:\re\workspace\8-2-build-windows-amd64-cygwin\jdk8u25\1677\hotspot\src\share\vm\prims\jvm.cpp, line 1312]
Event: 7.535 Thread 0x0000000019d3e000 Implicit null exception at 0x00000000033aa2a7 to 0x00000000033aa561
Event: 7.638 Thread 0x0000000019d3e000 Exception <a 'java/security/PrivilegedActionException'> (0x00000000e4fa0350) thrown at [D:\re\workspace\8-2-build-windows-amd64-cygwin\jdk8u25\1677\hotspot\src\share\vm\prims\jvm.cpp, line 1312]
Event: 7.646 Thread 0x0000000019d3e000 Exception <a 'java/security/PrivilegedActionException'> (0x00000000e5081a38) thrown at [D:\re\workspace\8-2-build-windows-amd64-cygwin\jdk8u25\1677\hotspot\src\share\vm\prims\jvm.cpp, line 1312]
Event: 7.676 Thread 0x0000000019d3e000 Exception <a 'java/security/PrivilegedActionException'> (0x00000000e508aaf8) thrown at [D:\re\workspace\8-2-build-windows-amd64-cygwin\jdk8u25\1677\hotspot\src\share\vm\prims\jvm.cpp, line 1312]

Events (10 events):
Event: 9.000 Executing VM operation: ParallelGCFailedAllocation done
Event: 9.861 Executing VM operation: ParallelGCFailedAllocation
Event: 9.864 Executing VM operation: ParallelGCFailedAllocation done
Event: 10.729 Executing VM operation: ParallelGCFailedAllocation
Event: 10.735 Executing VM operation: ParallelGCFailedAllocation done
Event: 11.629 Executing VM operation: ParallelGCFailedAllocation
Event: 11.633 Executing VM operation: ParallelGCFailedAllocation done
Event: 12.529 Executing VM operation: ParallelGCFailedAllocation
Event: 12.532 Executing VM operation: ParallelGCFailedAllocation done
Event: 12.602 Thread 0x0000000019dc1000 Thread exited: 0x0000000019dc1000


Dynamic libraries:
0x00007ff745f80000 - 0x00007ff745fb4000 	C:\Program Files\Java\jre1.8.0_25\bin\javaw.exe
0x00007ffee8210000 - 0x00007ffee83bc000 	C:\WINDOWS\SYSTEM32\ntdll.dll
0x00007ffee60e0000 - 0x00007ffee621e000 	C:\WINDOWS\system32\KERNEL32.DLL
0x00007ffee54e0000 - 0x00007ffee55f5000 	C:\WINDOWS\system32\KERNELBASE.dll
0x00007ffee3ee0000 - 0x00007ffee3f6e000 	C:\WINDOWS\system32\apphelp.dll
0x00007ffecebf0000 - 0x00007ffecec43000 	C:\WINDOWS\AppPatch\AppPatch64\AcGenral.DLL
0x00007ffee6010000 - 0x00007ffee60ba000 	C:\WINDOWS\system32\msvcrt.dll
0x00007ffee5190000 - 0x00007ffee51be000 	C:\WINDOWS\SYSTEM32\SspiCli.dll
0x00007ffee5fb0000 - 0x00007ffee6004000 	C:\WINDOWS\system32\SHLWAPI.dll
0x00007ffee7fd0000 - 0x00007ffee8147000 	C:\WINDOWS\system32\USER32.dll
0x00007ffee5bc0000 - 0x00007ffee5d54000 	C:\WINDOWS\system32\ole32.dll
0x00007ffee66a0000 - 0x00007ffee7bb8000 	C:\WINDOWS\system32\SHELL32.dll
0x00007ffee48f0000 - 0x00007ffee4911000 	C:\WINDOWS\SYSTEM32\USERENV.dll
0x00007ffee5e20000 - 0x00007ffee5eca000 	C:\WINDOWS\system32\ADVAPI32.dll
0x00007ffed7630000 - 0x00007ffed764e000 	C:\WINDOWS\SYSTEM32\MPR.dll
0x00007ffee63f0000 - 0x00007ffee6531000 	C:\WINDOWS\system32\RPCRT4.dll
0x00007ffee5ed0000 - 0x00007ffee5f29000 	C:\WINDOWS\SYSTEM32\sechost.dll
0x00007ffee7db0000 - 0x00007ffee7fc1000 	C:\WINDOWS\SYSTEM32\combase.dll
0x00007ffee6540000 - 0x00007ffee6691000 	C:\WINDOWS\system32\GDI32.dll
0x00007ffee5360000 - 0x00007ffee5375000 	C:\WINDOWS\SYSTEM32\profapi.dll
0x00007ffee3700000 - 0x00007ffee37b2000 	C:\WINDOWS\SYSTEM32\SHCORE.dll
0x00007ffee5a40000 - 0x00007ffee5a76000 	C:\WINDOWS\system32\IMM32.DLL
0x00007ffee6220000 - 0x00007ffee6372000 	C:\WINDOWS\system32\MSCTF.dll
0x00007ffee2a70000 - 0x00007ffee2ceb000 	C:\WINDOWS\WinSxS\amd64_microsoft.windows.common-controls_6595b64144ccf1df_6.0.9600.17415_none_6240486fecbd8abb\COMCTL32.dll
0x00000000696c0000 - 0x0000000069792000 	C:\Program Files\Java\jre1.8.0_25\bin\msvcr100.dll
0x000000006a3b0000 - 0x000000006ac0a000 	C:\Program Files\Java\jre1.8.0_25\bin\server\jvm.dll
0x00007ffecd2f0000 - 0x00007ffecd2f9000 	C:\WINDOWS\SYSTEM32\WSOCK32.dll
0x00007ffed77f0000 - 0x00007ffed7812000 	C:\WINDOWS\SYSTEM32\WINMM.dll
0x00007ffee7da0000 - 0x00007ffee7da7000 	C:\WINDOWS\system32\PSAPI.DLL
0x00007ffee5a80000 - 0x00007ffee5ada000 	C:\WINDOWS\system32\WS2_32.dll
0x00007ffed75d0000 - 0x00007ffed75fa000 	C:\WINDOWS\SYSTEM32\WINMMBASE.dll
0x00007ffee60d0000 - 0x00007ffee60d9000 	C:\WINDOWS\system32\NSI.dll
0x00007ffee5840000 - 0x00007ffee588f000 	C:\WINDOWS\SYSTEM32\cfgmgr32.dll
0x00007ffee4150000 - 0x00007ffee4178000 	C:\WINDOWS\SYSTEM32\DEVOBJ.dll
0x000000006b5e0000 - 0x000000006b5ef000 	C:\Program Files\Java\jre1.8.0_25\bin\verify.dll
0x000000006b5b0000 - 0x000000006b5d8000 	C:\Program Files\Java\jre1.8.0_25\bin\java.dll
0x000000006b590000 - 0x000000006b5a6000 	C:\Program Files\Java\jre1.8.0_25\bin\zip.dll
0x0000000069520000 - 0x00000000696b8000 	C:\Program Files\Java\jre1.8.0_25\bin\awt.dll
0x00007ffee5ae0000 - 0x00007ffee5ba1000 	C:\WINDOWS\system32\OLEAUT32.dll
0x00007ffee3500000 - 0x00007ffee3521000 	C:\WINDOWS\system32\DWMAPI.DLL
0x00007ffee3fd0000 - 0x00007ffee40f9000 	C:\WINDOWS\system32\uxtheme.dll
0x00007ffee41a0000 - 0x00007ffee41ab000 	C:\WINDOWS\SYSTEM32\kernel.appcore.dll
0x00007ffee5230000 - 0x00007ffee523b000 	C:\WINDOWS\SYSTEM32\CRYPTBASE.dll
0x00007ffee51c0000 - 0x00007ffee5223000 	C:\WINDOWS\SYSTEM32\bcryptPrimitives.dll
0x00007ffedaca0000 - 0x00007ffedaec1000 	C:\WINDOWS\system32\d3d9.dll
0x00007ffee3010000 - 0x00007ffee301a000 	C:\WINDOWS\SYSTEM32\VERSION.dll
0x00007ffee2870000 - 0x00007ffee29bb000 	C:\WINDOWS\SYSTEM32\aticfx64.dll
0x00007ffec0180000 - 0x00007ffec01a1000 	C:\WINDOWS\SYSTEM32\atiu9p64.dll
0x00007ffebed60000 - 0x00007ffebf545000 	C:\WINDOWS\SYSTEM32\atiumd64.dll
0x000000006acf0000 - 0x000000006b4a7000 	C:\WINDOWS\SYSTEM32\atiumd6a.dll
0x00000000694d0000 - 0x0000000069517000 	C:\Program Files\Java\jre1.8.0_25\bin\fontmanager.dll
0x00007ffee4d60000 - 0x00007ffee4d80000 	C:\WINDOWS\SYSTEM32\CRYPTSP.dll
0x00007ffee47e0000 - 0x00007ffee4816000 	C:\WINDOWS\system32\rsaenh.dll
0x00007ffee4e80000 - 0x00007ffee4ea6000 	C:\WINDOWS\SYSTEM32\bcrypt.dll
0x000000006b570000 - 0x000000006b58a000 	C:\Program Files\Java\jre1.8.0_25\bin\net.dll
0x00007ffee4b20000 - 0x00007ffee4b79000 	C:\WINDOWS\system32\mswsock.dll
0x00007ffee1080000 - 0x00007ffee10aa000 	C:\WINDOWS\SYSTEM32\IPHLPAPI.DLL
0x00007ffee2670000 - 0x00007ffee267a000 	C:\WINDOWS\SYSTEM32\WINNSI.DLL
0x00007ffee0160000 - 0x00007ffee0176000 	C:\WINDOWS\SYSTEM32\dhcpcsvc6.DLL
0x00007ffee02b0000 - 0x00007ffee02ca000 	C:\WINDOWS\SYSTEM32\dhcpcsvc.DLL
0x000000006a390000 - 0x000000006a3a1000 	C:\Program Files\Java\jre1.8.0_25\bin\nio.dll
0x00000000637c0000 - 0x00000000637cd000 	S:\Users\Ben\AppData\Local\Temp\jogamp_0000\file_cache\jln8678401076303921123\jln8183614364701665076\gluegen-rt.dll
0x00000000694c0000 - 0x00000000694c7000 	C:\Program Files\Java\jre1.8.0_25\bin\jawt.dll
0x0000000002bb0000 - 0x0000000002bbd000 	S:\Users\Ben\AppData\Local\Temp\jogamp_0000\file_cache\jln8678401076303921123\jln8183614364701665076\nativewindow_awt.dll
0x000000006c100000 - 0x000000006c10f000 	S:\Users\Ben\AppData\Local\Temp\jogamp_0000\file_cache\jln8678401076303921123\jln8183614364701665076\nativewindow_win32.dll
0x00007ffeda9f0000 - 0x00007ffedab1b000 	C:\WINDOWS\SYSTEM32\OpenGL32.dll
0x00007ffedc550000 - 0x00007ffedc57e000 	C:\WINDOWS\SYSTEM32\GLU32.dll
0x00007ffecf530000 - 0x00007ffecf628000 	C:\WINDOWS\SYSTEM32\DDRAW.dll
0x00007ffee0d60000 - 0x00007ffee0d69000 	C:\WINDOWS\SYSTEM32\DCIMAN32.dll
0x0000000064500000 - 0x00000000645a2000 	S:\Users\Ben\AppData\Local\Temp\jogamp_0000\file_cache\jln8678401076303921123\jln8183614364701665076\jogl_desktop.dll
0x00007ffedc8d0000 - 0x00007ffedc8e8000 	C:\WINDOWS\SYSTEM32\atig6pxx.dll
0x0000000067910000 - 0x00000000694bf000 	C:\WINDOWS\SYSTEM32\atio6axx.dll
0x00007ffee7bc0000 - 0x00007ffee7d9a000 	C:\WINDOWS\system32\SETUPAPI.dll
0x00007ffee10e0000 - 0x00007ffee1217000 	C:\WINDOWS\SYSTEM32\atiadlxx.dll
0x00007ffee16b0000 - 0x00007ffee182f000 	C:\WINDOWS\SYSTEM32\PROPSYS.dll
0x00007ffee3f70000 - 0x00007ffee3f82000 	C:\WINDOWS\SYSTEM32\WTSAPI32.dll
0x00007ffee57e0000 - 0x00007ffee5831000 	C:\WINDOWS\system32\WINTRUST.dll
0x00007ffee5600000 - 0x00007ffee57df000 	C:\WINDOWS\system32\CRYPT32.dll
0x00007ffee5410000 - 0x00007ffee5421000 	C:\WINDOWS\system32\MSASN1.dll
0x00007ffeda9c0000 - 0x00007ffeda9e9000 	C:\WINDOWS\SYSTEM32\atig6txx.dll
0x00007ffecea00000 - 0x00007ffeceb9c000 	O:\OneDrive\Workspace\ZZavatar\lib\user\KinectPV2\Kinect20.Face.dll
0x00007ffed76f0000 - 0x00007ffed7797000 	C:\WINDOWS\SYSTEM32\MSVCP110.dll
0x00007ffeddd70000 - 0x00007ffedde3e000 	C:\WINDOWS\SYSTEM32\MSVCR110.dll
0x00007ffedc7f0000 - 0x00007ffedc800000 	O:\OneDrive\Workspace\ZZavatar\lib\user\KinectPV2\KinectPV2.dll
0x00007ffeda070000 - 0x00007ffeda12a000 	C:\WINDOWS\SYSTEM32\Kinect20.dll
0x00007ffed7820000 - 0x00007ffed790b000 	C:\WINDOWS\SYSTEM32\MFPlat.DLL
0x00007ffed7650000 - 0x00007ffed7677000 	C:\WINDOWS\SYSTEM32\RTWorkQ.DLL
0x00007ffee3130000 - 0x00007ffee313c000 	C:\WINDOWS\SYSTEM32\AVRT.dll
0x00000000678c0000 - 0x0000000067901000 	C:\Program Files\Java\jre1.8.0_25\bin\t2k.dll
0x00007ffebeae0000 - 0x00007ffebec6a000 	C:\WINDOWS\SYSTEM32\dbghelp.dll

VM Arguments:
jvm_args: -Djava.library.path=O:\OneDrive\Workspace\ZZavatar\lib\base\video;O:\OneDrive\Workspace\ZZavatar\lib\base\video;O:\OneDrive\Workspace\ZZavatar\lib\base\video;O:\OneDrive\Workspace\ZZavatar\lib\base\core;O:\OneDrive\Workspace\ZZavatar\lib\base\core;O:\OneDrive\Workspace\ZZavatar\lib\base\core;O:\OneDrive\Workspace\ZZavatar\lib\base\core;O:\OneDrive\Workspace\ZZavatar\lib\base\core;O:\OneDrive\Workspace\ZZavatar\lib\base\core;O:\OneDrive\Workspace\ZZavatar\lib\base\core;O:\OneDrive\Workspace\ZZavatar\lib\base\core;O:\OneDrive\Workspace\ZZavatar\lib\base\core;O:\OneDrive\Workspace\ZZavatar\lib\base\core;O:\OneDrive\Workspace\ZZavatar\lib\base\core;O:\OneDrive\Workspace\ZZavatar\lib\base\core;O:\OneDrive\Workspace\ZZavatar\lib\base\core;O:\OneDrive\Workspace\ZZavatar\lib\base\core;O:\OneDrive\Workspace\ZZavatar\lib\base\core;O:\OneDrive\Workspace\ZZavatar\lib\user\Kinect4WinSDK;O:\OneDrive\Workspace\ZZavatar\lib\user\KinectPV2;O:\OneDrive\Workspace\ZZavatar\lib\user\SimpleOpenNI -Dfile.encoding=Cp1252 
java_command: zzavatar.ZZavatar
java_class_path (initial): O:\OneDrive\Workspace\ZZavatar\lib\base\video\gstreamer-java.jar;O:\OneDrive\Workspace\ZZavatar\lib\base\video\jna.jar;O:\OneDrive\Workspace\ZZavatar\lib\base\video\video.jar;O:\OneDrive\Workspace\ZZavatar\lib\base\core\core.jar;O:\OneDrive\Workspace\ZZavatar\lib\base\core\gluegen-rt-natives-linux-amd64.jar;O:\OneDrive\Workspace\ZZavatar\lib\base\core\gluegen-rt-natives-linux-armv6hf.jar;O:\OneDrive\Workspace\ZZavatar\lib\base\core\gluegen-rt-natives-linux-i586.jar;O:\OneDrive\Workspace\ZZavatar\lib\base\core\gluegen-rt-natives-macosx-universal.jar;O:\OneDrive\Workspace\ZZavatar\lib\base\core\gluegen-rt-natives-windows-amd64.jar;O:\OneDrive\Workspace\ZZavatar\lib\base\core\gluegen-rt-natives-windows-i586.jar;O:\OneDrive\Workspace\ZZavatar\lib\base\core\gluegen-rt.jar;O:\OneDrive\Workspace\ZZavatar\lib\base\core\jogl-all-natives-linux-amd64.jar;O:\OneDrive\Workspace\ZZavatar\lib\base\core\jogl-all-natives-linux-armv6hf.jar;O:\OneDrive\Workspace\ZZavatar\lib\base\core\jogl-all-natives-linux-i586.jar;O:\OneDrive\Workspace\ZZavatar\lib\base\core\jogl-all-natives-macosx-universal.jar;O:\OneDrive\Workspace\ZZavatar\lib\base\core\jogl-all-natives-windows-amd64.jar;O:\OneDrive\Workspace\ZZavatar\lib\base\core\jogl-all-natives-windows-i586.jar;O:\OneDrive\Workspace\ZZavatar\lib\base\core\jogl-all.jar;O:\OneDrive\Workspace\ZZavatar\lib\user\Kinect4WinSDK\Kinect4WinSDK.jar;O:\OneDrive\Workspace\ZZavatar\lib\user\KinectPV2\KinectPV2.jar;O:\OneDrive\Workspace\ZZavatar\lib\user\SimpleOpenNI\SimpleOpenNI.jar;O:\OneDrive\Workspace\ZZavatar\bin
Launcher Type: SUN_STANDARD

Environment Variables:
JAVA_HOME=C:\Program Files\Java\jdk1.8.0_25
PATH=C:/Program Files/Java/jre1.8.0_25/bin/server;C:/Program Files/Java/jre1.8.0_25/bin;C:/Program Files/Java/jre1.8.0_25/lib/amd64;C:\Program Files (x86)\NVIDIA Corporation\PhysX\Common;C:\ProgramData\Oracle\Java\javapath;C:\Program Files (x86)\Common Files\Intel\Shared Libraries\redist\intel64\compiler;C:\Program Files (x86)\Common Files\Intel\Shared Libraries\redist\ia32\compiler;C:\Program Files (x86)\Intel\iCLS Client\;C:\Program Files\Intel\iCLS Client\;C:\Program Files (x86)\AMD APP\bin\x86_64;C:\Program Files (x86)\AMD APP\bin\x86;C:\WINDOWS\system32;C:\WINDOWS;C:\WINDOWS\System32\Wbem;C:\WINDOWS\System32\WindowsPowerShell\v1.0\;C:\Program Files (x86)\ATI Technologies\ATI.ACE\Core-Static;C:\Program Files\Intel\Intel(R) Management Engine Components\DAL;C:\Program Files\Intel\Intel(R) Management Engine Components\IPT;C:\Program Files (x86)\Intel\Intel(R) Management Engine Components\DAL;C:\Program Files (x86)\Intel\Intel(R) Management Engine Components\IPT;C:\Program Files\Sony\VAIO Improvement\;C:\Program Files (x86)\Sony\VAIO Startup Setting Tool;C:\Program Files (x86)\Windows Kits\8.1\Windows Performance Toolkit\;C:\Program Files\Microsoft SQL Server\110\Tools\Binn\;C:\Program Files (x86)\Microsoft SDKs\TypeScript\1.0\;C:\Program Files\Microsoft\Web Platform Installer\;C:\Program Files (x86)\Java\jre1.8.0_25\bin;P:\Programs\Python27\Scripts;P:\Programs\Python27;C:\Program Files\Common Files\Autodesk Shared\;P:\Program Files\Programs;P:\Program Files\Games;P:\Programs\Eclipse;
USERNAME=Benoît
OS=Windows_NT
PROCESSOR_IDENTIFIER=Intel64 Family 6 Model 58 Stepping 9, GenuineIntel



---------------  S Y S T E M  ---------------

OS: Windows 8.1 , 64 bit Build 9600 

CPU:total 8 (4 cores per cpu, 2 threads per core) family 6 model 58 stepping 9, cmov, cx8, fxsr, mmx, sse, sse2, sse3, ssse3, sse4.1, sse4.2, popcnt, avx, aes, clmul, erms, ht, tsc, tscinvbit, tscinv

Memory: 4k page, physical 6237468k(1171300k free), swap 10431772k(2710832k free)

vm_info: Java HotSpot(TM) 64-Bit Server VM (25.25-b02) for windows-amd64 JRE (1.8.0_25-b18), built on Oct  7 2014 14:25:37 by "java_re" with MS VC++ 10.0 (VS2010)

time: Thu Apr 23 19:02:32 2015
elapsed time: 12 seconds (0d 0h 0m 12s)

