#
# A fatal error has been detected by the Java Runtime Environment:
#
#  EXCEPTION_ACCESS_VIOLATION (0xc0000005) at pc=0x00007ffedc7f4110, pid=7024, tid=3032
#
# JRE version: Java(TM) SE Runtime Environment (8.0_25-b18) (build 1.8.0_25-b18)
# Java VM: Java HotSpot(TM) 64-Bit Server VM (25.25-b02 mixed mode windows-amd64 compressed oops)
# Problematic frame:
# C  [KinectPV2.dll+0x4110]
#
# Failed to write core dump. Minidumps are not enabled by default on client versions of Windows
#
# If you would like to submit a bug report, please visit:
#   http://bugreport.sun.com/bugreport/crash.jsp
# The crash happened outside the Java Virtual Machine in native code.
# See problematic frame for where to report the bug.
#

---------------  T H R E A D  ---------------

Current thread (0x0000000019527800):  JavaThread "Animation Thread" [_thread_in_native, id=3032, stack(0x000000001c570000,0x000000001c670000)]

siginfo: ExceptionCode=0xc0000005, reading address 0xffffffffffffffff

Registers:
RAX=0x0000000000000001, RBX=0x000000002da9d040, RCX=0x06201000ffffffff, RDX=0x0000000000000000
RSP=0x000000001c66ec70, RBP=0x0000000000000005, RSI=0x0000000000000000, RDI=0x000000001eed0a70
R8 =0x000000001c66e938, R9 =0x0000000000008000, R10=0x0000000000000000, R11=0x000000001c66eb70
R12=0x0000000000000000, R13=0x000000001f2fd038, R14=0x0000000000000000, R15=0x0000000019527800
RIP=0x00007ffedc7f4110, EFLAGS=0x0000000000010206

Top of Stack: (sp=0x000000001c66ec70)
0x000000001c66ec70:   000000001eed0a38 000000001f6bd838
0x000000001c66ec80:   000000001eed0a38 0000000000000000
0x000000001c66ec90:   000000001c66ed60 00007ffedc7f1fba
0x000000001c66eca0:   000000001c66ed60 000000001c66ed40
0x000000001c66ecb0:   00000000195279e8 000000001948fb90
0x000000001c66ecc0:   00000000a3905c00 00000000024f5b74
0x000000001c66ecd0:   000000001f2fd038 0000000000000021
0x000000001c66ece0:   0000000000000021 0000000019527800
0x000000001c66ecf0:   000000001c66edb8 00000000024f58a2
0x000000001c66ed00:   000000001c66ed00 000000001f2fd038
0x000000001c66ed10:   000000001c66ed60 000000001f2fdfc8
0x000000001c66ed20:   0000000000000000 000000001f2fd038
0x000000001c66ed30:   0000000000000000 000000001c66ed60
0x000000001c66ed40:   000000001c66eda8 00000000024e7a2d
0x000000001c66ed50:   0000000000000000 00000000024ef6b8
0x000000001c66ed60:   00000000a38b53c0 000000001c66ed68 

Instructions: (pc=0x00007ffedc7f4110)
0x00007ffedc7f40f0:   89 77 d0 48 8b 0f 48 85 c9 74 09 48 8b 01 ff 50
0x00007ffedc7f4100:   10 4c 89 37 48 8b 8f 90 00 00 00 48 85 c9 74 0d
0x00007ffedc7f4110:   48 8b 01 ff 50 10 4c 89 b7 90 00 00 00 48 8b 4f
0x00007ffedc7f4120:   30 48 85 c9 74 0a 48 8b 01 ff 50 10 4c 89 77 30 


Register to memory mapping:

RAX=0x0000000000000001 is an unknown value
RBX=0x000000002da9d040 is an unknown value
RCX=0x06201000ffffffff is an unknown value
RDX=0x0000000000000000 is an unknown value
RSP=0x000000001c66ec70 is pointing into the stack for thread: 0x0000000019527800
RBP=0x0000000000000005 is an unknown value
RSI=0x0000000000000000 is an unknown value
RDI=0x000000001eed0a70 is an unknown value
R8 =0x000000001c66e938 is pointing into the stack for thread: 0x0000000019527800
R9 =0x0000000000008000 is an unknown value
R10=0x0000000000000000 is an unknown value
R11=0x000000001c66eb70 is pointing into the stack for thread: 0x0000000019527800
R12=0x0000000000000000 is an unknown value
R13={method} {0x000000001f2fd040} 'jniStopDevice' '()V' in 'KinectPV2/Device'
R14=0x0000000000000000 is an unknown value
R15=0x0000000019527800 is a thread


Stack: [0x000000001c570000,0x000000001c670000],  sp=0x000000001c66ec70,  free space=1019k
Native frames: (J=compiled Java code, j=interpreted, Vv=VM code, C=native code)
C  [KinectPV2.dll+0x4110]
C  [KinectPV2.dll+0x1fba]
C  0x00000000024f5b74

Java frames: (J=compiled Java code, j=interpreted, Vv=VM code)
j  KinectPV2.Device.jniStopDevice()V+0
j  KinectPV2.Device.stopDevice()V+41
j  KinectPV2.KinectPV2.dispose()V+14
v  ~StubRoutines::call_stub
j  sun.reflect.NativeMethodAccessorImpl.invoke0(Ljava/lang/reflect/Method;Ljava/lang/Object;[Ljava/lang/Object;)Ljava/lang/Object;+0
j  sun.reflect.NativeMethodAccessorImpl.invoke(Ljava/lang/Object;[Ljava/lang/Object;)Ljava/lang/Object;+100
J 2178 C1 sun.reflect.DelegatingMethodAccessorImpl.invoke(Ljava/lang/Object;[Ljava/lang/Object;)Ljava/lang/Object; (10 bytes) @ 0x0000000002ca2f44 [0x0000000002ca2e40+0x104]
J 2177 C1 java.lang.reflect.Method.invoke(Ljava/lang/Object;[Ljava/lang/Object;)Ljava/lang/Object; (62 bytes) @ 0x0000000002ca2964 [0x0000000002ca2580+0x3e4]
j  processing.core.PApplet$RegisteredMethods.handle([Ljava/lang/Object;)V+18
J 1956 C1 processing.core.PApplet.handleMethods(Ljava/lang/String;)V (21 bytes) @ 0x0000000002bcea1c [0x0000000002bce760+0x2bc]
j  processing.core.PApplet.dispose()V+35
j  processing.core.PApplet.run()V+283
j  java.lang.Thread.run()V+11
v  ~StubRoutines::call_stub

---------------  P R O C E S S  ---------------

Java Threads: ( => current thread )
  0x000000001d6a0800 JavaThread "Animation Thread-SharedResourceRunner" daemon [_thread_blocked, id=8540, stack(0x000000001bd80000,0x000000001be80000)]
  0x00000000023de800 JavaThread "DestroyJavaVM" [_thread_blocked, id=8044, stack(0x0000000002230000,0x0000000002330000)]
  0x000000001950d000 JavaThread "D3D Screen Updater" daemon [_thread_blocked, id=5320, stack(0x000000001c870000,0x000000001c970000)]
=>0x0000000019527800 JavaThread "Animation Thread" [_thread_in_native, id=3032, stack(0x000000001c570000,0x000000001c670000)]
  0x0000000019482000 JavaThread "AWT-EventQueue-0" [_thread_blocked, id=8484, stack(0x000000001c370000,0x000000001c470000)]
  0x000000001863e000 JavaThread "AWT-Windows" daemon [_thread_in_native, id=9124, stack(0x0000000019d50000,0x0000000019e50000)]
  0x0000000019443000 JavaThread "AWT-Shutdown" [_thread_blocked, id=7232, stack(0x0000000019c50000,0x0000000019d50000)]
  0x0000000019440800 JavaThread "Java2D Disposer" daemon [_thread_blocked, id=2328, stack(0x0000000019b50000,0x0000000019c50000)]
  0x0000000018303000 JavaThread "Service Thread" daemon [_thread_blocked, id=4304, stack(0x0000000018c40000,0x0000000018d40000)]
  0x000000001827d000 JavaThread "C1 CompilerThread3" daemon [_thread_blocked, id=2444, stack(0x0000000018b40000,0x0000000018c40000)]
  0x000000001827c000 JavaThread "C2 CompilerThread2" daemon [_thread_blocked, id=6424, stack(0x0000000018a40000,0x0000000018b40000)]
  0x000000001826d000 JavaThread "C2 CompilerThread1" daemon [_thread_blocked, id=4728, stack(0x0000000018940000,0x0000000018a40000)]
  0x0000000018269800 JavaThread "C2 CompilerThread0" daemon [_thread_blocked, id=9136, stack(0x0000000018840000,0x0000000018940000)]
  0x0000000018267000 JavaThread "Attach Listener" daemon [_thread_blocked, id=3404, stack(0x0000000018740000,0x0000000018840000)]
  0x0000000018266000 JavaThread "Signal Dispatcher" daemon [_thread_blocked, id=9184, stack(0x0000000018640000,0x0000000018740000)]
  0x00000000024d8800 JavaThread "Finalizer" daemon [_thread_blocked, id=10104, stack(0x0000000018140000,0x0000000018240000)]
  0x000000001622c800 JavaThread "Reference Handler" daemon [_thread_blocked, id=5560, stack(0x0000000018040000,0x0000000018140000)]

Other Threads:
  0x0000000016228800 VMThread [stack: 0x0000000017f40000,0x0000000018040000] [id=1928]
  0x0000000018305800 WatcherThread [stack: 0x0000000018d40000,0x0000000018e40000] [id=4288]

VM state:not at safepoint (normal execution)

VM Mutex/Monitor currently owned by a thread: None

Heap:
 PSYoungGen      total 346624K, used 65400K [0x00000000e0400000, 0x00000000f7c80000, 0x0000000100000000)
  eden space 312832K, 17% used [0x00000000e0400000,0x00000000e3a69270,0x00000000f3580000)
  from space 33792K, 28% used [0x00000000f5b80000,0x00000000f64f5020,0x00000000f7c80000)
  to   space 36352K, 0% used [0x00000000f3580000,0x00000000f3580000,0x00000000f5900000)
 ParOldGen       total 219648K, used 145973K [0x00000000a0c00000, 0x00000000ae280000, 0x00000000e0400000)
  object space 219648K, 66% used [0x00000000a0c00000,0x00000000a9a8d518,0x00000000ae280000)
 Metaspace       used 18484K, capacity 18671K, committed 18816K, reserved 1067008K
  class space    used 1762K, capacity 1794K, committed 1920K, reserved 1048576K

Card table byte_map: [0x00000000118a0000,0x0000000011ba0000] byte_map_base: 0x000000001139a000

Marking Bits: (ParMarkBitMap*) 0x000000006ab8d490
 Begin Bits: [0x00000000125a0000, 0x0000000013d70000)
 End Bits:   [0x0000000013d70000, 0x0000000015540000)

Polling page: 0x0000000000a20000

CodeCache: size=245760Kb used=9099Kb max_used=9134Kb free=236660Kb
 bounds [0x00000000024e0000, 0x0000000002de0000, 0x00000000114e0000]
 total_blobs=3388 nmethods=2504 adapters=797
 compilation: enabled

Compilation events (10 events):
Event: 17.948 Thread 0x000000001827d000 2526       3       processing.opengl.PJOGL::wrapFrontTexture (152 bytes)
Event: 17.948 Thread 0x000000001827d000 nmethod 2526 0x0000000002dd1190 code [0x0000000002dd13a0, 0x0000000002dd1d38]
Event: 17.956 Thread 0x000000001826d000 2527       4       processing.opengl.PGraphicsOpenGL::lightFalloff (16 bytes)
Event: 17.956 Thread 0x000000001826d000 nmethod 2527 0x0000000002671590 code [0x00000000026716c0, 0x0000000002671738]
Event: 18.173 Thread 0x000000001827c000 2528       4       java.util.HashSet::add (20 bytes)
Event: 18.174 Thread 0x000000001827c000 nmethod 2528 0x00000000025eb450 code [0x00000000025eb5a0, 0x00000000025eb668]
Event: 18.239 Thread 0x000000001827d000 2529       3       sun.reflect.ClassFileAssembler::emitShort (24 bytes)
Event: 18.239 Thread 0x000000001827d000 nmethod 2529 0x0000000002605310 code [0x00000000026054a0, 0x00000000026057d8]
Event: 18.240 Thread 0x000000001827d000 2530       3       sun.reflect.ByteVectorImpl::getLength (7 bytes)
Event: 18.240 Thread 0x000000001827d000 nmethod 2530 0x00000000025f0410 code [0x00000000025f0560, 0x00000000025f06b0]

GC Heap History (10 events):
Event: 13.668 GC heap before
{Heap before GC invocations=23 (full 3):
 PSYoungGen      total 335872K, used 296984K [0x00000000e0400000, 0x00000000f8280000, 0x0000000100000000)
  eden space 288256K, 99% used [0x00000000e0400000,0x00000000f1ca11a8,0x00000000f1d80000)
  from space 47616K, 20% used [0x00000000f1d80000,0x00000000f26e5020,0x00000000f4c00000)
  to   space 45568K, 0% used [0x00000000f5600000,0x00000000f5600000,0x00000000f8280000)
 ParOldGen       total 219648K, used 145941K [0x00000000a0c00000, 0x00000000ae280000, 0x00000000e0400000)
  object space 219648K, 66% used [0x00000000a0c00000,0x00000000a9a85518,0x00000000ae280000)
 Metaspace       used 18395K, capacity 18601K, committed 18816K, reserved 1067008K
  class space    used 1761K, capacity 1793K, committed 1920K, reserved 1048576K
Event: 13.672 GC heap after
Heap after GC invocations=23 (full 3):
 PSYoungGen      total 337920K, used 9620K [0x00000000e0400000, 0x00000000f7c80000, 0x0000000100000000)
  eden space 298496K, 0% used [0x00000000e0400000,0x00000000e0400000,0x00000000f2780000)
  from space 39424K, 24% used [0x00000000f5600000,0x00000000f5f65020,0x00000000f7c80000)
  to   space 43520K, 0% used [0x00000000f2780000,0x00000000f2780000,0x00000000f5200000)
 ParOldGen       total 219648K, used 145949K [0x00000000a0c00000, 0x00000000ae280000, 0x00000000e0400000)
  object space 219648K, 66% used [0x00000000a0c00000,0x00000000a9a87518,0x00000000ae280000)
 Metaspace       used 18395K, capacity 18601K, committed 18816K, reserved 1067008K
  class space    used 1761K, capacity 1793K, committed 1920K, reserved 1048576K
}
Event: 14.768 GC heap before
{Heap before GC invocations=24 (full 3):
 PSYoungGen      total 337920K, used 306075K [0x00000000e0400000, 0x00000000f7c80000, 0x0000000100000000)
  eden space 298496K, 99% used [0x00000000e0400000,0x00000000f2581e98,0x00000000f2780000)
  from space 39424K, 24% used [0x00000000f5600000,0x00000000f5f65020,0x00000000f7c80000)
  to   space 43520K, 0% used [0x00000000f2780000,0x00000000f2780000,0x00000000f5200000)
 ParOldGen       total 219648K, used 145949K [0x00000000a0c00000, 0x00000000ae280000, 0x00000000e0400000)
  object space 219648K, 66% used [0x00000000a0c00000,0x00000000a9a87518,0x00000000ae280000)
 Metaspace       used 18412K, capacity 18601K, committed 18816K, reserved 1067008K
  class space    used 1761K, capacity 1793K, committed 1920K, reserved 1048576K
Event: 14.776 GC heap after
Heap after GC invocations=24 (full 3):
 PSYoungGen      total 342016K, used 9620K [0x00000000e0400000, 0x00000000f8300000, 0x0000000100000000)
  eden space 298496K, 0% used [0x00000000e0400000,0x00000000e0400000,0x00000000f2780000)
  from space 43520K, 22% used [0x00000000f2780000,0x00000000f30e5020,0x00000000f5200000)
  to   space 41984K, 0% used [0x00000000f5a00000,0x00000000f5a00000,0x00000000f8300000)
 ParOldGen       total 219648K, used 145957K [0x00000000a0c00000, 0x00000000ae280000, 0x00000000e0400000)
  object space 219648K, 66% used [0x00000000a0c00000,0x00000000a9a89518,0x00000000ae280000)
 Metaspace       used 18412K, capacity 18601K, committed 18816K, reserved 1067008K
  class space    used 1761K, capacity 1793K, committed 1920K, reserved 1048576K
}
Event: 15.866 GC heap before
{Heap before GC invocations=25 (full 3):
 PSYoungGen      total 342016K, used 306097K [0x00000000e0400000, 0x00000000f8300000, 0x0000000100000000)
  eden space 298496K, 99% used [0x00000000e0400000,0x00000000f25877a8,0x00000000f2780000)
  from space 43520K, 22% used [0x00000000f2780000,0x00000000f30e5020,0x00000000f5200000)
  to   space 41984K, 0% used [0x00000000f5a00000,0x00000000f5a00000,0x00000000f8300000)
 ParOldGen       total 219648K, used 145957K [0x00000000a0c00000, 0x00000000ae280000, 0x00000000e0400000)
  object space 219648K, 66% used [0x00000000a0c00000,0x00000000a9a89518,0x00000000ae280000)
 Metaspace       used 18457K, capacity 18665K, committed 18816K, reserved 1067008K
  class space    used 1761K, capacity 1793K, committed 1920K, reserved 1048576K
Event: 15.870 GC heap after
Heap after GC invocations=25 (full 3):
 PSYoungGen      total 343040K, used 9652K [0x00000000e0400000, 0x00000000f7d80000, 0x0000000100000000)
  eden space 306688K, 0% used [0x00000000e0400000,0x00000000e0400000,0x00000000f2f80000)
  from space 36352K, 26% used [0x00000000f5a00000,0x00000000f636d020,0x00000000f7d80000)
  to   space 39936K, 0% used [0x00000000f2f80000,0x00000000f2f80000,0x00000000f5680000)
 ParOldGen       total 219648K, used 145965K [0x00000000a0c00000, 0x00000000ae280000, 0x00000000e0400000)
  object space 219648K, 66% used [0x00000000a0c00000,0x00000000a9a8b518,0x00000000ae280000)
 Metaspace       used 18457K, capacity 18665K, committed 18816K, reserved 1067008K
  class space    used 1761K, capacity 1793K, committed 1920K, reserved 1048576K
}
Event: 17.001 GC heap before
{Heap before GC invocations=26 (full 3):
 PSYoungGen      total 343040K, used 314803K [0x00000000e0400000, 0x00000000f7d80000, 0x0000000100000000)
  eden space 306688K, 99% used [0x00000000e0400000,0x00000000f2dfff10,0x00000000f2f80000)
  from space 36352K, 26% used [0x00000000f5a00000,0x00000000f636d020,0x00000000f7d80000)
  to   space 39936K, 0% used [0x00000000f2f80000,0x00000000f2f80000,0x00000000f5680000)
 ParOldGen       total 219648K, used 145965K [0x00000000a0c00000, 0x00000000ae280000, 0x00000000e0400000)
  object space 219648K, 66% used [0x00000000a0c00000,0x00000000a9a8b518,0x00000000ae280000)
 Metaspace       used 18461K, capacity 18665K, committed 18816K, reserved 1067008K
  class space    used 1761K, capacity 1793K, committed 1920K, reserved 1048576K
Event: 17.005 GC heap after
Heap after GC invocations=26 (full 3):
 PSYoungGen      total 346624K, used 9684K [0x00000000e0400000, 0x00000000f8080000, 0x0000000100000000)
  eden space 306688K, 0% used [0x00000000e0400000,0x00000000e0400000,0x00000000f2f80000)
  from space 39936K, 24% used [0x00000000f2f80000,0x00000000f38f5020,0x00000000f5680000)
  to   space 37888K, 0% used [0x00000000f5b80000,0x00000000f5b80000,0x00000000f8080000)
 ParOldGen       total 219648K, used 145965K [0x00000000a0c00000, 0x00000000ae280000, 0x00000000e0400000)
  object space 219648K, 66% used [0x00000000a0c00000,0x00000000a9a8b518,0x00000000ae280000)
 Metaspace       used 18461K, capacity 18665K, committed 18816K, reserved 1067008K
  class space    used 1761K, capacity 1793K, committed 1920K, reserved 1048576K
}
Event: 18.101 GC heap before
{Heap before GC invocations=27 (full 3):
 PSYoungGen      total 346624K, used 308330K [0x00000000e0400000, 0x00000000f8080000, 0x0000000100000000)
  eden space 306688K, 97% used [0x00000000e0400000,0x00000000f27a58c0,0x00000000f2f80000)
  from space 39936K, 24% used [0x00000000f2f80000,0x00000000f38f5020,0x00000000f5680000)
  to   space 37888K, 0% used [0x00000000f5b80000,0x00000000f5b80000,0x00000000f8080000)
 ParOldGen       total 219648K, used 145965K [0x00000000a0c00000, 0x00000000ae280000, 0x00000000e0400000)
  object space 219648K, 66% used [0x00000000a0c00000,0x00000000a9a8b518,0x00000000ae280000)
 Metaspace       used 18477K, capacity 18665K, committed 18816K, reserved 1067008K
  class space    used 1761K, capacity 1793K, committed 1920K, reserved 1048576K
Event: 18.104 GC heap after
Heap after GC invocations=27 (full 3):
 PSYoungGen      total 346624K, used 9684K [0x00000000e0400000, 0x00000000f7c80000, 0x0000000100000000)
  eden space 312832K, 0% used [0x00000000e0400000,0x00000000e0400000,0x00000000f3580000)
  from space 33792K, 28% used [0x00000000f5b80000,0x00000000f64f5020,0x00000000f7c80000)
  to   space 36352K, 0% used [0x00000000f3580000,0x00000000f3580000,0x00000000f5900000)
 ParOldGen       total 219648K, used 145973K [0x00000000a0c00000, 0x00000000ae280000, 0x00000000e0400000)
  object space 219648K, 66% used [0x00000000a0c00000,0x00000000a9a8d518,0x00000000ae280000)
 Metaspace       used 18477K, capacity 18665K, committed 18816K, reserved 1067008K
  class space    used 1761K, capacity 1793K, committed 1920K, reserved 1048576K
}

Deoptimization events (10 events):
Event: 7.406 Thread 0x0000000019482000 Uncommon trap: reason=speculate_class_check action=maybe_recompile pc=0x0000000002c00fa4 method=com.jogamp.common.nio.Buffers.getDirectBufferByteOffset(Ljava/lang/Object;)I @ 42
Event: 7.406 Thread 0x0000000019482000 Uncommon trap: reason=speculate_class_check action=maybe_recompile pc=0x0000000002c00fa4 method=com.jogamp.common.nio.Buffers.getDirectBufferByteOffset(Ljava/lang/Object;)I @ 42
Event: 7.439 Thread 0x0000000019482000 Uncommon trap: reason=speculate_class_check action=maybe_recompile pc=0x0000000002c08fbc method=com.jogamp.common.nio.Buffers.getDirectBufferByteOffset(Ljava/lang/Object;)I @ 53
Event: 7.439 Thread 0x0000000019482000 Uncommon trap: reason=speculate_class_check action=maybe_recompile pc=0x0000000002c08fbc method=com.jogamp.common.nio.Buffers.getDirectBufferByteOffset(Ljava/lang/Object;)I @ 53
Event: 7.526 Thread 0x0000000019482000 Uncommon trap: reason=speculate_class_check action=maybe_recompile pc=0x0000000002c13844 method=com.jogamp.common.nio.Buffers.getDirectBufferByteOffset(Ljava/lang/Object;)I @ 22
Event: 7.540 Thread 0x0000000019482000 Uncommon trap: reason=speculate_class_check action=maybe_recompile pc=0x0000000002c13844 method=com.jogamp.common.nio.Buffers.getDirectBufferByteOffset(Ljava/lang/Object;)I @ 22
Event: 7.557 Thread 0x0000000019482000 Uncommon trap: reason=speculate_class_check action=maybe_recompile pc=0x0000000002c18ee0 method=com.jogamp.common.nio.Buffers.getDirectBufferByteOffset(Ljava/lang/Object;)I @ 31
Event: 7.558 Thread 0x0000000019482000 Uncommon trap: reason=speculate_class_check action=maybe_recompile pc=0x0000000002c18ee0 method=com.jogamp.common.nio.Buffers.getDirectBufferByteOffset(Ljava/lang/Object;)I @ 31
Event: 7.606 Thread 0x0000000019482000 Uncommon trap: reason=speculate_class_check action=maybe_recompile pc=0x0000000002c1bbc0 method=com.jogamp.common.nio.Buffers.getDirectBufferByteOffset(Ljava/lang/Object;)I @ 42
Event: 7.606 Thread 0x0000000019482000 Uncommon trap: reason=speculate_class_check action=maybe_recompile pc=0x0000000002c1bbc0 method=com.jogamp.common.nio.Buffers.getDirectBufferByteOffset(Ljava/lang/Object;)I @ 42

Internal exceptions (10 events):
Event: 4.373 Thread 0x0000000019482000 Exception <a 'java/security/PrivilegedActionException'> (0x00000000e55b5b50) thrown at [D:\re\workspace\8-2-build-windows-amd64-cygwin\jdk8u25\1677\hotspot\src\share\vm\prims\jvm.cpp, line 1312]
Event: 4.373 Thread 0x0000000019482000 Exception <a 'java/security/PrivilegedActionException'> (0x00000000e55b96a8) thrown at [D:\re\workspace\8-2-build-windows-amd64-cygwin\jdk8u25\1677\hotspot\src\share\vm\prims\jvm.cpp, line 1312]
Event: 4.374 Thread 0x0000000019482000 Exception <a 'java/security/PrivilegedActionException'> (0x00000000e55bdea8) thrown at [D:\re\workspace\8-2-build-windows-amd64-cygwin\jdk8u25\1677\hotspot\src\share\vm\prims\jvm.cpp, line 1312]
Event: 4.374 Thread 0x0000000019482000 Exception <a 'java/security/PrivilegedActionException'> (0x00000000e55c15e0) thrown at [D:\re\workspace\8-2-build-windows-amd64-cygwin\jdk8u25\1677\hotspot\src\share\vm\prims\jvm.cpp, line 1312]
Event: 4.374 Thread 0x0000000019482000 Exception <a 'java/security/PrivilegedActionException'> (0x00000000e55c5528) thrown at [D:\re\workspace\8-2-build-windows-amd64-cygwin\jdk8u25\1677\hotspot\src\share\vm\prims\jvm.cpp, line 1312]
Event: 4.375 Thread 0x0000000019482000 Exception <a 'java/security/PrivilegedActionException'> (0x00000000e55cb438) thrown at [D:\re\workspace\8-2-build-windows-amd64-cygwin\jdk8u25\1677\hotspot\src\share\vm\prims\jvm.cpp, line 1312]
Event: 4.386 Thread 0x0000000019482000 Exception <a 'java/security/PrivilegedActionException'> (0x00000000e569f668) thrown at [D:\re\workspace\8-2-build-windows-amd64-cygwin\jdk8u25\1677\hotspot\src\share\vm\prims\jvm.cpp, line 1312]
Event: 5.946 Thread 0x0000000019482000 Exception <a 'java/security/PrivilegedActionException'> (0x00000000e62ad060) thrown at [D:\re\workspace\8-2-build-windows-amd64-cygwin\jdk8u25\1677\hotspot\src\share\vm\prims\jvm.cpp, line 1312]
Event: 5.954 Thread 0x0000000019482000 Exception <a 'java/security/PrivilegedActionException'> (0x00000000e62b9bb8) thrown at [D:\re\workspace\8-2-build-windows-amd64-cygwin\jdk8u25\1677\hotspot\src\share\vm\prims\jvm.cpp, line 1312]
Event: 5.987 Thread 0x0000000019482000 Exception <a 'java/security/PrivilegedActionException'> (0x00000000e6b7fcb8) thrown at [D:\re\workspace\8-2-build-windows-amd64-cygwin\jdk8u25\1677\hotspot\src\share\vm\prims\jvm.cpp, line 1312]

Events (10 events):
Event: 18.174 Thread 0x000000001827c000 flushing nmethod 0x0000000002609410
Event: 18.174 Thread 0x000000001827c000 flushing nmethod 0x000000000260be50
Event: 18.174 Thread 0x000000001827c000 flushing nmethod 0x0000000002610810
Event: 18.174 Thread 0x000000001827c000 flushing nmethod 0x0000000002611dd0
Event: 18.174 Thread 0x000000001827c000 flushing nmethod 0x0000000002624390
Event: 18.174 Thread 0x000000001827c000 flushing nmethod 0x000000000262ce50
Event: 18.239 loading class sun/reflect/BootstrapConstructorAccessorImpl
Event: 18.239 loading class sun/reflect/BootstrapConstructorAccessorImpl done
Event: 18.240 Thread 0x000000001827d000 flushing nmethod 0x0000000002683d10
Event: 18.273 Thread 0x00000000199da000 Thread exited: 0x00000000199da000


Dynamic libraries:
0x00007ff745f80000 - 0x00007ff745fb4000 	C:\Program Files\Java\jre1.8.0_25\bin\javaw.exe
0x00007ffee8210000 - 0x00007ffee83bc000 	C:\WINDOWS\SYSTEM32\ntdll.dll
0x00007ffee60e0000 - 0x00007ffee621e000 	C:\WINDOWS\system32\KERNEL32.DLL
0x00007ffee54e0000 - 0x00007ffee55f5000 	C:\WINDOWS\system32\KERNELBASE.dll
0x00007ffee3ee0000 - 0x00007ffee3f6e000 	C:\WINDOWS\system32\apphelp.dll
0x00007ffecebf0000 - 0x00007ffecec43000 	C:\WINDOWS\AppPatch\AppPatch64\AcGenral.DLL
0x00007ffee6010000 - 0x00007ffee60ba000 	C:\WINDOWS\system32\msvcrt.dll
0x00007ffee5190000 - 0x00007ffee51be000 	C:\WINDOWS\SYSTEM32\SspiCli.dll
0x00007ffee5fb0000 - 0x00007ffee6004000 	C:\WINDOWS\system32\SHLWAPI.dll
0x00007ffee7fd0000 - 0x00007ffee8147000 	C:\WINDOWS\system32\USER32.dll
0x00007ffee5bc0000 - 0x00007ffee5d54000 	C:\WINDOWS\system32\ole32.dll
0x00007ffee66a0000 - 0x00007ffee7bb8000 	C:\WINDOWS\system32\SHELL32.dll
0x00007ffee48f0000 - 0x00007ffee4911000 	C:\WINDOWS\SYSTEM32\USERENV.dll
0x00007ffee5e20000 - 0x00007ffee5eca000 	C:\WINDOWS\system32\ADVAPI32.dll
0x00007ffed7630000 - 0x00007ffed764e000 	C:\WINDOWS\SYSTEM32\MPR.dll
0x00007ffee63f0000 - 0x00007ffee6531000 	C:\WINDOWS\system32\RPCRT4.dll
0x00007ffee5ed0000 - 0x00007ffee5f29000 	C:\WINDOWS\SYSTEM32\sechost.dll
0x00007ffee7db0000 - 0x00007ffee7fc1000 	C:\WINDOWS\SYSTEM32\combase.dll
0x00007ffee6540000 - 0x00007ffee6691000 	C:\WINDOWS\system32\GDI32.dll
0x00007ffee5360000 - 0x00007ffee5375000 	C:\WINDOWS\SYSTEM32\profapi.dll
0x00007ffee3700000 - 0x00007ffee37b2000 	C:\WINDOWS\SYSTEM32\SHCORE.dll
0x00007ffee5a40000 - 0x00007ffee5a76000 	C:\WINDOWS\system32\IMM32.DLL
0x00007ffee6220000 - 0x00007ffee6372000 	C:\WINDOWS\system32\MSCTF.dll
0x00007ffee2a70000 - 0x00007ffee2ceb000 	C:\WINDOWS\WinSxS\amd64_microsoft.windows.common-controls_6595b64144ccf1df_6.0.9600.17415_none_6240486fecbd8abb\COMCTL32.dll
0x00000000696c0000 - 0x0000000069792000 	C:\Program Files\Java\jre1.8.0_25\bin\msvcr100.dll
0x000000006a3b0000 - 0x000000006ac0a000 	C:\Program Files\Java\jre1.8.0_25\bin\server\jvm.dll
0x00007ffecd2f0000 - 0x00007ffecd2f9000 	C:\WINDOWS\SYSTEM32\WSOCK32.dll
0x00007ffed77f0000 - 0x00007ffed7812000 	C:\WINDOWS\SYSTEM32\WINMM.dll
0x00007ffee7da0000 - 0x00007ffee7da7000 	C:\WINDOWS\system32\PSAPI.DLL
0x00007ffee5a80000 - 0x00007ffee5ada000 	C:\WINDOWS\system32\WS2_32.dll
0x00007ffed75d0000 - 0x00007ffed75fa000 	C:\WINDOWS\SYSTEM32\WINMMBASE.dll
0x00007ffee60d0000 - 0x00007ffee60d9000 	C:\WINDOWS\system32\NSI.dll
0x00007ffee5840000 - 0x00007ffee588f000 	C:\WINDOWS\SYSTEM32\cfgmgr32.dll
0x00007ffee4150000 - 0x00007ffee4178000 	C:\WINDOWS\SYSTEM32\DEVOBJ.dll
0x000000006b5e0000 - 0x000000006b5ef000 	C:\Program Files\Java\jre1.8.0_25\bin\verify.dll
0x000000006b5b0000 - 0x000000006b5d8000 	C:\Program Files\Java\jre1.8.0_25\bin\java.dll
0x000000006b590000 - 0x000000006b5a6000 	C:\Program Files\Java\jre1.8.0_25\bin\zip.dll
0x0000000069520000 - 0x00000000696b8000 	C:\Program Files\Java\jre1.8.0_25\bin\awt.dll
0x00007ffee5ae0000 - 0x00007ffee5ba1000 	C:\WINDOWS\system32\OLEAUT32.dll
0x00007ffee3500000 - 0x00007ffee3521000 	C:\WINDOWS\system32\DWMAPI.DLL
0x00007ffee3fd0000 - 0x00007ffee40f9000 	C:\WINDOWS\system32\uxtheme.dll
0x00007ffee41a0000 - 0x00007ffee41ab000 	C:\WINDOWS\SYSTEM32\kernel.appcore.dll
0x00007ffee5230000 - 0x00007ffee523b000 	C:\WINDOWS\SYSTEM32\CRYPTBASE.dll
0x00007ffee51c0000 - 0x00007ffee5223000 	C:\WINDOWS\SYSTEM32\bcryptPrimitives.dll
0x00007ffedaca0000 - 0x00007ffedaec1000 	C:\WINDOWS\system32\d3d9.dll
0x00007ffee3010000 - 0x00007ffee301a000 	C:\WINDOWS\SYSTEM32\VERSION.dll
0x00007ffee2870000 - 0x00007ffee29bb000 	C:\WINDOWS\SYSTEM32\aticfx64.dll
0x00007ffec0180000 - 0x00007ffec01a1000 	C:\WINDOWS\SYSTEM32\atiu9p64.dll
0x00007ffebed60000 - 0x00007ffebf545000 	C:\WINDOWS\SYSTEM32\atiumd64.dll
0x000000006acf0000 - 0x000000006b4a7000 	C:\WINDOWS\SYSTEM32\atiumd6a.dll
0x00000000694d0000 - 0x0000000069517000 	C:\Program Files\Java\jre1.8.0_25\bin\fontmanager.dll
0x00007ffee4d60000 - 0x00007ffee4d80000 	C:\WINDOWS\SYSTEM32\CRYPTSP.dll
0x00007ffee47e0000 - 0x00007ffee4816000 	C:\WINDOWS\system32\rsaenh.dll
0x00007ffee4e80000 - 0x00007ffee4ea6000 	C:\WINDOWS\SYSTEM32\bcrypt.dll
0x000000006b570000 - 0x000000006b58a000 	C:\Program Files\Java\jre1.8.0_25\bin\net.dll
0x00007ffee4b20000 - 0x00007ffee4b79000 	C:\WINDOWS\system32\mswsock.dll
0x00007ffee1080000 - 0x00007ffee10aa000 	C:\WINDOWS\SYSTEM32\IPHLPAPI.DLL
0x00007ffee2670000 - 0x00007ffee267a000 	C:\WINDOWS\SYSTEM32\WINNSI.DLL
0x00007ffee0160000 - 0x00007ffee0176000 	C:\WINDOWS\SYSTEM32\dhcpcsvc6.DLL
0x00007ffee02b0000 - 0x00007ffee02ca000 	C:\WINDOWS\SYSTEM32\dhcpcsvc.DLL
0x000000006a390000 - 0x000000006a3a1000 	C:\Program Files\Java\jre1.8.0_25\bin\nio.dll
0x00000000637c0000 - 0x00000000637cd000 	S:\Users\Ben\AppData\Local\Temp\jogamp_0000\file_cache\jln598727290799033324\jln3165444539714340524\gluegen-rt.dll
0x00000000694c0000 - 0x00000000694c7000 	C:\Program Files\Java\jre1.8.0_25\bin\jawt.dll
0x00000000023c0000 - 0x00000000023cd000 	S:\Users\Ben\AppData\Local\Temp\jogamp_0000\file_cache\jln598727290799033324\jln3165444539714340524\nativewindow_awt.dll
0x000000006c100000 - 0x000000006c10f000 	S:\Users\Ben\AppData\Local\Temp\jogamp_0000\file_cache\jln598727290799033324\jln3165444539714340524\nativewindow_win32.dll
0x00007ffeda9f0000 - 0x00007ffedab1b000 	C:\WINDOWS\SYSTEM32\OpenGL32.dll
0x00007ffedc550000 - 0x00007ffedc57e000 	C:\WINDOWS\SYSTEM32\GLU32.dll
0x00007ffecf530000 - 0x00007ffecf628000 	C:\WINDOWS\SYSTEM32\DDRAW.dll
0x00007ffee0d60000 - 0x00007ffee0d69000 	C:\WINDOWS\SYSTEM32\DCIMAN32.dll
0x0000000064500000 - 0x00000000645a2000 	S:\Users\Ben\AppData\Local\Temp\jogamp_0000\file_cache\jln598727290799033324\jln3165444539714340524\jogl_desktop.dll
0x00007ffedc8d0000 - 0x00007ffedc8e8000 	C:\WINDOWS\SYSTEM32\atig6pxx.dll
0x0000000067910000 - 0x00000000694bf000 	C:\WINDOWS\SYSTEM32\atio6axx.dll
0x00007ffee7bc0000 - 0x00007ffee7d9a000 	C:\WINDOWS\system32\SETUPAPI.dll
0x00007ffee10e0000 - 0x00007ffee1217000 	C:\WINDOWS\SYSTEM32\atiadlxx.dll
0x00007ffee16b0000 - 0x00007ffee182f000 	C:\WINDOWS\SYSTEM32\PROPSYS.dll
0x00007ffee3f70000 - 0x00007ffee3f82000 	C:\WINDOWS\SYSTEM32\WTSAPI32.dll
0x00007ffee57e0000 - 0x00007ffee5831000 	C:\WINDOWS\system32\WINTRUST.dll
0x00007ffee5600000 - 0x00007ffee57df000 	C:\WINDOWS\system32\CRYPT32.dll
0x00007ffee5410000 - 0x00007ffee5421000 	C:\WINDOWS\system32\MSASN1.dll
0x00007ffeda9c0000 - 0x00007ffeda9e9000 	C:\WINDOWS\SYSTEM32\atig6txx.dll
0x00007ffecea00000 - 0x00007ffeceb9c000 	O:\OneDrive\Workspace\ZZavatar\lib\user\KinectPV2\Kinect20.Face.dll
0x00007ffed76f0000 - 0x00007ffed7797000 	C:\WINDOWS\SYSTEM32\MSVCP110.dll
0x00007ffeddd70000 - 0x00007ffedde3e000 	C:\WINDOWS\SYSTEM32\MSVCR110.dll
0x00007ffedc7f0000 - 0x00007ffedc800000 	O:\OneDrive\Workspace\ZZavatar\lib\user\KinectPV2\KinectPV2.dll
0x00007ffeda070000 - 0x00007ffeda12a000 	C:\WINDOWS\SYSTEM32\Kinect20.dll
0x00007ffed7820000 - 0x00007ffed790b000 	C:\WINDOWS\SYSTEM32\MFPlat.DLL
0x00007ffed7650000 - 0x00007ffed7677000 	C:\WINDOWS\SYSTEM32\RTWorkQ.DLL
0x00007ffee3130000 - 0x00007ffee313c000 	C:\WINDOWS\SYSTEM32\AVRT.dll
0x00000000678c0000 - 0x0000000067901000 	C:\Program Files\Java\jre1.8.0_25\bin\t2k.dll
0x00007ffebeae0000 - 0x00007ffebec6a000 	C:\WINDOWS\SYSTEM32\dbghelp.dll

VM Arguments:
jvm_args: -Djava.library.path=O:\OneDrive\Workspace\ZZavatar\lib\base\video;O:\OneDrive\Workspace\ZZavatar\lib\base\video;O:\OneDrive\Workspace\ZZavatar\lib\base\video;O:\OneDrive\Workspace\ZZavatar\lib\base\core;O:\OneDrive\Workspace\ZZavatar\lib\base\core;O:\OneDrive\Workspace\ZZavatar\lib\base\core;O:\OneDrive\Workspace\ZZavatar\lib\base\core;O:\OneDrive\Workspace\ZZavatar\lib\base\core;O:\OneDrive\Workspace\ZZavatar\lib\base\core;O:\OneDrive\Workspace\ZZavatar\lib\base\core;O:\OneDrive\Workspace\ZZavatar\lib\base\core;O:\OneDrive\Workspace\ZZavatar\lib\base\core;O:\OneDrive\Workspace\ZZavatar\lib\base\core;O:\OneDrive\Workspace\ZZavatar\lib\base\core;O:\OneDrive\Workspace\ZZavatar\lib\base\core;O:\OneDrive\Workspace\ZZavatar\lib\base\core;O:\OneDrive\Workspace\ZZavatar\lib\base\core;O:\OneDrive\Workspace\ZZavatar\lib\base\core;O:\OneDrive\Workspace\ZZavatar\lib\user\Kinect4WinSDK;O:\OneDrive\Workspace\ZZavatar\lib\user\KinectPV2;O:\OneDrive\Workspace\ZZavatar\lib\user\SimpleOpenNI -Dfile.encoding=Cp1252 
java_command: zzavatar.ZZavatar
java_class_path (initial): O:\OneDrive\Workspace\ZZavatar\lib\base\video\gstreamer-java.jar;O:\OneDrive\Workspace\ZZavatar\lib\base\video\jna.jar;O:\OneDrive\Workspace\ZZavatar\lib\base\video\video.jar;O:\OneDrive\Workspace\ZZavatar\lib\base\core\core.jar;O:\OneDrive\Workspace\ZZavatar\lib\base\core\gluegen-rt-natives-linux-amd64.jar;O:\OneDrive\Workspace\ZZavatar\lib\base\core\gluegen-rt-natives-linux-armv6hf.jar;O:\OneDrive\Workspace\ZZavatar\lib\base\core\gluegen-rt-natives-linux-i586.jar;O:\OneDrive\Workspace\ZZavatar\lib\base\core\gluegen-rt-natives-macosx-universal.jar;O:\OneDrive\Workspace\ZZavatar\lib\base\core\gluegen-rt-natives-windows-amd64.jar;O:\OneDrive\Workspace\ZZavatar\lib\base\core\gluegen-rt-natives-windows-i586.jar;O:\OneDrive\Workspace\ZZavatar\lib\base\core\gluegen-rt.jar;O:\OneDrive\Workspace\ZZavatar\lib\base\core\jogl-all-natives-linux-amd64.jar;O:\OneDrive\Workspace\ZZavatar\lib\base\core\jogl-all-natives-linux-armv6hf.jar;O:\OneDrive\Workspace\ZZavatar\lib\base\core\jogl-all-natives-linux-i586.jar;O:\OneDrive\Workspace\ZZavatar\lib\base\core\jogl-all-natives-macosx-universal.jar;O:\OneDrive\Workspace\ZZavatar\lib\base\core\jogl-all-natives-windows-amd64.jar;O:\OneDrive\Workspace\ZZavatar\lib\base\core\jogl-all-natives-windows-i586.jar;O:\OneDrive\Workspace\ZZavatar\lib\base\core\jogl-all.jar;O:\OneDrive\Workspace\ZZavatar\lib\user\Kinect4WinSDK\Kinect4WinSDK.jar;O:\OneDrive\Workspace\ZZavatar\lib\user\KinectPV2\KinectPV2.jar;O:\OneDrive\Workspace\ZZavatar\lib\user\SimpleOpenNI\SimpleOpenNI.jar;O:\OneDrive\Workspace\ZZavatar\bin
Launcher Type: SUN_STANDARD

Environment Variables:
JAVA_HOME=C:\Program Files\Java\jdk1.8.0_25
PATH=C:/Program Files/Java/jre1.8.0_25/bin/server;C:/Program Files/Java/jre1.8.0_25/bin;C:/Program Files/Java/jre1.8.0_25/lib/amd64;C:\Program Files (x86)\NVIDIA Corporation\PhysX\Common;C:\ProgramData\Oracle\Java\javapath;C:\Program Files (x86)\Common Files\Intel\Shared Libraries\redist\intel64\compiler;C:\Program Files (x86)\Common Files\Intel\Shared Libraries\redist\ia32\compiler;C:\Program Files (x86)\Intel\iCLS Client\;C:\Program Files\Intel\iCLS Client\;C:\Program Files (x86)\AMD APP\bin\x86_64;C:\Program Files (x86)\AMD APP\bin\x86;C:\WINDOWS\system32;C:\WINDOWS;C:\WINDOWS\System32\Wbem;C:\WINDOWS\System32\WindowsPowerShell\v1.0\;C:\Program Files (x86)\ATI Technologies\ATI.ACE\Core-Static;C:\Program Files\Intel\Intel(R) Management Engine Components\DAL;C:\Program Files\Intel\Intel(R) Management Engine Components\IPT;C:\Program Files (x86)\Intel\Intel(R) Management Engine Components\DAL;C:\Program Files (x86)\Intel\Intel(R) Management Engine Components\IPT;C:\Program Files\Sony\VAIO Improvement\;C:\Program Files (x86)\Sony\VAIO Startup Setting Tool;C:\Program Files (x86)\Windows Kits\8.1\Windows Performance Toolkit\;C:\Program Files\Microsoft SQL Server\110\Tools\Binn\;C:\Program Files (x86)\Microsoft SDKs\TypeScript\1.0\;C:\Program Files\Microsoft\Web Platform Installer\;C:\Program Files (x86)\Java\jre1.8.0_25\bin;P:\Programs\Python27\Scripts;P:\Programs\Python27;C:\Program Files\Common Files\Autodesk Shared\;P:\Program Files\Programs;P:\Program Files\Games;P:\Programs\Eclipse;
USERNAME=Benoît
OS=Windows_NT
PROCESSOR_IDENTIFIER=Intel64 Family 6 Model 58 Stepping 9, GenuineIntel



---------------  S Y S T E M  ---------------

OS: Windows 8.1 , 64 bit Build 9600 

CPU:total 8 (4 cores per cpu, 2 threads per core) family 6 model 58 stepping 9, cmov, cx8, fxsr, mmx, sse, sse2, sse3, ssse3, sse4.1, sse4.2, popcnt, avx, aes, clmul, erms, ht, tsc, tscinvbit, tscinv

Memory: 4k page, physical 6237468k(1151652k free), swap 10431772k(2663132k free)

vm_info: Java HotSpot(TM) 64-Bit Server VM (25.25-b02) for windows-amd64 JRE (1.8.0_25-b18), built on Oct  7 2014 14:25:37 by "java_re" with MS VC++ 10.0 (VS2010)

time: Thu Apr 23 19:01:42 2015
elapsed time: 18 seconds (0d 0h 0m 18s)

