#
# A fatal error has been detected by the Java Runtime Environment:
#
#  EXCEPTION_ACCESS_VIOLATION (0xc0000005) at pc=0x00007ffedc7f4126, pid=10068, tid=2976
#
# JRE version: Java(TM) SE Runtime Environment (8.0_25-b18) (build 1.8.0_25-b18)
# Java VM: Java HotSpot(TM) 64-Bit Server VM (25.25-b02 mixed mode windows-amd64 compressed oops)
# Problematic frame:
# C  [KinectPV2.dll+0x4126]
#
# Failed to write core dump. Minidumps are not enabled by default on client versions of Windows
#
# If you would like to submit a bug report, please visit:
#   http://bugreport.sun.com/bugreport/crash.jsp
# The crash happened outside the Java Virtual Machine in native code.
# See problematic frame for where to report the bug.
#

---------------  T H R E A D  ---------------

Current thread (0x00000000196b2800):  JavaThread "Animation Thread" [_thread_in_native, id=2976, stack(0x000000001c7a0000,0x000000001c8a0000)]

siginfo: ExceptionCode=0xc0000005, reading address 0x000000ff00000000

Registers:
RAX=0x0000000000000001, RBX=0x000000002dd9f040, RCX=0x000000ff00000000, RDX=0x0000000000000000
RSP=0x000000001c89e700, RBP=0x0000000000000006, RSI=0x0000000000000000, RDI=0x000000001ecddec8
R8 =0x000000001c89e3c8, R9 =0x0000000000008000, R10=0x0000000000000000, R11=0x000000001c89e600
R12=0x0000000000000000, R13=0x000000001f32d528, R14=0x0000000000000000, R15=0x00000000196b2800
RIP=0x00007ffedc7f4126, EFLAGS=0x0000000000010206

Top of Stack: (sp=0x000000001c89e700)
0x000000001c89e700:   000000001ecdde98 000000001f6f03d8
0x000000001c89e710:   000000001ecdde98 0000000000000000
0x000000001c89e720:   000000001c89e7f0 00007ffedc7f1fba
0x000000001c89e730:   000000001c89e7f0 000000001c89e7d0
0x000000001c89e740:   00000000196b29e8 000000001962ffc0
0x000000001c89e750:   00000000a3b14698 00000000026a5b74
0x000000001c89e760:   000000001f32d528 0000000000000021
0x000000001c89e770:   0000000000000021 00000000196b2800
0x000000001c89e780:   000000001c89e848 00000000026a58a2
0x000000001c89e790:   000000001c89e790 000000001f32d528
0x000000001c89e7a0:   000000001c89e7f0 000000001f32e4b8
0x000000001c89e7b0:   0000000000000000 000000001f32d528
0x000000001c89e7c0:   0000000000000000 000000001c89e7f0
0x000000001c89e7d0:   000000001c89e838 0000000002697a2d
0x000000001c89e7e0:   0000000000000000 000000000269f6b8
0x000000001c89e7f0:   00000000a38c7070 000000001c89e7f8 

Instructions: (pc=0x00007ffedc7f4126)
0x00007ffedc7f4106:   8f 90 00 00 00 48 85 c9 74 0d 48 8b 01 ff 50 10
0x00007ffedc7f4116:   4c 89 b7 90 00 00 00 48 8b 4f 30 48 85 c9 74 0a
0x00007ffedc7f4126:   48 8b 01 ff 50 10 4c 89 77 30 48 8b 4f 60 48 85
0x00007ffedc7f4136:   c9 74 0a 48 8b 01 ff 50 10 4c 89 77 60 48 83 c7 


Register to memory mapping:

RAX=0x0000000000000001 is an unknown value
RBX=0x000000002dd9f040 is an unknown value
RCX=0x000000ff00000000 is an unknown value
RDX=0x0000000000000000 is an unknown value
RSP=0x000000001c89e700 is pointing into the stack for thread: 0x00000000196b2800
RBP=0x0000000000000006 is an unknown value
RSI=0x0000000000000000 is an unknown value
RDI=0x000000001ecddec8 is an unknown value
R8 =0x000000001c89e3c8 is pointing into the stack for thread: 0x00000000196b2800
R9 =0x0000000000008000 is an unknown value
R10=0x0000000000000000 is an unknown value
R11=0x000000001c89e600 is pointing into the stack for thread: 0x00000000196b2800
R12=0x0000000000000000 is an unknown value
R13={method} {0x000000001f32d530} 'jniStopDevice' '()V' in 'KinectPV2/Device'
R14=0x0000000000000000 is an unknown value
R15=0x00000000196b2800 is a thread


Stack: [0x000000001c7a0000,0x000000001c8a0000],  sp=0x000000001c89e700,  free space=1017k
Native frames: (J=compiled Java code, j=interpreted, Vv=VM code, C=native code)
C  [KinectPV2.dll+0x4126]
C  [KinectPV2.dll+0x1fba]
C  0x00000000026a5b74

Java frames: (J=compiled Java code, j=interpreted, Vv=VM code)
j  KinectPV2.Device.jniStopDevice()V+0
j  KinectPV2.Device.stopDevice()V+41
j  KinectPV2.KinectPV2.dispose()V+14
v  ~StubRoutines::call_stub
j  sun.reflect.NativeMethodAccessorImpl.invoke0(Ljava/lang/reflect/Method;Ljava/lang/Object;[Ljava/lang/Object;)Ljava/lang/Object;+0
j  sun.reflect.NativeMethodAccessorImpl.invoke(Ljava/lang/Object;[Ljava/lang/Object;)Ljava/lang/Object;+100
j  sun.reflect.DelegatingMethodAccessorImpl.invoke(Ljava/lang/Object;[Ljava/lang/Object;)Ljava/lang/Object;+6
j  java.lang.reflect.Method.invoke(Ljava/lang/Object;[Ljava/lang/Object;)Ljava/lang/Object;+56
j  processing.core.PApplet$RegisteredMethods.handle([Ljava/lang/Object;)V+18
J 1855 C1 processing.core.PApplet.handleMethods(Ljava/lang/String;)V (21 bytes) @ 0x0000000002d528dc [0x0000000002d52620+0x2bc]
j  processing.core.PApplet.dispose()V+35
j  processing.core.PApplet.run()V+283
j  java.lang.Thread.run()V+11
v  ~StubRoutines::call_stub

---------------  P R O C E S S  ---------------

Java Threads: ( => current thread )
  0x000000001991a000 JavaThread "Animation Thread-SharedResourceRunner" daemon [_thread_blocked, id=2208, stack(0x000000001c1b0000,0x000000001c2b0000)]
  0x000000000245e800 JavaThread "DestroyJavaVM" [_thread_blocked, id=8016, stack(0x0000000002460000,0x0000000002560000)]
  0x00000000196b4000 JavaThread "D3D Screen Updater" daemon [_thread_blocked, id=10092, stack(0x000000001caa0000,0x000000001cba0000)]
=>0x00000000196b2800 JavaThread "Animation Thread" [_thread_in_native, id=2976, stack(0x000000001c7a0000,0x000000001c8a0000)]
  0x0000000019684800 JavaThread "Image Fetcher 0" daemon [_thread_blocked, id=9576, stack(0x000000001c6a0000,0x000000001c7a0000)]
  0x000000001962d800 JavaThread "AWT-EventQueue-0" [_thread_blocked, id=4036, stack(0x000000001c5a0000,0x000000001c6a0000)]
  0x00000000187ae000 JavaThread "AWT-Windows" daemon [_thread_in_native, id=2420, stack(0x0000000019ef0000,0x0000000019ff0000)]
  0x00000000187ad000 JavaThread "AWT-Shutdown" [_thread_blocked, id=9992, stack(0x0000000019df0000,0x0000000019ef0000)]
  0x00000000195e3000 JavaThread "Java2D Disposer" daemon [_thread_blocked, id=10008, stack(0x0000000019cf0000,0x0000000019df0000)]
  0x000000001846d000 JavaThread "Service Thread" daemon [_thread_blocked, id=10128, stack(0x0000000018db0000,0x0000000018eb0000)]
  0x00000000183f4000 JavaThread "C1 CompilerThread3" daemon [_thread_blocked, id=7700, stack(0x0000000018cb0000,0x0000000018db0000)]
  0x00000000183f0000 JavaThread "C2 CompilerThread2" daemon [_thread_blocked, id=9980, stack(0x0000000018bb0000,0x0000000018cb0000)]
  0x00000000183e8000 JavaThread "C2 CompilerThread1" daemon [_thread_blocked, id=8704, stack(0x0000000018ab0000,0x0000000018bb0000)]
  0x00000000183dd800 JavaThread "C2 CompilerThread0" daemon [_thread_blocked, id=7580, stack(0x00000000189b0000,0x0000000018ab0000)]
  0x00000000183d7000 JavaThread "Attach Listener" daemon [_thread_blocked, id=7276, stack(0x00000000188b0000,0x00000000189b0000)]
  0x00000000183d6000 JavaThread "Signal Dispatcher" daemon [_thread_blocked, id=7944, stack(0x00000000187b0000,0x00000000188b0000)]
  0x000000000268a000 JavaThread "Finalizer" daemon [_thread_blocked, id=7160, stack(0x00000000182b0000,0x00000000183b0000)]
  0x00000000163dc800 JavaThread "Reference Handler" daemon [_thread_blocked, id=8444, stack(0x00000000181b0000,0x00000000182b0000)]

Other Threads:
  0x00000000163d8800 VMThread [stack: 0x00000000180b0000,0x00000000181b0000] [id=4128]
  0x0000000018477000 WatcherThread [stack: 0x0000000018eb0000,0x0000000018fb0000] [id=884]

VM state:not at safepoint (normal execution)

VM Mutex/Monitor currently owned by a thread: None

Heap:
 PSYoungGen      total 260096K, used 137619K [0x00000000e0400000, 0x00000000f6380000, 0x0000000100000000)
  eden space 199168K, 64% used [0x00000000e0400000,0x00000000e80dfdf8,0x00000000ec680000)
  from space 60928K, 15% used [0x00000000ec680000,0x00000000ed005020,0x00000000f0200000)
  to   space 59392K, 0% used [0x00000000f2980000,0x00000000f2980000,0x00000000f6380000)
 ParOldGen       total 229376K, used 145900K [0x00000000a0c00000, 0x00000000aec00000, 0x00000000e0400000)
  object space 229376K, 63% used [0x00000000a0c00000,0x00000000a9a7b250,0x00000000aec00000)
 Metaspace       used 18090K, capacity 18273K, committed 18560K, reserved 1067008K
  class space    used 1756K, capacity 1793K, committed 1920K, reserved 1048576K

Card table byte_map: [0x0000000011a50000,0x0000000011d50000] byte_map_base: 0x000000001154a000

Marking Bits: (ParMarkBitMap*) 0x000000006ab8d490
 Begin Bits: [0x0000000012750000, 0x0000000013f20000)
 End Bits:   [0x0000000013f20000, 0x00000000156f0000)

Polling page: 0x0000000000af0000

CodeCache: size=245760Kb used=7242Kb max_used=7257Kb free=238517Kb
 bounds [0x0000000002690000, 0x0000000002db0000, 0x0000000011690000]
 total_blobs=2876 nmethods=1993 adapters=797
 compilation: enabled

Compilation events (10 events):
Event: 5.483 Thread 0x00000000183f4000 1989       1       sun.awt.windows.WObjectPeer::isDisposed (5 bytes)
Event: 5.484 Thread 0x00000000183f4000 nmethod 1989 0x0000000002da5150 code [0x0000000002da52a0, 0x0000000002da53b0]
Event: 5.491 Thread 0x00000000183f4000 1990       3       java.lang.Integer::numberOfLeadingZeros (76 bytes)
Event: 5.491 Thread 0x00000000183f4000 nmethod 1990 0x0000000002da4cd0 code [0x0000000002da4e40, 0x0000000002da50f0]
Event: 5.492 Thread 0x00000000183f0000 1991       4       processing.opengl.PShader::contextIsOutdated (74 bytes)
Event: 5.493 Thread 0x00000000183f0000 nmethod 1991 0x0000000002da1c10 code [0x0000000002da1d80, 0x0000000002da1e88]
Event: 5.493 Thread 0x00000000183e8000 1992       4       processing.opengl.PGraphicsOpenGL$Tessellator::splitRawIndices (657 bytes)
Event: 5.495 Thread 0x00000000183f4000 1993       1       javax.media.nativewindow.DefaultGraphicsConfiguration::getChosenCapabilities (5 bytes)
Event: 5.495 Thread 0x00000000183f4000 nmethod 1993 0x0000000002da1950 code [0x0000000002da1aa0, 0x0000000002da1bb0]
Event: 5.511 Thread 0x00000000183e8000 nmethod 1992 0x0000000002dabdd0 code [0x0000000002dac000, 0x0000000002dacdb8]

GC Heap History (10 events):
Event: 3.242 GC heap before
{Heap before GC invocations=12 (full 2):
 PSYoungGen      total 172032K, used 164631K [0x00000000e0400000, 0x00000000f1d00000, 0x0000000100000000)
  eden space 122368K, 93% used [0x00000000e0400000,0x00000000e7449d68,0x00000000e7b80000)
  from space 49664K, 99% used [0x00000000e7b80000,0x00000000eabfc130,0x00000000eac00000)
  to   space 64000K, 0% used [0x00000000ede80000,0x00000000ede80000,0x00000000f1d00000)
 ParOldGen       total 159232K, used 109590K [0x00000000a0c00000, 0x00000000aa780000, 0x00000000e0400000)
  object space 159232K, 68% used [0x00000000a0c00000,0x00000000a7705ad8,0x00000000aa780000)
 Metaspace       used 17329K, capacity 17531K, committed 17664K, reserved 1064960K
  class space    used 1704K, capacity 1760K, committed 1792K, reserved 1048576K
Event: 3.270 GC heap after
Heap after GC invocations=12 (full 2):
 PSYoungGen      total 219648K, used 17660K [0x00000000e0400000, 0x00000000f1980000, 0x0000000100000000)
  eden space 159232K, 0% used [0x00000000e0400000,0x00000000e0400000,0x00000000e9f80000)
  from space 60416K, 29% used [0x00000000ede80000,0x00000000eefbf100,0x00000000f1980000)
  to   space 62464K, 0% used [0x00000000e9f80000,0x00000000e9f80000,0x00000000edc80000)
 ParOldGen       total 159232K, used 142638K [0x00000000a0c00000, 0x00000000aa780000, 0x00000000e0400000)
  object space 159232K, 89% used [0x00000000a0c00000,0x00000000a974bb78,0x00000000aa780000)
 Metaspace       used 17329K, capacity 17531K, committed 17664K, reserved 1064960K
  class space    used 1704K, capacity 1760K, committed 1792K, reserved 1048576K
}
Event: 3.270 GC heap before
{Heap before GC invocations=13 (full 3):
 PSYoungGen      total 219648K, used 17660K [0x00000000e0400000, 0x00000000f1980000, 0x0000000100000000)
  eden space 159232K, 0% used [0x00000000e0400000,0x00000000e0400000,0x00000000e9f80000)
  from space 60416K, 29% used [0x00000000ede80000,0x00000000eefbf100,0x00000000f1980000)
  to   space 62464K, 0% used [0x00000000e9f80000,0x00000000e9f80000,0x00000000edc80000)
 ParOldGen       total 159232K, used 142638K [0x00000000a0c00000, 0x00000000aa780000, 0x00000000e0400000)
  object space 159232K, 89% used [0x00000000a0c00000,0x00000000a974bb78,0x00000000aa780000)
 Metaspace       used 17329K, capacity 17531K, committed 17664K, reserved 1064960K
  class space    used 1704K, capacity 1760K, committed 1792K, reserved 1048576K
Event: 3.370 GC heap after
Heap after GC invocations=13 (full 3):
 PSYoungGen      total 219648K, used 0K [0x00000000e0400000, 0x00000000f1980000, 0x0000000100000000)
  eden space 159232K, 0% used [0x00000000e0400000,0x00000000e0400000,0x00000000e9f80000)
  from space 60416K, 0% used [0x00000000ede80000,0x00000000ede80000,0x00000000f1980000)
  to   space 62464K, 0% used [0x00000000e9f80000,0x00000000e9f80000,0x00000000edc80000)
 ParOldGen       total 229376K, used 145876K [0x00000000a0c00000, 0x00000000aec00000, 0x00000000e0400000)
  object space 229376K, 63% used [0x00000000a0c00000,0x00000000a9a75250,0x00000000aec00000)
 Metaspace       used 17329K, capacity 17531K, committed 17664K, reserved 1064960K
  class space    used 1704K, capacity 1760K, committed 1792K, reserved 1048576K
}
Event: 3.804 GC heap before
{Heap before GC invocations=14 (full 3):
 PSYoungGen      total 219648K, used 153041K [0x00000000e0400000, 0x00000000f1980000, 0x0000000100000000)
  eden space 159232K, 96% used [0x00000000e0400000,0x00000000e9974788,0x00000000e9f80000)
  from space 60416K, 0% used [0x00000000ede80000,0x00000000ede80000,0x00000000f1980000)
  to   space 62464K, 0% used [0x00000000e9f80000,0x00000000e9f80000,0x00000000edc80000)
 ParOldGen       total 229376K, used 145876K [0x00000000a0c00000, 0x00000000aec00000, 0x00000000e0400000)
  object space 229376K, 63% used [0x00000000a0c00000,0x00000000a9a75250,0x00000000aec00000)
 Metaspace       used 17440K, capacity 17601K, committed 17664K, reserved 1064960K
  class space    used 1705K, capacity 1761K, committed 1792K, reserved 1048576K
Event: 3.807 GC heap after
Heap after GC invocations=14 (full 3):
 PSYoungGen      total 221696K, used 9140K [0x00000000e0400000, 0x00000000f4580000, 0x0000000100000000)
  eden space 159232K, 0% used [0x00000000e0400000,0x00000000e0400000,0x00000000e9f80000)
  from space 62464K, 14% used [0x00000000e9f80000,0x00000000ea86d020,0x00000000edc80000)
  to   space 61952K, 0% used [0x00000000f0900000,0x00000000f0900000,0x00000000f4580000)
 ParOldGen       total 229376K, used 145884K [0x00000000a0c00000, 0x00000000aec00000, 0x00000000e0400000)
  object space 229376K, 63% used [0x00000000a0c00000,0x00000000a9a77250,0x00000000aec00000)
 Metaspace       used 17440K, capacity 17601K, committed 17664K, reserved 1064960K
  class space    used 1705K, capacity 1761K, committed 1792K, reserved 1048576K
}
Event: 4.369 GC heap before
{Heap before GC invocations=15 (full 3):
 PSYoungGen      total 221696K, used 164232K [0x00000000e0400000, 0x00000000f4580000, 0x0000000100000000)
  eden space 159232K, 97% used [0x00000000e0400000,0x00000000e9b75388,0x00000000e9f80000)
  from space 62464K, 14% used [0x00000000e9f80000,0x00000000ea86d020,0x00000000edc80000)
  to   space 61952K, 0% used [0x00000000f0900000,0x00000000f0900000,0x00000000f4580000)
 ParOldGen       total 229376K, used 145884K [0x00000000a0c00000, 0x00000000aec00000, 0x00000000e0400000)
  object space 229376K, 63% used [0x00000000a0c00000,0x00000000a9a77250,0x00000000aec00000)
 Metaspace       used 17493K, capacity 17729K, committed 17920K, reserved 1064960K
  class space    used 1705K, capacity 1761K, committed 1792K, reserved 1048576K
Event: 4.373 GC heap after
Heap after GC invocations=15 (full 3):
 PSYoungGen      total 252928K, used 9140K [0x00000000e0400000, 0x00000000f3d80000, 0x0000000100000000)
  eden space 199168K, 0% used [0x00000000e0400000,0x00000000e0400000,0x00000000ec680000)
  from space 53760K, 17% used [0x00000000f0900000,0x00000000f11ed020,0x00000000f3d80000)
  to   space 60928K, 0% used [0x00000000ec680000,0x00000000ec680000,0x00000000f0200000)
 ParOldGen       total 229376K, used 145892K [0x00000000a0c00000, 0x00000000aec00000, 0x00000000e0400000)
  object space 229376K, 63% used [0x00000000a0c00000,0x00000000a9a79250,0x00000000aec00000)
 Metaspace       used 17493K, capacity 17729K, committed 17920K, reserved 1064960K
  class space    used 1705K, capacity 1761K, committed 1792K, reserved 1048576K
}
Event: 5.068 GC heap before
{Heap before GC invocations=16 (full 3):
 PSYoungGen      total 252928K, used 204521K [0x00000000e0400000, 0x00000000f3d80000, 0x0000000100000000)
  eden space 199168K, 98% used [0x00000000e0400000,0x00000000ec2cd798,0x00000000ec680000)
  from space 53760K, 17% used [0x00000000f0900000,0x00000000f11ed020,0x00000000f3d80000)
  to   space 60928K, 0% used [0x00000000ec680000,0x00000000ec680000,0x00000000f0200000)
 ParOldGen       total 229376K, used 145892K [0x00000000a0c00000, 0x00000000aec00000, 0x00000000e0400000)
  object space 229376K, 63% used [0x00000000a0c00000,0x00000000a9a79250,0x00000000aec00000)
 Metaspace       used 18069K, capacity 18273K, committed 18560K, reserved 1067008K
  class space    used 1756K, capacity 1793K, committed 1920K, reserved 1048576K
Event: 5.071 GC heap after
Heap after GC invocations=16 (full 3):
 PSYoungGen      total 260096K, used 9748K [0x00000000e0400000, 0x00000000f6380000, 0x0000000100000000)
  eden space 199168K, 0% used [0x00000000e0400000,0x00000000e0400000,0x00000000ec680000)
  from space 60928K, 15% used [0x00000000ec680000,0x00000000ed005020,0x00000000f0200000)
  to   space 59392K, 0% used [0x00000000f2980000,0x00000000f2980000,0x00000000f6380000)
 ParOldGen       total 229376K, used 145900K [0x00000000a0c00000, 0x00000000aec00000, 0x00000000e0400000)
  object space 229376K, 63% used [0x00000000a0c00000,0x00000000a9a7b250,0x00000000aec00000)
 Metaspace       used 18069K, capacity 18273K, committed 18560K, reserved 1067008K
  class space    used 1756K, capacity 1793K, committed 1920K, reserved 1048576K
}

Deoptimization events (10 events):
Event: 3.068 Thread 0x000000001962d800 Uncommon trap: reason=unreached action=reinterpret pc=0x0000000002a8e3c0 method=processing.opengl.PGraphicsOpenGL$InGeometry.addVertex(FFFIFFFFFIFIIIFIZ)I @ 218
Event: 3.442 Thread 0x000000001962d800 Uncommon trap: reason=unreached action=reinterpret pc=0x000000000294e970 method=java.lang.reflect.AccessibleObject.setAccessible0(Ljava/lang/reflect/AccessibleObject;Z)V @ 4
Event: 4.625 Thread 0x000000001962d800 Uncommon trap: reason=bimorphic action=maybe_recompile pc=0x0000000002c8b110 method=java.util.ArrayList.indexOf(Ljava/lang/Object;)I @ 51
Event: 4.626 Thread 0x000000001962d800 Uncommon trap: reason=bimorphic action=maybe_recompile pc=0x0000000002c8b110 method=java.util.ArrayList.indexOf(Ljava/lang/Object;)I @ 51
Event: 4.626 Thread 0x000000001962d800 Uncommon trap: reason=bimorphic action=maybe_recompile pc=0x0000000002c8b110 method=java.util.ArrayList.indexOf(Ljava/lang/Object;)I @ 51
Event: 4.626 Thread 0x000000001962d800 Uncommon trap: reason=bimorphic action=maybe_recompile pc=0x0000000002c8b110 method=java.util.ArrayList.indexOf(Ljava/lang/Object;)I @ 51
Event: 4.694 Thread 0x000000001962d800 Uncommon trap: reason=class_check action=maybe_recompile pc=0x0000000002882f68 method=java.lang.String.equals(Ljava/lang/Object;)Z @ 8
Event: 4.694 Thread 0x000000001962d800 Uncommon trap: reason=class_check action=maybe_recompile pc=0x0000000002882f68 method=java.lang.String.equals(Ljava/lang/Object;)Z @ 8
Event: 4.694 Thread 0x000000001962d800 Uncommon trap: reason=class_check action=maybe_recompile pc=0x0000000002882f68 method=java.lang.String.equals(Ljava/lang/Object;)Z @ 8
Event: 4.694 Thread 0x000000001962d800 Uncommon trap: reason=class_check action=maybe_recompile pc=0x0000000002882f68 method=java.lang.String.equals(Ljava/lang/Object;)Z @ 8

Internal exceptions (10 events):
Event: 2.896 Thread 0x000000001962d800 Exception <a 'java/security/PrivilegedActionException'> (0x00000000e4971398) thrown at [D:\re\workspace\8-2-build-windows-amd64-cygwin\jdk8u25\1677\hotspot\src\share\vm\prims\jvm.cpp, line 1312]
Event: 2.897 Thread 0x000000001962d800 Exception <a 'java/security/PrivilegedActionException'> (0x00000000e4974ef0) thrown at [D:\re\workspace\8-2-build-windows-amd64-cygwin\jdk8u25\1677\hotspot\src\share\vm\prims\jvm.cpp, line 1312]
Event: 2.897 Thread 0x000000001962d800 Exception <a 'java/security/PrivilegedActionException'> (0x00000000e49796f0) thrown at [D:\re\workspace\8-2-build-windows-amd64-cygwin\jdk8u25\1677\hotspot\src\share\vm\prims\jvm.cpp, line 1312]
Event: 2.897 Thread 0x000000001962d800 Exception <a 'java/security/PrivilegedActionException'> (0x00000000e497ce28) thrown at [D:\re\workspace\8-2-build-windows-amd64-cygwin\jdk8u25\1677\hotspot\src\share\vm\prims\jvm.cpp, line 1312]
Event: 2.897 Thread 0x000000001962d800 Exception <a 'java/security/PrivilegedActionException'> (0x00000000e4980d70) thrown at [D:\re\workspace\8-2-build-windows-amd64-cygwin\jdk8u25\1677\hotspot\src\share\vm\prims\jvm.cpp, line 1312]
Event: 2.898 Thread 0x000000001962d800 Exception <a 'java/security/PrivilegedActionException'> (0x00000000e4986c80) thrown at [D:\re\workspace\8-2-build-windows-amd64-cygwin\jdk8u25\1677\hotspot\src\share\vm\prims\jvm.cpp, line 1312]
Event: 2.913 Thread 0x000000001962d800 Exception <a 'java/security/PrivilegedActionException'> (0x00000000e4a62290) thrown at [D:\re\workspace\8-2-build-windows-amd64-cygwin\jdk8u25\1677\hotspot\src\share\vm\prims\jvm.cpp, line 1312]
Event: 4.709 Thread 0x000000001962d800 Exception <a 'java/security/PrivilegedActionException'> (0x00000000e625d7e8) thrown at [D:\re\workspace\8-2-build-windows-amd64-cygwin\jdk8u25\1677\hotspot\src\share\vm\prims\jvm.cpp, line 1312]
Event: 4.715 Thread 0x000000001962d800 Exception <a 'java/security/PrivilegedActionException'> (0x00000000e626a340) thrown at [D:\re\workspace\8-2-build-windows-amd64-cygwin\jdk8u25\1677\hotspot\src\share\vm\prims\jvm.cpp, line 1312]
Event: 4.750 Thread 0x000000001962d800 Exception <a 'java/security/PrivilegedActionException'> (0x00000000e6273400) thrown at [D:\re\workspace\8-2-build-windows-amd64-cygwin\jdk8u25\1677\hotspot\src\share\vm\prims\jvm.cpp, line 1312]

Events (10 events):
Event: 5.078 Executing VM operation: RevokeBias done
Event: 5.078 Executing VM operation: RevokeBias
Event: 5.078 Executing VM operation: RevokeBias done
Event: 5.078 Executing VM operation: RevokeBias
Event: 5.078 Executing VM operation: RevokeBias done
Event: 5.078 Executing VM operation: RevokeBias
Event: 5.078 Executing VM operation: RevokeBias done
Event: 5.078 Executing VM operation: BulkRevokeBias
Event: 5.078 Executing VM operation: BulkRevokeBias done
Event: 5.528 Thread 0x00000000196a2000 Thread exited: 0x00000000196a2000


Dynamic libraries:
0x00007ff745f80000 - 0x00007ff745fb4000 	C:\Program Files\Java\jre1.8.0_25\bin\javaw.exe
0x00007ffee8210000 - 0x00007ffee83bc000 	C:\WINDOWS\SYSTEM32\ntdll.dll
0x00007ffee60e0000 - 0x00007ffee621e000 	C:\WINDOWS\system32\KERNEL32.DLL
0x00007ffee54e0000 - 0x00007ffee55f5000 	C:\WINDOWS\system32\KERNELBASE.dll
0x00007ffee3ee0000 - 0x00007ffee3f6e000 	C:\WINDOWS\system32\apphelp.dll
0x00007ffecebf0000 - 0x00007ffecec43000 	C:\WINDOWS\AppPatch\AppPatch64\AcGenral.DLL
0x00007ffee6010000 - 0x00007ffee60ba000 	C:\WINDOWS\system32\msvcrt.dll
0x00007ffee5190000 - 0x00007ffee51be000 	C:\WINDOWS\SYSTEM32\SspiCli.dll
0x00007ffee5fb0000 - 0x00007ffee6004000 	C:\WINDOWS\system32\SHLWAPI.dll
0x00007ffee7fd0000 - 0x00007ffee8147000 	C:\WINDOWS\system32\USER32.dll
0x00007ffee5bc0000 - 0x00007ffee5d54000 	C:\WINDOWS\system32\ole32.dll
0x00007ffee66a0000 - 0x00007ffee7bb8000 	C:\WINDOWS\system32\SHELL32.dll
0x00007ffee48f0000 - 0x00007ffee4911000 	C:\WINDOWS\SYSTEM32\USERENV.dll
0x00007ffee5e20000 - 0x00007ffee5eca000 	C:\WINDOWS\system32\ADVAPI32.dll
0x00007ffed7630000 - 0x00007ffed764e000 	C:\WINDOWS\SYSTEM32\MPR.dll
0x00007ffee63f0000 - 0x00007ffee6531000 	C:\WINDOWS\system32\RPCRT4.dll
0x00007ffee5ed0000 - 0x00007ffee5f29000 	C:\WINDOWS\SYSTEM32\sechost.dll
0x00007ffee7db0000 - 0x00007ffee7fc1000 	C:\WINDOWS\SYSTEM32\combase.dll
0x00007ffee6540000 - 0x00007ffee6691000 	C:\WINDOWS\system32\GDI32.dll
0x00007ffee5360000 - 0x00007ffee5375000 	C:\WINDOWS\SYSTEM32\profapi.dll
0x00007ffee3700000 - 0x00007ffee37b2000 	C:\WINDOWS\SYSTEM32\SHCORE.dll
0x00007ffee5a40000 - 0x00007ffee5a76000 	C:\WINDOWS\system32\IMM32.DLL
0x00007ffee6220000 - 0x00007ffee6372000 	C:\WINDOWS\system32\MSCTF.dll
0x00007ffee2a70000 - 0x00007ffee2ceb000 	C:\WINDOWS\WinSxS\amd64_microsoft.windows.common-controls_6595b64144ccf1df_6.0.9600.17415_none_6240486fecbd8abb\COMCTL32.dll
0x00000000696c0000 - 0x0000000069792000 	C:\Program Files\Java\jre1.8.0_25\bin\msvcr100.dll
0x000000006a3b0000 - 0x000000006ac0a000 	C:\Program Files\Java\jre1.8.0_25\bin\server\jvm.dll
0x00007ffecd2f0000 - 0x00007ffecd2f9000 	C:\WINDOWS\SYSTEM32\WSOCK32.dll
0x00007ffed77f0000 - 0x00007ffed7812000 	C:\WINDOWS\SYSTEM32\WINMM.dll
0x00007ffee7da0000 - 0x00007ffee7da7000 	C:\WINDOWS\system32\PSAPI.DLL
0x00007ffee5a80000 - 0x00007ffee5ada000 	C:\WINDOWS\system32\WS2_32.dll
0x00007ffed75d0000 - 0x00007ffed75fa000 	C:\WINDOWS\SYSTEM32\WINMMBASE.dll
0x00007ffee60d0000 - 0x00007ffee60d9000 	C:\WINDOWS\system32\NSI.dll
0x00007ffee5840000 - 0x00007ffee588f000 	C:\WINDOWS\SYSTEM32\cfgmgr32.dll
0x00007ffee4150000 - 0x00007ffee4178000 	C:\WINDOWS\SYSTEM32\DEVOBJ.dll
0x000000006b5e0000 - 0x000000006b5ef000 	C:\Program Files\Java\jre1.8.0_25\bin\verify.dll
0x000000006b5b0000 - 0x000000006b5d8000 	C:\Program Files\Java\jre1.8.0_25\bin\java.dll
0x000000006b590000 - 0x000000006b5a6000 	C:\Program Files\Java\jre1.8.0_25\bin\zip.dll
0x0000000069520000 - 0x00000000696b8000 	C:\Program Files\Java\jre1.8.0_25\bin\awt.dll
0x00007ffee5ae0000 - 0x00007ffee5ba1000 	C:\WINDOWS\system32\OLEAUT32.dll
0x00007ffee3500000 - 0x00007ffee3521000 	C:\WINDOWS\system32\DWMAPI.DLL
0x00007ffee3fd0000 - 0x00007ffee40f9000 	C:\WINDOWS\system32\uxtheme.dll
0x00007ffee41a0000 - 0x00007ffee41ab000 	C:\WINDOWS\SYSTEM32\kernel.appcore.dll
0x00007ffee5230000 - 0x00007ffee523b000 	C:\WINDOWS\SYSTEM32\CRYPTBASE.dll
0x00007ffee51c0000 - 0x00007ffee5223000 	C:\WINDOWS\SYSTEM32\bcryptPrimitives.dll
0x00007ffedaca0000 - 0x00007ffedaec1000 	C:\WINDOWS\system32\d3d9.dll
0x00007ffee3010000 - 0x00007ffee301a000 	C:\WINDOWS\SYSTEM32\VERSION.dll
0x00007ffee2870000 - 0x00007ffee29bb000 	C:\WINDOWS\SYSTEM32\aticfx64.dll
0x00007ffec0180000 - 0x00007ffec01a1000 	C:\WINDOWS\SYSTEM32\atiu9p64.dll
0x00007ffebed60000 - 0x00007ffebf545000 	C:\WINDOWS\SYSTEM32\atiumd64.dll
0x000000006acf0000 - 0x000000006b4a7000 	C:\WINDOWS\SYSTEM32\atiumd6a.dll
0x00000000694d0000 - 0x0000000069517000 	C:\Program Files\Java\jre1.8.0_25\bin\fontmanager.dll
0x00007ffee4d60000 - 0x00007ffee4d80000 	C:\WINDOWS\SYSTEM32\CRYPTSP.dll
0x00007ffee47e0000 - 0x00007ffee4816000 	C:\WINDOWS\system32\rsaenh.dll
0x00007ffee4e80000 - 0x00007ffee4ea6000 	C:\WINDOWS\SYSTEM32\bcrypt.dll
0x000000006b570000 - 0x000000006b58a000 	C:\Program Files\Java\jre1.8.0_25\bin\net.dll
0x00007ffee4b20000 - 0x00007ffee4b79000 	C:\WINDOWS\system32\mswsock.dll
0x00007ffee1080000 - 0x00007ffee10aa000 	C:\WINDOWS\SYSTEM32\IPHLPAPI.DLL
0x00007ffee2670000 - 0x00007ffee267a000 	C:\WINDOWS\SYSTEM32\WINNSI.DLL
0x00007ffee0160000 - 0x00007ffee0176000 	C:\WINDOWS\SYSTEM32\dhcpcsvc6.DLL
0x00007ffee02b0000 - 0x00007ffee02ca000 	C:\WINDOWS\SYSTEM32\dhcpcsvc.DLL
0x000000006a390000 - 0x000000006a3a1000 	C:\Program Files\Java\jre1.8.0_25\bin\nio.dll
0x00000000637c0000 - 0x00000000637cd000 	S:\Users\Ben\AppData\Local\Temp\jogamp_0000\file_cache\jln5111303727730073208\jln3686341512642801822\gluegen-rt.dll
0x00000000694c0000 - 0x00000000694c7000 	C:\Program Files\Java\jre1.8.0_25\bin\jawt.dll
0x000000001a0d0000 - 0x000000001a0dd000 	S:\Users\Ben\AppData\Local\Temp\jogamp_0000\file_cache\jln5111303727730073208\jln3686341512642801822\nativewindow_awt.dll
0x000000006c100000 - 0x000000006c10f000 	S:\Users\Ben\AppData\Local\Temp\jogamp_0000\file_cache\jln5111303727730073208\jln3686341512642801822\nativewindow_win32.dll
0x00007ffeda9f0000 - 0x00007ffedab1b000 	C:\WINDOWS\SYSTEM32\OpenGL32.dll
0x00007ffedc550000 - 0x00007ffedc57e000 	C:\WINDOWS\SYSTEM32\GLU32.dll
0x00007ffecf530000 - 0x00007ffecf628000 	C:\WINDOWS\SYSTEM32\DDRAW.dll
0x00007ffee0d60000 - 0x00007ffee0d69000 	C:\WINDOWS\SYSTEM32\DCIMAN32.dll
0x0000000064500000 - 0x00000000645a2000 	S:\Users\Ben\AppData\Local\Temp\jogamp_0000\file_cache\jln5111303727730073208\jln3686341512642801822\jogl_desktop.dll
0x00007ffedc8d0000 - 0x00007ffedc8e8000 	C:\WINDOWS\SYSTEM32\atig6pxx.dll
0x0000000067910000 - 0x00000000694bf000 	C:\WINDOWS\SYSTEM32\atio6axx.dll
0x00007ffee7bc0000 - 0x00007ffee7d9a000 	C:\WINDOWS\system32\SETUPAPI.dll
0x00007ffee10e0000 - 0x00007ffee1217000 	C:\WINDOWS\SYSTEM32\atiadlxx.dll
0x00007ffee16b0000 - 0x00007ffee182f000 	C:\WINDOWS\SYSTEM32\PROPSYS.dll
0x00007ffee3f70000 - 0x00007ffee3f82000 	C:\WINDOWS\SYSTEM32\WTSAPI32.dll
0x00007ffee57e0000 - 0x00007ffee5831000 	C:\WINDOWS\system32\WINTRUST.dll
0x00007ffee5600000 - 0x00007ffee57df000 	C:\WINDOWS\system32\CRYPT32.dll
0x00007ffee5410000 - 0x00007ffee5421000 	C:\WINDOWS\system32\MSASN1.dll
0x00007ffeda9c0000 - 0x00007ffeda9e9000 	C:\WINDOWS\SYSTEM32\atig6txx.dll
0x00007ffecea00000 - 0x00007ffeceb9c000 	O:\OneDrive\Workspace\ZZavatar\lib\user\KinectPV2\Kinect20.Face.dll
0x00007ffed76f0000 - 0x00007ffed7797000 	C:\WINDOWS\SYSTEM32\MSVCP110.dll
0x00007ffeddd70000 - 0x00007ffedde3e000 	C:\WINDOWS\SYSTEM32\MSVCR110.dll
0x00007ffedc7f0000 - 0x00007ffedc800000 	O:\OneDrive\Workspace\ZZavatar\lib\user\KinectPV2\KinectPV2.dll
0x00007ffeda070000 - 0x00007ffeda12a000 	C:\WINDOWS\SYSTEM32\Kinect20.dll
0x00007ffed7820000 - 0x00007ffed790b000 	C:\WINDOWS\SYSTEM32\MFPlat.DLL
0x00007ffed7650000 - 0x00007ffed7677000 	C:\WINDOWS\SYSTEM32\RTWorkQ.DLL
0x00007ffee3130000 - 0x00007ffee313c000 	C:\WINDOWS\SYSTEM32\AVRT.dll
0x00000000678c0000 - 0x0000000067901000 	C:\Program Files\Java\jre1.8.0_25\bin\t2k.dll
0x00007ffebeae0000 - 0x00007ffebec6a000 	C:\WINDOWS\SYSTEM32\dbghelp.dll

VM Arguments:
jvm_args: -Djava.library.path=O:\OneDrive\Workspace\ZZavatar\lib\base\video;O:\OneDrive\Workspace\ZZavatar\lib\base\video;O:\OneDrive\Workspace\ZZavatar\lib\base\video;O:\OneDrive\Workspace\ZZavatar\lib\base\core;O:\OneDrive\Workspace\ZZavatar\lib\base\core;O:\OneDrive\Workspace\ZZavatar\lib\base\core;O:\OneDrive\Workspace\ZZavatar\lib\base\core;O:\OneDrive\Workspace\ZZavatar\lib\base\core;O:\OneDrive\Workspace\ZZavatar\lib\base\core;O:\OneDrive\Workspace\ZZavatar\lib\base\core;O:\OneDrive\Workspace\ZZavatar\lib\base\core;O:\OneDrive\Workspace\ZZavatar\lib\base\core;O:\OneDrive\Workspace\ZZavatar\lib\base\core;O:\OneDrive\Workspace\ZZavatar\lib\base\core;O:\OneDrive\Workspace\ZZavatar\lib\base\core;O:\OneDrive\Workspace\ZZavatar\lib\base\core;O:\OneDrive\Workspace\ZZavatar\lib\base\core;O:\OneDrive\Workspace\ZZavatar\lib\base\core;O:\OneDrive\Workspace\ZZavatar\lib\user\Kinect4WinSDK;O:\OneDrive\Workspace\ZZavatar\lib\user\KinectPV2;O:\OneDrive\Workspace\ZZavatar\lib\user\SimpleOpenNI -Dfile.encoding=Cp1252 
java_command: zzavatar.ZZavatar
java_class_path (initial): O:\OneDrive\Workspace\ZZavatar\lib\base\video\gstreamer-java.jar;O:\OneDrive\Workspace\ZZavatar\lib\base\video\jna.jar;O:\OneDrive\Workspace\ZZavatar\lib\base\video\video.jar;O:\OneDrive\Workspace\ZZavatar\lib\base\core\core.jar;O:\OneDrive\Workspace\ZZavatar\lib\base\core\gluegen-rt-natives-linux-amd64.jar;O:\OneDrive\Workspace\ZZavatar\lib\base\core\gluegen-rt-natives-linux-armv6hf.jar;O:\OneDrive\Workspace\ZZavatar\lib\base\core\gluegen-rt-natives-linux-i586.jar;O:\OneDrive\Workspace\ZZavatar\lib\base\core\gluegen-rt-natives-macosx-universal.jar;O:\OneDrive\Workspace\ZZavatar\lib\base\core\gluegen-rt-natives-windows-amd64.jar;O:\OneDrive\Workspace\ZZavatar\lib\base\core\gluegen-rt-natives-windows-i586.jar;O:\OneDrive\Workspace\ZZavatar\lib\base\core\gluegen-rt.jar;O:\OneDrive\Workspace\ZZavatar\lib\base\core\jogl-all-natives-linux-amd64.jar;O:\OneDrive\Workspace\ZZavatar\lib\base\core\jogl-all-natives-linux-armv6hf.jar;O:\OneDrive\Workspace\ZZavatar\lib\base\core\jogl-all-natives-linux-i586.jar;O:\OneDrive\Workspace\ZZavatar\lib\base\core\jogl-all-natives-macosx-universal.jar;O:\OneDrive\Workspace\ZZavatar\lib\base\core\jogl-all-natives-windows-amd64.jar;O:\OneDrive\Workspace\ZZavatar\lib\base\core\jogl-all-natives-windows-i586.jar;O:\OneDrive\Workspace\ZZavatar\lib\base\core\jogl-all.jar;O:\OneDrive\Workspace\ZZavatar\lib\user\Kinect4WinSDK\Kinect4WinSDK.jar;O:\OneDrive\Workspace\ZZavatar\lib\user\KinectPV2\KinectPV2.jar;O:\OneDrive\Workspace\ZZavatar\lib\user\SimpleOpenNI\SimpleOpenNI.jar;O:\OneDrive\Workspace\ZZavatar\bin
Launcher Type: SUN_STANDARD

Environment Variables:
JAVA_HOME=C:\Program Files\Java\jdk1.8.0_25
PATH=C:/Program Files/Java/jre1.8.0_25/bin/server;C:/Program Files/Java/jre1.8.0_25/bin;C:/Program Files/Java/jre1.8.0_25/lib/amd64;C:\Program Files (x86)\NVIDIA Corporation\PhysX\Common;C:\ProgramData\Oracle\Java\javapath;C:\Program Files (x86)\Common Files\Intel\Shared Libraries\redist\intel64\compiler;C:\Program Files (x86)\Common Files\Intel\Shared Libraries\redist\ia32\compiler;C:\Program Files (x86)\Intel\iCLS Client\;C:\Program Files\Intel\iCLS Client\;C:\Program Files (x86)\AMD APP\bin\x86_64;C:\Program Files (x86)\AMD APP\bin\x86;C:\WINDOWS\system32;C:\WINDOWS;C:\WINDOWS\System32\Wbem;C:\WINDOWS\System32\WindowsPowerShell\v1.0\;C:\Program Files (x86)\ATI Technologies\ATI.ACE\Core-Static;C:\Program Files\Intel\Intel(R) Management Engine Components\DAL;C:\Program Files\Intel\Intel(R) Management Engine Components\IPT;C:\Program Files (x86)\Intel\Intel(R) Management Engine Components\DAL;C:\Program Files (x86)\Intel\Intel(R) Management Engine Components\IPT;C:\Program Files\Sony\VAIO Improvement\;C:\Program Files (x86)\Sony\VAIO Startup Setting Tool;C:\Program Files (x86)\Windows Kits\8.1\Windows Performance Toolkit\;C:\Program Files\Microsoft SQL Server\110\Tools\Binn\;C:\Program Files (x86)\Microsoft SDKs\TypeScript\1.0\;C:\Program Files\Microsoft\Web Platform Installer\;C:\Program Files (x86)\Java\jre1.8.0_25\bin;P:\Programs\Python27\Scripts;P:\Programs\Python27;C:\Program Files\Common Files\Autodesk Shared\;P:\Program Files\Programs;P:\Program Files\Games;P:\Programs\Eclipse;
USERNAME=Benoît
OS=Windows_NT
PROCESSOR_IDENTIFIER=Intel64 Family 6 Model 58 Stepping 9, GenuineIntel



---------------  S Y S T E M  ---------------

OS: Windows 8.1 , 64 bit Build 9600 

CPU:total 8 (4 cores per cpu, 2 threads per core) family 6 model 58 stepping 9, cmov, cx8, fxsr, mmx, sse, sse2, sse3, ssse3, sse4.1, sse4.2, popcnt, avx, aes, clmul, erms, ht, tsc, tscinvbit, tscinv

Memory: 4k page, physical 6237468k(1184104k free), swap 10431772k(2658868k free)

vm_info: Java HotSpot(TM) 64-Bit Server VM (25.25-b02) for windows-amd64 JRE (1.8.0_25-b18), built on Oct  7 2014 14:25:37 by "java_re" with MS VC++ 10.0 (VS2010)

time: Thu Apr 23 19:02:07 2015
elapsed time: 5 seconds (0d 0h 0m 5s)

