#
# A fatal error has been detected by the Java Runtime Environment:
#
#  EXCEPTION_ACCESS_VIOLATION (0xc0000005) at pc=0x00007ffb79794110, pid=6356, tid=6628
#
# JRE version: Java(TM) SE Runtime Environment (8.0_25-b18) (build 1.8.0_25-b18)
# Java VM: Java HotSpot(TM) 64-Bit Server VM (25.25-b02 mixed mode windows-amd64 compressed oops)
# Problematic frame:
# C  [KinectPV2.dll+0x4110]
#
# Failed to write core dump. Minidumps are not enabled by default on client versions of Windows
#
# If you would like to submit a bug report, please visit:
#   http://bugreport.sun.com/bugreport/crash.jsp
# The crash happened outside the Java Virtual Machine in native code.
# See problematic frame for where to report the bug.
#

---------------  T H R E A D  ---------------

Current thread (0x00000000198c6000):  JavaThread "Animation Thread" [_thread_in_native, id=6628, stack(0x000000001c960000,0x000000001ca60000)]

siginfo: ExceptionCode=0xc0000005, reading address 0xffffffff00000000

Registers:
RAX=0x0000000000000001, RBX=0x000000002e697040, RCX=0xffffffff00000000, RDX=0x0000000000000000
RSP=0x000000001ca5e8c0, RBP=0x0000000000000006, RSI=0x0000000000000000, RDI=0x000000001f56fd48
R8 =0x000000001ca5e588, R9 =0x0000000000008000, R10=0x0000000000000000, R11=0x000000001ca5e7c0
R12=0x0000000000000000, R13=0x000000001fd5e1a8, R14=0x0000000000000000, R15=0x00000000198c6000
RIP=0x00007ffb79794110, EFLAGS=0x0000000000010286

Top of Stack: (sp=0x000000001ca5e8c0)
0x000000001ca5e8c0:   000000001f56fd18 00000000200d6668
0x000000001ca5e8d0:   000000001f56fd18 0000000000000000
0x000000001ca5e8e0:   000000001ca5e9b0 00007ffb79791fba
0x000000001ca5e8f0:   000000001ca5e9b0 000000001ca5e990
0x000000001ca5e900:   00000000198c61e8 000000001987f940
0x000000001ca5e910:   00000000a3ae4010 00000000028b5b74
0x000000001ca5e920:   000000001fd5e1a8 0000000000000021
0x000000001ca5e930:   0000000000000021 00000000198c6000
0x000000001ca5e940:   000000001ca5ea08 00000000028b58a2
0x000000001ca5e950:   000000001ca5e950 000000001fd5e1a8
0x000000001ca5e960:   000000001ca5e9b0 000000001fd5f138
0x000000001ca5e970:   0000000000000000 000000001fd5e1a8
0x000000001ca5e980:   0000000000000000 000000001ca5e9b0
0x000000001ca5e990:   000000001ca5e9f8 00000000028a7a2d
0x000000001ca5e9a0:   0000000000000000 00000000028af6b8
0x000000001ca5e9b0:   00000000a386e008 000000001ca5e9b8 

Instructions: (pc=0x00007ffb79794110)
0x00007ffb797940f0:   89 77 d0 48 8b 0f 48 85 c9 74 09 48 8b 01 ff 50
0x00007ffb79794100:   10 4c 89 37 48 8b 8f 90 00 00 00 48 85 c9 74 0d
0x00007ffb79794110:   48 8b 01 ff 50 10 4c 89 b7 90 00 00 00 48 8b 4f
0x00007ffb79794120:   30 48 85 c9 74 0a 48 8b 01 ff 50 10 4c 89 77 30 


Register to memory mapping:

RAX=0x0000000000000001 is an unknown value
RBX=0x000000002e697040 is an unknown value
RCX=0xffffffff00000000 is an unknown value
RDX=0x0000000000000000 is an unknown value
RSP=0x000000001ca5e8c0 is pointing into the stack for thread: 0x00000000198c6000
RBP=0x0000000000000006 is an unknown value
RSI=0x0000000000000000 is an unknown value
RDI=0x000000001f56fd48 is an unknown value
R8 =0x000000001ca5e588 is pointing into the stack for thread: 0x00000000198c6000
R9 =0x0000000000008000 is an unknown value
R10=0x0000000000000000 is an unknown value
R11=0x000000001ca5e7c0 is pointing into the stack for thread: 0x00000000198c6000
R12=0x0000000000000000 is an unknown value
R13={method} {0x000000001fd5e1b0} 'jniStopDevice' '()V' in 'KinectPV2/Device'
R14=0x0000000000000000 is an unknown value
R15=0x00000000198c6000 is a thread


Stack: [0x000000001c960000,0x000000001ca60000],  sp=0x000000001ca5e8c0,  free space=1018k
Native frames: (J=compiled Java code, j=interpreted, Vv=VM code, C=native code)
C  [KinectPV2.dll+0x4110]
C  [KinectPV2.dll+0x1fba]
C  0x00000000028b5b74

Java frames: (J=compiled Java code, j=interpreted, Vv=VM code)
j  KinectPV2.Device.jniStopDevice()V+0
j  KinectPV2.Device.stopDevice()V+41
j  KinectPV2.KinectPV2.dispose()V+14
v  ~StubRoutines::call_stub
j  sun.reflect.NativeMethodAccessorImpl.invoke0(Ljava/lang/reflect/Method;Ljava/lang/Object;[Ljava/lang/Object;)Ljava/lang/Object;+0
j  sun.reflect.NativeMethodAccessorImpl.invoke(Ljava/lang/Object;[Ljava/lang/Object;)Ljava/lang/Object;+100
J 2270 C1 sun.reflect.DelegatingMethodAccessorImpl.invoke(Ljava/lang/Object;[Ljava/lang/Object;)Ljava/lang/Object; (10 bytes) @ 0x0000000002d6f704 [0x0000000002d6f600+0x104]
J 2269 C1 java.lang.reflect.Method.invoke(Ljava/lang/Object;[Ljava/lang/Object;)Ljava/lang/Object; (62 bytes) @ 0x0000000002c6aee4 [0x0000000002c6ab00+0x3e4]
j  processing.core.PApplet$RegisteredMethods.handle([Ljava/lang/Object;)V+18
J 1652 C1 processing.core.PApplet.handleMethods(Ljava/lang/String;)V (21 bytes) @ 0x0000000002ecf59c [0x0000000002ecf2e0+0x2bc]
j  processing.core.PApplet.dispose()V+35
j  processing.core.PApplet.run()V+283
j  java.lang.Thread.run()V+11
v  ~StubRoutines::call_stub

---------------  P R O C E S S  ---------------

Java Threads: ( => current thread )
  0x000000001dc80800 JavaThread "Animation Thread-SharedResourceRunner" daemon [_thread_blocked, id=6680, stack(0x000000001ec30000,0x000000001ed30000)]
  0x000000000278e800 JavaThread "DestroyJavaVM" [_thread_blocked, id=6588, stack(0x0000000002610000,0x0000000002710000)]
  0x00000000198c7000 JavaThread "D3D Screen Updater" daemon [_thread_blocked, id=6632, stack(0x000000001cc60000,0x000000001cd60000)]
=>0x00000000198c6000 JavaThread "Animation Thread" [_thread_in_native, id=6628, stack(0x000000001c960000,0x000000001ca60000)]
  0x0000000019824000 JavaThread "AWT-EventQueue-0" [_thread_blocked, id=3592, stack(0x000000001c760000,0x000000001c860000)]
  0x00000000197ed800 JavaThread "AWT-Windows" daemon [_thread_in_native, id=6292, stack(0x000000001a100000,0x000000001a200000)]
  0x00000000197ed000 JavaThread "AWT-Shutdown" [_thread_blocked, id=5440, stack(0x000000001a000000,0x000000001a100000)]
  0x00000000189ae000 JavaThread "Java2D Disposer" daemon [_thread_blocked, id=6296, stack(0x0000000019f00000,0x000000001a000000)]
  0x0000000018666000 JavaThread "Service Thread" daemon [_thread_blocked, id=6624, stack(0x0000000018fb0000,0x00000000190b0000)]
  0x00000000185e7800 JavaThread "C1 CompilerThread3" daemon [_thread_blocked, id=2968, stack(0x0000000018eb0000,0x0000000018fb0000)]
  0x00000000185e7000 JavaThread "C2 CompilerThread2" daemon [_thread_blocked, id=6220, stack(0x0000000018db0000,0x0000000018eb0000)]
  0x00000000185de800 JavaThread "C2 CompilerThread1" daemon [_thread_blocked, id=5788, stack(0x0000000018cb0000,0x0000000018db0000)]
  0x00000000185d9800 JavaThread "C2 CompilerThread0" daemon [_thread_blocked, id=4180, stack(0x0000000018bb0000,0x0000000018cb0000)]
  0x00000000185d7000 JavaThread "Attach Listener" daemon [_thread_blocked, id=6620, stack(0x0000000018ab0000,0x0000000018bb0000)]
  0x00000000185d6000 JavaThread "Signal Dispatcher" daemon [_thread_blocked, id=2100, stack(0x00000000189b0000,0x0000000018ab0000)]
  0x0000000002898800 JavaThread "Finalizer" daemon [_thread_blocked, id=6432, stack(0x00000000184b0000,0x00000000185b0000)]
  0x00000000165ec800 JavaThread "Reference Handler" daemon [_thread_blocked, id=4020, stack(0x00000000183b0000,0x00000000184b0000)]

Other Threads:
  0x00000000165e8800 VMThread [stack: 0x00000000182b0000,0x00000000183b0000] [id=4736]
  0x0000000018668000 WatcherThread [stack: 0x00000000190b0000,0x00000000191b0000] [id=6284]

VM state:not at safepoint (normal execution)

VM Mutex/Monitor currently owned by a thread: None

Heap:
 PSYoungGen      total 519680K, used 96168K [0x00000000e0400000, 0x0000000100000000, 0x0000000100000000)
  eden space 519168K, 18% used [0x00000000e0400000,0x00000000e61d2050,0x00000000fff00000)
  from space 512K, 18% used [0x00000000fff80000,0x00000000fff98000,0x0000000100000000)
  to   space 512K, 0% used [0x00000000fff00000,0x00000000fff00000,0x00000000fff80000)
 ParOldGen       total 307200K, used 261937K [0x00000000a0c00000, 0x00000000b3800000, 0x00000000e0400000)
  object space 307200K, 85% used [0x00000000a0c00000,0x00000000b0bcc4d8,0x00000000b3800000)
 Metaspace       used 18683K, capacity 18889K, committed 19072K, reserved 1067008K
  class space    used 1775K, capacity 1825K, committed 1920K, reserved 1048576K

Card table byte_map: [0x0000000011c60000,0x0000000011f60000] byte_map_base: 0x000000001175a000

Marking Bits: (ParMarkBitMap*) 0x000000006ecbd490
 Begin Bits: [0x0000000012960000, 0x0000000014130000)
 End Bits:   [0x0000000014130000, 0x0000000015900000)

Polling page: 0x0000000000e80000

CodeCache: size=245760Kb used=8788Kb max_used=8824Kb free=236971Kb
 bounds [0x00000000028a0000, 0x0000000003180000, 0x00000000118a0000]
 total_blobs=3279 nmethods=2396 adapters=797
 compilation: enabled

Compilation events (10 events):
Event: 97.433 Thread 0x00000000185de800 2908       4       processing.opengl.PJOGL::enableTexturing (44 bytes)
Event: 97.438 Thread 0x00000000185de800 nmethod 2908 0x0000000002e82650 code [0x0000000002e827e0, 0x0000000002e82ae8]
Event: 97.544 Thread 0x00000000185e7000 2909       4       java.lang.Integer::toString (48 bytes)
Event: 97.555 Thread 0x00000000185e7000 nmethod 2909 0x0000000002a7e810 code [0x0000000002a7e980, 0x0000000002a7efb8]
Event: 108.167 Thread 0x00000000185de800 2910   !   4       java.awt.EventQueue::postEventPrivate (104 bytes)
Event: 108.198 Thread 0x00000000185de800 nmethod 2910 0x0000000002b8c950 code [0x0000000002b8cbe0, 0x0000000002b8e250]
Event: 114.100 Thread 0x00000000185d9800 2911       4       java.text.DecimalFormat::fastFormat (124 bytes)
Event: 114.101 Thread 0x00000000185d9800 nmethod 2911 0x0000000002e72150 code [0x0000000002e72300, 0x0000000002e724b0]
Event: 115.950 Thread 0x00000000185e7000 2912       4       java.text.DecimalFormat::append (94 bytes)
Event: 115.954 Thread 0x00000000185e7000 nmethod 2912 0x00000000029c8350 code [0x00000000029c84c0, 0x00000000029c8848]

GC Heap History (10 events):
Event: 118.110 GC heap before
{Heap before GC invocations=192 (full 6):
 PSYoungGen      total 519680K, used 519264K [0x00000000e0400000, 0x0000000100000000, 0x0000000100000000)
  eden space 519168K, 100% used [0x00000000e0400000,0x00000000fff00000,0x00000000fff00000)
  from space 512K, 18% used [0x00000000fff00000,0x00000000fff18000,0x00000000fff80000)
  to   space 512K, 0% used [0x00000000fff80000,0x00000000fff80000,0x0000000100000000)
 ParOldGen       total 307200K, used 253837K [0x00000000a0c00000, 0x00000000b3800000, 0x00000000e0400000)
  object space 307200K, 82% used [0x00000000a0c00000,0x00000000b03e34c8,0x00000000b3800000)
 Metaspace       used 18683K, capacity 18889K, committed 19072K, reserved 1067008K
  class space    used 1775K, capacity 1825K, committed 1920K, reserved 1048576K
Event: 118.112 GC heap after
Heap after GC invocations=192 (full 6):
 PSYoungGen      total 519680K, used 128K [0x00000000e0400000, 0x0000000100000000, 0x0000000100000000)
  eden space 519168K, 0% used [0x00000000e0400000,0x00000000e0400000,0x00000000fff00000)
  from space 512K, 25% used [0x00000000fff80000,0x00000000fffa0000,0x0000000100000000)
  to   space 512K, 0% used [0x00000000fff00000,0x00000000fff00000,0x00000000fff80000)
 ParOldGen       total 307200K, used 253837K [0x00000000a0c00000, 0x00000000b3800000, 0x00000000e0400000)
  object space 307200K, 82% used [0x00000000a0c00000,0x00000000b03e34c8,0x00000000b3800000)
 Metaspace       used 18683K, capacity 18889K, committed 19072K, reserved 1067008K
  class space    used 1775K, capacity 1825K, committed 1920K, reserved 1048576K
}
Event: 118.866 GC heap before
{Heap before GC invocations=193 (full 6):
 PSYoungGen      total 519680K, used 519296K [0x00000000e0400000, 0x0000000100000000, 0x0000000100000000)
  eden space 519168K, 100% used [0x00000000e0400000,0x00000000fff00000,0x00000000fff00000)
  from space 512K, 25% used [0x00000000fff80000,0x00000000fffa0000,0x0000000100000000)
  to   space 512K, 0% used [0x00000000fff00000,0x00000000fff00000,0x00000000fff80000)
 ParOldGen       total 307200K, used 253837K [0x00000000a0c00000, 0x00000000b3800000, 0x00000000e0400000)
  object space 307200K, 82% used [0x00000000a0c00000,0x00000000b03e34c8,0x00000000b3800000)
 Metaspace       used 18683K, capacity 18889K, committed 19072K, reserved 1067008K
  class space    used 1775K, capacity 1825K, committed 1920K, reserved 1048576K
Event: 118.867 GC heap after
Heap after GC invocations=193 (full 6):
 PSYoungGen      total 519680K, used 160K [0x00000000e0400000, 0x0000000100000000, 0x0000000100000000)
  eden space 519168K, 0% used [0x00000000e0400000,0x00000000e0400000,0x00000000fff00000)
  from space 512K, 31% used [0x00000000fff00000,0x00000000fff28000,0x00000000fff80000)
  to   space 512K, 0% used [0x00000000fff80000,0x00000000fff80000,0x0000000100000000)
 ParOldGen       total 307200K, used 253837K [0x00000000a0c00000, 0x00000000b3800000, 0x00000000e0400000)
  object space 307200K, 82% used [0x00000000a0c00000,0x00000000b03e34c8,0x00000000b3800000)
 Metaspace       used 18683K, capacity 18889K, committed 19072K, reserved 1067008K
  class space    used 1775K, capacity 1825K, committed 1920K, reserved 1048576K
}
Event: 119.547 GC heap before
{Heap before GC invocations=194 (full 6):
 PSYoungGen      total 519680K, used 519328K [0x00000000e0400000, 0x0000000100000000, 0x0000000100000000)
  eden space 519168K, 100% used [0x00000000e0400000,0x00000000fff00000,0x00000000fff00000)
  from space 512K, 31% used [0x00000000fff00000,0x00000000fff28000,0x00000000fff80000)
  to   space 512K, 0% used [0x00000000fff80000,0x00000000fff80000,0x0000000100000000)
 ParOldGen       total 307200K, used 253837K [0x00000000a0c00000, 0x00000000b3800000, 0x00000000e0400000)
  object space 307200K, 82% used [0x00000000a0c00000,0x00000000b03e34c8,0x00000000b3800000)
 Metaspace       used 18683K, capacity 18889K, committed 19072K, reserved 1067008K
  class space    used 1775K, capacity 1825K, committed 1920K, reserved 1048576K
Event: 119.550 GC heap after
Heap after GC invocations=194 (full 6):
 PSYoungGen      total 519680K, used 96K [0x00000000e0400000, 0x0000000100000000, 0x0000000100000000)
  eden space 519168K, 0% used [0x00000000e0400000,0x00000000e0400000,0x00000000fff00000)
  from space 512K, 18% used [0x00000000fff80000,0x00000000fff98000,0x0000000100000000)
  to   space 512K, 0% used [0x00000000fff00000,0x00000000fff00000,0x00000000fff80000)
 ParOldGen       total 307200K, used 261937K [0x00000000a0c00000, 0x00000000b3800000, 0x00000000e0400000)
  object space 307200K, 85% used [0x00000000a0c00000,0x00000000b0bcc4d8,0x00000000b3800000)
 Metaspace       used 18683K, capacity 18889K, committed 19072K, reserved 1067008K
  class space    used 1775K, capacity 1825K, committed 1920K, reserved 1048576K
}
Event: 120.278 GC heap before
{Heap before GC invocations=195 (full 6):
 PSYoungGen      total 519680K, used 519264K [0x00000000e0400000, 0x0000000100000000, 0x0000000100000000)
  eden space 519168K, 100% used [0x00000000e0400000,0x00000000fff00000,0x00000000fff00000)
  from space 512K, 18% used [0x00000000fff80000,0x00000000fff98000,0x0000000100000000)
  to   space 512K, 0% used [0x00000000fff00000,0x00000000fff00000,0x00000000fff80000)
 ParOldGen       total 307200K, used 261937K [0x00000000a0c00000, 0x00000000b3800000, 0x00000000e0400000)
  object space 307200K, 85% used [0x00000000a0c00000,0x00000000b0bcc4d8,0x00000000b3800000)
 Metaspace       used 18683K, capacity 18889K, committed 19072K, reserved 1067008K
  class space    used 1775K, capacity 1825K, committed 1920K, reserved 1048576K
Event: 120.279 GC heap after
Heap after GC invocations=195 (full 6):
 PSYoungGen      total 519680K, used 96K [0x00000000e0400000, 0x0000000100000000, 0x0000000100000000)
  eden space 519168K, 0% used [0x00000000e0400000,0x00000000e0400000,0x00000000fff00000)
  from space 512K, 18% used [0x00000000fff00000,0x00000000fff18000,0x00000000fff80000)
  to   space 512K, 0% used [0x00000000fff80000,0x00000000fff80000,0x0000000100000000)
 ParOldGen       total 307200K, used 261937K [0x00000000a0c00000, 0x00000000b3800000, 0x00000000e0400000)
  object space 307200K, 85% used [0x00000000a0c00000,0x00000000b0bcc4d8,0x00000000b3800000)
 Metaspace       used 18683K, capacity 18889K, committed 19072K, reserved 1067008K
  class space    used 1775K, capacity 1825K, committed 1920K, reserved 1048576K
}
Event: 121.011 GC heap before
{Heap before GC invocations=196 (full 6):
 PSYoungGen      total 519680K, used 517566K [0x00000000e0400000, 0x0000000100000000, 0x0000000100000000)
  eden space 519168K, 99% used [0x00000000e0400000,0x00000000ffd579f8,0x00000000fff00000)
  from space 512K, 18% used [0x00000000fff00000,0x00000000fff18000,0x00000000fff80000)
  to   space 512K, 0% used [0x00000000fff80000,0x00000000fff80000,0x0000000100000000)
 ParOldGen       total 307200K, used 261937K [0x00000000a0c00000, 0x00000000b3800000, 0x00000000e0400000)
  object space 307200K, 85% used [0x00000000a0c00000,0x00000000b0bcc4d8,0x00000000b3800000)
 Metaspace       used 18683K, capacity 18889K, committed 19072K, reserved 1067008K
  class space    used 1775K, capacity 1825K, committed 1920K, reserved 1048576K
Event: 121.013 GC heap after
Heap after GC invocations=196 (full 6):
 PSYoungGen      total 519680K, used 96K [0x00000000e0400000, 0x0000000100000000, 0x0000000100000000)
  eden space 519168K, 0% used [0x00000000e0400000,0x00000000e0400000,0x00000000fff00000)
  from space 512K, 18% used [0x00000000fff80000,0x00000000fff98000,0x0000000100000000)
  to   space 512K, 0% used [0x00000000fff00000,0x00000000fff00000,0x00000000fff80000)
 ParOldGen       total 307200K, used 261937K [0x00000000a0c00000, 0x00000000b3800000, 0x00000000e0400000)
  object space 307200K, 85% used [0x00000000a0c00000,0x00000000b0bcc4d8,0x00000000b3800000)
 Metaspace       used 18683K, capacity 18889K, committed 19072K, reserved 1067008K
  class space    used 1775K, capacity 1825K, committed 1920K, reserved 1048576K
}

Deoptimization events (10 events):
Event: 12.343 Thread 0x0000000019824000 Uncommon trap: reason=speculate_class_check action=maybe_recompile pc=0x00000000030747b8 method=com.jogamp.common.nio.Buffers.getDirectBufferByteOffset(Ljava/lang/Object;)I @ 31
Event: 12.344 Thread 0x0000000019824000 Uncommon trap: reason=speculate_class_check action=maybe_recompile pc=0x00000000030747b8 method=com.jogamp.common.nio.Buffers.getDirectBufferByteOffset(Ljava/lang/Object;)I @ 31
Event: 12.503 Thread 0x0000000019824000 Uncommon trap: reason=speculate_class_check action=maybe_recompile pc=0x0000000003077348 method=com.jogamp.common.nio.Buffers.getDirectBufferByteOffset(Ljava/lang/Object;)I @ 42
Event: 12.511 Thread 0x0000000019824000 Uncommon trap: reason=speculate_class_check action=maybe_recompile pc=0x0000000003077348 method=com.jogamp.common.nio.Buffers.getDirectBufferByteOffset(Ljava/lang/Object;)I @ 42
Event: 12.653 Thread 0x0000000019824000 Uncommon trap: reason=speculate_class_check action=maybe_recompile pc=0x0000000003079d1c method=com.jogamp.common.nio.Buffers.getDirectBufferByteOffset(Ljava/lang/Object;)I @ 53
Event: 12.666 Thread 0x0000000019824000 Uncommon trap: reason=speculate_class_check action=maybe_recompile pc=0x0000000003079d1c method=com.jogamp.common.nio.Buffers.getDirectBufferByteOffset(Ljava/lang/Object;)I @ 53
Event: 34.251 Thread 0x0000000019824000 Uncommon trap: reason=speculate_class_check action=maybe_recompile pc=0x0000000003138428 method=java.awt.EventQueue.coalesceEvent(Ljava/awt/AWTEvent;I)Z @ 53
Event: 34.368 Thread 0x0000000019824000 Uncommon trap: reason=speculate_class_check action=maybe_recompile pc=0x0000000003138428 method=java.awt.EventQueue.coalesceEvent(Ljava/awt/AWTEvent;I)Z @ 53
Event: 121.099 Thread 0x0000000019824000 Uncommon trap: reason=speculate_class_check action=maybe_recompile pc=0x0000000003138428 method=java.awt.EventQueue.coalesceEvent(Ljava/awt/AWTEvent;I)Z @ 53
Event: 121.117 Thread 0x0000000019824000 Uncommon trap: reason=class_check action=maybe_recompile pc=0x0000000002ebe670 method=java.awt.event.InvocationEvent.dispatch()V @ 11

Internal exceptions (10 events):
Event: 2.981 Thread 0x0000000019824000 Exception <a 'java/security/PrivilegedActionException'> (0x00000000e77cd0b0) thrown at [D:\re\workspace\8-2-build-windows-amd64-cygwin\jdk8u25\1677\hotspot\src\share\vm\prims\jvm.cpp, line 1312]
Event: 2.982 Thread 0x0000000019824000 Exception <a 'java/security/PrivilegedActionException'> (0x00000000e77d0c08) thrown at [D:\re\workspace\8-2-build-windows-amd64-cygwin\jdk8u25\1677\hotspot\src\share\vm\prims\jvm.cpp, line 1312]
Event: 2.982 Thread 0x0000000019824000 Exception <a 'java/security/PrivilegedActionException'> (0x00000000e77d5408) thrown at [D:\re\workspace\8-2-build-windows-amd64-cygwin\jdk8u25\1677\hotspot\src\share\vm\prims\jvm.cpp, line 1312]
Event: 2.982 Thread 0x0000000019824000 Exception <a 'java/security/PrivilegedActionException'> (0x00000000e77d8b40) thrown at [D:\re\workspace\8-2-build-windows-amd64-cygwin\jdk8u25\1677\hotspot\src\share\vm\prims\jvm.cpp, line 1312]
Event: 2.983 Thread 0x0000000019824000 Exception <a 'java/security/PrivilegedActionException'> (0x00000000e77dca88) thrown at [D:\re\workspace\8-2-build-windows-amd64-cygwin\jdk8u25\1677\hotspot\src\share\vm\prims\jvm.cpp, line 1312]
Event: 2.983 Thread 0x0000000019824000 Exception <a 'java/security/PrivilegedActionException'> (0x00000000e77e2998) thrown at [D:\re\workspace\8-2-build-windows-amd64-cygwin\jdk8u25\1677\hotspot\src\share\vm\prims\jvm.cpp, line 1312]
Event: 2.997 Thread 0x0000000019824000 Exception <a 'java/security/PrivilegedActionException'> (0x00000000e78bdfa8) thrown at [D:\re\workspace\8-2-build-windows-amd64-cygwin\jdk8u25\1677\hotspot\src\share\vm\prims\jvm.cpp, line 1312]
Event: 5.319 Thread 0x0000000019824000 Exception <a 'java/security/PrivilegedActionException'> (0x00000000e1b16d60) thrown at [D:\re\workspace\8-2-build-windows-amd64-cygwin\jdk8u25\1677\hotspot\src\share\vm\prims\jvm.cpp, line 1312]
Event: 5.325 Thread 0x0000000019824000 Exception <a 'java/security/PrivilegedActionException'> (0x00000000e1b238b8) thrown at [D:\re\workspace\8-2-build-windows-amd64-cygwin\jdk8u25\1677\hotspot\src\share\vm\prims\jvm.cpp, line 1312]
Event: 5.352 Thread 0x0000000019824000 Exception <a 'java/security/PrivilegedActionException'> (0x00000000e1b2c978) thrown at [D:\re\workspace\8-2-build-windows-amd64-cygwin\jdk8u25\1677\hotspot\src\share\vm\prims\jvm.cpp, line 1312]

Events (10 events):
Event: 120.279 Executing VM operation: ParallelGCFailedAllocation done
Event: 121.011 Executing VM operation: ParallelGCFailedAllocation
Event: 121.013 Executing VM operation: ParallelGCFailedAllocation done
Event: 121.099 Thread 0x0000000019824000 Uncommon trap: trap_request=0xffffff76 fr.pc=0x0000000003138428
Event: 121.099 Thread 0x0000000019824000 DEOPT PACKING pc=0x0000000003138428 sp=0x000000001c85f430
Event: 121.099 Thread 0x0000000019824000 DEOPT UNPACKING pc=0x00000000028e556a sp=0x000000001c85f2a0 mode 2
Event: 121.117 Thread 0x0000000019824000 Uncommon trap: trap_request=0xffffffde fr.pc=0x0000000002ebe670
Event: 121.117 Thread 0x0000000019824000 DEOPT PACKING pc=0x0000000002ebe670 sp=0x000000001c85e8f0
Event: 121.117 Thread 0x0000000019824000 DEOPT UNPACKING pc=0x00000000028e556a sp=0x000000001c85e768 mode 2
Event: 121.135 Thread 0x00000000198b4000 Thread exited: 0x00000000198b4000


Dynamic libraries:
0x00007ff69ddf0000 - 0x00007ff69de24000 	C:\Program Files\Java\jre1.8.0_25\bin\javaw.exe
0x00007ffb80c70000 - 0x00007ffb80e1c000 	C:\WINDOWS\SYSTEM32\ntdll.dll
0x00007ffb80620000 - 0x00007ffb8075e000 	C:\WINDOWS\system32\KERNEL32.DLL
0x00007ffb7e0d0000 - 0x00007ffb7e1e5000 	C:\WINDOWS\system32\KERNELBASE.dll
0x00007ffb7c940000 - 0x00007ffb7c9ce000 	C:\WINDOWS\system32\apphelp.dll
0x00007ffb6b4d0000 - 0x00007ffb6b523000 	C:\WINDOWS\AppPatch\AppPatch64\AcGenral.DLL
0x00007ffb7e5f0000 - 0x00007ffb7e69a000 	C:\WINDOWS\system32\msvcrt.dll
0x00007ffb7db90000 - 0x00007ffb7dbbe000 	C:\WINDOWS\SYSTEM32\SspiCli.dll
0x00007ffb7e8c0000 - 0x00007ffb7e914000 	C:\WINDOWS\system32\SHLWAPI.dll
0x00007ffb80760000 - 0x00007ffb808d7000 	C:\WINDOWS\system32\USER32.dll
0x00007ffb7e410000 - 0x00007ffb7e5a4000 	C:\WINDOWS\system32\ole32.dll
0x00007ffb7f100000 - 0x00007ffb80618000 	C:\WINDOWS\system32\SHELL32.dll
0x00007ffb7d360000 - 0x00007ffb7d381000 	C:\WINDOWS\SYSTEM32\USERENV.dll
0x00007ffb7eea0000 - 0x00007ffb7ef4a000 	C:\WINDOWS\system32\ADVAPI32.dll
0x00007ffb72030000 - 0x00007ffb7204e000 	C:\WINDOWS\SYSTEM32\MPR.dll
0x00007ffb7e920000 - 0x00007ffb7ea61000 	C:\WINDOWS\system32\RPCRT4.dll
0x00007ffb7e3b0000 - 0x00007ffb7e409000 	C:\WINDOWS\SYSTEM32\sechost.dll
0x00007ffb7e6a0000 - 0x00007ffb7e8b1000 	C:\WINDOWS\SYSTEM32\combase.dll
0x00007ffb7ea70000 - 0x00007ffb7ebc1000 	C:\WINDOWS\system32\GDI32.dll
0x00007ffb7ddc0000 - 0x00007ffb7ddd5000 	C:\WINDOWS\SYSTEM32\profapi.dll
0x00007ffb7c160000 - 0x00007ffb7c212000 	C:\WINDOWS\SYSTEM32\SHCORE.dll
0x00007ffb7e5b0000 - 0x00007ffb7e5e6000 	C:\WINDOWS\system32\IMM32.DLL
0x00007ffb80920000 - 0x00007ffb80a72000 	C:\WINDOWS\system32\MSCTF.dll
0x00007ffb7b4f0000 - 0x00007ffb7b76b000 	C:\WINDOWS\WinSxS\amd64_microsoft.windows.common-controls_6595b64144ccf1df_6.0.9600.17415_none_6240486fecbd8abb\COMCTL32.dll
0x000000006e3b0000 - 0x000000006e482000 	C:\Program Files\Java\jre1.8.0_25\bin\msvcr100.dll
0x000000006e4e0000 - 0x000000006ed3a000 	C:\Program Files\Java\jre1.8.0_25\bin\server\jvm.dll
0x00007ffb71710000 - 0x00007ffb71719000 	C:\WINDOWS\SYSTEM32\WSOCK32.dll
0x00007ffb750e0000 - 0x00007ffb75102000 	C:\WINDOWS\SYSTEM32\WINMM.dll
0x00007ffb808e0000 - 0x00007ffb808e7000 	C:\WINDOWS\system32\PSAPI.DLL
0x00007ffb80b50000 - 0x00007ffb80baa000 	C:\WINDOWS\system32\WS2_32.dll
0x00007ffb74fb0000 - 0x00007ffb74fda000 	C:\WINDOWS\SYSTEM32\WINMMBASE.dll
0x00007ffb7ebd0000 - 0x00007ffb7ebd9000 	C:\WINDOWS\system32\NSI.dll
0x00007ffb7e2a0000 - 0x00007ffb7e2ef000 	C:\WINDOWS\SYSTEM32\cfgmgr32.dll
0x00007ffb7cbb0000 - 0x00007ffb7cbd8000 	C:\WINDOWS\SYSTEM32\DEVOBJ.dll
0x00000000701e0000 - 0x00000000701ef000 	C:\Program Files\Java\jre1.8.0_25\bin\verify.dll
0x00000000701b0000 - 0x00000000701d8000 	C:\Program Files\Java\jre1.8.0_25\bin\java.dll
0x0000000070190000 - 0x00000000701a6000 	C:\Program Files\Java\jre1.8.0_25\bin\zip.dll
0x000000006e210000 - 0x000000006e3a8000 	C:\Program Files\Java\jre1.8.0_25\bin\awt.dll
0x00007ffb7edd0000 - 0x00007ffb7ee91000 	C:\WINDOWS\system32\OLEAUT32.dll
0x00007ffb7bf60000 - 0x00007ffb7bf81000 	C:\WINDOWS\system32\DWMAPI.DLL
0x00007ffb7ca30000 - 0x00007ffb7cb59000 	C:\WINDOWS\system32\uxtheme.dll
0x00007ffb7cc00000 - 0x00007ffb7cc0b000 	C:\WINDOWS\SYSTEM32\kernel.appcore.dll
0x00007ffb7dc30000 - 0x00007ffb7dc3b000 	C:\WINDOWS\SYSTEM32\CRYPTBASE.dll
0x00007ffb7dbc0000 - 0x00007ffb7dc23000 	C:\WINDOWS\SYSTEM32\bcryptPrimitives.dll
0x00007ffb73570000 - 0x00007ffb73791000 	C:\WINDOWS\system32\d3d9.dll
0x00007ffb7b9f0000 - 0x00007ffb7b9fa000 	C:\WINDOWS\SYSTEM32\VERSION.dll
0x00007ffb7b220000 - 0x00007ffb7b36b000 	C:\WINDOWS\SYSTEM32\aticfx64.dll
0x00007ffb59650000 - 0x00007ffb59671000 	C:\WINDOWS\SYSTEM32\atiu9p64.dll
0x00007ffb58e60000 - 0x00007ffb59645000 	C:\WINDOWS\SYSTEM32\atiumd64.dll
0x000000006ed40000 - 0x000000006f4f7000 	C:\WINDOWS\SYSTEM32\atiumd6a.dll
0x000000006f5f0000 - 0x000000006f637000 	C:\Program Files\Java\jre1.8.0_25\bin\fontmanager.dll
0x00007ffb7d630000 - 0x00007ffb7d650000 	C:\WINDOWS\SYSTEM32\CRYPTSP.dll
0x00007ffb7d250000 - 0x00007ffb7d286000 	C:\WINDOWS\system32\rsaenh.dll
0x00007ffb7d880000 - 0x00007ffb7d8a6000 	C:\WINDOWS\SYSTEM32\bcrypt.dll
0x0000000070170000 - 0x000000007018a000 	C:\Program Files\Java\jre1.8.0_25\bin\net.dll
0x00007ffb7d5d0000 - 0x00007ffb7d629000 	C:\WINDOWS\system32\mswsock.dll
0x00007ffb79b50000 - 0x00007ffb79b7a000 	C:\WINDOWS\SYSTEM32\IPHLPAPI.DLL
0x00007ffb79b10000 - 0x00007ffb79b1a000 	C:\WINDOWS\SYSTEM32\WINNSI.DLL
0x00007ffb78b80000 - 0x00007ffb78b96000 	C:\WINDOWS\SYSTEM32\dhcpcsvc6.DLL
0x00007ffb78d10000 - 0x00007ffb78d2a000 	C:\WINDOWS\SYSTEM32\dhcpcsvc.DLL
0x000000006e4c0000 - 0x000000006e4d1000 	C:\Program Files\Java\jre1.8.0_25\bin\nio.dll
0x00000000637c0000 - 0x00000000637cd000 	S:\Users\Ben\AppData\Local\Temp\jogamp_0000\file_cache\jln2446530173632703994\jln8082308418968122183\gluegen-rt.dll
0x000000006f5e0000 - 0x000000006f5e7000 	C:\Program Files\Java\jre1.8.0_25\bin\jawt.dll
0x000000006a440000 - 0x000000006a44d000 	S:\Users\Ben\AppData\Local\Temp\jogamp_0000\file_cache\jln2446530173632703994\jln8082308418968122183\nativewindow_awt.dll
0x000000006c100000 - 0x000000006c10f000 	S:\Users\Ben\AppData\Local\Temp\jogamp_0000\file_cache\jln2446530173632703994\jln8082308418968122183\nativewindow_win32.dll
0x00007ffb50a50000 - 0x00007ffb50b7b000 	C:\WINDOWS\SYSTEM32\OpenGL32.dll
0x00007ffb74bc0000 - 0x00007ffb74bee000 	C:\WINDOWS\SYSTEM32\GLU32.dll
0x00007ffb66ba0000 - 0x00007ffb66c98000 	C:\WINDOWS\SYSTEM32\DDRAW.dll
0x00007ffb798c0000 - 0x00007ffb798c9000 	C:\WINDOWS\SYSTEM32\DCIMAN32.dll
0x0000000064500000 - 0x00000000645a2000 	S:\Users\Ben\AppData\Local\Temp\jogamp_0000\file_cache\jln2446530173632703994\jln8082308418968122183\jogl_desktop.dll
0x00007ffb720d0000 - 0x00007ffb720e8000 	C:\WINDOWS\SYSTEM32\atig6pxx.dll
0x000000006c660000 - 0x000000006e20f000 	C:\WINDOWS\SYSTEM32\atio6axx.dll
0x00007ffb7ebf0000 - 0x00007ffb7edca000 	C:\WINDOWS\system32\SETUPAPI.dll
0x00007ffb79b80000 - 0x00007ffb79cb7000 	C:\WINDOWS\SYSTEM32\atiadlxx.dll
0x00007ffb7a150000 - 0x00007ffb7a2cf000 	C:\WINDOWS\SYSTEM32\PROPSYS.dll
0x00007ffb7c9d0000 - 0x00007ffb7c9e2000 	C:\WINDOWS\SYSTEM32\WTSAPI32.dll
0x00007ffb7e070000 - 0x00007ffb7e0c1000 	C:\WINDOWS\system32\WINTRUST.dll
0x00007ffb7de90000 - 0x00007ffb7e06f000 	C:\WINDOWS\system32\CRYPT32.dll
0x00007ffb7de70000 - 0x00007ffb7de81000 	C:\WINDOWS\system32\MSASN1.dll
0x00007ffb6bce0000 - 0x00007ffb6bd09000 	C:\WINDOWS\SYSTEM32\atig6txx.dll
0x00007ffb508b0000 - 0x00007ffb50a4c000 	O:\OneDrive\Workspace\ZZavatar\lib\user\KinectPV2\Kinect20.Face.dll
0x00007ffb74fe0000 - 0x00007ffb75087000 	C:\WINDOWS\SYSTEM32\MSVCP110.dll
0x00007ffb76510000 - 0x00007ffb765de000 	C:\WINDOWS\SYSTEM32\MSVCR110.dll
0x00007ffb79790000 - 0x00007ffb797a0000 	O:\OneDrive\Workspace\ZZavatar\lib\user\KinectPV2\KinectPV2.dll
0x00007ffb50450000 - 0x00007ffb5050a000 	C:\WINDOWS\SYSTEM32\Kinect20.dll
0x00007ffb75110000 - 0x00007ffb751fb000 	C:\WINDOWS\SYSTEM32\MFPlat.DLL
0x00007ffb74f70000 - 0x00007ffb74f97000 	C:\WINDOWS\SYSTEM32\RTWorkQ.DLL
0x00007ffb7bb70000 - 0x00007ffb7bb7c000 	C:\WINDOWS\SYSTEM32\AVRT.dll
0x000000006c610000 - 0x000000006c651000 	C:\Program Files\Java\jre1.8.0_25\bin\t2k.dll
0x00007ffb70940000 - 0x00007ffb70aca000 	C:\WINDOWS\SYSTEM32\dbghelp.dll

VM Arguments:
jvm_args: -Djava.library.path=O:\OneDrive\Workspace\ZZavatar\lib\base\video;O:\OneDrive\Workspace\ZZavatar\lib\base\video;O:\OneDrive\Workspace\ZZavatar\lib\base\video;O:\OneDrive\Workspace\ZZavatar\lib\base\core;O:\OneDrive\Workspace\ZZavatar\lib\base\core;O:\OneDrive\Workspace\ZZavatar\lib\base\core;O:\OneDrive\Workspace\ZZavatar\lib\base\core;O:\OneDrive\Workspace\ZZavatar\lib\base\core;O:\OneDrive\Workspace\ZZavatar\lib\base\core;O:\OneDrive\Workspace\ZZavatar\lib\base\core;O:\OneDrive\Workspace\ZZavatar\lib\base\core;O:\OneDrive\Workspace\ZZavatar\lib\base\core;O:\OneDrive\Workspace\ZZavatar\lib\base\core;O:\OneDrive\Workspace\ZZavatar\lib\base\core;O:\OneDrive\Workspace\ZZavatar\lib\base\core;O:\OneDrive\Workspace\ZZavatar\lib\base\core;O:\OneDrive\Workspace\ZZavatar\lib\base\core;O:\OneDrive\Workspace\ZZavatar\lib\base\core;O:\OneDrive\Workspace\ZZavatar\lib\user\Kinect4WinSDK;O:\OneDrive\Workspace\ZZavatar\lib\user\KinectPV2;O:\OneDrive\Workspace\ZZavatar\lib\user\SimpleOpenNI -Dfile.encoding=Cp1252 
java_command: zzavatar.ZZavatar
java_class_path (initial): O:\OneDrive\Workspace\ZZavatar\lib\base\video\gstreamer-java.jar;O:\OneDrive\Workspace\ZZavatar\lib\base\video\jna.jar;O:\OneDrive\Workspace\ZZavatar\lib\base\video\video.jar;O:\OneDrive\Workspace\ZZavatar\lib\base\core\core.jar;O:\OneDrive\Workspace\ZZavatar\lib\base\core\gluegen-rt-natives-linux-amd64.jar;O:\OneDrive\Workspace\ZZavatar\lib\base\core\gluegen-rt-natives-linux-armv6hf.jar;O:\OneDrive\Workspace\ZZavatar\lib\base\core\gluegen-rt-natives-linux-i586.jar;O:\OneDrive\Workspace\ZZavatar\lib\base\core\gluegen-rt-natives-macosx-universal.jar;O:\OneDrive\Workspace\ZZavatar\lib\base\core\gluegen-rt-natives-windows-amd64.jar;O:\OneDrive\Workspace\ZZavatar\lib\base\core\gluegen-rt-natives-windows-i586.jar;O:\OneDrive\Workspace\ZZavatar\lib\base\core\gluegen-rt.jar;O:\OneDrive\Workspace\ZZavatar\lib\base\core\jogl-all-natives-linux-amd64.jar;O:\OneDrive\Workspace\ZZavatar\lib\base\core\jogl-all-natives-linux-armv6hf.jar;O:\OneDrive\Workspace\ZZavatar\lib\base\core\jogl-all-natives-linux-i586.jar;O:\OneDrive\Workspace\ZZavatar\lib\base\core\jogl-all-natives-macosx-universal.jar;O:\OneDrive\Workspace\ZZavatar\lib\base\core\jogl-all-natives-windows-amd64.jar;O:\OneDrive\Workspace\ZZavatar\lib\base\core\jogl-all-natives-windows-i586.jar;O:\OneDrive\Workspace\ZZavatar\lib\base\core\jogl-all.jar;O:\OneDrive\Workspace\ZZavatar\lib\user\Kinect4WinSDK\Kinect4WinSDK.jar;O:\OneDrive\Workspace\ZZavatar\lib\user\KinectPV2\KinectPV2.jar;O:\OneDrive\Workspace\ZZavatar\lib\user\SimpleOpenNI\SimpleOpenNI.jar;O:\OneDrive\Workspace\ZZavatar\bin
Launcher Type: SUN_STANDARD

Environment Variables:
JAVA_HOME=C:\Program Files\Java\jdk1.8.0_25
PATH=C:/Program Files/Java/jre1.8.0_25/bin/server;C:/Program Files/Java/jre1.8.0_25/bin;C:/Program Files/Java/jre1.8.0_25/lib/amd64;C:\Program Files (x86)\NVIDIA Corporation\PhysX\Common;C:\ProgramData\Oracle\Java\javapath;C:\Program Files (x86)\Common Files\Intel\Shared Libraries\redist\intel64\compiler;C:\Program Files (x86)\Common Files\Intel\Shared Libraries\redist\ia32\compiler;C:\Program Files (x86)\Intel\iCLS Client\;C:\Program Files\Intel\iCLS Client\;C:\Program Files (x86)\AMD APP\bin\x86_64;C:\Program Files (x86)\AMD APP\bin\x86;C:\WINDOWS\system32;C:\WINDOWS;C:\WINDOWS\System32\Wbem;C:\WINDOWS\System32\WindowsPowerShell\v1.0\;C:\Program Files (x86)\ATI Technologies\ATI.ACE\Core-Static;C:\Program Files\Intel\Intel(R) Management Engine Components\DAL;C:\Program Files\Intel\Intel(R) Management Engine Components\IPT;C:\Program Files (x86)\Intel\Intel(R) Management Engine Components\DAL;C:\Program Files (x86)\Intel\Intel(R) Management Engine Components\IPT;C:\Program Files\Sony\VAIO Improvement\;C:\Program Files (x86)\Sony\VAIO Startup Setting Tool;C:\Program Files (x86)\Windows Kits\8.1\Windows Performance Toolkit\;C:\Program Files\Microsoft SQL Server\110\Tools\Binn\;C:\Program Files (x86)\Microsoft SDKs\TypeScript\1.0\;C:\Program Files\Microsoft\Web Platform Installer\;C:\Program Files (x86)\Java\jre1.8.0_25\bin;P:\Programs\Python27\Scripts;P:\Programs\Python27;C:\Program Files\Common Files\Autodesk Shared\;P:\Program Files\Programs;P:\Program Files\Games;P:\Programs\Eclipse;
USERNAME=Benoît
OS=Windows_NT
PROCESSOR_IDENTIFIER=Intel64 Family 6 Model 58 Stepping 9, GenuineIntel



---------------  S Y S T E M  ---------------

OS: Windows 8.1 , 64 bit Build 9600 

CPU:total 8 (4 cores per cpu, 2 threads per core) family 6 model 58 stepping 9, cmov, cx8, fxsr, mmx, sse, sse2, sse3, ssse3, sse4.1, sse4.2, popcnt, avx, aes, clmul, erms, ht, tsc, tscinvbit, tscinv

Memory: 4k page, physical 6237468k(2218400k free), swap 10431772k(5331168k free)

vm_info: Java HotSpot(TM) 64-Bit Server VM (25.25-b02) for windows-amd64 JRE (1.8.0_25-b18), built on Oct  7 2014 14:25:37 by "java_re" with MS VC++ 10.0 (VS2010)

time: Sat Apr 25 10:56:08 2015
elapsed time: 121 seconds (0d 0h 2m 1s)

