#
# A fatal error has been detected by the Java Runtime Environment:
#
#  EXCEPTION_ACCESS_VIOLATION (0xc0000005) at pc=0x00007ffedc7f4126, pid=5916, tid=2572
#
# JRE version: Java(TM) SE Runtime Environment (8.0_25-b18) (build 1.8.0_25-b18)
# Java VM: Java HotSpot(TM) 64-Bit Server VM (25.25-b02 mixed mode windows-amd64 compressed oops)
# Problematic frame:
# C  [KinectPV2.dll+0x4126]
#
# Failed to write core dump. Minidumps are not enabled by default on client versions of Windows
#
# If you would like to submit a bug report, please visit:
#   http://bugreport.sun.com/bugreport/crash.jsp
# The crash happened outside the Java Virtual Machine in native code.
# See problematic frame for where to report the bug.
#

---------------  T H R E A D  ---------------

Current thread (0x0000000019036000):  JavaThread "Animation Thread" [_thread_in_native, id=2572, stack(0x000000001c1f0000,0x000000001c2f0000)]

siginfo: ExceptionCode=0xc0000005, reading address 0xffffffffffffffff

Registers:
RAX=0x0000000000000001, RBX=0x000000002e05c040, RCX=0x6e692e0000000000, RDX=0x0000000000000000
RSP=0x000000001c2ee460, RBP=0x0000000000000006, RSI=0x0000000000000000, RDI=0x000000001ed3b228
R8 =0x000000001c2ee128, R9 =0x0000000000008000, R10=0x0000000000000000, R11=0x000000001c2ee360
R12=0x0000000000000000, R13=0x000000001f56cfc8, R14=0x0000000000000000, R15=0x0000000019036000
RIP=0x00007ffedc7f4126, EFLAGS=0x0000000000010206

Top of Stack: (sp=0x000000001c2ee460)
0x000000001c2ee460:   000000001ed3b1f8 000000001f28a968
0x000000001c2ee470:   000000001ed3b1f8 0000000000000000
0x000000001c2ee480:   000000001c2ee550 00007ffedc7f1fba
0x000000001c2ee490:   000000001c2ee550 000000001c2ee530
0x000000001c2ee4a0:   00000000190361e8 0000000019000cf0
0x000000001c2ee4b0:   00000000a4487be8 0000000002025b74
0x000000001c2ee4c0:   000000001f56cfc8 0000000000000019
0x000000001c2ee4d0:   0000000000000019 0000000019036000
0x000000001c2ee4e0:   000000001c2ee5a8 00000000020258a2
0x000000001c2ee4f0:   000000001c2ee4f0 000000001f56cfc8
0x000000001c2ee500:   000000001c2ee550 000000001f56df58
0x000000001c2ee510:   0000000000000000 000000001f56cfc8
0x000000001c2ee520:   0000000000000000 000000001c2ee550
0x000000001c2ee530:   000000001c2ee598 0000000002017a2d
0x000000001c2ee540:   0000000000000000 000000000201f6b8
0x000000001c2ee550:   00000000a4355658 000000001c2ee558 

Instructions: (pc=0x00007ffedc7f4126)
0x00007ffedc7f4106:   8f 90 00 00 00 48 85 c9 74 0d 48 8b 01 ff 50 10
0x00007ffedc7f4116:   4c 89 b7 90 00 00 00 48 8b 4f 30 48 85 c9 74 0a
0x00007ffedc7f4126:   48 8b 01 ff 50 10 4c 89 77 30 48 8b 4f 60 48 85
0x00007ffedc7f4136:   c9 74 0a 48 8b 01 ff 50 10 4c 89 77 60 48 83 c7 


Register to memory mapping:

RAX=0x0000000000000001 is an unknown value
RBX=0x000000002e05c040 is an unknown value
RCX=0x6e692e0000000000 is an unknown value
RDX=0x0000000000000000 is an unknown value
RSP=0x000000001c2ee460 is pointing into the stack for thread: 0x0000000019036000
RBP=0x0000000000000006 is an unknown value
RSI=0x0000000000000000 is an unknown value
RDI=0x000000001ed3b228 is an unknown value
R8 =0x000000001c2ee128 is pointing into the stack for thread: 0x0000000019036000
R9 =0x0000000000008000 is an unknown value
R10=0x0000000000000000 is an unknown value
R11=0x000000001c2ee360 is pointing into the stack for thread: 0x0000000019036000
R12=0x0000000000000000 is an unknown value
R13={method} {0x000000001f56cfd0} 'jniStopDevice' '()V' in 'KinectPV2/Device'
R14=0x0000000000000000 is an unknown value
R15=0x0000000019036000 is a thread


Stack: [0x000000001c1f0000,0x000000001c2f0000],  sp=0x000000001c2ee460,  free space=1017k
Native frames: (J=compiled Java code, j=interpreted, Vv=VM code, C=native code)
C  [KinectPV2.dll+0x4126]
C  [KinectPV2.dll+0x1fba]
C  0x0000000002025b74

Java frames: (J=compiled Java code, j=interpreted, Vv=VM code)
j  KinectPV2.Device.jniStopDevice()V+0
j  KinectPV2.Device.stopDevice()V+41
j  KinectPV2.KinectPV2.dispose()V+14
v  ~StubRoutines::call_stub
j  sun.reflect.NativeMethodAccessorImpl.invoke0(Ljava/lang/reflect/Method;Ljava/lang/Object;[Ljava/lang/Object;)Ljava/lang/Object;+0
j  sun.reflect.NativeMethodAccessorImpl.invoke(Ljava/lang/Object;[Ljava/lang/Object;)Ljava/lang/Object;+100
J 1765 C1 sun.reflect.DelegatingMethodAccessorImpl.invoke(Ljava/lang/Object;[Ljava/lang/Object;)Ljava/lang/Object; (10 bytes) @ 0x0000000002682d04 [0x0000000002682c00+0x104]
J 1764 C1 java.lang.reflect.Method.invoke(Ljava/lang/Object;[Ljava/lang/Object;)Ljava/lang/Object; (62 bytes) @ 0x0000000002679da4 [0x00000000026799c0+0x3e4]
j  processing.core.PApplet$RegisteredMethods.handle([Ljava/lang/Object;)V+18
J 1626 C1 processing.core.PApplet.handleMethods(Ljava/lang/String;)V (21 bytes) @ 0x000000000263425c [0x0000000002633fa0+0x2bc]
j  processing.core.PApplet.dispose()V+35
j  processing.core.PApplet.run()V+283
j  java.lang.Thread.run()V+11
v  ~StubRoutines::call_stub

---------------  P R O C E S S  ---------------

Java Threads: ( => current thread )
  0x000000001932e000 JavaThread "Animation Thread-SharedResourceRunner" daemon [_thread_blocked, id=9068, stack(0x000000001e4c0000,0x000000001e5c0000)]
  0x0000000001f0e800 JavaThread "DestroyJavaVM" [_thread_blocked, id=8656, stack(0x0000000001d80000,0x0000000001e80000)]
  0x000000001902a800 JavaThread "D3D Screen Updater" daemon [_thread_blocked, id=5324, stack(0x000000001c4f0000,0x000000001c5f0000)]
=>0x0000000019036000 JavaThread "Animation Thread" [_thread_in_native, id=2572, stack(0x000000001c1f0000,0x000000001c2f0000)]
  0x0000000018fa6000 JavaThread "AWT-EventQueue-0" [_thread_blocked, id=9684, stack(0x000000001bff0000,0x000000001c0f0000)]
  0x000000001812d800 JavaThread "AWT-Windows" daemon [_thread_in_native, id=9456, stack(0x0000000019870000,0x0000000019970000)]
  0x0000000018f63800 JavaThread "AWT-Shutdown" [_thread_blocked, id=10200, stack(0x0000000019770000,0x0000000019870000)]
  0x0000000018f62800 JavaThread "Java2D Disposer" daemon [_thread_blocked, id=4344, stack(0x0000000019670000,0x0000000019770000)]
  0x0000000017dea000 JavaThread "Service Thread" daemon [_thread_blocked, id=8268, stack(0x0000000018730000,0x0000000018830000)]
  0x0000000017d67800 JavaThread "C1 CompilerThread3" daemon [_thread_blocked, id=884, stack(0x0000000018630000,0x0000000018730000)]
  0x0000000017d67000 JavaThread "C2 CompilerThread2" daemon [_thread_blocked, id=9224, stack(0x0000000018530000,0x0000000018630000)]
  0x0000000017d5e800 JavaThread "C2 CompilerThread1" daemon [_thread_blocked, id=3176, stack(0x0000000018430000,0x0000000018530000)]
  0x0000000017d59000 JavaThread "C2 CompilerThread0" daemon [_thread_blocked, id=1888, stack(0x0000000018330000,0x0000000018430000)]
  0x0000000017d56800 JavaThread "Attach Listener" daemon [_thread_blocked, id=9208, stack(0x0000000018230000,0x0000000018330000)]
  0x0000000017d55800 JavaThread "Signal Dispatcher" daemon [_thread_blocked, id=7192, stack(0x0000000018130000,0x0000000018230000)]
  0x0000000002008800 JavaThread "Finalizer" daemon [_thread_blocked, id=8528, stack(0x0000000017c30000,0x0000000017d30000)]
  0x0000000015d5c800 JavaThread "Reference Handler" daemon [_thread_blocked, id=8400, stack(0x0000000017b30000,0x0000000017c30000)]

Other Threads:
  0x0000000015d58800 VMThread [stack: 0x0000000017a30000,0x0000000017b30000] [id=120]
  0x0000000017dec000 WatcherThread [stack: 0x0000000018830000,0x0000000018930000] [id=6388]

VM state:not at safepoint (normal execution)

VM Mutex/Monitor currently owned by a thread: None

Heap:
 PSYoungGen      total 443392K, used 382149K [0x00000000e0400000, 0x0000000100000000, 0x0000000100000000)
  eden space 402432K, 94% used [0x00000000e0400000,0x00000000f79094e0,0x00000000f8d00000)
  from space 40960K, 0% used [0x00000000f8d00000,0x00000000f8d28000,0x00000000fb500000)
  to   space 40960K, 0% used [0x00000000fd800000,0x00000000fd800000,0x0000000100000000)
 ParOldGen       total 224768K, used 159402K [0x00000000a0c00000, 0x00000000ae780000, 0x00000000e0400000)
  object space 224768K, 70% used [0x00000000a0c00000,0x00000000aa7aaaf0,0x00000000ae780000)
 Metaspace       used 17769K, capacity 17999K, committed 18176K, reserved 1064960K
  class space    used 1723K, capacity 1762K, committed 1792K, reserved 1048576K

Card table byte_map: [0x00000000113d0000,0x00000000116d0000] byte_map_base: 0x0000000010eca000

Marking Bits: (ParMarkBitMap*) 0x000000006ab8d490
 Begin Bits: [0x00000000120d0000, 0x00000000138a0000)
 End Bits:   [0x00000000138a0000, 0x0000000015070000)

Polling page: 0x0000000001e80000

CodeCache: size=245760Kb used=7164Kb max_used=7176Kb free=238595Kb
 bounds [0x0000000002010000, 0x0000000002720000, 0x0000000011010000]
 total_blobs=2797 nmethods=1927 adapters=784
 compilation: enabled

Compilation events (10 events):
Event: 10.247 Thread 0x0000000017d67800 nmethod 1923 0x0000000002709d90 code [0x0000000002709f20, 0x000000000270a3b0]
Event: 10.247 Thread 0x0000000017d67800 1924       3       processing.opengl.PShader::setUniformValue (20 bytes)
Event: 10.247 Thread 0x0000000017d67800 nmethod 1924 0x00000000026fcc50 code [0x00000000026fcdc0, 0x00000000026fd028]
Event: 10.284 Thread 0x0000000017d67800 1925       3       processing.opengl.PGraphicsOpenGL::orthoProjection (135 bytes)
Event: 10.286 Thread 0x0000000017d67800 nmethod 1925 0x000000000270a650 code [0x000000000270a8c0, 0x000000000270bcf0]
Event: 10.290 Thread 0x0000000017d5e800 nmethod 1920 0x0000000002710290 code [0x0000000002710960, 0x0000000002713bd0]
Event: 10.314 Thread 0x0000000017d67800 1926       3       processing.opengl.PGraphicsOpenGL::popMatrix (97 bytes)
Event: 10.315 Thread 0x0000000017d67800 nmethod 1926 0x000000000270f450 code [0x000000000270f640, 0x000000000270fea8]
Event: 10.365 Thread 0x0000000017d67800 1927       3       java.awt.Component::isShowing (38 bytes)
Event: 10.365 Thread 0x0000000017d67800 nmethod 1927 0x000000000270eed0 code [0x000000000270f040, 0x000000000270f388]

GC Heap History (10 events):
Event: 4.282 GC heap before
{Heap before GC invocations=9 (full 2):
 PSYoungGen      total 223232K, used 170565K [0x00000000e0400000, 0x00000000f0980000, 0x0000000100000000)
  eden space 178176K, 95% used [0x00000000e0400000,0x00000000eaa916f0,0x00000000eb200000)
  from space 45056K, 0% used [0x00000000edb00000,0x00000000edb00000,0x00000000f0700000)
  to   space 41984K, 0% used [0x00000000eb200000,0x00000000eb200000,0x00000000edb00000)
 ParOldGen       total 224768K, used 150108K [0x00000000a0c00000, 0x00000000ae780000, 0x00000000e0400000)
  object space 224768K, 66% used [0x00000000a0c00000,0x00000000a9e973f0,0x00000000ae780000)
 Metaspace       used 17329K, capacity 17531K, committed 17664K, reserved 1064960K
  class space    used 1710K, capacity 1760K, committed 1792K, reserved 1048576K
Event: 4.284 GC heap after
Heap after GC invocations=9 (full 2):
 PSYoungGen      total 220160K, used 1202K [0x00000000e0400000, 0x00000000f8700000, 0x0000000100000000)
  eden space 178176K, 0% used [0x00000000e0400000,0x00000000e0400000,0x00000000eb200000)
  from space 41984K, 2% used [0x00000000eb200000,0x00000000eb32ca70,0x00000000edb00000)
  to   space 43520K, 0% used [0x00000000f5c80000,0x00000000f5c80000,0x00000000f8700000)
 ParOldGen       total 224768K, used 150116K [0x00000000a0c00000, 0x00000000ae780000, 0x00000000e0400000)
  object space 224768K, 66% used [0x00000000a0c00000,0x00000000a9e993f0,0x00000000ae780000)
 Metaspace       used 17329K, capacity 17531K, committed 17664K, reserved 1064960K
  class space    used 1710K, capacity 1760K, committed 1792K, reserved 1048576K
}
Event: 4.909 GC heap before
{Heap before GC invocations=10 (full 2):
 PSYoungGen      total 220160K, used 176649K [0x00000000e0400000, 0x00000000f8700000, 0x0000000100000000)
  eden space 178176K, 98% used [0x00000000e0400000,0x00000000eaf55a88,0x00000000eb200000)
  from space 41984K, 2% used [0x00000000eb200000,0x00000000eb32ca70,0x00000000edb00000)
  to   space 43520K, 0% used [0x00000000f5c80000,0x00000000f5c80000,0x00000000f8700000)
 ParOldGen       total 224768K, used 150116K [0x00000000a0c00000, 0x00000000ae780000, 0x00000000e0400000)
  object space 224768K, 66% used [0x00000000a0c00000,0x00000000a9e993f0,0x00000000ae780000)
 Metaspace       used 17434K, capacity 17601K, committed 17664K, reserved 1064960K
  class space    used 1710K, capacity 1761K, committed 1792K, reserved 1048576K
Event: 4.918 GC heap after
Heap after GC invocations=10 (full 2):
 PSYoungGen      total 330240K, used 17469K [0x00000000e0400000, 0x00000000f7980000, 0x0000000100000000)
  eden space 300544K, 0% used [0x00000000e0400000,0x00000000e0400000,0x00000000f2980000)
  from space 29696K, 58% used [0x00000000f5c80000,0x00000000f6d8f430,0x00000000f7980000)
  to   space 40960K, 0% used [0x00000000f2980000,0x00000000f2980000,0x00000000f5180000)
 ParOldGen       total 224768K, used 150124K [0x00000000a0c00000, 0x00000000ae780000, 0x00000000e0400000)
  object space 224768K, 66% used [0x00000000a0c00000,0x00000000a9e9b3f0,0x00000000ae780000)
 Metaspace       used 17434K, capacity 17601K, committed 17664K, reserved 1064960K
  class space    used 1710K, capacity 1761K, committed 1792K, reserved 1048576K
}
Event: 6.107 GC heap before
{Heap before GC invocations=11 (full 2):
 PSYoungGen      total 330240K, used 317074K [0x00000000e0400000, 0x00000000f7980000, 0x0000000100000000)
  eden space 300544K, 99% used [0x00000000e0400000,0x00000000f2895638,0x00000000f2980000)
  from space 29696K, 58% used [0x00000000f5c80000,0x00000000f6d8f430,0x00000000f7980000)
  to   space 40960K, 0% used [0x00000000f2980000,0x00000000f2980000,0x00000000f5180000)
 ParOldGen       total 224768K, used 150124K [0x00000000a0c00000, 0x00000000ae780000, 0x00000000e0400000)
  object space 224768K, 66% used [0x00000000a0c00000,0x00000000a9e9b3f0,0x00000000ae780000)
 Metaspace       used 17515K, capacity 17729K, committed 17920K, reserved 1064960K
  class space    used 1710K, capacity 1761K, committed 1792K, reserved 1048576K
Event: 6.116 GC heap after
Heap after GC invocations=11 (full 2):
 PSYoungGen      total 341504K, used 9321K [0x00000000e0400000, 0x00000000fe680000, 0x0000000100000000)
  eden space 300544K, 0% used [0x00000000e0400000,0x00000000e0400000,0x00000000f2980000)
  from space 40960K, 22% used [0x00000000f2980000,0x00000000f329a410,0x00000000f5180000)
  to   space 39936K, 0% used [0x00000000fbf80000,0x00000000fbf80000,0x00000000fe680000)
 ParOldGen       total 224768K, used 150132K [0x00000000a0c00000, 0x00000000ae780000, 0x00000000e0400000)
  object space 224768K, 66% used [0x00000000a0c00000,0x00000000a9e9d3f0,0x00000000ae780000)
 Metaspace       used 17515K, capacity 17729K, committed 17920K, reserved 1064960K
  class space    used 1710K, capacity 1761K, committed 1792K, reserved 1048576K
}
Event: 7.305 GC heap before
{Heap before GC invocations=12 (full 2):
 PSYoungGen      total 341504K, used 309506K [0x00000000e0400000, 0x00000000fe680000, 0x0000000100000000)
  eden space 300544K, 99% used [0x00000000e0400000,0x00000000f2926660,0x00000000f2980000)
  from space 40960K, 22% used [0x00000000f2980000,0x00000000f329a410,0x00000000f5180000)
  to   space 39936K, 0% used [0x00000000fbf80000,0x00000000fbf80000,0x00000000fe680000)
 ParOldGen       total 224768K, used 150132K [0x00000000a0c00000, 0x00000000ae780000, 0x00000000e0400000)
  object space 224768K, 66% used [0x00000000a0c00000,0x00000000a9e9d3f0,0x00000000ae780000)
 Metaspace       used 17582K, capacity 17793K, committed 17920K, reserved 1064960K
  class space    used 1722K, capacity 1761K, committed 1792K, reserved 1048576K
Event: 7.310 GC heap after
Heap after GC invocations=12 (full 2):
 PSYoungGen      total 432640K, used 256K [0x00000000e0400000, 0x00000000fdd00000, 0x0000000100000000)
  eden space 402432K, 0% used [0x00000000e0400000,0x00000000e0400000,0x00000000f8d00000)
  from space 30208K, 0% used [0x00000000fbf80000,0x00000000fbfc0000,0x00000000fdd00000)
  to   space 40960K, 0% used [0x00000000f8d00000,0x00000000f8d00000,0x00000000fb500000)
 ParOldGen       total 224768K, used 159338K [0x00000000a0c00000, 0x00000000ae780000, 0x00000000e0400000)
  object space 224768K, 70% used [0x00000000a0c00000,0x00000000aa79aaf0,0x00000000ae780000)
 Metaspace       used 17582K, capacity 17793K, committed 17920K, reserved 1064960K
  class space    used 1722K, capacity 1761K, committed 1792K, reserved 1048576K
}
Event: 8.908 GC heap before
{Heap before GC invocations=13 (full 2):
 PSYoungGen      total 432640K, used 399270K [0x00000000e0400000, 0x00000000fdd00000, 0x0000000100000000)
  eden space 402432K, 99% used [0x00000000e0400000,0x00000000f89a9800,0x00000000f8d00000)
  from space 30208K, 0% used [0x00000000fbf80000,0x00000000fbfc0000,0x00000000fdd00000)
  to   space 40960K, 0% used [0x00000000f8d00000,0x00000000f8d00000,0x00000000fb500000)
 ParOldGen       total 224768K, used 159338K [0x00000000a0c00000, 0x00000000ae780000, 0x00000000e0400000)
  object space 224768K, 70% used [0x00000000a0c00000,0x00000000aa79aaf0,0x00000000ae780000)
 Metaspace       used 17636K, capacity 17857K, committed 17920K, reserved 1064960K
  class space    used 1722K, capacity 1761K, committed 1792K, reserved 1048576K
Event: 8.909 GC heap after
Heap after GC invocations=13 (full 2):
 PSYoungGen      total 443392K, used 160K [0x00000000e0400000, 0x0000000100000000, 0x0000000100000000)
  eden space 402432K, 0% used [0x00000000e0400000,0x00000000e0400000,0x00000000f8d00000)
  from space 40960K, 0% used [0x00000000f8d00000,0x00000000f8d28000,0x00000000fb500000)
  to   space 40960K, 0% used [0x00000000fd800000,0x00000000fd800000,0x0000000100000000)
 ParOldGen       total 224768K, used 159402K [0x00000000a0c00000, 0x00000000ae780000, 0x00000000e0400000)
  object space 224768K, 70% used [0x00000000a0c00000,0x00000000aa7aaaf0,0x00000000ae780000)
 Metaspace       used 17636K, capacity 17857K, committed 17920K, reserved 1064960K
  class space    used 1722K, capacity 1761K, committed 1792K, reserved 1048576K
}

Deoptimization events (10 events):
Event: 3.239 Thread 0x0000000018fa6000 Uncommon trap: reason=class_check action=maybe_recompile pc=0x00000000023227c0 method=com.jogamp.common.nio.Buffers.isDirect(Ljava/lang/Object;)Z @ 13
Event: 3.239 Thread 0x0000000018fa6000 Uncommon trap: reason=class_check action=maybe_recompile pc=0x000000000231fe84 method=com.jogamp.common.nio.Buffers.getDirectBufferByteOffset(Ljava/lang/Object;)I @ 7
Event: 3.239 Thread 0x0000000018fa6000 Uncommon trap: reason=class_check action=maybe_recompile pc=0x00000000023227c0 method=com.jogamp.common.nio.Buffers.isDirect(Ljava/lang/Object;)Z @ 13
Event: 3.239 Thread 0x0000000018fa6000 Uncommon trap: reason=class_check action=maybe_recompile pc=0x000000000231fe84 method=com.jogamp.common.nio.Buffers.getDirectBufferByteOffset(Ljava/lang/Object;)I @ 7
Event: 3.240 Thread 0x0000000018fa6000 Uncommon trap: reason=predicate action=maybe_recompile pc=0x000000000240e044 method=java.util.ArrayList.indexOf(Ljava/lang/Object;)I @ 44
Event: 3.268 Thread 0x0000000018fa6000 Uncommon trap: reason=class_check action=maybe_recompile pc=0x00000000023227c0 method=com.jogamp.common.nio.Buffers.isDirect(Ljava/lang/Object;)Z @ 13
Event: 3.268 Thread 0x0000000018fa6000 Uncommon trap: reason=class_check action=maybe_recompile pc=0x000000000231fe84 method=com.jogamp.common.nio.Buffers.getDirectBufferByteOffset(Ljava/lang/Object;)I @ 7
Event: 4.059 Thread 0x0000000018fa6000 Uncommon trap: reason=unreached action=reinterpret pc=0x0000000002414800 method=processing.opengl.PGraphicsOpenGL$InGeometry.addVertex(FFFIFFFFFIFIIIFIZ)I @ 218
Event: 4.399 Thread 0x0000000018fa6000 Uncommon trap: reason=unreached action=reinterpret pc=0x00000000022d86b0 method=java.lang.reflect.AccessibleObject.setAccessible0(Ljava/lang/reflect/AccessibleObject;Z)V @ 4
Event: 10.414 Thread 0x0000000019036000 Uncommon trap: reason=unreached action=reinterpret pc=0x000000000268e46c method=java.util.HashMap.keySet()Ljava/util/Set; @ 6

Internal exceptions (10 events):
Event: 3.885 Thread 0x0000000018fa6000 Exception <a 'java/security/PrivilegedActionException'> (0x00000000e04362f0) thrown at [D:\re\workspace\8-2-build-windows-amd64-cygwin\jdk8u25\1677\hotspot\src\share\vm\prims\jvm.cpp, line 1312]
Event: 3.885 Thread 0x0000000018fa6000 Exception <a 'java/security/PrivilegedActionException'> (0x00000000e043a6f8) thrown at [D:\re\workspace\8-2-build-windows-amd64-cygwin\jdk8u25\1677\hotspot\src\share\vm\prims\jvm.cpp, line 1312]
Event: 3.885 Thread 0x0000000018fa6000 Exception <a 'java/security/PrivilegedActionException'> (0x00000000e043eae0) thrown at [D:\re\workspace\8-2-build-windows-amd64-cygwin\jdk8u25\1677\hotspot\src\share\vm\prims\jvm.cpp, line 1312]
Event: 3.885 Thread 0x0000000018fa6000 Exception <a 'java/security/PrivilegedActionException'> (0x00000000e0442638) thrown at [D:\re\workspace\8-2-build-windows-amd64-cygwin\jdk8u25\1677\hotspot\src\share\vm\prims\jvm.cpp, line 1312]
Event: 3.886 Thread 0x0000000018fa6000 Exception <a 'java/security/PrivilegedActionException'> (0x00000000e0446e38) thrown at [D:\re\workspace\8-2-build-windows-amd64-cygwin\jdk8u25\1677\hotspot\src\share\vm\prims\jvm.cpp, line 1312]
Event: 3.886 Thread 0x0000000018fa6000 Exception <a 'java/security/PrivilegedActionException'> (0x00000000e044a570) thrown at [D:\re\workspace\8-2-build-windows-amd64-cygwin\jdk8u25\1677\hotspot\src\share\vm\prims\jvm.cpp, line 1312]
Event: 3.887 Thread 0x0000000018fa6000 Exception <a 'java/security/PrivilegedActionException'> (0x00000000e044e4b8) thrown at [D:\re\workspace\8-2-build-windows-amd64-cygwin\jdk8u25\1677\hotspot\src\share\vm\prims\jvm.cpp, line 1312]
Event: 3.887 Thread 0x0000000018fa6000 Exception <a 'java/security/PrivilegedActionException'> (0x00000000e04543c8) thrown at [D:\re\workspace\8-2-build-windows-amd64-cygwin\jdk8u25\1677\hotspot\src\share\vm\prims\jvm.cpp, line 1312]
Event: 3.902 Thread 0x0000000018fa6000 Exception <a 'java/security/PrivilegedActionException'> (0x00000000e052f9d8) thrown at [D:\re\workspace\8-2-build-windows-amd64-cygwin\jdk8u25\1677\hotspot\src\share\vm\prims\jvm.cpp, line 1312]
Event: 10.414 Thread 0x0000000019036000 Implicit null exception at 0x000000000268e1a7 to 0x000000000268e45d

Events (10 events):
Event: 7.310 Executing VM operation: ParallelGCFailedAllocation done
Event: 8.132 Thread 0x0000000019008800 Thread exited: 0x0000000019008800
Event: 8.908 Executing VM operation: ParallelGCFailedAllocation
Event: 8.910 Executing VM operation: ParallelGCFailedAllocation done
Event: 9.849 loading class sun/reflect/BootstrapConstructorAccessorImpl
Event: 9.849 loading class sun/reflect/BootstrapConstructorAccessorImpl done
Event: 10.414 Thread 0x0000000019036000 Uncommon trap: trap_request=0xffffffad fr.pc=0x000000000268e46c
Event: 10.414 Thread 0x0000000019036000 DEOPT PACKING pc=0x000000000268e46c sp=0x000000001c2eedc0
Event: 10.414 Thread 0x0000000019036000 DEOPT UNPACKING pc=0x000000000205556a sp=0x000000001c2eed18 mode 2
Event: 10.417 Thread 0x000000001d528800 Thread exited: 0x000000001d528800


Dynamic libraries:
0x00007ff745f80000 - 0x00007ff745fb4000 	C:\Program Files\Java\jre1.8.0_25\bin\javaw.exe
0x00007ffee8210000 - 0x00007ffee83bc000 	C:\WINDOWS\SYSTEM32\ntdll.dll
0x00007ffee60e0000 - 0x00007ffee621e000 	C:\WINDOWS\system32\KERNEL32.DLL
0x00007ffee54e0000 - 0x00007ffee55f5000 	C:\WINDOWS\system32\KERNELBASE.dll
0x00007ffee3ee0000 - 0x00007ffee3f6e000 	C:\WINDOWS\system32\apphelp.dll
0x00007ffecebf0000 - 0x00007ffecec43000 	C:\WINDOWS\AppPatch\AppPatch64\AcGenral.DLL
0x00007ffee6010000 - 0x00007ffee60ba000 	C:\WINDOWS\system32\msvcrt.dll
0x00007ffee5190000 - 0x00007ffee51be000 	C:\WINDOWS\SYSTEM32\SspiCli.dll
0x00007ffee5fb0000 - 0x00007ffee6004000 	C:\WINDOWS\system32\SHLWAPI.dll
0x00007ffee7fd0000 - 0x00007ffee8147000 	C:\WINDOWS\system32\USER32.dll
0x00007ffee5bc0000 - 0x00007ffee5d54000 	C:\WINDOWS\system32\ole32.dll
0x00007ffee66a0000 - 0x00007ffee7bb8000 	C:\WINDOWS\system32\SHELL32.dll
0x00007ffee48f0000 - 0x00007ffee4911000 	C:\WINDOWS\SYSTEM32\USERENV.dll
0x00007ffee5e20000 - 0x00007ffee5eca000 	C:\WINDOWS\system32\ADVAPI32.dll
0x00007ffed7630000 - 0x00007ffed764e000 	C:\WINDOWS\SYSTEM32\MPR.dll
0x00007ffee63f0000 - 0x00007ffee6531000 	C:\WINDOWS\system32\RPCRT4.dll
0x00007ffee5ed0000 - 0x00007ffee5f29000 	C:\WINDOWS\SYSTEM32\sechost.dll
0x00007ffee7db0000 - 0x00007ffee7fc1000 	C:\WINDOWS\SYSTEM32\combase.dll
0x00007ffee6540000 - 0x00007ffee6691000 	C:\WINDOWS\system32\GDI32.dll
0x00007ffee5360000 - 0x00007ffee5375000 	C:\WINDOWS\SYSTEM32\profapi.dll
0x00007ffee3700000 - 0x00007ffee37b2000 	C:\WINDOWS\SYSTEM32\SHCORE.dll
0x00007ffee5a40000 - 0x00007ffee5a76000 	C:\WINDOWS\system32\IMM32.DLL
0x00007ffee6220000 - 0x00007ffee6372000 	C:\WINDOWS\system32\MSCTF.dll
0x00007ffee2a70000 - 0x00007ffee2ceb000 	C:\WINDOWS\WinSxS\amd64_microsoft.windows.common-controls_6595b64144ccf1df_6.0.9600.17415_none_6240486fecbd8abb\COMCTL32.dll
0x00000000696c0000 - 0x0000000069792000 	C:\Program Files\Java\jre1.8.0_25\bin\msvcr100.dll
0x000000006a3b0000 - 0x000000006ac0a000 	C:\Program Files\Java\jre1.8.0_25\bin\server\jvm.dll
0x00007ffecd2f0000 - 0x00007ffecd2f9000 	C:\WINDOWS\SYSTEM32\WSOCK32.dll
0x00007ffed77f0000 - 0x00007ffed7812000 	C:\WINDOWS\SYSTEM32\WINMM.dll
0x00007ffee7da0000 - 0x00007ffee7da7000 	C:\WINDOWS\system32\PSAPI.DLL
0x00007ffee5a80000 - 0x00007ffee5ada000 	C:\WINDOWS\system32\WS2_32.dll
0x00007ffed75d0000 - 0x00007ffed75fa000 	C:\WINDOWS\SYSTEM32\WINMMBASE.dll
0x00007ffee60d0000 - 0x00007ffee60d9000 	C:\WINDOWS\system32\NSI.dll
0x00007ffee5840000 - 0x00007ffee588f000 	C:\WINDOWS\SYSTEM32\cfgmgr32.dll
0x00007ffee4150000 - 0x00007ffee4178000 	C:\WINDOWS\SYSTEM32\DEVOBJ.dll
0x000000006b5e0000 - 0x000000006b5ef000 	C:\Program Files\Java\jre1.8.0_25\bin\verify.dll
0x000000006b5b0000 - 0x000000006b5d8000 	C:\Program Files\Java\jre1.8.0_25\bin\java.dll
0x000000006b590000 - 0x000000006b5a6000 	C:\Program Files\Java\jre1.8.0_25\bin\zip.dll
0x0000000069520000 - 0x00000000696b8000 	C:\Program Files\Java\jre1.8.0_25\bin\awt.dll
0x00007ffee5ae0000 - 0x00007ffee5ba1000 	C:\WINDOWS\system32\OLEAUT32.dll
0x00007ffee3500000 - 0x00007ffee3521000 	C:\WINDOWS\system32\DWMAPI.DLL
0x00007ffee3fd0000 - 0x00007ffee40f9000 	C:\WINDOWS\system32\uxtheme.dll
0x00007ffee41a0000 - 0x00007ffee41ab000 	C:\WINDOWS\SYSTEM32\kernel.appcore.dll
0x00007ffee5230000 - 0x00007ffee523b000 	C:\WINDOWS\SYSTEM32\CRYPTBASE.dll
0x00007ffee51c0000 - 0x00007ffee5223000 	C:\WINDOWS\SYSTEM32\bcryptPrimitives.dll
0x00007ffedaca0000 - 0x00007ffedaec1000 	C:\WINDOWS\system32\d3d9.dll
0x00007ffee3010000 - 0x00007ffee301a000 	C:\WINDOWS\SYSTEM32\VERSION.dll
0x00007ffee2870000 - 0x00007ffee29bb000 	C:\WINDOWS\SYSTEM32\aticfx64.dll
0x00007ffec0180000 - 0x00007ffec01a1000 	C:\WINDOWS\SYSTEM32\atiu9p64.dll
0x00007ffebed60000 - 0x00007ffebf545000 	C:\WINDOWS\SYSTEM32\atiumd64.dll
0x000000006acf0000 - 0x000000006b4a7000 	C:\WINDOWS\SYSTEM32\atiumd6a.dll
0x00000000694d0000 - 0x0000000069517000 	C:\Program Files\Java\jre1.8.0_25\bin\fontmanager.dll
0x00007ffee4d60000 - 0x00007ffee4d80000 	C:\WINDOWS\SYSTEM32\CRYPTSP.dll
0x00007ffee47e0000 - 0x00007ffee4816000 	C:\WINDOWS\system32\rsaenh.dll
0x00007ffee4e80000 - 0x00007ffee4ea6000 	C:\WINDOWS\SYSTEM32\bcrypt.dll
0x000000006b570000 - 0x000000006b58a000 	C:\Program Files\Java\jre1.8.0_25\bin\net.dll
0x00007ffee4b20000 - 0x00007ffee4b79000 	C:\WINDOWS\system32\mswsock.dll
0x00007ffee1080000 - 0x00007ffee10aa000 	C:\WINDOWS\SYSTEM32\IPHLPAPI.DLL
0x00007ffee2670000 - 0x00007ffee267a000 	C:\WINDOWS\SYSTEM32\WINNSI.DLL
0x00007ffee0160000 - 0x00007ffee0176000 	C:\WINDOWS\SYSTEM32\dhcpcsvc6.DLL
0x00007ffee02b0000 - 0x00007ffee02ca000 	C:\WINDOWS\SYSTEM32\dhcpcsvc.DLL
0x000000006a390000 - 0x000000006a3a1000 	C:\Program Files\Java\jre1.8.0_25\bin\nio.dll
0x00000000637c0000 - 0x00000000637cd000 	S:\Users\Ben\AppData\Local\Temp\jogamp_0000\file_cache\jln8893957234529402265\jln8282906896229582058\gluegen-rt.dll
0x00000000694c0000 - 0x00000000694c7000 	C:\Program Files\Java\jre1.8.0_25\bin\jawt.dll
0x0000000018e10000 - 0x0000000018e1d000 	S:\Users\Ben\AppData\Local\Temp\jogamp_0000\file_cache\jln8893957234529402265\jln8282906896229582058\nativewindow_awt.dll
0x000000006c100000 - 0x000000006c10f000 	S:\Users\Ben\AppData\Local\Temp\jogamp_0000\file_cache\jln8893957234529402265\jln8282906896229582058\nativewindow_win32.dll
0x00007ffecea70000 - 0x00007ffeceb9b000 	C:\WINDOWS\SYSTEM32\OpenGL32.dll
0x00007ffedc8b0000 - 0x00007ffedc8de000 	C:\WINDOWS\SYSTEM32\GLU32.dll
0x00007ffedc2f0000 - 0x00007ffedc3e8000 	C:\WINDOWS\SYSTEM32\DDRAW.dll
0x00007ffee0d60000 - 0x00007ffee0d69000 	C:\WINDOWS\SYSTEM32\DCIMAN32.dll
0x0000000064500000 - 0x00000000645a2000 	S:\Users\Ben\AppData\Local\Temp\jogamp_0000\file_cache\jln8893957234529402265\jln8282906896229582058\jogl_desktop.dll
0x00007ffedc710000 - 0x00007ffedc728000 	C:\WINDOWS\SYSTEM32\atig6pxx.dll
0x0000000067910000 - 0x00000000694bf000 	C:\WINDOWS\SYSTEM32\atio6axx.dll
0x00007ffee7bc0000 - 0x00007ffee7d9a000 	C:\WINDOWS\system32\SETUPAPI.dll
0x00007ffee10e0000 - 0x00007ffee1217000 	C:\WINDOWS\SYSTEM32\atiadlxx.dll
0x00007ffee16b0000 - 0x00007ffee182f000 	C:\WINDOWS\SYSTEM32\PROPSYS.dll
0x00007ffee3f70000 - 0x00007ffee3f82000 	C:\WINDOWS\SYSTEM32\WTSAPI32.dll
0x00007ffee57e0000 - 0x00007ffee5831000 	C:\WINDOWS\system32\WINTRUST.dll
0x00007ffee5600000 - 0x00007ffee57df000 	C:\WINDOWS\system32\CRYPT32.dll
0x00007ffee5410000 - 0x00007ffee5421000 	C:\WINDOWS\system32\MSASN1.dll
0x00007ffedc6e0000 - 0x00007ffedc709000 	C:\WINDOWS\SYSTEM32\atig6txx.dll
0x00007ffece8d0000 - 0x00007ffecea6c000 	O:\OneDrive\Workspace\ZZavatar\lib\user\KinectPV2\Kinect20.Face.dll
0x00007ffed76f0000 - 0x00007ffed7797000 	C:\WINDOWS\SYSTEM32\MSVCP110.dll
0x00007ffeddd70000 - 0x00007ffedde3e000 	C:\WINDOWS\SYSTEM32\MSVCR110.dll
0x00007ffedc7f0000 - 0x00007ffedc800000 	O:\OneDrive\Workspace\ZZavatar\lib\user\KinectPV2\KinectPV2.dll
0x00007ffeda9e0000 - 0x00007ffedaa9a000 	C:\WINDOWS\SYSTEM32\Kinect20.dll
0x00007ffed7820000 - 0x00007ffed790b000 	C:\WINDOWS\SYSTEM32\MFPlat.DLL
0x00007ffed7650000 - 0x00007ffed7677000 	C:\WINDOWS\SYSTEM32\RTWorkQ.DLL
0x00007ffee3130000 - 0x00007ffee313c000 	C:\WINDOWS\SYSTEM32\AVRT.dll
0x00007ffebeae0000 - 0x00007ffebec6a000 	C:\WINDOWS\SYSTEM32\dbghelp.dll

VM Arguments:
jvm_args: -Djava.library.path=O:\OneDrive\Workspace\ZZavatar\lib\base\video;O:\OneDrive\Workspace\ZZavatar\lib\base\video;O:\OneDrive\Workspace\ZZavatar\lib\base\video;O:\OneDrive\Workspace\ZZavatar\lib\base\core;O:\OneDrive\Workspace\ZZavatar\lib\base\core;O:\OneDrive\Workspace\ZZavatar\lib\base\core;O:\OneDrive\Workspace\ZZavatar\lib\base\core;O:\OneDrive\Workspace\ZZavatar\lib\base\core;O:\OneDrive\Workspace\ZZavatar\lib\base\core;O:\OneDrive\Workspace\ZZavatar\lib\base\core;O:\OneDrive\Workspace\ZZavatar\lib\base\core;O:\OneDrive\Workspace\ZZavatar\lib\base\core;O:\OneDrive\Workspace\ZZavatar\lib\base\core;O:\OneDrive\Workspace\ZZavatar\lib\base\core;O:\OneDrive\Workspace\ZZavatar\lib\base\core;O:\OneDrive\Workspace\ZZavatar\lib\base\core;O:\OneDrive\Workspace\ZZavatar\lib\base\core;O:\OneDrive\Workspace\ZZavatar\lib\base\core;O:\OneDrive\Workspace\ZZavatar\lib\user\Kinect4WinSDK;O:\OneDrive\Workspace\ZZavatar\lib\user\KinectPV2;O:\OneDrive\Workspace\ZZavatar\lib\user\SimpleOpenNI -Dfile.encoding=Cp1252 
java_command: zzavatar.ZZavatar
java_class_path (initial): O:\OneDrive\Workspace\ZZavatar\lib\base\video\gstreamer-java.jar;O:\OneDrive\Workspace\ZZavatar\lib\base\video\jna.jar;O:\OneDrive\Workspace\ZZavatar\lib\base\video\video.jar;O:\OneDrive\Workspace\ZZavatar\lib\base\core\core.jar;O:\OneDrive\Workspace\ZZavatar\lib\base\core\gluegen-rt-natives-linux-amd64.jar;O:\OneDrive\Workspace\ZZavatar\lib\base\core\gluegen-rt-natives-linux-armv6hf.jar;O:\OneDrive\Workspace\ZZavatar\lib\base\core\gluegen-rt-natives-linux-i586.jar;O:\OneDrive\Workspace\ZZavatar\lib\base\core\gluegen-rt-natives-macosx-universal.jar;O:\OneDrive\Workspace\ZZavatar\lib\base\core\gluegen-rt-natives-windows-amd64.jar;O:\OneDrive\Workspace\ZZavatar\lib\base\core\gluegen-rt-natives-windows-i586.jar;O:\OneDrive\Workspace\ZZavatar\lib\base\core\gluegen-rt.jar;O:\OneDrive\Workspace\ZZavatar\lib\base\core\jogl-all-natives-linux-amd64.jar;O:\OneDrive\Workspace\ZZavatar\lib\base\core\jogl-all-natives-linux-armv6hf.jar;O:\OneDrive\Workspace\ZZavatar\lib\base\core\jogl-all-natives-linux-i586.jar;O:\OneDrive\Workspace\ZZavatar\lib\base\core\jogl-all-natives-macosx-universal.jar;O:\OneDrive\Workspace\ZZavatar\lib\base\core\jogl-all-natives-windows-amd64.jar;O:\OneDrive\Workspace\ZZavatar\lib\base\core\jogl-all-natives-windows-i586.jar;O:\OneDrive\Workspace\ZZavatar\lib\base\core\jogl-all.jar;O:\OneDrive\Workspace\ZZavatar\lib\user\Kinect4WinSDK\Kinect4WinSDK.jar;O:\OneDrive\Workspace\ZZavatar\lib\user\KinectPV2\KinectPV2.jar;O:\OneDrive\Workspace\ZZavatar\lib\user\SimpleOpenNI\SimpleOpenNI.jar;O:\OneDrive\Workspace\ZZavatar\bin
Launcher Type: SUN_STANDARD

Environment Variables:
JAVA_HOME=C:\Program Files\Java\jdk1.8.0_25
PATH=C:/Program Files/Java/jre1.8.0_25/bin/server;C:/Program Files/Java/jre1.8.0_25/bin;C:/Program Files/Java/jre1.8.0_25/lib/amd64;C:\Program Files (x86)\NVIDIA Corporation\PhysX\Common;C:\ProgramData\Oracle\Java\javapath;C:\Program Files (x86)\Common Files\Intel\Shared Libraries\redist\intel64\compiler;C:\Program Files (x86)\Common Files\Intel\Shared Libraries\redist\ia32\compiler;C:\Program Files (x86)\Intel\iCLS Client\;C:\Program Files\Intel\iCLS Client\;C:\Program Files (x86)\AMD APP\bin\x86_64;C:\Program Files (x86)\AMD APP\bin\x86;C:\WINDOWS\system32;C:\WINDOWS;C:\WINDOWS\System32\Wbem;C:\WINDOWS\System32\WindowsPowerShell\v1.0\;C:\Program Files (x86)\ATI Technologies\ATI.ACE\Core-Static;C:\Program Files\Intel\Intel(R) Management Engine Components\DAL;C:\Program Files\Intel\Intel(R) Management Engine Components\IPT;C:\Program Files (x86)\Intel\Intel(R) Management Engine Components\DAL;C:\Program Files (x86)\Intel\Intel(R) Management Engine Components\IPT;C:\Program Files\Sony\VAIO Improvement\;C:\Program Files (x86)\Sony\VAIO Startup Setting Tool;C:\Program Files (x86)\Windows Kits\8.1\Windows Performance Toolkit\;C:\Program Files\Microsoft SQL Server\110\Tools\Binn\;C:\Program Files (x86)\Microsoft SDKs\TypeScript\1.0\;C:\Program Files\Microsoft\Web Platform Installer\;C:\Program Files (x86)\Java\jre1.8.0_25\bin;P:\Programs\Python27\Scripts;P:\Programs\Python27;C:\Program Files\Common Files\Autodesk Shared\;P:\Program Files\Programs;P:\Program Files\Games;P:\Programs\Eclipse;
USERNAME=Benoît
OS=Windows_NT
PROCESSOR_IDENTIFIER=Intel64 Family 6 Model 58 Stepping 9, GenuineIntel



---------------  S Y S T E M  ---------------

OS: Windows 8.1 , 64 bit Build 9600 

CPU:total 8 (4 cores per cpu, 2 threads per core) family 6 model 58 stepping 9, cmov, cx8, fxsr, mmx, sse, sse2, sse3, ssse3, sse4.1, sse4.2, popcnt, avx, aes, clmul, erms, ht, tsc, tscinvbit, tscinv

Memory: 4k page, physical 6237468k(792412k free), swap 10431772k(2534332k free)

vm_info: Java HotSpot(TM) 64-Bit Server VM (25.25-b02) for windows-amd64 JRE (1.8.0_25-b18), built on Oct  7 2014 14:25:37 by "java_re" with MS VC++ 10.0 (VS2010)

time: Thu Apr 23 16:30:52 2015
elapsed time: 10 seconds (0d 0h 0m 10s)

