#
# A fatal error has been detected by the Java Runtime Environment:
#
#  EXCEPTION_ACCESS_VIOLATION (0xc0000005) at pc=0x00007ffee0cb4110, pid=3024, tid=8412
#
# JRE version: Java(TM) SE Runtime Environment (8.0_25-b18) (build 1.8.0_25-b18)
# Java VM: Java HotSpot(TM) 64-Bit Server VM (25.25-b02 mixed mode windows-amd64 compressed oops)
# Problematic frame:
# C  [KinectPV2.dll+0x4110]
#
# Failed to write core dump. Minidumps are not enabled by default on client versions of Windows
#
# If you would like to submit a bug report, please visit:
#   http://bugreport.sun.com/bugreport/crash.jsp
# The crash happened outside the Java Virtual Machine in native code.
# See problematic frame for where to report the bug.
#

---------------  T H R E A D  ---------------

Current thread (0x0000000019d5b800):  JavaThread "Animation Thread" [_thread_in_native, id=8412, stack(0x000000001ce10000,0x000000001cf10000)]

siginfo: ExceptionCode=0xc0000005, reading address 0xffffffffffffffff

Registers:
RAX=0x0000000000000001, RBX=0x000000002e471040, RCX=0xffffffffffffffff, RDX=0x0000000000000000
RSP=0x000000001cf0ec90, RBP=0x0000000000000006, RSI=0x0000000000000000, RDI=0x000000001fa290e8
R8 =0x000000001cf0e958, R9 =0x0000000000008000, R10=0x0000000000000000, R11=0x000000001cf0eb90
R12=0x0000000000000000, R13=0x000000002021d348, R14=0x0000000000000000, R15=0x0000000019d5b800
RIP=0x00007ffee0cb4110, EFLAGS=0x0000000000010286

Top of Stack: (sp=0x000000001cf0ec90)
0x000000001cf0ec90:   000000001fa290b8 000000002059a228
0x000000001cf0eca0:   000000001fa290b8 0000000000000000
0x000000001cf0ecb0:   000000001cf0ed80 00007ffee0cb1fba
0x000000001cf0ecc0:   000000001cf0ed80 000000001cf0ed60
0x000000001cf0ecd0:   0000000019d5b9e8 0000000019d5ca30
0x000000001cf0ece0:   00000000a3af04d0 0000000002cd5b74
0x000000001cf0ecf0:   000000002021d348 0000000000000021
0x000000001cf0ed00:   0000000000000021 0000000019d5b800
0x000000001cf0ed10:   000000001cf0edd8 0000000002cd58a2
0x000000001cf0ed20:   000000001cf0ed20 000000002021d348
0x000000001cf0ed30:   000000001cf0ed80 000000002021e2d8
0x000000001cf0ed40:   0000000000000000 000000002021d348
0x000000001cf0ed50:   0000000000000000 000000001cf0ed80
0x000000001cf0ed60:   000000001cf0edc8 0000000002cc7a2d
0x000000001cf0ed70:   0000000000000000 0000000002ccf6b8
0x000000001cf0ed80:   00000000a3863650 000000001cf0ed88 

Instructions: (pc=0x00007ffee0cb4110)
0x00007ffee0cb40f0:   89 77 d0 48 8b 0f 48 85 c9 74 09 48 8b 01 ff 50
0x00007ffee0cb4100:   10 4c 89 37 48 8b 8f 90 00 00 00 48 85 c9 74 0d
0x00007ffee0cb4110:   48 8b 01 ff 50 10 4c 89 b7 90 00 00 00 48 8b 4f
0x00007ffee0cb4120:   30 48 85 c9 74 0a 48 8b 01 ff 50 10 4c 89 77 30 


Register to memory mapping:

RAX=0x0000000000000001 is an unknown value
RBX=0x000000002e471040 is an unknown value
RCX=0xffffffffffffffff is an unknown value
RDX=0x0000000000000000 is an unknown value
RSP=0x000000001cf0ec90 is pointing into the stack for thread: 0x0000000019d5b800
RBP=0x0000000000000006 is an unknown value
RSI=0x0000000000000000 is an unknown value
RDI=0x000000001fa290e8 is an unknown value
R8 =0x000000001cf0e958 is pointing into the stack for thread: 0x0000000019d5b800
R9 =0x0000000000008000 is an unknown value
R10=0x0000000000000000 is an unknown value
R11=0x000000001cf0eb90 is pointing into the stack for thread: 0x0000000019d5b800
R12=0x0000000000000000 is an unknown value
R13={method} {0x000000002021d350} 'jniStopDevice' '()V' in 'KinectPV2/Device'
R14=0x0000000000000000 is an unknown value
R15=0x0000000019d5b800 is a thread


Stack: [0x000000001ce10000,0x000000001cf10000],  sp=0x000000001cf0ec90,  free space=1019k
Native frames: (J=compiled Java code, j=interpreted, Vv=VM code, C=native code)
C  [KinectPV2.dll+0x4110]
C  [KinectPV2.dll+0x1fba]
C  0x0000000002cd5b74

Java frames: (J=compiled Java code, j=interpreted, Vv=VM code)
j  KinectPV2.Device.jniStopDevice()V+0
j  KinectPV2.Device.stopDevice()V+41
j  KinectPV2.KinectPV2.dispose()V+14
v  ~StubRoutines::call_stub
j  sun.reflect.NativeMethodAccessorImpl.invoke0(Ljava/lang/reflect/Method;Ljava/lang/Object;[Ljava/lang/Object;)Ljava/lang/Object;+0
j  sun.reflect.NativeMethodAccessorImpl.invoke(Ljava/lang/Object;[Ljava/lang/Object;)Ljava/lang/Object;+100
J 1756 C1 sun.reflect.DelegatingMethodAccessorImpl.invoke(Ljava/lang/Object;[Ljava/lang/Object;)Ljava/lang/Object; (10 bytes) @ 0x0000000003323b04 [0x0000000003323a00+0x104]
J 1755 C1 java.lang.reflect.Method.invoke(Ljava/lang/Object;[Ljava/lang/Object;)Ljava/lang/Object; (62 bytes) @ 0x000000000331aa24 [0x000000000331a640+0x3e4]
j  processing.core.PApplet$RegisteredMethods.handle([Ljava/lang/Object;)V+18
J 1629 C1 processing.core.PApplet.handleMethods(Ljava/lang/String;)V (21 bytes) @ 0x00000000032ded5c [0x00000000032deaa0+0x2bc]
j  processing.core.PApplet.dispose()V+35
j  processing.core.PApplet.run()V+283
j  java.lang.Thread.run()V+11
v  ~StubRoutines::call_stub

---------------  P R O C E S S  ---------------

Java Threads: ( => current thread )
  0x000000001a07c800 JavaThread "Animation Thread-SharedResourceRunner" daemon [_thread_blocked, id=168, stack(0x000000001f0e0000,0x000000001f1e0000)]
  0x0000000002bbe800 JavaThread "DestroyJavaVM" [_thread_blocked, id=9372, stack(0x0000000002a30000,0x0000000002b30000)]
  0x0000000019d85800 JavaThread "D3D Screen Updater" daemon [_thread_blocked, id=7208, stack(0x000000001d110000,0x000000001d210000)]
=>0x0000000019d5b800 JavaThread "Animation Thread" [_thread_in_native, id=8412, stack(0x000000001ce10000,0x000000001cf10000)]
  0x0000000019d4f800 JavaThread "AWT-EventQueue-0" [_thread_blocked, id=8456, stack(0x000000001c420000,0x000000001c520000)]
  0x0000000019cb9800 JavaThread "AWT-Windows" daemon [_thread_in_native, id=6644, stack(0x000000001a5c0000,0x000000001a6c0000)]
  0x0000000019cb8800 JavaThread "AWT-Shutdown" [_thread_blocked, id=8232, stack(0x000000001a4c0000,0x000000001a5c0000)]
  0x0000000018dfc000 JavaThread "Java2D Disposer" daemon [_thread_blocked, id=5780, stack(0x000000001a3c0000,0x000000001a4c0000)]
  0x0000000018ab5800 JavaThread "Service Thread" daemon [_thread_blocked, id=2808, stack(0x0000000019400000,0x0000000019500000)]
  0x0000000018a3f000 JavaThread "C1 CompilerThread3" daemon [_thread_blocked, id=3692, stack(0x0000000019300000,0x0000000019400000)]
  0x0000000018a3c800 JavaThread "C2 CompilerThread2" daemon [_thread_blocked, id=8668, stack(0x0000000019200000,0x0000000019300000)]
  0x0000000018a2b800 JavaThread "C2 CompilerThread1" daemon [_thread_blocked, id=2812, stack(0x0000000019100000,0x0000000019200000)]
  0x0000000018a29800 JavaThread "C2 CompilerThread0" daemon [_thread_blocked, id=9564, stack(0x0000000019000000,0x0000000019100000)]
  0x0000000018a27000 JavaThread "Attach Listener" daemon [_thread_blocked, id=7556, stack(0x0000000018f00000,0x0000000019000000)]
  0x0000000018a25800 JavaThread "Signal Dispatcher" daemon [_thread_blocked, id=8688, stack(0x0000000018e00000,0x0000000018f00000)]
  0x0000000002cb8800 JavaThread "Finalizer" daemon [_thread_blocked, id=9220, stack(0x0000000018900000,0x0000000018a00000)]
  0x0000000016a0c800 JavaThread "Reference Handler" daemon [_thread_blocked, id=7320, stack(0x0000000018800000,0x0000000018900000)]

Other Threads:
  0x0000000016a08800 VMThread [stack: 0x0000000018700000,0x0000000018800000] [id=2792]
  0x0000000018ab7800 WatcherThread [stack: 0x0000000019500000,0x0000000019600000] [id=10072]

VM state:not at safepoint (normal execution)

VM Mutex/Monitor currently owned by a thread: None

Heap:
 PSYoungGen      total 358400K, used 242671K [0x00000000e0400000, 0x00000000f7c00000, 0x0000000100000000)
  eden space 330752K, 73% used [0x00000000e0400000,0x00000000ef0c3e00,0x00000000f4700000)
  from space 27648K, 0% used [0x00000000f4700000,0x00000000f4738000,0x00000000f6200000)
  to   space 26624K, 0% used [0x00000000f6200000,0x00000000f6200000,0x00000000f7c00000)
 ParOldGen       total 224768K, used 155185K [0x00000000a0c00000, 0x00000000ae780000, 0x00000000e0400000)
  object space 224768K, 69% used [0x00000000a0c00000,0x00000000aa38c6c8,0x00000000ae780000)
 Metaspace       used 18021K, capacity 18249K, committed 18432K, reserved 1067008K
  class space    used 1722K, capacity 1761K, committed 1792K, reserved 1048576K

Card table byte_map: [0x0000000012080000,0x0000000012380000] byte_map_base: 0x0000000011b7a000

Marking Bits: (ParMarkBitMap*) 0x000000006ab8d490
 Begin Bits: [0x0000000012d80000, 0x0000000014550000)
 End Bits:   [0x0000000014550000, 0x0000000015d20000)

Polling page: 0x0000000001240000

CodeCache: size=245760Kb used=8467Kb max_used=8485Kb free=237292Kb
 bounds [0x0000000002cc0000, 0x0000000003520000, 0x0000000011cc0000]
 total_blobs=3120 nmethods=2248 adapters=786
 compilation: enabled

Compilation events (10 events):
Event: 27.537 Thread 0x0000000018a3f000 2257       1       jogamp.opengl.GLDrawableImpl::destroyHandle (1 bytes)
Event: 27.537 Thread 0x0000000018a3f000 nmethod 2257 0x00000000034faad0 code [0x00000000034fac20, 0x00000000034fad30]
Event: 27.537 Thread 0x0000000018a29800 2258       4       processing.core.PMatrix3D::preApply (613 bytes)
Event: 27.540 Thread 0x0000000018a29800 nmethod 2258 0x00000000034f9010 code [0x00000000034f9140, 0x00000000034f9578]
Event: 27.571 Thread 0x0000000018a3c800 2259   !   4       sun.awt.PostEventQueue::flush (168 bytes)
Event: 27.688 Thread 0x0000000018a3c800 nmethod 2259 0x0000000003507a90 code [0x0000000003507f80, 0x000000000350ce58]
Event: 29.638 Thread 0x0000000018a3f000 2260       1       java.nio.DirectShortBufferU::isDirect (2 bytes)
Event: 29.638 Thread 0x0000000018a3f000 nmethod 2260 0x00000000034fa810 code [0x00000000034fa960, 0x00000000034faa70]
Event: 30.754 Thread 0x0000000018a2b800 2261       4       processing.opengl.PGraphicsOpenGL$TessGeometry::addPolyVertices (1120 bytes)
Event: 30.802 Thread 0x0000000018a2b800 nmethod 2261 0x0000000003513050 code [0x00000000035132a0, 0x0000000003515118]

GC Heap History (10 events):
Event: 25.331 GC heap before
{Heap before GC invocations=34 (full 3):
 PSYoungGen      total 358912K, used 323162K [0x00000000e0400000, 0x00000000f8280000, 0x0000000100000000)
  eden space 328192K, 98% used [0x00000000e0400000,0x00000000f3f669e0,0x00000000f4480000)
  from space 30720K, 0% used [0x00000000f6480000,0x00000000f64b0000,0x00000000f8280000)
  to   space 31744K, 0% used [0x00000000f4480000,0x00000000f4480000,0x00000000f6380000)
 ParOldGen       total 224768K, used 155097K [0x00000000a0c00000, 0x00000000ae780000, 0x00000000e0400000)
  object space 224768K, 69% used [0x00000000a0c00000,0x00000000aa3766c8,0x00000000ae780000)
 Metaspace       used 18020K, capacity 18249K, committed 18432K, reserved 1067008K
  class space    used 1722K, capacity 1761K, committed 1792K, reserved 1048576K
Event: 25.332 GC heap after
Heap after GC invocations=34 (full 3):
 PSYoungGen      total 359936K, used 192K [0x00000000e0400000, 0x00000000f8280000, 0x0000000100000000)
  eden space 328192K, 0% used [0x00000000e0400000,0x00000000e0400000,0x00000000f4480000)
  from space 31744K, 0% used [0x00000000f4480000,0x00000000f44b0000,0x00000000f6380000)
  to   space 30720K, 0% used [0x00000000f6480000,0x00000000f6480000,0x00000000f8280000)
 ParOldGen       total 224768K, used 155129K [0x00000000a0c00000, 0x00000000ae780000, 0x00000000e0400000)
  object space 224768K, 69% used [0x00000000a0c00000,0x00000000aa37e6c8,0x00000000ae780000)
 Metaspace       used 18020K, capacity 18249K, committed 18432K, reserved 1067008K
  class space    used 1722K, capacity 1761K, committed 1792K, reserved 1048576K
}
Event: 26.532 GC heap before
{Heap before GC invocations=35 (full 3):
 PSYoungGen      total 359936K, used 323169K [0x00000000e0400000, 0x00000000f8280000, 0x0000000100000000)
  eden space 328192K, 98% used [0x00000000e0400000,0x00000000f3f684e0,0x00000000f4480000)
  from space 31744K, 0% used [0x00000000f4480000,0x00000000f44b0000,0x00000000f6380000)
  to   space 30720K, 0% used [0x00000000f6480000,0x00000000f6480000,0x00000000f8280000)
 ParOldGen       total 224768K, used 155129K [0x00000000a0c00000, 0x00000000ae780000, 0x00000000e0400000)
  object space 224768K, 69% used [0x00000000a0c00000,0x00000000aa37e6c8,0x00000000ae780000)
 Metaspace       used 18020K, capacity 18249K, committed 18432K, reserved 1067008K
  class space    used 1722K, capacity 1761K, committed 1792K, reserved 1048576K
Event: 26.534 GC heap after
Heap after GC invocations=35 (full 3):
 PSYoungGen      total 357888K, used 160K [0x00000000e0400000, 0x00000000f8000000, 0x0000000100000000)
  eden space 329728K, 0% used [0x00000000e0400000,0x00000000e0400000,0x00000000f4600000)
  from space 28160K, 0% used [0x00000000f6480000,0x00000000f64a8000,0x00000000f8000000)
  to   space 29696K, 0% used [0x00000000f4600000,0x00000000f4600000,0x00000000f6300000)
 ParOldGen       total 224768K, used 155145K [0x00000000a0c00000, 0x00000000ae780000, 0x00000000e0400000)
  object space 224768K, 69% used [0x00000000a0c00000,0x00000000aa3826c8,0x00000000ae780000)
 Metaspace       used 18020K, capacity 18249K, committed 18432K, reserved 1067008K
  class space    used 1722K, capacity 1761K, committed 1792K, reserved 1048576K
}
Event: 27.732 GC heap before
{Heap before GC invocations=36 (full 3):
 PSYoungGen      total 357888K, used 323149K [0x00000000e0400000, 0x00000000f8000000, 0x0000000100000000)
  eden space 329728K, 97% used [0x00000000e0400000,0x00000000f3f6b558,0x00000000f4600000)
  from space 28160K, 0% used [0x00000000f6480000,0x00000000f64a8000,0x00000000f8000000)
  to   space 29696K, 0% used [0x00000000f4600000,0x00000000f4600000,0x00000000f6300000)
 ParOldGen       total 224768K, used 155145K [0x00000000a0c00000, 0x00000000ae780000, 0x00000000e0400000)
  object space 224768K, 69% used [0x00000000a0c00000,0x00000000aa3826c8,0x00000000ae780000)
 Metaspace       used 18020K, capacity 18249K, committed 18432K, reserved 1067008K
  class space    used 1722K, capacity 1761K, committed 1792K, reserved 1048576K
Event: 27.733 GC heap after
Heap after GC invocations=36 (full 3):
 PSYoungGen      total 359424K, used 224K [0x00000000e0400000, 0x00000000f7f80000, 0x0000000100000000)
  eden space 329728K, 0% used [0x00000000e0400000,0x00000000e0400000,0x00000000f4600000)
  from space 29696K, 0% used [0x00000000f4600000,0x00000000f4638000,0x00000000f6300000)
  to   space 28672K, 0% used [0x00000000f6380000,0x00000000f6380000,0x00000000f7f80000)
 ParOldGen       total 224768K, used 155169K [0x00000000a0c00000, 0x00000000ae780000, 0x00000000e0400000)
  object space 224768K, 69% used [0x00000000a0c00000,0x00000000aa3886c8,0x00000000ae780000)
 Metaspace       used 18020K, capacity 18249K, committed 18432K, reserved 1067008K
  class space    used 1722K, capacity 1761K, committed 1792K, reserved 1048576K
}
Event: 28.931 GC heap before
{Heap before GC invocations=37 (full 3):
 PSYoungGen      total 359424K, used 323217K [0x00000000e0400000, 0x00000000f7f80000, 0x0000000100000000)
  eden space 329728K, 97% used [0x00000000e0400000,0x00000000f3f6c4c8,0x00000000f4600000)
  from space 29696K, 0% used [0x00000000f4600000,0x00000000f4638000,0x00000000f6300000)
  to   space 28672K, 0% used [0x00000000f6380000,0x00000000f6380000,0x00000000f7f80000)
 ParOldGen       total 224768K, used 155169K [0x00000000a0c00000, 0x00000000ae780000, 0x00000000e0400000)
  object space 224768K, 69% used [0x00000000a0c00000,0x00000000aa3886c8,0x00000000ae780000)
 Metaspace       used 18020K, capacity 18249K, committed 18432K, reserved 1067008K
  class space    used 1722K, capacity 1761K, committed 1792K, reserved 1048576K
Event: 28.932 GC heap after
Heap after GC invocations=37 (full 3):
 PSYoungGen      total 356864K, used 192K [0x00000000e0400000, 0x00000000f7d00000, 0x0000000100000000)
  eden space 330752K, 0% used [0x00000000e0400000,0x00000000e0400000,0x00000000f4700000)
  from space 26112K, 0% used [0x00000000f6380000,0x00000000f63b0000,0x00000000f7d00000)
  to   space 27648K, 0% used [0x00000000f4700000,0x00000000f4700000,0x00000000f6200000)
 ParOldGen       total 224768K, used 155177K [0x00000000a0c00000, 0x00000000ae780000, 0x00000000e0400000)
  object space 224768K, 69% used [0x00000000a0c00000,0x00000000aa38a6c8,0x00000000ae780000)
 Metaspace       used 18020K, capacity 18249K, committed 18432K, reserved 1067008K
  class space    used 1722K, capacity 1761K, committed 1792K, reserved 1048576K
}
Event: 30.133 GC heap before
{Heap before GC invocations=38 (full 3):
 PSYoungGen      total 356864K, used 323230K [0x00000000e0400000, 0x00000000f7d00000, 0x0000000100000000)
  eden space 330752K, 97% used [0x00000000e0400000,0x00000000f3f77a70,0x00000000f4700000)
  from space 26112K, 0% used [0x00000000f6380000,0x00000000f63b0000,0x00000000f7d00000)
  to   space 27648K, 0% used [0x00000000f4700000,0x00000000f4700000,0x00000000f6200000)
 ParOldGen       total 224768K, used 155177K [0x00000000a0c00000, 0x00000000ae780000, 0x00000000e0400000)
  object space 224768K, 69% used [0x00000000a0c00000,0x00000000aa38a6c8,0x00000000ae780000)
 Metaspace       used 18020K, capacity 18249K, committed 18432K, reserved 1067008K
  class space    used 1722K, capacity 1761K, committed 1792K, reserved 1048576K
Event: 30.134 GC heap after
Heap after GC invocations=38 (full 3):
 PSYoungGen      total 358400K, used 224K [0x00000000e0400000, 0x00000000f7c00000, 0x0000000100000000)
  eden space 330752K, 0% used [0x00000000e0400000,0x00000000e0400000,0x00000000f4700000)
  from space 27648K, 0% used [0x00000000f4700000,0x00000000f4738000,0x00000000f6200000)
  to   space 26624K, 0% used [0x00000000f6200000,0x00000000f6200000,0x00000000f7c00000)
 ParOldGen       total 224768K, used 155185K [0x00000000a0c00000, 0x00000000ae780000, 0x00000000e0400000)
  object space 224768K, 69% used [0x00000000a0c00000,0x00000000aa38c6c8,0x00000000ae780000)
 Metaspace       used 18020K, capacity 18249K, committed 18432K, reserved 1067008K
  class space    used 1722K, capacity 1761K, committed 1792K, reserved 1048576K
}

Deoptimization events (10 events):
Event: 23.189 Thread 0x0000000019d4f800 Uncommon trap: reason=speculate_class_check action=maybe_recompile pc=0x00000000034ecca4 method=com.jogamp.common.nio.Buffers.getDirectBufferByteOffset(Ljava/lang/Object;)I @ 42
Event: 23.637 Thread 0x0000000019d4f800 Uncommon trap: reason=speculate_class_check action=maybe_recompile pc=0x0000000002dcdc3c method=com.jogamp.common.nio.Buffers.getDirectBufferByteOffset(Ljava/lang/Object;)I @ 53
Event: 23.654 Thread 0x0000000019d4f800 Uncommon trap: reason=speculate_class_check action=maybe_recompile pc=0x0000000002dcdc3c method=com.jogamp.common.nio.Buffers.getDirectBufferByteOffset(Ljava/lang/Object;)I @ 53
Event: 25.311 Thread 0x0000000019d4f800 Uncommon trap: reason=speculate_class_check action=maybe_recompile pc=0x00000000034f1ee4 method=com.jogamp.common.nio.Buffers.getDirectBufferByteOffset(Ljava/lang/Object;)I @ 22
Event: 25.321 Thread 0x0000000019d4f800 Uncommon trap: reason=speculate_class_check action=maybe_recompile pc=0x00000000034f1ee4 method=com.jogamp.common.nio.Buffers.getDirectBufferByteOffset(Ljava/lang/Object;)I @ 22
Event: 25.772 Thread 0x0000000019d4f800 Uncommon trap: reason=speculate_class_check action=maybe_recompile pc=0x00000000034f49c8 method=com.jogamp.common.nio.Buffers.getDirectBufferByteOffset(Ljava/lang/Object;)I @ 31
Event: 25.772 Thread 0x0000000019d4f800 Uncommon trap: reason=speculate_class_check action=maybe_recompile pc=0x00000000034f49c8 method=com.jogamp.common.nio.Buffers.getDirectBufferByteOffset(Ljava/lang/Object;)I @ 31
Event: 26.204 Thread 0x0000000019d4f800 Uncommon trap: reason=speculate_class_check action=maybe_recompile pc=0x00000000034f74e8 method=com.jogamp.common.nio.Buffers.getDirectBufferByteOffset(Ljava/lang/Object;)I @ 42
Event: 26.221 Thread 0x0000000019d4f800 Uncommon trap: reason=speculate_class_check action=maybe_recompile pc=0x00000000034f74e8 method=com.jogamp.common.nio.Buffers.getDirectBufferByteOffset(Ljava/lang/Object;)I @ 42
Event: 31.020 Thread 0x0000000019d5b800 Uncommon trap: reason=unreached action=reinterpret pc=0x000000000333acac method=java.util.HashMap.keySet()Ljava/util/Set; @ 6

Internal exceptions (10 events):
Event: 3.049 Thread 0x0000000019d4f800 Exception <a 'java/security/PrivilegedActionException'> (0x00000000e3afc4c0) thrown at [D:\re\workspace\8-2-build-windows-amd64-cygwin\jdk8u25\1677\hotspot\src\share\vm\prims\jvm.cpp, line 1312]
Event: 3.050 Thread 0x0000000019d4f800 Exception <a 'java/security/PrivilegedActionException'> (0x00000000e670ba28) thrown at [D:\re\workspace\8-2-build-windows-amd64-cygwin\jdk8u25\1677\hotspot\src\share\vm\prims\jvm.cpp, line 1312]
Event: 3.050 Thread 0x0000000019d4f800 Exception <a 'java/security/PrivilegedActionException'> (0x00000000e670fe10) thrown at [D:\re\workspace\8-2-build-windows-amd64-cygwin\jdk8u25\1677\hotspot\src\share\vm\prims\jvm.cpp, line 1312]
Event: 3.050 Thread 0x0000000019d4f800 Exception <a 'java/security/PrivilegedActionException'> (0x00000000e6713968) thrown at [D:\re\workspace\8-2-build-windows-amd64-cygwin\jdk8u25\1677\hotspot\src\share\vm\prims\jvm.cpp, line 1312]
Event: 3.051 Thread 0x0000000019d4f800 Exception <a 'java/security/PrivilegedActionException'> (0x00000000e6718168) thrown at [D:\re\workspace\8-2-build-windows-amd64-cygwin\jdk8u25\1677\hotspot\src\share\vm\prims\jvm.cpp, line 1312]
Event: 3.051 Thread 0x0000000019d4f800 Exception <a 'java/security/PrivilegedActionException'> (0x00000000e671b8a0) thrown at [D:\re\workspace\8-2-build-windows-amd64-cygwin\jdk8u25\1677\hotspot\src\share\vm\prims\jvm.cpp, line 1312]
Event: 3.052 Thread 0x0000000019d4f800 Exception <a 'java/security/PrivilegedActionException'> (0x00000000e671f7e8) thrown at [D:\re\workspace\8-2-build-windows-amd64-cygwin\jdk8u25\1677\hotspot\src\share\vm\prims\jvm.cpp, line 1312]
Event: 3.052 Thread 0x0000000019d4f800 Exception <a 'java/security/PrivilegedActionException'> (0x00000000e67256f8) thrown at [D:\re\workspace\8-2-build-windows-amd64-cygwin\jdk8u25\1677\hotspot\src\share\vm\prims\jvm.cpp, line 1312]
Event: 3.068 Thread 0x0000000019d4f800 Exception <a 'java/security/PrivilegedActionException'> (0x00000000e67fef38) thrown at [D:\re\workspace\8-2-build-windows-amd64-cygwin\jdk8u25\1677\hotspot\src\share\vm\prims\jvm.cpp, line 1312]
Event: 31.020 Thread 0x0000000019d5b800 Implicit null exception at 0x000000000333a9e7 to 0x000000000333ac9d

Events (10 events):
Event: 27.732 Executing VM operation: ParallelGCFailedAllocation
Event: 27.733 Executing VM operation: ParallelGCFailedAllocation done
Event: 28.931 Executing VM operation: ParallelGCFailedAllocation
Event: 28.932 Executing VM operation: ParallelGCFailedAllocation done
Event: 30.133 Executing VM operation: ParallelGCFailedAllocation
Event: 30.134 Executing VM operation: ParallelGCFailedAllocation done
Event: 31.020 Thread 0x0000000019d5b800 Uncommon trap: trap_request=0xffffffad fr.pc=0x000000000333acac
Event: 31.020 Thread 0x0000000019d5b800 DEOPT PACKING pc=0x000000000333acac sp=0x000000001cf0f5f0
Event: 31.020 Thread 0x0000000019d5b800 DEOPT UNPACKING pc=0x0000000002d0556a sp=0x000000001cf0f548 mode 2
Event: 31.022 Thread 0x000000001a259000 Thread exited: 0x000000001a259000


Dynamic libraries:
0x00007ff745f80000 - 0x00007ff745fb4000 	C:\Program Files\Java\jre1.8.0_25\bin\javaw.exe
0x00007ffee8210000 - 0x00007ffee83bc000 	C:\WINDOWS\SYSTEM32\ntdll.dll
0x00007ffee60e0000 - 0x00007ffee621e000 	C:\WINDOWS\system32\KERNEL32.DLL
0x00007ffee54e0000 - 0x00007ffee55f5000 	C:\WINDOWS\system32\KERNELBASE.dll
0x00007ffee3ee0000 - 0x00007ffee3f6e000 	C:\WINDOWS\system32\apphelp.dll
0x00007ffecebf0000 - 0x00007ffecec43000 	C:\WINDOWS\AppPatch\AppPatch64\AcGenral.DLL
0x00007ffee6010000 - 0x00007ffee60ba000 	C:\WINDOWS\system32\msvcrt.dll
0x00007ffee5190000 - 0x00007ffee51be000 	C:\WINDOWS\SYSTEM32\SspiCli.dll
0x00007ffee5fb0000 - 0x00007ffee6004000 	C:\WINDOWS\system32\SHLWAPI.dll
0x00007ffee7fd0000 - 0x00007ffee8147000 	C:\WINDOWS\system32\USER32.dll
0x00007ffee5bc0000 - 0x00007ffee5d54000 	C:\WINDOWS\system32\ole32.dll
0x00007ffee66a0000 - 0x00007ffee7bb8000 	C:\WINDOWS\system32\SHELL32.dll
0x00007ffee48f0000 - 0x00007ffee4911000 	C:\WINDOWS\SYSTEM32\USERENV.dll
0x00007ffee5e20000 - 0x00007ffee5eca000 	C:\WINDOWS\system32\ADVAPI32.dll
0x00007ffed7630000 - 0x00007ffed764e000 	C:\WINDOWS\SYSTEM32\MPR.dll
0x00007ffee63f0000 - 0x00007ffee6531000 	C:\WINDOWS\system32\RPCRT4.dll
0x00007ffee5ed0000 - 0x00007ffee5f29000 	C:\WINDOWS\SYSTEM32\sechost.dll
0x00007ffee7db0000 - 0x00007ffee7fc1000 	C:\WINDOWS\SYSTEM32\combase.dll
0x00007ffee6540000 - 0x00007ffee6691000 	C:\WINDOWS\system32\GDI32.dll
0x00007ffee5360000 - 0x00007ffee5375000 	C:\WINDOWS\SYSTEM32\profapi.dll
0x00007ffee3700000 - 0x00007ffee37b2000 	C:\WINDOWS\SYSTEM32\SHCORE.dll
0x00007ffee5a40000 - 0x00007ffee5a76000 	C:\WINDOWS\system32\IMM32.DLL
0x00007ffee6220000 - 0x00007ffee6372000 	C:\WINDOWS\system32\MSCTF.dll
0x00007ffee2a70000 - 0x00007ffee2ceb000 	C:\WINDOWS\WinSxS\amd64_microsoft.windows.common-controls_6595b64144ccf1df_6.0.9600.17415_none_6240486fecbd8abb\COMCTL32.dll
0x00000000696c0000 - 0x0000000069792000 	C:\Program Files\Java\jre1.8.0_25\bin\msvcr100.dll
0x000000006a3b0000 - 0x000000006ac0a000 	C:\Program Files\Java\jre1.8.0_25\bin\server\jvm.dll
0x00007ffecd2f0000 - 0x00007ffecd2f9000 	C:\WINDOWS\SYSTEM32\WSOCK32.dll
0x00007ffed77f0000 - 0x00007ffed7812000 	C:\WINDOWS\SYSTEM32\WINMM.dll
0x00007ffee7da0000 - 0x00007ffee7da7000 	C:\WINDOWS\system32\PSAPI.DLL
0x00007ffee5a80000 - 0x00007ffee5ada000 	C:\WINDOWS\system32\WS2_32.dll
0x00007ffed75d0000 - 0x00007ffed75fa000 	C:\WINDOWS\SYSTEM32\WINMMBASE.dll
0x00007ffee60d0000 - 0x00007ffee60d9000 	C:\WINDOWS\system32\NSI.dll
0x00007ffee5840000 - 0x00007ffee588f000 	C:\WINDOWS\SYSTEM32\cfgmgr32.dll
0x00007ffee4150000 - 0x00007ffee4178000 	C:\WINDOWS\SYSTEM32\DEVOBJ.dll
0x000000006b5e0000 - 0x000000006b5ef000 	C:\Program Files\Java\jre1.8.0_25\bin\verify.dll
0x000000006b5b0000 - 0x000000006b5d8000 	C:\Program Files\Java\jre1.8.0_25\bin\java.dll
0x000000006b590000 - 0x000000006b5a6000 	C:\Program Files\Java\jre1.8.0_25\bin\zip.dll
0x0000000069520000 - 0x00000000696b8000 	C:\Program Files\Java\jre1.8.0_25\bin\awt.dll
0x00007ffee5ae0000 - 0x00007ffee5ba1000 	C:\WINDOWS\system32\OLEAUT32.dll
0x00007ffee3500000 - 0x00007ffee3521000 	C:\WINDOWS\system32\DWMAPI.DLL
0x00007ffee3fd0000 - 0x00007ffee40f9000 	C:\WINDOWS\system32\uxtheme.dll
0x00007ffee41a0000 - 0x00007ffee41ab000 	C:\WINDOWS\SYSTEM32\kernel.appcore.dll
0x00007ffee5230000 - 0x00007ffee523b000 	C:\WINDOWS\SYSTEM32\CRYPTBASE.dll
0x00007ffee51c0000 - 0x00007ffee5223000 	C:\WINDOWS\SYSTEM32\bcryptPrimitives.dll
0x00007ffedaca0000 - 0x00007ffedaec1000 	C:\WINDOWS\system32\d3d9.dll
0x00007ffee3010000 - 0x00007ffee301a000 	C:\WINDOWS\SYSTEM32\VERSION.dll
0x00007ffee2870000 - 0x00007ffee29bb000 	C:\WINDOWS\SYSTEM32\aticfx64.dll
0x00007ffec0180000 - 0x00007ffec01a1000 	C:\WINDOWS\SYSTEM32\atiu9p64.dll
0x00007ffebed60000 - 0x00007ffebf545000 	C:\WINDOWS\SYSTEM32\atiumd64.dll
0x000000006acf0000 - 0x000000006b4a7000 	C:\WINDOWS\SYSTEM32\atiumd6a.dll
0x00000000694d0000 - 0x0000000069517000 	C:\Program Files\Java\jre1.8.0_25\bin\fontmanager.dll
0x00007ffee4d60000 - 0x00007ffee4d80000 	C:\WINDOWS\SYSTEM32\CRYPTSP.dll
0x00007ffee47e0000 - 0x00007ffee4816000 	C:\WINDOWS\system32\rsaenh.dll
0x00007ffee4e80000 - 0x00007ffee4ea6000 	C:\WINDOWS\SYSTEM32\bcrypt.dll
0x000000006b570000 - 0x000000006b58a000 	C:\Program Files\Java\jre1.8.0_25\bin\net.dll
0x00007ffee4b20000 - 0x00007ffee4b79000 	C:\WINDOWS\system32\mswsock.dll
0x00007ffee1080000 - 0x00007ffee10aa000 	C:\WINDOWS\SYSTEM32\IPHLPAPI.DLL
0x00007ffee2670000 - 0x00007ffee267a000 	C:\WINDOWS\SYSTEM32\WINNSI.DLL
0x00007ffee0160000 - 0x00007ffee0176000 	C:\WINDOWS\SYSTEM32\dhcpcsvc6.DLL
0x00007ffee02b0000 - 0x00007ffee02ca000 	C:\WINDOWS\SYSTEM32\dhcpcsvc.DLL
0x000000006a390000 - 0x000000006a3a1000 	C:\Program Files\Java\jre1.8.0_25\bin\nio.dll
0x00000000637c0000 - 0x00000000637cd000 	S:\Users\Ben\AppData\Local\Temp\jogamp_0000\file_cache\jln5955383049354843204\jln2077570892725713678\gluegen-rt.dll
0x00000000694c0000 - 0x00000000694c7000 	C:\Program Files\Java\jre1.8.0_25\bin\jawt.dll
0x0000000002ba0000 - 0x0000000002bad000 	S:\Users\Ben\AppData\Local\Temp\jogamp_0000\file_cache\jln5955383049354843204\jln2077570892725713678\nativewindow_awt.dll
0x000000006c100000 - 0x000000006c10f000 	S:\Users\Ben\AppData\Local\Temp\jogamp_0000\file_cache\jln5955383049354843204\jln2077570892725713678\nativewindow_win32.dll
0x00007ffecea70000 - 0x00007ffeceb9b000 	C:\WINDOWS\SYSTEM32\OpenGL32.dll
0x00007ffedc620000 - 0x00007ffedc64e000 	C:\WINDOWS\SYSTEM32\GLU32.dll
0x00007ffedc2f0000 - 0x00007ffedc3e8000 	C:\WINDOWS\SYSTEM32\DDRAW.dll
0x00007ffee0d60000 - 0x00007ffee0d69000 	C:\WINDOWS\SYSTEM32\DCIMAN32.dll
0x0000000064500000 - 0x00000000645a2000 	S:\Users\Ben\AppData\Local\Temp\jogamp_0000\file_cache\jln5955383049354843204\jln2077570892725713678\jogl_desktop.dll
0x00007ffedc690000 - 0x00007ffedc6a8000 	C:\WINDOWS\SYSTEM32\atig6pxx.dll
0x0000000067910000 - 0x00000000694bf000 	C:\WINDOWS\SYSTEM32\atio6axx.dll
0x00007ffee7bc0000 - 0x00007ffee7d9a000 	C:\WINDOWS\system32\SETUPAPI.dll
0x00007ffee10e0000 - 0x00007ffee1217000 	C:\WINDOWS\SYSTEM32\atiadlxx.dll
0x00007ffee16b0000 - 0x00007ffee182f000 	C:\WINDOWS\SYSTEM32\PROPSYS.dll
0x00007ffee3f70000 - 0x00007ffee3f82000 	C:\WINDOWS\SYSTEM32\WTSAPI32.dll
0x00007ffee57e0000 - 0x00007ffee5831000 	C:\WINDOWS\system32\WINTRUST.dll
0x00007ffee5600000 - 0x00007ffee57df000 	C:\WINDOWS\system32\CRYPT32.dll
0x00007ffee5410000 - 0x00007ffee5421000 	C:\WINDOWS\system32\MSASN1.dll
0x00007ffedc550000 - 0x00007ffedc579000 	C:\WINDOWS\SYSTEM32\atig6txx.dll
0x00007ffece8d0000 - 0x00007ffecea6c000 	O:\OneDrive\Workspace\ZZavatar\lib\user\KinectPV2\Kinect20.Face.dll
0x00007ffed76f0000 - 0x00007ffed7797000 	C:\WINDOWS\SYSTEM32\MSVCP110.dll
0x00007ffeddd70000 - 0x00007ffedde3e000 	C:\WINDOWS\SYSTEM32\MSVCR110.dll
0x00007ffee0cb0000 - 0x00007ffee0cc0000 	O:\OneDrive\Workspace\ZZavatar\lib\user\KinectPV2\KinectPV2.dll
0x00007ffeda070000 - 0x00007ffeda12a000 	C:\WINDOWS\SYSTEM32\Kinect20.dll
0x00007ffed7820000 - 0x00007ffed790b000 	C:\WINDOWS\SYSTEM32\MFPlat.DLL
0x00007ffed7650000 - 0x00007ffed7677000 	C:\WINDOWS\SYSTEM32\RTWorkQ.DLL
0x00007ffee3130000 - 0x00007ffee313c000 	C:\WINDOWS\SYSTEM32\AVRT.dll
0x00007ffebeae0000 - 0x00007ffebec6a000 	C:\WINDOWS\SYSTEM32\dbghelp.dll

VM Arguments:
jvm_args: -Djava.library.path=O:\OneDrive\Workspace\ZZavatar\lib\base\video;O:\OneDrive\Workspace\ZZavatar\lib\base\video;O:\OneDrive\Workspace\ZZavatar\lib\base\video;O:\OneDrive\Workspace\ZZavatar\lib\base\core;O:\OneDrive\Workspace\ZZavatar\lib\base\core;O:\OneDrive\Workspace\ZZavatar\lib\base\core;O:\OneDrive\Workspace\ZZavatar\lib\base\core;O:\OneDrive\Workspace\ZZavatar\lib\base\core;O:\OneDrive\Workspace\ZZavatar\lib\base\core;O:\OneDrive\Workspace\ZZavatar\lib\base\core;O:\OneDrive\Workspace\ZZavatar\lib\base\core;O:\OneDrive\Workspace\ZZavatar\lib\base\core;O:\OneDrive\Workspace\ZZavatar\lib\base\core;O:\OneDrive\Workspace\ZZavatar\lib\base\core;O:\OneDrive\Workspace\ZZavatar\lib\base\core;O:\OneDrive\Workspace\ZZavatar\lib\base\core;O:\OneDrive\Workspace\ZZavatar\lib\base\core;O:\OneDrive\Workspace\ZZavatar\lib\base\core;O:\OneDrive\Workspace\ZZavatar\lib\user\Kinect4WinSDK;O:\OneDrive\Workspace\ZZavatar\lib\user\KinectPV2;O:\OneDrive\Workspace\ZZavatar\lib\user\SimpleOpenNI -Dfile.encoding=Cp1252 
java_command: zzavatar.ZZavatar
java_class_path (initial): O:\OneDrive\Workspace\ZZavatar\lib\base\video\gstreamer-java.jar;O:\OneDrive\Workspace\ZZavatar\lib\base\video\jna.jar;O:\OneDrive\Workspace\ZZavatar\lib\base\video\video.jar;O:\OneDrive\Workspace\ZZavatar\lib\base\core\core.jar;O:\OneDrive\Workspace\ZZavatar\lib\base\core\gluegen-rt-natives-linux-amd64.jar;O:\OneDrive\Workspace\ZZavatar\lib\base\core\gluegen-rt-natives-linux-armv6hf.jar;O:\OneDrive\Workspace\ZZavatar\lib\base\core\gluegen-rt-natives-linux-i586.jar;O:\OneDrive\Workspace\ZZavatar\lib\base\core\gluegen-rt-natives-macosx-universal.jar;O:\OneDrive\Workspace\ZZavatar\lib\base\core\gluegen-rt-natives-windows-amd64.jar;O:\OneDrive\Workspace\ZZavatar\lib\base\core\gluegen-rt-natives-windows-i586.jar;O:\OneDrive\Workspace\ZZavatar\lib\base\core\gluegen-rt.jar;O:\OneDrive\Workspace\ZZavatar\lib\base\core\jogl-all-natives-linux-amd64.jar;O:\OneDrive\Workspace\ZZavatar\lib\base\core\jogl-all-natives-linux-armv6hf.jar;O:\OneDrive\Workspace\ZZavatar\lib\base\core\jogl-all-natives-linux-i586.jar;O:\OneDrive\Workspace\ZZavatar\lib\base\core\jogl-all-natives-macosx-universal.jar;O:\OneDrive\Workspace\ZZavatar\lib\base\core\jogl-all-natives-windows-amd64.jar;O:\OneDrive\Workspace\ZZavatar\lib\base\core\jogl-all-natives-windows-i586.jar;O:\OneDrive\Workspace\ZZavatar\lib\base\core\jogl-all.jar;O:\OneDrive\Workspace\ZZavatar\lib\user\Kinect4WinSDK\Kinect4WinSDK.jar;O:\OneDrive\Workspace\ZZavatar\lib\user\KinectPV2\KinectPV2.jar;O:\OneDrive\Workspace\ZZavatar\lib\user\SimpleOpenNI\SimpleOpenNI.jar;O:\OneDrive\Workspace\ZZavatar\bin
Launcher Type: SUN_STANDARD

Environment Variables:
JAVA_HOME=C:\Program Files\Java\jdk1.8.0_25
PATH=C:/Program Files/Java/jre1.8.0_25/bin/server;C:/Program Files/Java/jre1.8.0_25/bin;C:/Program Files/Java/jre1.8.0_25/lib/amd64;C:\Program Files (x86)\NVIDIA Corporation\PhysX\Common;C:\ProgramData\Oracle\Java\javapath;C:\Program Files (x86)\Common Files\Intel\Shared Libraries\redist\intel64\compiler;C:\Program Files (x86)\Common Files\Intel\Shared Libraries\redist\ia32\compiler;C:\Program Files (x86)\Intel\iCLS Client\;C:\Program Files\Intel\iCLS Client\;C:\Program Files (x86)\AMD APP\bin\x86_64;C:\Program Files (x86)\AMD APP\bin\x86;C:\WINDOWS\system32;C:\WINDOWS;C:\WINDOWS\System32\Wbem;C:\WINDOWS\System32\WindowsPowerShell\v1.0\;C:\Program Files (x86)\ATI Technologies\ATI.ACE\Core-Static;C:\Program Files\Intel\Intel(R) Management Engine Components\DAL;C:\Program Files\Intel\Intel(R) Management Engine Components\IPT;C:\Program Files (x86)\Intel\Intel(R) Management Engine Components\DAL;C:\Program Files (x86)\Intel\Intel(R) Management Engine Components\IPT;C:\Program Files\Sony\VAIO Improvement\;C:\Program Files (x86)\Sony\VAIO Startup Setting Tool;C:\Program Files (x86)\Windows Kits\8.1\Windows Performance Toolkit\;C:\Program Files\Microsoft SQL Server\110\Tools\Binn\;C:\Program Files (x86)\Microsoft SDKs\TypeScript\1.0\;C:\Program Files\Microsoft\Web Platform Installer\;C:\Program Files (x86)\Java\jre1.8.0_25\bin;P:\Programs\Python27\Scripts;P:\Programs\Python27;C:\Program Files\Common Files\Autodesk Shared\;P:\Program Files\Programs;P:\Program Files\Games;P:\Programs\Eclipse;
USERNAME=Benoît
OS=Windows_NT
PROCESSOR_IDENTIFIER=Intel64 Family 6 Model 58 Stepping 9, GenuineIntel



---------------  S Y S T E M  ---------------

OS: Windows 8.1 , 64 bit Build 9600 

CPU:total 8 (4 cores per cpu, 2 threads per core) family 6 model 58 stepping 9, cmov, cx8, fxsr, mmx, sse, sse2, sse3, ssse3, sse4.1, sse4.2, popcnt, avx, aes, clmul, erms, ht, tsc, tscinvbit, tscinv

Memory: 4k page, physical 6237468k(1764568k free), swap 10431772k(3774844k free)

vm_info: Java HotSpot(TM) 64-Bit Server VM (25.25-b02) for windows-amd64 JRE (1.8.0_25-b18), built on Oct  7 2014 14:25:37 by "java_re" with MS VC++ 10.0 (VS2010)

time: Thu Apr 23 17:02:03 2015
elapsed time: 31 seconds (0d 0h 0m 31s)

