#
# A fatal error has been detected by the Java Runtime Environment:
#
#  EXCEPTION_ACCESS_VIOLATION (0xc0000005) at pc=0x00000000687e8af4, pid=9404, tid=1972
#
# JRE version: Java(TM) SE Runtime Environment (8.0_25-b18) (build 1.8.0_25-b18)
# Java VM: Java HotSpot(TM) 64-Bit Server VM (25.25-b02 mixed mode windows-amd64 compressed oops)
# Problematic frame:
# C  [atio6axx.dll+0xed8af4]
#
# Failed to write core dump. Minidumps are not enabled by default on client versions of Windows
#
# If you would like to submit a bug report, please visit:
#   http://bugreport.sun.com/bugreport/crash.jsp
# The crash happened outside the Java Virtual Machine in native code.
# See problematic frame for where to report the bug.
#

---------------  T H R E A D  ---------------

Current thread (0x0000000019b12800):  JavaThread "Animation Thread" [_thread_in_native, id=1972, stack(0x000000001cb10000,0x000000001cc10000)]

siginfo: ExceptionCode=0xc0000005, reading address 0x0000000000000010

Registers:
RAX=0x0000000069087fb8, RBX=0x000000002e940040, RCX=0x000000001f76fc70, RDX=0x0000000000000000
RSP=0x000000001cc0e930, RBP=0x0000000000000006, RSI=0x0000000000000000, RDI=0x000000001f659e38
R8 =0x000000001cc0e6c8, R9 =0x0000000000008000, R10=0x0000000000000000, R11=0x000000001cc0e9f8
R12=0x0000000000000000, R13=0x000000001fe8d4a8, R14=0x000000001cc0eaf0, R15=0x0000000019b12800
RIP=0x00000000687e8af4, EFLAGS=0x0000000000010206

Top of Stack: (sp=0x000000001cc0e930)
0x000000001cc0e930:   0000000000f80000 000000002e940040
0x000000001cc0e940:   0000000000000000 0000000000000002
0x000000001cc0e950:   0000000019b12800 000000002023f848
0x000000001cc0e960:   0000000000000006 00007ffeda083252
0x000000001cc0e970:   0000000000000000 00007ffeda0a20b0
0x000000001cc0e980:   0000000019b12800 000000002023f848
0x000000001cc0e990:   0000000019b12800 00007ffeda07d83c
0x000000001cc0e9a0:   0000000000000000 000000001f659c90
0x000000001cc0e9b0:   0000000000000000 0000000000000006
0x000000001cc0e9c0:   000000002e940040 00007ffedddd6388
0x000000001cc0e9d0:   0000000000000000 0000000000000000
0x000000001cc0e9e0:   000000001fe8d4a8 000000001f659e38
0x000000001cc0e9f0:   0000000000000006 00007ffedc8b4116
0x000000001cc0ea00:   000000001f76fc70 000000002023f818
0x000000001cc0ea10:   000000001cc0e6c8 0000000000008000
0x000000001cc0ea20:   000000001cc0eaf0 00007ffedc8b1fba 

Instructions: (pc=0x00000000687e8af4)
0x00000000687e8ad4:   89 4b 20 4d 89 43 18 49 89 4b 08 55 57 41 55 41
0x00000000687e8ae4:   56 48 81 ec a8 00 00 00 4c 8b b4 24 f0 00 00 00
0x00000000687e8af4:   48 8b 7a 10 45 8b d1 4d 8b c8 4c 8b ea 4c 8b c1
0x00000000687e8b04:   4d 85 f6 0f 84 62 02 00 00 8b ac 24 f8 00 00 00 


Register to memory mapping:

RAX=0x0000000069087fb8 is an unknown value
RBX=0x000000002e940040 is an unknown value
RCX=0x000000001f76fc70 is an unknown value
RDX=0x0000000000000000 is an unknown value
RSP=0x000000001cc0e930 is pointing into the stack for thread: 0x0000000019b12800
RBP=0x0000000000000006 is an unknown value
RSI=0x0000000000000000 is an unknown value
RDI=0x000000001f659e38 is an unknown value
R8 =0x000000001cc0e6c8 is pointing into the stack for thread: 0x0000000019b12800
R9 =0x0000000000008000 is an unknown value
R10=0x0000000000000000 is an unknown value
R11=0x000000001cc0e9f8 is pointing into the stack for thread: 0x0000000019b12800
R12=0x0000000000000000 is an unknown value
R13={method} {0x000000001fe8d4b0} 'jniStopDevice' '()V' in 'KinectPV2/Device'
R14=0x000000001cc0eaf0 is pointing into the stack for thread: 0x0000000019b12800
R15=0x0000000019b12800 is a thread


Stack: [0x000000001cb10000,0x000000001cc10000],  sp=0x000000001cc0e930,  free space=1018k
Native frames: (J=compiled Java code, j=interpreted, Vv=VM code, C=native code)
C  [atio6axx.dll+0xed8af4]
C  [KinectPV2.dll+0x4116]
C  [KinectPV2.dll+0x1fba]
C  0x0000000002ad5b74

Java frames: (J=compiled Java code, j=interpreted, Vv=VM code)
j  KinectPV2.Device.jniStopDevice()V+0
j  KinectPV2.Device.stopDevice()V+41
j  KinectPV2.KinectPV2.dispose()V+14
v  ~StubRoutines::call_stub
j  sun.reflect.NativeMethodAccessorImpl.invoke0(Ljava/lang/reflect/Method;Ljava/lang/Object;[Ljava/lang/Object;)Ljava/lang/Object;+0
j  sun.reflect.NativeMethodAccessorImpl.invoke(Ljava/lang/Object;[Ljava/lang/Object;)Ljava/lang/Object;+100
J 2158 C1 sun.reflect.DelegatingMethodAccessorImpl.invoke(Ljava/lang/Object;[Ljava/lang/Object;)Ljava/lang/Object; (10 bytes) @ 0x00000000032b33c4 [0x00000000032b32c0+0x104]
J 2157 C1 java.lang.reflect.Method.invoke(Ljava/lang/Object;[Ljava/lang/Object;)Ljava/lang/Object; (62 bytes) @ 0x0000000003294ca4 [0x00000000032948c0+0x3e4]
j  processing.core.PApplet$RegisteredMethods.handle([Ljava/lang/Object;)V+18
J 1790 C1 processing.core.PApplet.handleMethods(Ljava/lang/String;)V (21 bytes) @ 0x0000000003173e1c [0x0000000003173b60+0x2bc]
j  processing.core.PApplet.dispose()V+35
j  processing.core.PApplet.run()V+283
j  java.lang.Thread.run()V+11
v  ~StubRoutines::call_stub

---------------  P R O C E S S  ---------------

Java Threads: ( => current thread )
  0x000000001deaa000 JavaThread "Thread-4" [_thread_in_vm, id=7576, stack(0x000000002f080000,0x000000002f180000)]
  0x0000000019c7b800 JavaThread "Animation Thread-SharedResourceRunner" daemon [_thread_blocked, id=8692, stack(0x000000001ede0000,0x000000001eee0000)]
  0x000000000299e800 JavaThread "DestroyJavaVM" [_thread_blocked, id=8132, stack(0x0000000002840000,0x0000000002940000)]
  0x0000000019b36800 JavaThread "D3D Screen Updater" daemon [_thread_blocked, id=8348, stack(0x000000001ce10000,0x000000001cf10000)]
=>0x0000000019b12800 JavaThread "Animation Thread" [_thread_in_native, id=1972, stack(0x000000001cb10000,0x000000001cc10000)]
  0x0000000019a88000 JavaThread "AWT-EventQueue-0" [_thread_blocked, id=9488, stack(0x000000001c910000,0x000000001ca10000)]
  0x0000000019a44000 JavaThread "AWT-Windows" daemon [_thread_in_native, id=9616, stack(0x000000001a350000,0x000000001a450000)]
  0x0000000019a43800 JavaThread "AWT-Shutdown" [_thread_blocked, id=3224, stack(0x000000001a250000,0x000000001a350000)]
  0x0000000019a40800 JavaThread "Java2D Disposer" daemon [_thread_blocked, id=8300, stack(0x000000001a150000,0x000000001a250000)]
  0x0000000018892000 JavaThread "Service Thread" daemon [_thread_blocked, id=5532, stack(0x00000000191e0000,0x00000000192e0000)]
  0x0000000018818000 JavaThread "C1 CompilerThread3" daemon [_thread_blocked, id=2508, stack(0x00000000190e0000,0x00000000191e0000)]
  0x0000000018817800 JavaThread "C2 CompilerThread2" daemon [_thread_blocked, id=2924, stack(0x0000000018fe0000,0x00000000190e0000)]
  0x0000000018811800 JavaThread "C2 CompilerThread1" daemon [_thread_blocked, id=952, stack(0x0000000018ee0000,0x0000000018fe0000)]
  0x000000001880c000 JavaThread "C2 CompilerThread0" daemon [_thread_blocked, id=8284, stack(0x0000000018de0000,0x0000000018ee0000)]
  0x0000000018806000 JavaThread "Attach Listener" daemon [_thread_blocked, id=3104, stack(0x0000000018ce0000,0x0000000018de0000)]
  0x0000000018805000 JavaThread "Signal Dispatcher" daemon [_thread_blocked, id=9484, stack(0x0000000018be0000,0x0000000018ce0000)]
  0x0000000002ab9000 JavaThread "Finalizer" daemon [_thread_blocked, id=8892, stack(0x00000000186e0000,0x00000000187e0000)]
  0x0000000002ab0000 JavaThread "Reference Handler" daemon [_thread_blocked, id=5920, stack(0x00000000185e0000,0x00000000186e0000)]

Other Threads:
  0x0000000016809000 VMThread [stack: 0x00000000184e0000,0x00000000185e0000] [id=7264]
  0x0000000018893800 WatcherThread [stack: 0x00000000192e0000,0x00000000193e0000] [id=7104]

VM state:not at safepoint (normal execution)

VM Mutex/Monitor currently owned by a thread: None

Heap:
 PSYoungGen      total 366080K, used 49811K [0x00000000e0400000, 0x00000000f6d80000, 0x0000000100000000)
  eden space 364032K, 13% used [0x00000000e0400000,0x00000000e346cdf0,0x00000000f6780000)
  from space 2048K, 10% used [0x00000000f6780000,0x00000000f67b8000,0x00000000f6980000)
  to   space 2048K, 0% used [0x00000000f6b80000,0x00000000f6b80000,0x00000000f6d80000)
 ParOldGen       total 226304K, used 155015K [0x00000000a0c00000, 0x00000000ae900000, 0x00000000e0400000)
  object space 226304K, 68% used [0x00000000a0c00000,0x00000000aa361e08,0x00000000ae900000)
 Metaspace       used 18091K, capacity 18255K, committed 18432K, reserved 1067008K
  class space    used 1722K, capacity 1762K, committed 1792K, reserved 1048576K

Card table byte_map: [0x0000000011e80000,0x0000000012180000] byte_map_base: 0x000000001197a000

Marking Bits: (ParMarkBitMap*) 0x000000006ab8d490
 Begin Bits: [0x0000000012b80000, 0x0000000014350000)
 End Bits:   [0x0000000014350000, 0x0000000015b20000)

Polling page: 0x0000000000f70000

CodeCache: size=245760Kb used=8218Kb max_used=9193Kb free=237541Kb
 bounds [0x0000000002ac0000, 0x00000000033d0000, 0x0000000011ac0000]
 total_blobs=3070 nmethods=2198 adapters=786
 compilation: enabled

Compilation events (10 events):
Event: 26.303 Thread 0x0000000018811800 2478       4       processing.opengl.PGraphicsOpenGL::getHint (27 bytes)
Event: 26.304 Thread 0x0000000018811800 nmethod 2478 0x0000000002d595d0 code [0x0000000002d59720, 0x0000000002d597f8]
Event: 26.389 Thread 0x0000000018818000 2479  s    3       processing.core.PApplet$InternalEventQueue::add (44 bytes)
Event: 26.390 Thread 0x0000000018818000 nmethod 2479 0x0000000002e67a90 code [0x0000000002e67c80, 0x0000000002e687a8]
Event: 26.452 Thread 0x0000000018818000 2480       3       java.awt.event.MouseEvent::<init> (250 bytes)
Event: 26.453 Thread 0x0000000018818000 nmethod 2480 0x0000000002c7eed0 code [0x0000000002c7f2c0, 0x0000000002c81918]
Event: 26.453 Thread 0x0000000018818000 2481       3       java.awt.event.MouseEvent::getModifiersEx (29 bytes)
Event: 26.454 Thread 0x0000000018818000 nmethod 2481 0x0000000002cc1490 code [0x0000000002cc1600, 0x0000000002cc1868]
Event: 27.173 Thread 0x0000000018817800 2482       4       java.lang.AbstractStringBuilder::expandCapacity (50 bytes)
Event: 27.175 Thread 0x0000000018817800 nmethod 2482 0x0000000002bd1d90 code [0x0000000002bd1ee0, 0x0000000002bd2158]

GC Heap History (10 events):
Event: 25.833 GC heap before
{Heap before GC invocations=70 (full 3):
 PSYoungGen      total 363008K, used 360192K [0x00000000e0400000, 0x00000000f6980000, 0x0000000100000000)
  eden space 359936K, 100% used [0x00000000e0400000,0x00000000f6380000,0x00000000f6380000)
  from space 3072K, 8% used [0x00000000f6680000,0x00000000f66c0000,0x00000000f6980000)
  to   space 3072K, 0% used [0x00000000f6380000,0x00000000f6380000,0x00000000f6680000)
 ParOldGen       total 226304K, used 154967K [0x00000000a0c00000, 0x00000000ae900000, 0x00000000e0400000)
  object space 226304K, 68% used [0x00000000a0c00000,0x00000000aa355e08,0x00000000ae900000)
 Metaspace       used 18081K, capacity 18255K, committed 18432K, reserved 1067008K
  class space    used 1722K, capacity 1762K, committed 1792K, reserved 1048576K
Event: 25.834 GC heap after
Heap after GC invocations=70 (full 3):
 PSYoungGen      total 363008K, used 224K [0x00000000e0400000, 0x00000000f6a80000, 0x0000000100000000)
  eden space 359936K, 0% used [0x00000000e0400000,0x00000000e0400000,0x00000000f6380000)
  from space 3072K, 7% used [0x00000000f6380000,0x00000000f63b8000,0x00000000f6680000)
  to   space 2560K, 0% used [0x00000000f6800000,0x00000000f6800000,0x00000000f6a80000)
 ParOldGen       total 226304K, used 154967K [0x00000000a0c00000, 0x00000000ae900000, 0x00000000e0400000)
  object space 226304K, 68% used [0x00000000a0c00000,0x00000000aa355e08,0x00000000ae900000)
 Metaspace       used 18081K, capacity 18255K, committed 18432K, reserved 1067008K
  class space    used 1722K, capacity 1762K, committed 1792K, reserved 1048576K
}
Event: 26.238 GC heap before
{Heap before GC invocations=71 (full 3):
 PSYoungGen      total 363008K, used 358070K [0x00000000e0400000, 0x00000000f6a80000, 0x0000000100000000)
  eden space 359936K, 99% used [0x00000000e0400000,0x00000000f6175828,0x00000000f6380000)
  from space 3072K, 7% used [0x00000000f6380000,0x00000000f63b8000,0x00000000f6680000)
  to   space 2560K, 0% used [0x00000000f6800000,0x00000000f6800000,0x00000000f6a80000)
 ParOldGen       total 226304K, used 154967K [0x00000000a0c00000, 0x00000000ae900000, 0x00000000e0400000)
  object space 226304K, 68% used [0x00000000a0c00000,0x00000000aa355e08,0x00000000ae900000)
 Metaspace       used 18086K, capacity 18255K, committed 18432K, reserved 1067008K
  class space    used 1722K, capacity 1762K, committed 1792K, reserved 1048576K
Event: 26.239 GC heap after
Heap after GC invocations=71 (full 3):
 PSYoungGen      total 364544K, used 224K [0x00000000e0400000, 0x00000000f6a80000, 0x0000000100000000)
  eden space 361984K, 0% used [0x00000000e0400000,0x00000000e0400000,0x00000000f6580000)
  from space 2560K, 8% used [0x00000000f6800000,0x00000000f6838000,0x00000000f6a80000)
  to   space 2560K, 0% used [0x00000000f6580000,0x00000000f6580000,0x00000000f6800000)
 ParOldGen       total 226304K, used 154967K [0x00000000a0c00000, 0x00000000ae900000, 0x00000000e0400000)
  object space 226304K, 68% used [0x00000000a0c00000,0x00000000aa355e08,0x00000000ae900000)
 Metaspace       used 18086K, capacity 18255K, committed 18432K, reserved 1067008K
  class space    used 1722K, capacity 1762K, committed 1792K, reserved 1048576K
}
Event: 26.639 GC heap before
{Heap before GC invocations=72 (full 3):
 PSYoungGen      total 364544K, used 362208K [0x00000000e0400000, 0x00000000f6a80000, 0x0000000100000000)
  eden space 361984K, 100% used [0x00000000e0400000,0x00000000f6580000,0x00000000f6580000)
  from space 2560K, 8% used [0x00000000f6800000,0x00000000f6838000,0x00000000f6a80000)
  to   space 2560K, 0% used [0x00000000f6580000,0x00000000f6580000,0x00000000f6800000)
 ParOldGen       total 226304K, used 154967K [0x00000000a0c00000, 0x00000000ae900000, 0x00000000e0400000)
  object space 226304K, 68% used [0x00000000a0c00000,0x00000000aa355e08,0x00000000ae900000)
 Metaspace       used 18090K, capacity 18255K, committed 18432K, reserved 1067008K
  class space    used 1722K, capacity 1762K, committed 1792K, reserved 1048576K
Event: 26.640 GC heap after
Heap after GC invocations=72 (full 3):
 PSYoungGen      total 364544K, used 256K [0x00000000e0400000, 0x00000000f6c80000, 0x0000000100000000)
  eden space 361984K, 0% used [0x00000000e0400000,0x00000000e0400000,0x00000000f6580000)
  from space 2560K, 10% used [0x00000000f6580000,0x00000000f65c0000,0x00000000f6800000)
  to   space 2560K, 0% used [0x00000000f6a00000,0x00000000f6a00000,0x00000000f6c80000)
 ParOldGen       total 226304K, used 154999K [0x00000000a0c00000, 0x00000000ae900000, 0x00000000e0400000)
  object space 226304K, 68% used [0x00000000a0c00000,0x00000000aa35de08,0x00000000ae900000)
 Metaspace       used 18090K, capacity 18255K, committed 18432K, reserved 1067008K
  class space    used 1722K, capacity 1762K, committed 1792K, reserved 1048576K
}
Event: 27.039 GC heap before
{Heap before GC invocations=73 (full 3):
 PSYoungGen      total 364544K, used 362240K [0x00000000e0400000, 0x00000000f6c80000, 0x0000000100000000)
  eden space 361984K, 100% used [0x00000000e0400000,0x00000000f6580000,0x00000000f6580000)
  from space 2560K, 10% used [0x00000000f6580000,0x00000000f65c0000,0x00000000f6800000)
  to   space 2560K, 0% used [0x00000000f6a00000,0x00000000f6a00000,0x00000000f6c80000)
 ParOldGen       total 226304K, used 154999K [0x00000000a0c00000, 0x00000000ae900000, 0x00000000e0400000)
  object space 226304K, 68% used [0x00000000a0c00000,0x00000000aa35de08,0x00000000ae900000)
 Metaspace       used 18090K, capacity 18255K, committed 18432K, reserved 1067008K
  class space    used 1722K, capacity 1762K, committed 1792K, reserved 1048576K
Event: 27.040 GC heap after
Heap after GC invocations=73 (full 3):
 PSYoungGen      total 365568K, used 256K [0x00000000e0400000, 0x00000000f6b80000, 0x0000000100000000)
  eden space 364032K, 0% used [0x00000000e0400000,0x00000000e0400000,0x00000000f6780000)
  from space 1536K, 16% used [0x00000000f6a00000,0x00000000f6a40000,0x00000000f6b80000)
  to   space 2048K, 0% used [0x00000000f6780000,0x00000000f6780000,0x00000000f6980000)
 ParOldGen       total 226304K, used 155007K [0x00000000a0c00000, 0x00000000ae900000, 0x00000000e0400000)
  object space 226304K, 68% used [0x00000000a0c00000,0x00000000aa35fe08,0x00000000ae900000)
 Metaspace       used 18090K, capacity 18255K, committed 18432K, reserved 1067008K
  class space    used 1722K, capacity 1762K, committed 1792K, reserved 1048576K
}
Event: 27.444 GC heap before
{Heap before GC invocations=74 (full 3):
 PSYoungGen      total 365568K, used 364288K [0x00000000e0400000, 0x00000000f6b80000, 0x0000000100000000)
  eden space 364032K, 100% used [0x00000000e0400000,0x00000000f6780000,0x00000000f6780000)
  from space 1536K, 16% used [0x00000000f6a00000,0x00000000f6a40000,0x00000000f6b80000)
  to   space 2048K, 0% used [0x00000000f6780000,0x00000000f6780000,0x00000000f6980000)
 ParOldGen       total 226304K, used 155007K [0x00000000a0c00000, 0x00000000ae900000, 0x00000000e0400000)
  object space 226304K, 68% used [0x00000000a0c00000,0x00000000aa35fe08,0x00000000ae900000)
 Metaspace       used 18090K, capacity 18255K, committed 18432K, reserved 1067008K
  class space    used 1722K, capacity 1762K, committed 1792K, reserved 1048576K
Event: 27.445 GC heap after
Heap after GC invocations=74 (full 3):
 PSYoungGen      total 366080K, used 224K [0x00000000e0400000, 0x00000000f6d80000, 0x0000000100000000)
  eden space 364032K, 0% used [0x00000000e0400000,0x00000000e0400000,0x00000000f6780000)
  from space 2048K, 10% used [0x00000000f6780000,0x00000000f67b8000,0x00000000f6980000)
  to   space 2048K, 0% used [0x00000000f6b80000,0x00000000f6b80000,0x00000000f6d80000)
 ParOldGen       total 226304K, used 155015K [0x00000000a0c00000, 0x00000000ae900000, 0x00000000e0400000)
  object space 226304K, 68% used [0x00000000a0c00000,0x00000000aa361e08,0x00000000ae900000)
 Metaspace       used 18090K, capacity 18255K, committed 18432K, reserved 1067008K
  class space    used 1722K, capacity 1762K, committed 1792K, reserved 1048576K
}

Deoptimization events (10 events):
Event: 11.224 Thread 0x0000000019a88000 Uncommon trap: reason=speculate_class_check action=maybe_recompile pc=0x0000000003274664 method=com.jogamp.common.nio.Buffers.getDirectBufferByteOffset(Ljava/lang/Object;)I @ 22
Event: 11.224 Thread 0x0000000019a88000 Uncommon trap: reason=speculate_class_check action=maybe_recompile pc=0x0000000003274664 method=com.jogamp.common.nio.Buffers.getDirectBufferByteOffset(Ljava/lang/Object;)I @ 22
Event: 11.224 Thread 0x0000000019a88000 Uncommon trap: reason=speculate_class_check action=maybe_recompile pc=0x0000000003274664 method=com.jogamp.common.nio.Buffers.getDirectBufferByteOffset(Ljava/lang/Object;)I @ 22
Event: 11.224 Thread 0x0000000019a88000 Uncommon trap: reason=speculate_class_check action=maybe_recompile pc=0x0000000003274664 method=com.jogamp.common.nio.Buffers.getDirectBufferByteOffset(Ljava/lang/Object;)I @ 22
Event: 11.389 Thread 0x0000000019a88000 Uncommon trap: reason=speculate_class_check action=maybe_recompile pc=0x000000000327d290 method=com.jogamp.common.nio.Buffers.getDirectBufferByteOffset(Ljava/lang/Object;)I @ 31
Event: 11.389 Thread 0x0000000019a88000 Uncommon trap: reason=speculate_class_check action=maybe_recompile pc=0x000000000327d290 method=com.jogamp.common.nio.Buffers.getDirectBufferByteOffset(Ljava/lang/Object;)I @ 31
Event: 11.556 Thread 0x0000000019a88000 Uncommon trap: reason=speculate_class_check action=maybe_recompile pc=0x000000000328906c method=com.jogamp.common.nio.Buffers.getDirectBufferByteOffset(Ljava/lang/Object;)I @ 42
Event: 11.568 Thread 0x0000000019a88000 Uncommon trap: reason=speculate_class_check action=maybe_recompile pc=0x000000000328906c method=com.jogamp.common.nio.Buffers.getDirectBufferByteOffset(Ljava/lang/Object;)I @ 42
Event: 11.744 Thread 0x0000000019a88000 Uncommon trap: reason=speculate_class_check action=maybe_recompile pc=0x0000000003280660 method=com.jogamp.common.nio.Buffers.getDirectBufferByteOffset(Ljava/lang/Object;)I @ 53
Event: 11.756 Thread 0x0000000019a88000 Uncommon trap: reason=speculate_class_check action=maybe_recompile pc=0x0000000003280660 method=com.jogamp.common.nio.Buffers.getDirectBufferByteOffset(Ljava/lang/Object;)I @ 53

Internal exceptions (10 events):
Event: 3.330 Thread 0x0000000019a88000 Exception <a 'java/security/PrivilegedActionException'> (0x00000000e2f02d28) thrown at [D:\re\workspace\8-2-build-windows-amd64-cygwin\jdk8u25\1677\hotspot\src\share\vm\prims\jvm.cpp, line 1312]
Event: 3.330 Thread 0x0000000019a88000 Exception <a 'java/security/PrivilegedActionException'> (0x00000000e2f06be8) thrown at [D:\re\workspace\8-2-build-windows-amd64-cygwin\jdk8u25\1677\hotspot\src\share\vm\prims\jvm.cpp, line 1312]
Event: 3.330 Thread 0x0000000019a88000 Exception <a 'java/security/PrivilegedActionException'> (0x00000000e2f0aff0) thrown at [D:\re\workspace\8-2-build-windows-amd64-cygwin\jdk8u25\1677\hotspot\src\share\vm\prims\jvm.cpp, line 1312]
Event: 3.331 Thread 0x0000000019a88000 Exception <a 'java/security/PrivilegedActionException'> (0x00000000e2f0f3d8) thrown at [D:\re\workspace\8-2-build-windows-amd64-cygwin\jdk8u25\1677\hotspot\src\share\vm\prims\jvm.cpp, line 1312]
Event: 3.331 Thread 0x0000000019a88000 Exception <a 'java/security/PrivilegedActionException'> (0x00000000e2f12f30) thrown at [D:\re\workspace\8-2-build-windows-amd64-cygwin\jdk8u25\1677\hotspot\src\share\vm\prims\jvm.cpp, line 1312]
Event: 3.332 Thread 0x0000000019a88000 Exception <a 'java/security/PrivilegedActionException'> (0x00000000e2f17730) thrown at [D:\re\workspace\8-2-build-windows-amd64-cygwin\jdk8u25\1677\hotspot\src\share\vm\prims\jvm.cpp, line 1312]
Event: 3.332 Thread 0x0000000019a88000 Exception <a 'java/security/PrivilegedActionException'> (0x00000000e2f1ae68) thrown at [D:\re\workspace\8-2-build-windows-amd64-cygwin\jdk8u25\1677\hotspot\src\share\vm\prims\jvm.cpp, line 1312]
Event: 3.332 Thread 0x0000000019a88000 Exception <a 'java/security/PrivilegedActionException'> (0x00000000e2f1edb0) thrown at [D:\re\workspace\8-2-build-windows-amd64-cygwin\jdk8u25\1677\hotspot\src\share\vm\prims\jvm.cpp, line 1312]
Event: 3.333 Thread 0x0000000019a88000 Exception <a 'java/security/PrivilegedActionException'> (0x00000000e2f24cc0) thrown at [D:\re\workspace\8-2-build-windows-amd64-cygwin\jdk8u25\1677\hotspot\src\share\vm\prims\jvm.cpp, line 1312]
Event: 3.350 Thread 0x0000000019a88000 Exception <a 'java/security/PrivilegedActionException'> (0x00000000e383a100) thrown at [D:\re\workspace\8-2-build-windows-amd64-cygwin\jdk8u25\1677\hotspot\src\share\vm\prims\jvm.cpp, line 1312]

Events (10 events):
Event: 25.833 Executing VM operation: ParallelGCFailedAllocation
Event: 25.834 Executing VM operation: ParallelGCFailedAllocation done
Event: 26.238 Executing VM operation: ParallelGCFailedAllocation
Event: 26.239 Executing VM operation: ParallelGCFailedAllocation done
Event: 26.639 Executing VM operation: ParallelGCFailedAllocation
Event: 26.640 Executing VM operation: ParallelGCFailedAllocation done
Event: 27.039 Executing VM operation: ParallelGCFailedAllocation
Event: 27.040 Executing VM operation: ParallelGCFailedAllocation done
Event: 27.444 Executing VM operation: ParallelGCFailedAllocation
Event: 27.445 Executing VM operation: ParallelGCFailedAllocation done


Dynamic libraries:
0x00007ff745f80000 - 0x00007ff745fb4000 	C:\Program Files\Java\jre1.8.0_25\bin\javaw.exe
0x00007ffee8210000 - 0x00007ffee83bc000 	C:\WINDOWS\SYSTEM32\ntdll.dll
0x00007ffee60e0000 - 0x00007ffee621e000 	C:\WINDOWS\system32\KERNEL32.DLL
0x00007ffee54e0000 - 0x00007ffee55f5000 	C:\WINDOWS\system32\KERNELBASE.dll
0x00007ffee3ee0000 - 0x00007ffee3f6e000 	C:\WINDOWS\system32\apphelp.dll
0x00007ffecebf0000 - 0x00007ffecec43000 	C:\WINDOWS\AppPatch\AppPatch64\AcGenral.DLL
0x00007ffee6010000 - 0x00007ffee60ba000 	C:\WINDOWS\system32\msvcrt.dll
0x00007ffee5190000 - 0x00007ffee51be000 	C:\WINDOWS\SYSTEM32\SspiCli.dll
0x00007ffee5fb0000 - 0x00007ffee6004000 	C:\WINDOWS\system32\SHLWAPI.dll
0x00007ffee7fd0000 - 0x00007ffee8147000 	C:\WINDOWS\system32\USER32.dll
0x00007ffee5bc0000 - 0x00007ffee5d54000 	C:\WINDOWS\system32\ole32.dll
0x00007ffee66a0000 - 0x00007ffee7bb8000 	C:\WINDOWS\system32\SHELL32.dll
0x00007ffee48f0000 - 0x00007ffee4911000 	C:\WINDOWS\SYSTEM32\USERENV.dll
0x00007ffee5e20000 - 0x00007ffee5eca000 	C:\WINDOWS\system32\ADVAPI32.dll
0x00007ffed7630000 - 0x00007ffed764e000 	C:\WINDOWS\SYSTEM32\MPR.dll
0x00007ffee63f0000 - 0x00007ffee6531000 	C:\WINDOWS\system32\RPCRT4.dll
0x00007ffee5ed0000 - 0x00007ffee5f29000 	C:\WINDOWS\SYSTEM32\sechost.dll
0x00007ffee7db0000 - 0x00007ffee7fc1000 	C:\WINDOWS\SYSTEM32\combase.dll
0x00007ffee6540000 - 0x00007ffee6691000 	C:\WINDOWS\system32\GDI32.dll
0x00007ffee5360000 - 0x00007ffee5375000 	C:\WINDOWS\SYSTEM32\profapi.dll
0x00007ffee3700000 - 0x00007ffee37b2000 	C:\WINDOWS\SYSTEM32\SHCORE.dll
0x00007ffee5a40000 - 0x00007ffee5a76000 	C:\WINDOWS\system32\IMM32.DLL
0x00007ffee6220000 - 0x00007ffee6372000 	C:\WINDOWS\system32\MSCTF.dll
0x00007ffee2a70000 - 0x00007ffee2ceb000 	C:\WINDOWS\WinSxS\amd64_microsoft.windows.common-controls_6595b64144ccf1df_6.0.9600.17415_none_6240486fecbd8abb\COMCTL32.dll
0x00000000696c0000 - 0x0000000069792000 	C:\Program Files\Java\jre1.8.0_25\bin\msvcr100.dll
0x000000006a3b0000 - 0x000000006ac0a000 	C:\Program Files\Java\jre1.8.0_25\bin\server\jvm.dll
0x00007ffecd2f0000 - 0x00007ffecd2f9000 	C:\WINDOWS\SYSTEM32\WSOCK32.dll
0x00007ffed77f0000 - 0x00007ffed7812000 	C:\WINDOWS\SYSTEM32\WINMM.dll
0x00007ffee7da0000 - 0x00007ffee7da7000 	C:\WINDOWS\system32\PSAPI.DLL
0x00007ffee5a80000 - 0x00007ffee5ada000 	C:\WINDOWS\system32\WS2_32.dll
0x00007ffed75d0000 - 0x00007ffed75fa000 	C:\WINDOWS\SYSTEM32\WINMMBASE.dll
0x00007ffee60d0000 - 0x00007ffee60d9000 	C:\WINDOWS\system32\NSI.dll
0x00007ffee5840000 - 0x00007ffee588f000 	C:\WINDOWS\SYSTEM32\cfgmgr32.dll
0x00007ffee4150000 - 0x00007ffee4178000 	C:\WINDOWS\SYSTEM32\DEVOBJ.dll
0x000000006b5e0000 - 0x000000006b5ef000 	C:\Program Files\Java\jre1.8.0_25\bin\verify.dll
0x000000006b5b0000 - 0x000000006b5d8000 	C:\Program Files\Java\jre1.8.0_25\bin\java.dll
0x000000006b590000 - 0x000000006b5a6000 	C:\Program Files\Java\jre1.8.0_25\bin\zip.dll
0x0000000069520000 - 0x00000000696b8000 	C:\Program Files\Java\jre1.8.0_25\bin\awt.dll
0x00007ffee5ae0000 - 0x00007ffee5ba1000 	C:\WINDOWS\system32\OLEAUT32.dll
0x00007ffee3500000 - 0x00007ffee3521000 	C:\WINDOWS\system32\DWMAPI.DLL
0x00007ffee3fd0000 - 0x00007ffee40f9000 	C:\WINDOWS\system32\uxtheme.dll
0x00007ffee41a0000 - 0x00007ffee41ab000 	C:\WINDOWS\SYSTEM32\kernel.appcore.dll
0x00007ffee5230000 - 0x00007ffee523b000 	C:\WINDOWS\SYSTEM32\CRYPTBASE.dll
0x00007ffee51c0000 - 0x00007ffee5223000 	C:\WINDOWS\SYSTEM32\bcryptPrimitives.dll
0x00007ffedaca0000 - 0x00007ffedaec1000 	C:\WINDOWS\system32\d3d9.dll
0x00007ffee3010000 - 0x00007ffee301a000 	C:\WINDOWS\SYSTEM32\VERSION.dll
0x00007ffee2870000 - 0x00007ffee29bb000 	C:\WINDOWS\SYSTEM32\aticfx64.dll
0x00007ffec0180000 - 0x00007ffec01a1000 	C:\WINDOWS\SYSTEM32\atiu9p64.dll
0x00007ffebed60000 - 0x00007ffebf545000 	C:\WINDOWS\SYSTEM32\atiumd64.dll
0x000000006acf0000 - 0x000000006b4a7000 	C:\WINDOWS\SYSTEM32\atiumd6a.dll
0x00000000694d0000 - 0x0000000069517000 	C:\Program Files\Java\jre1.8.0_25\bin\fontmanager.dll
0x00007ffee4d60000 - 0x00007ffee4d80000 	C:\WINDOWS\SYSTEM32\CRYPTSP.dll
0x00007ffee47e0000 - 0x00007ffee4816000 	C:\WINDOWS\system32\rsaenh.dll
0x00007ffee4e80000 - 0x00007ffee4ea6000 	C:\WINDOWS\SYSTEM32\bcrypt.dll
0x000000006b570000 - 0x000000006b58a000 	C:\Program Files\Java\jre1.8.0_25\bin\net.dll
0x00007ffee4b20000 - 0x00007ffee4b79000 	C:\WINDOWS\system32\mswsock.dll
0x00007ffee1080000 - 0x00007ffee10aa000 	C:\WINDOWS\SYSTEM32\IPHLPAPI.DLL
0x00007ffee2670000 - 0x00007ffee267a000 	C:\WINDOWS\SYSTEM32\WINNSI.DLL
0x00007ffee0160000 - 0x00007ffee0176000 	C:\WINDOWS\SYSTEM32\dhcpcsvc6.DLL
0x00007ffee02b0000 - 0x00007ffee02ca000 	C:\WINDOWS\SYSTEM32\dhcpcsvc.DLL
0x000000006a390000 - 0x000000006a3a1000 	C:\Program Files\Java\jre1.8.0_25\bin\nio.dll
0x00000000637c0000 - 0x00000000637cd000 	S:\Users\Ben\AppData\Local\Temp\jogamp_0000\file_cache\jln4302438317725212310\jln7788412747756937010\gluegen-rt.dll
0x00000000694c0000 - 0x00000000694c7000 	C:\Program Files\Java\jre1.8.0_25\bin\jawt.dll
0x000000001a550000 - 0x000000001a55d000 	S:\Users\Ben\AppData\Local\Temp\jogamp_0000\file_cache\jln4302438317725212310\jln7788412747756937010\nativewindow_awt.dll
0x000000006c100000 - 0x000000006c10f000 	S:\Users\Ben\AppData\Local\Temp\jogamp_0000\file_cache\jln4302438317725212310\jln7788412747756937010\nativewindow_win32.dll
0x00007ffeda9f0000 - 0x00007ffedab1b000 	C:\WINDOWS\SYSTEM32\OpenGL32.dll
0x00007ffedc550000 - 0x00007ffedc57e000 	C:\WINDOWS\SYSTEM32\GLU32.dll
0x00007ffecee10000 - 0x00007ffecef08000 	C:\WINDOWS\SYSTEM32\DDRAW.dll
0x00007ffee0d60000 - 0x00007ffee0d69000 	C:\WINDOWS\SYSTEM32\DCIMAN32.dll
0x0000000064500000 - 0x00000000645a2000 	S:\Users\Ben\AppData\Local\Temp\jogamp_0000\file_cache\jln4302438317725212310\jln7788412747756937010\jogl_desktop.dll
0x00007ffedc690000 - 0x00007ffedc6a8000 	C:\WINDOWS\SYSTEM32\atig6pxx.dll
0x0000000067910000 - 0x00000000694bf000 	C:\WINDOWS\SYSTEM32\atio6axx.dll
0x00007ffee7bc0000 - 0x00007ffee7d9a000 	C:\WINDOWS\system32\SETUPAPI.dll
0x00007ffee10e0000 - 0x00007ffee1217000 	C:\WINDOWS\SYSTEM32\atiadlxx.dll
0x00007ffee16b0000 - 0x00007ffee182f000 	C:\WINDOWS\SYSTEM32\PROPSYS.dll
0x00007ffee3f70000 - 0x00007ffee3f82000 	C:\WINDOWS\SYSTEM32\WTSAPI32.dll
0x00007ffee57e0000 - 0x00007ffee5831000 	C:\WINDOWS\system32\WINTRUST.dll
0x00007ffee5600000 - 0x00007ffee57df000 	C:\WINDOWS\system32\CRYPT32.dll
0x00007ffee5410000 - 0x00007ffee5421000 	C:\WINDOWS\system32\MSASN1.dll
0x00007ffeda9c0000 - 0x00007ffeda9e9000 	C:\WINDOWS\SYSTEM32\atig6txx.dll
0x00007ffebf580000 - 0x00007ffebf71c000 	O:\OneDrive\Workspace\ZZavatar\lib\user\KinectPV2\Kinect20.Face.dll
0x00007ffed76f0000 - 0x00007ffed7797000 	C:\WINDOWS\SYSTEM32\MSVCP110.dll
0x00007ffeddd70000 - 0x00007ffedde3e000 	C:\WINDOWS\SYSTEM32\MSVCR110.dll
0x00007ffedc8b0000 - 0x00007ffedc8c0000 	O:\OneDrive\Workspace\ZZavatar\lib\user\KinectPV2\KinectPV2.dll
0x00007ffeda070000 - 0x00007ffeda12a000 	C:\WINDOWS\SYSTEM32\Kinect20.dll
0x00007ffed7820000 - 0x00007ffed790b000 	C:\WINDOWS\SYSTEM32\MFPlat.DLL
0x00007ffed7650000 - 0x00007ffed7677000 	C:\WINDOWS\SYSTEM32\RTWorkQ.DLL
0x00007ffee3130000 - 0x00007ffee313c000 	C:\WINDOWS\SYSTEM32\AVRT.dll
0x00007ffebeae0000 - 0x00007ffebec6a000 	C:\WINDOWS\SYSTEM32\dbghelp.dll

VM Arguments:
jvm_args: -Djava.library.path=O:\OneDrive\Workspace\ZZavatar\lib\base\video;O:\OneDrive\Workspace\ZZavatar\lib\base\video;O:\OneDrive\Workspace\ZZavatar\lib\base\video;O:\OneDrive\Workspace\ZZavatar\lib\base\core;O:\OneDrive\Workspace\ZZavatar\lib\base\core;O:\OneDrive\Workspace\ZZavatar\lib\base\core;O:\OneDrive\Workspace\ZZavatar\lib\base\core;O:\OneDrive\Workspace\ZZavatar\lib\base\core;O:\OneDrive\Workspace\ZZavatar\lib\base\core;O:\OneDrive\Workspace\ZZavatar\lib\base\core;O:\OneDrive\Workspace\ZZavatar\lib\base\core;O:\OneDrive\Workspace\ZZavatar\lib\base\core;O:\OneDrive\Workspace\ZZavatar\lib\base\core;O:\OneDrive\Workspace\ZZavatar\lib\base\core;O:\OneDrive\Workspace\ZZavatar\lib\base\core;O:\OneDrive\Workspace\ZZavatar\lib\base\core;O:\OneDrive\Workspace\ZZavatar\lib\base\core;O:\OneDrive\Workspace\ZZavatar\lib\base\core;O:\OneDrive\Workspace\ZZavatar\lib\user\Kinect4WinSDK;O:\OneDrive\Workspace\ZZavatar\lib\user\KinectPV2;O:\OneDrive\Workspace\ZZavatar\lib\user\SimpleOpenNI -Dfile.encoding=Cp1252 
java_command: zzavatar.ZZavatar
java_class_path (initial): O:\OneDrive\Workspace\ZZavatar\lib\base\video\gstreamer-java.jar;O:\OneDrive\Workspace\ZZavatar\lib\base\video\jna.jar;O:\OneDrive\Workspace\ZZavatar\lib\base\video\video.jar;O:\OneDrive\Workspace\ZZavatar\lib\base\core\core.jar;O:\OneDrive\Workspace\ZZavatar\lib\base\core\gluegen-rt-natives-linux-amd64.jar;O:\OneDrive\Workspace\ZZavatar\lib\base\core\gluegen-rt-natives-linux-armv6hf.jar;O:\OneDrive\Workspace\ZZavatar\lib\base\core\gluegen-rt-natives-linux-i586.jar;O:\OneDrive\Workspace\ZZavatar\lib\base\core\gluegen-rt-natives-macosx-universal.jar;O:\OneDrive\Workspace\ZZavatar\lib\base\core\gluegen-rt-natives-windows-amd64.jar;O:\OneDrive\Workspace\ZZavatar\lib\base\core\gluegen-rt-natives-windows-i586.jar;O:\OneDrive\Workspace\ZZavatar\lib\base\core\gluegen-rt.jar;O:\OneDrive\Workspace\ZZavatar\lib\base\core\jogl-all-natives-linux-amd64.jar;O:\OneDrive\Workspace\ZZavatar\lib\base\core\jogl-all-natives-linux-armv6hf.jar;O:\OneDrive\Workspace\ZZavatar\lib\base\core\jogl-all-natives-linux-i586.jar;O:\OneDrive\Workspace\ZZavatar\lib\base\core\jogl-all-natives-macosx-universal.jar;O:\OneDrive\Workspace\ZZavatar\lib\base\core\jogl-all-natives-windows-amd64.jar;O:\OneDrive\Workspace\ZZavatar\lib\base\core\jogl-all-natives-windows-i586.jar;O:\OneDrive\Workspace\ZZavatar\lib\base\core\jogl-all.jar;O:\OneDrive\Workspace\ZZavatar\lib\user\Kinect4WinSDK\Kinect4WinSDK.jar;O:\OneDrive\Workspace\ZZavatar\lib\user\KinectPV2\KinectPV2.jar;O:\OneDrive\Workspace\ZZavatar\lib\user\SimpleOpenNI\SimpleOpenNI.jar;O:\OneDrive\Workspace\ZZavatar\bin
Launcher Type: SUN_STANDARD

Environment Variables:
JAVA_HOME=C:\Program Files\Java\jdk1.8.0_25
PATH=C:/Program Files/Java/jre1.8.0_25/bin/server;C:/Program Files/Java/jre1.8.0_25/bin;C:/Program Files/Java/jre1.8.0_25/lib/amd64;C:\Program Files (x86)\NVIDIA Corporation\PhysX\Common;C:\ProgramData\Oracle\Java\javapath;C:\Program Files (x86)\Common Files\Intel\Shared Libraries\redist\intel64\compiler;C:\Program Files (x86)\Common Files\Intel\Shared Libraries\redist\ia32\compiler;C:\Program Files (x86)\Intel\iCLS Client\;C:\Program Files\Intel\iCLS Client\;C:\Program Files (x86)\AMD APP\bin\x86_64;C:\Program Files (x86)\AMD APP\bin\x86;C:\WINDOWS\system32;C:\WINDOWS;C:\WINDOWS\System32\Wbem;C:\WINDOWS\System32\WindowsPowerShell\v1.0\;C:\Program Files (x86)\ATI Technologies\ATI.ACE\Core-Static;C:\Program Files\Intel\Intel(R) Management Engine Components\DAL;C:\Program Files\Intel\Intel(R) Management Engine Components\IPT;C:\Program Files (x86)\Intel\Intel(R) Management Engine Components\DAL;C:\Program Files (x86)\Intel\Intel(R) Management Engine Components\IPT;C:\Program Files\Sony\VAIO Improvement\;C:\Program Files (x86)\Sony\VAIO Startup Setting Tool;C:\Program Files (x86)\Windows Kits\8.1\Windows Performance Toolkit\;C:\Program Files\Microsoft SQL Server\110\Tools\Binn\;C:\Program Files (x86)\Microsoft SDKs\TypeScript\1.0\;C:\Program Files\Microsoft\Web Platform Installer\;C:\Program Files (x86)\Java\jre1.8.0_25\bin;P:\Programs\Python27\Scripts;P:\Programs\Python27;C:\Program Files\Common Files\Autodesk Shared\;P:\Program Files\Programs;P:\Program Files\Games;P:\Programs\Eclipse;
USERNAME=Benoît
OS=Windows_NT
PROCESSOR_IDENTIFIER=Intel64 Family 6 Model 58 Stepping 9, GenuineIntel



---------------  S Y S T E M  ---------------

OS: Windows 8.1 , 64 bit Build 9600 

CPU:total 8 (4 cores per cpu, 2 threads per core) family 6 model 58 stepping 9, cmov, cx8, fxsr, mmx, sse, sse2, sse3, ssse3, sse4.1, sse4.2, popcnt, avx, aes, clmul, erms, ht, tsc, tscinvbit, tscinv

Memory: 4k page, physical 6237468k(1668120k free), swap 10431772k(3948064k free)

vm_info: Java HotSpot(TM) 64-Bit Server VM (25.25-b02) for windows-amd64 JRE (1.8.0_25-b18), built on Oct  7 2014 14:25:37 by "java_re" with MS VC++ 10.0 (VS2010)

time: Thu Apr 23 16:04:41 2015
elapsed time: 27 seconds (0d 0h 0m 27s)

