#
# A fatal error has been detected by the Java Runtime Environment:
#
#  EXCEPTION_ACCESS_VIOLATION (0xc0000005) at pc=0x00000000658b8af4, pid=4796, tid=1948
#
# JRE version: Java(TM) SE Runtime Environment (8.0_25-b18) (build 1.8.0_25-b18)
# Java VM: Java HotSpot(TM) 64-Bit Server VM (25.25-b02 mixed mode windows-amd64 compressed oops)
# Problematic frame:
# C  [atio6axx.dll+0xed8af4]
#
# Failed to write core dump. Minidumps are not enabled by default on client versions of Windows
#
# If you would like to submit a bug report, please visit:
#   http://bugreport.sun.com/bugreport/crash.jsp
# The crash happened outside the Java Virtual Machine in native code.
# See problematic frame for where to report the bug.
#

---------------  T H R E A D  ---------------

Current thread (0x0000000019de0000):  JavaThread "Animation Thread" [_thread_in_native, id=1948, stack(0x000000001ce00000,0x000000001cf00000)]

siginfo: ExceptionCode=0xc0000005, reading address 0x0000000000000010

Registers:
RAX=0x0000000066159618, RBX=0x000000002eafc040, RCX=0x000000001fa57180, RDX=0x0000000000000000
RSP=0x000000001cefe6b0, RBP=0x0000000000000006, RSI=0x0000000000000000, RDI=0x000000001ff8ad08
R8 =0x000000001cefe448, R9 =0x0000000000008000, R10=0x0000000000000000, R11=0x000000001cefe778
R12=0x0000000000000000, R13=0x00000000201ee0e0, R14=0x000000001cefe870, R15=0x0000000019de0000
RIP=0x00000000658b8af4, EFLAGS=0x0000000000010202

Top of Stack: (sp=0x000000001cefe6b0)
0x000000001cefe6b0:   00000000011c0000 000000002eafc040
0x000000001cefe6c0:   0000000000000000 0000000000000002
0x000000001cefe6d0:   0000000019de0000 0000000020576f08
0x000000001cefe6e0:   0000000000000006 00007ffe78193252
0x000000001cefe6f0:   0000000000000000 00007ffe781b20b0
0x000000001cefe700:   0000000019de0000 0000000020576f08
0x000000001cefe710:   0000000019de0000 00007ffe7818d83c
0x000000001cefe720:   0000000000000000 000000001ff8ab60
0x000000001cefe730:   0000000000000000 0000000000000006
0x000000001cefe740:   000000002eafc040 00007ffe80286388
0x000000001cefe750:   0000000000000000 0000000000000000
0x000000001cefe760:   00000000201ee0e0 000000001ff8ad08
0x000000001cefe770:   0000000000000006 00007ffe834b4116
0x000000001cefe780:   000000001fa57180 0000000020576ed8
0x000000001cefe790:   000000001cefe448 0000000000008000
0x000000001cefe7a0:   000000001cefe870 00007ffe834b1fba 

Instructions: (pc=0x00000000658b8af4)
0x00000000658b8ad4:   89 4b 20 4d 89 43 18 49 89 4b 08 55 57 41 55 41
0x00000000658b8ae4:   56 48 81 ec a8 00 00 00 4c 8b b4 24 f0 00 00 00
0x00000000658b8af4:   48 8b 7a 10 45 8b d1 4d 8b c8 4c 8b ea 4c 8b c1
0x00000000658b8b04:   4d 85 f6 0f 84 62 02 00 00 8b ac 24 f8 00 00 00 


Register to memory mapping:

RAX=0x0000000066159618 is an unknown value
RBX=0x000000002eafc040 is an unknown value
RCX=0x000000001fa57180 is an unknown value
RDX=0x0000000000000000 is an unknown value
RSP=0x000000001cefe6b0 is pointing into the stack for thread: 0x0000000019de0000
RBP=0x0000000000000006 is an unknown value
RSI=0x0000000000000000 is an unknown value
RDI=0x000000001ff8ad08 is an unknown value
R8 =0x000000001cefe448 is pointing into the stack for thread: 0x0000000019de0000
R9 =0x0000000000008000 is an unknown value
R10=0x0000000000000000 is an unknown value
R11=0x000000001cefe778 is pointing into the stack for thread: 0x0000000019de0000
R12=0x0000000000000000 is an unknown value
R13={method} {0x00000000201ee0e8} 'jniStopDevice' '()V' in 'KinectPV2/Device'
R14=0x000000001cefe870 is pointing into the stack for thread: 0x0000000019de0000
R15=0x0000000019de0000 is a thread


Stack: [0x000000001ce00000,0x000000001cf00000],  sp=0x000000001cefe6b0,  free space=1017k
Native frames: (J=compiled Java code, j=interpreted, Vv=VM code, C=native code)
C  [atio6axx.dll+0xed8af4]
C  [KinectPV2.dll+0x4116]
C  [KinectPV2.dll+0x1fba]
C  0x0000000002d85b74

Java frames: (J=compiled Java code, j=interpreted, Vv=VM code)
j  KinectPV2.Device.jniStopDevice()V+0
j  KinectPV2.Device.stopDevice()V+41
j  KinectPV2.KinectPV2.dispose()V+14
v  ~StubRoutines::call_stub
j  sun.reflect.NativeMethodAccessorImpl.invoke0(Ljava/lang/reflect/Method;Ljava/lang/Object;[Ljava/lang/Object;)Ljava/lang/Object;+0
j  sun.reflect.NativeMethodAccessorImpl.invoke(Ljava/lang/Object;[Ljava/lang/Object;)Ljava/lang/Object;+100
J 1774 C1 sun.reflect.DelegatingMethodAccessorImpl.invoke(Ljava/lang/Object;[Ljava/lang/Object;)Ljava/lang/Object; (10 bytes) @ 0x00000000033f7644 [0x00000000033f7540+0x104]
J 1773 C1 java.lang.reflect.Method.invoke(Ljava/lang/Object;[Ljava/lang/Object;)Ljava/lang/Object; (62 bytes) @ 0x00000000033ef424 [0x00000000033ef040+0x3e4]
j  processing.core.PApplet$RegisteredMethods.handle([Ljava/lang/Object;)V+18
J 1646 C1 processing.core.PApplet.handleMethods(Ljava/lang/String;)V (21 bytes) @ 0x00000000033b675c [0x00000000033b64a0+0x2bc]
j  processing.core.PApplet.dispose()V+35
j  processing.core.PApplet.run()V+283
j  java.lang.Thread.run()V+11
v  ~StubRoutines::call_stub

---------------  P R O C E S S  ---------------

Java Threads: ( => current thread )
  0x000000001e108800 JavaThread "Animation Thread-SharedResourceRunner" daemon [_thread_blocked, id=1364, stack(0x000000001f0d0000,0x000000001f1d0000)]
  0x0000000002d6e800 JavaThread "DestroyJavaVM" [_thread_blocked, id=1296, stack(0x0000000002a20000,0x0000000002b20000)]
  0x0000000019e04800 JavaThread "D3D Screen Updater" daemon [_thread_blocked, id=7020, stack(0x000000001d100000,0x000000001d200000)]
=>0x0000000019de0000 JavaThread "Animation Thread" [_thread_in_native, id=1948, stack(0x000000001ce00000,0x000000001cf00000)]
  0x0000000019d4c000 JavaThread "AWT-EventQueue-0" [_thread_blocked, id=4124, stack(0x000000001cc00000,0x000000001cd00000)]
  0x0000000018e8e000 JavaThread "AWT-Windows" daemon [_thread_in_native, id=6088, stack(0x000000001a610000,0x000000001a710000)]
  0x0000000018e8d800 JavaThread "AWT-Shutdown" [_thread_blocked, id=2992, stack(0x000000001a510000,0x000000001a610000)]
  0x0000000019cd0800 JavaThread "Java2D Disposer" daemon [_thread_blocked, id=3552, stack(0x000000001a410000,0x000000001a510000)]
  0x0000000018b42000 JavaThread "Service Thread" daemon [_thread_blocked, id=1220, stack(0x0000000019490000,0x0000000019590000)]
  0x0000000018ac7800 JavaThread "C1 CompilerThread3" daemon [_thread_blocked, id=7124, stack(0x0000000019390000,0x0000000019490000)]
  0x0000000018ac7000 JavaThread "C2 CompilerThread2" daemon [_thread_blocked, id=5288, stack(0x0000000019290000,0x0000000019390000)]
  0x0000000018abe800 JavaThread "C2 CompilerThread1" daemon [_thread_blocked, id=2228, stack(0x0000000019190000,0x0000000019290000)]
  0x0000000018ab9800 JavaThread "C2 CompilerThread0" daemon [_thread_blocked, id=2592, stack(0x0000000019090000,0x0000000019190000)]
  0x0000000018ab7000 JavaThread "Attach Listener" daemon [_thread_blocked, id=6844, stack(0x0000000018f90000,0x0000000019090000)]
  0x0000000018ab5800 JavaThread "Signal Dispatcher" daemon [_thread_blocked, id=2064, stack(0x0000000018e90000,0x0000000018f90000)]
  0x0000000002c98800 JavaThread "Finalizer" daemon [_thread_blocked, id=5116, stack(0x0000000018990000,0x0000000018a90000)]
  0x0000000016abc800 JavaThread "Reference Handler" daemon [_thread_blocked, id=6048, stack(0x0000000018890000,0x0000000018990000)]

Other Threads:
  0x0000000016ab8800 VMThread [stack: 0x0000000018790000,0x0000000018890000] [id=5604]
  0x0000000018b44000 WatcherThread [stack: 0x0000000019590000,0x0000000019690000] [id=2284]

VM state:not at safepoint (normal execution)

VM Mutex/Monitor currently owned by a thread: None

Heap:
 PSYoungGen      total 327168K, used 163133K [0x00000000e0400000, 0x00000000f4580000, 0x0000000100000000)
  eden space 326656K, 49% used [0x00000000e0400000,0x00000000ea327568,0x00000000f4300000)
  from space 512K, 31% used [0x00000000f4300000,0x00000000f4328000,0x00000000f4380000)
  to   space 512K, 0% used [0x00000000f4500000,0x00000000f4500000,0x00000000f4580000)
 ParOldGen       total 228864K, used 204705K [0x00000000a0c00000, 0x00000000aeb80000, 0x00000000e0400000)
  object space 228864K, 89% used [0x00000000a0c00000,0x00000000ad3e86f0,0x00000000aeb80000)
 Metaspace       used 18043K, capacity 18281K, committed 18560K, reserved 1067008K
  class space    used 1735K, capacity 1793K, committed 1920K, reserved 1048576K

Card table byte_map: [0x0000000012130000,0x0000000012430000] byte_map_base: 0x0000000011c2a000

Marking Bits: (ParMarkBitMap*) 0x000000006708d490
 Begin Bits: [0x0000000012e30000, 0x0000000014600000)
 End Bits:   [0x0000000014600000, 0x0000000015dd0000)

Polling page: 0x0000000001190000

CodeCache: size=245760Kb used=8357Kb max_used=8598Kb free=237402Kb
 bounds [0x0000000002d70000, 0x0000000003600000, 0x0000000011d70000]
 total_blobs=3084 nmethods=2213 adapters=785
 compilation: enabled

Compilation events (10 events):
Event: 92.086 Thread 0x0000000018ab9800 2590       4       java.util.concurrent.locks.ReentrantLock$NonfairSync::tryAcquire (6 bytes)
Event: 92.087 Thread 0x0000000018ab9800 nmethod 2590 0x000000000305cf50 code [0x000000000305d080, 0x000000000305d158]
Event: 92.101 Thread 0x0000000018abe800 2591   !   4       java.util.concurrent.locks.AbstractQueuedSynchronizer::acquireQueued (93 bytes)
Event: 92.104 Thread 0x0000000018abe800 nmethod 2591 0x0000000003571d90 code [0x0000000003571f00, 0x0000000003572168]
Event: 92.252 Thread 0x0000000018ac7000 2592       4       java.lang.Object::toString (36 bytes)
Event: 92.280 Thread 0x0000000018ac7000 nmethod 2592 0x000000000337a550 code [0x000000000337a740, 0x000000000337b968]
Event: 92.756 Thread 0x0000000018ab9800 2593       4       processing.core.PImage::updatePixels (227 bytes)
Event: 92.758 Thread 0x0000000018ab9800 nmethod 2593 0x00000000032f2f10 code [0x00000000032f30a0, 0x00000000032f3330]
Event: 92.934 Thread 0x0000000018abe800 2594       4       sun.awt.EventQueueItem::<init> (10 bytes)
Event: 92.935 Thread 0x0000000018abe800 nmethod 2594 0x000000000310c090 code [0x000000000310c1c0, 0x000000000310c238]

GC Heap History (10 events):
Event: 90.151 GC heap before
{Heap before GC invocations=136 (full 3):
 PSYoungGen      total 324096K, used 323744K [0x00000000e0400000, 0x00000000f4100000, 0x0000000100000000)
  eden space 323584K, 100% used [0x00000000e0400000,0x00000000f4000000,0x00000000f4000000)
  from space 512K, 31% used [0x00000000f4080000,0x00000000f40a8000,0x00000000f4100000)
  to   space 512K, 0% used [0x00000000f4000000,0x00000000f4000000,0x00000000f4080000)
 ParOldGen       total 228864K, used 204673K [0x00000000a0c00000, 0x00000000aeb80000, 0x00000000e0400000)
  object space 228864K, 89% used [0x00000000a0c00000,0x00000000ad3e06f0,0x00000000aeb80000)
 Metaspace       used 18008K, capacity 18217K, committed 18560K, reserved 1067008K
  class space    used 1724K, capacity 1793K, committed 1920K, reserved 1048576K
Event: 90.153 GC heap after
Heap after GC invocations=136 (full 3):
 PSYoungGen      total 324096K, used 192K [0x00000000e0400000, 0x00000000f4280000, 0x0000000100000000)
  eden space 323584K, 0% used [0x00000000e0400000,0x00000000e0400000,0x00000000f4000000)
  from space 512K, 37% used [0x00000000f4000000,0x00000000f4030000,0x00000000f4080000)
  to   space 512K, 0% used [0x00000000f4200000,0x00000000f4200000,0x00000000f4280000)
 ParOldGen       total 228864K, used 204673K [0x00000000a0c00000, 0x00000000aeb80000, 0x00000000e0400000)
  object space 228864K, 89% used [0x00000000a0c00000,0x00000000ad3e06f0,0x00000000aeb80000)
 Metaspace       used 18008K, capacity 18217K, committed 18560K, reserved 1067008K
  class space    used 1724K, capacity 1793K, committed 1920K, reserved 1048576K
}
Event: 90.598 GC heap before
{Heap before GC invocations=137 (full 3):
 PSYoungGen      total 324096K, used 323776K [0x00000000e0400000, 0x00000000f4280000, 0x0000000100000000)
  eden space 323584K, 100% used [0x00000000e0400000,0x00000000f4000000,0x00000000f4000000)
  from space 512K, 37% used [0x00000000f4000000,0x00000000f4030000,0x00000000f4080000)
  to   space 512K, 0% used [0x00000000f4200000,0x00000000f4200000,0x00000000f4280000)
 ParOldGen       total 228864K, used 204673K [0x00000000a0c00000, 0x00000000aeb80000, 0x00000000e0400000)
  object space 228864K, 89% used [0x00000000a0c00000,0x00000000ad3e06f0,0x00000000aeb80000)
 Metaspace       used 18008K, capacity 18217K, committed 18560K, reserved 1067008K
  class space    used 1724K, capacity 1793K, committed 1920K, reserved 1048576K
Event: 90.599 GC heap after
Heap after GC invocations=137 (full 3):
 PSYoungGen      total 325632K, used 128K [0x00000000e0400000, 0x00000000f4280000, 0x0000000100000000)
  eden space 325120K, 0% used [0x00000000e0400000,0x00000000e0400000,0x00000000f4180000)
  from space 512K, 25% used [0x00000000f4200000,0x00000000f4220000,0x00000000f4280000)
  to   space 512K, 0% used [0x00000000f4180000,0x00000000f4180000,0x00000000f4200000)
 ParOldGen       total 228864K, used 204689K [0x00000000a0c00000, 0x00000000aeb80000, 0x00000000e0400000)
  object space 228864K, 89% used [0x00000000a0c00000,0x00000000ad3e46f0,0x00000000aeb80000)
 Metaspace       used 18008K, capacity 18217K, committed 18560K, reserved 1067008K
  class space    used 1724K, capacity 1793K, committed 1920K, reserved 1048576K
}
Event: 91.055 GC heap before
{Heap before GC invocations=138 (full 3):
 PSYoungGen      total 325632K, used 325248K [0x00000000e0400000, 0x00000000f4280000, 0x0000000100000000)
  eden space 325120K, 100% used [0x00000000e0400000,0x00000000f4180000,0x00000000f4180000)
  from space 512K, 25% used [0x00000000f4200000,0x00000000f4220000,0x00000000f4280000)
  to   space 512K, 0% used [0x00000000f4180000,0x00000000f4180000,0x00000000f4200000)
 ParOldGen       total 228864K, used 204689K [0x00000000a0c00000, 0x00000000aeb80000, 0x00000000e0400000)
  object space 228864K, 89% used [0x00000000a0c00000,0x00000000ad3e46f0,0x00000000aeb80000)
 Metaspace       used 18008K, capacity 18217K, committed 18560K, reserved 1067008K
  class space    used 1724K, capacity 1793K, committed 1920K, reserved 1048576K
Event: 91.056 GC heap after
Heap after GC invocations=138 (full 3):
 PSYoungGen      total 325632K, used 96K [0x00000000e0400000, 0x00000000f4400000, 0x0000000100000000)
  eden space 325120K, 0% used [0x00000000e0400000,0x00000000e0400000,0x00000000f4180000)
  from space 512K, 18% used [0x00000000f4180000,0x00000000f4198000,0x00000000f4200000)
  to   space 512K, 0% used [0x00000000f4380000,0x00000000f4380000,0x00000000f4400000)
 ParOldGen       total 228864K, used 204689K [0x00000000a0c00000, 0x00000000aeb80000, 0x00000000e0400000)
  object space 228864K, 89% used [0x00000000a0c00000,0x00000000ad3e46f0,0x00000000aeb80000)
 Metaspace       used 18008K, capacity 18217K, committed 18560K, reserved 1067008K
  class space    used 1724K, capacity 1793K, committed 1920K, reserved 1048576K
}
Event: 91.458 GC heap before
{Heap before GC invocations=139 (full 3):
 PSYoungGen      total 325632K, used 325216K [0x00000000e0400000, 0x00000000f4400000, 0x0000000100000000)
  eden space 325120K, 100% used [0x00000000e0400000,0x00000000f4180000,0x00000000f4180000)
  from space 512K, 18% used [0x00000000f4180000,0x00000000f4198000,0x00000000f4200000)
  to   space 512K, 0% used [0x00000000f4380000,0x00000000f4380000,0x00000000f4400000)
 ParOldGen       total 228864K, used 204689K [0x00000000a0c00000, 0x00000000aeb80000, 0x00000000e0400000)
  object space 228864K, 89% used [0x00000000a0c00000,0x00000000ad3e46f0,0x00000000aeb80000)
 Metaspace       used 18008K, capacity 18217K, committed 18560K, reserved 1067008K
  class space    used 1724K, capacity 1793K, committed 1920K, reserved 1048576K
Event: 91.459 GC heap after
Heap after GC invocations=139 (full 3):
 PSYoungGen      total 327168K, used 96K [0x00000000e0400000, 0x00000000f4400000, 0x0000000100000000)
  eden space 326656K, 0% used [0x00000000e0400000,0x00000000e0400000,0x00000000f4300000)
  from space 512K, 18% used [0x00000000f4380000,0x00000000f4398000,0x00000000f4400000)
  to   space 512K, 0% used [0x00000000f4300000,0x00000000f4300000,0x00000000f4380000)
 ParOldGen       total 228864K, used 204705K [0x00000000a0c00000, 0x00000000aeb80000, 0x00000000e0400000)
  object space 228864K, 89% used [0x00000000a0c00000,0x00000000ad3e86f0,0x00000000aeb80000)
 Metaspace       used 18008K, capacity 18217K, committed 18560K, reserved 1067008K
  class space    used 1724K, capacity 1793K, committed 1920K, reserved 1048576K
}
Event: 91.961 GC heap before
{Heap before GC invocations=140 (full 3):
 PSYoungGen      total 327168K, used 321017K [0x00000000e0400000, 0x00000000f4400000, 0x0000000100000000)
  eden space 326656K, 98% used [0x00000000e0400000,0x00000000f3d66708,0x00000000f4300000)
  from space 512K, 18% used [0x00000000f4380000,0x00000000f4398000,0x00000000f4400000)
  to   space 512K, 0% used [0x00000000f4300000,0x00000000f4300000,0x00000000f4380000)
 ParOldGen       total 228864K, used 204705K [0x00000000a0c00000, 0x00000000aeb80000, 0x00000000e0400000)
  object space 228864K, 89% used [0x00000000a0c00000,0x00000000ad3e86f0,0x00000000aeb80000)
 Metaspace       used 18008K, capacity 18217K, committed 18560K, reserved 1067008K
  class space    used 1724K, capacity 1793K, committed 1920K, reserved 1048576K
Event: 91.963 GC heap after
Heap after GC invocations=140 (full 3):
 PSYoungGen      total 327168K, used 160K [0x00000000e0400000, 0x00000000f4580000, 0x0000000100000000)
  eden space 326656K, 0% used [0x00000000e0400000,0x00000000e0400000,0x00000000f4300000)
  from space 512K, 31% used [0x00000000f4300000,0x00000000f4328000,0x00000000f4380000)
  to   space 512K, 0% used [0x00000000f4500000,0x00000000f4500000,0x00000000f4580000)
 ParOldGen       total 228864K, used 204705K [0x00000000a0c00000, 0x00000000aeb80000, 0x00000000e0400000)
  object space 228864K, 89% used [0x00000000a0c00000,0x00000000ad3e86f0,0x00000000aeb80000)
 Metaspace       used 18008K, capacity 18217K, committed 18560K, reserved 1067008K
  class space    used 1724K, capacity 1793K, committed 1920K, reserved 1048576K
}

Deoptimization events (10 events):
Event: 64.680 Thread 0x0000000019d4c000 Uncommon trap: reason=unreached action=reinterpret pc=0x000000000341f16c method=java.util.HashMap.keySet()Ljava/util/Set; @ 6
Event: 64.680 Thread 0x0000000019d4c000 Uncommon trap: reason=unreached action=reinterpret pc=0x00000000035898ac method=com.jogamp.common.util.IntObjectHashMap.get(I)Ljava/lang/Object; @ 19
Event: 64.680 Thread 0x0000000019d4c000 Uncommon trap: reason=unreached action=reinterpret pc=0x0000000002e7de50 method=com.jogamp.common.util.IntObjectHashMap.get(I)Ljava/lang/Object; @ 19
Event: 64.683 Thread 0x0000000019d4c000 Uncommon trap: reason=unreached action=reinterpret pc=0x0000000003585d18 method=java.lang.ThreadLocal$ThreadLocalMap.set(Ljava/lang/ThreadLocal;Ljava/lang/Object;)V @ 28
Event: 92.934 Thread 0x0000000019d4c000 Uncommon trap: reason=speculate_class_check action=maybe_recompile pc=0x00000000035e8978 method=java.awt.EventQueue.coalesceEvent(Ljava/awt/AWTEvent;I)Z @ 53
Event: 92.934 Thread 0x0000000019d4c000 Uncommon trap: reason=speculate_class_check action=maybe_recompile pc=0x0000000002f22084 method=java.awt.EventQueue.eventToCacheIndex(Ljava/awt/AWTEvent;)I @ 68
Event: 92.934 Thread 0x0000000019d4c000 Uncommon trap: reason=speculate_class_check action=maybe_recompile pc=0x00000000033a5b5c method=java.awt.EventQueue.coalesceEvent(Ljava/awt/AWTEvent;I)Z @ 53
Event: 92.934 Thread 0x0000000019d4c000 Uncommon trap: reason=speculate_class_check action=maybe_recompile pc=0x0000000002f22084 method=java.awt.EventQueue.eventToCacheIndex(Ljava/awt/AWTEvent;)I @ 68
Event: 92.934 Thread 0x0000000019d4c000 Uncommon trap: reason=speculate_class_check action=maybe_recompile pc=0x0000000002f22084 method=java.awt.EventQueue.eventToCacheIndex(Ljava/awt/AWTEvent;)I @ 68
Event: 92.936 Thread 0x0000000019d4c000 Uncommon trap: reason=speculate_class_check action=maybe_recompile pc=0x0000000002f22084 method=java.awt.EventQueue.eventToCacheIndex(Ljava/awt/AWTEvent;)I @ 68

Internal exceptions (10 events):
Event: 4.014 Thread 0x0000000019d4c000 Exception <a 'java/security/PrivilegedActionException'> (0x00000000e63e0d68) thrown at [D:\re\workspace\8-2-build-windows-amd64-cygwin\jdk8u25\1677\hotspot\src\share\vm\prims\jvm.cpp, line 1312]
Event: 4.014 Thread 0x0000000019d4c000 Exception <a 'java/security/PrivilegedActionException'> (0x00000000e63e44a0) thrown at [D:\re\workspace\8-2-build-windows-amd64-cygwin\jdk8u25\1677\hotspot\src\share\vm\prims\jvm.cpp, line 1312]
Event: 4.014 Thread 0x0000000019d4c000 Exception <a 'java/security/PrivilegedActionException'> (0x00000000e63e83e8) thrown at [D:\re\workspace\8-2-build-windows-amd64-cygwin\jdk8u25\1677\hotspot\src\share\vm\prims\jvm.cpp, line 1312]
Event: 4.015 Thread 0x0000000019d4c000 Exception <a 'java/security/PrivilegedActionException'> (0x00000000e63ee2f8) thrown at [D:\re\workspace\8-2-build-windows-amd64-cygwin\jdk8u25\1677\hotspot\src\share\vm\prims\jvm.cpp, line 1312]
Event: 4.028 Thread 0x0000000019d4c000 Exception <a 'java/security/PrivilegedActionException'> (0x00000000e6eab670) thrown at [D:\re\workspace\8-2-build-windows-amd64-cygwin\jdk8u25\1677\hotspot\src\share\vm\prims\jvm.cpp, line 1312]
Event: 59.985 Thread 0x0000000019d4c000 Implicit null exception at 0x0000000003586238 to 0x0000000003586c3d
Event: 60.002 Thread 0x0000000019d4c000 Implicit null exception at 0x000000000356291f to 0x0000000003562d89
Event: 64.679 Thread 0x0000000019d4c000 Implicit null exception at 0x000000000359a17a to 0x000000000359c6d9
Event: 64.680 Thread 0x0000000019d4c000 Implicit null exception at 0x000000000341eea7 to 0x000000000341f15d
Event: 64.683 Thread 0x0000000019d4c000 Implicit null exception at 0x0000000003585bef to 0x0000000003585ced

Events (10 events):
Event: 92.935 loading class javax/swing/Popup$HeavyWeightWindow
Event: 92.935 loading class sun/awt/ModalExclude
Event: 92.935 loading class sun/awt/ModalExclude done
Event: 92.935 loading class javax/swing/JWindow
Event: 92.935 loading class javax/swing/JWindow done
Event: 92.935 loading class javax/swing/Popup$HeavyWeightWindow done
Event: 92.936 Thread 0x0000000019d4c000 Uncommon trap: trap_request=0xffffff76 fr.pc=0x0000000002f22084
Event: 92.936 Thread 0x0000000019d4c000 DEOPT PACKING pc=0x0000000002f22084 sp=0x000000001ccff090
Event: 92.936 Thread 0x0000000019d4c000 DEOPT UNPACKING pc=0x0000000002db556a sp=0x000000001ccff020 mode 2
Event: 92.968 Thread 0x000000001e151800 Thread exited: 0x000000001e151800


Dynamic libraries:
0x00007ff68d590000 - 0x00007ff68d5c4000 	C:\Program Files\Java\jre1.8.0_25\bin\javaw.exe
0x00007ffe8a980000 - 0x00007ffe8ab2c000 	C:\WINDOWS\SYSTEM32\ntdll.dll
0x00007ffe880e0000 - 0x00007ffe8821e000 	C:\WINDOWS\system32\KERNEL32.DLL
0x00007ffe87c50000 - 0x00007ffe87d65000 	C:\WINDOWS\system32\KERNELBASE.dll
0x00007ffe86650000 - 0x00007ffe866de000 	C:\WINDOWS\system32\apphelp.dll
0x00007ffe7d230000 - 0x00007ffe7d283000 	C:\WINDOWS\AppPatch\AppPatch64\AcGenral.DLL
0x00007ffe88c10000 - 0x00007ffe88cba000 	C:\WINDOWS\system32\msvcrt.dll
0x00007ffe87900000 - 0x00007ffe8792e000 	C:\WINDOWS\SYSTEM32\SspiCli.dll
0x00007ffe885f0000 - 0x00007ffe88644000 	C:\WINDOWS\system32\SHLWAPI.dll
0x00007ffe88290000 - 0x00007ffe88407000 	C:\WINDOWS\system32\USER32.dll
0x00007ffe8a400000 - 0x00007ffe8a594000 	C:\WINDOWS\system32\ole32.dll
0x00007ffe88ee0000 - 0x00007ffe8a3f8000 	C:\WINDOWS\system32\SHELL32.dll
0x00007ffe87070000 - 0x00007ffe87091000 	C:\WINDOWS\SYSTEM32\USERENV.dll
0x00007ffe889f0000 - 0x00007ffe88a9a000 	C:\WINDOWS\system32\ADVAPI32.dll
0x00007ffe7af60000 - 0x00007ffe7af7e000 	C:\WINDOWS\SYSTEM32\MPR.dll
0x00007ffe88840000 - 0x00007ffe88981000 	C:\WINDOWS\system32\RPCRT4.dll
0x00007ffe88b60000 - 0x00007ffe88bb9000 	C:\WINDOWS\SYSTEM32\sechost.dll
0x00007ffe88cc0000 - 0x00007ffe88ed1000 	C:\WINDOWS\SYSTEM32\combase.dll
0x00007ffe8a5a0000 - 0x00007ffe8a6f1000 	C:\WINDOWS\system32\GDI32.dll
0x00007ffe87ad0000 - 0x00007ffe87ae5000 	C:\WINDOWS\SYSTEM32\profapi.dll
0x00007ffe85e70000 - 0x00007ffe85f22000 	C:\WINDOWS\SYSTEM32\SHCORE.dll
0x00007ffe88bd0000 - 0x00007ffe88c06000 	C:\WINDOWS\system32\IMM32.DLL
0x00007ffe88650000 - 0x00007ffe887a2000 	C:\WINDOWS\system32\MSCTF.dll
0x00007ffe851d0000 - 0x00007ffe8544b000 	C:\WINDOWS\WinSxS\amd64_microsoft.windows.common-controls_6595b64144ccf1df_6.0.9600.17415_none_6240486fecbd8abb\COMCTL32.dll
0x0000000066780000 - 0x0000000066852000 	C:\Program Files\Java\jre1.8.0_25\bin\msvcr100.dll
0x00000000668b0000 - 0x000000006710a000 	C:\Program Files\Java\jre1.8.0_25\bin\server\jvm.dll
0x00007ffe6eb60000 - 0x00007ffe6eb69000 	C:\WINDOWS\SYSTEM32\WSOCK32.dll
0x00007ffe7b5d0000 - 0x00007ffe7b5f2000 	C:\WINDOWS\SYSTEM32\WINMM.dll
0x00007ffe88bc0000 - 0x00007ffe88bc7000 	C:\WINDOWS\system32\PSAPI.DLL
0x00007ffe887e0000 - 0x00007ffe8883a000 	C:\WINDOWS\system32\WS2_32.dll
0x00007ffe7b5a0000 - 0x00007ffe7b5ca000 	C:\WINDOWS\SYSTEM32\WINMMBASE.dll
0x00007ffe880d0000 - 0x00007ffe880d9000 	C:\WINDOWS\system32\NSI.dll
0x00007ffe87fb0000 - 0x00007ffe87fff000 	C:\WINDOWS\SYSTEM32\cfgmgr32.dll
0x00007ffe868c0000 - 0x00007ffe868e8000 	C:\WINDOWS\SYSTEM32\DEVOBJ.dll
0x0000000067ae0000 - 0x0000000067aef000 	C:\Program Files\Java\jre1.8.0_25\bin\verify.dll
0x0000000067ab0000 - 0x0000000067ad8000 	C:\Program Files\Java\jre1.8.0_25\bin\java.dll
0x0000000067a90000 - 0x0000000067aa6000 	C:\Program Files\Java\jre1.8.0_25\bin\zip.dll
0x00000000665e0000 - 0x0000000066778000 	C:\Program Files\Java\jre1.8.0_25\bin\awt.dll
0x00007ffe8a700000 - 0x00007ffe8a7c1000 	C:\WINDOWS\system32\OLEAUT32.dll
0x00007ffe85c70000 - 0x00007ffe85c91000 	C:\WINDOWS\system32\DWMAPI.DLL
0x00007ffe86790000 - 0x00007ffe868b9000 	C:\WINDOWS\system32\uxtheme.dll
0x00007ffe868f0000 - 0x00007ffe868fb000 	C:\WINDOWS\SYSTEM32\kernel.appcore.dll
0x00007ffe879a0000 - 0x00007ffe879ab000 	C:\WINDOWS\SYSTEM32\CRYPTBASE.dll
0x00007ffe87930000 - 0x00007ffe87993000 	C:\WINDOWS\SYSTEM32\bcryptPrimitives.dll
0x00007ffe7cd90000 - 0x00007ffe7cfb1000 	C:\WINDOWS\system32\d3d9.dll
0x00007ffe857e0000 - 0x00007ffe857ea000 	C:\WINDOWS\SYSTEM32\VERSION.dll
0x00007ffe85080000 - 0x00007ffe851cb000 	C:\WINDOWS\SYSTEM32\aticfx64.dll
0x00007ffe63110000 - 0x00007ffe63131000 	C:\WINDOWS\SYSTEM32\atiu9p64.dll
0x00007ffe62920000 - 0x00007ffe63105000 	C:\WINDOWS\SYSTEM32\atiumd64.dll
0x00000000671f0000 - 0x00000000679a7000 	C:\WINDOWS\SYSTEM32\atiumd6a.dll
0x0000000066590000 - 0x00000000665d7000 	C:\Program Files\Java\jre1.8.0_25\bin\fontmanager.dll
0x00007ffe87340000 - 0x00007ffe87360000 	C:\WINDOWS\SYSTEM32\CRYPTSP.dll
0x00007ffe86f60000 - 0x00007ffe86f96000 	C:\WINDOWS\system32\rsaenh.dll
0x00007ffe875f0000 - 0x00007ffe87616000 	C:\WINDOWS\SYSTEM32\bcrypt.dll
0x0000000067a70000 - 0x0000000067a8a000 	C:\Program Files\Java\jre1.8.0_25\bin\net.dll
0x00007ffe872e0000 - 0x00007ffe87339000 	C:\WINDOWS\system32\mswsock.dll
0x00007ffe83800000 - 0x00007ffe8382a000 	C:\WINDOWS\SYSTEM32\IPHLPAPI.DLL
0x00007ffe84f70000 - 0x00007ffe84f7a000 	C:\WINDOWS\SYSTEM32\WINNSI.DLL
0x00007ffe82890000 - 0x00007ffe828a6000 	C:\WINDOWS\SYSTEM32\dhcpcsvc6.DLL
0x00007ffe829e0000 - 0x00007ffe829fa000 	C:\WINDOWS\SYSTEM32\dhcpcsvc.DLL
0x0000000066890000 - 0x00000000668a1000 	C:\Program Files\Java\jre1.8.0_25\bin\nio.dll
0x00000000637c0000 - 0x00000000637cd000 	S:\Users\Ben\AppData\Local\Temp\jogamp_0000\file_cache\jln68080402068787647\jln6121437529649756769\gluegen-rt.dll
0x0000000067a60000 - 0x0000000067a67000 	C:\Program Files\Java\jre1.8.0_25\bin\jawt.dll
0x000000006a440000 - 0x000000006a44d000 	S:\Users\Ben\AppData\Local\Temp\jogamp_0000\file_cache\jln68080402068787647\jln6121437529649756769\nativewindow_awt.dll
0x000000006c100000 - 0x000000006c10f000 	S:\Users\Ben\AppData\Local\Temp\jogamp_0000\file_cache\jln68080402068787647\jln6121437529649756769\nativewindow_win32.dll
0x00007ffe78240000 - 0x00007ffe7836b000 	C:\WINDOWS\SYSTEM32\OpenGL32.dll
0x00007ffe7d900000 - 0x00007ffe7d92e000 	C:\WINDOWS\SYSTEM32\GLU32.dll
0x00007ffe7d130000 - 0x00007ffe7d228000 	C:\WINDOWS\SYSTEM32\DDRAW.dll
0x00007ffe83c30000 - 0x00007ffe83c39000 	C:\WINDOWS\SYSTEM32\DCIMAN32.dll
0x0000000064500000 - 0x00000000645a2000 	S:\Users\Ben\AppData\Local\Temp\jogamp_0000\file_cache\jln68080402068787647\jln6121437529649756769\jogl_desktop.dll
0x00007ffe7d110000 - 0x00007ffe7d128000 	C:\WINDOWS\SYSTEM32\atig6pxx.dll
0x00000000649e0000 - 0x000000006658f000 	C:\WINDOWS\SYSTEM32\atio6axx.dll
0x00007ffe88410000 - 0x00007ffe885ea000 	C:\WINDOWS\system32\SETUPAPI.dll
0x00007ffe83830000 - 0x00007ffe83967000 	C:\WINDOWS\SYSTEM32\atiadlxx.dll
0x00007ffe83e00000 - 0x00007ffe83f7f000 	C:\WINDOWS\SYSTEM32\PROPSYS.dll
0x00007ffe866e0000 - 0x00007ffe866f2000 	C:\WINDOWS\SYSTEM32\WTSAPI32.dll
0x00007ffe87f50000 - 0x00007ffe87fa1000 	C:\WINDOWS\system32\WINTRUST.dll
0x00007ffe87d70000 - 0x00007ffe87f4f000 	C:\WINDOWS\system32\CRYPT32.dll
0x00007ffe87b80000 - 0x00007ffe87b91000 	C:\WINDOWS\system32\MSASN1.dll
0x00007ffe7a8c0000 - 0x00007ffe7a8e9000 	C:\WINDOWS\SYSTEM32\atig6txx.dll
0x00007ffe769b0000 - 0x00007ffe76b4c000 	O:\OneDrive\Workspace\ZZavatar\lib\user\KinectPV2\Kinect20.Face.dll
0x00007ffe7b0e0000 - 0x00007ffe7b187000 	C:\WINDOWS\SYSTEM32\MSVCP110.dll
0x00007ffe80220000 - 0x00007ffe802ee000 	C:\WINDOWS\SYSTEM32\MSVCR110.dll
0x00007ffe834b0000 - 0x00007ffe834c0000 	O:\OneDrive\Workspace\ZZavatar\lib\user\KinectPV2\KinectPV2.dll
0x00007ffe78180000 - 0x00007ffe7823a000 	C:\WINDOWS\SYSTEM32\Kinect20.dll
0x00007ffe7b1e0000 - 0x00007ffe7b2cb000 	C:\WINDOWS\SYSTEM32\MFPlat.DLL
0x00007ffe7af80000 - 0x00007ffe7afa7000 	C:\WINDOWS\SYSTEM32\RTWorkQ.DLL
0x00007ffe856b0000 - 0x00007ffe856bc000 	C:\WINDOWS\SYSTEM32\AVRT.dll
0x00007ffe62090000 - 0x00007ffe6221a000 	C:\WINDOWS\SYSTEM32\dbghelp.dll

VM Arguments:
jvm_args: -Djava.library.path=O:\OneDrive\Workspace\ZZavatar\lib\base\video;O:\OneDrive\Workspace\ZZavatar\lib\base\video;O:\OneDrive\Workspace\ZZavatar\lib\base\video;O:\OneDrive\Workspace\ZZavatar\lib\base\core;O:\OneDrive\Workspace\ZZavatar\lib\base\core;O:\OneDrive\Workspace\ZZavatar\lib\base\core;O:\OneDrive\Workspace\ZZavatar\lib\base\core;O:\OneDrive\Workspace\ZZavatar\lib\base\core;O:\OneDrive\Workspace\ZZavatar\lib\base\core;O:\OneDrive\Workspace\ZZavatar\lib\base\core;O:\OneDrive\Workspace\ZZavatar\lib\base\core;O:\OneDrive\Workspace\ZZavatar\lib\base\core;O:\OneDrive\Workspace\ZZavatar\lib\base\core;O:\OneDrive\Workspace\ZZavatar\lib\base\core;O:\OneDrive\Workspace\ZZavatar\lib\base\core;O:\OneDrive\Workspace\ZZavatar\lib\base\core;O:\OneDrive\Workspace\ZZavatar\lib\base\core;O:\OneDrive\Workspace\ZZavatar\lib\base\core;O:\OneDrive\Workspace\ZZavatar\lib\user\Kinect4WinSDK;O:\OneDrive\Workspace\ZZavatar\lib\user\KinectPV2;O:\OneDrive\Workspace\ZZavatar\lib\user\SimpleOpenNI -Dfile.encoding=Cp1252 
java_command: zzavatar.ZZavatar
java_class_path (initial): O:\OneDrive\Workspace\ZZavatar\lib\base\video\gstreamer-java.jar;O:\OneDrive\Workspace\ZZavatar\lib\base\video\jna.jar;O:\OneDrive\Workspace\ZZavatar\lib\base\video\video.jar;O:\OneDrive\Workspace\ZZavatar\lib\base\core\core.jar;O:\OneDrive\Workspace\ZZavatar\lib\base\core\gluegen-rt-natives-linux-amd64.jar;O:\OneDrive\Workspace\ZZavatar\lib\base\core\gluegen-rt-natives-linux-armv6hf.jar;O:\OneDrive\Workspace\ZZavatar\lib\base\core\gluegen-rt-natives-linux-i586.jar;O:\OneDrive\Workspace\ZZavatar\lib\base\core\gluegen-rt-natives-macosx-universal.jar;O:\OneDrive\Workspace\ZZavatar\lib\base\core\gluegen-rt-natives-windows-amd64.jar;O:\OneDrive\Workspace\ZZavatar\lib\base\core\gluegen-rt-natives-windows-i586.jar;O:\OneDrive\Workspace\ZZavatar\lib\base\core\gluegen-rt.jar;O:\OneDrive\Workspace\ZZavatar\lib\base\core\jogl-all-natives-linux-amd64.jar;O:\OneDrive\Workspace\ZZavatar\lib\base\core\jogl-all-natives-linux-armv6hf.jar;O:\OneDrive\Workspace\ZZavatar\lib\base\core\jogl-all-natives-linux-i586.jar;O:\OneDrive\Workspace\ZZavatar\lib\base\core\jogl-all-natives-macosx-universal.jar;O:\OneDrive\Workspace\ZZavatar\lib\base\core\jogl-all-natives-windows-amd64.jar;O:\OneDrive\Workspace\ZZavatar\lib\base\core\jogl-all-natives-windows-i586.jar;O:\OneDrive\Workspace\ZZavatar\lib\base\core\jogl-all.jar;O:\OneDrive\Workspace\ZZavatar\lib\user\Kinect4WinSDK\Kinect4WinSDK.jar;O:\OneDrive\Workspace\ZZavatar\lib\user\KinectPV2\KinectPV2.jar;O:\OneDrive\Workspace\ZZavatar\lib\user\SimpleOpenNI\SimpleOpenNI.jar;O:\OneDrive\Workspace\ZZavatar\bin
Launcher Type: SUN_STANDARD

Environment Variables:
JAVA_HOME=C:\Program Files\Java\jdk1.8.0_25
PATH=C:/Program Files/Java/jre1.8.0_25/bin/server;C:/Program Files/Java/jre1.8.0_25/bin;C:/Program Files/Java/jre1.8.0_25/lib/amd64;C:\Program Files (x86)\NVIDIA Corporation\PhysX\Common;C:\ProgramData\Oracle\Java\javapath;C:\Program Files (x86)\Common Files\Intel\Shared Libraries\redist\intel64\compiler;C:\Program Files (x86)\Common Files\Intel\Shared Libraries\redist\ia32\compiler;C:\Program Files (x86)\Intel\iCLS Client\;C:\Program Files\Intel\iCLS Client\;C:\Program Files (x86)\AMD APP\bin\x86_64;C:\Program Files (x86)\AMD APP\bin\x86;C:\WINDOWS\system32;C:\WINDOWS;C:\WINDOWS\System32\Wbem;C:\WINDOWS\System32\WindowsPowerShell\v1.0\;C:\Program Files (x86)\ATI Technologies\ATI.ACE\Core-Static;C:\Program Files\Intel\Intel(R) Management Engine Components\DAL;C:\Program Files\Intel\Intel(R) Management Engine Components\IPT;C:\Program Files (x86)\Intel\Intel(R) Management Engine Components\DAL;C:\Program Files (x86)\Intel\Intel(R) Management Engine Components\IPT;C:\Program Files\Sony\VAIO Improvement\;C:\Program Files (x86)\Sony\VAIO Startup Setting Tool;C:\Program Files (x86)\Windows Kits\8.1\Windows Performance Toolkit\;C:\Program Files\Microsoft SQL Server\110\Tools\Binn\;C:\Program Files (x86)\Microsoft SDKs\TypeScript\1.0\;C:\Program Files\Microsoft\Web Platform Installer\;C:\Program Files (x86)\Java\jre1.8.0_25\bin;P:\Programs\Python27\Scripts;P:\Programs\Python27;C:\Program Files\Common Files\Autodesk Shared\;P:\Program Files\Programs;P:\Program Files\Games;P:\Programs\Eclipse;
USERNAME=Benoît
OS=Windows_NT
PROCESSOR_IDENTIFIER=Intel64 Family 6 Model 58 Stepping 9, GenuineIntel



---------------  S Y S T E M  ---------------

OS: Windows 8.1 , 64 bit Build 9600 

CPU:total 8 (4 cores per cpu, 2 threads per core) family 6 model 58 stepping 9, cmov, cx8, fxsr, mmx, sse, sse2, sse3, ssse3, sse4.1, sse4.2, popcnt, avx, aes, clmul, erms, ht, tsc, tscinvbit, tscinv

Memory: 4k page, physical 6237468k(2528228k free), swap 10431772k(5970660k free)

vm_info: Java HotSpot(TM) 64-Bit Server VM (25.25-b02) for windows-amd64 JRE (1.8.0_25-b18), built on Oct  7 2014 14:25:37 by "java_re" with MS VC++ 10.0 (VS2010)

time: Sat Apr 25 16:27:11 2015
elapsed time: 92 seconds (0d 0h 1m 32s)

