#
# A fatal error has been detected by the Java Runtime Environment:
#
#  EXCEPTION_ACCESS_VIOLATION (0xc0000005) at pc=0x00000000750d8af4, pid=7112, tid=8672
#
# JRE version: Java(TM) SE Runtime Environment (8.0_25-b18) (build 1.8.0_25-b18)
# Java VM: Java HotSpot(TM) 64-Bit Server VM (25.25-b02 mixed mode windows-amd64 compressed oops)
# Problematic frame:
# C  [atio6axx.dll+0xed8af4]
#
# Failed to write core dump. Minidumps are not enabled by default on client versions of Windows
#
# If you would like to submit a bug report, please visit:
#   http://bugreport.sun.com/bugreport/crash.jsp
# The crash happened outside the Java Virtual Machine in native code.
# See problematic frame for where to report the bug.
#

---------------  T H R E A D  ---------------

Current thread (0x0000000019a19800):  JavaThread "Animation Thread" [_thread_in_native, id=8672, stack(0x000000001ca10000,0x000000001cb10000)]

siginfo: ExceptionCode=0xc0000005, reading address 0x0000000000000010

Registers:
RAX=0x0000000075977b78, RBX=0x000000002e75c040, RCX=0x000000001f55b7e0, RDX=0x0000000000000000
RSP=0x000000001cb0ebb0, RBP=0x0000000000000006, RSI=0x0000000000000000, RDI=0x000000001f285dd8
R8 =0x000000001cb0e948, R9 =0x0000000000008000, R10=0x0000000000000000, R11=0x000000001cb0ec78
R12=0x0000000000000000, R13=0x000000001fd4d198, R14=0x000000001cb0ed70, R15=0x0000000019a19800
RIP=0x00000000750d8af4, EFLAGS=0x0000000000010202

Top of Stack: (sp=0x000000001cb0ebb0)
0x000000001cb0ebb0:   0000000000de0000 000000002e75c040
0x000000001cb0ebc0:   0000000000000000 0000000000000002
0x000000001cb0ebd0:   0000000019a19800 00000000200cb1a8
0x000000001cb0ebe0:   0000000000000006 00007ff960573252
0x000000001cb0ebf0:   0000000000000000 00007ff9605920b0
0x000000001cb0ec00:   0000000019a19800 00000000200cb1a8
0x000000001cb0ec10:   0000000019a19800 00007ff96056d83c
0x000000001cb0ec20:   0000000000000000 000000001f285c30
0x000000001cb0ec30:   0000000000000000 0000000000000006
0x000000001cb0ec40:   000000002e75c040 00007ff981c26388
0x000000001cb0ec50:   0000000000000000 0000000000000000
0x000000001cb0ec60:   000000001fd4d198 000000001f285dd8
0x000000001cb0ec70:   0000000000000006 00007ff980284116
0x000000001cb0ec80:   000000001f55b7e0 00000000200cb178
0x000000001cb0ec90:   000000001cb0e948 0000000000008000
0x000000001cb0eca0:   000000001cb0ed70 00007ff980281fba 

Instructions: (pc=0x00000000750d8af4)
0x00000000750d8ad4:   89 4b 20 4d 89 43 18 49 89 4b 08 55 57 41 55 41
0x00000000750d8ae4:   56 48 81 ec a8 00 00 00 4c 8b b4 24 f0 00 00 00
0x00000000750d8af4:   48 8b 7a 10 45 8b d1 4d 8b c8 4c 8b ea 4c 8b c1
0x00000000750d8b04:   4d 85 f6 0f 84 62 02 00 00 8b ac 24 f8 00 00 00 


Register to memory mapping:

RAX=0x0000000075977b78 is an unknown value
RBX=0x000000002e75c040 is an unknown value
RCX=0x000000001f55b7e0 is an unknown value
RDX=0x0000000000000000 is an unknown value
RSP=0x000000001cb0ebb0 is pointing into the stack for thread: 0x0000000019a19800
RBP=0x0000000000000006 is an unknown value
RSI=0x0000000000000000 is an unknown value
RDI=0x000000001f285dd8 is an unknown value
R8 =0x000000001cb0e948 is pointing into the stack for thread: 0x0000000019a19800
R9 =0x0000000000008000 is an unknown value
R10=0x0000000000000000 is an unknown value
R11=0x000000001cb0ec78 is pointing into the stack for thread: 0x0000000019a19800
R12=0x0000000000000000 is an unknown value
R13={method} {0x000000001fd4d1a0} 'jniStopDevice' '()V' in 'KinectPV2/Device'
R14=0x000000001cb0ed70 is pointing into the stack for thread: 0x0000000019a19800
R15=0x0000000019a19800 is a thread


Stack: [0x000000001ca10000,0x000000001cb10000],  sp=0x000000001cb0ebb0,  free space=1018k
Native frames: (J=compiled Java code, j=interpreted, Vv=VM code, C=native code)
C  [atio6axx.dll+0xed8af4]
C  [KinectPV2.dll+0x4116]
C  [KinectPV2.dll+0x1fba]
C  0x0000000002985b74

Java frames: (J=compiled Java code, j=interpreted, Vv=VM code)
j  KinectPV2.Device.jniStopDevice()V+0
j  KinectPV2.Device.stopDevice()V+41
j  KinectPV2.KinectPV2.dispose()V+14
v  ~StubRoutines::call_stub
j  sun.reflect.NativeMethodAccessorImpl.invoke0(Ljava/lang/reflect/Method;Ljava/lang/Object;[Ljava/lang/Object;)Ljava/lang/Object;+0
j  sun.reflect.NativeMethodAccessorImpl.invoke(Ljava/lang/Object;[Ljava/lang/Object;)Ljava/lang/Object;+100
J 1931 C1 sun.reflect.DelegatingMethodAccessorImpl.invoke(Ljava/lang/Object;[Ljava/lang/Object;)Ljava/lang/Object; (10 bytes) @ 0x0000000003078704 [0x0000000003078600+0x104]
J 1930 C1 java.lang.reflect.Method.invoke(Ljava/lang/Object;[Ljava/lang/Object;)Ljava/lang/Object; (62 bytes) @ 0x000000000306f9e4 [0x000000000306f600+0x3e4]
j  processing.core.PApplet$RegisteredMethods.handle([Ljava/lang/Object;)V+18
J 1782 C1 processing.core.PApplet.handleMethods(Ljava/lang/String;)V (21 bytes) @ 0x00000000030163dc [0x0000000003016120+0x2bc]
j  processing.core.PApplet.dispose()V+35
j  processing.core.PApplet.run()V+283
j  java.lang.Thread.run()V+11
v  ~StubRoutines::call_stub

---------------  P R O C E S S  ---------------

Java Threads: ( => current thread )
  0x0000000019bf1000 JavaThread "Animation Thread-SharedResourceRunner" daemon [_thread_blocked, id=7040, stack(0x000000001ece0000,0x000000001ede0000)]
  0x000000000296e800 JavaThread "DestroyJavaVM" [_thread_blocked, id=2456, stack(0x0000000002700000,0x0000000002800000)]
  0x0000000019a03000 JavaThread "D3D Screen Updater" daemon [_thread_blocked, id=7608, stack(0x000000001cd10000,0x000000001ce10000)]
=>0x0000000019a19800 JavaThread "Animation Thread" [_thread_in_native, id=8672, stack(0x000000001ca10000,0x000000001cb10000)]
  0x000000001996c800 JavaThread "AWT-EventQueue-0" [_thread_blocked, id=5572, stack(0x000000001c810000,0x000000001c910000)]
  0x0000000019934800 JavaThread "AWT-Windows" daemon [_thread_in_native, id=3552, stack(0x000000001a240000,0x000000001a340000)]
  0x0000000019934000 JavaThread "AWT-Shutdown" [_thread_blocked, id=7408, stack(0x000000001a140000,0x000000001a240000)]
  0x0000000019933000 JavaThread "Java2D Disposer" daemon [_thread_blocked, id=6772, stack(0x000000001a040000,0x000000001a140000)]
  0x000000001879d800 JavaThread "Service Thread" daemon [_thread_blocked, id=6056, stack(0x00000000190e0000,0x00000000191e0000)]
  0x000000001871f000 JavaThread "C1 CompilerThread3" daemon [_thread_blocked, id=4464, stack(0x0000000018fe0000,0x00000000190e0000)]
  0x000000001871a800 JavaThread "C2 CompilerThread2" daemon [_thread_blocked, id=564, stack(0x0000000018ee0000,0x0000000018fe0000)]
  0x000000001870b800 JavaThread "C2 CompilerThread1" daemon [_thread_blocked, id=8208, stack(0x0000000018de0000,0x0000000018ee0000)]
  0x0000000018709800 JavaThread "C2 CompilerThread0" daemon [_thread_blocked, id=32, stack(0x0000000018ce0000,0x0000000018de0000)]
  0x0000000018707000 JavaThread "Attach Listener" daemon [_thread_blocked, id=7468, stack(0x0000000018be0000,0x0000000018ce0000)]
  0x0000000018706000 JavaThread "Signal Dispatcher" daemon [_thread_blocked, id=8724, stack(0x0000000018ae0000,0x0000000018be0000)]
  0x0000000002928800 JavaThread "Finalizer" daemon [_thread_blocked, id=7980, stack(0x00000000185e0000,0x00000000186e0000)]
  0x00000000166bc800 JavaThread "Reference Handler" daemon [_thread_blocked, id=4116, stack(0x00000000184e0000,0x00000000185e0000)]

Other Threads:
  0x00000000166b8800 VMThread [stack: 0x00000000183e0000,0x00000000184e0000] [id=4828]
  0x000000001879f800 WatcherThread [stack: 0x00000000191e0000,0x00000000192e0000] [id=5740]

VM state:not at safepoint (normal execution)

VM Mutex/Monitor currently owned by a thread: None

Heap:
 PSYoungGen      total 480256K, used 331456K [0x00000000e0400000, 0x00000000fea00000, 0x0000000100000000)
  eden space 464896K, 71% used [0x00000000e0400000,0x00000000f47780e0,0x00000000fca00000)
  from space 15360K, 1% used [0x00000000fdb00000,0x00000000fdb38000,0x00000000fea00000)
  to   space 16384K, 0% used [0x00000000fca00000,0x00000000fca00000,0x00000000fda00000)
 ParOldGen       total 224768K, used 155340K [0x00000000a0c00000, 0x00000000ae780000, 0x00000000e0400000)
  object space 224768K, 69% used [0x00000000a0c00000,0x00000000aa3b31d0,0x00000000ae780000)
 Metaspace       used 17960K, capacity 18217K, committed 18560K, reserved 1067008K
  class space    used 1735K, capacity 1793K, committed 1920K, reserved 1048576K

Card table byte_map: [0x0000000011d30000,0x0000000012030000] byte_map_base: 0x000000001182a000

Marking Bits: (ParMarkBitMap*) 0x00000000772bd490
 Begin Bits: [0x0000000012a30000, 0x0000000014200000)
 End Bits:   [0x0000000014200000, 0x00000000159d0000)

Polling page: 0x0000000000f40000

CodeCache: size=245760Kb used=7578Kb max_used=8783Kb free=238182Kb
 bounds [0x0000000002970000, 0x0000000003210000, 0x0000000011970000]
 total_blobs=2919 nmethods=2048 adapters=785
 compilation: enabled

Compilation events (10 events):
Event: 29.242 Thread 0x0000000018709800 nmethod 2348 0x0000000002d0c390 code [0x0000000002d0c540, 0x0000000002d0c830]
Event: 29.246 Thread 0x000000001870b800 nmethod 2349 0x0000000002e89690 code [0x0000000002e897e0, 0x0000000002e89c58]
Event: 29.248 Thread 0x000000001871a800 2350       4       processing.core.PGraphics::colorCalc (577 bytes)
Event: 29.251 Thread 0x000000001871a800 nmethod 2350 0x0000000002b03dd0 code [0x0000000002b03f60, 0x0000000002b04498]
Event: 29.758 Thread 0x0000000018709800 2351       4       com.jogamp.common.nio.StructAccessor::getIntAt (98 bytes)
Event: 29.760 Thread 0x0000000018709800 nmethod 2351 0x0000000002b6ef10 code [0x0000000002b6f060, 0x0000000002b6f198]
Event: 29.991 Thread 0x000000001871f000 2352       3       java.util.HashSet::<init> (16 bytes)
Event: 29.991 Thread 0x000000001871f000 nmethod 2352 0x0000000002b4c7d0 code [0x0000000002b4c960, 0x0000000002b4cd70]
Event: 29.991 Thread 0x000000001871f000 2353       3       java.util.AbstractSet::<init> (5 bytes)
Event: 29.991 Thread 0x000000001871f000 nmethod 2353 0x0000000002d38790 code [0x0000000002d38900, 0x0000000002d38b10]

GC Heap History (10 events):
Event: 27.636 GC heap before
{Heap before GC invocations=67 (full 3):
 PSYoungGen      total 471552K, used 464756K [0x00000000e0400000, 0x00000000fe580000, 0x0000000100000000)
  eden space 455680K, 100% used [0x00000000e0400000,0x00000000fc100000,0x00000000fc100000)
  from space 15872K, 57% used [0x00000000fc100000,0x00000000fc9dd020,0x00000000fd080000)
  to   space 16896K, 0% used [0x00000000fd500000,0x00000000fd500000,0x00000000fe580000)
 ParOldGen       total 224768K, used 155308K [0x00000000a0c00000, 0x00000000ae780000, 0x00000000e0400000)
  object space 224768K, 69% used [0x00000000a0c00000,0x00000000aa3ab1d0,0x00000000ae780000)
 Metaspace       used 17925K, capacity 18153K, committed 18304K, reserved 1064960K
  class space    used 1724K, capacity 1793K, committed 1920K, reserved 1048576K
Event: 27.637 GC heap after
Heap after GC invocations=67 (full 3):
 PSYoungGen      total 474112K, used 160K [0x00000000e0400000, 0x00000000fe400000, 0x0000000100000000)
  eden space 458752K, 0% used [0x00000000e0400000,0x00000000e0400000,0x00000000fc400000)
  from space 15360K, 1% used [0x00000000fd500000,0x00000000fd528000,0x00000000fe400000)
  to   space 16384K, 0% used [0x00000000fc400000,0x00000000fc400000,0x00000000fd400000)
 ParOldGen       total 224768K, used 155308K [0x00000000a0c00000, 0x00000000ae780000, 0x00000000e0400000)
  object space 224768K, 69% used [0x00000000a0c00000,0x00000000aa3ab1d0,0x00000000ae780000)
 Metaspace       used 17925K, capacity 18153K, committed 18304K, reserved 1064960K
  class space    used 1724K, capacity 1793K, committed 1920K, reserved 1048576K
}
Event: 28.133 GC heap before
{Heap before GC invocations=68 (full 3):
 PSYoungGen      total 474112K, used 458912K [0x00000000e0400000, 0x00000000fe400000, 0x0000000100000000)
  eden space 458752K, 100% used [0x00000000e0400000,0x00000000fc400000,0x00000000fc400000)
  from space 15360K, 1% used [0x00000000fd500000,0x00000000fd528000,0x00000000fe400000)
  to   space 16384K, 0% used [0x00000000fc400000,0x00000000fc400000,0x00000000fd400000)
 ParOldGen       total 224768K, used 155308K [0x00000000a0c00000, 0x00000000ae780000, 0x00000000e0400000)
  object space 224768K, 69% used [0x00000000a0c00000,0x00000000aa3ab1d0,0x00000000ae780000)
 Metaspace       used 17925K, capacity 18153K, committed 18304K, reserved 1064960K
  class space    used 1724K, capacity 1793K, committed 1920K, reserved 1048576K
Event: 28.135 GC heap after
Heap after GC invocations=68 (full 3):
 PSYoungGen      total 475136K, used 256K [0x00000000e0400000, 0x00000000fe600000, 0x0000000100000000)
  eden space 458752K, 0% used [0x00000000e0400000,0x00000000e0400000,0x00000000fc400000)
  from space 16384K, 1% used [0x00000000fc400000,0x00000000fc440000,0x00000000fd400000)
  to   space 15872K, 0% used [0x00000000fd680000,0x00000000fd680000,0x00000000fe600000)
 ParOldGen       total 224768K, used 155308K [0x00000000a0c00000, 0x00000000ae780000, 0x00000000e0400000)
  object space 224768K, 69% used [0x00000000a0c00000,0x00000000aa3ab1d0,0x00000000ae780000)
 Metaspace       used 17925K, capacity 18153K, committed 18304K, reserved 1064960K
  class space    used 1724K, capacity 1793K, committed 1920K, reserved 1048576K
}
Event: 28.615 GC heap before
{Heap before GC invocations=69 (full 3):
 PSYoungGen      total 475136K, used 458988K [0x00000000e0400000, 0x00000000fe600000, 0x0000000100000000)
  eden space 458752K, 99% used [0x00000000e0400000,0x00000000fc3fb248,0x00000000fc400000)
  from space 16384K, 1% used [0x00000000fc400000,0x00000000fc440000,0x00000000fd400000)
  to   space 15872K, 0% used [0x00000000fd680000,0x00000000fd680000,0x00000000fe600000)
 ParOldGen       total 224768K, used 155308K [0x00000000a0c00000, 0x00000000ae780000, 0x00000000e0400000)
  object space 224768K, 69% used [0x00000000a0c00000,0x00000000aa3ab1d0,0x00000000ae780000)
 Metaspace       used 17925K, capacity 18153K, committed 18304K, reserved 1064960K
  class space    used 1724K, capacity 1793K, committed 1920K, reserved 1048576K
Event: 28.619 GC heap after
Heap after GC invocations=69 (full 3):
 PSYoungGen      total 477184K, used 9140K [0x00000000e0400000, 0x00000000fe800000, 0x0000000100000000)
  eden space 461312K, 0% used [0x00000000e0400000,0x00000000e0400000,0x00000000fc680000)
  from space 15872K, 57% used [0x00000000fd680000,0x00000000fdf6d020,0x00000000fe600000)
  to   space 16384K, 0% used [0x00000000fc680000,0x00000000fc680000,0x00000000fd680000)
 ParOldGen       total 224768K, used 155308K [0x00000000a0c00000, 0x00000000ae780000, 0x00000000e0400000)
  object space 224768K, 69% used [0x00000000a0c00000,0x00000000aa3ab1d0,0x00000000ae780000)
 Metaspace       used 17925K, capacity 18153K, committed 18304K, reserved 1064960K
  class space    used 1724K, capacity 1793K, committed 1920K, reserved 1048576K
}
Event: 29.114 GC heap before
{Heap before GC invocations=70 (full 3):
 PSYoungGen      total 477184K, used 470452K [0x00000000e0400000, 0x00000000fe800000, 0x0000000100000000)
  eden space 461312K, 100% used [0x00000000e0400000,0x00000000fc680000,0x00000000fc680000)
  from space 15872K, 57% used [0x00000000fd680000,0x00000000fdf6d020,0x00000000fe600000)
  to   space 16384K, 0% used [0x00000000fc680000,0x00000000fc680000,0x00000000fd680000)
 ParOldGen       total 224768K, used 155308K [0x00000000a0c00000, 0x00000000ae780000, 0x00000000e0400000)
  object space 224768K, 69% used [0x00000000a0c00000,0x00000000aa3ab1d0,0x00000000ae780000)
 Metaspace       used 17925K, capacity 18153K, committed 18304K, reserved 1064960K
  class space    used 1724K, capacity 1793K, committed 1920K, reserved 1048576K
Event: 29.116 GC heap after
Heap after GC invocations=70 (full 3):
 PSYoungGen      total 477696K, used 8292K [0x00000000e0400000, 0x00000000feb80000, 0x0000000100000000)
  eden space 461312K, 0% used [0x00000000e0400000,0x00000000e0400000,0x00000000fc680000)
  from space 16384K, 50% used [0x00000000fc680000,0x00000000fce99010,0x00000000fd680000)
  to   space 16896K, 0% used [0x00000000fdb00000,0x00000000fdb00000,0x00000000feb80000)
 ParOldGen       total 224768K, used 155332K [0x00000000a0c00000, 0x00000000ae780000, 0x00000000e0400000)
  object space 224768K, 69% used [0x00000000a0c00000,0x00000000aa3b11d0,0x00000000ae780000)
 Metaspace       used 17925K, capacity 18153K, committed 18304K, reserved 1064960K
  class space    used 1724K, capacity 1793K, committed 1920K, reserved 1048576K
}
Event: 29.643 GC heap before
{Heap before GC invocations=71 (full 3):
 PSYoungGen      total 477696K, used 469604K [0x00000000e0400000, 0x00000000feb80000, 0x0000000100000000)
  eden space 461312K, 100% used [0x00000000e0400000,0x00000000fc680000,0x00000000fc680000)
  from space 16384K, 50% used [0x00000000fc680000,0x00000000fce99010,0x00000000fd680000)
  to   space 16896K, 0% used [0x00000000fdb00000,0x00000000fdb00000,0x00000000feb80000)
 ParOldGen       total 224768K, used 155332K [0x00000000a0c00000, 0x00000000ae780000, 0x00000000e0400000)
  object space 224768K, 69% used [0x00000000a0c00000,0x00000000aa3b11d0,0x00000000ae780000)
 Metaspace       used 17925K, capacity 18153K, committed 18304K, reserved 1064960K
  class space    used 1724K, capacity 1793K, committed 1920K, reserved 1048576K
Event: 29.644 GC heap after
Heap after GC invocations=71 (full 3):
 PSYoungGen      total 480256K, used 224K [0x00000000e0400000, 0x00000000fea00000, 0x0000000100000000)
  eden space 464896K, 0% used [0x00000000e0400000,0x00000000e0400000,0x00000000fca00000)
  from space 15360K, 1% used [0x00000000fdb00000,0x00000000fdb38000,0x00000000fea00000)
  to   space 16384K, 0% used [0x00000000fca00000,0x00000000fca00000,0x00000000fda00000)
 ParOldGen       total 224768K, used 155340K [0x00000000a0c00000, 0x00000000ae780000, 0x00000000e0400000)
  object space 224768K, 69% used [0x00000000a0c00000,0x00000000aa3b31d0,0x00000000ae780000)
 Metaspace       used 17925K, capacity 18153K, committed 18304K, reserved 1064960K
  class space    used 1724K, capacity 1793K, committed 1920K, reserved 1048576K
}

Deoptimization events (10 events):
Event: 12.662 Thread 0x000000001996c800 Uncommon trap: reason=speculate_class_check action=maybe_recompile pc=0x000000000317aaa4 method=com.jogamp.common.nio.Buffers.getDirectBufferByteOffset(Ljava/lang/Object;)I @ 22
Event: 12.662 Thread 0x000000001996c800 Uncommon trap: reason=speculate_class_check action=maybe_recompile pc=0x000000000317aaa4 method=com.jogamp.common.nio.Buffers.getDirectBufferByteOffset(Ljava/lang/Object;)I @ 22
Event: 12.662 Thread 0x000000001996c800 Uncommon trap: reason=speculate_class_check action=maybe_recompile pc=0x000000000317aaa4 method=com.jogamp.common.nio.Buffers.getDirectBufferByteOffset(Ljava/lang/Object;)I @ 22
Event: 12.676 Thread 0x000000001996c800 Uncommon trap: reason=speculate_class_check action=maybe_recompile pc=0x000000000317aaa4 method=com.jogamp.common.nio.Buffers.getDirectBufferByteOffset(Ljava/lang/Object;)I @ 22
Event: 12.848 Thread 0x000000001996c800 Uncommon trap: reason=speculate_class_check action=maybe_recompile pc=0x0000000003196690 method=com.jogamp.common.nio.Buffers.getDirectBufferByteOffset(Ljava/lang/Object;)I @ 31
Event: 12.848 Thread 0x000000001996c800 Uncommon trap: reason=speculate_class_check action=maybe_recompile pc=0x0000000003196690 method=com.jogamp.common.nio.Buffers.getDirectBufferByteOffset(Ljava/lang/Object;)I @ 31
Event: 13.004 Thread 0x000000001996c800 Uncommon trap: reason=speculate_class_check action=maybe_recompile pc=0x000000000319972c method=com.jogamp.common.nio.Buffers.getDirectBufferByteOffset(Ljava/lang/Object;)I @ 42
Event: 13.009 Thread 0x000000001996c800 Uncommon trap: reason=speculate_class_check action=maybe_recompile pc=0x000000000319972c method=com.jogamp.common.nio.Buffers.getDirectBufferByteOffset(Ljava/lang/Object;)I @ 42
Event: 13.171 Thread 0x000000001996c800 Uncommon trap: reason=speculate_class_check action=maybe_recompile pc=0x00000000031a16e0 method=com.jogamp.common.nio.Buffers.getDirectBufferByteOffset(Ljava/lang/Object;)I @ 53
Event: 13.175 Thread 0x000000001996c800 Uncommon trap: reason=speculate_class_check action=maybe_recompile pc=0x00000000031a16e0 method=com.jogamp.common.nio.Buffers.getDirectBufferByteOffset(Ljava/lang/Object;)I @ 53

Internal exceptions (10 events):
Event: 2.973 Thread 0x000000001996c800 Exception <a 'java/security/PrivilegedActionException'> (0x00000000e48ceb48) thrown at [D:\re\workspace\8-2-build-windows-amd64-cygwin\jdk8u25\1677\hotspot\src\share\vm\prims\jvm.cpp, line 1312]
Event: 2.973 Thread 0x000000001996c800 Exception <a 'java/security/PrivilegedActionException'> (0x00000000e6dd12b0) thrown at [D:\re\workspace\8-2-build-windows-amd64-cygwin\jdk8u25\1677\hotspot\src\share\vm\prims\jvm.cpp, line 1312]
Event: 2.974 Thread 0x000000001996c800 Exception <a 'java/security/PrivilegedActionException'> (0x00000000e6dd56b8) thrown at [D:\re\workspace\8-2-build-windows-amd64-cygwin\jdk8u25\1677\hotspot\src\share\vm\prims\jvm.cpp, line 1312]
Event: 2.974 Thread 0x000000001996c800 Exception <a 'java/security/PrivilegedActionException'> (0x00000000e6dd9aa0) thrown at [D:\re\workspace\8-2-build-windows-amd64-cygwin\jdk8u25\1677\hotspot\src\share\vm\prims\jvm.cpp, line 1312]
Event: 2.974 Thread 0x000000001996c800 Exception <a 'java/security/PrivilegedActionException'> (0x00000000e6ddd5f8) thrown at [D:\re\workspace\8-2-build-windows-amd64-cygwin\jdk8u25\1677\hotspot\src\share\vm\prims\jvm.cpp, line 1312]
Event: 2.974 Thread 0x000000001996c800 Exception <a 'java/security/PrivilegedActionException'> (0x00000000e6de1df8) thrown at [D:\re\workspace\8-2-build-windows-amd64-cygwin\jdk8u25\1677\hotspot\src\share\vm\prims\jvm.cpp, line 1312]
Event: 2.975 Thread 0x000000001996c800 Exception <a 'java/security/PrivilegedActionException'> (0x00000000e6de5530) thrown at [D:\re\workspace\8-2-build-windows-amd64-cygwin\jdk8u25\1677\hotspot\src\share\vm\prims\jvm.cpp, line 1312]
Event: 2.975 Thread 0x000000001996c800 Exception <a 'java/security/PrivilegedActionException'> (0x00000000e6de9478) thrown at [D:\re\workspace\8-2-build-windows-amd64-cygwin\jdk8u25\1677\hotspot\src\share\vm\prims\jvm.cpp, line 1312]
Event: 2.975 Thread 0x000000001996c800 Exception <a 'java/security/PrivilegedActionException'> (0x00000000e6def388) thrown at [D:\re\workspace\8-2-build-windows-amd64-cygwin\jdk8u25\1677\hotspot\src\share\vm\prims\jvm.cpp, line 1312]
Event: 2.988 Thread 0x000000001996c800 Exception <a 'java/security/PrivilegedActionException'> (0x00000000e6eca998) thrown at [D:\re\workspace\8-2-build-windows-amd64-cygwin\jdk8u25\1677\hotspot\src\share\vm\prims\jvm.cpp, line 1312]

Events (10 events):
Event: 29.958 loading class javax/swing/JComponent$IntVector done
Event: 29.958 loading class javax/swing/KeyboardManager
Event: 29.958 loading class javax/swing/KeyboardManager done
Event: 29.958 loading class javax/swing/Popup$HeavyWeightWindow
Event: 29.958 loading class sun/awt/ModalExclude
Event: 29.958 loading class sun/awt/ModalExclude done
Event: 29.958 loading class javax/swing/JWindow
Event: 29.959 loading class javax/swing/JWindow done
Event: 29.959 loading class javax/swing/Popup$HeavyWeightWindow done
Event: 29.993 Thread 0x000000001dd54800 Thread exited: 0x000000001dd54800


Dynamic libraries:
0x00007ff669010000 - 0x00007ff669044000 	C:\Program Files\Java\jre1.8.0_25\bin\javaw.exe
0x00007ff98c320000 - 0x00007ff98c4cc000 	C:\WINDOWS\SYSTEM32\ntdll.dll
0x00007ff989d20000 - 0x00007ff989e5e000 	C:\WINDOWS\system32\KERNEL32.DLL
0x00007ff9897d0000 - 0x00007ff9898e5000 	C:\WINDOWS\system32\KERNELBASE.dll
0x00007ff987ff0000 - 0x00007ff98807e000 	C:\WINDOWS\system32\apphelp.dll
0x00007ff973750000 - 0x00007ff9737a3000 	C:\WINDOWS\AppPatch\AppPatch64\AcGenral.DLL
0x00007ff98a220000 - 0x00007ff98a2ca000 	C:\WINDOWS\system32\msvcrt.dll
0x00007ff9892a0000 - 0x00007ff9892ce000 	C:\WINDOWS\SYSTEM32\SspiCli.dll
0x00007ff98b980000 - 0x00007ff98b9d4000 	C:\WINDOWS\system32\SHLWAPI.dll
0x00007ff989f00000 - 0x00007ff98a077000 	C:\WINDOWS\system32\USER32.dll
0x00007ff98bb50000 - 0x00007ff98bce4000 	C:\WINDOWS\system32\ole32.dll
0x00007ff98a390000 - 0x00007ff98b8a8000 	C:\WINDOWS\system32\SHELL32.dll
0x00007ff988a10000 - 0x00007ff988a31000 	C:\WINDOWS\SYSTEM32\USERENV.dll
0x00007ff989c10000 - 0x00007ff989cba000 	C:\WINDOWS\system32\ADVAPI32.dll
0x00007ff97c880000 - 0x00007ff97c89e000 	C:\WINDOWS\SYSTEM32\MPR.dll
0x00007ff98b9e0000 - 0x00007ff98bb21000 	C:\WINDOWS\system32\RPCRT4.dll
0x00007ff9899a0000 - 0x00007ff9899f9000 	C:\WINDOWS\SYSTEM32\sechost.dll
0x00007ff98bed0000 - 0x00007ff98c0e1000 	C:\WINDOWS\SYSTEM32\combase.dll
0x00007ff98a0c0000 - 0x00007ff98a211000 	C:\WINDOWS\system32\GDI32.dll
0x00007ff989470000 - 0x00007ff989485000 	C:\WINDOWS\SYSTEM32\profapi.dll
0x00007ff987810000 - 0x00007ff9878c2000 	C:\WINDOWS\SYSTEM32\SHCORE.dll
0x00007ff98a080000 - 0x00007ff98a0b6000 	C:\WINDOWS\system32\IMM32.DLL
0x00007ff98c1c0000 - 0x00007ff98c312000 	C:\WINDOWS\system32\MSCTF.dll
0x00007ff986b90000 - 0x00007ff986e0b000 	C:\WINDOWS\WinSxS\amd64_microsoft.windows.common-controls_6595b64144ccf1df_6.0.9600.17415_none_6240486fecbd8abb\COMCTL32.dll
0x0000000075f50000 - 0x0000000076022000 	C:\Program Files\Java\jre1.8.0_25\bin\msvcr100.dll
0x0000000076ae0000 - 0x000000007733a000 	C:\Program Files\Java\jre1.8.0_25\bin\server\jvm.dll
0x00007ff9707d0000 - 0x00007ff9707d9000 	C:\WINDOWS\SYSTEM32\WSOCK32.dll
0x00007ff97ca00000 - 0x00007ff97ca22000 	C:\WINDOWS\SYSTEM32\WINMM.dll
0x00007ff989e80000 - 0x00007ff989e87000 	C:\WINDOWS\system32\PSAPI.DLL
0x00007ff989a00000 - 0x00007ff989a5a000 	C:\WINDOWS\system32\WS2_32.dll
0x00007ff97c8d0000 - 0x00007ff97c8fa000 	C:\WINDOWS\SYSTEM32\WINMMBASE.dll
0x00007ff98bb30000 - 0x00007ff98bb39000 	C:\WINDOWS\system32\NSI.dll
0x00007ff989950000 - 0x00007ff98999f000 	C:\WINDOWS\SYSTEM32\cfgmgr32.dll
0x00007ff988260000 - 0x00007ff988288000 	C:\WINDOWS\SYSTEM32\DEVOBJ.dll
0x0000000076ad0000 - 0x0000000076adf000 	C:\Program Files\Java\jre1.8.0_25\bin\verify.dll
0x0000000076aa0000 - 0x0000000076ac8000 	C:\Program Files\Java\jre1.8.0_25\bin\java.dll
0x0000000076a80000 - 0x0000000076a96000 	C:\Program Files\Java\jre1.8.0_25\bin\zip.dll
0x0000000075db0000 - 0x0000000075f48000 	C:\Program Files\Java\jre1.8.0_25\bin\awt.dll
0x00007ff98c0f0000 - 0x00007ff98c1b1000 	C:\WINDOWS\system32\OLEAUT32.dll
0x00007ff987610000 - 0x00007ff987631000 	C:\WINDOWS\system32\DWMAPI.DLL
0x00007ff988130000 - 0x00007ff988259000 	C:\WINDOWS\system32\uxtheme.dll
0x00007ff9882b0000 - 0x00007ff9882bb000 	C:\WINDOWS\SYSTEM32\kernel.appcore.dll
0x00007ff989340000 - 0x00007ff98934b000 	C:\WINDOWS\SYSTEM32\CRYPTBASE.dll
0x00007ff9892d0000 - 0x00007ff989333000 	C:\WINDOWS\SYSTEM32\bcryptPrimitives.dll
0x00007ff97e8c0000 - 0x00007ff97eae1000 	C:\WINDOWS\system32\d3d9.dll
0x00007ff987180000 - 0x00007ff98718a000 	C:\WINDOWS\SYSTEM32\VERSION.dll
0x00007ff986970000 - 0x00007ff986abb000 	C:\WINDOWS\SYSTEM32\aticfx64.dll
0x00007ff965270000 - 0x00007ff965291000 	C:\WINDOWS\SYSTEM32\atiu9p64.dll
0x00007ff964a80000 - 0x00007ff965265000 	C:\WINDOWS\SYSTEM32\atiumd64.dll
0x0000000076110000 - 0x00000000768c7000 	C:\WINDOWS\SYSTEM32\atiumd6a.dll
0x00000000769f0000 - 0x0000000076a37000 	C:\Program Files\Java\jre1.8.0_25\bin\fontmanager.dll
0x00007ff988ce0000 - 0x00007ff988d00000 	C:\WINDOWS\SYSTEM32\CRYPTSP.dll
0x00007ff988900000 - 0x00007ff988936000 	C:\WINDOWS\system32\rsaenh.dll
0x00007ff988f90000 - 0x00007ff988fb6000 	C:\WINDOWS\SYSTEM32\bcrypt.dll
0x0000000076a60000 - 0x0000000076a7a000 	C:\Program Files\Java\jre1.8.0_25\bin\net.dll
0x00007ff988c80000 - 0x00007ff988cd9000 	C:\WINDOWS\system32\mswsock.dll
0x00007ff9860b0000 - 0x00007ff9860da000 	C:\WINDOWS\SYSTEM32\IPHLPAPI.DLL
0x00007ff986050000 - 0x00007ff98605a000 	C:\WINDOWS\SYSTEM32\WINNSI.DLL
0x00007ff9841e0000 - 0x00007ff9841f6000 	C:\WINDOWS\SYSTEM32\dhcpcsvc6.DLL
0x00007ff984380000 - 0x00007ff98439a000 	C:\WINDOWS\SYSTEM32\dhcpcsvc.DLL
0x0000000076a40000 - 0x0000000076a51000 	C:\Program Files\Java\jre1.8.0_25\bin\nio.dll
0x00000000637c0000 - 0x00000000637cd000 	S:\Users\Ben\AppData\Local\Temp\jogamp_0000\file_cache\jln5205014865785896179\jln4355330515414353100\gluegen-rt.dll
0x00000000769e0000 - 0x00000000769e7000 	C:\Program Files\Java\jre1.8.0_25\bin\jawt.dll
0x000000006a440000 - 0x000000006a44d000 	S:\Users\Ben\AppData\Local\Temp\jogamp_0000\file_cache\jln5205014865785896179\jln4355330515414353100\nativewindow_awt.dll
0x000000006c100000 - 0x000000006c10f000 	S:\Users\Ben\AppData\Local\Temp\jogamp_0000\file_cache\jln5205014865785896179\jln4355330515414353100\nativewindow_win32.dll
0x00007ff960620000 - 0x00007ff96074b000 	C:\WINDOWS\SYSTEM32\OpenGL32.dll
0x00007ff97d7c0000 - 0x00007ff97d7ee000 	C:\WINDOWS\SYSTEM32\GLU32.dll
0x00007ff966bf0000 - 0x00007ff966ce8000 	C:\WINDOWS\SYSTEM32\DDRAW.dll
0x00007ff980290000 - 0x00007ff980299000 	C:\WINDOWS\SYSTEM32\DCIMAN32.dll
0x0000000064500000 - 0x00000000645a2000 	S:\Users\Ben\AppData\Local\Temp\jogamp_0000\file_cache\jln5205014865785896179\jln4355330515414353100\jogl_desktop.dll
0x00007ff97d720000 - 0x00007ff97d738000 	C:\WINDOWS\SYSTEM32\atig6pxx.dll
0x0000000074200000 - 0x0000000075daf000 	C:\WINDOWS\SYSTEM32\atio6axx.dll
0x00007ff98bcf0000 - 0x00007ff98beca000 	C:\WINDOWS\system32\SETUPAPI.dll
0x00007ff986120000 - 0x00007ff986257000 	C:\WINDOWS\SYSTEM32\atiadlxx.dll
0x00007ff986710000 - 0x00007ff98688f000 	C:\WINDOWS\SYSTEM32\PROPSYS.dll
0x00007ff988080000 - 0x00007ff988092000 	C:\WINDOWS\SYSTEM32\WTSAPI32.dll
0x00007ff9898f0000 - 0x00007ff989941000 	C:\WINDOWS\system32\WINTRUST.dll
0x00007ff989540000 - 0x00007ff98971f000 	C:\WINDOWS\system32\CRYPT32.dll
0x00007ff989520000 - 0x00007ff989531000 	C:\WINDOWS\system32\MSASN1.dll
0x00007ff973720000 - 0x00007ff973749000 	C:\WINDOWS\SYSTEM32\atig6txx.dll
0x00007ff95c1a0000 - 0x00007ff95c33c000 	O:\OneDrive\Workspace\ZZavatar\lib\user\KinectPV2\Kinect20.Face.dll
0x00007ff97c900000 - 0x00007ff97c9a7000 	C:\WINDOWS\SYSTEM32\MSVCP110.dll
0x00007ff981bc0000 - 0x00007ff981c8e000 	C:\WINDOWS\SYSTEM32\MSVCR110.dll
0x00007ff980280000 - 0x00007ff980290000 	O:\OneDrive\Workspace\ZZavatar\lib\user\KinectPV2\KinectPV2.dll
0x00007ff960560000 - 0x00007ff96061a000 	C:\WINDOWS\SYSTEM32\Kinect20.dll
0x00007ff97ca30000 - 0x00007ff97cb1b000 	C:\WINDOWS\SYSTEM32\MFPlat.DLL
0x00007ff97c8a0000 - 0x00007ff97c8c7000 	C:\WINDOWS\SYSTEM32\RTWorkQ.DLL
0x00007ff987050000 - 0x00007ff98705c000 	C:\WINDOWS\SYSTEM32\AVRT.dll
0x00007ff963e10000 - 0x00007ff963f9a000 	C:\WINDOWS\SYSTEM32\dbghelp.dll

VM Arguments:
jvm_args: -Djava.library.path=O:\OneDrive\Workspace\ZZavatar\lib\base\video;O:\OneDrive\Workspace\ZZavatar\lib\base\video;O:\OneDrive\Workspace\ZZavatar\lib\base\video;O:\OneDrive\Workspace\ZZavatar\lib\base\core;O:\OneDrive\Workspace\ZZavatar\lib\base\core;O:\OneDrive\Workspace\ZZavatar\lib\base\core;O:\OneDrive\Workspace\ZZavatar\lib\base\core;O:\OneDrive\Workspace\ZZavatar\lib\base\core;O:\OneDrive\Workspace\ZZavatar\lib\base\core;O:\OneDrive\Workspace\ZZavatar\lib\base\core;O:\OneDrive\Workspace\ZZavatar\lib\base\core;O:\OneDrive\Workspace\ZZavatar\lib\base\core;O:\OneDrive\Workspace\ZZavatar\lib\base\core;O:\OneDrive\Workspace\ZZavatar\lib\base\core;O:\OneDrive\Workspace\ZZavatar\lib\base\core;O:\OneDrive\Workspace\ZZavatar\lib\base\core;O:\OneDrive\Workspace\ZZavatar\lib\base\core;O:\OneDrive\Workspace\ZZavatar\lib\base\core;O:\OneDrive\Workspace\ZZavatar\lib\user\Kinect4WinSDK;O:\OneDrive\Workspace\ZZavatar\lib\user\KinectPV2;O:\OneDrive\Workspace\ZZavatar\lib\user\SimpleOpenNI -Dfile.encoding=Cp1252 
java_command: zzavatar.ZZavatar
java_class_path (initial): O:\OneDrive\Workspace\ZZavatar\lib\base\video\gstreamer-java.jar;O:\OneDrive\Workspace\ZZavatar\lib\base\video\jna.jar;O:\OneDrive\Workspace\ZZavatar\lib\base\video\video.jar;O:\OneDrive\Workspace\ZZavatar\lib\base\core\core.jar;O:\OneDrive\Workspace\ZZavatar\lib\base\core\gluegen-rt-natives-linux-amd64.jar;O:\OneDrive\Workspace\ZZavatar\lib\base\core\gluegen-rt-natives-linux-armv6hf.jar;O:\OneDrive\Workspace\ZZavatar\lib\base\core\gluegen-rt-natives-linux-i586.jar;O:\OneDrive\Workspace\ZZavatar\lib\base\core\gluegen-rt-natives-macosx-universal.jar;O:\OneDrive\Workspace\ZZavatar\lib\base\core\gluegen-rt-natives-windows-amd64.jar;O:\OneDrive\Workspace\ZZavatar\lib\base\core\gluegen-rt-natives-windows-i586.jar;O:\OneDrive\Workspace\ZZavatar\lib\base\core\gluegen-rt.jar;O:\OneDrive\Workspace\ZZavatar\lib\base\core\jogl-all-natives-linux-amd64.jar;O:\OneDrive\Workspace\ZZavatar\lib\base\core\jogl-all-natives-linux-armv6hf.jar;O:\OneDrive\Workspace\ZZavatar\lib\base\core\jogl-all-natives-linux-i586.jar;O:\OneDrive\Workspace\ZZavatar\lib\base\core\jogl-all-natives-macosx-universal.jar;O:\OneDrive\Workspace\ZZavatar\lib\base\core\jogl-all-natives-windows-amd64.jar;O:\OneDrive\Workspace\ZZavatar\lib\base\core\jogl-all-natives-windows-i586.jar;O:\OneDrive\Workspace\ZZavatar\lib\base\core\jogl-all.jar;O:\OneDrive\Workspace\ZZavatar\lib\user\Kinect4WinSDK\Kinect4WinSDK.jar;O:\OneDrive\Workspace\ZZavatar\lib\user\KinectPV2\KinectPV2.jar;O:\OneDrive\Workspace\ZZavatar\lib\user\SimpleOpenNI\SimpleOpenNI.jar;O:\OneDrive\Workspace\ZZavatar\bin
Launcher Type: SUN_STANDARD

Environment Variables:
JAVA_HOME=C:\Program Files\Java\jdk1.8.0_25
PATH=C:/Program Files/Java/jre1.8.0_25/bin/server;C:/Program Files/Java/jre1.8.0_25/bin;C:/Program Files/Java/jre1.8.0_25/lib/amd64;C:\Program Files (x86)\NVIDIA Corporation\PhysX\Common;C:\ProgramData\Oracle\Java\javapath;C:\Program Files (x86)\Common Files\Intel\Shared Libraries\redist\intel64\compiler;C:\Program Files (x86)\Common Files\Intel\Shared Libraries\redist\ia32\compiler;C:\Program Files (x86)\Intel\iCLS Client\;C:\Program Files\Intel\iCLS Client\;C:\Program Files (x86)\AMD APP\bin\x86_64;C:\Program Files (x86)\AMD APP\bin\x86;C:\WINDOWS\system32;C:\WINDOWS;C:\WINDOWS\System32\Wbem;C:\WINDOWS\System32\WindowsPowerShell\v1.0\;C:\Program Files (x86)\ATI Technologies\ATI.ACE\Core-Static;C:\Program Files\Intel\Intel(R) Management Engine Components\DAL;C:\Program Files\Intel\Intel(R) Management Engine Components\IPT;C:\Program Files (x86)\Intel\Intel(R) Management Engine Components\DAL;C:\Program Files (x86)\Intel\Intel(R) Management Engine Components\IPT;C:\Program Files\Sony\VAIO Improvement\;C:\Program Files (x86)\Sony\VAIO Startup Setting Tool;C:\Program Files (x86)\Windows Kits\8.1\Windows Performance Toolkit\;C:\Program Files\Microsoft SQL Server\110\Tools\Binn\;C:\Program Files (x86)\Microsoft SDKs\TypeScript\1.0\;C:\Program Files\Microsoft\Web Platform Installer\;C:\Program Files (x86)\Java\jre1.8.0_25\bin;P:\Programs\Python27\Scripts;P:\Programs\Python27;C:\Program Files\Common Files\Autodesk Shared\;P:\Program Files\Programs;P:\Program Files\Games;P:\Programs\Eclipse;
USERNAME=Benoît
OS=Windows_NT
PROCESSOR_IDENTIFIER=Intel64 Family 6 Model 58 Stepping 9, GenuineIntel



---------------  S Y S T E M  ---------------

OS: Windows 8.1 , 64 bit Build 9600 

CPU:total 8 (4 cores per cpu, 2 threads per core) family 6 model 58 stepping 9, cmov, cx8, fxsr, mmx, sse, sse2, sse3, ssse3, sse4.1, sse4.2, popcnt, avx, aes, clmul, erms, ht, tsc, tscinvbit, tscinv

Memory: 4k page, physical 6237468k(1674364k free), swap 10431772k(4565596k free)

vm_info: Java HotSpot(TM) 64-Bit Server VM (25.25-b02) for windows-amd64 JRE (1.8.0_25-b18), built on Oct  7 2014 14:25:37 by "java_re" with MS VC++ 10.0 (VS2010)

time: Fri Apr 24 13:14:24 2015
elapsed time: 30 seconds (0d 0h 0m 30s)

