#
# A fatal error has been detected by the Java Runtime Environment:
#
#  EXCEPTION_ACCESS_VIOLATION (0xc0000005) at pc=0x00007ffe834b4317, pid=5632, tid=4796
#
# JRE version: Java(TM) SE Runtime Environment (8.0_25-b18) (build 1.8.0_25-b18)
# Java VM: Java HotSpot(TM) 64-Bit Server VM (25.25-b02 mixed mode windows-amd64 compressed oops)
# Problematic frame:
# C  [KinectPV2.dll+0x4317]
#
# Failed to write core dump. Minidumps are not enabled by default on client versions of Windows
#
# If you would like to submit a bug report, please visit:
#   http://bugreport.sun.com/bugreport/crash.jsp
# The crash happened outside the Java Virtual Machine in native code.
# See problematic frame for where to report the bug.
#

---------------  T H R E A D  ---------------

Current thread (0x0000000018ebf000):  JavaThread "Thread-4" [_thread_in_native, id=4796, stack(0x000000002e560000,0x000000002e660000)]

siginfo: ExceptionCode=0xc0000005, writing address 0x0000000024fc6000

Registers:
RAX=0x0000000000000dc1, RBX=0x000000001ed9c650, RCX=0x0000000024fc5fc0, RDX=0x0000000000000000
RSP=0x000000002e65e850, RBP=0x000000002e65e950, RSI=0x0000000000000000, RDI=0x0000000000000000
R8 =0x0000000025838040, R9 =0x00000000007e9000, R10=0x0000000020029dd0, R11=0x000000002e65e750
R12=0x0000000000000000, R13=0x000000002e65ef40, R14=0x00000000257c9fc0, R15=0x000000001916ede0
RIP=0x00007ffe834b4317, EFLAGS=0x0000000000010202

Top of Stack: (sp=0x000000002e65e850)
0x000000002e65e850:   000000001ed9c650 000000002000e348
0x000000002e65e860:   000000001ed9c650 000000001ed9c650
0x000000002e65e870:   000000002e65eca0 00007ffe87c51118
0x000000002e65e880:   fffffffffffffffe 0000000000000000
0x000000002e65e890:   447e74344310b222 000000001be85000
0x000000002e65e8a0:   0000000000000000 000000002e65e8f0
0x000000002e65e8b0:   000000001f711e38 00000000a3892dd8
0x000000002e65e8c0:   00000000e0680230 00000000200282c8
0x000000002e65e8d0:   000000001f70d178 0000000001eb061a
0x000000002e65e8e0:   0000043801eb061a 0000000000000780
0x000000002e65e8f0:   0000000000000005 0000000000000000
0x000000002e65e900:   0000000000000000 0000000000000000
0x000000002e65e910:   0000000000000000 0000000000000000
0x000000002e65e920:   0000000000000000 0000000000000000
0x000000002e65e930:   0000000000000000 0000000000000000
0x000000002e65e940:   0000000000000000 0000000000000000 

Instructions: (pc=0x00007ffe834b4317)
0x00007ffe834b42f7:   41 0f 28 4e 10 0f 29 49 10 41 0f 28 46 20 0f 29
0x00007ffe834b4307:   41 20 41 0f 28 4e 30 0f 29 49 30 41 0f 28 46 40
0x00007ffe834b4317:   0f 29 41 40 41 0f 28 4e 50 0f 29 49 50 41 0f 28
0x00007ffe834b4327:   46 60 0f 29 41 60 48 8d 89 80 00 00 00 41 0f 28 


Register to memory mapping:

RAX=0x0000000000000dc1 is an unknown value
RBX=0x000000001ed9c650 is an unknown value
RCX=0x0000000024fc5fc0 is an unknown value
RDX=0x0000000000000000 is an unknown value
RSP=0x000000002e65e850 is pointing into the stack for thread: 0x0000000018ebf000
RBP=0x000000002e65e950 is pointing into the stack for thread: 0x0000000018ebf000
RSI=0x0000000000000000 is an unknown value
RDI=0x0000000000000000 is an unknown value
R8 =0x0000000025838040 is an unknown value
R9 =0x00000000007e9000 is an unknown value
R10=0x0000000020029dd0 is an unknown value
R11=0x000000002e65e750 is pointing into the stack for thread: 0x0000000018ebf000
R12=0x0000000000000000 is an unknown value
R13=0x000000002e65ef40 is pointing into the stack for thread: 0x0000000018ebf000
R14=0x00000000257c9fc0 is an unknown value
R15=0x000000001916ede0 is an unknown value


Stack: [0x000000002e560000,0x000000002e660000],  sp=0x000000002e65e850,  free space=1018k
Native frames: (J=compiled Java code, j=interpreted, Vv=VM code, C=native code)
C  [KinectPV2.dll+0x4317]
C  [KinectPV2.dll+0x16a2]
C  0x00000000022d55b9

Java frames: (J=compiled Java code, j=interpreted, Vv=VM code)
J 1048  KinectPV2.Device.jniUpdate()Z (0 bytes) @ 0x00000000022d553b [0x00000000022d5500+0x3b]
J 2355 C2 KinectPV2.Device.updateDevice()Z (7 bytes) @ 0x0000000002723394 [0x0000000002723360+0x34]
j  KinectPV2.Device.run()V+4
j  java.lang.Thread.run()V+11
v  ~StubRoutines::call_stub

---------------  P R O C E S S  ---------------

Java Threads: ( => current thread )
=>0x0000000018ebf000 JavaThread "Thread-4" [_thread_in_native, id=4796, stack(0x000000002e560000,0x000000002e660000)]
  0x000000001d258800 JavaThread "Animation Thread-SharedResourceRunner" daemon [_thread_blocked, id=6848, stack(0x000000001e200000,0x000000001e300000)]
  0x00000000004be800 JavaThread "DestroyJavaVM" [_thread_blocked, id=596, stack(0x0000000001c10000,0x0000000001d10000)]
  0x0000000018ed3800 JavaThread "D3D Screen Updater" daemon [_thread_blocked, id=868, stack(0x000000001c230000,0x000000001c330000)]
  0x0000000018ed2000 JavaThread "Animation Thread" [_thread_in_native, id=5464, stack(0x000000001bf30000,0x000000001c030000)]
  0x0000000018e55000 JavaThread "AWT-EventQueue-0" [_thread_blocked, id=5800, stack(0x000000001bd30000,0x000000001be30000)]
  0x0000000018e01000 JavaThread "AWT-Windows" daemon [_thread_in_native, id=2432, stack(0x0000000019710000,0x0000000019810000)]
  0x0000000017fce000 JavaThread "AWT-Shutdown" [_thread_blocked, id=5180, stack(0x0000000019610000,0x0000000019710000)]
  0x0000000018e00000 JavaThread "Java2D Disposer" daemon [_thread_blocked, id=5472, stack(0x0000000019510000,0x0000000019610000)]
  0x0000000017c91000 JavaThread "Service Thread" daemon [_thread_blocked, id=6824, stack(0x00000000185d0000,0x00000000186d0000)]
  0x0000000017c0b800 JavaThread "C1 CompilerThread3" daemon [_thread_blocked, id=6184, stack(0x00000000184d0000,0x00000000185d0000)]
  0x0000000017c08800 JavaThread "C2 CompilerThread2" daemon [_thread_blocked, id=3044, stack(0x00000000183d0000,0x00000000184d0000)]
  0x0000000017c02800 JavaThread "C2 CompilerThread1" daemon [_thread_blocked, id=5908, stack(0x00000000182d0000,0x00000000183d0000)]
  0x0000000017bf9000 JavaThread "C2 CompilerThread0" daemon [_thread_blocked, id=4900, stack(0x00000000181d0000,0x00000000182d0000)]
  0x0000000017bf7000 JavaThread "Attach Listener" daemon [_thread_blocked, id=4136, stack(0x00000000180d0000,0x00000000181d0000)]
  0x0000000017bf6000 JavaThread "Signal Dispatcher" daemon [_thread_blocked, id=1148, stack(0x0000000017fd0000,0x00000000180d0000)]
  0x0000000001ea9800 JavaThread "Finalizer" daemon [_thread_blocked, id=1664, stack(0x0000000017ad0000,0x0000000017bd0000)]
  0x0000000001ea1000 JavaThread "Reference Handler" daemon [_thread_blocked, id=3788, stack(0x00000000179d0000,0x0000000017ad0000)]

Other Threads:
  0x0000000015bf9000 VMThread [stack: 0x00000000178d0000,0x00000000179d0000] [id=828]
  0x0000000017c93000 WatcherThread [stack: 0x00000000186d0000,0x00000000187d0000] [id=1792]

VM state:not at safepoint (normal execution)

VM Mutex/Monitor currently owned by a thread: None

Heap:
 PSYoungGen      total 448512K, used 61246K [0x00000000e0400000, 0x00000000fbd80000, 0x0000000100000000)
  eden space 447488K, 13% used [0x00000000e0400000,0x00000000e3ed3918,0x00000000fb900000)
  from space 1024K, 98% used [0x00000000fba80000,0x00000000fbb7c010,0x00000000fbb80000)
  to   space 1536K, 0% used [0x00000000fb900000,0x00000000fb900000,0x00000000fba80000)
 ParOldGen       total 236544K, used 171769K [0x00000000a0c00000, 0x00000000af300000, 0x00000000e0400000)
  object space 236544K, 72% used [0x00000000a0c00000,0x00000000ab3be580,0x00000000af300000)
 Metaspace       used 18007K, capacity 18213K, committed 18560K, reserved 1067008K
  class space    used 1735K, capacity 1793K, committed 1920K, reserved 1048576K

Card table byte_map: [0x0000000011270000,0x0000000011570000] byte_map_base: 0x0000000010d6a000

Marking Bits: (ParMarkBitMap*) 0x000000006708d490
 Begin Bits: [0x0000000011f70000, 0x0000000013740000)
 End Bits:   [0x0000000013740000, 0x0000000014f10000)

Polling page: 0x0000000000480000

CodeCache: size=245760Kb used=7725Kb max_used=9055Kb free=238034Kb
 bounds [0x0000000001eb0000, 0x00000000027a0000, 0x0000000010eb0000]
 total_blobs=2970 nmethods=2099 adapters=785
 compilation: enabled

Compilation events (10 events):
Event: 43.148 Thread 0x0000000017c08800 2457   !   4       java.awt.EventQueue::isDispatchThreadImpl (99 bytes)
Event: 43.149 Thread 0x0000000017bf9000 2458       4       jogamp.opengl.gl4.GL4bcImpl::glViewport (57 bytes)
Event: 43.152 Thread 0x0000000017c08800 nmethod 2457 0x0000000002384b90 code [0x0000000002384d00, 0x0000000002384fd8]
Event: 43.153 Thread 0x0000000017bf9000 nmethod 2458 0x00000000021ca210 code [0x00000000021ca3a0, 0x00000000021ca5c8]
Event: 43.158 Thread 0x0000000017c02800 2459       4       processing.opengl.PJOGL::viewport (35 bytes)
Event: 43.161 Thread 0x0000000017c02800 nmethod 2459 0x0000000002278c10 code [0x0000000002278da0, 0x0000000002279048]
Event: 43.165 Thread 0x0000000017c08800 2460       4       processing.opengl.PJOGL::clearDepth (11 bytes)
Event: 43.170 Thread 0x0000000017c08800 nmethod 2460 0x000000000200d290 code [0x000000000200d440, 0x000000000200d720]
Event: 43.191 Thread 0x0000000017bf9000 2461       4       processing.opengl.PGL::updateShortBuffer (41 bytes)
Event: 43.195 Thread 0x0000000017bf9000 nmethod 2461 0x0000000001fccd10 code [0x0000000001fcce80, 0x0000000001fcd108]

GC Heap History (10 events):
Event: 44.842 GC heap before
{Heap before GC invocations=81 (full 3):
 PSYoungGen      total 444928K, used 443552K [0x00000000e0400000, 0x00000000fb980000, 0x0000000100000000)
  eden space 443392K, 100% used [0x00000000e0400000,0x00000000fb500000,0x00000000fb500000)
  from space 1536K, 10% used [0x00000000fb500000,0x00000000fb528000,0x00000000fb680000)
  to   space 1536K, 0% used [0x00000000fb800000,0x00000000fb800000,0x00000000fb980000)
 ParOldGen       total 236544K, used 163669K [0x00000000a0c00000, 0x00000000af300000, 0x00000000e0400000)
  object space 236544K, 69% used [0x00000000a0c00000,0x00000000aabd5570,0x00000000af300000)
 Metaspace       used 17972K, capacity 18213K, committed 18560K, reserved 1067008K
  class space    used 1724K, capacity 1793K, committed 1920K, reserved 1048576K
Event: 44.844 GC heap after
Heap after GC invocations=81 (full 3):
 PSYoungGen      total 446464K, used 192K [0x00000000e0400000, 0x00000000fb980000, 0x0000000100000000)
  eden space 444928K, 0% used [0x00000000e0400000,0x00000000e0400000,0x00000000fb680000)
  from space 1536K, 12% used [0x00000000fb800000,0x00000000fb830000,0x00000000fb980000)
  to   space 1536K, 0% used [0x00000000fb680000,0x00000000fb680000,0x00000000fb800000)
 ParOldGen       total 236544K, used 163669K [0x00000000a0c00000, 0x00000000af300000, 0x00000000e0400000)
  object space 236544K, 69% used [0x00000000a0c00000,0x00000000aabd5570,0x00000000af300000)
 Metaspace       used 17972K, capacity 18213K, committed 18560K, reserved 1067008K
  class space    used 1724K, capacity 1793K, committed 1920K, reserved 1048576K
}
Event: 45.504 GC heap before
{Heap before GC invocations=82 (full 3):
 PSYoungGen      total 446464K, used 445120K [0x00000000e0400000, 0x00000000fb980000, 0x0000000100000000)
  eden space 444928K, 100% used [0x00000000e0400000,0x00000000fb680000,0x00000000fb680000)
  from space 1536K, 12% used [0x00000000fb800000,0x00000000fb830000,0x00000000fb980000)
  to   space 1536K, 0% used [0x00000000fb680000,0x00000000fb680000,0x00000000fb800000)
 ParOldGen       total 236544K, used 163669K [0x00000000a0c00000, 0x00000000af300000, 0x00000000e0400000)
  object space 236544K, 69% used [0x00000000a0c00000,0x00000000aabd5570,0x00000000af300000)
 Metaspace       used 17972K, capacity 18213K, committed 18560K, reserved 1067008K
  class space    used 1724K, capacity 1793K, committed 1920K, reserved 1048576K
Event: 45.505 GC heap after
Heap after GC invocations=82 (full 3):
 PSYoungGen      total 446464K, used 128K [0x00000000e0400000, 0x00000000fbb00000, 0x0000000100000000)
  eden space 444928K, 0% used [0x00000000e0400000,0x00000000e0400000,0x00000000fb680000)
  from space 1536K, 8% used [0x00000000fb680000,0x00000000fb6a0000,0x00000000fb800000)
  to   space 1536K, 0% used [0x00000000fb980000,0x00000000fb980000,0x00000000fbb00000)
 ParOldGen       total 236544K, used 163669K [0x00000000a0c00000, 0x00000000af300000, 0x00000000e0400000)
  object space 236544K, 69% used [0x00000000a0c00000,0x00000000aabd5570,0x00000000af300000)
 Metaspace       used 17972K, capacity 18213K, committed 18560K, reserved 1067008K
  class space    used 1724K, capacity 1793K, committed 1920K, reserved 1048576K
}
Event: 46.168 GC heap before
{Heap before GC invocations=83 (full 3):
 PSYoungGen      total 446464K, used 445056K [0x00000000e0400000, 0x00000000fbb00000, 0x0000000100000000)
  eden space 444928K, 100% used [0x00000000e0400000,0x00000000fb680000,0x00000000fb680000)
  from space 1536K, 8% used [0x00000000fb680000,0x00000000fb6a0000,0x00000000fb800000)
  to   space 1536K, 0% used [0x00000000fb980000,0x00000000fb980000,0x00000000fbb00000)
 ParOldGen       total 236544K, used 163669K [0x00000000a0c00000, 0x00000000af300000, 0x00000000e0400000)
  object space 236544K, 69% used [0x00000000a0c00000,0x00000000aabd5570,0x00000000af300000)
 Metaspace       used 17972K, capacity 18213K, committed 18560K, reserved 1067008K
  class space    used 1724K, capacity 1793K, committed 1920K, reserved 1048576K
Event: 46.169 GC heap after
Heap after GC invocations=83 (full 3):
 PSYoungGen      total 448000K, used 160K [0x00000000e0400000, 0x00000000fbb00000, 0x0000000100000000)
  eden space 446464K, 0% used [0x00000000e0400000,0x00000000e0400000,0x00000000fb800000)
  from space 1536K, 10% used [0x00000000fb980000,0x00000000fb9a8000,0x00000000fbb00000)
  to   space 1536K, 0% used [0x00000000fb800000,0x00000000fb800000,0x00000000fb980000)
 ParOldGen       total 236544K, used 163669K [0x00000000a0c00000, 0x00000000af300000, 0x00000000e0400000)
  object space 236544K, 69% used [0x00000000a0c00000,0x00000000aabd5570,0x00000000af300000)
 Metaspace       used 17972K, capacity 18213K, committed 18560K, reserved 1067008K
  class space    used 1724K, capacity 1793K, committed 1920K, reserved 1048576K
}
Event: 46.839 GC heap before
{Heap before GC invocations=84 (full 3):
 PSYoungGen      total 448000K, used 446624K [0x00000000e0400000, 0x00000000fbb00000, 0x0000000100000000)
  eden space 446464K, 100% used [0x00000000e0400000,0x00000000fb800000,0x00000000fb800000)
  from space 1536K, 10% used [0x00000000fb980000,0x00000000fb9a8000,0x00000000fbb00000)
  to   space 1536K, 0% used [0x00000000fb800000,0x00000000fb800000,0x00000000fb980000)
 ParOldGen       total 236544K, used 163669K [0x00000000a0c00000, 0x00000000af300000, 0x00000000e0400000)
  object space 236544K, 69% used [0x00000000a0c00000,0x00000000aabd5570,0x00000000af300000)
 Metaspace       used 17972K, capacity 18213K, committed 18560K, reserved 1067008K
  class space    used 1724K, capacity 1793K, committed 1920K, reserved 1048576K
Event: 46.840 GC heap after
Heap after GC invocations=84 (full 3):
 PSYoungGen      total 448000K, used 160K [0x00000000e0400000, 0x00000000fbb80000, 0x0000000100000000)
  eden space 446464K, 0% used [0x00000000e0400000,0x00000000e0400000,0x00000000fb800000)
  from space 1536K, 10% used [0x00000000fb800000,0x00000000fb828000,0x00000000fb980000)
  to   space 1024K, 0% used [0x00000000fba80000,0x00000000fba80000,0x00000000fbb80000)
 ParOldGen       total 236544K, used 163669K [0x00000000a0c00000, 0x00000000af300000, 0x00000000e0400000)
  object space 236544K, 69% used [0x00000000a0c00000,0x00000000aabd5570,0x00000000af300000)
 Metaspace       used 17972K, capacity 18213K, committed 18560K, reserved 1067008K
  class space    used 1724K, capacity 1793K, committed 1920K, reserved 1048576K
}
Event: 47.507 GC heap before
{Heap before GC invocations=85 (full 3):
 PSYoungGen      total 448000K, used 445838K [0x00000000e0400000, 0x00000000fbb80000, 0x0000000100000000)
  eden space 446464K, 99% used [0x00000000e0400000,0x00000000fb73b9f8,0x00000000fb800000)
  from space 1536K, 10% used [0x00000000fb800000,0x00000000fb828000,0x00000000fb980000)
  to   space 1024K, 0% used [0x00000000fba80000,0x00000000fba80000,0x00000000fbb80000)
 ParOldGen       total 236544K, used 163669K [0x00000000a0c00000, 0x00000000af300000, 0x00000000e0400000)
  object space 236544K, 69% used [0x00000000a0c00000,0x00000000aabd5570,0x00000000af300000)
 Metaspace       used 17972K, capacity 18213K, committed 18560K, reserved 1067008K
  class space    used 1724K, capacity 1793K, committed 1920K, reserved 1048576K
Event: 47.512 GC heap after
Heap after GC invocations=85 (full 3):
 PSYoungGen      total 448512K, used 1008K [0x00000000e0400000, 0x00000000fbd80000, 0x0000000100000000)
  eden space 447488K, 0% used [0x00000000e0400000,0x00000000e0400000,0x00000000fb900000)
  from space 1024K, 98% used [0x00000000fba80000,0x00000000fbb7c010,0x00000000fbb80000)
  to   space 1536K, 0% used [0x00000000fb900000,0x00000000fb900000,0x00000000fba80000)
 ParOldGen       total 236544K, used 171769K [0x00000000a0c00000, 0x00000000af300000, 0x00000000e0400000)
  object space 236544K, 72% used [0x00000000a0c00000,0x00000000ab3be580,0x00000000af300000)
 Metaspace       used 17972K, capacity 18213K, committed 18560K, reserved 1067008K
  class space    used 1724K, capacity 1793K, committed 1920K, reserved 1048576K
}

Deoptimization events (10 events):
Event: 10.459 Thread 0x0000000018e55000 Uncommon trap: reason=speculate_class_check action=maybe_recompile pc=0x00000000026bcfa4 method=com.jogamp.common.nio.Buffers.getDirectBufferByteOffset(Ljava/lang/Object;)I @ 22
Event: 10.616 Thread 0x0000000018e55000 Uncommon trap: reason=speculate_class_check action=maybe_recompile pc=0x00000000026c2350 method=com.jogamp.common.nio.Buffers.getDirectBufferByteOffset(Ljava/lang/Object;)I @ 31
Event: 10.616 Thread 0x0000000018e55000 Uncommon trap: reason=speculate_class_check action=maybe_recompile pc=0x00000000026c2350 method=com.jogamp.common.nio.Buffers.getDirectBufferByteOffset(Ljava/lang/Object;)I @ 31
Event: 10.622 Thread 0x0000000018e55000 Uncommon trap: reason=speculate_class_check action=maybe_recompile pc=0x00000000026b9f88 method=com.jogamp.common.nio.Buffers.getDirectBufferByteOffset(Ljava/lang/Object;)I @ 31
Event: 10.622 Thread 0x0000000018e55000 Uncommon trap: reason=speculate_class_check action=maybe_recompile pc=0x00000000026b9f88 method=com.jogamp.common.nio.Buffers.getDirectBufferByteOffset(Ljava/lang/Object;)I @ 31
Event: 10.774 Thread 0x0000000018e55000 Uncommon trap: reason=speculate_class_check action=maybe_recompile pc=0x00000000026c4e6c method=com.jogamp.common.nio.Buffers.getDirectBufferByteOffset(Ljava/lang/Object;)I @ 42
Event: 10.783 Thread 0x0000000018e55000 Uncommon trap: reason=speculate_class_check action=maybe_recompile pc=0x00000000026c4e6c method=com.jogamp.common.nio.Buffers.getDirectBufferByteOffset(Ljava/lang/Object;)I @ 42
Event: 10.797 Thread 0x0000000018e55000 Uncommon trap: reason=speculate_class_check action=maybe_recompile pc=0x00000000026bfa3c method=com.jogamp.common.nio.Buffers.getDirectBufferByteOffset(Ljava/lang/Object;)I @ 53
Event: 10.815 Thread 0x0000000018e55000 Uncommon trap: reason=speculate_class_check action=maybe_recompile pc=0x00000000026bfa3c method=com.jogamp.common.nio.Buffers.getDirectBufferByteOffset(Ljava/lang/Object;)I @ 53
Event: 47.581 Thread 0x0000000018e55000 Uncommon trap: reason=unreached action=reinterpret pc=0x0000000002797f64 method=java.awt.EventQueue.coalesceEvent(Ljava/awt/AWTEvent;I)Z @ 7

Internal exceptions (10 events):
Event: 3.243 Thread 0x0000000018e55000 Exception <a 'java/security/PrivilegedActionException'> (0x00000000e68aa058) thrown at [D:\re\workspace\8-2-build-windows-amd64-cygwin\jdk8u25\1677\hotspot\src\share\vm\prims\jvm.cpp, line 1312]
Event: 3.243 Thread 0x0000000018e55000 Exception <a 'java/security/PrivilegedActionException'> (0x00000000e68adf18) thrown at [D:\re\workspace\8-2-build-windows-amd64-cygwin\jdk8u25\1677\hotspot\src\share\vm\prims\jvm.cpp, line 1312]
Event: 3.243 Thread 0x0000000018e55000 Exception <a 'java/security/PrivilegedActionException'> (0x00000000e68b2320) thrown at [D:\re\workspace\8-2-build-windows-amd64-cygwin\jdk8u25\1677\hotspot\src\share\vm\prims\jvm.cpp, line 1312]
Event: 3.244 Thread 0x0000000018e55000 Exception <a 'java/security/PrivilegedActionException'> (0x00000000e68b6708) thrown at [D:\re\workspace\8-2-build-windows-amd64-cygwin\jdk8u25\1677\hotspot\src\share\vm\prims\jvm.cpp, line 1312]
Event: 3.244 Thread 0x0000000018e55000 Exception <a 'java/security/PrivilegedActionException'> (0x00000000e68ba260) thrown at [D:\re\workspace\8-2-build-windows-amd64-cygwin\jdk8u25\1677\hotspot\src\share\vm\prims\jvm.cpp, line 1312]
Event: 3.244 Thread 0x0000000018e55000 Exception <a 'java/security/PrivilegedActionException'> (0x00000000e68bea60) thrown at [D:\re\workspace\8-2-build-windows-amd64-cygwin\jdk8u25\1677\hotspot\src\share\vm\prims\jvm.cpp, line 1312]
Event: 3.244 Thread 0x0000000018e55000 Exception <a 'java/security/PrivilegedActionException'> (0x00000000e68c2198) thrown at [D:\re\workspace\8-2-build-windows-amd64-cygwin\jdk8u25\1677\hotspot\src\share\vm\prims\jvm.cpp, line 1312]
Event: 3.245 Thread 0x0000000018e55000 Exception <a 'java/security/PrivilegedActionException'> (0x00000000e68c60e0) thrown at [D:\re\workspace\8-2-build-windows-amd64-cygwin\jdk8u25\1677\hotspot\src\share\vm\prims\jvm.cpp, line 1312]
Event: 3.245 Thread 0x0000000018e55000 Exception <a 'java/security/PrivilegedActionException'> (0x00000000e68cbff0) thrown at [D:\re\workspace\8-2-build-windows-amd64-cygwin\jdk8u25\1677\hotspot\src\share\vm\prims\jvm.cpp, line 1312]
Event: 3.258 Thread 0x0000000018e55000 Exception <a 'java/security/PrivilegedActionException'> (0x00000000e69a7600) thrown at [D:\re\workspace\8-2-build-windows-amd64-cygwin\jdk8u25\1677\hotspot\src\share\vm\prims\jvm.cpp, line 1312]

Events (10 events):
Event: 47.582 loading class javax/swing/JComponent$IntVector
Event: 47.582 loading class javax/swing/JComponent$IntVector done
Event: 47.582 loading class javax/swing/KeyboardManager
Event: 47.582 loading class javax/swing/KeyboardManager done
Event: 47.582 loading class javax/swing/Popup$HeavyWeightWindow
Event: 47.582 loading class sun/awt/ModalExclude
Event: 47.582 loading class sun/awt/ModalExclude done
Event: 47.582 loading class javax/swing/JWindow
Event: 47.583 loading class javax/swing/JWindow done
Event: 47.583 loading class javax/swing/Popup$HeavyWeightWindow done


Dynamic libraries:
0x00007ff68d590000 - 0x00007ff68d5c4000 	C:\Program Files\Java\jre1.8.0_25\bin\javaw.exe
0x00007ffe8a980000 - 0x00007ffe8ab2c000 	C:\WINDOWS\SYSTEM32\ntdll.dll
0x00007ffe880e0000 - 0x00007ffe8821e000 	C:\WINDOWS\system32\KERNEL32.DLL
0x00007ffe87c50000 - 0x00007ffe87d65000 	C:\WINDOWS\system32\KERNELBASE.dll
0x00007ffe86650000 - 0x00007ffe866de000 	C:\WINDOWS\system32\apphelp.dll
0x00007ffe7d120000 - 0x00007ffe7d173000 	C:\WINDOWS\AppPatch\AppPatch64\AcGenral.DLL
0x00007ffe88c10000 - 0x00007ffe88cba000 	C:\WINDOWS\system32\msvcrt.dll
0x00007ffe87900000 - 0x00007ffe8792e000 	C:\WINDOWS\SYSTEM32\SspiCli.dll
0x00007ffe885f0000 - 0x00007ffe88644000 	C:\WINDOWS\system32\SHLWAPI.dll
0x00007ffe88290000 - 0x00007ffe88407000 	C:\WINDOWS\system32\USER32.dll
0x00007ffe8a400000 - 0x00007ffe8a594000 	C:\WINDOWS\system32\ole32.dll
0x00007ffe88ee0000 - 0x00007ffe8a3f8000 	C:\WINDOWS\system32\SHELL32.dll
0x00007ffe87070000 - 0x00007ffe87091000 	C:\WINDOWS\SYSTEM32\USERENV.dll
0x00007ffe889f0000 - 0x00007ffe88a9a000 	C:\WINDOWS\system32\ADVAPI32.dll
0x00007ffe7af60000 - 0x00007ffe7af7e000 	C:\WINDOWS\SYSTEM32\MPR.dll
0x00007ffe88840000 - 0x00007ffe88981000 	C:\WINDOWS\system32\RPCRT4.dll
0x00007ffe88b60000 - 0x00007ffe88bb9000 	C:\WINDOWS\SYSTEM32\sechost.dll
0x00007ffe88cc0000 - 0x00007ffe88ed1000 	C:\WINDOWS\SYSTEM32\combase.dll
0x00007ffe8a5a0000 - 0x00007ffe8a6f1000 	C:\WINDOWS\system32\GDI32.dll
0x00007ffe87ad0000 - 0x00007ffe87ae5000 	C:\WINDOWS\SYSTEM32\profapi.dll
0x00007ffe85e70000 - 0x00007ffe85f22000 	C:\WINDOWS\SYSTEM32\SHCORE.dll
0x00007ffe88bd0000 - 0x00007ffe88c06000 	C:\WINDOWS\system32\IMM32.DLL
0x00007ffe88650000 - 0x00007ffe887a2000 	C:\WINDOWS\system32\MSCTF.dll
0x00007ffe851d0000 - 0x00007ffe8544b000 	C:\WINDOWS\WinSxS\amd64_microsoft.windows.common-controls_6595b64144ccf1df_6.0.9600.17415_none_6240486fecbd8abb\COMCTL32.dll
0x0000000066780000 - 0x0000000066852000 	C:\Program Files\Java\jre1.8.0_25\bin\msvcr100.dll
0x00000000668b0000 - 0x000000006710a000 	C:\Program Files\Java\jre1.8.0_25\bin\server\jvm.dll
0x00007ffe6eb60000 - 0x00007ffe6eb69000 	C:\WINDOWS\SYSTEM32\WSOCK32.dll
0x00007ffe7b5d0000 - 0x00007ffe7b5f2000 	C:\WINDOWS\SYSTEM32\WINMM.dll
0x00007ffe88bc0000 - 0x00007ffe88bc7000 	C:\WINDOWS\system32\PSAPI.DLL
0x00007ffe887e0000 - 0x00007ffe8883a000 	C:\WINDOWS\system32\WS2_32.dll
0x00007ffe7b5a0000 - 0x00007ffe7b5ca000 	C:\WINDOWS\SYSTEM32\WINMMBASE.dll
0x00007ffe880d0000 - 0x00007ffe880d9000 	C:\WINDOWS\system32\NSI.dll
0x00007ffe87fb0000 - 0x00007ffe87fff000 	C:\WINDOWS\SYSTEM32\cfgmgr32.dll
0x00007ffe868c0000 - 0x00007ffe868e8000 	C:\WINDOWS\SYSTEM32\DEVOBJ.dll
0x0000000067ae0000 - 0x0000000067aef000 	C:\Program Files\Java\jre1.8.0_25\bin\verify.dll
0x0000000067ab0000 - 0x0000000067ad8000 	C:\Program Files\Java\jre1.8.0_25\bin\java.dll
0x0000000067a90000 - 0x0000000067aa6000 	C:\Program Files\Java\jre1.8.0_25\bin\zip.dll
0x00000000665e0000 - 0x0000000066778000 	C:\Program Files\Java\jre1.8.0_25\bin\awt.dll
0x00007ffe8a700000 - 0x00007ffe8a7c1000 	C:\WINDOWS\system32\OLEAUT32.dll
0x00007ffe85c70000 - 0x00007ffe85c91000 	C:\WINDOWS\system32\DWMAPI.DLL
0x00007ffe86790000 - 0x00007ffe868b9000 	C:\WINDOWS\system32\uxtheme.dll
0x00007ffe868f0000 - 0x00007ffe868fb000 	C:\WINDOWS\SYSTEM32\kernel.appcore.dll
0x00007ffe879a0000 - 0x00007ffe879ab000 	C:\WINDOWS\SYSTEM32\CRYPTBASE.dll
0x00007ffe87930000 - 0x00007ffe87993000 	C:\WINDOWS\SYSTEM32\bcryptPrimitives.dll
0x00007ffe7cd90000 - 0x00007ffe7cfb1000 	C:\WINDOWS\system32\d3d9.dll
0x00007ffe857e0000 - 0x00007ffe857ea000 	C:\WINDOWS\SYSTEM32\VERSION.dll
0x00007ffe85080000 - 0x00007ffe851cb000 	C:\WINDOWS\SYSTEM32\aticfx64.dll
0x00007ffe63110000 - 0x00007ffe63131000 	C:\WINDOWS\SYSTEM32\atiu9p64.dll
0x00007ffe62920000 - 0x00007ffe63105000 	C:\WINDOWS\SYSTEM32\atiumd64.dll
0x00000000671f0000 - 0x00000000679a7000 	C:\WINDOWS\SYSTEM32\atiumd6a.dll
0x0000000066590000 - 0x00000000665d7000 	C:\Program Files\Java\jre1.8.0_25\bin\fontmanager.dll
0x00007ffe87340000 - 0x00007ffe87360000 	C:\WINDOWS\SYSTEM32\CRYPTSP.dll
0x00007ffe86f60000 - 0x00007ffe86f96000 	C:\WINDOWS\system32\rsaenh.dll
0x00007ffe875f0000 - 0x00007ffe87616000 	C:\WINDOWS\SYSTEM32\bcrypt.dll
0x0000000067a70000 - 0x0000000067a8a000 	C:\Program Files\Java\jre1.8.0_25\bin\net.dll
0x00007ffe872e0000 - 0x00007ffe87339000 	C:\WINDOWS\system32\mswsock.dll
0x00007ffe83800000 - 0x00007ffe8382a000 	C:\WINDOWS\SYSTEM32\IPHLPAPI.DLL
0x00007ffe84f70000 - 0x00007ffe84f7a000 	C:\WINDOWS\SYSTEM32\WINNSI.DLL
0x00007ffe82890000 - 0x00007ffe828a6000 	C:\WINDOWS\SYSTEM32\dhcpcsvc6.DLL
0x00007ffe829e0000 - 0x00007ffe829fa000 	C:\WINDOWS\SYSTEM32\dhcpcsvc.DLL
0x0000000066890000 - 0x00000000668a1000 	C:\Program Files\Java\jre1.8.0_25\bin\nio.dll
0x00000000637c0000 - 0x00000000637cd000 	S:\Users\Ben\AppData\Local\Temp\jogamp_0000\file_cache\jln2402573618193534573\jln1421214247968964767\gluegen-rt.dll
0x0000000067a60000 - 0x0000000067a67000 	C:\Program Files\Java\jre1.8.0_25\bin\jawt.dll
0x000000006a440000 - 0x000000006a44d000 	S:\Users\Ben\AppData\Local\Temp\jogamp_0000\file_cache\jln2402573618193534573\jln1421214247968964767\nativewindow_awt.dll
0x000000006c100000 - 0x000000006c10f000 	S:\Users\Ben\AppData\Local\Temp\jogamp_0000\file_cache\jln2402573618193534573\jln1421214247968964767\nativewindow_win32.dll
0x00007ffe78240000 - 0x00007ffe7836b000 	C:\WINDOWS\SYSTEM32\OpenGL32.dll
0x00007ffe7a8c0000 - 0x00007ffe7a8ee000 	C:\WINDOWS\SYSTEM32\GLU32.dll
0x00007ffe78140000 - 0x00007ffe78238000 	C:\WINDOWS\SYSTEM32\DDRAW.dll
0x00007ffe83c30000 - 0x00007ffe83c39000 	C:\WINDOWS\SYSTEM32\DCIMAN32.dll
0x0000000064500000 - 0x00000000645a2000 	S:\Users\Ben\AppData\Local\Temp\jogamp_0000\file_cache\jln2402573618193534573\jln1421214247968964767\jogl_desktop.dll
0x00007ffe76b30000 - 0x00007ffe76b48000 	C:\WINDOWS\SYSTEM32\atig6pxx.dll
0x00000000649e0000 - 0x000000006658f000 	C:\WINDOWS\SYSTEM32\atio6axx.dll
0x00007ffe88410000 - 0x00007ffe885ea000 	C:\WINDOWS\system32\SETUPAPI.dll
0x00007ffe83830000 - 0x00007ffe83967000 	C:\WINDOWS\SYSTEM32\atiadlxx.dll
0x00007ffe83e00000 - 0x00007ffe83f7f000 	C:\WINDOWS\SYSTEM32\PROPSYS.dll
0x00007ffe866e0000 - 0x00007ffe866f2000 	C:\WINDOWS\SYSTEM32\WTSAPI32.dll
0x00007ffe87f50000 - 0x00007ffe87fa1000 	C:\WINDOWS\system32\WINTRUST.dll
0x00007ffe87d70000 - 0x00007ffe87f4f000 	C:\WINDOWS\system32\CRYPT32.dll
0x00007ffe87b80000 - 0x00007ffe87b91000 	C:\WINDOWS\system32\MSASN1.dll
0x00007ffe76b00000 - 0x00007ffe76b29000 	C:\WINDOWS\SYSTEM32\atig6txx.dll
0x00007ffe720d0000 - 0x00007ffe7226c000 	O:\OneDrive\Workspace\ZZavatar\lib\user\KinectPV2\Kinect20.Face.dll
0x00007ffe7b0e0000 - 0x00007ffe7b187000 	C:\WINDOWS\SYSTEM32\MSVCP110.dll
0x00007ffe80220000 - 0x00007ffe802ee000 	C:\WINDOWS\SYSTEM32\MSVCR110.dll
0x00007ffe834b0000 - 0x00007ffe834c0000 	O:\OneDrive\Workspace\ZZavatar\lib\user\KinectPV2\KinectPV2.dll
0x00007ffe76a40000 - 0x00007ffe76afa000 	C:\WINDOWS\SYSTEM32\Kinect20.dll
0x00007ffe7b1e0000 - 0x00007ffe7b2cb000 	C:\WINDOWS\SYSTEM32\MFPlat.DLL
0x00007ffe7af80000 - 0x00007ffe7afa7000 	C:\WINDOWS\SYSTEM32\RTWorkQ.DLL
0x00007ffe856b0000 - 0x00007ffe856bc000 	C:\WINDOWS\SYSTEM32\AVRT.dll
0x00007ffe62090000 - 0x00007ffe6221a000 	C:\WINDOWS\SYSTEM32\dbghelp.dll

VM Arguments:
jvm_args: -Djava.library.path=O:\OneDrive\Workspace\ZZavatar\lib\base\video;O:\OneDrive\Workspace\ZZavatar\lib\base\video;O:\OneDrive\Workspace\ZZavatar\lib\base\video;O:\OneDrive\Workspace\ZZavatar\lib\base\core;O:\OneDrive\Workspace\ZZavatar\lib\base\core;O:\OneDrive\Workspace\ZZavatar\lib\base\core;O:\OneDrive\Workspace\ZZavatar\lib\base\core;O:\OneDrive\Workspace\ZZavatar\lib\base\core;O:\OneDrive\Workspace\ZZavatar\lib\base\core;O:\OneDrive\Workspace\ZZavatar\lib\base\core;O:\OneDrive\Workspace\ZZavatar\lib\base\core;O:\OneDrive\Workspace\ZZavatar\lib\base\core;O:\OneDrive\Workspace\ZZavatar\lib\base\core;O:\OneDrive\Workspace\ZZavatar\lib\base\core;O:\OneDrive\Workspace\ZZavatar\lib\base\core;O:\OneDrive\Workspace\ZZavatar\lib\base\core;O:\OneDrive\Workspace\ZZavatar\lib\base\core;O:\OneDrive\Workspace\ZZavatar\lib\base\core;O:\OneDrive\Workspace\ZZavatar\lib\user\Kinect4WinSDK;O:\OneDrive\Workspace\ZZavatar\lib\user\KinectPV2;O:\OneDrive\Workspace\ZZavatar\lib\user\SimpleOpenNI -Dfile.encoding=Cp1252 
java_command: zzavatar.ZZavatar
java_class_path (initial): O:\OneDrive\Workspace\ZZavatar\lib\base\video\gstreamer-java.jar;O:\OneDrive\Workspace\ZZavatar\lib\base\video\jna.jar;O:\OneDrive\Workspace\ZZavatar\lib\base\video\video.jar;O:\OneDrive\Workspace\ZZavatar\lib\base\core\core.jar;O:\OneDrive\Workspace\ZZavatar\lib\base\core\gluegen-rt-natives-linux-amd64.jar;O:\OneDrive\Workspace\ZZavatar\lib\base\core\gluegen-rt-natives-linux-armv6hf.jar;O:\OneDrive\Workspace\ZZavatar\lib\base\core\gluegen-rt-natives-linux-i586.jar;O:\OneDrive\Workspace\ZZavatar\lib\base\core\gluegen-rt-natives-macosx-universal.jar;O:\OneDrive\Workspace\ZZavatar\lib\base\core\gluegen-rt-natives-windows-amd64.jar;O:\OneDrive\Workspace\ZZavatar\lib\base\core\gluegen-rt-natives-windows-i586.jar;O:\OneDrive\Workspace\ZZavatar\lib\base\core\gluegen-rt.jar;O:\OneDrive\Workspace\ZZavatar\lib\base\core\jogl-all-natives-linux-amd64.jar;O:\OneDrive\Workspace\ZZavatar\lib\base\core\jogl-all-natives-linux-armv6hf.jar;O:\OneDrive\Workspace\ZZavatar\lib\base\core\jogl-all-natives-linux-i586.jar;O:\OneDrive\Workspace\ZZavatar\lib\base\core\jogl-all-natives-macosx-universal.jar;O:\OneDrive\Workspace\ZZavatar\lib\base\core\jogl-all-natives-windows-amd64.jar;O:\OneDrive\Workspace\ZZavatar\lib\base\core\jogl-all-natives-windows-i586.jar;O:\OneDrive\Workspace\ZZavatar\lib\base\core\jogl-all.jar;O:\OneDrive\Workspace\ZZavatar\lib\user\Kinect4WinSDK\Kinect4WinSDK.jar;O:\OneDrive\Workspace\ZZavatar\lib\user\KinectPV2\KinectPV2.jar;O:\OneDrive\Workspace\ZZavatar\lib\user\SimpleOpenNI\SimpleOpenNI.jar;O:\OneDrive\Workspace\ZZavatar\bin
Launcher Type: SUN_STANDARD

Environment Variables:
JAVA_HOME=C:\Program Files\Java\jdk1.8.0_25
PATH=C:/Program Files/Java/jre1.8.0_25/bin/server;C:/Program Files/Java/jre1.8.0_25/bin;C:/Program Files/Java/jre1.8.0_25/lib/amd64;C:\Program Files (x86)\NVIDIA Corporation\PhysX\Common;C:\ProgramData\Oracle\Java\javapath;C:\Program Files (x86)\Common Files\Intel\Shared Libraries\redist\intel64\compiler;C:\Program Files (x86)\Common Files\Intel\Shared Libraries\redist\ia32\compiler;C:\Program Files (x86)\Intel\iCLS Client\;C:\Program Files\Intel\iCLS Client\;C:\Program Files (x86)\AMD APP\bin\x86_64;C:\Program Files (x86)\AMD APP\bin\x86;C:\WINDOWS\system32;C:\WINDOWS;C:\WINDOWS\System32\Wbem;C:\WINDOWS\System32\WindowsPowerShell\v1.0\;C:\Program Files (x86)\ATI Technologies\ATI.ACE\Core-Static;C:\Program Files\Intel\Intel(R) Management Engine Components\DAL;C:\Program Files\Intel\Intel(R) Management Engine Components\IPT;C:\Program Files (x86)\Intel\Intel(R) Management Engine Components\DAL;C:\Program Files (x86)\Intel\Intel(R) Management Engine Components\IPT;C:\Program Files\Sony\VAIO Improvement\;C:\Program Files (x86)\Sony\VAIO Startup Setting Tool;C:\Program Files (x86)\Windows Kits\8.1\Windows Performance Toolkit\;C:\Program Files\Microsoft SQL Server\110\Tools\Binn\;C:\Program Files (x86)\Microsoft SDKs\TypeScript\1.0\;C:\Program Files\Microsoft\Web Platform Installer\;C:\Program Files (x86)\Java\jre1.8.0_25\bin;P:\Programs\Python27\Scripts;P:\Programs\Python27;C:\Program Files\Common Files\Autodesk Shared\;P:\Program Files\Programs;P:\Program Files\Games;P:\Programs\Eclipse;
USERNAME=Benoît
OS=Windows_NT
PROCESSOR_IDENTIFIER=Intel64 Family 6 Model 58 Stepping 9, GenuineIntel



---------------  S Y S T E M  ---------------

OS: Windows 8.1 , 64 bit Build 9600 

CPU:total 8 (4 cores per cpu, 2 threads per core) family 6 model 58 stepping 9, cmov, cx8, fxsr, mmx, sse, sse2, sse3, ssse3, sse4.1, sse4.2, popcnt, avx, aes, clmul, erms, ht, tsc, tscinvbit, tscinv

Memory: 4k page, physical 6237468k(2691020k free), swap 10431772k(5825168k free)

vm_info: Java HotSpot(TM) 64-Bit Server VM (25.25-b02) for windows-amd64 JRE (1.8.0_25-b18), built on Oct  7 2014 14:25:37 by "java_re" with MS VC++ 10.0 (VS2010)

time: Sat Apr 25 16:32:24 2015
elapsed time: 47 seconds (0d 0h 0m 47s)

