#
# A fatal error has been detected by the Java Runtime Environment:
#
#  EXCEPTION_ACCESS_VIOLATION (0xc0000005) at pc=0x00007ff980284113, pid=5344, tid=7784
#
# JRE version: Java(TM) SE Runtime Environment (8.0_25-b18) (build 1.8.0_25-b18)
# Java VM: Java HotSpot(TM) 64-Bit Server VM (25.25-b02 mixed mode windows-amd64 compressed oops)
# Problematic frame:
# C  [KinectPV2.dll+0x4113]
#
# Failed to write core dump. Minidumps are not enabled by default on client versions of Windows
#
# If you would like to submit a bug report, please visit:
#   http://bugreport.sun.com/bugreport/crash.jsp
# The crash happened outside the Java Virtual Machine in native code.
# See problematic frame for where to report the bug.
#

---------------  T H R E A D  ---------------

Current thread (0x0000000018f85800):  JavaThread "Animation Thread" [_thread_in_native, id=7784, stack(0x000000001bf40000,0x000000001c040000)]

siginfo: ExceptionCode=0xc0000005, reading address 0xffffffffffffffff

Registers:
RAX=0x74000138a9f93d80, RBX=0x000000002dd8d040, RCX=0x0000000074899670, RDX=0x0000000000000000
RSP=0x000000001c03e830, RBP=0x0000000000000006, RSI=0x0000000000000000, RDI=0x000000001ee27d88
R8 =0x000000001c03e4f8, R9 =0x0000000000008000, R10=0x0000000000000000, R11=0x000000001c03e730
R12=0x0000000000000000, R13=0x000000001f27e1a8, R14=0x0000000000000000, R15=0x0000000018f85800
RIP=0x00007ff980284113, EFLAGS=0x0000000000010202

Top of Stack: (sp=0x000000001c03e830)
0x000000001c03e830:   000000001ee27d58 000000001f656fe8
0x000000001c03e840:   000000001ee27d58 0000000000000000
0x000000001c03e850:   000000001c03e920 00007ff980281fba
0x000000001c03e860:   000000001c03e920 000000001c03e900
0x000000001c03e870:   0000000018f859e8 0000000018f5dba0
0x000000001c03e880:   00000000a3b45540 0000000001f55b74
0x000000001c03e890:   000000001f27e1a8 00000000a3b45520
0x000000001c03e8a0:   00000000a3b45520 0000000018f85800
0x000000001c03e8b0:   000000001c03e978 0000000001f558a2
0x000000001c03e8c0:   000000001c03e8c0 000000001f27e1a8
0x000000001c03e8d0:   000000001c03e920 000000001f27f138
0x000000001c03e8e0:   0000000000000000 000000001f27e1a8
0x000000001c03e8f0:   0000000000000000 000000001c03e920
0x000000001c03e900:   000000001c03e968 0000000001f47a2d
0x000000001c03e910:   0000000000000000 0000000001f4f6b8
0x000000001c03e920:   00000000a38b0670 000000001c03e928 

Instructions: (pc=0x00007ff980284113)
0x00007ff9802840f3:   48 8b 0f 48 85 c9 74 09 48 8b 01 ff 50 10 4c 89
0x00007ff980284103:   37 48 8b 8f 90 00 00 00 48 85 c9 74 0d 48 8b 01
0x00007ff980284113:   ff 50 10 4c 89 b7 90 00 00 00 48 8b 4f 30 48 85
0x00007ff980284123:   c9 74 0a 48 8b 01 ff 50 10 4c 89 77 30 48 8b 4f 


Register to memory mapping:

RAX=0x74000138a9f93d80 is an unknown value
RBX=0x000000002dd8d040 is an unknown value
RCX=0x0000000074899670 is an unknown value
RDX=0x0000000000000000 is an unknown value
RSP=0x000000001c03e830 is pointing into the stack for thread: 0x0000000018f85800
RBP=0x0000000000000006 is an unknown value
RSI=0x0000000000000000 is an unknown value
RDI=0x000000001ee27d88 is an unknown value
R8 =0x000000001c03e4f8 is pointing into the stack for thread: 0x0000000018f85800
R9 =0x0000000000008000 is an unknown value
R10=0x0000000000000000 is an unknown value
R11=0x000000001c03e730 is pointing into the stack for thread: 0x0000000018f85800
R12=0x0000000000000000 is an unknown value
R13={method} {0x000000001f27e1b0} 'jniStopDevice' '()V' in 'KinectPV2/Device'
R14=0x0000000000000000 is an unknown value
R15=0x0000000018f85800 is a thread


Stack: [0x000000001bf40000,0x000000001c040000],  sp=0x000000001c03e830,  free space=1018k
Native frames: (J=compiled Java code, j=interpreted, Vv=VM code, C=native code)
C  [KinectPV2.dll+0x4113]
C  [KinectPV2.dll+0x1fba]
C  0x0000000001f55b74

Java frames: (J=compiled Java code, j=interpreted, Vv=VM code)
j  KinectPV2.Device.jniStopDevice()V+0
j  KinectPV2.Device.stopDevice()V+41
j  KinectPV2.KinectPV2.dispose()V+14
v  ~StubRoutines::call_stub
j  sun.reflect.NativeMethodAccessorImpl.invoke0(Ljava/lang/reflect/Method;Ljava/lang/Object;[Ljava/lang/Object;)Ljava/lang/Object;+0
j  sun.reflect.NativeMethodAccessorImpl.invoke(Ljava/lang/Object;[Ljava/lang/Object;)Ljava/lang/Object;+100
J 2073 C1 sun.reflect.DelegatingMethodAccessorImpl.invoke(Ljava/lang/Object;[Ljava/lang/Object;)Ljava/lang/Object; (10 bytes) @ 0x00000000026fb3c4 [0x00000000026fb2c0+0x104]
J 2072 C1 java.lang.reflect.Method.invoke(Ljava/lang/Object;[Ljava/lang/Object;)Ljava/lang/Object; (62 bytes) @ 0x00000000026fade4 [0x00000000026faa00+0x3e4]
j  processing.core.PApplet$RegisteredMethods.handle([Ljava/lang/Object;)V+18
J 1871 C1 processing.core.PApplet.handleMethods(Ljava/lang/String;)V (21 bytes) @ 0x000000000262809c [0x0000000002627de0+0x2bc]
j  processing.core.PApplet.dispose()V+35
j  processing.core.PApplet.run()V+283
j  java.lang.Thread.run()V+11
v  ~StubRoutines::call_stub

---------------  P R O C E S S  ---------------

Java Threads: ( => current thread )
  0x0000000018f78800 JavaThread "Thread-4" [_thread_in_vm, id=7852, stack(0x000000002e4d0000,0x000000002e5d0000)]
  0x00000000192e9000 JavaThread "Animation Thread-SharedResourceRunner" daemon [_thread_blocked, id=7916, stack(0x000000001e210000,0x000000001e310000)]
  0x0000000001dee800 JavaThread "DestroyJavaVM" [_thread_blocked, id=8636, stack(0x0000000001ce0000,0x0000000001de0000)]
  0x0000000018f87000 JavaThread "D3D Screen Updater" daemon [_thread_blocked, id=5012, stack(0x000000001c240000,0x000000001c340000)]
=>0x0000000018f85800 JavaThread "Animation Thread" [_thread_in_native, id=7784, stack(0x000000001bf40000,0x000000001c040000)]
  0x0000000018f02000 JavaThread "AWT-EventQueue-0" [_thread_blocked, id=4364, stack(0x000000001bd40000,0x000000001be40000)]
  0x0000000018ec4800 JavaThread "AWT-Windows" daemon [_thread_in_native, id=8108, stack(0x00000000197d0000,0x00000000198d0000)]
  0x0000000018ec2800 JavaThread "AWT-Shutdown" [_thread_blocked, id=8356, stack(0x00000000196d0000,0x00000000197d0000)]
  0x000000001807e000 JavaThread "Java2D Disposer" daemon [_thread_blocked, id=616, stack(0x00000000195d0000,0x00000000196d0000)]
  0x0000000017d33000 JavaThread "Service Thread" daemon [_thread_blocked, id=5784, stack(0x0000000018680000,0x0000000018780000)]
  0x0000000017cb8800 JavaThread "C1 CompilerThread3" daemon [_thread_blocked, id=7616, stack(0x0000000018580000,0x0000000018680000)]
  0x0000000017cb7800 JavaThread "C2 CompilerThread2" daemon [_thread_blocked, id=7336, stack(0x0000000018480000,0x0000000018580000)]
  0x0000000017cae000 JavaThread "C2 CompilerThread1" daemon [_thread_blocked, id=8168, stack(0x0000000018380000,0x0000000018480000)]
  0x0000000017ca8000 JavaThread "C2 CompilerThread0" daemon [_thread_blocked, id=6180, stack(0x0000000018280000,0x0000000018380000)]
  0x0000000017ca6000 JavaThread "Attach Listener" daemon [_thread_blocked, id=5204, stack(0x0000000018180000,0x0000000018280000)]
  0x0000000017ca5000 JavaThread "Signal Dispatcher" daemon [_thread_blocked, id=3008, stack(0x0000000018080000,0x0000000018180000)]
  0x0000000001f39000 JavaThread "Finalizer" daemon [_thread_blocked, id=4800, stack(0x0000000017b80000,0x0000000017c80000)]
  0x0000000015c8c800 JavaThread "Reference Handler" daemon [_thread_blocked, id=7904, stack(0x0000000017a80000,0x0000000017b80000)]

Other Threads:
  0x0000000015c88800 VMThread [stack: 0x0000000017980000,0x0000000017a80000] [id=7288]
  0x0000000017d35000 WatcherThread [stack: 0x0000000018780000,0x0000000018880000] [id=3972]

VM state:not at safepoint (normal execution)

VM Mutex/Monitor currently owned by a thread: None

Heap:
 PSYoungGen      total 380928K, used 240994K [0x00000000e0400000, 0x00000000f8c00000, 0x0000000100000000)
  eden space 359424K, 66% used [0x00000000e0400000,0x00000000eef18890,0x00000000f6300000)
  from space 21504K, 1% used [0x00000000f6300000,0x00000000f6340000,0x00000000f7800000)
  to   space 19968K, 0% used [0x00000000f7880000,0x00000000f7880000,0x00000000f8c00000)
 ParOldGen       total 227840K, used 155442K [0x00000000a0c00000, 0x00000000aea80000, 0x00000000e0400000)
  object space 227840K, 68% used [0x00000000a0c00000,0x00000000aa3cc9a8,0x00000000aea80000)
 Metaspace       used 18028K, capacity 18281K, committed 18560K, reserved 1067008K
  class space    used 1735K, capacity 1793K, committed 1920K, reserved 1048576K

Card table byte_map: [0x0000000011300000,0x0000000011600000] byte_map_base: 0x0000000010dfa000

Marking Bits: (ParMarkBitMap*) 0x00000000772bd490
 Begin Bits: [0x0000000012000000, 0x00000000137d0000)
 End Bits:   [0x00000000137d0000, 0x0000000014fa0000)

Polling page: 0x0000000000510000

CodeCache: size=245760Kb used=9111Kb max_used=9122Kb free=236648Kb
 bounds [0x0000000001f40000, 0x0000000002840000, 0x0000000010f40000]
 total_blobs=3260 nmethods=2388 adapters=785
 compilation: enabled

Compilation events (10 events):
Event: 17.370 Thread 0x0000000017cb8800 2409       3       java.awt.Component::isEnabled (5 bytes)
Event: 17.371 Thread 0x0000000017cb8800 nmethod 2409 0x000000000204f310 code [0x000000000204f460, 0x000000000204f650]
Event: 17.451 Thread 0x0000000017cb8800 2410       3       sun.awt.SunToolkit::targetToAppContext (36 bytes)
Event: 17.452 Thread 0x0000000017cb8800 nmethod 2410 0x0000000002829990 code [0x0000000002829b60, 0x000000000282a448]
Event: 17.453 Thread 0x0000000017cb8800 2411       3       sun.awt.SunToolkit::getAppContext (42 bytes)
Event: 17.453 Thread 0x0000000017cb8800 nmethod 2411 0x0000000002828b50 code [0x0000000002828d40, 0x0000000002829748]
Event: 17.487 Thread 0x0000000017cb8800 2412       3       java.util.LinkedList$ListItr::hasNext (20 bytes)
Event: 17.488 Thread 0x0000000017cb8800 nmethod 2412 0x000000000282d790 code [0x000000000282d8e0, 0x000000000282dab0]
Event: 17.537 Thread 0x0000000017cb7800 2413       4       java.nio.Bits::byteOrder (20 bytes)
Event: 17.538 Thread 0x0000000017cb7800 nmethod 2413 0x00000000026b7850 code [0x00000000026b7980, 0x00000000026b79d8]

GC Heap History (10 events):
Event: 15.090 GC heap before
{Heap before GC invocations=38 (full 3):
 PSYoungGen      total 379392K, used 354944K [0x00000000e0400000, 0x00000000f9080000, 0x0000000100000000)
  eden space 354816K, 100% used [0x00000000e0400000,0x00000000f5e80000,0x00000000f5e80000)
  from space 24576K, 0% used [0x00000000f7880000,0x00000000f78a0000,0x00000000f9080000)
  to   space 25600K, 0% used [0x00000000f5e80000,0x00000000f5e80000,0x00000000f7780000)
 ParOldGen       total 227840K, used 155386K [0x00000000a0c00000, 0x00000000aea80000, 0x00000000e0400000)
  object space 227840K, 68% used [0x00000000a0c00000,0x00000000aa3be9a8,0x00000000aea80000)
 Metaspace       used 17930K, capacity 18153K, committed 18304K, reserved 1064960K
  class space    used 1723K, capacity 1793K, committed 1920K, reserved 1048576K
Event: 15.092 GC heap after
Heap after GC invocations=38 (full 3):
 PSYoungGen      total 380416K, used 160K [0x00000000e0400000, 0x00000000f9100000, 0x0000000100000000)
  eden space 354816K, 0% used [0x00000000e0400000,0x00000000e0400000,0x00000000f5e80000)
  from space 25600K, 0% used [0x00000000f5e80000,0x00000000f5ea8000,0x00000000f7780000)
  to   space 24576K, 0% used [0x00000000f7900000,0x00000000f7900000,0x00000000f9100000)
 ParOldGen       total 227840K, used 155410K [0x00000000a0c00000, 0x00000000aea80000, 0x00000000e0400000)
  object space 227840K, 68% used [0x00000000a0c00000,0x00000000aa3c49a8,0x00000000aea80000)
 Metaspace       used 17930K, capacity 18153K, committed 18304K, reserved 1064960K
  class space    used 1723K, capacity 1793K, committed 1920K, reserved 1048576K
}
Event: 15.625 GC heap before
{Heap before GC invocations=39 (full 3):
 PSYoungGen      total 380416K, used 354976K [0x00000000e0400000, 0x00000000f9100000, 0x0000000100000000)
  eden space 354816K, 100% used [0x00000000e0400000,0x00000000f5e80000,0x00000000f5e80000)
  from space 25600K, 0% used [0x00000000f5e80000,0x00000000f5ea8000,0x00000000f7780000)
  to   space 24576K, 0% used [0x00000000f7900000,0x00000000f7900000,0x00000000f9100000)
 ParOldGen       total 227840K, used 155410K [0x00000000a0c00000, 0x00000000aea80000, 0x00000000e0400000)
  object space 227840K, 68% used [0x00000000a0c00000,0x00000000aa3c49a8,0x00000000aea80000)
 Metaspace       used 18017K, capacity 18217K, committed 18560K, reserved 1067008K
  class space    used 1735K, capacity 1793K, committed 1920K, reserved 1048576K
Event: 15.626 GC heap after
Heap after GC invocations=39 (full 3):
 PSYoungGen      total 379904K, used 224K [0x00000000e0400000, 0x00000000f8f00000, 0x0000000100000000)
  eden space 357376K, 0% used [0x00000000e0400000,0x00000000e0400000,0x00000000f6100000)
  from space 22528K, 0% used [0x00000000f7900000,0x00000000f7938000,0x00000000f8f00000)
  to   space 23552K, 0% used [0x00000000f6100000,0x00000000f6100000,0x00000000f7800000)
 ParOldGen       total 227840K, used 155418K [0x00000000a0c00000, 0x00000000aea80000, 0x00000000e0400000)
  object space 227840K, 68% used [0x00000000a0c00000,0x00000000aa3c69a8,0x00000000aea80000)
 Metaspace       used 18017K, capacity 18217K, committed 18560K, reserved 1067008K
  class space    used 1735K, capacity 1793K, committed 1920K, reserved 1048576K
}
Event: 16.159 GC heap before
{Heap before GC invocations=40 (full 3):
 PSYoungGen      total 379904K, used 355912K [0x00000000e0400000, 0x00000000f8f00000, 0x0000000100000000)
  eden space 357376K, 99% used [0x00000000e0400000,0x00000000f5f5a060,0x00000000f6100000)
  from space 22528K, 0% used [0x00000000f7900000,0x00000000f7938000,0x00000000f8f00000)
  to   space 23552K, 0% used [0x00000000f6100000,0x00000000f6100000,0x00000000f7800000)
 ParOldGen       total 227840K, used 155418K [0x00000000a0c00000, 0x00000000aea80000, 0x00000000e0400000)
  object space 227840K, 68% used [0x00000000a0c00000,0x00000000aa3c69a8,0x00000000aea80000)
 Metaspace       used 18020K, capacity 18217K, committed 18560K, reserved 1067008K
  class space    used 1735K, capacity 1793K, committed 1920K, reserved 1048576K
Event: 16.161 GC heap after
Heap after GC invocations=40 (full 3):
 PSYoungGen      total 380928K, used 160K [0x00000000e0400000, 0x00000000f8f00000, 0x0000000100000000)
  eden space 357376K, 0% used [0x00000000e0400000,0x00000000e0400000,0x00000000f6100000)
  from space 23552K, 0% used [0x00000000f6100000,0x00000000f6128000,0x00000000f7800000)
  to   space 22528K, 0% used [0x00000000f7900000,0x00000000f7900000,0x00000000f8f00000)
 ParOldGen       total 227840K, used 155434K [0x00000000a0c00000, 0x00000000aea80000, 0x00000000e0400000)
  object space 227840K, 68% used [0x00000000a0c00000,0x00000000aa3ca9a8,0x00000000aea80000)
 Metaspace       used 18020K, capacity 18217K, committed 18560K, reserved 1067008K
  class space    used 1735K, capacity 1793K, committed 1920K, reserved 1048576K
}
Event: 16.724 GC heap before
{Heap before GC invocations=41 (full 3):
 PSYoungGen      total 380928K, used 357536K [0x00000000e0400000, 0x00000000f8f00000, 0x0000000100000000)
  eden space 357376K, 100% used [0x00000000e0400000,0x00000000f6100000,0x00000000f6100000)
  from space 23552K, 0% used [0x00000000f6100000,0x00000000f6128000,0x00000000f7800000)
  to   space 22528K, 0% used [0x00000000f7900000,0x00000000f7900000,0x00000000f8f00000)
 ParOldGen       total 227840K, used 155434K [0x00000000a0c00000, 0x00000000aea80000, 0x00000000e0400000)
  object space 227840K, 68% used [0x00000000a0c00000,0x00000000aa3ca9a8,0x00000000aea80000)
 Metaspace       used 18022K, capacity 18217K, committed 18560K, reserved 1067008K
  class space    used 1735K, capacity 1793K, committed 1920K, reserved 1048576K
Event: 16.725 GC heap after
Heap after GC invocations=41 (full 3):
 PSYoungGen      total 379904K, used 256K [0x00000000e0400000, 0x00000000f8d00000, 0x0000000100000000)
  eden space 359424K, 0% used [0x00000000e0400000,0x00000000e0400000,0x00000000f6300000)
  from space 20480K, 1% used [0x00000000f7900000,0x00000000f7940000,0x00000000f8d00000)
  to   space 21504K, 0% used [0x00000000f6300000,0x00000000f6300000,0x00000000f7800000)
 ParOldGen       total 227840K, used 155442K [0x00000000a0c00000, 0x00000000aea80000, 0x00000000e0400000)
  object space 227840K, 68% used [0x00000000a0c00000,0x00000000aa3cc9a8,0x00000000aea80000)
 Metaspace       used 18022K, capacity 18217K, committed 18560K, reserved 1067008K
  class space    used 1735K, capacity 1793K, committed 1920K, reserved 1048576K
}
Event: 17.257 GC heap before
{Heap before GC invocations=42 (full 3):
 PSYoungGen      total 379904K, used 359680K [0x00000000e0400000, 0x00000000f8d00000, 0x0000000100000000)
  eden space 359424K, 100% used [0x00000000e0400000,0x00000000f6300000,0x00000000f6300000)
  from space 20480K, 1% used [0x00000000f7900000,0x00000000f7940000,0x00000000f8d00000)
  to   space 21504K, 0% used [0x00000000f6300000,0x00000000f6300000,0x00000000f7800000)
 ParOldGen       total 227840K, used 155442K [0x00000000a0c00000, 0x00000000aea80000, 0x00000000e0400000)
  object space 227840K, 68% used [0x00000000a0c00000,0x00000000aa3cc9a8,0x00000000aea80000)
 Metaspace       used 18024K, capacity 18217K, committed 18560K, reserved 1067008K
  class space    used 1735K, capacity 1793K, committed 1920K, reserved 1048576K
Event: 17.258 GC heap after
Heap after GC invocations=42 (full 3):
 PSYoungGen      total 380928K, used 256K [0x00000000e0400000, 0x00000000f8c00000, 0x0000000100000000)
  eden space 359424K, 0% used [0x00000000e0400000,0x00000000e0400000,0x00000000f6300000)
  from space 21504K, 1% used [0x00000000f6300000,0x00000000f6340000,0x00000000f7800000)
  to   space 19968K, 0% used [0x00000000f7880000,0x00000000f7880000,0x00000000f8c00000)
 ParOldGen       total 227840K, used 155442K [0x00000000a0c00000, 0x00000000aea80000, 0x00000000e0400000)
  object space 227840K, 68% used [0x00000000a0c00000,0x00000000aa3cc9a8,0x00000000aea80000)
 Metaspace       used 18024K, capacity 18217K, committed 18560K, reserved 1067008K
  class space    used 1735K, capacity 1793K, committed 1920K, reserved 1048576K
}

Deoptimization events (10 events):
Event: 10.938 Thread 0x0000000018f02000 Uncommon trap: reason=speculate_class_check action=maybe_recompile pc=0x0000000002774c8c method=com.jogamp.common.nio.Buffers.getDirectBufferByteOffset(Ljava/lang/Object;)I @ 22
Event: 10.938 Thread 0x0000000018f02000 Uncommon trap: reason=speculate_class_check action=maybe_recompile pc=0x0000000002774c8c method=com.jogamp.common.nio.Buffers.getDirectBufferByteOffset(Ljava/lang/Object;)I @ 22
Event: 10.938 Thread 0x0000000018f02000 Uncommon trap: reason=speculate_class_check action=maybe_recompile pc=0x0000000002774c8c method=com.jogamp.common.nio.Buffers.getDirectBufferByteOffset(Ljava/lang/Object;)I @ 22
Event: 10.938 Thread 0x0000000018f02000 Uncommon trap: reason=speculate_class_check action=maybe_recompile pc=0x0000000002774c8c method=com.jogamp.common.nio.Buffers.getDirectBufferByteOffset(Ljava/lang/Object;)I @ 22
Event: 11.106 Thread 0x0000000018f02000 Uncommon trap: reason=speculate_class_check action=maybe_recompile pc=0x000000000277b8b8 method=com.jogamp.common.nio.Buffers.getDirectBufferByteOffset(Ljava/lang/Object;)I @ 31
Event: 11.106 Thread 0x0000000018f02000 Uncommon trap: reason=speculate_class_check action=maybe_recompile pc=0x000000000277b8b8 method=com.jogamp.common.nio.Buffers.getDirectBufferByteOffset(Ljava/lang/Object;)I @ 31
Event: 11.253 Thread 0x0000000018f02000 Uncommon trap: reason=speculate_class_check action=maybe_recompile pc=0x000000000277e448 method=com.jogamp.common.nio.Buffers.getDirectBufferByteOffset(Ljava/lang/Object;)I @ 42
Event: 11.271 Thread 0x0000000018f02000 Uncommon trap: reason=speculate_class_check action=maybe_recompile pc=0x000000000277e448 method=com.jogamp.common.nio.Buffers.getDirectBufferByteOffset(Ljava/lang/Object;)I @ 42
Event: 11.439 Thread 0x0000000018f02000 Uncommon trap: reason=speculate_class_check action=maybe_recompile pc=0x000000000278709c method=com.jogamp.common.nio.Buffers.getDirectBufferByteOffset(Ljava/lang/Object;)I @ 53
Event: 11.447 Thread 0x0000000018f02000 Uncommon trap: reason=speculate_class_check action=maybe_recompile pc=0x000000000278709c method=com.jogamp.common.nio.Buffers.getDirectBufferByteOffset(Ljava/lang/Object;)I @ 53

Internal exceptions (10 events):
Event: 3.139 Thread 0x0000000018f02000 Exception <a 'java/security/PrivilegedActionException'> (0x00000000e3d45930) thrown at [D:\re\workspace\8-2-build-windows-amd64-cygwin\jdk8u25\1677\hotspot\src\share\vm\prims\jvm.cpp, line 1312]
Event: 3.139 Thread 0x0000000018f02000 Exception <a 'java/security/PrivilegedActionException'> (0x00000000e3d497f0) thrown at [D:\re\workspace\8-2-build-windows-amd64-cygwin\jdk8u25\1677\hotspot\src\share\vm\prims\jvm.cpp, line 1312]
Event: 3.139 Thread 0x0000000018f02000 Exception <a 'java/security/PrivilegedActionException'> (0x00000000e3d4dbf8) thrown at [D:\re\workspace\8-2-build-windows-amd64-cygwin\jdk8u25\1677\hotspot\src\share\vm\prims\jvm.cpp, line 1312]
Event: 3.140 Thread 0x0000000018f02000 Exception <a 'java/security/PrivilegedActionException'> (0x00000000e3d51fe0) thrown at [D:\re\workspace\8-2-build-windows-amd64-cygwin\jdk8u25\1677\hotspot\src\share\vm\prims\jvm.cpp, line 1312]
Event: 3.140 Thread 0x0000000018f02000 Exception <a 'java/security/PrivilegedActionException'> (0x00000000e3d55b38) thrown at [D:\re\workspace\8-2-build-windows-amd64-cygwin\jdk8u25\1677\hotspot\src\share\vm\prims\jvm.cpp, line 1312]
Event: 3.140 Thread 0x0000000018f02000 Exception <a 'java/security/PrivilegedActionException'> (0x00000000e3d5a338) thrown at [D:\re\workspace\8-2-build-windows-amd64-cygwin\jdk8u25\1677\hotspot\src\share\vm\prims\jvm.cpp, line 1312]
Event: 3.141 Thread 0x0000000018f02000 Exception <a 'java/security/PrivilegedActionException'> (0x00000000e3d5da70) thrown at [D:\re\workspace\8-2-build-windows-amd64-cygwin\jdk8u25\1677\hotspot\src\share\vm\prims\jvm.cpp, line 1312]
Event: 3.141 Thread 0x0000000018f02000 Exception <a 'java/security/PrivilegedActionException'> (0x00000000e3d619b8) thrown at [D:\re\workspace\8-2-build-windows-amd64-cygwin\jdk8u25\1677\hotspot\src\share\vm\prims\jvm.cpp, line 1312]
Event: 3.142 Thread 0x0000000018f02000 Exception <a 'java/security/PrivilegedActionException'> (0x00000000e3d678c8) thrown at [D:\re\workspace\8-2-build-windows-amd64-cygwin\jdk8u25\1677\hotspot\src\share\vm\prims\jvm.cpp, line 1312]
Event: 3.158 Thread 0x0000000018f02000 Exception <a 'java/security/PrivilegedActionException'> (0x00000000e3e41108) thrown at [D:\re\workspace\8-2-build-windows-amd64-cygwin\jdk8u25\1677\hotspot\src\share\vm\prims\jvm.cpp, line 1312]

Events (10 events):
Event: 16.270 Thread 0x0000000017cb8800 flushing nmethod 0x000000000204e250
Event: 16.270 Thread 0x0000000017cb8800 flushing nmethod 0x000000000204f310
Event: 16.270 Thread 0x0000000017cb8800 flushing nmethod 0x00000000020571d0
Event: 16.270 Thread 0x0000000017cb8800 flushing nmethod 0x0000000002069a90
Event: 16.270 Thread 0x0000000017cb8800 flushing nmethod 0x0000000002075850
Event: 16.293 Thread 0x0000000017cb8800 flushing nmethod 0x00000000020e5410
Event: 16.724 Executing VM operation: ParallelGCFailedAllocation
Event: 16.725 Executing VM operation: ParallelGCFailedAllocation done
Event: 17.257 Executing VM operation: ParallelGCFailedAllocation
Event: 17.258 Executing VM operation: ParallelGCFailedAllocation done


Dynamic libraries:
0x00007ff669010000 - 0x00007ff669044000 	C:\Program Files\Java\jre1.8.0_25\bin\javaw.exe
0x00007ff98c320000 - 0x00007ff98c4cc000 	C:\WINDOWS\SYSTEM32\ntdll.dll
0x00007ff989d20000 - 0x00007ff989e5e000 	C:\WINDOWS\system32\KERNEL32.DLL
0x00007ff9897d0000 - 0x00007ff9898e5000 	C:\WINDOWS\system32\KERNELBASE.dll
0x00007ff987ff0000 - 0x00007ff98807e000 	C:\WINDOWS\system32\apphelp.dll
0x00007ff973750000 - 0x00007ff9737a3000 	C:\WINDOWS\AppPatch\AppPatch64\AcGenral.DLL
0x00007ff98a220000 - 0x00007ff98a2ca000 	C:\WINDOWS\system32\msvcrt.dll
0x00007ff9892a0000 - 0x00007ff9892ce000 	C:\WINDOWS\SYSTEM32\SspiCli.dll
0x00007ff98b980000 - 0x00007ff98b9d4000 	C:\WINDOWS\system32\SHLWAPI.dll
0x00007ff989f00000 - 0x00007ff98a077000 	C:\WINDOWS\system32\USER32.dll
0x00007ff98bb50000 - 0x00007ff98bce4000 	C:\WINDOWS\system32\ole32.dll
0x00007ff98a390000 - 0x00007ff98b8a8000 	C:\WINDOWS\system32\SHELL32.dll
0x00007ff988a10000 - 0x00007ff988a31000 	C:\WINDOWS\SYSTEM32\USERENV.dll
0x00007ff989c10000 - 0x00007ff989cba000 	C:\WINDOWS\system32\ADVAPI32.dll
0x00007ff97c880000 - 0x00007ff97c89e000 	C:\WINDOWS\SYSTEM32\MPR.dll
0x00007ff98b9e0000 - 0x00007ff98bb21000 	C:\WINDOWS\system32\RPCRT4.dll
0x00007ff9899a0000 - 0x00007ff9899f9000 	C:\WINDOWS\SYSTEM32\sechost.dll
0x00007ff98bed0000 - 0x00007ff98c0e1000 	C:\WINDOWS\SYSTEM32\combase.dll
0x00007ff98a0c0000 - 0x00007ff98a211000 	C:\WINDOWS\system32\GDI32.dll
0x00007ff989470000 - 0x00007ff989485000 	C:\WINDOWS\SYSTEM32\profapi.dll
0x00007ff987810000 - 0x00007ff9878c2000 	C:\WINDOWS\SYSTEM32\SHCORE.dll
0x00007ff98a080000 - 0x00007ff98a0b6000 	C:\WINDOWS\system32\IMM32.DLL
0x00007ff98c1c0000 - 0x00007ff98c312000 	C:\WINDOWS\system32\MSCTF.dll
0x00007ff986b90000 - 0x00007ff986e0b000 	C:\WINDOWS\WinSxS\amd64_microsoft.windows.common-controls_6595b64144ccf1df_6.0.9600.17415_none_6240486fecbd8abb\COMCTL32.dll
0x0000000075f50000 - 0x0000000076022000 	C:\Program Files\Java\jre1.8.0_25\bin\msvcr100.dll
0x0000000076ae0000 - 0x000000007733a000 	C:\Program Files\Java\jre1.8.0_25\bin\server\jvm.dll
0x00007ff9707d0000 - 0x00007ff9707d9000 	C:\WINDOWS\SYSTEM32\WSOCK32.dll
0x00007ff97ca00000 - 0x00007ff97ca22000 	C:\WINDOWS\SYSTEM32\WINMM.dll
0x00007ff989e80000 - 0x00007ff989e87000 	C:\WINDOWS\system32\PSAPI.DLL
0x00007ff989a00000 - 0x00007ff989a5a000 	C:\WINDOWS\system32\WS2_32.dll
0x00007ff97c8d0000 - 0x00007ff97c8fa000 	C:\WINDOWS\SYSTEM32\WINMMBASE.dll
0x00007ff98bb30000 - 0x00007ff98bb39000 	C:\WINDOWS\system32\NSI.dll
0x00007ff989950000 - 0x00007ff98999f000 	C:\WINDOWS\SYSTEM32\cfgmgr32.dll
0x00007ff988260000 - 0x00007ff988288000 	C:\WINDOWS\SYSTEM32\DEVOBJ.dll
0x0000000076ad0000 - 0x0000000076adf000 	C:\Program Files\Java\jre1.8.0_25\bin\verify.dll
0x0000000076aa0000 - 0x0000000076ac8000 	C:\Program Files\Java\jre1.8.0_25\bin\java.dll
0x0000000076a80000 - 0x0000000076a96000 	C:\Program Files\Java\jre1.8.0_25\bin\zip.dll
0x0000000075db0000 - 0x0000000075f48000 	C:\Program Files\Java\jre1.8.0_25\bin\awt.dll
0x00007ff98c0f0000 - 0x00007ff98c1b1000 	C:\WINDOWS\system32\OLEAUT32.dll
0x00007ff987610000 - 0x00007ff987631000 	C:\WINDOWS\system32\DWMAPI.DLL
0x00007ff988130000 - 0x00007ff988259000 	C:\WINDOWS\system32\uxtheme.dll
0x00007ff9882b0000 - 0x00007ff9882bb000 	C:\WINDOWS\SYSTEM32\kernel.appcore.dll
0x00007ff989340000 - 0x00007ff98934b000 	C:\WINDOWS\SYSTEM32\CRYPTBASE.dll
0x00007ff9892d0000 - 0x00007ff989333000 	C:\WINDOWS\SYSTEM32\bcryptPrimitives.dll
0x00007ff97e8c0000 - 0x00007ff97eae1000 	C:\WINDOWS\system32\d3d9.dll
0x00007ff987180000 - 0x00007ff98718a000 	C:\WINDOWS\SYSTEM32\VERSION.dll
0x00007ff986970000 - 0x00007ff986abb000 	C:\WINDOWS\SYSTEM32\aticfx64.dll
0x00007ff965270000 - 0x00007ff965291000 	C:\WINDOWS\SYSTEM32\atiu9p64.dll
0x00007ff964a80000 - 0x00007ff965265000 	C:\WINDOWS\SYSTEM32\atiumd64.dll
0x0000000076110000 - 0x00000000768c7000 	C:\WINDOWS\SYSTEM32\atiumd6a.dll
0x00000000769f0000 - 0x0000000076a37000 	C:\Program Files\Java\jre1.8.0_25\bin\fontmanager.dll
0x00007ff988ce0000 - 0x00007ff988d00000 	C:\WINDOWS\SYSTEM32\CRYPTSP.dll
0x00007ff988900000 - 0x00007ff988936000 	C:\WINDOWS\system32\rsaenh.dll
0x00007ff988f90000 - 0x00007ff988fb6000 	C:\WINDOWS\SYSTEM32\bcrypt.dll
0x0000000076a60000 - 0x0000000076a7a000 	C:\Program Files\Java\jre1.8.0_25\bin\net.dll
0x00007ff988c80000 - 0x00007ff988cd9000 	C:\WINDOWS\system32\mswsock.dll
0x00007ff9860b0000 - 0x00007ff9860da000 	C:\WINDOWS\SYSTEM32\IPHLPAPI.DLL
0x00007ff986050000 - 0x00007ff98605a000 	C:\WINDOWS\SYSTEM32\WINNSI.DLL
0x00007ff9841e0000 - 0x00007ff9841f6000 	C:\WINDOWS\SYSTEM32\dhcpcsvc6.DLL
0x00007ff984380000 - 0x00007ff98439a000 	C:\WINDOWS\SYSTEM32\dhcpcsvc.DLL
0x0000000076a40000 - 0x0000000076a51000 	C:\Program Files\Java\jre1.8.0_25\bin\nio.dll
0x00000000637c0000 - 0x00000000637cd000 	S:\Users\Ben\AppData\Local\Temp\jogamp_0000\file_cache\jln2983394793083799402\jln6581581641738142751\gluegen-rt.dll
0x00000000769e0000 - 0x00000000769e7000 	C:\Program Files\Java\jre1.8.0_25\bin\jawt.dll
0x000000006a440000 - 0x000000006a44d000 	S:\Users\Ben\AppData\Local\Temp\jogamp_0000\file_cache\jln2983394793083799402\jln6581581641738142751\nativewindow_awt.dll
0x000000006c100000 - 0x000000006c10f000 	S:\Users\Ben\AppData\Local\Temp\jogamp_0000\file_cache\jln2983394793083799402\jln6581581641738142751\nativewindow_win32.dll
0x00007ff960620000 - 0x00007ff96074b000 	C:\WINDOWS\SYSTEM32\OpenGL32.dll
0x00007ff97d7c0000 - 0x00007ff97d7ee000 	C:\WINDOWS\SYSTEM32\GLU32.dll
0x00007ff966bf0000 - 0x00007ff966ce8000 	C:\WINDOWS\SYSTEM32\DDRAW.dll
0x00007ff980290000 - 0x00007ff980299000 	C:\WINDOWS\SYSTEM32\DCIMAN32.dll
0x0000000064500000 - 0x00000000645a2000 	S:\Users\Ben\AppData\Local\Temp\jogamp_0000\file_cache\jln2983394793083799402\jln6581581641738142751\jogl_desktop.dll
0x00007ff97d720000 - 0x00007ff97d738000 	C:\WINDOWS\SYSTEM32\atig6pxx.dll
0x0000000074200000 - 0x0000000075daf000 	C:\WINDOWS\SYSTEM32\atio6axx.dll
0x00007ff98bcf0000 - 0x00007ff98beca000 	C:\WINDOWS\system32\SETUPAPI.dll
0x00007ff986120000 - 0x00007ff986257000 	C:\WINDOWS\SYSTEM32\atiadlxx.dll
0x00007ff986710000 - 0x00007ff98688f000 	C:\WINDOWS\SYSTEM32\PROPSYS.dll
0x00007ff988080000 - 0x00007ff988092000 	C:\WINDOWS\SYSTEM32\WTSAPI32.dll
0x00007ff9898f0000 - 0x00007ff989941000 	C:\WINDOWS\system32\WINTRUST.dll
0x00007ff989540000 - 0x00007ff98971f000 	C:\WINDOWS\system32\CRYPT32.dll
0x00007ff989520000 - 0x00007ff989531000 	C:\WINDOWS\system32\MSASN1.dll
0x00007ff973720000 - 0x00007ff973749000 	C:\WINDOWS\SYSTEM32\atig6txx.dll
0x00007ff95c1a0000 - 0x00007ff95c33c000 	O:\OneDrive\Workspace\ZZavatar\lib\user\KinectPV2\Kinect20.Face.dll
0x00007ff97c900000 - 0x00007ff97c9a7000 	C:\WINDOWS\SYSTEM32\MSVCP110.dll
0x00007ff981bc0000 - 0x00007ff981c8e000 	C:\WINDOWS\SYSTEM32\MSVCR110.dll
0x00007ff980280000 - 0x00007ff980290000 	O:\OneDrive\Workspace\ZZavatar\lib\user\KinectPV2\KinectPV2.dll
0x00007ff960560000 - 0x00007ff96061a000 	C:\WINDOWS\SYSTEM32\Kinect20.dll
0x00007ff97ca30000 - 0x00007ff97cb1b000 	C:\WINDOWS\SYSTEM32\MFPlat.DLL
0x00007ff97c8a0000 - 0x00007ff97c8c7000 	C:\WINDOWS\SYSTEM32\RTWorkQ.DLL
0x00007ff987050000 - 0x00007ff98705c000 	C:\WINDOWS\SYSTEM32\AVRT.dll
0x00007ff963e10000 - 0x00007ff963f9a000 	C:\WINDOWS\SYSTEM32\dbghelp.dll

VM Arguments:
jvm_args: -Djava.library.path=O:\OneDrive\Workspace\ZZavatar\lib\base\video;O:\OneDrive\Workspace\ZZavatar\lib\base\video;O:\OneDrive\Workspace\ZZavatar\lib\base\video;O:\OneDrive\Workspace\ZZavatar\lib\base\core;O:\OneDrive\Workspace\ZZavatar\lib\base\core;O:\OneDrive\Workspace\ZZavatar\lib\base\core;O:\OneDrive\Workspace\ZZavatar\lib\base\core;O:\OneDrive\Workspace\ZZavatar\lib\base\core;O:\OneDrive\Workspace\ZZavatar\lib\base\core;O:\OneDrive\Workspace\ZZavatar\lib\base\core;O:\OneDrive\Workspace\ZZavatar\lib\base\core;O:\OneDrive\Workspace\ZZavatar\lib\base\core;O:\OneDrive\Workspace\ZZavatar\lib\base\core;O:\OneDrive\Workspace\ZZavatar\lib\base\core;O:\OneDrive\Workspace\ZZavatar\lib\base\core;O:\OneDrive\Workspace\ZZavatar\lib\base\core;O:\OneDrive\Workspace\ZZavatar\lib\base\core;O:\OneDrive\Workspace\ZZavatar\lib\base\core;O:\OneDrive\Workspace\ZZavatar\lib\user\Kinect4WinSDK;O:\OneDrive\Workspace\ZZavatar\lib\user\KinectPV2;O:\OneDrive\Workspace\ZZavatar\lib\user\SimpleOpenNI -Dfile.encoding=Cp1252 
java_command: zzavatar.ZZavatar
java_class_path (initial): O:\OneDrive\Workspace\ZZavatar\lib\base\video\gstreamer-java.jar;O:\OneDrive\Workspace\ZZavatar\lib\base\video\jna.jar;O:\OneDrive\Workspace\ZZavatar\lib\base\video\video.jar;O:\OneDrive\Workspace\ZZavatar\lib\base\core\core.jar;O:\OneDrive\Workspace\ZZavatar\lib\base\core\gluegen-rt-natives-linux-amd64.jar;O:\OneDrive\Workspace\ZZavatar\lib\base\core\gluegen-rt-natives-linux-armv6hf.jar;O:\OneDrive\Workspace\ZZavatar\lib\base\core\gluegen-rt-natives-linux-i586.jar;O:\OneDrive\Workspace\ZZavatar\lib\base\core\gluegen-rt-natives-macosx-universal.jar;O:\OneDrive\Workspace\ZZavatar\lib\base\core\gluegen-rt-natives-windows-amd64.jar;O:\OneDrive\Workspace\ZZavatar\lib\base\core\gluegen-rt-natives-windows-i586.jar;O:\OneDrive\Workspace\ZZavatar\lib\base\core\gluegen-rt.jar;O:\OneDrive\Workspace\ZZavatar\lib\base\core\jogl-all-natives-linux-amd64.jar;O:\OneDrive\Workspace\ZZavatar\lib\base\core\jogl-all-natives-linux-armv6hf.jar;O:\OneDrive\Workspace\ZZavatar\lib\base\core\jogl-all-natives-linux-i586.jar;O:\OneDrive\Workspace\ZZavatar\lib\base\core\jogl-all-natives-macosx-universal.jar;O:\OneDrive\Workspace\ZZavatar\lib\base\core\jogl-all-natives-windows-amd64.jar;O:\OneDrive\Workspace\ZZavatar\lib\base\core\jogl-all-natives-windows-i586.jar;O:\OneDrive\Workspace\ZZavatar\lib\base\core\jogl-all.jar;O:\OneDrive\Workspace\ZZavatar\lib\user\Kinect4WinSDK\Kinect4WinSDK.jar;O:\OneDrive\Workspace\ZZavatar\lib\user\KinectPV2\KinectPV2.jar;O:\OneDrive\Workspace\ZZavatar\lib\user\SimpleOpenNI\SimpleOpenNI.jar;O:\OneDrive\Workspace\ZZavatar\bin
Launcher Type: SUN_STANDARD

Environment Variables:
JAVA_HOME=C:\Program Files\Java\jdk1.8.0_25
PATH=C:/Program Files/Java/jre1.8.0_25/bin/server;C:/Program Files/Java/jre1.8.0_25/bin;C:/Program Files/Java/jre1.8.0_25/lib/amd64;C:\Program Files (x86)\NVIDIA Corporation\PhysX\Common;C:\ProgramData\Oracle\Java\javapath;C:\Program Files (x86)\Common Files\Intel\Shared Libraries\redist\intel64\compiler;C:\Program Files (x86)\Common Files\Intel\Shared Libraries\redist\ia32\compiler;C:\Program Files (x86)\Intel\iCLS Client\;C:\Program Files\Intel\iCLS Client\;C:\Program Files (x86)\AMD APP\bin\x86_64;C:\Program Files (x86)\AMD APP\bin\x86;C:\WINDOWS\system32;C:\WINDOWS;C:\WINDOWS\System32\Wbem;C:\WINDOWS\System32\WindowsPowerShell\v1.0\;C:\Program Files (x86)\ATI Technologies\ATI.ACE\Core-Static;C:\Program Files\Intel\Intel(R) Management Engine Components\DAL;C:\Program Files\Intel\Intel(R) Management Engine Components\IPT;C:\Program Files (x86)\Intel\Intel(R) Management Engine Components\DAL;C:\Program Files (x86)\Intel\Intel(R) Management Engine Components\IPT;C:\Program Files\Sony\VAIO Improvement\;C:\Program Files (x86)\Sony\VAIO Startup Setting Tool;C:\Program Files (x86)\Windows Kits\8.1\Windows Performance Toolkit\;C:\Program Files\Microsoft SQL Server\110\Tools\Binn\;C:\Program Files (x86)\Microsoft SDKs\TypeScript\1.0\;C:\Program Files\Microsoft\Web Platform Installer\;C:\Program Files (x86)\Java\jre1.8.0_25\bin;P:\Programs\Python27\Scripts;P:\Programs\Python27;C:\Program Files\Common Files\Autodesk Shared\;P:\Program Files\Programs;P:\Program Files\Games;P:\Programs\Eclipse;
USERNAME=Benoît
OS=Windows_NT
PROCESSOR_IDENTIFIER=Intel64 Family 6 Model 58 Stepping 9, GenuineIntel



---------------  S Y S T E M  ---------------

OS: Windows 8.1 , 64 bit Build 9600 

CPU:total 8 (4 cores per cpu, 2 threads per core) family 6 model 58 stepping 9, cmov, cx8, fxsr, mmx, sse, sse2, sse3, ssse3, sse4.1, sse4.2, popcnt, avx, aes, clmul, erms, ht, tsc, tscinvbit, tscinv

Memory: 4k page, physical 6237468k(1573892k free), swap 10431772k(4422092k free)

vm_info: Java HotSpot(TM) 64-Bit Server VM (25.25-b02) for windows-amd64 JRE (1.8.0_25-b18), built on Oct  7 2014 14:25:37 by "java_re" with MS VC++ 10.0 (VS2010)

time: Fri Apr 24 16:31:10 2015
elapsed time: 17 seconds (0d 0h 0m 17s)

