#
# A fatal error has been detected by the Java Runtime Environment:
#
#  EXCEPTION_ACCESS_VIOLATION (0xc0000005) at pc=0x00007ffedc7f4110, pid=9652, tid=8488
#
# JRE version: Java(TM) SE Runtime Environment (8.0_25-b18) (build 1.8.0_25-b18)
# Java VM: Java HotSpot(TM) 64-Bit Server VM (25.25-b02 mixed mode windows-amd64 compressed oops)
# Problematic frame:
# C  [KinectPV2.dll+0x4110]
#
# Failed to write core dump. Minidumps are not enabled by default on client versions of Windows
#
# If you would like to submit a bug report, please visit:
#   http://bugreport.sun.com/bugreport/crash.jsp
# The crash happened outside the Java Virtual Machine in native code.
# See problematic frame for where to report the bug.
#

---------------  T H R E A D  ---------------

Current thread (0x000000001905e000):  JavaThread "Animation Thread" [_thread_in_native, id=8488, stack(0x000000001c0b0000,0x000000001c1b0000)]

siginfo: ExceptionCode=0xc0000005, reading address 0xffffffffffffffff

Registers:
RAX=0x0000000000000001, RBX=0x000000002d83e040, RCX=0x007c42f209000009, RDX=0x0000000000000000
RSP=0x000000001c1ae670, RBP=0x0000000000000006, RSI=0x0000000000000000, RDI=0x000000001ec3d1b8
R8 =0x000000001c1ae338, R9 =0x0000000000008000, R10=0x0000000000000000, R11=0x000000001c1ae570
R12=0x0000000000000000, R13=0x000000001ed3d038, R14=0x0000000000000000, R15=0x000000001905e000
RIP=0x00007ffedc7f4110, EFLAGS=0x0000000000010206

Top of Stack: (sp=0x000000001c1ae670)
0x000000001c1ae670:   000000001ec3d188 000000001f0c5c58
0x000000001c1ae680:   000000001ec3d188 0000000000000000
0x000000001c1ae690:   000000001c1ae760 00007ffedc7f1fba
0x000000001c1ae6a0:   000000001c1ae760 000000001c1ae740
0x000000001c1ae6b0:   000000001905e1e8 0000000018fc80c0
0x000000001c1ae6c0:   00000000a3b53db0 0000000002005b74
0x000000001c1ae6d0:   000000001ed3d038 0000000000000021
0x000000001c1ae6e0:   0000000000000021 000000001905e000
0x000000001c1ae6f0:   000000001c1ae7b8 00000000020058a2
0x000000001c1ae700:   000000001c1ae700 000000001ed3d038
0x000000001c1ae710:   000000001c1ae760 000000001ed3dfc8
0x000000001c1ae720:   0000000000000000 000000001ed3d038
0x000000001c1ae730:   0000000000000000 000000001c1ae760
0x000000001c1ae740:   000000001c1ae7a8 0000000001ff7a2d
0x000000001c1ae750:   0000000000000000 0000000001fff6b8
0x000000001c1ae760:   00000000a38c0050 000000001c1ae768 

Instructions: (pc=0x00007ffedc7f4110)
0x00007ffedc7f40f0:   89 77 d0 48 8b 0f 48 85 c9 74 09 48 8b 01 ff 50
0x00007ffedc7f4100:   10 4c 89 37 48 8b 8f 90 00 00 00 48 85 c9 74 0d
0x00007ffedc7f4110:   48 8b 01 ff 50 10 4c 89 b7 90 00 00 00 48 8b 4f
0x00007ffedc7f4120:   30 48 85 c9 74 0a 48 8b 01 ff 50 10 4c 89 77 30 


Register to memory mapping:

RAX=0x0000000000000001 is an unknown value
RBX=0x000000002d83e040 is an unknown value
RCX=0x007c42f209000009 is an unknown value
RDX=0x0000000000000000 is an unknown value
RSP=0x000000001c1ae670 is pointing into the stack for thread: 0x000000001905e000
RBP=0x0000000000000006 is an unknown value
RSI=0x0000000000000000 is an unknown value
RDI=0x000000001ec3d1b8 is an unknown value
R8 =0x000000001c1ae338 is pointing into the stack for thread: 0x000000001905e000
R9 =0x0000000000008000 is an unknown value
R10=0x0000000000000000 is an unknown value
R11=0x000000001c1ae570 is pointing into the stack for thread: 0x000000001905e000
R12=0x0000000000000000 is an unknown value
R13={method} {0x000000001ed3d040} 'jniStopDevice' '()V' in 'KinectPV2/Device'
R14=0x0000000000000000 is an unknown value
R15=0x000000001905e000 is a thread


Stack: [0x000000001c0b0000,0x000000001c1b0000],  sp=0x000000001c1ae670,  free space=1017k
Native frames: (J=compiled Java code, j=interpreted, Vv=VM code, C=native code)
C  [KinectPV2.dll+0x4110]
C  [KinectPV2.dll+0x1fba]
C  0x0000000002005b74

Java frames: (J=compiled Java code, j=interpreted, Vv=VM code)
j  KinectPV2.Device.jniStopDevice()V+0
j  KinectPV2.Device.stopDevice()V+41
j  KinectPV2.KinectPV2.dispose()V+14
v  ~StubRoutines::call_stub
j  sun.reflect.NativeMethodAccessorImpl.invoke0(Ljava/lang/reflect/Method;Ljava/lang/Object;[Ljava/lang/Object;)Ljava/lang/Object;+0
j  sun.reflect.NativeMethodAccessorImpl.invoke(Ljava/lang/Object;[Ljava/lang/Object;)Ljava/lang/Object;+100
J 1746 C1 sun.reflect.DelegatingMethodAccessorImpl.invoke(Ljava/lang/Object;[Ljava/lang/Object;)Ljava/lang/Object; (10 bytes) @ 0x0000000002669784 [0x0000000002669680+0x104]
J 1745 C1 java.lang.reflect.Method.invoke(Ljava/lang/Object;[Ljava/lang/Object;)Ljava/lang/Object; (62 bytes) @ 0x00000000026606a4 [0x00000000026602c0+0x3e4]
j  processing.core.PApplet$RegisteredMethods.handle([Ljava/lang/Object;)V+18
J 1622 C1 processing.core.PApplet.handleMethods(Ljava/lang/String;)V (21 bytes) @ 0x0000000002628a9c [0x00000000026287e0+0x2bc]
j  processing.core.PApplet.dispose()V+35
j  processing.core.PApplet.run()V+283
j  java.lang.Thread.run()V+11
v  ~StubRoutines::call_stub

---------------  P R O C E S S  ---------------

Java Threads: ( => current thread )
  0x000000001957c800 JavaThread "Thread-4" [_thread_in_vm, id=4584, stack(0x000000002df80000,0x000000002e080000)]
  0x000000001917c800 JavaThread "Animation Thread-SharedResourceRunner" daemon [_thread_blocked, id=7084, stack(0x000000001e380000,0x000000001e480000)]
  0x0000000001eee800 JavaThread "DestroyJavaVM" [_thread_blocked, id=9112, stack(0x0000000001de0000,0x0000000001ee0000)]
  0x0000000019040000 JavaThread "D3D Screen Updater" daemon [_thread_blocked, id=9784, stack(0x000000001c3b0000,0x000000001c4b0000)]
=>0x000000001905e000 JavaThread "Animation Thread" [_thread_in_native, id=8488, stack(0x000000001c0b0000,0x000000001c1b0000)]
  0x0000000018fc5000 JavaThread "AWT-EventQueue-0" [_thread_blocked, id=1188, stack(0x000000001beb0000,0x000000001bfb0000)]
  0x0000000018f79000 JavaThread "AWT-Windows" daemon [_thread_in_native, id=6484, stack(0x0000000019890000,0x0000000019990000)]
  0x000000001813e000 JavaThread "AWT-Shutdown" [_thread_blocked, id=8268, stack(0x0000000019790000,0x0000000019890000)]
  0x0000000018f78000 JavaThread "Java2D Disposer" daemon [_thread_blocked, id=1300, stack(0x0000000019690000,0x0000000019790000)]
  0x0000000017df2000 JavaThread "Service Thread" daemon [_thread_blocked, id=1036, stack(0x0000000018740000,0x0000000018840000)]
  0x0000000017d77800 JavaThread "C1 CompilerThread3" daemon [_thread_blocked, id=7240, stack(0x0000000018640000,0x0000000018740000)]
  0x0000000017d77000 JavaThread "C2 CompilerThread2" daemon [_thread_blocked, id=5532, stack(0x0000000018540000,0x0000000018640000)]
  0x0000000017d6e800 JavaThread "C2 CompilerThread1" daemon [_thread_blocked, id=6996, stack(0x0000000018440000,0x0000000018540000)]
  0x0000000017d69800 JavaThread "C2 CompilerThread0" daemon [_thread_blocked, id=8064, stack(0x0000000018340000,0x0000000018440000)]
  0x0000000017d67000 JavaThread "Attach Listener" daemon [_thread_blocked, id=4188, stack(0x0000000018240000,0x0000000018340000)]
  0x0000000017d65800 JavaThread "Signal Dispatcher" daemon [_thread_blocked, id=4104, stack(0x0000000018140000,0x0000000018240000)]
  0x0000000001fe8800 JavaThread "Finalizer" daemon [_thread_blocked, id=8888, stack(0x0000000017c30000,0x0000000017d30000)]
  0x0000000015d3c800 JavaThread "Reference Handler" daemon [_thread_blocked, id=4316, stack(0x0000000017b30000,0x0000000017c30000)]

Other Threads:
  0x0000000015d38800 VMThread [stack: 0x0000000017a30000,0x0000000017b30000] [id=9796]
  0x0000000017df4000 WatcherThread [stack: 0x0000000018840000,0x0000000018940000] [id=8640]

VM state:not at safepoint (normal execution)

VM Mutex/Monitor currently owned by a thread: None

Heap:
 PSYoungGen      total 291840K, used 209079K [0x00000000e0400000, 0x00000000f3a80000, 0x0000000100000000)
  eden space 264704K, 78% used [0x00000000e0400000,0x00000000ed00dc18,0x00000000f0680000)
  from space 27136K, 0% used [0x00000000f0680000,0x00000000f06a0000,0x00000000f2100000)
  to   space 26112K, 0% used [0x00000000f2100000,0x00000000f2100000,0x00000000f3a80000)
 ParOldGen       total 228352K, used 154727K [0x00000000a0c00000, 0x00000000aeb00000, 0x00000000e0400000)
  object space 228352K, 67% used [0x00000000a0c00000,0x00000000aa319e28,0x00000000aeb00000)
 Metaspace       used 17936K, capacity 18153K, committed 18304K, reserved 1064960K
  class space    used 1734K, capacity 1793K, committed 1920K, reserved 1048576K

Card table byte_map: [0x00000000113b0000,0x00000000116b0000] byte_map_base: 0x0000000010eaa000

Marking Bits: (ParMarkBitMap*) 0x000000006ab8d490
 Begin Bits: [0x00000000120b0000, 0x0000000013880000)
 End Bits:   [0x0000000013880000, 0x0000000015050000)

Polling page: 0x0000000001d80000

CodeCache: size=245760Kb used=8148Kb max_used=8162Kb free=237611Kb
 bounds [0x0000000001ff0000, 0x00000000027f0000, 0x0000000010ff0000]
 total_blobs=3048 nmethods=2177 adapters=785
 compilation: enabled

Compilation events (10 events):
Event: 24.105 Thread 0x0000000017d6e800 2173       4       sun.java2d.SunGraphics2D::invalidatePipe (41 bytes)
Event: 24.105 Thread 0x0000000017d6e800 nmethod 2173 0x00000000027e84d0 code [0x00000000027e8600, 0x00000000027e8698]
Event: 24.585 Thread 0x0000000017d77800 2174       1       java.util.HashMap::afterNodeRemoval (1 bytes)
Event: 24.585 Thread 0x0000000017d77800 nmethod 2174 0x00000000027e8210 code [0x00000000027e8360, 0x00000000027e8470]
Event: 24.671 Thread 0x0000000017d77000 2175  s    4       jogamp.opengl.GLBufferObjectTracker::createBufferStorage (459 bytes)
Event: 24.688 Thread 0x0000000017d77000 nmethod 2175 0x00000000027ed450 code [0x00000000027ed6c0, 0x00000000027ee808]
Event: 24.770 Thread 0x0000000017d69800 2176       4       jogamp.opengl.GLBufferObjectTracker$GLBufferStorageImpl::reset (9 bytes)
Event: 24.770 Thread 0x0000000017d69800 nmethod 2176 0x00000000027e8010 code [0x00000000027e8140, 0x00000000027e81b8]
Event: 24.804 Thread 0x0000000017d77800 2177       1       processing.event.Event::getAction (5 bytes)
Event: 24.804 Thread 0x0000000017d77800 nmethod 2177 0x00000000027e7d50 code [0x00000000027e7ea0, 0x00000000027e7fb0]

GC Heap History (10 events):
Event: 20.272 GC heap before
{Heap before GC invocations=34 (full 3):
 PSYoungGen      total 290304K, used 270089K [0x00000000e0400000, 0x00000000f4000000, 0x0000000100000000)
  eden space 262144K, 99% used [0x00000000e0400000,0x00000000f03b93f0,0x00000000f0400000)
  from space 28160K, 29% used [0x00000000f2480000,0x00000000f2c89010,0x00000000f4000000)
  to   space 30720K, 0% used [0x00000000f0400000,0x00000000f0400000,0x00000000f2200000)
 ParOldGen       total 228352K, used 154607K [0x00000000a0c00000, 0x00000000aeb00000, 0x00000000e0400000)
  object space 228352K, 67% used [0x00000000a0c00000,0x00000000aa2fbe28,0x00000000aeb00000)
 Metaspace       used 17935K, capacity 18153K, committed 18304K, reserved 1064960K
  class space    used 1734K, capacity 1793K, committed 1920K, reserved 1048576K
Event: 20.273 GC heap after
Heap after GC invocations=34 (full 3):
 PSYoungGen      total 292864K, used 192K [0x00000000e0400000, 0x00000000f4000000, 0x0000000100000000)
  eden space 262144K, 0% used [0x00000000e0400000,0x00000000e0400000,0x00000000f0400000)
  from space 30720K, 0% used [0x00000000f0400000,0x00000000f0430000,0x00000000f2200000)
  to   space 29696K, 0% used [0x00000000f2300000,0x00000000f2300000,0x00000000f4000000)
 ParOldGen       total 228352K, used 154647K [0x00000000a0c00000, 0x00000000aeb00000, 0x00000000e0400000)
  object space 228352K, 67% used [0x00000000a0c00000,0x00000000aa305e28,0x00000000aeb00000)
 Metaspace       used 17935K, capacity 18153K, committed 18304K, reserved 1064960K
  class space    used 1734K, capacity 1793K, committed 1920K, reserved 1048576K
}
Event: 21.238 GC heap before
{Heap before GC invocations=35 (full 3):
 PSYoungGen      total 292864K, used 261844K [0x00000000e0400000, 0x00000000f4000000, 0x0000000100000000)
  eden space 262144K, 99% used [0x00000000e0400000,0x00000000f03851e8,0x00000000f0400000)
  from space 30720K, 0% used [0x00000000f0400000,0x00000000f0430000,0x00000000f2200000)
  to   space 29696K, 0% used [0x00000000f2300000,0x00000000f2300000,0x00000000f4000000)
 ParOldGen       total 228352K, used 154647K [0x00000000a0c00000, 0x00000000aeb00000, 0x00000000e0400000)
  object space 228352K, 67% used [0x00000000a0c00000,0x00000000aa305e28,0x00000000aeb00000)
 Metaspace       used 17935K, capacity 18153K, committed 18304K, reserved 1064960K
  class space    used 1734K, capacity 1793K, committed 1920K, reserved 1048576K
Event: 21.239 GC heap after
Heap after GC invocations=35 (full 3):
 PSYoungGen      total 291840K, used 160K [0x00000000e0400000, 0x00000000f3e80000, 0x0000000100000000)
  eden space 263680K, 0% used [0x00000000e0400000,0x00000000e0400000,0x00000000f0580000)
  from space 28160K, 0% used [0x00000000f2300000,0x00000000f2328000,0x00000000f3e80000)
  to   space 29184K, 0% used [0x00000000f0580000,0x00000000f0580000,0x00000000f2200000)
 ParOldGen       total 228352K, used 154679K [0x00000000a0c00000, 0x00000000aeb00000, 0x00000000e0400000)
  object space 228352K, 67% used [0x00000000a0c00000,0x00000000aa30de28,0x00000000aeb00000)
 Metaspace       used 17935K, capacity 18153K, committed 18304K, reserved 1064960K
  class space    used 1734K, capacity 1793K, committed 1920K, reserved 1048576K
}
Event: 22.172 GC heap before
{Heap before GC invocations=36 (full 3):
 PSYoungGen      total 291840K, used 259265K [0x00000000e0400000, 0x00000000f3e80000, 0x0000000100000000)
  eden space 263680K, 98% used [0x00000000e0400000,0x00000000f0108410,0x00000000f0580000)
  from space 28160K, 0% used [0x00000000f2300000,0x00000000f2328000,0x00000000f3e80000)
  to   space 29184K, 0% used [0x00000000f0580000,0x00000000f0580000,0x00000000f2200000)
 ParOldGen       total 228352K, used 154679K [0x00000000a0c00000, 0x00000000aeb00000, 0x00000000e0400000)
  object space 228352K, 67% used [0x00000000a0c00000,0x00000000aa30de28,0x00000000aeb00000)
 Metaspace       used 17935K, capacity 18153K, committed 18304K, reserved 1064960K
  class space    used 1734K, capacity 1793K, committed 1920K, reserved 1048576K
Event: 22.173 GC heap after
Heap after GC invocations=36 (full 3):
 PSYoungGen      total 292864K, used 160K [0x00000000e0400000, 0x00000000f3d80000, 0x0000000100000000)
  eden space 263680K, 0% used [0x00000000e0400000,0x00000000e0400000,0x00000000f0580000)
  from space 29184K, 0% used [0x00000000f0580000,0x00000000f05a8000,0x00000000f2200000)
  to   space 28160K, 0% used [0x00000000f2200000,0x00000000f2200000,0x00000000f3d80000)
 ParOldGen       total 228352K, used 154695K [0x00000000a0c00000, 0x00000000aeb00000, 0x00000000e0400000)
  object space 228352K, 67% used [0x00000000a0c00000,0x00000000aa311e28,0x00000000aeb00000)
 Metaspace       used 17935K, capacity 18153K, committed 18304K, reserved 1064960K
  class space    used 1734K, capacity 1793K, committed 1920K, reserved 1048576K
}
Event: 23.137 GC heap before
{Heap before GC invocations=37 (full 3):
 PSYoungGen      total 292864K, used 261954K [0x00000000e0400000, 0x00000000f3d80000, 0x0000000100000000)
  eden space 263680K, 99% used [0x00000000e0400000,0x00000000f03a8898,0x00000000f0580000)
  from space 29184K, 0% used [0x00000000f0580000,0x00000000f05a8000,0x00000000f2200000)
  to   space 28160K, 0% used [0x00000000f2200000,0x00000000f2200000,0x00000000f3d80000)
 ParOldGen       total 228352K, used 154695K [0x00000000a0c00000, 0x00000000aeb00000, 0x00000000e0400000)
  object space 228352K, 67% used [0x00000000a0c00000,0x00000000aa311e28,0x00000000aeb00000)
 Metaspace       used 17935K, capacity 18153K, committed 18304K, reserved 1064960K
  class space    used 1734K, capacity 1793K, committed 1920K, reserved 1048576K
Event: 23.138 GC heap after
Heap after GC invocations=37 (full 3):
 PSYoungGen      total 290816K, used 160K [0x00000000e0400000, 0x00000000f3b80000, 0x0000000100000000)
  eden space 264704K, 0% used [0x00000000e0400000,0x00000000e0400000,0x00000000f0680000)
  from space 26112K, 0% used [0x00000000f2200000,0x00000000f2228000,0x00000000f3b80000)
  to   space 27136K, 0% used [0x00000000f0680000,0x00000000f0680000,0x00000000f2100000)
 ParOldGen       total 228352K, used 154703K [0x00000000a0c00000, 0x00000000aeb00000, 0x00000000e0400000)
  object space 228352K, 67% used [0x00000000a0c00000,0x00000000aa313e28,0x00000000aeb00000)
 Metaspace       used 17935K, capacity 18153K, committed 18304K, reserved 1064960K
  class space    used 1734K, capacity 1793K, committed 1920K, reserved 1048576K
}
Event: 24.102 GC heap before
{Heap before GC invocations=38 (full 3):
 PSYoungGen      total 290816K, used 264676K [0x00000000e0400000, 0x00000000f3b80000, 0x0000000100000000)
  eden space 264704K, 99% used [0x00000000e0400000,0x00000000f0651190,0x00000000f0680000)
  from space 26112K, 0% used [0x00000000f2200000,0x00000000f2228000,0x00000000f3b80000)
  to   space 27136K, 0% used [0x00000000f0680000,0x00000000f0680000,0x00000000f2100000)
 ParOldGen       total 228352K, used 154703K [0x00000000a0c00000, 0x00000000aeb00000, 0x00000000e0400000)
  object space 228352K, 67% used [0x00000000a0c00000,0x00000000aa313e28,0x00000000aeb00000)
 Metaspace       used 17935K, capacity 18153K, committed 18304K, reserved 1064960K
  class space    used 1734K, capacity 1793K, committed 1920K, reserved 1048576K
Event: 24.103 GC heap after
Heap after GC invocations=38 (full 3):
 PSYoungGen      total 291840K, used 128K [0x00000000e0400000, 0x00000000f3a80000, 0x0000000100000000)
  eden space 264704K, 0% used [0x00000000e0400000,0x00000000e0400000,0x00000000f0680000)
  from space 27136K, 0% used [0x00000000f0680000,0x00000000f06a0000,0x00000000f2100000)
  to   space 26112K, 0% used [0x00000000f2100000,0x00000000f2100000,0x00000000f3a80000)
 ParOldGen       total 228352K, used 154727K [0x00000000a0c00000, 0x00000000aeb00000, 0x00000000e0400000)
  object space 228352K, 67% used [0x00000000a0c00000,0x00000000aa319e28,0x00000000aeb00000)
 Metaspace       used 17935K, capacity 18153K, committed 18304K, reserved 1064960K
  class space    used 1734K, capacity 1793K, committed 1920K, reserved 1048576K
}

Deoptimization events (10 events):
Event: 21.692 Thread 0x0000000018fc5000 Uncommon trap: reason=speculate_class_check action=maybe_recompile pc=0x00000000027e459c method=com.jogamp.common.nio.Buffers.getDirectBufferByteOffset(Ljava/lang/Object;)I @ 22
Event: 22.126 Thread 0x0000000018fc5000 Uncommon trap: reason=speculate_class_check action=maybe_recompile pc=0x00000000027e7208 method=com.jogamp.common.nio.Buffers.getDirectBufferByteOffset(Ljava/lang/Object;)I @ 31
Event: 22.137 Thread 0x0000000018fc5000 Uncommon trap: reason=speculate_class_check action=maybe_recompile pc=0x00000000027e7208 method=com.jogamp.common.nio.Buffers.getDirectBufferByteOffset(Ljava/lang/Object;)I @ 31
Event: 22.570 Thread 0x0000000018fc5000 Uncommon trap: reason=speculate_class_check action=maybe_recompile pc=0x00000000027e6be4 method=com.jogamp.common.nio.Buffers.getDirectBufferByteOffset(Ljava/lang/Object;)I @ 42
Event: 22.586 Thread 0x0000000018fc5000 Uncommon trap: reason=speculate_class_check action=maybe_recompile pc=0x00000000027e6be4 method=com.jogamp.common.nio.Buffers.getDirectBufferByteOffset(Ljava/lang/Object;)I @ 42
Event: 23.019 Thread 0x0000000018fc5000 Uncommon trap: reason=speculate_class_check action=maybe_recompile pc=0x00000000027e653c method=com.jogamp.common.nio.Buffers.getDirectBufferByteOffset(Ljava/lang/Object;)I @ 53
Event: 23.037 Thread 0x0000000018fc5000 Uncommon trap: reason=speculate_class_check action=maybe_recompile pc=0x00000000027e653c method=com.jogamp.common.nio.Buffers.getDirectBufferByteOffset(Ljava/lang/Object;)I @ 53
Event: 24.693 Thread 0x0000000018fc5000 Uncommon trap: reason=speculate_class_check action=maybe_recompile pc=0x00000000027ee4e4 method=com.jogamp.common.nio.Buffers.getDirectBufferByteOffset(Ljava/lang/Object;)I @ 22
Event: 24.703 Thread 0x0000000018fc5000 Uncommon trap: reason=speculate_class_check action=maybe_recompile pc=0x00000000027ee4e4 method=com.jogamp.common.nio.Buffers.getDirectBufferByteOffset(Ljava/lang/Object;)I @ 22
Event: 24.835 Thread 0x000000001905e000 Uncommon trap: reason=unreached action=reinterpret pc=0x0000000002681630 method=java.util.HashMap.keySet()Ljava/util/Set; @ 6

Internal exceptions (10 events):
Event: 3.112 Thread 0x0000000018fc5000 Exception <a 'java/security/PrivilegedActionException'> (0x00000000e5c4a208) thrown at [D:\re\workspace\8-2-build-windows-amd64-cygwin\jdk8u25\1677\hotspot\src\share\vm\prims\jvm.cpp, line 1312]
Event: 3.112 Thread 0x0000000018fc5000 Exception <a 'java/security/PrivilegedActionException'> (0x00000000e5c4e610) thrown at [D:\re\workspace\8-2-build-windows-amd64-cygwin\jdk8u25\1677\hotspot\src\share\vm\prims\jvm.cpp, line 1312]
Event: 3.113 Thread 0x0000000018fc5000 Exception <a 'java/security/PrivilegedActionException'> (0x00000000e5c529f8) thrown at [D:\re\workspace\8-2-build-windows-amd64-cygwin\jdk8u25\1677\hotspot\src\share\vm\prims\jvm.cpp, line 1312]
Event: 3.113 Thread 0x0000000018fc5000 Exception <a 'java/security/PrivilegedActionException'> (0x00000000e5c56550) thrown at [D:\re\workspace\8-2-build-windows-amd64-cygwin\jdk8u25\1677\hotspot\src\share\vm\prims\jvm.cpp, line 1312]
Event: 3.113 Thread 0x0000000018fc5000 Exception <a 'java/security/PrivilegedActionException'> (0x00000000e5c5ad50) thrown at [D:\re\workspace\8-2-build-windows-amd64-cygwin\jdk8u25\1677\hotspot\src\share\vm\prims\jvm.cpp, line 1312]
Event: 3.113 Thread 0x0000000018fc5000 Exception <a 'java/security/PrivilegedActionException'> (0x00000000e5c5e488) thrown at [D:\re\workspace\8-2-build-windows-amd64-cygwin\jdk8u25\1677\hotspot\src\share\vm\prims\jvm.cpp, line 1312]
Event: 3.114 Thread 0x0000000018fc5000 Exception <a 'java/security/PrivilegedActionException'> (0x00000000e5c623d0) thrown at [D:\re\workspace\8-2-build-windows-amd64-cygwin\jdk8u25\1677\hotspot\src\share\vm\prims\jvm.cpp, line 1312]
Event: 3.114 Thread 0x0000000018fc5000 Exception <a 'java/security/PrivilegedActionException'> (0x00000000e5c682e0) thrown at [D:\re\workspace\8-2-build-windows-amd64-cygwin\jdk8u25\1677\hotspot\src\share\vm\prims\jvm.cpp, line 1312]
Event: 3.127 Thread 0x0000000018fc5000 Exception <a 'java/security/PrivilegedActionException'> (0x00000000e5e66cb8) thrown at [D:\re\workspace\8-2-build-windows-amd64-cygwin\jdk8u25\1677\hotspot\src\share\vm\prims\jvm.cpp, line 1312]
Event: 24.835 Thread 0x000000001905e000 Implicit null exception at 0x0000000002681367 to 0x0000000002681621

Events (10 events):
Event: 24.103 Executing VM operation: ParallelGCFailedAllocation done
Event: 24.693 Thread 0x0000000018fc5000 Uncommon trap: trap_request=0xffffff76 fr.pc=0x00000000027ee4e4
Event: 24.693 Thread 0x0000000018fc5000 DEOPT PACKING pc=0x00000000027ee4e4 sp=0x000000001bfad6c0
Event: 24.693 Thread 0x0000000018fc5000 DEOPT UNPACKING pc=0x000000000203556a sp=0x000000001bfad510 mode 2
Event: 24.703 Thread 0x0000000018fc5000 Uncommon trap: trap_request=0xffffff76 fr.pc=0x00000000027ee4e4
Event: 24.703 Thread 0x0000000018fc5000 DEOPT PACKING pc=0x00000000027ee4e4 sp=0x000000001bfad5e0
Event: 24.703 Thread 0x0000000018fc5000 DEOPT UNPACKING pc=0x000000000203556a sp=0x000000001bfad430 mode 2
Event: 24.835 Thread 0x000000001905e000 Uncommon trap: trap_request=0xffffffad fr.pc=0x0000000002681630
Event: 24.835 Thread 0x000000001905e000 DEOPT PACKING pc=0x0000000002681630 sp=0x000000001c1aefd0
Event: 24.835 Thread 0x000000001905e000 DEOPT UNPACKING pc=0x000000000203556a sp=0x000000001c1aef28 mode 2


Dynamic libraries:
0x00007ff745f80000 - 0x00007ff745fb4000 	C:\Program Files\Java\jre1.8.0_25\bin\javaw.exe
0x00007ffee8210000 - 0x00007ffee83bc000 	C:\WINDOWS\SYSTEM32\ntdll.dll
0x00007ffee60e0000 - 0x00007ffee621e000 	C:\WINDOWS\system32\KERNEL32.DLL
0x00007ffee54e0000 - 0x00007ffee55f5000 	C:\WINDOWS\system32\KERNELBASE.dll
0x00007ffee3ee0000 - 0x00007ffee3f6e000 	C:\WINDOWS\system32\apphelp.dll
0x00007ffecebf0000 - 0x00007ffecec43000 	C:\WINDOWS\AppPatch\AppPatch64\AcGenral.DLL
0x00007ffee6010000 - 0x00007ffee60ba000 	C:\WINDOWS\system32\msvcrt.dll
0x00007ffee5190000 - 0x00007ffee51be000 	C:\WINDOWS\SYSTEM32\SspiCli.dll
0x00007ffee5fb0000 - 0x00007ffee6004000 	C:\WINDOWS\system32\SHLWAPI.dll
0x00007ffee7fd0000 - 0x00007ffee8147000 	C:\WINDOWS\system32\USER32.dll
0x00007ffee5bc0000 - 0x00007ffee5d54000 	C:\WINDOWS\system32\ole32.dll
0x00007ffee66a0000 - 0x00007ffee7bb8000 	C:\WINDOWS\system32\SHELL32.dll
0x00007ffee48f0000 - 0x00007ffee4911000 	C:\WINDOWS\SYSTEM32\USERENV.dll
0x00007ffee5e20000 - 0x00007ffee5eca000 	C:\WINDOWS\system32\ADVAPI32.dll
0x00007ffed7630000 - 0x00007ffed764e000 	C:\WINDOWS\SYSTEM32\MPR.dll
0x00007ffee63f0000 - 0x00007ffee6531000 	C:\WINDOWS\system32\RPCRT4.dll
0x00007ffee5ed0000 - 0x00007ffee5f29000 	C:\WINDOWS\SYSTEM32\sechost.dll
0x00007ffee7db0000 - 0x00007ffee7fc1000 	C:\WINDOWS\SYSTEM32\combase.dll
0x00007ffee6540000 - 0x00007ffee6691000 	C:\WINDOWS\system32\GDI32.dll
0x00007ffee5360000 - 0x00007ffee5375000 	C:\WINDOWS\SYSTEM32\profapi.dll
0x00007ffee3700000 - 0x00007ffee37b2000 	C:\WINDOWS\SYSTEM32\SHCORE.dll
0x00007ffee5a40000 - 0x00007ffee5a76000 	C:\WINDOWS\system32\IMM32.DLL
0x00007ffee6220000 - 0x00007ffee6372000 	C:\WINDOWS\system32\MSCTF.dll
0x00007ffee2a70000 - 0x00007ffee2ceb000 	C:\WINDOWS\WinSxS\amd64_microsoft.windows.common-controls_6595b64144ccf1df_6.0.9600.17415_none_6240486fecbd8abb\COMCTL32.dll
0x00000000696c0000 - 0x0000000069792000 	C:\Program Files\Java\jre1.8.0_25\bin\msvcr100.dll
0x000000006a3b0000 - 0x000000006ac0a000 	C:\Program Files\Java\jre1.8.0_25\bin\server\jvm.dll
0x00007ffecd2f0000 - 0x00007ffecd2f9000 	C:\WINDOWS\SYSTEM32\WSOCK32.dll
0x00007ffed77f0000 - 0x00007ffed7812000 	C:\WINDOWS\SYSTEM32\WINMM.dll
0x00007ffee7da0000 - 0x00007ffee7da7000 	C:\WINDOWS\system32\PSAPI.DLL
0x00007ffee5a80000 - 0x00007ffee5ada000 	C:\WINDOWS\system32\WS2_32.dll
0x00007ffed75d0000 - 0x00007ffed75fa000 	C:\WINDOWS\SYSTEM32\WINMMBASE.dll
0x00007ffee60d0000 - 0x00007ffee60d9000 	C:\WINDOWS\system32\NSI.dll
0x00007ffee5840000 - 0x00007ffee588f000 	C:\WINDOWS\SYSTEM32\cfgmgr32.dll
0x00007ffee4150000 - 0x00007ffee4178000 	C:\WINDOWS\SYSTEM32\DEVOBJ.dll
0x000000006b5e0000 - 0x000000006b5ef000 	C:\Program Files\Java\jre1.8.0_25\bin\verify.dll
0x000000006b5b0000 - 0x000000006b5d8000 	C:\Program Files\Java\jre1.8.0_25\bin\java.dll
0x000000006b590000 - 0x000000006b5a6000 	C:\Program Files\Java\jre1.8.0_25\bin\zip.dll
0x0000000069520000 - 0x00000000696b8000 	C:\Program Files\Java\jre1.8.0_25\bin\awt.dll
0x00007ffee5ae0000 - 0x00007ffee5ba1000 	C:\WINDOWS\system32\OLEAUT32.dll
0x00007ffee3500000 - 0x00007ffee3521000 	C:\WINDOWS\system32\DWMAPI.DLL
0x00007ffee3fd0000 - 0x00007ffee40f9000 	C:\WINDOWS\system32\uxtheme.dll
0x00007ffee41a0000 - 0x00007ffee41ab000 	C:\WINDOWS\SYSTEM32\kernel.appcore.dll
0x00007ffee5230000 - 0x00007ffee523b000 	C:\WINDOWS\SYSTEM32\CRYPTBASE.dll
0x00007ffee51c0000 - 0x00007ffee5223000 	C:\WINDOWS\SYSTEM32\bcryptPrimitives.dll
0x00007ffedaca0000 - 0x00007ffedaec1000 	C:\WINDOWS\system32\d3d9.dll
0x00007ffee3010000 - 0x00007ffee301a000 	C:\WINDOWS\SYSTEM32\VERSION.dll
0x00007ffee2870000 - 0x00007ffee29bb000 	C:\WINDOWS\SYSTEM32\aticfx64.dll
0x00007ffec0180000 - 0x00007ffec01a1000 	C:\WINDOWS\SYSTEM32\atiu9p64.dll
0x00007ffebed60000 - 0x00007ffebf545000 	C:\WINDOWS\SYSTEM32\atiumd64.dll
0x000000006acf0000 - 0x000000006b4a7000 	C:\WINDOWS\SYSTEM32\atiumd6a.dll
0x00000000694d0000 - 0x0000000069517000 	C:\Program Files\Java\jre1.8.0_25\bin\fontmanager.dll
0x00007ffee4d60000 - 0x00007ffee4d80000 	C:\WINDOWS\SYSTEM32\CRYPTSP.dll
0x00007ffee47e0000 - 0x00007ffee4816000 	C:\WINDOWS\system32\rsaenh.dll
0x00007ffee4e80000 - 0x00007ffee4ea6000 	C:\WINDOWS\SYSTEM32\bcrypt.dll
0x000000006b570000 - 0x000000006b58a000 	C:\Program Files\Java\jre1.8.0_25\bin\net.dll
0x00007ffee4b20000 - 0x00007ffee4b79000 	C:\WINDOWS\system32\mswsock.dll
0x00007ffee1080000 - 0x00007ffee10aa000 	C:\WINDOWS\SYSTEM32\IPHLPAPI.DLL
0x00007ffee2670000 - 0x00007ffee267a000 	C:\WINDOWS\SYSTEM32\WINNSI.DLL
0x00007ffee0160000 - 0x00007ffee0176000 	C:\WINDOWS\SYSTEM32\dhcpcsvc6.DLL
0x00007ffee02b0000 - 0x00007ffee02ca000 	C:\WINDOWS\SYSTEM32\dhcpcsvc.DLL
0x000000006a390000 - 0x000000006a3a1000 	C:\Program Files\Java\jre1.8.0_25\bin\nio.dll
0x00000000637c0000 - 0x00000000637cd000 	S:\Users\Ben\AppData\Local\Temp\jogamp_0000\file_cache\jln241216250635375813\jln288042860639422366\gluegen-rt.dll
0x00000000694c0000 - 0x00000000694c7000 	C:\Program Files\Java\jre1.8.0_25\bin\jawt.dll
0x0000000019a00000 - 0x0000000019a0d000 	S:\Users\Ben\AppData\Local\Temp\jogamp_0000\file_cache\jln241216250635375813\jln288042860639422366\nativewindow_awt.dll
0x000000006c100000 - 0x000000006c10f000 	S:\Users\Ben\AppData\Local\Temp\jogamp_0000\file_cache\jln241216250635375813\jln288042860639422366\nativewindow_win32.dll
0x00007ffeda9f0000 - 0x00007ffedab1b000 	C:\WINDOWS\SYSTEM32\OpenGL32.dll
0x00007ffedc550000 - 0x00007ffedc57e000 	C:\WINDOWS\SYSTEM32\GLU32.dll
0x00007ffecf530000 - 0x00007ffecf628000 	C:\WINDOWS\SYSTEM32\DDRAW.dll
0x00007ffee0d60000 - 0x00007ffee0d69000 	C:\WINDOWS\SYSTEM32\DCIMAN32.dll
0x0000000064500000 - 0x00000000645a2000 	S:\Users\Ben\AppData\Local\Temp\jogamp_0000\file_cache\jln241216250635375813\jln288042860639422366\jogl_desktop.dll
0x00007ffedc8d0000 - 0x00007ffedc8e8000 	C:\WINDOWS\SYSTEM32\atig6pxx.dll
0x0000000067910000 - 0x00000000694bf000 	C:\WINDOWS\SYSTEM32\atio6axx.dll
0x00007ffee7bc0000 - 0x00007ffee7d9a000 	C:\WINDOWS\system32\SETUPAPI.dll
0x00007ffee10e0000 - 0x00007ffee1217000 	C:\WINDOWS\SYSTEM32\atiadlxx.dll
0x00007ffee16b0000 - 0x00007ffee182f000 	C:\WINDOWS\SYSTEM32\PROPSYS.dll
0x00007ffee3f70000 - 0x00007ffee3f82000 	C:\WINDOWS\SYSTEM32\WTSAPI32.dll
0x00007ffee57e0000 - 0x00007ffee5831000 	C:\WINDOWS\system32\WINTRUST.dll
0x00007ffee5600000 - 0x00007ffee57df000 	C:\WINDOWS\system32\CRYPT32.dll
0x00007ffee5410000 - 0x00007ffee5421000 	C:\WINDOWS\system32\MSASN1.dll
0x00007ffeda9c0000 - 0x00007ffeda9e9000 	C:\WINDOWS\SYSTEM32\atig6txx.dll
0x00007ffecea00000 - 0x00007ffeceb9c000 	O:\OneDrive\Workspace\ZZavatar\lib\user\KinectPV2\Kinect20.Face.dll
0x00007ffed76f0000 - 0x00007ffed7797000 	C:\WINDOWS\SYSTEM32\MSVCP110.dll
0x00007ffeddd70000 - 0x00007ffedde3e000 	C:\WINDOWS\SYSTEM32\MSVCR110.dll
0x00007ffedc7f0000 - 0x00007ffedc800000 	O:\OneDrive\Workspace\ZZavatar\lib\user\KinectPV2\KinectPV2.dll
0x00007ffeda070000 - 0x00007ffeda12a000 	C:\WINDOWS\SYSTEM32\Kinect20.dll
0x00007ffed7820000 - 0x00007ffed790b000 	C:\WINDOWS\SYSTEM32\MFPlat.DLL
0x00007ffed7650000 - 0x00007ffed7677000 	C:\WINDOWS\SYSTEM32\RTWorkQ.DLL
0x00007ffee3130000 - 0x00007ffee313c000 	C:\WINDOWS\SYSTEM32\AVRT.dll
0x00007ffebeae0000 - 0x00007ffebec6a000 	C:\WINDOWS\SYSTEM32\dbghelp.dll

VM Arguments:
jvm_args: -Djava.library.path=O:\OneDrive\Workspace\ZZavatar\lib\base\video;O:\OneDrive\Workspace\ZZavatar\lib\base\video;O:\OneDrive\Workspace\ZZavatar\lib\base\video;O:\OneDrive\Workspace\ZZavatar\lib\base\core;O:\OneDrive\Workspace\ZZavatar\lib\base\core;O:\OneDrive\Workspace\ZZavatar\lib\base\core;O:\OneDrive\Workspace\ZZavatar\lib\base\core;O:\OneDrive\Workspace\ZZavatar\lib\base\core;O:\OneDrive\Workspace\ZZavatar\lib\base\core;O:\OneDrive\Workspace\ZZavatar\lib\base\core;O:\OneDrive\Workspace\ZZavatar\lib\base\core;O:\OneDrive\Workspace\ZZavatar\lib\base\core;O:\OneDrive\Workspace\ZZavatar\lib\base\core;O:\OneDrive\Workspace\ZZavatar\lib\base\core;O:\OneDrive\Workspace\ZZavatar\lib\base\core;O:\OneDrive\Workspace\ZZavatar\lib\base\core;O:\OneDrive\Workspace\ZZavatar\lib\base\core;O:\OneDrive\Workspace\ZZavatar\lib\base\core;O:\OneDrive\Workspace\ZZavatar\lib\user\Kinect4WinSDK;O:\OneDrive\Workspace\ZZavatar\lib\user\KinectPV2;O:\OneDrive\Workspace\ZZavatar\lib\user\SimpleOpenNI -Dfile.encoding=Cp1252 
java_command: zzavatar.ZZavatar
java_class_path (initial): O:\OneDrive\Workspace\ZZavatar\lib\base\video\gstreamer-java.jar;O:\OneDrive\Workspace\ZZavatar\lib\base\video\jna.jar;O:\OneDrive\Workspace\ZZavatar\lib\base\video\video.jar;O:\OneDrive\Workspace\ZZavatar\lib\base\core\core.jar;O:\OneDrive\Workspace\ZZavatar\lib\base\core\gluegen-rt-natives-linux-amd64.jar;O:\OneDrive\Workspace\ZZavatar\lib\base\core\gluegen-rt-natives-linux-armv6hf.jar;O:\OneDrive\Workspace\ZZavatar\lib\base\core\gluegen-rt-natives-linux-i586.jar;O:\OneDrive\Workspace\ZZavatar\lib\base\core\gluegen-rt-natives-macosx-universal.jar;O:\OneDrive\Workspace\ZZavatar\lib\base\core\gluegen-rt-natives-windows-amd64.jar;O:\OneDrive\Workspace\ZZavatar\lib\base\core\gluegen-rt-natives-windows-i586.jar;O:\OneDrive\Workspace\ZZavatar\lib\base\core\gluegen-rt.jar;O:\OneDrive\Workspace\ZZavatar\lib\base\core\jogl-all-natives-linux-amd64.jar;O:\OneDrive\Workspace\ZZavatar\lib\base\core\jogl-all-natives-linux-armv6hf.jar;O:\OneDrive\Workspace\ZZavatar\lib\base\core\jogl-all-natives-linux-i586.jar;O:\OneDrive\Workspace\ZZavatar\lib\base\core\jogl-all-natives-macosx-universal.jar;O:\OneDrive\Workspace\ZZavatar\lib\base\core\jogl-all-natives-windows-amd64.jar;O:\OneDrive\Workspace\ZZavatar\lib\base\core\jogl-all-natives-windows-i586.jar;O:\OneDrive\Workspace\ZZavatar\lib\base\core\jogl-all.jar;O:\OneDrive\Workspace\ZZavatar\lib\user\Kinect4WinSDK\Kinect4WinSDK.jar;O:\OneDrive\Workspace\ZZavatar\lib\user\KinectPV2\KinectPV2.jar;O:\OneDrive\Workspace\ZZavatar\lib\user\SimpleOpenNI\SimpleOpenNI.jar;O:\OneDrive\Workspace\ZZavatar\bin
Launcher Type: SUN_STANDARD

Environment Variables:
JAVA_HOME=C:\Program Files\Java\jdk1.8.0_25
PATH=C:/Program Files/Java/jre1.8.0_25/bin/server;C:/Program Files/Java/jre1.8.0_25/bin;C:/Program Files/Java/jre1.8.0_25/lib/amd64;C:\Program Files (x86)\NVIDIA Corporation\PhysX\Common;C:\ProgramData\Oracle\Java\javapath;C:\Program Files (x86)\Common Files\Intel\Shared Libraries\redist\intel64\compiler;C:\Program Files (x86)\Common Files\Intel\Shared Libraries\redist\ia32\compiler;C:\Program Files (x86)\Intel\iCLS Client\;C:\Program Files\Intel\iCLS Client\;C:\Program Files (x86)\AMD APP\bin\x86_64;C:\Program Files (x86)\AMD APP\bin\x86;C:\WINDOWS\system32;C:\WINDOWS;C:\WINDOWS\System32\Wbem;C:\WINDOWS\System32\WindowsPowerShell\v1.0\;C:\Program Files (x86)\ATI Technologies\ATI.ACE\Core-Static;C:\Program Files\Intel\Intel(R) Management Engine Components\DAL;C:\Program Files\Intel\Intel(R) Management Engine Components\IPT;C:\Program Files (x86)\Intel\Intel(R) Management Engine Components\DAL;C:\Program Files (x86)\Intel\Intel(R) Management Engine Components\IPT;C:\Program Files\Sony\VAIO Improvement\;C:\Program Files (x86)\Sony\VAIO Startup Setting Tool;C:\Program Files (x86)\Windows Kits\8.1\Windows Performance Toolkit\;C:\Program Files\Microsoft SQL Server\110\Tools\Binn\;C:\Program Files (x86)\Microsoft SDKs\TypeScript\1.0\;C:\Program Files\Microsoft\Web Platform Installer\;C:\Program Files (x86)\Java\jre1.8.0_25\bin;P:\Programs\Python27\Scripts;P:\Programs\Python27;C:\Program Files\Common Files\Autodesk Shared\;P:\Program Files\Programs;P:\Program Files\Games;P:\Programs\Eclipse;
USERNAME=Benoît
OS=Windows_NT
PROCESSOR_IDENTIFIER=Intel64 Family 6 Model 58 Stepping 9, GenuineIntel



---------------  S Y S T E M  ---------------

OS: Windows 8.1 , 64 bit Build 9600 

CPU:total 8 (4 cores per cpu, 2 threads per core) family 6 model 58 stepping 9, cmov, cx8, fxsr, mmx, sse, sse2, sse3, ssse3, sse4.1, sse4.2, popcnt, avx, aes, clmul, erms, ht, tsc, tscinvbit, tscinv

Memory: 4k page, physical 6237468k(1287652k free), swap 10431772k(2737172k free)

vm_info: Java HotSpot(TM) 64-Bit Server VM (25.25-b02) for windows-amd64 JRE (1.8.0_25-b18), built on Oct  7 2014 14:25:37 by "java_re" with MS VC++ 10.0 (VS2010)

time: Thu Apr 23 19:10:04 2015
elapsed time: 24 seconds (0d 0h 0m 24s)

