#
# A fatal error has been detected by the Java Runtime Environment:
#
#  EXCEPTION_ACCESS_VIOLATION (0xc0000005) at pc=0x00007ff980284139, pid=5168, tid=7052
#
# JRE version: Java(TM) SE Runtime Environment (8.0_25-b18) (build 1.8.0_25-b18)
# Java VM: Java HotSpot(TM) 64-Bit Server VM (25.25-b02 mixed mode windows-amd64 compressed oops)
# Problematic frame:
# C  [KinectPV2.dll+0x4139]
#
# Failed to write core dump. Minidumps are not enabled by default on client versions of Windows
#
# If you would like to submit a bug report, please visit:
#   http://bugreport.sun.com/bugreport/crash.jsp
# The crash happened outside the Java Virtual Machine in native code.
# See problematic frame for where to report the bug.
#

---------------  T H R E A D  ---------------

Current thread (0x0000000019e55000):  JavaThread "Animation Thread" [_thread_in_native, id=7052, stack(0x000000001ce90000,0x000000001cf90000)]

siginfo: ExceptionCode=0xc0000005, reading address 0xffffffffffffffff

Registers:
RAX=0x0000000000000001, RBX=0x000000002ebbb040, RCX=0x004dce0b0e00000e, RDX=0x0000000000000000
RSP=0x000000001cf8e730, RBP=0x0000000000000006, RSI=0x0000000000000000, RDI=0x000000001fd21658
R8 =0x000000001cf8e3f8, R9 =0x0000000000008000, R10=0x0000000000000000, R11=0x000000001cf8e630
R12=0x0000000000000000, R13=0x000000002025d198, R14=0x0000000000000000, R15=0x0000000019e55000
RIP=0x00007ff980284139, EFLAGS=0x0000000000010202

Top of Stack: (sp=0x000000001cf8e730)
0x000000001cf8e730:   000000001fd21628 00000000205e4238
0x000000001cf8e740:   000000001fd21628 0000000000000000
0x000000001cf8e750:   000000001cf8e820 00007ff980281fba
0x000000001cf8e760:   000000001cf8e820 000000001cf8e800
0x000000001cf8e770:   0000000019e551e8 0000000019e0a650
0x000000001cf8e780:   00000000a3af1ed8 0000000002e55b74
0x000000001cf8e790:   000000002025d198 0000000000000021
0x000000001cf8e7a0:   0000000000000021 0000000019e55000
0x000000001cf8e7b0:   000000001cf8e878 0000000002e558a2
0x000000001cf8e7c0:   000000001cf8e7c0 000000002025d198
0x000000001cf8e7d0:   000000001cf8e820 000000002025e128
0x000000001cf8e7e0:   0000000000000000 000000002025d198
0x000000001cf8e7f0:   0000000000000000 000000001cf8e820
0x000000001cf8e800:   000000001cf8e868 0000000002e47a2d
0x000000001cf8e810:   0000000000000000 0000000002e4f6b8
0x000000001cf8e820:   00000000a3827230 000000001cf8e828 

Instructions: (pc=0x00007ff980284139)
0x00007ff980284119:   90 00 00 00 48 8b 4f 30 48 85 c9 74 0a 48 8b 01
0x00007ff980284129:   ff 50 10 4c 89 77 30 48 8b 4f 60 48 85 c9 74 0a
0x00007ff980284139:   48 8b 01 ff 50 10 4c 89 77 60 48 83 c7 08 48 ff
0x00007ff980284149:   cd 75 94 48 8b 5c 24 30 48 8b 6c 24 38 48 8b 74 


Register to memory mapping:

RAX=0x0000000000000001 is an unknown value
RBX=0x000000002ebbb040 is an unknown value
RCX=0x004dce0b0e00000e is an unknown value
RDX=0x0000000000000000 is an unknown value
RSP=0x000000001cf8e730 is pointing into the stack for thread: 0x0000000019e55000
RBP=0x0000000000000006 is an unknown value
RSI=0x0000000000000000 is an unknown value
RDI=0x000000001fd21658 is an unknown value
R8 =0x000000001cf8e3f8 is pointing into the stack for thread: 0x0000000019e55000
R9 =0x0000000000008000 is an unknown value
R10=0x0000000000000000 is an unknown value
R11=0x000000001cf8e630 is pointing into the stack for thread: 0x0000000019e55000
R12=0x0000000000000000 is an unknown value
R13={method} {0x000000002025d1a0} 'jniStopDevice' '()V' in 'KinectPV2/Device'
R14=0x0000000000000000 is an unknown value
R15=0x0000000019e55000 is a thread


Stack: [0x000000001ce90000,0x000000001cf90000],  sp=0x000000001cf8e730,  free space=1017k
Native frames: (J=compiled Java code, j=interpreted, Vv=VM code, C=native code)
C  [KinectPV2.dll+0x4139]
C  [KinectPV2.dll+0x1fba]
C  0x0000000002e55b74

Java frames: (J=compiled Java code, j=interpreted, Vv=VM code)
j  KinectPV2.Device.jniStopDevice()V+0
j  KinectPV2.Device.stopDevice()V+41
j  KinectPV2.KinectPV2.dispose()V+14
v  ~StubRoutines::call_stub
j  sun.reflect.NativeMethodAccessorImpl.invoke0(Ljava/lang/reflect/Method;Ljava/lang/Object;[Ljava/lang/Object;)Ljava/lang/Object;+0
j  sun.reflect.NativeMethodAccessorImpl.invoke(Ljava/lang/Object;[Ljava/lang/Object;)Ljava/lang/Object;+100
J 1916 C1 sun.reflect.DelegatingMethodAccessorImpl.invoke(Ljava/lang/Object;[Ljava/lang/Object;)Ljava/lang/Object; (10 bytes) @ 0x0000000003562084 [0x0000000003561f80+0x104]
J 1915 C1 java.lang.reflect.Method.invoke(Ljava/lang/Object;[Ljava/lang/Object;)Ljava/lang/Object; (62 bytes) @ 0x0000000003559364 [0x0000000003558f80+0x3e4]
j  processing.core.PApplet$RegisteredMethods.handle([Ljava/lang/Object;)V+18
J 1767 C1 processing.core.PApplet.handleMethods(Ljava/lang/String;)V (21 bytes) @ 0x00000000034fbd9c [0x00000000034fbae0+0x2bc]
j  processing.core.PApplet.dispose()V+35
j  processing.core.PApplet.run()V+283
j  java.lang.Thread.run()V+11
v  ~StubRoutines::call_stub

---------------  P R O C E S S  ---------------

Java Threads: ( => current thread )
  0x000000001a058000 JavaThread "Animation Thread-SharedResourceRunner" daemon [_thread_blocked, id=6692, stack(0x000000001f160000,0x000000001f260000)]
  0x0000000002e3e800 JavaThread "DestroyJavaVM" [_thread_blocked, id=8200, stack(0x0000000001410000,0x0000000001510000)]
  0x0000000019e39800 JavaThread "D3D Screen Updater" daemon [_thread_blocked, id=6784, stack(0x000000001d190000,0x000000001d290000)]
=>0x0000000019e55000 JavaThread "Animation Thread" [_thread_in_native, id=7052, stack(0x000000001ce90000,0x000000001cf90000)]
  0x0000000019e06000 JavaThread "AWT-EventQueue-0" [_thread_blocked, id=8764, stack(0x000000001cc90000,0x000000001cd90000)]
  0x0000000019d72800 JavaThread "AWT-Windows" daemon [_thread_in_native, id=8044, stack(0x000000001a680000,0x000000001a780000)]
  0x0000000018f9e800 JavaThread "AWT-Shutdown" [_thread_blocked, id=2284, stack(0x000000001a580000,0x000000001a680000)]
  0x0000000019d70000 JavaThread "Java2D Disposer" daemon [_thread_blocked, id=6892, stack(0x000000001a480000,0x000000001a580000)]
  0x0000000018c60000 JavaThread "Service Thread" daemon [_thread_blocked, id=1164, stack(0x00000000195a0000,0x00000000196a0000)]
  0x0000000018bdd800 JavaThread "C1 CompilerThread3" daemon [_thread_blocked, id=6964, stack(0x00000000194a0000,0x00000000195a0000)]
  0x0000000018bdd000 JavaThread "C2 CompilerThread2" daemon [_thread_blocked, id=3068, stack(0x00000000193a0000,0x00000000194a0000)]
  0x0000000018bce000 JavaThread "C2 CompilerThread1" daemon [_thread_blocked, id=4604, stack(0x00000000192a0000,0x00000000193a0000)]
  0x0000000018bcc000 JavaThread "C2 CompilerThread0" daemon [_thread_blocked, id=6004, stack(0x00000000191a0000,0x00000000192a0000)]
  0x0000000018bc6000 JavaThread "Attach Listener" daemon [_thread_blocked, id=5036, stack(0x00000000190a0000,0x00000000191a0000)]
  0x0000000018bc5800 JavaThread "Signal Dispatcher" daemon [_thread_blocked, id=9148, stack(0x0000000018fa0000,0x00000000190a0000)]
  0x0000000002d39800 JavaThread "Finalizer" daemon [_thread_blocked, id=5108, stack(0x0000000018aa0000,0x0000000018ba0000)]
  0x0000000002d31000 JavaThread "Reference Handler" daemon [_thread_blocked, id=3992, stack(0x00000000189a0000,0x0000000018aa0000)]

Other Threads:
  0x0000000016b88800 VMThread [stack: 0x00000000188a0000,0x00000000189a0000] [id=4788]
  0x0000000018c62000 WatcherThread [stack: 0x00000000196a0000,0x00000000197a0000] [id=5224]

VM state:not at safepoint (normal execution)

VM Mutex/Monitor currently owned by a thread: None

Heap:
 PSYoungGen      total 434688K, used 186731K [0x00000000e0400000, 0x00000000fbc00000, 0x0000000100000000)
  eden space 420864K, 44% used [0x00000000e0400000,0x00000000eba2ad38,0x00000000f9f00000)
  from space 13824K, 1% used [0x00000000f9f00000,0x00000000f9f30000,0x00000000fac80000)
  to   space 13312K, 0% used [0x00000000faf00000,0x00000000faf00000,0x00000000fbc00000)
 ParOldGen       total 222208K, used 156764K [0x00000000a0c00000, 0x00000000ae500000, 0x00000000e0400000)
  object space 222208K, 70% used [0x00000000a0c00000,0x00000000aa517088,0x00000000ae500000)
 Metaspace       used 17994K, capacity 18217K, committed 18560K, reserved 1067008K
  class space    used 1735K, capacity 1793K, committed 1920K, reserved 1048576K

Card table byte_map: [0x0000000012200000,0x0000000012500000] byte_map_base: 0x0000000011cfa000

Marking Bits: (ParMarkBitMap*) 0x00000000772bd490
 Begin Bits: [0x0000000012f00000, 0x00000000146d0000)
 End Bits:   [0x00000000146d0000, 0x0000000015ea0000)

Polling page: 0x0000000001280000

CodeCache: size=245760Kb used=7803Kb max_used=9048Kb free=237957Kb
 bounds [0x0000000002e40000, 0x0000000003720000, 0x0000000011e40000]
 total_blobs=2945 nmethods=2074 adapters=785
 compilation: enabled

Compilation events (10 events):
Event: 28.453 Thread 0x0000000018bce000 2384       4       processing.core.PMatrix3D::apply (69 bytes)
Event: 28.454 Thread 0x0000000018bce000 nmethod 2384 0x0000000002f40c50 code [0x0000000002f40da0, 0x0000000002f40ec8]
Event: 28.635 Thread 0x0000000018bcc000 2385       4       java.lang.AbstractStringBuilder::expandCapacity (50 bytes)
Event: 28.638 Thread 0x0000000018bcc000 nmethod 2385 0x00000000030d09d0 code [0x00000000030d0b20, 0x00000000030d0d98]
Event: 28.719 Thread 0x0000000018bdd000 2386       4       java.nio.ByteBuffer::<init> (45 bytes)
Event: 28.721 Thread 0x0000000018bdd000 nmethod 2386 0x0000000002f69a10 code [0x0000000002f69b60, 0x0000000002f69c98]
Event: 28.861 Thread 0x0000000018bdd800 2387       1       processing.event.KeyEvent::getKey (5 bytes)
Event: 28.862 Thread 0x0000000018bdd800 nmethod 2387 0x00000000030ff190 code [0x00000000030ff2e0, 0x00000000030ff3f0]
Event: 28.862 Thread 0x0000000018bdd800 2388       1       processing.event.KeyEvent::getKeyCode (5 bytes)
Event: 28.862 Thread 0x0000000018bdd800 nmethod 2388 0x0000000002fe9a90 code [0x0000000002fe9be0, 0x0000000002fe9cf0]

GC Heap History (10 events):
Event: 26.388 GC heap before
{Heap before GC invocations=56 (full 3):
 PSYoungGen      total 429056K, used 423524K [0x00000000e0400000, 0x00000000fb800000, 0x0000000100000000)
  eden space 415232K, 100% used [0x00000000e0400000,0x00000000f9980000,0x00000000f9980000)
  from space 13824K, 59% used [0x00000000fa800000,0x00000000fb019010,0x00000000fb580000)
  to   space 14848K, 0% used [0x00000000f9980000,0x00000000f9980000,0x00000000fa800000)
 ParOldGen       total 222208K, used 156724K [0x00000000a0c00000, 0x00000000ae500000, 0x00000000e0400000)
  object space 222208K, 70% used [0x00000000a0c00000,0x00000000aa50d088,0x00000000ae500000)
 Metaspace       used 17992K, capacity 18217K, committed 18560K, reserved 1067008K
  class space    used 1735K, capacity 1793K, committed 1920K, reserved 1048576K
Event: 26.390 GC heap after
Heap after GC invocations=56 (full 3):
 PSYoungGen      total 430080K, used 192K [0x00000000e0400000, 0x00000000fb800000, 0x0000000100000000)
  eden space 415232K, 0% used [0x00000000e0400000,0x00000000e0400000,0x00000000f9980000)
  from space 14848K, 1% used [0x00000000f9980000,0x00000000f99b0000,0x00000000fa800000)
  to   space 13824K, 0% used [0x00000000faa80000,0x00000000faa80000,0x00000000fb800000)
 ParOldGen       total 222208K, used 156740K [0x00000000a0c00000, 0x00000000ae500000, 0x00000000e0400000)
  object space 222208K, 70% used [0x00000000a0c00000,0x00000000aa511088,0x00000000ae500000)
 Metaspace       used 17992K, capacity 18217K, committed 18560K, reserved 1067008K
  class space    used 1735K, capacity 1793K, committed 1920K, reserved 1048576K
}
Event: 26.929 GC heap before
{Heap before GC invocations=57 (full 3):
 PSYoungGen      total 430080K, used 415050K [0x00000000e0400000, 0x00000000fb800000, 0x0000000100000000)
  eden space 415232K, 99% used [0x00000000e0400000,0x00000000f9922958,0x00000000f9980000)
  from space 14848K, 1% used [0x00000000f9980000,0x00000000f99b0000,0x00000000fa800000)
  to   space 13824K, 0% used [0x00000000faa80000,0x00000000faa80000,0x00000000fb800000)
 ParOldGen       total 222208K, used 156740K [0x00000000a0c00000, 0x00000000ae500000, 0x00000000e0400000)
  object space 222208K, 70% used [0x00000000a0c00000,0x00000000aa511088,0x00000000ae500000)
 Metaspace       used 17992K, capacity 18217K, committed 18560K, reserved 1067008K
  class space    used 1735K, capacity 1793K, committed 1920K, reserved 1048576K
Event: 26.933 GC heap after
Heap after GC invocations=57 (full 3):
 PSYoungGen      total 431616K, used 8324K [0x00000000e0400000, 0x00000000fba00000, 0x0000000100000000)
  eden space 417792K, 0% used [0x00000000e0400000,0x00000000e0400000,0x00000000f9c00000)
  from space 13824K, 60% used [0x00000000faa80000,0x00000000fb2a1010,0x00000000fb800000)
  to   space 14848K, 0% used [0x00000000f9c00000,0x00000000f9c00000,0x00000000faa80000)
 ParOldGen       total 222208K, used 156740K [0x00000000a0c00000, 0x00000000ae500000, 0x00000000e0400000)
  object space 222208K, 70% used [0x00000000a0c00000,0x00000000aa511088,0x00000000ae500000)
 Metaspace       used 17992K, capacity 18217K, committed 18560K, reserved 1067008K
  class space    used 1735K, capacity 1793K, committed 1920K, reserved 1048576K
}
Event: 27.508 GC heap before
{Heap before GC invocations=58 (full 3):
 PSYoungGen      total 431616K, used 426116K [0x00000000e0400000, 0x00000000fba00000, 0x0000000100000000)
  eden space 417792K, 100% used [0x00000000e0400000,0x00000000f9c00000,0x00000000f9c00000)
  from space 13824K, 60% used [0x00000000faa80000,0x00000000fb2a1010,0x00000000fb800000)
  to   space 14848K, 0% used [0x00000000f9c00000,0x00000000f9c00000,0x00000000faa80000)
 ParOldGen       total 222208K, used 156740K [0x00000000a0c00000, 0x00000000ae500000, 0x00000000e0400000)
  object space 222208K, 70% used [0x00000000a0c00000,0x00000000aa511088,0x00000000ae500000)
 Metaspace       used 17993K, capacity 18217K, committed 18560K, reserved 1067008K
  class space    used 1735K, capacity 1793K, committed 1920K, reserved 1048576K
Event: 27.510 GC heap after
Heap after GC invocations=58 (full 3):
 PSYoungGen      total 432640K, used 160K [0x00000000e0400000, 0x00000000fbb80000, 0x0000000100000000)
  eden space 417792K, 0% used [0x00000000e0400000,0x00000000e0400000,0x00000000f9c00000)
  from space 14848K, 1% used [0x00000000f9c00000,0x00000000f9c28000,0x00000000faa80000)
  to   space 14336K, 0% used [0x00000000fad80000,0x00000000fad80000,0x00000000fbb80000)
 ParOldGen       total 222208K, used 156756K [0x00000000a0c00000, 0x00000000ae500000, 0x00000000e0400000)
  object space 222208K, 70% used [0x00000000a0c00000,0x00000000aa515088,0x00000000ae500000)
 Metaspace       used 17993K, capacity 18217K, committed 18560K, reserved 1067008K
  class space    used 1735K, capacity 1793K, committed 1920K, reserved 1048576K
}
Event: 28.059 GC heap before
{Heap before GC invocations=59 (full 3):
 PSYoungGen      total 432640K, used 411978K [0x00000000e0400000, 0x00000000fbb80000, 0x0000000100000000)
  eden space 417792K, 98% used [0x00000000e0400000,0x00000000f962a828,0x00000000f9c00000)
  from space 14848K, 1% used [0x00000000f9c00000,0x00000000f9c28000,0x00000000faa80000)
  to   space 14336K, 0% used [0x00000000fad80000,0x00000000fad80000,0x00000000fbb80000)
 ParOldGen       total 222208K, used 156756K [0x00000000a0c00000, 0x00000000ae500000, 0x00000000e0400000)
  object space 222208K, 70% used [0x00000000a0c00000,0x00000000aa515088,0x00000000ae500000)
 Metaspace       used 17993K, capacity 18217K, committed 18560K, reserved 1067008K
  class space    used 1735K, capacity 1793K, committed 1920K, reserved 1048576K
Event: 28.060 GC heap after
Heap after GC invocations=59 (full 3):
 PSYoungGen      total 433664K, used 224K [0x00000000e0400000, 0x00000000fba00000, 0x0000000100000000)
  eden space 420864K, 0% used [0x00000000e0400000,0x00000000e0400000,0x00000000f9f00000)
  from space 12800K, 1% used [0x00000000fad80000,0x00000000fadb8000,0x00000000fba00000)
  to   space 13824K, 0% used [0x00000000f9f00000,0x00000000f9f00000,0x00000000fac80000)
 ParOldGen       total 222208K, used 156764K [0x00000000a0c00000, 0x00000000ae500000, 0x00000000e0400000)
  object space 222208K, 70% used [0x00000000a0c00000,0x00000000aa517088,0x00000000ae500000)
 Metaspace       used 17993K, capacity 18217K, committed 18560K, reserved 1067008K
  class space    used 1735K, capacity 1793K, committed 1920K, reserved 1048576K
}
Event: 28.638 GC heap before
{Heap before GC invocations=60 (full 3):
 PSYoungGen      total 433664K, used 421088K [0x00000000e0400000, 0x00000000fba00000, 0x0000000100000000)
  eden space 420864K, 100% used [0x00000000e0400000,0x00000000f9f00000,0x00000000f9f00000)
  from space 12800K, 1% used [0x00000000fad80000,0x00000000fadb8000,0x00000000fba00000)
  to   space 13824K, 0% used [0x00000000f9f00000,0x00000000f9f00000,0x00000000fac80000)
 ParOldGen       total 222208K, used 156764K [0x00000000a0c00000, 0x00000000ae500000, 0x00000000e0400000)
  object space 222208K, 70% used [0x00000000a0c00000,0x00000000aa517088,0x00000000ae500000)
 Metaspace       used 17993K, capacity 18217K, committed 18560K, reserved 1067008K
  class space    used 1735K, capacity 1793K, committed 1920K, reserved 1048576K
Event: 28.640 GC heap after
Heap after GC invocations=60 (full 3):
 PSYoungGen      total 434688K, used 192K [0x00000000e0400000, 0x00000000fbc00000, 0x0000000100000000)
  eden space 420864K, 0% used [0x00000000e0400000,0x00000000e0400000,0x00000000f9f00000)
  from space 13824K, 1% used [0x00000000f9f00000,0x00000000f9f30000,0x00000000fac80000)
  to   space 13312K, 0% used [0x00000000faf00000,0x00000000faf00000,0x00000000fbc00000)
 ParOldGen       total 222208K, used 156764K [0x00000000a0c00000, 0x00000000ae500000, 0x00000000e0400000)
  object space 222208K, 70% used [0x00000000a0c00000,0x00000000aa517088,0x00000000ae500000)
 Metaspace       used 17993K, capacity 18217K, committed 18560K, reserved 1067008K
  class space    used 1735K, capacity 1793K, committed 1920K, reserved 1048576K
}

Deoptimization events (10 events):
Event: 12.264 Thread 0x0000000019e06000 Uncommon trap: reason=speculate_class_check action=maybe_recompile pc=0x000000000368fff8 method=com.jogamp.common.nio.Buffers.getDirectBufferByteOffset(Ljava/lang/Object;)I @ 22
Event: 12.265 Thread 0x0000000019e06000 Uncommon trap: reason=speculate_class_check action=maybe_recompile pc=0x000000000368fff8 method=com.jogamp.common.nio.Buffers.getDirectBufferByteOffset(Ljava/lang/Object;)I @ 22
Event: 12.265 Thread 0x0000000019e06000 Uncommon trap: reason=speculate_class_check action=maybe_recompile pc=0x000000000368fff8 method=com.jogamp.common.nio.Buffers.getDirectBufferByteOffset(Ljava/lang/Object;)I @ 22
Event: 12.486 Thread 0x0000000019e06000 Uncommon trap: reason=speculate_class_check action=maybe_recompile pc=0x00000000036a2cfc method=com.jogamp.common.nio.Buffers.getDirectBufferByteOffset(Ljava/lang/Object;)I @ 31
Event: 12.486 Thread 0x0000000019e06000 Uncommon trap: reason=speculate_class_check action=maybe_recompile pc=0x00000000036a2cfc method=com.jogamp.common.nio.Buffers.getDirectBufferByteOffset(Ljava/lang/Object;)I @ 31
Event: 12.685 Thread 0x0000000019e06000 Uncommon trap: reason=speculate_class_check action=maybe_recompile pc=0x00000000036a5dc8 method=com.jogamp.common.nio.Buffers.getDirectBufferByteOffset(Ljava/lang/Object;)I @ 42
Event: 12.703 Thread 0x0000000019e06000 Uncommon trap: reason=speculate_class_check action=maybe_recompile pc=0x00000000036a5dc8 method=com.jogamp.common.nio.Buffers.getDirectBufferByteOffset(Ljava/lang/Object;)I @ 42
Event: 12.886 Thread 0x0000000019e06000 Uncommon trap: reason=speculate_class_check action=maybe_recompile pc=0x00000000036ade18 method=com.jogamp.common.nio.Buffers.getDirectBufferByteOffset(Ljava/lang/Object;)I @ 53
Event: 12.903 Thread 0x0000000019e06000 Uncommon trap: reason=speculate_class_check action=maybe_recompile pc=0x00000000036ade18 method=com.jogamp.common.nio.Buffers.getDirectBufferByteOffset(Ljava/lang/Object;)I @ 53
Event: 14.097 Thread 0x0000000019e06000 Uncommon trap: reason=bimorphic action=maybe_recompile pc=0x0000000003506110 method=java.util.ArrayList.indexOf(Ljava/lang/Object;)I @ 51

Internal exceptions (10 events):
Event: 2.906 Thread 0x0000000019e06000 Exception <a 'java/security/PrivilegedActionException'> (0x00000000e49a4d38) thrown at [D:\re\workspace\8-2-build-windows-amd64-cygwin\jdk8u25\1677\hotspot\src\share\vm\prims\jvm.cpp, line 1312]
Event: 2.906 Thread 0x0000000019e06000 Exception <a 'java/security/PrivilegedActionException'> (0x00000000e49a8bf8) thrown at [D:\re\workspace\8-2-build-windows-amd64-cygwin\jdk8u25\1677\hotspot\src\share\vm\prims\jvm.cpp, line 1312]
Event: 2.906 Thread 0x0000000019e06000 Exception <a 'java/security/PrivilegedActionException'> (0x00000000e49ad000) thrown at [D:\re\workspace\8-2-build-windows-amd64-cygwin\jdk8u25\1677\hotspot\src\share\vm\prims\jvm.cpp, line 1312]
Event: 2.907 Thread 0x0000000019e06000 Exception <a 'java/security/PrivilegedActionException'> (0x00000000e49b13e8) thrown at [D:\re\workspace\8-2-build-windows-amd64-cygwin\jdk8u25\1677\hotspot\src\share\vm\prims\jvm.cpp, line 1312]
Event: 2.907 Thread 0x0000000019e06000 Exception <a 'java/security/PrivilegedActionException'> (0x00000000e49b4f40) thrown at [D:\re\workspace\8-2-build-windows-amd64-cygwin\jdk8u25\1677\hotspot\src\share\vm\prims\jvm.cpp, line 1312]
Event: 2.907 Thread 0x0000000019e06000 Exception <a 'java/security/PrivilegedActionException'> (0x00000000e49b9740) thrown at [D:\re\workspace\8-2-build-windows-amd64-cygwin\jdk8u25\1677\hotspot\src\share\vm\prims\jvm.cpp, line 1312]
Event: 2.907 Thread 0x0000000019e06000 Exception <a 'java/security/PrivilegedActionException'> (0x00000000e49bce78) thrown at [D:\re\workspace\8-2-build-windows-amd64-cygwin\jdk8u25\1677\hotspot\src\share\vm\prims\jvm.cpp, line 1312]
Event: 2.908 Thread 0x0000000019e06000 Exception <a 'java/security/PrivilegedActionException'> (0x00000000e49c0dc0) thrown at [D:\re\workspace\8-2-build-windows-amd64-cygwin\jdk8u25\1677\hotspot\src\share\vm\prims\jvm.cpp, line 1312]
Event: 2.908 Thread 0x0000000019e06000 Exception <a 'java/security/PrivilegedActionException'> (0x00000000e49c6cd0) thrown at [D:\re\workspace\8-2-build-windows-amd64-cygwin\jdk8u25\1677\hotspot\src\share\vm\prims\jvm.cpp, line 1312]
Event: 2.922 Thread 0x0000000019e06000 Exception <a 'java/security/PrivilegedActionException'> (0x00000000e4aa22e0) thrown at [D:\re\workspace\8-2-build-windows-amd64-cygwin\jdk8u25\1677\hotspot\src\share\vm\prims\jvm.cpp, line 1312]

Events (10 events):
Event: 28.862 Thread 0x0000000018bdd800 flushing nmethod 0x0000000003387190
Event: 28.862 Thread 0x0000000018bdd800 flushing nmethod 0x0000000003388f50
Event: 28.862 Thread 0x0000000018bdd800 flushing nmethod 0x0000000003389710
Event: 28.862 Thread 0x0000000018bdd800 flushing nmethod 0x000000000338b350
Event: 28.862 Thread 0x0000000018bdd800 flushing nmethod 0x0000000003390ad0
Event: 28.862 Thread 0x0000000018bdd800 flushing nmethod 0x0000000003395c10
Event: 28.862 Thread 0x0000000018bdd800 flushing nmethod 0x000000000339b1d0
Event: 28.862 Thread 0x0000000018bdd800 flushing nmethod 0x000000000339c210
Event: 28.862 Thread 0x0000000018bdd800 flushing nmethod 0x00000000033a85d0
Event: 28.888 Thread 0x000000001a3c1000 Thread exited: 0x000000001a3c1000


Dynamic libraries:
0x00007ff669010000 - 0x00007ff669044000 	C:\Program Files\Java\jre1.8.0_25\bin\javaw.exe
0x00007ff98c320000 - 0x00007ff98c4cc000 	C:\WINDOWS\SYSTEM32\ntdll.dll
0x00007ff989d20000 - 0x00007ff989e5e000 	C:\WINDOWS\system32\KERNEL32.DLL
0x00007ff9897d0000 - 0x00007ff9898e5000 	C:\WINDOWS\system32\KERNELBASE.dll
0x00007ff987ff0000 - 0x00007ff98807e000 	C:\WINDOWS\system32\apphelp.dll
0x00007ff973750000 - 0x00007ff9737a3000 	C:\WINDOWS\AppPatch\AppPatch64\AcGenral.DLL
0x00007ff98a220000 - 0x00007ff98a2ca000 	C:\WINDOWS\system32\msvcrt.dll
0x00007ff9892a0000 - 0x00007ff9892ce000 	C:\WINDOWS\SYSTEM32\SspiCli.dll
0x00007ff98b980000 - 0x00007ff98b9d4000 	C:\WINDOWS\system32\SHLWAPI.dll
0x00007ff989f00000 - 0x00007ff98a077000 	C:\WINDOWS\system32\USER32.dll
0x00007ff98bb50000 - 0x00007ff98bce4000 	C:\WINDOWS\system32\ole32.dll
0x00007ff98a390000 - 0x00007ff98b8a8000 	C:\WINDOWS\system32\SHELL32.dll
0x00007ff988a10000 - 0x00007ff988a31000 	C:\WINDOWS\SYSTEM32\USERENV.dll
0x00007ff989c10000 - 0x00007ff989cba000 	C:\WINDOWS\system32\ADVAPI32.dll
0x00007ff97c880000 - 0x00007ff97c89e000 	C:\WINDOWS\SYSTEM32\MPR.dll
0x00007ff98b9e0000 - 0x00007ff98bb21000 	C:\WINDOWS\system32\RPCRT4.dll
0x00007ff9899a0000 - 0x00007ff9899f9000 	C:\WINDOWS\SYSTEM32\sechost.dll
0x00007ff98bed0000 - 0x00007ff98c0e1000 	C:\WINDOWS\SYSTEM32\combase.dll
0x00007ff98a0c0000 - 0x00007ff98a211000 	C:\WINDOWS\system32\GDI32.dll
0x00007ff989470000 - 0x00007ff989485000 	C:\WINDOWS\SYSTEM32\profapi.dll
0x00007ff987810000 - 0x00007ff9878c2000 	C:\WINDOWS\SYSTEM32\SHCORE.dll
0x00007ff98a080000 - 0x00007ff98a0b6000 	C:\WINDOWS\system32\IMM32.DLL
0x00007ff98c1c0000 - 0x00007ff98c312000 	C:\WINDOWS\system32\MSCTF.dll
0x00007ff986b90000 - 0x00007ff986e0b000 	C:\WINDOWS\WinSxS\amd64_microsoft.windows.common-controls_6595b64144ccf1df_6.0.9600.17415_none_6240486fecbd8abb\COMCTL32.dll
0x0000000075f50000 - 0x0000000076022000 	C:\Program Files\Java\jre1.8.0_25\bin\msvcr100.dll
0x0000000076ae0000 - 0x000000007733a000 	C:\Program Files\Java\jre1.8.0_25\bin\server\jvm.dll
0x00007ff9707d0000 - 0x00007ff9707d9000 	C:\WINDOWS\SYSTEM32\WSOCK32.dll
0x00007ff97ca00000 - 0x00007ff97ca22000 	C:\WINDOWS\SYSTEM32\WINMM.dll
0x00007ff989e80000 - 0x00007ff989e87000 	C:\WINDOWS\system32\PSAPI.DLL
0x00007ff989a00000 - 0x00007ff989a5a000 	C:\WINDOWS\system32\WS2_32.dll
0x00007ff97c8d0000 - 0x00007ff97c8fa000 	C:\WINDOWS\SYSTEM32\WINMMBASE.dll
0x00007ff98bb30000 - 0x00007ff98bb39000 	C:\WINDOWS\system32\NSI.dll
0x00007ff989950000 - 0x00007ff98999f000 	C:\WINDOWS\SYSTEM32\cfgmgr32.dll
0x00007ff988260000 - 0x00007ff988288000 	C:\WINDOWS\SYSTEM32\DEVOBJ.dll
0x0000000076ad0000 - 0x0000000076adf000 	C:\Program Files\Java\jre1.8.0_25\bin\verify.dll
0x0000000076aa0000 - 0x0000000076ac8000 	C:\Program Files\Java\jre1.8.0_25\bin\java.dll
0x0000000076a80000 - 0x0000000076a96000 	C:\Program Files\Java\jre1.8.0_25\bin\zip.dll
0x0000000075db0000 - 0x0000000075f48000 	C:\Program Files\Java\jre1.8.0_25\bin\awt.dll
0x00007ff98c0f0000 - 0x00007ff98c1b1000 	C:\WINDOWS\system32\OLEAUT32.dll
0x00007ff987610000 - 0x00007ff987631000 	C:\WINDOWS\system32\DWMAPI.DLL
0x00007ff988130000 - 0x00007ff988259000 	C:\WINDOWS\system32\uxtheme.dll
0x00007ff9882b0000 - 0x00007ff9882bb000 	C:\WINDOWS\SYSTEM32\kernel.appcore.dll
0x00007ff989340000 - 0x00007ff98934b000 	C:\WINDOWS\SYSTEM32\CRYPTBASE.dll
0x00007ff9892d0000 - 0x00007ff989333000 	C:\WINDOWS\SYSTEM32\bcryptPrimitives.dll
0x00007ff97e8c0000 - 0x00007ff97eae1000 	C:\WINDOWS\system32\d3d9.dll
0x00007ff987180000 - 0x00007ff98718a000 	C:\WINDOWS\SYSTEM32\VERSION.dll
0x00007ff986970000 - 0x00007ff986abb000 	C:\WINDOWS\SYSTEM32\aticfx64.dll
0x00007ff965270000 - 0x00007ff965291000 	C:\WINDOWS\SYSTEM32\atiu9p64.dll
0x00007ff964a80000 - 0x00007ff965265000 	C:\WINDOWS\SYSTEM32\atiumd64.dll
0x0000000076110000 - 0x00000000768c7000 	C:\WINDOWS\SYSTEM32\atiumd6a.dll
0x00000000769f0000 - 0x0000000076a37000 	C:\Program Files\Java\jre1.8.0_25\bin\fontmanager.dll
0x00007ff988ce0000 - 0x00007ff988d00000 	C:\WINDOWS\SYSTEM32\CRYPTSP.dll
0x00007ff988900000 - 0x00007ff988936000 	C:\WINDOWS\system32\rsaenh.dll
0x00007ff988f90000 - 0x00007ff988fb6000 	C:\WINDOWS\SYSTEM32\bcrypt.dll
0x0000000076a60000 - 0x0000000076a7a000 	C:\Program Files\Java\jre1.8.0_25\bin\net.dll
0x00007ff988c80000 - 0x00007ff988cd9000 	C:\WINDOWS\system32\mswsock.dll
0x00007ff9860b0000 - 0x00007ff9860da000 	C:\WINDOWS\SYSTEM32\IPHLPAPI.DLL
0x00007ff986050000 - 0x00007ff98605a000 	C:\WINDOWS\SYSTEM32\WINNSI.DLL
0x00007ff9841e0000 - 0x00007ff9841f6000 	C:\WINDOWS\SYSTEM32\dhcpcsvc6.DLL
0x00007ff984380000 - 0x00007ff98439a000 	C:\WINDOWS\SYSTEM32\dhcpcsvc.DLL
0x0000000076a40000 - 0x0000000076a51000 	C:\Program Files\Java\jre1.8.0_25\bin\nio.dll
0x00000000637c0000 - 0x00000000637cd000 	S:\Users\Ben\AppData\Local\Temp\jogamp_0000\file_cache\jln5149895668881093350\jln3751529702127803589\gluegen-rt.dll
0x00000000769e0000 - 0x00000000769e7000 	C:\Program Files\Java\jre1.8.0_25\bin\jawt.dll
0x000000006a440000 - 0x000000006a44d000 	S:\Users\Ben\AppData\Local\Temp\jogamp_0000\file_cache\jln5149895668881093350\jln3751529702127803589\nativewindow_awt.dll
0x000000006c100000 - 0x000000006c10f000 	S:\Users\Ben\AppData\Local\Temp\jogamp_0000\file_cache\jln5149895668881093350\jln3751529702127803589\nativewindow_win32.dll
0x00007ff960620000 - 0x00007ff96074b000 	C:\WINDOWS\SYSTEM32\OpenGL32.dll
0x00007ff97d7c0000 - 0x00007ff97d7ee000 	C:\WINDOWS\SYSTEM32\GLU32.dll
0x00007ff966bf0000 - 0x00007ff966ce8000 	C:\WINDOWS\SYSTEM32\DDRAW.dll
0x00007ff980290000 - 0x00007ff980299000 	C:\WINDOWS\SYSTEM32\DCIMAN32.dll
0x0000000064500000 - 0x00000000645a2000 	S:\Users\Ben\AppData\Local\Temp\jogamp_0000\file_cache\jln5149895668881093350\jln3751529702127803589\jogl_desktop.dll
0x00007ff97d720000 - 0x00007ff97d738000 	C:\WINDOWS\SYSTEM32\atig6pxx.dll
0x0000000074200000 - 0x0000000075daf000 	C:\WINDOWS\SYSTEM32\atio6axx.dll
0x00007ff98bcf0000 - 0x00007ff98beca000 	C:\WINDOWS\system32\SETUPAPI.dll
0x00007ff986120000 - 0x00007ff986257000 	C:\WINDOWS\SYSTEM32\atiadlxx.dll
0x00007ff986710000 - 0x00007ff98688f000 	C:\WINDOWS\SYSTEM32\PROPSYS.dll
0x00007ff988080000 - 0x00007ff988092000 	C:\WINDOWS\SYSTEM32\WTSAPI32.dll
0x00007ff9898f0000 - 0x00007ff989941000 	C:\WINDOWS\system32\WINTRUST.dll
0x00007ff989540000 - 0x00007ff98971f000 	C:\WINDOWS\system32\CRYPT32.dll
0x00007ff989520000 - 0x00007ff989531000 	C:\WINDOWS\system32\MSASN1.dll
0x00007ff973720000 - 0x00007ff973749000 	C:\WINDOWS\SYSTEM32\atig6txx.dll
0x00007ff95c1a0000 - 0x00007ff95c33c000 	O:\OneDrive\Workspace\ZZavatar\lib\user\KinectPV2\Kinect20.Face.dll
0x00007ff97c900000 - 0x00007ff97c9a7000 	C:\WINDOWS\SYSTEM32\MSVCP110.dll
0x00007ff981bc0000 - 0x00007ff981c8e000 	C:\WINDOWS\SYSTEM32\MSVCR110.dll
0x00007ff980280000 - 0x00007ff980290000 	O:\OneDrive\Workspace\ZZavatar\lib\user\KinectPV2\KinectPV2.dll
0x00007ff960560000 - 0x00007ff96061a000 	C:\WINDOWS\SYSTEM32\Kinect20.dll
0x00007ff97ca30000 - 0x00007ff97cb1b000 	C:\WINDOWS\SYSTEM32\MFPlat.DLL
0x00007ff97c8a0000 - 0x00007ff97c8c7000 	C:\WINDOWS\SYSTEM32\RTWorkQ.DLL
0x00007ff987050000 - 0x00007ff98705c000 	C:\WINDOWS\SYSTEM32\AVRT.dll
0x00007ff963e10000 - 0x00007ff963f9a000 	C:\WINDOWS\SYSTEM32\dbghelp.dll

VM Arguments:
jvm_args: -Djava.library.path=O:\OneDrive\Workspace\ZZavatar\lib\base\video;O:\OneDrive\Workspace\ZZavatar\lib\base\video;O:\OneDrive\Workspace\ZZavatar\lib\base\video;O:\OneDrive\Workspace\ZZavatar\lib\base\core;O:\OneDrive\Workspace\ZZavatar\lib\base\core;O:\OneDrive\Workspace\ZZavatar\lib\base\core;O:\OneDrive\Workspace\ZZavatar\lib\base\core;O:\OneDrive\Workspace\ZZavatar\lib\base\core;O:\OneDrive\Workspace\ZZavatar\lib\base\core;O:\OneDrive\Workspace\ZZavatar\lib\base\core;O:\OneDrive\Workspace\ZZavatar\lib\base\core;O:\OneDrive\Workspace\ZZavatar\lib\base\core;O:\OneDrive\Workspace\ZZavatar\lib\base\core;O:\OneDrive\Workspace\ZZavatar\lib\base\core;O:\OneDrive\Workspace\ZZavatar\lib\base\core;O:\OneDrive\Workspace\ZZavatar\lib\base\core;O:\OneDrive\Workspace\ZZavatar\lib\base\core;O:\OneDrive\Workspace\ZZavatar\lib\base\core;O:\OneDrive\Workspace\ZZavatar\lib\user\Kinect4WinSDK;O:\OneDrive\Workspace\ZZavatar\lib\user\KinectPV2;O:\OneDrive\Workspace\ZZavatar\lib\user\SimpleOpenNI -Dfile.encoding=Cp1252 
java_command: zzavatar.ZZavatar
java_class_path (initial): O:\OneDrive\Workspace\ZZavatar\lib\base\video\gstreamer-java.jar;O:\OneDrive\Workspace\ZZavatar\lib\base\video\jna.jar;O:\OneDrive\Workspace\ZZavatar\lib\base\video\video.jar;O:\OneDrive\Workspace\ZZavatar\lib\base\core\core.jar;O:\OneDrive\Workspace\ZZavatar\lib\base\core\gluegen-rt-natives-linux-amd64.jar;O:\OneDrive\Workspace\ZZavatar\lib\base\core\gluegen-rt-natives-linux-armv6hf.jar;O:\OneDrive\Workspace\ZZavatar\lib\base\core\gluegen-rt-natives-linux-i586.jar;O:\OneDrive\Workspace\ZZavatar\lib\base\core\gluegen-rt-natives-macosx-universal.jar;O:\OneDrive\Workspace\ZZavatar\lib\base\core\gluegen-rt-natives-windows-amd64.jar;O:\OneDrive\Workspace\ZZavatar\lib\base\core\gluegen-rt-natives-windows-i586.jar;O:\OneDrive\Workspace\ZZavatar\lib\base\core\gluegen-rt.jar;O:\OneDrive\Workspace\ZZavatar\lib\base\core\jogl-all-natives-linux-amd64.jar;O:\OneDrive\Workspace\ZZavatar\lib\base\core\jogl-all-natives-linux-armv6hf.jar;O:\OneDrive\Workspace\ZZavatar\lib\base\core\jogl-all-natives-linux-i586.jar;O:\OneDrive\Workspace\ZZavatar\lib\base\core\jogl-all-natives-macosx-universal.jar;O:\OneDrive\Workspace\ZZavatar\lib\base\core\jogl-all-natives-windows-amd64.jar;O:\OneDrive\Workspace\ZZavatar\lib\base\core\jogl-all-natives-windows-i586.jar;O:\OneDrive\Workspace\ZZavatar\lib\base\core\jogl-all.jar;O:\OneDrive\Workspace\ZZavatar\lib\user\Kinect4WinSDK\Kinect4WinSDK.jar;O:\OneDrive\Workspace\ZZavatar\lib\user\KinectPV2\KinectPV2.jar;O:\OneDrive\Workspace\ZZavatar\lib\user\SimpleOpenNI\SimpleOpenNI.jar;O:\OneDrive\Workspace\ZZavatar\bin
Launcher Type: SUN_STANDARD

Environment Variables:
JAVA_HOME=C:\Program Files\Java\jdk1.8.0_25
PATH=C:/Program Files/Java/jre1.8.0_25/bin/server;C:/Program Files/Java/jre1.8.0_25/bin;C:/Program Files/Java/jre1.8.0_25/lib/amd64;C:\Program Files (x86)\NVIDIA Corporation\PhysX\Common;C:\ProgramData\Oracle\Java\javapath;C:\Program Files (x86)\Common Files\Intel\Shared Libraries\redist\intel64\compiler;C:\Program Files (x86)\Common Files\Intel\Shared Libraries\redist\ia32\compiler;C:\Program Files (x86)\Intel\iCLS Client\;C:\Program Files\Intel\iCLS Client\;C:\Program Files (x86)\AMD APP\bin\x86_64;C:\Program Files (x86)\AMD APP\bin\x86;C:\WINDOWS\system32;C:\WINDOWS;C:\WINDOWS\System32\Wbem;C:\WINDOWS\System32\WindowsPowerShell\v1.0\;C:\Program Files (x86)\ATI Technologies\ATI.ACE\Core-Static;C:\Program Files\Intel\Intel(R) Management Engine Components\DAL;C:\Program Files\Intel\Intel(R) Management Engine Components\IPT;C:\Program Files (x86)\Intel\Intel(R) Management Engine Components\DAL;C:\Program Files (x86)\Intel\Intel(R) Management Engine Components\IPT;C:\Program Files\Sony\VAIO Improvement\;C:\Program Files (x86)\Sony\VAIO Startup Setting Tool;C:\Program Files (x86)\Windows Kits\8.1\Windows Performance Toolkit\;C:\Program Files\Microsoft SQL Server\110\Tools\Binn\;C:\Program Files (x86)\Microsoft SDKs\TypeScript\1.0\;C:\Program Files\Microsoft\Web Platform Installer\;C:\Program Files (x86)\Java\jre1.8.0_25\bin;P:\Programs\Python27\Scripts;P:\Programs\Python27;C:\Program Files\Common Files\Autodesk Shared\;P:\Program Files\Programs;P:\Program Files\Games;P:\Programs\Eclipse;
USERNAME=Benoît
OS=Windows_NT
PROCESSOR_IDENTIFIER=Intel64 Family 6 Model 58 Stepping 9, GenuineIntel



---------------  S Y S T E M  ---------------

OS: Windows 8.1 , 64 bit Build 9600 

CPU:total 8 (4 cores per cpu, 2 threads per core) family 6 model 58 stepping 9, cmov, cx8, fxsr, mmx, sse, sse2, sse3, ssse3, sse4.1, sse4.2, popcnt, avx, aes, clmul, erms, ht, tsc, tscinvbit, tscinv

Memory: 4k page, physical 6237468k(1752228k free), swap 10431772k(4638660k free)

vm_info: Java HotSpot(TM) 64-Bit Server VM (25.25-b02) for windows-amd64 JRE (1.8.0_25-b18), built on Oct  7 2014 14:25:37 by "java_re" with MS VC++ 10.0 (VS2010)

time: Fri Apr 24 14:09:03 2015
elapsed time: 28 seconds (0d 0h 0m 28s)

