#
# A fatal error has been detected by the Java Runtime Environment:
#
#  EXCEPTION_ACCESS_VIOLATION (0xc0000005) at pc=0x0000000000000200, pid=8896, tid=6224
#
# JRE version: Java(TM) SE Runtime Environment (8.0_25-b18) (build 1.8.0_25-b18)
# Java VM: Java HotSpot(TM) 64-Bit Server VM (25.25-b02 mixed mode windows-amd64 compressed oops)
# Problematic frame:
# C  0x0000000000000200
#
# Failed to write core dump. Minidumps are not enabled by default on client versions of Windows
#
# If you would like to submit a bug report, please visit:
#   http://bugreport.sun.com/bugreport/crash.jsp
# The crash happened outside the Java Virtual Machine in native code.
# See problematic frame for where to report the bug.
#

---------------  T H R E A D  ---------------

Current thread (0x0000000019603800):  JavaThread "Animation Thread" [_thread_in_native, id=6224, stack(0x000000001c650000,0x000000001c750000)]

siginfo: ExceptionCode=0xc0000005, ExceptionInformation=0x0000000000000008 0x0000000000000200

Registers:
RAX=0x000000001f24c9b0, RBX=0x000000002e3c5040, RCX=0x000000001d35f2f0, RDX=0x0000000000000000
RSP=0x000000001c74ecb8, RBP=0x0000000000000006, RSI=0x0000000000000000, RDI=0x000000001f266118
R8 =0x000000001c74e988, R9 =0x0000000000008000, R10=0x0000000000000000, R11=0x000000001c74ebc0
R12=0x0000000000000000, R13=0x000000001faae1a8, R14=0x0000000000000000, R15=0x0000000019603800
RIP=0x0000000000000200, EFLAGS=0x0000000000010206

Top of Stack: (sp=0x000000001c74ecb8)
0x000000001c74ecb8:   00007ff980284116 000000001f2660e8
0x000000001c74ecc8:   000000001fe24578 000000001f2660e8
0x000000001c74ecd8:   0000000000000000 000000001c74edb0
0x000000001c74ece8:   00007ff980281fba 000000001c74edb0
0x000000001c74ecf8:   000000001c74ed90 00000000196039e8
0x000000001c74ed08:   0000000019586440 00000000a387f450
0x000000001c74ed18:   00000000025f5b74 000000001faae1a8
0x000000001c74ed28:   00000000a387f430 00000000a387f430
0x000000001c74ed38:   0000000019603800 000000001c74ee08
0x000000001c74ed48:   00000000025f58a2 000000001c74ed50
0x000000001c74ed58:   000000001faae1a8 000000001c74edb0
0x000000001c74ed68:   000000001faaf138 0000000000000000
0x000000001c74ed78:   000000001faae1a8 0000000000000000
0x000000001c74ed88:   000000001c74edb0 000000001c74edf8
0x000000001c74ed98:   00000000025e7a2d 0000000000000000
0x000000001c74eda8:   00000000025ef6b8 00000000a38787c0 

Instructions: (pc=0x0000000000000200)
0x00000000000001e0:   
[error occurred during error reporting (printing registers, top of stack, instructions near pc), id 0xc0000005]

Register to memory mapping:

RAX=0x000000001f24c9b0 is an unknown value
RBX=0x000000002e3c5040 is an unknown value
RCX=0x000000001d35f2f0 is an unknown value
RDX=0x0000000000000000 is an unknown value
RSP=0x000000001c74ecb8 is pointing into the stack for thread: 0x0000000019603800
RBP=0x0000000000000006 is an unknown value
RSI=0x0000000000000000 is an unknown value
RDI=0x000000001f266118 is an unknown value
R8 =0x000000001c74e988 is pointing into the stack for thread: 0x0000000019603800
R9 =0x0000000000008000 is an unknown value
R10=0x0000000000000000 is an unknown value
R11=0x000000001c74ebc0 is pointing into the stack for thread: 0x0000000019603800
R12=0x0000000000000000 is an unknown value
R13={method} {0x000000001faae1b0} 'jniStopDevice' '()V' in 'KinectPV2/Device'
R14=0x0000000000000000 is an unknown value
R15=0x0000000019603800 is a thread


Stack: [0x000000001c650000,0x000000001c750000],  sp=0x000000001c74ecb8,  free space=1019k
Native frames: (J=compiled Java code, j=interpreted, Vv=VM code, C=native code)
C  0x0000000000000200

Java frames: (J=compiled Java code, j=interpreted, Vv=VM code)
j  KinectPV2.Device.jniStopDevice()V+0
j  KinectPV2.Device.stopDevice()V+41
j  KinectPV2.KinectPV2.dispose()V+14
v  ~StubRoutines::call_stub
j  sun.reflect.NativeMethodAccessorImpl.invoke0(Ljava/lang/reflect/Method;Ljava/lang/Object;[Ljava/lang/Object;)Ljava/lang/Object;+0
j  sun.reflect.NativeMethodAccessorImpl.invoke(Ljava/lang/Object;[Ljava/lang/Object;)Ljava/lang/Object;+100
J 2175 C1 sun.reflect.DelegatingMethodAccessorImpl.invoke(Ljava/lang/Object;[Ljava/lang/Object;)Ljava/lang/Object; (10 bytes) @ 0x0000000002da0d84 [0x0000000002da0c80+0x104]
J 2174 C1 java.lang.reflect.Method.invoke(Ljava/lang/Object;[Ljava/lang/Object;)Ljava/lang/Object; (62 bytes) @ 0x0000000002daf164 [0x0000000002daed80+0x3e4]
j  processing.core.PApplet$RegisteredMethods.handle([Ljava/lang/Object;)V+18
J 2013 C1 processing.core.PApplet.handleMethods(Ljava/lang/String;)V (21 bytes) @ 0x0000000002d3ad9c [0x0000000002d3aae0+0x2bc]
j  processing.core.PApplet.dispose()V+35
j  processing.core.PApplet.run()V+283
j  java.lang.Thread.run()V+11
v  ~StubRoutines::call_stub

---------------  P R O C E S S  ---------------

Java Threads: ( => current thread )
  0x0000000019c36800 JavaThread "Animation Thread-SharedResourceRunner" daemon [_thread_blocked, id=2828, stack(0x000000001e920000,0x000000001ea20000)]
  0x0000000000b8e800 JavaThread "DestroyJavaVM" [_thread_blocked, id=7360, stack(0x0000000002360000,0x0000000002460000)]
  0x0000000019584000 JavaThread "D3D Screen Updater" daemon [_thread_blocked, id=8616, stack(0x000000001c950000,0x000000001ca50000)]
=>0x0000000019603800 JavaThread "Animation Thread" [_thread_in_native, id=6224, stack(0x000000001c650000,0x000000001c750000)]
  0x000000001956c000 JavaThread "AWT-EventQueue-0" [_thread_blocked, id=2636, stack(0x000000001c450000,0x000000001c550000)]
  0x000000001870d800 JavaThread "AWT-Windows" daemon [_thread_in_native, id=8176, stack(0x0000000019e40000,0x0000000019f40000)]
  0x0000000019533800 JavaThread "AWT-Shutdown" [_thread_blocked, id=7412, stack(0x0000000019d40000,0x0000000019e40000)]
  0x0000000019530800 JavaThread "Java2D Disposer" daemon [_thread_blocked, id=8324, stack(0x0000000019c40000,0x0000000019d40000)]
  0x00000000183ca800 JavaThread "Service Thread" daemon [_thread_blocked, id=8860, stack(0x0000000018d10000,0x0000000018e10000)]
  0x0000000018348000 JavaThread "C1 CompilerThread3" daemon [_thread_blocked, id=4520, stack(0x0000000018c10000,0x0000000018d10000)]
  0x0000000018345000 JavaThread "C2 CompilerThread2" daemon [_thread_blocked, id=8300, stack(0x0000000018b10000,0x0000000018c10000)]
  0x000000001833e000 JavaThread "C2 CompilerThread1" daemon [_thread_blocked, id=8092, stack(0x0000000018a10000,0x0000000018b10000)]
  0x0000000018338000 JavaThread "C2 CompilerThread0" daemon [_thread_blocked, id=5144, stack(0x0000000018910000,0x0000000018a10000)]
  0x0000000018336800 JavaThread "Attach Listener" daemon [_thread_blocked, id=8752, stack(0x0000000018810000,0x0000000018910000)]
  0x0000000018336000 JavaThread "Signal Dispatcher" daemon [_thread_blocked, id=1524, stack(0x0000000018710000,0x0000000018810000)]
  0x00000000025d9800 JavaThread "Finalizer" daemon [_thread_blocked, id=7468, stack(0x0000000018210000,0x0000000018310000)]
  0x000000001632c000 JavaThread "Reference Handler" daemon [_thread_blocked, id=8444, stack(0x0000000018110000,0x0000000018210000)]

Other Threads:
  0x0000000016328000 VMThread [stack: 0x0000000018010000,0x0000000018110000] [id=7912]
  0x00000000183cc800 WatcherThread [stack: 0x0000000018e10000,0x0000000018f10000] [id=4804]

VM state:not at safepoint (normal execution)

VM Mutex/Monitor currently owned by a thread: None

Heap:
 PSYoungGen      total 486400K, used 369274K [0x00000000e0400000, 0x00000000fe700000, 0x0000000100000000)
  eden space 479744K, 76% used [0x00000000e0400000,0x00000000f6c76908,0x00000000fd880000)
  from space 6656K, 2% used [0x00000000fd880000,0x00000000fd8a8000,0x00000000fdf00000)
  to   space 6144K, 0% used [0x00000000fe100000,0x00000000fe100000,0x00000000fe700000)
 ParOldGen       total 210432K, used 164378K [0x00000000a0c00000, 0x00000000ad980000, 0x00000000e0400000)
  object space 210432K, 78% used [0x00000000a0c00000,0x00000000aac86a30,0x00000000ad980000)
 Metaspace       used 18457K, capacity 18665K, committed 18816K, reserved 1067008K
  class space    used 1762K, capacity 1793K, committed 1920K, reserved 1048576K

Card table byte_map: [0x00000000119a0000,0x0000000011ca0000] byte_map_base: 0x000000001149a000

Marking Bits: (ParMarkBitMap*) 0x00000000772bd490
 Begin Bits: [0x00000000126a0000, 0x0000000013e70000)
 End Bits:   [0x0000000013e70000, 0x0000000015640000)

Polling page: 0x0000000000990000

CodeCache: size=245760Kb used=8438Kb max_used=9652Kb free=237321Kb
 bounds [0x00000000025e0000, 0x0000000002f60000, 0x00000000115e0000]
 total_blobs=3232 nmethods=2349 adapters=797
 compilation: enabled

Compilation events (10 events):
Event: 27.798 Thread 0x000000001833e000 2654       4       sun.misc.FloatingDecimal$BinaryToASCIIBuffer::appendTo (72 bytes)
Event: 27.803 Thread 0x000000001833e000 nmethod 2654 0x0000000002a02d50 code [0x0000000002a02ec0, 0x0000000002a03308]
Event: 28.181 Thread 0x0000000018338000 2655       4       zzavatar.ZZkeleton::getMember (103 bytes)
Event: 28.206 Thread 0x0000000018338000 nmethod 2655 0x00000000028e77d0 code [0x00000000028e79a0, 0x00000000028e8878]
Event: 29.856 Thread 0x0000000018345000 2656       4       sun.java2d.SunGraphics2D::invalidatePipe (41 bytes)
Event: 29.857 Thread 0x0000000018345000 nmethod 2656 0x00000000028ecf10 code [0x00000000028ed040, 0x00000000028ed0d8]
Event: 29.947 Thread 0x0000000018348000 2657       1       java.awt.EventDispatchThread$1::evaluate (2 bytes)
Event: 29.947 Thread 0x0000000018348000 nmethod 2657 0x0000000002ad65d0 code [0x0000000002ad6720, 0x0000000002ad6830]
Event: 30.109 Thread 0x0000000018348000 2658       1       sun.awt.AWTAutoShutdown::getInstance (4 bytes)
Event: 30.109 Thread 0x0000000018348000 nmethod 2658 0x0000000002f40750 code [0x0000000002f408a0, 0x0000000002f40990]

GC Heap History (10 events):
Event: 27.445 GC heap before
{Heap before GC invocations=60 (full 3):
 PSYoungGen      total 482816K, used 470569K [0x00000000e0400000, 0x00000000fe480000, 0x0000000100000000)
  eden space 474624K, 99% used [0x00000000e0400000,0x00000000fcf52410,0x00000000fd380000)
  from space 8192K, 2% used [0x00000000fdc80000,0x00000000fdcb8000,0x00000000fe480000)
  to   space 8704K, 0% used [0x00000000fd380000,0x00000000fd380000,0x00000000fdc00000)
 ParOldGen       total 210432K, used 164354K [0x00000000a0c00000, 0x00000000ad980000, 0x00000000e0400000)
  object space 210432K, 78% used [0x00000000a0c00000,0x00000000aac80a30,0x00000000ad980000)
 Metaspace       used 18456K, capacity 18665K, committed 18816K, reserved 1067008K
  class space    used 1762K, capacity 1793K, committed 1920K, reserved 1048576K
Event: 27.446 GC heap after
Heap after GC invocations=60 (full 3):
 PSYoungGen      total 483328K, used 224K [0x00000000e0400000, 0x00000000fe600000, 0x0000000100000000)
  eden space 474624K, 0% used [0x00000000e0400000,0x00000000e0400000,0x00000000fd380000)
  from space 8704K, 2% used [0x00000000fd380000,0x00000000fd3b8000,0x00000000fdc00000)
  to   space 8192K, 0% used [0x00000000fde00000,0x00000000fde00000,0x00000000fe600000)
 ParOldGen       total 210432K, used 164354K [0x00000000a0c00000, 0x00000000ad980000, 0x00000000e0400000)
  object space 210432K, 78% used [0x00000000a0c00000,0x00000000aac80a30,0x00000000ad980000)
 Metaspace       used 18456K, capacity 18665K, committed 18816K, reserved 1067008K
  class space    used 1762K, capacity 1793K, committed 1920K, reserved 1048576K
}
Event: 28.009 GC heap before
{Heap before GC invocations=61 (full 3):
 PSYoungGen      total 483328K, used 474848K [0x00000000e0400000, 0x00000000fe600000, 0x0000000100000000)
  eden space 474624K, 100% used [0x00000000e0400000,0x00000000fd380000,0x00000000fd380000)
  from space 8704K, 2% used [0x00000000fd380000,0x00000000fd3b8000,0x00000000fdc00000)
  to   space 8192K, 0% used [0x00000000fde00000,0x00000000fde00000,0x00000000fe600000)
 ParOldGen       total 210432K, used 164354K [0x00000000a0c00000, 0x00000000ad980000, 0x00000000e0400000)
  object space 210432K, 78% used [0x00000000a0c00000,0x00000000aac80a30,0x00000000ad980000)
 Metaspace       used 18456K, capacity 18665K, committed 18816K, reserved 1067008K
  class space    used 1762K, capacity 1793K, committed 1920K, reserved 1048576K
Event: 28.010 GC heap after
Heap after GC invocations=61 (full 3):
 PSYoungGen      total 484352K, used 256K [0x00000000e0400000, 0x00000000fe500000, 0x0000000100000000)
  eden space 477184K, 0% used [0x00000000e0400000,0x00000000e0400000,0x00000000fd600000)
  from space 7168K, 3% used [0x00000000fde00000,0x00000000fde40000,0x00000000fe500000)
  to   space 7680K, 0% used [0x00000000fd600000,0x00000000fd600000,0x00000000fdd80000)
 ParOldGen       total 210432K, used 164354K [0x00000000a0c00000, 0x00000000ad980000, 0x00000000e0400000)
  object space 210432K, 78% used [0x00000000a0c00000,0x00000000aac80a30,0x00000000ad980000)
 Metaspace       used 18456K, capacity 18665K, committed 18816K, reserved 1067008K
  class space    used 1762K, capacity 1793K, committed 1920K, reserved 1048576K
}
Event: 28.574 GC heap before
{Heap before GC invocations=62 (full 3):
 PSYoungGen      total 484352K, used 476329K [0x00000000e0400000, 0x00000000fe500000, 0x0000000100000000)
  eden space 477184K, 99% used [0x00000000e0400000,0x00000000fd4ea668,0x00000000fd600000)
  from space 7168K, 3% used [0x00000000fde00000,0x00000000fde40000,0x00000000fe500000)
  to   space 7680K, 0% used [0x00000000fd600000,0x00000000fd600000,0x00000000fdd80000)
 ParOldGen       total 210432K, used 164354K [0x00000000a0c00000, 0x00000000ad980000, 0x00000000e0400000)
  object space 210432K, 78% used [0x00000000a0c00000,0x00000000aac80a30,0x00000000ad980000)
 Metaspace       used 18456K, capacity 18665K, committed 18816K, reserved 1067008K
  class space    used 1762K, capacity 1793K, committed 1920K, reserved 1048576K
Event: 28.576 GC heap after
Heap after GC invocations=62 (full 3):
 PSYoungGen      total 484864K, used 192K [0x00000000e0400000, 0x00000000fe680000, 0x0000000100000000)
  eden space 477184K, 0% used [0x00000000e0400000,0x00000000e0400000,0x00000000fd600000)
  from space 7680K, 2% used [0x00000000fd600000,0x00000000fd630000,0x00000000fdd80000)
  to   space 7168K, 0% used [0x00000000fdf80000,0x00000000fdf80000,0x00000000fe680000)
 ParOldGen       total 210432K, used 164362K [0x00000000a0c00000, 0x00000000ad980000, 0x00000000e0400000)
  object space 210432K, 78% used [0x00000000a0c00000,0x00000000aac82a30,0x00000000ad980000)
 Metaspace       used 18456K, capacity 18665K, committed 18816K, reserved 1067008K
  class space    used 1762K, capacity 1793K, committed 1920K, reserved 1048576K
}
Event: 29.123 GC heap before
{Heap before GC invocations=63 (full 3):
 PSYoungGen      total 484864K, used 477376K [0x00000000e0400000, 0x00000000fe680000, 0x0000000100000000)
  eden space 477184K, 100% used [0x00000000e0400000,0x00000000fd600000,0x00000000fd600000)
  from space 7680K, 2% used [0x00000000fd600000,0x00000000fd630000,0x00000000fdd80000)
  to   space 7168K, 0% used [0x00000000fdf80000,0x00000000fdf80000,0x00000000fe680000)
 ParOldGen       total 210432K, used 164362K [0x00000000a0c00000, 0x00000000ad980000, 0x00000000e0400000)
  object space 210432K, 78% used [0x00000000a0c00000,0x00000000aac82a30,0x00000000ad980000)
 Metaspace       used 18456K, capacity 18665K, committed 18816K, reserved 1067008K
  class space    used 1762K, capacity 1793K, committed 1920K, reserved 1048576K
Event: 29.124 GC heap after
Heap after GC invocations=63 (full 3):
 PSYoungGen      total 485888K, used 192K [0x00000000e0400000, 0x00000000fe580000, 0x0000000100000000)
  eden space 479744K, 0% used [0x00000000e0400000,0x00000000e0400000,0x00000000fd880000)
  from space 6144K, 3% used [0x00000000fdf80000,0x00000000fdfb0000,0x00000000fe580000)
  to   space 6656K, 0% used [0x00000000fd880000,0x00000000fd880000,0x00000000fdf00000)
 ParOldGen       total 210432K, used 164378K [0x00000000a0c00000, 0x00000000ad980000, 0x00000000e0400000)
  object space 210432K, 78% used [0x00000000a0c00000,0x00000000aac86a30,0x00000000ad980000)
 Metaspace       used 18456K, capacity 18665K, committed 18816K, reserved 1067008K
  class space    used 1762K, capacity 1793K, committed 1920K, reserved 1048576K
}
Event: 29.693 GC heap before
{Heap before GC invocations=64 (full 3):
 PSYoungGen      total 485888K, used 479936K [0x00000000e0400000, 0x00000000fe580000, 0x0000000100000000)
  eden space 479744K, 100% used [0x00000000e0400000,0x00000000fd880000,0x00000000fd880000)
  from space 6144K, 3% used [0x00000000fdf80000,0x00000000fdfb0000,0x00000000fe580000)
  to   space 6656K, 0% used [0x00000000fd880000,0x00000000fd880000,0x00000000fdf00000)
 ParOldGen       total 210432K, used 164378K [0x00000000a0c00000, 0x00000000ad980000, 0x00000000e0400000)
  object space 210432K, 78% used [0x00000000a0c00000,0x00000000aac86a30,0x00000000ad980000)
 Metaspace       used 18456K, capacity 18665K, committed 18816K, reserved 1067008K
  class space    used 1762K, capacity 1793K, committed 1920K, reserved 1048576K
Event: 29.695 GC heap after
Heap after GC invocations=64 (full 3):
 PSYoungGen      total 486400K, used 160K [0x00000000e0400000, 0x00000000fe700000, 0x0000000100000000)
  eden space 479744K, 0% used [0x00000000e0400000,0x00000000e0400000,0x00000000fd880000)
  from space 6656K, 2% used [0x00000000fd880000,0x00000000fd8a8000,0x00000000fdf00000)
  to   space 6144K, 0% used [0x00000000fe100000,0x00000000fe100000,0x00000000fe700000)
 ParOldGen       total 210432K, used 164378K [0x00000000a0c00000, 0x00000000ad980000, 0x00000000e0400000)
  object space 210432K, 78% used [0x00000000a0c00000,0x00000000aac86a30,0x00000000ad980000)
 Metaspace       used 18456K, capacity 18665K, committed 18816K, reserved 1067008K
  class space    used 1762K, capacity 1793K, committed 1920K, reserved 1048576K
}

Deoptimization events (10 events):
Event: 11.565 Thread 0x000000001956c000 Uncommon trap: reason=speculate_class_check action=maybe_recompile pc=0x0000000002e9509c method=com.jogamp.common.nio.Buffers.getDirectBufferByteOffset(Ljava/lang/Object;)I @ 22
Event: 11.594 Thread 0x000000001956c000 Uncommon trap: reason=speculate_class_check action=maybe_recompile pc=0x0000000002ea05a4 method=com.jogamp.common.nio.Buffers.getDirectBufferByteOffset(Ljava/lang/Object;)I @ 31
Event: 11.594 Thread 0x000000001956c000 Uncommon trap: reason=speculate_class_check action=maybe_recompile pc=0x0000000002ea05a4 method=com.jogamp.common.nio.Buffers.getDirectBufferByteOffset(Ljava/lang/Object;)I @ 31
Event: 11.716 Thread 0x000000001956c000 Uncommon trap: reason=speculate_class_check action=maybe_recompile pc=0x0000000002e9dc48 method=com.jogamp.common.nio.Buffers.getDirectBufferByteOffset(Ljava/lang/Object;)I @ 31
Event: 11.716 Thread 0x000000001956c000 Uncommon trap: reason=speculate_class_check action=maybe_recompile pc=0x0000000002e9dc48 method=com.jogamp.common.nio.Buffers.getDirectBufferByteOffset(Ljava/lang/Object;)I @ 31
Event: 11.739 Thread 0x000000001956c000 Uncommon trap: reason=speculate_class_check action=maybe_recompile pc=0x0000000002ea3148 method=com.jogamp.common.nio.Buffers.getDirectBufferByteOffset(Ljava/lang/Object;)I @ 42
Event: 11.749 Thread 0x000000001956c000 Uncommon trap: reason=speculate_class_check action=maybe_recompile pc=0x0000000002ea3148 method=com.jogamp.common.nio.Buffers.getDirectBufferByteOffset(Ljava/lang/Object;)I @ 42
Event: 11.894 Thread 0x000000001956c000 Uncommon trap: reason=speculate_class_check action=maybe_recompile pc=0x0000000002e9d5bc method=com.jogamp.common.nio.Buffers.getDirectBufferByteOffset(Ljava/lang/Object;)I @ 53
Event: 11.900 Thread 0x000000001956c000 Uncommon trap: reason=speculate_class_check action=maybe_recompile pc=0x0000000002e9d5bc method=com.jogamp.common.nio.Buffers.getDirectBufferByteOffset(Ljava/lang/Object;)I @ 53
Event: 11.916 Thread 0x000000001956c000 Uncommon trap: reason=speculate_class_check action=maybe_recompile pc=0x0000000002ea835c method=com.jogamp.common.nio.Buffers.getDirectBufferByteOffset(Ljava/lang/Object;)I @ 53

Internal exceptions (10 events):
Event: 2.926 Thread 0x000000001956c000 Exception <a 'java/security/PrivilegedActionException'> (0x00000000e35d0608) thrown at [D:\re\workspace\8-2-build-windows-amd64-cygwin\jdk8u25\1677\hotspot\src\share\vm\prims\jvm.cpp, line 1312]
Event: 2.926 Thread 0x000000001956c000 Exception <a 'java/security/PrivilegedActionException'> (0x00000000e35d4160) thrown at [D:\re\workspace\8-2-build-windows-amd64-cygwin\jdk8u25\1677\hotspot\src\share\vm\prims\jvm.cpp, line 1312]
Event: 2.926 Thread 0x000000001956c000 Exception <a 'java/security/PrivilegedActionException'> (0x00000000e35d8960) thrown at [D:\re\workspace\8-2-build-windows-amd64-cygwin\jdk8u25\1677\hotspot\src\share\vm\prims\jvm.cpp, line 1312]
Event: 2.927 Thread 0x000000001956c000 Exception <a 'java/security/PrivilegedActionException'> (0x00000000e35dc098) thrown at [D:\re\workspace\8-2-build-windows-amd64-cygwin\jdk8u25\1677\hotspot\src\share\vm\prims\jvm.cpp, line 1312]
Event: 2.927 Thread 0x000000001956c000 Exception <a 'java/security/PrivilegedActionException'> (0x00000000e35dffe0) thrown at [D:\re\workspace\8-2-build-windows-amd64-cygwin\jdk8u25\1677\hotspot\src\share\vm\prims\jvm.cpp, line 1312]
Event: 2.927 Thread 0x000000001956c000 Exception <a 'java/security/PrivilegedActionException'> (0x00000000e6452c28) thrown at [D:\re\workspace\8-2-build-windows-amd64-cygwin\jdk8u25\1677\hotspot\src\share\vm\prims\jvm.cpp, line 1312]
Event: 2.940 Thread 0x000000001956c000 Exception <a 'java/security/PrivilegedActionException'> (0x00000000e652e238) thrown at [D:\re\workspace\8-2-build-windows-amd64-cygwin\jdk8u25\1677\hotspot\src\share\vm\prims\jvm.cpp, line 1312]
Event: 4.983 Thread 0x000000001956c000 Exception <a 'java/security/PrivilegedActionException'> (0x00000000efbdaf50) thrown at [D:\re\workspace\8-2-build-windows-amd64-cygwin\jdk8u25\1677\hotspot\src\share\vm\prims\jvm.cpp, line 1312]
Event: 4.990 Thread 0x000000001956c000 Exception <a 'java/security/PrivilegedActionException'> (0x00000000efbe7aa8) thrown at [D:\re\workspace\8-2-build-windows-amd64-cygwin\jdk8u25\1677\hotspot\src\share\vm\prims\jvm.cpp, line 1312]
Event: 5.019 Thread 0x000000001956c000 Exception <a 'java/security/PrivilegedActionException'> (0x00000000efbf0b68) thrown at [D:\re\workspace\8-2-build-windows-amd64-cygwin\jdk8u25\1677\hotspot\src\share\vm\prims\jvm.cpp, line 1312]

Events (10 events):
Event: 27.446 Executing VM operation: ParallelGCFailedAllocation done
Event: 28.009 Executing VM operation: ParallelGCFailedAllocation
Event: 28.010 Executing VM operation: ParallelGCFailedAllocation done
Event: 28.574 Executing VM operation: ParallelGCFailedAllocation
Event: 28.576 Executing VM operation: ParallelGCFailedAllocation done
Event: 29.123 Executing VM operation: ParallelGCFailedAllocation
Event: 29.124 Executing VM operation: ParallelGCFailedAllocation done
Event: 29.693 Executing VM operation: ParallelGCFailedAllocation
Event: 29.695 Executing VM operation: ParallelGCFailedAllocation done
Event: 30.166 Thread 0x0000000019a70800 Thread exited: 0x0000000019a70800


Dynamic libraries:
0x00007ff669010000 - 0x00007ff669044000 	C:\Program Files\Java\jre1.8.0_25\bin\javaw.exe
0x00007ff98c320000 - 0x00007ff98c4cc000 	C:\WINDOWS\SYSTEM32\ntdll.dll
0x00007ff989d20000 - 0x00007ff989e5e000 	C:\WINDOWS\system32\KERNEL32.DLL
0x00007ff9897d0000 - 0x00007ff9898e5000 	C:\WINDOWS\system32\KERNELBASE.dll
0x00007ff987ff0000 - 0x00007ff98807e000 	C:\WINDOWS\system32\apphelp.dll
0x00007ff973750000 - 0x00007ff9737a3000 	C:\WINDOWS\AppPatch\AppPatch64\AcGenral.DLL
0x00007ff98a220000 - 0x00007ff98a2ca000 	C:\WINDOWS\system32\msvcrt.dll
0x00007ff9892a0000 - 0x00007ff9892ce000 	C:\WINDOWS\SYSTEM32\SspiCli.dll
0x00007ff98b980000 - 0x00007ff98b9d4000 	C:\WINDOWS\system32\SHLWAPI.dll
0x00007ff989f00000 - 0x00007ff98a077000 	C:\WINDOWS\system32\USER32.dll
0x00007ff98bb50000 - 0x00007ff98bce4000 	C:\WINDOWS\system32\ole32.dll
0x00007ff98a390000 - 0x00007ff98b8a8000 	C:\WINDOWS\system32\SHELL32.dll
0x00007ff988a10000 - 0x00007ff988a31000 	C:\WINDOWS\SYSTEM32\USERENV.dll
0x00007ff989c10000 - 0x00007ff989cba000 	C:\WINDOWS\system32\ADVAPI32.dll
0x00007ff97c880000 - 0x00007ff97c89e000 	C:\WINDOWS\SYSTEM32\MPR.dll
0x00007ff98b9e0000 - 0x00007ff98bb21000 	C:\WINDOWS\system32\RPCRT4.dll
0x00007ff9899a0000 - 0x00007ff9899f9000 	C:\WINDOWS\SYSTEM32\sechost.dll
0x00007ff98bed0000 - 0x00007ff98c0e1000 	C:\WINDOWS\SYSTEM32\combase.dll
0x00007ff98a0c0000 - 0x00007ff98a211000 	C:\WINDOWS\system32\GDI32.dll
0x00007ff989470000 - 0x00007ff989485000 	C:\WINDOWS\SYSTEM32\profapi.dll
0x00007ff987810000 - 0x00007ff9878c2000 	C:\WINDOWS\SYSTEM32\SHCORE.dll
0x00007ff98a080000 - 0x00007ff98a0b6000 	C:\WINDOWS\system32\IMM32.DLL
0x00007ff98c1c0000 - 0x00007ff98c312000 	C:\WINDOWS\system32\MSCTF.dll
0x00007ff986b90000 - 0x00007ff986e0b000 	C:\WINDOWS\WinSxS\amd64_microsoft.windows.common-controls_6595b64144ccf1df_6.0.9600.17415_none_6240486fecbd8abb\COMCTL32.dll
0x0000000075f50000 - 0x0000000076022000 	C:\Program Files\Java\jre1.8.0_25\bin\msvcr100.dll
0x0000000076ae0000 - 0x000000007733a000 	C:\Program Files\Java\jre1.8.0_25\bin\server\jvm.dll
0x00007ff9707d0000 - 0x00007ff9707d9000 	C:\WINDOWS\SYSTEM32\WSOCK32.dll
0x00007ff97ca00000 - 0x00007ff97ca22000 	C:\WINDOWS\SYSTEM32\WINMM.dll
0x00007ff989e80000 - 0x00007ff989e87000 	C:\WINDOWS\system32\PSAPI.DLL
0x00007ff989a00000 - 0x00007ff989a5a000 	C:\WINDOWS\system32\WS2_32.dll
0x00007ff97c8d0000 - 0x00007ff97c8fa000 	C:\WINDOWS\SYSTEM32\WINMMBASE.dll
0x00007ff98bb30000 - 0x00007ff98bb39000 	C:\WINDOWS\system32\NSI.dll
0x00007ff989950000 - 0x00007ff98999f000 	C:\WINDOWS\SYSTEM32\cfgmgr32.dll
0x00007ff988260000 - 0x00007ff988288000 	C:\WINDOWS\SYSTEM32\DEVOBJ.dll
0x0000000076ad0000 - 0x0000000076adf000 	C:\Program Files\Java\jre1.8.0_25\bin\verify.dll
0x0000000076aa0000 - 0x0000000076ac8000 	C:\Program Files\Java\jre1.8.0_25\bin\java.dll
0x0000000076a80000 - 0x0000000076a96000 	C:\Program Files\Java\jre1.8.0_25\bin\zip.dll
0x0000000075db0000 - 0x0000000075f48000 	C:\Program Files\Java\jre1.8.0_25\bin\awt.dll
0x00007ff98c0f0000 - 0x00007ff98c1b1000 	C:\WINDOWS\system32\OLEAUT32.dll
0x00007ff987610000 - 0x00007ff987631000 	C:\WINDOWS\system32\DWMAPI.DLL
0x00007ff988130000 - 0x00007ff988259000 	C:\WINDOWS\system32\uxtheme.dll
0x00007ff9882b0000 - 0x00007ff9882bb000 	C:\WINDOWS\SYSTEM32\kernel.appcore.dll
0x00007ff989340000 - 0x00007ff98934b000 	C:\WINDOWS\SYSTEM32\CRYPTBASE.dll
0x00007ff9892d0000 - 0x00007ff989333000 	C:\WINDOWS\SYSTEM32\bcryptPrimitives.dll
0x00007ff97e8c0000 - 0x00007ff97eae1000 	C:\WINDOWS\system32\d3d9.dll
0x00007ff987180000 - 0x00007ff98718a000 	C:\WINDOWS\SYSTEM32\VERSION.dll
0x00007ff986970000 - 0x00007ff986abb000 	C:\WINDOWS\SYSTEM32\aticfx64.dll
0x00007ff965270000 - 0x00007ff965291000 	C:\WINDOWS\SYSTEM32\atiu9p64.dll
0x00007ff964a80000 - 0x00007ff965265000 	C:\WINDOWS\SYSTEM32\atiumd64.dll
0x0000000076110000 - 0x00000000768c7000 	C:\WINDOWS\SYSTEM32\atiumd6a.dll
0x00000000769f0000 - 0x0000000076a37000 	C:\Program Files\Java\jre1.8.0_25\bin\fontmanager.dll
0x00007ff988ce0000 - 0x00007ff988d00000 	C:\WINDOWS\SYSTEM32\CRYPTSP.dll
0x00007ff988900000 - 0x00007ff988936000 	C:\WINDOWS\system32\rsaenh.dll
0x00007ff988f90000 - 0x00007ff988fb6000 	C:\WINDOWS\SYSTEM32\bcrypt.dll
0x0000000076a60000 - 0x0000000076a7a000 	C:\Program Files\Java\jre1.8.0_25\bin\net.dll
0x00007ff988c80000 - 0x00007ff988cd9000 	C:\WINDOWS\system32\mswsock.dll
0x00007ff9860b0000 - 0x00007ff9860da000 	C:\WINDOWS\SYSTEM32\IPHLPAPI.DLL
0x00007ff986050000 - 0x00007ff98605a000 	C:\WINDOWS\SYSTEM32\WINNSI.DLL
0x00007ff9841e0000 - 0x00007ff9841f6000 	C:\WINDOWS\SYSTEM32\dhcpcsvc6.DLL
0x00007ff984380000 - 0x00007ff98439a000 	C:\WINDOWS\SYSTEM32\dhcpcsvc.DLL
0x0000000076a40000 - 0x0000000076a51000 	C:\Program Files\Java\jre1.8.0_25\bin\nio.dll
0x00000000637c0000 - 0x00000000637cd000 	S:\Users\Ben\AppData\Local\Temp\jogamp_0000\file_cache\jln832114951732977994\jln216722252498833196\gluegen-rt.dll
0x00000000769e0000 - 0x00000000769e7000 	C:\Program Files\Java\jre1.8.0_25\bin\jawt.dll
0x000000006a440000 - 0x000000006a44d000 	S:\Users\Ben\AppData\Local\Temp\jogamp_0000\file_cache\jln832114951732977994\jln216722252498833196\nativewindow_awt.dll
0x000000006c100000 - 0x000000006c10f000 	S:\Users\Ben\AppData\Local\Temp\jogamp_0000\file_cache\jln832114951732977994\jln216722252498833196\nativewindow_win32.dll
0x00007ff960620000 - 0x00007ff96074b000 	C:\WINDOWS\SYSTEM32\OpenGL32.dll
0x00007ff97d7c0000 - 0x00007ff97d7ee000 	C:\WINDOWS\SYSTEM32\GLU32.dll
0x00007ff966bf0000 - 0x00007ff966ce8000 	C:\WINDOWS\SYSTEM32\DDRAW.dll
0x00007ff980290000 - 0x00007ff980299000 	C:\WINDOWS\SYSTEM32\DCIMAN32.dll
0x0000000064500000 - 0x00000000645a2000 	S:\Users\Ben\AppData\Local\Temp\jogamp_0000\file_cache\jln832114951732977994\jln216722252498833196\jogl_desktop.dll
0x00007ff97d720000 - 0x00007ff97d738000 	C:\WINDOWS\SYSTEM32\atig6pxx.dll
0x0000000074200000 - 0x0000000075daf000 	C:\WINDOWS\SYSTEM32\atio6axx.dll
0x00007ff98bcf0000 - 0x00007ff98beca000 	C:\WINDOWS\system32\SETUPAPI.dll
0x00007ff986120000 - 0x00007ff986257000 	C:\WINDOWS\SYSTEM32\atiadlxx.dll
0x00007ff986710000 - 0x00007ff98688f000 	C:\WINDOWS\SYSTEM32\PROPSYS.dll
0x00007ff988080000 - 0x00007ff988092000 	C:\WINDOWS\SYSTEM32\WTSAPI32.dll
0x00007ff9898f0000 - 0x00007ff989941000 	C:\WINDOWS\system32\WINTRUST.dll
0x00007ff989540000 - 0x00007ff98971f000 	C:\WINDOWS\system32\CRYPT32.dll
0x00007ff989520000 - 0x00007ff989531000 	C:\WINDOWS\system32\MSASN1.dll
0x00007ff973720000 - 0x00007ff973749000 	C:\WINDOWS\SYSTEM32\atig6txx.dll
0x00007ff95c1a0000 - 0x00007ff95c33c000 	O:\OneDrive\Workspace\ZZavatar\lib\user\KinectPV2\Kinect20.Face.dll
0x00007ff97c900000 - 0x00007ff97c9a7000 	C:\WINDOWS\SYSTEM32\MSVCP110.dll
0x00007ff981bc0000 - 0x00007ff981c8e000 	C:\WINDOWS\SYSTEM32\MSVCR110.dll
0x00007ff980280000 - 0x00007ff980290000 	O:\OneDrive\Workspace\ZZavatar\lib\user\KinectPV2\KinectPV2.dll
0x00007ff960560000 - 0x00007ff96061a000 	C:\WINDOWS\SYSTEM32\Kinect20.dll
0x00007ff97ca30000 - 0x00007ff97cb1b000 	C:\WINDOWS\SYSTEM32\MFPlat.DLL
0x00007ff97c8a0000 - 0x00007ff97c8c7000 	C:\WINDOWS\SYSTEM32\RTWorkQ.DLL
0x00007ff987050000 - 0x00007ff98705c000 	C:\WINDOWS\SYSTEM32\AVRT.dll
0x00000000741b0000 - 0x00000000741f1000 	C:\Program Files\Java\jre1.8.0_25\bin\t2k.dll
0x00007ff963e10000 - 0x00007ff963f9a000 	C:\WINDOWS\SYSTEM32\dbghelp.dll

VM Arguments:
jvm_args: -Djava.library.path=O:\OneDrive\Workspace\ZZavatar\lib\base\video;O:\OneDrive\Workspace\ZZavatar\lib\base\video;O:\OneDrive\Workspace\ZZavatar\lib\base\video;O:\OneDrive\Workspace\ZZavatar\lib\base\core;O:\OneDrive\Workspace\ZZavatar\lib\base\core;O:\OneDrive\Workspace\ZZavatar\lib\base\core;O:\OneDrive\Workspace\ZZavatar\lib\base\core;O:\OneDrive\Workspace\ZZavatar\lib\base\core;O:\OneDrive\Workspace\ZZavatar\lib\base\core;O:\OneDrive\Workspace\ZZavatar\lib\base\core;O:\OneDrive\Workspace\ZZavatar\lib\base\core;O:\OneDrive\Workspace\ZZavatar\lib\base\core;O:\OneDrive\Workspace\ZZavatar\lib\base\core;O:\OneDrive\Workspace\ZZavatar\lib\base\core;O:\OneDrive\Workspace\ZZavatar\lib\base\core;O:\OneDrive\Workspace\ZZavatar\lib\base\core;O:\OneDrive\Workspace\ZZavatar\lib\base\core;O:\OneDrive\Workspace\ZZavatar\lib\base\core;O:\OneDrive\Workspace\ZZavatar\lib\user\Kinect4WinSDK;O:\OneDrive\Workspace\ZZavatar\lib\user\KinectPV2;O:\OneDrive\Workspace\ZZavatar\lib\user\SimpleOpenNI -Dfile.encoding=Cp1252 
java_command: zzavatar.ZZavatar
java_class_path (initial): O:\OneDrive\Workspace\ZZavatar\lib\base\video\gstreamer-java.jar;O:\OneDrive\Workspace\ZZavatar\lib\base\video\jna.jar;O:\OneDrive\Workspace\ZZavatar\lib\base\video\video.jar;O:\OneDrive\Workspace\ZZavatar\lib\base\core\core.jar;O:\OneDrive\Workspace\ZZavatar\lib\base\core\gluegen-rt-natives-linux-amd64.jar;O:\OneDrive\Workspace\ZZavatar\lib\base\core\gluegen-rt-natives-linux-armv6hf.jar;O:\OneDrive\Workspace\ZZavatar\lib\base\core\gluegen-rt-natives-linux-i586.jar;O:\OneDrive\Workspace\ZZavatar\lib\base\core\gluegen-rt-natives-macosx-universal.jar;O:\OneDrive\Workspace\ZZavatar\lib\base\core\gluegen-rt-natives-windows-amd64.jar;O:\OneDrive\Workspace\ZZavatar\lib\base\core\gluegen-rt-natives-windows-i586.jar;O:\OneDrive\Workspace\ZZavatar\lib\base\core\gluegen-rt.jar;O:\OneDrive\Workspace\ZZavatar\lib\base\core\jogl-all-natives-linux-amd64.jar;O:\OneDrive\Workspace\ZZavatar\lib\base\core\jogl-all-natives-linux-armv6hf.jar;O:\OneDrive\Workspace\ZZavatar\lib\base\core\jogl-all-natives-linux-i586.jar;O:\OneDrive\Workspace\ZZavatar\lib\base\core\jogl-all-natives-macosx-universal.jar;O:\OneDrive\Workspace\ZZavatar\lib\base\core\jogl-all-natives-windows-amd64.jar;O:\OneDrive\Workspace\ZZavatar\lib\base\core\jogl-all-natives-windows-i586.jar;O:\OneDrive\Workspace\ZZavatar\lib\base\core\jogl-all.jar;O:\OneDrive\Workspace\ZZavatar\lib\user\Kinect4WinSDK\Kinect4WinSDK.jar;O:\OneDrive\Workspace\ZZavatar\lib\user\KinectPV2\KinectPV2.jar;O:\OneDrive\Workspace\ZZavatar\lib\user\SimpleOpenNI\SimpleOpenNI.jar;O:\OneDrive\Workspace\ZZavatar\bin
Launcher Type: SUN_STANDARD

Environment Variables:
JAVA_HOME=C:\Program Files\Java\jdk1.8.0_25
PATH=C:/Program Files/Java/jre1.8.0_25/bin/server;C:/Program Files/Java/jre1.8.0_25/bin;C:/Program Files/Java/jre1.8.0_25/lib/amd64;C:\Program Files (x86)\NVIDIA Corporation\PhysX\Common;C:\ProgramData\Oracle\Java\javapath;C:\Program Files (x86)\Common Files\Intel\Shared Libraries\redist\intel64\compiler;C:\Program Files (x86)\Common Files\Intel\Shared Libraries\redist\ia32\compiler;C:\Program Files (x86)\Intel\iCLS Client\;C:\Program Files\Intel\iCLS Client\;C:\Program Files (x86)\AMD APP\bin\x86_64;C:\Program Files (x86)\AMD APP\bin\x86;C:\WINDOWS\system32;C:\WINDOWS;C:\WINDOWS\System32\Wbem;C:\WINDOWS\System32\WindowsPowerShell\v1.0\;C:\Program Files (x86)\ATI Technologies\ATI.ACE\Core-Static;C:\Program Files\Intel\Intel(R) Management Engine Components\DAL;C:\Program Files\Intel\Intel(R) Management Engine Components\IPT;C:\Program Files (x86)\Intel\Intel(R) Management Engine Components\DAL;C:\Program Files (x86)\Intel\Intel(R) Management Engine Components\IPT;C:\Program Files\Sony\VAIO Improvement\;C:\Program Files (x86)\Sony\VAIO Startup Setting Tool;C:\Program Files (x86)\Windows Kits\8.1\Windows Performance Toolkit\;C:\Program Files\Microsoft SQL Server\110\Tools\Binn\;C:\Program Files (x86)\Microsoft SDKs\TypeScript\1.0\;C:\Program Files\Microsoft\Web Platform Installer\;C:\Program Files (x86)\Java\jre1.8.0_25\bin;P:\Programs\Python27\Scripts;P:\Programs\Python27;C:\Program Files\Common Files\Autodesk Shared\;P:\Program Files\Programs;P:\Program Files\Games;P:\Programs\Eclipse;
USERNAME=Benoît
OS=Windows_NT
PROCESSOR_IDENTIFIER=Intel64 Family 6 Model 58 Stepping 9, GenuineIntel



---------------  S Y S T E M  ---------------

OS: Windows 8.1 , 64 bit Build 9600 

CPU:total 8 (4 cores per cpu, 2 threads per core) family 6 model 58 stepping 9, cmov, cx8, fxsr, mmx, sse, sse2, sse3, ssse3, sse4.1, sse4.2, popcnt, avx, aes, clmul, erms, ht, tsc, tscinvbit, tscinv

Memory: 4k page, physical 6237468k(1513400k free), swap 10431772k(4344624k free)

vm_info: Java HotSpot(TM) 64-Bit Server VM (25.25-b02) for windows-amd64 JRE (1.8.0_25-b18), built on Oct  7 2014 14:25:37 by "java_re" with MS VC++ 10.0 (VS2010)

time: Fri Apr 24 16:16:56 2015
elapsed time: 30 seconds (0d 0h 0m 30s)

