#
# A fatal error has been detected by the Java Runtime Environment:
#
#  EXCEPTION_ACCESS_VIOLATION (0xc0000005) at pc=0x00000000667bc220, pid=7492, tid=7324
#
# JRE version: Java(TM) SE Runtime Environment (8.0_25-b18) (build 1.8.0_25-b18)
# Java VM: Java HotSpot(TM) 64-Bit Server VM (25.25-b02 mixed mode windows-amd64 compressed oops)
# Problematic frame:
# C  [msvcr100.dll+0x3c220]
#
# Failed to write core dump. Minidumps are not enabled by default on client versions of Windows
#
# If you would like to submit a bug report, please visit:
#   http://bugreport.sun.com/bugreport/crash.jsp
#

---------------  T H R E A D  ---------------

Current thread (0x000000001dbc5000):  JavaThread "Thread-4" [_thread_in_vm, id=7324, stack(0x000000002edf0000,0x000000002eef0000)]

siginfo: ExceptionCode=0xc0000005, reading address 0x00000000252dcff8

Registers:
RAX=0x000000000000003f, RBX=0x000000001dbc5000, RCX=0x00000000e3cc1598, RDX=0xffffffff4161ba68
RSP=0x000000002eeeefb8, RBP=0x0000000019926df8, RSI=0x0000000000000000, RDI=0x00000000007e9000
R8 =0x0000000000232000, R9 =0xffebf6fbffebf6fb, R10=0xffebf6fbffebf6fb, R11=0x00000000e3a8f5d8
R12=0x0000000000000001, R13=0x000000002eeef110, R14=0x000000002eeef090, R15=0x0000000019926df0
RIP=0x00000000667bc220, EFLAGS=0x0000000000010216

Top of Stack: (sp=0x000000002eeeefb8)
0x000000002eeeefb8:   00000000669fc312 000000001dbc51e8
0x000000002eeeefc8:   00000000669e123d 00000000001fa400
0x000000002eeeefd8:   000000001dbc5000 000000001f4e9e70
0x000000002eeeefe8:   0000000000000000 000000001dbc5000
0x000000002eeeeff8:   0000000000000000 000000002eeef110
0x000000002eeef008:   0000000000000000 0000000019926df8
0x000000002eeef018:   00007ffe7d9016f8 00000000250ab040
0x000000002eeef028:   000000001f4e9e70 000000001dbc51e8
0x000000002eeef038:   000000001fbed9f8 00000000250ab040
0x000000002eeef048:   0000000019b8cae0 000000001dbc5000
0x000000002eeef058:   0000000000000000 0000000000000000
0x000000002eeef068:   00000000028eb779 000000001fbcdd20
0x000000002eeef078:   000000001fbed9f8 000000002eeef0d0
0x000000002eeef088:   00000000a3889680 00000000a3889680
0x000000002eeef098:   000000002eeef0c0 000000001fbce048
0x000000002eeef0a8:   00000000a3889680 00000000a3889680 

Instructions: (pc=0x00000000667bc220)
0x00000000667bc200:   48 81 e9 80 00 00 00 0f 18 04 0a 0f 18 44 0a 40
0x00000000667bc210:   ff c8 75 ec 48 81 c1 00 10 00 00 b8 40 00 00 00
0x00000000667bc220:   4c 8b 4c 0a f8 4c 8b 54 0a f0 4c 0f c3 49 f8 4c
0x00000000667bc230:   0f c3 51 f0 4c 8b 4c 0a e8 4c 8b 54 0a e0 4c 0f 


Register to memory mapping:

RAX=0x000000000000003f is an unknown value
RBX=0x000000001dbc5000 is a thread
RCX=0x00000000e3cc1598 is an oop

[error occurred during error reporting (printing register info), id 0xc0000005]

Stack: [0x000000002edf0000,0x000000002eef0000],  sp=0x000000002eeeefb8,  free space=1019k
Native frames: (J=compiled Java code, j=interpreted, Vv=VM code, C=native code)
C  [msvcr100.dll+0x3c220]
V  [jvm.dll+0x14c312]
C  [KinectPV2.dll+0x16f8]
C  0x00000000028eb779

Java frames: (J=compiled Java code, j=interpreted, Vv=VM code)
J 1031  KinectPV2.Device.jniUpdate()Z (0 bytes) @ 0x00000000028eb6fb [0x00000000028eb6c0+0x3b]
J 2526 C2 KinectPV2.Device.updateDevice()Z (7 bytes) @ 0x0000000002604d94 [0x0000000002604d60+0x34]
j  KinectPV2.Device.run()V+4
j  java.lang.Thread.run()V+11
v  ~StubRoutines::call_stub

---------------  P R O C E S S  ---------------

Java Threads: ( => current thread )
=>0x000000001dbc5000 JavaThread "Thread-4" [_thread_in_vm, id=7324, stack(0x000000002edf0000,0x000000002eef0000)]
  0x000000001dbc0800 JavaThread "Animation Thread-SharedResourceRunner" daemon [_thread_blocked, id=7336, stack(0x000000001eb70000,0x000000001ec70000)]
  0x00000000023ce800 JavaThread "DestroyJavaVM" [_thread_blocked, id=1524, stack(0x0000000002250000,0x0000000002350000)]
  0x00000000195c2000 JavaThread "D3D Screen Updater" daemon [_thread_blocked, id=7928, stack(0x000000001ca20000,0x000000001cb20000)]
  0x0000000019520000 JavaThread "Animation Thread" [_thread_in_native, id=3516, stack(0x000000001c720000,0x000000001c820000)]
  0x0000000019501000 JavaThread "AWT-EventQueue-0" [_thread_blocked, id=5456, stack(0x000000001c520000,0x000000001c620000)]
  0x00000000185ee800 JavaThread "AWT-Windows" daemon [_thread_in_native, id=1276, stack(0x0000000019d90000,0x0000000019e90000)]
  0x00000000185ed800 JavaThread "AWT-Shutdown" [_thread_blocked, id=8068, stack(0x0000000019c90000,0x0000000019d90000)]
  0x0000000019430000 JavaThread "Java2D Disposer" daemon [_thread_blocked, id=7396, stack(0x0000000019b90000,0x0000000019c90000)]
  0x00000000182a2800 JavaThread "Service Thread" daemon [_thread_blocked, id=6844, stack(0x0000000018bf0000,0x0000000018cf0000)]
  0x0000000018237800 JavaThread "C1 CompilerThread3" daemon [_thread_blocked, id=4848, stack(0x0000000018af0000,0x0000000018bf0000)]
  0x0000000018227000 JavaThread "C2 CompilerThread2" daemon [_thread_blocked, id=8040, stack(0x00000000189f0000,0x0000000018af0000)]
  0x000000001821d800 JavaThread "C2 CompilerThread1" daemon [_thread_blocked, id=5568, stack(0x00000000188f0000,0x00000000189f0000)]
  0x0000000018219800 JavaThread "C2 CompilerThread0" daemon [_thread_blocked, id=8084, stack(0x00000000187f0000,0x00000000188f0000)]
  0x0000000018217000 JavaThread "Attach Listener" daemon [_thread_blocked, id=7760, stack(0x00000000186f0000,0x00000000187f0000)]
  0x0000000018215800 JavaThread "Signal Dispatcher" daemon [_thread_blocked, id=4672, stack(0x00000000185f0000,0x00000000186f0000)]
  0x00000000024c8800 JavaThread "Finalizer" daemon [_thread_blocked, id=5564, stack(0x00000000180f0000,0x00000000181f0000)]
  0x000000001621c800 JavaThread "Reference Handler" daemon [_thread_blocked, id=4496, stack(0x0000000017ff0000,0x00000000180f0000)]

Other Threads:
  0x0000000016218800 VMThread [stack: 0x0000000017ef0000,0x0000000017ff0000] [id=7496]
  0x00000000182a4800 WatcherThread [stack: 0x0000000018cf0000,0x0000000018df0000] [id=3664]

VM state:not at safepoint (normal execution)

VM Mutex/Monitor currently owned by a thread: None

Heap:
 PSYoungGen      total 518144K, used 64195K [0x00000000e0400000, 0x0000000100000000, 0x0000000100000000)
  eden space 517120K, 12% used [0x00000000e0400000,0x00000000e4278dd8,0x00000000ffd00000)
  from space 1024K, 21% used [0x00000000ffd00000,0x00000000ffd38000,0x00000000ffe00000)
  to   space 1024K, 0% used [0x00000000fff00000,0x00000000fff00000,0x0000000100000000)
 ParOldGen       total 236032K, used 186575K [0x00000000a0c00000, 0x00000000af280000, 0x00000000e0400000)
  object space 236032K, 79% used [0x00000000a0c00000,0x00000000ac233c50,0x00000000af280000)
 Metaspace       used 18104K, capacity 18313K, committed 18432K, reserved 1067008K
  class space    used 1721K, capacity 1761K, committed 1792K, reserved 1048576K

Card table byte_map: [0x0000000011890000,0x0000000011b90000] byte_map_base: 0x000000001138a000

Marking Bits: (ParMarkBitMap*) 0x000000006708d490
 Begin Bits: [0x0000000012590000, 0x0000000013d60000)
 End Bits:   [0x0000000013d60000, 0x0000000015530000)

Polling page: 0x0000000000890000

CodeCache: size=245760Kb used=8131Kb max_used=9830Kb free=237628Kb
 bounds [0x00000000024d0000, 0x0000000002e80000, 0x00000000114d0000]
 total_blobs=3069 nmethods=2198 adapters=785
 compilation: enabled

Compilation events (10 events):
Event: 104.374 Thread 0x0000000018219800 2726       4       javax.media.opengl.GLContext::setCurrent (101 bytes)
Event: 104.376 Thread 0x0000000018219800 nmethod 2726 0x000000000288abd0 code [0x000000000288ad20, 0x000000000288ae98]
Event: 104.424 Thread 0x000000001821d800 2727       4       java.util.HashSet::remove (20 bytes)
Event: 104.431 Thread 0x000000001821d800 nmethod 2727 0x000000000265b590 code [0x000000000265b700, 0x000000000265baf8]
Event: 104.455 Thread 0x0000000018227000 2728       4       processing.opengl.PGraphicsOpenGL::lightNormal (158 bytes)
Event: 104.458 Thread 0x0000000018227000 nmethod 2728 0x0000000002b527d0 code [0x0000000002b52940, 0x0000000002b52ad8]
Event: 106.958 Thread 0x0000000018219800 2729       4       processing.core.PGraphics::strokeFromCalc (86 bytes)
Event: 106.959 Thread 0x0000000018219800 nmethod 2729 0x00000000028ef190 code [0x00000000028ef2c0, 0x00000000028ef3b8]
Event: 114.342 Thread 0x0000000018237800 2731       3       java.util.HashSet::<init> (16 bytes)
Event: 114.343 Thread 0x0000000018237800 nmethod 2731 0x0000000002becb90 code [0x0000000002becd20, 0x0000000002bed130]

GC Heap History (10 events):
Event: 110.644 GC heap before
{Heap before GC invocations=117 (full 4):
 PSYoungGen      total 518656K, used 517280K [0x00000000e0400000, 0x0000000100000000, 0x0000000100000000)
  eden space 517120K, 100% used [0x00000000e0400000,0x00000000ffd00000,0x00000000ffd00000)
  from space 1536K, 10% used [0x00000000ffe80000,0x00000000ffea8000,0x0000000100000000)
  to   space 1536K, 0% used [0x00000000ffd00000,0x00000000ffd00000,0x00000000ffe80000)
 ParOldGen       total 236032K, used 186575K [0x00000000a0c00000, 0x00000000af280000, 0x00000000e0400000)
  object space 236032K, 79% used [0x00000000a0c00000,0x00000000ac233c50,0x00000000af280000)
 Metaspace       used 18069K, capacity 18249K, committed 18432K, reserved 1067008K
  class space    used 1709K, capacity 1761K, committed 1792K, reserved 1048576K
Event: 110.646 GC heap after
Heap after GC invocations=117 (full 4):
 PSYoungGen      total 518656K, used 160K [0x00000000e0400000, 0x0000000100000000, 0x0000000100000000)
  eden space 517120K, 0% used [0x00000000e0400000,0x00000000e0400000,0x00000000ffd00000)
  from space 1536K, 10% used [0x00000000ffd00000,0x00000000ffd28000,0x00000000ffe80000)
  to   space 1536K, 0% used [0x00000000ffe80000,0x00000000ffe80000,0x0000000100000000)
 ParOldGen       total 236032K, used 186575K [0x00000000a0c00000, 0x00000000af280000, 0x00000000e0400000)
  object space 236032K, 79% used [0x00000000a0c00000,0x00000000ac233c50,0x00000000af280000)
 Metaspace       used 18069K, capacity 18249K, committed 18432K, reserved 1067008K
  class space    used 1709K, capacity 1761K, committed 1792K, reserved 1048576K
}
Event: 111.515 GC heap before
{Heap before GC invocations=118 (full 4):
 PSYoungGen      total 518656K, used 517280K [0x00000000e0400000, 0x0000000100000000, 0x0000000100000000)
  eden space 517120K, 100% used [0x00000000e0400000,0x00000000ffd00000,0x00000000ffd00000)
  from space 1536K, 10% used [0x00000000ffd00000,0x00000000ffd28000,0x00000000ffe80000)
  to   space 1536K, 0% used [0x00000000ffe80000,0x00000000ffe80000,0x0000000100000000)
 ParOldGen       total 236032K, used 186575K [0x00000000a0c00000, 0x00000000af280000, 0x00000000e0400000)
  object space 236032K, 79% used [0x00000000a0c00000,0x00000000ac233c50,0x00000000af280000)
 Metaspace       used 18069K, capacity 18249K, committed 18432K, reserved 1067008K
  class space    used 1709K, capacity 1761K, committed 1792K, reserved 1048576K
Event: 111.516 GC heap after
Heap after GC invocations=118 (full 4):
 PSYoungGen      total 518656K, used 192K [0x00000000e0400000, 0x0000000100000000, 0x0000000100000000)
  eden space 517120K, 0% used [0x00000000e0400000,0x00000000e0400000,0x00000000ffd00000)
  from space 1536K, 12% used [0x00000000ffe80000,0x00000000ffeb0000,0x0000000100000000)
  to   space 1536K, 0% used [0x00000000ffd00000,0x00000000ffd00000,0x00000000ffe80000)
 ParOldGen       total 236032K, used 186575K [0x00000000a0c00000, 0x00000000af280000, 0x00000000e0400000)
  object space 236032K, 79% used [0x00000000a0c00000,0x00000000ac233c50,0x00000000af280000)
 Metaspace       used 18069K, capacity 18249K, committed 18432K, reserved 1067008K
  class space    used 1709K, capacity 1761K, committed 1792K, reserved 1048576K
}
Event: 112.441 GC heap before
{Heap before GC invocations=119 (full 4):
 PSYoungGen      total 518656K, used 515058K [0x00000000e0400000, 0x0000000100000000, 0x0000000100000000)
  eden space 517120K, 99% used [0x00000000e0400000,0x00000000ffacca08,0x00000000ffd00000)
  from space 1536K, 12% used [0x00000000ffe80000,0x00000000ffeb0000,0x0000000100000000)
  to   space 1536K, 0% used [0x00000000ffd00000,0x00000000ffd00000,0x00000000ffe80000)
 ParOldGen       total 236032K, used 186575K [0x00000000a0c00000, 0x00000000af280000, 0x00000000e0400000)
  object space 236032K, 79% used [0x00000000a0c00000,0x00000000ac233c50,0x00000000af280000)
 Metaspace       used 18069K, capacity 18249K, committed 18432K, reserved 1067008K
  class space    used 1709K, capacity 1761K, committed 1792K, reserved 1048576K
Event: 112.442 GC heap after
Heap after GC invocations=119 (full 4):
 PSYoungGen      total 518656K, used 160K [0x00000000e0400000, 0x0000000100000000, 0x0000000100000000)
  eden space 517120K, 0% used [0x00000000e0400000,0x00000000e0400000,0x00000000ffd00000)
  from space 1536K, 10% used [0x00000000ffd00000,0x00000000ffd28000,0x00000000ffe80000)
  to   space 1536K, 0% used [0x00000000ffe80000,0x00000000ffe80000,0x0000000100000000)
 ParOldGen       total 236032K, used 186575K [0x00000000a0c00000, 0x00000000af280000, 0x00000000e0400000)
  object space 236032K, 79% used [0x00000000a0c00000,0x00000000ac233c50,0x00000000af280000)
 Metaspace       used 18069K, capacity 18249K, committed 18432K, reserved 1067008K
  class space    used 1709K, capacity 1761K, committed 1792K, reserved 1048576K
}
Event: 113.343 GC heap before
{Heap before GC invocations=120 (full 4):
 PSYoungGen      total 518656K, used 517280K [0x00000000e0400000, 0x0000000100000000, 0x0000000100000000)
  eden space 517120K, 100% used [0x00000000e0400000,0x00000000ffd00000,0x00000000ffd00000)
  from space 1536K, 10% used [0x00000000ffd00000,0x00000000ffd28000,0x00000000ffe80000)
  to   space 1536K, 0% used [0x00000000ffe80000,0x00000000ffe80000,0x0000000100000000)
 ParOldGen       total 236032K, used 186575K [0x00000000a0c00000, 0x00000000af280000, 0x00000000e0400000)
  object space 236032K, 79% used [0x00000000a0c00000,0x00000000ac233c50,0x00000000af280000)
 Metaspace       used 18069K, capacity 18249K, committed 18432K, reserved 1067008K
  class space    used 1709K, capacity 1761K, committed 1792K, reserved 1048576K
Event: 113.345 GC heap after
Heap after GC invocations=120 (full 4):
 PSYoungGen      total 517632K, used 224K [0x00000000e0400000, 0x00000000fff00000, 0x0000000100000000)
  eden space 517120K, 0% used [0x00000000e0400000,0x00000000e0400000,0x00000000ffd00000)
  from space 512K, 43% used [0x00000000ffe80000,0x00000000ffeb8000,0x00000000fff00000)
  to   space 1024K, 0% used [0x00000000ffd00000,0x00000000ffd00000,0x00000000ffe00000)
 ParOldGen       total 236032K, used 186575K [0x00000000a0c00000, 0x00000000af280000, 0x00000000e0400000)
  object space 236032K, 79% used [0x00000000a0c00000,0x00000000ac233c50,0x00000000af280000)
 Metaspace       used 18069K, capacity 18249K, committed 18432K, reserved 1067008K
  class space    used 1709K, capacity 1761K, committed 1792K, reserved 1048576K
}
Event: 114.239 GC heap before
{Heap before GC invocations=121 (full 4):
 PSYoungGen      total 517632K, used 515762K [0x00000000e0400000, 0x00000000fff00000, 0x0000000100000000)
  eden space 517120K, 99% used [0x00000000e0400000,0x00000000ffb749c0,0x00000000ffd00000)
  from space 512K, 43% used [0x00000000ffe80000,0x00000000ffeb8000,0x00000000fff00000)
  to   space 1024K, 0% used [0x00000000ffd00000,0x00000000ffd00000,0x00000000ffe00000)
 ParOldGen       total 236032K, used 186575K [0x00000000a0c00000, 0x00000000af280000, 0x00000000e0400000)
  object space 236032K, 79% used [0x00000000a0c00000,0x00000000ac233c50,0x00000000af280000)
 Metaspace       used 18069K, capacity 18249K, committed 18432K, reserved 1067008K
  class space    used 1709K, capacity 1761K, committed 1792K, reserved 1048576K
Event: 114.240 GC heap after
Heap after GC invocations=121 (full 4):
 PSYoungGen      total 518144K, used 224K [0x00000000e0400000, 0x0000000100000000, 0x0000000100000000)
  eden space 517120K, 0% used [0x00000000e0400000,0x00000000e0400000,0x00000000ffd00000)
  from space 1024K, 21% used [0x00000000ffd00000,0x00000000ffd38000,0x00000000ffe00000)
  to   space 1024K, 0% used [0x00000000fff00000,0x00000000fff00000,0x0000000100000000)
 ParOldGen       total 236032K, used 186575K [0x00000000a0c00000, 0x00000000af280000, 0x00000000e0400000)
  object space 236032K, 79% used [0x00000000a0c00000,0x00000000ac233c50,0x00000000af280000)
 Metaspace       used 18069K, capacity 18249K, committed 18432K, reserved 1067008K
  class space    used 1709K, capacity 1761K, committed 1792K, reserved 1048576K
}

Deoptimization events (10 events):
Event: 6.639 Thread 0x0000000019501000 Uncommon trap: reason=null_check action=make_not_entrant pc=0x0000000002b70cc0 method=jogamp.opengl.glu.tessellator.Sweep.RegionBelow(Ljogamp/opengl/glu/tessellator/ActiveRegion;)Ljogamp/opengl/glu/tessellator/ActiveRegion; @ 10
Event: 6.640 Thread 0x0000000019501000 Uncommon trap: reason=null_check action=make_not_entrant pc=0x0000000002ac6b5c method=jogamp.opengl.glu.tessellator.Sweep.RegionBelow(Ljogamp/opengl/glu/tessellator/ActiveRegion;)Ljogamp/opengl/glu/tessellator/ActiveRegion; @ 10
Event: 6.642 Thread 0x0000000019501000 Uncommon trap: reason=unreached action=reinterpret pc=0x0000000002b0e398 method=jogamp.opengl.glu.tessellator.Sweep.RemoveDegenerateEdges(Ljogamp/opengl/glu/tessellator/GLUtessellatorImpl;)V @ 92
Event: 68.774 Thread 0x0000000019501000 Uncommon trap: reason=unreached action=reinterpret pc=0x00000000025db910 method=sun.awt.PostEventQueue.flush()V @ 37
Event: 114.274 Thread 0x0000000019501000 Uncommon trap: reason=speculate_class_check action=maybe_recompile pc=0x0000000002bcb004 method=java.awt.EventQueue.eventToCacheIndex(Ljava/awt/AWTEvent;)I @ 68
Event: 114.274 Thread 0x0000000019501000 Uncommon trap: reason=speculate_class_check action=maybe_recompile pc=0x0000000002bcb004 method=java.awt.EventQueue.eventToCacheIndex(Ljava/awt/AWTEvent;)I @ 68
Event: 114.274 Thread 0x0000000019501000 Uncommon trap: reason=speculate_class_check action=maybe_recompile pc=0x0000000002bcb004 method=java.awt.EventQueue.eventToCacheIndex(Ljava/awt/AWTEvent;)I @ 68
Event: 114.274 Thread 0x0000000019501000 Uncommon trap: reason=unreached action=reinterpret pc=0x000000000276d564 method=java.security.AccessControlContext.optimize()Ljava/security/AccessControlContext; @ 206
Event: 114.274 Thread 0x0000000019501000 Uncommon trap: reason=unreached action=reinterpret pc=0x00000000029af270 method=java.security.AccessControlContext.combine([Ljava/security/ProtectionDomain;[Ljava/security/ProtectionDomain;)[Ljava/security/ProtectionDomain; @ 45
Event: 114.276 Thread 0x0000000019501000 Uncommon trap: reason=speculate_class_check action=maybe_recompile pc=0x0000000002bcb004 method=java.awt.EventQueue.eventToCacheIndex(Ljava/awt/AWTEvent;)I @ 68

Internal exceptions (10 events):
Event: 6.710 Thread 0x0000000019501000 Implicit null exception at 0x0000000002bf3004 to 0x0000000002bf363c
Event: 6.710 Thread 0x0000000019501000 Exception <a 'java/lang/NullPointerException'> (0x00000000eeecc1a0) thrown at [D:\re\workspace\8-2-build-windows-amd64-cygwin\jdk8u25\1677\hotspot\src\share\vm\runtime\sharedRuntime.cpp, line 604]
Event: 6.711 Thread 0x0000000019501000 Implicit null exception at 0x0000000002bf3004 to 0x0000000002bf363c
Event: 6.711 Thread 0x0000000019501000 Exception <a 'java/lang/NullPointerException'> (0x00000000eeedd778) thrown at [D:\re\workspace\8-2-build-windows-amd64-cygwin\jdk8u25\1677\hotspot\src\share\vm\runtime\sharedRuntime.cpp, line 604]
Event: 6.725 Thread 0x0000000019501000 Implicit null exception at 0x0000000002bf3004 to 0x0000000002bf363c
Event: 6.725 Thread 0x0000000019501000 Exception <a 'java/lang/NullPointerException'> (0x00000000efb6a470) thrown at [D:\re\workspace\8-2-build-windows-amd64-cygwin\jdk8u25\1677\hotspot\src\share\vm\runtime\sharedRuntime.cpp, line 604]
Event: 6.729 Thread 0x0000000019501000 Implicit null exception at 0x0000000002bf3004 to 0x0000000002bf363c
Event: 6.729 Thread 0x0000000019501000 Exception <a 'java/lang/NullPointerException'> (0x00000000efc1ef08) thrown at [D:\re\workspace\8-2-build-windows-amd64-cygwin\jdk8u25\1677\hotspot\src\share\vm\runtime\sharedRuntime.cpp, line 604]
Event: 114.274 Thread 0x0000000019501000 Implicit null exception at 0x000000000276cbec to 0x000000000276d535
Event: 114.274 Thread 0x0000000019501000 Implicit null exception at 0x00000000029aeddf to 0x00000000029af249

Events (10 events):
Event: 114.276 loading class javax/swing/KeyboardManager done
Event: 114.276 loading class javax/swing/Popup$HeavyWeightWindow
Event: 114.276 loading class sun/awt/ModalExclude
Event: 114.276 loading class sun/awt/ModalExclude done
Event: 114.276 loading class javax/swing/JWindow
Event: 114.276 loading class javax/swing/JWindow done
Event: 114.276 loading class javax/swing/Popup$HeavyWeightWindow done
Event: 114.276 Thread 0x0000000019501000 Uncommon trap: trap_request=0xffffff76 fr.pc=0x0000000002bcb004
Event: 114.276 Thread 0x0000000019501000 DEOPT PACKING pc=0x0000000002bcb004 sp=0x000000001c61f270
Event: 114.276 Thread 0x0000000019501000 DEOPT UNPACKING pc=0x000000000251556a sp=0x000000001c61f200 mode 2


Dynamic libraries:
0x00007ff68d590000 - 0x00007ff68d5c4000 	C:\Program Files\Java\jre1.8.0_25\bin\javaw.exe
0x00007ffe8a980000 - 0x00007ffe8ab2c000 	C:\WINDOWS\SYSTEM32\ntdll.dll
0x00007ffe880e0000 - 0x00007ffe8821e000 	C:\WINDOWS\system32\KERNEL32.DLL
0x00007ffe87c50000 - 0x00007ffe87d65000 	C:\WINDOWS\system32\KERNELBASE.dll
0x00007ffe86650000 - 0x00007ffe866de000 	C:\WINDOWS\system32\apphelp.dll
0x00007ffe7bde0000 - 0x00007ffe7be33000 	C:\WINDOWS\AppPatch\AppPatch64\AcGenral.DLL
0x00007ffe88c10000 - 0x00007ffe88cba000 	C:\WINDOWS\system32\msvcrt.dll
0x00007ffe87900000 - 0x00007ffe8792e000 	C:\WINDOWS\SYSTEM32\SspiCli.dll
0x00007ffe885f0000 - 0x00007ffe88644000 	C:\WINDOWS\system32\SHLWAPI.dll
0x00007ffe88290000 - 0x00007ffe88407000 	C:\WINDOWS\system32\USER32.dll
0x00007ffe8a400000 - 0x00007ffe8a594000 	C:\WINDOWS\system32\ole32.dll
0x00007ffe88ee0000 - 0x00007ffe8a3f8000 	C:\WINDOWS\system32\SHELL32.dll
0x00007ffe87070000 - 0x00007ffe87091000 	C:\WINDOWS\SYSTEM32\USERENV.dll
0x00007ffe889f0000 - 0x00007ffe88a9a000 	C:\WINDOWS\system32\ADVAPI32.dll
0x00007ffe7af60000 - 0x00007ffe7af7e000 	C:\WINDOWS\SYSTEM32\MPR.dll
0x00007ffe88840000 - 0x00007ffe88981000 	C:\WINDOWS\system32\RPCRT4.dll
0x00007ffe88b60000 - 0x00007ffe88bb9000 	C:\WINDOWS\SYSTEM32\sechost.dll
0x00007ffe88cc0000 - 0x00007ffe88ed1000 	C:\WINDOWS\SYSTEM32\combase.dll
0x00007ffe8a5a0000 - 0x00007ffe8a6f1000 	C:\WINDOWS\system32\GDI32.dll
0x00007ffe87ad0000 - 0x00007ffe87ae5000 	C:\WINDOWS\SYSTEM32\profapi.dll
0x00007ffe85e70000 - 0x00007ffe85f22000 	C:\WINDOWS\SYSTEM32\SHCORE.dll
0x00007ffe88bd0000 - 0x00007ffe88c06000 	C:\WINDOWS\system32\IMM32.DLL
0x00007ffe88650000 - 0x00007ffe887a2000 	C:\WINDOWS\system32\MSCTF.dll
0x00007ffe851d0000 - 0x00007ffe8544b000 	C:\WINDOWS\WinSxS\amd64_microsoft.windows.common-controls_6595b64144ccf1df_6.0.9600.17415_none_6240486fecbd8abb\COMCTL32.dll
0x0000000066780000 - 0x0000000066852000 	C:\Program Files\Java\jre1.8.0_25\bin\msvcr100.dll
0x00000000668b0000 - 0x000000006710a000 	C:\Program Files\Java\jre1.8.0_25\bin\server\jvm.dll
0x00007ffe6eb60000 - 0x00007ffe6eb69000 	C:\WINDOWS\SYSTEM32\WSOCK32.dll
0x00007ffe7b5d0000 - 0x00007ffe7b5f2000 	C:\WINDOWS\SYSTEM32\WINMM.dll
0x00007ffe88bc0000 - 0x00007ffe88bc7000 	C:\WINDOWS\system32\PSAPI.DLL
0x00007ffe887e0000 - 0x00007ffe8883a000 	C:\WINDOWS\system32\WS2_32.dll
0x00007ffe7b5a0000 - 0x00007ffe7b5ca000 	C:\WINDOWS\SYSTEM32\WINMMBASE.dll
0x00007ffe880d0000 - 0x00007ffe880d9000 	C:\WINDOWS\system32\NSI.dll
0x00007ffe87fb0000 - 0x00007ffe87fff000 	C:\WINDOWS\SYSTEM32\cfgmgr32.dll
0x00007ffe868c0000 - 0x00007ffe868e8000 	C:\WINDOWS\SYSTEM32\DEVOBJ.dll
0x0000000067ae0000 - 0x0000000067aef000 	C:\Program Files\Java\jre1.8.0_25\bin\verify.dll
0x0000000067ab0000 - 0x0000000067ad8000 	C:\Program Files\Java\jre1.8.0_25\bin\java.dll
0x0000000067a90000 - 0x0000000067aa6000 	C:\Program Files\Java\jre1.8.0_25\bin\zip.dll
0x00000000665e0000 - 0x0000000066778000 	C:\Program Files\Java\jre1.8.0_25\bin\awt.dll
0x00007ffe8a700000 - 0x00007ffe8a7c1000 	C:\WINDOWS\system32\OLEAUT32.dll
0x00007ffe85c70000 - 0x00007ffe85c91000 	C:\WINDOWS\system32\DWMAPI.DLL
0x00007ffe86790000 - 0x00007ffe868b9000 	C:\WINDOWS\system32\uxtheme.dll
0x00007ffe868f0000 - 0x00007ffe868fb000 	C:\WINDOWS\SYSTEM32\kernel.appcore.dll
0x00007ffe879a0000 - 0x00007ffe879ab000 	C:\WINDOWS\SYSTEM32\CRYPTBASE.dll
0x00007ffe87930000 - 0x00007ffe87993000 	C:\WINDOWS\SYSTEM32\bcryptPrimitives.dll
0x00007ffe7cd90000 - 0x00007ffe7cfb1000 	C:\WINDOWS\system32\d3d9.dll
0x00007ffe857e0000 - 0x00007ffe857ea000 	C:\WINDOWS\SYSTEM32\VERSION.dll
0x00007ffe85080000 - 0x00007ffe851cb000 	C:\WINDOWS\SYSTEM32\aticfx64.dll
0x00007ffe63110000 - 0x00007ffe63131000 	C:\WINDOWS\SYSTEM32\atiu9p64.dll
0x00007ffe62920000 - 0x00007ffe63105000 	C:\WINDOWS\SYSTEM32\atiumd64.dll
0x00000000671f0000 - 0x00000000679a7000 	C:\WINDOWS\SYSTEM32\atiumd6a.dll
0x0000000066590000 - 0x00000000665d7000 	C:\Program Files\Java\jre1.8.0_25\bin\fontmanager.dll
0x00007ffe87340000 - 0x00007ffe87360000 	C:\WINDOWS\SYSTEM32\CRYPTSP.dll
0x00007ffe86f60000 - 0x00007ffe86f96000 	C:\WINDOWS\system32\rsaenh.dll
0x00007ffe875f0000 - 0x00007ffe87616000 	C:\WINDOWS\SYSTEM32\bcrypt.dll
0x0000000067a70000 - 0x0000000067a8a000 	C:\Program Files\Java\jre1.8.0_25\bin\net.dll
0x00007ffe872e0000 - 0x00007ffe87339000 	C:\WINDOWS\system32\mswsock.dll
0x00007ffe83800000 - 0x00007ffe8382a000 	C:\WINDOWS\SYSTEM32\IPHLPAPI.DLL
0x00007ffe84f70000 - 0x00007ffe84f7a000 	C:\WINDOWS\SYSTEM32\WINNSI.DLL
0x00007ffe82890000 - 0x00007ffe828a6000 	C:\WINDOWS\SYSTEM32\dhcpcsvc6.DLL
0x00007ffe829e0000 - 0x00007ffe829fa000 	C:\WINDOWS\SYSTEM32\dhcpcsvc.DLL
0x0000000066890000 - 0x00000000668a1000 	C:\Program Files\Java\jre1.8.0_25\bin\nio.dll
0x00000000637c0000 - 0x00000000637cd000 	S:\Users\Ben\AppData\Local\Temp\jogamp_0000\file_cache\jln8463136095458841773\jln7903660424799502293\gluegen-rt.dll
0x0000000067a60000 - 0x0000000067a67000 	C:\Program Files\Java\jre1.8.0_25\bin\jawt.dll
0x000000006a440000 - 0x000000006a44d000 	S:\Users\Ben\AppData\Local\Temp\jogamp_0000\file_cache\jln8463136095458841773\jln7903660424799502293\nativewindow_awt.dll
0x000000006c100000 - 0x000000006c10f000 	S:\Users\Ben\AppData\Local\Temp\jogamp_0000\file_cache\jln8463136095458841773\jln7903660424799502293\nativewindow_win32.dll
0x00007ffe72140000 - 0x00007ffe7226b000 	C:\WINDOWS\SYSTEM32\OpenGL32.dll
0x00007ffe7d770000 - 0x00007ffe7d79e000 	C:\WINDOWS\SYSTEM32\GLU32.dll
0x00007ffe6f190000 - 0x00007ffe6f288000 	C:\WINDOWS\SYSTEM32\DDRAW.dll
0x00007ffe83400000 - 0x00007ffe83409000 	C:\WINDOWS\SYSTEM32\DCIMAN32.dll
0x0000000064500000 - 0x00000000645a2000 	S:\Users\Ben\AppData\Local\Temp\jogamp_0000\file_cache\jln8463136095458841773\jln7903660424799502293\jogl_desktop.dll
0x00007ffe7d250000 - 0x00007ffe7d268000 	C:\WINDOWS\SYSTEM32\atig6pxx.dll
0x00000000649e0000 - 0x000000006658f000 	C:\WINDOWS\SYSTEM32\atio6axx.dll
0x00007ffe88410000 - 0x00007ffe885ea000 	C:\WINDOWS\system32\SETUPAPI.dll
0x00007ffe83830000 - 0x00007ffe83967000 	C:\WINDOWS\SYSTEM32\atiadlxx.dll
0x00007ffe83e00000 - 0x00007ffe83f7f000 	C:\WINDOWS\SYSTEM32\PROPSYS.dll
0x00007ffe866e0000 - 0x00007ffe866f2000 	C:\WINDOWS\SYSTEM32\WTSAPI32.dll
0x00007ffe87f50000 - 0x00007ffe87fa1000 	C:\WINDOWS\system32\WINTRUST.dll
0x00007ffe87d70000 - 0x00007ffe87f4f000 	C:\WINDOWS\system32\CRYPT32.dll
0x00007ffe87b80000 - 0x00007ffe87b91000 	C:\WINDOWS\system32\MSASN1.dll
0x00007ffe7d110000 - 0x00007ffe7d139000 	C:\WINDOWS\SYSTEM32\atig6txx.dll
0x00007ffe5fbf0000 - 0x00007ffe5fd8c000 	O:\OneDrive\Workspace\ZZavatar\lib\user\KinectPV2\Kinect20.Face.dll
0x00007ffe7b0e0000 - 0x00007ffe7b187000 	C:\WINDOWS\SYSTEM32\MSVCP110.dll
0x00007ffe80220000 - 0x00007ffe802ee000 	C:\WINDOWS\SYSTEM32\MSVCR110.dll
0x00007ffe7d900000 - 0x00007ffe7d910000 	O:\OneDrive\Workspace\ZZavatar\lib\user\KinectPV2\KinectPV2.dll
0x00007ffe725a0000 - 0x00007ffe7265a000 	C:\WINDOWS\SYSTEM32\Kinect20.dll
0x00007ffe7b1e0000 - 0x00007ffe7b2cb000 	C:\WINDOWS\SYSTEM32\MFPlat.DLL
0x00007ffe7af80000 - 0x00007ffe7afa7000 	C:\WINDOWS\SYSTEM32\RTWorkQ.DLL
0x00007ffe856b0000 - 0x00007ffe856bc000 	C:\WINDOWS\SYSTEM32\AVRT.dll
0x00007ffe62090000 - 0x00007ffe6221a000 	C:\WINDOWS\SYSTEM32\dbghelp.dll

VM Arguments:
jvm_args: -Djava.library.path=O:\OneDrive\Workspace\ZZavatar\lib\base\video;O:\OneDrive\Workspace\ZZavatar\lib\base\video;O:\OneDrive\Workspace\ZZavatar\lib\base\video;O:\OneDrive\Workspace\ZZavatar\lib\base\core;O:\OneDrive\Workspace\ZZavatar\lib\base\core;O:\OneDrive\Workspace\ZZavatar\lib\base\core;O:\OneDrive\Workspace\ZZavatar\lib\base\core;O:\OneDrive\Workspace\ZZavatar\lib\base\core;O:\OneDrive\Workspace\ZZavatar\lib\base\core;O:\OneDrive\Workspace\ZZavatar\lib\base\core;O:\OneDrive\Workspace\ZZavatar\lib\base\core;O:\OneDrive\Workspace\ZZavatar\lib\base\core;O:\OneDrive\Workspace\ZZavatar\lib\base\core;O:\OneDrive\Workspace\ZZavatar\lib\base\core;O:\OneDrive\Workspace\ZZavatar\lib\base\core;O:\OneDrive\Workspace\ZZavatar\lib\base\core;O:\OneDrive\Workspace\ZZavatar\lib\base\core;O:\OneDrive\Workspace\ZZavatar\lib\base\core;O:\OneDrive\Workspace\ZZavatar\lib\user\Kinect4WinSDK;O:\OneDrive\Workspace\ZZavatar\lib\user\KinectPV2;O:\OneDrive\Workspace\ZZavatar\lib\user\SimpleOpenNI -Dfile.encoding=Cp1252 
java_command: zzavatar.ZZavatar
java_class_path (initial): O:\OneDrive\Workspace\ZZavatar\lib\base\video\gstreamer-java.jar;O:\OneDrive\Workspace\ZZavatar\lib\base\video\jna.jar;O:\OneDrive\Workspace\ZZavatar\lib\base\video\video.jar;O:\OneDrive\Workspace\ZZavatar\lib\base\core\core.jar;O:\OneDrive\Workspace\ZZavatar\lib\base\core\gluegen-rt-natives-linux-amd64.jar;O:\OneDrive\Workspace\ZZavatar\lib\base\core\gluegen-rt-natives-linux-armv6hf.jar;O:\OneDrive\Workspace\ZZavatar\lib\base\core\gluegen-rt-natives-linux-i586.jar;O:\OneDrive\Workspace\ZZavatar\lib\base\core\gluegen-rt-natives-macosx-universal.jar;O:\OneDrive\Workspace\ZZavatar\lib\base\core\gluegen-rt-natives-windows-amd64.jar;O:\OneDrive\Workspace\ZZavatar\lib\base\core\gluegen-rt-natives-windows-i586.jar;O:\OneDrive\Workspace\ZZavatar\lib\base\core\gluegen-rt.jar;O:\OneDrive\Workspace\ZZavatar\lib\base\core\jogl-all-natives-linux-amd64.jar;O:\OneDrive\Workspace\ZZavatar\lib\base\core\jogl-all-natives-linux-armv6hf.jar;O:\OneDrive\Workspace\ZZavatar\lib\base\core\jogl-all-natives-linux-i586.jar;O:\OneDrive\Workspace\ZZavatar\lib\base\core\jogl-all-natives-macosx-universal.jar;O:\OneDrive\Workspace\ZZavatar\lib\base\core\jogl-all-natives-windows-amd64.jar;O:\OneDrive\Workspace\ZZavatar\lib\base\core\jogl-all-natives-windows-i586.jar;O:\OneDrive\Workspace\ZZavatar\lib\base\core\jogl-all.jar;O:\OneDrive\Workspace\ZZavatar\lib\user\Kinect4WinSDK\Kinect4WinSDK.jar;O:\OneDrive\Workspace\ZZavatar\lib\user\KinectPV2\KinectPV2.jar;O:\OneDrive\Workspace\ZZavatar\lib\user\SimpleOpenNI\SimpleOpenNI.jar;O:\OneDrive\Workspace\ZZavatar\bin
Launcher Type: SUN_STANDARD

Environment Variables:
JAVA_HOME=C:\Program Files\Java\jdk1.8.0_25
PATH=C:/Program Files/Java/jre1.8.0_25/bin/server;C:/Program Files/Java/jre1.8.0_25/bin;C:/Program Files/Java/jre1.8.0_25/lib/amd64;C:\Program Files (x86)\NVIDIA Corporation\PhysX\Common;C:\ProgramData\Oracle\Java\javapath;C:\Program Files (x86)\Common Files\Intel\Shared Libraries\redist\intel64\compiler;C:\Program Files (x86)\Common Files\Intel\Shared Libraries\redist\ia32\compiler;C:\Program Files (x86)\Intel\iCLS Client\;C:\Program Files\Intel\iCLS Client\;C:\Program Files (x86)\AMD APP\bin\x86_64;C:\Program Files (x86)\AMD APP\bin\x86;C:\WINDOWS\system32;C:\WINDOWS;C:\WINDOWS\System32\Wbem;C:\WINDOWS\System32\WindowsPowerShell\v1.0\;C:\Program Files (x86)\ATI Technologies\ATI.ACE\Core-Static;C:\Program Files\Intel\Intel(R) Management Engine Components\DAL;C:\Program Files\Intel\Intel(R) Management Engine Components\IPT;C:\Program Files (x86)\Intel\Intel(R) Management Engine Components\DAL;C:\Program Files (x86)\Intel\Intel(R) Management Engine Components\IPT;C:\Program Files\Sony\VAIO Improvement\;C:\Program Files (x86)\Sony\VAIO Startup Setting Tool;C:\Program Files (x86)\Windows Kits\8.1\Windows Performance Toolkit\;C:\Program Files\Microsoft SQL Server\110\Tools\Binn\;C:\Program Files (x86)\Microsoft SDKs\TypeScript\1.0\;C:\Program Files\Microsoft\Web Platform Installer\;C:\Program Files (x86)\Java\jre1.8.0_25\bin;P:\Programs\Python27\Scripts;P:\Programs\Python27;C:\Program Files\Common Files\Autodesk Shared\;P:\Program Files\Programs;P:\Program Files\Games;P:\Programs\Eclipse;
USERNAME=Benoît
OS=Windows_NT
PROCESSOR_IDENTIFIER=Intel64 Family 6 Model 58 Stepping 9, GenuineIntel



---------------  S Y S T E M  ---------------

OS: Windows 8.1 , 64 bit Build 9600 

CPU:total 8 (4 cores per cpu, 2 threads per core) family 6 model 58 stepping 9, cmov, cx8, fxsr, mmx, sse, sse2, sse3, ssse3, sse4.1, sse4.2, popcnt, avx, aes, clmul, erms, ht, tsc, tscinvbit, tscinv

Memory: 4k page, physical 6237468k(1819064k free), swap 10431772k(5040688k free)

vm_info: Java HotSpot(TM) 64-Bit Server VM (25.25-b02) for windows-amd64 JRE (1.8.0_25-b18), built on Oct  7 2014 14:25:37 by "java_re" with MS VC++ 10.0 (VS2010)

time: Sat Apr 25 17:43:10 2015
elapsed time: 114 seconds (0d 0h 1m 54s)

