#
# A fatal error has been detected by the Java Runtime Environment:
#
#  EXCEPTION_ACCESS_VIOLATION (0xc0000005) at pc=0x00007ffedc7f4113, pid=8536, tid=7896
#
# JRE version: Java(TM) SE Runtime Environment (8.0_25-b18) (build 1.8.0_25-b18)
# Java VM: Java HotSpot(TM) 64-Bit Server VM (25.25-b02 mixed mode windows-amd64 compressed oops)
# Problematic frame:
# C  [KinectPV2.dll+0x4113]
#
# Failed to write core dump. Minidumps are not enabled by default on client versions of Windows
#
# If you would like to submit a bug report, please visit:
#   http://bugreport.sun.com/bugreport/crash.jsp
# The crash happened outside the Java Virtual Machine in native code.
# See problematic frame for where to report the bug.
#

---------------  T H R E A D  ---------------

Current thread (0x0000000019cd6000):  JavaThread "Animation Thread" [_thread_in_native, id=7896, stack(0x000000001cd00000,0x000000001ce00000)]

siginfo: ExceptionCode=0xc0000005, reading address 0xffffffffffffffff

Registers:
RAX=0x74000138a9f93d80, RBX=0x000000002e60c040, RCX=0x0000000067fa9670, RDX=0x0000000000000000
RSP=0x000000001cdfe640, RBP=0x0000000000000006, RSI=0x0000000000000000, RDI=0x000000001fbd4b98
R8 =0x000000001cdfe308, R9 =0x0000000000008000, R10=0x0000000000000000, R11=0x000000001cdfe540
R12=0x0000000000000000, R13=0x000000001c3cd4a8, R14=0x0000000000000000, R15=0x0000000019cd6000
RIP=0x00007ffedc7f4113, EFLAGS=0x0000000000010202

Top of Stack: (sp=0x000000001cdfe640)
0x000000001cdfe640:   000000001fbd4b68 00000000202fbdd8
0x000000001cdfe650:   000000001fbd4b68 0000000000000000
0x000000001cdfe660:   000000001cdfe730 00007ffedc7f1fba
0x000000001cdfe670:   000000001cdfe730 000000001cdfe710
0x000000001cdfe680:   0000000019cd61e8 0000000019c8a750
0x000000001cdfe690:   00000000a38bc678 0000000002c95b74
0x000000001cdfe6a0:   000000001c3cd4a8 00000000a38bc658
0x000000001cdfe6b0:   00000000a38bc658 0000000019cd6000
0x000000001cdfe6c0:   000000001cdfe788 0000000002c958a2
0x000000001cdfe6d0:   000000001cdfe6d0 000000001c3cd4a8
0x000000001cdfe6e0:   000000001cdfe730 000000001c3ce438
0x000000001cdfe6f0:   0000000000000000 000000001c3cd4a8
0x000000001cdfe700:   0000000000000000 000000001cdfe730
0x000000001cdfe710:   000000001cdfe778 0000000002c87a2d
0x000000001cdfe720:   0000000000000000 0000000002c8f6b8
0x000000001cdfe730:   00000000a38ad788 000000001cdfe738 

Instructions: (pc=0x00007ffedc7f4113)
0x00007ffedc7f40f3:   48 8b 0f 48 85 c9 74 09 48 8b 01 ff 50 10 4c 89
0x00007ffedc7f4103:   37 48 8b 8f 90 00 00 00 48 85 c9 74 0d 48 8b 01
0x00007ffedc7f4113:   ff 50 10 4c 89 b7 90 00 00 00 48 8b 4f 30 48 85
0x00007ffedc7f4123:   c9 74 0a 48 8b 01 ff 50 10 4c 89 77 30 48 8b 4f 


Register to memory mapping:

RAX=0x74000138a9f93d80 is an unknown value
RBX=0x000000002e60c040 is an unknown value
RCX=0x0000000067fa9670 is an unknown value
RDX=0x0000000000000000 is an unknown value
RSP=0x000000001cdfe640 is pointing into the stack for thread: 0x0000000019cd6000
RBP=0x0000000000000006 is an unknown value
RSI=0x0000000000000000 is an unknown value
RDI=0x000000001fbd4b98 is an unknown value
R8 =0x000000001cdfe308 is pointing into the stack for thread: 0x0000000019cd6000
R9 =0x0000000000008000 is an unknown value
R10=0x0000000000000000 is an unknown value
R11=0x000000001cdfe540 is pointing into the stack for thread: 0x0000000019cd6000
R12=0x0000000000000000 is an unknown value
R13={method} {0x000000001c3cd4b0} 'jniStopDevice' '()V' in 'KinectPV2/Device'
R14=0x0000000000000000 is an unknown value
R15=0x0000000019cd6000 is a thread


Stack: [0x000000001cd00000,0x000000001ce00000],  sp=0x000000001cdfe640,  free space=1017k
Native frames: (J=compiled Java code, j=interpreted, Vv=VM code, C=native code)
C  [KinectPV2.dll+0x4113]
C  [KinectPV2.dll+0x1fba]
C  0x0000000002c95b74

Java frames: (J=compiled Java code, j=interpreted, Vv=VM code)
j  KinectPV2.Device.jniStopDevice()V+0
j  KinectPV2.Device.stopDevice()V+41
j  KinectPV2.KinectPV2.dispose()V+14
v  ~StubRoutines::call_stub
j  sun.reflect.NativeMethodAccessorImpl.invoke0(Ljava/lang/reflect/Method;Ljava/lang/Object;[Ljava/lang/Object;)Ljava/lang/Object;+0
j  sun.reflect.NativeMethodAccessorImpl.invoke(Ljava/lang/Object;[Ljava/lang/Object;)Ljava/lang/Object;+100
J 1812 C1 sun.reflect.DelegatingMethodAccessorImpl.invoke(Ljava/lang/Object;[Ljava/lang/Object;)Ljava/lang/Object; (10 bytes) @ 0x0000000003326384 [0x0000000003326280+0x104]
J 1811 C1 java.lang.reflect.Method.invoke(Ljava/lang/Object;[Ljava/lang/Object;)Ljava/lang/Object; (62 bytes) @ 0x000000000331d2a4 [0x000000000331cec0+0x3e4]
j  processing.core.PApplet$RegisteredMethods.handle([Ljava/lang/Object;)V+18
J 1670 C1 processing.core.PApplet.handleMethods(Ljava/lang/String;)V (21 bytes) @ 0x00000000032d5d9c [0x00000000032d5ae0+0x2bc]
j  processing.core.PApplet.dispose()V+35
j  processing.core.PApplet.run()V+283
j  java.lang.Thread.run()V+11
v  ~StubRoutines::call_stub

---------------  P R O C E S S  ---------------

Java Threads: ( => current thread )
  0x0000000019cb1000 JavaThread "Thread-4" [_thread_in_native, id=5012, stack(0x000000001ff10000,0x0000000020010000)]
  0x000000001e028800 JavaThread "Animation Thread-SharedResourceRunner" daemon [_thread_blocked, id=6656, stack(0x000000001efd0000,0x000000001f0d0000)]
  0x0000000002b7e800 JavaThread "DestroyJavaVM" [_thread_blocked, id=4992, stack(0x0000000002a70000,0x0000000002b70000)]
  0x0000000019cea800 JavaThread "D3D Screen Updater" daemon [_thread_blocked, id=9124, stack(0x000000001d000000,0x000000001d100000)]
=>0x0000000019cd6000 JavaThread "Animation Thread" [_thread_in_native, id=7896, stack(0x000000001cd00000,0x000000001ce00000)]
  0x0000000019c33800 JavaThread "AWT-EventQueue-0" [_thread_blocked, id=10160, stack(0x000000001cb00000,0x000000001cc00000)]
  0x0000000018dbe000 JavaThread "AWT-Windows" daemon [_thread_in_native, id=1268, stack(0x000000001a510000,0x000000001a610000)]
  0x0000000018dbd800 JavaThread "AWT-Shutdown" [_thread_blocked, id=4820, stack(0x000000001a410000,0x000000001a510000)]
  0x0000000019bf3000 JavaThread "Java2D Disposer" daemon [_thread_blocked, id=1856, stack(0x000000001a310000,0x000000001a410000)]
  0x0000000018a6f000 JavaThread "Service Thread" daemon [_thread_blocked, id=9408, stack(0x00000000193c0000,0x00000000194c0000)]
  0x00000000189fb800 JavaThread "C1 CompilerThread3" daemon [_thread_blocked, id=1236, stack(0x00000000192c0000,0x00000000193c0000)]
  0x00000000189f6800 JavaThread "C2 CompilerThread2" daemon [_thread_blocked, id=6008, stack(0x00000000191c0000,0x00000000192c0000)]
  0x00000000189eb800 JavaThread "C2 CompilerThread1" daemon [_thread_blocked, id=6880, stack(0x00000000190c0000,0x00000000191c0000)]
  0x00000000189ea000 JavaThread "C2 CompilerThread0" daemon [_thread_blocked, id=6496, stack(0x0000000018fc0000,0x00000000190c0000)]
  0x00000000169fc800 JavaThread "Attach Listener" daemon [_thread_blocked, id=4876, stack(0x0000000018ec0000,0x0000000018fc0000)]
  0x00000000169fc000 JavaThread "Signal Dispatcher" daemon [_thread_blocked, id=7200, stack(0x0000000018dc0000,0x0000000018ec0000)]
  0x0000000002c7a800 JavaThread "Finalizer" daemon [_thread_blocked, id=9968, stack(0x00000000188c0000,0x00000000189c0000)]
  0x0000000002c71000 JavaThread "Reference Handler" daemon [_thread_blocked, id=6152, stack(0x00000000187c0000,0x00000000188c0000)]

Other Threads:
  0x00000000169e8800 VMThread [stack: 0x00000000186c0000,0x00000000187c0000] [id=8532]
  0x0000000018a7b000 WatcherThread [stack: 0x00000000194c0000,0x00000000195c0000] [id=4316]

VM state:not at safepoint (normal execution)

VM Mutex/Monitor currently owned by a thread: None

Heap:
 PSYoungGen      total 288256K, used 171600K [0x00000000e0400000, 0x00000000f5180000, 0x0000000100000000)
  eden space 244224K, 66% used [0x00000000e0400000,0x00000000ea1ec518,0x00000000ef280000)
  from space 44032K, 22% used [0x00000000f2680000,0x00000000f3027b60,0x00000000f5180000)
  to   space 48640K, 0% used [0x00000000ef280000,0x00000000ef280000,0x00000000f2200000)
 ParOldGen       total 229376K, used 145332K [0x00000000a0c00000, 0x00000000aec00000, 0x00000000e0400000)
  object space 229376K, 63% used [0x00000000a0c00000,0x00000000a99ed1a0,0x00000000aec00000)
 Metaspace       used 17899K, capacity 18057K, committed 18176K, reserved 1064960K
  class space    used 1722K, capacity 1761K, committed 1792K, reserved 1048576K

Card table byte_map: [0x0000000012040000,0x0000000012340000] byte_map_base: 0x0000000011b3a000

Marking Bits: (ParMarkBitMap*) 0x000000006ab8d490
 Begin Bits: [0x0000000012d40000, 0x0000000014510000)
 End Bits:   [0x0000000014510000, 0x0000000015ce0000)

Polling page: 0x0000000001130000

CodeCache: size=245760Kb used=7717Kb max_used=7728Kb free=238042Kb
 bounds [0x0000000002c80000, 0x0000000003420000, 0x0000000011c80000]
 total_blobs=2915 nmethods=2043 adapters=786
 compilation: enabled

Compilation events (10 events):
Event: 8.851 Thread 0x00000000189fb800 2039       3       processing.opengl.PGraphicsOpenGL::pushMatrix (99 bytes)
Event: 8.851 Thread 0x00000000189fb800 nmethod 2039 0x000000000340ded0 code [0x000000000340e0a0, 0x000000000340e6a8]
Event: 8.879 Thread 0x00000000189fb800 2041       3       java.util.LinkedList$ListItr::checkForComodification (23 bytes)
Event: 8.879 Thread 0x00000000189fb800 nmethod 2041 0x000000000340ed90 code [0x000000000340ef00, 0x000000000340f128]
Event: 9.049 Thread 0x00000000189fb800 2042       3       processing.core.PImage::updatePixels (227 bytes)
Event: 9.050 Thread 0x00000000189fb800 nmethod 2042 0x000000000340f210 code [0x000000000340f400, 0x000000000340fff0]
Event: 9.062 Thread 0x00000000189fb800 2043       1       java.lang.ThreadLocal::getMap (5 bytes)
Event: 9.062 Thread 0x00000000189fb800 nmethod 2043 0x0000000003406990 code [0x0000000003406ae0, 0x0000000003406bf0]
Event: 9.179 Thread 0x00000000189f6800 2044       4       java.util.AbstractCollection::<init> (5 bytes)
Event: 9.180 Thread 0x00000000189f6800 nmethod 2044 0x0000000003338150 code [0x0000000003338280, 0x00000000033382d8]

GC Heap History (10 events):
Event: 5.382 GC heap before
{Heap before GC invocations=17 (full 3):
 PSYoungGen      total 239616K, used 190435K [0x00000000e0400000, 0x00000000f4700000, 0x0000000100000000)
  eden space 180736K, 99% used [0x00000000e0400000,0x00000000eb459448,0x00000000eb480000)
  from space 58880K, 16% used [0x00000000eb480000,0x00000000ebe1fb60,0x00000000eee00000)
  to   space 57856K, 0% used [0x00000000f0e80000,0x00000000f0e80000,0x00000000f4700000)
 ParOldGen       total 229376K, used 145292K [0x00000000a0c00000, 0x00000000aec00000, 0x00000000e0400000)
  object space 229376K, 63% used [0x00000000a0c00000,0x00000000a99e31a0,0x00000000aec00000)
 Metaspace       used 17562K, capacity 17729K, committed 17920K, reserved 1064960K
  class space    used 1710K, capacity 1761K, committed 1792K, reserved 1048576K
Event: 5.387 GC heap after
Heap after GC invocations=17 (full 3):
 PSYoungGen      total 258560K, used 9902K [0x00000000e0400000, 0x00000000f3e80000, 0x0000000100000000)
  eden space 209408K, 0% used [0x00000000e0400000,0x00000000e0400000,0x00000000ed080000)
  from space 49152K, 20% used [0x00000000f0e80000,0x00000000f182bb50,0x00000000f3e80000)
  to   space 56320K, 0% used [0x00000000ed080000,0x00000000ed080000,0x00000000f0780000)
 ParOldGen       total 229376K, used 145300K [0x00000000a0c00000, 0x00000000aec00000, 0x00000000e0400000)
  object space 229376K, 63% used [0x00000000a0c00000,0x00000000a99e51a0,0x00000000aec00000)
 Metaspace       used 17562K, capacity 17729K, committed 17920K, reserved 1064960K
  class space    used 1710K, capacity 1761K, committed 1792K, reserved 1048576K
}
Event: 6.146 GC heap before
{Heap before GC invocations=18 (full 3):
 PSYoungGen      total 258560K, used 217027K [0x00000000e0400000, 0x00000000f3e80000, 0x0000000100000000)
  eden space 209408K, 98% used [0x00000000e0400000,0x00000000ece452e8,0x00000000ed080000)
  from space 49152K, 20% used [0x00000000f0e80000,0x00000000f182bb50,0x00000000f3e80000)
  to   space 56320K, 0% used [0x00000000ed080000,0x00000000ed080000,0x00000000f0780000)
 ParOldGen       total 229376K, used 145300K [0x00000000a0c00000, 0x00000000aec00000, 0x00000000e0400000)
  object space 229376K, 63% used [0x00000000a0c00000,0x00000000a99e51a0,0x00000000aec00000)
 Metaspace       used 17623K, capacity 17857K, committed 17920K, reserved 1064960K
  class space    used 1722K, capacity 1761K, committed 1792K, reserved 1048576K
Event: 6.149 GC heap after
Heap after GC invocations=18 (full 3):
 PSYoungGen      total 265728K, used 9870K [0x00000000e0400000, 0x00000000f5580000, 0x0000000100000000)
  eden space 209408K, 0% used [0x00000000e0400000,0x00000000e0400000,0x00000000ed080000)
  from space 56320K, 17% used [0x00000000ed080000,0x00000000eda23b50,0x00000000f0780000)
  to   space 54272K, 0% used [0x00000000f2080000,0x00000000f2080000,0x00000000f5580000)
 ParOldGen       total 229376K, used 145308K [0x00000000a0c00000, 0x00000000aec00000, 0x00000000e0400000)
  object space 229376K, 63% used [0x00000000a0c00000,0x00000000a99e71a0,0x00000000aec00000)
 Metaspace       used 17623K, capacity 17857K, committed 17920K, reserved 1064960K
  class space    used 1722K, capacity 1761K, committed 1792K, reserved 1048576K
}
Event: 6.913 GC heap before
{Heap before GC invocations=19 (full 3):
 PSYoungGen      total 265728K, used 216665K [0x00000000e0400000, 0x00000000f5580000, 0x0000000100000000)
  eden space 209408K, 98% used [0x00000000e0400000,0x00000000ecdf2978,0x00000000ed080000)
  from space 56320K, 17% used [0x00000000ed080000,0x00000000eda23b50,0x00000000f0780000)
  to   space 54272K, 0% used [0x00000000f2080000,0x00000000f2080000,0x00000000f5580000)
 ParOldGen       total 229376K, used 145308K [0x00000000a0c00000, 0x00000000aec00000, 0x00000000e0400000)
  object space 229376K, 63% used [0x00000000a0c00000,0x00000000a99e71a0,0x00000000aec00000)
 Metaspace       used 17658K, capacity 17857K, committed 17920K, reserved 1064960K
  class space    used 1722K, capacity 1761K, committed 1792K, reserved 1048576K
Event: 6.918 GC heap after
Heap after GC invocations=19 (full 3):
 PSYoungGen      total 278016K, used 9918K [0x00000000e0400000, 0x00000000f4d00000, 0x0000000100000000)
  eden space 232448K, 0% used [0x00000000e0400000,0x00000000e0400000,0x00000000ee700000)
  from space 45568K, 21% used [0x00000000f2080000,0x00000000f2a2fb60,0x00000000f4d00000)
  to   space 52224K, 0% used [0x00000000ee700000,0x00000000ee700000,0x00000000f1a00000)
 ParOldGen       total 229376K, used 145316K [0x00000000a0c00000, 0x00000000aec00000, 0x00000000e0400000)
  object space 229376K, 63% used [0x00000000a0c00000,0x00000000a99e91a0,0x00000000aec00000)
 Metaspace       used 17658K, capacity 17857K, committed 17920K, reserved 1064960K
  class space    used 1722K, capacity 1761K, committed 1792K, reserved 1048576K
}
Event: 7.747 GC heap before
{Heap before GC invocations=20 (full 3):
 PSYoungGen      total 278016K, used 235224K [0x00000000e0400000, 0x00000000f4d00000, 0x0000000100000000)
  eden space 232448K, 96% used [0x00000000e0400000,0x00000000ee0064f0,0x00000000ee700000)
  from space 45568K, 21% used [0x00000000f2080000,0x00000000f2a2fb60,0x00000000f4d00000)
  to   space 52224K, 0% used [0x00000000ee700000,0x00000000ee700000,0x00000000f1a00000)
 ParOldGen       total 229376K, used 145316K [0x00000000a0c00000, 0x00000000aec00000, 0x00000000e0400000)
  object space 229376K, 63% used [0x00000000a0c00000,0x00000000a99e91a0,0x00000000aec00000)
 Metaspace       used 17779K, capacity 17993K, committed 18176K, reserved 1064960K
  class space    used 1722K, capacity 1761K, committed 1792K, reserved 1048576K
Event: 7.752 GC heap after
Heap after GC invocations=20 (full 3):
 PSYoungGen      total 284672K, used 9854K [0x00000000e0400000, 0x00000000f5800000, 0x0000000100000000)
  eden space 232448K, 0% used [0x00000000e0400000,0x00000000e0400000,0x00000000ee700000)
  from space 52224K, 18% used [0x00000000ee700000,0x00000000ef09fb60,0x00000000f1a00000)
  to   space 50688K, 0% used [0x00000000f2680000,0x00000000f2680000,0x00000000f5800000)
 ParOldGen       total 229376K, used 145324K [0x00000000a0c00000, 0x00000000aec00000, 0x00000000e0400000)
  object space 229376K, 63% used [0x00000000a0c00000,0x00000000a99eb1a0,0x00000000aec00000)
 Metaspace       used 17779K, capacity 17993K, committed 18176K, reserved 1064960K
  class space    used 1722K, capacity 1761K, committed 1792K, reserved 1048576K
}
Event: 8.581 GC heap before
{Heap before GC invocations=21 (full 3):
 PSYoungGen      total 284672K, used 237733K [0x00000000e0400000, 0x00000000f5800000, 0x0000000100000000)
  eden space 232448K, 98% used [0x00000000e0400000,0x00000000ee289b00,0x00000000ee700000)
  from space 52224K, 18% used [0x00000000ee700000,0x00000000ef09fb60,0x00000000f1a00000)
  to   space 50688K, 0% used [0x00000000f2680000,0x00000000f2680000,0x00000000f5800000)
 ParOldGen       total 229376K, used 145324K [0x00000000a0c00000, 0x00000000aec00000, 0x00000000e0400000)
  object space 229376K, 63% used [0x00000000a0c00000,0x00000000a99eb1a0,0x00000000aec00000)
 Metaspace       used 17895K, capacity 18057K, committed 18176K, reserved 1064960K
  class space    used 1722K, capacity 1761K, committed 1792K, reserved 1048576K
Event: 8.585 GC heap after
Heap after GC invocations=21 (full 3):
 PSYoungGen      total 288256K, used 9886K [0x00000000e0400000, 0x00000000f5180000, 0x0000000100000000)
  eden space 244224K, 0% used [0x00000000e0400000,0x00000000e0400000,0x00000000ef280000)
  from space 44032K, 22% used [0x00000000f2680000,0x00000000f3027b60,0x00000000f5180000)
  to   space 48640K, 0% used [0x00000000ef280000,0x00000000ef280000,0x00000000f2200000)
 ParOldGen       total 229376K, used 145332K [0x00000000a0c00000, 0x00000000aec00000, 0x00000000e0400000)
  object space 229376K, 63% used [0x00000000a0c00000,0x00000000a99ed1a0,0x00000000aec00000)
 Metaspace       used 17895K, capacity 18057K, committed 18176K, reserved 1064960K
  class space    used 1722K, capacity 1761K, committed 1792K, reserved 1048576K
}

Deoptimization events (10 events):
Event: 2.694 Thread 0x0000000019c33800 Uncommon trap: reason=class_check action=maybe_recompile pc=0x0000000002fa06c0 method=com.jogamp.common.nio.Buffers.isDirect(Ljava/lang/Object;)Z @ 13
Event: 2.694 Thread 0x0000000019c33800 Uncommon trap: reason=class_check action=maybe_recompile pc=0x0000000002f9dd84 method=com.jogamp.common.nio.Buffers.getDirectBufferByteOffset(Ljava/lang/Object;)I @ 7
Event: 2.694 Thread 0x0000000019c33800 Uncommon trap: reason=class_check action=maybe_recompile pc=0x0000000002fa06c0 method=com.jogamp.common.nio.Buffers.isDirect(Ljava/lang/Object;)Z @ 13
Event: 2.694 Thread 0x0000000019c33800 Uncommon trap: reason=class_check action=maybe_recompile pc=0x0000000002f9dd84 method=com.jogamp.common.nio.Buffers.getDirectBufferByteOffset(Ljava/lang/Object;)I @ 7
Event: 2.695 Thread 0x0000000019c33800 Uncommon trap: reason=predicate action=maybe_recompile pc=0x0000000003075704 method=java.util.ArrayList.indexOf(Ljava/lang/Object;)I @ 44
Event: 2.730 Thread 0x0000000019c33800 Uncommon trap: reason=class_check action=maybe_recompile pc=0x0000000002fa06c0 method=com.jogamp.common.nio.Buffers.isDirect(Ljava/lang/Object;)Z @ 13
Event: 2.730 Thread 0x0000000019c33800 Uncommon trap: reason=class_check action=maybe_recompile pc=0x0000000002f9dd84 method=com.jogamp.common.nio.Buffers.getDirectBufferByteOffset(Ljava/lang/Object;)I @ 7
Event: 3.390 Thread 0x0000000019c33800 Uncommon trap: reason=unreached action=reinterpret pc=0x0000000003090f80 method=processing.opengl.PGraphicsOpenGL$InGeometry.addVertex(FFFIFFFFFIFIIIFIZ)I @ 218
Event: 3.713 Thread 0x0000000019c33800 Uncommon trap: reason=unreached action=reinterpret pc=0x0000000002f53870 method=java.lang.reflect.AccessibleObject.setAccessible0(Ljava/lang/reflect/AccessibleObject;Z)V @ 4
Event: 9.179 Thread 0x0000000019cd6000 Uncommon trap: reason=unreached action=reinterpret pc=0x000000000335e9ac method=java.util.HashMap.keySet()Ljava/util/Set; @ 6

Internal exceptions (10 events):
Event: 3.129 Thread 0x0000000019c33800 Exception <a 'java/security/PrivilegedActionException'> (0x00000000e54645d8) thrown at [D:\re\workspace\8-2-build-windows-amd64-cygwin\jdk8u25\1677\hotspot\src\share\vm\prims\jvm.cpp, line 1312]
Event: 3.129 Thread 0x0000000019c33800 Exception <a 'java/security/PrivilegedActionException'> (0x00000000e54689e0) thrown at [D:\re\workspace\8-2-build-windows-amd64-cygwin\jdk8u25\1677\hotspot\src\share\vm\prims\jvm.cpp, line 1312]
Event: 3.129 Thread 0x0000000019c33800 Exception <a 'java/security/PrivilegedActionException'> (0x00000000e546cdc8) thrown at [D:\re\workspace\8-2-build-windows-amd64-cygwin\jdk8u25\1677\hotspot\src\share\vm\prims\jvm.cpp, line 1312]
Event: 3.130 Thread 0x0000000019c33800 Exception <a 'java/security/PrivilegedActionException'> (0x00000000e5470920) thrown at [D:\re\workspace\8-2-build-windows-amd64-cygwin\jdk8u25\1677\hotspot\src\share\vm\prims\jvm.cpp, line 1312]
Event: 3.130 Thread 0x0000000019c33800 Exception <a 'java/security/PrivilegedActionException'> (0x00000000e5475120) thrown at [D:\re\workspace\8-2-build-windows-amd64-cygwin\jdk8u25\1677\hotspot\src\share\vm\prims\jvm.cpp, line 1312]
Event: 3.130 Thread 0x0000000019c33800 Exception <a 'java/security/PrivilegedActionException'> (0x00000000e5478858) thrown at [D:\re\workspace\8-2-build-windows-amd64-cygwin\jdk8u25\1677\hotspot\src\share\vm\prims\jvm.cpp, line 1312]
Event: 3.131 Thread 0x0000000019c33800 Exception <a 'java/security/PrivilegedActionException'> (0x00000000e547c7a0) thrown at [D:\re\workspace\8-2-build-windows-amd64-cygwin\jdk8u25\1677\hotspot\src\share\vm\prims\jvm.cpp, line 1312]
Event: 3.131 Thread 0x0000000019c33800 Exception <a 'java/security/PrivilegedActionException'> (0x00000000e54826b0) thrown at [D:\re\workspace\8-2-build-windows-amd64-cygwin\jdk8u25\1677\hotspot\src\share\vm\prims\jvm.cpp, line 1312]
Event: 3.144 Thread 0x0000000019c33800 Exception <a 'java/security/PrivilegedActionException'> (0x00000000e55ad460) thrown at [D:\re\workspace\8-2-build-windows-amd64-cygwin\jdk8u25\1677\hotspot\src\share\vm\prims\jvm.cpp, line 1312]
Event: 9.179 Thread 0x0000000019cd6000 Implicit null exception at 0x000000000335e6e7 to 0x000000000335e99d

Events (10 events):
Event: 6.913 Executing VM operation: ParallelGCFailedAllocation
Event: 6.918 Executing VM operation: ParallelGCFailedAllocation done
Event: 7.627 Thread 0x0000000019c9e800 Thread exited: 0x0000000019c9e800
Event: 7.747 Executing VM operation: ParallelGCFailedAllocation
Event: 7.752 Executing VM operation: ParallelGCFailedAllocation done
Event: 8.581 Executing VM operation: ParallelGCFailedAllocation
Event: 8.585 Executing VM operation: ParallelGCFailedAllocation done
Event: 9.179 Thread 0x0000000019cd6000 Uncommon trap: trap_request=0xffffffad fr.pc=0x000000000335e9ac
Event: 9.179 Thread 0x0000000019cd6000 DEOPT PACKING pc=0x000000000335e9ac sp=0x000000001cdfefa0
Event: 9.179 Thread 0x0000000019cd6000 DEOPT UNPACKING pc=0x0000000002cc556a sp=0x000000001cdfeef8 mode 2


Dynamic libraries:
0x00007ff745f80000 - 0x00007ff745fb4000 	C:\Program Files\Java\jre1.8.0_25\bin\javaw.exe
0x00007ffee8210000 - 0x00007ffee83bc000 	C:\WINDOWS\SYSTEM32\ntdll.dll
0x00007ffee60e0000 - 0x00007ffee621e000 	C:\WINDOWS\system32\KERNEL32.DLL
0x00007ffee54e0000 - 0x00007ffee55f5000 	C:\WINDOWS\system32\KERNELBASE.dll
0x00007ffee3ee0000 - 0x00007ffee3f6e000 	C:\WINDOWS\system32\apphelp.dll
0x00007ffecebf0000 - 0x00007ffecec43000 	C:\WINDOWS\AppPatch\AppPatch64\AcGenral.DLL
0x00007ffee6010000 - 0x00007ffee60ba000 	C:\WINDOWS\system32\msvcrt.dll
0x00007ffee5190000 - 0x00007ffee51be000 	C:\WINDOWS\SYSTEM32\SspiCli.dll
0x00007ffee5fb0000 - 0x00007ffee6004000 	C:\WINDOWS\system32\SHLWAPI.dll
0x00007ffee7fd0000 - 0x00007ffee8147000 	C:\WINDOWS\system32\USER32.dll
0x00007ffee5bc0000 - 0x00007ffee5d54000 	C:\WINDOWS\system32\ole32.dll
0x00007ffee66a0000 - 0x00007ffee7bb8000 	C:\WINDOWS\system32\SHELL32.dll
0x00007ffee48f0000 - 0x00007ffee4911000 	C:\WINDOWS\SYSTEM32\USERENV.dll
0x00007ffee5e20000 - 0x00007ffee5eca000 	C:\WINDOWS\system32\ADVAPI32.dll
0x00007ffed7630000 - 0x00007ffed764e000 	C:\WINDOWS\SYSTEM32\MPR.dll
0x00007ffee63f0000 - 0x00007ffee6531000 	C:\WINDOWS\system32\RPCRT4.dll
0x00007ffee5ed0000 - 0x00007ffee5f29000 	C:\WINDOWS\SYSTEM32\sechost.dll
0x00007ffee7db0000 - 0x00007ffee7fc1000 	C:\WINDOWS\SYSTEM32\combase.dll
0x00007ffee6540000 - 0x00007ffee6691000 	C:\WINDOWS\system32\GDI32.dll
0x00007ffee5360000 - 0x00007ffee5375000 	C:\WINDOWS\SYSTEM32\profapi.dll
0x00007ffee3700000 - 0x00007ffee37b2000 	C:\WINDOWS\SYSTEM32\SHCORE.dll
0x00007ffee5a40000 - 0x00007ffee5a76000 	C:\WINDOWS\system32\IMM32.DLL
0x00007ffee6220000 - 0x00007ffee6372000 	C:\WINDOWS\system32\MSCTF.dll
0x00007ffee2a70000 - 0x00007ffee2ceb000 	C:\WINDOWS\WinSxS\amd64_microsoft.windows.common-controls_6595b64144ccf1df_6.0.9600.17415_none_6240486fecbd8abb\COMCTL32.dll
0x00000000696c0000 - 0x0000000069792000 	C:\Program Files\Java\jre1.8.0_25\bin\msvcr100.dll
0x000000006a3b0000 - 0x000000006ac0a000 	C:\Program Files\Java\jre1.8.0_25\bin\server\jvm.dll
0x00007ffecd2f0000 - 0x00007ffecd2f9000 	C:\WINDOWS\SYSTEM32\WSOCK32.dll
0x00007ffed77f0000 - 0x00007ffed7812000 	C:\WINDOWS\SYSTEM32\WINMM.dll
0x00007ffee7da0000 - 0x00007ffee7da7000 	C:\WINDOWS\system32\PSAPI.DLL
0x00007ffee5a80000 - 0x00007ffee5ada000 	C:\WINDOWS\system32\WS2_32.dll
0x00007ffed75d0000 - 0x00007ffed75fa000 	C:\WINDOWS\SYSTEM32\WINMMBASE.dll
0x00007ffee60d0000 - 0x00007ffee60d9000 	C:\WINDOWS\system32\NSI.dll
0x00007ffee5840000 - 0x00007ffee588f000 	C:\WINDOWS\SYSTEM32\cfgmgr32.dll
0x00007ffee4150000 - 0x00007ffee4178000 	C:\WINDOWS\SYSTEM32\DEVOBJ.dll
0x000000006b5e0000 - 0x000000006b5ef000 	C:\Program Files\Java\jre1.8.0_25\bin\verify.dll
0x000000006b5b0000 - 0x000000006b5d8000 	C:\Program Files\Java\jre1.8.0_25\bin\java.dll
0x000000006b590000 - 0x000000006b5a6000 	C:\Program Files\Java\jre1.8.0_25\bin\zip.dll
0x0000000069520000 - 0x00000000696b8000 	C:\Program Files\Java\jre1.8.0_25\bin\awt.dll
0x00007ffee5ae0000 - 0x00007ffee5ba1000 	C:\WINDOWS\system32\OLEAUT32.dll
0x00007ffee3500000 - 0x00007ffee3521000 	C:\WINDOWS\system32\DWMAPI.DLL
0x00007ffee3fd0000 - 0x00007ffee40f9000 	C:\WINDOWS\system32\uxtheme.dll
0x00007ffee41a0000 - 0x00007ffee41ab000 	C:\WINDOWS\SYSTEM32\kernel.appcore.dll
0x00007ffee5230000 - 0x00007ffee523b000 	C:\WINDOWS\SYSTEM32\CRYPTBASE.dll
0x00007ffee51c0000 - 0x00007ffee5223000 	C:\WINDOWS\SYSTEM32\bcryptPrimitives.dll
0x00007ffedaca0000 - 0x00007ffedaec1000 	C:\WINDOWS\system32\d3d9.dll
0x00007ffee3010000 - 0x00007ffee301a000 	C:\WINDOWS\SYSTEM32\VERSION.dll
0x00007ffee2870000 - 0x00007ffee29bb000 	C:\WINDOWS\SYSTEM32\aticfx64.dll
0x00007ffec0180000 - 0x00007ffec01a1000 	C:\WINDOWS\SYSTEM32\atiu9p64.dll
0x00007ffebed60000 - 0x00007ffebf545000 	C:\WINDOWS\SYSTEM32\atiumd64.dll
0x000000006acf0000 - 0x000000006b4a7000 	C:\WINDOWS\SYSTEM32\atiumd6a.dll
0x00000000694d0000 - 0x0000000069517000 	C:\Program Files\Java\jre1.8.0_25\bin\fontmanager.dll
0x00007ffee4d60000 - 0x00007ffee4d80000 	C:\WINDOWS\SYSTEM32\CRYPTSP.dll
0x00007ffee47e0000 - 0x00007ffee4816000 	C:\WINDOWS\system32\rsaenh.dll
0x00007ffee4e80000 - 0x00007ffee4ea6000 	C:\WINDOWS\SYSTEM32\bcrypt.dll
0x000000006b570000 - 0x000000006b58a000 	C:\Program Files\Java\jre1.8.0_25\bin\net.dll
0x00007ffee4b20000 - 0x00007ffee4b79000 	C:\WINDOWS\system32\mswsock.dll
0x00007ffee1080000 - 0x00007ffee10aa000 	C:\WINDOWS\SYSTEM32\IPHLPAPI.DLL
0x00007ffee2670000 - 0x00007ffee267a000 	C:\WINDOWS\SYSTEM32\WINNSI.DLL
0x00007ffee0160000 - 0x00007ffee0176000 	C:\WINDOWS\SYSTEM32\dhcpcsvc6.DLL
0x00007ffee02b0000 - 0x00007ffee02ca000 	C:\WINDOWS\SYSTEM32\dhcpcsvc.DLL
0x000000006a390000 - 0x000000006a3a1000 	C:\Program Files\Java\jre1.8.0_25\bin\nio.dll
0x00000000637c0000 - 0x00000000637cd000 	S:\Users\Ben\AppData\Local\Temp\jogamp_0000\file_cache\jln8955410480858244264\jln6535346143682424671\gluegen-rt.dll
0x00000000694c0000 - 0x00000000694c7000 	C:\Program Files\Java\jre1.8.0_25\bin\jawt.dll
0x000000001a7a0000 - 0x000000001a7ad000 	S:\Users\Ben\AppData\Local\Temp\jogamp_0000\file_cache\jln8955410480858244264\jln6535346143682424671\nativewindow_awt.dll
0x000000006c100000 - 0x000000006c10f000 	S:\Users\Ben\AppData\Local\Temp\jogamp_0000\file_cache\jln8955410480858244264\jln6535346143682424671\nativewindow_win32.dll
0x00007ffecea70000 - 0x00007ffeceb9b000 	C:\WINDOWS\SYSTEM32\OpenGL32.dll
0x00007ffedc620000 - 0x00007ffedc64e000 	C:\WINDOWS\SYSTEM32\GLU32.dll
0x00007ffedc2f0000 - 0x00007ffedc3e8000 	C:\WINDOWS\SYSTEM32\DDRAW.dll
0x00007ffee0d60000 - 0x00007ffee0d69000 	C:\WINDOWS\SYSTEM32\DCIMAN32.dll
0x0000000064500000 - 0x00000000645a2000 	S:\Users\Ben\AppData\Local\Temp\jogamp_0000\file_cache\jln8955410480858244264\jln6535346143682424671\jogl_desktop.dll
0x00007ffedc8d0000 - 0x00007ffedc8e8000 	C:\WINDOWS\SYSTEM32\atig6pxx.dll
0x0000000067910000 - 0x00000000694bf000 	C:\WINDOWS\SYSTEM32\atio6axx.dll
0x00007ffee7bc0000 - 0x00007ffee7d9a000 	C:\WINDOWS\system32\SETUPAPI.dll
0x00007ffee10e0000 - 0x00007ffee1217000 	C:\WINDOWS\SYSTEM32\atiadlxx.dll
0x00007ffee16b0000 - 0x00007ffee182f000 	C:\WINDOWS\SYSTEM32\PROPSYS.dll
0x00007ffee3f70000 - 0x00007ffee3f82000 	C:\WINDOWS\SYSTEM32\WTSAPI32.dll
0x00007ffee57e0000 - 0x00007ffee5831000 	C:\WINDOWS\system32\WINTRUST.dll
0x00007ffee5600000 - 0x00007ffee57df000 	C:\WINDOWS\system32\CRYPT32.dll
0x00007ffee5410000 - 0x00007ffee5421000 	C:\WINDOWS\system32\MSASN1.dll
0x00007ffedc550000 - 0x00007ffedc579000 	C:\WINDOWS\SYSTEM32\atig6txx.dll
0x00007ffece8d0000 - 0x00007ffecea6c000 	O:\OneDrive\Workspace\ZZavatar\lib\user\KinectPV2\Kinect20.Face.dll
0x00007ffed76f0000 - 0x00007ffed7797000 	C:\WINDOWS\SYSTEM32\MSVCP110.dll
0x00007ffeddd70000 - 0x00007ffedde3e000 	C:\WINDOWS\SYSTEM32\MSVCR110.dll
0x00007ffedc7f0000 - 0x00007ffedc800000 	O:\OneDrive\Workspace\ZZavatar\lib\user\KinectPV2\KinectPV2.dll
0x00007ffeda070000 - 0x00007ffeda12a000 	C:\WINDOWS\SYSTEM32\Kinect20.dll
0x00007ffed7820000 - 0x00007ffed790b000 	C:\WINDOWS\SYSTEM32\MFPlat.DLL
0x00007ffed7650000 - 0x00007ffed7677000 	C:\WINDOWS\SYSTEM32\RTWorkQ.DLL
0x00007ffee3130000 - 0x00007ffee313c000 	C:\WINDOWS\SYSTEM32\AVRT.dll
0x00007ffebeae0000 - 0x00007ffebec6a000 	C:\WINDOWS\SYSTEM32\dbghelp.dll

VM Arguments:
jvm_args: -Djava.library.path=O:\OneDrive\Workspace\ZZavatar\lib\base\video;O:\OneDrive\Workspace\ZZavatar\lib\base\video;O:\OneDrive\Workspace\ZZavatar\lib\base\video;O:\OneDrive\Workspace\ZZavatar\lib\base\core;O:\OneDrive\Workspace\ZZavatar\lib\base\core;O:\OneDrive\Workspace\ZZavatar\lib\base\core;O:\OneDrive\Workspace\ZZavatar\lib\base\core;O:\OneDrive\Workspace\ZZavatar\lib\base\core;O:\OneDrive\Workspace\ZZavatar\lib\base\core;O:\OneDrive\Workspace\ZZavatar\lib\base\core;O:\OneDrive\Workspace\ZZavatar\lib\base\core;O:\OneDrive\Workspace\ZZavatar\lib\base\core;O:\OneDrive\Workspace\ZZavatar\lib\base\core;O:\OneDrive\Workspace\ZZavatar\lib\base\core;O:\OneDrive\Workspace\ZZavatar\lib\base\core;O:\OneDrive\Workspace\ZZavatar\lib\base\core;O:\OneDrive\Workspace\ZZavatar\lib\base\core;O:\OneDrive\Workspace\ZZavatar\lib\base\core;O:\OneDrive\Workspace\ZZavatar\lib\user\Kinect4WinSDK;O:\OneDrive\Workspace\ZZavatar\lib\user\KinectPV2;O:\OneDrive\Workspace\ZZavatar\lib\user\SimpleOpenNI -Dfile.encoding=Cp1252 
java_command: zzavatar.ZZavatar
java_class_path (initial): O:\OneDrive\Workspace\ZZavatar\lib\base\video\gstreamer-java.jar;O:\OneDrive\Workspace\ZZavatar\lib\base\video\jna.jar;O:\OneDrive\Workspace\ZZavatar\lib\base\video\video.jar;O:\OneDrive\Workspace\ZZavatar\lib\base\core\core.jar;O:\OneDrive\Workspace\ZZavatar\lib\base\core\gluegen-rt-natives-linux-amd64.jar;O:\OneDrive\Workspace\ZZavatar\lib\base\core\gluegen-rt-natives-linux-armv6hf.jar;O:\OneDrive\Workspace\ZZavatar\lib\base\core\gluegen-rt-natives-linux-i586.jar;O:\OneDrive\Workspace\ZZavatar\lib\base\core\gluegen-rt-natives-macosx-universal.jar;O:\OneDrive\Workspace\ZZavatar\lib\base\core\gluegen-rt-natives-windows-amd64.jar;O:\OneDrive\Workspace\ZZavatar\lib\base\core\gluegen-rt-natives-windows-i586.jar;O:\OneDrive\Workspace\ZZavatar\lib\base\core\gluegen-rt.jar;O:\OneDrive\Workspace\ZZavatar\lib\base\core\jogl-all-natives-linux-amd64.jar;O:\OneDrive\Workspace\ZZavatar\lib\base\core\jogl-all-natives-linux-armv6hf.jar;O:\OneDrive\Workspace\ZZavatar\lib\base\core\jogl-all-natives-linux-i586.jar;O:\OneDrive\Workspace\ZZavatar\lib\base\core\jogl-all-natives-macosx-universal.jar;O:\OneDrive\Workspace\ZZavatar\lib\base\core\jogl-all-natives-windows-amd64.jar;O:\OneDrive\Workspace\ZZavatar\lib\base\core\jogl-all-natives-windows-i586.jar;O:\OneDrive\Workspace\ZZavatar\lib\base\core\jogl-all.jar;O:\OneDrive\Workspace\ZZavatar\lib\user\Kinect4WinSDK\Kinect4WinSDK.jar;O:\OneDrive\Workspace\ZZavatar\lib\user\KinectPV2\KinectPV2.jar;O:\OneDrive\Workspace\ZZavatar\lib\user\SimpleOpenNI\SimpleOpenNI.jar;O:\OneDrive\Workspace\ZZavatar\bin
Launcher Type: SUN_STANDARD

Environment Variables:
JAVA_HOME=C:\Program Files\Java\jdk1.8.0_25
PATH=C:/Program Files/Java/jre1.8.0_25/bin/server;C:/Program Files/Java/jre1.8.0_25/bin;C:/Program Files/Java/jre1.8.0_25/lib/amd64;C:\Program Files (x86)\NVIDIA Corporation\PhysX\Common;C:\ProgramData\Oracle\Java\javapath;C:\Program Files (x86)\Common Files\Intel\Shared Libraries\redist\intel64\compiler;C:\Program Files (x86)\Common Files\Intel\Shared Libraries\redist\ia32\compiler;C:\Program Files (x86)\Intel\iCLS Client\;C:\Program Files\Intel\iCLS Client\;C:\Program Files (x86)\AMD APP\bin\x86_64;C:\Program Files (x86)\AMD APP\bin\x86;C:\WINDOWS\system32;C:\WINDOWS;C:\WINDOWS\System32\Wbem;C:\WINDOWS\System32\WindowsPowerShell\v1.0\;C:\Program Files (x86)\ATI Technologies\ATI.ACE\Core-Static;C:\Program Files\Intel\Intel(R) Management Engine Components\DAL;C:\Program Files\Intel\Intel(R) Management Engine Components\IPT;C:\Program Files (x86)\Intel\Intel(R) Management Engine Components\DAL;C:\Program Files (x86)\Intel\Intel(R) Management Engine Components\IPT;C:\Program Files\Sony\VAIO Improvement\;C:\Program Files (x86)\Sony\VAIO Startup Setting Tool;C:\Program Files (x86)\Windows Kits\8.1\Windows Performance Toolkit\;C:\Program Files\Microsoft SQL Server\110\Tools\Binn\;C:\Program Files (x86)\Microsoft SDKs\TypeScript\1.0\;C:\Program Files\Microsoft\Web Platform Installer\;C:\Program Files (x86)\Java\jre1.8.0_25\bin;P:\Programs\Python27\Scripts;P:\Programs\Python27;C:\Program Files\Common Files\Autodesk Shared\;P:\Program Files\Programs;P:\Program Files\Games;P:\Programs\Eclipse;
USERNAME=Benoît
OS=Windows_NT
PROCESSOR_IDENTIFIER=Intel64 Family 6 Model 58 Stepping 9, GenuineIntel



---------------  S Y S T E M  ---------------

OS: Windows 8.1 , 64 bit Build 9600 

CPU:total 8 (4 cores per cpu, 2 threads per core) family 6 model 58 stepping 9, cmov, cx8, fxsr, mmx, sse, sse2, sse3, ssse3, sse4.1, sse4.2, popcnt, avx, aes, clmul, erms, ht, tsc, tscinvbit, tscinv

Memory: 4k page, physical 6237468k(1859820k free), swap 10431772k(3809732k free)

vm_info: Java HotSpot(TM) 64-Bit Server VM (25.25-b02) for windows-amd64 JRE (1.8.0_25-b18), built on Oct  7 2014 14:25:37 by "java_re" with MS VC++ 10.0 (VS2010)

time: Thu Apr 23 17:10:15 2015
elapsed time: 9 seconds (0d 0h 0m 9s)

