#
# A fatal error has been detected by the Java Runtime Environment:
#
#  EXCEPTION_ACCESS_VIOLATION (0xc0000005) at pc=0x00000000690fc6d0, pid=8424, tid=5132
#
# JRE version: Java(TM) SE Runtime Environment (8.0_25-b18) (build 1.8.0_25-b18)
# Java VM: Java HotSpot(TM) 64-Bit Server VM (25.25-b02 mixed mode windows-amd64 compressed oops)
# Problematic frame:
# C  [atio6axx.dll+0x17ec6d0]
#
# Failed to write core dump. Minidumps are not enabled by default on client versions of Windows
#
# If you would like to submit a bug report, please visit:
#   http://bugreport.sun.com/bugreport/crash.jsp
# The crash happened outside the Java Virtual Machine in native code.
# See problematic frame for where to report the bug.
#

---------------  T H R E A D  ---------------

Current thread (0x00000000198ed000):  JavaThread "Animation Thread" [_thread_in_native, id=5132, stack(0x000000001c9d0000,0x000000001cad0000)]

siginfo: ExceptionCode=0xc0000005, ExceptionInformation=0x0000000000000008 0x00000000690fc6d0

Registers:
RAX=0x0000000069088180, RBX=0x000000002e71b040, RCX=0x000000001f62b830, RDX=0x0000000000000000
RSP=0x000000001cacea38, RBP=0x0000000000000006, RSI=0x0000000000000000, RDI=0x000000001f836978
R8 =0x000000001cace708, R9 =0x0000000000008000, R10=0x0000000000000000, R11=0x000000001cace940
R12=0x0000000000000000, R13=0x000000001fc5cfc8, R14=0x0000000000000000, R15=0x00000000198ed000
RIP=0x00000000690fc6d0, EFLAGS=0x0000000000010206

Top of Stack: (sp=0x000000001cacea38)
0x000000001cacea38:   00007ffedc7f4116 000000001f836948
0x000000001cacea48:   0000000020002148 000000001f836948
0x000000001cacea58:   0000000000000000 000000001caceb30
0x000000001cacea68:   00007ffedc7f1fba 000000001caceb30
0x000000001cacea78:   000000001caceb10 00000000198ed1e8
0x000000001cacea88:   00000000198b22c0 00000000a3b48fa8
0x000000001cacea98:   0000000002875b74 000000001fc5cfc8
0x000000001caceaa8:   0000000000000021 0000000000000021
0x000000001caceab8:   00000000198ed000 000000001caceb88
0x000000001caceac8:   00000000028758a2 000000001cacead0
0x000000001cacead8:   000000001fc5cfc8 000000001caceb30
0x000000001caceae8:   000000001fc5df58 0000000000000000
0x000000001caceaf8:   000000001fc5cfc8 0000000000000000
0x000000001caceb08:   000000001caceb30 000000001caceb78
0x000000001caceb18:   0000000002867a2d 0000000000000000
0x000000001caceb28:   000000000286f6b8 00000000a38b1568 

Instructions: (pc=0x00000000690fc6d0)
0x00000000690fc6b0:   00 00 00 00 00 00 00 00 00 00 00 00 00 00 00 00
0x00000000690fc6c0:   05 00 00 00 00 a3 7e 01 00 00 00 00 00 00 00 00
0x00000000690fc6d0:   01 00 00 00 00 00 00 00 00 00 00 00 38 6f 9d 01
0x00000000690fc6e0:   e8 ad 7e 01 d0 c6 7e 01 00 00 00 00 00 00 00 00 


Register to memory mapping:

RAX=0x0000000069088180 is an unknown value
RBX=0x000000002e71b040 is an unknown value
RCX=0x000000001f62b830 is an unknown value
RDX=0x0000000000000000 is an unknown value
RSP=0x000000001cacea38 is pointing into the stack for thread: 0x00000000198ed000
RBP=0x0000000000000006 is an unknown value
RSI=0x0000000000000000 is an unknown value
RDI=0x000000001f836978 is an unknown value
R8 =0x000000001cace708 is pointing into the stack for thread: 0x00000000198ed000
R9 =0x0000000000008000 is an unknown value
R10=0x0000000000000000 is an unknown value
R11=0x000000001cace940 is pointing into the stack for thread: 0x00000000198ed000
R12=0x0000000000000000 is an unknown value
R13={method} {0x000000001fc5cfd0} 'jniStopDevice' '()V' in 'KinectPV2/Device'
R14=0x0000000000000000 is an unknown value
R15=0x00000000198ed000 is a thread


Stack: [0x000000001c9d0000,0x000000001cad0000],  sp=0x000000001cacea38,  free space=1018k
Native frames: (J=compiled Java code, j=interpreted, Vv=VM code, C=native code)
C  [atio6axx.dll+0x17ec6d0]

Java frames: (J=compiled Java code, j=interpreted, Vv=VM code)
j  KinectPV2.Device.jniStopDevice()V+0
j  KinectPV2.Device.stopDevice()V+41
j  KinectPV2.KinectPV2.dispose()V+14
v  ~StubRoutines::call_stub
j  sun.reflect.NativeMethodAccessorImpl.invoke0(Ljava/lang/reflect/Method;Ljava/lang/Object;[Ljava/lang/Object;)Ljava/lang/Object;+0
j  sun.reflect.NativeMethodAccessorImpl.invoke(Ljava/lang/Object;[Ljava/lang/Object;)Ljava/lang/Object;+100
J 1745 C1 sun.reflect.DelegatingMethodAccessorImpl.invoke(Ljava/lang/Object;[Ljava/lang/Object;)Ljava/lang/Object; (10 bytes) @ 0x0000000002eb7904 [0x0000000002eb7800+0x104]
J 1744 C1 java.lang.reflect.Method.invoke(Ljava/lang/Object;[Ljava/lang/Object;)Ljava/lang/Object; (62 bytes) @ 0x0000000002eb7324 [0x0000000002eb6f40+0x3e4]
j  processing.core.PApplet$RegisteredMethods.handle([Ljava/lang/Object;)V+18
J 1607 C1 processing.core.PApplet.handleMethods(Ljava/lang/String;)V (21 bytes) @ 0x0000000002e6fc5c [0x0000000002e6f9a0+0x2bc]
j  processing.core.PApplet.dispose()V+35
j  processing.core.PApplet.run()V+283
j  java.lang.Thread.run()V+11
v  ~StubRoutines::call_stub

---------------  P R O C E S S  ---------------

Java Threads: ( => current thread )
  0x0000000019d15800 JavaThread "Animation Thread-SharedResourceRunner" daemon [_thread_blocked, id=9832, stack(0x000000001eca0000,0x000000001eda0000)]
  0x0000000000e4e800 JavaThread "DestroyJavaVM" [_thread_blocked, id=9744, stack(0x00000000025e0000,0x00000000026e0000)]
  0x00000000198ef000 JavaThread "D3D Screen Updater" daemon [_thread_blocked, id=8476, stack(0x000000001ccd0000,0x000000001cdd0000)]
=>0x00000000198ed000 JavaThread "Animation Thread" [_thread_in_native, id=5132, stack(0x000000001c9d0000,0x000000001cad0000)]
  0x0000000019845000 JavaThread "AWT-EventQueue-0" [_thread_blocked, id=3120, stack(0x000000001c7d0000,0x000000001c8d0000)]
  0x0000000019806800 JavaThread "AWT-Windows" daemon [_thread_in_native, id=8200, stack(0x000000001a120000,0x000000001a220000)]
  0x0000000019805800 JavaThread "AWT-Shutdown" [_thread_blocked, id=1884, stack(0x000000001a020000,0x000000001a120000)]
  0x0000000019803000 JavaThread "Java2D Disposer" daemon [_thread_blocked, id=9112, stack(0x0000000019f20000,0x000000001a020000)]
  0x000000001863c800 JavaThread "Service Thread" daemon [_thread_blocked, id=7664, stack(0x0000000018f90000,0x0000000019090000)]
  0x00000000185c7000 JavaThread "C1 CompilerThread3" daemon [_thread_blocked, id=4940, stack(0x0000000018e90000,0x0000000018f90000)]
  0x00000000185c6000 JavaThread "C2 CompilerThread2" daemon [_thread_blocked, id=8488, stack(0x0000000018d90000,0x0000000018e90000)]
  0x00000000185be000 JavaThread "C2 CompilerThread1" daemon [_thread_blocked, id=9680, stack(0x0000000018c90000,0x0000000018d90000)]
  0x00000000185bc000 JavaThread "C2 CompilerThread0" daemon [_thread_blocked, id=5124, stack(0x0000000018b90000,0x0000000018c90000)]
  0x00000000185b7000 JavaThread "Attach Listener" daemon [_thread_blocked, id=3276, stack(0x0000000018a90000,0x0000000018b90000)]
  0x00000000185b6000 JavaThread "Signal Dispatcher" daemon [_thread_blocked, id=4048, stack(0x0000000018990000,0x0000000018a90000)]
  0x000000000285a000 JavaThread "Finalizer" daemon [_thread_blocked, id=8908, stack(0x0000000018490000,0x0000000018590000)]
  0x00000000165ac000 JavaThread "Reference Handler" daemon [_thread_blocked, id=8552, stack(0x0000000018390000,0x0000000018490000)]

Other Threads:
  0x00000000165a8000 VMThread [stack: 0x0000000018290000,0x0000000018390000] [id=7840]
  0x000000001864e800 WatcherThread [stack: 0x0000000019090000,0x0000000019190000] [id=3596]

VM state:not at safepoint (normal execution)

VM Mutex/Monitor currently owned by a thread: None

Heap:
 PSYoungGen      total 356864K, used 176476K [0x00000000e0400000, 0x00000000f9880000, 0x0000000100000000)
  eden space 305152K, 57% used [0x00000000e0400000,0x00000000eb01f2e0,0x00000000f2e00000)
  from space 51712K, 0% used [0x00000000f2e00000,0x00000000f2e38000,0x00000000f6080000)
  to   space 49152K, 0% used [0x00000000f6880000,0x00000000f6880000,0x00000000f9880000)
 ParOldGen       total 222208K, used 154063K [0x00000000a0c00000, 0x00000000ae500000, 0x00000000e0400000)
  object space 222208K, 69% used [0x00000000a0c00000,0x00000000aa273fe0,0x00000000ae500000)
 Metaspace       used 18011K, capacity 18223K, committed 18560K, reserved 1067008K
  class space    used 1734K, capacity 1794K, committed 1920K, reserved 1048576K

Card table byte_map: [0x0000000011c20000,0x0000000011f20000] byte_map_base: 0x000000001171a000

Marking Bits: (ParMarkBitMap*) 0x000000006ab8d490
 Begin Bits: [0x0000000012920000, 0x00000000140f0000)
 End Bits:   [0x00000000140f0000, 0x00000000158c0000)

Polling page: 0x0000000000e20000

CodeCache: size=245760Kb used=8000Kb max_used=8000Kb free=237759Kb
 bounds [0x0000000002860000, 0x0000000003040000, 0x0000000011860000]
 total_blobs=2993 nmethods=2123 adapters=784
 compilation: enabled

Compilation events (10 events):
Event: 12.895 Thread 0x00000000185c7000 2118   !   3       java.awt.KeyboardFocusManager::retargetFocusEvent (244 bytes)
Event: 12.897 Thread 0x00000000185c7000 nmethod 2118 0x0000000003030390 code [0x00000000030307c0, 0x0000000003033208]
Event: 12.945 Thread 0x00000000185c7000 2120       3       sun.reflect.ClassFileAssembler::emitShort (24 bytes)
Event: 12.946 Thread 0x00000000185c7000 nmethod 2120 0x000000000302b6d0 code [0x000000000302b860, 0x000000000302bb78]
Event: 12.946 Thread 0x00000000185c7000 2121       3       sun.reflect.ByteVectorImpl::getLength (7 bytes)
Event: 12.946 Thread 0x00000000185c7000 nmethod 2121 0x0000000003034310 code [0x0000000003034460, 0x00000000030345b0]
Event: 13.455 Thread 0x00000000185c7000 2122       3       sun.awt.windows.WComponentPeer::preprocessPostEvent (1 bytes)
Event: 13.455 Thread 0x00000000185c7000 nmethod 2122 0x0000000003034610 code [0x0000000003034760, 0x00000000030348b0]
Event: 13.461 Thread 0x00000000185c7000 2123       3       java.awt.Component::processEvent (220 bytes)
Event: 13.462 Thread 0x00000000185c7000 nmethod 2123 0x0000000003034910 code [0x0000000003034ba0, 0x00000000030364e8]

GC Heap History (10 events):
Event: 8.213 GC heap before
{Heap before GC invocations=18 (full 3):
 PSYoungGen      total 315392K, used 265247K [0x00000000e0400000, 0x00000000f7900000, 0x0000000100000000)
  eden space 265216K, 99% used [0x00000000e0400000,0x00000000f06e7d28,0x00000000f0700000)
  from space 50176K, 0% used [0x00000000f4800000,0x00000000f4820000,0x00000000f7900000)
  to   space 58368K, 0% used [0x00000000f0700000,0x00000000f0700000,0x00000000f4000000)
 ParOldGen       total 222208K, used 154023K [0x00000000a0c00000, 0x00000000ae500000, 0x00000000e0400000)
  object space 222208K, 69% used [0x00000000a0c00000,0x00000000aa269fe0,0x00000000ae500000)
 Metaspace       used 17770K, capacity 18025K, committed 18304K, reserved 1064960K
  class space    used 1733K, capacity 1793K, committed 1920K, reserved 1048576K
Event: 8.214 GC heap after
Heap after GC invocations=18 (full 3):
 PSYoungGen      total 323584K, used 192K [0x00000000e0400000, 0x00000000f9700000, 0x0000000100000000)
  eden space 265216K, 0% used [0x00000000e0400000,0x00000000e0400000,0x00000000f0700000)
  from space 58368K, 0% used [0x00000000f0700000,0x00000000f0730000,0x00000000f4000000)
  to   space 56832K, 0% used [0x00000000f5f80000,0x00000000f5f80000,0x00000000f9700000)
 ParOldGen       total 222208K, used 154031K [0x00000000a0c00000, 0x00000000ae500000, 0x00000000e0400000)
  object space 222208K, 69% used [0x00000000a0c00000,0x00000000aa26bfe0,0x00000000ae500000)
 Metaspace       used 17770K, capacity 18025K, committed 18304K, reserved 1064960K
  class space    used 1733K, capacity 1793K, committed 1920K, reserved 1048576K
}
Event: 9.282 GC heap before
{Heap before GC invocations=19 (full 3):
 PSYoungGen      total 323584K, used 265059K [0x00000000e0400000, 0x00000000f9700000, 0x0000000100000000)
  eden space 265216K, 99% used [0x00000000e0400000,0x00000000f06a8d80,0x00000000f0700000)
  from space 58368K, 0% used [0x00000000f0700000,0x00000000f0730000,0x00000000f4000000)
  to   space 56832K, 0% used [0x00000000f5f80000,0x00000000f5f80000,0x00000000f9700000)
 ParOldGen       total 222208K, used 154031K [0x00000000a0c00000, 0x00000000ae500000, 0x00000000e0400000)
  object space 222208K, 69% used [0x00000000a0c00000,0x00000000aa26bfe0,0x00000000ae500000)
 Metaspace       used 17782K, capacity 18025K, committed 18304K, reserved 1064960K
  class space    used 1733K, capacity 1793K, committed 1920K, reserved 1048576K
Event: 9.283 GC heap after
Heap after GC invocations=19 (full 3):
 PSYoungGen      total 339456K, used 256K [0x00000000e0400000, 0x00000000f8d80000, 0x0000000100000000)
  eden space 292352K, 0% used [0x00000000e0400000,0x00000000e0400000,0x00000000f2180000)
  from space 47104K, 0% used [0x00000000f5f80000,0x00000000f5fc0000,0x00000000f8d80000)
  to   space 55296K, 0% used [0x00000000f2180000,0x00000000f2180000,0x00000000f5780000)
 ParOldGen       total 222208K, used 154039K [0x00000000a0c00000, 0x00000000ae500000, 0x00000000e0400000)
  object space 222208K, 69% used [0x00000000a0c00000,0x00000000aa26dfe0,0x00000000ae500000)
 Metaspace       used 17782K, capacity 18025K, committed 18304K, reserved 1064960K
  class space    used 1733K, capacity 1793K, committed 1920K, reserved 1048576K
}
Event: 10.446 GC heap before
{Heap before GC invocations=20 (full 3):
 PSYoungGen      total 339456K, used 289824K [0x00000000e0400000, 0x00000000f8d80000, 0x0000000100000000)
  eden space 292352K, 99% used [0x00000000e0400000,0x00000000f1ec8110,0x00000000f2180000)
  from space 47104K, 0% used [0x00000000f5f80000,0x00000000f5fc0000,0x00000000f8d80000)
  to   space 55296K, 0% used [0x00000000f2180000,0x00000000f2180000,0x00000000f5780000)
 ParOldGen       total 222208K, used 154039K [0x00000000a0c00000, 0x00000000ae500000, 0x00000000e0400000)
  object space 222208K, 69% used [0x00000000a0c00000,0x00000000aa26dfe0,0x00000000ae500000)
 Metaspace       used 17838K, capacity 18089K, committed 18304K, reserved 1064960K
  class space    used 1733K, capacity 1793K, committed 1920K, reserved 1048576K
Event: 10.447 GC heap after
Heap after GC invocations=20 (full 3):
 PSYoungGen      total 347648K, used 224K [0x00000000e0400000, 0x00000000f9a00000, 0x0000000100000000)
  eden space 292352K, 0% used [0x00000000e0400000,0x00000000e0400000,0x00000000f2180000)
  from space 55296K, 0% used [0x00000000f2180000,0x00000000f21b8000,0x00000000f5780000)
  to   space 53760K, 0% used [0x00000000f6580000,0x00000000f6580000,0x00000000f9a00000)
 ParOldGen       total 222208K, used 154047K [0x00000000a0c00000, 0x00000000ae500000, 0x00000000e0400000)
  object space 222208K, 69% used [0x00000000a0c00000,0x00000000aa26ffe0,0x00000000ae500000)
 Metaspace       used 17838K, capacity 18089K, committed 18304K, reserved 1064960K
  class space    used 1733K, capacity 1793K, committed 1920K, reserved 1048576K
}
Event: 11.613 GC heap before
{Heap before GC invocations=21 (full 3):
 PSYoungGen      total 347648K, used 289822K [0x00000000e0400000, 0x00000000f9a00000, 0x0000000100000000)
  eden space 292352K, 99% used [0x00000000e0400000,0x00000000f1ecf928,0x00000000f2180000)
  from space 55296K, 0% used [0x00000000f2180000,0x00000000f21b8000,0x00000000f5780000)
  to   space 53760K, 0% used [0x00000000f6580000,0x00000000f6580000,0x00000000f9a00000)
 ParOldGen       total 222208K, used 154047K [0x00000000a0c00000, 0x00000000ae500000, 0x00000000e0400000)
  object space 222208K, 69% used [0x00000000a0c00000,0x00000000aa26ffe0,0x00000000ae500000)
 Metaspace       used 17867K, capacity 18089K, committed 18304K, reserved 1064960K
  class space    used 1733K, capacity 1793K, committed 1920K, reserved 1048576K
Event: 11.615 GC heap after
Heap after GC invocations=21 (full 3):
 PSYoungGen      total 351744K, used 256K [0x00000000e0400000, 0x00000000f9300000, 0x0000000100000000)
  eden space 305152K, 0% used [0x00000000e0400000,0x00000000e0400000,0x00000000f2e00000)
  from space 46592K, 0% used [0x00000000f6580000,0x00000000f65c0000,0x00000000f9300000)
  to   space 51712K, 0% used [0x00000000f2e00000,0x00000000f2e00000,0x00000000f6080000)
 ParOldGen       total 222208K, used 154055K [0x00000000a0c00000, 0x00000000ae500000, 0x00000000e0400000)
  object space 222208K, 69% used [0x00000000a0c00000,0x00000000aa271fe0,0x00000000ae500000)
 Metaspace       used 17867K, capacity 18089K, committed 18304K, reserved 1064960K
  class space    used 1733K, capacity 1793K, committed 1920K, reserved 1048576K
}
Event: 12.814 GC heap before
{Heap before GC invocations=22 (full 3):
 PSYoungGen      total 351744K, used 298194K [0x00000000e0400000, 0x00000000f9300000, 0x0000000100000000)
  eden space 305152K, 97% used [0x00000000e0400000,0x00000000f26f4a78,0x00000000f2e00000)
  from space 46592K, 0% used [0x00000000f6580000,0x00000000f65c0000,0x00000000f9300000)
  to   space 51712K, 0% used [0x00000000f2e00000,0x00000000f2e00000,0x00000000f6080000)
 ParOldGen       total 222208K, used 154055K [0x00000000a0c00000, 0x00000000ae500000, 0x00000000e0400000)
  object space 222208K, 69% used [0x00000000a0c00000,0x00000000aa271fe0,0x00000000ae500000)
 Metaspace       used 17994K, capacity 18217K, committed 18560K, reserved 1067008K
  class space    used 1733K, capacity 1793K, committed 1920K, reserved 1048576K
Event: 12.816 GC heap after
Heap after GC invocations=22 (full 3):
 PSYoungGen      total 356864K, used 224K [0x00000000e0400000, 0x00000000f9880000, 0x0000000100000000)
  eden space 305152K, 0% used [0x00000000e0400000,0x00000000e0400000,0x00000000f2e00000)
  from space 51712K, 0% used [0x00000000f2e00000,0x00000000f2e38000,0x00000000f6080000)
  to   space 49152K, 0% used [0x00000000f6880000,0x00000000f6880000,0x00000000f9880000)
 ParOldGen       total 222208K, used 154063K [0x00000000a0c00000, 0x00000000ae500000, 0x00000000e0400000)
  object space 222208K, 69% used [0x00000000a0c00000,0x00000000aa273fe0,0x00000000ae500000)
 Metaspace       used 17994K, capacity 18217K, committed 18560K, reserved 1067008K
  class space    used 1733K, capacity 1793K, committed 1920K, reserved 1048576K
}

Deoptimization events (10 events):
Event: 2.734 Thread 0x0000000019845000 Uncommon trap: reason=class_check action=maybe_recompile pc=0x0000000002b69d04 method=com.jogamp.common.nio.Buffers.getDirectBufferByteOffset(Ljava/lang/Object;)I @ 7
Event: 2.735 Thread 0x0000000019845000 Uncommon trap: reason=class_check action=maybe_recompile pc=0x0000000002b6c640 method=com.jogamp.common.nio.Buffers.isDirect(Ljava/lang/Object;)Z @ 13
Event: 2.735 Thread 0x0000000019845000 Uncommon trap: reason=class_check action=maybe_recompile pc=0x0000000002b69d04 method=com.jogamp.common.nio.Buffers.getDirectBufferByteOffset(Ljava/lang/Object;)I @ 7
Event: 2.735 Thread 0x0000000019845000 Uncommon trap: reason=predicate action=maybe_recompile pc=0x0000000002c38bc4 method=java.util.ArrayList.indexOf(Ljava/lang/Object;)I @ 44
Event: 2.761 Thread 0x0000000019845000 Uncommon trap: reason=class_check action=maybe_recompile pc=0x0000000002b6c640 method=com.jogamp.common.nio.Buffers.isDirect(Ljava/lang/Object;)Z @ 13
Event: 2.762 Thread 0x0000000019845000 Uncommon trap: reason=class_check action=maybe_recompile pc=0x0000000002b69d04 method=com.jogamp.common.nio.Buffers.getDirectBufferByteOffset(Ljava/lang/Object;)I @ 7
Event: 3.302 Thread 0x0000000019845000 Uncommon trap: reason=unreached action=reinterpret pc=0x0000000002c59d80 method=processing.opengl.PGraphicsOpenGL$InGeometry.addVertex(FFFIFFFFFIFIIIFIZ)I @ 218
Event: 3.546 Thread 0x0000000019845000 Uncommon trap: reason=unreached action=reinterpret pc=0x0000000002b224b0 method=java.lang.reflect.AccessibleObject.setAccessible0(Ljava/lang/reflect/AccessibleObject;Z)V @ 4
Event: 12.073 Thread 0x0000000019806800 Uncommon trap: reason=unreached action=reinterpret pc=0x0000000002ec89bc method=java.util.WeakHashMap.get(Ljava/lang/Object;)Ljava/lang/Object; @ 35
Event: 13.495 Thread 0x00000000198ed000 Uncommon trap: reason=unreached action=reinterpret pc=0x0000000002ee6dac method=java.util.HashMap.keySet()Ljava/util/Set; @ 6

Internal exceptions (10 events):
Event: 3.150 Thread 0x0000000019845000 Exception <a 'java/security/PrivilegedActionException'> (0x00000000e2644c50) thrown at [D:\re\workspace\8-2-build-windows-amd64-cygwin\jdk8u25\1677\hotspot\src\share\vm\prims\jvm.cpp, line 1312]
Event: 3.150 Thread 0x0000000019845000 Exception <a 'java/security/PrivilegedActionException'> (0x00000000e2649058) thrown at [D:\re\workspace\8-2-build-windows-amd64-cygwin\jdk8u25\1677\hotspot\src\share\vm\prims\jvm.cpp, line 1312]
Event: 3.150 Thread 0x0000000019845000 Exception <a 'java/security/PrivilegedActionException'> (0x00000000e264d440) thrown at [D:\re\workspace\8-2-build-windows-amd64-cygwin\jdk8u25\1677\hotspot\src\share\vm\prims\jvm.cpp, line 1312]
Event: 3.151 Thread 0x0000000019845000 Exception <a 'java/security/PrivilegedActionException'> (0x00000000e2650f98) thrown at [D:\re\workspace\8-2-build-windows-amd64-cygwin\jdk8u25\1677\hotspot\src\share\vm\prims\jvm.cpp, line 1312]
Event: 3.151 Thread 0x0000000019845000 Exception <a 'java/security/PrivilegedActionException'> (0x00000000e4f14bb0) thrown at [D:\re\workspace\8-2-build-windows-amd64-cygwin\jdk8u25\1677\hotspot\src\share\vm\prims\jvm.cpp, line 1312]
Event: 3.151 Thread 0x0000000019845000 Exception <a 'java/security/PrivilegedActionException'> (0x00000000e4f182e8) thrown at [D:\re\workspace\8-2-build-windows-amd64-cygwin\jdk8u25\1677\hotspot\src\share\vm\prims\jvm.cpp, line 1312]
Event: 3.152 Thread 0x0000000019845000 Exception <a 'java/security/PrivilegedActionException'> (0x00000000e4f1c230) thrown at [D:\re\workspace\8-2-build-windows-amd64-cygwin\jdk8u25\1677\hotspot\src\share\vm\prims\jvm.cpp, line 1312]
Event: 3.152 Thread 0x0000000019845000 Exception <a 'java/security/PrivilegedActionException'> (0x00000000e4f22140) thrown at [D:\re\workspace\8-2-build-windows-amd64-cygwin\jdk8u25\1677\hotspot\src\share\vm\prims\jvm.cpp, line 1312]
Event: 3.165 Thread 0x0000000019845000 Exception <a 'java/security/PrivilegedActionException'> (0x00000000e4ffd750) thrown at [D:\re\workspace\8-2-build-windows-amd64-cygwin\jdk8u25\1677\hotspot\src\share\vm\prims\jvm.cpp, line 1312]
Event: 13.495 Thread 0x00000000198ed000 Implicit null exception at 0x0000000002ee6ae7 to 0x0000000002ee6d9d

Events (10 events):
Event: 12.073 Thread 0x0000000019806800 DEOPT PACKING pc=0x0000000002ec89bc sp=0x000000001a21de70
Event: 12.073 Thread 0x0000000019806800 DEOPT UNPACKING pc=0x00000000028a556a sp=0x000000001a21de00 mode 2
Event: 12.814 Executing VM operation: ParallelGCFailedAllocation
Event: 12.816 Executing VM operation: ParallelGCFailedAllocation done
Event: 12.946 loading class sun/reflect/BootstrapConstructorAccessorImpl
Event: 12.946 loading class sun/reflect/BootstrapConstructorAccessorImpl done
Event: 13.495 Thread 0x00000000198ed000 Uncommon trap: trap_request=0xffffffad fr.pc=0x0000000002ee6dac
Event: 13.495 Thread 0x00000000198ed000 DEOPT PACKING pc=0x0000000002ee6dac sp=0x000000001cacf3a0
Event: 13.495 Thread 0x00000000198ed000 DEOPT UNPACKING pc=0x00000000028a556a sp=0x000000001cacf2f8 mode 2
Event: 13.498 Thread 0x0000000019e46000 Thread exited: 0x0000000019e46000


Dynamic libraries:
0x00007ff745f80000 - 0x00007ff745fb4000 	C:\Program Files\Java\jre1.8.0_25\bin\javaw.exe
0x00007ffee8210000 - 0x00007ffee83bc000 	C:\WINDOWS\SYSTEM32\ntdll.dll
0x00007ffee60e0000 - 0x00007ffee621e000 	C:\WINDOWS\system32\KERNEL32.DLL
0x00007ffee54e0000 - 0x00007ffee55f5000 	C:\WINDOWS\system32\KERNELBASE.dll
0x00007ffee3ee0000 - 0x00007ffee3f6e000 	C:\WINDOWS\system32\apphelp.dll
0x00007ffecebf0000 - 0x00007ffecec43000 	C:\WINDOWS\AppPatch\AppPatch64\AcGenral.DLL
0x00007ffee6010000 - 0x00007ffee60ba000 	C:\WINDOWS\system32\msvcrt.dll
0x00007ffee5190000 - 0x00007ffee51be000 	C:\WINDOWS\SYSTEM32\SspiCli.dll
0x00007ffee5fb0000 - 0x00007ffee6004000 	C:\WINDOWS\system32\SHLWAPI.dll
0x00007ffee7fd0000 - 0x00007ffee8147000 	C:\WINDOWS\system32\USER32.dll
0x00007ffee5bc0000 - 0x00007ffee5d54000 	C:\WINDOWS\system32\ole32.dll
0x00007ffee66a0000 - 0x00007ffee7bb8000 	C:\WINDOWS\system32\SHELL32.dll
0x00007ffee48f0000 - 0x00007ffee4911000 	C:\WINDOWS\SYSTEM32\USERENV.dll
0x00007ffee5e20000 - 0x00007ffee5eca000 	C:\WINDOWS\system32\ADVAPI32.dll
0x00007ffed7630000 - 0x00007ffed764e000 	C:\WINDOWS\SYSTEM32\MPR.dll
0x00007ffee63f0000 - 0x00007ffee6531000 	C:\WINDOWS\system32\RPCRT4.dll
0x00007ffee5ed0000 - 0x00007ffee5f29000 	C:\WINDOWS\SYSTEM32\sechost.dll
0x00007ffee7db0000 - 0x00007ffee7fc1000 	C:\WINDOWS\SYSTEM32\combase.dll
0x00007ffee6540000 - 0x00007ffee6691000 	C:\WINDOWS\system32\GDI32.dll
0x00007ffee5360000 - 0x00007ffee5375000 	C:\WINDOWS\SYSTEM32\profapi.dll
0x00007ffee3700000 - 0x00007ffee37b2000 	C:\WINDOWS\SYSTEM32\SHCORE.dll
0x00007ffee5a40000 - 0x00007ffee5a76000 	C:\WINDOWS\system32\IMM32.DLL
0x00007ffee6220000 - 0x00007ffee6372000 	C:\WINDOWS\system32\MSCTF.dll
0x00007ffee2a70000 - 0x00007ffee2ceb000 	C:\WINDOWS\WinSxS\amd64_microsoft.windows.common-controls_6595b64144ccf1df_6.0.9600.17415_none_6240486fecbd8abb\COMCTL32.dll
0x00000000696c0000 - 0x0000000069792000 	C:\Program Files\Java\jre1.8.0_25\bin\msvcr100.dll
0x000000006a3b0000 - 0x000000006ac0a000 	C:\Program Files\Java\jre1.8.0_25\bin\server\jvm.dll
0x00007ffecd2f0000 - 0x00007ffecd2f9000 	C:\WINDOWS\SYSTEM32\WSOCK32.dll
0x00007ffed77f0000 - 0x00007ffed7812000 	C:\WINDOWS\SYSTEM32\WINMM.dll
0x00007ffee7da0000 - 0x00007ffee7da7000 	C:\WINDOWS\system32\PSAPI.DLL
0x00007ffee5a80000 - 0x00007ffee5ada000 	C:\WINDOWS\system32\WS2_32.dll
0x00007ffed75d0000 - 0x00007ffed75fa000 	C:\WINDOWS\SYSTEM32\WINMMBASE.dll
0x00007ffee60d0000 - 0x00007ffee60d9000 	C:\WINDOWS\system32\NSI.dll
0x00007ffee5840000 - 0x00007ffee588f000 	C:\WINDOWS\SYSTEM32\cfgmgr32.dll
0x00007ffee4150000 - 0x00007ffee4178000 	C:\WINDOWS\SYSTEM32\DEVOBJ.dll
0x000000006b5e0000 - 0x000000006b5ef000 	C:\Program Files\Java\jre1.8.0_25\bin\verify.dll
0x000000006b5b0000 - 0x000000006b5d8000 	C:\Program Files\Java\jre1.8.0_25\bin\java.dll
0x000000006b590000 - 0x000000006b5a6000 	C:\Program Files\Java\jre1.8.0_25\bin\zip.dll
0x0000000069520000 - 0x00000000696b8000 	C:\Program Files\Java\jre1.8.0_25\bin\awt.dll
0x00007ffee5ae0000 - 0x00007ffee5ba1000 	C:\WINDOWS\system32\OLEAUT32.dll
0x00007ffee3500000 - 0x00007ffee3521000 	C:\WINDOWS\system32\DWMAPI.DLL
0x00007ffee3fd0000 - 0x00007ffee40f9000 	C:\WINDOWS\system32\uxtheme.dll
0x00007ffee41a0000 - 0x00007ffee41ab000 	C:\WINDOWS\SYSTEM32\kernel.appcore.dll
0x00007ffee5230000 - 0x00007ffee523b000 	C:\WINDOWS\SYSTEM32\CRYPTBASE.dll
0x00007ffee51c0000 - 0x00007ffee5223000 	C:\WINDOWS\SYSTEM32\bcryptPrimitives.dll
0x00007ffedaca0000 - 0x00007ffedaec1000 	C:\WINDOWS\system32\d3d9.dll
0x00007ffee3010000 - 0x00007ffee301a000 	C:\WINDOWS\SYSTEM32\VERSION.dll
0x00007ffee2870000 - 0x00007ffee29bb000 	C:\WINDOWS\SYSTEM32\aticfx64.dll
0x00007ffec0180000 - 0x00007ffec01a1000 	C:\WINDOWS\SYSTEM32\atiu9p64.dll
0x00007ffebed60000 - 0x00007ffebf545000 	C:\WINDOWS\SYSTEM32\atiumd64.dll
0x000000006acf0000 - 0x000000006b4a7000 	C:\WINDOWS\SYSTEM32\atiumd6a.dll
0x00000000694d0000 - 0x0000000069517000 	C:\Program Files\Java\jre1.8.0_25\bin\fontmanager.dll
0x00007ffee4d60000 - 0x00007ffee4d80000 	C:\WINDOWS\SYSTEM32\CRYPTSP.dll
0x00007ffee47e0000 - 0x00007ffee4816000 	C:\WINDOWS\system32\rsaenh.dll
0x00007ffee4e80000 - 0x00007ffee4ea6000 	C:\WINDOWS\SYSTEM32\bcrypt.dll
0x000000006b570000 - 0x000000006b58a000 	C:\Program Files\Java\jre1.8.0_25\bin\net.dll
0x00007ffee4b20000 - 0x00007ffee4b79000 	C:\WINDOWS\system32\mswsock.dll
0x00007ffee1080000 - 0x00007ffee10aa000 	C:\WINDOWS\SYSTEM32\IPHLPAPI.DLL
0x00007ffee2670000 - 0x00007ffee267a000 	C:\WINDOWS\SYSTEM32\WINNSI.DLL
0x00007ffee0160000 - 0x00007ffee0176000 	C:\WINDOWS\SYSTEM32\dhcpcsvc6.DLL
0x00007ffee02b0000 - 0x00007ffee02ca000 	C:\WINDOWS\SYSTEM32\dhcpcsvc.DLL
0x000000006a390000 - 0x000000006a3a1000 	C:\Program Files\Java\jre1.8.0_25\bin\nio.dll
0x00000000637c0000 - 0x00000000637cd000 	S:\Users\Ben\AppData\Local\Temp\jogamp_0000\file_cache\jln237470742501844485\jln5019798202964071801\gluegen-rt.dll
0x00000000694c0000 - 0x00000000694c7000 	C:\Program Files\Java\jre1.8.0_25\bin\jawt.dll
0x0000000002740000 - 0x000000000274d000 	S:\Users\Ben\AppData\Local\Temp\jogamp_0000\file_cache\jln237470742501844485\jln5019798202964071801\nativewindow_awt.dll
0x000000006c100000 - 0x000000006c10f000 	S:\Users\Ben\AppData\Local\Temp\jogamp_0000\file_cache\jln237470742501844485\jln5019798202964071801\nativewindow_win32.dll
0x00007ffecea70000 - 0x00007ffeceb9b000 	C:\WINDOWS\SYSTEM32\OpenGL32.dll
0x00007ffedc8b0000 - 0x00007ffedc8de000 	C:\WINDOWS\SYSTEM32\GLU32.dll
0x00007ffedc2f0000 - 0x00007ffedc3e8000 	C:\WINDOWS\SYSTEM32\DDRAW.dll
0x00007ffee0d60000 - 0x00007ffee0d69000 	C:\WINDOWS\SYSTEM32\DCIMAN32.dll
0x0000000064500000 - 0x00000000645a2000 	S:\Users\Ben\AppData\Local\Temp\jogamp_0000\file_cache\jln237470742501844485\jln5019798202964071801\jogl_desktop.dll
0x00007ffedc710000 - 0x00007ffedc728000 	C:\WINDOWS\SYSTEM32\atig6pxx.dll
0x0000000067910000 - 0x00000000694bf000 	C:\WINDOWS\SYSTEM32\atio6axx.dll
0x00007ffee7bc0000 - 0x00007ffee7d9a000 	C:\WINDOWS\system32\SETUPAPI.dll
0x00007ffee10e0000 - 0x00007ffee1217000 	C:\WINDOWS\SYSTEM32\atiadlxx.dll
0x00007ffee16b0000 - 0x00007ffee182f000 	C:\WINDOWS\SYSTEM32\PROPSYS.dll
0x00007ffee3f70000 - 0x00007ffee3f82000 	C:\WINDOWS\SYSTEM32\WTSAPI32.dll
0x00007ffee57e0000 - 0x00007ffee5831000 	C:\WINDOWS\system32\WINTRUST.dll
0x00007ffee5600000 - 0x00007ffee57df000 	C:\WINDOWS\system32\CRYPT32.dll
0x00007ffee5410000 - 0x00007ffee5421000 	C:\WINDOWS\system32\MSASN1.dll
0x00007ffedc6e0000 - 0x00007ffedc709000 	C:\WINDOWS\SYSTEM32\atig6txx.dll
0x00007ffece8d0000 - 0x00007ffecea6c000 	O:\OneDrive\Workspace\ZZavatar\lib\user\KinectPV2\Kinect20.Face.dll
0x00007ffed76f0000 - 0x00007ffed7797000 	C:\WINDOWS\SYSTEM32\MSVCP110.dll
0x00007ffeddd70000 - 0x00007ffedde3e000 	C:\WINDOWS\SYSTEM32\MSVCR110.dll
0x00007ffedc7f0000 - 0x00007ffedc800000 	O:\OneDrive\Workspace\ZZavatar\lib\user\KinectPV2\KinectPV2.dll
0x00007ffeda9e0000 - 0x00007ffedaa9a000 	C:\WINDOWS\SYSTEM32\Kinect20.dll
0x00007ffed7820000 - 0x00007ffed790b000 	C:\WINDOWS\SYSTEM32\MFPlat.DLL
0x00007ffed7650000 - 0x00007ffed7677000 	C:\WINDOWS\SYSTEM32\RTWorkQ.DLL
0x00007ffee3130000 - 0x00007ffee313c000 	C:\WINDOWS\SYSTEM32\AVRT.dll
0x00007ffebeae0000 - 0x00007ffebec6a000 	C:\WINDOWS\SYSTEM32\dbghelp.dll

VM Arguments:
jvm_args: -Djava.library.path=O:\OneDrive\Workspace\ZZavatar\lib\base\video;O:\OneDrive\Workspace\ZZavatar\lib\base\video;O:\OneDrive\Workspace\ZZavatar\lib\base\video;O:\OneDrive\Workspace\ZZavatar\lib\base\core;O:\OneDrive\Workspace\ZZavatar\lib\base\core;O:\OneDrive\Workspace\ZZavatar\lib\base\core;O:\OneDrive\Workspace\ZZavatar\lib\base\core;O:\OneDrive\Workspace\ZZavatar\lib\base\core;O:\OneDrive\Workspace\ZZavatar\lib\base\core;O:\OneDrive\Workspace\ZZavatar\lib\base\core;O:\OneDrive\Workspace\ZZavatar\lib\base\core;O:\OneDrive\Workspace\ZZavatar\lib\base\core;O:\OneDrive\Workspace\ZZavatar\lib\base\core;O:\OneDrive\Workspace\ZZavatar\lib\base\core;O:\OneDrive\Workspace\ZZavatar\lib\base\core;O:\OneDrive\Workspace\ZZavatar\lib\base\core;O:\OneDrive\Workspace\ZZavatar\lib\base\core;O:\OneDrive\Workspace\ZZavatar\lib\base\core;O:\OneDrive\Workspace\ZZavatar\lib\user\Kinect4WinSDK;O:\OneDrive\Workspace\ZZavatar\lib\user\KinectPV2;O:\OneDrive\Workspace\ZZavatar\lib\user\SimpleOpenNI -Dfile.encoding=Cp1252 
java_command: zzavatar.ZZavatar
java_class_path (initial): O:\OneDrive\Workspace\ZZavatar\lib\base\video\gstreamer-java.jar;O:\OneDrive\Workspace\ZZavatar\lib\base\video\jna.jar;O:\OneDrive\Workspace\ZZavatar\lib\base\video\video.jar;O:\OneDrive\Workspace\ZZavatar\lib\base\core\core.jar;O:\OneDrive\Workspace\ZZavatar\lib\base\core\gluegen-rt-natives-linux-amd64.jar;O:\OneDrive\Workspace\ZZavatar\lib\base\core\gluegen-rt-natives-linux-armv6hf.jar;O:\OneDrive\Workspace\ZZavatar\lib\base\core\gluegen-rt-natives-linux-i586.jar;O:\OneDrive\Workspace\ZZavatar\lib\base\core\gluegen-rt-natives-macosx-universal.jar;O:\OneDrive\Workspace\ZZavatar\lib\base\core\gluegen-rt-natives-windows-amd64.jar;O:\OneDrive\Workspace\ZZavatar\lib\base\core\gluegen-rt-natives-windows-i586.jar;O:\OneDrive\Workspace\ZZavatar\lib\base\core\gluegen-rt.jar;O:\OneDrive\Workspace\ZZavatar\lib\base\core\jogl-all-natives-linux-amd64.jar;O:\OneDrive\Workspace\ZZavatar\lib\base\core\jogl-all-natives-linux-armv6hf.jar;O:\OneDrive\Workspace\ZZavatar\lib\base\core\jogl-all-natives-linux-i586.jar;O:\OneDrive\Workspace\ZZavatar\lib\base\core\jogl-all-natives-macosx-universal.jar;O:\OneDrive\Workspace\ZZavatar\lib\base\core\jogl-all-natives-windows-amd64.jar;O:\OneDrive\Workspace\ZZavatar\lib\base\core\jogl-all-natives-windows-i586.jar;O:\OneDrive\Workspace\ZZavatar\lib\base\core\jogl-all.jar;O:\OneDrive\Workspace\ZZavatar\lib\user\Kinect4WinSDK\Kinect4WinSDK.jar;O:\OneDrive\Workspace\ZZavatar\lib\user\KinectPV2\KinectPV2.jar;O:\OneDrive\Workspace\ZZavatar\lib\user\SimpleOpenNI\SimpleOpenNI.jar;O:\OneDrive\Workspace\ZZavatar\bin
Launcher Type: SUN_STANDARD

Environment Variables:
JAVA_HOME=C:\Program Files\Java\jdk1.8.0_25
PATH=C:/Program Files/Java/jre1.8.0_25/bin/server;C:/Program Files/Java/jre1.8.0_25/bin;C:/Program Files/Java/jre1.8.0_25/lib/amd64;C:\Program Files (x86)\NVIDIA Corporation\PhysX\Common;C:\ProgramData\Oracle\Java\javapath;C:\Program Files (x86)\Common Files\Intel\Shared Libraries\redist\intel64\compiler;C:\Program Files (x86)\Common Files\Intel\Shared Libraries\redist\ia32\compiler;C:\Program Files (x86)\Intel\iCLS Client\;C:\Program Files\Intel\iCLS Client\;C:\Program Files (x86)\AMD APP\bin\x86_64;C:\Program Files (x86)\AMD APP\bin\x86;C:\WINDOWS\system32;C:\WINDOWS;C:\WINDOWS\System32\Wbem;C:\WINDOWS\System32\WindowsPowerShell\v1.0\;C:\Program Files (x86)\ATI Technologies\ATI.ACE\Core-Static;C:\Program Files\Intel\Intel(R) Management Engine Components\DAL;C:\Program Files\Intel\Intel(R) Management Engine Components\IPT;C:\Program Files (x86)\Intel\Intel(R) Management Engine Components\DAL;C:\Program Files (x86)\Intel\Intel(R) Management Engine Components\IPT;C:\Program Files\Sony\VAIO Improvement\;C:\Program Files (x86)\Sony\VAIO Startup Setting Tool;C:\Program Files (x86)\Windows Kits\8.1\Windows Performance Toolkit\;C:\Program Files\Microsoft SQL Server\110\Tools\Binn\;C:\Program Files (x86)\Microsoft SDKs\TypeScript\1.0\;C:\Program Files\Microsoft\Web Platform Installer\;C:\Program Files (x86)\Java\jre1.8.0_25\bin;P:\Programs\Python27\Scripts;P:\Programs\Python27;C:\Program Files\Common Files\Autodesk Shared\;P:\Program Files\Programs;P:\Program Files\Games;P:\Programs\Eclipse;
USERNAME=Benoît
OS=Windows_NT
PROCESSOR_IDENTIFIER=Intel64 Family 6 Model 58 Stepping 9, GenuineIntel



---------------  S Y S T E M  ---------------

OS: Windows 8.1 , 64 bit Build 9600 

CPU:total 8 (4 cores per cpu, 2 threads per core) family 6 model 58 stepping 9, cmov, cx8, fxsr, mmx, sse, sse2, sse3, ssse3, sse4.1, sse4.2, popcnt, avx, aes, clmul, erms, ht, tsc, tscinvbit, tscinv

Memory: 4k page, physical 6237468k(1636204k free), swap 10431772k(3863156k free)

vm_info: Java HotSpot(TM) 64-Bit Server VM (25.25-b02) for windows-amd64 JRE (1.8.0_25-b18), built on Oct  7 2014 14:25:37 by "java_re" with MS VC++ 10.0 (VS2010)

time: Thu Apr 23 16:29:12 2015
elapsed time: 13 seconds (0d 0h 0m 13s)

