#
# A fatal error has been detected by the Java Runtime Environment:
#
#  EXCEPTION_ACCESS_VIOLATION (0xc0000005) at pc=0x00000000687e8af4, pid=7036, tid=9708
#
# JRE version: Java(TM) SE Runtime Environment (8.0_25-b18) (build 1.8.0_25-b18)
# Java VM: Java HotSpot(TM) 64-Bit Server VM (25.25-b02 mixed mode windows-amd64 compressed oops)
# Problematic frame:
# C  [atio6axx.dll+0xed8af4]
#
# Failed to write core dump. Minidumps are not enabled by default on client versions of Windows
#
# If you would like to submit a bug report, please visit:
#   http://bugreport.sun.com/bugreport/crash.jsp
# The crash happened outside the Java Virtual Machine in native code.
# See problematic frame for where to report the bug.
#

---------------  T H R E A D  ---------------

Current thread (0x0000000019334000):  JavaThread "Animation Thread" [_thread_in_native, id=9708, stack(0x000000001c3f0000,0x000000001c4f0000)]

siginfo: ExceptionCode=0xc0000005, reading address 0x0000000000000010

Registers:
RAX=0x0000000069089618, RBX=0x0000000020290040, RCX=0x000000001ebc9ff0, RDX=0x0000000000000000
RSP=0x000000001c4ee8c0, RBP=0x0000000000000006, RSI=0x0000000000000000, RDI=0x000000001eafde18
R8 =0x000000001c4ee658, R9 =0x0000000000008000, R10=0x0000000000000000, R11=0x000000001c4ee988
R12=0x0000000000000000, R13=0x000000001f17d0b8, R14=0x000000001c4eea80, R15=0x0000000019334000
RIP=0x00000000687e8af4, EFLAGS=0x0000000000010206

Top of Stack: (sp=0x000000001c4ee8c0)
0x000000001c4ee8c0:   0000000000700000 0000000020290040
0x000000001c4ee8d0:   0000000000000000 0000000000000002
0x000000001c4ee8e0:   0000000019334000 000000001ebce608
0x000000001c4ee8f0:   0000000000000006 00007ffeda083252
0x000000001c4ee900:   0000000000000000 00007ffeda0a20b0
0x000000001c4ee910:   0000000019334000 000000001ebce608
0x000000001c4ee920:   0000000019334000 00007ffeda07d83c
0x000000001c4ee930:   0000000000000000 000000001eafdc70
0x000000001c4ee940:   0000000000000000 0000000000000006
0x000000001c4ee950:   0000000020290040 00007ffedddd6388
0x000000001c4ee960:   0000000000000000 0000000000000000
0x000000001c4ee970:   000000001f17d0b8 000000001eafde18
0x000000001c4ee980:   0000000000000006 00007ffedc7f4116
0x000000001c4ee990:   000000001ebc9ff0 000000001ebce5d8
0x000000001c4ee9a0:   000000001c4ee658 0000000000008000
0x000000001c4ee9b0:   000000001c4eea80 00007ffedc7f1fba 

Instructions: (pc=0x00000000687e8af4)
0x00000000687e8ad4:   89 4b 20 4d 89 43 18 49 89 4b 08 55 57 41 55 41
0x00000000687e8ae4:   56 48 81 ec a8 00 00 00 4c 8b b4 24 f0 00 00 00
0x00000000687e8af4:   48 8b 7a 10 45 8b d1 4d 8b c8 4c 8b ea 4c 8b c1
0x00000000687e8b04:   4d 85 f6 0f 84 62 02 00 00 8b ac 24 f8 00 00 00 


Register to memory mapping:

RAX=0x0000000069089618 is an unknown value
RBX=0x0000000020290040 is an unknown value
RCX=0x000000001ebc9ff0 is an unknown value
RDX=0x0000000000000000 is an unknown value
RSP=0x000000001c4ee8c0 is pointing into the stack for thread: 0x0000000019334000
RBP=0x0000000000000006 is an unknown value
RSI=0x0000000000000000 is an unknown value
RDI=0x000000001eafde18 is an unknown value
R8 =0x000000001c4ee658 is pointing into the stack for thread: 0x0000000019334000
R9 =0x0000000000008000 is an unknown value
R10=0x0000000000000000 is an unknown value
R11=0x000000001c4ee988 is pointing into the stack for thread: 0x0000000019334000
R12=0x0000000000000000 is an unknown value
R13={method} {0x000000001f17d0c0} 'jniStopDevice' '()V' in 'KinectPV2/Device'
R14=0x000000001c4eea80 is pointing into the stack for thread: 0x0000000019334000
R15=0x0000000019334000 is a thread


Stack: [0x000000001c3f0000,0x000000001c4f0000],  sp=0x000000001c4ee8c0,  free space=1018k
Native frames: (J=compiled Java code, j=interpreted, Vv=VM code, C=native code)
C  [atio6axx.dll+0xed8af4]
C  [KinectPV2.dll+0x4116]
C  [KinectPV2.dll+0x1fba]
C  0x0000000002275b74

Java frames: (J=compiled Java code, j=interpreted, Vv=VM code)
j  KinectPV2.Device.jniStopDevice()V+0
j  KinectPV2.Device.stopDevice()V+41
j  KinectPV2.KinectPV2.dispose()V+14
v  ~StubRoutines::call_stub
j  sun.reflect.NativeMethodAccessorImpl.invoke0(Ljava/lang/reflect/Method;Ljava/lang/Object;[Ljava/lang/Object;)Ljava/lang/Object;+0
j  sun.reflect.NativeMethodAccessorImpl.invoke(Ljava/lang/Object;[Ljava/lang/Object;)Ljava/lang/Object;+100
J 1780 C1 sun.reflect.DelegatingMethodAccessorImpl.invoke(Ljava/lang/Object;[Ljava/lang/Object;)Ljava/lang/Object; (10 bytes) @ 0x00000000028c8bc4 [0x00000000028c8ac0+0x104]
J 1779 C1 java.lang.reflect.Method.invoke(Ljava/lang/Object;[Ljava/lang/Object;)Ljava/lang/Object; (62 bytes) @ 0x00000000028bfbe4 [0x00000000028bf800+0x3e4]
j  processing.core.PApplet$RegisteredMethods.handle([Ljava/lang/Object;)V+18
J 1637 C1 processing.core.PApplet.handleMethods(Ljava/lang/String;)V (21 bytes) @ 0x000000000287775c [0x00000000028774a0+0x2bc]
j  processing.core.PApplet.dispose()V+35
j  processing.core.PApplet.run()V+283
j  java.lang.Thread.run()V+11
v  ~StubRoutines::call_stub

---------------  P R O C E S S  ---------------

Java Threads: ( => current thread )
  0x000000001957a800 JavaThread "Animation Thread-SharedResourceRunner" daemon [_thread_blocked, id=5556, stack(0x000000001e6c0000,0x000000001e7c0000)]
  0x000000000215e800 JavaThread "DestroyJavaVM" [_thread_blocked, id=6508, stack(0x0000000001fd0000,0x00000000020d0000)]
  0x0000000019348000 JavaThread "D3D Screen Updater" daemon [_thread_blocked, id=10040, stack(0x000000001c6f0000,0x000000001c7f0000)]
=>0x0000000019334000 JavaThread "Animation Thread" [_thread_in_native, id=9708, stack(0x000000001c3f0000,0x000000001c4f0000)]
  0x000000001927b800 JavaThread "AWT-EventQueue-0" [_thread_blocked, id=6832, stack(0x000000001c1f0000,0x000000001c2f0000)]
  0x0000000019250000 JavaThread "AWT-Windows" daemon [_thread_in_native, id=2548, stack(0x0000000019b60000,0x0000000019c60000)]
  0x000000001924f000 JavaThread "AWT-Shutdown" [_thread_blocked, id=10236, stack(0x0000000019a60000,0x0000000019b60000)]
  0x000000001838e000 JavaThread "Java2D Disposer" daemon [_thread_blocked, id=10200, stack(0x0000000019960000,0x0000000019a60000)]
  0x000000001804b800 JavaThread "Service Thread" daemon [_thread_blocked, id=8680, stack(0x0000000018990000,0x0000000018a90000)]
  0x0000000017fe1000 JavaThread "C1 CompilerThread3" daemon [_thread_blocked, id=6812, stack(0x0000000018890000,0x0000000018990000)]
  0x0000000017fcd000 JavaThread "C2 CompilerThread2" daemon [_thread_blocked, id=5092, stack(0x0000000018790000,0x0000000018890000)]
  0x0000000017fbe800 JavaThread "C2 CompilerThread1" daemon [_thread_blocked, id=1448, stack(0x0000000018690000,0x0000000018790000)]
  0x0000000017fbc800 JavaThread "C2 CompilerThread0" daemon [_thread_blocked, id=6704, stack(0x0000000018590000,0x0000000018690000)]
  0x0000000017fb6000 JavaThread "Attach Listener" daemon [_thread_blocked, id=6756, stack(0x0000000018490000,0x0000000018590000)]
  0x0000000017fb5800 JavaThread "Signal Dispatcher" daemon [_thread_blocked, id=3952, stack(0x0000000018390000,0x0000000018490000)]
  0x0000000002259000 JavaThread "Finalizer" daemon [_thread_blocked, id=8732, stack(0x0000000017e90000,0x0000000017f90000)]
  0x0000000015fac800 JavaThread "Reference Handler" daemon [_thread_blocked, id=4876, stack(0x0000000017d90000,0x0000000017e90000)]

Other Threads:
  0x0000000015fa8800 VMThread [stack: 0x0000000017c90000,0x0000000017d90000] [id=2792]
  0x0000000018055800 WatcherThread [stack: 0x0000000018a90000,0x0000000018b90000] [id=9420]

VM state:not at safepoint (normal execution)

VM Mutex/Monitor currently owned by a thread: None

Heap:
 PSYoungGen      total 338944K, used 40076K [0x00000000e0400000, 0x00000000f6000000, 0x0000000100000000)
  eden space 320512K, 12% used [0x00000000e0400000,0x00000000e2afb300,0x00000000f3d00000)
  from space 18432K, 0% used [0x00000000f3d00000,0x00000000f3d28000,0x00000000f4f00000)
  to   space 17408K, 0% used [0x00000000f4f00000,0x00000000f4f00000,0x00000000f6000000)
 ParOldGen       total 235520K, used 163429K [0x00000000a0c00000, 0x00000000af200000, 0x00000000e0400000)
  object space 235520K, 69% used [0x00000000a0c00000,0x00000000aab99478,0x00000000af200000)
 Metaspace       used 17924K, capacity 18121K, committed 18176K, reserved 1064960K
  class space    used 1717K, capacity 1761K, committed 1792K, reserved 1048576K

Card table byte_map: [0x0000000011620000,0x0000000011920000] byte_map_base: 0x000000001111a000

Marking Bits: (ParMarkBitMap*) 0x000000006ab8d490
 Begin Bits: [0x0000000012320000, 0x0000000013af0000)
 End Bits:   [0x0000000013af0000, 0x00000000152c0000)

Polling page: 0x00000000006f0000

CodeCache: size=245760Kb used=8089Kb max_used=8102Kb free=237670Kb
 bounds [0x0000000002260000, 0x0000000002a60000, 0x0000000011260000]
 total_blobs=3081 nmethods=2210 adapters=785
 compilation: enabled

Compilation events (10 events):
Event: 33.211 Thread 0x0000000017fcd000 2216       4       processing.opengl.PJOGL::viewport (35 bytes)
Event: 33.213 Thread 0x0000000017fcd000 nmethod 2216 0x0000000002a3a3d0 code [0x0000000002a3a560, 0x0000000002a3a808]
Event: 33.216 Thread 0x0000000017fbe800 2217       4       processing.opengl.PJOGL::clearDepth (11 bytes)
Event: 33.220 Thread 0x0000000017fbe800 nmethod 2217 0x0000000002a39b90 code [0x0000000002a39d40, 0x0000000002a3a020]
Event: 34.201 Thread 0x0000000017fe1000 2218       3       java.awt.GraphicsEnvironment::isHeadless (4 bytes)
Event: 34.201 Thread 0x0000000017fe1000 nmethod 2218 0x0000000002a394d0 code [0x0000000002a39660, 0x0000000002a39a28]
Event: 34.201 Thread 0x0000000017fe1000 2219       3       java.awt.GraphicsEnvironment::getHeadlessProperty (24 bytes)
Event: 34.202 Thread 0x0000000017fe1000 nmethod 2219 0x0000000002a2e750 code [0x0000000002a2e8e0, 0x0000000002a2ec48]
Event: 34.487 Thread 0x0000000017fe1000 2220       3       sun.awt.AWTAccessor::getComponentAccessor (18 bytes)
Event: 34.487 Thread 0x0000000017fe1000 nmethod 2220 0x0000000002a38690 code [0x0000000002a38800, 0x0000000002a38a48]

GC Heap History (10 events):
Event: 30.121 GC heap before
{Heap before GC invocations=42 (full 3):
 PSYoungGen      total 340480K, used 314221K [0x00000000e0400000, 0x00000000f6800000, 0x0000000100000000)
  eden space 318464K, 98% used [0x00000000e0400000,0x00000000f36bb538,0x00000000f3b00000)
  from space 22016K, 0% used [0x00000000f5280000,0x00000000f52a0000,0x00000000f6800000)
  to   space 23040K, 0% used [0x00000000f3b00000,0x00000000f3b00000,0x00000000f5180000)
 ParOldGen       total 235520K, used 163349K [0x00000000a0c00000, 0x00000000af200000, 0x00000000e0400000)
  object space 235520K, 69% used [0x00000000a0c00000,0x00000000aab85478,0x00000000af200000)
 Metaspace       used 17922K, capacity 18121K, committed 18176K, reserved 1064960K
  class space    used 1717K, capacity 1761K, committed 1792K, reserved 1048576K
Event: 30.123 GC heap after
Heap after GC invocations=42 (full 3):
 PSYoungGen      total 318976K, used 128K [0x00000000e0400000, 0x00000000f6600000, 0x0000000100000000)
  eden space 318464K, 0% used [0x00000000e0400000,0x00000000e0400000,0x00000000f3b00000)
  from space 512K, 25% used [0x00000000f3b00000,0x00000000f3b20000,0x00000000f3b80000)
  to   space 21504K, 0% used [0x00000000f5100000,0x00000000f5100000,0x00000000f6600000)
 ParOldGen       total 235520K, used 163349K [0x00000000a0c00000, 0x00000000af200000, 0x00000000e0400000)
  object space 235520K, 69% used [0x00000000a0c00000,0x00000000aab85478,0x00000000af200000)
 Metaspace       used 17922K, capacity 18121K, committed 18176K, reserved 1064960K
  class space    used 1717K, capacity 1761K, committed 1792K, reserved 1048576K
}
Event: 31.187 GC heap before
{Heap before GC invocations=43 (full 3):
 PSYoungGen      total 318976K, used 314226K [0x00000000e0400000, 0x00000000f6600000, 0x0000000100000000)
  eden space 318464K, 98% used [0x00000000e0400000,0x00000000f36bc8c0,0x00000000f3b00000)
  from space 512K, 25% used [0x00000000f3b00000,0x00000000f3b20000,0x00000000f3b80000)
  to   space 21504K, 0% used [0x00000000f5100000,0x00000000f5100000,0x00000000f6600000)
 ParOldGen       total 235520K, used 163349K [0x00000000a0c00000, 0x00000000af200000, 0x00000000e0400000)
  object space 235520K, 69% used [0x00000000a0c00000,0x00000000aab85478,0x00000000af200000)
 Metaspace       used 17922K, capacity 18121K, committed 18176K, reserved 1064960K
  class space    used 1717K, capacity 1761K, committed 1792K, reserved 1048576K
Event: 31.189 GC heap after
Heap after GC invocations=43 (full 3):
 PSYoungGen      total 338944K, used 192K [0x00000000e0400000, 0x00000000f6400000, 0x0000000100000000)
  eden space 319488K, 0% used [0x00000000e0400000,0x00000000e0400000,0x00000000f3c00000)
  from space 19456K, 0% used [0x00000000f5100000,0x00000000f5130000,0x00000000f6400000)
  to   space 20480K, 0% used [0x00000000f3c00000,0x00000000f3c00000,0x00000000f5000000)
 ParOldGen       total 235520K, used 163381K [0x00000000a0c00000, 0x00000000af200000, 0x00000000e0400000)
  object space 235520K, 69% used [0x00000000a0c00000,0x00000000aab8d478,0x00000000af200000)
 Metaspace       used 17922K, capacity 18121K, committed 18176K, reserved 1064960K
  class space    used 1717K, capacity 1761K, committed 1792K, reserved 1048576K
}
Event: 32.256 GC heap before
{Heap before GC invocations=44 (full 3):
 PSYoungGen      total 338944K, used 314308K [0x00000000e0400000, 0x00000000f6400000, 0x0000000100000000)
  eden space 319488K, 98% used [0x00000000e0400000,0x00000000f36c1368,0x00000000f3c00000)
  from space 19456K, 0% used [0x00000000f5100000,0x00000000f5130000,0x00000000f6400000)
  to   space 20480K, 0% used [0x00000000f3c00000,0x00000000f3c00000,0x00000000f5000000)
 ParOldGen       total 235520K, used 163381K [0x00000000a0c00000, 0x00000000af200000, 0x00000000e0400000)
  object space 235520K, 69% used [0x00000000a0c00000,0x00000000aab8d478,0x00000000af200000)
 Metaspace       used 17922K, capacity 18121K, committed 18176K, reserved 1064960K
  class space    used 1717K, capacity 1761K, committed 1792K, reserved 1048576K
Event: 32.258 GC heap after
Heap after GC invocations=44 (full 3):
 PSYoungGen      total 339968K, used 160K [0x00000000e0400000, 0x00000000f6300000, 0x0000000100000000)
  eden space 319488K, 0% used [0x00000000e0400000,0x00000000e0400000,0x00000000f3c00000)
  from space 20480K, 0% used [0x00000000f3c00000,0x00000000f3c28000,0x00000000f5000000)
  to   space 19456K, 0% used [0x00000000f5000000,0x00000000f5000000,0x00000000f6300000)
 ParOldGen       total 235520K, used 163389K [0x00000000a0c00000, 0x00000000af200000, 0x00000000e0400000)
  object space 235520K, 69% used [0x00000000a0c00000,0x00000000aab8f478,0x00000000af200000)
 Metaspace       used 17922K, capacity 18121K, committed 18176K, reserved 1064960K
  class space    used 1717K, capacity 1761K, committed 1792K, reserved 1048576K
}
Event: 33.319 GC heap before
{Heap before GC invocations=45 (full 3):
 PSYoungGen      total 339968K, used 314280K [0x00000000e0400000, 0x00000000f6300000, 0x0000000100000000)
  eden space 319488K, 98% used [0x00000000e0400000,0x00000000f36c2220,0x00000000f3c00000)
  from space 20480K, 0% used [0x00000000f3c00000,0x00000000f3c28000,0x00000000f5000000)
  to   space 19456K, 0% used [0x00000000f5000000,0x00000000f5000000,0x00000000f6300000)
 ParOldGen       total 235520K, used 163389K [0x00000000a0c00000, 0x00000000af200000, 0x00000000e0400000)
  object space 235520K, 69% used [0x00000000a0c00000,0x00000000aab8f478,0x00000000af200000)
 Metaspace       used 17922K, capacity 18121K, committed 18176K, reserved 1064960K
  class space    used 1717K, capacity 1761K, committed 1792K, reserved 1048576K
Event: 33.320 GC heap after
Heap after GC invocations=45 (full 3):
 PSYoungGen      total 337920K, used 192K [0x00000000e0400000, 0x00000000f6100000, 0x0000000100000000)
  eden space 320512K, 0% used [0x00000000e0400000,0x00000000e0400000,0x00000000f3d00000)
  from space 17408K, 1% used [0x00000000f5000000,0x00000000f5030000,0x00000000f6100000)
  to   space 18432K, 0% used [0x00000000f3d00000,0x00000000f3d00000,0x00000000f4f00000)
 ParOldGen       total 235520K, used 163389K [0x00000000a0c00000, 0x00000000af200000, 0x00000000e0400000)
  object space 235520K, 69% used [0x00000000a0c00000,0x00000000aab8f478,0x00000000af200000)
 Metaspace       used 17922K, capacity 18121K, committed 18176K, reserved 1064960K
  class space    used 1717K, capacity 1761K, committed 1792K, reserved 1048576K
}
Event: 34.388 GC heap before
{Heap before GC invocations=46 (full 3):
 PSYoungGen      total 337920K, used 314707K [0x00000000e0400000, 0x00000000f6100000, 0x0000000100000000)
  eden space 320512K, 98% used [0x00000000e0400000,0x00000000f3724e60,0x00000000f3d00000)
  from space 17408K, 1% used [0x00000000f5000000,0x00000000f5030000,0x00000000f6100000)
  to   space 18432K, 0% used [0x00000000f3d00000,0x00000000f3d00000,0x00000000f4f00000)
 ParOldGen       total 235520K, used 163389K [0x00000000a0c00000, 0x00000000af200000, 0x00000000e0400000)
  object space 235520K, 69% used [0x00000000a0c00000,0x00000000aab8f478,0x00000000af200000)
 Metaspace       used 17923K, capacity 18121K, committed 18176K, reserved 1064960K
  class space    used 1717K, capacity 1761K, committed 1792K, reserved 1048576K
Event: 34.390 GC heap after
Heap after GC invocations=46 (full 3):
 PSYoungGen      total 338944K, used 160K [0x00000000e0400000, 0x00000000f6000000, 0x0000000100000000)
  eden space 320512K, 0% used [0x00000000e0400000,0x00000000e0400000,0x00000000f3d00000)
  from space 18432K, 0% used [0x00000000f3d00000,0x00000000f3d28000,0x00000000f4f00000)
  to   space 17408K, 0% used [0x00000000f4f00000,0x00000000f4f00000,0x00000000f6000000)
 ParOldGen       total 235520K, used 163429K [0x00000000a0c00000, 0x00000000af200000, 0x00000000e0400000)
  object space 235520K, 69% used [0x00000000a0c00000,0x00000000aab99478,0x00000000af200000)
 Metaspace       used 17923K, capacity 18121K, committed 18176K, reserved 1064960K
  class space    used 1717K, capacity 1761K, committed 1792K, reserved 1048576K
}

Deoptimization events (10 events):
Event: 24.633 Thread 0x000000001927b800 Uncommon trap: reason=speculate_class_check action=maybe_recompile pc=0x0000000002a30ce4 method=com.jogamp.common.nio.Buffers.getDirectBufferByteOffset(Ljava/lang/Object;)I @ 22
Event: 25.067 Thread 0x000000001927b800 Uncommon trap: reason=speculate_class_check action=maybe_recompile pc=0x0000000002a337c8 method=com.jogamp.common.nio.Buffers.getDirectBufferByteOffset(Ljava/lang/Object;)I @ 31
Event: 25.067 Thread 0x000000001927b800 Uncommon trap: reason=speculate_class_check action=maybe_recompile pc=0x0000000002a337c8 method=com.jogamp.common.nio.Buffers.getDirectBufferByteOffset(Ljava/lang/Object;)I @ 31
Event: 25.500 Thread 0x000000001927b800 Uncommon trap: reason=speculate_class_check action=maybe_recompile pc=0x0000000002a362e0 method=com.jogamp.common.nio.Buffers.getDirectBufferByteOffset(Ljava/lang/Object;)I @ 42
Event: 25.517 Thread 0x000000001927b800 Uncommon trap: reason=speculate_class_check action=maybe_recompile pc=0x0000000002a362e0 method=com.jogamp.common.nio.Buffers.getDirectBufferByteOffset(Ljava/lang/Object;)I @ 42
Event: 34.201 Thread 0x000000001927b800 Uncommon trap: reason=speculate_class_check action=maybe_recompile pc=0x0000000002a50650 method=java.awt.EventQueue.coalesceEvent(Ljava/awt/AWTEvent;I)Z @ 53
Event: 34.231 Thread 0x000000001927b800 Uncommon trap: reason=speculate_class_check action=maybe_recompile pc=0x0000000002a50650 method=java.awt.EventQueue.coalesceEvent(Ljava/awt/AWTEvent;I)Z @ 53
Event: 34.248 Thread 0x000000001927b800 Uncommon trap: reason=speculate_class_check action=maybe_recompile pc=0x0000000002a50650 method=java.awt.EventQueue.coalesceEvent(Ljava/awt/AWTEvent;I)Z @ 53
Event: 34.265 Thread 0x000000001927b800 Uncommon trap: reason=speculate_class_check action=maybe_recompile pc=0x0000000002a50650 method=java.awt.EventQueue.coalesceEvent(Ljava/awt/AWTEvent;I)Z @ 53
Event: 34.498 Thread 0x0000000019334000 Uncommon trap: reason=unreached action=reinterpret pc=0x00000000028eaaec method=java.util.HashMap.keySet()Ljava/util/Set; @ 6

Internal exceptions (10 events):
Event: 2.950 Thread 0x000000001927b800 Exception <a 'java/security/PrivilegedActionException'> (0x00000000e3aec530) thrown at [D:\re\workspace\8-2-build-windows-amd64-cygwin\jdk8u25\1677\hotspot\src\share\vm\prims\jvm.cpp, line 1312]
Event: 2.950 Thread 0x000000001927b800 Exception <a 'java/security/PrivilegedActionException'> (0x00000000e3af0938) thrown at [D:\re\workspace\8-2-build-windows-amd64-cygwin\jdk8u25\1677\hotspot\src\share\vm\prims\jvm.cpp, line 1312]
Event: 2.950 Thread 0x000000001927b800 Exception <a 'java/security/PrivilegedActionException'> (0x00000000e3af4d20) thrown at [D:\re\workspace\8-2-build-windows-amd64-cygwin\jdk8u25\1677\hotspot\src\share\vm\prims\jvm.cpp, line 1312]
Event: 2.950 Thread 0x000000001927b800 Exception <a 'java/security/PrivilegedActionException'> (0x00000000e3af8878) thrown at [D:\re\workspace\8-2-build-windows-amd64-cygwin\jdk8u25\1677\hotspot\src\share\vm\prims\jvm.cpp, line 1312]
Event: 2.951 Thread 0x000000001927b800 Exception <a 'java/security/PrivilegedActionException'> (0x00000000e3c202d8) thrown at [D:\re\workspace\8-2-build-windows-amd64-cygwin\jdk8u25\1677\hotspot\src\share\vm\prims\jvm.cpp, line 1312]
Event: 2.951 Thread 0x000000001927b800 Exception <a 'java/security/PrivilegedActionException'> (0x00000000e3c23a10) thrown at [D:\re\workspace\8-2-build-windows-amd64-cygwin\jdk8u25\1677\hotspot\src\share\vm\prims\jvm.cpp, line 1312]
Event: 2.951 Thread 0x000000001927b800 Exception <a 'java/security/PrivilegedActionException'> (0x00000000e3c27958) thrown at [D:\re\workspace\8-2-build-windows-amd64-cygwin\jdk8u25\1677\hotspot\src\share\vm\prims\jvm.cpp, line 1312]
Event: 2.952 Thread 0x000000001927b800 Exception <a 'java/security/PrivilegedActionException'> (0x00000000e3c2d868) thrown at [D:\re\workspace\8-2-build-windows-amd64-cygwin\jdk8u25\1677\hotspot\src\share\vm\prims\jvm.cpp, line 1312]
Event: 2.965 Thread 0x000000001927b800 Exception <a 'java/security/PrivilegedActionException'> (0x00000000e3d08e78) thrown at [D:\re\workspace\8-2-build-windows-amd64-cygwin\jdk8u25\1677\hotspot\src\share\vm\prims\jvm.cpp, line 1312]
Event: 34.498 Thread 0x0000000019334000 Implicit null exception at 0x00000000028ea827 to 0x00000000028eaadd

Events (10 events):
Event: 34.248 Thread 0x000000001927b800 DEOPT UNPACKING pc=0x00000000022a556a sp=0x000000001c2eebc0 mode 2
Event: 34.265 Thread 0x000000001927b800 Uncommon trap: trap_request=0xffffff76 fr.pc=0x0000000002a50650
Event: 34.265 Thread 0x000000001927b800 DEOPT PACKING pc=0x0000000002a50650 sp=0x000000001c2eed50
Event: 34.265 Thread 0x000000001927b800 DEOPT UNPACKING pc=0x00000000022a556a sp=0x000000001c2eebc0 mode 2
Event: 34.388 Executing VM operation: ParallelGCFailedAllocation
Event: 34.390 Executing VM operation: ParallelGCFailedAllocation done
Event: 34.498 Thread 0x0000000019334000 Uncommon trap: trap_request=0xffffffad fr.pc=0x00000000028eaaec
Event: 34.498 Thread 0x0000000019334000 DEOPT PACKING pc=0x00000000028eaaec sp=0x000000001c4ef2f0
Event: 34.498 Thread 0x0000000019334000 DEOPT UNPACKING pc=0x00000000022a556a sp=0x000000001c4ef248 mode 2
Event: 34.500 Thread 0x000000001d757000 Thread exited: 0x000000001d757000


Dynamic libraries:
0x00007ff745f80000 - 0x00007ff745fb4000 	C:\Program Files\Java\jre1.8.0_25\bin\javaw.exe
0x00007ffee8210000 - 0x00007ffee83bc000 	C:\WINDOWS\SYSTEM32\ntdll.dll
0x00007ffee60e0000 - 0x00007ffee621e000 	C:\WINDOWS\system32\KERNEL32.DLL
0x00007ffee54e0000 - 0x00007ffee55f5000 	C:\WINDOWS\system32\KERNELBASE.dll
0x00007ffee3ee0000 - 0x00007ffee3f6e000 	C:\WINDOWS\system32\apphelp.dll
0x00007ffecebf0000 - 0x00007ffecec43000 	C:\WINDOWS\AppPatch\AppPatch64\AcGenral.DLL
0x00007ffee6010000 - 0x00007ffee60ba000 	C:\WINDOWS\system32\msvcrt.dll
0x00007ffee5190000 - 0x00007ffee51be000 	C:\WINDOWS\SYSTEM32\SspiCli.dll
0x00007ffee5fb0000 - 0x00007ffee6004000 	C:\WINDOWS\system32\SHLWAPI.dll
0x00007ffee7fd0000 - 0x00007ffee8147000 	C:\WINDOWS\system32\USER32.dll
0x00007ffee5bc0000 - 0x00007ffee5d54000 	C:\WINDOWS\system32\ole32.dll
0x00007ffee66a0000 - 0x00007ffee7bb8000 	C:\WINDOWS\system32\SHELL32.dll
0x00007ffee48f0000 - 0x00007ffee4911000 	C:\WINDOWS\SYSTEM32\USERENV.dll
0x00007ffee5e20000 - 0x00007ffee5eca000 	C:\WINDOWS\system32\ADVAPI32.dll
0x00007ffed7630000 - 0x00007ffed764e000 	C:\WINDOWS\SYSTEM32\MPR.dll
0x00007ffee63f0000 - 0x00007ffee6531000 	C:\WINDOWS\system32\RPCRT4.dll
0x00007ffee5ed0000 - 0x00007ffee5f29000 	C:\WINDOWS\SYSTEM32\sechost.dll
0x00007ffee7db0000 - 0x00007ffee7fc1000 	C:\WINDOWS\SYSTEM32\combase.dll
0x00007ffee6540000 - 0x00007ffee6691000 	C:\WINDOWS\system32\GDI32.dll
0x00007ffee5360000 - 0x00007ffee5375000 	C:\WINDOWS\SYSTEM32\profapi.dll
0x00007ffee3700000 - 0x00007ffee37b2000 	C:\WINDOWS\SYSTEM32\SHCORE.dll
0x00007ffee5a40000 - 0x00007ffee5a76000 	C:\WINDOWS\system32\IMM32.DLL
0x00007ffee6220000 - 0x00007ffee6372000 	C:\WINDOWS\system32\MSCTF.dll
0x00007ffee2a70000 - 0x00007ffee2ceb000 	C:\WINDOWS\WinSxS\amd64_microsoft.windows.common-controls_6595b64144ccf1df_6.0.9600.17415_none_6240486fecbd8abb\COMCTL32.dll
0x00000000696c0000 - 0x0000000069792000 	C:\Program Files\Java\jre1.8.0_25\bin\msvcr100.dll
0x000000006a3b0000 - 0x000000006ac0a000 	C:\Program Files\Java\jre1.8.0_25\bin\server\jvm.dll
0x00007ffecd2f0000 - 0x00007ffecd2f9000 	C:\WINDOWS\SYSTEM32\WSOCK32.dll
0x00007ffed77f0000 - 0x00007ffed7812000 	C:\WINDOWS\SYSTEM32\WINMM.dll
0x00007ffee7da0000 - 0x00007ffee7da7000 	C:\WINDOWS\system32\PSAPI.DLL
0x00007ffee5a80000 - 0x00007ffee5ada000 	C:\WINDOWS\system32\WS2_32.dll
0x00007ffed75d0000 - 0x00007ffed75fa000 	C:\WINDOWS\SYSTEM32\WINMMBASE.dll
0x00007ffee60d0000 - 0x00007ffee60d9000 	C:\WINDOWS\system32\NSI.dll
0x00007ffee5840000 - 0x00007ffee588f000 	C:\WINDOWS\SYSTEM32\cfgmgr32.dll
0x00007ffee4150000 - 0x00007ffee4178000 	C:\WINDOWS\SYSTEM32\DEVOBJ.dll
0x000000006b5e0000 - 0x000000006b5ef000 	C:\Program Files\Java\jre1.8.0_25\bin\verify.dll
0x000000006b5b0000 - 0x000000006b5d8000 	C:\Program Files\Java\jre1.8.0_25\bin\java.dll
0x000000006b590000 - 0x000000006b5a6000 	C:\Program Files\Java\jre1.8.0_25\bin\zip.dll
0x0000000069520000 - 0x00000000696b8000 	C:\Program Files\Java\jre1.8.0_25\bin\awt.dll
0x00007ffee5ae0000 - 0x00007ffee5ba1000 	C:\WINDOWS\system32\OLEAUT32.dll
0x00007ffee3500000 - 0x00007ffee3521000 	C:\WINDOWS\system32\DWMAPI.DLL
0x00007ffee3fd0000 - 0x00007ffee40f9000 	C:\WINDOWS\system32\uxtheme.dll
0x00007ffee41a0000 - 0x00007ffee41ab000 	C:\WINDOWS\SYSTEM32\kernel.appcore.dll
0x00007ffee5230000 - 0x00007ffee523b000 	C:\WINDOWS\SYSTEM32\CRYPTBASE.dll
0x00007ffee51c0000 - 0x00007ffee5223000 	C:\WINDOWS\SYSTEM32\bcryptPrimitives.dll
0x00007ffedaca0000 - 0x00007ffedaec1000 	C:\WINDOWS\system32\d3d9.dll
0x00007ffee3010000 - 0x00007ffee301a000 	C:\WINDOWS\SYSTEM32\VERSION.dll
0x00007ffee2870000 - 0x00007ffee29bb000 	C:\WINDOWS\SYSTEM32\aticfx64.dll
0x00007ffec0180000 - 0x00007ffec01a1000 	C:\WINDOWS\SYSTEM32\atiu9p64.dll
0x00007ffebed60000 - 0x00007ffebf545000 	C:\WINDOWS\SYSTEM32\atiumd64.dll
0x000000006acf0000 - 0x000000006b4a7000 	C:\WINDOWS\SYSTEM32\atiumd6a.dll
0x00000000694d0000 - 0x0000000069517000 	C:\Program Files\Java\jre1.8.0_25\bin\fontmanager.dll
0x00007ffee4d60000 - 0x00007ffee4d80000 	C:\WINDOWS\SYSTEM32\CRYPTSP.dll
0x00007ffee47e0000 - 0x00007ffee4816000 	C:\WINDOWS\system32\rsaenh.dll
0x00007ffee4e80000 - 0x00007ffee4ea6000 	C:\WINDOWS\SYSTEM32\bcrypt.dll
0x000000006b570000 - 0x000000006b58a000 	C:\Program Files\Java\jre1.8.0_25\bin\net.dll
0x00007ffee4b20000 - 0x00007ffee4b79000 	C:\WINDOWS\system32\mswsock.dll
0x00007ffee1080000 - 0x00007ffee10aa000 	C:\WINDOWS\SYSTEM32\IPHLPAPI.DLL
0x00007ffee2670000 - 0x00007ffee267a000 	C:\WINDOWS\SYSTEM32\WINNSI.DLL
0x00007ffee0160000 - 0x00007ffee0176000 	C:\WINDOWS\SYSTEM32\dhcpcsvc6.DLL
0x00007ffee02b0000 - 0x00007ffee02ca000 	C:\WINDOWS\SYSTEM32\dhcpcsvc.DLL
0x000000006a390000 - 0x000000006a3a1000 	C:\Program Files\Java\jre1.8.0_25\bin\nio.dll
0x00000000637c0000 - 0x00000000637cd000 	S:\Users\Ben\AppData\Local\Temp\jogamp_0000\file_cache\jln838172633936934116\jln2160873425008672318\gluegen-rt.dll
0x00000000694c0000 - 0x00000000694c7000 	C:\Program Files\Java\jre1.8.0_25\bin\jawt.dll
0x0000000019d60000 - 0x0000000019d6d000 	S:\Users\Ben\AppData\Local\Temp\jogamp_0000\file_cache\jln838172633936934116\jln2160873425008672318\nativewindow_awt.dll
0x000000006c100000 - 0x000000006c10f000 	S:\Users\Ben\AppData\Local\Temp\jogamp_0000\file_cache\jln838172633936934116\jln2160873425008672318\nativewindow_win32.dll
0x00007ffeda9f0000 - 0x00007ffedab1b000 	C:\WINDOWS\SYSTEM32\OpenGL32.dll
0x00007ffedc550000 - 0x00007ffedc57e000 	C:\WINDOWS\SYSTEM32\GLU32.dll
0x00007ffecf530000 - 0x00007ffecf628000 	C:\WINDOWS\SYSTEM32\DDRAW.dll
0x00007ffee0d60000 - 0x00007ffee0d69000 	C:\WINDOWS\SYSTEM32\DCIMAN32.dll
0x0000000064500000 - 0x00000000645a2000 	S:\Users\Ben\AppData\Local\Temp\jogamp_0000\file_cache\jln838172633936934116\jln2160873425008672318\jogl_desktop.dll
0x00007ffedc8d0000 - 0x00007ffedc8e8000 	C:\WINDOWS\SYSTEM32\atig6pxx.dll
0x0000000067910000 - 0x00000000694bf000 	C:\WINDOWS\SYSTEM32\atio6axx.dll
0x00007ffee7bc0000 - 0x00007ffee7d9a000 	C:\WINDOWS\system32\SETUPAPI.dll
0x00007ffee10e0000 - 0x00007ffee1217000 	C:\WINDOWS\SYSTEM32\atiadlxx.dll
0x00007ffee16b0000 - 0x00007ffee182f000 	C:\WINDOWS\SYSTEM32\PROPSYS.dll
0x00007ffee3f70000 - 0x00007ffee3f82000 	C:\WINDOWS\SYSTEM32\WTSAPI32.dll
0x00007ffee57e0000 - 0x00007ffee5831000 	C:\WINDOWS\system32\WINTRUST.dll
0x00007ffee5600000 - 0x00007ffee57df000 	C:\WINDOWS\system32\CRYPT32.dll
0x00007ffee5410000 - 0x00007ffee5421000 	C:\WINDOWS\system32\MSASN1.dll
0x00007ffeda9c0000 - 0x00007ffeda9e9000 	C:\WINDOWS\SYSTEM32\atig6txx.dll
0x00007ffecea00000 - 0x00007ffeceb9c000 	O:\OneDrive\Workspace\ZZavatar\lib\user\KinectPV2\Kinect20.Face.dll
0x00007ffed76f0000 - 0x00007ffed7797000 	C:\WINDOWS\SYSTEM32\MSVCP110.dll
0x00007ffeddd70000 - 0x00007ffedde3e000 	C:\WINDOWS\SYSTEM32\MSVCR110.dll
0x00007ffedc7f0000 - 0x00007ffedc800000 	O:\OneDrive\Workspace\ZZavatar\lib\user\KinectPV2\KinectPV2.dll
0x00007ffeda070000 - 0x00007ffeda12a000 	C:\WINDOWS\SYSTEM32\Kinect20.dll
0x00007ffed7820000 - 0x00007ffed790b000 	C:\WINDOWS\SYSTEM32\MFPlat.DLL
0x00007ffed7650000 - 0x00007ffed7677000 	C:\WINDOWS\SYSTEM32\RTWorkQ.DLL
0x00007ffee3130000 - 0x00007ffee313c000 	C:\WINDOWS\SYSTEM32\AVRT.dll
0x00007ffebeae0000 - 0x00007ffebec6a000 	C:\WINDOWS\SYSTEM32\dbghelp.dll

VM Arguments:
jvm_args: -Djava.library.path=O:\OneDrive\Workspace\ZZavatar\lib\base\video;O:\OneDrive\Workspace\ZZavatar\lib\base\video;O:\OneDrive\Workspace\ZZavatar\lib\base\video;O:\OneDrive\Workspace\ZZavatar\lib\base\core;O:\OneDrive\Workspace\ZZavatar\lib\base\core;O:\OneDrive\Workspace\ZZavatar\lib\base\core;O:\OneDrive\Workspace\ZZavatar\lib\base\core;O:\OneDrive\Workspace\ZZavatar\lib\base\core;O:\OneDrive\Workspace\ZZavatar\lib\base\core;O:\OneDrive\Workspace\ZZavatar\lib\base\core;O:\OneDrive\Workspace\ZZavatar\lib\base\core;O:\OneDrive\Workspace\ZZavatar\lib\base\core;O:\OneDrive\Workspace\ZZavatar\lib\base\core;O:\OneDrive\Workspace\ZZavatar\lib\base\core;O:\OneDrive\Workspace\ZZavatar\lib\base\core;O:\OneDrive\Workspace\ZZavatar\lib\base\core;O:\OneDrive\Workspace\ZZavatar\lib\base\core;O:\OneDrive\Workspace\ZZavatar\lib\base\core;O:\OneDrive\Workspace\ZZavatar\lib\user\Kinect4WinSDK;O:\OneDrive\Workspace\ZZavatar\lib\user\KinectPV2;O:\OneDrive\Workspace\ZZavatar\lib\user\SimpleOpenNI -Dfile.encoding=Cp1252 
java_command: zzavatar.ZZavatar
java_class_path (initial): O:\OneDrive\Workspace\ZZavatar\lib\base\video\gstreamer-java.jar;O:\OneDrive\Workspace\ZZavatar\lib\base\video\jna.jar;O:\OneDrive\Workspace\ZZavatar\lib\base\video\video.jar;O:\OneDrive\Workspace\ZZavatar\lib\base\core\core.jar;O:\OneDrive\Workspace\ZZavatar\lib\base\core\gluegen-rt-natives-linux-amd64.jar;O:\OneDrive\Workspace\ZZavatar\lib\base\core\gluegen-rt-natives-linux-armv6hf.jar;O:\OneDrive\Workspace\ZZavatar\lib\base\core\gluegen-rt-natives-linux-i586.jar;O:\OneDrive\Workspace\ZZavatar\lib\base\core\gluegen-rt-natives-macosx-universal.jar;O:\OneDrive\Workspace\ZZavatar\lib\base\core\gluegen-rt-natives-windows-amd64.jar;O:\OneDrive\Workspace\ZZavatar\lib\base\core\gluegen-rt-natives-windows-i586.jar;O:\OneDrive\Workspace\ZZavatar\lib\base\core\gluegen-rt.jar;O:\OneDrive\Workspace\ZZavatar\lib\base\core\jogl-all-natives-linux-amd64.jar;O:\OneDrive\Workspace\ZZavatar\lib\base\core\jogl-all-natives-linux-armv6hf.jar;O:\OneDrive\Workspace\ZZavatar\lib\base\core\jogl-all-natives-linux-i586.jar;O:\OneDrive\Workspace\ZZavatar\lib\base\core\jogl-all-natives-macosx-universal.jar;O:\OneDrive\Workspace\ZZavatar\lib\base\core\jogl-all-natives-windows-amd64.jar;O:\OneDrive\Workspace\ZZavatar\lib\base\core\jogl-all-natives-windows-i586.jar;O:\OneDrive\Workspace\ZZavatar\lib\base\core\jogl-all.jar;O:\OneDrive\Workspace\ZZavatar\lib\user\Kinect4WinSDK\Kinect4WinSDK.jar;O:\OneDrive\Workspace\ZZavatar\lib\user\KinectPV2\KinectPV2.jar;O:\OneDrive\Workspace\ZZavatar\lib\user\SimpleOpenNI\SimpleOpenNI.jar;O:\OneDrive\Workspace\ZZavatar\bin
Launcher Type: SUN_STANDARD

Environment Variables:
JAVA_HOME=C:\Program Files\Java\jdk1.8.0_25
PATH=C:/Program Files/Java/jre1.8.0_25/bin/server;C:/Program Files/Java/jre1.8.0_25/bin;C:/Program Files/Java/jre1.8.0_25/lib/amd64;C:\Program Files (x86)\NVIDIA Corporation\PhysX\Common;C:\ProgramData\Oracle\Java\javapath;C:\Program Files (x86)\Common Files\Intel\Shared Libraries\redist\intel64\compiler;C:\Program Files (x86)\Common Files\Intel\Shared Libraries\redist\ia32\compiler;C:\Program Files (x86)\Intel\iCLS Client\;C:\Program Files\Intel\iCLS Client\;C:\Program Files (x86)\AMD APP\bin\x86_64;C:\Program Files (x86)\AMD APP\bin\x86;C:\WINDOWS\system32;C:\WINDOWS;C:\WINDOWS\System32\Wbem;C:\WINDOWS\System32\WindowsPowerShell\v1.0\;C:\Program Files (x86)\ATI Technologies\ATI.ACE\Core-Static;C:\Program Files\Intel\Intel(R) Management Engine Components\DAL;C:\Program Files\Intel\Intel(R) Management Engine Components\IPT;C:\Program Files (x86)\Intel\Intel(R) Management Engine Components\DAL;C:\Program Files (x86)\Intel\Intel(R) Management Engine Components\IPT;C:\Program Files\Sony\VAIO Improvement\;C:\Program Files (x86)\Sony\VAIO Startup Setting Tool;C:\Program Files (x86)\Windows Kits\8.1\Windows Performance Toolkit\;C:\Program Files\Microsoft SQL Server\110\Tools\Binn\;C:\Program Files (x86)\Microsoft SDKs\TypeScript\1.0\;C:\Program Files\Microsoft\Web Platform Installer\;C:\Program Files (x86)\Java\jre1.8.0_25\bin;P:\Programs\Python27\Scripts;P:\Programs\Python27;C:\Program Files\Common Files\Autodesk Shared\;P:\Program Files\Programs;P:\Program Files\Games;P:\Programs\Eclipse;
USERNAME=Benoît
OS=Windows_NT
PROCESSOR_IDENTIFIER=Intel64 Family 6 Model 58 Stepping 9, GenuineIntel



---------------  S Y S T E M  ---------------

OS: Windows 8.1 , 64 bit Build 9600 

CPU:total 8 (4 cores per cpu, 2 threads per core) family 6 model 58 stepping 9, cmov, cx8, fxsr, mmx, sse, sse2, sse3, ssse3, sse4.1, sse4.2, popcnt, avx, aes, clmul, erms, ht, tsc, tscinvbit, tscinv

Memory: 4k page, physical 6237468k(1220536k free), swap 10431772k(2698288k free)

vm_info: Java HotSpot(TM) 64-Bit Server VM (25.25-b02) for windows-amd64 JRE (1.8.0_25-b18), built on Oct  7 2014 14:25:37 by "java_re" with MS VC++ 10.0 (VS2010)

time: Thu Apr 23 19:13:21 2015
elapsed time: 34 seconds (0d 0h 0m 34s)

