#
# A fatal error has been detected by the Java Runtime Environment:
#
#  EXCEPTION_ACCESS_VIOLATION (0xc0000005) at pc=0x00007ff980284110, pid=7836, tid=8656
#
# JRE version: Java(TM) SE Runtime Environment (8.0_25-b18) (build 1.8.0_25-b18)
# Java VM: Java HotSpot(TM) 64-Bit Server VM (25.25-b02 mixed mode windows-amd64 compressed oops)
# Problematic frame:
# C  [KinectPV2.dll+0x4110]
#
# Failed to write core dump. Minidumps are not enabled by default on client versions of Windows
#
# If you would like to submit a bug report, please visit:
#   http://bugreport.sun.com/bugreport/crash.jsp
# The crash happened outside the Java Virtual Machine in native code.
# See problematic frame for where to report the bug.
#

---------------  T H R E A D  ---------------

Current thread (0x0000000019101000):  JavaThread "Animation Thread" [_thread_in_native, id=8656, stack(0x000000001c1c0000,0x000000001c2c0000)]

siginfo: ExceptionCode=0xc0000005, reading address 0x0000003400000000

Registers:
RAX=0x0000000000000001, RBX=0x000000002e0ed040, RCX=0x0000003400000000, RDX=0x0000000000000000
RSP=0x000000001c2be910, RBP=0x0000000000000006, RSI=0x0000000000000000, RDI=0x000000001efa2e98
R8 =0x000000001c2be5d8, R9 =0x0000000000008000, R10=0x0000000000000000, R11=0x000000001c2be810
R12=0x0000000000000000, R13=0x000000001f47e1a8, R14=0x0000000000000000, R15=0x0000000019101000
RIP=0x00007ff980284110, EFLAGS=0x0000000000010206

Top of Stack: (sp=0x000000001c2be910)
0x000000001c2be910:   000000001efa2e68 000000001f87da88
0x000000001c2be920:   000000001efa2e68 0000000000000000
0x000000001c2be930:   000000001c2bea00 00007ff980281fba
0x000000001c2be940:   000000001c2bea00 000000001c2be9e0
0x000000001c2be950:   00000000191011e8 00000000190a9d10
0x000000001c2be960:   00000000a38fac98 0000000002135b74
0x000000001c2be970:   000000001f47e1a8 00000000a38fac78
0x000000001c2be980:   00000000a38fac78 0000000019101000
0x000000001c2be990:   000000001c2bea58 00000000021358a2
0x000000001c2be9a0:   000000001c2be9a0 000000001f47e1a8
0x000000001c2be9b0:   000000001c2bea00 000000001f47f138
0x000000001c2be9c0:   0000000000000000 000000001f47e1a8
0x000000001c2be9d0:   0000000000000000 000000001c2bea00
0x000000001c2be9e0:   000000001c2bea48 0000000002127a2d
0x000000001c2be9f0:   0000000000000000 000000000212f6b8
0x000000001c2bea00:   00000000a38a8c88 000000001c2bea08 

Instructions: (pc=0x00007ff980284110)
0x00007ff9802840f0:   89 77 d0 48 8b 0f 48 85 c9 74 09 48 8b 01 ff 50
0x00007ff980284100:   10 4c 89 37 48 8b 8f 90 00 00 00 48 85 c9 74 0d
0x00007ff980284110:   48 8b 01 ff 50 10 4c 89 b7 90 00 00 00 48 8b 4f
0x00007ff980284120:   30 48 85 c9 74 0a 48 8b 01 ff 50 10 4c 89 77 30 


Register to memory mapping:

RAX=0x0000000000000001 is an unknown value
RBX=0x000000002e0ed040 is an unknown value
RCX=0x0000003400000000 is an unknown value
RDX=0x0000000000000000 is an unknown value
RSP=0x000000001c2be910 is pointing into the stack for thread: 0x0000000019101000
RBP=0x0000000000000006 is an unknown value
RSI=0x0000000000000000 is an unknown value
RDI=0x000000001efa2e98 is an unknown value
R8 =0x000000001c2be5d8 is pointing into the stack for thread: 0x0000000019101000
R9 =0x0000000000008000 is an unknown value
R10=0x0000000000000000 is an unknown value
R11=0x000000001c2be810 is pointing into the stack for thread: 0x0000000019101000
R12=0x0000000000000000 is an unknown value
R13={method} {0x000000001f47e1b0} 'jniStopDevice' '()V' in 'KinectPV2/Device'
R14=0x0000000000000000 is an unknown value
R15=0x0000000019101000 is a thread


Stack: [0x000000001c1c0000,0x000000001c2c0000],  sp=0x000000001c2be910,  free space=1018k
Native frames: (J=compiled Java code, j=interpreted, Vv=VM code, C=native code)
C  [KinectPV2.dll+0x4110]
C  [KinectPV2.dll+0x1fba]
C  0x0000000002135b74

Java frames: (J=compiled Java code, j=interpreted, Vv=VM code)
j  KinectPV2.Device.jniStopDevice()V+0
j  KinectPV2.Device.stopDevice()V+41
j  KinectPV2.KinectPV2.dispose()V+14
v  ~StubRoutines::call_stub
j  sun.reflect.NativeMethodAccessorImpl.invoke0(Ljava/lang/reflect/Method;Ljava/lang/Object;[Ljava/lang/Object;)Ljava/lang/Object;+0
j  sun.reflect.NativeMethodAccessorImpl.invoke(Ljava/lang/Object;[Ljava/lang/Object;)Ljava/lang/Object;+100
J 2076 C1 sun.reflect.DelegatingMethodAccessorImpl.invoke(Ljava/lang/Object;[Ljava/lang/Object;)Ljava/lang/Object; (10 bytes) @ 0x00000000028d63c4 [0x00000000028d62c0+0x104]
J 2075 C1 java.lang.reflect.Method.invoke(Ljava/lang/Object;[Ljava/lang/Object;)Ljava/lang/Object; (62 bytes) @ 0x00000000028d5de4 [0x00000000028d5a00+0x3e4]
j  processing.core.PApplet$RegisteredMethods.handle([Ljava/lang/Object;)V+18
J 1884 C1 processing.core.PApplet.handleMethods(Ljava/lang/String;)V (21 bytes) @ 0x0000000002825b1c [0x0000000002825860+0x2bc]
j  processing.core.PApplet.dispose()V+35
j  processing.core.PApplet.run()V+283
j  java.lang.Thread.run()V+11
v  ~StubRoutines::call_stub

---------------  P R O C E S S  ---------------

Java Threads: ( => current thread )
  0x000000001d4e8800 JavaThread "Animation Thread-SharedResourceRunner" daemon [_thread_blocked, id=7560, stack(0x000000001e490000,0x000000001e590000)]
  0x000000000201e800 JavaThread "DestroyJavaVM" [_thread_blocked, id=7124, stack(0x0000000001ed0000,0x0000000001fd0000)]
  0x0000000019106800 JavaThread "D3D Screen Updater" daemon [_thread_blocked, id=7040, stack(0x000000001c4c0000,0x000000001c5c0000)]
=>0x0000000019101000 JavaThread "Animation Thread" [_thread_in_native, id=8656, stack(0x000000001c1c0000,0x000000001c2c0000)]
  0x00000000190a0800 JavaThread "AWT-EventQueue-0" [_thread_blocked, id=8096, stack(0x000000001bfc0000,0x000000001c0c0000)]
  0x000000001906a000 JavaThread "AWT-Windows" daemon [_thread_in_native, id=9120, stack(0x0000000019980000,0x0000000019a80000)]
  0x0000000019069000 JavaThread "AWT-Shutdown" [_thread_blocked, id=7668, stack(0x0000000019880000,0x0000000019980000)]
  0x0000000019068800 JavaThread "Java2D Disposer" daemon [_thread_blocked, id=8808, stack(0x0000000019780000,0x0000000019880000)]
  0x0000000017f06000 JavaThread "Service Thread" daemon [_thread_blocked, id=4996, stack(0x0000000018850000,0x0000000018950000)]
  0x0000000017e86800 JavaThread "C1 CompilerThread3" daemon [_thread_blocked, id=7604, stack(0x0000000018750000,0x0000000018850000)]
  0x0000000017e86000 JavaThread "C2 CompilerThread2" daemon [_thread_blocked, id=4352, stack(0x0000000018650000,0x0000000018750000)]
  0x0000000017e7d800 JavaThread "C2 CompilerThread1" daemon [_thread_blocked, id=8440, stack(0x0000000018550000,0x0000000018650000)]
  0x0000000017e78800 JavaThread "C2 CompilerThread0" daemon [_thread_blocked, id=8536, stack(0x0000000018450000,0x0000000018550000)]
  0x0000000017e76000 JavaThread "Attach Listener" daemon [_thread_blocked, id=8836, stack(0x0000000018350000,0x0000000018450000)]
  0x0000000017e75000 JavaThread "Signal Dispatcher" daemon [_thread_blocked, id=8812, stack(0x0000000018250000,0x0000000018350000)]
  0x0000000002118800 JavaThread "Finalizer" daemon [_thread_blocked, id=4368, stack(0x0000000017d50000,0x0000000017e50000)]
  0x0000000015e6c800 JavaThread "Reference Handler" daemon [_thread_blocked, id=4192, stack(0x0000000017c50000,0x0000000017d50000)]

Other Threads:
  0x0000000015e68800 VMThread [stack: 0x0000000017b50000,0x0000000017c50000] [id=1940]
  0x0000000017f0a000 WatcherThread [stack: 0x0000000018950000,0x0000000018a50000] [id=7748]

VM state:not at safepoint (normal execution)

VM Mutex/Monitor currently owned by a thread: None

Heap:
 PSYoungGen      total 368128K, used 89295K [0x00000000e0400000, 0x00000000f7880000, 0x0000000100000000)
  eden space 355840K, 25% used [0x00000000e0400000,0x00000000e5b0bcf8,0x00000000f5f80000)
  from space 12288K, 1% used [0x00000000f5f80000,0x00000000f5fa8000,0x00000000f6b80000)
  to   space 11776K, 0% used [0x00000000f6d00000,0x00000000f6d00000,0x00000000f7880000)
 ParOldGen       total 228864K, used 155483K [0x00000000a0c00000, 0x00000000aeb80000, 0x00000000e0400000)
  object space 228864K, 67% used [0x00000000a0c00000,0x00000000aa3d6f90,0x00000000aeb80000)
 Metaspace       used 18022K, capacity 18185K, committed 18432K, reserved 1067008K
  class space    used 1723K, capacity 1761K, committed 1792K, reserved 1048576K

Card table byte_map: [0x00000000114e0000,0x00000000117e0000] byte_map_base: 0x0000000010fda000

Marking Bits: (ParMarkBitMap*) 0x00000000772bd490
 Begin Bits: [0x00000000121e0000, 0x00000000139b0000)
 End Bits:   [0x00000000139b0000, 0x0000000015180000)

Polling page: 0x0000000000700000

CodeCache: size=245760Kb used=7837Kb max_used=9047Kb free=237923Kb
 bounds [0x0000000002120000, 0x0000000002a00000, 0x0000000011120000]
 total_blobs=2993 nmethods=2122 adapters=785
 compilation: enabled

Compilation events (10 events):
Event: 25.840 Thread 0x0000000017e86800 2428       3       processing.opengl.PGraphicsOpenGL::noLights (10 bytes)
Event: 25.840 Thread 0x0000000017e86800 nmethod 2428 0x00000000023c42d0 code [0x00000000023c4440, 0x00000000023c4788]
Event: 25.840 Thread 0x0000000017e86800 2429       3       processing.opengl.PGraphicsOpenGL::disableLighting (17 bytes)
Event: 25.840 Thread 0x0000000017e86800 nmethod 2429 0x00000000025eb7d0 code [0x00000000025eb940, 0x00000000025ebba8]
Event: 25.840 Thread 0x0000000017e86800 2430       3       processing.opengl.PJOGL::frontFace (11 bytes)
Event: 25.841 Thread 0x0000000017e86800 nmethod 2430 0x0000000002675290 code [0x0000000002675400, 0x0000000002675628]
Event: 25.841 Thread 0x0000000017e86800 2431       3       jogamp.opengl.gl4.GL4bcImpl::glFrontFace (50 bytes)
Event: 25.841 Thread 0x0000000017e86800 nmethod 2431 0x000000000232de50 code [0x000000000232e0a0, 0x000000000232ef68]
Event: 26.065 Thread 0x0000000017e7d800 2433       4       java.nio.CharBuffer::arrayOffset (35 bytes)
Event: 26.065 Thread 0x0000000017e7d800 nmethod 2433 0x000000000232db90 code [0x000000000232dcc0, 0x000000000232dd58]

GC Heap History (10 events):
Event: 24.391 GC heap before
{Heap before GC invocations=60 (full 3):
 PSYoungGen      total 366080K, used 360004K [0x00000000e0400000, 0x00000000f7b00000, 0x0000000100000000)
  eden space 351744K, 100% used [0x00000000e0400000,0x00000000f5b80000,0x00000000f5b80000)
  from space 14336K, 57% used [0x00000000f6a80000,0x00000000f7291010,0x00000000f7880000)
  to   space 15360K, 0% used [0x00000000f5b80000,0x00000000f5b80000,0x00000000f6a80000)
 ParOldGen       total 228864K, used 155483K [0x00000000a0c00000, 0x00000000aeb80000, 0x00000000e0400000)
  object space 228864K, 67% used [0x00000000a0c00000,0x00000000aa3d6f90,0x00000000aeb80000)
 Metaspace       used 17984K, capacity 18185K, committed 18432K, reserved 1067008K
  class space    used 1711K, capacity 1761K, committed 1792K, reserved 1048576K
Event: 24.393 GC heap after
Heap after GC invocations=60 (full 3):
 PSYoungGen      total 367104K, used 96K [0x00000000e0400000, 0x00000000f7a00000, 0x0000000100000000)
  eden space 351744K, 0% used [0x00000000e0400000,0x00000000e0400000,0x00000000f5b80000)
  from space 15360K, 0% used [0x00000000f5b80000,0x00000000f5b98000,0x00000000f6a80000)
  to   space 14336K, 0% used [0x00000000f6c00000,0x00000000f6c00000,0x00000000f7a00000)
 ParOldGen       total 228864K, used 155483K [0x00000000a0c00000, 0x00000000aeb80000, 0x00000000e0400000)
  object space 228864K, 67% used [0x00000000a0c00000,0x00000000aa3d6f90,0x00000000aeb80000)
 Metaspace       used 17984K, capacity 18185K, committed 18432K, reserved 1067008K
  class space    used 1711K, capacity 1761K, committed 1792K, reserved 1048576K
}
Event: 24.892 GC heap before
{Heap before GC invocations=61 (full 3):
 PSYoungGen      total 367104K, used 351840K [0x00000000e0400000, 0x00000000f7a00000, 0x0000000100000000)
  eden space 351744K, 100% used [0x00000000e0400000,0x00000000f5b80000,0x00000000f5b80000)
  from space 15360K, 0% used [0x00000000f5b80000,0x00000000f5b98000,0x00000000f6a80000)
  to   space 14336K, 0% used [0x00000000f6c00000,0x00000000f6c00000,0x00000000f7a00000)
 ParOldGen       total 228864K, used 155483K [0x00000000a0c00000, 0x00000000aeb80000, 0x00000000e0400000)
  object space 228864K, 67% used [0x00000000a0c00000,0x00000000aa3d6f90,0x00000000aeb80000)
 Metaspace       used 17984K, capacity 18185K, committed 18432K, reserved 1067008K
  class space    used 1711K, capacity 1761K, committed 1792K, reserved 1048576K
Event: 24.893 GC heap after
Heap after GC invocations=61 (full 3):
 PSYoungGen      total 366592K, used 128K [0x00000000e0400000, 0x00000000f7880000, 0x0000000100000000)
  eden space 353792K, 0% used [0x00000000e0400000,0x00000000e0400000,0x00000000f5d80000)
  from space 12800K, 1% used [0x00000000f6c00000,0x00000000f6c20000,0x00000000f7880000)
  to   space 13824K, 0% used [0x00000000f5d80000,0x00000000f5d80000,0x00000000f6b00000)
 ParOldGen       total 228864K, used 155483K [0x00000000a0c00000, 0x00000000aeb80000, 0x00000000e0400000)
  object space 228864K, 67% used [0x00000000a0c00000,0x00000000aa3d6f90,0x00000000aeb80000)
 Metaspace       used 17984K, capacity 18185K, committed 18432K, reserved 1067008K
  class space    used 1711K, capacity 1761K, committed 1792K, reserved 1048576K
}
Event: 25.336 GC heap before
{Heap before GC invocations=62 (full 3):
 PSYoungGen      total 366592K, used 353920K [0x00000000e0400000, 0x00000000f7880000, 0x0000000100000000)
  eden space 353792K, 100% used [0x00000000e0400000,0x00000000f5d80000,0x00000000f5d80000)
  from space 12800K, 1% used [0x00000000f6c00000,0x00000000f6c20000,0x00000000f7880000)
  to   space 13824K, 0% used [0x00000000f5d80000,0x00000000f5d80000,0x00000000f6b00000)
 ParOldGen       total 228864K, used 155483K [0x00000000a0c00000, 0x00000000aeb80000, 0x00000000e0400000)
  object space 228864K, 67% used [0x00000000a0c00000,0x00000000aa3d6f90,0x00000000aeb80000)
 Metaspace       used 17984K, capacity 18185K, committed 18432K, reserved 1067008K
  class space    used 1711K, capacity 1761K, committed 1792K, reserved 1048576K
Event: 25.337 GC heap after
Heap after GC invocations=62 (full 3):
 PSYoungGen      total 367616K, used 128K [0x00000000e0400000, 0x00000000f7980000, 0x0000000100000000)
  eden space 353792K, 0% used [0x00000000e0400000,0x00000000e0400000,0x00000000f5d80000)
  from space 13824K, 0% used [0x00000000f5d80000,0x00000000f5da0000,0x00000000f6b00000)
  to   space 13312K, 0% used [0x00000000f6c80000,0x00000000f6c80000,0x00000000f7980000)
 ParOldGen       total 228864K, used 155483K [0x00000000a0c00000, 0x00000000aeb80000, 0x00000000e0400000)
  object space 228864K, 67% used [0x00000000a0c00000,0x00000000aa3d6f90,0x00000000aeb80000)
 Metaspace       used 17984K, capacity 18185K, committed 18432K, reserved 1067008K
  class space    used 1711K, capacity 1761K, committed 1792K, reserved 1048576K
}
Event: 25.806 GC heap before
{Heap before GC invocations=63 (full 3):
 PSYoungGen      total 367616K, used 353920K [0x00000000e0400000, 0x00000000f7980000, 0x0000000100000000)
  eden space 353792K, 100% used [0x00000000e0400000,0x00000000f5d80000,0x00000000f5d80000)
  from space 13824K, 0% used [0x00000000f5d80000,0x00000000f5da0000,0x00000000f6b00000)
  to   space 13312K, 0% used [0x00000000f6c80000,0x00000000f6c80000,0x00000000f7980000)
 ParOldGen       total 228864K, used 155483K [0x00000000a0c00000, 0x00000000aeb80000, 0x00000000e0400000)
  object space 228864K, 67% used [0x00000000a0c00000,0x00000000aa3d6f90,0x00000000aeb80000)
 Metaspace       used 17984K, capacity 18185K, committed 18432K, reserved 1067008K
  class space    used 1711K, capacity 1761K, committed 1792K, reserved 1048576K
Event: 25.807 GC heap after
Heap after GC invocations=63 (full 3):
 PSYoungGen      total 367104K, used 128K [0x00000000e0400000, 0x00000000f7780000, 0x0000000100000000)
  eden space 355840K, 0% used [0x00000000e0400000,0x00000000e0400000,0x00000000f5f80000)
  from space 11264K, 1% used [0x00000000f6c80000,0x00000000f6ca0000,0x00000000f7780000)
  to   space 12288K, 0% used [0x00000000f5f80000,0x00000000f5f80000,0x00000000f6b80000)
 ParOldGen       total 228864K, used 155483K [0x00000000a0c00000, 0x00000000aeb80000, 0x00000000e0400000)
  object space 228864K, 67% used [0x00000000a0c00000,0x00000000aa3d6f90,0x00000000aeb80000)
 Metaspace       used 17984K, capacity 18185K, committed 18432K, reserved 1067008K
  class space    used 1711K, capacity 1761K, committed 1792K, reserved 1048576K
}
Event: 26.287 GC heap before
{Heap before GC invocations=64 (full 3):
 PSYoungGen      total 367104K, used 350531K [0x00000000e0400000, 0x00000000f7780000, 0x0000000100000000)
  eden space 355840K, 98% used [0x00000000e0400000,0x00000000f5a30c80,0x00000000f5f80000)
  from space 11264K, 1% used [0x00000000f6c80000,0x00000000f6ca0000,0x00000000f7780000)
  to   space 12288K, 0% used [0x00000000f5f80000,0x00000000f5f80000,0x00000000f6b80000)
 ParOldGen       total 228864K, used 155483K [0x00000000a0c00000, 0x00000000aeb80000, 0x00000000e0400000)
  object space 228864K, 67% used [0x00000000a0c00000,0x00000000aa3d6f90,0x00000000aeb80000)
 Metaspace       used 17987K, capacity 18185K, committed 18432K, reserved 1067008K
  class space    used 1711K, capacity 1761K, committed 1792K, reserved 1048576K
Event: 26.288 GC heap after
Heap after GC invocations=64 (full 3):
 PSYoungGen      total 368128K, used 160K [0x00000000e0400000, 0x00000000f7880000, 0x0000000100000000)
  eden space 355840K, 0% used [0x00000000e0400000,0x00000000e0400000,0x00000000f5f80000)
  from space 12288K, 1% used [0x00000000f5f80000,0x00000000f5fa8000,0x00000000f6b80000)
  to   space 11776K, 0% used [0x00000000f6d00000,0x00000000f6d00000,0x00000000f7880000)
 ParOldGen       total 228864K, used 155483K [0x00000000a0c00000, 0x00000000aeb80000, 0x00000000e0400000)
  object space 228864K, 67% used [0x00000000a0c00000,0x00000000aa3d6f90,0x00000000aeb80000)
 Metaspace       used 17987K, capacity 18185K, committed 18432K, reserved 1067008K
  class space    used 1711K, capacity 1761K, committed 1792K, reserved 1048576K
}

Deoptimization events (10 events):
Event: 13.697 Thread 0x00000000190a0800 Uncommon trap: reason=speculate_class_check action=maybe_recompile pc=0x000000000294ae24 method=com.jogamp.common.nio.Buffers.getDirectBufferByteOffset(Ljava/lang/Object;)I @ 42
Event: 13.705 Thread 0x00000000190a0800 Uncommon trap: reason=speculate_class_check action=maybe_recompile pc=0x000000000294ae24 method=com.jogamp.common.nio.Buffers.getDirectBufferByteOffset(Ljava/lang/Object;)I @ 42
Event: 13.951 Thread 0x00000000190a0800 Uncommon trap: reason=speculate_class_check action=maybe_recompile pc=0x000000000295137c method=com.jogamp.common.nio.Buffers.getDirectBufferByteOffset(Ljava/lang/Object;)I @ 53
Event: 13.963 Thread 0x00000000190a0800 Uncommon trap: reason=speculate_class_check action=maybe_recompile pc=0x000000000295137c method=com.jogamp.common.nio.Buffers.getDirectBufferByteOffset(Ljava/lang/Object;)I @ 53
Event: 16.264 Thread 0x00000000190a0800 Uncommon trap: reason=speculate_class_check action=maybe_recompile pc=0x00000000029a524c method=com.jogamp.common.nio.Buffers.getDirectBufferByteOffset(Ljava/lang/Object;)I @ 22
Event: 16.264 Thread 0x00000000190a0800 Uncommon trap: reason=speculate_class_check action=maybe_recompile pc=0x00000000029a524c method=com.jogamp.common.nio.Buffers.getDirectBufferByteOffset(Ljava/lang/Object;)I @ 22
Event: 19.629 Thread 0x00000000190a0800 Uncommon trap: reason=speculate_class_check action=maybe_recompile pc=0x00000000029d9810 method=com.jogamp.common.nio.Buffers.getDirectBufferByteOffset(Ljava/lang/Object;)I @ 31
Event: 19.630 Thread 0x00000000190a0800 Uncommon trap: reason=speculate_class_check action=maybe_recompile pc=0x00000000029d9810 method=com.jogamp.common.nio.Buffers.getDirectBufferByteOffset(Ljava/lang/Object;)I @ 31
Event: 19.864 Thread 0x00000000190a0800 Uncommon trap: reason=speculate_class_check action=maybe_recompile pc=0x00000000029dec2c method=com.jogamp.common.nio.Buffers.getDirectBufferByteOffset(Ljava/lang/Object;)I @ 42
Event: 19.864 Thread 0x00000000190a0800 Uncommon trap: reason=speculate_class_check action=maybe_recompile pc=0x00000000029dec2c method=com.jogamp.common.nio.Buffers.getDirectBufferByteOffset(Ljava/lang/Object;)I @ 42

Internal exceptions (10 events):
Event: 2.897 Thread 0x00000000190a0800 Exception <a 'java/security/PrivilegedActionException'> (0x00000000e6574970) thrown at [D:\re\workspace\8-2-build-windows-amd64-cygwin\jdk8u25\1677\hotspot\src\share\vm\prims\jvm.cpp, line 1312]
Event: 2.898 Thread 0x00000000190a0800 Exception <a 'java/security/PrivilegedActionException'> (0x00000000e6578830) thrown at [D:\re\workspace\8-2-build-windows-amd64-cygwin\jdk8u25\1677\hotspot\src\share\vm\prims\jvm.cpp, line 1312]
Event: 2.898 Thread 0x00000000190a0800 Exception <a 'java/security/PrivilegedActionException'> (0x00000000e657cc38) thrown at [D:\re\workspace\8-2-build-windows-amd64-cygwin\jdk8u25\1677\hotspot\src\share\vm\prims\jvm.cpp, line 1312]
Event: 2.898 Thread 0x00000000190a0800 Exception <a 'java/security/PrivilegedActionException'> (0x00000000e6581020) thrown at [D:\re\workspace\8-2-build-windows-amd64-cygwin\jdk8u25\1677\hotspot\src\share\vm\prims\jvm.cpp, line 1312]
Event: 2.898 Thread 0x00000000190a0800 Exception <a 'java/security/PrivilegedActionException'> (0x00000000e6584b78) thrown at [D:\re\workspace\8-2-build-windows-amd64-cygwin\jdk8u25\1677\hotspot\src\share\vm\prims\jvm.cpp, line 1312]
Event: 2.899 Thread 0x00000000190a0800 Exception <a 'java/security/PrivilegedActionException'> (0x00000000e6589378) thrown at [D:\re\workspace\8-2-build-windows-amd64-cygwin\jdk8u25\1677\hotspot\src\share\vm\prims\jvm.cpp, line 1312]
Event: 2.899 Thread 0x00000000190a0800 Exception <a 'java/security/PrivilegedActionException'> (0x00000000e658cab0) thrown at [D:\re\workspace\8-2-build-windows-amd64-cygwin\jdk8u25\1677\hotspot\src\share\vm\prims\jvm.cpp, line 1312]
Event: 2.900 Thread 0x00000000190a0800 Exception <a 'java/security/PrivilegedActionException'> (0x00000000e65909f8) thrown at [D:\re\workspace\8-2-build-windows-amd64-cygwin\jdk8u25\1677\hotspot\src\share\vm\prims\jvm.cpp, line 1312]
Event: 2.900 Thread 0x00000000190a0800 Exception <a 'java/security/PrivilegedActionException'> (0x00000000e6596908) thrown at [D:\re\workspace\8-2-build-windows-amd64-cygwin\jdk8u25\1677\hotspot\src\share\vm\prims\jvm.cpp, line 1312]
Event: 2.914 Thread 0x00000000190a0800 Exception <a 'java/security/PrivilegedActionException'> (0x00000000e6671f18) thrown at [D:\re\workspace\8-2-build-windows-amd64-cygwin\jdk8u25\1677\hotspot\src\share\vm\prims\jvm.cpp, line 1312]

Events (10 events):
Event: 26.363 loading class javax/swing/JComponent$IntVector done
Event: 26.363 loading class javax/swing/KeyboardManager
Event: 26.363 loading class javax/swing/KeyboardManager done
Event: 26.363 loading class javax/swing/Popup$HeavyWeightWindow
Event: 26.364 loading class sun/awt/ModalExclude
Event: 26.364 loading class sun/awt/ModalExclude done
Event: 26.364 loading class javax/swing/JWindow
Event: 26.364 loading class javax/swing/JWindow done
Event: 26.364 loading class javax/swing/Popup$HeavyWeightWindow done
Event: 26.397 Thread 0x0000000019131800 Thread exited: 0x0000000019131800


Dynamic libraries:
0x00007ff669010000 - 0x00007ff669044000 	C:\Program Files\Java\jre1.8.0_25\bin\javaw.exe
0x00007ff98c320000 - 0x00007ff98c4cc000 	C:\WINDOWS\SYSTEM32\ntdll.dll
0x00007ff989d20000 - 0x00007ff989e5e000 	C:\WINDOWS\system32\KERNEL32.DLL
0x00007ff9897d0000 - 0x00007ff9898e5000 	C:\WINDOWS\system32\KERNELBASE.dll
0x00007ff987ff0000 - 0x00007ff98807e000 	C:\WINDOWS\system32\apphelp.dll
0x00007ff973750000 - 0x00007ff9737a3000 	C:\WINDOWS\AppPatch\AppPatch64\AcGenral.DLL
0x00007ff98a220000 - 0x00007ff98a2ca000 	C:\WINDOWS\system32\msvcrt.dll
0x00007ff9892a0000 - 0x00007ff9892ce000 	C:\WINDOWS\SYSTEM32\SspiCli.dll
0x00007ff98b980000 - 0x00007ff98b9d4000 	C:\WINDOWS\system32\SHLWAPI.dll
0x00007ff989f00000 - 0x00007ff98a077000 	C:\WINDOWS\system32\USER32.dll
0x00007ff98bb50000 - 0x00007ff98bce4000 	C:\WINDOWS\system32\ole32.dll
0x00007ff98a390000 - 0x00007ff98b8a8000 	C:\WINDOWS\system32\SHELL32.dll
0x00007ff988a10000 - 0x00007ff988a31000 	C:\WINDOWS\SYSTEM32\USERENV.dll
0x00007ff989c10000 - 0x00007ff989cba000 	C:\WINDOWS\system32\ADVAPI32.dll
0x00007ff97c880000 - 0x00007ff97c89e000 	C:\WINDOWS\SYSTEM32\MPR.dll
0x00007ff98b9e0000 - 0x00007ff98bb21000 	C:\WINDOWS\system32\RPCRT4.dll
0x00007ff9899a0000 - 0x00007ff9899f9000 	C:\WINDOWS\SYSTEM32\sechost.dll
0x00007ff98bed0000 - 0x00007ff98c0e1000 	C:\WINDOWS\SYSTEM32\combase.dll
0x00007ff98a0c0000 - 0x00007ff98a211000 	C:\WINDOWS\system32\GDI32.dll
0x00007ff989470000 - 0x00007ff989485000 	C:\WINDOWS\SYSTEM32\profapi.dll
0x00007ff987810000 - 0x00007ff9878c2000 	C:\WINDOWS\SYSTEM32\SHCORE.dll
0x00007ff98a080000 - 0x00007ff98a0b6000 	C:\WINDOWS\system32\IMM32.DLL
0x00007ff98c1c0000 - 0x00007ff98c312000 	C:\WINDOWS\system32\MSCTF.dll
0x00007ff986b90000 - 0x00007ff986e0b000 	C:\WINDOWS\WinSxS\amd64_microsoft.windows.common-controls_6595b64144ccf1df_6.0.9600.17415_none_6240486fecbd8abb\COMCTL32.dll
0x0000000075f50000 - 0x0000000076022000 	C:\Program Files\Java\jre1.8.0_25\bin\msvcr100.dll
0x0000000076ae0000 - 0x000000007733a000 	C:\Program Files\Java\jre1.8.0_25\bin\server\jvm.dll
0x00007ff9707d0000 - 0x00007ff9707d9000 	C:\WINDOWS\SYSTEM32\WSOCK32.dll
0x00007ff97ca00000 - 0x00007ff97ca22000 	C:\WINDOWS\SYSTEM32\WINMM.dll
0x00007ff989e80000 - 0x00007ff989e87000 	C:\WINDOWS\system32\PSAPI.DLL
0x00007ff989a00000 - 0x00007ff989a5a000 	C:\WINDOWS\system32\WS2_32.dll
0x00007ff97c8d0000 - 0x00007ff97c8fa000 	C:\WINDOWS\SYSTEM32\WINMMBASE.dll
0x00007ff98bb30000 - 0x00007ff98bb39000 	C:\WINDOWS\system32\NSI.dll
0x00007ff989950000 - 0x00007ff98999f000 	C:\WINDOWS\SYSTEM32\cfgmgr32.dll
0x00007ff988260000 - 0x00007ff988288000 	C:\WINDOWS\SYSTEM32\DEVOBJ.dll
0x0000000076ad0000 - 0x0000000076adf000 	C:\Program Files\Java\jre1.8.0_25\bin\verify.dll
0x0000000076aa0000 - 0x0000000076ac8000 	C:\Program Files\Java\jre1.8.0_25\bin\java.dll
0x0000000076a80000 - 0x0000000076a96000 	C:\Program Files\Java\jre1.8.0_25\bin\zip.dll
0x0000000075db0000 - 0x0000000075f48000 	C:\Program Files\Java\jre1.8.0_25\bin\awt.dll
0x00007ff98c0f0000 - 0x00007ff98c1b1000 	C:\WINDOWS\system32\OLEAUT32.dll
0x00007ff987610000 - 0x00007ff987631000 	C:\WINDOWS\system32\DWMAPI.DLL
0x00007ff988130000 - 0x00007ff988259000 	C:\WINDOWS\system32\uxtheme.dll
0x00007ff9882b0000 - 0x00007ff9882bb000 	C:\WINDOWS\SYSTEM32\kernel.appcore.dll
0x00007ff989340000 - 0x00007ff98934b000 	C:\WINDOWS\SYSTEM32\CRYPTBASE.dll
0x00007ff9892d0000 - 0x00007ff989333000 	C:\WINDOWS\SYSTEM32\bcryptPrimitives.dll
0x00007ff97e8c0000 - 0x00007ff97eae1000 	C:\WINDOWS\system32\d3d9.dll
0x00007ff987180000 - 0x00007ff98718a000 	C:\WINDOWS\SYSTEM32\VERSION.dll
0x00007ff986970000 - 0x00007ff986abb000 	C:\WINDOWS\SYSTEM32\aticfx64.dll
0x00007ff965270000 - 0x00007ff965291000 	C:\WINDOWS\SYSTEM32\atiu9p64.dll
0x00007ff964a80000 - 0x00007ff965265000 	C:\WINDOWS\SYSTEM32\atiumd64.dll
0x0000000076110000 - 0x00000000768c7000 	C:\WINDOWS\SYSTEM32\atiumd6a.dll
0x00000000769f0000 - 0x0000000076a37000 	C:\Program Files\Java\jre1.8.0_25\bin\fontmanager.dll
0x00007ff988ce0000 - 0x00007ff988d00000 	C:\WINDOWS\SYSTEM32\CRYPTSP.dll
0x00007ff988900000 - 0x00007ff988936000 	C:\WINDOWS\system32\rsaenh.dll
0x00007ff988f90000 - 0x00007ff988fb6000 	C:\WINDOWS\SYSTEM32\bcrypt.dll
0x0000000076a60000 - 0x0000000076a7a000 	C:\Program Files\Java\jre1.8.0_25\bin\net.dll
0x00007ff988c80000 - 0x00007ff988cd9000 	C:\WINDOWS\system32\mswsock.dll
0x00007ff9860b0000 - 0x00007ff9860da000 	C:\WINDOWS\SYSTEM32\IPHLPAPI.DLL
0x00007ff986050000 - 0x00007ff98605a000 	C:\WINDOWS\SYSTEM32\WINNSI.DLL
0x00007ff9841e0000 - 0x00007ff9841f6000 	C:\WINDOWS\SYSTEM32\dhcpcsvc6.DLL
0x00007ff984380000 - 0x00007ff98439a000 	C:\WINDOWS\SYSTEM32\dhcpcsvc.DLL
0x0000000076a40000 - 0x0000000076a51000 	C:\Program Files\Java\jre1.8.0_25\bin\nio.dll
0x00000000637c0000 - 0x00000000637cd000 	S:\Users\Ben\AppData\Local\Temp\jogamp_0000\file_cache\jln387814626160930842\jln6085642969472207840\gluegen-rt.dll
0x00000000769e0000 - 0x00000000769e7000 	C:\Program Files\Java\jre1.8.0_25\bin\jawt.dll
0x000000006a440000 - 0x000000006a44d000 	S:\Users\Ben\AppData\Local\Temp\jogamp_0000\file_cache\jln387814626160930842\jln6085642969472207840\nativewindow_awt.dll
0x000000006c100000 - 0x000000006c10f000 	S:\Users\Ben\AppData\Local\Temp\jogamp_0000\file_cache\jln387814626160930842\jln6085642969472207840\nativewindow_win32.dll
0x00007ff960620000 - 0x00007ff96074b000 	C:\WINDOWS\SYSTEM32\OpenGL32.dll
0x00007ff97d7c0000 - 0x00007ff97d7ee000 	C:\WINDOWS\SYSTEM32\GLU32.dll
0x00007ff966bf0000 - 0x00007ff966ce8000 	C:\WINDOWS\SYSTEM32\DDRAW.dll
0x00007ff980290000 - 0x00007ff980299000 	C:\WINDOWS\SYSTEM32\DCIMAN32.dll
0x0000000064500000 - 0x00000000645a2000 	S:\Users\Ben\AppData\Local\Temp\jogamp_0000\file_cache\jln387814626160930842\jln6085642969472207840\jogl_desktop.dll
0x00007ff97d720000 - 0x00007ff97d738000 	C:\WINDOWS\SYSTEM32\atig6pxx.dll
0x0000000074200000 - 0x0000000075daf000 	C:\WINDOWS\SYSTEM32\atio6axx.dll
0x00007ff98bcf0000 - 0x00007ff98beca000 	C:\WINDOWS\system32\SETUPAPI.dll
0x00007ff986120000 - 0x00007ff986257000 	C:\WINDOWS\SYSTEM32\atiadlxx.dll
0x00007ff986710000 - 0x00007ff98688f000 	C:\WINDOWS\SYSTEM32\PROPSYS.dll
0x00007ff988080000 - 0x00007ff988092000 	C:\WINDOWS\SYSTEM32\WTSAPI32.dll
0x00007ff9898f0000 - 0x00007ff989941000 	C:\WINDOWS\system32\WINTRUST.dll
0x00007ff989540000 - 0x00007ff98971f000 	C:\WINDOWS\system32\CRYPT32.dll
0x00007ff989520000 - 0x00007ff989531000 	C:\WINDOWS\system32\MSASN1.dll
0x00007ff973720000 - 0x00007ff973749000 	C:\WINDOWS\SYSTEM32\atig6txx.dll
0x00007ff95c1a0000 - 0x00007ff95c33c000 	O:\OneDrive\Workspace\ZZavatar\lib\user\KinectPV2\Kinect20.Face.dll
0x00007ff97c900000 - 0x00007ff97c9a7000 	C:\WINDOWS\SYSTEM32\MSVCP110.dll
0x00007ff981bc0000 - 0x00007ff981c8e000 	C:\WINDOWS\SYSTEM32\MSVCR110.dll
0x00007ff980280000 - 0x00007ff980290000 	O:\OneDrive\Workspace\ZZavatar\lib\user\KinectPV2\KinectPV2.dll
0x00007ff960560000 - 0x00007ff96061a000 	C:\WINDOWS\SYSTEM32\Kinect20.dll
0x00007ff97ca30000 - 0x00007ff97cb1b000 	C:\WINDOWS\SYSTEM32\MFPlat.DLL
0x00007ff97c8a0000 - 0x00007ff97c8c7000 	C:\WINDOWS\SYSTEM32\RTWorkQ.DLL
0x00007ff987050000 - 0x00007ff98705c000 	C:\WINDOWS\SYSTEM32\AVRT.dll
0x00007ff963e10000 - 0x00007ff963f9a000 	C:\WINDOWS\SYSTEM32\dbghelp.dll

VM Arguments:
jvm_args: -Djava.library.path=O:\OneDrive\Workspace\ZZavatar\lib\base\video;O:\OneDrive\Workspace\ZZavatar\lib\base\video;O:\OneDrive\Workspace\ZZavatar\lib\base\video;O:\OneDrive\Workspace\ZZavatar\lib\base\core;O:\OneDrive\Workspace\ZZavatar\lib\base\core;O:\OneDrive\Workspace\ZZavatar\lib\base\core;O:\OneDrive\Workspace\ZZavatar\lib\base\core;O:\OneDrive\Workspace\ZZavatar\lib\base\core;O:\OneDrive\Workspace\ZZavatar\lib\base\core;O:\OneDrive\Workspace\ZZavatar\lib\base\core;O:\OneDrive\Workspace\ZZavatar\lib\base\core;O:\OneDrive\Workspace\ZZavatar\lib\base\core;O:\OneDrive\Workspace\ZZavatar\lib\base\core;O:\OneDrive\Workspace\ZZavatar\lib\base\core;O:\OneDrive\Workspace\ZZavatar\lib\base\core;O:\OneDrive\Workspace\ZZavatar\lib\base\core;O:\OneDrive\Workspace\ZZavatar\lib\base\core;O:\OneDrive\Workspace\ZZavatar\lib\base\core;O:\OneDrive\Workspace\ZZavatar\lib\user\Kinect4WinSDK;O:\OneDrive\Workspace\ZZavatar\lib\user\KinectPV2;O:\OneDrive\Workspace\ZZavatar\lib\user\SimpleOpenNI -Dfile.encoding=Cp1252 
java_command: zzavatar.ZZavatar
java_class_path (initial): O:\OneDrive\Workspace\ZZavatar\lib\base\video\gstreamer-java.jar;O:\OneDrive\Workspace\ZZavatar\lib\base\video\jna.jar;O:\OneDrive\Workspace\ZZavatar\lib\base\video\video.jar;O:\OneDrive\Workspace\ZZavatar\lib\base\core\core.jar;O:\OneDrive\Workspace\ZZavatar\lib\base\core\gluegen-rt-natives-linux-amd64.jar;O:\OneDrive\Workspace\ZZavatar\lib\base\core\gluegen-rt-natives-linux-armv6hf.jar;O:\OneDrive\Workspace\ZZavatar\lib\base\core\gluegen-rt-natives-linux-i586.jar;O:\OneDrive\Workspace\ZZavatar\lib\base\core\gluegen-rt-natives-macosx-universal.jar;O:\OneDrive\Workspace\ZZavatar\lib\base\core\gluegen-rt-natives-windows-amd64.jar;O:\OneDrive\Workspace\ZZavatar\lib\base\core\gluegen-rt-natives-windows-i586.jar;O:\OneDrive\Workspace\ZZavatar\lib\base\core\gluegen-rt.jar;O:\OneDrive\Workspace\ZZavatar\lib\base\core\jogl-all-natives-linux-amd64.jar;O:\OneDrive\Workspace\ZZavatar\lib\base\core\jogl-all-natives-linux-armv6hf.jar;O:\OneDrive\Workspace\ZZavatar\lib\base\core\jogl-all-natives-linux-i586.jar;O:\OneDrive\Workspace\ZZavatar\lib\base\core\jogl-all-natives-macosx-universal.jar;O:\OneDrive\Workspace\ZZavatar\lib\base\core\jogl-all-natives-windows-amd64.jar;O:\OneDrive\Workspace\ZZavatar\lib\base\core\jogl-all-natives-windows-i586.jar;O:\OneDrive\Workspace\ZZavatar\lib\base\core\jogl-all.jar;O:\OneDrive\Workspace\ZZavatar\lib\user\Kinect4WinSDK\Kinect4WinSDK.jar;O:\OneDrive\Workspace\ZZavatar\lib\user\KinectPV2\KinectPV2.jar;O:\OneDrive\Workspace\ZZavatar\lib\user\SimpleOpenNI\SimpleOpenNI.jar;O:\OneDrive\Workspace\ZZavatar\bin
Launcher Type: SUN_STANDARD

Environment Variables:
JAVA_HOME=C:\Program Files\Java\jdk1.8.0_25
PATH=C:/Program Files/Java/jre1.8.0_25/bin/server;C:/Program Files/Java/jre1.8.0_25/bin;C:/Program Files/Java/jre1.8.0_25/lib/amd64;C:\Program Files (x86)\NVIDIA Corporation\PhysX\Common;C:\ProgramData\Oracle\Java\javapath;C:\Program Files (x86)\Common Files\Intel\Shared Libraries\redist\intel64\compiler;C:\Program Files (x86)\Common Files\Intel\Shared Libraries\redist\ia32\compiler;C:\Program Files (x86)\Intel\iCLS Client\;C:\Program Files\Intel\iCLS Client\;C:\Program Files (x86)\AMD APP\bin\x86_64;C:\Program Files (x86)\AMD APP\bin\x86;C:\WINDOWS\system32;C:\WINDOWS;C:\WINDOWS\System32\Wbem;C:\WINDOWS\System32\WindowsPowerShell\v1.0\;C:\Program Files (x86)\ATI Technologies\ATI.ACE\Core-Static;C:\Program Files\Intel\Intel(R) Management Engine Components\DAL;C:\Program Files\Intel\Intel(R) Management Engine Components\IPT;C:\Program Files (x86)\Intel\Intel(R) Management Engine Components\DAL;C:\Program Files (x86)\Intel\Intel(R) Management Engine Components\IPT;C:\Program Files\Sony\VAIO Improvement\;C:\Program Files (x86)\Sony\VAIO Startup Setting Tool;C:\Program Files (x86)\Windows Kits\8.1\Windows Performance Toolkit\;C:\Program Files\Microsoft SQL Server\110\Tools\Binn\;C:\Program Files (x86)\Microsoft SDKs\TypeScript\1.0\;C:\Program Files\Microsoft\Web Platform Installer\;C:\Program Files (x86)\Java\jre1.8.0_25\bin;P:\Programs\Python27\Scripts;P:\Programs\Python27;C:\Program Files\Common Files\Autodesk Shared\;P:\Program Files\Programs;P:\Program Files\Games;P:\Programs\Eclipse;
USERNAME=Benoît
OS=Windows_NT
PROCESSOR_IDENTIFIER=Intel64 Family 6 Model 58 Stepping 9, GenuineIntel



---------------  S Y S T E M  ---------------

OS: Windows 8.1 , 64 bit Build 9600 

CPU:total 8 (4 cores per cpu, 2 threads per core) family 6 model 58 stepping 9, cmov, cx8, fxsr, mmx, sse, sse2, sse3, ssse3, sse4.1, sse4.2, popcnt, avx, aes, clmul, erms, ht, tsc, tscinvbit, tscinv

Memory: 4k page, physical 6237468k(1398828k free), swap 10431772k(4355472k free)

vm_info: Java HotSpot(TM) 64-Bit Server VM (25.25-b02) for windows-amd64 JRE (1.8.0_25-b18), built on Oct  7 2014 14:25:37 by "java_re" with MS VC++ 10.0 (VS2010)

time: Fri Apr 24 17:03:16 2015
elapsed time: 26 seconds (0d 0h 0m 26s)

